0 0.000000 51341 0.855683
1 0.002460 2656 0.044267
2 0.004920 1951 0.032517
3 0.007380 922 0.015367
4 0.009840 618 0.010300
5 0.012300 606 0.010100
6 0.014759 496 0.008267
7 0.017219 378 0.006300
8 0.019679 239 0.003983
9 0.022139 189 0.003150
10 0.024599 139 0.002317
11 0.027059 126 0.002100
12 0.029519 104 0.001733
13 0.031979 56 0.000933
14 0.034439 46 0.000767
15 0.036899 21 0.000350
16 0.039359 18 0.000300
17 0.041819 13 0.000217
18 0.044278 7 0.000117
19 0.046738 7 0.000117
20 0.049198 4 0.000067
21 0.051658 4 0.000067
22 0.054118 1 0.000017
23 0.056578 3 0.000050
24 0.059038 3 0.000050
25 0.061498 3 0.000050
26 0.063958 2 0.000033
27 0.066418 1 0.000017
28 0.068878 2 0.000033
29 0.071337 4 0.000067
30 0.073797 3 0.000050
31 0.076257 2 0.000033
32 0.078717 3 0.000050
33 0.081177 3 0.000050
34 0.083637 4 0.000067
35 0.086097 4 0.000067
36 0.088557 0 0.000000
37 0.091017 4 0.000067
38 0.093477 3 0.000050
39 0.095937 1 0.000017
40 0.098397 2 0.000033
41 0.100856 1 0.000017
42 0.103316 2 0.000033
43 0.105776 2 0.000033
44 0.108236 0 0.000000
45 0.110696 1 0.000017
46 0.113156 0 0.000000
47 0.115616 0 0.000000
48 0.118076 0 0.000000
49 0.120536 0 0.000000
50 0.122996 0 0.000000
51 0.125456 0 0.000000
52 0.127916 1 0.000017
53 0.130375 1 0.000017
54 0.132835 1 0.000017
55 0.135295 0 0.000000
56 0.137755 0 0.000000
57 0.140215 0 0.000000
58 0.142675 0 0.000000
59 0.145135 0 0.000000
60 0.147595 0 0.000000
61 0.150055 0 0.000000
62 0.152515 0 0.000000
63 0.154975 0 0.000000
64 0.157434 0 0.000000
65 0.159894 0 0.000000
66 0.162354 0 0.000000
67 0.164814 1 0.000017
68 0.167274 0 0.000000
69 0.169734 0 0.000000
70 0.172194 0 0.000000
71 0.174654 0 0.000000
72 0.177114 0 0.000000
73 0.179574 0 0.000000
74 0.182034 0 0.000000
75 0.184494 0 0.000000
76 0.186953 0 0.000000
77 0.189413 0 0.000000
78 0.191873 0 0.000000
79 0.194333 0 0.000000
80 0.196793 0 0.000000
81 0.199253 0 0.000000
82 0.201713 0 0.000000
83 0.204173 0 0.000000
84 0.206633 0 0.000000
85 0.209093 0 0.000000
86 0.211553 0 0.000000
87 0.214012 0 0.000000
88 0.216472 0 0.000000
89 0.218932 0 0.000000
90 0.221392 0 0.000000
91 0.223852 0 0.000000
92 0.226312 0 0.000000
93 0.228772 0 0.000000
94 0.231232 0 0.000000
95 0.233692 0 0.000000
96 0.236152 0 0.000000
97 0.238612 0 0.000000
98 0.241072 1 0.000017
99 0.243531 0 0.000000
