0 -0.204216 1 0.000050
1 -0.200499 0 0.000000
2 -0.196782 0 0.000000
3 -0.193065 1 0.000050
4 -0.189348 2 0.000100
5 -0.185631 0 0.000000
6 -0.181914 0 0.000000
7 -0.178197 0 0.000000
8 -0.174480 3 0.000150
9 -0.170763 1 0.000050
10 -0.167046 0 0.000000
11 -0.163329 1 0.000050
12 -0.159612 1 0.000050
13 -0.155895 1 0.000050
14 -0.152178 0 0.000000
15 -0.148461 1 0.000050
16 -0.144744 1 0.000050
17 -0.141027 2 0.000100
18 -0.137310 4 0.000200
19 -0.133593 2 0.000100
20 -0.129876 7 0.000350
21 -0.126159 2 0.000100
22 -0.122442 2 0.000100
23 -0.118725 4 0.000200
24 -0.115008 4 0.000200
25 -0.111291 3 0.000150
26 -0.107574 4 0.000200
27 -0.103857 7 0.000350
28 -0.100140 6 0.000300
29 -0.096423 7 0.000350
30 -0.092706 4 0.000200
31 -0.088989 10 0.000500
32 -0.085272 5 0.000250
33 -0.081555 18 0.000900
34 -0.077838 13 0.000650
35 -0.074121 8 0.000400
36 -0.070404 23 0.001150
37 -0.066687 16 0.000800
38 -0.062970 15 0.000750
39 -0.059253 27 0.001350
40 -0.055536 38 0.001900
41 -0.051819 48 0.002400
42 -0.048102 66 0.003300
43 -0.044385 86 0.004300
44 -0.040668 84 0.004200
45 -0.036951 105 0.005250
46 -0.033234 156 0.007800
47 -0.029517 263 0.013150
48 -0.025800 440 0.022000
49 -0.022083 766 0.038300
50 -0.018366 1302 0.065100
51 -0.014649 2067 0.103350
52 -0.010932 4191 0.209550
53 -0.007215 5267 0.263350
54 -0.003498 2150 0.107500
55 0.000219 988 0.049400
56 0.003936 583 0.029150
57 0.007653 298 0.014900
58 0.011370 211 0.010550
59 0.015087 121 0.006050
60 0.018804 103 0.005150
61 0.022521 57 0.002850
62 0.026238 66 0.003300
63 0.029955 44 0.002200
64 0.033672 38 0.001900
65 0.037390 26 0.001300
66 0.041107 26 0.001300
67 0.044824 21 0.001050
68 0.048541 17 0.000850
69 0.052258 13 0.000650
70 0.055975 13 0.000650
71 0.059692 15 0.000750
72 0.063409 3 0.000150
73 0.067126 12 0.000600
74 0.070843 6 0.000300
75 0.074560 10 0.000500
76 0.078277 10 0.000500
77 0.081994 18 0.000900
78 0.085711 19 0.000950
79 0.089428 10 0.000500
80 0.093145 4 0.000200
81 0.096862 2 0.000100
82 0.100579 3 0.000150
83 0.104296 3 0.000150
84 0.108013 3 0.000150
85 0.111730 2 0.000100
86 0.115447 2 0.000100
87 0.119164 3 0.000150
88 0.122881 4 0.000200
89 0.126598 5 0.000250
90 0.130315 3 0.000150
91 0.134032 1 0.000050
92 0.137749 0 0.000000
93 0.141466 0 0.000000
94 0.145183 0 0.000000
95 0.148900 0 0.000000
96 0.152617 0 0.000000
97 0.156334 0 0.000000
98 0.160051 1 0.000050
99 0.163768 1 0.000050
