0 -0.169740 1 0.000050
1 -0.166663 0 0.000000
2 -0.163585 0 0.000000
3 -0.160508 0 0.000000
4 -0.157430 0 0.000000
5 -0.154353 0 0.000000
6 -0.151275 0 0.000000
7 -0.148198 0 0.000000
8 -0.145120 0 0.000000
9 -0.142043 0 0.000000
10 -0.138965 0 0.000000
11 -0.135888 0 0.000000
12 -0.132810 1 0.000050
13 -0.129733 0 0.000000
14 -0.126655 1 0.000050
15 -0.123578 2 0.000100
16 -0.120500 1 0.000050
17 -0.117423 1 0.000050
18 -0.114345 2 0.000100
19 -0.111268 1 0.000050
20 -0.108190 1 0.000050
21 -0.105113 8 0.000400
22 -0.102036 6 0.000300
23 -0.098958 2 0.000100
24 -0.095881 2 0.000100
25 -0.092803 8 0.000400
26 -0.089726 7 0.000350
27 -0.086648 5 0.000250
28 -0.083571 8 0.000400
29 -0.080493 14 0.000700
30 -0.077416 6 0.000300
31 -0.074338 10 0.000500
32 -0.071261 21 0.001050
33 -0.068183 13 0.000650
34 -0.065106 14 0.000700
35 -0.062028 19 0.000950
36 -0.058951 16 0.000800
37 -0.055873 24 0.001200
38 -0.052796 29 0.001450
39 -0.049718 30 0.001500
40 -0.046641 50 0.002500
41 -0.043563 51 0.002550
42 -0.040486 42 0.002100
43 -0.037408 73 0.003650
44 -0.034331 79 0.003950
45 -0.031253 93 0.004650
46 -0.028176 127 0.006350
47 -0.025098 193 0.009650
48 -0.022021 268 0.013400
49 -0.018943 390 0.019500
50 -0.015866 602 0.030100
51 -0.012788 1060 0.053000
52 -0.009711 2415 0.120750
53 -0.006633 5253 0.262650
54 -0.003556 4338 0.216900
55 -0.000478 1693 0.084650
56 0.002599 884 0.044200
57 0.005676 592 0.029600
58 0.008754 389 0.019450
59 0.011831 225 0.011250
60 0.014909 172 0.008600
61 0.017986 135 0.006750
62 0.021064 78 0.003900
63 0.024141 68 0.003400
64 0.027219 63 0.003150
65 0.030296 42 0.002100
66 0.033374 41 0.002050
67 0.036451 29 0.001450
68 0.039529 32 0.001600
69 0.042606 27 0.001350
70 0.045684 21 0.001050
71 0.048761 23 0.001150
72 0.051839 29 0.001450
73 0.054916 18 0.000900
74 0.057994 17 0.000850
75 0.061071 12 0.000600
76 0.064149 18 0.000900
77 0.067226 7 0.000350
78 0.070304 16 0.000800
79 0.073381 12 0.000600
80 0.076459 16 0.000800
81 0.079536 6 0.000300
82 0.082614 8 0.000400
83 0.085691 7 0.000350
84 0.088769 3 0.000150
85 0.091846 6 0.000300
86 0.094924 1 0.000050
87 0.098001 2 0.000100
88 0.101079 4 0.000200
89 0.104156 2 0.000100
90 0.107234 4 0.000200
91 0.110311 1 0.000050
92 0.113389 4 0.000200
93 0.116466 0 0.000000
94 0.119543 1 0.000050
95 0.122621 0 0.000000
96 0.125698 2 0.000100
97 0.128776 0 0.000000
98 0.131853 3 0.000150
99 0.134931 0 0.000000
