0 -0.366417 3 0.000050
1 -0.357731 0 0.000000
2 -0.349045 0 0.000000
3 -0.340359 1 0.000017
4 -0.331673 2 0.000033
5 -0.322987 2 0.000033
6 -0.314301 1 0.000017
7 -0.305615 0 0.000000
8 -0.296929 5 0.000083
9 -0.288243 3 0.000050
10 -0.279557 5 0.000083
11 -0.270871 2 0.000033
12 -0.262186 3 0.000050
13 -0.253500 4 0.000067
14 -0.244814 3 0.000050
15 -0.236128 3 0.000050
16 -0.227442 1 0.000017
17 -0.218756 8 0.000133
18 -0.210070 9 0.000150
19 -0.201384 18 0.000300
20 -0.192698 40 0.000667
21 -0.184012 55 0.000917
22 -0.175326 76 0.001267
23 -0.166640 90 0.001500
24 -0.157955 115 0.001917
25 -0.149269 141 0.002350
26 -0.140583 215 0.003583
27 -0.131897 199 0.003317
28 -0.123211 209 0.003483
29 -0.114525 222 0.003700
30 -0.105839 260 0.004333
31 -0.097153 308 0.005133
32 -0.088467 624 0.010400
33 -0.079781 712 0.011867
34 -0.071095 566 0.009433
35 -0.062409 530 0.008833
36 -0.053724 737 0.012283
37 -0.045038 991 0.016517
38 -0.036352 1348 0.022467
39 -0.027666 2469 0.041150
40 -0.018980 6911 0.115183
41 -0.010294 25223 0.420383
42 -0.001608 7898 0.131633
43 0.007078 2292 0.038200
44 0.015764 1562 0.026033
45 0.024450 1051 0.017517
46 0.033136 691 0.011517
47 0.041821 557 0.009283
48 0.050507 559 0.009317
49 0.059193 558 0.009300
50 0.067879 448 0.007467
51 0.076565 355 0.005917
52 0.085251 303 0.005050
53 0.093937 197 0.003283
54 0.102623 209 0.003483
55 0.111309 297 0.004950
56 0.119995 263 0.004383
57 0.128681 176 0.002933
58 0.137367 96 0.001600
59 0.146052 91 0.001517
60 0.154738 78 0.001300
61 0.163424 73 0.001217
62 0.172110 43 0.000717
63 0.180796 28 0.000467
64 0.189482 12 0.000200
65 0.198168 9 0.000150
66 0.206854 7 0.000117
67 0.215540 4 0.000067
68 0.224226 4 0.000067
69 0.232912 1 0.000017
70 0.241598 2 0.000033
71 0.250283 0 0.000000
72 0.258969 1 0.000017
73 0.267655 3 0.000050
74 0.276341 3 0.000050
75 0.285027 2 0.000033
76 0.293713 3 0.000050
77 0.302399 5 0.000083
78 0.311085 2 0.000033
79 0.319771 1 0.000017
80 0.328457 0 0.000000
81 0.337143 0 0.000000
82 0.345828 0 0.000000
83 0.354514 0 0.000000
84 0.363200 0 0.000000
85 0.371886 0 0.000000
86 0.380572 0 0.000000
87 0.389258 0 0.000000
88 0.397944 1 0.000017
89 0.406630 0 0.000000
90 0.415316 0 0.000000
91 0.424002 0 0.000000
92 0.432688 0 0.000000
93 0.441374 0 0.000000
94 0.450059 0 0.000000
95 0.458745 0 0.000000
96 0.467431 0 0.000000
97 0.476117 0 0.000000
98 0.484803 0 0.000000
99 0.493489 1 0.000017
