0 -0.366417 3 0.000150
1 -0.357731 0 0.000000
2 -0.349045 0 0.000000
3 -0.340359 1 0.000050
4 -0.331673 2 0.000100
5 -0.322987 2 0.000100
6 -0.314301 1 0.000050
7 -0.305615 0 0.000000
8 -0.296929 5 0.000250
9 -0.288243 3 0.000150
10 -0.279557 5 0.000250
11 -0.270871 2 0.000100
12 -0.262186 3 0.000150
13 -0.253500 4 0.000200
14 -0.244814 3 0.000150
15 -0.236128 3 0.000150
16 -0.227442 1 0.000050
17 -0.218756 8 0.000400
18 -0.210070 8 0.000400
19 -0.201384 18 0.000900
20 -0.192698 37 0.001850
21 -0.184012 55 0.002750
22 -0.175326 71 0.003550
23 -0.166640 88 0.004400
24 -0.157955 114 0.005700
25 -0.149269 139 0.006950
26 -0.140583 207 0.010350
27 -0.131897 188 0.009400
28 -0.123211 198 0.009900
29 -0.114525 211 0.010550
30 -0.105839 228 0.011400
31 -0.097153 281 0.014050
32 -0.088467 584 0.029200
33 -0.079781 656 0.032800
34 -0.071095 478 0.023900
35 -0.062409 418 0.020900
36 -0.053724 521 0.026050
37 -0.045038 666 0.033300
38 -0.036352 743 0.037150
39 -0.027666 708 0.035400
40 -0.018980 1059 0.052950
41 -0.010294 3876 0.193800
42 -0.001608 1491 0.074550
43 0.007078 756 0.037800
44 0.015764 984 0.049200
45 0.024450 764 0.038200
46 0.033136 523 0.026150
47 0.041821 438 0.021900
48 0.050507 457 0.022850
49 0.059193 496 0.024800
50 0.067879 391 0.019550
51 0.076565 299 0.014950
52 0.085251 251 0.012550
53 0.093937 185 0.009250
54 0.102623 194 0.009700
55 0.111309 286 0.014300
56 0.119995 253 0.012650
57 0.128681 166 0.008300
58 0.137367 96 0.004800
59 0.146052 91 0.004550
60 0.154738 77 0.003850
61 0.163424 72 0.003600
62 0.172110 43 0.002150
63 0.180796 28 0.001400
64 0.189482 12 0.000600
65 0.198168 9 0.000450
66 0.206854 7 0.000350
67 0.215540 4 0.000200
68 0.224226 4 0.000200
69 0.232912 1 0.000050
70 0.241598 2 0.000100
71 0.250283 0 0.000000
72 0.258969 1 0.000050
73 0.267655 3 0.000150
74 0.276341 3 0.000150
75 0.285027 2 0.000100
76 0.293713 3 0.000150
77 0.302399 5 0.000250
78 0.311085 2 0.000100
79 0.319771 1 0.000050
80 0.328457 0 0.000000
81 0.337143 0 0.000000
82 0.345828 0 0.000000
83 0.354514 0 0.000000
84 0.363200 0 0.000000
85 0.371886 0 0.000000
86 0.380572 0 0.000000
87 0.389258 0 0.000000
88 0.397944 1 0.000050
89 0.406630 0 0.000000
90 0.415316 0 0.000000
91 0.424002 0 0.000000
92 0.432688 0 0.000000
93 0.441374 0 0.000000
94 0.450059 0 0.000000
95 0.458745 0 0.000000
96 0.467431 0 0.000000
97 0.476117 0 0.000000
98 0.484803 0 0.000000
99 0.493489 1 0.000050
