0 0.419689 13 0.000650
1 0.421523 0 0.000000
2 0.423357 2 0.000100
3 0.425190 13 0.000650
4 0.427024 0 0.000000
5 0.428858 1 0.000050
6 0.430692 16 0.000800
7 0.432526 0 0.000000
8 0.434360 5 0.000250
9 0.436194 11 0.000550
10 0.438028 3 0.000150
11 0.439862 23 0.001150
12 0.441695 2 0.000100
13 0.443529 17 0.000850
14 0.445363 3 0.000150
15 0.447197 0 0.000000
16 0.449031 17 0.000850
17 0.450865 41 0.002050
18 0.452699 23 0.001150
19 0.454533 4 0.000200
20 0.456367 35 0.001750
21 0.458200 40 0.002000
22 0.460034 49 0.002450
23 0.461868 24 0.001200
24 0.463702 52 0.002600
25 0.465536 39 0.001950
26 0.467370 39 0.001950
27 0.469204 65 0.003250
28 0.471038 14 0.000700
29 0.472872 52 0.002600
30 0.474705 79 0.003950
31 0.476539 43 0.002150
32 0.478373 65 0.003250
33 0.480207 120 0.006000
34 0.482041 115 0.005750
35 0.483875 113 0.005650
36 0.485709 174 0.008700
37 0.487543 117 0.005850
38 0.489377 193 0.009650
39 0.491210 343 0.017150
40 0.493044 335 0.016750
41 0.494878 371 0.018550
42 0.496712 730 0.036500
43 0.498546 728 0.036400
44 0.500380 903 0.045150
45 0.502214 1473 0.073650
46 0.504048 1923 0.096150
47 0.505882 2023 0.101150
48 0.507716 1608 0.080400
49 0.509549 1448 0.072400
50 0.511383 1074 0.053700
51 0.513217 800 0.040000
52 0.515051 922 0.046100
53 0.516885 634 0.031700
54 0.518719 504 0.025200
55 0.520553 496 0.024800
56 0.522387 349 0.017450
57 0.524221 255 0.012750
58 0.526054 181 0.009050
59 0.527888 181 0.009050
60 0.529722 162 0.008100
61 0.531556 80 0.004000
62 0.533390 80 0.004000
63 0.535224 65 0.003250
64 0.537058 66 0.003300
65 0.538892 84 0.004200
66 0.540726 65 0.003250
67 0.542559 76 0.003800
68 0.544393 71 0.003550
69 0.546227 35 0.001750
70 0.548061 47 0.002350
71 0.549895 12 0.000600
72 0.551729 41 0.002050
73 0.553563 28 0.001400
74 0.555397 21 0.001050
75 0.557230 19 0.000950
76 0.559064 20 0.001000
77 0.560898 2 0.000100
78 0.562732 9 0.000450
79 0.564566 11 0.000550
80 0.566400 9 0.000450
81 0.568234 12 0.000600
82 0.570068 9 0.000450
83 0.571902 7 0.000350
84 0.573735 15 0.000750
85 0.575569 11 0.000550
86 0.577403 2 0.000100
87 0.579237 15 0.000750
88 0.581071 9 0.000450
89 0.582905 0 0.000000
90 0.584739 0 0.000000
91 0.586573 6 0.000300
92 0.588407 6 0.000300
93 0.590240 0 0.000000
94 0.592074 0 0.000000
95 0.593908 0 0.000000
96 0.595742 0 0.000000
97 0.597576 0 0.000000
98 0.599410 1 0.000050
99 0.601244 1 0.000050
