0 0.011944 6 0.000100
1 0.021916 10 0.000167
2 0.031887 16 0.000267
3 0.041859 7 0.000117
4 0.051831 15 0.000250
5 0.061803 11 0.000183
6 0.071774 15 0.000250
7 0.081746 9 0.000150
8 0.091718 15 0.000250
9 0.101690 13 0.000217
10 0.111661 7 0.000117
11 0.121633 16 0.000267
12 0.131605 15 0.000250
13 0.141577 14 0.000233
14 0.151548 22 0.000367
15 0.161520 21 0.000350
16 0.171492 21 0.000350
17 0.181464 25 0.000417
18 0.191435 28 0.000467
19 0.201407 47 0.000783
20 0.211379 47 0.000783
21 0.221351 47 0.000783
22 0.231322 32 0.000533
23 0.241294 34 0.000567
24 0.251266 60 0.001000
25 0.261238 74 0.001233
26 0.271209 75 0.001250
27 0.281181 100 0.001667
28 0.291153 103 0.001717
29 0.301124 135 0.002250
30 0.311096 265 0.004417
31 0.321068 260 0.004333
32 0.331040 362 0.006033
33 0.341011 256 0.004267
34 0.350983 276 0.004600
35 0.360955 318 0.005300
36 0.370927 464 0.007733
37 0.380898 414 0.006900
38 0.390870 383 0.006383
39 0.400842 535 0.008917
40 0.410814 683 0.011383
41 0.420785 1223 0.020383
42 0.430757 1053 0.017550
43 0.440729 874 0.014567
44 0.450701 1098 0.018300
45 0.460672 1561 0.026017
46 0.470644 2026 0.033767
47 0.480616 2481 0.041350
48 0.490588 4219 0.070317
49 0.500559 7657 0.127617
50 0.510531 2487 0.041450
51 0.520503 2088 0.034800
52 0.530475 1880 0.031333
53 0.540446 1248 0.020800
54 0.550418 1278 0.021300
55 0.560390 1454 0.024233
56 0.570362 1991 0.033183
57 0.580333 2483 0.041383
58 0.590305 3154 0.052567
59 0.600277 1814 0.030233
60 0.610249 1336 0.022267
61 0.620220 1347 0.022450
62 0.630192 914 0.015233
63 0.640164 522 0.008700
64 0.650136 522 0.008700
65 0.660107 407 0.006783
66 0.670079 454 0.007567
67 0.680051 269 0.004483
68 0.690023 234 0.003900
69 0.699994 255 0.004250
70 0.709966 212 0.003533
71 0.719938 199 0.003317
72 0.729910 198 0.003300
73 0.739881 216 0.003600
74 0.749853 166 0.002767
75 0.759825 201 0.003350
76 0.769797 210 0.003500
77 0.779768 212 0.003533
78 0.789740 224 0.003733
79 0.799712 184 0.003067
80 0.809684 235 0.003917
81 0.819655 252 0.004200
82 0.829627 259 0.004317
83 0.839599 246 0.004100
84 0.849571 299 0.004983
85 0.859542 476 0.007933
86 0.869514 402 0.006700
87 0.879486 424 0.007067
88 0.889458 272 0.004533
89 0.899429 289 0.004817
90 0.909401 276 0.004600
91 0.919373 354 0.005900
92 0.929345 249 0.004150
93 0.939316 179 0.002983
94 0.949288 59 0.000983
95 0.959260 39 0.000650
96 0.969232 52 0.000867
97 0.979203 23 0.000383
98 0.989175 7 0.000117
99 0.999147 1 0.000017
