0 0.011944 3 0.000150
1 0.021714 6 0.000300
2 0.031485 4 0.000200
3 0.041255 5 0.000250
4 0.051026 15 0.000750
5 0.060796 6 0.000300
6 0.070567 10 0.000500
7 0.080337 7 0.000350
8 0.090108 6 0.000300
9 0.099878 12 0.000600
10 0.109649 4 0.000200
11 0.119419 7 0.000350
12 0.129190 11 0.000550
13 0.138960 6 0.000300
14 0.148731 14 0.000700
15 0.158501 18 0.000900
16 0.168272 16 0.000800
17 0.178042 23 0.001150
18 0.187813 17 0.000850
19 0.197583 30 0.001500
20 0.207354 45 0.002250
21 0.217124 30 0.001500
22 0.226895 25 0.001250
23 0.236665 25 0.001250
24 0.246436 26 0.001300
25 0.256206 33 0.001650
26 0.265977 47 0.002350
27 0.275747 45 0.002250
28 0.285518 63 0.003150
29 0.295288 59 0.002950
30 0.305059 70 0.003500
31 0.314829 95 0.004750
32 0.324600 79 0.003950
33 0.334370 83 0.004150
34 0.344141 90 0.004500
35 0.353911 92 0.004600
36 0.363682 132 0.006600
37 0.373452 113 0.005650
38 0.383223 184 0.009200
39 0.392993 205 0.010250
40 0.402764 245 0.012250
41 0.412534 270 0.013500
42 0.422305 281 0.014050
43 0.432075 332 0.016600
44 0.441846 405 0.020250
45 0.451616 539 0.026950
46 0.461387 767 0.038350
47 0.471157 997 0.049850
48 0.480928 1727 0.086350
49 0.490698 3089 0.154450
50 0.500469 2806 0.140300
51 0.510239 1511 0.075550
52 0.520010 916 0.045800
53 0.529780 682 0.034100
54 0.539551 470 0.023500
55 0.549321 368 0.018400
56 0.559092 407 0.020350
57 0.568862 321 0.016050
58 0.578633 286 0.014300
59 0.588403 160 0.008000
60 0.598174 156 0.007800
61 0.607944 164 0.008200
62 0.617715 166 0.008300
63 0.627485 100 0.005000
64 0.637256 106 0.005300
65 0.647026 94 0.004700
66 0.656797 77 0.003850
67 0.666567 89 0.004450
68 0.676338 72 0.003600
69 0.686108 52 0.002600
70 0.695879 46 0.002300
71 0.705649 41 0.002050
72 0.715420 44 0.002200
73 0.725190 31 0.001550
74 0.734961 35 0.001750
75 0.744731 33 0.001650
76 0.754502 23 0.001150
77 0.764272 29 0.001450
78 0.774043 23 0.001150
79 0.783813 25 0.001250
80 0.793584 22 0.001100
81 0.803354 21 0.001050
82 0.813125 29 0.001450
83 0.822895 15 0.000750
84 0.832666 19 0.000950
85 0.842436 22 0.001100
86 0.852207 11 0.000550
87 0.861977 16 0.000800
88 0.871748 4 0.000200
89 0.881518 8 0.000400
90 0.891289 11 0.000550
91 0.901059 10 0.000500
92 0.910830 11 0.000550
93 0.920600 13 0.000650
94 0.930371 18 0.000900
95 0.940141 9 0.000450
96 0.949912 1 0.000050
97 0.959682 6 0.000300
98 0.969453 7 0.000350
99 0.979223 1 0.000050
