0 0.095958 14 0.000700
1 0.105156 0 0.000000
2 0.114353 4 0.000200
3 0.123551 7 0.000350
4 0.132748 0 0.000000
5 0.141946 0 0.000000
6 0.151143 9 0.000450
7 0.160341 42 0.002100
8 0.169538 14 0.000700
9 0.178736 0 0.000000
10 0.187934 0 0.000000
11 0.197131 23 0.001150
12 0.206329 0 0.000000
13 0.215526 12 0.000600
14 0.224724 0 0.000000
15 0.233921 0 0.000000
16 0.243119 7 0.000350
17 0.252317 6 0.000300
18 0.261514 9 0.000450
19 0.270712 13 0.000650
20 0.279909 14 0.000700
21 0.289107 108 0.005400
22 0.298304 14 0.000700
23 0.307502 37 0.001850
24 0.316699 64 0.003200
25 0.325897 145 0.007250
26 0.335095 267 0.013350
27 0.344292 36 0.001800
28 0.353490 36 0.001800
29 0.362687 18 0.000900
30 0.371885 4 0.000200
31 0.381082 15 0.000750
32 0.390280 31 0.001550
33 0.399478 6 0.000300
34 0.408675 35 0.001750
35 0.417873 0 0.000000
36 0.427070 24 0.001200
37 0.436268 19 0.000950
38 0.445465 26 0.001300
39 0.454663 74 0.003700
40 0.463860 35 0.001750
41 0.473058 84 0.004200
42 0.482256 66 0.003300
43 0.491453 131 0.006550
44 0.500651 126 0.006300
45 0.509848 105 0.005250
46 0.519046 108 0.005400
47 0.528243 198 0.009900
48 0.537441 219 0.010950
49 0.546638 240 0.012000
50 0.555836 269 0.013450
51 0.565034 435 0.021750
52 0.574231 681 0.034050
53 0.583429 1413 0.070650
54 0.592626 2342 0.117100
55 0.601824 1846 0.092300
56 0.611021 1191 0.059550
57 0.620219 819 0.040950
58 0.629417 627 0.031350
59 0.638614 449 0.022450
60 0.647812 327 0.016350
61 0.657009 284 0.014200
62 0.666207 243 0.012150
63 0.675404 210 0.010500
64 0.684602 118 0.005900
65 0.693799 152 0.007600
66 0.702997 103 0.005150
67 0.712195 204 0.010200
68 0.721392 168 0.008400
69 0.730590 159 0.007950
70 0.739787 133 0.006650
71 0.748985 137 0.006850
72 0.758182 109 0.005450
73 0.767380 123 0.006150
74 0.776578 201 0.010050
75 0.785775 238 0.011900
76 0.794973 112 0.005600
77 0.804170 220 0.011000
78 0.813368 131 0.006550
79 0.822565 196 0.009800
80 0.831763 146 0.007300
81 0.840960 218 0.010900
82 0.850158 297 0.014850
83 0.859356 295 0.014750
84 0.868553 338 0.016900
85 0.877751 401 0.020050
86 0.886948 334 0.016700
87 0.896146 338 0.016900
88 0.905343 180 0.009000
89 0.914541 268 0.013400
90 0.923738 223 0.011150
91 0.932936 282 0.014100
92 0.942134 172 0.008600
93 0.951331 217 0.010850
94 0.960529 92 0.004600
95 0.969726 33 0.001650
96 0.978924 37 0.001850
97 0.988121 7 0.000350
98 0.997319 32 0.001600
99 1.006516 5 0.000250
