0 0.045339 8 0.000133
1 0.055048 0 0.000000
2 0.064757 0 0.000000
3 0.074466 3 0.000050
4 0.084175 6 0.000100
5 0.093884 23 0.000383
6 0.103593 10 0.000167
7 0.113301 43 0.000717
8 0.123010 12 0.000200
9 0.132719 10 0.000167
10 0.142428 49 0.000817
11 0.152137 11 0.000183
12 0.161846 61 0.001017
13 0.171555 22 0.000367
14 0.181263 0 0.000000
15 0.190972 59 0.000983
16 0.200681 45 0.000750
17 0.210390 14 0.000233
18 0.220099 27 0.000450
19 0.229808 23 0.000383
20 0.239517 75 0.001250
21 0.249225 34 0.000567
22 0.258934 65 0.001083
23 0.268643 42 0.000700
24 0.278352 66 0.001100
25 0.288061 147 0.002450
26 0.297770 100 0.001667
27 0.307479 109 0.001817
28 0.317187 124 0.002067
29 0.326896 267 0.004450
30 0.336605 337 0.005617
31 0.346314 131 0.002183
32 0.356023 135 0.002250
33 0.365732 121 0.002017
34 0.375441 157 0.002617
35 0.385149 183 0.003050
36 0.394858 223 0.003717
37 0.404567 239 0.003983
38 0.414276 249 0.004150
39 0.423985 336 0.005600
40 0.433694 369 0.006150
41 0.443403 534 0.008900
42 0.453111 802 0.013367
43 0.462820 903 0.015050
44 0.472529 1326 0.022100
45 0.482238 2255 0.037583
46 0.491947 5744 0.095733
47 0.501656 12242 0.204033
48 0.511365 5976 0.099600
49 0.521074 2464 0.041067
50 0.530782 1365 0.022750
51 0.540491 1084 0.018067
52 0.550200 772 0.012867
53 0.559909 856 0.014267
54 0.569618 918 0.015300
55 0.579327 1313 0.021883
56 0.589036 2462 0.041033
57 0.598744 2537 0.042283
58 0.608453 1537 0.025617
59 0.618162 1012 0.016867
60 0.627871 852 0.014200
61 0.637580 605 0.010083
62 0.647289 434 0.007233
63 0.656998 478 0.007967
64 0.666706 251 0.004183
65 0.676415 292 0.004867
66 0.686124 178 0.002967
67 0.695833 141 0.002350
68 0.705542 201 0.003350
69 0.715251 231 0.003850
70 0.724960 216 0.003600
71 0.734668 143 0.002383
72 0.744377 229 0.003817
73 0.754086 185 0.003083
74 0.763795 187 0.003117
75 0.773504 154 0.002567
76 0.783213 206 0.003433
77 0.792922 284 0.004733
78 0.802630 238 0.003967
79 0.812339 154 0.002567
80 0.822048 223 0.003717
81 0.831757 179 0.002983
82 0.841466 256 0.004267
83 0.851175 297 0.004950
84 0.860884 374 0.006233
85 0.870592 342 0.005700
86 0.880301 444 0.007400
87 0.890010 427 0.007117
88 0.899719 257 0.004283
89 0.909428 263 0.004383
90 0.919137 242 0.004033
91 0.928846 283 0.004717
92 0.938555 220 0.003667
93 0.948263 224 0.003733
94 0.957972 153 0.002550
95 0.967681 29 0.000483
96 0.977390 47 0.000783
97 0.987099 7 0.000117
98 0.996808 32 0.000533
99 1.006516 5 0.000083
