0 0.016852 5 0.000250
1 0.026774 7 0.000350
2 0.036696 5 0.000250
3 0.046618 3 0.000150
4 0.056540 4 0.000200
5 0.066462 3 0.000150
6 0.076385 4 0.000200
7 0.086307 3 0.000150
8 0.096229 5 0.000250
9 0.106151 4 0.000200
10 0.116073 4 0.000200
11 0.125995 7 0.000350
12 0.135918 5 0.000250
13 0.145840 4 0.000200
14 0.155762 4 0.000200
15 0.165684 5 0.000250
16 0.175606 4 0.000200
17 0.185529 2 0.000100
18 0.195451 3 0.000150
19 0.205373 7 0.000350
20 0.215295 1 0.000050
21 0.225217 2 0.000100
22 0.235139 6 0.000300
23 0.245062 24 0.001200
24 0.254984 20 0.001000
25 0.264906 27 0.001350
26 0.274828 44 0.002200
27 0.284750 29 0.001450
28 0.294672 35 0.001750
29 0.304595 74 0.003700
30 0.314517 119 0.005950
31 0.324439 129 0.006450
32 0.334361 175 0.008750
33 0.344283 100 0.005000
34 0.354205 12 0.000600
35 0.364128 19 0.000950
36 0.374050 20 0.001000
37 0.383972 17 0.000850
38 0.393894 20 0.001000
39 0.403816 26 0.001300
40 0.413739 24 0.001200
41 0.423661 33 0.001650
42 0.433583 28 0.001400
43 0.443505 57 0.002850
44 0.453427 55 0.002750
45 0.463349 63 0.003150
46 0.473272 66 0.003300
47 0.483194 88 0.004400
48 0.493116 127 0.006350
49 0.503038 128 0.006400
50 0.512960 128 0.006400
51 0.522882 184 0.009200
52 0.532805 232 0.011600
53 0.542727 256 0.012800
54 0.552649 427 0.021350
55 0.562571 511 0.025550
56 0.572493 1164 0.058200
57 0.582415 2027 0.101350
58 0.592338 2485 0.124250
59 0.602260 1289 0.064450
60 0.612182 933 0.046650
61 0.622104 748 0.037400
62 0.632026 514 0.025700
63 0.641949 332 0.016600
64 0.651871 310 0.015500
65 0.661793 244 0.012200
66 0.671715 220 0.011000
67 0.681637 171 0.008550
68 0.691559 172 0.008600
69 0.701482 150 0.007500
70 0.711404 176 0.008800
71 0.721326 156 0.007800
72 0.731248 170 0.008500
73 0.741170 172 0.008600
74 0.751092 134 0.006700
75 0.761015 171 0.008550
76 0.770937 190 0.009500
77 0.780859 187 0.009350
78 0.790781 179 0.008950
79 0.800703 162 0.008100
80 0.810625 202 0.010100
81 0.820548 246 0.012300
82 0.830470 223 0.011150
83 0.840392 237 0.011850
84 0.850314 284 0.014200
85 0.860236 459 0.022950
86 0.870158 391 0.019550
87 0.880081 419 0.020950
88 0.890003 249 0.012450
89 0.899925 277 0.013850
90 0.909847 261 0.013050
91 0.919769 349 0.017450
92 0.929692 222 0.011100
93 0.939614 169 0.008450
94 0.949536 56 0.002800
95 0.959458 33 0.001650
96 0.969380 44 0.002200
97 0.979302 21 0.001050
98 0.989225 7 0.000350
99 0.999147 1 0.000050
