0 0.045339 8 0.000400
1 0.054842 0 0.000000
2 0.064345 0 0.000000
3 0.073847 3 0.000150
4 0.083350 6 0.000300
5 0.092853 9 0.000450
6 0.102356 4 0.000200
7 0.111858 38 0.001900
8 0.121361 7 0.000350
9 0.130864 15 0.000750
10 0.140366 6 0.000300
11 0.149869 45 0.002250
12 0.159372 0 0.000000
13 0.168874 27 0.001350
14 0.178377 0 0.000000
15 0.187880 58 0.002900
16 0.197382 3 0.000150
17 0.206885 29 0.001450
18 0.216388 20 0.001000
19 0.225891 23 0.001150
20 0.235393 54 0.002700
21 0.244896 31 0.001550
22 0.254399 52 0.002600
23 0.263901 21 0.001050
24 0.273404 52 0.002600
25 0.282907 31 0.001550
26 0.292409 54 0.002700
27 0.301912 94 0.004700
28 0.311415 74 0.003700
29 0.320917 24 0.001200
30 0.330420 63 0.003150
31 0.339923 155 0.007750
32 0.349426 109 0.005450
33 0.358928 124 0.006200
34 0.368431 82 0.004100
35 0.377934 138 0.006900
36 0.387436 163 0.008150
37 0.396939 187 0.009350
38 0.406442 270 0.013500
39 0.415944 202 0.010100
40 0.425447 288 0.014400
41 0.434950 358 0.017900
42 0.444452 363 0.018150
43 0.453955 541 0.027050
44 0.463458 672 0.033600
45 0.472961 864 0.043200
46 0.482463 1334 0.066700
47 0.491966 2487 0.124350
48 0.501469 3324 0.166200
49 0.510971 1788 0.089400
50 0.520474 957 0.047850
51 0.529977 786 0.039300
52 0.539479 525 0.026250
53 0.548982 346 0.017300
54 0.558485 382 0.019100
55 0.567988 353 0.017650
56 0.577490 335 0.016750
57 0.586993 198 0.009900
58 0.596496 215 0.010750
59 0.605998 144 0.007200
60 0.615501 109 0.005450
61 0.625004 188 0.009400
62 0.634506 107 0.005350
63 0.644009 85 0.004250
64 0.653512 162 0.008100
65 0.663014 39 0.001950
66 0.672517 87 0.004350
67 0.682020 44 0.002200
68 0.691522 46 0.002300
69 0.701025 24 0.001200
70 0.710528 36 0.001800
71 0.720031 41 0.002050
72 0.729533 5 0.000250
73 0.739036 13 0.000650
74 0.748539 115 0.005750
75 0.758041 35 0.001750
76 0.767544 25 0.001250
77 0.777047 0 0.000000
78 0.786549 16 0.000800
79 0.796052 64 0.003200
80 0.805555 24 0.001200
81 0.815057 12 0.000600
82 0.824560 20 0.001000
83 0.834063 9 0.000450
84 0.843566 3 0.000150
85 0.853068 38 0.001900
86 0.862571 6 0.000300
87 0.872074 10 0.000500
88 0.881576 15 0.000750
89 0.891079 29 0.001450
90 0.900582 3 0.000150
91 0.910084 28 0.001400
92 0.919587 0 0.000000
93 0.929090 0 0.000000
94 0.938592 7 0.000350
95 0.948095 0 0.000000
96 0.957598 8 0.000400
97 0.967101 0 0.000000
98 0.976603 4 0.000200
99 0.986106 2 0.000100
