0 0.117001 2 0.000100
1 0.125779 1 0.000050
2 0.134556 0 0.000000
3 0.143333 0 0.000000
4 0.152110 0 0.000000
5 0.160888 0 0.000000
6 0.169665 0 0.000000
7 0.178442 0 0.000000
8 0.187219 0 0.000000
9 0.195997 3 0.000150
10 0.204774 2 0.000100
11 0.213551 5 0.000250
12 0.222328 13 0.000650
13 0.231106 3 0.000150
14 0.239883 2 0.000100
15 0.248660 1 0.000050
16 0.257438 0 0.000000
17 0.266215 1 0.000050
18 0.274992 4 0.000200
19 0.283769 4 0.000200
20 0.292547 7 0.000350
21 0.301324 19 0.000950
22 0.310101 41 0.002050
23 0.318878 66 0.003300
24 0.327656 88 0.004400
25 0.336433 46 0.002300
26 0.345210 60 0.003000
27 0.353987 147 0.007350
28 0.362765 156 0.007800
29 0.371542 297 0.014850
30 0.380319 191 0.009550
31 0.389097 171 0.008550
32 0.397874 186 0.009300
33 0.406651 280 0.014000
34 0.415428 412 0.020600
35 0.424206 936 0.046800
36 0.432983 509 0.025450
37 0.441760 383 0.019150
38 0.450537 432 0.021600
39 0.459315 584 0.029200
40 0.468092 895 0.044750
41 0.476869 605 0.030250
42 0.485646 645 0.032250
43 0.494424 4286 0.214300
44 0.503201 1172 0.058600
45 0.511978 747 0.037350
46 0.520756 847 0.042350
47 0.529533 1004 0.050200
48 0.538310 458 0.022900
49 0.547087 441 0.022050
50 0.555865 507 0.025350
51 0.564642 589 0.029450
52 0.573419 513 0.025650
53 0.582196 328 0.016400
54 0.590974 266 0.013300
55 0.599751 224 0.011200
56 0.608528 221 0.011050
57 0.617305 219 0.010950
58 0.626083 394 0.019700
59 0.634860 102 0.005100
60 0.643637 59 0.002950
61 0.652415 108 0.005400
62 0.661192 58 0.002900
63 0.669969 119 0.005950
64 0.678746 40 0.002000
65 0.687524 22 0.001100
66 0.696301 28 0.001400
67 0.705078 22 0.001100
68 0.713855 2 0.000100
69 0.722633 0 0.000000
70 0.731410 0 0.000000
71 0.740187 1 0.000050
72 0.748964 0 0.000000
73 0.757742 0 0.000000
74 0.766519 1 0.000050
75 0.775296 4 0.000200
76 0.784074 0 0.000000
77 0.792851 11 0.000550
78 0.801628 8 0.000400
79 0.810405 0 0.000000
80 0.819183 0 0.000000
81 0.827960 0 0.000000
82 0.836737 0 0.000000
83 0.845514 0 0.000000
84 0.854292 0 0.000000
85 0.863069 0 0.000000
86 0.871846 0 0.000000
87 0.880623 0 0.000000
88 0.889401 0 0.000000
89 0.898178 1 0.000050
90 0.906955 0 0.000000
91 0.915733 0 0.000000
92 0.924510 0 0.000000
93 0.933287 0 0.000000
94 0.942064 0 0.000000
95 0.950842 0 0.000000
96 0.959619 0 0.000000
97 0.968396 0 0.000000
98 0.977173 0 0.000000
99 0.985951 1 0.000050
