0 -0.475249 2 0.000100
1 -0.466259 0 0.000000
2 -0.457268 0 0.000000
3 -0.448278 0 0.000000
4 -0.439288 0 0.000000
5 -0.430297 0 0.000000
6 -0.421307 0 0.000000
7 -0.412317 0 0.000000
8 -0.403327 0 0.000000
9 -0.394336 0 0.000000
10 -0.385346 0 0.000000
11 -0.376356 0 0.000000
12 -0.367365 3 0.000150
13 -0.358375 0 0.000000
14 -0.349385 1 0.000050
15 -0.340395 1 0.000050
16 -0.331404 0 0.000000
17 -0.322414 2 0.000100
18 -0.313424 1 0.000050
19 -0.304433 2 0.000100
20 -0.295443 4 0.000200
21 -0.286453 7 0.000350
22 -0.277463 3 0.000150
23 -0.268472 2 0.000100
24 -0.259482 1 0.000050
25 -0.250492 2 0.000100
26 -0.241501 6 0.000300
27 -0.232511 3 0.000150
28 -0.223521 6 0.000300
29 -0.214531 8 0.000400
30 -0.205540 9 0.000450
31 -0.196550 15 0.000750
32 -0.187560 45 0.002250
33 -0.178569 63 0.003150
34 -0.169579 89 0.004450
35 -0.160589 89 0.004450
36 -0.151599 127 0.006350
37 -0.142608 197 0.009850
38 -0.133618 227 0.011350
39 -0.124628 196 0.009800
40 -0.115637 156 0.007800
41 -0.106647 205 0.010250
42 -0.097657 271 0.013550
43 -0.088667 455 0.022750
44 -0.079676 743 0.037150
45 -0.070686 574 0.028700
46 -0.061696 427 0.021350
47 -0.052705 535 0.026750
48 -0.043715 670 0.033500
49 -0.034725 646 0.032300
50 -0.025735 556 0.027800
51 -0.016744 1225 0.061250
52 -0.007754 4231 0.211550
53 0.001236 1318 0.065900
54 0.010226 903 0.045150
55 0.019217 953 0.047650
56 0.028207 648 0.032400
57 0.037197 478 0.023900
58 0.046188 478 0.023900
59 0.055178 522 0.026100
60 0.064168 492 0.024600
61 0.073158 380 0.019000
62 0.082149 280 0.014000
63 0.091139 229 0.011450
64 0.100129 191 0.009550
65 0.109120 249 0.012450
66 0.118110 310 0.015500
67 0.127100 238 0.011900
68 0.136090 127 0.006350
69 0.145081 93 0.004650
70 0.154071 106 0.005300
71 0.163061 68 0.003400
72 0.172052 60 0.003000
73 0.181042 16 0.000800
74 0.190032 13 0.000650
75 0.199022 12 0.000600
76 0.208013 4 0.000200
77 0.217003 6 0.000300
78 0.225993 6 0.000300
79 0.234984 0 0.000000
80 0.243974 1 0.000050
81 0.252964 2 0.000100
82 0.261954 3 0.000150
83 0.270945 1 0.000050
84 0.279935 0 0.000000
85 0.288925 1 0.000050
86 0.297916 4 0.000200
87 0.306906 1 0.000050
88 0.315896 0 0.000000
89 0.324886 0 0.000000
90 0.333877 0 0.000000
91 0.342867 0 0.000000
92 0.351857 0 0.000000
93 0.360848 0 0.000000
94 0.369838 0 0.000000
95 0.378828 1 0.000050
96 0.387818 0 0.000000
97 0.396809 0 0.000000
98 0.405799 1 0.000050
99 0.414789 0 0.000000
