0 0.000000 51886 0.864767
1 0.002281 2209 0.036817
2 0.004563 1873 0.031217
3 0.006844 877 0.014617
4 0.009126 513 0.008550
5 0.011407 431 0.007183
6 0.013689 551 0.009183
7 0.015970 453 0.007550
8 0.018251 303 0.005050
9 0.020533 192 0.003200
10 0.022814 158 0.002633
11 0.025096 159 0.002650
12 0.027377 98 0.001633
13 0.029659 89 0.001483
14 0.031940 56 0.000933
15 0.034221 28 0.000467
16 0.036503 15 0.000250
17 0.038784 16 0.000267
18 0.041066 14 0.000233
19 0.043347 3 0.000050
20 0.045629 6 0.000100
21 0.047910 9 0.000150
22 0.050191 5 0.000083
23 0.052473 7 0.000117
24 0.054754 0 0.000000
25 0.057036 3 0.000050
26 0.059317 2 0.000033
27 0.061599 1 0.000017
28 0.063880 2 0.000033
29 0.066161 2 0.000033
30 0.068443 3 0.000050
31 0.070724 2 0.000033
32 0.073006 1 0.000017
33 0.075287 4 0.000067
34 0.077569 3 0.000050
35 0.079850 2 0.000033
36 0.082131 1 0.000017
37 0.084413 3 0.000050
38 0.086694 2 0.000033
39 0.088976 3 0.000050
40 0.091257 2 0.000033
41 0.093539 1 0.000017
42 0.095820 0 0.000000
43 0.098101 2 0.000033
44 0.100383 1 0.000017
45 0.102664 0 0.000000
46 0.104946 0 0.000000
47 0.107227 0 0.000000
48 0.109509 0 0.000000
49 0.111790 1 0.000017
50 0.114071 0 0.000000
51 0.116353 0 0.000000
52 0.118634 1 0.000017
53 0.120916 0 0.000000
54 0.123197 0 0.000000
55 0.125479 0 0.000000
56 0.127760 1 0.000017
57 0.130041 2 0.000033
58 0.132323 0 0.000000
59 0.134604 0 0.000000
60 0.136886 0 0.000000
61 0.139167 0 0.000000
62 0.141449 0 0.000000
63 0.143730 1 0.000017
64 0.146011 0 0.000000
65 0.148293 0 0.000000
66 0.150574 0 0.000000
67 0.152856 0 0.000000
68 0.155137 0 0.000000
69 0.157419 0 0.000000
70 0.159700 0 0.000000
71 0.161981 0 0.000000
72 0.164263 0 0.000000
73 0.166544 0 0.000000
74 0.168826 0 0.000000
75 0.171107 1 0.000017
76 0.173389 0 0.000000
77 0.175670 0 0.000000
78 0.177951 0 0.000000
79 0.180233 0 0.000000
80 0.182514 0 0.000000
81 0.184796 0 0.000000
82 0.187077 0 0.000000
83 0.189359 0 0.000000
84 0.191640 0 0.000000
85 0.193921 0 0.000000
86 0.196203 0 0.000000
87 0.198484 0 0.000000
88 0.200766 0 0.000000
89 0.203047 0 0.000000
90 0.205329 0 0.000000
91 0.207610 0 0.000000
92 0.209891 0 0.000000
93 0.212173 0 0.000000
94 0.214454 0 0.000000
95 0.216736 0 0.000000
96 0.219017 0 0.000000
97 0.221299 0 0.000000
98 0.223580 1 0.000017
99 0.225861 1 0.000017
