0 -0.475249 2 0.000033
1 -0.466259 0 0.000000
2 -0.457268 0 0.000000
3 -0.448278 0 0.000000
4 -0.439288 0 0.000000
5 -0.430297 0 0.000000
6 -0.421307 0 0.000000
7 -0.412317 0 0.000000
8 -0.403327 0 0.000000
9 -0.394336 0 0.000000
10 -0.385346 0 0.000000
11 -0.376356 0 0.000000
12 -0.367365 3 0.000050
13 -0.358375 0 0.000000
14 -0.349385 1 0.000017
15 -0.340395 1 0.000017
16 -0.331404 0 0.000000
17 -0.322414 2 0.000033
18 -0.313424 1 0.000017
19 -0.304433 2 0.000033
20 -0.295443 4 0.000067
21 -0.286453 7 0.000117
22 -0.277463 3 0.000050
23 -0.268472 2 0.000033
24 -0.259482 1 0.000017
25 -0.250492 2 0.000033
26 -0.241501 6 0.000100
27 -0.232511 3 0.000050
28 -0.223521 6 0.000100
29 -0.214531 8 0.000133
30 -0.205540 9 0.000150
31 -0.196550 15 0.000250
32 -0.187560 45 0.000750
33 -0.178569 63 0.001050
34 -0.169579 89 0.001483
35 -0.160589 89 0.001483
36 -0.151599 129 0.002150
37 -0.142608 200 0.003333
38 -0.133618 227 0.003783
39 -0.124628 197 0.003283
40 -0.115637 161 0.002683
41 -0.106647 207 0.003450
42 -0.097657 274 0.004567
43 -0.088667 460 0.007667
44 -0.079676 744 0.012400
45 -0.070686 577 0.009617
46 -0.061696 434 0.007233
47 -0.052705 548 0.009133
48 -0.043715 715 0.011917
49 -0.034725 915 0.015250
50 -0.025735 2217 0.036950
51 -0.016744 17129 0.285483
52 -0.007754 24157 0.402617
53 0.001236 2969 0.049483
54 0.010226 1234 0.020567
55 0.019217 1060 0.017667
56 0.028207 672 0.011200
57 0.037197 486 0.008100
58 0.046188 481 0.008017
59 0.055178 526 0.008767
60 0.064168 496 0.008267
61 0.073158 381 0.006350
62 0.082149 293 0.004883
63 0.091139 232 0.003867
64 0.100129 192 0.003200
65 0.109120 249 0.004150
66 0.118110 310 0.005167
67 0.127100 238 0.003967
68 0.136090 127 0.002117
69 0.145081 93 0.001550
70 0.154071 106 0.001767
71 0.163061 68 0.001133
72 0.172052 60 0.001000
73 0.181042 16 0.000267
74 0.190032 13 0.000217
75 0.199022 12 0.000200
76 0.208013 4 0.000067
77 0.217003 6 0.000100
78 0.225993 6 0.000100
79 0.234984 0 0.000000
80 0.243974 1 0.000017
81 0.252964 2 0.000033
82 0.261954 3 0.000050
83 0.270945 1 0.000017
84 0.279935 0 0.000000
85 0.288925 1 0.000017
86 0.297916 4 0.000067
87 0.306906 1 0.000017
88 0.315896 0 0.000000
89 0.324886 0 0.000000
90 0.333877 0 0.000000
91 0.342867 0 0.000000
92 0.351857 0 0.000000
93 0.360848 0 0.000000
94 0.369838 0 0.000000
95 0.378828 1 0.000017
96 0.387818 0 0.000000
97 0.396809 0 0.000000
98 0.405799 1 0.000017
99 0.414789 0 0.000000
