0 -0.149936 1 0.000050
1 -0.147411 0 0.000000
2 -0.144885 1 0.000050
3 -0.142359 2 0.000100
4 -0.139833 1 0.000050
5 -0.137307 0 0.000000
6 -0.134781 0 0.000000
7 -0.132255 0 0.000000
8 -0.129729 0 0.000000
9 -0.127203 0 0.000000
10 -0.124677 1 0.000050
11 -0.122151 0 0.000000
12 -0.119625 0 0.000000
13 -0.117099 0 0.000000
14 -0.114573 1 0.000050
15 -0.112047 4 0.000200
16 -0.109521 0 0.000000
17 -0.106995 0 0.000000
18 -0.104470 1 0.000050
19 -0.101944 1 0.000050
20 -0.099418 0 0.000000
21 -0.096892 1 0.000050
22 -0.094366 2 0.000100
23 -0.091840 0 0.000000
24 -0.089314 0 0.000000
25 -0.086788 3 0.000150
26 -0.084262 2 0.000100
27 -0.081736 0 0.000000
28 -0.079210 0 0.000000
29 -0.076684 0 0.000000
30 -0.074158 1 0.000050
31 -0.071632 2 0.000100
32 -0.069106 0 0.000000
33 -0.066580 1 0.000050
34 -0.064054 0 0.000000
35 -0.061528 3 0.000150
36 -0.059003 0 0.000000
37 -0.056477 1 0.000050
38 -0.053951 3 0.000150
39 -0.051425 0 0.000000
40 -0.048899 0 0.000000
41 -0.046373 1 0.000050
42 -0.043847 1 0.000050
43 -0.041321 5 0.000250
44 -0.038795 6 0.000300
45 -0.036269 4 0.000200
46 -0.033743 21 0.001050
47 -0.031217 50 0.002500
48 -0.028691 76 0.003800
49 -0.026165 122 0.006100
50 -0.023639 229 0.011450
51 -0.021113 409 0.020450
52 -0.018587 680 0.034000
53 -0.016062 1609 0.080450
54 -0.013536 3469 0.173450
55 -0.011010 5564 0.278200
56 -0.008484 4252 0.212600
57 -0.005958 1825 0.091250
58 -0.003432 677 0.033850
59 -0.000906 366 0.018300
60 0.001620 261 0.013050
61 0.004146 130 0.006500
62 0.006672 65 0.003250
63 0.009198 36 0.001800
64 0.011724 16 0.000800
65 0.014250 18 0.000900
66 0.016776 16 0.000800
67 0.019302 10 0.000500
68 0.021828 3 0.000150
69 0.024354 0 0.000000
70 0.026880 10 0.000500
71 0.029405 2 0.000100
72 0.031931 3 0.000150
73 0.034457 2 0.000100
74 0.036983 0 0.000000
75 0.039509 0 0.000000
76 0.042035 2 0.000100
77 0.044561 1 0.000050
78 0.047087 1 0.000050
79 0.049613 0 0.000000
80 0.052139 0 0.000000
81 0.054665 1 0.000050
82 0.057191 2 0.000100
83 0.059717 0 0.000000
84 0.062243 1 0.000050
85 0.064769 2 0.000100
86 0.067295 2 0.000100
87 0.069821 0 0.000000
88 0.072346 0 0.000000
89 0.074872 1 0.000050
90 0.077398 0 0.000000
91 0.079924 0 0.000000
92 0.082450 1 0.000050
93 0.084976 3 0.000150
94 0.087502 5 0.000250
95 0.090028 4 0.000200
96 0.092554 1 0.000050
97 0.095080 1 0.000050
98 0.097606 1 0.000050
99 0.100132 1 0.000050
