0 0.021118 2 0.000100
1 0.030848 10 0.000500
2 0.040578 7 0.000350
3 0.050308 8 0.000400
4 0.060038 5 0.000250
5 0.069768 7 0.000350
6 0.079498 11 0.000550
7 0.089228 13 0.000650
8 0.098958 9 0.000450
9 0.108688 17 0.000850
10 0.118418 6 0.000300
11 0.128148 12 0.000600
12 0.137878 9 0.000450
13 0.147608 13 0.000650
14 0.157338 19 0.000950
15 0.167068 10 0.000500
16 0.176798 8 0.000400
17 0.186528 31 0.001550
18 0.196258 31 0.001550
19 0.205988 43 0.002150
20 0.215718 30 0.001500
21 0.225448 26 0.001300
22 0.235178 27 0.001350
23 0.244908 40 0.002000
24 0.254638 43 0.002150
25 0.264368 34 0.001700
26 0.274098 60 0.003000
27 0.283828 55 0.002750
28 0.293558 59 0.002950
29 0.303288 79 0.003950
30 0.313018 83 0.004150
31 0.322748 87 0.004350
32 0.332478 102 0.005100
33 0.342208 87 0.004350
34 0.351938 92 0.004600
35 0.361668 115 0.005750
36 0.371398 114 0.005700
37 0.381128 148 0.007400
38 0.390857 162 0.008100
39 0.400587 201 0.010050
40 0.410317 238 0.011900
41 0.420047 236 0.011800
42 0.429777 300 0.015000
43 0.439507 348 0.017400
44 0.449237 424 0.021200
45 0.458967 519 0.025950
46 0.468697 726 0.036300
47 0.478427 1046 0.052300
48 0.488157 1861 0.093050
49 0.497887 3409 0.170450
50 0.507617 2498 0.124900
51 0.517347 1314 0.065700
52 0.527077 831 0.041550
53 0.536807 654 0.032700
54 0.546537 449 0.022450
55 0.556267 357 0.017850
56 0.565997 391 0.019550
57 0.575727 357 0.017850
58 0.585457 258 0.012900
59 0.595187 177 0.008850
60 0.604917 167 0.008350
61 0.614647 138 0.006900
62 0.624377 142 0.007100
63 0.634107 163 0.008150
64 0.643837 72 0.003600
65 0.653567 112 0.005600
66 0.663297 70 0.003500
67 0.673027 83 0.004150
68 0.682757 88 0.004400
69 0.692487 76 0.003800
70 0.702217 60 0.003000
71 0.711947 34 0.001700
72 0.721677 53 0.002650
73 0.731407 28 0.001400
74 0.741137 26 0.001300
75 0.750867 35 0.001750
76 0.760596 25 0.001250
77 0.770326 28 0.001400
78 0.780056 27 0.001350
79 0.789786 26 0.001300
80 0.799516 23 0.001150
81 0.809246 20 0.001000
82 0.818976 15 0.000750
83 0.828706 12 0.000600
84 0.838436 23 0.001150
85 0.848166 14 0.000700
86 0.857896 11 0.000550
87 0.867626 12 0.000600
88 0.877356 9 0.000450
89 0.887086 9 0.000450
90 0.896816 11 0.000550
91 0.906546 13 0.000650
92 0.916276 17 0.000850
93 0.926006 17 0.000850
94 0.935736 14 0.000700
95 0.945466 7 0.000350
96 0.955196 3 0.000150
97 0.964926 4 0.000200
98 0.974656 4 0.000200
99 0.984386 1 0.000050
