0 0.021118 2 0.000033
1 0.031232 10 0.000167
2 0.041346 7 0.000117
3 0.051460 12 0.000200
4 0.061574 12 0.000200
5 0.071688 17 0.000283
6 0.081801 14 0.000233
7 0.091915 15 0.000250
8 0.102029 17 0.000283
9 0.112143 17 0.000283
10 0.122257 11 0.000183
11 0.132370 17 0.000283
12 0.142484 13 0.000217
13 0.152598 26 0.000433
14 0.162712 10 0.000167
15 0.172826 17 0.000283
16 0.182939 27 0.000450
17 0.193053 46 0.000767
18 0.203167 47 0.000783
19 0.213281 36 0.000600
20 0.223395 35 0.000583
21 0.233508 35 0.000583
22 0.243622 49 0.000817
23 0.253736 64 0.001067
24 0.263850 67 0.001117
25 0.273964 88 0.001467
26 0.284078 109 0.001817
27 0.294191 104 0.001733
28 0.304305 110 0.001833
29 0.314419 136 0.002267
30 0.324533 200 0.003333
31 0.334647 368 0.006133
32 0.344760 223 0.003717
33 0.354874 116 0.001933
34 0.364988 139 0.002317
35 0.375102 143 0.002383
36 0.385216 170 0.002833
37 0.395329 209 0.003483
38 0.405443 250 0.004167
39 0.415557 298 0.004967
40 0.425671 391 0.006517
41 0.435785 448 0.007467
42 0.445899 524 0.008733
43 0.456012 737 0.012283
44 0.466126 1159 0.019317
45 0.476240 1759 0.029317
46 0.486354 3985 0.066417
47 0.496468 10381 0.173017
48 0.506581 9610 0.160167
49 0.516695 3025 0.050417
50 0.526809 1623 0.027050
51 0.536923 1203 0.020050
52 0.547037 823 0.013717
53 0.557150 829 0.013817
54 0.567264 928 0.015467
55 0.577378 1095 0.018250
56 0.587492 2063 0.034383
57 0.597606 2943 0.049050
58 0.607719 1725 0.028750
59 0.617833 1189 0.019817
60 0.627947 1014 0.016900
61 0.638061 681 0.011350
62 0.648175 467 0.007783
63 0.658288 402 0.006700
64 0.668402 316 0.005267
65 0.678516 325 0.005417
66 0.688630 291 0.004850
67 0.698744 243 0.004050
68 0.708858 210 0.003500
69 0.718971 201 0.003350
70 0.729085 200 0.003333
71 0.739199 202 0.003367
72 0.749313 198 0.003300
73 0.759427 182 0.003033
74 0.769540 203 0.003383
75 0.779654 201 0.003350
76 0.789768 209 0.003483
77 0.799882 214 0.003567
78 0.809996 148 0.002467
79 0.820109 189 0.003150
80 0.830223 238 0.003967
81 0.840337 286 0.004767
82 0.850451 283 0.004717
83 0.860565 333 0.005550
84 0.870679 401 0.006683
85 0.880792 364 0.006067
86 0.890906 469 0.007817
87 0.901020 257 0.004283
88 0.911134 279 0.004650
89 0.921248 330 0.005500
90 0.931361 313 0.005217
91 0.941475 202 0.003367
92 0.951589 241 0.004017
93 0.961703 57 0.000950
94 0.971817 53 0.000883
95 0.981930 37 0.000617
96 0.992044 15 0.000250
97 1.002158 8 0.000133
98 1.012272 11 0.000183
99 1.022386 1 0.000017
