0 0.011833 2 0.000100
1 0.021605 5 0.000250
2 0.031378 7 0.000350
3 0.041151 7 0.000350
4 0.050924 13 0.000650
5 0.060696 9 0.000450
6 0.070469 9 0.000450
7 0.080242 10 0.000500
8 0.090015 11 0.000550
9 0.099787 11 0.000550
10 0.109560 14 0.000700
11 0.119333 9 0.000450
12 0.129106 6 0.000300
13 0.138878 8 0.000400
14 0.148651 16 0.000800
15 0.158424 11 0.000550
16 0.168197 15 0.000750
17 0.177969 23 0.001150
18 0.187742 19 0.000950
19 0.197515 25 0.001250
20 0.207288 49 0.002450
21 0.217060 35 0.001750
22 0.226833 29 0.001450
23 0.236606 28 0.001400
24 0.246379 33 0.001650
25 0.256151 38 0.001900
26 0.265924 50 0.002500
27 0.275697 65 0.003250
28 0.285470 75 0.003750
29 0.295242 59 0.002950
30 0.305015 83 0.004150
31 0.314788 81 0.004050
32 0.324561 101 0.005050
33 0.334333 90 0.004500
34 0.344106 81 0.004050
35 0.353879 101 0.005050
36 0.363652 122 0.006100
37 0.373424 116 0.005800
38 0.383197 165 0.008250
39 0.392970 187 0.009350
40 0.402743 224 0.011200
41 0.412515 261 0.013050
42 0.422288 275 0.013750
43 0.432061 359 0.017950
44 0.441833 393 0.019650
45 0.451606 527 0.026350
46 0.461379 722 0.036100
47 0.471152 955 0.047750
48 0.480924 1728 0.086400
49 0.490697 3058 0.152900
50 0.500470 2724 0.136200
51 0.510243 1600 0.080000
52 0.520015 927 0.046350
53 0.529788 673 0.033650
54 0.539561 474 0.023700
55 0.549334 383 0.019150
56 0.559106 373 0.018650
57 0.568879 354 0.017700
58 0.578652 306 0.015300
59 0.588425 176 0.008800
60 0.598197 160 0.008000
61 0.607970 151 0.007550
62 0.617743 153 0.007650
63 0.627516 145 0.007250
64 0.637288 90 0.004500
65 0.647061 111 0.005550
66 0.656834 68 0.003400
67 0.666607 71 0.003550
68 0.676379 87 0.004350
69 0.686152 72 0.003600
70 0.695925 60 0.003000
71 0.705698 47 0.002350
72 0.715470 38 0.001900
73 0.725243 34 0.001700
74 0.735016 24 0.001200
75 0.744789 34 0.001700
76 0.754561 26 0.001300
77 0.764334 32 0.001600
78 0.774107 24 0.001200
79 0.783880 32 0.001600
80 0.793652 23 0.001150
81 0.803425 15 0.000750
82 0.813198 18 0.000900
83 0.822971 17 0.000850
84 0.832743 9 0.000450
85 0.842516 24 0.001200
86 0.852289 10 0.000500
87 0.862062 10 0.000500
88 0.871834 7 0.000350
89 0.881607 7 0.000350
90 0.891380 13 0.000650
91 0.901152 12 0.000600
92 0.910925 13 0.000650
93 0.920698 16 0.000800
94 0.930471 16 0.000800
95 0.940243 5 0.000250
96 0.950016 4 0.000200
97 0.959789 4 0.000200
98 0.969562 7 0.000350
99 0.979334 1 0.000050
