0 0.013972 5 0.000250
1 0.023929 8 0.000400
2 0.033885 5 0.000250
3 0.043842 7 0.000350
4 0.053798 1 0.000050
5 0.063755 1 0.000050
6 0.073712 2 0.000100
7 0.083668 6 0.000300
8 0.093625 3 0.000150
9 0.103582 5 0.000250
10 0.113538 7 0.000350
11 0.123495 2 0.000100
12 0.133452 2 0.000100
13 0.143408 0 0.000000
14 0.153365 2 0.000100
15 0.163322 1 0.000050
16 0.173278 6 0.000300
17 0.183235 2 0.000100
18 0.193192 2 0.000100
19 0.203148 3 0.000150
20 0.213105 4 0.000200
21 0.223061 6 0.000300
22 0.233018 6 0.000300
23 0.242975 11 0.000550
24 0.252931 22 0.001100
25 0.262888 27 0.001350
26 0.272845 36 0.001800
27 0.282801 40 0.002000
28 0.292758 41 0.002050
29 0.302715 27 0.001350
30 0.312671 133 0.006650
31 0.322628 147 0.007350
32 0.332585 161 0.008050
33 0.342541 108 0.005400
34 0.352498 29 0.001450
35 0.362455 14 0.000700
36 0.372411 21 0.001050
37 0.382368 20 0.001000
38 0.392325 14 0.000700
39 0.402281 18 0.000900
40 0.412238 35 0.001750
41 0.422194 38 0.001900
42 0.432151 31 0.001550
43 0.442108 43 0.002150
44 0.452064 61 0.003050
45 0.462021 55 0.002750
46 0.471978 70 0.003500
47 0.481934 78 0.003900
48 0.491891 125 0.006250
49 0.501848 135 0.006750
50 0.511804 149 0.007450
51 0.521761 174 0.008700
52 0.531718 221 0.011050
53 0.541674 266 0.013300
54 0.551631 426 0.021300
55 0.561588 546 0.027300
56 0.571544 1030 0.051500
57 0.581501 1909 0.095450
58 0.591457 2654 0.132700
59 0.601414 1297 0.064850
60 0.611371 937 0.046850
61 0.621327 808 0.040400
62 0.631284 500 0.025000
63 0.641241 350 0.017500
64 0.651197 290 0.014500
65 0.661154 253 0.012650
66 0.671111 215 0.010750
67 0.681067 198 0.009900
68 0.691024 180 0.009000
69 0.700981 163 0.008150
70 0.710937 150 0.007500
71 0.720894 171 0.008550
72 0.730851 176 0.008800
73 0.740807 152 0.007600
74 0.750764 169 0.008450
75 0.760720 157 0.007850
76 0.770677 201 0.010050
77 0.780634 173 0.008650
78 0.790590 169 0.008450
79 0.800547 130 0.006500
80 0.810504 183 0.009150
81 0.820460 252 0.012600
82 0.830417 212 0.010600
83 0.840374 286 0.014300
84 0.850330 325 0.016250
85 0.860287 464 0.023200
86 0.870244 369 0.018450
87 0.880200 371 0.018550
88 0.890157 280 0.014000
89 0.900114 277 0.013850
90 0.910070 259 0.012950
91 0.920027 302 0.015100
92 0.929984 233 0.011650
93 0.939940 160 0.008000
94 0.949897 64 0.003200
95 0.959853 50 0.002500
96 0.969810 31 0.001550
97 0.979767 33 0.001650
98 0.989723 9 0.000450
99 0.999680 0 0.000000
