0 0.407688 3 0.000150
1 0.409548 3 0.000150
2 0.411408 2 0.000100
3 0.413268 3 0.000150
4 0.415127 5 0.000250
5 0.416987 2 0.000100
6 0.418847 5 0.000250
7 0.420707 9 0.000450
8 0.422567 6 0.000300
9 0.424427 17 0.000850
10 0.426286 8 0.000400
11 0.428146 10 0.000500
12 0.430006 11 0.000550
13 0.431866 5 0.000250
14 0.433726 16 0.000800
15 0.435586 16 0.000800
16 0.437445 10 0.000500
17 0.439305 13 0.000650
18 0.441165 9 0.000450
19 0.443025 13 0.000650
20 0.444885 7 0.000350
21 0.446745 13 0.000650
22 0.448604 15 0.000750
23 0.450464 16 0.000800
24 0.452324 22 0.001100
25 0.454184 13 0.000650
26 0.456044 20 0.001000
27 0.457904 28 0.001400
28 0.459763 36 0.001800
29 0.461623 13 0.000650
30 0.463483 41 0.002050
31 0.465343 57 0.002850
32 0.467203 47 0.002350
33 0.469063 37 0.001850
34 0.470922 77 0.003850
35 0.472782 98 0.004900
36 0.474642 119 0.005950
37 0.476502 72 0.003600
38 0.478362 113 0.005650
39 0.480222 97 0.004850
40 0.482082 183 0.009150
41 0.483941 194 0.009700
42 0.485801 222 0.011100
43 0.487661 275 0.013750
44 0.489521 323 0.016150
45 0.491381 397 0.019850
46 0.493241 474 0.023700
47 0.495100 675 0.033750
48 0.496960 835 0.041750
49 0.498820 1064 0.053200
50 0.500680 1202 0.060100
51 0.502540 1386 0.069300
52 0.504400 1847 0.092350
53 0.506259 2178 0.108900
54 0.508119 1831 0.091550
55 0.509979 1293 0.064650
56 0.511839 921 0.046050
57 0.513699 615 0.030750
58 0.515559 506 0.025300
59 0.517418 382 0.019100
60 0.519278 284 0.014200
61 0.521138 212 0.010600
62 0.522998 213 0.010650
63 0.524858 156 0.007800
64 0.526718 170 0.008500
65 0.528577 108 0.005400
66 0.530437 90 0.004500
67 0.532297 103 0.005150
68 0.534157 91 0.004550
69 0.536017 71 0.003550
70 0.537877 90 0.004500
71 0.539736 67 0.003350
72 0.541596 45 0.002250
73 0.543456 36 0.001800
74 0.545316 47 0.002350
75 0.547176 37 0.001850
76 0.549036 29 0.001450
77 0.550896 26 0.001300
78 0.552755 14 0.000700
79 0.554615 12 0.000600
80 0.556475 16 0.000800
81 0.558335 14 0.000700
82 0.560195 15 0.000750
83 0.562055 14 0.000700
84 0.563914 17 0.000850
85 0.565774 18 0.000900
86 0.567634 16 0.000800
87 0.569494 15 0.000750
88 0.571354 18 0.000900
89 0.573214 4 0.000200
90 0.575073 9 0.000450
91 0.576933 2 0.000100
92 0.578793 4 0.000200
93 0.580653 5 0.000250
94 0.582513 11 0.000550
95 0.584373 0 0.000000
96 0.586232 1 0.000050
97 0.588092 3 0.000150
98 0.589952 6 0.000300
99 0.591812 1 0.000050
