0 0.057499 6 0.000300
1 0.067246 11 0.000550
2 0.076992 5 0.000250
3 0.086738 1 0.000050
4 0.096485 4 0.000200
5 0.106231 2 0.000100
6 0.115977 7 0.000350
7 0.125724 1 0.000050
8 0.135470 4 0.000200
9 0.145216 1 0.000050
10 0.154963 4 0.000200
11 0.164709 2 0.000100
12 0.174455 5 0.000250
13 0.184202 11 0.000550
14 0.193948 8 0.000400
15 0.203694 4 0.000200
16 0.213440 3 0.000150
17 0.223187 7 0.000350
18 0.232933 7 0.000350
19 0.242679 5 0.000250
20 0.252426 17 0.000850
21 0.262172 28 0.001400
22 0.271918 31 0.001550
23 0.281665 35 0.001750
24 0.291411 45 0.002250
25 0.301157 36 0.001800
26 0.310904 40 0.002000
27 0.320650 55 0.002750
28 0.330396 189 0.009450
29 0.340143 250 0.012500
30 0.349889 35 0.001750
31 0.359635 8 0.000400
32 0.369382 21 0.001050
33 0.379128 14 0.000700
34 0.388874 15 0.000750
35 0.398621 15 0.000750
36 0.408367 10 0.000500
37 0.418113 26 0.001300
38 0.427860 49 0.002450
39 0.437606 30 0.001500
40 0.447352 42 0.002100
41 0.457099 59 0.002950
42 0.466845 61 0.003050
43 0.476591 56 0.002800
44 0.486338 75 0.003750
45 0.496084 126 0.006300
46 0.505830 100 0.005000
47 0.515577 136 0.006800
48 0.525323 146 0.007300
49 0.535069 216 0.010800
50 0.544816 206 0.010300
51 0.554562 316 0.015800
52 0.564308 415 0.020750
53 0.574055 608 0.030400
54 0.583801 1252 0.062600
55 0.593547 2402 0.120100
56 0.603294 2108 0.105400
57 0.613040 1232 0.061600
58 0.622786 887 0.044350
59 0.632533 710 0.035500
60 0.642279 409 0.020450
61 0.652025 328 0.016400
62 0.661772 283 0.014150
63 0.671518 234 0.011700
64 0.681264 218 0.010900
65 0.691010 195 0.009750
66 0.700757 158 0.007900
67 0.710503 169 0.008450
68 0.720249 150 0.007500
69 0.729996 147 0.007350
70 0.739742 177 0.008850
71 0.749488 155 0.007750
72 0.759235 148 0.007400
73 0.768981 162 0.008100
74 0.778727 174 0.008700
75 0.788474 174 0.008700
76 0.798220 179 0.008950
77 0.807966 136 0.006800
78 0.817713 142 0.007100
79 0.827459 217 0.010850
80 0.837205 253 0.012650
81 0.846952 240 0.012000
82 0.856698 307 0.015350
83 0.866444 328 0.016400
84 0.876191 373 0.018650
85 0.885937 400 0.020000
86 0.895683 329 0.016450
87 0.905430 229 0.011450
88 0.915176 275 0.013750
89 0.924922 351 0.017550
90 0.934669 189 0.009450
91 0.944415 260 0.013000
92 0.954161 155 0.007750
93 0.963908 46 0.002300
94 0.973654 50 0.002500
95 0.983400 27 0.001350
96 0.993147 14 0.000700
97 1.002893 7 0.000350
98 1.012639 11 0.000550
99 1.022386 1 0.000050
