0 0.028895 2 0.000100
1 0.037837 0 0.000000
2 0.046779 0 0.000000
3 0.055721 0 0.000000
4 0.064663 0 0.000000
5 0.073606 0 0.000000
6 0.082548 0 0.000000
7 0.091490 0 0.000000
8 0.100432 0 0.000000
9 0.109374 0 0.000000
10 0.118316 3 0.000150
11 0.127259 0 0.000000
12 0.136201 1 0.000050
13 0.145143 0 0.000000
14 0.154085 0 0.000000
15 0.163027 0 0.000000
16 0.171969 0 0.000000
17 0.180912 0 0.000000
18 0.189854 0 0.000000
19 0.198796 4 0.000200
20 0.207738 3 0.000150
21 0.216680 13 0.000650
22 0.225622 4 0.000200
23 0.234565 1 0.000050
24 0.243507 0 0.000000
25 0.252449 1 0.000050
26 0.261391 2 0.000100
27 0.270333 3 0.000150
28 0.279275 0 0.000000
29 0.288217 3 0.000150
30 0.297160 19 0.000950
31 0.306102 36 0.001800
32 0.315044 65 0.003250
33 0.323986 78 0.003900
34 0.332928 60 0.003000
35 0.341870 60 0.003000
36 0.350813 80 0.004000
37 0.359755 135 0.006750
38 0.368697 320 0.016000
39 0.377639 187 0.009350
40 0.386581 216 0.010800
41 0.395523 198 0.009900
42 0.404466 263 0.013150
43 0.413408 380 0.019000
44 0.422350 839 0.041950
45 0.431292 616 0.030800
46 0.440234 365 0.018250
47 0.449176 425 0.021250
48 0.458119 602 0.030100
49 0.467061 855 0.042750
50 0.476003 601 0.030050
51 0.484945 698 0.034900
52 0.493887 4103 0.205150
53 0.502829 1329 0.066450
54 0.511772 736 0.036800
55 0.520714 849 0.042450
56 0.529656 1027 0.051350
57 0.538598 465 0.023250
58 0.547540 443 0.022150
59 0.556482 558 0.027900
60 0.565424 639 0.031950
61 0.574367 468 0.023400
62 0.583309 341 0.017050
63 0.592251 236 0.011800
64 0.601193 251 0.012550
65 0.610135 224 0.011200
66 0.619077 312 0.015600
67 0.628020 333 0.016650
68 0.636962 98 0.004900
69 0.645904 63 0.003150
70 0.654846 94 0.004700
71 0.663788 67 0.003350
72 0.672730 108 0.005400
73 0.681673 31 0.001550
74 0.690615 26 0.001300
75 0.699557 28 0.001400
76 0.708499 15 0.000750
77 0.717441 1 0.000050
78 0.726383 0 0.000000
79 0.735325 2 0.000100
80 0.744268 0 0.000000
81 0.753210 0 0.000000
82 0.762152 1 0.000050
83 0.771094 0 0.000000
84 0.780036 2 0.000100
85 0.788978 3 0.000150
86 0.797921 4 0.000200
87 0.806863 3 0.000150
88 0.815805 0 0.000000
89 0.824747 0 0.000000
90 0.833689 0 0.000000
91 0.842631 0 0.000000
92 0.851574 0 0.000000
93 0.860516 0 0.000000
94 0.869458 0 0.000000
95 0.878400 0 0.000000
96 0.887342 0 0.000000
97 0.896284 1 0.000050
98 0.905227 0 0.000000
99 0.914169 1 0.000050
