0 0.011833 7 0.000117
1 0.021811 13 0.000217
2 0.031789 14 0.000233
3 0.041767 17 0.000283
4 0.051746 12 0.000200
5 0.061724 10 0.000167
6 0.071702 10 0.000167
7 0.081681 16 0.000267
8 0.091659 16 0.000267
9 0.101637 16 0.000267
10 0.111615 22 0.000367
11 0.121594 14 0.000233
12 0.131572 7 0.000117
13 0.141550 13 0.000217
14 0.151528 13 0.000217
15 0.161507 17 0.000283
16 0.171485 25 0.000417
17 0.181463 25 0.000417
18 0.191441 16 0.000267
19 0.201420 49 0.000817
20 0.211398 56 0.000933
21 0.221376 49 0.000817
22 0.231354 35 0.000583
23 0.241333 32 0.000533
24 0.251311 77 0.001283
25 0.261289 63 0.001050
26 0.271267 93 0.001550
27 0.281246 119 0.001983
28 0.291224 117 0.001950
29 0.301202 145 0.002417
30 0.311180 244 0.004067
31 0.321159 311 0.005183
32 0.331137 358 0.005967
33 0.341115 243 0.004050
34 0.351093 259 0.004317
35 0.361072 305 0.005083
36 0.371050 480 0.008000
37 0.381028 381 0.006350
38 0.391006 402 0.006700
39 0.400985 509 0.008483
40 0.410963 721 0.012017
41 0.420941 1156 0.019267
42 0.430919 1092 0.018200
43 0.440898 831 0.013850
44 0.450876 1139 0.018983
45 0.460854 1521 0.025350
46 0.470832 1906 0.031767
47 0.480811 2509 0.041817
48 0.490789 4287 0.071450
49 0.500767 7479 0.124650
50 0.510746 2544 0.042400
51 0.520724 2080 0.034667
52 0.530702 1873 0.031217
53 0.540680 1225 0.020417
54 0.550659 1384 0.023067
55 0.560637 1454 0.024233
56 0.570615 2006 0.033433
57 0.580593 2574 0.042900
58 0.590572 3113 0.051883
59 0.600550 1801 0.030017
60 0.610528 1377 0.022950
61 0.620506 1417 0.023617
62 0.630485 846 0.014100
63 0.640463 552 0.009200
64 0.650441 488 0.008133
65 0.660419 384 0.006400
66 0.670398 444 0.007400
67 0.680376 315 0.005250
68 0.690354 282 0.004700
69 0.700332 254 0.004233
70 0.710311 196 0.003267
71 0.720289 200 0.003333
72 0.730267 220 0.003667
73 0.740245 183 0.003050
74 0.750224 178 0.002967
75 0.760202 208 0.003467
76 0.770180 227 0.003783
77 0.780158 205 0.003417
78 0.790137 198 0.003300
79 0.800115 153 0.002550
80 0.810093 196 0.003267
81 0.820071 271 0.004517
82 0.830050 234 0.003900
83 0.840028 293 0.004883
84 0.850006 345 0.005750
85 0.859985 480 0.008000
86 0.869963 373 0.006217
87 0.879941 371 0.006183
88 0.889919 301 0.005017
89 0.899898 284 0.004733
90 0.909876 277 0.004617
91 0.919854 325 0.005417
92 0.929832 243 0.004050
93 0.939811 169 0.002817
94 0.949789 71 0.001183
95 0.959767 54 0.000900
96 0.969745 38 0.000633
97 0.979724 34 0.000567
98 0.989702 9 0.000150
99 0.999680 0 0.000000
