0 -0.093143 2 0.000100
1 -0.091450 2 0.000100
2 -0.089756 0 0.000000
3 -0.088063 0 0.000000
4 -0.086369 1 0.000050
5 -0.084676 0 0.000000
6 -0.082982 0 0.000000
7 -0.081289 0 0.000000
8 -0.079595 0 0.000000
9 -0.077902 0 0.000000
10 -0.076208 1 0.000050
11 -0.074515 1 0.000050
12 -0.072821 3 0.000150
13 -0.071127 0 0.000000
14 -0.069434 4 0.000200
15 -0.067740 6 0.000300
16 -0.066047 3 0.000150
17 -0.064353 1 0.000050
18 -0.062660 2 0.000100
19 -0.060966 4 0.000200
20 -0.059273 6 0.000300
21 -0.057579 5 0.000250
22 -0.055886 6 0.000300
23 -0.054192 3 0.000150
24 -0.052499 11 0.000550
25 -0.050805 12 0.000600
26 -0.049112 21 0.001050
27 -0.047418 8 0.000400
28 -0.045725 15 0.000750
29 -0.044031 28 0.001400
30 -0.042338 19 0.000950
31 -0.040644 31 0.001550
32 -0.038951 29 0.001450
33 -0.037257 41 0.002050
34 -0.035564 25 0.001250
35 -0.033870 46 0.002300
36 -0.032177 56 0.002800
37 -0.030483 65 0.003250
38 -0.028790 76 0.003800
39 -0.027096 81 0.004050
40 -0.025403 161 0.008050
41 -0.023709 182 0.009100
42 -0.022016 263 0.013150
43 -0.020322 369 0.018450
44 -0.018629 502 0.025100
45 -0.016935 630 0.031500
46 -0.015242 788 0.039400
47 -0.013548 1085 0.054250
48 -0.011855 1657 0.082850
49 -0.010161 2440 0.122000
50 -0.008468 2660 0.133000
51 -0.006774 2380 0.119000
52 -0.005081 1843 0.092150
53 -0.003387 1270 0.063500
54 -0.001694 917 0.045850
55 -0.000000 568 0.028400
56 0.001693 425 0.021250
57 0.003387 285 0.014250
58 0.005080 172 0.008600
59 0.006774 126 0.006300
60 0.008467 112 0.005600
61 0.010161 82 0.004100
62 0.011854 82 0.004100
63 0.013548 45 0.002250
64 0.015241 37 0.001850
65 0.016935 30 0.001500
66 0.018628 34 0.001700
67 0.020322 31 0.001550
68 0.022015 30 0.001500
69 0.023709 14 0.000700
70 0.025402 13 0.000650
71 0.027096 15 0.000750
72 0.028789 14 0.000700
73 0.030483 11 0.000550
74 0.032176 14 0.000700
75 0.033870 5 0.000250
76 0.035563 13 0.000650
77 0.037257 14 0.000700
78 0.038950 17 0.000850
79 0.040644 8 0.000400
80 0.042337 7 0.000350
81 0.044031 8 0.000400
82 0.045724 6 0.000300
83 0.047418 3 0.000150
84 0.049111 4 0.000200
85 0.050805 1 0.000050
86 0.052498 4 0.000200
87 0.054192 3 0.000150
88 0.055885 0 0.000000
89 0.057579 0 0.000000
90 0.059272 1 0.000050
91 0.060966 3 0.000150
92 0.062659 0 0.000000
93 0.064353 0 0.000000
94 0.066046 0 0.000000
95 0.067740 1 0.000050
96 0.069433 0 0.000000
97 0.071127 0 0.000000
98 0.072820 0 0.000000
99 0.074514 1 0.000050
