0 -0.110590 2 0.000100
1 -0.108622 0 0.000000
2 -0.106655 1 0.000050
3 -0.104687 3 0.000150
4 -0.102719 0 0.000000
5 -0.100751 1 0.000050
6 -0.098783 2 0.000100
7 -0.096816 4 0.000200
8 -0.094848 3 0.000150
9 -0.092880 1 0.000050
10 -0.090912 1 0.000050
11 -0.088945 0 0.000000
12 -0.086977 4 0.000200
13 -0.085009 2 0.000100
14 -0.083041 2 0.000100
15 -0.081073 1 0.000050
16 -0.079106 1 0.000050
17 -0.077138 2 0.000100
18 -0.075170 3 0.000150
19 -0.073202 4 0.000200
20 -0.071235 3 0.000150
21 -0.069267 3 0.000150
22 -0.067299 6 0.000300
23 -0.065331 6 0.000300
24 -0.063363 5 0.000250
25 -0.061396 9 0.000450
26 -0.059428 9 0.000450
27 -0.057460 6 0.000300
28 -0.055492 10 0.000500
29 -0.053525 14 0.000700
30 -0.051557 9 0.000450
31 -0.049589 10 0.000500
32 -0.047621 9 0.000450
33 -0.045653 18 0.000900
34 -0.043686 11 0.000550
35 -0.041718 32 0.001600
36 -0.039750 29 0.001450
37 -0.037782 26 0.001300
38 -0.035815 33 0.001650
39 -0.033847 38 0.001900
40 -0.031879 45 0.002250
41 -0.029911 67 0.003350
42 -0.027943 90 0.004500
43 -0.025976 88 0.004400
44 -0.024008 140 0.007000
45 -0.022040 176 0.008800
46 -0.020072 257 0.012850
47 -0.018105 319 0.015950
48 -0.016137 392 0.019600
49 -0.014169 526 0.026300
50 -0.012201 884 0.044200
51 -0.010233 1616 0.080800
52 -0.008266 3032 0.151600
53 -0.006298 4031 0.201550
54 -0.004330 3254 0.162700
55 -0.002362 1717 0.085850
56 -0.000395 865 0.043250
57 0.001573 573 0.028650
58 0.003541 427 0.021350
59 0.005509 290 0.014500
60 0.007477 200 0.010000
61 0.009444 150 0.007500
62 0.011412 115 0.005750
63 0.013380 80 0.004000
64 0.015348 65 0.003250
65 0.017315 47 0.002350
66 0.019283 30 0.001500
67 0.021251 21 0.001050
68 0.023219 25 0.001250
69 0.025187 24 0.001200
70 0.027154 18 0.000900
71 0.029122 12 0.000600
72 0.031090 12 0.000600
73 0.033058 9 0.000450
74 0.035025 1 0.000050
75 0.036993 10 0.000500
76 0.038961 8 0.000400
77 0.040929 4 0.000200
78 0.042897 11 0.000550
79 0.044864 7 0.000350
80 0.046832 6 0.000300
81 0.048800 6 0.000300
82 0.050768 4 0.000200
83 0.052735 5 0.000250
84 0.054703 6 0.000300
85 0.056671 0 0.000000
86 0.058639 1 0.000050
87 0.060607 1 0.000050
88 0.062574 3 0.000150
89 0.064542 1 0.000050
90 0.066510 2 0.000100
91 0.068478 0 0.000000
92 0.070445 2 0.000100
93 0.072413 0 0.000000
94 0.074381 0 0.000000
95 0.076349 0 0.000000
96 0.078317 0 0.000000
97 0.080284 0 0.000000
98 0.082252 2 0.000100
99 0.084220 0 0.000000
