0 0.000000 50434 0.840567
1 0.001485 2166 0.036100
2 0.002970 1486 0.024767
3 0.004454 1154 0.019233
4 0.005939 972 0.016200
5 0.007424 562 0.009367
6 0.008909 439 0.007317
7 0.010394 340 0.005667
8 0.011878 336 0.005600
9 0.013363 310 0.005167
10 0.014848 322 0.005367
11 0.016333 209 0.003483
12 0.017817 216 0.003600
13 0.019302 196 0.003267
14 0.020787 132 0.002200
15 0.022272 89 0.001483
16 0.023757 108 0.001800
17 0.025241 95 0.001583
18 0.026726 71 0.001183
19 0.028211 65 0.001083
20 0.029696 66 0.001100
21 0.031181 65 0.001083
22 0.032665 45 0.000750
23 0.034150 19 0.000317
24 0.035635 10 0.000167
25 0.037120 8 0.000133
26 0.038605 9 0.000150
27 0.040089 3 0.000050
28 0.041574 7 0.000117
29 0.043059 3 0.000050
30 0.044544 5 0.000083
31 0.046029 5 0.000083
32 0.047513 5 0.000083
33 0.048998 2 0.000033
34 0.050483 2 0.000033
35 0.051968 2 0.000033
36 0.053452 1 0.000017
37 0.054937 2 0.000033
38 0.056422 0 0.000000
39 0.057907 0 0.000000
40 0.059392 1 0.000017
41 0.060876 0 0.000000
42 0.062361 1 0.000017
43 0.063846 0 0.000000
44 0.065331 2 0.000033
45 0.066816 0 0.000000
46 0.068300 3 0.000050
47 0.069785 2 0.000033
48 0.071270 1 0.000017
49 0.072755 1 0.000017
50 0.074240 4 0.000067
51 0.075724 2 0.000033
52 0.077209 3 0.000050
53 0.078694 2 0.000033
54 0.080179 4 0.000067
55 0.081664 0 0.000000
56 0.083148 0 0.000000
57 0.084633 0 0.000000
58 0.086118 3 0.000050
59 0.087603 0 0.000000
60 0.089087 1 0.000017
61 0.090572 2 0.000033
62 0.092057 1 0.000017
63 0.093542 1 0.000017
64 0.095027 0 0.000000
65 0.096511 1 0.000017
66 0.097996 0 0.000000
67 0.099481 0 0.000000
68 0.100966 0 0.000000
69 0.102451 0 0.000000
70 0.103935 0 0.000000
71 0.105420 0 0.000000
72 0.106905 1 0.000017
73 0.108390 0 0.000000
74 0.109875 0 0.000000
75 0.111359 0 0.000000
76 0.112844 0 0.000000
77 0.114329 0 0.000000
78 0.115814 0 0.000000
79 0.117299 0 0.000000
80 0.118783 0 0.000000
81 0.120268 0 0.000000
82 0.121753 0 0.000000
83 0.123238 1 0.000017
84 0.124722 0 0.000000
85 0.126207 1 0.000017
86 0.127692 0 0.000000
87 0.129177 0 0.000000
88 0.130662 0 0.000000
89 0.132146 0 0.000000
90 0.133631 0 0.000000
91 0.135116 0 0.000000
92 0.136601 0 0.000000
93 0.138086 0 0.000000
94 0.139570 0 0.000000
95 0.141055 0 0.000000
96 0.142540 0 0.000000
97 0.144025 0 0.000000
98 0.145510 0 0.000000
99 0.146994 1 0.000017
