0 -0.383398 1 0.000017
1 -0.376417 0 0.000000
2 -0.369436 0 0.000000
3 -0.362455 1 0.000017
4 -0.355474 1 0.000017
5 -0.348493 0 0.000000
6 -0.341512 0 0.000000
7 -0.334531 1 0.000017
8 -0.327550 0 0.000000
9 -0.320569 0 0.000000
10 -0.313588 1 0.000017
11 -0.306607 1 0.000017
12 -0.299626 3 0.000050
13 -0.292645 0 0.000000
14 -0.285664 7 0.000117
15 -0.278683 6 0.000100
16 -0.271702 2 0.000033
17 -0.264721 2 0.000033
18 -0.257740 3 0.000050
19 -0.250759 1 0.000017
20 -0.243778 0 0.000000
21 -0.236797 2 0.000033
22 -0.229816 1 0.000017
23 -0.222835 5 0.000083
24 -0.215853 1 0.000017
25 -0.208872 5 0.000083
26 -0.201891 6 0.000100
27 -0.194910 10 0.000167
28 -0.187929 28 0.000467
29 -0.180948 50 0.000833
30 -0.173967 46 0.000767
31 -0.166986 42 0.000700
32 -0.160005 57 0.000950
33 -0.153024 79 0.001317
34 -0.146043 142 0.002367
35 -0.139062 156 0.002600
36 -0.132081 136 0.002267
37 -0.125100 172 0.002867
38 -0.118119 153 0.002550
39 -0.111138 148 0.002467
40 -0.104157 185 0.003083
41 -0.097176 270 0.004500
42 -0.090195 369 0.006150
43 -0.083214 434 0.007233
44 -0.076233 442 0.007367
45 -0.069252 437 0.007283
46 -0.062271 410 0.006833
47 -0.055290 392 0.006533
48 -0.048309 547 0.009117
49 -0.041328 736 0.012267
50 -0.034347 928 0.015467
51 -0.027365 1638 0.027300
52 -0.020384 4115 0.068583
53 -0.013403 14793 0.246550
54 -0.006422 18527 0.308783
55 0.000559 5598 0.093300
56 0.007540 1756 0.029267
57 0.014521 1015 0.016917
58 0.021502 738 0.012300
59 0.028483 641 0.010683
60 0.035464 534 0.008900
61 0.042445 430 0.007167
62 0.049426 362 0.006033
63 0.056407 452 0.007533
64 0.063388 394 0.006567
65 0.070369 328 0.005467
66 0.077350 294 0.004900
67 0.084331 211 0.003517
68 0.091312 202 0.003367
69 0.098293 195 0.003250
70 0.105274 156 0.002600
71 0.112255 224 0.003733
72 0.119236 203 0.003383
73 0.126217 134 0.002233
74 0.133198 118 0.001967
75 0.140179 90 0.001500
76 0.147160 72 0.001200
77 0.154141 95 0.001583
78 0.161123 87 0.001450
79 0.168104 56 0.000933
80 0.175085 58 0.000967
81 0.182066 19 0.000317
82 0.189047 9 0.000150
83 0.196028 7 0.000117
84 0.203009 6 0.000100
85 0.209990 6 0.000100
86 0.216971 5 0.000083
87 0.223952 3 0.000050
88 0.230933 1 0.000017
89 0.237914 0 0.000000
90 0.244895 0 0.000000
91 0.251876 0 0.000000
92 0.258857 1 0.000017
93 0.265838 1 0.000017
94 0.272819 3 0.000050
95 0.279800 0 0.000000
96 0.286781 0 0.000000
97 0.293762 1 0.000017
98 0.300743 2 0.000033
99 0.307724 1 0.000017
