0 -0.383398 1 0.000050
1 -0.376417 0 0.000000
2 -0.369436 0 0.000000
3 -0.362455 1 0.000050
4 -0.355474 1 0.000050
5 -0.348493 0 0.000000
6 -0.341512 0 0.000000
7 -0.334531 1 0.000050
8 -0.327550 0 0.000000
9 -0.320569 0 0.000000
10 -0.313588 1 0.000050
11 -0.306607 1 0.000050
12 -0.299626 3 0.000150
13 -0.292645 0 0.000000
14 -0.285664 7 0.000350
15 -0.278683 6 0.000300
16 -0.271702 2 0.000100
17 -0.264721 2 0.000100
18 -0.257740 3 0.000150
19 -0.250759 1 0.000050
20 -0.243778 0 0.000000
21 -0.236797 2 0.000100
22 -0.229816 1 0.000050
23 -0.222835 5 0.000250
24 -0.215853 1 0.000050
25 -0.208872 5 0.000250
26 -0.201891 6 0.000300
27 -0.194910 10 0.000500
28 -0.187929 28 0.001400
29 -0.180948 50 0.002500
30 -0.173967 46 0.002300
31 -0.166986 42 0.002100
32 -0.160005 57 0.002850
33 -0.153024 79 0.003950
34 -0.146043 142 0.007100
35 -0.139062 156 0.007800
36 -0.132081 136 0.006800
37 -0.125100 172 0.008600
38 -0.118119 153 0.007650
39 -0.111138 145 0.007250
40 -0.104157 179 0.008950
41 -0.097176 259 0.012950
42 -0.090195 361 0.018050
43 -0.083214 427 0.021350
44 -0.076233 427 0.021350
45 -0.069252 404 0.020200
46 -0.062271 367 0.018350
47 -0.055290 308 0.015400
48 -0.048309 427 0.021350
49 -0.041328 508 0.025400
50 -0.034347 505 0.025250
51 -0.027365 505 0.025250
52 -0.020384 551 0.027550
53 -0.013403 859 0.042950
54 -0.006422 2733 0.136650
55 0.000559 2620 0.131000
56 0.007540 878 0.043900
57 0.014521 697 0.034850
58 0.021502 572 0.028600
59 0.028483 562 0.028100
60 0.035464 460 0.023000
61 0.042445 376 0.018800
62 0.049426 333 0.016650
63 0.056407 446 0.022300
64 0.063388 387 0.019350
65 0.070369 325 0.016250
66 0.077350 292 0.014600
67 0.084331 211 0.010550
68 0.091312 202 0.010100
69 0.098293 195 0.009750
70 0.105274 156 0.007800
71 0.112255 224 0.011200
72 0.119236 203 0.010150
73 0.126217 134 0.006700
74 0.133198 118 0.005900
75 0.140179 90 0.004500
76 0.147160 72 0.003600
77 0.154141 95 0.004750
78 0.161123 87 0.004350
79 0.168104 56 0.002800
80 0.175085 58 0.002900
81 0.182066 19 0.000950
82 0.189047 9 0.000450
83 0.196028 7 0.000350
84 0.203009 6 0.000300
85 0.209990 6 0.000300
86 0.216971 5 0.000250
87 0.223952 3 0.000150
88 0.230933 1 0.000050
89 0.237914 0 0.000000
90 0.244895 0 0.000000
91 0.251876 0 0.000000
92 0.258857 1 0.000050
93 0.265838 1 0.000050
94 0.272819 3 0.000150
95 0.279800 0 0.000000
96 0.286781 0 0.000000
97 0.293762 1 0.000050
98 0.300743 2 0.000100
99 0.307724 1 0.000050
