0 0.420624 1 0.000050
1 0.422367 8 0.000400
2 0.424109 4 0.000200
3 0.425851 1 0.000050
4 0.427594 0 0.000000
5 0.429336 7 0.000350
6 0.431079 8 0.000400
7 0.432821 14 0.000700
8 0.434564 12 0.000600
9 0.436306 7 0.000350
10 0.438049 22 0.001100
11 0.439791 6 0.000300
12 0.441534 18 0.000900
13 0.443276 15 0.000750
14 0.445019 8 0.000400
15 0.446761 8 0.000400
16 0.448503 27 0.001350
17 0.450246 30 0.001500
18 0.451988 20 0.001000
19 0.453731 27 0.001350
20 0.455473 28 0.001400
21 0.457216 41 0.002050
22 0.458958 65 0.003250
23 0.460701 45 0.002250
24 0.462443 61 0.003050
25 0.464186 39 0.001950
26 0.465928 49 0.002450
27 0.467671 45 0.002250
28 0.469413 45 0.002250
29 0.471155 60 0.003000
30 0.472898 33 0.001650
31 0.474640 64 0.003200
32 0.476383 98 0.004900
33 0.478125 111 0.005550
34 0.479868 179 0.008950
35 0.481610 183 0.009150
36 0.483353 171 0.008550
37 0.485095 220 0.011000
38 0.486838 269 0.013450
39 0.488580 392 0.019600
40 0.490322 498 0.024900
41 0.492065 613 0.030650
42 0.493807 739 0.036950
43 0.495550 975 0.048750
44 0.497292 1113 0.055650
45 0.499035 1594 0.079700
46 0.500777 1858 0.092900
47 0.502520 1710 0.085500
48 0.504262 1472 0.073600
49 0.506005 1253 0.062650
50 0.507747 1016 0.050800
51 0.509490 852 0.042600
52 0.511232 639 0.031950
53 0.512974 508 0.025400
54 0.514717 321 0.016050
55 0.516459 331 0.016550
56 0.518202 237 0.011850
57 0.519944 199 0.009950
58 0.521687 172 0.008600
59 0.523429 161 0.008050
60 0.525172 188 0.009400
61 0.526914 110 0.005500
62 0.528657 103 0.005150
63 0.530399 100 0.005000
64 0.532142 72 0.003600
65 0.533884 50 0.002500
66 0.535626 62 0.003100
67 0.537369 40 0.002000
68 0.539111 43 0.002150
69 0.540854 32 0.001600
70 0.542596 29 0.001450
71 0.544339 32 0.001600
72 0.546081 61 0.003050
73 0.547824 13 0.000650
74 0.549566 44 0.002200
75 0.551309 33 0.001650
76 0.553051 48 0.002400
77 0.554793 34 0.001700
78 0.556536 23 0.001150
79 0.558278 20 0.001000
80 0.560021 21 0.001050
81 0.561763 31 0.001550
82 0.563506 11 0.000550
83 0.565248 15 0.000750
84 0.566991 4 0.000200
85 0.568733 10 0.000500
86 0.570476 8 0.000400
87 0.572218 18 0.000900
88 0.573960 8 0.000400
89 0.575703 9 0.000450
90 0.577445 8 0.000400
91 0.579188 6 0.000300
92 0.580930 4 0.000200
93 0.582673 0 0.000000
94 0.584415 3 0.000150
95 0.586158 0 0.000000
96 0.587900 4 0.000200
97 0.589643 0 0.000000
98 0.591385 0 0.000000
99 0.593128 1 0.000050
