0 0.122462 1 0.000050
1 0.129380 1 0.000050
2 0.136299 0 0.000000
3 0.143218 0 0.000000
4 0.150136 0 0.000000
5 0.157055 0 0.000000
6 0.163973 0 0.000000
7 0.170892 0 0.000000
8 0.177811 0 0.000000
9 0.184729 0 0.000000
10 0.191648 0 0.000000
11 0.198567 0 0.000000
12 0.205485 6 0.000300
13 0.212404 6 0.000300
14 0.219323 10 0.000500
15 0.226241 3 0.000150
16 0.233160 3 0.000150
17 0.240078 2 0.000100
18 0.246997 0 0.000000
19 0.253916 1 0.000050
20 0.260834 0 0.000000
21 0.267753 0 0.000000
22 0.274671 1 0.000050
23 0.281590 0 0.000000
24 0.288509 1 0.000050
25 0.295427 6 0.000300
26 0.302346 14 0.000700
27 0.309265 26 0.001300
28 0.316183 32 0.001600
29 0.323102 58 0.002900
30 0.330021 65 0.003250
31 0.336939 31 0.001550
32 0.343858 49 0.002450
33 0.350776 61 0.003050
34 0.357695 173 0.008650
35 0.364614 116 0.005800
36 0.371532 238 0.011900
37 0.378451 140 0.007000
38 0.385370 152 0.007600
39 0.392288 147 0.007350
40 0.399207 141 0.007050
41 0.406125 221 0.011050
42 0.413044 282 0.014100
43 0.419963 446 0.022300
44 0.426881 808 0.040400
45 0.433800 411 0.020550
46 0.440719 268 0.013400
47 0.447637 265 0.013250
48 0.454556 417 0.020850
49 0.461474 449 0.022450
50 0.468393 766 0.038300
51 0.475312 476 0.023800
52 0.482230 464 0.023200
53 0.489149 519 0.025950
54 0.496068 4096 0.204800
55 0.502986 1081 0.054050
56 0.509905 620 0.031000
57 0.516823 543 0.027150
58 0.523742 764 0.038200
59 0.530661 788 0.039400
60 0.537579 375 0.018750
61 0.544498 367 0.018350
62 0.551417 362 0.018100
63 0.558335 417 0.020850
64 0.565254 434 0.021700
65 0.572172 514 0.025700
66 0.579091 251 0.012550
67 0.586010 276 0.013800
68 0.592928 189 0.009450
69 0.599847 173 0.008650
70 0.606766 183 0.009150
71 0.613684 139 0.006950
72 0.620603 228 0.011400
73 0.627521 330 0.016500
74 0.634440 98 0.004900
75 0.641359 75 0.003750
76 0.648277 44 0.002200
77 0.655196 96 0.004800
78 0.662115 45 0.002250
79 0.669033 95 0.004750
80 0.675952 57 0.002850
81 0.682870 25 0.001250
82 0.689789 12 0.000600
83 0.696708 11 0.000550
84 0.703626 16 0.000800
85 0.710545 5 0.000250
86 0.717464 1 0.000050
87 0.724382 0 0.000000
88 0.731301 0 0.000000
89 0.738219 0 0.000000
90 0.745138 0 0.000000
91 0.752057 1 0.000050
92 0.758975 1 0.000050
93 0.765894 0 0.000000
94 0.772813 1 0.000050
95 0.779731 1 0.000050
96 0.786650 3 0.000150
97 0.793568 3 0.000150
98 0.800487 3 0.000150
99 0.807406 1 0.000050
