0 0.012166 3 0.000150
1 0.021931 4 0.000200
2 0.031696 6 0.000300
3 0.041461 12 0.000600
4 0.051226 8 0.000400
5 0.060990 4 0.000200
6 0.070755 10 0.000500
7 0.080520 15 0.000750
8 0.090285 5 0.000250
9 0.100050 12 0.000600
10 0.109815 7 0.000350
11 0.119580 11 0.000550
12 0.129345 14 0.000700
13 0.139110 10 0.000500
14 0.148874 8 0.000400
15 0.158639 17 0.000850
16 0.168404 17 0.000850
17 0.178169 26 0.001300
18 0.187934 20 0.001000
19 0.197699 17 0.000850
20 0.207464 34 0.001700
21 0.217229 23 0.001150
22 0.226994 28 0.001400
23 0.236758 25 0.001250
24 0.246523 21 0.001050
25 0.256288 35 0.001750
26 0.266053 46 0.002300
27 0.275818 61 0.003050
28 0.285583 72 0.003600
29 0.295348 69 0.003450
30 0.305113 69 0.003450
31 0.314878 77 0.003850
32 0.324642 105 0.005250
33 0.334407 88 0.004400
34 0.344172 64 0.003200
35 0.353937 72 0.003600
36 0.363702 148 0.007400
37 0.373467 113 0.005650
38 0.383232 168 0.008400
39 0.392997 183 0.009150
40 0.402762 201 0.010050
41 0.412526 255 0.012750
42 0.422291 286 0.014300
43 0.432056 311 0.015550
44 0.441821 450 0.022500
45 0.451586 581 0.029050
46 0.461351 740 0.037000
47 0.471116 1046 0.052300
48 0.480881 1692 0.084600
49 0.490646 3073 0.153650
50 0.500410 2834 0.141700
51 0.510175 1532 0.076600
52 0.519940 967 0.048350
53 0.529705 676 0.033800
54 0.539470 435 0.021750
55 0.549235 366 0.018300
56 0.559000 385 0.019250
57 0.568765 351 0.017550
58 0.578530 274 0.013700
59 0.588295 201 0.010050
60 0.598059 158 0.007900
61 0.607824 171 0.008550
62 0.617589 139 0.006950
63 0.627354 107 0.005350
64 0.637119 116 0.005800
65 0.646884 109 0.005450
66 0.656649 89 0.004450
67 0.666414 64 0.003200
68 0.676179 91 0.004550
69 0.685943 47 0.002350
70 0.695708 58 0.002900
71 0.705473 28 0.001400
72 0.715238 42 0.002100
73 0.725003 31 0.001550
74 0.734768 27 0.001350
75 0.744533 19 0.000950
76 0.754298 21 0.001050
77 0.764063 37 0.001850
78 0.773827 32 0.001600
79 0.783592 26 0.001300
80 0.793357 9 0.000450
81 0.803122 19 0.000950
82 0.812887 18 0.000900
83 0.822652 19 0.000950
84 0.832417 10 0.000500
85 0.842182 20 0.001000
86 0.851946 15 0.000750
87 0.861711 6 0.000300
88 0.871476 7 0.000350
89 0.881241 6 0.000300
90 0.891006 9 0.000450
91 0.900771 9 0.000450
92 0.910536 13 0.000650
93 0.920301 10 0.000500
94 0.930066 18 0.000900
95 0.939830 3 0.000150
96 0.949595 2 0.000100
97 0.959360 3 0.000150
98 0.969125 8 0.000400
99 0.978890 1 0.000050
