0 -0.001676 11 0.000183
1 0.008606 0 0.000000
2 0.018888 6 0.000100
3 0.029170 17 0.000283
4 0.039451 5 0.000083
5 0.049733 6 0.000100
6 0.060015 11 0.000183
7 0.070297 6 0.000100
8 0.080579 9 0.000150
9 0.090860 17 0.000283
10 0.101142 4 0.000067
11 0.111424 23 0.000383
12 0.121706 6 0.000100
13 0.131987 17 0.000283
14 0.142269 27 0.000450
15 0.152551 31 0.000517
16 0.162833 26 0.000433
17 0.173114 25 0.000417
18 0.183396 25 0.000417
19 0.193678 35 0.000583
20 0.203960 39 0.000650
21 0.214241 32 0.000533
22 0.224523 27 0.000450
23 0.234805 26 0.000433
24 0.245087 32 0.000533
25 0.255368 75 0.001250
26 0.265650 53 0.000883
27 0.275932 66 0.001100
28 0.286214 115 0.001917
29 0.296495 107 0.001783
30 0.306777 73 0.001217
31 0.317059 167 0.002783
32 0.327341 285 0.004750
33 0.337622 256 0.004267
34 0.347904 165 0.002750
35 0.358186 156 0.002600
36 0.368468 144 0.002400
37 0.378749 154 0.002567
38 0.389031 163 0.002717
39 0.399313 220 0.003667
40 0.409595 247 0.004117
41 0.419876 331 0.005517
42 0.430158 405 0.006750
43 0.440440 489 0.008150
44 0.450722 758 0.012633
45 0.461003 958 0.015967
46 0.471285 1536 0.025600
47 0.481567 3053 0.050883
48 0.491849 9408 0.156800
49 0.502130 10732 0.178867
50 0.512412 3880 0.064667
51 0.522694 2086 0.034767
52 0.532976 1170 0.019500
53 0.543257 1001 0.016683
54 0.553539 799 0.013317
55 0.563821 879 0.014650
56 0.574103 1212 0.020200
57 0.584385 2017 0.033617
58 0.594666 2843 0.047383
59 0.604948 1963 0.032717
60 0.615230 1257 0.020950
61 0.625512 999 0.016650
62 0.635793 600 0.010000
63 0.646075 529 0.008817
64 0.656357 447 0.007450
65 0.666639 325 0.005417
66 0.676920 350 0.005833
67 0.687202 239 0.003983
68 0.697484 228 0.003800
69 0.707766 208 0.003467
70 0.718047 217 0.003617
71 0.728329 188 0.003133
72 0.738611 220 0.003667
73 0.748893 175 0.002917
74 0.759174 216 0.003600
75 0.769456 177 0.002950
76 0.779738 229 0.003817
77 0.790020 184 0.003067
78 0.800301 173 0.002883
79 0.810583 198 0.003300
80 0.820865 219 0.003650
81 0.831147 207 0.003450
82 0.841428 279 0.004650
83 0.851710 269 0.004483
84 0.861992 392 0.006533
85 0.872274 481 0.008017
86 0.882555 417 0.006950
87 0.892837 431 0.007183
88 0.903119 296 0.004933
89 0.913401 287 0.004783
90 0.923682 305 0.005083
91 0.933964 337 0.005617
92 0.944246 258 0.004300
93 0.954528 93 0.001550
94 0.964809 57 0.000950
95 0.975091 33 0.000550
96 0.985373 43 0.000717
97 0.995655 5 0.000083
98 1.005937 2 0.000033
99 1.016218 1 0.000017
