0 0.009706 8 0.000133
1 0.019705 4 0.000067
2 0.029705 14 0.000233
3 0.039705 13 0.000217
4 0.049705 20 0.000333
5 0.059704 7 0.000117
6 0.069704 12 0.000200
7 0.079704 25 0.000417
8 0.089704 9 0.000150
9 0.099703 15 0.000250
10 0.109703 9 0.000150
11 0.119703 17 0.000283
12 0.129703 20 0.000333
13 0.139702 14 0.000233
14 0.149702 10 0.000167
15 0.159702 18 0.000300
16 0.169702 21 0.000350
17 0.179701 30 0.000500
18 0.189701 23 0.000383
19 0.199701 24 0.000400
20 0.209700 43 0.000717
21 0.219700 39 0.000650
22 0.229700 34 0.000567
23 0.239700 39 0.000650
24 0.249699 56 0.000933
25 0.259699 64 0.001067
26 0.269699 79 0.001317
27 0.279699 112 0.001867
28 0.289698 100 0.001667
29 0.299698 120 0.002000
30 0.309698 229 0.003817
31 0.319698 229 0.003817
32 0.329697 400 0.006667
33 0.339697 240 0.004000
34 0.349697 239 0.003983
35 0.359697 348 0.005800
36 0.369696 439 0.007317
37 0.379696 382 0.006367
38 0.389696 416 0.006933
39 0.399696 453 0.007550
40 0.409695 669 0.011150
41 0.419695 1093 0.018217
42 0.429695 1177 0.019617
43 0.439695 851 0.014183
44 0.449694 1119 0.018650
45 0.459694 1461 0.024350
46 0.469694 2039 0.033983
47 0.479693 2377 0.039617
48 0.489693 3973 0.066217
49 0.499693 7900 0.131667
50 0.509693 2632 0.043867
51 0.519692 2103 0.035050
52 0.529692 1945 0.032417
53 0.539692 1225 0.020417
54 0.549692 1306 0.021767
55 0.559691 1453 0.024217
56 0.569691 1905 0.031750
57 0.579691 2561 0.042683
58 0.589691 3137 0.052283
59 0.599690 1950 0.032500
60 0.609690 1374 0.022900
61 0.619690 1375 0.022917
62 0.629690 884 0.014733
63 0.639689 592 0.009867
64 0.649689 509 0.008483
65 0.659689 412 0.006867
66 0.669689 413 0.006883
67 0.679688 308 0.005133
68 0.689688 243 0.004050
69 0.699688 241 0.004017
70 0.709688 215 0.003583
71 0.719687 199 0.003317
72 0.729687 193 0.003217
73 0.739687 197 0.003283
74 0.749686 195 0.003250
75 0.759686 180 0.003000
76 0.769686 215 0.003583
77 0.779686 232 0.003867
78 0.789685 199 0.003317
79 0.799685 170 0.002833
80 0.809685 202 0.003367
81 0.819685 267 0.004450
82 0.829684 240 0.004000
83 0.839684 218 0.003633
84 0.849684 354 0.005900
85 0.859684 462 0.007700
86 0.869683 386 0.006433
87 0.879683 417 0.006950
88 0.889683 281 0.004683
89 0.899683 299 0.004983
90 0.909682 295 0.004917
91 0.919682 359 0.005983
92 0.929682 255 0.004250
93 0.939682 162 0.002700
94 0.949681 61 0.001017
95 0.959681 62 0.001033
96 0.969681 49 0.000817
97 0.979681 24 0.000400
98 0.989680 10 0.000167
99 0.999680 1 0.000017
