0 0.026214 3 0.000150
1 0.035834 0 0.000000
2 0.045453 10 0.000500
3 0.055073 4 0.000200
4 0.064693 5 0.000250
5 0.074312 6 0.000300
6 0.083932 9 0.000450
7 0.093551 8 0.000400
8 0.103171 3 0.000150
9 0.112791 11 0.000550
10 0.122410 6 0.000300
11 0.132030 13 0.000650
12 0.141650 19 0.000950
13 0.151269 33 0.001650
14 0.160889 18 0.000900
15 0.170508 20 0.001000
16 0.180128 18 0.000900
17 0.189748 37 0.001850
18 0.199367 24 0.001200
19 0.208987 18 0.000900
20 0.218606 19 0.000950
21 0.228226 29 0.001450
22 0.237846 9 0.000450
23 0.247465 42 0.002100
24 0.257085 40 0.002000
25 0.266704 27 0.001350
26 0.276324 31 0.001550
27 0.285944 63 0.003150
28 0.295563 101 0.005050
29 0.305183 36 0.001800
30 0.314803 64 0.003200
31 0.324422 101 0.005050
32 0.334042 88 0.004400
33 0.343661 72 0.003600
34 0.353281 98 0.004900
35 0.362901 102 0.005100
36 0.372520 146 0.007300
37 0.382140 124 0.006200
38 0.391759 123 0.006150
39 0.401379 221 0.011050
40 0.410999 204 0.010200
41 0.420618 263 0.013150
42 0.430238 290 0.014500
43 0.439857 353 0.017650
44 0.449477 456 0.022800
45 0.459097 504 0.025200
46 0.468716 797 0.039850
47 0.478336 1071 0.053550
48 0.487956 1795 0.089750
49 0.497575 3419 0.170950
50 0.507195 2599 0.129950
51 0.516814 1307 0.065350
52 0.526434 936 0.046800
53 0.536054 640 0.032000
54 0.545673 408 0.020400
55 0.555293 319 0.015950
56 0.564912 346 0.017300
57 0.574532 383 0.019150
58 0.584152 260 0.013000
59 0.593771 201 0.010050
60 0.603391 166 0.008300
61 0.613010 160 0.008000
62 0.622630 158 0.007900
63 0.632250 109 0.005450
64 0.641869 89 0.004450
65 0.651489 116 0.005800
66 0.661109 81 0.004050
67 0.670728 85 0.004250
68 0.680348 81 0.004050
69 0.689967 50 0.002500
70 0.699587 64 0.003200
71 0.709207 20 0.001000
72 0.718826 38 0.001900
73 0.728446 31 0.001550
74 0.738065 36 0.001800
75 0.747685 25 0.001250
76 0.757305 32 0.001600
77 0.766924 32 0.001600
78 0.776544 21 0.001050
79 0.786163 29 0.001450
80 0.795783 17 0.000850
81 0.805403 17 0.000850
82 0.815022 16 0.000800
83 0.824642 17 0.000850
84 0.834262 18 0.000900
85 0.843881 8 0.000400
86 0.853501 6 0.000300
87 0.863120 23 0.001150
88 0.872740 20 0.001000
89 0.882360 11 0.000550
90 0.891979 2 0.000100
91 0.901599 9 0.000450
92 0.911218 8 0.000400
93 0.920838 9 0.000450
94 0.930458 15 0.000750
95 0.940077 1 0.000050
96 0.949697 18 0.000900
97 0.959316 3 0.000150
98 0.968936 6 0.000300
99 0.978556 1 0.000050
