0 0.009706 5 0.000250
1 0.019705 1 0.000050
2 0.029705 8 0.000400
3 0.039705 7 0.000350
4 0.049705 5 0.000250
5 0.059704 3 0.000150
6 0.069704 4 0.000200
7 0.079704 8 0.000400
8 0.089704 4 0.000200
9 0.099703 3 0.000150
10 0.109703 2 0.000100
11 0.119703 4 0.000200
12 0.129703 5 0.000250
13 0.139702 4 0.000200
14 0.149702 2 0.000100
15 0.159702 2 0.000100
16 0.169702 2 0.000100
17 0.179701 5 0.000250
18 0.189701 1 0.000050
19 0.199701 0 0.000000
20 0.209700 2 0.000100
21 0.219700 1 0.000050
22 0.229700 4 0.000200
23 0.239700 8 0.000400
24 0.249699 34 0.001700
25 0.259699 26 0.001300
26 0.269699 22 0.001100
27 0.279699 43 0.002150
28 0.289698 25 0.001250
29 0.299698 27 0.001350
30 0.309698 112 0.005600
31 0.319698 83 0.004150
32 0.329697 202 0.010100
33 0.339697 100 0.005000
34 0.349697 55 0.002750
35 0.359697 15 0.000750
36 0.369696 24 0.001200
37 0.379696 18 0.000900
38 0.389696 23 0.001150
39 0.399696 17 0.000850
40 0.409695 28 0.001400
41 0.419695 31 0.001550
42 0.429695 22 0.001100
43 0.439695 38 0.001900
44 0.449694 61 0.003050
45 0.459694 52 0.002600
46 0.469694 66 0.003300
47 0.479693 67 0.003350
48 0.489693 125 0.006250
49 0.499693 113 0.005650
50 0.509693 119 0.005950
51 0.519692 188 0.009400
52 0.529692 214 0.010700
53 0.539692 233 0.011650
54 0.549692 391 0.019550
55 0.559691 525 0.026250
56 0.569691 799 0.039950
57 0.579691 1911 0.095550
58 0.589691 2638 0.131900
59 0.599690 1538 0.076900
60 0.609690 970 0.048500
61 0.619690 841 0.042050
62 0.629690 517 0.025850
63 0.639689 379 0.018950
64 0.649689 311 0.015550
65 0.659689 227 0.011350
66 0.669689 216 0.010800
67 0.679688 196 0.009800
68 0.689688 179 0.008950
69 0.699688 165 0.008250
70 0.709688 174 0.008700
71 0.719687 161 0.008050
72 0.729687 163 0.008150
73 0.739687 177 0.008850
74 0.749686 174 0.008700
75 0.759686 142 0.007100
76 0.769686 182 0.009100
77 0.779686 197 0.009850
78 0.789685 182 0.009100
79 0.799685 148 0.007400
80 0.809685 184 0.009200
81 0.819685 250 0.012500
82 0.829684 228 0.011400
83 0.839684 200 0.010000
84 0.849684 335 0.016750
85 0.859684 455 0.022750
86 0.869683 379 0.018950
87 0.879683 414 0.020700
88 0.889683 271 0.013550
89 0.899683 288 0.014400
90 0.909682 283 0.014150
91 0.919682 349 0.017450
92 0.929682 236 0.011800
93 0.939682 159 0.007950
94 0.949681 59 0.002950
95 0.959681 58 0.002900
96 0.969681 41 0.002050
97 0.979681 24 0.001200
98 0.989680 10 0.000500
99 0.999680 1 0.000050
