initializing
training size    : 359556
testing size     : 20000
epoch count      : 10
sub epoch size   : 5

epoch_learning_rate_decay   : 8
learning_rate_decay         : 0.250000

training



epoch [0 0] from [10 5]
training time per iterations 0.906871[ms]
testing on 20000 items
testing done
average error 0.002847
min error     0.000000
max error     0.254445
saving best net
best net saved to networks/disc16x16x3_window_size_4/net_4_depth/trained/, with error 0.002847



epoch [0 1] from [10 5]
training time per iterations 0.904785[ms]
testing on 20000 items
testing done
average error 0.002651
min error     0.000000
max error     0.262124
saving best net
best net saved to networks/disc16x16x3_window_size_4/net_4_depth/trained/, with error 0.002651



epoch [0 2] from [10 5]
training time per iterations 0.903381[ms]
testing on 20000 items
testing done
average error 0.002451
min error     0.000000
max error     0.276178
saving best net
best net saved to networks/disc16x16x3_window_size_4/net_4_depth/trained/, with error 0.002451



epoch [0 3] from [10 5]
training time per iterations 0.903742[ms]
testing on 20000 items
testing done
average error 0.002103
min error     0.000000
max error     0.268612
saving best net
best net saved to networks/disc16x16x3_window_size_4/net_4_depth/trained/, with error 0.002103



epoch [0 4] from [10 5]
training time per iterations 0.905202[ms]
testing on 20000 items
testing done
average error 0.002071
min error     0.000000
max error     0.280543
saving best net
best net saved to networks/disc16x16x3_window_size_4/net_4_depth/trained/, with error 0.002071



epoch [1 0] from [10 5]
training time per iterations 0.903311[ms]
testing on 20000 items
testing done
average error 0.002076
min error     0.000000
max error     0.293905



epoch [1 1] from [10 5]
training time per iterations 0.904284[ms]
testing on 20000 items
testing done
average error 0.001866
min error     0.000000
max error     0.256255
saving best net
best net saved to networks/disc16x16x3_window_size_4/net_4_depth/trained/, with error 0.001866



epoch [1 2] from [10 5]
training time per iterations 0.901684[ms]
testing on 20000 items
testing done
average error 0.001853
min error     0.000000
max error     0.259123
saving best net
best net saved to networks/disc16x16x3_window_size_4/net_4_depth/trained/, with error 0.001853



epoch [1 3] from [10 5]
training time per iterations 0.896302[ms]
testing on 20000 items
testing done
average error 0.001816
min error     0.000000
max error     0.231646
saving best net
best net saved to networks/disc16x16x3_window_size_4/net_4_depth/trained/, with error 0.001816



epoch [1 4] from [10 5]
training time per iterations 0.902852[ms]
testing on 20000 items
testing done
average error 0.001805
min error     0.000000
max error     0.263061
saving best net
best net saved to networks/disc16x16x3_window_size_4/net_4_depth/trained/, with error 0.001805



epoch [2 0] from [10 5]
training time per iterations 0.904173[ms]
testing on 20000 items
testing done
average error 0.001754
min error     0.000000
max error     0.232441
saving best net
best net saved to networks/disc16x16x3_window_size_4/net_4_depth/trained/, with error 0.001754



epoch [2 1] from [10 5]
training time per iterations 0.904215[ms]
testing on 20000 items
testing done
average error 0.001789
min error     0.000000
max error     0.255551



epoch [2 2] from [10 5]
training time per iterations 0.906885[ms]
testing on 20000 items
testing done
average error 0.001799
min error     0.000000
max error     0.239027



epoch [2 3] from [10 5]
training time per iterations 0.906231[ms]
testing on 20000 items
testing done
average error 0.001976
min error     0.000000
max error     0.249860



epoch [2 4] from [10 5]
training time per iterations 0.902977[ms]
testing on 20000 items
testing done
average error 0.001797
min error     0.000000
max error     0.238802



epoch [3 0] from [10 5]
training time per iterations 0.904201[ms]
testing on 20000 items
testing done
average error 0.001779
min error     0.000000
max error     0.243009



epoch [3 1] from [10 5]
training time per iterations 0.905578[ms]
testing on 20000 items
testing done
average error 0.001730
min error     0.000000
max error     0.231718
saving best net
best net saved to networks/disc16x16x3_window_size_4/net_4_depth/trained/, with error 0.001730



epoch [3 2] from [10 5]
training time per iterations 0.901920[ms]
testing on 20000 items
testing done
average error 0.001727
min error     0.000000
max error     0.246407
saving best net
best net saved to networks/disc16x16x3_window_size_4/net_4_depth/trained/, with error 0.001727



epoch [3 3] from [10 5]
training time per iterations 0.904215[ms]
testing on 20000 items
testing done
average error 0.001823
min error     0.000000
max error     0.230592



epoch [3 4] from [10 5]
training time per iterations 0.904743[ms]
testing on 20000 items
testing done
average error 0.001845
min error     0.000000
max error     0.263120



epoch [4 0] from [10 5]
training time per iterations 0.903075[ms]
testing on 20000 items
testing done
average error 0.001786
min error     0.000000
max error     0.248461



epoch [4 1] from [10 5]
training time per iterations 0.906037[ms]
testing on 20000 items
testing done
average error 0.001749
min error     0.000000
max error     0.214437



epoch [4 2] from [10 5]
training time per iterations 0.904785[ms]
testing on 20000 items
testing done
average error 0.001673
min error     0.000000
max error     0.234030
saving best net
best net saved to networks/disc16x16x3_window_size_4/net_4_depth/trained/, with error 0.001673



epoch [4 3] from [10 5]
training time per iterations 0.903255[ms]
testing on 20000 items
testing done
average error 0.001776
min error     0.000000
max error     0.243596



epoch [4 4] from [10 5]
training time per iterations 0.903019[ms]
testing on 20000 items
testing done
average error 0.001700
min error     0.000000
max error     0.232313



epoch [5 0] from [10 5]
training time per iterations 0.902755[ms]
testing on 20000 items
testing done
average error 0.001778
min error     0.000000
max error     0.227181



epoch [5 1] from [10 5]
training time per iterations 0.905077[ms]
testing on 20000 items
testing done
average error 0.001676
min error     0.000000
max error     0.227630



epoch [5 2] from [10 5]
training time per iterations 0.902755[ms]
testing on 20000 items
testing done
average error 0.001759
min error     0.000000
max error     0.235432



epoch [5 3] from [10 5]
training time per iterations 0.906885[ms]
testing on 20000 items
testing done
average error 0.001867
min error     0.000000
max error     0.253448



epoch [5 4] from [10 5]
training time per iterations 0.903172[ms]
testing on 20000 items
testing done
average error 0.001732
min error     0.000000
max error     0.229972



epoch [6 0] from [10 5]
training time per iterations 0.903186[ms]
testing on 20000 items
testing done
average error 0.001679
min error     0.000000
max error     0.235251



epoch [6 1] from [10 5]
training time per iterations 0.906273[ms]
testing on 20000 items
testing done
average error 0.001667
min error     0.000000
max error     0.224146
saving best net
best net saved to networks/disc16x16x3_window_size_4/net_4_depth/trained/, with error 0.001667



epoch [6 2] from [10 5]
training time per iterations 0.903923[ms]
testing on 20000 items
testing done
average error 0.001736
min error     0.000000
max error     0.238473



epoch [6 3] from [10 5]
training time per iterations 0.905856[ms]
testing on 20000 items
testing done
average error 0.001704
min error     0.000000
max error     0.237510



epoch [6 4] from [10 5]
training time per iterations 0.901823[ms]
testing on 20000 items
testing done
average error 0.001664
min error     0.000000
max error     0.241044
saving best net
best net saved to networks/disc16x16x3_window_size_4/net_4_depth/trained/, with error 0.001664



epoch [7 0] from [10 5]
training time per iterations 0.906190[ms]
testing on 20000 items
testing done
average error 0.001636
min error     0.000000
max error     0.234700
saving best net
best net saved to networks/disc16x16x3_window_size_4/net_4_depth/trained/, with error 0.001636



epoch [7 1] from [10 5]
training time per iterations 0.903687[ms]
testing on 20000 items
testing done
average error 0.001622
min error     0.000000
max error     0.218688
saving best net
best net saved to networks/disc16x16x3_window_size_4/net_4_depth/trained/, with error 0.001622



epoch [7 2] from [10 5]
training time per iterations 0.903561[ms]
testing on 20000 items
testing done
average error 0.001671
min error     0.000000
max error     0.230365



epoch [7 3] from [10 5]
training time per iterations 0.904340[ms]
testing on 20000 items
testing done
average error 0.001767
min error     0.000000
max error     0.241094



epoch [7 4] from [10 5]
training time per iterations 0.904535[ms]
testing on 20000 items
testing done
average error 0.001668
min error     0.000000
max error     0.239616
setting learning rate to 0.000050



epoch [8 0] from [10 5]
training time per iterations 0.910389[ms]
testing on 20000 items
testing done
average error 0.001710
min error     0.000000
max error     0.246393



epoch [8 1] from [10 5]
training time per iterations 0.908359[ms]
testing on 20000 items
testing done
average error 0.001650
min error     0.000000
max error     0.233812



epoch [8 2] from [10 5]
training time per iterations 0.904271[ms]
testing on 20000 items
testing done
average error 0.001651
min error     0.000000
max error     0.239875



epoch [8 3] from [10 5]
training time per iterations 0.885706[ms]
testing on 20000 items
testing done
average error 0.001662
min error     0.000000
max error     0.224635



epoch [8 4] from [10 5]
training time per iterations 0.901503[ms]
testing on 20000 items
testing done
average error 0.001664
min error     0.000000
max error     0.230775



epoch [9 0] from [10 5]
training time per iterations 0.907733[ms]
testing on 20000 items
testing done
average error 0.001673
min error     0.000000
max error     0.234529



epoch [9 1] from [10 5]
training time per iterations 0.903089[ms]
testing on 20000 items
testing done
average error 0.001640
min error     0.000000
max error     0.237746



epoch [9 2] from [10 5]
training time per iterations 0.904465[ms]
testing on 20000 items
testing done
average error 0.001686
min error     0.000000
max error     0.243730



epoch [9 3] from [10 5]
training time per iterations 0.902713[ms]
testing on 20000 items
testing done
average error 0.001679
min error     0.000000
max error     0.232240



epoch [9 4] from [10 5]
training time per iterations 0.905174[ms]
testing on 20000 items
testing done
average error 0.001657
min error     0.000000
max error     0.236493
training done
