0.000000 0 0 0.002847 0.000000 0.254445 0.002864 0.000000 0.158643
0.200000 0 1 0.002651 0.000000 0.262124 0.002704 0.000000 0.165327
0.400000 0 2 0.002451 0.000000 0.276178 0.002541 0.000000 0.273828
0.600000 0 3 0.002103 0.000000 0.268612 0.002220 0.000000 0.273591
0.800000 0 4 0.002071 0.000000 0.280543 0.002085 0.000000 0.220682
1.000000 1 0 0.002076 0.000000 0.293905 0.002110 0.000000 0.301565
1.200000 1 1 0.001866 0.000000 0.256255 0.001886 0.000000 0.164754
1.400000 1 2 0.001853 0.000000 0.259123 0.001847 0.000000 0.199476
1.600000 1 3 0.001816 0.000000 0.231646 0.001821 0.000000 0.231396
1.800000 1 4 0.001805 0.000000 0.263061 0.001821 0.000000 0.252227
2.000000 2 0 0.001754 0.000000 0.232441 0.001755 0.000000 0.172851
2.200000 2 1 0.001789 0.000000 0.255551 0.001783 0.000000 0.194635
2.400000 2 2 0.001799 0.000000 0.239027 0.001807 0.000000 0.233395
2.600000 2 3 0.001976 0.000000 0.249860 0.002005 0.000000 0.248787
2.800000 2 4 0.001797 0.000000 0.238802 0.001840 0.000000 0.234159
3.000000 3 0 0.001779 0.000000 0.243009 0.001820 0.000000 0.225828
3.200000 3 1 0.001730 0.000000 0.231718 0.001726 0.000000 0.151988
3.400000 3 2 0.001727 0.000000 0.246407 0.001736 0.000000 0.167140
3.600000 3 3 0.001823 0.000000 0.230592 0.001813 0.000000 0.156508
3.800000 3 4 0.001845 0.000000 0.263120 0.001882 0.000000 0.258304
4.000000 4 0 0.001786 0.000000 0.248461 0.001815 0.000000 0.180370
4.200000 4 1 0.001749 0.000000 0.214437 0.001797 0.000000 0.212795
4.400000 4 2 0.001673 0.000000 0.234030 0.001690 0.000000 0.217961
4.600000 4 3 0.001776 0.000000 0.243596 0.001799 0.000000 0.162123
4.800000 4 4 0.001700 0.000000 0.232313 0.001731 0.000000 0.189473
5.000000 5 0 0.001778 0.000000 0.227181 0.001755 0.000000 0.178951
5.200000 5 1 0.001676 0.000000 0.227630 0.001687 0.000000 0.138252
5.400000 5 2 0.001759 0.000000 0.235432 0.001802 0.000000 0.253120
5.600000 5 3 0.001867 0.000000 0.253448 0.001889 0.000000 0.176725
5.800000 5 4 0.001732 0.000000 0.229972 0.001735 0.000000 0.225784
6.000000 6 0 0.001679 0.000000 0.235251 0.001694 0.000000 0.226027
6.200000 6 1 0.001667 0.000000 0.224146 0.001697 0.000000 0.236676
6.400000 6 2 0.001736 0.000000 0.238473 0.001802 0.000000 0.240489
6.600000 6 3 0.001704 0.000000 0.237510 0.001740 0.000000 0.204130
6.800000 6 4 0.001664 0.000000 0.241044 0.001708 0.000000 0.227322
7.000000 7 0 0.001636 0.000000 0.234700 0.001636 0.000000 0.220972
7.200000 7 1 0.001622 0.000000 0.218688 0.001655 0.000000 0.225362
7.400000 7 2 0.001671 0.000000 0.230365 0.001741 0.000000 0.198471
7.600000 7 3 0.001767 0.000000 0.241094 0.001794 0.000000 0.224769
7.800000 7 4 0.001668 0.000000 0.239616 0.001681 0.000000 0.217470
8.000000 8 0 0.001710 0.000000 0.246393 0.001746 0.000000 0.241463
8.200000 8 1 0.001650 0.000000 0.233812 0.001681 0.000000 0.214788
8.400000 8 2 0.001651 0.000000 0.239875 0.001679 0.000000 0.235031
8.600000 8 3 0.001662 0.000000 0.224635 0.001706 0.000000 0.218820
8.800000 8 4 0.001664 0.000000 0.230775 0.001676 0.000000 0.164817
9.000000 9 0 0.001673 0.000000 0.234529 0.001727 0.000000 0.240838
9.200000 9 1 0.001640 0.000000 0.237746 0.001694 0.000000 0.226219
9.400000 9 2 0.001686 0.000000 0.243730 0.001679 0.000000 0.144068
9.600000 9 3 0.001679 0.000000 0.232240 0.001722 0.000000 0.187650
9.800000 9 4 0.001657 0.000000 0.236493 0.001667 0.000000 0.231342
