0 -0.395082 1 0.000050
1 -0.386660 0 0.000000
2 -0.378239 1 0.000050
3 -0.369817 0 0.000000
4 -0.361396 0 0.000000
5 -0.352974 1 0.000050
6 -0.344553 1 0.000050
7 -0.336131 2 0.000100
8 -0.327710 1 0.000050
9 -0.319288 1 0.000050
10 -0.310867 0 0.000000
11 -0.302445 1 0.000050
12 -0.294024 4 0.000200
13 -0.285602 3 0.000150
14 -0.277181 6 0.000300
15 -0.268759 3 0.000150
16 -0.260338 1 0.000050
17 -0.251916 2 0.000100
18 -0.243495 2 0.000100
19 -0.235073 1 0.000050
20 -0.226652 4 0.000200
21 -0.218230 4 0.000200
22 -0.209809 8 0.000400
23 -0.201387 9 0.000450
24 -0.192966 16 0.000800
25 -0.184544 49 0.002450
26 -0.176123 67 0.003350
27 -0.167701 53 0.002650
28 -0.159280 96 0.004800
29 -0.150858 152 0.007600
30 -0.142437 189 0.009450
31 -0.134015 251 0.012550
32 -0.125594 146 0.007300
33 -0.117172 144 0.007200
34 -0.108751 204 0.010200
35 -0.100329 228 0.011400
36 -0.091908 297 0.014850
37 -0.083486 675 0.033750
38 -0.075065 703 0.035150
39 -0.066643 431 0.021550
40 -0.058222 400 0.020000
41 -0.049800 522 0.026100
42 -0.041379 634 0.031700
43 -0.032957 707 0.035350
44 -0.024536 703 0.035150
45 -0.016114 988 0.049400
46 -0.007693 4264 0.213200
47 0.000729 1116 0.055800
48 0.009150 642 0.032100
49 0.017572 835 0.041750
50 0.025993 875 0.043750
51 0.034415 532 0.026600
52 0.042836 441 0.022050
53 0.051258 470 0.023500
54 0.059679 548 0.027400
55 0.068101 405 0.020250
56 0.076522 289 0.014450
57 0.084944 239 0.011950
58 0.093365 204 0.010200
59 0.101786 160 0.008000
60 0.110208 198 0.009900
61 0.118629 349 0.017450
62 0.127051 196 0.009800
63 0.135473 104 0.005200
64 0.143894 91 0.004550
65 0.152315 101 0.005050
66 0.160737 110 0.005500
67 0.169158 50 0.002500
68 0.177580 15 0.000750
69 0.186001 9 0.000450
70 0.194423 9 0.000450
71 0.202844 6 0.000300
72 0.211266 6 0.000300
73 0.219687 1 0.000050
74 0.228109 2 0.000100
75 0.236530 4 0.000200
76 0.244952 2 0.000100
77 0.253373 0 0.000000
78 0.261795 1 0.000050
79 0.270216 0 0.000000
80 0.278638 2 0.000100
81 0.287059 0 0.000000
82 0.295481 2 0.000100
83 0.303902 2 0.000100
84 0.312324 0 0.000000
85 0.320745 0 0.000000
86 0.329167 3 0.000150
87 0.337588 1 0.000050
88 0.346010 0 0.000000
89 0.354431 1 0.000050
90 0.362853 0 0.000000
91 0.371274 0 0.000000
92 0.379696 2 0.000100
93 0.388117 0 0.000000
94 0.396539 1 0.000050
95 0.404960 0 0.000000
96 0.413382 0 0.000000
97 0.421803 0 0.000000
98 0.430225 0 0.000000
99 0.438646 1 0.000050
