0 0.000000 50380 0.839667
1 0.001944 2502 0.041700
2 0.003887 2089 0.034817
3 0.005831 1257 0.020950
4 0.007774 663 0.011050
5 0.009718 473 0.007883
6 0.011661 346 0.005767
7 0.013605 492 0.008200
8 0.015548 457 0.007617
9 0.017492 310 0.005167
10 0.019435 191 0.003183
11 0.021379 195 0.003250
12 0.023323 147 0.002450
13 0.025266 109 0.001817
14 0.027210 111 0.001850
15 0.029153 85 0.001417
16 0.031097 46 0.000767
17 0.033040 24 0.000400
18 0.034984 14 0.000233
19 0.036927 13 0.000217
20 0.038871 9 0.000150
21 0.040814 8 0.000133
22 0.042758 7 0.000117
23 0.044701 5 0.000083
24 0.046645 7 0.000117
25 0.048589 3 0.000050
26 0.050532 1 0.000017
27 0.052476 3 0.000050
28 0.054419 2 0.000033
29 0.056363 3 0.000050
30 0.058306 2 0.000033
31 0.060250 3 0.000050
32 0.062193 1 0.000017
33 0.064137 1 0.000017
34 0.066080 0 0.000000
35 0.068024 4 0.000067
36 0.069968 0 0.000000
37 0.071911 3 0.000050
38 0.073855 3 0.000050
39 0.075798 0 0.000000
40 0.077742 3 0.000050
41 0.079685 1 0.000017
42 0.081629 2 0.000033
43 0.083572 2 0.000033
44 0.085516 1 0.000017
45 0.087459 1 0.000017
46 0.089403 1 0.000017
47 0.091346 2 0.000033
48 0.093290 1 0.000017
49 0.095234 0 0.000000
50 0.097177 0 0.000000
51 0.099121 1 0.000017
52 0.101064 0 0.000000
53 0.103008 1 0.000017
54 0.104951 0 0.000000
55 0.106895 2 0.000033
56 0.108838 2 0.000033
57 0.110782 1 0.000017
58 0.112725 0 0.000000
59 0.114669 2 0.000033
60 0.116613 0 0.000000
61 0.118556 0 0.000000
62 0.120500 0 0.000000
63 0.122443 1 0.000017
64 0.124387 0 0.000000
65 0.126330 0 0.000000
66 0.128274 0 0.000000
67 0.130217 1 0.000017
68 0.132161 0 0.000000
69 0.134104 0 0.000000
70 0.136048 0 0.000000
71 0.137992 0 0.000000
72 0.139935 1 0.000017
73 0.141879 0 0.000000
74 0.143822 0 0.000000
75 0.145766 1 0.000017
76 0.147709 0 0.000000
77 0.149653 1 0.000017
78 0.151596 0 0.000000
79 0.153540 0 0.000000
80 0.155483 1 0.000017
81 0.157427 0 0.000000
82 0.159370 1 0.000017
83 0.161314 0 0.000000
84 0.163258 0 0.000000
85 0.165201 0 0.000000
86 0.167145 0 0.000000
87 0.169088 0 0.000000
88 0.171032 0 0.000000
89 0.172975 0 0.000000
90 0.174919 0 0.000000
91 0.176862 0 0.000000
92 0.178806 0 0.000000
93 0.180749 0 0.000000
94 0.182693 0 0.000000
95 0.184637 0 0.000000
96 0.186580 0 0.000000
97 0.188524 0 0.000000
98 0.190467 0 0.000000
99 0.192411 1 0.000017
