0 -0.142022 3 0.000150
1 -0.139186 0 0.000000
2 -0.136350 0 0.000000
3 -0.133514 1 0.000050
4 -0.130679 1 0.000050
5 -0.127843 3 0.000150
6 -0.125007 0 0.000000
7 -0.122172 3 0.000150
8 -0.119336 3 0.000150
9 -0.116500 3 0.000150
10 -0.113664 3 0.000150
11 -0.110829 5 0.000250
12 -0.107993 5 0.000250
13 -0.105157 8 0.000400
14 -0.102321 4 0.000200
15 -0.099486 7 0.000350
16 -0.096650 9 0.000450
17 -0.093814 6 0.000300
18 -0.090979 2 0.000100
19 -0.088143 7 0.000350
20 -0.085307 16 0.000800
21 -0.082471 6 0.000300
22 -0.079636 11 0.000550
23 -0.076800 15 0.000750
24 -0.073964 11 0.000550
25 -0.071128 13 0.000650
26 -0.068293 7 0.000350
27 -0.065457 20 0.001000
28 -0.062621 17 0.000850
29 -0.059785 26 0.001300
30 -0.056950 18 0.000900
31 -0.054114 27 0.001350
32 -0.051278 23 0.001150
33 -0.048443 30 0.001500
34 -0.045607 41 0.002050
35 -0.042771 45 0.002250
36 -0.039935 61 0.003050
37 -0.037100 73 0.003650
38 -0.034264 82 0.004100
39 -0.031428 111 0.005550
40 -0.028592 151 0.007550
41 -0.025757 193 0.009650
42 -0.022921 282 0.014100
43 -0.020085 391 0.019550
44 -0.017250 620 0.031000
45 -0.014414 1010 0.050500
46 -0.011578 1998 0.099900
47 -0.008742 6658 0.332900
48 -0.005907 3775 0.188750
49 -0.003071 1387 0.069350
50 -0.000235 725 0.036250
51 0.002601 529 0.026450
52 0.005436 341 0.017050
53 0.008272 223 0.011150
54 0.011108 161 0.008050
55 0.013943 116 0.005800
56 0.016779 118 0.005900
57 0.019615 64 0.003200
58 0.022451 68 0.003400
59 0.025286 64 0.003200
60 0.028122 35 0.001750
61 0.030958 34 0.001700
62 0.033794 38 0.001900
63 0.036629 37 0.001850
64 0.039465 25 0.001250
65 0.042301 23 0.001150
66 0.045137 17 0.000850
67 0.047972 22 0.001100
68 0.050808 13 0.000650
69 0.053644 17 0.000850
70 0.056479 9 0.000450
71 0.059315 12 0.000600
72 0.062151 11 0.000550
73 0.064987 10 0.000500
74 0.067822 11 0.000550
75 0.070658 15 0.000750
76 0.073494 8 0.000400
77 0.076330 12 0.000600
78 0.079165 6 0.000300
79 0.082001 6 0.000300
80 0.084837 4 0.000200
81 0.087672 4 0.000200
82 0.090508 3 0.000150
83 0.093344 7 0.000350
84 0.096180 3 0.000150
85 0.099015 3 0.000150
86 0.101851 3 0.000150
87 0.104687 4 0.000200
88 0.107523 1 0.000050
89 0.110358 2 0.000100
90 0.113194 0 0.000000
91 0.116030 0 0.000000
92 0.118865 2 0.000100
93 0.121701 1 0.000050
94 0.124537 1 0.000050
95 0.127373 0 0.000000
96 0.130208 0 0.000000
97 0.133044 0 0.000000
98 0.135880 0 0.000000
99 0.138716 1 0.000050
