0 -0.232268 1 0.000050
1 -0.228370 0 0.000000
2 -0.224473 0 0.000000
3 -0.220575 1 0.000050
4 -0.216678 0 0.000000
5 -0.212780 0 0.000000
6 -0.208883 0 0.000000
7 -0.204985 0 0.000000
8 -0.201088 0 0.000000
9 -0.197190 0 0.000000
10 -0.193293 0 0.000000
11 -0.189395 0 0.000000
12 -0.185498 0 0.000000
13 -0.181600 0 0.000000
14 -0.177703 1 0.000050
15 -0.173806 0 0.000000
16 -0.169908 1 0.000050
17 -0.166011 3 0.000150
18 -0.162113 1 0.000050
19 -0.158216 1 0.000050
20 -0.154318 2 0.000100
21 -0.150421 1 0.000050
22 -0.146523 1 0.000050
23 -0.142626 2 0.000100
24 -0.138728 0 0.000000
25 -0.134831 0 0.000000
26 -0.130933 2 0.000100
27 -0.127036 5 0.000250
28 -0.123138 1 0.000050
29 -0.119241 3 0.000150
30 -0.115343 6 0.000300
31 -0.111446 5 0.000250
32 -0.107549 6 0.000300
33 -0.103651 1 0.000050
34 -0.099754 6 0.000300
35 -0.095856 7 0.000350
36 -0.091959 8 0.000400
37 -0.088061 13 0.000650
38 -0.084164 19 0.000950
39 -0.080266 21 0.001050
40 -0.076369 18 0.000900
41 -0.072471 18 0.000900
42 -0.068574 26 0.001300
43 -0.064676 28 0.001400
44 -0.060779 40 0.002000
45 -0.056881 49 0.002450
46 -0.052984 50 0.002500
47 -0.049087 52 0.002600
48 -0.045189 80 0.004000
49 -0.041292 95 0.004750
50 -0.037394 98 0.004900
51 -0.033497 156 0.007800
52 -0.029599 256 0.012800
53 -0.025702 415 0.020750
54 -0.021804 736 0.036800
55 -0.017907 1364 0.068200
56 -0.014009 2701 0.135050
57 -0.010112 7300 0.365000
58 -0.006214 3269 0.163450
59 -0.002317 1198 0.059900
60 0.001581 643 0.032150
61 0.005478 402 0.020100
62 0.009376 206 0.010300
63 0.013273 111 0.005550
64 0.017170 82 0.004100
65 0.021068 75 0.003750
66 0.024965 73 0.003650
67 0.028863 57 0.002850
68 0.032760 35 0.001750
69 0.036658 35 0.001750
70 0.040555 27 0.001350
71 0.044453 20 0.001000
72 0.048350 30 0.001500
73 0.052248 15 0.000750
74 0.056145 11 0.000550
75 0.060043 9 0.000450
76 0.063940 7 0.000350
77 0.067838 11 0.000550
78 0.071735 8 0.000400
79 0.075633 7 0.000350
80 0.079530 6 0.000300
81 0.083427 6 0.000300
82 0.087325 7 0.000350
83 0.091222 5 0.000250
84 0.095120 3 0.000150
85 0.099017 7 0.000350
86 0.102915 9 0.000450
87 0.106812 6 0.000300
88 0.110710 0 0.000000
89 0.114607 2 0.000100
90 0.118505 3 0.000150
91 0.122402 6 0.000300
92 0.126300 0 0.000000
93 0.130197 0 0.000000
94 0.134095 1 0.000050
95 0.137992 3 0.000150
96 0.141890 1 0.000050
97 0.145787 3 0.000150
98 0.149684 0 0.000000
99 0.153582 1 0.000050
