0 -0.395082 1 0.000017
1 -0.386660 0 0.000000
2 -0.378239 1 0.000017
3 -0.369817 0 0.000000
4 -0.361396 0 0.000000
5 -0.352974 1 0.000017
6 -0.344553 1 0.000017
7 -0.336131 2 0.000033
8 -0.327710 1 0.000017
9 -0.319288 1 0.000017
10 -0.310867 0 0.000000
11 -0.302445 1 0.000017
12 -0.294024 4 0.000067
13 -0.285602 3 0.000050
14 -0.277181 6 0.000100
15 -0.268759 3 0.000050
16 -0.260338 1 0.000017
17 -0.251916 2 0.000033
18 -0.243495 2 0.000033
19 -0.235073 2 0.000033
20 -0.226652 5 0.000083
21 -0.218230 4 0.000067
22 -0.209809 8 0.000133
23 -0.201387 9 0.000150
24 -0.192966 16 0.000267
25 -0.184544 49 0.000817
26 -0.176123 69 0.001150
27 -0.167701 57 0.000950
28 -0.159280 99 0.001650
29 -0.150858 154 0.002567
30 -0.142437 194 0.003233
31 -0.134015 260 0.004333
32 -0.125594 154 0.002567
33 -0.117172 169 0.002817
34 -0.108751 228 0.003800
35 -0.100329 264 0.004400
36 -0.091908 342 0.005700
37 -0.083486 745 0.012417
38 -0.075065 778 0.012967
39 -0.066643 557 0.009283
40 -0.058222 571 0.009517
41 -0.049800 763 0.012717
42 -0.041379 1037 0.017283
43 -0.032957 1595 0.026583
44 -0.024536 3229 0.053817
45 -0.016114 13551 0.225850
46 -0.007693 22425 0.373750
47 0.000729 3704 0.061733
48 0.009150 1419 0.023650
49 0.017572 1245 0.020750
50 0.025993 1115 0.018583
51 0.034415 703 0.011717
52 0.042836 550 0.009167
53 0.051258 547 0.009117
54 0.059679 596 0.009933
55 0.068101 461 0.007683
56 0.076522 325 0.005417
57 0.084944 263 0.004383
58 0.093365 228 0.003800
59 0.101786 182 0.003033
60 0.110208 204 0.003400
61 0.118629 362 0.006033
62 0.127051 196 0.003267
63 0.135473 110 0.001833
64 0.143894 94 0.001567
65 0.152315 102 0.001700
66 0.160737 110 0.001833
67 0.169158 50 0.000833
68 0.177580 15 0.000250
69 0.186001 9 0.000150
70 0.194423 9 0.000150
71 0.202844 6 0.000100
72 0.211266 6 0.000100
73 0.219687 1 0.000017
74 0.228109 2 0.000033
75 0.236530 4 0.000067
76 0.244952 2 0.000033
77 0.253373 0 0.000000
78 0.261795 1 0.000017
79 0.270216 0 0.000000
80 0.278638 2 0.000033
81 0.287059 0 0.000000
82 0.295481 2 0.000033
83 0.303902 2 0.000033
84 0.312324 0 0.000000
85 0.320745 0 0.000000
86 0.329167 3 0.000050
87 0.337588 1 0.000017
88 0.346010 0 0.000000
89 0.354431 1 0.000017
90 0.362853 0 0.000000
91 0.371274 0 0.000000
92 0.379696 2 0.000033
93 0.388117 0 0.000000
94 0.396539 1 0.000017
95 0.404960 0 0.000000
96 0.413382 0 0.000000
97 0.421803 0 0.000000
98 0.430225 0 0.000000
99 0.438646 1 0.000017
