0 0.411578 10 0.000500
1 0.413417 6 0.000300
2 0.415256 0 0.000000
3 0.417095 3 0.000150
4 0.418934 0 0.000000
5 0.420773 0 0.000000
6 0.422612 0 0.000000
7 0.424451 2 0.000100
8 0.426289 0 0.000000
9 0.428128 0 0.000000
10 0.429967 9 0.000450
11 0.431806 5 0.000250
12 0.433645 24 0.001200
13 0.435484 6 0.000300
14 0.437323 0 0.000000
15 0.439162 16 0.000800
16 0.441001 0 0.000000
17 0.442840 8 0.000400
18 0.444678 18 0.000900
19 0.446517 11 0.000550
20 0.448356 18 0.000900
21 0.450195 3 0.000150
22 0.452034 18 0.000900
23 0.453873 40 0.002000
24 0.455712 22 0.001100
25 0.457551 42 0.002100
26 0.459390 27 0.001350
27 0.461229 77 0.003850
28 0.463067 16 0.000800
29 0.464906 39 0.001950
30 0.466745 27 0.001350
31 0.468584 55 0.002750
32 0.470423 56 0.002800
33 0.472262 39 0.001950
34 0.474101 69 0.003450
35 0.475940 92 0.004600
36 0.477779 98 0.004900
37 0.479617 87 0.004350
38 0.481456 64 0.003200
39 0.483295 114 0.005700
40 0.485134 105 0.005250
41 0.486973 129 0.006450
42 0.488812 147 0.007350
43 0.490651 358 0.017900
44 0.492490 353 0.017650
45 0.494329 481 0.024050
46 0.496168 481 0.024050
47 0.498006 815 0.040750
48 0.499845 1256 0.062800
49 0.501684 1438 0.071900
50 0.503523 2791 0.139550
51 0.505362 2824 0.141200
52 0.507201 1913 0.095650
53 0.509040 1072 0.053600
54 0.510879 958 0.047900
55 0.512718 785 0.039250
56 0.514557 478 0.023900
57 0.516395 490 0.024500
58 0.518234 153 0.007650
59 0.520073 261 0.013050
60 0.521912 207 0.010350
61 0.523751 184 0.009200
62 0.525590 111 0.005550
63 0.527429 137 0.006850
64 0.529268 173 0.008650
65 0.531107 57 0.002850
66 0.532946 102 0.005100
67 0.534784 48 0.002400
68 0.536623 64 0.003200
69 0.538462 71 0.003550
70 0.540301 70 0.003500
71 0.542140 75 0.003750
72 0.543979 30 0.001500
73 0.545818 17 0.000850
74 0.547657 35 0.001750
75 0.549496 7 0.000350
76 0.551334 8 0.000400
77 0.553173 16 0.000800
78 0.555012 12 0.000600
79 0.556851 18 0.000900
80 0.558690 8 0.000400
81 0.560529 1 0.000050
82 0.562368 6 0.000300
83 0.564207 32 0.001600
84 0.566046 12 0.000600
85 0.567885 3 0.000150
86 0.569723 7 0.000350
87 0.571562 20 0.001000
88 0.573401 5 0.000250
89 0.575240 4 0.000200
90 0.577079 14 0.000700
91 0.578918 19 0.000950
92 0.580757 0 0.000000
93 0.582596 0 0.000000
94 0.584435 0 0.000000
95 0.586273 9 0.000450
96 0.588112 4 0.000200
97 0.589951 0 0.000000
98 0.591790 4 0.000200
99 0.593629 1 0.000050
