0 0.125761 3 0.000150
1 0.133610 0 0.000000
2 0.141458 0 0.000000
3 0.149307 0 0.000000
4 0.157156 1 0.000050
5 0.165005 0 0.000000
6 0.172854 0 0.000000
7 0.180702 0 0.000000
8 0.188551 2 0.000100
9 0.196400 1 0.000050
10 0.204249 4 0.000200
11 0.212098 5 0.000250
12 0.219946 7 0.000350
13 0.227795 3 0.000150
14 0.235644 1 0.000050
15 0.243493 0 0.000000
16 0.251342 1 0.000050
17 0.259190 1 0.000050
18 0.267039 1 0.000050
19 0.274888 2 0.000100
20 0.282737 1 0.000050
21 0.290586 8 0.000400
22 0.298435 14 0.000700
23 0.306283 19 0.000950
24 0.314132 46 0.002300
25 0.321981 46 0.002300
26 0.329830 66 0.003300
27 0.337679 47 0.002350
28 0.345527 54 0.002700
29 0.353376 106 0.005300
30 0.361225 144 0.007200
31 0.369074 276 0.013800
32 0.376923 151 0.007550
33 0.384771 158 0.007900
34 0.392620 153 0.007650
35 0.400469 234 0.011700
36 0.408318 287 0.014350
37 0.416167 376 0.018800
38 0.424015 823 0.041150
39 0.431864 548 0.027400
40 0.439713 344 0.017200
41 0.447562 338 0.016900
42 0.455411 518 0.025900
43 0.463259 595 0.029750
44 0.471108 740 0.037000
45 0.478957 491 0.024550
46 0.486806 595 0.029750
47 0.494655 3263 0.163150
48 0.502504 1999 0.099950
49 0.510352 654 0.032700
50 0.518201 648 0.032400
51 0.526050 962 0.048100
52 0.533899 608 0.030400
53 0.541748 450 0.022500
54 0.549596 382 0.019100
55 0.557445 459 0.022950
56 0.565294 539 0.026950
57 0.573143 512 0.025600
58 0.580992 299 0.014950
59 0.588840 243 0.012150
60 0.596689 216 0.010800
61 0.604538 241 0.012050
62 0.612387 159 0.007950
63 0.620236 265 0.013250
64 0.628084 310 0.015500
65 0.635933 107 0.005350
66 0.643782 57 0.002850
67 0.651631 72 0.003600
68 0.659480 71 0.003550
69 0.667329 80 0.004000
70 0.675177 86 0.004300
71 0.683026 32 0.001600
72 0.690875 19 0.000950
73 0.698724 18 0.000900
74 0.706573 13 0.000650
75 0.714421 6 0.000300
76 0.722270 0 0.000000
77 0.730119 1 0.000050
78 0.737968 0 0.000000
79 0.745817 0 0.000000
80 0.753665 0 0.000000
81 0.761514 0 0.000000
82 0.769363 1 0.000050
83 0.777212 1 0.000050
84 0.785061 1 0.000050
85 0.792909 2 0.000100
86 0.800758 9 0.000450
87 0.808607 0 0.000000
88 0.816456 0 0.000000
89 0.824305 0 0.000000
90 0.832153 0 0.000000
91 0.840002 0 0.000000
92 0.847851 0 0.000000
93 0.855700 0 0.000000
94 0.863549 0 0.000000
95 0.871398 0 0.000000
96 0.879246 1 0.000050
97 0.887095 2 0.000100
98 0.894944 1 0.000050
99 0.902793 1 0.000050
