0 0.053302 6 0.000300
1 0.062621 0 0.000000
2 0.071939 2 0.000100
3 0.081258 17 0.000850
4 0.090577 0 0.000000
5 0.099896 6 0.000300
6 0.109215 3 0.000150
7 0.118534 30 0.001500
8 0.127853 0 0.000000
9 0.137172 15 0.000750
10 0.146491 13 0.000650
11 0.155810 29 0.001450
12 0.165129 6 0.000300
13 0.174448 35 0.001750
14 0.183767 51 0.002550
15 0.193086 27 0.001350
16 0.202405 22 0.001100
17 0.211724 9 0.000450
18 0.221042 21 0.001050
19 0.230361 16 0.000800
20 0.239680 66 0.003300
21 0.248999 22 0.001100
22 0.258318 43 0.002150
23 0.267637 54 0.002700
24 0.276956 41 0.002050
25 0.286275 57 0.002850
26 0.295594 53 0.002650
27 0.304913 75 0.003750
28 0.314232 46 0.002300
29 0.323551 51 0.002550
30 0.332870 88 0.004400
31 0.342189 78 0.003900
32 0.351508 114 0.005700
33 0.360827 119 0.005950
34 0.370145 86 0.004300
35 0.379464 102 0.005100
36 0.388783 168 0.008400
37 0.398102 168 0.008400
38 0.407421 251 0.012550
39 0.416740 222 0.011100
40 0.426059 213 0.010650
41 0.435378 263 0.013150
42 0.444697 428 0.021400
43 0.454016 376 0.018800
44 0.463335 694 0.034700
45 0.472654 634 0.031700
46 0.481973 1121 0.056050
47 0.491292 2008 0.100400
48 0.500611 3511 0.175550
49 0.509930 2237 0.111850
50 0.519248 1164 0.058200
51 0.528567 873 0.043650
52 0.537886 608 0.030400
53 0.547205 424 0.021200
54 0.556524 356 0.017800
55 0.565843 306 0.015300
56 0.575162 378 0.018900
57 0.584481 214 0.010700
58 0.593800 205 0.010250
59 0.603119 235 0.011750
60 0.612438 82 0.004100
61 0.621757 154 0.007700
62 0.631076 150 0.007500
63 0.640395 117 0.005850
64 0.649714 100 0.005000
65 0.659033 108 0.005400
66 0.668352 86 0.004300
67 0.677670 87 0.004350
68 0.686989 41 0.002050
69 0.696308 35 0.001750
70 0.705627 42 0.002100
71 0.714946 21 0.001050
72 0.724265 44 0.002200
73 0.733584 17 0.000850
74 0.742903 81 0.004050
75 0.752222 42 0.002100
76 0.761541 14 0.000700
77 0.770860 25 0.001250
78 0.780179 16 0.000800
79 0.789498 9 0.000450
80 0.798817 59 0.002950
81 0.808136 11 0.000550
82 0.817455 25 0.001250
83 0.826773 11 0.000550
84 0.836092 5 0.000250
85 0.845411 25 0.001250
86 0.854730 10 0.000500
87 0.864049 15 0.000750
88 0.873368 4 0.000200
89 0.882687 44 0.002200
90 0.892006 0 0.000000
91 0.901325 2 0.000100
92 0.910644 29 0.001450
93 0.919963 2 0.000100
94 0.929282 14 0.000700
95 0.938601 0 0.000000
96 0.947920 1 0.000050
97 0.957239 7 0.000350
98 0.966558 3 0.000150
99 0.975877 2 0.000100
