0 0.013721 2 0.000100
1 0.023459 6 0.000300
2 0.033197 5 0.000250
3 0.042935 7 0.000350
4 0.052673 11 0.000550
5 0.062411 13 0.000650
6 0.072149 6 0.000300
7 0.081887 8 0.000400
8 0.091625 7 0.000350
9 0.101363 16 0.000800
10 0.111101 14 0.000700
11 0.120839 11 0.000550
12 0.130577 14 0.000700
13 0.140315 4 0.000200
14 0.150053 12 0.000600
15 0.159791 14 0.000700
16 0.169529 18 0.000900
17 0.179267 23 0.001150
18 0.189005 12 0.000600
19 0.198743 31 0.001550
20 0.208481 31 0.001550
21 0.218219 38 0.001900
22 0.227957 34 0.001700
23 0.237694 22 0.001100
24 0.247432 29 0.001450
25 0.257170 34 0.001700
26 0.266908 47 0.002350
27 0.276646 64 0.003200
28 0.286384 56 0.002800
29 0.296122 83 0.004150
30 0.305860 70 0.003500
31 0.315598 82 0.004100
32 0.325336 83 0.004150
33 0.335074 84 0.004200
34 0.344812 84 0.004200
35 0.354550 83 0.004150
36 0.364288 126 0.006300
37 0.374026 120 0.006000
38 0.383764 197 0.009850
39 0.393502 181 0.009050
40 0.403240 230 0.011500
41 0.412978 237 0.011850
42 0.422716 289 0.014450
43 0.432454 326 0.016300
44 0.442192 379 0.018950
45 0.451929 506 0.025300
46 0.461667 726 0.036300
47 0.471405 968 0.048400
48 0.481143 1797 0.089850
49 0.490881 3135 0.156750
50 0.500619 2793 0.139650
51 0.510357 1532 0.076600
52 0.520095 944 0.047200
53 0.529833 657 0.032850
54 0.539571 477 0.023850
55 0.549309 376 0.018800
56 0.559047 352 0.017600
57 0.568785 309 0.015450
58 0.578523 262 0.013100
59 0.588261 198 0.009900
60 0.597999 167 0.008350
61 0.607737 160 0.008000
62 0.617475 141 0.007050
63 0.627213 133 0.006650
64 0.636951 102 0.005100
65 0.646689 116 0.005800
66 0.656427 92 0.004600
67 0.666165 85 0.004250
68 0.675902 96 0.004800
69 0.685640 66 0.003300
70 0.695378 39 0.001950
71 0.705116 35 0.001750
72 0.714854 44 0.002200
73 0.724592 34 0.001700
74 0.734330 28 0.001400
75 0.744068 29 0.001450
76 0.753806 33 0.001650
77 0.763544 26 0.001300
78 0.773282 20 0.001000
79 0.783020 30 0.001500
80 0.792758 17 0.000850
81 0.802496 20 0.001000
82 0.812234 21 0.001050
83 0.821972 27 0.001350
84 0.831710 19 0.000950
85 0.841448 20 0.001000
86 0.851186 9 0.000450
87 0.860924 3 0.000150
88 0.870662 7 0.000350
89 0.880400 9 0.000450
90 0.890137 14 0.000700
91 0.899875 12 0.000600
92 0.909613 19 0.000950
93 0.919351 13 0.000650
94 0.929089 25 0.001250
95 0.938827 3 0.000150
96 0.948565 2 0.000100
97 0.958303 3 0.000150
98 0.968041 5 0.000250
99 0.977779 1 0.000050
