0 0.009172 6 0.000100
1 0.019179 13 0.000217
2 0.029185 6 0.000100
3 0.039191 12 0.000200
4 0.049197 11 0.000183
5 0.059203 18 0.000300
6 0.069210 18 0.000300
7 0.079216 18 0.000300
8 0.089222 13 0.000217
9 0.099228 22 0.000367
10 0.109234 22 0.000367
11 0.119241 11 0.000183
12 0.129247 22 0.000367
13 0.139253 8 0.000133
14 0.149259 15 0.000250
15 0.159265 17 0.000283
16 0.169272 24 0.000400
17 0.179278 24 0.000400
18 0.189284 21 0.000350
19 0.199290 42 0.000700
20 0.209296 40 0.000667
21 0.219303 54 0.000900
22 0.229309 33 0.000550
23 0.239315 33 0.000550
24 0.249321 68 0.001133
25 0.259328 53 0.000883
26 0.269334 94 0.001567
27 0.279340 100 0.001667
28 0.289346 119 0.001983
29 0.299352 116 0.001933
30 0.309359 270 0.004500
31 0.319365 200 0.003333
32 0.329371 371 0.006183
33 0.339377 247 0.004117
34 0.349383 249 0.004150
35 0.359390 316 0.005267
36 0.369396 448 0.007467
37 0.379402 389 0.006483
38 0.389408 401 0.006683
39 0.399414 523 0.008717
40 0.409421 686 0.011433
41 0.419427 1058 0.017633
42 0.429433 1179 0.019650
43 0.439439 846 0.014100
44 0.449445 1045 0.017417
45 0.459452 1427 0.023783
46 0.469458 1932 0.032200
47 0.479464 2318 0.038633
48 0.489470 4058 0.067633
49 0.499476 7922 0.132033
50 0.509483 2607 0.043450
51 0.519489 2113 0.035217
52 0.529495 1944 0.032400
53 0.539501 1293 0.021550
54 0.549507 1295 0.021583
55 0.559514 1379 0.022983
56 0.569520 1903 0.031717
57 0.579526 2458 0.040967
58 0.589532 3174 0.052900
59 0.599539 1939 0.032317
60 0.609545 1401 0.023350
61 0.619551 1383 0.023050
62 0.629557 934 0.015567
63 0.639563 554 0.009233
64 0.649570 501 0.008350
65 0.659576 420 0.007000
66 0.669582 447 0.007450
67 0.679588 355 0.005917
68 0.689594 270 0.004500
69 0.699601 236 0.003933
70 0.709607 207 0.003450
71 0.719613 172 0.002867
72 0.729619 182 0.003033
73 0.739625 194 0.003233
74 0.749632 199 0.003317
75 0.759638 200 0.003333
76 0.769644 215 0.003583
77 0.779650 220 0.003667
78 0.789656 203 0.003383
79 0.799663 177 0.002950
80 0.809669 194 0.003233
81 0.819675 260 0.004333
82 0.829681 257 0.004283
83 0.839687 257 0.004283
84 0.849694 338 0.005633
85 0.859700 491 0.008183
86 0.869706 422 0.007033
87 0.879712 437 0.007283
88 0.889718 274 0.004567
89 0.899725 279 0.004650
90 0.909731 323 0.005383
91 0.919737 346 0.005767
92 0.929743 263 0.004383
93 0.939749 141 0.002350
94 0.949756 68 0.001133
95 0.959762 45 0.000750
96 0.969768 59 0.000983
97 0.979774 24 0.000400
98 0.989780 8 0.000133
99 0.999787 1 0.000017
