0 0.053302 6 0.000100
1 0.062938 0 0.000000
2 0.072575 13 0.000217
3 0.082211 22 0.000367
4 0.091848 0 0.000000
5 0.101485 6 0.000100
6 0.111121 12 0.000200
7 0.120758 37 0.000617
8 0.130395 11 0.000183
9 0.140031 5 0.000083
10 0.149668 72 0.001200
11 0.159304 14 0.000233
12 0.168941 49 0.000817
13 0.178578 12 0.000200
14 0.188214 55 0.000917
15 0.197851 36 0.000600
16 0.207488 37 0.000617
17 0.217124 21 0.000350
18 0.226761 32 0.000533
19 0.236397 25 0.000417
20 0.246034 50 0.000833
21 0.255671 68 0.001133
22 0.265307 71 0.001183
23 0.274944 55 0.000917
24 0.284581 114 0.001900
25 0.294217 122 0.002033
26 0.303854 92 0.001533
27 0.313490 81 0.001350
28 0.323127 131 0.002183
29 0.332764 336 0.005600
30 0.342400 251 0.004183
31 0.352037 116 0.001933
32 0.361674 145 0.002417
33 0.371310 119 0.001983
34 0.380947 120 0.002000
35 0.390583 203 0.003383
36 0.400220 206 0.003433
37 0.409857 344 0.005733
38 0.419493 174 0.002900
39 0.429130 314 0.005233
40 0.438767 435 0.007250
41 0.448403 512 0.008533
42 0.458040 744 0.012400
43 0.467676 1082 0.018033
44 0.477313 1416 0.023600
45 0.486950 3225 0.053750
46 0.496586 11510 0.191833
47 0.506223 9445 0.157417
48 0.515860 3060 0.051000
49 0.525496 1683 0.028050
50 0.535133 1349 0.022483
51 0.544769 766 0.012767
52 0.554406 705 0.011750
53 0.564043 849 0.014150
54 0.573679 1098 0.018300
55 0.583316 1576 0.026267
56 0.592953 2606 0.043433
57 0.602589 2135 0.035583
58 0.612226 1321 0.022017
59 0.621862 996 0.016600
60 0.631499 805 0.013417
61 0.641136 537 0.008950
62 0.650772 461 0.007683
63 0.660409 389 0.006483
64 0.670046 363 0.006050
65 0.679682 268 0.004467
66 0.689319 193 0.003217
67 0.698955 175 0.002917
68 0.708592 215 0.003583
69 0.718229 270 0.004500
70 0.727865 124 0.002067
71 0.737502 179 0.002983
72 0.747139 192 0.003200
73 0.756775 158 0.002633
74 0.766412 170 0.002833
75 0.776048 234 0.003900
76 0.785685 249 0.004150
77 0.795322 193 0.003217
78 0.804958 204 0.003400
79 0.814595 126 0.002100
80 0.824232 149 0.002483
81 0.833868 285 0.004750
82 0.843505 272 0.004533
83 0.853141 269 0.004483
84 0.862778 337 0.005617
85 0.872415 539 0.008983
86 0.882051 415 0.006917
87 0.891688 417 0.006950
88 0.901325 244 0.004067
89 0.910961 277 0.004617
90 0.920598 252 0.004200
91 0.930234 354 0.005900
92 0.939871 244 0.004067
93 0.949508 152 0.002533
94 0.959144 96 0.001600
95 0.968781 20 0.000333
96 0.978418 61 0.001017
97 0.988054 19 0.000317
98 0.997691 2 0.000033
99 1.007328 1 0.000017
