0 0.073989 11 0.000550
1 0.083416 5 0.000250
2 0.092844 0 0.000000
3 0.102272 0 0.000000
4 0.111699 9 0.000450
5 0.121127 7 0.000350
6 0.130555 0 0.000000
7 0.139982 0 0.000000
8 0.149410 45 0.002250
9 0.158838 0 0.000000
10 0.168265 8 0.000400
11 0.177693 6 0.000300
12 0.187121 1 0.000050
13 0.196548 0 0.000000
14 0.205976 24 0.001200
15 0.215404 0 0.000000
16 0.224831 16 0.000800
17 0.234259 0 0.000000
18 0.243687 9 0.000450
19 0.253114 9 0.000450
20 0.262542 11 0.000550
21 0.271970 19 0.000950
22 0.281397 55 0.002750
23 0.290825 48 0.002400
24 0.300253 22 0.001100
25 0.309680 36 0.001800
26 0.319108 73 0.003650
27 0.328536 190 0.009500
28 0.337963 198 0.009900
29 0.347391 40 0.002000
30 0.356819 16 0.000800
31 0.366246 36 0.001800
32 0.375674 13 0.000650
33 0.385102 13 0.000650
34 0.394529 11 0.000550
35 0.403957 19 0.000950
36 0.413385 20 0.001000
37 0.422812 14 0.000700
38 0.432240 6 0.000300
39 0.441668 38 0.001900
40 0.451095 37 0.001850
41 0.460523 29 0.001450
42 0.469951 50 0.002500
43 0.479378 99 0.004950
44 0.488806 62 0.003100
45 0.498234 124 0.006200
46 0.507661 146 0.007300
47 0.517089 140 0.007000
48 0.526517 114 0.005700
49 0.535944 274 0.013700
50 0.545372 247 0.012350
51 0.554800 272 0.013600
52 0.564227 431 0.021550
53 0.573655 621 0.031050
54 0.583083 1282 0.064100
55 0.592510 2279 0.113950
56 0.601938 2006 0.100300
57 0.611366 1220 0.061000
58 0.620793 727 0.036350
59 0.630221 786 0.039300
60 0.639649 423 0.021150
61 0.649076 368 0.018400
62 0.658504 308 0.015400
63 0.667932 255 0.012750
64 0.677359 154 0.007700
65 0.686787 178 0.008900
66 0.696215 132 0.006600
67 0.705642 187 0.009350
68 0.715070 192 0.009600
69 0.724498 149 0.007450
70 0.733925 152 0.007600
71 0.743353 95 0.004750
72 0.752781 109 0.005450
73 0.762208 123 0.006150
74 0.771636 238 0.011900
75 0.781064 193 0.009650
76 0.790491 194 0.009700
77 0.799919 196 0.009800
78 0.809347 104 0.005200
79 0.818774 119 0.005950
80 0.828202 168 0.008400
81 0.837630 237 0.011850
82 0.847057 293 0.014650
83 0.856485 263 0.013150
84 0.865913 340 0.017000
85 0.875340 504 0.025200
86 0.884768 366 0.018300
87 0.894196 364 0.018200
88 0.903623 235 0.011750
89 0.913051 248 0.012400
90 0.922479 277 0.013850
91 0.931906 296 0.014800
92 0.941334 239 0.011950
93 0.950762 149 0.007450
94 0.960189 82 0.004100
95 0.969617 26 0.001300
96 0.979045 48 0.002400
97 0.988472 19 0.000950
98 0.997900 2 0.000100
99 1.007328 1 0.000050
