0 0 0.000000 0.972129 0.124296 0.971197 0.126675
0 1 0.114943 0.970120 0.126008 0.971488 0.125619
0 2 0.229885 0.974076 0.126154 0.970213 0.126744
0 3 0.344828 0.972727 0.125857 0.971510 0.125814
0 4 0.459770 0.969989 0.125455 0.970052 0.126507
0 5 0.574713 0.969497 0.126672 0.970611 0.125353
0 6 0.689655 0.972817 0.127937 0.968640 0.125546
0 7 0.804598 0.970941 0.126103 0.971929 0.126437
0 8 0.919540 0.971249 0.127444 0.968912 0.125445
0 9 1.034483 0.970275 0.126908 0.974228 0.126952
0 10 1.149425 0.972115 0.128018 0.973378 0.126805
0 11 1.264368 0.973496 0.127084 0.970493 0.126351
0 12 1.379310 0.971870 0.127372 0.972319 0.124661
0 13 1.494253 0.970862 0.126392 0.970518 0.126136
0 14 1.609195 0.972014 0.127716 0.969867 0.125225
0 15 1.724138 0.975583 0.126695 0.971662 0.125549
0 16 1.839080 0.971365 0.125800 0.971984 0.125237
0 17 1.954023 0.971402 0.127263 0.972840 0.126810
0 18 2.068965 0.970002 0.127288 0.972986 0.127052
0 19 2.183908 0.970806 0.128006 0.973081 0.128017
0 20 2.298851 0.971052 0.127137 0.967802 0.125255
0 21 2.413793 0.968984 0.125607 0.972099 0.125024
0 22 2.528736 0.971535 0.126328 0.973408 0.127078
0 23 2.643678 0.971882 0.127012 0.969207 0.126329
0 24 2.758621 0.971966 0.127277 0.969692 0.125871
0 25 2.873563 0.975643 0.127794 0.972427 0.126228
0 26 2.988506 0.972231 0.128681 0.971519 0.127166
0 27 3.103448 0.973786 0.127365 0.970495 0.127448
0 28 3.218391 0.971084 0.125662 0.970659 0.124599
0 29 3.333333 0.976785 0.128099 0.971585 0.126638
0 30 3.448276 0.970635 0.126698 0.972825 0.126643
0 31 3.563218 0.971533 0.126631 0.972516 0.127801
0 32 3.678161 0.971633 0.126651 0.972411 0.126906
0 33 3.793103 0.977714 0.128538 0.973063 0.126199
0 34 3.908046 0.967933 0.125659 0.966903 0.125440
0 35 4.022988 0.972796 0.125164 0.970696 0.125972
0 36 4.137931 0.970551 0.125465 0.970853 0.126124
0 37 4.252873 0.971020 0.126358 0.972029 0.126036
0 38 4.367816 0.973575 0.124773 0.972256 0.125791
0 39 4.482759 0.973238 0.126901 0.971649 0.126295
0 40 4.597701 0.969573 0.124407 0.967440 0.125370
0 41 4.712644 0.972046 0.126875 0.971332 0.126289
0 42 4.827586 0.973305 0.127296 0.971912 0.126770
0 43 4.942529 0.969783 0.127200 0.972246 0.126384
0 44 5.057471 0.971381 0.127361 0.970963 0.127947
0 45 5.172414 0.971170 0.127172 0.971125 0.127467
0 46 5.287356 0.975695 0.128104 0.969644 0.125251
0 47 5.402299 0.969241 0.126245 0.970475 0.127604
0 48 5.517241 0.971012 0.127966 0.970037 0.125916
0 49 5.632184 0.972348 0.125901 0.971992 0.124971
0 50 5.747127 0.970863 0.125894 0.971485 0.126693
0 51 5.862069 0.971599 0.124892 0.973591 0.128137
0 52 5.977012 0.972057 0.127415 0.972111 0.126546
0 53 6.091954 0.972687 0.126921 0.973438 0.127520
0 54 6.206897 0.970033 0.125698 0.971973 0.125481
0 55 6.321839 0.969733 0.125282 0.972243 0.125960
0 56 6.436781 0.972888 0.125669 0.972744 0.125031
0 57 6.551724 0.969686 0.125974 0.968989 0.125915
0 58 6.666667 0.970248 0.126546 0.972441 0.126408
0 59 6.781609 0.972190 0.127212 0.971531 0.127116
0 60 6.896552 0.973216 0.125630 0.971915 0.125056
0 61 7.011494 0.972964 0.127160 0.973686 0.126544
0 62 7.126437 0.970516 0.126771 0.969393 0.126541
0 63 7.241379 0.971937 0.127096 0.972237 0.125997
0 64 7.356322 0.970259 0.126581 0.971276 0.126262
0 65 7.471264 0.971863 0.125045 0.971866 0.127522
0 66 7.586207 0.969887 0.126490 0.970375 0.127114
0 67 7.701149 0.969677 0.126798 0.972207 0.126308
0 68 7.816092 0.972833 0.126610 0.973368 0.126541
0 69 7.931035 0.972712 0.125726 0.973932 0.127965
0 70 8.045977 0.972916 0.125945 0.970790 0.127143
0 71 8.160919 0.974131 0.126340 0.972404 0.127896
0 72 8.275862 0.969817 0.124888 0.971953 0.125695
0 73 8.390804 0.969211 0.126933 0.973231 0.126800
0 74 8.505747 0.972157 0.128045 0.970840 0.126861
0 75 8.620689 0.972473 0.125666 0.970852 0.127860
0 76 8.735632 0.972450 0.125884 0.969817 0.126713
0 77 8.850574 0.970138 0.126873 0.971836 0.126007
0 78 8.965517 0.972737 0.126973 0.971153 0.126099
0 79 9.080460 0.972048 0.128588 0.974604 0.127582
0 80 9.195402 0.968893 0.125668 0.970555 0.125292
0 81 9.310345 0.971782 0.124093 0.970062 0.126632
0 82 9.425287 0.969333 0.127600 0.971935 0.126307
0 83 9.540230 0.972437 0.126025 0.972086 0.124564
0 84 9.655172 0.971865 0.127168 0.973806 0.127246
0 85 9.770115 0.972423 0.126438 0.972090 0.126774
0 86 9.885057 0.972598 0.126175 0.970511 0.125451
1 0 10.000000 0.969826 0.125823 0.975058 0.127407
1 1 10.114943 0.973372 0.126612 0.974205 0.127439
1 2 10.229885 0.970378 0.125647 0.971544 0.128009
1 3 10.344828 0.973392 0.126404 0.970834 0.126251
1 4 10.459770 0.971686 0.125915 0.973081 0.126584
1 5 10.574713 0.970262 0.125982 0.972089 0.126418
1 6 10.689655 0.970401 0.126238 0.969415 0.124813
1 7 10.804598 0.969881 0.123229 0.968273 0.126167
1 8 10.919540 0.971944 0.126956 0.972934 0.126154
1 9 11.034483 0.969353 0.124996 0.973209 0.126807
1 10 11.149426 0.971867 0.125928 0.967816 0.125022
1 11 11.264368 0.970794 0.125813 0.970154 0.126871
1 12 11.379311 0.970966 0.127064 0.971144 0.126599
1 13 11.494253 0.972519 0.126933 0.972144 0.126326
1 14 11.609196 0.971583 0.126479 0.971474 0.127313
1 15 11.724138 0.972074 0.127423 0.970352 0.126438
1 16 11.839081 0.970994 0.125710 0.972161 0.126884
1 17 11.954023 0.971241 0.124722 0.970518 0.126939
1 18 12.068966 0.973197 0.126580 0.974655 0.128198
1 19 12.183908 0.973545 0.126197 0.970401 0.126351
1 20 12.298851 0.970766 0.126071 0.972369 0.126910
1 21 12.413794 0.970076 0.125165 0.968795 0.125069
1 22 12.528735 0.972117 0.128309 0.969758 0.125241
1 23 12.643678 0.972385 0.126485 0.972197 0.126442
1 24 12.758620 0.973163 0.126104 0.970841 0.126571
1 25 12.873563 0.968199 0.126459 0.971676 0.126879
1 26 12.988505 0.971537 0.127062 0.972754 0.126888
1 27 13.103448 0.972795 0.125601 0.972682 0.126839
1 28 13.218390 0.973326 0.126539 0.968770 0.125119
1 29 13.333333 0.970279 0.125724 0.969564 0.126613
1 30 13.448276 0.972764 0.125326 0.970418 0.125142
1 31 13.563218 0.974051 0.126993 0.969683 0.128651
1 32 13.678161 0.970492 0.126112 0.968908 0.125379
1 33 13.793103 0.973950 0.127687 0.971866 0.125487
1 34 13.908046 0.968248 0.126335 0.974620 0.128000
1 35 14.022988 0.970857 0.124757 0.968608 0.127529
1 36 14.137931 0.967859 0.125498 0.974036 0.126680
1 37 14.252873 0.972126 0.126343 0.973487 0.127293
1 38 14.367816 0.972759 0.126957 0.972105 0.125515
1 39 14.482759 0.972992 0.128491 0.969743 0.125724
1 40 14.597701 0.972105 0.126404 0.972675 0.127364
1 41 14.712644 0.972190 0.126795 0.973159 0.127195
1 42 14.827586 0.971555 0.126033 0.970717 0.125544
1 43 14.942529 0.972002 0.126822 0.972511 0.126910
1 44 15.057471 0.974906 0.126838 0.973325 0.126352
1 45 15.172414 0.970596 0.125379 0.970709 0.127028
1 46 15.287356 0.972111 0.127062 0.971201 0.127018
1 47 15.402299 0.972188 0.127017 0.972714 0.125706
1 48 15.517241 0.970754 0.124582 0.972232 0.126849
1 49 15.632184 0.972630 0.127019 0.967147 0.124233
1 50 15.747127 0.972567 0.126480 0.972016 0.125937
1 51 15.862069 0.973679 0.126494 0.969035 0.125716
1 52 15.977012 0.971004 0.125830 0.971901 0.126196
1 53 16.091953 0.968841 0.125792 0.971092 0.126430
1 54 16.206896 0.971322 0.128202 0.974314 0.127283
1 55 16.321838 0.973180 0.127144 0.972489 0.127250
1 56 16.436781 0.974603 0.126598 0.968010 0.124505
1 57 16.551723 0.971574 0.126123 0.971390 0.127285
1 58 16.666666 0.969054 0.125096 0.972064 0.127156
1 59 16.781609 0.972449 0.127550 0.969665 0.127553
1 60 16.896551 0.971267 0.125321 0.973623 0.127425
1 61 17.011494 0.971479 0.126576 0.970680 0.125759
1 62 17.126436 0.971544 0.126143 0.969688 0.125903
1 63 17.241379 0.970267 0.125705 0.972909 0.125290
1 64 17.356321 0.971989 0.125471 0.970430 0.125487
1 65 17.471264 0.971704 0.126242 0.970965 0.127320
1 66 17.586206 0.973014 0.126669 0.971360 0.126553
1 67 17.701149 0.971920 0.125671 0.972413 0.125839
1 68 17.816092 0.971627 0.127171 0.972535 0.127390
1 69 17.931034 0.972487 0.126793 0.971471 0.126848
1 70 18.045977 0.968599 0.126159 0.973349 0.126725
1 71 18.160919 0.971068 0.126410 0.973153 0.125470
1 72 18.275862 0.969364 0.125407 0.972547 0.126793
1 73 18.390804 0.970827 0.126443 0.972099 0.128084
1 74 18.505747 0.972320 0.125597 0.971814 0.124476
1 75 18.620689 0.974418 0.126647 0.971643 0.127711
1 76 18.735632 0.970523 0.126204 0.971489 0.126815
1 77 18.850574 0.975010 0.128569 0.972489 0.125928
1 78 18.965517 0.972474 0.124719 0.972503 0.127497
1 79 19.080460 0.971514 0.125194 0.968454 0.125622
1 80 19.195402 0.973954 0.125846 0.971531 0.125653
1 81 19.310345 0.969432 0.126175 0.970444 0.126762
1 82 19.425287 0.971156 0.126857 0.967171 0.124202
1 83 19.540230 0.972061 0.128006 0.973776 0.126822
1 84 19.655172 0.971560 0.126478 0.970631 0.127127
1 85 19.770115 0.971255 0.126020 0.972814 0.125856
1 86 19.885057 0.971728 0.125710 0.970357 0.124207
2 0 20.000000 0.968818 0.124907 0.970127 0.126304
2 1 20.114943 0.971730 0.127428 0.970809 0.126773
2 2 20.229885 0.972607 0.125897 0.969717 0.127066
2 3 20.344828 0.969060 0.125606 0.970806 0.125387
2 4 20.459770 0.973842 0.127207 0.972524 0.127139
2 5 20.574713 0.974777 0.127599 0.969408 0.127088
2 6 20.689655 0.971685 0.126963 0.972119 0.126735
2 7 20.804598 0.970876 0.125470 0.973324 0.125443
2 8 20.919540 0.973893 0.127418 0.972295 0.126907
2 9 21.034483 0.971340 0.126377 0.972367 0.128359
2 10 21.149426 0.973347 0.127308 0.971529 0.126921
2 11 21.264368 0.972626 0.128572 0.972365 0.127566
2 12 21.379311 0.969651 0.125713 0.974445 0.128329
2 13 21.494253 0.970506 0.125628 0.971469 0.127403
2 14 21.609196 0.973265 0.127165 0.974750 0.126177
2 15 21.724138 0.972568 0.126303 0.972054 0.127745
2 16 21.839081 0.972715 0.126549 0.973855 0.126480
2 17 21.954023 0.972994 0.126663 0.973729 0.127613
2 18 22.068966 0.971862 0.125238 0.970255 0.127249
2 19 22.183908 0.972472 0.126139 0.971782 0.126869
2 20 22.298851 0.970827 0.125805 0.970435 0.124358
2 21 22.413794 0.970084 0.125472 0.970107 0.125154
2 22 22.528736 0.972821 0.127122 0.968802 0.124537
2 23 22.643679 0.970843 0.127097 0.971036 0.126700
2 24 22.758621 0.972502 0.127161 0.968787 0.125624
2 25 22.873564 0.971685 0.123952 0.970127 0.124711
2 26 22.988506 0.972421 0.126623 0.971384 0.125717
2 27 23.103449 0.972671 0.127270 0.971288 0.126133
2 28 23.218391 0.972363 0.125929 0.970219 0.126960
2 29 23.333334 0.974137 0.128058 0.974261 0.127568
2 30 23.448277 0.969168 0.127083 0.967942 0.125017
2 31 23.563219 0.970573 0.126857 0.970586 0.124070
2 32 23.678162 0.968857 0.126416 0.974248 0.128242
2 33 23.793104 0.971132 0.125796 0.971403 0.124946
2 34 23.908047 0.971276 0.126644 0.970896 0.126876
2 35 24.022989 0.971751 0.125763 0.971570 0.126068
2 36 24.137932 0.972873 0.127445 0.971973 0.125837
2 37 24.252874 0.971939 0.126979 0.972605 0.127334
2 38 24.367817 0.973758 0.126167 0.970834 0.126484
2 39 24.482759 0.967697 0.126559 0.970230 0.125602
2 40 24.597702 0.971774 0.127009 0.970591 0.126376
2 41 24.712645 0.971170 0.126413 0.970844 0.126676
2 42 24.827587 0.971243 0.126163 0.971568 0.127937
2 43 24.942530 0.970617 0.124823 0.972599 0.126602
2 44 25.057470 0.970483 0.127164 0.971892 0.127226
2 45 25.172413 0.970150 0.123233 0.970790 0.124676
2 46 25.287355 0.972738 0.125999 0.973496 0.126333
2 47 25.402298 0.973583 0.127514 0.971151 0.125426
2 48 25.517241 0.972841 0.125930 0.971880 0.127224
2 49 25.632183 0.973415 0.127936 0.972490 0.126635
2 50 25.747126 0.971165 0.125836 0.972170 0.125522
2 51 25.862068 0.971289 0.127428 0.967430 0.125373
2 52 25.977011 0.972914 0.126422 0.972177 0.125743
2 53 26.091953 0.971099 0.125316 0.973794 0.126192
2 54 26.206896 0.972226 0.125909 0.970675 0.125223
2 55 26.321838 0.972810 0.126926 0.973717 0.124711
2 56 26.436781 0.972085 0.126746 0.971289 0.126183
2 57 26.551723 0.973360 0.125954 0.971618 0.126316
2 58 26.666666 0.972813 0.126385 0.971202 0.126357
2 59 26.781609 0.972554 0.126448 0.973860 0.126685
2 60 26.896551 0.972318 0.126719 0.969595 0.126126
2 61 27.011494 0.969331 0.125674 0.971524 0.126043
2 62 27.126436 0.970544 0.125357 0.971659 0.127080
2 63 27.241379 0.968130 0.124916 0.973156 0.127602
2 64 27.356321 0.970098 0.124926 0.973928 0.127204
2 65 27.471264 0.973524 0.127413 0.972389 0.127896
2 66 27.586206 0.973448 0.126358 0.969722 0.125801
2 67 27.701149 0.973505 0.126462 0.970842 0.127291
2 68 27.816092 0.971402 0.125299 0.971298 0.126456
2 69 27.931034 0.973189 0.126773 0.971208 0.125093
2 70 28.045977 0.967422 0.125082 0.971281 0.127512
2 71 28.160919 0.971725 0.124818 0.972422 0.127170
2 72 28.275862 0.970993 0.126483 0.974199 0.127851
2 73 28.390804 0.969639 0.125270 0.973918 0.128350
2 74 28.505747 0.972431 0.124837 0.972351 0.127362
2 75 28.620689 0.974418 0.127671 0.970344 0.125206
2 76 28.735632 0.970797 0.126403 0.971759 0.126527
2 77 28.850574 0.973437 0.126288 0.967785 0.124085
2 78 28.965517 0.973941 0.127879 0.971239 0.125260
2 79 29.080460 0.971077 0.125269 0.972744 0.126987
2 80 29.195402 0.971730 0.125863 0.971444 0.124572
2 81 29.310345 0.972968 0.126803 0.968759 0.124799
2 82 29.425287 0.972327 0.127869 0.969985 0.126545
2 83 29.540230 0.969927 0.125438 0.972110 0.126977
2 84 29.655172 0.972567 0.126710 0.972228 0.126938
2 85 29.770115 0.972041 0.126296 0.972790 0.127489
2 86 29.885057 0.972720 0.127315 0.973852 0.127348
3 0 30.000000 0.970463 0.127943 0.971909 0.126715
3 1 30.114943 0.971838 0.126238 0.972854 0.126472
3 2 30.229885 0.972434 0.125134 0.973684 0.126546
3 3 30.344828 0.968847 0.125972 0.971650 0.127799
3 4 30.459770 0.971334 0.126386 0.969228 0.126627
3 5 30.574713 0.970679 0.127079 0.971955 0.126434
3 6 30.689655 0.973297 0.126626 0.974128 0.127344
3 7 30.804598 0.970074 0.126463 0.972321 0.128258
3 8 30.919540 0.974228 0.127670 0.970670 0.126053
3 9 31.034483 0.970109 0.126200 0.971430 0.127308
3 10 31.149426 0.972190 0.126258 0.971289 0.125540
3 11 31.264368 0.973124 0.127579 0.973596 0.126247
3 12 31.379311 0.972732 0.127278 0.971850 0.126234
3 13 31.494253 0.971728 0.125947 0.969650 0.125682
3 14 31.609196 0.972621 0.125738 0.970549 0.125884
3 15 31.724138 0.973372 0.125852 0.970619 0.125884
3 16 31.839081 0.972096 0.126320 0.971095 0.124892
3 17 31.954023 0.969267 0.124817 0.969547 0.126542
3 18 32.068966 0.971349 0.126709 0.969152 0.125323
3 19 32.183907 0.972091 0.126497 0.971697 0.128041
3 20 32.298851 0.971818 0.125288 0.973629 0.127400
3 21 32.413792 0.972713 0.125976 0.970593 0.125584
3 22 32.528736 0.970035 0.125275 0.967995 0.124497
3 23 32.643677 0.970683 0.125727 0.972882 0.127761
3 24 32.758621 0.971748 0.126632 0.975966 0.127929
3 25 32.873562 0.970373 0.125833 0.970683 0.126624
3 26 32.988506 0.969266 0.126126 0.972394 0.126768
3 27 33.103447 0.972154 0.126067 0.970886 0.125964
3 28 33.218391 0.969335 0.124844 0.969272 0.125500
3 29 33.333332 0.973411 0.126527 0.971407 0.126555
3 30 33.448277 0.971175 0.126946 0.968252 0.124428
3 31 33.563217 0.973567 0.128633 0.969530 0.127171
3 32 33.678162 0.970322 0.127719 0.970344 0.125423
3 33 33.793102 0.969502 0.125130 0.972439 0.126870
3 34 33.908047 0.972005 0.127522 0.970096 0.126173
3 35 34.022987 0.972440 0.126907 0.969271 0.125059
3 36 34.137932 0.970436 0.124334 0.970627 0.126211
3 37 34.252872 0.971008 0.126000 0.972471 0.127923
3 38 34.367817 0.969162 0.125732 0.970501 0.125109
3 39 34.482758 0.967389 0.123777 0.972916 0.126389
3 40 34.597702 0.967894 0.125585 0.972095 0.126379
3 41 34.712643 0.973999 0.128023 0.970510 0.127205
3 42 34.827587 0.972187 0.128078 0.970497 0.124222
3 43 34.942528 0.970735 0.125621 0.974888 0.127413
3 44 35.057472 0.968745 0.124127 0.976370 0.128078
3 45 35.172413 0.969620 0.124966 0.970561 0.126186
3 46 35.287357 0.973820 0.127293 0.970426 0.127128
3 47 35.402298 0.973820 0.127506 0.969703 0.126595
3 48 35.517242 0.971575 0.126463 0.971084 0.125220
3 49 35.632183 0.970174 0.127030 0.972963 0.127874
3 50 35.747128 0.970618 0.126891 0.972738 0.125080
3 51 35.862068 0.973356 0.126253 0.971024 0.126162
3 52 35.977013 0.972354 0.127119 0.974334 0.126579
3 53 36.091953 0.970755 0.126361 0.973983 0.125614
3 54 36.206898 0.971361 0.126232 0.969082 0.126876
3 55 36.321838 0.973474 0.126099 0.972316 0.124975
3 56 36.436783 0.971100 0.126489 0.973602 0.127004
3 57 36.551723 0.973119 0.127470 0.974431 0.128262
3 58 36.666668 0.971870 0.124982 0.970245 0.126053
3 59 36.781609 0.976746 0.127260 0.969971 0.125356
3 60 36.896553 0.972996 0.126438 0.970732 0.125292
3 61 37.011494 0.970717 0.126236 0.972595 0.125614
3 62 37.126438 0.970531 0.125775 0.972607 0.126654
3 63 37.241379 0.971381 0.125921 0.972946 0.126299
3 64 37.356323 0.969555 0.126462 0.971236 0.127684
3 65 37.471264 0.970316 0.126368 0.971169 0.125563
3 66 37.586208 0.973460 0.126753 0.971151 0.127261
3 67 37.701149 0.970889 0.127052 0.971735 0.127026
3 68 37.816093 0.972494 0.127942 0.972079 0.126671
3 69 37.931034 0.968964 0.125665 0.973692 0.126785
3 70 38.045979 0.970623 0.126534 0.972501 0.126849
3 71 38.160919 0.974201 0.126827 0.971405 0.126546
3 72 38.275864 0.971350 0.127369 0.970425 0.127015
3 73 38.390804 0.973322 0.126870 0.971746 0.125421
3 74 38.505749 0.970880 0.126143 0.972354 0.125163
3 75 38.620689 0.972401 0.126145 0.970614 0.126646
3 76 38.735634 0.971066 0.126410 0.973132 0.126479
3 77 38.850574 0.972177 0.125208 0.972078 0.124261
3 78 38.965519 0.971477 0.125695 0.971725 0.126152
3 79 39.080460 0.969651 0.127366 0.973607 0.128243
3 80 39.195404 0.970714 0.127721 0.972704 0.124916
3 81 39.310345 0.967566 0.126066 0.974790 0.126595
3 82 39.425289 0.967987 0.125820 0.971356 0.124790
3 83 39.540230 0.974402 0.126381 0.973697 0.126330
3 84 39.655174 0.971315 0.127193 0.970344 0.127061
3 85 39.770115 0.969589 0.123937 0.974071 0.128519
3 86 39.885059 0.972534 0.127254 0.969033 0.124810
4 0 40.000000 0.971771 0.126656 0.971716 0.125811
4 1 40.114941 0.973338 0.126745 0.971787 0.125846
4 2 40.229885 0.967049 0.126668 0.972650 0.127026
4 3 40.344826 0.975028 0.127304 0.971522 0.127810
4 4 40.459770 0.973458 0.124612 0.971385 0.125744
4 5 40.574711 0.967587 0.125083 0.970790 0.127083
4 6 40.689655 0.970713 0.128134 0.971261 0.125873
4 7 40.804596 0.971538 0.125054 0.971066 0.126307
4 8 40.919540 0.971111 0.125300 0.970319 0.126317
4 9 41.034481 0.969665 0.125540 0.972437 0.127596
4 10 41.149426 0.970649 0.126090 0.970984 0.126335
4 11 41.264366 0.972088 0.125928 0.972333 0.128195
4 12 41.379311 0.971434 0.126928 0.972640 0.127457
4 13 41.494251 0.971692 0.125868 0.971315 0.124729
4 14 41.609196 0.969982 0.126025 0.973587 0.126913
4 15 41.724136 0.972711 0.126105 0.973903 0.127168
4 16 41.839081 0.969677 0.125236 0.971678 0.127298
4 17 41.954021 0.970915 0.124216 0.973904 0.128816
4 18 42.068966 0.971035 0.124876 0.971869 0.124808
4 19 42.183907 0.972073 0.126686 0.973926 0.127275
4 20 42.298851 0.970494 0.126129 0.974274 0.127658
4 21 42.413792 0.971110 0.126811 0.969628 0.124091
4 22 42.528736 0.974021 0.128229 0.970917 0.126631
4 23 42.643677 0.973103 0.126928 0.974422 0.127024
4 24 42.758621 0.973460 0.127811 0.970800 0.125530
4 25 42.873562 0.971677 0.125362 0.972397 0.128211
4 26 42.988506 0.972628 0.125874 0.970172 0.126080
4 27 43.103447 0.969628 0.126620 0.970461 0.125710
4 28 43.218391 0.970216 0.126969 0.970825 0.127038
4 29 43.333332 0.974060 0.126862 0.973391 0.127512
4 30 43.448277 0.972538 0.125942 0.973853 0.127206
4 31 43.563217 0.971445 0.127205 0.972796 0.127744
4 32 43.678162 0.971839 0.127947 0.969940 0.126110
4 33 43.793102 0.971114 0.125038 0.972685 0.125327
4 34 43.908047 0.972958 0.125325 0.974560 0.128513
4 35 44.022987 0.973129 0.124990 0.973871 0.127895
4 36 44.137932 0.972120 0.126473 0.970975 0.124872
4 37 44.252872 0.974468 0.127330 0.974420 0.127689
4 38 44.367817 0.972117 0.127320 0.971246 0.127159
4 39 44.482758 0.969000 0.126294 0.971763 0.127655
4 40 44.597702 0.974836 0.125952 0.969827 0.125255
4 41 44.712643 0.971175 0.127424 0.972118 0.126527
4 42 44.827587 0.970400 0.125568 0.972177 0.126890
4 43 44.942528 0.972034 0.125413 0.971817 0.127449
4 44 45.057472 0.973469 0.126507 0.973101 0.127732
4 45 45.172413 0.969276 0.124204 0.970721 0.127763
4 46 45.287357 0.973180 0.126850 0.971723 0.126867
4 47 45.402298 0.971544 0.126757 0.970913 0.126670
4 48 45.517242 0.972284 0.126682 0.973955 0.127070
4 49 45.632183 0.974181 0.127393 0.971597 0.126644
4 50 45.747128 0.971678 0.126915 0.971437 0.124870
4 51 45.862068 0.969433 0.126286 0.970910 0.127824
4 52 45.977013 0.970372 0.125149 0.972418 0.125814
4 53 46.091953 0.970665 0.127055 0.970968 0.126582
4 54 46.206898 0.973090 0.125192 0.973021 0.127236
4 55 46.321838 0.970463 0.124823 0.970954 0.126712
4 56 46.436783 0.970760 0.126281 0.972909 0.125856
4 57 46.551723 0.969800 0.124942 0.972366 0.126695
4 58 46.666668 0.970235 0.126530 0.973054 0.126490
4 59 46.781609 0.969882 0.126029 0.974734 0.127077
4 60 46.896553 0.972201 0.127945 0.971513 0.126249
4 61 47.011494 0.974461 0.125534 0.970660 0.127027
4 62 47.126438 0.971765 0.126135 0.973700 0.127927
4 63 47.241379 0.968613 0.125951 0.974766 0.127085
4 64 47.356323 0.973270 0.127409 0.971577 0.125488
4 65 47.471264 0.972043 0.127271 0.971379 0.125594
4 66 47.586208 0.972836 0.126458 0.973805 0.127541
4 67 47.701149 0.973117 0.127249 0.972097 0.126372
4 68 47.816093 0.971551 0.126957 0.971486 0.126710
4 69 47.931034 0.971579 0.126762 0.969495 0.124926
4 70 48.045979 0.971596 0.126499 0.972449 0.127811
4 71 48.160919 0.971903 0.125047 0.973315 0.126696
4 72 48.275864 0.973232 0.127799 0.972870 0.128050
4 73 48.390804 0.975998 0.129717 0.972705 0.126848
4 74 48.505749 0.970979 0.127153 0.973456 0.125620
4 75 48.620689 0.973731 0.127200 0.972761 0.127472
4 76 48.735634 0.973659 0.127712 0.969927 0.124912
4 77 48.850574 0.970395 0.126154 0.969541 0.126048
4 78 48.965519 0.970535 0.126659 0.969912 0.125517
4 79 49.080460 0.970717 0.126142 0.970675 0.125929
4 80 49.195404 0.972820 0.128066 0.973109 0.127551
4 81 49.310345 0.973043 0.127601 0.973213 0.127419
4 82 49.425289 0.970544 0.126807 0.971127 0.124491
4 83 49.540230 0.974227 0.127095 0.973165 0.126858
4 84 49.655174 0.971600 0.124910 0.971935 0.127592
4 85 49.770115 0.971520 0.125612 0.970772 0.125207
4 86 49.885059 0.974391 0.126938 0.970866 0.128193
5 0 50.000000 0.974651 0.127876 0.973727 0.125997
5 1 50.114941 0.970658 0.125218 0.972712 0.126138
5 2 50.229885 0.971666 0.126587 0.972427 0.126833
5 3 50.344826 0.971301 0.124353 0.972478 0.127651
5 4 50.459770 0.972009 0.126220 0.969674 0.125073
5 5 50.574711 0.970885 0.126114 0.972429 0.127383
5 6 50.689655 0.973402 0.126083 0.969047 0.125829
5 7 50.804596 0.970909 0.126854 0.974330 0.127150
5 8 50.919540 0.973487 0.125330 0.973126 0.127276
5 9 51.034481 0.975089 0.126645 0.971943 0.125295
5 10 51.149426 0.972496 0.125733 0.971739 0.126338
5 11 51.264366 0.969741 0.125412 0.972658 0.126352
5 12 51.379311 0.975809 0.127087 0.971706 0.126661
5 13 51.494251 0.969132 0.124954 0.972855 0.126117
5 14 51.609196 0.973142 0.125517 0.969642 0.124710
5 15 51.724136 0.971118 0.126386 0.972408 0.126370
5 16 51.839081 0.970807 0.127502 0.972037 0.125705
5 17 51.954021 0.971175 0.126153 0.972222 0.126646
5 18 52.068966 0.970402 0.125894 0.972407 0.125783
5 19 52.183907 0.971175 0.126945 0.972614 0.125337
5 20 52.298851 0.972388 0.125771 0.968360 0.126018
5 21 52.413792 0.969089 0.125768 0.966954 0.125219
5 22 52.528736 0.970743 0.126409 0.974226 0.126086
5 23 52.643677 0.973059 0.127029 0.973439 0.127028
5 24 52.758621 0.972822 0.127910 0.971133 0.125660
5 25 52.873562 0.973125 0.126093 0.971602 0.127107
5 26 52.988506 0.970732 0.126332 0.971679 0.126261
5 27 53.103447 0.974252 0.127772 0.973146 0.125478
5 28 53.218391 0.972711 0.126787 0.968630 0.127086
5 29 53.333332 0.972207 0.125171 0.972233 0.127197
5 30 53.448277 0.972530 0.125297 0.972826 0.127162
5 31 53.563217 0.969526 0.125800 0.972790 0.129349
5 32 53.678162 0.970079 0.127970 0.971175 0.127051
5 33 53.793102 0.969575 0.124929 0.972490 0.127150
5 34 53.908047 0.970719 0.126375 0.971936 0.127491
5 35 54.022987 0.972000 0.126087 0.970145 0.124887
5 36 54.137932 0.970538 0.125108 0.972525 0.125202
5 37 54.252872 0.972126 0.126334 0.974757 0.127384
5 38 54.367817 0.973236 0.127175 0.972897 0.124539
5 39 54.482758 0.974379 0.128310 0.969924 0.125273
5 40 54.597702 0.971425 0.124737 0.969345 0.126405
5 41 54.712643 0.969164 0.126123 0.970370 0.125711
5 42 54.827587 0.973146 0.126760 0.971615 0.126650
5 43 54.942528 0.971729 0.127277 0.970883 0.126466
5 44 55.057472 0.970440 0.125499 0.975207 0.129435
5 45 55.172413 0.972928 0.126125 0.971723 0.126189
5 46 55.287357 0.970189 0.126312 0.973810 0.128182
5 47 55.402298 0.967938 0.123518 0.971107 0.125549
5 48 55.517242 0.971146 0.125598 0.974039 0.126950
5 49 55.632183 0.972633 0.125137 0.971394 0.126971
5 50 55.747128 0.972399 0.126262 0.973155 0.126628
5 51 55.862068 0.971527 0.125437 0.968464 0.124375
5 52 55.977013 0.970924 0.126783 0.973984 0.126893
5 53 56.091953 0.972200 0.127731 0.972843 0.127229
5 54 56.206898 0.972657 0.127126 0.972406 0.126904
5 55 56.321838 0.974087 0.125599 0.973732 0.127027
5 56 56.436783 0.972805 0.125797 0.970762 0.127368
5 57 56.551723 0.973110 0.127504 0.970077 0.125800
5 58 56.666668 0.972648 0.125452 0.972226 0.127627
5 59 56.781609 0.971235 0.125549 0.972510 0.126656
5 60 56.896553 0.971844 0.126330 0.972233 0.126349
5 61 57.011494 0.973435 0.127162 0.970745 0.125477
5 62 57.126438 0.969853 0.127457 0.973474 0.126652
5 63 57.241379 0.971020 0.126083 0.971307 0.127978
5 64 57.356323 0.972180 0.127858 0.970941 0.126783
5 65 57.471264 0.972403 0.126687 0.972406 0.126224
5 66 57.586208 0.970309 0.126656 0.973926 0.128793
5 67 57.701149 0.971663 0.126786 0.971231 0.126358
5 68 57.816093 0.971449 0.125352 0.971541 0.126685
5 69 57.931034 0.971337 0.125366 0.968450 0.126069
5 70 58.045979 0.973797 0.127767 0.970524 0.127321
5 71 58.160919 0.973303 0.127464 0.971505 0.124000
5 72 58.275864 0.971172 0.125778 0.969412 0.124031
5 73 58.390804 0.973583 0.128354 0.970830 0.126855
5 74 58.505749 0.973821 0.126512 0.971038 0.126773
5 75 58.620689 0.969748 0.126391 0.969496 0.125199
5 76 58.735634 0.973648 0.126942 0.971757 0.125007
5 77 58.850574 0.974002 0.127455 0.971297 0.125986
5 78 58.965519 0.972340 0.127603 0.970229 0.126508
5 79 59.080460 0.972970 0.125831 0.972907 0.126744
5 80 59.195404 0.969910 0.126125 0.971351 0.126106
5 81 59.310345 0.971821 0.125951 0.970869 0.125345
5 82 59.425289 0.970609 0.125820 0.971700 0.124979
5 83 59.540230 0.970729 0.126857 0.970231 0.125332
5 84 59.655174 0.971007 0.125739 0.974412 0.127567
5 85 59.770115 0.971993 0.126011 0.968823 0.125411
5 86 59.885059 0.970359 0.125271 0.971955 0.127770
6 0 60.000000 0.972394 0.125564 0.972019 0.125279
6 1 60.114941 0.971505 0.127239 0.971504 0.128492
6 2 60.229885 0.971443 0.126573 0.971413 0.126431
6 3 60.344826 0.969765 0.125510 0.969656 0.125585
6 4 60.459770 0.974095 0.127079 0.971722 0.127583
6 5 60.574711 0.969782 0.126617 0.972106 0.126187
6 6 60.689655 0.971758 0.125531 0.971010 0.126083
6 7 60.804596 0.971619 0.127191 0.971172 0.126207
6 8 60.919540 0.971989 0.126235 0.972260 0.126298
6 9 61.034481 0.972946 0.126691 0.973316 0.127282
6 10 61.149426 0.971704 0.125848 0.972087 0.127105
6 11 61.264366 0.971529 0.125714 0.972222 0.127183
6 12 61.379311 0.972939 0.126842 0.972137 0.126472
6 13 61.494251 0.971655 0.126754 0.968925 0.125894
6 14 61.609196 0.973944 0.127064 0.969688 0.127451
6 15 61.724136 0.973740 0.126552 0.974161 0.127834
6 16 61.839081 0.970550 0.126426 0.969239 0.128194
6 17 61.954021 0.970423 0.126072 0.969714 0.125326
6 18 62.068966 0.969804 0.126461 0.969441 0.125689
6 19 62.183907 0.970608 0.125843 0.973115 0.126205
6 20 62.298851 0.973569 0.127485 0.972041 0.126150
6 21 62.413792 0.970890 0.124683 0.970909 0.126746
6 22 62.528736 0.973668 0.126282 0.969394 0.124754
6 23 62.643677 0.971581 0.125472 0.972848 0.127026
6 24 62.758621 0.969276 0.126112 0.969940 0.126403
6 25 62.873562 0.968476 0.125385 0.971103 0.126805
6 26 62.988506 0.970839 0.125459 0.972042 0.125769
6 27 63.103447 0.971166 0.128033 0.975155 0.126180
6 28 63.218391 0.972232 0.124649 0.973316 0.126721
6 29 63.333332 0.973040 0.126777 0.971791 0.126202
6 30 63.448277 0.971454 0.127050 0.974217 0.127006
6 31 63.563217 0.970507 0.125331 0.969914 0.125195
6 32 63.678162 0.972081 0.127072 0.973698 0.128756
6 33 63.793102 0.973789 0.128578 0.971313 0.124504
6 34 63.908047 0.972324 0.128747 0.972944 0.125568
6 35 64.022987 0.971326 0.126222 0.974642 0.127884
6 36 64.137932 0.971131 0.124797 0.974949 0.129553
6 37 64.252876 0.972276 0.126444 0.969965 0.126266
6 38 64.367813 0.973242 0.126738 0.973483 0.127266
6 39 64.482758 0.972953 0.126230 0.971873 0.127378
6 40 64.597702 0.972857 0.126101 0.972208 0.127005
6 41 64.712646 0.971119 0.127100 0.971004 0.127750
6 42 64.827583 0.972675 0.126032 0.970578 0.125476
6 43 64.942528 0.973831 0.126721 0.972001 0.126113
6 44 65.057472 0.971075 0.126566 0.971784 0.127151
6 45 65.172417 0.973467 0.125490 0.973184 0.126611
6 46 65.287354 0.971043 0.127765 0.973731 0.126455
6 47 65.402298 0.975525 0.126954 0.971655 0.125161
6 48 65.517242 0.970504 0.126262 0.971391 0.126652
6 49 65.632187 0.971026 0.125169 0.973258 0.127087
6 50 65.747124 0.971747 0.127039 0.971709 0.126522
6 51 65.862068 0.967988 0.125722 0.973872 0.125892
6 52 65.977013 0.969838 0.126884 0.973190 0.126832
6 53 66.091957 0.972726 0.126102 0.973538 0.127320
6 54 66.206894 0.972607 0.128515 0.972606 0.127157
6 55 66.321838 0.971424 0.124461 0.971631 0.128006
6 56 66.436783 0.971981 0.126476 0.972732 0.125959
6 57 66.551727 0.971398 0.127755 0.974496 0.128586
6 58 66.666664 0.973671 0.125591 0.971538 0.127290
6 59 66.781609 0.969899 0.124627 0.969213 0.124258
6 60 66.896553 0.973678 0.127237 0.974035 0.127476
6 61 67.011497 0.973139 0.127168 0.973021 0.127398
6 62 67.126434 0.971737 0.126622 0.973074 0.127234
6 63 67.241379 0.972743 0.127436 0.971442 0.126587
6 64 67.356323 0.973701 0.125709 0.969590 0.126188
6 65 67.471268 0.972336 0.126186 0.972501 0.127088
6 66 67.586205 0.971477 0.125917 0.972862 0.127044
6 67 67.701149 0.969483 0.127480 0.969027 0.125501
6 68 67.816093 0.972005 0.127313 0.969680 0.125836
6 69 67.931038 0.970931 0.126368 0.971174 0.127213
6 70 68.045975 0.970408 0.125565 0.970079 0.124922
6 71 68.160919 0.972525 0.126061 0.971517 0.125524
6 72 68.275864 0.973065 0.126118 0.970876 0.125597
6 73 68.390808 0.972622 0.123628 0.972904 0.126247
6 74 68.505745 0.970943 0.127360 0.970083 0.125834
6 75 68.620689 0.971590 0.128076 0.974758 0.127870
6 76 68.735634 0.972884 0.125677 0.968550 0.125410
6 77 68.850578 0.969943 0.127162 0.970983 0.125944
6 78 68.965515 0.968311 0.126238 0.970938 0.125808
6 79 69.080460 0.970298 0.128716 0.970413 0.126642
6 80 69.195404 0.970665 0.127354 0.972929 0.125904
6 81 69.310349 0.970155 0.126548 0.968838 0.126088
6 82 69.425285 0.972883 0.127592 0.971889 0.126696
6 83 69.540230 0.971437 0.126709 0.969707 0.126209
6 84 69.655174 0.967590 0.126313 0.973484 0.126525
6 85 69.770119 0.970281 0.124778 0.970449 0.125721
6 86 69.885056 0.967294 0.125000 0.972003 0.126507
7 0 70.000000 0.971977 0.126028 0.971085 0.127088
7 1 70.114944 0.971431 0.126638 0.969193 0.124431
7 2 70.229881 0.972607 0.126618 0.970506 0.125475
7 3 70.344826 0.970444 0.125728 0.973965 0.128892
7 4 70.459770 0.970884 0.124913 0.972613 0.125084
7 5 70.574715 0.972611 0.127432 0.969540 0.126651
7 6 70.689651 0.970829 0.126527 0.972296 0.125620
7 7 70.804596 0.970000 0.124826 0.970946 0.125062
7 8 70.919540 0.972092 0.125875 0.971224 0.127633
7 9 71.034485 0.970892 0.126360 0.970628 0.126725
7 10 71.149422 0.970423 0.126995 0.973263 0.129429
7 11 71.264366 0.972627 0.125996 0.972174 0.125980
7 12 71.379311 0.972652 0.125341 0.971079 0.125898
7 13 71.494255 0.970444 0.127860 0.974121 0.126773
7 14 71.609192 0.971759 0.126803 0.973024 0.128045
7 15 71.724136 0.970571 0.126217 0.971264 0.127037
7 16 71.839081 0.970976 0.125682 0.972273 0.126493
7 17 71.954025 0.972602 0.127417 0.971249 0.125288
7 18 72.068962 0.971126 0.127415 0.971390 0.126296
7 19 72.183907 0.972961 0.126312 0.974611 0.127919
7 20 72.298851 0.970658 0.127019 0.971233 0.127401
7 21 72.413795 0.972350 0.126724 0.973603 0.126171
7 22 72.528732 0.971116 0.126247 0.972167 0.126069
7 23 72.643677 0.970140 0.125170 0.972049 0.127085
7 24 72.758621 0.972550 0.126324 0.970945 0.126023
7 25 72.873566 0.971012 0.125884 0.971830 0.125483
7 26 72.988503 0.971606 0.125922 0.969782 0.127456
7 27 73.103447 0.972540 0.125794 0.969014 0.125894
7 28 73.218391 0.969945 0.125410 0.971689 0.127204
7 29 73.333336 0.971870 0.126626 0.968834 0.125812
7 30 73.448273 0.973125 0.125261 0.972472 0.126470
7 31 73.563217 0.971895 0.126920 0.971762 0.125294
7 32 73.678162 0.972003 0.124879 0.971960 0.126336
7 33 73.793106 0.971509 0.126079 0.972500 0.127086
7 34 73.908043 0.968184 0.124010 0.970672 0.125615
7 35 74.022987 0.972456 0.127412 0.973444 0.125810
7 36 74.137932 0.971812 0.127304 0.975734 0.127694
7 37 74.252876 0.972611 0.127053 0.966835 0.124634
7 38 74.367813 0.972825 0.125790 0.972111 0.126297
7 39 74.482758 0.974385 0.126942 0.972182 0.128069
7 40 74.597702 0.970916 0.126646 0.973539 0.128564
7 41 74.712646 0.973794 0.127570 0.972398 0.125508
7 42 74.827583 0.971404 0.125612 0.970862 0.128232
7 43 74.942528 0.970860 0.126534 0.968616 0.126411
7 44 75.057472 0.970323 0.127085 0.971265 0.127067
7 45 75.172417 0.973743 0.127303 0.970799 0.126532
7 46 75.287354 0.974157 0.126849 0.970662 0.125749
7 47 75.402298 0.971499 0.126413 0.972269 0.125854
7 48 75.517242 0.973055 0.127154 0.969667 0.124700
7 49 75.632187 0.969267 0.125793 0.973206 0.127946
7 50 75.747124 0.969348 0.125096 0.973325 0.127249
7 51 75.862068 0.967856 0.126439 0.969313 0.125836
7 52 75.977013 0.969673 0.125903 0.972469 0.127486
7 53 76.091957 0.973337 0.126684 0.970945 0.126067
7 54 76.206894 0.973728 0.125842 0.970855 0.125999
7 55 76.321838 0.973008 0.127271 0.969720 0.128277
7 56 76.436783 0.968882 0.124727 0.971302 0.127203
7 57 76.551727 0.971475 0.126946 0.972579 0.126065
7 58 76.666664 0.974360 0.127849 0.971229 0.124263
7 59 76.781609 0.971659 0.126413 0.971248 0.125555
7 60 76.896553 0.970413 0.126090 0.971934 0.127887
7 61 77.011497 0.970379 0.127259 0.973961 0.128088
7 62 77.126434 0.970625 0.123988 0.973409 0.127040
7 63 77.241379 0.971709 0.127122 0.971194 0.126379
7 64 77.356323 0.973517 0.127553 0.973434 0.126642
7 65 77.471268 0.970248 0.126283 0.972361 0.127334
7 66 77.586205 0.970299 0.126486 0.974877 0.127827
7 67 77.701149 0.972053 0.127963 0.973175 0.126565
7 68 77.816093 0.973147 0.125924 0.972011 0.124311
7 69 77.931038 0.972027 0.127762 0.970320 0.126417
7 70 78.045975 0.970251 0.125391 0.973819 0.127661
7 71 78.160919 0.971659 0.126269 0.971898 0.125631
7 72 78.275864 0.972716 0.126518 0.968818 0.123607
7 73 78.390808 0.969392 0.125040 0.971403 0.125230
7 74 78.505745 0.973555 0.127101 0.972619 0.125750
7 75 78.620689 0.973683 0.127514 0.972232 0.126106
7 76 78.735634 0.974059 0.127361 0.971425 0.128966
7 77 78.850578 0.971844 0.127362 0.973854 0.127555
7 78 78.965515 0.971290 0.129044 0.973177 0.128002
7 79 79.080460 0.973022 0.128342 0.969743 0.124771
7 80 79.195404 0.970949 0.125108 0.972957 0.126503
7 81 79.310349 0.970194 0.126778 0.968274 0.126148
7 82 79.425285 0.972396 0.126356 0.969946 0.126164
7 83 79.540230 0.969440 0.126739 0.971928 0.125661
7 84 79.655174 0.971162 0.126560 0.971385 0.125757
7 85 79.770119 0.971603 0.127809 0.971957 0.128574
7 86 79.885056 0.971894 0.127575 0.973776 0.126301
8 0 80.000000 0.971397 0.126877 0.970919 0.126774
8 1 80.114944 0.970337 0.125631 0.973613 0.127933
8 2 80.229881 0.971726 0.126632 0.969284 0.125599
8 3 80.344826 0.972268 0.128994 0.970251 0.126391
8 4 80.459770 0.969325 0.125349 0.973191 0.126548
8 5 80.574715 0.971196 0.124774 0.970027 0.125714
8 6 80.689651 0.973125 0.127016 0.971787 0.127287
8 7 80.804596 0.974447 0.126639 0.969422 0.126388
8 8 80.919540 0.970883 0.126026 0.969767 0.126617
8 9 81.034485 0.969018 0.125984 0.972950 0.127507
8 10 81.149422 0.970959 0.126574 0.972371 0.126003
8 11 81.264366 0.972208 0.126569 0.968001 0.124886
8 12 81.379311 0.969600 0.126398 0.970260 0.125035
8 13 81.494255 0.971675 0.126687 0.972090 0.127154
8 14 81.609192 0.970558 0.125936 0.971217 0.126472
8 15 81.724136 0.969998 0.124192 0.970714 0.127421
8 16 81.839081 0.972499 0.124475 0.968876 0.125770
8 17 81.954025 0.974120 0.127065 0.969294 0.126742
8 18 82.068962 0.974087 0.126382 0.972570 0.126916
8 19 82.183907 0.969327 0.124095 0.971078 0.125168
8 20 82.298851 0.969028 0.125419 0.972755 0.125807
8 21 82.413795 0.971413 0.127616 0.972939 0.126188
8 22 82.528732 0.972240 0.126092 0.971689 0.125546
8 23 82.643677 0.970517 0.126136 0.971860 0.125513
8 24 82.758621 0.971290 0.127361 0.971390 0.126688
8 25 82.873566 0.971384 0.126868 0.970967 0.126163
8 26 82.988503 0.969376 0.125319 0.973891 0.126798
8 27 83.103447 0.971502 0.125505 0.973984 0.128310
8 28 83.218391 0.971483 0.125473 0.970814 0.127152
8 29 83.333336 0.969967 0.125686 0.971373 0.126353
8 30 83.448273 0.971895 0.124790 0.972188 0.127138
8 31 83.563217 0.973815 0.127275 0.971390 0.126198
8 32 83.678162 0.972938 0.125284 0.970582 0.126916
8 33 83.793106 0.971434 0.127098 0.969975 0.126514
8 34 83.908043 0.971380 0.127970 0.971039 0.125837
8 35 84.022987 0.971872 0.126759 0.971679 0.127071
8 36 84.137932 0.970421 0.125565 0.969864 0.125520
8 37 84.252876 0.974284 0.127484 0.971592 0.127082
8 38 84.367813 0.972816 0.125195 0.970734 0.126845
8 39 84.482758 0.974322 0.125970 0.973271 0.126533
8 40 84.597702 0.975953 0.128127 0.969618 0.125421
8 41 84.712646 0.972847 0.125469 0.972349 0.125896
8 42 84.827583 0.970062 0.124295 0.969754 0.125228
8 43 84.942528 0.969795 0.126666 0.973764 0.127993
8 44 85.057472 0.971645 0.126019 0.971817 0.126245
8 45 85.172417 0.971364 0.126811 0.972718 0.126848
8 46 85.287354 0.973543 0.127552 0.967616 0.125178
8 47 85.402298 0.972353 0.128464 0.971229 0.126027
8 48 85.517242 0.969472 0.125356 0.973094 0.125771
8 49 85.632187 0.971644 0.126197 0.973476 0.125053
8 50 85.747124 0.972598 0.126036 0.973606 0.128346
8 51 85.862068 0.968322 0.126431 0.972219 0.126291
8 52 85.977013 0.972401 0.126396 0.971132 0.127344
8 53 86.091957 0.969796 0.125639 0.973504 0.127107
8 54 86.206894 0.970717 0.126089 0.972265 0.127533
8 55 86.321838 0.971657 0.126284 0.970134 0.125885
8 56 86.436783 0.971215 0.127381 0.971827 0.126635
8 57 86.551727 0.970848 0.125438 0.971692 0.127195
8 58 86.666664 0.969724 0.125588 0.973532 0.127585
8 59 86.781609 0.973615 0.126959 0.973608 0.127457
8 60 86.896553 0.971381 0.126583 0.973037 0.127474
8 61 87.011497 0.973143 0.127707 0.971134 0.125513
8 62 87.126434 0.972114 0.126196 0.971555 0.128331
8 63 87.241379 0.970764 0.125876 0.971624 0.126266
8 64 87.356323 0.968304 0.126093 0.972623 0.126644
8 65 87.471268 0.971661 0.127005 0.969878 0.124492
8 66 87.586205 0.969768 0.126899 0.974056 0.127394
8 67 87.701149 0.969198 0.124803 0.972763 0.127679
8 68 87.816093 0.972871 0.128083 0.970613 0.125645
8 69 87.931038 0.971691 0.126878 0.970422 0.124900
8 70 88.045975 0.971149 0.126588 0.970141 0.126367
8 71 88.160919 0.972006 0.126102 0.969046 0.125100
8 72 88.275864 0.972571 0.127936 0.968057 0.125157
8 73 88.390808 0.971694 0.127910 0.971153 0.125945
8 74 88.505745 0.972154 0.127697 0.974679 0.126824
8 75 88.620689 0.974485 0.128737 0.973000 0.127399
8 76 88.735634 0.971153 0.127010 0.971101 0.126241
8 77 88.850578 0.970830 0.125598 0.974601 0.127856
8 78 88.965515 0.971028 0.127366 0.971005 0.125517
8 79 89.080460 0.973049 0.126082 0.970109 0.126799
8 80 89.195404 0.972201 0.124761 0.973170 0.126534
8 81 89.310349 0.971741 0.126072 0.971732 0.126620
8 82 89.425285 0.972400 0.126019 0.972725 0.127527
8 83 89.540230 0.970508 0.125519 0.972555 0.126290
8 84 89.655174 0.973659 0.125970 0.972082 0.128012
8 85 89.770119 0.972523 0.126255 0.972537 0.127558
8 86 89.885056 0.974715 0.126849 0.972179 0.126053
9 0 90.000000 0.972103 0.126721 0.972964 0.127196
9 1 90.114944 0.972216 0.126975 0.973535 0.126794
9 2 90.229881 0.973396 0.124855 0.971008 0.125045
9 3 90.344826 0.971490 0.124514 0.972324 0.125653
9 4 90.459770 0.971588 0.126395 0.973648 0.127152
9 5 90.574715 0.973209 0.127177 0.973182 0.128097
9 6 90.689651 0.971851 0.126692 0.973278 0.126992
9 7 90.804596 0.969974 0.125866 0.971059 0.127145
9 8 90.919540 0.971171 0.126382 0.970776 0.125988
9 9 91.034485 0.971546 0.127213 0.971166 0.125606
9 10 91.149422 0.974188 0.126570 0.971079 0.128234
9 11 91.264366 0.973107 0.128555 0.969515 0.124609
9 12 91.379311 0.972991 0.128327 0.970578 0.124910
9 13 91.494255 0.969317 0.125208 0.973038 0.124204
9 14 91.609192 0.970363 0.125576 0.970681 0.126716
9 15 91.724136 0.972967 0.127079 0.970115 0.125385
9 16 91.839081 0.969391 0.126917 0.970029 0.126534
9 17 91.954025 0.969799 0.125172 0.973908 0.128913
9 18 92.068962 0.973991 0.127181 0.969450 0.125667
9 19 92.183907 0.973742 0.128483 0.970341 0.126575
9 20 92.298851 0.971618 0.126290 0.972321 0.126119
9 21 92.413795 0.971659 0.126856 0.971792 0.125923
9 22 92.528732 0.972032 0.125138 0.970616 0.125706
9 23 92.643677 0.971266 0.126875 0.972392 0.127536
9 24 92.758621 0.969574 0.125481 0.968841 0.127607
9 25 92.873566 0.970455 0.126221 0.971610 0.127904
9 26 92.988503 0.969730 0.125244 0.972304 0.127896
9 27 93.103447 0.968498 0.126755 0.972201 0.126199
9 28 93.218391 0.974338 0.126074 0.973357 0.126942
9 29 93.333336 0.974277 0.127651 0.971388 0.128082
9 30 93.448273 0.972979 0.125702 0.971527 0.125522
9 31 93.563217 0.975076 0.128339 0.971418 0.125748
9 32 93.678162 0.969169 0.126590 0.971370 0.125873
9 33 93.793106 0.970851 0.126882 0.973192 0.125688
9 34 93.908043 0.974246 0.126815 0.973191 0.127350
9 35 94.022987 0.968910 0.127104 0.971978 0.127569
9 36 94.137932 0.972038 0.127123 0.970403 0.125119
9 37 94.252876 0.972165 0.126730 0.970734 0.127570
9 38 94.367813 0.969064 0.124380 0.971319 0.127226
9 39 94.482758 0.972695 0.127317 0.971590 0.125900
9 40 94.597702 0.974669 0.126091 0.972537 0.127347
9 41 94.712646 0.969412 0.124729 0.973315 0.127905
9 42 94.827583 0.972456 0.126830 0.971458 0.126037
9 43 94.942528 0.971691 0.126613 0.968728 0.127651
9 44 95.057472 0.972008 0.126513 0.973438 0.127038
9 45 95.172417 0.972455 0.126543 0.970988 0.126230
9 46 95.287354 0.972001 0.126203 0.970967 0.125362
9 47 95.402298 0.971264 0.125965 0.970186 0.126863
9 48 95.517242 0.970262 0.125737 0.970203 0.126106
9 49 95.632187 0.970762 0.127474 0.970658 0.126491
9 50 95.747124 0.972420 0.126045 0.973452 0.127125
9 51 95.862068 0.969687 0.126637 0.973668 0.125320
9 52 95.977013 0.972309 0.127685 0.970359 0.125285
9 53 96.091957 0.971947 0.125970 0.970633 0.125851
9 54 96.206894 0.972046 0.126262 0.973529 0.126381
9 55 96.321838 0.973495 0.126566 0.970920 0.125958
9 56 96.436783 0.974196 0.127945 0.972239 0.126564
9 57 96.551727 0.972594 0.126884 0.971941 0.127076
9 58 96.666664 0.973876 0.127315 0.971435 0.127418
9 59 96.781609 0.974117 0.127612 0.972161 0.125306
9 60 96.896553 0.970090 0.126772 0.971311 0.126327
9 61 97.011497 0.972997 0.126634 0.972191 0.125711
9 62 97.126434 0.970771 0.125022 0.971346 0.126341
9 63 97.241379 0.973494 0.126151 0.976331 0.128554
9 64 97.356323 0.970485 0.128618 0.968634 0.124920
9 65 97.471268 0.972163 0.128092 0.970403 0.125611
9 66 97.586205 0.972420 0.125422 0.974569 0.127416
9 67 97.701149 0.971255 0.128007 0.971883 0.128490
9 68 97.816093 0.971655 0.126755 0.970882 0.125177
9 69 97.931038 0.971127 0.126716 0.972594 0.126264
9 70 98.045975 0.975543 0.127954 0.970827 0.125832
9 71 98.160919 0.968965 0.126195 0.969099 0.126179
9 72 98.275864 0.973429 0.126324 0.972902 0.127044
9 73 98.390808 0.969824 0.124334 0.969379 0.125591
9 74 98.505745 0.969093 0.124270 0.970931 0.125394
9 75 98.620689 0.972305 0.126233 0.973831 0.127008
9 76 98.735634 0.971504 0.126707 0.972986 0.128203
9 77 98.850578 0.973282 0.126578 0.967852 0.126271
9 78 98.965515 0.971105 0.125789 0.973005 0.127151
9 79 99.080460 0.967914 0.124300 0.973082 0.127292
9 80 99.195404 0.969588 0.127806 0.973078 0.128142
9 81 99.310349 0.973473 0.126495 0.970637 0.127184
9 82 99.425285 0.970036 0.124240 0.970906 0.127323
9 83 99.540230 0.976186 0.128511 0.974734 0.128883
9 84 99.655174 0.972002 0.125788 0.974532 0.127554
9 85 99.770119 0.968254 0.125536 0.971938 0.128014
9 86 99.885056 0.973665 0.126965 0.973714 0.126266
