0 -0.465745 1 0.000050
1 -0.457959 0 0.000000
2 -0.450172 0 0.000000
3 -0.442385 0 0.000000
4 -0.434599 0 0.000000
5 -0.426812 1 0.000050
6 -0.419025 0 0.000000
7 -0.411239 0 0.000000
8 -0.403452 0 0.000000
9 -0.395666 0 0.000000
10 -0.387879 0 0.000000
11 -0.380092 0 0.000000
12 -0.372306 2 0.000100
13 -0.364519 1 0.000050
14 -0.356732 0 0.000000
15 -0.348946 0 0.000000
16 -0.341159 0 0.000000
17 -0.333372 0 0.000000
18 -0.325586 1 0.000050
19 -0.317799 0 0.000000
20 -0.310012 3 0.000150
21 -0.302226 2 0.000100
22 -0.294439 1 0.000050
23 -0.286653 4 0.000200
24 -0.278866 5 0.000250
25 -0.271079 4 0.000200
26 -0.263293 2 0.000100
27 -0.255506 3 0.000150
28 -0.247719 0 0.000000
29 -0.239933 1 0.000050
30 -0.232146 1 0.000050
31 -0.224359 2 0.000100
32 -0.216573 4 0.000200
33 -0.208786 10 0.000500
34 -0.200999 17 0.000850
35 -0.193213 17 0.000850
36 -0.185426 41 0.002050
37 -0.177639 65 0.003250
38 -0.169853 66 0.003300
39 -0.162066 51 0.002550
40 -0.154280 107 0.005350
41 -0.146493 153 0.007650
42 -0.138706 182 0.009100
43 -0.130920 275 0.013750
44 -0.123133 190 0.009500
45 -0.115346 139 0.006950
46 -0.107560 189 0.009450
47 -0.099773 191 0.009550
48 -0.091986 293 0.014650
49 -0.084200 646 0.032300
50 -0.076413 860 0.043000
51 -0.068626 414 0.020700
52 -0.060840 368 0.018400
53 -0.053053 465 0.023250
54 -0.045266 563 0.028150
55 -0.037480 715 0.035750
56 -0.029693 600 0.030000
57 -0.021907 642 0.032100
58 -0.014120 998 0.049900
59 -0.006333 3313 0.165650
60 0.001453 838 0.041900
61 0.009240 600 0.030000
62 0.017027 979 0.048950
63 0.024813 1061 0.053050
64 0.032600 476 0.023800
65 0.040387 452 0.022600
66 0.048173 428 0.021400
67 0.055960 449 0.022450
68 0.063747 563 0.028150
69 0.071533 414 0.020700
70 0.079320 305 0.015250
71 0.087106 176 0.008800
72 0.094893 175 0.008750
73 0.102680 156 0.007800
74 0.110466 216 0.010800
75 0.118253 365 0.018250
76 0.126040 213 0.010650
77 0.133826 94 0.004700
78 0.141613 66 0.003300
79 0.149400 98 0.004900
80 0.157186 58 0.002900
81 0.164973 85 0.004250
82 0.172760 45 0.002250
83 0.180546 26 0.001300
84 0.188333 13 0.000650
85 0.196120 5 0.000250
86 0.203906 9 0.000450
87 0.211693 5 0.000250
88 0.219479 1 0.000050
89 0.227266 0 0.000000
90 0.235053 3 0.000150
91 0.242839 0 0.000000
92 0.250626 1 0.000050
93 0.258413 4 0.000200
94 0.266199 2 0.000100
95 0.273986 2 0.000100
96 0.281773 3 0.000150
97 0.289559 4 0.000200
98 0.297346 1 0.000050
99 0.305133 1 0.000050
