0 -0.474182 2 0.000033
1 -0.465550 1 0.000017
2 -0.456918 0 0.000000
3 -0.448286 0 0.000000
4 -0.439654 0 0.000000
5 -0.431022 1 0.000017
6 -0.422390 0 0.000000
7 -0.413758 0 0.000000
8 -0.405126 0 0.000000
9 -0.396494 0 0.000000
10 -0.387862 0 0.000000
11 -0.379230 1 0.000017
12 -0.370598 2 0.000033
13 -0.361966 0 0.000000
14 -0.353335 0 0.000000
15 -0.344703 2 0.000033
16 -0.336071 0 0.000000
17 -0.327439 9 0.000150
18 -0.318807 6 0.000100
19 -0.310175 10 0.000167
20 -0.301543 20 0.000333
21 -0.292911 18 0.000300
22 -0.284279 18 0.000300
23 -0.275647 24 0.000400
24 -0.267015 22 0.000367
25 -0.258383 28 0.000467
26 -0.249751 35 0.000583
27 -0.241119 30 0.000500
28 -0.232487 37 0.000617
29 -0.223855 26 0.000433
30 -0.215223 33 0.000550
31 -0.206591 41 0.000683
32 -0.197959 58 0.000967
33 -0.189327 67 0.001117
34 -0.180695 191 0.003183
35 -0.172063 225 0.003750
36 -0.163431 237 0.003950
37 -0.154800 304 0.005067
38 -0.146168 441 0.007350
39 -0.137536 590 0.009833
40 -0.128904 566 0.009433
41 -0.120272 499 0.008317
42 -0.111640 488 0.008133
43 -0.103008 656 0.010933
44 -0.094376 760 0.012667
45 -0.085744 1134 0.018900
46 -0.077112 1552 0.025867
47 -0.068480 1045 0.017417
48 -0.059848 1018 0.016967
49 -0.051216 1309 0.021817
50 -0.042584 1667 0.027783
51 -0.033952 2245 0.037417
52 -0.025320 3647 0.060783
53 -0.016688 7700 0.128333
54 -0.008056 11649 0.194150
55 0.000576 5133 0.085550
56 0.009208 2521 0.042017
57 0.017840 2053 0.034217
58 0.026472 1711 0.028517
59 0.035103 1126 0.018767
60 0.043735 896 0.014933
61 0.052367 886 0.014767
62 0.060999 966 0.016100
63 0.069631 906 0.015100
64 0.078263 765 0.012750
65 0.086895 545 0.009083
66 0.095527 403 0.006717
67 0.104159 442 0.007367
68 0.112791 579 0.009650
69 0.121423 639 0.010650
70 0.130055 391 0.006517
71 0.138687 278 0.004633
72 0.147319 207 0.003450
73 0.155951 145 0.002417
74 0.164583 161 0.002683
75 0.173215 117 0.001950
76 0.181847 52 0.000867
77 0.190479 64 0.001067
78 0.199111 58 0.000967
79 0.207743 57 0.000950
80 0.216375 56 0.000933
81 0.225007 26 0.000433
82 0.233638 41 0.000683
83 0.242270 42 0.000700
84 0.250902 44 0.000733
85 0.259534 39 0.000650
86 0.268166 48 0.000800
87 0.276798 46 0.000767
88 0.285430 41 0.000683
89 0.294062 37 0.000617
90 0.302694 35 0.000583
91 0.311326 19 0.000317
92 0.319958 5 0.000083
93 0.328590 1 0.000017
94 0.337222 2 0.000033
95 0.345854 1 0.000017
96 0.354486 1 0.000017
97 0.363118 0 0.000000
98 0.371750 0 0.000000
99 0.380382 1 0.000017
