0 0.000000 40652 0.677533
1 0.002271 4529 0.075483
2 0.004542 4059 0.067650
3 0.006814 2063 0.034383
4 0.009085 1342 0.022367
5 0.011356 1105 0.018417
6 0.013627 1301 0.021683
7 0.015898 1108 0.018467
8 0.018170 743 0.012383
9 0.020441 570 0.009500
10 0.022712 375 0.006250
11 0.024983 306 0.005100
12 0.027254 301 0.005017
13 0.029526 250 0.004167
14 0.031797 147 0.002450
15 0.034068 76 0.001267
16 0.036339 89 0.001483
17 0.038610 56 0.000933
18 0.040882 64 0.001067
19 0.043153 55 0.000917
20 0.045424 51 0.000850
21 0.047695 47 0.000783
22 0.049966 55 0.000917
23 0.052238 27 0.000450
24 0.054509 41 0.000683
25 0.056780 37 0.000617
26 0.059051 39 0.000650
27 0.061322 42 0.000700
28 0.063594 37 0.000617
29 0.065865 36 0.000600
30 0.068136 30 0.000500
31 0.070407 33 0.000550
32 0.072678 36 0.000600
33 0.074949 29 0.000483
34 0.077221 33 0.000550
35 0.079492 31 0.000517
36 0.081763 26 0.000433
37 0.084034 23 0.000383
38 0.086305 33 0.000550
39 0.088577 16 0.000267
40 0.090848 24 0.000400
41 0.093119 20 0.000333
42 0.095390 13 0.000217
43 0.097661 10 0.000167
44 0.099933 11 0.000183
45 0.102204 7 0.000117
46 0.104475 6 0.000100
47 0.106746 1 0.000017
48 0.109017 0 0.000000
49 0.111289 2 0.000033
50 0.113560 1 0.000017
51 0.115831 2 0.000033
52 0.118102 0 0.000000
53 0.120373 1 0.000017
54 0.122645 0 0.000000
55 0.124916 0 0.000000
56 0.127187 0 0.000000
57 0.129458 1 0.000017
58 0.131729 1 0.000017
59 0.134001 1 0.000017
60 0.136272 1 0.000017
61 0.138543 0 0.000000
62 0.140814 0 0.000000
63 0.143085 1 0.000017
64 0.145357 0 0.000000
65 0.147628 0 0.000000
66 0.149899 0 0.000000
67 0.152170 0 0.000000
68 0.154441 0 0.000000
69 0.156713 0 0.000000
70 0.158984 0 0.000000
71 0.161255 0 0.000000
72 0.163526 0 0.000000
73 0.165797 0 0.000000
74 0.168069 0 0.000000
75 0.170340 0 0.000000
76 0.172611 0 0.000000
77 0.174882 0 0.000000
78 0.177153 0 0.000000
79 0.179425 1 0.000017
80 0.181696 0 0.000000
81 0.183967 0 0.000000
82 0.186238 0 0.000000
83 0.188509 0 0.000000
84 0.190781 0 0.000000
85 0.193052 0 0.000000
86 0.195323 0 0.000000
87 0.197594 0 0.000000
88 0.199865 0 0.000000
89 0.202137 0 0.000000
90 0.204408 0 0.000000
91 0.206679 0 0.000000
92 0.208950 0 0.000000
93 0.211221 0 0.000000
94 0.213492 1 0.000017
95 0.215764 1 0.000017
96 0.218035 0 0.000000
97 0.220306 0 0.000000
98 0.222577 0 0.000000
99 0.224848 1 0.000017
