0 -0.474182 1 0.000050
1 -0.465550 1 0.000050
2 -0.456918 0 0.000000
3 -0.448286 0 0.000000
4 -0.439654 0 0.000000
5 -0.431022 0 0.000000
6 -0.422390 0 0.000000
7 -0.413758 0 0.000000
8 -0.405126 0 0.000000
9 -0.396494 0 0.000000
10 -0.387862 0 0.000000
11 -0.379230 0 0.000000
12 -0.370598 0 0.000000
13 -0.361966 0 0.000000
14 -0.353335 0 0.000000
15 -0.344703 0 0.000000
16 -0.336071 0 0.000000
17 -0.327439 5 0.000250
18 -0.318807 6 0.000300
19 -0.310175 4 0.000200
20 -0.301543 12 0.000600
21 -0.292911 11 0.000550
22 -0.284279 3 0.000150
23 -0.275647 13 0.000650
24 -0.267015 14 0.000700
25 -0.258383 20 0.001000
26 -0.249751 24 0.001200
27 -0.241119 24 0.001200
28 -0.232487 28 0.001400
29 -0.223855 17 0.000850
30 -0.215223 21 0.001050
31 -0.206591 17 0.000850
32 -0.197959 30 0.001500
33 -0.189327 30 0.001500
34 -0.180695 92 0.004600
35 -0.172063 107 0.005350
36 -0.163431 136 0.006800
37 -0.154800 126 0.006300
38 -0.146168 224 0.011200
39 -0.137536 255 0.012750
40 -0.128904 217 0.010850
41 -0.120272 229 0.011450
42 -0.111640 196 0.009800
43 -0.103008 254 0.012700
44 -0.094376 271 0.013550
45 -0.085744 323 0.016150
46 -0.077112 419 0.020950
47 -0.068480 391 0.019550
48 -0.059848 319 0.015950
49 -0.051216 337 0.016850
50 -0.042584 378 0.018900
51 -0.033952 628 0.031400
52 -0.025320 1483 0.074150
53 -0.016688 3172 0.158600
54 -0.008056 3916 0.195800
55 0.000576 1664 0.083200
56 0.009208 826 0.041300
57 0.017840 350 0.017500
58 0.026472 245 0.012250
59 0.035103 188 0.009400
60 0.043735 159 0.007950
61 0.052367 156 0.007800
62 0.060999 176 0.008800
63 0.069631 174 0.008700
64 0.078263 258 0.012900
65 0.086895 234 0.011700
66 0.095527 133 0.006650
67 0.104159 174 0.008700
68 0.112791 194 0.009700
69 0.121423 176 0.008800
70 0.130055 218 0.010900
71 0.138687 147 0.007350
72 0.147319 77 0.003850
73 0.155951 63 0.003150
74 0.164583 48 0.002400
75 0.173215 53 0.002650
76 0.181847 23 0.001150
77 0.190479 41 0.002050
78 0.199111 40 0.002000
79 0.207743 44 0.002200
80 0.216375 43 0.002150
81 0.225007 16 0.000800
82 0.233638 31 0.001550
83 0.242270 33 0.001650
84 0.250902 35 0.001750
85 0.259534 29 0.001450
86 0.268166 42 0.002100
87 0.276798 38 0.001900
88 0.285430 30 0.001500
89 0.294062 31 0.001550
90 0.302694 31 0.001550
91 0.311326 19 0.000950
92 0.319958 4 0.000200
93 0.328590 1 0.000050
94 0.337222 0 0.000000
95 0.345854 0 0.000000
96 0.354486 1 0.000050
97 0.363118 0 0.000000
98 0.371750 0 0.000000
99 0.380382 1 0.000050
