0 -0.337778 2 0.000100
1 -0.330832 3 0.000150
2 -0.323885 0 0.000000
3 -0.316939 0 0.000000
4 -0.309993 1 0.000050
5 -0.303047 6 0.000300
6 -0.296101 2 0.000100
7 -0.289155 8 0.000400
8 -0.282209 7 0.000350
9 -0.275263 6 0.000300
10 -0.268317 4 0.000200
11 -0.261370 5 0.000250
12 -0.254424 8 0.000400
13 -0.247478 3 0.000150
14 -0.240532 5 0.000250
15 -0.233586 6 0.000300
16 -0.226640 7 0.000350
17 -0.219694 5 0.000250
18 -0.212748 5 0.000250
19 -0.205802 5 0.000250
20 -0.198856 7 0.000350
21 -0.191909 8 0.000400
22 -0.184963 13 0.000650
23 -0.178017 27 0.001350
24 -0.171071 37 0.001850
25 -0.164125 37 0.001850
26 -0.157179 39 0.001950
27 -0.150233 50 0.002500
28 -0.143287 55 0.002750
29 -0.136341 54 0.002700
30 -0.129394 59 0.002950
31 -0.122448 83 0.004150
32 -0.115502 81 0.004050
33 -0.108556 122 0.006100
34 -0.101610 128 0.006400
35 -0.094664 166 0.008300
36 -0.087718 152 0.007600
37 -0.080772 142 0.007100
38 -0.073826 146 0.007300
39 -0.066879 173 0.008650
40 -0.059933 217 0.010850
41 -0.052987 340 0.017000
42 -0.046041 393 0.019650
43 -0.039095 479 0.023950
44 -0.032149 729 0.036450
45 -0.025203 1092 0.054600
46 -0.018257 2355 0.117750
47 -0.011311 3627 0.181350
48 -0.004364 3074 0.153700
49 0.002582 1762 0.088100
50 0.009528 860 0.043000
51 0.016474 499 0.024950
52 0.023420 406 0.020300
53 0.030366 334 0.016700
54 0.037312 326 0.016300
55 0.044258 254 0.012700
56 0.051204 200 0.010000
57 0.058150 152 0.007600
58 0.065097 169 0.008450
59 0.072043 185 0.009250
60 0.078989 126 0.006300
61 0.085935 95 0.004750
62 0.092881 68 0.003400
63 0.099827 81 0.004050
64 0.106773 60 0.003000
65 0.113719 73 0.003650
66 0.120665 69 0.003450
67 0.127612 49 0.002450
68 0.134558 34 0.001700
69 0.141504 42 0.002100
70 0.148450 26 0.001300
71 0.155396 8 0.000400
72 0.162342 13 0.000650
73 0.169288 16 0.000800
74 0.176234 11 0.000550
75 0.183180 6 0.000300
76 0.190127 10 0.000500
77 0.197073 4 0.000200
78 0.204019 7 0.000350
79 0.210965 6 0.000300
80 0.217911 10 0.000500
81 0.224857 9 0.000450
82 0.231803 4 0.000200
83 0.238749 5 0.000250
84 0.245695 9 0.000450
85 0.252641 7 0.000350
86 0.259588 6 0.000300
87 0.266534 2 0.000100
88 0.273480 5 0.000250
89 0.280426 1 0.000050
90 0.287372 8 0.000400
91 0.294318 3 0.000150
92 0.301264 2 0.000100
93 0.308210 1 0.000050
94 0.315156 0 0.000000
95 0.322103 1 0.000050
96 0.329049 0 0.000000
97 0.335995 2 0.000100
98 0.342941 0 0.000000
99 0.349887 1 0.000050
