0 0.072732 16 0.000267
1 0.081738 14 0.000233
2 0.090744 5 0.000083
3 0.099750 0 0.000000
4 0.108755 0 0.000000
5 0.117761 0 0.000000
6 0.126767 0 0.000000
7 0.135773 0 0.000000
8 0.144779 0 0.000000
9 0.153785 8 0.000133
10 0.162791 0 0.000000
11 0.171797 0 0.000000
12 0.180803 0 0.000000
13 0.189809 0 0.000000
14 0.198815 3 0.000050
15 0.207821 0 0.000000
16 0.216827 0 0.000000
17 0.225833 8 0.000133
18 0.234839 0 0.000000
19 0.243845 0 0.000000
20 0.252851 0 0.000000
21 0.261857 0 0.000000
22 0.270863 0 0.000000
23 0.279869 6 0.000100
24 0.288875 1 0.000017
25 0.297881 23 0.000383
26 0.306887 304 0.005067
27 0.315893 203 0.003383
28 0.324899 60 0.001000
29 0.333905 394 0.006567
30 0.342910 256 0.004267
31 0.351916 10 0.000167
32 0.360922 22 0.000367
33 0.369928 551 0.009183
34 0.378934 104 0.001733
35 0.387940 204 0.003400
36 0.396946 14 0.000233
37 0.405952 456 0.007600
38 0.414958 681 0.011350
39 0.423964 368 0.006133
40 0.432970 553 0.009217
41 0.441976 307 0.005117
42 0.450982 649 0.010817
43 0.459988 529 0.008817
44 0.468994 434 0.007233
45 0.478000 823 0.013717
46 0.487006 1640 0.027333
47 0.496012 11800 0.196667
48 0.505018 12032 0.200533
49 0.514024 1989 0.033150
50 0.523030 1164 0.019400
51 0.532036 1353 0.022550
52 0.541042 601 0.010017
53 0.550048 663 0.011050
54 0.559054 453 0.007550
55 0.568060 966 0.016100
56 0.577065 717 0.011950
57 0.586071 2021 0.033683
58 0.595077 3305 0.055083
59 0.604083 2095 0.034917
60 0.613089 946 0.015767
61 0.622095 893 0.014883
62 0.631101 562 0.009367
63 0.640107 656 0.010933
64 0.649113 239 0.003983
65 0.658119 150 0.002500
66 0.667125 422 0.007033
67 0.676131 1297 0.021617
68 0.685137 527 0.008783
69 0.694143 290 0.004833
70 0.703149 257 0.004283
71 0.712155 38 0.000633
72 0.721161 22 0.000367
73 0.730167 321 0.005350
74 0.739173 14 0.000233
75 0.748179 747 0.012450
76 0.757185 869 0.014483
77 0.766191 370 0.006167
78 0.775197 1116 0.018600
79 0.784203 284 0.004733
80 0.793208 72 0.001200
81 0.802214 32 0.000533
82 0.811220 20 0.000333
83 0.820226 343 0.005717
84 0.829232 46 0.000767
85 0.838238 60 0.001000
86 0.847244 192 0.003200
87 0.856250 105 0.001750
88 0.865256 208 0.003467
89 0.874262 129 0.002150
90 0.883268 131 0.002183
91 0.892274 74 0.001233
92 0.901280 147 0.002450
93 0.910286 197 0.003283
94 0.919292 108 0.001800
95 0.928298 122 0.002033
96 0.937304 42 0.000700
97 0.946310 89 0.001483
98 0.955316 57 0.000950
99 0.964322 1 0.000017
