0 0.012457 1 0.000050
1 0.020486 0 0.000000
2 0.028516 0 0.000000
3 0.036546 0 0.000000
4 0.044576 0 0.000000
5 0.052606 0 0.000000
6 0.060635 0 0.000000
7 0.068665 0 0.000000
8 0.076695 0 0.000000
9 0.084725 1 0.000050
10 0.092754 0 0.000000
11 0.100784 0 0.000000
12 0.108814 0 0.000000
13 0.116844 0 0.000000
14 0.124874 2 0.000100
15 0.132903 1 0.000050
16 0.140933 0 0.000000
17 0.148963 0 0.000000
18 0.156993 0 0.000000
19 0.165023 0 0.000000
20 0.173052 0 0.000000
21 0.181082 0 0.000000
22 0.189112 1 0.000050
23 0.197142 1 0.000050
24 0.205172 6 0.000300
25 0.213201 5 0.000250
26 0.221231 7 0.000350
27 0.229261 2 0.000100
28 0.237291 0 0.000000
29 0.245320 3 0.000150
30 0.253350 0 0.000000
31 0.261380 1 0.000050
32 0.269410 1 0.000050
33 0.277440 2 0.000100
34 0.285469 2 0.000100
35 0.293499 7 0.000350
36 0.301529 16 0.000800
37 0.309559 26 0.001300
38 0.317589 43 0.002150
39 0.325618 70 0.003500
40 0.333648 59 0.002950
41 0.341678 51 0.002550
42 0.349708 89 0.004450
43 0.357738 153 0.007650
44 0.365767 184 0.009200
45 0.373797 308 0.015400
46 0.381827 142 0.007100
47 0.389857 186 0.009300
48 0.397886 200 0.010000
49 0.405916 247 0.012350
50 0.413946 383 0.019150
51 0.421976 795 0.039750
52 0.430006 703 0.035150
53 0.438035 382 0.019100
54 0.446065 346 0.017300
55 0.454095 468 0.023400
56 0.462125 620 0.031000
57 0.470155 776 0.038800
58 0.478184 490 0.024500
59 0.486214 576 0.028800
60 0.494244 1088 0.054400
61 0.502274 3684 0.184200
62 0.510303 660 0.033000
63 0.518333 706 0.035300
64 0.526363 1186 0.059300
65 0.534393 650 0.032500
66 0.542423 435 0.021750
67 0.550452 426 0.021300
68 0.558482 473 0.023650
69 0.566512 620 0.031000
70 0.574542 462 0.023100
71 0.582572 304 0.015200
72 0.590601 231 0.011550
73 0.598631 208 0.010400
74 0.606661 227 0.011350
75 0.614691 200 0.010000
76 0.622721 396 0.019800
77 0.630750 185 0.009250
78 0.638780 83 0.004150
79 0.646810 58 0.002900
80 0.654840 98 0.004900
81 0.662870 52 0.002600
82 0.670899 103 0.005150
83 0.678929 31 0.001550
84 0.686959 18 0.000900
85 0.694989 16 0.000800
86 0.703018 14 0.000700
87 0.711048 7 0.000350
88 0.719078 2 0.000100
89 0.727108 1 0.000050
90 0.735138 0 0.000000
91 0.743167 1 0.000050
92 0.751197 1 0.000050
93 0.759227 0 0.000000
94 0.767257 1 0.000050
95 0.775286 4 0.000200
96 0.783316 4 0.000200
97 0.791346 3 0.000150
98 0.799376 5 0.000250
99 0.807406 1 0.000050
