0 0.011944 14 0.000233
1 0.021922 8 0.000133
2 0.031900 9 0.000150
3 0.041878 5 0.000083
4 0.051857 12 0.000200
5 0.061835 9 0.000150
6 0.071813 9 0.000150
7 0.081791 15 0.000250
8 0.091770 13 0.000217
9 0.101748 18 0.000300
10 0.111726 10 0.000167
11 0.121704 16 0.000267
12 0.131682 13 0.000217
13 0.141661 13 0.000217
14 0.151639 14 0.000233
15 0.161617 8 0.000133
16 0.171595 15 0.000250
17 0.181573 26 0.000433
18 0.191552 28 0.000467
19 0.201530 48 0.000800
20 0.211508 30 0.000500
21 0.221486 43 0.000717
22 0.231464 36 0.000600
23 0.241443 48 0.000800
24 0.251421 60 0.001000
25 0.261399 67 0.001117
26 0.271377 84 0.001400
27 0.281356 88 0.001467
28 0.291334 97 0.001617
29 0.301312 111 0.001850
30 0.311290 215 0.003583
31 0.321268 253 0.004217
32 0.331247 337 0.005617
33 0.341225 229 0.003817
34 0.351203 265 0.004417
35 0.361181 306 0.005100
36 0.371159 523 0.008717
37 0.381138 374 0.006233
38 0.391116 382 0.006367
39 0.401094 536 0.008933
40 0.411072 686 0.011433
41 0.421050 1282 0.021367
42 0.431029 1141 0.019017
43 0.441007 901 0.015017
44 0.450985 1067 0.017783
45 0.460963 1598 0.026633
46 0.470942 1939 0.032317
47 0.480920 2496 0.041600
48 0.490898 4373 0.072883
49 0.500876 7125 0.118750
50 0.510854 2511 0.041850
51 0.520833 2301 0.038350
52 0.530811 1998 0.033300
53 0.540789 1261 0.021017
54 0.550767 1352 0.022533
55 0.560745 1405 0.023417
56 0.570724 2150 0.035833
57 0.580702 2733 0.045550
58 0.590680 3282 0.054700
59 0.600658 2112 0.035200
60 0.610636 1279 0.021317
61 0.620615 1366 0.022767
62 0.630593 768 0.012800
63 0.640571 523 0.008717
64 0.650549 542 0.009033
65 0.660528 387 0.006450
66 0.670506 400 0.006667
67 0.680484 285 0.004750
68 0.690462 221 0.003683
69 0.700440 198 0.003300
70 0.710419 173 0.002883
71 0.720397 170 0.002833
72 0.730375 196 0.003267
73 0.740353 187 0.003117
74 0.750331 208 0.003467
75 0.760310 221 0.003683
76 0.770288 205 0.003417
77 0.780266 198 0.003300
78 0.790244 200 0.003333
79 0.800222 169 0.002817
80 0.810201 184 0.003067
81 0.820179 235 0.003917
82 0.830157 208 0.003467
83 0.840135 253 0.004217
84 0.850114 270 0.004500
85 0.860092 453 0.007550
86 0.870070 382 0.006367
87 0.880048 429 0.007150
88 0.890026 229 0.003817
89 0.900005 258 0.004300
90 0.909983 262 0.004367
91 0.919961 292 0.004867
92 0.929939 223 0.003717
93 0.939917 153 0.002550
94 0.949896 53 0.000883
95 0.959874 50 0.000833
96 0.969852 43 0.000717
97 0.979830 22 0.000367
98 0.989808 3 0.000050
99 0.999787 2 0.000033
