0 0.471193 28 0.001400
1 0.472017 0 0.000000
2 0.472841 0 0.000000
3 0.473665 5 0.000250
4 0.474488 0 0.000000
5 0.475312 1 0.000050
6 0.476136 0 0.000000
7 0.476960 27 0.001350
8 0.477784 9 0.000450
9 0.478607 0 0.000000
10 0.479431 36 0.001800
11 0.480255 4 0.000200
12 0.481079 0 0.000000
13 0.481903 15 0.000750
14 0.482726 1 0.000050
15 0.483550 6 0.000300
16 0.484374 1 0.000050
17 0.485198 78 0.003900
18 0.486021 54 0.002700
19 0.486845 19 0.000950
20 0.487669 63 0.003150
21 0.488493 0 0.000000
22 0.489317 15 0.000750
23 0.490140 214 0.010700
24 0.490964 12 0.000600
25 0.491788 42 0.002100
26 0.492612 79 0.003950
27 0.493436 86 0.004300
28 0.494259 48 0.002400
29 0.495083 57 0.002850
30 0.495907 36 0.001800
31 0.496731 124 0.006200
32 0.497554 114 0.005700
33 0.498378 128 0.006400
34 0.499202 632 0.031600
35 0.500026 1185 0.059250
36 0.500850 1040 0.052000
37 0.501673 747 0.037350
38 0.502497 1042 0.052100
39 0.503321 1385 0.069250
40 0.504145 2288 0.114400
41 0.504969 2407 0.120350
42 0.505792 1283 0.064150
43 0.506616 1213 0.060650
44 0.507440 1764 0.088200
45 0.508264 730 0.036500
46 0.509087 190 0.009500
47 0.509911 296 0.014800
48 0.510735 287 0.014350
49 0.511559 114 0.005700
50 0.512383 401 0.020050
51 0.513206 115 0.005750
52 0.514030 65 0.003250
53 0.514854 445 0.022250
54 0.515678 111 0.005550
55 0.516501 334 0.016700
56 0.517325 124 0.006200
57 0.518149 16 0.000800
58 0.518973 5 0.000250
59 0.519797 20 0.001000
60 0.520620 59 0.002950
61 0.521444 10 0.000500
62 0.522268 52 0.002600
63 0.523092 29 0.001450
64 0.523916 19 0.000950
65 0.524739 11 0.000550
66 0.525563 1 0.000050
67 0.526387 10 0.000500
68 0.527211 40 0.002000
69 0.528034 13 0.000650
70 0.528858 191 0.009550
71 0.529682 0 0.000000
72 0.530506 0 0.000000
73 0.531330 0 0.000000
74 0.532153 3 0.000150
75 0.532977 11 0.000550
76 0.533801 0 0.000000
77 0.534625 0 0.000000
78 0.535449 0 0.000000
79 0.536272 0 0.000000
80 0.537096 0 0.000000
81 0.537920 0 0.000000
82 0.538744 0 0.000000
83 0.539567 0 0.000000
84 0.540391 0 0.000000
85 0.541215 6 0.000300
86 0.542039 0 0.000000
87 0.542863 0 0.000000
88 0.543686 0 0.000000
89 0.544510 0 0.000000
90 0.545334 0 0.000000
91 0.546158 0 0.000000
92 0.546982 0 0.000000
93 0.547805 0 0.000000
94 0.548629 0 0.000000
95 0.549453 0 0.000000
96 0.550277 0 0.000000
97 0.551100 0 0.000000
98 0.551924 1 0.000050
99 0.552748 3 0.000150
