0 0.014612 14 0.000700
1 0.024563 5 0.000250
2 0.034514 4 0.000200
3 0.044466 4 0.000200
4 0.054417 2 0.000100
5 0.064368 1 0.000050
6 0.074319 5 0.000250
7 0.084271 5 0.000250
8 0.094222 3 0.000150
9 0.104173 6 0.000300
10 0.114124 2 0.000100
11 0.124076 4 0.000200
12 0.134027 1 0.000050
13 0.143978 5 0.000250
14 0.153929 1 0.000050
15 0.163881 1 0.000050
16 0.173832 3 0.000150
17 0.183783 6 0.000300
18 0.193735 5 0.000250
19 0.203686 3 0.000150
20 0.213637 0 0.000000
21 0.223588 6 0.000300
22 0.233540 9 0.000450
23 0.243491 23 0.001150
24 0.253442 23 0.001150
25 0.263393 23 0.001150
26 0.273345 37 0.001850
27 0.283296 27 0.001350
28 0.293247 37 0.001850
29 0.303198 33 0.001650
30 0.313150 122 0.006100
31 0.323101 121 0.006050
32 0.333052 148 0.007400
33 0.343003 72 0.003600
34 0.352955 15 0.000750
35 0.362906 14 0.000700
36 0.372857 13 0.000650
37 0.382809 11 0.000550
38 0.392760 16 0.000800
39 0.402711 24 0.001200
40 0.412662 30 0.001500
41 0.422614 30 0.001500
42 0.432565 42 0.002100
43 0.442516 33 0.001650
44 0.452467 31 0.001550
45 0.462419 62 0.003100
46 0.472370 67 0.003350
47 0.482321 94 0.004700
48 0.492272 121 0.006050
49 0.502224 111 0.005550
50 0.512175 132 0.006600
51 0.522126 171 0.008550
52 0.532077 217 0.010850
53 0.542029 268 0.013400
54 0.551980 425 0.021250
55 0.561931 484 0.024200
56 0.571882 1207 0.060350
57 0.581834 2289 0.114450
58 0.591785 2780 0.139000
59 0.601736 1467 0.073350
60 0.611687 871 0.043550
61 0.621639 740 0.037000
62 0.631590 450 0.022500
63 0.641541 339 0.016950
64 0.651493 318 0.015900
65 0.661444 224 0.011200
66 0.671395 218 0.010900
67 0.681346 181 0.009050
68 0.691298 156 0.007800
69 0.701249 142 0.007100
70 0.711200 129 0.006450
71 0.721151 134 0.006700
72 0.731103 168 0.008400
73 0.741054 160 0.008000
74 0.751005 170 0.008500
75 0.760956 190 0.009500
76 0.770908 169 0.008450
77 0.780859 169 0.008450
78 0.790810 173 0.008650
79 0.800761 158 0.007900
80 0.810713 158 0.007900
81 0.820664 223 0.011150
82 0.830615 192 0.009600
83 0.840567 233 0.011650
84 0.850518 256 0.012800
85 0.860469 464 0.023200
86 0.870420 381 0.019050
87 0.880372 398 0.019900
88 0.890323 229 0.011450
89 0.900274 259 0.012950
90 0.910225 248 0.012400
91 0.920177 273 0.013650
92 0.930128 207 0.010350
93 0.940079 146 0.007300
94 0.950030 51 0.002550
95 0.959982 44 0.002200
96 0.969933 37 0.001850
97 0.979884 22 0.001100
98 0.989835 3 0.000150
99 0.999787 2 0.000100
