0 0.206481 3 0.000150
1 0.213080 0 0.000000
2 0.219679 0 0.000000
3 0.226279 5 0.000250
4 0.232878 3 0.000150
5 0.239477 0 0.000000
6 0.246076 0 0.000000
7 0.252675 0 0.000000
8 0.259274 0 0.000000
9 0.265873 0 0.000000
10 0.272472 0 0.000000
11 0.279071 0 0.000000
12 0.285670 0 0.000000
13 0.292269 0 0.000000
14 0.298868 0 0.000000
15 0.305467 0 0.000000
16 0.312067 304 0.015200
17 0.318666 0 0.000000
18 0.325265 42 0.002100
19 0.331864 5 0.000250
20 0.338463 356 0.017800
21 0.345062 0 0.000000
22 0.351661 1 0.000050
23 0.358260 0 0.000000
24 0.364859 18 0.000900
25 0.371458 532 0.026600
26 0.378057 94 0.004700
27 0.384656 14 0.000700
28 0.391255 200 0.010000
29 0.397855 13 0.000650
30 0.404454 0 0.000000
31 0.411053 472 0.023600
32 0.417652 250 0.012500
33 0.424251 339 0.016950
34 0.430850 510 0.025500
35 0.437449 291 0.014550
36 0.444048 87 0.004350
37 0.450647 621 0.031050
38 0.457246 393 0.019650
39 0.463845 209 0.010450
40 0.470444 291 0.014550
41 0.477043 509 0.025450
42 0.483643 528 0.026400
43 0.490242 615 0.030750
44 0.496841 2199 0.109950
45 0.503440 3165 0.158250
46 0.510039 1178 0.058900
47 0.516638 477 0.023850
48 0.523237 397 0.019850
49 0.529836 1256 0.062800
50 0.536435 505 0.025250
51 0.543034 374 0.018700
52 0.549633 465 0.023250
53 0.556232 139 0.006950
54 0.562831 150 0.007500
55 0.569431 185 0.009250
56 0.576030 339 0.016950
57 0.582629 37 0.001850
58 0.589228 339 0.016950
59 0.595827 296 0.014800
60 0.602426 47 0.002350
61 0.609025 212 0.010600
62 0.615624 10 0.000500
63 0.622223 462 0.023100
64 0.628822 148 0.007400
65 0.635421 0 0.000000
66 0.642020 316 0.015800
67 0.648619 73 0.003650
68 0.655219 0 0.000000
69 0.661818 129 0.006450
70 0.668417 4 0.000200
71 0.675016 73 0.003650
72 0.681615 84 0.004200
73 0.688214 0 0.000000
74 0.694813 213 0.010650
75 0.701412 0 0.000000
76 0.708011 2 0.000100
77 0.714610 0 0.000000
78 0.721209 0 0.000000
79 0.727808 0 0.000000
80 0.734407 0 0.000000
81 0.741007 0 0.000000
82 0.747606 4 0.000200
83 0.754205 0 0.000000
84 0.760804 0 0.000000
85 0.767403 0 0.000000
86 0.774002 0 0.000000
87 0.780601 0 0.000000
88 0.787200 0 0.000000
89 0.793799 0 0.000000
90 0.800398 10 0.000500
91 0.806997 0 0.000000
92 0.813596 0 0.000000
93 0.820195 0 0.000000
94 0.826795 0 0.000000
95 0.833394 0 0.000000
96 0.839993 0 0.000000
97 0.846592 0 0.000000
98 0.853191 5 0.000250
99 0.859790 2 0.000100
