0 0.011944 3 0.000150
1 0.021680 2 0.000100
2 0.031415 3 0.000150
3 0.041151 2 0.000100
4 0.050887 8 0.000400
5 0.060622 8 0.000400
6 0.070358 5 0.000250
7 0.080094 6 0.000300
8 0.089829 11 0.000550
9 0.099565 10 0.000500
10 0.109301 9 0.000450
11 0.119037 9 0.000450
12 0.128772 14 0.000700
13 0.138508 6 0.000300
14 0.148244 9 0.000450
15 0.157979 11 0.000550
16 0.167715 9 0.000450
17 0.177451 22 0.001100
18 0.187187 17 0.000850
19 0.196922 24 0.001200
20 0.206658 34 0.001700
21 0.216394 31 0.001550
22 0.226129 27 0.001350
23 0.235865 22 0.001100
24 0.245601 30 0.001500
25 0.255337 42 0.002100
26 0.265072 38 0.001900
27 0.274808 44 0.002200
28 0.284544 59 0.002950
29 0.294279 57 0.002850
30 0.304015 54 0.002700
31 0.313751 65 0.003250
32 0.323487 87 0.004350
33 0.333222 89 0.004450
34 0.342958 87 0.004350
35 0.352694 75 0.003750
36 0.362429 124 0.006200
37 0.372165 120 0.006000
38 0.381901 180 0.009000
39 0.391637 152 0.007600
40 0.401372 215 0.010750
41 0.411108 215 0.010750
42 0.420844 265 0.013250
43 0.430579 359 0.017950
44 0.440315 394 0.019700
45 0.450051 510 0.025500
46 0.459786 690 0.034500
47 0.469522 936 0.046800
48 0.479258 1541 0.077050
49 0.488994 2956 0.147800
50 0.498729 3117 0.155850
51 0.508465 1804 0.090200
52 0.518201 1066 0.053300
53 0.527936 700 0.035000
54 0.537672 543 0.027150
55 0.547408 401 0.020050
56 0.557144 354 0.017700
57 0.566879 319 0.015950
58 0.576615 238 0.011900
59 0.586351 190 0.009500
60 0.596086 200 0.010000
61 0.605822 134 0.006700
62 0.615558 139 0.006950
63 0.625294 115 0.005750
64 0.635029 70 0.003500
65 0.644765 111 0.005550
66 0.654501 91 0.004550
67 0.664236 82 0.004100
68 0.673972 75 0.003750
69 0.683708 56 0.002800
70 0.693444 44 0.002200
71 0.703179 34 0.001700
72 0.712915 33 0.001650
73 0.722651 29 0.001450
74 0.732386 32 0.001600
75 0.742122 26 0.001300
76 0.751858 30 0.001500
77 0.761593 30 0.001500
78 0.771329 34 0.001700
79 0.781065 19 0.000950
80 0.790801 20 0.001000
81 0.800536 9 0.000450
82 0.810272 23 0.001150
83 0.820008 12 0.000600
84 0.829743 18 0.000900
85 0.839479 17 0.000850
86 0.849215 11 0.000550
87 0.858951 2 0.000100
88 0.868686 8 0.000400
89 0.878422 6 0.000300
90 0.888158 12 0.000600
91 0.897893 8 0.000400
92 0.907629 6 0.000300
93 0.917365 11 0.000550
94 0.927101 11 0.000550
95 0.936836 7 0.000350
96 0.946572 4 0.000200
97 0.956308 6 0.000300
98 0.966043 6 0.000300
99 0.975779 1 0.000050
