0 0.072732 16 0.000800
1 0.081738 14 0.000700
2 0.090744 5 0.000250
3 0.099750 0 0.000000
4 0.108755 0 0.000000
5 0.117761 0 0.000000
6 0.126767 0 0.000000
7 0.135773 0 0.000000
8 0.144779 0 0.000000
9 0.153785 8 0.000400
10 0.162791 0 0.000000
11 0.171797 0 0.000000
12 0.180803 0 0.000000
13 0.189809 0 0.000000
14 0.198815 0 0.000000
15 0.207821 0 0.000000
16 0.216827 0 0.000000
17 0.225833 0 0.000000
18 0.234839 0 0.000000
19 0.243845 0 0.000000
20 0.252851 0 0.000000
21 0.261857 0 0.000000
22 0.270863 0 0.000000
23 0.279869 6 0.000300
24 0.288875 1 0.000050
25 0.297881 23 0.001150
26 0.306887 0 0.000000
27 0.315893 203 0.010150
28 0.324899 13 0.000650
29 0.333905 229 0.011450
30 0.342910 64 0.003200
31 0.351916 10 0.000500
32 0.360922 4 0.000200
33 0.369928 19 0.000950
34 0.378934 0 0.000000
35 0.387940 1 0.000050
36 0.396946 0 0.000000
37 0.405952 212 0.010600
38 0.414958 204 0.010200
39 0.423964 0 0.000000
40 0.432970 0 0.000000
41 0.441976 0 0.000000
42 0.450982 5 0.000250
43 0.459988 3 0.000150
44 0.468994 0 0.000000
45 0.478000 19 0.000950
46 0.487006 5 0.000250
47 0.496012 22 0.001100
48 0.505018 44 0.002200
49 0.514024 33 0.001650
50 0.523030 38 0.001900
51 0.532036 78 0.003900
52 0.541042 54 0.002700
53 0.550048 149 0.007450
54 0.559054 249 0.012450
55 0.568060 431 0.021550
56 0.577065 667 0.033350
57 0.586071 1709 0.085450
58 0.595077 2961 0.148050
59 0.604083 1849 0.092450
60 0.613089 928 0.046400
61 0.622095 326 0.016300
62 0.631101 519 0.025950
63 0.640107 340 0.017000
64 0.649113 166 0.008300
65 0.658119 21 0.001050
66 0.667125 418 0.020900
67 0.676131 1140 0.057000
68 0.685137 527 0.026350
69 0.694143 77 0.003850
70 0.703149 257 0.012850
71 0.712155 36 0.001800
72 0.721161 22 0.001100
73 0.730167 321 0.016050
74 0.739173 14 0.000700
75 0.748179 743 0.037150
76 0.757185 869 0.043450
77 0.766191 370 0.018500
78 0.775197 1116 0.055800
79 0.784203 284 0.014200
80 0.793208 72 0.003600
81 0.802214 22 0.001100
82 0.811220 20 0.001000
83 0.820226 343 0.017150
84 0.829232 46 0.002300
85 0.838238 60 0.003000
86 0.847244 192 0.009600
87 0.856250 98 0.004900
88 0.865256 208 0.010400
89 0.874262 129 0.006450
90 0.883268 131 0.006550
91 0.892274 74 0.003700
92 0.901280 147 0.007350
93 0.910286 197 0.009850
94 0.919292 108 0.005400
95 0.928298 122 0.006100
96 0.937304 42 0.002100
97 0.946310 89 0.004450
98 0.955316 57 0.002850
99 0.964322 1 0.000050
