initializing
training size    : 359556
testing size     : 20000
epoch count      : 10
sub epoch size   : 5

epoch_learning_rate_decay   : 8
learning_rate_decay         : 0.250000

training



epoch [0 0] from [10 5]
training time per iterations 2.267442[ms]
testing on 20000 items
testing done
average error 0.002369
min error     0.000000
max error     0.218666
saving best net
best net saved to networks/disc40x20x3_no_gaussian_window_size_4/net_5/trained/, with error 0.002369



epoch [0 1] from [10 5]
training time per iterations 2.264911[ms]
testing on 20000 items
testing done
average error 0.002143
min error     0.000000
max error     0.219340
saving best net
best net saved to networks/disc40x20x3_no_gaussian_window_size_4/net_5/trained/, with error 0.002143



epoch [0 2] from [10 5]
training time per iterations 2.266552[ms]
testing on 20000 items
testing done
average error 0.001986
min error     0.000000
max error     0.219494
saving best net
best net saved to networks/disc40x20x3_no_gaussian_window_size_4/net_5/trained/, with error 0.001986



epoch [0 3] from [10 5]
training time per iterations 2.267581[ms]
testing on 20000 items
testing done
average error 0.002045
min error     0.000000
max error     0.228880



epoch [0 4] from [10 5]
training time per iterations 2.266148[ms]
testing on 20000 items
testing done
average error 0.001894
min error     0.000000
max error     0.205326
saving best net
best net saved to networks/disc40x20x3_no_gaussian_window_size_4/net_5/trained/, with error 0.001894



epoch [1 0] from [10 5]
training time per iterations 2.257235[ms]
testing on 20000 items
testing done
average error 0.001945
min error     0.000000
max error     0.213303



epoch [1 1] from [10 5]
training time per iterations 2.269375[ms]
testing on 20000 items
testing done
average error 0.001934
min error     0.000000
max error     0.217805



epoch [1 2] from [10 5]
training time per iterations 2.267219[ms]
testing on 20000 items
testing done
average error 0.001865
min error     0.000000
max error     0.213844
saving best net
best net saved to networks/disc40x20x3_no_gaussian_window_size_4/net_5/trained/, with error 0.001865



epoch [1 3] from [10 5]
training time per iterations 2.265801[ms]
testing on 20000 items
testing done
average error 0.001882
min error     0.000000
max error     0.196928



epoch [1 4] from [10 5]
training time per iterations 2.267720[ms]
testing on 20000 items
testing done
average error 0.001963
min error     0.000000
max error     0.213435



epoch [2 0] from [10 5]
training time per iterations 2.264160[ms]
testing on 20000 items
testing done
average error 0.001802
min error     0.000000
max error     0.224513
saving best net
best net saved to networks/disc40x20x3_no_gaussian_window_size_4/net_5/trained/, with error 0.001802



epoch [2 1] from [10 5]
training time per iterations 2.266357[ms]
testing on 20000 items
testing done
average error 0.001837
min error     0.000000
max error     0.233844



epoch [2 2] from [10 5]
training time per iterations 2.266482[ms]
testing on 20000 items
testing done
average error 0.001882
min error     0.000000
max error     0.229698



epoch [2 3] from [10 5]
training time per iterations 2.265995[ms]
testing on 20000 items
testing done
average error 0.001804
min error     0.000000
max error     0.207712



epoch [2 4] from [10 5]
training time per iterations 2.266246[ms]
testing on 20000 items
testing done
average error 0.001897
min error     0.000000
max error     0.226083



epoch [3 0] from [10 5]
training time per iterations 2.267414[ms]
testing on 20000 items
testing done
average error 0.001777
min error     0.000000
max error     0.223259
saving best net
best net saved to networks/disc40x20x3_no_gaussian_window_size_4/net_5/trained/, with error 0.001777



epoch [3 1] from [10 5]
training time per iterations 2.265759[ms]
testing on 20000 items
testing done
average error 0.001880
min error     0.000000
max error     0.213790



epoch [3 2] from [10 5]
training time per iterations 2.262616[ms]
testing on 20000 items
testing done
average error 0.001888
min error     0.000000
max error     0.218949



epoch [3 3] from [10 5]
training time per iterations 2.242647[ms]
testing on 20000 items
testing done
average error 0.001817
min error     0.000000
max error     0.207911



epoch [3 4] from [10 5]
training time per iterations 2.266274[ms]
testing on 20000 items
testing done
average error 0.002240
min error     0.000000
max error     0.259207



epoch [4 0] from [10 5]
training time per iterations 2.265703[ms]
testing on 20000 items
testing done
average error 0.001754
min error     0.000000
max error     0.219417
saving best net
best net saved to networks/disc40x20x3_no_gaussian_window_size_4/net_5/trained/, with error 0.001754



epoch [4 1] from [10 5]
training time per iterations 2.266621[ms]
testing on 20000 items
testing done
average error 0.001802
min error     0.000000
max error     0.206244



epoch [4 2] from [10 5]
training time per iterations 2.266065[ms]
testing on 20000 items
testing done
average error 0.001929
min error     0.000000
max error     0.212651



epoch [4 3] from [10 5]
training time per iterations 2.264911[ms]
testing on 20000 items
testing done
average error 0.001869
min error     0.000000
max error     0.230888



epoch [4 4] from [10 5]
training time per iterations 2.263673[ms]
testing on 20000 items
testing done
average error 0.001902
min error     0.000000
max error     0.225999



epoch [5 0] from [10 5]
training time per iterations 2.266301[ms]
testing on 20000 items
testing done
average error 0.001946
min error     0.000000
max error     0.213998



epoch [5 1] from [10 5]
training time per iterations 2.266482[ms]
testing on 20000 items
testing done
average error 0.001881
min error     0.000000
max error     0.214834



epoch [5 2] from [10 5]
training time per iterations 2.261573[ms]
testing on 20000 items
testing done
average error 0.001834
min error     0.000000
max error     0.235264



epoch [5 3] from [10 5]
training time per iterations 2.262380[ms]
testing on 20000 items
testing done
average error 0.001864
min error     0.000000
max error     0.214480



epoch [5 4] from [10 5]
training time per iterations 2.269694[ms]
testing on 20000 items
testing done
average error 0.001757
min error     0.000000
max error     0.220358



epoch [6 0] from [10 5]
training time per iterations 2.270459[ms]
testing on 20000 items
testing done
average error 0.001891
min error     0.000000
max error     0.225729



epoch [6 1] from [10 5]
training time per iterations 2.267553[ms]
testing on 20000 items
testing done
average error 0.001872
min error     0.000000
max error     0.216964



epoch [6 2] from [10 5]
training time per iterations 2.267011[ms]
testing on 20000 items
testing done
average error 0.001835
min error     0.000000
max error     0.206740



epoch [6 3] from [10 5]
training time per iterations 2.265856[ms]
testing on 20000 items
testing done
average error 0.001960
min error     0.000000
max error     0.231477



epoch [6 4] from [10 5]
training time per iterations 2.270584[ms]
testing on 20000 items
testing done
average error 0.001891
min error     0.000000
max error     0.227925



epoch [7 0] from [10 5]
training time per iterations 2.267706[ms]
testing on 20000 items
testing done
average error 0.001800
min error     0.000000
max error     0.205998



epoch [7 1] from [10 5]
training time per iterations 2.268262[ms]
testing on 20000 items
testing done
average error 0.001868
min error     0.000000
max error     0.225218



epoch [7 2] from [10 5]
training time per iterations 2.265912[ms]
testing on 20000 items
testing done
average error 0.001905
min error     0.000000
max error     0.213008



epoch [7 3] from [10 5]
training time per iterations 2.268067[ms]
testing on 20000 items
testing done
average error 0.001814
min error     0.000000
max error     0.212907



epoch [7 4] from [10 5]
training time per iterations 2.265328[ms]
testing on 20000 items
testing done
average error 0.001757
min error     0.000000
max error     0.228921
setting learning rate to 0.000050



epoch [8 0] from [10 5]
training time per iterations 2.272782[ms]
testing on 20000 items
testing done
average error 0.001816
min error     0.000000
max error     0.226933



epoch [8 1] from [10 5]
training time per iterations 2.264660[ms]
testing on 20000 items
testing done
average error 0.001812
min error     0.000000
max error     0.223792



epoch [8 2] from [10 5]
training time per iterations 2.265690[ms]
testing on 20000 items
testing done
average error 0.001746
min error     0.000000
max error     0.218192
saving best net
best net saved to networks/disc40x20x3_no_gaussian_window_size_4/net_5/trained/, with error 0.001746



epoch [8 3] from [10 5]
training time per iterations 2.266621[ms]
testing on 20000 items
testing done
average error 0.001811
min error     0.000000
max error     0.229359



epoch [8 4] from [10 5]
training time per iterations 2.265564[ms]
testing on 20000 items
testing done
average error 0.001779
min error     0.000000
max error     0.223401



epoch [9 0] from [10 5]
training time per iterations 2.265411[ms]
testing on 20000 items
testing done
average error 0.001849
min error     0.000000
max error     0.229837



epoch [9 1] from [10 5]
training time per iterations 2.264563[ms]
testing on 20000 items
testing done
average error 0.001800
min error     0.000000
max error     0.226623



epoch [9 2] from [10 5]
training time per iterations 2.265703[ms]
testing on 20000 items
testing done
average error 0.001788
min error     0.000000
max error     0.222847



epoch [9 3] from [10 5]
training time per iterations 2.260030[ms]
testing on 20000 items
testing done
average error 0.001755
min error     0.000000
max error     0.220910



epoch [9 4] from [10 5]
training time per iterations 2.264716[ms]
testing on 20000 items
testing done
average error 0.001756
min error     0.000000
max error     0.220540
training done
