0.000000 0 0 0.002369 0.000000 0.218666 0.002334 0.000000 0.160606
0.200000 0 1 0.002143 0.000000 0.219340 0.002110 0.000000 0.175610
0.400000 0 2 0.001986 0.000000 0.219494 0.001950 0.000000 0.240332
0.600000 0 3 0.002045 0.000000 0.228880 0.002017 0.000000 0.168332
0.800000 0 4 0.001894 0.000000 0.205326 0.001814 0.000000 0.139397
1.000000 1 0 0.001945 0.000000 0.213303 0.001904 0.000000 0.243274
1.200000 1 1 0.001934 0.000000 0.217805 0.001912 0.000000 0.163827
1.400000 1 2 0.001865 0.000000 0.213844 0.001836 0.000000 0.170970
1.600000 1 3 0.001882 0.000000 0.196928 0.001883 0.000000 0.222784
1.800000 1 4 0.001963 0.000000 0.213435 0.001940 0.000000 0.244200
2.000000 2 0 0.001802 0.000000 0.224513 0.001780 0.000000 0.173881
2.200000 2 1 0.001837 0.000000 0.233844 0.001788 0.000000 0.266905
2.400000 2 2 0.001882 0.000000 0.229698 0.001832 0.000000 0.240171
2.600000 2 3 0.001804 0.000000 0.207712 0.001788 0.000000 0.156142
2.800000 2 4 0.001897 0.000000 0.226083 0.001881 0.000000 0.237944
3.000000 3 0 0.001777 0.000000 0.223259 0.001756 0.000000 0.241753
3.200000 3 1 0.001880 0.000000 0.213790 0.001854 0.000000 0.180624
3.400000 3 2 0.001888 0.000000 0.218949 0.001818 0.000000 0.096157
3.600000 3 3 0.001817 0.000000 0.207911 0.001801 0.000000 0.242005
3.800000 3 4 0.002240 0.000000 0.259207 0.002191 0.000000 0.256999
4.000000 4 0 0.001754 0.000000 0.219417 0.001691 0.000000 0.148579
4.200000 4 1 0.001802 0.000000 0.206244 0.001765 0.000000 0.226961
4.400000 4 2 0.001929 0.000000 0.212651 0.001894 0.000000 0.225223
4.600000 4 3 0.001869 0.000000 0.230888 0.001806 0.000000 0.169643
4.800000 4 4 0.001902 0.000000 0.225999 0.001822 0.000000 0.228560
5.000000 5 0 0.001946 0.000000 0.213998 0.001938 0.000000 0.186764
5.200000 5 1 0.001881 0.000000 0.214834 0.001845 0.000000 0.236699
5.400000 5 2 0.001834 0.000000 0.235264 0.001812 0.000000 0.224681
5.600000 5 3 0.001864 0.000000 0.214480 0.001867 0.000000 0.237448
5.800000 5 4 0.001757 0.000000 0.220358 0.001700 0.000000 0.213043
6.000000 6 0 0.001891 0.000000 0.225729 0.001817 0.000000 0.175936
6.200000 6 1 0.001872 0.000000 0.216964 0.001847 0.000000 0.174374
6.400000 6 2 0.001835 0.000000 0.206740 0.001846 0.000000 0.203680
6.600000 6 3 0.001960 0.000000 0.231477 0.001899 0.000000 0.260478
6.800000 6 4 0.001891 0.000000 0.227925 0.001898 0.000000 0.251867
7.000000 7 0 0.001800 0.000000 0.205998 0.001777 0.000000 0.230623
7.200000 7 1 0.001868 0.000000 0.225218 0.001873 0.000000 0.222518
7.400000 7 2 0.001905 0.000000 0.213008 0.001831 0.000000 0.155670
7.600000 7 3 0.001814 0.000000 0.212907 0.001762 0.000000 0.169175
7.800000 7 4 0.001757 0.000000 0.228921 0.001731 0.000000 0.215545
8.000000 8 0 0.001816 0.000000 0.226933 0.001811 0.000000 0.237539
8.200000 8 1 0.001812 0.000000 0.223792 0.001781 0.000000 0.236793
8.400000 8 2 0.001746 0.000000 0.218192 0.001721 0.000000 0.242501
8.600000 8 3 0.001811 0.000000 0.229359 0.001821 0.000000 0.232084
8.800000 8 4 0.001779 0.000000 0.223401 0.001732 0.000000 0.216572
9.000000 9 0 0.001849 0.000000 0.229837 0.001817 0.000000 0.194897
9.200000 9 1 0.001800 0.000000 0.226623 0.001764 0.000000 0.172744
9.400000 9 2 0.001788 0.000000 0.222847 0.001768 0.000000 0.231751
9.600000 9 3 0.001755 0.000000 0.220910 0.001705 0.000000 0.168435
9.800000 9 4 0.001756 0.000000 0.220540 0.001718 0.000000 0.237075
