0 0 0.000000 0.968360 0.126297 0.970745 0.127703
0 1 0.114943 0.969010 0.126276 0.970980 0.126843
0 2 0.229885 0.972846 0.127938 0.971286 0.125907
0 3 0.344828 0.971040 0.128456 0.969729 0.126301
0 4 0.459770 0.972231 0.126464 0.968617 0.126040
0 5 0.574713 0.974779 0.128641 0.970755 0.125673
0 6 0.689655 0.973415 0.127378 0.968793 0.122450
0 7 0.804598 0.971457 0.125428 0.972693 0.127612
0 8 0.919540 0.972722 0.126612 0.973166 0.126238
0 9 1.034483 0.972956 0.126854 0.972471 0.126612
0 10 1.149425 0.970495 0.125409 0.971594 0.126506
0 11 1.264368 0.971296 0.125993 0.972695 0.127047
0 12 1.379310 0.972684 0.127490 0.969969 0.125490
0 13 1.494253 0.970473 0.124910 0.971209 0.127000
0 14 1.609195 0.970842 0.126849 0.972876 0.128066
0 15 1.724138 0.971594 0.126004 0.971661 0.125475
0 16 1.839080 0.968582 0.126226 0.971431 0.126237
0 17 1.954023 0.969568 0.123667 0.971002 0.126417
0 18 2.068965 0.973157 0.126800 0.970712 0.125682
0 19 2.183908 0.972430 0.126805 0.970570 0.125708
0 20 2.298851 0.971299 0.126408 0.970332 0.125217
0 21 2.413793 0.972722 0.128633 0.973319 0.126706
0 22 2.528736 0.969508 0.127774 0.970067 0.125554
0 23 2.643678 0.970276 0.126993 0.971657 0.126912
0 24 2.758621 0.970139 0.124844 0.969622 0.128644
0 25 2.873563 0.972105 0.124741 0.971631 0.127667
0 26 2.988506 0.973004 0.126242 0.972636 0.126728
0 27 3.103448 0.969766 0.127693 0.971388 0.126781
0 28 3.218391 0.973130 0.126361 0.972750 0.126509
0 29 3.333333 0.973797 0.127027 0.971657 0.126040
0 30 3.448276 0.975485 0.126735 0.970158 0.124953
0 31 3.563218 0.969953 0.124880 0.971646 0.125826
0 32 3.678161 0.973128 0.127186 0.972844 0.127259
0 33 3.793103 0.973294 0.127143 0.969317 0.125425
0 34 3.908046 0.970881 0.124989 0.967813 0.124614
0 35 4.022988 0.972462 0.126810 0.973160 0.127694
0 36 4.137931 0.971372 0.127185 0.974579 0.129676
0 37 4.252873 0.970814 0.125158 0.972029 0.125625
0 38 4.367816 0.971195 0.126224 0.970453 0.127088
0 39 4.482759 0.972431 0.125556 0.971453 0.127118
0 40 4.597701 0.971705 0.126514 0.970763 0.125522
0 41 4.712644 0.969859 0.125881 0.972721 0.127312
0 42 4.827586 0.972462 0.126770 0.971658 0.127576
0 43 4.942529 0.971367 0.126089 0.972369 0.126515
0 44 5.057471 0.971227 0.126645 0.971358 0.126908
0 45 5.172414 0.971520 0.125706 0.975624 0.127535
0 46 5.287356 0.970167 0.126068 0.969685 0.125536
0 47 5.402299 0.969804 0.124776 0.969897 0.126890
0 48 5.517241 0.970154 0.124989 0.973096 0.127737
0 49 5.632184 0.971898 0.126903 0.969837 0.126510
0 50 5.747127 0.970730 0.125814 0.972383 0.127295
0 51 5.862069 0.970841 0.126409 0.971818 0.127014
0 52 5.977012 0.974902 0.126248 0.971842 0.126707
0 53 6.091954 0.971309 0.126937 0.972465 0.126878
0 54 6.206897 0.973148 0.126409 0.974595 0.126393
0 55 6.321839 0.969780 0.126108 0.971627 0.127118
0 56 6.436781 0.973208 0.126930 0.966749 0.126400
0 57 6.551724 0.969467 0.126617 0.969549 0.125080
0 58 6.666667 0.968785 0.125999 0.973786 0.126982
0 59 6.781609 0.973470 0.129032 0.973656 0.128393
0 60 6.896552 0.969718 0.125743 0.973696 0.128134
0 61 7.011494 0.972574 0.126998 0.971917 0.126255
0 62 7.126437 0.973084 0.126580 0.973605 0.124442
0 63 7.241379 0.973644 0.126768 0.972045 0.127527
0 64 7.356322 0.969943 0.126368 0.974157 0.127178
0 65 7.471264 0.974698 0.125700 0.971920 0.126379
0 66 7.586207 0.972093 0.126849 0.973162 0.126255
0 67 7.701149 0.967683 0.126215 0.970856 0.126918
0 68 7.816092 0.972942 0.126534 0.969768 0.125697
0 69 7.931035 0.971207 0.126002 0.969622 0.126861
0 70 8.045977 0.969721 0.124577 0.972298 0.126879
0 71 8.160919 0.973437 0.126999 0.975079 0.128238
0 72 8.275862 0.972513 0.127109 0.971139 0.126000
0 73 8.390804 0.971885 0.127277 0.972318 0.126721
0 74 8.505747 0.972493 0.125876 0.973530 0.128596
0 75 8.620689 0.968904 0.124140 0.969981 0.125593
0 76 8.735632 0.971253 0.124826 0.970872 0.126502
0 77 8.850574 0.968981 0.127009 0.972865 0.127316
0 78 8.965517 0.971774 0.125350 0.974569 0.129012
0 79 9.080460 0.973208 0.128813 0.969112 0.125452
0 80 9.195402 0.973141 0.127171 0.974203 0.129026
0 81 9.310345 0.975743 0.128860 0.969362 0.127059
0 82 9.425287 0.975014 0.127192 0.969517 0.127822
0 83 9.540230 0.970231 0.125701 0.972792 0.127539
0 84 9.655172 0.970830 0.126518 0.973005 0.127278
0 85 9.770115 0.973311 0.126158 0.970006 0.126254
0 86 9.885057 0.970369 0.124776 0.971348 0.126231
1 0 10.000000 0.973863 0.127165 0.969922 0.124660
1 1 10.114943 0.972470 0.126083 0.970278 0.125470
1 2 10.229885 0.971297 0.125689 0.975348 0.127202
1 3 10.344828 0.972405 0.125464 0.972535 0.126803
1 4 10.459770 0.971663 0.126464 0.973425 0.125770
1 5 10.574713 0.969780 0.125396 0.972868 0.126186
1 6 10.689655 0.970935 0.125562 0.968800 0.126935
1 7 10.804598 0.972274 0.126767 0.969143 0.125417
1 8 10.919540 0.970320 0.126205 0.970885 0.127173
1 9 11.034483 0.969927 0.125139 0.970525 0.126846
1 10 11.149426 0.972279 0.126016 0.969001 0.124925
1 11 11.264368 0.968740 0.124901 0.971129 0.126739
1 12 11.379311 0.974054 0.127766 0.970248 0.125496
1 13 11.494253 0.971752 0.126196 0.972792 0.126401
1 14 11.609196 0.971573 0.127182 0.971451 0.126543
1 15 11.724138 0.973374 0.126340 0.973271 0.126324
1 16 11.839081 0.973708 0.126723 0.976433 0.127360
1 17 11.954023 0.973173 0.127756 0.970189 0.125620
1 18 12.068966 0.970871 0.124465 0.973005 0.127944
1 19 12.183908 0.972398 0.126141 0.972694 0.127754
1 20 12.298851 0.974262 0.126573 0.972879 0.127154
1 21 12.413794 0.970433 0.126810 0.973345 0.126645
1 22 12.528735 0.974008 0.127128 0.971662 0.126840
1 23 12.643678 0.973211 0.128810 0.970017 0.125808
1 24 12.758620 0.971564 0.125865 0.971225 0.125184
1 25 12.873563 0.970596 0.125243 0.971317 0.126381
1 26 12.988505 0.970459 0.126934 0.971504 0.124763
1 27 13.103448 0.970046 0.126657 0.974499 0.126903
1 28 13.218390 0.973971 0.127027 0.970356 0.125468
1 29 13.333333 0.972365 0.126589 0.970749 0.126774
1 30 13.448276 0.972487 0.126631 0.970775 0.127172
1 31 13.563218 0.971194 0.124922 0.972294 0.127396
1 32 13.678161 0.971224 0.126660 0.971786 0.126218
1 33 13.793103 0.971996 0.127426 0.971172 0.125914
1 34 13.908046 0.971885 0.127993 0.970305 0.126520
1 35 14.022988 0.969660 0.125899 0.970939 0.125517
1 36 14.137931 0.969890 0.125325 0.972877 0.126682
1 37 14.252873 0.970214 0.125208 0.969007 0.125304
1 38 14.367816 0.973632 0.125877 0.971888 0.126557
1 39 14.482759 0.973177 0.127304 0.972850 0.126694
1 40 14.597701 0.970628 0.124933 0.971904 0.124728
1 41 14.712644 0.968260 0.125489 0.971949 0.128142
1 42 14.827586 0.970454 0.126172 0.973066 0.126978
1 43 14.942529 0.971856 0.126640 0.969954 0.126350
1 44 15.057471 0.970872 0.126304 0.970493 0.128335
1 45 15.172414 0.971039 0.125715 0.969331 0.127576
1 46 15.287356 0.970634 0.125756 0.970426 0.126455
1 47 15.402299 0.969807 0.124314 0.973548 0.126122
1 48 15.517241 0.973972 0.127388 0.971881 0.128476
1 49 15.632184 0.970089 0.124663 0.970883 0.125639
1 50 15.747127 0.972027 0.127940 0.970921 0.126640
1 51 15.862069 0.973082 0.126974 0.969060 0.125097
1 52 15.977012 0.969922 0.126323 0.970608 0.126749
1 53 16.091953 0.969365 0.124824 0.971129 0.127183
1 54 16.206896 0.970904 0.125996 0.970776 0.125362
1 55 16.321838 0.972609 0.128357 0.973365 0.128475
1 56 16.436781 0.973030 0.126926 0.971998 0.126529
1 57 16.551723 0.971207 0.126647 0.972215 0.125644
1 58 16.666666 0.972845 0.126912 0.968957 0.124766
1 59 16.781609 0.969815 0.125993 0.969693 0.123846
1 60 16.896551 0.968828 0.125499 0.968373 0.125186
1 61 17.011494 0.971740 0.126305 0.972719 0.125203
1 62 17.126436 0.971512 0.127280 0.970932 0.127015
1 63 17.241379 0.970047 0.125380 0.971183 0.125664
1 64 17.356321 0.968554 0.125979 0.971941 0.128195
1 65 17.471264 0.970807 0.126170 0.971500 0.126840
1 66 17.586206 0.970892 0.126872 0.970288 0.125206
1 67 17.701149 0.970955 0.126568 0.970887 0.126826
1 68 17.816092 0.971115 0.125705 0.973177 0.127435
1 69 17.931034 0.971443 0.126546 0.972098 0.126240
1 70 18.045977 0.973278 0.127999 0.972932 0.126153
1 71 18.160919 0.970192 0.126356 0.971691 0.127127
1 72 18.275862 0.970434 0.125632 0.968758 0.124927
1 73 18.390804 0.973928 0.128215 0.972237 0.126963
1 74 18.505747 0.973202 0.126036 0.970008 0.127074
1 75 18.620689 0.970096 0.126484 0.972933 0.128470
1 76 18.735632 0.973938 0.125740 0.972347 0.127174
1 77 18.850574 0.970580 0.126824 0.973269 0.126137
1 78 18.965517 0.973579 0.127808 0.972088 0.126632
1 79 19.080460 0.971332 0.125919 0.972937 0.128771
1 80 19.195402 0.969979 0.125186 0.971099 0.126274
1 81 19.310345 0.972493 0.125996 0.974459 0.125992
1 82 19.425287 0.972404 0.125862 0.971390 0.126920
1 83 19.540230 0.969808 0.125978 0.972063 0.128051
1 84 19.655172 0.975271 0.128682 0.972849 0.126023
1 85 19.770115 0.972048 0.126384 0.973644 0.129137
1 86 19.885057 0.969055 0.126995 0.970908 0.126816
2 0 20.000000 0.972272 0.127124 0.974877 0.128063
2 1 20.114943 0.972963 0.126015 0.973432 0.125968
2 2 20.229885 0.970306 0.125154 0.974981 0.127268
2 3 20.344828 0.971137 0.125928 0.971286 0.126057
2 4 20.459770 0.970688 0.126114 0.971554 0.125472
2 5 20.574713 0.971789 0.126821 0.971255 0.125704
2 6 20.689655 0.971859 0.126660 0.974769 0.125486
2 7 20.804598 0.970784 0.126430 0.971789 0.126654
2 8 20.919540 0.970429 0.126665 0.971669 0.128333
2 9 21.034483 0.970794 0.124935 0.972365 0.127259
2 10 21.149426 0.970300 0.126345 0.971742 0.126059
2 11 21.264368 0.971892 0.126865 0.971322 0.127237
2 12 21.379311 0.970882 0.126728 0.969568 0.126347
2 13 21.494253 0.973632 0.127582 0.973373 0.126528
2 14 21.609196 0.970326 0.127797 0.970218 0.125166
2 15 21.724138 0.972130 0.126159 0.969640 0.126284
2 16 21.839081 0.973131 0.127831 0.973460 0.127060
2 17 21.954023 0.971129 0.125647 0.970230 0.123525
2 18 22.068966 0.971507 0.125770 0.973113 0.127150
2 19 22.183908 0.971154 0.125544 0.969469 0.126225
2 20 22.298851 0.972662 0.127051 0.969478 0.127665
2 21 22.413794 0.974492 0.127312 0.974161 0.126095
2 22 22.528736 0.968739 0.125758 0.970621 0.125029
2 23 22.643679 0.971832 0.129743 0.972304 0.127103
2 24 22.758621 0.973601 0.129130 0.972011 0.125745
2 25 22.873564 0.969460 0.125599 0.971306 0.126326
2 26 22.988506 0.971512 0.125960 0.973454 0.126035
2 27 23.103449 0.969840 0.127496 0.970339 0.126577
2 28 23.218391 0.971053 0.125658 0.970667 0.125937
2 29 23.333334 0.972061 0.126497 0.971491 0.126322
2 30 23.448277 0.971106 0.126873 0.977461 0.128313
2 31 23.563219 0.970095 0.126110 0.971229 0.127525
2 32 23.678162 0.971824 0.127248 0.969971 0.124690
2 33 23.793104 0.968362 0.125069 0.971373 0.126713
2 34 23.908047 0.970319 0.127466 0.973416 0.127561
2 35 24.022989 0.972282 0.127778 0.971439 0.125145
2 36 24.137932 0.973246 0.126448 0.972124 0.125707
2 37 24.252874 0.970396 0.126140 0.971298 0.126553
2 38 24.367817 0.968570 0.126755 0.972442 0.128053
2 39 24.482759 0.971568 0.126733 0.970623 0.127647
2 40 24.597702 0.972553 0.126356 0.970510 0.127143
2 41 24.712645 0.971214 0.126337 0.969128 0.125207
2 42 24.827587 0.971218 0.126289 0.974353 0.128874
2 43 24.942530 0.970472 0.126106 0.969708 0.125567
2 44 25.057470 0.973603 0.125743 0.971136 0.128723
2 45 25.172413 0.969851 0.125592 0.972269 0.127383
2 46 25.287355 0.970048 0.124926 0.970781 0.126164
2 47 25.402298 0.972002 0.126461 0.974358 0.127688
2 48 25.517241 0.970089 0.126278 0.974178 0.127675
2 49 25.632183 0.971493 0.127580 0.971492 0.127004
2 50 25.747126 0.971225 0.125708 0.970466 0.124157
2 51 25.862068 0.968545 0.127197 0.971707 0.127120
2 52 25.977011 0.971483 0.125934 0.972483 0.127303
2 53 26.091953 0.969628 0.126086 0.972641 0.126619
2 54 26.206896 0.970038 0.126072 0.971087 0.126060
2 55 26.321838 0.971901 0.126577 0.971230 0.126348
2 56 26.436781 0.971205 0.124837 0.969150 0.127444
2 57 26.551723 0.974270 0.126528 0.969110 0.125417
2 58 26.666666 0.971311 0.127116 0.968664 0.127310
2 59 26.781609 0.972553 0.125741 0.971659 0.127345
2 60 26.896551 0.970204 0.124441 0.969864 0.126552
2 61 27.011494 0.972847 0.125972 0.971044 0.125840
2 62 27.126436 0.969645 0.125671 0.973671 0.126647
2 63 27.241379 0.971096 0.126606 0.972962 0.127129
2 64 27.356321 0.969728 0.126947 0.972481 0.126864
2 65 27.471264 0.971862 0.126365 0.971880 0.127698
2 66 27.586206 0.970617 0.127079 0.970904 0.124552
2 67 27.701149 0.972332 0.125797 0.971760 0.126367
2 68 27.816092 0.973903 0.126147 0.970702 0.126105
2 69 27.931034 0.970807 0.127037 0.973971 0.128162
2 70 28.045977 0.973119 0.126959 0.971991 0.126756
2 71 28.160919 0.971395 0.125559 0.973755 0.127331
2 72 28.275862 0.972590 0.128132 0.974784 0.127124
2 73 28.390804 0.971967 0.124629 0.971667 0.125553
2 74 28.505747 0.971575 0.126216 0.972172 0.125873
2 75 28.620689 0.969649 0.125014 0.971534 0.125387
2 76 28.735632 0.971913 0.126370 0.972648 0.126079
2 77 28.850574 0.972614 0.126807 0.969480 0.125867
2 78 28.965517 0.972026 0.124983 0.972294 0.126029
2 79 29.080460 0.971596 0.126539 0.972327 0.124873
2 80 29.195402 0.971338 0.125776 0.972945 0.128052
2 81 29.310345 0.972360 0.126599 0.969297 0.125342
2 82 29.425287 0.970413 0.126159 0.969521 0.125938
2 83 29.540230 0.972503 0.126972 0.969429 0.126196
2 84 29.655172 0.969078 0.126412 0.970480 0.126331
2 85 29.770115 0.972149 0.126619 0.968418 0.124737
2 86 29.885057 0.970934 0.125785 0.970770 0.126147
3 0 30.000000 0.969290 0.124075 0.974598 0.127456
3 1 30.114943 0.968023 0.124679 0.969434 0.125263
3 2 30.229885 0.971895 0.125157 0.972167 0.127705
3 3 30.344828 0.969828 0.126801 0.971503 0.126599
3 4 30.459770 0.969548 0.124916 0.969895 0.127081
3 5 30.574713 0.967696 0.126326 0.970786 0.126430
3 6 30.689655 0.971620 0.126629 0.973065 0.126315
3 7 30.804598 0.969503 0.126225 0.971958 0.124493
3 8 30.919540 0.970587 0.126282 0.969888 0.126644
3 9 31.034483 0.973548 0.127043 0.973080 0.126205
3 10 31.149426 0.970944 0.126650 0.973908 0.126582
3 11 31.264368 0.973292 0.129505 0.970828 0.126369
3 12 31.379311 0.971042 0.125246 0.971551 0.126049
3 13 31.494253 0.969839 0.126044 0.971429 0.127713
3 14 31.609196 0.972203 0.126811 0.971325 0.125886
3 15 31.724138 0.971741 0.126352 0.976306 0.127405
3 16 31.839081 0.975411 0.128963 0.970330 0.126443
3 17 31.954023 0.971565 0.126109 0.970795 0.126609
3 18 32.068966 0.967129 0.124283 0.970787 0.124645
3 19 32.183907 0.969958 0.125725 0.970451 0.125465
3 20 32.298851 0.970896 0.126054 0.968324 0.125908
3 21 32.413792 0.971773 0.127501 0.969063 0.126586
3 22 32.528736 0.968897 0.126576 0.972291 0.126813
3 23 32.643677 0.971448 0.126416 0.971221 0.128539
3 24 32.758621 0.972365 0.125688 0.973280 0.127695
3 25 32.873562 0.972659 0.125199 0.971455 0.125977
3 26 32.988506 0.972585 0.128392 0.969941 0.127229
3 27 33.103447 0.968946 0.125566 0.970353 0.125272
3 28 33.218391 0.969900 0.125940 0.972833 0.126928
3 29 33.333332 0.971390 0.126109 0.970634 0.128272
3 30 33.448277 0.972169 0.126227 0.971262 0.125760
3 31 33.563217 0.969404 0.125567 0.970604 0.126736
3 32 33.678162 0.971179 0.126531 0.971045 0.125672
3 33 33.793102 0.971755 0.125714 0.969195 0.127291
3 34 33.908047 0.974887 0.128164 0.969883 0.127165
3 35 34.022987 0.970056 0.126263 0.968534 0.127417
3 36 34.137932 0.971611 0.125704 0.970275 0.125707
3 37 34.252872 0.972891 0.126281 0.971147 0.127539
3 38 34.367817 0.969485 0.127221 0.970745 0.125897
3 39 34.482758 0.970069 0.124947 0.969746 0.127382
3 40 34.597702 0.974269 0.128473 0.971620 0.126852
3 41 34.712643 0.971071 0.126124 0.970532 0.126863
3 42 34.827587 0.968030 0.124742 0.973593 0.128101
3 43 34.942528 0.972963 0.127454 0.971300 0.126348
3 44 35.057472 0.968127 0.126295 0.970858 0.128010
3 45 35.172413 0.969892 0.126294 0.973141 0.126380
3 46 35.287357 0.971010 0.125223 0.970972 0.127430
3 47 35.402298 0.967528 0.125910 0.972375 0.128683
3 48 35.517242 0.970002 0.125630 0.969968 0.125710
3 49 35.632183 0.970195 0.125548 0.970608 0.125811
3 50 35.747128 0.969742 0.127169 0.970898 0.126897
3 51 35.862068 0.970776 0.127960 0.968622 0.125056
3 52 35.977013 0.970519 0.125332 0.971656 0.127958
3 53 36.091953 0.973715 0.126692 0.969069 0.125669
3 54 36.206898 0.973506 0.126962 0.973456 0.127191
3 55 36.321838 0.969587 0.125473 0.972956 0.126172
3 56 36.436783 0.972934 0.126358 0.971175 0.128886
3 57 36.551723 0.972425 0.127834 0.971783 0.127371
3 58 36.666668 0.973597 0.127088 0.971903 0.126585
3 59 36.781609 0.968797 0.127207 0.975322 0.128051
3 60 36.896553 0.971734 0.127489 0.971043 0.126638
3 61 37.011494 0.970267 0.125911 0.971476 0.125324
3 62 37.126438 0.970324 0.126696 0.971520 0.128010
3 63 37.241379 0.972562 0.126970 0.973231 0.127240
3 64 37.356323 0.972701 0.128082 0.971824 0.127396
3 65 37.471264 0.968249 0.126238 0.970496 0.125860
3 66 37.586208 0.971085 0.127594 0.970024 0.125052
3 67 37.701149 0.970853 0.127402 0.973979 0.125509
3 68 37.816093 0.972250 0.127534 0.969799 0.126798
3 69 37.931034 0.974501 0.127786 0.972320 0.126708
3 70 38.045979 0.972362 0.126355 0.969936 0.126046
3 71 38.160919 0.972757 0.127180 0.973129 0.125878
3 72 38.275864 0.972326 0.125648 0.970450 0.126126
3 73 38.390804 0.974688 0.127636 0.971601 0.126282
3 74 38.505749 0.969406 0.125358 0.969963 0.127443
3 75 38.620689 0.970052 0.125066 0.971794 0.126422
3 76 38.735634 0.972257 0.127736 0.970078 0.126068
3 77 38.850574 0.972290 0.128656 0.972110 0.127104
3 78 38.965519 0.971375 0.126836 0.972478 0.126441
3 79 39.080460 0.972119 0.126236 0.971526 0.125888
3 80 39.195404 0.973839 0.126909 0.971245 0.126942
3 81 39.310345 0.974272 0.127551 0.972868 0.126051
3 82 39.425289 0.970360 0.127087 0.973033 0.125845
3 83 39.540230 0.969553 0.125324 0.968432 0.125668
3 84 39.655174 0.969832 0.125430 0.971532 0.127112
3 85 39.770115 0.969768 0.125474 0.972760 0.127495
3 86 39.885059 0.974576 0.127103 0.972706 0.128010
4 0 40.000000 0.972039 0.125924 0.971880 0.124937
4 1 40.114941 0.972177 0.127097 0.972696 0.128026
4 2 40.229885 0.973186 0.127548 0.970660 0.127725
4 3 40.344826 0.972322 0.126824 0.970808 0.126161
4 4 40.459770 0.970500 0.125247 0.975281 0.127469
4 5 40.574711 0.972050 0.127002 0.969910 0.126676
4 6 40.689655 0.971583 0.126990 0.970800 0.127144
4 7 40.804596 0.972455 0.127273 0.972581 0.125270
4 8 40.919540 0.973161 0.126326 0.974713 0.125353
4 9 41.034481 0.972237 0.126606 0.971798 0.126835
4 10 41.149426 0.971993 0.126115 0.970887 0.125012
4 11 41.264366 0.973562 0.125137 0.971448 0.125478
4 12 41.379311 0.971930 0.127807 0.972227 0.126628
4 13 41.494251 0.971256 0.128134 0.970084 0.125283
4 14 41.609196 0.970631 0.126448 0.969079 0.126410
4 15 41.724136 0.969597 0.125636 0.969521 0.126359
4 16 41.839081 0.972213 0.126984 0.972565 0.126009
4 17 41.954021 0.970182 0.126227 0.970080 0.126544
4 18 42.068966 0.969096 0.125081 0.971675 0.126489
4 19 42.183907 0.972172 0.125777 0.970489 0.126263
4 20 42.298851 0.971927 0.127490 0.972401 0.125923
4 21 42.413792 0.970771 0.126325 0.972057 0.126293
4 22 42.528736 0.969757 0.126249 0.971703 0.126360
4 23 42.643677 0.971028 0.126563 0.973092 0.127604
4 24 42.758621 0.970558 0.126545 0.973116 0.126089
4 25 42.873562 0.971882 0.126021 0.971006 0.127361
4 26 42.988506 0.971016 0.126949 0.970954 0.126775
4 27 43.103447 0.969054 0.125543 0.972367 0.127395
4 28 43.218391 0.971768 0.127431 0.971928 0.125156
4 29 43.333332 0.974271 0.128278 0.970581 0.125962
4 30 43.448277 0.973892 0.126688 0.970308 0.124950
4 31 43.563217 0.973593 0.128766 0.971920 0.127287
4 32 43.678162 0.972113 0.128301 0.972996 0.127405
4 33 43.793102 0.975373 0.127517 0.975454 0.127767
4 34 43.908047 0.973199 0.126887 0.969784 0.125652
4 35 44.022987 0.971060 0.124693 0.972326 0.126844
4 36 44.137932 0.973594 0.126245 0.969221 0.125378
4 37 44.252872 0.972661 0.127384 0.973265 0.126832
4 38 44.367817 0.971844 0.125944 0.970157 0.126352
4 39 44.482758 0.974108 0.127380 0.972624 0.126634
4 40 44.597702 0.969278 0.125725 0.971554 0.127392
4 41 44.712643 0.971546 0.127238 0.969986 0.126188
4 42 44.827587 0.969187 0.125593 0.970985 0.125841
4 43 44.942528 0.971359 0.126212 0.973104 0.126727
4 44 45.057472 0.971140 0.126812 0.968178 0.125606
4 45 45.172413 0.969429 0.125325 0.972559 0.125912
4 46 45.287357 0.972984 0.127402 0.972787 0.127397
4 47 45.402298 0.973543 0.127009 0.973838 0.126732
4 48 45.517242 0.971224 0.124684 0.973063 0.128046
4 49 45.632183 0.969686 0.125406 0.969734 0.125403
4 50 45.747128 0.970295 0.126339 0.972498 0.126056
4 51 45.862068 0.973150 0.126533 0.975101 0.127126
4 52 45.977013 0.970436 0.125706 0.972030 0.127052
4 53 46.091953 0.971692 0.125202 0.972648 0.126473
4 54 46.206898 0.968739 0.126270 0.973209 0.126575
4 55 46.321838 0.971438 0.126351 0.971671 0.125733
4 56 46.436783 0.971782 0.127290 0.972336 0.125825
4 57 46.551723 0.971515 0.127647 0.971059 0.125897
4 58 46.666668 0.971688 0.126786 0.975304 0.127264
4 59 46.781609 0.972288 0.124566 0.971337 0.125548
4 60 46.896553 0.972493 0.127131 0.971099 0.125968
4 61 47.011494 0.974127 0.126407 0.969747 0.126193
4 62 47.126438 0.972600 0.127115 0.972003 0.124876
4 63 47.241379 0.972596 0.127153 0.973133 0.128034
4 64 47.356323 0.971236 0.126209 0.971308 0.127906
4 65 47.471264 0.967963 0.123913 0.969193 0.126559
4 66 47.586208 0.971780 0.125104 0.970362 0.127052
4 67 47.701149 0.971478 0.125511 0.970059 0.126296
4 68 47.816093 0.971586 0.128584 0.971012 0.126199
4 69 47.931034 0.968966 0.127846 0.972837 0.128136
4 70 48.045979 0.969364 0.127152 0.973326 0.127707
4 71 48.160919 0.975007 0.126310 0.973007 0.126114
4 72 48.275864 0.968842 0.125115 0.970883 0.125851
4 73 48.390804 0.970924 0.126203 0.971075 0.127757
4 74 48.505749 0.973437 0.127494 0.969224 0.126969
4 75 48.620689 0.972536 0.126077 0.968361 0.128148
4 76 48.735634 0.973089 0.126649 0.974811 0.127673
4 77 48.850574 0.971157 0.126749 0.969893 0.126098
4 78 48.965519 0.973745 0.126590 0.972819 0.126025
4 79 49.080460 0.973234 0.127011 0.969898 0.127397
4 80 49.195404 0.971567 0.126497 0.975029 0.127049
4 81 49.310345 0.973048 0.125879 0.970358 0.124515
4 82 49.425289 0.973047 0.127147 0.971658 0.125922
4 83 49.540230 0.971684 0.126129 0.971124 0.125479
4 84 49.655174 0.974169 0.128368 0.968084 0.126148
4 85 49.770115 0.973418 0.126033 0.972734 0.127650
4 86 49.885059 0.972174 0.125734 0.971812 0.126831
5 0 50.000000 0.969110 0.124571 0.971051 0.123855
5 1 50.114941 0.973681 0.126478 0.969728 0.125646
5 2 50.229885 0.972217 0.125229 0.970182 0.124469
5 3 50.344826 0.971354 0.125584 0.969435 0.125703
5 4 50.459770 0.970555 0.126204 0.971825 0.126207
5 5 50.574711 0.973998 0.126628 0.971273 0.124875
5 6 50.689655 0.971525 0.126158 0.970724 0.125965
5 7 50.804596 0.972665 0.126296 0.972661 0.126870
5 8 50.919540 0.969960 0.124797 0.970027 0.125974
5 9 51.034481 0.971850 0.126272 0.971025 0.125350
5 10 51.149426 0.970817 0.125828 0.971203 0.127592
5 11 51.264366 0.970692 0.124835 0.971169 0.126292
5 12 51.379311 0.968479 0.126095 0.971000 0.126467
5 13 51.494251 0.970790 0.126291 0.971270 0.124803
5 14 51.609196 0.972692 0.127316 0.968602 0.125764
5 15 51.724136 0.971302 0.126879 0.971103 0.126417
5 16 51.839081 0.972326 0.125865 0.972611 0.126611
5 17 51.954021 0.970805 0.125280 0.971139 0.127849
5 18 52.068966 0.967522 0.126298 0.971980 0.127683
5 19 52.183907 0.970834 0.127545 0.973658 0.128000
5 20 52.298851 0.973540 0.127431 0.969979 0.126505
5 21 52.413792 0.970746 0.126226 0.972000 0.125790
5 22 52.528736 0.972683 0.126470 0.970357 0.126489
5 23 52.643677 0.973073 0.127042 0.972407 0.126723
5 24 52.758621 0.970781 0.126744 0.969574 0.125830
5 25 52.873562 0.971727 0.126644 0.972189 0.127073
5 26 52.988506 0.971173 0.125449 0.973291 0.126615
5 27 53.103447 0.975205 0.128007 0.970197 0.126603
5 28 53.218391 0.970828 0.126319 0.970756 0.127153
5 29 53.333332 0.973450 0.126921 0.971747 0.126721
5 30 53.448277 0.973241 0.127032 0.972460 0.125639
5 31 53.563217 0.968482 0.124812 0.970359 0.125947
5 32 53.678162 0.971396 0.126771 0.970947 0.125521
5 33 53.793102 0.972032 0.124921 0.971799 0.126683
5 34 53.908047 0.973463 0.127107 0.972771 0.126231
5 35 54.022987 0.969310 0.127180 0.972196 0.125822
5 36 54.137932 0.974009 0.125406 0.973129 0.126346
5 37 54.252872 0.972302 0.125656 0.969171 0.126217
5 38 54.367817 0.971811 0.125977 0.973014 0.129431
5 39 54.482758 0.970611 0.125965 0.973625 0.126053
5 40 54.597702 0.968635 0.125588 0.972614 0.127558
5 41 54.712643 0.973575 0.126922 0.973023 0.126062
5 42 54.827587 0.972074 0.127792 0.970561 0.126097
5 43 54.942528 0.970590 0.126685 0.970536 0.125445
5 44 55.057472 0.971714 0.124857 0.973099 0.127502
5 45 55.172413 0.972609 0.125215 0.970180 0.125536
5 46 55.287357 0.970277 0.125627 0.971205 0.125870
5 47 55.402298 0.974497 0.126669 0.972600 0.126132
5 48 55.517242 0.970681 0.125427 0.971782 0.126487
5 49 55.632183 0.968996 0.125318 0.972175 0.127081
5 50 55.747128 0.969779 0.125750 0.975134 0.127483
5 51 55.862068 0.970884 0.124770 0.972524 0.127136
5 52 55.977013 0.972159 0.128371 0.971555 0.126481
5 53 56.091953 0.970670 0.126445 0.971973 0.128095
5 54 56.206898 0.973061 0.127895 0.969955 0.125314
5 55 56.321838 0.970163 0.125231 0.970180 0.126070
5 56 56.436783 0.973753 0.127357 0.971855 0.126540
5 57 56.551723 0.969518 0.126899 0.971964 0.127342
5 58 56.666668 0.974241 0.126800 0.972994 0.128722
5 59 56.781609 0.971334 0.126812 0.968814 0.125330
5 60 56.896553 0.968750 0.125158 0.969308 0.125949
5 61 57.011494 0.970697 0.126649 0.972506 0.127150
5 62 57.126438 0.970654 0.125981 0.971512 0.126658
5 63 57.241379 0.971785 0.125909 0.975202 0.126564
5 64 57.356323 0.970509 0.127387 0.973309 0.128686
5 65 57.471264 0.969391 0.125572 0.971307 0.126209
5 66 57.586208 0.970119 0.125522 0.972997 0.127211
5 67 57.701149 0.970056 0.126690 0.969154 0.125100
5 68 57.816093 0.972680 0.126421 0.971202 0.125514
5 69 57.931034 0.974282 0.127049 0.973618 0.127407
5 70 58.045979 0.968889 0.125944 0.972980 0.126894
5 71 58.160919 0.972607 0.125242 0.969487 0.125617
5 72 58.275864 0.972378 0.126490 0.970953 0.126146
5 73 58.390804 0.969926 0.124685 0.972977 0.126667
5 74 58.505749 0.970536 0.126987 0.969320 0.127376
5 75 58.620689 0.971106 0.125696 0.970846 0.126831
5 76 58.735634 0.972816 0.126963 0.972921 0.126410
5 77 58.850574 0.972411 0.127798 0.973086 0.127622
5 78 58.965519 0.970987 0.126451 0.969983 0.125560
5 79 59.080460 0.973093 0.127126 0.971536 0.125024
5 80 59.195404 0.970331 0.126158 0.972010 0.126334
5 81 59.310345 0.970036 0.126625 0.972784 0.128371
5 82 59.425289 0.971735 0.126742 0.976331 0.127351
5 83 59.540230 0.970921 0.127275 0.971546 0.127351
5 84 59.655174 0.974987 0.128296 0.970790 0.125227
5 85 59.770115 0.972786 0.127103 0.971717 0.127732
5 86 59.885059 0.970024 0.125445 0.974700 0.126424
6 0 60.000000 0.973443 0.127969 0.972499 0.128021
6 1 60.114941 0.973371 0.127243 0.969502 0.127608
6 2 60.229885 0.969658 0.125702 0.972090 0.125568
6 3 60.344826 0.967887 0.125140 0.975392 0.126534
6 4 60.459770 0.971351 0.125938 0.971488 0.125989
6 5 60.574711 0.972354 0.127272 0.970503 0.126581
6 6 60.689655 0.973735 0.126734 0.973935 0.128161
6 7 60.804596 0.966897 0.123703 0.972046 0.125408
6 8 60.919540 0.972672 0.127741 0.971460 0.127511
6 9 61.034481 0.970870 0.124908 0.969861 0.127132
6 10 61.149426 0.969493 0.127273 0.973857 0.125878
6 11 61.264366 0.973981 0.126728 0.972211 0.127798
6 12 61.379311 0.971479 0.127121 0.970620 0.127953
6 13 61.494251 0.969605 0.125307 0.972544 0.127349
6 14 61.609196 0.970034 0.126546 0.971527 0.125001
6 15 61.724136 0.972516 0.124975 0.971605 0.125742
6 16 61.839081 0.973372 0.125917 0.972148 0.126100
6 17 61.954021 0.971416 0.127680 0.969492 0.125679
6 18 62.068966 0.972324 0.126547 0.973322 0.127442
6 19 62.183907 0.971998 0.126410 0.972825 0.128855
6 20 62.298851 0.972736 0.125663 0.968615 0.127497
6 21 62.413792 0.973481 0.126997 0.972409 0.126729
6 22 62.528736 0.970996 0.127111 0.973859 0.128655
6 23 62.643677 0.974399 0.127335 0.972508 0.126206
6 24 62.758621 0.973651 0.125929 0.972165 0.126183
6 25 62.873562 0.971691 0.126684 0.970691 0.125274
6 26 62.988506 0.971328 0.125453 0.970572 0.126736
6 27 63.103447 0.970794 0.126543 0.970300 0.126029
6 28 63.218391 0.971618 0.125040 0.971938 0.127795
6 29 63.333332 0.974470 0.127732 0.973586 0.126016
6 30 63.448277 0.969731 0.123952 0.970354 0.126856
6 31 63.563217 0.974830 0.127878 0.971287 0.126787
6 32 63.678162 0.974557 0.127091 0.969548 0.126287
6 33 63.793102 0.973000 0.125473 0.971463 0.127949
6 34 63.908047 0.970446 0.126037 0.971213 0.125740
6 35 64.022987 0.969564 0.125793 0.973705 0.126673
6 36 64.137932 0.972123 0.126167 0.970295 0.126349
6 37 64.252876 0.968037 0.126140 0.968955 0.125480
6 38 64.367813 0.969852 0.126068 0.972799 0.126141
6 39 64.482758 0.968705 0.126030 0.971874 0.125583
6 40 64.597702 0.970971 0.125076 0.973731 0.127797
6 41 64.712646 0.972212 0.126027 0.973512 0.126048
6 42 64.827583 0.973006 0.126384 0.970305 0.124638
6 43 64.942528 0.971507 0.127722 0.972697 0.127379
6 44 65.057472 0.970008 0.127595 0.971478 0.127188
6 45 65.172417 0.971398 0.126372 0.971699 0.125605
6 46 65.287354 0.973742 0.126448 0.970385 0.125285
6 47 65.402298 0.973512 0.126529 0.971920 0.126343
6 48 65.517242 0.971590 0.126120 0.970234 0.124913
6 49 65.632187 0.969780 0.126432 0.972678 0.127471
6 50 65.747124 0.969433 0.126077 0.972322 0.127067
6 51 65.862068 0.970051 0.125513 0.974882 0.127390
6 52 65.977013 0.972384 0.125974 0.973633 0.129903
6 53 66.091957 0.972469 0.126003 0.970383 0.125538
6 54 66.206894 0.971557 0.125935 0.973569 0.128176
6 55 66.321838 0.971147 0.126944 0.971512 0.125751
6 56 66.436783 0.969818 0.125496 0.971407 0.126231
6 57 66.551727 0.969461 0.124686 0.970254 0.126065
6 58 66.666664 0.971621 0.127827 0.971164 0.125124
6 59 66.781609 0.972587 0.126336 0.975256 0.126694
6 60 66.896553 0.971284 0.126635 0.973392 0.126440
6 61 67.011497 0.972248 0.125528 0.971274 0.125592
6 62 67.126434 0.972258 0.125545 0.971597 0.126325
6 63 67.241379 0.971036 0.126287 0.970233 0.126851
6 64 67.356323 0.972181 0.128432 0.970500 0.125862
6 65 67.471268 0.972160 0.126287 0.969131 0.124462
6 66 67.586205 0.971183 0.126133 0.969804 0.127115
6 67 67.701149 0.971750 0.127234 0.968316 0.127103
6 68 67.816093 0.968371 0.126635 0.971116 0.126565
6 69 67.931038 0.969729 0.125307 0.969291 0.126859
6 70 68.045975 0.971958 0.125672 0.970931 0.126845
6 71 68.160919 0.973156 0.129402 0.972641 0.126164
6 72 68.275864 0.971758 0.126595 0.972086 0.127588
6 73 68.390808 0.968296 0.127173 0.971277 0.125337
6 74 68.505745 0.970310 0.127949 0.969234 0.126538
6 75 68.620689 0.972162 0.126773 0.970156 0.125641
6 76 68.735634 0.974133 0.124999 0.968864 0.126162
6 77 68.850578 0.971567 0.127946 0.971825 0.126217
6 78 68.965515 0.967549 0.126395 0.970038 0.125653
6 79 69.080460 0.974190 0.127335 0.972990 0.128214
6 80 69.195404 0.970547 0.125857 0.970100 0.125441
6 81 69.310349 0.974428 0.125844 0.971486 0.126362
6 82 69.425285 0.971133 0.126068 0.972178 0.127208
6 83 69.540230 0.970903 0.126450 0.974117 0.127168
6 84 69.655174 0.973163 0.127517 0.971444 0.127771
6 85 69.770119 0.970197 0.126048 0.971794 0.126791
6 86 69.885056 0.970219 0.125951 0.969077 0.126164
7 0 70.000000 0.973035 0.126775 0.971429 0.125085
7 1 70.114944 0.970952 0.125270 0.971985 0.125308
7 2 70.229881 0.974540 0.127417 0.970467 0.127006
7 3 70.344826 0.972871 0.126289 0.971219 0.126297
7 4 70.459770 0.969264 0.126834 0.971675 0.126204
7 5 70.574715 0.971099 0.128031 0.970077 0.126660
7 6 70.689651 0.972810 0.128130 0.969765 0.125751
7 7 70.804596 0.973458 0.128748 0.971741 0.125421
7 8 70.919540 0.973600 0.127237 0.969800 0.127134
7 9 71.034485 0.970928 0.125955 0.968901 0.125614
7 10 71.149422 0.975157 0.127089 0.972362 0.126546
7 11 71.264366 0.971051 0.126675 0.969000 0.126150
7 12 71.379311 0.971224 0.127256 0.970934 0.126393
7 13 71.494255 0.970306 0.125144 0.971114 0.124723
7 14 71.609192 0.972346 0.126817 0.973119 0.126308
7 15 71.724136 0.971302 0.127106 0.968688 0.126708
7 16 71.839081 0.971437 0.125343 0.970944 0.127251
7 17 71.954025 0.972691 0.126815 0.973850 0.126431
7 18 72.068962 0.971446 0.126326 0.972509 0.127731
7 19 72.183907 0.972244 0.125937 0.972915 0.127413
7 20 72.298851 0.973600 0.127229 0.970444 0.125486
7 21 72.413795 0.971599 0.126600 0.969719 0.125798
7 22 72.528732 0.970531 0.127496 0.972203 0.125751
7 23 72.643677 0.971704 0.126405 0.970535 0.126544
7 24 72.758621 0.970009 0.124966 0.971897 0.126821
7 25 72.873566 0.972015 0.125972 0.970759 0.125305
7 26 72.988503 0.970399 0.127400 0.972098 0.126821
7 27 73.103447 0.970539 0.126967 0.971293 0.125799
7 28 73.218391 0.969862 0.127224 0.972296 0.126118
7 29 73.333336 0.970803 0.126227 0.970370 0.126414
7 30 73.448273 0.970862 0.124748 0.970267 0.125303
7 31 73.563217 0.970395 0.124948 0.973338 0.125579
7 32 73.678162 0.971924 0.127244 0.970145 0.124786
7 33 73.793106 0.969788 0.126231 0.973838 0.127636
7 34 73.908043 0.972449 0.126468 0.970554 0.125673
7 35 74.022987 0.972002 0.126256 0.968688 0.124923
7 36 74.137932 0.970614 0.125237 0.972169 0.125783
7 37 74.252876 0.973761 0.127624 0.972648 0.126074
7 38 74.367813 0.968891 0.126074 0.973399 0.128349
7 39 74.482758 0.970907 0.126313 0.971147 0.126001
7 40 74.597702 0.968099 0.124526 0.971088 0.127211
7 41 74.712646 0.970035 0.126021 0.972301 0.127985
7 42 74.827583 0.972539 0.127102 0.971835 0.125780
7 43 74.942528 0.971371 0.125836 0.971312 0.126684
7 44 75.057472 0.971440 0.127379 0.970929 0.127198
7 45 75.172417 0.973372 0.127594 0.972304 0.127059
7 46 75.287354 0.973470 0.126615 0.971131 0.125412
7 47 75.402298 0.970704 0.125616 0.969516 0.126193
7 48 75.517242 0.967137 0.123990 0.971550 0.125607
7 49 75.632187 0.967044 0.124961 0.968698 0.126365
7 50 75.747124 0.971421 0.125387 0.970903 0.126482
7 51 75.862068 0.970968 0.124410 0.974029 0.128405
7 52 75.977013 0.971994 0.124719 0.971681 0.126031
7 53 76.091957 0.973071 0.126045 0.972142 0.125626
7 54 76.206894 0.968947 0.125792 0.971467 0.126623
7 55 76.321838 0.971892 0.127215 0.972597 0.126317
7 56 76.436783 0.972103 0.126718 0.972658 0.125833
7 57 76.551727 0.973014 0.124993 0.973894 0.126776
7 58 76.666664 0.973071 0.126750 0.972362 0.126947
7 59 76.781609 0.970605 0.126517 0.972519 0.126271
7 60 76.896553 0.970654 0.126398 0.973422 0.127209
7 61 77.011497 0.973779 0.127178 0.972223 0.127329
7 62 77.126434 0.969023 0.125800 0.974391 0.127104
7 63 77.241379 0.971714 0.126732 0.971170 0.126488
7 64 77.356323 0.971609 0.128561 0.972192 0.128023
7 65 77.471268 0.971414 0.125121 0.969515 0.124202
7 66 77.586205 0.970341 0.125371 0.968710 0.124989
7 67 77.701149 0.974068 0.127126 0.967387 0.125532
7 68 77.816093 0.971319 0.125987 0.971976 0.126182
7 69 77.931038 0.970963 0.126948 0.969921 0.126990
7 70 78.045975 0.972130 0.125248 0.971964 0.126211
7 71 78.160919 0.973976 0.127483 0.971192 0.125176
7 72 78.275864 0.970783 0.125254 0.970424 0.126865
7 73 78.390808 0.971109 0.127610 0.972351 0.126796
7 74 78.505745 0.968498 0.126681 0.973156 0.127249
7 75 78.620689 0.970886 0.125606 0.971201 0.126403
7 76 78.735634 0.971934 0.127594 0.970843 0.125494
7 77 78.850578 0.969896 0.126339 0.971208 0.126807
7 78 78.965515 0.969502 0.126020 0.972302 0.125325
7 79 79.080460 0.972505 0.125166 0.972838 0.127133
7 80 79.195404 0.973328 0.126794 0.971406 0.126623
7 81 79.310349 0.969805 0.125180 0.972512 0.126798
7 82 79.425285 0.970693 0.126021 0.971869 0.125334
7 83 79.540230 0.969838 0.126924 0.969402 0.125575
7 84 79.655174 0.970857 0.124372 0.968437 0.124700
7 85 79.770119 0.967861 0.125876 0.974566 0.127262
7 86 79.885056 0.972653 0.126712 0.969896 0.125245
8 0 80.000000 0.970228 0.125770 0.971675 0.125824
8 1 80.114944 0.969887 0.125296 0.971580 0.124906
8 2 80.229881 0.973624 0.126483 0.971593 0.126029
8 3 80.344826 0.970531 0.125951 0.970180 0.125757
8 4 80.459770 0.969817 0.125612 0.971619 0.126119
8 5 80.574715 0.970677 0.126976 0.971711 0.126541
8 6 80.689651 0.969901 0.127052 0.971874 0.126937
8 7 80.804596 0.973979 0.126540 0.973394 0.128453
8 8 80.919540 0.972684 0.127456 0.972804 0.126548
8 9 81.034485 0.971261 0.125719 0.971768 0.126029
8 10 81.149422 0.972845 0.126913 0.972155 0.126379
8 11 81.264366 0.972219 0.127174 0.969144 0.125070
8 12 81.379311 0.972746 0.126899 0.971751 0.127377
8 13 81.494255 0.967211 0.125401 0.972074 0.126775
8 14 81.609192 0.968897 0.124954 0.972680 0.127483
8 15 81.724136 0.972136 0.126568 0.971691 0.126553
8 16 81.839081 0.971182 0.127602 0.975394 0.127144
8 17 81.954025 0.971123 0.126595 0.973982 0.126763
8 18 82.068962 0.970453 0.125654 0.971238 0.127075
8 19 82.183907 0.972617 0.126901 0.967407 0.125461
8 20 82.298851 0.967190 0.125393 0.968833 0.124294
8 21 82.413795 0.970128 0.126060 0.969109 0.126269
8 22 82.528732 0.970160 0.124452 0.969601 0.125565
8 23 82.643677 0.973649 0.124064 0.973904 0.124674
8 24 82.758621 0.972923 0.127564 0.973367 0.127072
8 25 82.873566 0.968926 0.125140 0.970192 0.125610
8 26 82.988503 0.966936 0.126002 0.974216 0.126129
8 27 83.103447 0.971892 0.125531 0.973352 0.125523
8 28 83.218391 0.971276 0.128235 0.970640 0.126211
8 29 83.333336 0.973275 0.128340 0.970918 0.126800
8 30 83.448273 0.971477 0.127877 0.968834 0.126016
8 31 83.563217 0.970530 0.126747 0.971879 0.126657
8 32 83.678162 0.971575 0.127520 0.971413 0.127017
8 33 83.793106 0.972005 0.126383 0.970326 0.123404
8 34 83.908043 0.972675 0.125624 0.972156 0.127063
8 35 84.022987 0.971143 0.126863 0.971503 0.125967
8 36 84.137932 0.971941 0.126931 0.972522 0.126215
8 37 84.252876 0.972627 0.126203 0.972655 0.126083
8 38 84.367813 0.970483 0.126437 0.971465 0.125027
8 39 84.482758 0.971548 0.125997 0.970076 0.127743
8 40 84.597702 0.971258 0.125412 0.971259 0.127571
8 41 84.712646 0.970602 0.125665 0.970794 0.125307
8 42 84.827583 0.971277 0.126009 0.971812 0.126242
8 43 84.942528 0.967908 0.127115 0.972449 0.126700
8 44 85.057472 0.972556 0.125215 0.972496 0.127075
8 45 85.172417 0.974258 0.126316 0.971660 0.125578
8 46 85.287354 0.971897 0.126158 0.972164 0.127514
8 47 85.402298 0.971237 0.126873 0.972391 0.125097
8 48 85.517242 0.973628 0.127838 0.970904 0.126293
8 49 85.632187 0.973737 0.127252 0.970625 0.126961
8 50 85.747124 0.970843 0.127182 0.970319 0.125817
8 51 85.862068 0.969448 0.125212 0.970590 0.126553
8 52 85.977013 0.972098 0.126319 0.973538 0.127374
8 53 86.091957 0.972985 0.127354 0.972939 0.127102
8 54 86.206894 0.971297 0.126297 0.971274 0.126578
8 55 86.321838 0.972887 0.127595 0.970651 0.126862
8 56 86.436783 0.971985 0.126960 0.970528 0.126211
8 57 86.551727 0.970638 0.125519 0.969186 0.126687
8 58 86.666664 0.974259 0.127272 0.967999 0.126127
8 59 86.781609 0.970498 0.127083 0.968646 0.125115
8 60 86.896553 0.972494 0.126270 0.970697 0.126680
8 61 87.011497 0.973113 0.123943 0.970606 0.126596
8 62 87.126434 0.970863 0.125303 0.970709 0.124838
8 63 87.241379 0.970606 0.125603 0.973661 0.125684
8 64 87.356323 0.972386 0.125866 0.971093 0.125054
8 65 87.471268 0.972087 0.126094 0.969898 0.127543
8 66 87.586205 0.971617 0.126117 0.975559 0.128618
8 67 87.701149 0.971198 0.126444 0.971878 0.126624
8 68 87.816093 0.968917 0.125500 0.972992 0.124913
8 69 87.931038 0.972047 0.126826 0.969817 0.125809
8 70 88.045975 0.970793 0.125693 0.972314 0.125039
8 71 88.160919 0.971617 0.128467 0.969774 0.125361
8 72 88.275864 0.974130 0.126943 0.970748 0.125986
8 73 88.390808 0.975019 0.127466 0.971570 0.128207
8 74 88.505745 0.971265 0.125802 0.972926 0.126101
8 75 88.620689 0.971541 0.125636 0.971764 0.127735
8 76 88.735634 0.971022 0.127267 0.968407 0.127033
8 77 88.850578 0.973452 0.127386 0.970515 0.128002
8 78 88.965515 0.972879 0.127706 0.969106 0.126456
8 79 89.080460 0.967979 0.125686 0.973478 0.128443
8 80 89.195404 0.969037 0.126129 0.970886 0.126738
8 81 89.310349 0.971872 0.126007 0.971452 0.124756
8 82 89.425285 0.970787 0.126485 0.971742 0.127669
8 83 89.540230 0.972206 0.126742 0.975655 0.126552
8 84 89.655174 0.970044 0.125603 0.973203 0.126579
8 85 89.770119 0.969820 0.126424 0.970811 0.127999
8 86 89.885056 0.971813 0.126779 0.972809 0.125332
9 0 90.000000 0.970808 0.126379 0.971816 0.125811
9 1 90.114944 0.970455 0.126272 0.973179 0.125876
9 2 90.229881 0.970922 0.126989 0.969859 0.125080
9 3 90.344826 0.971509 0.124799 0.969174 0.125877
9 4 90.459770 0.971631 0.127497 0.973484 0.126567
9 5 90.574715 0.972588 0.126658 0.974207 0.125977
9 6 90.689651 0.971382 0.126665 0.971758 0.126769
9 7 90.804596 0.971940 0.126308 0.973494 0.127078
9 8 90.919540 0.970058 0.127699 0.973095 0.128093
9 9 91.034485 0.972735 0.125550 0.971213 0.125544
9 10 91.149422 0.970616 0.127506 0.973507 0.126723
9 11 91.264366 0.967135 0.125816 0.971159 0.125422
9 12 91.379311 0.973337 0.128206 0.972041 0.127141
9 13 91.494255 0.972190 0.125814 0.969925 0.124808
9 14 91.609192 0.972247 0.126951 0.970691 0.125878
9 15 91.724136 0.971090 0.125129 0.971172 0.125349
9 16 91.839081 0.973029 0.124899 0.968686 0.124894
9 17 91.954025 0.972501 0.128999 0.971959 0.126444
9 18 92.068962 0.968414 0.127988 0.973162 0.127417
9 19 92.183907 0.972163 0.127589 0.973665 0.125478
9 20 92.298851 0.973060 0.126629 0.971792 0.126703
9 21 92.413795 0.971347 0.126660 0.972405 0.126321
9 22 92.528732 0.967841 0.125718 0.971763 0.126812
9 23 92.643677 0.971334 0.127020 0.969755 0.126038
9 24 92.758621 0.968441 0.124966 0.971373 0.126014
9 25 92.873566 0.973136 0.127522 0.970265 0.125581
9 26 92.988503 0.971561 0.125754 0.972558 0.126747
9 27 93.103447 0.972450 0.126459 0.971750 0.126320
9 28 93.218391 0.972581 0.127950 0.971231 0.126943
9 29 93.333336 0.969601 0.125953 0.971782 0.126195
9 30 93.448273 0.970318 0.125874 0.969888 0.125447
9 31 93.563217 0.971114 0.127357 0.972568 0.126490
9 32 93.678162 0.969867 0.127342 0.972174 0.125272
9 33 93.793106 0.972966 0.124668 0.972174 0.127389
9 34 93.908043 0.971114 0.126108 0.969849 0.125916
9 35 94.022987 0.973104 0.125427 0.973484 0.127337
9 36 94.137932 0.973429 0.125917 0.971316 0.126015
9 37 94.252876 0.972732 0.126606 0.969351 0.125674
9 38 94.367813 0.972120 0.126716 0.972558 0.126293
9 39 94.482758 0.970407 0.126467 0.968900 0.125545
9 40 94.597702 0.968138 0.123536 0.971755 0.127000
9 41 94.712646 0.972256 0.126820 0.973994 0.127696
9 42 94.827583 0.970595 0.127163 0.972746 0.126387
9 43 94.942528 0.971126 0.124611 0.972502 0.128594
9 44 95.057472 0.969832 0.125860 0.970328 0.125520
9 45 95.172417 0.972870 0.126761 0.972525 0.125039
9 46 95.287354 0.968130 0.125017 0.971937 0.126366
9 47 95.402298 0.970165 0.127057 0.972440 0.125880
9 48 95.517242 0.969593 0.125001 0.971943 0.124956
9 49 95.632187 0.969161 0.126641 0.970988 0.125999
9 50 95.747124 0.971702 0.127457 0.973143 0.128282
9 51 95.862068 0.971714 0.126978 0.969773 0.124341
9 52 95.977013 0.968945 0.125769 0.970562 0.126875
9 53 96.091957 0.969306 0.126086 0.971656 0.127127
9 54 96.206894 0.969648 0.125623 0.973942 0.125843
9 55 96.321838 0.969680 0.125880 0.974771 0.127347
9 56 96.436783 0.971445 0.124843 0.967869 0.125274
9 57 96.551727 0.973293 0.126108 0.972487 0.127276
9 58 96.666664 0.972299 0.126274 0.973248 0.126558
9 59 96.781609 0.969622 0.126693 0.969112 0.125937
9 60 96.896553 0.971501 0.126928 0.970767 0.127189
9 61 97.011497 0.972465 0.127147 0.970146 0.124817
9 62 97.126434 0.970989 0.126124 0.971782 0.125089
9 63 97.241379 0.973411 0.126574 0.970084 0.127542
9 64 97.356323 0.971833 0.126328 0.969046 0.124606
9 65 97.471268 0.969686 0.124655 0.968463 0.125987
9 66 97.586205 0.972787 0.126548 0.969504 0.126406
9 67 97.701149 0.971904 0.127576 0.973020 0.126777
9 68 97.816093 0.971186 0.126302 0.971643 0.126888
9 69 97.931038 0.970279 0.126672 0.975718 0.128836
9 70 98.045975 0.972929 0.126365 0.973404 0.124992
9 71 98.160919 0.975196 0.127287 0.971411 0.125371
9 72 98.275864 0.972592 0.126794 0.970660 0.126634
9 73 98.390808 0.972613 0.126773 0.973377 0.127003
9 74 98.505745 0.970640 0.125713 0.973232 0.127078
9 75 98.620689 0.973296 0.125699 0.972745 0.126632
9 76 98.735634 0.969266 0.126343 0.975100 0.127765
9 77 98.850578 0.968797 0.125332 0.971037 0.127512
9 78 98.965515 0.971805 0.126190 0.971354 0.125864
9 79 99.080460 0.971279 0.126422 0.972188 0.128213
9 80 99.195404 0.973562 0.128182 0.972522 0.126975
9 81 99.310349 0.970873 0.126502 0.972398 0.127550
9 82 99.425285 0.974167 0.127081 0.971291 0.126771
9 83 99.540230 0.970606 0.126127 0.973417 0.125918
9 84 99.655174 0.974177 0.126791 0.971622 0.126003
9 85 99.770119 0.970587 0.126766 0.969921 0.127155
9 86 99.885056 0.973365 0.127866 0.971985 0.127794
