0 0 0.000000 0.123637 0.089235 0.119396 0.086469
0 1 0.114943 0.088778 0.058287 0.088259 0.057864
0 2 0.229885 0.071165 0.048642 0.071918 0.049608
0 3 0.344828 0.067979 0.046786 0.067396 0.046354
0 4 0.459770 0.064611 0.044655 0.065563 0.045141
0 5 0.574713 0.064356 0.043548 0.063871 0.043379
0 6 0.689655 0.062462 0.043839 0.062181 0.043601
0 7 0.804598 0.059598 0.042570 0.059231 0.042309
0 8 0.919540 0.058884 0.042371 0.059820 0.042828
0 9 1.034483 0.059969 0.042880 0.058407 0.041409
0 10 1.149425 0.058098 0.042341 0.057833 0.041779
0 11 1.264368 0.060468 0.042707 0.058638 0.041689
0 12 1.379310 0.061431 0.042286 0.061873 0.042619
0 13 1.494253 0.060298 0.042790 0.059207 0.042029
0 14 1.609195 0.060451 0.042645 0.060272 0.042555
0 15 1.724138 0.060251 0.041652 0.061938 0.042985
0 16 1.839080 0.057533 0.041182 0.057421 0.041155
0 17 1.954023 0.057473 0.041457 0.058040 0.041853
0 18 2.068965 0.056719 0.041213 0.056187 0.040909
0 19 2.183908 0.060287 0.042129 0.059779 0.041484
0 20 2.298851 0.059075 0.041039 0.058359 0.040480
0 21 2.413793 0.059998 0.041540 0.059718 0.041144
0 22 2.528736 0.056309 0.041012 0.057852 0.042075
0 23 2.643678 0.055926 0.041044 0.055762 0.041031
0 24 2.758621 0.058588 0.041209 0.059317 0.042046
0 25 2.873563 0.057207 0.041169 0.056917 0.040870
0 26 2.988506 0.055258 0.040702 0.055795 0.040903
0 27 3.103448 0.056611 0.041318 0.054824 0.040398
0 28 3.218391 0.055436 0.040326 0.054608 0.040206
0 29 3.333333 0.055982 0.040534 0.057222 0.041444
0 30 3.448276 0.057479 0.041653 0.056859 0.041662
0 31 3.563218 0.055403 0.040729 0.054697 0.040510
0 32 3.678161 0.056134 0.041173 0.054746 0.040063
0 33 3.793103 0.055003 0.040721 0.054702 0.040913
0 34 3.908046 0.055253 0.040827 0.054549 0.040100
0 35 4.022988 0.056550 0.041205 0.056729 0.041121
0 36 4.137931 0.054693 0.041128 0.053281 0.039605
0 37 4.252873 0.058027 0.041351 0.059102 0.042035
0 38 4.367816 0.059849 0.040876 0.060977 0.041968
0 39 4.482759 0.055489 0.041581 0.052592 0.039200
0 40 4.597701 0.054944 0.040757 0.054280 0.040400
0 41 4.712644 0.052253 0.039340 0.052836 0.039452
0 42 4.827586 0.054043 0.039979 0.054109 0.040063
0 43 4.942529 0.055289 0.040839 0.053507 0.039588
0 44 5.057471 0.054347 0.039718 0.054964 0.040278
0 45 5.172414 0.056758 0.041000 0.057006 0.041207
0 46 5.287356 0.056607 0.039551 0.057247 0.040184
0 47 5.402299 0.053883 0.040180 0.054593 0.040526
0 48 5.517241 0.055790 0.040577 0.055541 0.040695
0 49 5.632184 0.056659 0.041506 0.055410 0.040390
0 50 5.747127 0.056158 0.041345 0.055827 0.040704
0 51 5.862069 0.055512 0.040774 0.054816 0.040055
0 52 5.977012 0.054147 0.039515 0.054793 0.039949
0 53 6.091954 0.052289 0.039721 0.054062 0.040867
0 54 6.206897 0.053983 0.040126 0.054287 0.040449
0 55 6.321839 0.053886 0.040037 0.054590 0.040350
0 56 6.436781 0.053286 0.039979 0.053311 0.040196
0 57 6.551724 0.054487 0.040200 0.054783 0.040522
0 58 6.666667 0.052860 0.039664 0.053867 0.040145
0 59 6.781609 0.056508 0.040323 0.056516 0.040320
0 60 6.896552 0.053967 0.040024 0.054093 0.040018
0 61 7.011494 0.052496 0.039680 0.054387 0.040795
0 62 7.126437 0.054292 0.040543 0.054191 0.040153
0 63 7.241379 0.054148 0.040182 0.054733 0.040884
0 64 7.356322 0.053515 0.039413 0.054295 0.039698
0 65 7.471264 0.053998 0.040017 0.054202 0.040947
0 66 7.586207 0.055074 0.040499 0.054323 0.040057
0 67 7.701149 0.053906 0.039833 0.053917 0.039699
0 68 7.816092 0.053662 0.040043 0.052644 0.039615
0 69 7.931035 0.054995 0.039761 0.054975 0.040104
0 70 8.045977 0.053965 0.039916 0.053681 0.039870
0 71 8.160919 0.055832 0.040473 0.055780 0.040365
0 72 8.275862 0.051946 0.039341 0.052301 0.039516
0 73 8.390804 0.053853 0.040010 0.052647 0.039221
0 74 8.505747 0.051604 0.039504 0.052121 0.039594
0 75 8.620689 0.055574 0.039630 0.056296 0.040804
0 76 8.735632 0.052657 0.039023 0.053320 0.039208
0 77 8.850574 0.053976 0.040731 0.054409 0.040439
0 78 8.965517 0.053964 0.040486 0.053711 0.040617
0 79 9.080460 0.052860 0.039800 0.053797 0.040448
0 80 9.195402 0.052495 0.039850 0.052355 0.039556
0 81 9.310345 0.056766 0.041148 0.055322 0.040423
0 82 9.425287 0.052128 0.039908 0.051190 0.038970
0 83 9.540230 0.052392 0.039784 0.052386 0.039752
0 84 9.655172 0.050779 0.038676 0.052583 0.040077
0 85 9.770115 0.053831 0.040393 0.054094 0.040332
0 86 9.885057 0.055358 0.040017 0.055826 0.040397
1 0 10.000000 0.053729 0.039578 0.053380 0.039391
1 1 10.114943 0.054885 0.040274 0.054525 0.039893
1 2 10.229885 0.052747 0.039839 0.052308 0.039249
1 3 10.344828 0.053800 0.039241 0.054445 0.039521
1 4 10.459770 0.052691 0.039422 0.053204 0.040158
1 5 10.574713 0.054236 0.039860 0.053078 0.038990
1 6 10.689655 0.054167 0.040020 0.054305 0.040374
1 7 10.804598 0.052241 0.039391 0.053731 0.040266
1 8 10.919540 0.052734 0.039765 0.053309 0.040603
1 9 11.034483 0.051972 0.039263 0.053577 0.040905
1 10 11.149426 0.057001 0.040259 0.055348 0.039294
1 11 11.264368 0.053242 0.039752 0.054102 0.040159
1 12 11.379311 0.055104 0.039361 0.055131 0.039512
1 13 11.494253 0.053102 0.039868 0.051619 0.039362
1 14 11.609196 0.051774 0.039155 0.051349 0.039103
1 15 11.724138 0.052846 0.039325 0.052453 0.039600
1 16 11.839081 0.053281 0.039923 0.052842 0.039730
1 17 11.954023 0.052607 0.039668 0.052340 0.039685
1 18 12.068966 0.052308 0.039932 0.051809 0.039481
1 19 12.183908 0.052013 0.039521 0.053479 0.040275
1 20 12.298851 0.053077 0.039999 0.052784 0.039885
1 21 12.413794 0.052127 0.039570 0.051798 0.039327
1 22 12.528735 0.052805 0.039348 0.053244 0.039673
1 23 12.643678 0.051112 0.039013 0.051665 0.039288
1 24 12.758620 0.056496 0.039711 0.057503 0.040379
1 25 12.873563 0.051371 0.039499 0.052850 0.040736
1 26 12.988505 0.054099 0.040634 0.052681 0.039254
1 27 13.103448 0.052826 0.040042 0.053469 0.040483
1 28 13.218390 0.057141 0.039711 0.057029 0.039403
1 29 13.333333 0.051755 0.039447 0.052123 0.039963
1 30 13.448276 0.051713 0.039046 0.052479 0.039504
1 31 13.563218 0.051402 0.039141 0.052115 0.039325
1 32 13.678161 0.051648 0.039477 0.051851 0.039569
1 33 13.793103 0.051597 0.039591 0.051769 0.039444
1 34 13.908046 0.053748 0.039835 0.053293 0.039698
1 35 14.022988 0.052183 0.039788 0.052452 0.040052
1 36 14.137931 0.052615 0.040542 0.051063 0.039065
1 37 14.252873 0.052488 0.040133 0.052372 0.039371
1 38 14.367816 0.051122 0.039008 0.050540 0.038576
1 39 14.482759 0.053655 0.040068 0.053098 0.039720
1 40 14.597701 0.053580 0.040014 0.052725 0.039250
1 41 14.712644 0.053446 0.039376 0.053782 0.039685
1 42 14.827586 0.051655 0.039604 0.051285 0.038725
1 43 14.942529 0.051454 0.039371 0.051501 0.039547
1 44 15.057471 0.051740 0.039526 0.052361 0.039869
1 45 15.172414 0.051279 0.038648 0.050987 0.039001
1 46 15.287356 0.051319 0.038985 0.052471 0.040256
1 47 15.402299 0.051797 0.039726 0.051533 0.039274
1 48 15.517241 0.052008 0.039942 0.051077 0.039136
1 49 15.632184 0.052542 0.039135 0.052927 0.038963
1 50 15.747127 0.053091 0.040028 0.051979 0.039013
1 51 15.862069 0.053410 0.039571 0.053974 0.039787
1 52 15.977012 0.050716 0.038812 0.052469 0.040005
1 53 16.091953 0.051634 0.038944 0.053201 0.040110
1 54 16.206896 0.052254 0.039665 0.051357 0.039006
1 55 16.321838 0.052294 0.040160 0.051035 0.039309
1 56 16.436781 0.052007 0.039736 0.051663 0.039274
1 57 16.551723 0.050501 0.038900 0.051105 0.039196
1 58 16.666666 0.053565 0.040027 0.054055 0.040484
1 59 16.781609 0.050690 0.038542 0.052640 0.040092
1 60 16.896551 0.052020 0.039288 0.051587 0.038952
1 61 17.011494 0.051268 0.039423 0.051965 0.040190
1 62 17.126436 0.051768 0.039206 0.051459 0.039078
1 63 17.241379 0.050318 0.038738 0.051057 0.039143
1 64 17.356321 0.050676 0.038720 0.051758 0.039308
1 65 17.471264 0.051418 0.039149 0.051663 0.039389
1 66 17.586206 0.052061 0.039066 0.053599 0.040367
1 67 17.701149 0.051194 0.039053 0.051203 0.039036
1 68 17.816092 0.052170 0.039501 0.051924 0.039546
1 69 17.931034 0.052622 0.039816 0.051970 0.039635
1 70 18.045977 0.050389 0.039054 0.050912 0.039140
1 71 18.160919 0.052502 0.039814 0.051582 0.038976
1 72 18.275862 0.053609 0.039585 0.053046 0.039455
1 73 18.390804 0.053257 0.039941 0.052603 0.039619
1 74 18.505747 0.051285 0.039229 0.049825 0.038483
1 75 18.620689 0.053396 0.039571 0.053181 0.039513
1 76 18.735632 0.051211 0.039545 0.051156 0.039580
1 77 18.850574 0.050685 0.038839 0.051214 0.039357
1 78 18.965517 0.052579 0.039663 0.054635 0.041228
1 79 19.080460 0.052314 0.039119 0.053186 0.039661
1 80 19.195402 0.050707 0.038610 0.051917 0.039683
1 81 19.310345 0.052767 0.039948 0.052224 0.039445
1 82 19.425287 0.051619 0.039633 0.052235 0.040100
1 83 19.540230 0.050613 0.039087 0.051851 0.039648
1 84 19.655172 0.050655 0.038738 0.050841 0.039271
1 85 19.770115 0.051902 0.039090 0.051068 0.038199
1 86 19.885057 0.051633 0.039728 0.050089 0.038583
2 0 20.000000 0.052176 0.039968 0.051404 0.038724
2 1 20.114943 0.052056 0.039162 0.052255 0.039026
2 2 20.229885 0.051733 0.039228 0.051546 0.039331
2 3 20.344828 0.052859 0.040215 0.052368 0.040043
2 4 20.459770 0.051599 0.039773 0.051173 0.038943
2 5 20.574713 0.051864 0.039430 0.052468 0.039738
2 6 20.689655 0.050792 0.039469 0.050621 0.039382
2 7 20.804598 0.052007 0.040182 0.050691 0.039228
2 8 20.919540 0.052197 0.039361 0.052870 0.039566
2 9 21.034483 0.052729 0.039695 0.052189 0.039580
2 10 21.149426 0.051480 0.039097 0.051141 0.038940
2 11 21.264368 0.053795 0.039201 0.053886 0.039419
2 12 21.379311 0.052750 0.040170 0.050816 0.038779
2 13 21.494253 0.051683 0.039622 0.053707 0.040759
2 14 21.609196 0.053890 0.039582 0.053277 0.039256
2 15 21.724138 0.051999 0.039319 0.052959 0.040028
2 16 21.839081 0.050259 0.039144 0.052013 0.040110
2 17 21.954023 0.051724 0.039302 0.052000 0.039701
2 18 22.068966 0.051688 0.039686 0.052351 0.040531
2 19 22.183908 0.051938 0.039131 0.051351 0.038503
2 20 22.298851 0.051138 0.039092 0.051243 0.039434
2 21 22.413794 0.050820 0.039376 0.052143 0.040063
2 22 22.528736 0.052733 0.039874 0.052346 0.039270
2 23 22.643679 0.050906 0.039278 0.051075 0.039323
2 24 22.758621 0.051082 0.039330 0.050637 0.038762
2 25 22.873564 0.054692 0.040522 0.052966 0.039307
2 26 22.988506 0.051462 0.039892 0.051064 0.039440
2 27 23.103449 0.052273 0.039216 0.052440 0.039309
2 28 23.218391 0.052085 0.039575 0.051892 0.039730
2 29 23.333334 0.052315 0.039757 0.050848 0.039146
2 30 23.448277 0.050320 0.038449 0.051438 0.039668
2 31 23.563219 0.050788 0.038793 0.051048 0.038642
2 32 23.678162 0.052027 0.039548 0.051664 0.039451
2 33 23.793104 0.050375 0.038593 0.050699 0.039182
2 34 23.908047 0.050096 0.038983 0.050238 0.039236
2 35 24.022989 0.050607 0.038745 0.051230 0.039125
2 36 24.137932 0.050853 0.039572 0.050321 0.038789
2 37 24.252874 0.051394 0.038891 0.051161 0.038823
2 38 24.367817 0.051656 0.039820 0.051037 0.038980
2 39 24.482759 0.050962 0.039123 0.052225 0.040316
2 40 24.597702 0.050340 0.038564 0.051965 0.039893
2 41 24.712645 0.050593 0.039326 0.050132 0.038709
2 42 24.827587 0.050084 0.038969 0.050465 0.039082
2 43 24.942530 0.050888 0.038797 0.050748 0.039006
2 44 25.057470 0.050466 0.039156 0.051440 0.039719
2 45 25.172413 0.051732 0.039812 0.050994 0.039309
2 46 25.287355 0.049280 0.038370 0.050401 0.039115
2 47 25.402298 0.051799 0.040083 0.050940 0.038963
2 48 25.517241 0.051040 0.039637 0.049214 0.038212
2 49 25.632183 0.051107 0.039601 0.050164 0.038902
2 50 25.747126 0.050526 0.039154 0.051402 0.039461
2 51 25.862068 0.051228 0.039244 0.050838 0.039355
2 52 25.977011 0.049823 0.038786 0.049466 0.038533
2 53 26.091953 0.051334 0.039745 0.050114 0.039138
2 54 26.206896 0.049496 0.038127 0.050687 0.039437
2 55 26.321838 0.051126 0.039089 0.050521 0.039052
2 56 26.436781 0.052237 0.039016 0.052822 0.039284
2 57 26.551723 0.051662 0.039388 0.052014 0.039882
2 58 26.666666 0.051000 0.039210 0.050969 0.039220
2 59 26.781609 0.050924 0.038889 0.051030 0.039071
2 60 26.896551 0.050810 0.039086 0.050213 0.038555
2 61 27.011494 0.051191 0.039235 0.051670 0.039435
2 62 27.126436 0.050246 0.039121 0.049306 0.038114
2 63 27.241379 0.051656 0.039224 0.051264 0.039570
2 64 27.356321 0.049807 0.038831 0.050712 0.039422
2 65 27.471264 0.050020 0.039479 0.050300 0.039546
2 66 27.586206 0.051756 0.039700 0.051257 0.039711
2 67 27.701149 0.051342 0.039306 0.051484 0.039302
2 68 27.816092 0.049511 0.038510 0.050394 0.039130
2 69 27.931034 0.051457 0.039555 0.051044 0.039199
2 70 28.045977 0.051746 0.039456 0.052610 0.040168
2 71 28.160919 0.052588 0.039794 0.052210 0.039504
2 72 28.275862 0.050131 0.039170 0.050935 0.039625
2 73 28.390804 0.051707 0.039549 0.050724 0.039232
2 74 28.505747 0.051218 0.039669 0.050439 0.039220
2 75 28.620689 0.052973 0.039817 0.052702 0.039906
2 76 28.735632 0.052217 0.039891 0.050385 0.038517
2 77 28.850574 0.050286 0.038816 0.050885 0.039574
2 78 28.965517 0.050273 0.038995 0.050309 0.038562
2 79 29.080460 0.051187 0.039634 0.050223 0.038663
2 80 29.195402 0.050277 0.039353 0.050572 0.039026
2 81 29.310345 0.051295 0.039256 0.051345 0.039682
2 82 29.425287 0.050294 0.038983 0.051230 0.039364
2 83 29.540230 0.049063 0.038641 0.050815 0.039833
2 84 29.655172 0.050537 0.038347 0.051393 0.039006
2 85 29.770115 0.050359 0.039118 0.049883 0.038823
2 86 29.885057 0.051920 0.039294 0.051505 0.039266
3 0 30.000000 0.050333 0.039260 0.051026 0.039779
3 1 30.114943 0.050852 0.039120 0.050332 0.038713
3 2 30.229885 0.051837 0.039994 0.051479 0.039785
3 3 30.344828 0.051643 0.039888 0.051368 0.039634
3 4 30.459770 0.050051 0.039365 0.050127 0.038806
3 5 30.574713 0.050896 0.039069 0.049912 0.038736
3 6 30.689655 0.051091 0.039431 0.051199 0.039624
3 7 30.804598 0.048796 0.038153 0.052004 0.040432
3 8 30.919540 0.050169 0.038829 0.049104 0.038227
3 9 31.034483 0.050869 0.039539 0.050992 0.039349
3 10 31.149426 0.050333 0.038866 0.050613 0.039157
3 11 31.264368 0.051408 0.039511 0.050886 0.039285
3 12 31.379311 0.051378 0.039435 0.050419 0.038449
3 13 31.494253 0.050924 0.039288 0.049818 0.038634
3 14 31.609196 0.051730 0.040035 0.049954 0.038630
3 15 31.724138 0.049677 0.039214 0.049108 0.038430
3 16 31.839081 0.052048 0.039389 0.052298 0.039583
3 17 31.954023 0.051162 0.039347 0.050732 0.039021
3 18 32.068966 0.051286 0.038867 0.052204 0.039792
3 19 32.183907 0.050461 0.039281 0.050267 0.039087
3 20 32.298851 0.050289 0.039025 0.050882 0.039067
3 21 32.413792 0.051795 0.039196 0.051515 0.039333
3 22 32.528736 0.051770 0.039562 0.052424 0.039929
3 23 32.643677 0.051065 0.039595 0.051271 0.039432
3 24 32.758621 0.050259 0.039014 0.049831 0.038797
3 25 32.873562 0.051118 0.039545 0.050847 0.039064
3 26 32.988506 0.051111 0.039274 0.051605 0.039667
3 27 33.103447 0.053087 0.039571 0.053070 0.040035
3 28 33.218391 0.051426 0.039609 0.051896 0.039940
3 29 33.333332 0.051581 0.039509 0.051523 0.039216
3 30 33.448277 0.051447 0.039695 0.049728 0.038946
3 31 33.563217 0.051314 0.039336 0.051194 0.039358
3 32 33.678162 0.050365 0.038545 0.052783 0.039988
3 33 33.793102 0.051795 0.039521 0.050600 0.038791
3 34 33.908047 0.050094 0.039034 0.050111 0.038908
3 35 34.022987 0.050074 0.038409 0.050079 0.038644
3 36 34.137932 0.050077 0.038858 0.049961 0.038649
3 37 34.252872 0.050914 0.038880 0.052612 0.040560
3 38 34.367817 0.050513 0.039700 0.050207 0.039273
3 39 34.482758 0.051323 0.039878 0.049826 0.038663
3 40 34.597702 0.048966 0.038668 0.050273 0.039130
3 41 34.712643 0.050485 0.038890 0.051524 0.039357
3 42 34.827587 0.049123 0.038484 0.049539 0.038716
3 43 34.942528 0.050496 0.039703 0.050922 0.039728
3 44 35.057472 0.050199 0.039288 0.050527 0.039470
3 45 35.172413 0.052232 0.039698 0.051608 0.039146
3 46 35.287357 0.049232 0.038261 0.050649 0.039800
3 47 35.402298 0.050257 0.039397 0.050822 0.039521
3 48 35.517242 0.049864 0.038614 0.049528 0.038703
3 49 35.632183 0.050599 0.039840 0.050436 0.038944
3 50 35.747128 0.051819 0.039869 0.050611 0.039523
3 51 35.862068 0.051472 0.039715 0.049888 0.039105
3 52 35.977013 0.052258 0.040097 0.051444 0.039571
3 53 36.091953 0.050018 0.038972 0.050840 0.039463
3 54 36.206898 0.050708 0.039216 0.050978 0.039233
3 55 36.321838 0.051398 0.039561 0.050462 0.039413
3 56 36.436783 0.050723 0.039395 0.049325 0.038090
3 57 36.551723 0.050845 0.039007 0.051352 0.039658
3 58 36.666668 0.050025 0.038747 0.050788 0.039314
3 59 36.781609 0.050089 0.038760 0.050145 0.038710
3 60 36.896553 0.050617 0.039081 0.052215 0.040020
3 61 37.011494 0.051628 0.039943 0.051704 0.039925
3 62 37.126438 0.050617 0.038616 0.051450 0.039598
3 63 37.241379 0.049794 0.039204 0.051599 0.040032
3 64 37.356323 0.050346 0.039163 0.049651 0.038933
3 65 37.471264 0.050209 0.039032 0.049331 0.038600
3 66 37.586208 0.049033 0.038750 0.049832 0.038924
3 67 37.701149 0.051168 0.040051 0.050367 0.039419
3 68 37.816093 0.049706 0.038704 0.051371 0.040051
3 69 37.931034 0.050509 0.038842 0.050663 0.039139
3 70 38.045979 0.050550 0.039210 0.049451 0.038577
3 71 38.160919 0.049781 0.039200 0.050567 0.039169
3 72 38.275864 0.050131 0.038802 0.050267 0.039114
3 73 38.390804 0.050155 0.039242 0.049903 0.038816
3 74 38.505749 0.049901 0.038986 0.048825 0.038520
3 75 38.620689 0.049579 0.038726 0.049829 0.038539
3 76 38.735634 0.051825 0.040256 0.050961 0.039250
3 77 38.850574 0.050392 0.039386 0.049813 0.039005
3 78 38.965519 0.050838 0.039355 0.050852 0.039310
3 79 39.080460 0.051239 0.039168 0.051345 0.038976
3 80 39.195404 0.050431 0.039475 0.049437 0.038433
3 81 39.310345 0.052813 0.039774 0.052554 0.039923
3 82 39.425289 0.051045 0.039874 0.049582 0.038650
3 83 39.540230 0.050356 0.039451 0.048892 0.038362
3 84 39.655174 0.050583 0.038857 0.051411 0.039708
3 85 39.770115 0.050252 0.039064 0.051675 0.039517
3 86 39.885059 0.050356 0.039301 0.050526 0.039274
4 0 40.000000 0.049742 0.038896 0.050155 0.038826
4 1 40.114941 0.048641 0.037928 0.050375 0.039152
4 2 40.229885 0.049183 0.038573 0.050698 0.039560
4 3 40.344826 0.049578 0.038610 0.050099 0.039280
4 4 40.459770 0.051156 0.039583 0.049715 0.038579
4 5 40.574711 0.050586 0.039239 0.050800 0.039357
4 6 40.689655 0.050281 0.039268 0.049769 0.038928
4 7 40.804596 0.050855 0.039965 0.049807 0.038964
4 8 40.919540 0.050310 0.039208 0.048704 0.038056
4 9 41.034481 0.049652 0.038800 0.050758 0.039137
4 10 41.149426 0.048795 0.038907 0.049723 0.039634
4 11 41.264366 0.049503 0.039111 0.050632 0.039662
4 12 41.379311 0.049080 0.038373 0.049420 0.038360
4 13 41.494251 0.051198 0.039753 0.049900 0.038911
4 14 41.609196 0.049197 0.038300 0.049909 0.039216
4 15 41.724136 0.049716 0.039024 0.049788 0.038650
4 16 41.839081 0.050928 0.039428 0.050756 0.039453
4 17 41.954021 0.050279 0.039525 0.049468 0.038903
4 18 42.068966 0.050158 0.039228 0.049054 0.038654
4 19 42.183907 0.049867 0.038772 0.051112 0.039704
4 20 42.298851 0.051628 0.039800 0.050374 0.038933
4 21 42.413792 0.049515 0.038727 0.049269 0.038513
4 22 42.528736 0.051778 0.039795 0.050878 0.039897
4 23 42.643677 0.049639 0.038839 0.048554 0.038593
4 24 42.758621 0.050254 0.039284 0.049099 0.038789
4 25 42.873562 0.049996 0.039094 0.049738 0.038636
4 26 42.988506 0.049993 0.038858 0.048595 0.038396
4 27 43.103447 0.050892 0.039747 0.050306 0.039664
4 28 43.218391 0.049226 0.038769 0.049801 0.038888
4 29 43.333332 0.048567 0.038275 0.050151 0.039519
4 30 43.448277 0.048842 0.038236 0.051037 0.039848
4 31 43.563217 0.052834 0.040218 0.051443 0.039282
4 32 43.678162 0.049086 0.038361 0.050464 0.039257
4 33 43.793102 0.049727 0.039025 0.050541 0.039356
4 34 43.908047 0.049454 0.038995 0.049575 0.038882
4 35 44.022987 0.050890 0.039651 0.051032 0.039818
4 36 44.137932 0.050495 0.039337 0.049122 0.038750
4 37 44.252872 0.051062 0.039894 0.050091 0.039204
4 38 44.367817 0.050327 0.039332 0.049355 0.038967
4 39 44.482758 0.050068 0.039286 0.050648 0.039511
4 40 44.597702 0.050131 0.039016 0.050244 0.038703
4 41 44.712643 0.050657 0.039704 0.050395 0.039068
4 42 44.827587 0.050699 0.039354 0.050591 0.039620
4 43 44.942528 0.050613 0.039353 0.050186 0.038742
4 44 45.057472 0.049482 0.038701 0.049943 0.038963
4 45 45.172413 0.051014 0.039153 0.049706 0.038668
4 46 45.287357 0.049347 0.038515 0.050803 0.039669
4 47 45.402298 0.051251 0.039753 0.050023 0.039067
4 48 45.517242 0.049767 0.039156 0.049400 0.038571
4 49 45.632183 0.050130 0.039332 0.049138 0.038867
4 50 45.747128 0.050337 0.039180 0.049390 0.038147
4 51 45.862068 0.049724 0.038943 0.051117 0.039534
4 52 45.977013 0.050124 0.039273 0.050352 0.039398
4 53 46.091953 0.051890 0.039979 0.051061 0.038912
4 54 46.206898 0.049443 0.038793 0.049062 0.038693
4 55 46.321838 0.049856 0.038864 0.049047 0.038233
4 56 46.436783 0.049605 0.038524 0.050224 0.039038
4 57 46.551723 0.051780 0.040135 0.051848 0.039367
4 58 46.666668 0.049676 0.038657 0.050715 0.039504
4 59 46.781609 0.050320 0.039160 0.050328 0.038807
4 60 46.896553 0.049786 0.038786 0.049104 0.038346
4 61 47.011494 0.049455 0.039288 0.049360 0.039087
4 62 47.126438 0.050635 0.039350 0.051140 0.039583
4 63 47.241379 0.050086 0.038957 0.050895 0.039375
4 64 47.356323 0.049364 0.038722 0.050410 0.039757
4 65 47.471264 0.048610 0.038080 0.050757 0.039381
4 66 47.586208 0.050405 0.039403 0.049935 0.038887
4 67 47.701149 0.051390 0.039728 0.050487 0.038932
4 68 47.816093 0.051564 0.040201 0.049881 0.039171
4 69 47.931034 0.050115 0.039086 0.049786 0.038627
4 70 48.045979 0.049545 0.038872 0.050541 0.039869
4 71 48.160919 0.051024 0.040172 0.051427 0.039766
4 72 48.275864 0.050425 0.039105 0.049253 0.038284
4 73 48.390804 0.049780 0.038584 0.050080 0.039032
4 74 48.505749 0.049713 0.038479 0.049374 0.038671
4 75 48.620689 0.049863 0.039080 0.050636 0.039373
4 76 48.735634 0.050763 0.039765 0.050207 0.039207
4 77 48.850574 0.048638 0.038003 0.050653 0.039113
4 78 48.965519 0.050563 0.039073 0.050989 0.039415
4 79 49.080460 0.050499 0.039033 0.051229 0.039595
4 80 49.195404 0.049303 0.038359 0.049929 0.038553
4 81 49.310345 0.050613 0.039134 0.051490 0.039737
4 82 49.425289 0.049139 0.037949 0.050157 0.038938
4 83 49.540230 0.049814 0.038816 0.050602 0.039552
4 84 49.655174 0.049161 0.038580 0.049996 0.039124
4 85 49.770115 0.050537 0.039088 0.049409 0.038724
4 86 49.885059 0.050477 0.039199 0.050826 0.039561
5 0 50.000000 0.050537 0.039510 0.048700 0.038459
5 1 50.114941 0.050359 0.039270 0.050932 0.039610
5 2 50.229885 0.050722 0.039474 0.050726 0.039300
5 3 50.344826 0.052762 0.040442 0.051351 0.039464
5 4 50.459770 0.050465 0.039234 0.049515 0.038919
5 5 50.574711 0.049051 0.038724 0.049497 0.039237
5 6 50.689655 0.050176 0.039229 0.049610 0.038759
5 7 50.804596 0.049052 0.038719 0.048745 0.038468
5 8 50.919540 0.050229 0.039268 0.051161 0.039638
5 9 51.034481 0.048844 0.038535 0.049735 0.038954
5 10 51.149426 0.050800 0.039040 0.049340 0.038691
5 11 51.264366 0.050732 0.039685 0.049158 0.038736
5 12 51.379311 0.049543 0.038869 0.049643 0.038885
5 13 51.494251 0.050571 0.039239 0.048923 0.038344
5 14 51.609196 0.050607 0.039796 0.050447 0.039339
5 15 51.724136 0.049616 0.039006 0.049614 0.038967
5 16 51.839081 0.048492 0.037767 0.048143 0.038393
5 17 51.954021 0.050083 0.038857 0.049901 0.038871
5 18 52.068966 0.050634 0.039375 0.050123 0.038935
5 19 52.183907 0.049790 0.038785 0.049759 0.039001
5 20 52.298851 0.050513 0.039643 0.049411 0.039050
5 21 52.413792 0.050151 0.039836 0.050356 0.039428
5 22 52.528736 0.049557 0.038568 0.050640 0.039299
5 23 52.643677 0.050470 0.039691 0.049866 0.039241
5 24 52.758621 0.048380 0.038317 0.048073 0.038694
5 25 52.873562 0.050546 0.039907 0.050007 0.039700
5 26 52.988506 0.049599 0.038815 0.049891 0.039212
5 27 53.103447 0.049717 0.039182 0.050128 0.039614
5 28 53.218391 0.049356 0.038688 0.049192 0.038514
5 29 53.333332 0.048965 0.038387 0.049588 0.038922
5 30 53.448277 0.050537 0.039219 0.050800 0.039306
5 31 53.563217 0.049791 0.039290 0.049404 0.038855
5 32 53.678162 0.050444 0.039525 0.050058 0.039344
5 33 53.793102 0.049969 0.039283 0.049883 0.039225
5 34 53.908047 0.049787 0.038434 0.051337 0.039593
5 35 54.022987 0.050242 0.039229 0.049966 0.038925
5 36 54.137932 0.050628 0.039289 0.050350 0.038961
5 37 54.252872 0.049373 0.038865 0.049720 0.038722
5 38 54.367817 0.050197 0.040020 0.048344 0.038223
5 39 54.482758 0.050419 0.039198 0.049610 0.039153
5 40 54.597702 0.049018 0.038349 0.050044 0.039277
5 41 54.712643 0.049952 0.039063 0.049611 0.038981
5 42 54.827587 0.050422 0.039563 0.049958 0.039100
5 43 54.942528 0.049959 0.038939 0.048853 0.038577
5 44 55.057472 0.049261 0.038276 0.050113 0.039231
5 45 55.172413 0.051064 0.040057 0.050503 0.039106
5 46 55.287357 0.050408 0.039046 0.050714 0.038999
5 47 55.402298 0.049432 0.039068 0.050363 0.039353
5 48 55.517242 0.050298 0.038512 0.050974 0.038853
5 49 55.632183 0.049728 0.038848 0.050369 0.039333
5 50 55.747128 0.050169 0.039443 0.050229 0.039334
5 51 55.862068 0.049295 0.038589 0.050319 0.039781
5 52 55.977013 0.049931 0.039509 0.050506 0.039373
5 53 56.091953 0.049420 0.038745 0.048530 0.037987
5 54 56.206898 0.051874 0.039943 0.051078 0.039241
5 55 56.321838 0.050607 0.039815 0.049838 0.039088
5 56 56.436783 0.050670 0.039319 0.048846 0.038534
5 57 56.551723 0.049761 0.038854 0.049317 0.038937
5 58 56.666668 0.048921 0.038387 0.048921 0.038400
5 59 56.781609 0.051949 0.039810 0.052213 0.039692
5 60 56.896553 0.049671 0.039140 0.050879 0.039839
5 61 57.011494 0.048266 0.038408 0.049785 0.039284
5 62 57.126438 0.047926 0.037801 0.049422 0.038414
5 63 57.241379 0.050799 0.039304 0.051127 0.039370
5 64 57.356323 0.050520 0.039501 0.049866 0.039041
5 65 57.471264 0.048641 0.038317 0.051018 0.040004
5 66 57.586208 0.049896 0.039195 0.049677 0.038896
5 67 57.701149 0.049283 0.038339 0.050789 0.039953
5 68 57.816093 0.050980 0.039467 0.049844 0.038941
5 69 57.931034 0.050156 0.039491 0.049650 0.039284
5 70 58.045979 0.049873 0.039243 0.049729 0.039404
5 71 58.160919 0.049374 0.038673 0.050106 0.038860
5 72 58.275864 0.050118 0.039080 0.049269 0.038571
5 73 58.390804 0.050096 0.039371 0.049791 0.039038
5 74 58.505749 0.049407 0.038830 0.050169 0.039140
5 75 58.620689 0.049602 0.038588 0.050783 0.039331
5 76 58.735634 0.050858 0.039349 0.052244 0.040232
5 77 58.850574 0.048972 0.039033 0.048014 0.038155
5 78 58.965519 0.049503 0.039015 0.049594 0.039111
5 79 59.080460 0.049954 0.039243 0.049734 0.039274
5 80 59.195404 0.049313 0.038429 0.049786 0.038356
5 81 59.310345 0.050520 0.039235 0.050813 0.039694
5 82 59.425289 0.049301 0.038876 0.049647 0.038701
5 83 59.540230 0.049258 0.038839 0.050174 0.039608
5 84 59.655174 0.049592 0.038649 0.049951 0.038990
5 85 59.770115 0.049838 0.039120 0.049352 0.039386
5 86 59.885059 0.050373 0.039501 0.049352 0.039051
6 0 60.000000 0.049357 0.038846 0.049026 0.038843
6 1 60.114941 0.049876 0.039262 0.050224 0.039346
6 2 60.229885 0.049786 0.039333 0.050969 0.039463
6 3 60.344826 0.050210 0.039148 0.049311 0.038489
6 4 60.459770 0.048985 0.038757 0.050560 0.039125
6 5 60.574711 0.049353 0.038979 0.049242 0.038769
6 6 60.689655 0.049866 0.038835 0.048450 0.038203
6 7 60.804596 0.049292 0.038569 0.049330 0.038903
6 8 60.919540 0.050560 0.039475 0.049398 0.038582
6 9 61.034481 0.049771 0.038959 0.049833 0.039328
6 10 61.149426 0.049522 0.038938 0.049169 0.039044
6 11 61.264366 0.048148 0.038417 0.048305 0.038743
6 12 61.379311 0.050736 0.039202 0.049913 0.038827
6 13 61.494251 0.049729 0.038857 0.050509 0.039506
6 14 61.609196 0.050488 0.039507 0.050287 0.039409
6 15 61.724136 0.049915 0.039072 0.048929 0.037972
6 16 61.839081 0.048713 0.038392 0.050238 0.039323
6 17 61.954021 0.051935 0.039831 0.050318 0.038329
6 18 62.068966 0.052017 0.039964 0.051031 0.039333
6 19 62.183907 0.049654 0.038592 0.049958 0.038705
6 20 62.298851 0.049304 0.038868 0.050452 0.039316
6 21 62.413792 0.050322 0.038986 0.050514 0.039176
6 22 62.528736 0.051681 0.039767 0.050005 0.038419
6 23 62.643677 0.050311 0.039569 0.048780 0.038574
6 24 62.758621 0.050106 0.038683 0.050727 0.039187
6 25 62.873562 0.049490 0.038778 0.049956 0.039281
6 26 62.988506 0.049147 0.038585 0.049175 0.038720
6 27 63.103447 0.048195 0.037906 0.049866 0.039301
6 28 63.218391 0.049190 0.038479 0.049100 0.038743
6 29 63.333332 0.049117 0.038869 0.049912 0.039269
6 30 63.448277 0.050830 0.039614 0.050381 0.039500
6 31 63.563217 0.050920 0.039707 0.050294 0.039240
6 32 63.678162 0.049043 0.038621 0.050908 0.039680
6 33 63.793102 0.048352 0.038047 0.050265 0.039616
6 34 63.908047 0.049014 0.038880 0.049149 0.038519
6 35 64.022987 0.049448 0.038764 0.050062 0.038579
6 36 64.137932 0.049451 0.039184 0.049900 0.039555
6 37 64.252876 0.049127 0.039069 0.049630 0.038842
6 38 64.367813 0.050842 0.039612 0.050281 0.039206
6 39 64.482758 0.050610 0.039706 0.047913 0.037683
6 40 64.597702 0.050458 0.039267 0.049398 0.038783
6 41 64.712646 0.050148 0.039446 0.048800 0.038365
6 42 64.827583 0.048730 0.038648 0.048754 0.039033
6 43 64.942528 0.047594 0.037725 0.050413 0.039942
6 44 65.057472 0.048833 0.038590 0.049083 0.038763
6 45 65.172417 0.050982 0.039382 0.050750 0.039516
6 46 65.287354 0.048691 0.038398 0.050925 0.040168
6 47 65.402298 0.049262 0.038344 0.048908 0.038326
6 48 65.517242 0.050406 0.039760 0.048974 0.038771
6 49 65.632187 0.049193 0.038093 0.050849 0.039276
6 50 65.747124 0.049589 0.038716 0.049271 0.038077
6 51 65.862068 0.048495 0.038411 0.050234 0.039225
6 52 65.977013 0.050050 0.039711 0.048688 0.038220
6 53 66.091957 0.049589 0.039252 0.048646 0.038628
6 54 66.206894 0.050193 0.039618 0.049329 0.038518
6 55 66.321838 0.049788 0.038940 0.048302 0.038307
6 56 66.436783 0.050293 0.039406 0.049831 0.039464
6 57 66.551727 0.049748 0.039346 0.049173 0.038933
6 58 66.666664 0.049118 0.038811 0.049110 0.038787
6 59 66.781609 0.049910 0.039312 0.050239 0.039526
6 60 66.896553 0.048259 0.038130 0.049889 0.039684
6 61 67.011497 0.051328 0.040357 0.049285 0.038796
6 62 67.126434 0.049950 0.039024 0.050217 0.039449
6 63 67.241379 0.049587 0.039049 0.049371 0.038989
6 64 67.356323 0.049672 0.039511 0.048979 0.038782
6 65 67.471268 0.049335 0.038481 0.048692 0.037863
6 66 67.586205 0.048470 0.038403 0.049264 0.039113
6 67 67.701149 0.050751 0.040034 0.049724 0.038763
6 68 67.816093 0.049325 0.038104 0.049237 0.038092
6 69 67.931038 0.049747 0.039356 0.050547 0.039436
6 70 68.045975 0.048285 0.038139 0.049176 0.038806
6 71 68.160919 0.049961 0.038776 0.050495 0.038906
6 72 68.275864 0.050643 0.039527 0.049173 0.038496
6 73 68.390808 0.052087 0.039851 0.051099 0.039226
6 74 68.505745 0.050685 0.039654 0.049402 0.038762
6 75 68.620689 0.049257 0.038810 0.049106 0.038918
6 76 68.735634 0.050490 0.038911 0.049472 0.038821
6 77 68.850578 0.049601 0.039117 0.049258 0.039012
6 78 68.965515 0.050397 0.038948 0.050564 0.039475
6 79 69.080460 0.050318 0.039168 0.050480 0.039500
6 80 69.195404 0.050014 0.039352 0.049389 0.039161
6 81 69.310349 0.050963 0.040117 0.049795 0.038788
6 82 69.425285 0.048770 0.039054 0.047931 0.037847
6 83 69.540230 0.049322 0.038738 0.048241 0.038254
6 84 69.655174 0.048937 0.038368 0.048527 0.038652
6 85 69.770119 0.048996 0.039027 0.049528 0.039176
6 86 69.885056 0.051738 0.039321 0.051828 0.039380
7 0 70.000000 0.049517 0.038910 0.049630 0.039206
7 1 70.114944 0.048369 0.038423 0.049510 0.039222
7 2 70.229881 0.049844 0.038932 0.049517 0.038723
7 3 70.344826 0.048564 0.038543 0.048398 0.038306
7 4 70.459770 0.049096 0.038563 0.049971 0.039400
7 5 70.574715 0.049384 0.038423 0.051637 0.039977
7 6 70.689651 0.049441 0.038988 0.050548 0.039506
7 7 70.804596 0.048925 0.038665 0.048406 0.038488
7 8 70.919540 0.049382 0.038824 0.049610 0.038956
7 9 71.034485 0.049996 0.039128 0.048132 0.038197
7 10 71.149422 0.050389 0.039642 0.049213 0.038785
7 11 71.264366 0.049396 0.038717 0.049249 0.038756
7 12 71.379311 0.047656 0.037893 0.048504 0.038706
7 13 71.494255 0.049757 0.039638 0.050004 0.039291
7 14 71.609192 0.049857 0.038830 0.049789 0.039484
7 15 71.724136 0.048604 0.038244 0.049311 0.039273
7 16 71.839081 0.050846 0.039685 0.050761 0.039798
7 17 71.954025 0.049904 0.038779 0.050411 0.038993
7 18 72.068962 0.049845 0.038673 0.049320 0.038621
7 19 72.183907 0.049860 0.038541 0.051277 0.039869
7 20 72.298851 0.048507 0.038313 0.050345 0.039573
7 21 72.413795 0.049407 0.038843 0.050520 0.039603
7 22 72.528732 0.050420 0.039125 0.050074 0.039049
7 23 72.643677 0.049561 0.038510 0.048375 0.038187
7 24 72.758621 0.048968 0.038732 0.049112 0.038916
7 25 72.873566 0.049302 0.038790 0.049197 0.038738
7 26 72.988503 0.049603 0.038708 0.049399 0.038879
7 27 73.103447 0.049461 0.039173 0.049129 0.038932
7 28 73.218391 0.050571 0.039144 0.050428 0.039001
7 29 73.333336 0.048552 0.038477 0.048875 0.038586
7 30 73.448273 0.048928 0.038423 0.049572 0.038571
7 31 73.563217 0.048705 0.038438 0.048979 0.038727
7 32 73.678162 0.049700 0.038557 0.050056 0.038634
7 33 73.793106 0.050271 0.039626 0.050217 0.039417
7 34 73.908043 0.049678 0.038633 0.051321 0.039559
7 35 74.022987 0.050106 0.039107 0.049460 0.038660
7 36 74.137932 0.049113 0.038707 0.049833 0.039318
7 37 74.252876 0.051100 0.039699 0.049682 0.038207
7 38 74.367813 0.049711 0.039012 0.050052 0.039250
7 39 74.482758 0.049698 0.038756 0.048655 0.038562
7 40 74.597702 0.049228 0.038869 0.049315 0.038751
7 41 74.712646 0.049809 0.039108 0.049418 0.039014
7 42 74.827583 0.048860 0.038714 0.049317 0.038816
7 43 74.942528 0.050350 0.039175 0.050303 0.039155
7 44 75.057472 0.050505 0.039592 0.047907 0.037847
7 45 75.172417 0.049298 0.038912 0.049463 0.039104
7 46 75.287354 0.050175 0.039650 0.049764 0.039199
7 47 75.402298 0.049116 0.039046 0.049349 0.039163
7 48 75.517242 0.049616 0.039026 0.050112 0.039381
7 49 75.632187 0.049568 0.039270 0.048827 0.038540
7 50 75.747124 0.049049 0.038984 0.048920 0.038647
7 51 75.862068 0.049958 0.038496 0.049488 0.038302
7 52 75.977013 0.049921 0.038974 0.049647 0.038639
7 53 76.091957 0.049161 0.039001 0.048811 0.038494
7 54 76.206894 0.049212 0.039312 0.049557 0.038899
7 55 76.321838 0.049184 0.038475 0.050175 0.039524
7 56 76.436783 0.049250 0.038556 0.049554 0.039125
7 57 76.551727 0.050557 0.040028 0.048664 0.038426
7 58 76.666664 0.049777 0.039177 0.049938 0.039117
7 59 76.781609 0.049936 0.039170 0.050400 0.039869
7 60 76.896553 0.049732 0.039503 0.049834 0.039704
7 61 77.011497 0.048704 0.038304 0.050190 0.039099
7 62 77.126434 0.049217 0.038544 0.049223 0.038532
7 63 77.241379 0.049398 0.038733 0.049940 0.039531
7 64 77.356323 0.048872 0.038470 0.050592 0.039680
7 65 77.471268 0.050558 0.039662 0.049974 0.039469
7 66 77.586205 0.048825 0.038360 0.050987 0.039924
7 67 77.701149 0.049580 0.039158 0.048652 0.038317
7 68 77.816093 0.050005 0.038908 0.050701 0.039440
7 69 77.931038 0.050083 0.039340 0.049502 0.038775
7 70 78.045975 0.049989 0.038836 0.051031 0.039527
7 71 78.160919 0.048702 0.038633 0.049288 0.039212
7 72 78.275864 0.050096 0.039049 0.049679 0.038979
7 73 78.390808 0.049732 0.039190 0.050380 0.039517
7 74 78.505745 0.049193 0.038929 0.050125 0.039391
7 75 78.620689 0.051642 0.039862 0.050784 0.039263
7 76 78.735634 0.048859 0.038816 0.048733 0.038628
7 77 78.850578 0.050117 0.040142 0.050657 0.040117
7 78 78.965515 0.048859 0.038251 0.049444 0.039064
7 79 79.080460 0.049723 0.039016 0.049314 0.038452
7 80 79.195404 0.049312 0.038984 0.049789 0.039668
7 81 79.310349 0.049094 0.038596 0.050315 0.038997
7 82 79.425285 0.050423 0.039920 0.049824 0.038805
7 83 79.540230 0.049411 0.039701 0.049189 0.038976
7 84 79.655174 0.049058 0.039052 0.049216 0.038760
7 85 79.770119 0.048650 0.038075 0.048662 0.038560
7 86 79.885056 0.049589 0.038878 0.049853 0.039285
8 0 80.000000 0.048351 0.037839 0.049895 0.039150
8 1 80.114944 0.048854 0.038740 0.049839 0.039839
8 2 80.229881 0.048375 0.038418 0.049693 0.039262
8 3 80.344826 0.049043 0.038438 0.049417 0.038804
8 4 80.459770 0.049311 0.038636 0.050057 0.039150
8 5 80.574715 0.049448 0.039073 0.049679 0.039084
8 6 80.689651 0.050626 0.039519 0.049192 0.039107
8 7 80.804596 0.049397 0.039170 0.050082 0.039643
8 8 80.919540 0.049321 0.038720 0.048516 0.038351
8 9 81.034485 0.050071 0.039148 0.048850 0.038604
8 10 81.149422 0.048997 0.038597 0.048680 0.038546
8 11 81.264366 0.048737 0.038662 0.050418 0.039934
8 12 81.379311 0.049578 0.039072 0.047951 0.037957
8 13 81.494255 0.049260 0.038735 0.048980 0.038716
8 14 81.609192 0.051673 0.039408 0.051052 0.039256
8 15 81.724136 0.049199 0.039061 0.049437 0.039170
8 16 81.839081 0.049276 0.039298 0.049442 0.038842
8 17 81.954025 0.049015 0.038825 0.049168 0.038295
8 18 82.068962 0.050957 0.039259 0.049712 0.038254
8 19 82.183907 0.050475 0.038881 0.052252 0.039800
8 20 82.298851 0.051254 0.039640 0.049173 0.038536
8 21 82.413795 0.049264 0.038966 0.049028 0.038386
8 22 82.528732 0.049646 0.039110 0.049458 0.039144
8 23 82.643677 0.051431 0.039582 0.050200 0.038887
8 24 82.758621 0.050860 0.039717 0.050066 0.039003
8 25 82.873566 0.050806 0.039728 0.050434 0.039188
8 26 82.988503 0.050457 0.039401 0.050821 0.039250
8 27 83.103447 0.051087 0.039908 0.048944 0.038759
8 28 83.218391 0.049679 0.039128 0.048742 0.038609
8 29 83.333336 0.049234 0.038643 0.049184 0.038767
8 30 83.448273 0.048662 0.038644 0.048843 0.038994
8 31 83.563217 0.048977 0.039012 0.050243 0.039532
8 32 83.678162 0.050380 0.039394 0.050171 0.039586
8 33 83.793106 0.048601 0.038179 0.049826 0.039332
8 34 83.908043 0.049059 0.038846 0.048697 0.038711
8 35 84.022987 0.049557 0.038497 0.049811 0.039136
8 36 84.137932 0.049555 0.039251 0.049621 0.039534
8 37 84.252876 0.049208 0.038406 0.049392 0.038730
8 38 84.367813 0.050220 0.039457 0.049514 0.039032
8 39 84.482758 0.049446 0.039222 0.049114 0.038891
8 40 84.597702 0.049514 0.039175 0.048577 0.038869
8 41 84.712646 0.049609 0.038842 0.049325 0.039049
8 42 84.827583 0.049794 0.038890 0.048491 0.038452
8 43 84.942528 0.049321 0.039005 0.049442 0.039204
8 44 85.057472 0.048603 0.038705 0.049299 0.039319
8 45 85.172417 0.049431 0.039083 0.050150 0.039863
8 46 85.287354 0.049437 0.039286 0.048736 0.038832
8 47 85.402298 0.048824 0.038653 0.049192 0.038809
8 48 85.517242 0.048406 0.038263 0.049995 0.039352
8 49 85.632187 0.048322 0.038494 0.048885 0.038709
8 50 85.747124 0.049391 0.039325 0.049391 0.039246
8 51 85.862068 0.050568 0.039610 0.049627 0.038800
8 52 85.977013 0.048089 0.038294 0.049127 0.039363
8 53 86.091957 0.050147 0.039167 0.049373 0.039057
8 54 86.206894 0.049472 0.038784 0.049276 0.039045
8 55 86.321838 0.048912 0.038533 0.050292 0.039432
8 56 86.436783 0.048290 0.038212 0.048558 0.037973
8 57 86.551727 0.049396 0.038804 0.048935 0.038367
8 58 86.666664 0.048986 0.038609 0.049508 0.039350
8 59 86.781609 0.049377 0.038383 0.050412 0.039251
8 60 86.896553 0.048773 0.038177 0.050490 0.039137
8 61 87.011497 0.050642 0.040364 0.049210 0.038723
8 62 87.126434 0.049948 0.039698 0.049492 0.039246
8 63 87.241379 0.050142 0.039220 0.048970 0.038624
8 64 87.356323 0.049844 0.038716 0.049543 0.038802
8 65 87.471268 0.049961 0.039324 0.049560 0.038838
8 66 87.586205 0.049628 0.038974 0.050922 0.040030
8 67 87.701149 0.049888 0.038904 0.050405 0.039154
8 68 87.816093 0.050239 0.039392 0.049609 0.038991
8 69 87.931038 0.048754 0.038317 0.050167 0.039313
8 70 88.045975 0.050003 0.038928 0.050212 0.039027
8 71 88.160919 0.048485 0.038507 0.048454 0.038371
8 72 88.275864 0.049903 0.039341 0.050065 0.039638
8 73 88.390808 0.050111 0.039316 0.049517 0.039106
8 74 88.505745 0.049414 0.038639 0.049880 0.039239
8 75 88.620689 0.050480 0.039859 0.048868 0.038731
8 76 88.735634 0.048906 0.038971 0.049360 0.038426
8 77 88.850578 0.048491 0.038369 0.048235 0.038384
8 78 88.965515 0.050253 0.039708 0.049886 0.039089
8 79 89.080460 0.049020 0.038362 0.049148 0.039070
8 80 89.195404 0.048444 0.038431 0.049045 0.038872
8 81 89.310349 0.048636 0.038254 0.049188 0.039164
8 82 89.425285 0.049788 0.038913 0.048645 0.038614
8 83 89.540230 0.049589 0.039060 0.049117 0.039059
8 84 89.655174 0.048623 0.038689 0.048874 0.038412
8 85 89.770119 0.049210 0.039131 0.050007 0.039690
8 86 89.885056 0.049972 0.039655 0.050111 0.039320
9 0 90.000000 0.049724 0.039536 0.049167 0.038772
9 1 90.114944 0.049853 0.039233 0.050495 0.039759
9 2 90.229881 0.049209 0.039058 0.048648 0.038439
9 3 90.344826 0.049270 0.038842 0.049492 0.039563
9 4 90.459770 0.049022 0.038340 0.048917 0.038638
9 5 90.574715 0.048813 0.038513 0.049127 0.038646
9 6 90.689651 0.049336 0.039084 0.050227 0.039583
9 7 90.804596 0.049163 0.038858 0.048135 0.038177
9 8 90.919540 0.049832 0.039052 0.050016 0.039167
9 9 91.034485 0.049972 0.038937 0.049628 0.039201
9 10 91.149422 0.049058 0.038752 0.050338 0.039806
9 11 91.264366 0.049733 0.038988 0.049418 0.038961
9 12 91.379311 0.049216 0.039125 0.049965 0.039268
9 13 91.494255 0.049649 0.039276 0.049747 0.039432
9 14 91.609192 0.049589 0.039457 0.049664 0.039257
9 15 91.724136 0.049231 0.038689 0.049442 0.039304
9 16 91.839081 0.049599 0.038581 0.049810 0.038987
9 17 91.954025 0.049819 0.039276 0.049515 0.039146
9 18 92.068962 0.050450 0.039804 0.050323 0.039450
9 19 92.183907 0.049964 0.039267 0.050167 0.039460
9 20 92.298851 0.048073 0.038165 0.049430 0.039462
9 21 92.413795 0.049548 0.038964 0.049183 0.039013
9 22 92.528732 0.049165 0.038744 0.049380 0.039056
9 23 92.643677 0.047939 0.037844 0.049973 0.039433
9 24 92.758621 0.049111 0.038736 0.049685 0.038780
9 25 92.873566 0.049690 0.039249 0.048442 0.038640
9 26 92.988503 0.048987 0.037895 0.049611 0.038922
9 27 93.103447 0.050548 0.038974 0.050468 0.039197
9 28 93.218391 0.049344 0.038691 0.050911 0.039647
9 29 93.333336 0.049278 0.038702 0.049644 0.039088
9 30 93.448273 0.049467 0.039109 0.049364 0.038870
9 31 93.563217 0.049205 0.038924 0.049776 0.039090
9 32 93.678162 0.049818 0.039333 0.050373 0.039953
9 33 93.793106 0.048600 0.038783 0.047944 0.038073
9 34 93.908043 0.048939 0.038618 0.048482 0.038189
9 35 94.022987 0.049629 0.039320 0.049134 0.039172
9 36 94.137932 0.049011 0.038543 0.050608 0.039362
9 37 94.252876 0.050049 0.039347 0.048290 0.038125
9 38 94.367813 0.048785 0.038681 0.050498 0.040093
9 39 94.482758 0.049510 0.039133 0.049598 0.038939
9 40 94.597702 0.048695 0.038523 0.049467 0.039006
9 41 94.712646 0.049671 0.039103 0.049594 0.039027
9 42 94.827583 0.050120 0.038954 0.049486 0.038703
9 43 94.942528 0.049774 0.039222 0.049979 0.038949
9 44 95.057472 0.048998 0.038429 0.048901 0.038535
9 45 95.172417 0.048602 0.038974 0.049794 0.039130
9 46 95.287354 0.049802 0.039300 0.048890 0.038502
9 47 95.402298 0.049194 0.038814 0.049661 0.039122
9 48 95.517242 0.048756 0.038574 0.050602 0.039280
9 49 95.632187 0.050280 0.039652 0.048128 0.038037
9 50 95.747124 0.050708 0.039607 0.049796 0.039097
9 51 95.862068 0.049436 0.038893 0.049405 0.039254
9 52 95.977013 0.048483 0.037954 0.049549 0.038710
9 53 96.091957 0.048281 0.037838 0.049469 0.039620
9 54 96.206894 0.048953 0.038533 0.050109 0.039603
9 55 96.321838 0.049049 0.038840 0.048082 0.038273
9 56 96.436783 0.048632 0.038656 0.049246 0.038773
9 57 96.551727 0.050358 0.039756 0.048400 0.038398
9 58 96.666664 0.049216 0.038670 0.048865 0.039018
9 59 96.781609 0.048908 0.039247 0.048917 0.038670
9 60 96.896553 0.049605 0.038787 0.048104 0.038232
9 61 97.011497 0.050107 0.039246 0.049106 0.038396
9 62 97.126434 0.049530 0.038922 0.048747 0.038687
9 63 97.241379 0.049360 0.039018 0.049312 0.038816
9 64 97.356323 0.050247 0.039509 0.050204 0.039521
9 65 97.471268 0.049026 0.038806 0.048127 0.038202
9 66 97.586205 0.050461 0.039787 0.048868 0.038823
9 67 97.701149 0.048674 0.038802 0.048831 0.038739
9 68 97.816093 0.050480 0.040246 0.049419 0.038841
9 69 97.931038 0.047878 0.037974 0.048475 0.038207
9 70 98.045975 0.049887 0.039069 0.048777 0.038605
9 71 98.160919 0.049149 0.038890 0.049220 0.038647
9 72 98.275864 0.048544 0.038520 0.048511 0.038458
9 73 98.390808 0.048915 0.038804 0.049007 0.038722
9 74 98.505745 0.050351 0.039664 0.049263 0.038935
9 75 98.620689 0.050330 0.039759 0.050691 0.039914
9 76 98.735634 0.049556 0.039384 0.049751 0.039283
9 77 98.850578 0.049404 0.038890 0.050137 0.039348
9 78 98.965515 0.049989 0.039251 0.049175 0.038999
9 79 99.080460 0.049281 0.038789 0.048850 0.038478
9 80 99.195404 0.050353 0.039190 0.048656 0.038271
9 81 99.310349 0.049303 0.038277 0.050114 0.039441
9 82 99.425285 0.049625 0.039462 0.049807 0.039098
9 83 99.540230 0.050845 0.039475 0.050278 0.039099
9 84 99.655174 0.050237 0.039625 0.049233 0.038695
9 85 99.770119 0.049793 0.038642 0.049610 0.039088
9 86 99.885056 0.050450 0.039583 0.050677 0.039754
