initializing
training size    : 359556
testing size     : 20000
epoch count      : 10
sub epoch size   : 5

epoch_learning_rate_decay   : 8
learning_rate_decay         : 0.250000

training



epoch [0 0] from [10 5]
training time per iterations 1.405376[ms]
testing on 20000 items
testing done
average error 0.002167
min error     0.000000
max error     0.159474
saving best net
best net saved to networks/disc40x20x3_window_size_4/net_4_depth/trained/, with error 0.002167



epoch [0 1] from [10 5]
training time per iterations 1.402303[ms]
testing on 20000 items
testing done
average error 0.001961
min error     0.000000
max error     0.188278
saving best net
best net saved to networks/disc40x20x3_window_size_4/net_4_depth/trained/, with error 0.001961



epoch [0 2] from [10 5]
training time per iterations 1.399383[ms]
testing on 20000 items
testing done
average error 0.002129
min error     0.000000
max error     0.205295



epoch [0 3] from [10 5]
training time per iterations 1.407907[ms]
testing on 20000 items
testing done
average error 0.002221
min error     0.000000
max error     0.196670



epoch [0 4] from [10 5]
training time per iterations 1.405960[ms]
testing on 20000 items
testing done
average error 0.001826
min error     0.000000
max error     0.163908
saving best net
best net saved to networks/disc40x20x3_window_size_4/net_4_depth/trained/, with error 0.001826



epoch [1 0] from [10 5]
training time per iterations 1.407379[ms]
testing on 20000 items
testing done
average error 0.001869
min error     0.000000
max error     0.187043



epoch [1 1] from [10 5]
training time per iterations 1.406391[ms]
testing on 20000 items
testing done
average error 0.001794
min error     0.000000
max error     0.181270
saving best net
best net saved to networks/disc40x20x3_window_size_4/net_4_depth/trained/, with error 0.001794



epoch [1 2] from [10 5]
training time per iterations 1.405126[ms]
testing on 20000 items
testing done
average error 0.001799
min error     0.000000
max error     0.205400



epoch [1 3] from [10 5]
training time per iterations 1.407740[ms]
testing on 20000 items
testing done
average error 0.001811
min error     0.000000
max error     0.194718



epoch [1 4] from [10 5]
training time per iterations 1.406266[ms]
testing on 20000 items
testing done
average error 0.001783
min error     0.000000
max error     0.182571
saving best net
best net saved to networks/disc40x20x3_window_size_4/net_4_depth/trained/, with error 0.001783



epoch [2 0] from [10 5]
training time per iterations 1.408088[ms]
testing on 20000 items
testing done
average error 0.001745
min error     0.000000
max error     0.181405
saving best net
best net saved to networks/disc40x20x3_window_size_4/net_4_depth/trained/, with error 0.001745



epoch [2 1] from [10 5]
training time per iterations 1.404945[ms]
testing on 20000 items
testing done
average error 0.001785
min error     0.000000
max error     0.203658



epoch [2 2] from [10 5]
training time per iterations 1.405765[ms]
testing on 20000 items
testing done
average error 0.001864
min error     0.000000
max error     0.200699



epoch [2 3] from [10 5]
training time per iterations 1.406447[ms]
testing on 20000 items
testing done
average error 0.001727
min error     0.000000
max error     0.210809
saving best net
best net saved to networks/disc40x20x3_window_size_4/net_4_depth/trained/, with error 0.001727



epoch [2 4] from [10 5]
training time per iterations 1.407754[ms]
testing on 20000 items
testing done
average error 0.001670
min error     0.000000
max error     0.191439
saving best net
best net saved to networks/disc40x20x3_window_size_4/net_4_depth/trained/, with error 0.001670



epoch [3 0] from [10 5]
training time per iterations 1.405960[ms]
testing on 20000 items
testing done
average error 0.001888
min error     0.000000
max error     0.221054



epoch [3 1] from [10 5]
training time per iterations 1.405460[ms]
testing on 20000 items
testing done
average error 0.001669
min error     0.000000
max error     0.198407
saving best net
best net saved to networks/disc40x20x3_window_size_4/net_4_depth/trained/, with error 0.001669



epoch [3 2] from [10 5]
training time per iterations 1.405807[ms]
testing on 20000 items
testing done
average error 0.001731
min error     0.000000
max error     0.193370



epoch [3 3] from [10 5]
training time per iterations 1.409909[ms]
testing on 20000 items
testing done
average error 0.001755
min error     0.000000
max error     0.189384



epoch [3 4] from [10 5]
training time per iterations 1.407128[ms]
testing on 20000 items
testing done
average error 0.001767
min error     0.000000
max error     0.197794



epoch [4 0] from [10 5]
training time per iterations 1.404570[ms]
testing on 20000 items
testing done
average error 0.001726
min error     0.000000
max error     0.205064



epoch [4 1] from [10 5]
training time per iterations 1.405696[ms]
testing on 20000 items
testing done
average error 0.001622
min error     0.000000
max error     0.185994
saving best net
best net saved to networks/disc40x20x3_window_size_4/net_4_depth/trained/, with error 0.001622



epoch [4 2] from [10 5]
training time per iterations 1.403568[ms]
testing on 20000 items
testing done
average error 0.001784
min error     0.000000
max error     0.217749



epoch [4 3] from [10 5]
training time per iterations 1.405710[ms]
testing on 20000 items
testing done
average error 0.001665
min error     0.000000
max error     0.192986



epoch [4 4] from [10 5]
training time per iterations 1.406099[ms]
testing on 20000 items
testing done
average error 0.001742
min error     0.000000
max error     0.198655



epoch [5 0] from [10 5]
training time per iterations 1.406238[ms]
testing on 20000 items
testing done
average error 0.001672
min error     0.000000
max error     0.206530



epoch [5 1] from [10 5]
training time per iterations 1.406489[ms]
testing on 20000 items
testing done
average error 0.001664
min error     0.000000
max error     0.181956



epoch [5 2] from [10 5]
training time per iterations 1.405557[ms]
testing on 20000 items
testing done
average error 0.001681
min error     0.000000
max error     0.227921



epoch [5 3] from [10 5]
training time per iterations 1.404695[ms]
testing on 20000 items
testing done
average error 0.001767
min error     0.000000
max error     0.206274



epoch [5 4] from [10 5]
training time per iterations 1.407949[ms]
testing on 20000 items
testing done
average error 0.001806
min error     0.000000
max error     0.194769



epoch [6 0] from [10 5]
training time per iterations 1.407935[ms]
testing on 20000 items
testing done
average error 0.001729
min error     0.000000
max error     0.195975



epoch [6 1] from [10 5]
training time per iterations 1.406683[ms]
testing on 20000 items
testing done
average error 0.001611
min error     0.000000
max error     0.194123
saving best net
best net saved to networks/disc40x20x3_window_size_4/net_4_depth/trained/, with error 0.001611



epoch [6 2] from [10 5]
training time per iterations 1.405765[ms]
testing on 20000 items
testing done
average error 0.001617
min error     0.000000
max error     0.187499



epoch [6 3] from [10 5]
training time per iterations 1.405585[ms]
testing on 20000 items
testing done
average error 0.001663
min error     0.000000
max error     0.198109



epoch [6 4] from [10 5]
training time per iterations 1.406544[ms]
testing on 20000 items
testing done
average error 0.001650
min error     0.000000
max error     0.183630



epoch [7 0] from [10 5]
training time per iterations 1.405724[ms]
testing on 20000 items
testing done
average error 0.001837
min error     0.000000
max error     0.198385



epoch [7 1] from [10 5]
training time per iterations 1.407351[ms]
testing on 20000 items
testing done
average error 0.001675
min error     0.000000
max error     0.197490



epoch [7 2] from [10 5]
training time per iterations 1.402803[ms]
testing on 20000 items
testing done
average error 0.001691
min error     0.000000
max error     0.208675



epoch [7 3] from [10 5]
training time per iterations 1.409882[ms]
testing on 20000 items
testing done
average error 0.001610
min error     0.000000
max error     0.196150
saving best net
best net saved to networks/disc40x20x3_window_size_4/net_4_depth/trained/, with error 0.001610



epoch [7 4] from [10 5]
training time per iterations 1.405640[ms]
testing on 20000 items
testing done
average error 0.001658
min error     0.000000
max error     0.210902
setting learning rate to 0.000050



epoch [8 0] from [10 5]
training time per iterations 1.407100[ms]
testing on 20000 items
testing done
average error 0.001702
min error     0.000000
max error     0.201294



epoch [8 1] from [10 5]
training time per iterations 1.405543[ms]
testing on 20000 items
testing done
average error 0.001630
min error     0.000000
max error     0.193431



epoch [8 2] from [10 5]
training time per iterations 1.404959[ms]
testing on 20000 items
testing done
average error 0.001669
min error     0.000000
max error     0.187019



epoch [8 3] from [10 5]
training time per iterations 1.403985[ms]
testing on 20000 items
testing done
average error 0.001618
min error     0.000000
max error     0.186029



epoch [8 4] from [10 5]
training time per iterations 1.407337[ms]
testing on 20000 items
testing done
average error 0.001693
min error     0.000000
max error     0.193191



epoch [9 0] from [10 5]
training time per iterations 1.405849[ms]
testing on 20000 items
testing done
average error 0.001615
min error     0.000000
max error     0.203090



epoch [9 1] from [10 5]
training time per iterations 1.407212[ms]
testing on 20000 items
testing done
average error 0.001714
min error     0.000000
max error     0.187939



epoch [9 2] from [10 5]
training time per iterations 1.404291[ms]
testing on 20000 items
testing done
average error 0.001681
min error     0.000000
max error     0.193277



epoch [9 3] from [10 5]
training time per iterations 1.404764[ms]
testing on 20000 items
testing done
average error 0.001623
min error     0.000000
max error     0.200701



epoch [9 4] from [10 5]
training time per iterations 1.407726[ms]
testing on 20000 items
testing done
average error 0.001703
min error     0.000000
max error     0.205996
training done
