0.000000 0 0 0.002167 0.000000 0.159474 0.002134 0.000000 0.227653
0.200000 0 1 0.001961 0.000000 0.188278 0.001933 0.000000 0.209296
0.400000 0 2 0.002129 0.000000 0.205295 0.002108 0.000000 0.274650
0.600000 0 3 0.002221 0.000000 0.196670 0.002185 0.000000 0.168591
0.800000 0 4 0.001826 0.000000 0.163908 0.001754 0.000000 0.245892
1.000000 1 0 0.001869 0.000000 0.187043 0.001829 0.000000 0.224675
1.200000 1 1 0.001794 0.000000 0.181270 0.001733 0.000000 0.153142
1.400000 1 2 0.001799 0.000000 0.205400 0.001769 0.000000 0.220712
1.600000 1 3 0.001811 0.000000 0.194718 0.001761 0.000000 0.242807
1.800000 1 4 0.001783 0.000000 0.182571 0.001713 0.000000 0.158208
2.000000 2 0 0.001745 0.000000 0.181405 0.001723 0.000000 0.157460
2.200000 2 1 0.001785 0.000000 0.203658 0.001750 0.000000 0.148425
2.400000 2 2 0.001864 0.000000 0.200699 0.001831 0.000000 0.239126
2.600000 2 3 0.001727 0.000000 0.210809 0.001701 0.000000 0.245824
2.800000 2 4 0.001670 0.000000 0.191439 0.001647 0.000000 0.249543
3.000000 3 0 0.001888 0.000000 0.221054 0.001846 0.000000 0.258263
3.200000 3 1 0.001669 0.000000 0.198407 0.001615 0.000000 0.200550
3.400000 3 2 0.001731 0.000000 0.193370 0.001678 0.000000 0.255532
3.600000 3 3 0.001755 0.000000 0.189384 0.001688 0.000000 0.219408
3.800000 3 4 0.001767 0.000000 0.197794 0.001689 0.000000 0.227442
4.000000 4 0 0.001726 0.000000 0.205064 0.001726 0.000000 0.226656
4.200000 4 1 0.001622 0.000000 0.185994 0.001615 0.000000 0.217499
4.400000 4 2 0.001784 0.000000 0.217749 0.001745 0.000000 0.241285
4.600000 4 3 0.001665 0.000000 0.192986 0.001631 0.000000 0.233711
4.800000 4 4 0.001742 0.000000 0.198655 0.001684 0.000000 0.198655
5.000000 5 0 0.001672 0.000000 0.206530 0.001664 0.000000 0.255696
5.200000 5 1 0.001664 0.000000 0.181956 0.001604 0.000000 0.253484
5.400000 5 2 0.001681 0.000000 0.227921 0.001627 0.000000 0.224608
5.600000 5 3 0.001767 0.000000 0.206274 0.001715 0.000000 0.236796
5.800000 5 4 0.001806 0.000000 0.194769 0.001761 0.000000 0.169069
6.000000 6 0 0.001729 0.000000 0.195975 0.001708 0.000000 0.230348
6.200000 6 1 0.001611 0.000000 0.194123 0.001588 0.000000 0.169324
6.400000 6 2 0.001617 0.000000 0.187499 0.001525 0.000000 0.145319
6.600000 6 3 0.001663 0.000000 0.198109 0.001640 0.000000 0.201841
6.800000 6 4 0.001650 0.000000 0.183630 0.001608 0.000000 0.192356
7.000000 7 0 0.001837 0.000000 0.198385 0.001845 0.000000 0.200853
7.200000 7 1 0.001675 0.000000 0.197490 0.001648 0.000000 0.235927
7.400000 7 2 0.001691 0.000000 0.208675 0.001677 0.000000 0.242139
7.600000 7 3 0.001610 0.000000 0.196150 0.001577 0.000000 0.179858
7.800000 7 4 0.001658 0.000000 0.210902 0.001627 0.000000 0.160808
8.000000 8 0 0.001702 0.000000 0.201294 0.001671 0.000000 0.166659
8.200000 8 1 0.001630 0.000000 0.193431 0.001603 0.000000 0.147457
8.400000 8 2 0.001669 0.000000 0.187019 0.001620 0.000000 0.163240
8.600000 8 3 0.001618 0.000000 0.186029 0.001593 0.000000 0.211486
8.800000 8 4 0.001693 0.000000 0.193191 0.001699 0.000000 0.233591
9.000000 9 0 0.001615 0.000000 0.203090 0.001570 0.000000 0.164745
9.200000 9 1 0.001714 0.000000 0.187939 0.001646 0.000000 0.231924
9.400000 9 2 0.001681 0.000000 0.193277 0.001667 0.000000 0.244223
9.600000 9 3 0.001623 0.000000 0.200701 0.001592 0.000000 0.247708
9.800000 9 4 0.001703 0.000000 0.205996 0.001655 0.000000 0.147949
