initializing
training size    : 359556
testing size     : 20000
epoch count      : 10
sub epoch size   : 5

epoch_learning_rate_decay   : 8
learning_rate_decay         : 0.250000

training



epoch [0 0] from [10 5]
training time per iterations 1.404458[ms]
testing on 20000 items
testing done
average error 0.002008
min error     0.000000
max error     0.177090
saving best net
best net saved to networks/disc40x20x3_no_gaussian_window_size_4/net_4_depth/trained/, with error 0.002008



epoch [0 1] from [10 5]
training time per iterations 1.400426[ms]
testing on 20000 items
testing done
average error 0.001945
min error     0.000000
max error     0.182612
saving best net
best net saved to networks/disc40x20x3_no_gaussian_window_size_4/net_4_depth/trained/, with error 0.001945



epoch [0 2] from [10 5]
training time per iterations 1.404208[ms]
testing on 20000 items
testing done
average error 0.001988
min error     0.000000
max error     0.177531



epoch [0 3] from [10 5]
training time per iterations 1.402206[ms]
testing on 20000 items
testing done
average error 0.002179
min error     0.000000
max error     0.178667



epoch [0 4] from [10 5]
training time per iterations 1.395294[ms]
testing on 20000 items
testing done
average error 0.001891
min error     0.000000
max error     0.169282
saving best net
best net saved to networks/disc40x20x3_no_gaussian_window_size_4/net_4_depth/trained/, with error 0.001891



epoch [1 0] from [10 5]
training time per iterations 1.400259[ms]
testing on 20000 items
testing done
average error 0.001805
min error     0.000000
max error     0.175186
saving best net
best net saved to networks/disc40x20x3_no_gaussian_window_size_4/net_4_depth/trained/, with error 0.001805



epoch [1 1] from [10 5]
training time per iterations 1.401135[ms]
testing on 20000 items
testing done
average error 0.001753
min error     0.000000
max error     0.167722
saving best net
best net saved to networks/disc40x20x3_no_gaussian_window_size_4/net_4_depth/trained/, with error 0.001753



epoch [1 2] from [10 5]
training time per iterations 1.401705[ms]
testing on 20000 items
testing done
average error 0.001780
min error     0.000000
max error     0.175816



epoch [1 3] from [10 5]
training time per iterations 1.398340[ms]
testing on 20000 items
testing done
average error 0.001913
min error     0.000000
max error     0.165182



epoch [1 4] from [10 5]
training time per iterations 1.403791[ms]
testing on 20000 items
testing done
average error 0.002002
min error     0.000000
max error     0.188064



epoch [2 0] from [10 5]
training time per iterations 1.403624[ms]
testing on 20000 items
testing done
average error 0.001736
min error     0.000000
max error     0.172730
saving best net
best net saved to networks/disc40x20x3_no_gaussian_window_size_4/net_4_depth/trained/, with error 0.001736



epoch [2 1] from [10 5]
training time per iterations 1.403777[ms]
testing on 20000 items
testing done
average error 0.001770
min error     0.000000
max error     0.183292



epoch [2 2] from [10 5]
training time per iterations 1.402664[ms]
testing on 20000 items
testing done
average error 0.001999
min error     0.000000
max error     0.198688



epoch [2 3] from [10 5]
training time per iterations 1.401371[ms]
testing on 20000 items
testing done
average error 0.001727
min error     0.000000
max error     0.176234
saving best net
best net saved to networks/disc40x20x3_no_gaussian_window_size_4/net_4_depth/trained/, with error 0.001727



epoch [2 4] from [10 5]
training time per iterations 1.405612[ms]
testing on 20000 items
testing done
average error 0.001789
min error     0.000000
max error     0.170666



epoch [3 0] from [10 5]
training time per iterations 1.402609[ms]
testing on 20000 items
testing done
average error 0.001777
min error     0.000000
max error     0.182640



epoch [3 1] from [10 5]
training time per iterations 1.404138[ms]
testing on 20000 items
testing done
average error 0.001849
min error     0.000000
max error     0.199022



epoch [3 2] from [10 5]
training time per iterations 1.404736[ms]
testing on 20000 items
testing done
average error 0.001845
min error     0.000000
max error     0.187720



epoch [3 3] from [10 5]
training time per iterations 1.404152[ms]
testing on 20000 items
testing done
average error 0.001819
min error     0.000000
max error     0.191681



epoch [3 4] from [10 5]
training time per iterations 1.405446[ms]
testing on 20000 items
testing done
average error 0.001760
min error     0.000000
max error     0.196836



epoch [4 0] from [10 5]
training time per iterations 1.404041[ms]
testing on 20000 items
testing done
average error 0.001857
min error     0.000000
max error     0.187659



epoch [4 1] from [10 5]
training time per iterations 1.404695[ms]
testing on 20000 items
testing done
average error 0.001636
min error     0.000000
max error     0.173497
saving best net
best net saved to networks/disc40x20x3_no_gaussian_window_size_4/net_4_depth/trained/, with error 0.001636



epoch [4 2] from [10 5]
training time per iterations 1.403554[ms]
testing on 20000 items
testing done
average error 0.001753
min error     0.000000
max error     0.183398



epoch [4 3] from [10 5]
training time per iterations 1.404792[ms]
testing on 20000 items
testing done
average error 0.001917
min error     0.000000
max error     0.206954



epoch [4 4] from [10 5]
training time per iterations 1.405042[ms]
testing on 20000 items
testing done
average error 0.001653
min error     0.000000
max error     0.185163



epoch [5 0] from [10 5]
training time per iterations 1.400912[ms]
testing on 20000 items
testing done
average error 0.001638
min error     0.000000
max error     0.162286



epoch [5 1] from [10 5]
training time per iterations 1.404069[ms]
testing on 20000 items
testing done
average error 0.001724
min error     0.000000
max error     0.176772



epoch [5 2] from [10 5]
training time per iterations 1.405460[ms]
testing on 20000 items
testing done
average error 0.001686
min error     0.000000
max error     0.169821



epoch [5 3] from [10 5]
training time per iterations 1.404347[ms]
testing on 20000 items
testing done
average error 0.002031
min error     0.000000
max error     0.175387



epoch [5 4] from [10 5]
training time per iterations 1.403777[ms]
testing on 20000 items
testing done
average error 0.001734
min error     0.000000
max error     0.167620



epoch [6 0] from [10 5]
training time per iterations 1.401260[ms]
testing on 20000 items
testing done
average error 0.001727
min error     0.000000
max error     0.173843



epoch [6 1] from [10 5]
training time per iterations 1.396407[ms]
testing on 20000 items
testing done
average error 0.001634
min error     0.000000
max error     0.174289
saving best net
best net saved to networks/disc40x20x3_no_gaussian_window_size_4/net_4_depth/trained/, with error 0.001634



epoch [6 2] from [10 5]
training time per iterations 1.403554[ms]
testing on 20000 items
testing done
average error 0.001773
min error     0.000000
max error     0.174090



epoch [6 3] from [10 5]
training time per iterations 1.402790[ms]
testing on 20000 items
testing done
average error 0.001728
min error     0.000000
max error     0.169815



epoch [6 4] from [10 5]
training time per iterations 1.403165[ms]
testing on 20000 items
testing done
average error 0.001798
min error     0.000000
max error     0.167897



epoch [7 0] from [10 5]
training time per iterations 1.405362[ms]
testing on 20000 items
testing done
average error 0.001782
min error     0.000000
max error     0.174963



epoch [7 1] from [10 5]
training time per iterations 1.402609[ms]
testing on 20000 items
testing done
average error 0.001876
min error     0.000000
max error     0.180830



epoch [7 2] from [10 5]
training time per iterations 1.400731[ms]
testing on 20000 items
testing done
average error 0.001692
min error     0.000000
max error     0.173629



epoch [7 3] from [10 5]
training time per iterations 1.403791[ms]
testing on 20000 items
testing done
average error 0.001705
min error     0.000000
max error     0.170043



epoch [7 4] from [10 5]
training time per iterations 1.403054[ms]
testing on 20000 items
testing done
average error 0.001746
min error     0.000000
max error     0.187413
setting learning rate to 0.000050



epoch [8 0] from [10 5]
training time per iterations 1.402414[ms]
testing on 20000 items
testing done
average error 0.001725
min error     0.000000
max error     0.175936



epoch [8 1] from [10 5]
training time per iterations 1.404931[ms]
testing on 20000 items
testing done
average error 0.001761
min error     0.000000
max error     0.177483



epoch [8 2] from [10 5]
training time per iterations 1.403944[ms]
testing on 20000 items
testing done
average error 0.001677
min error     0.000000
max error     0.165201



epoch [8 3] from [10 5]
training time per iterations 1.401844[ms]
testing on 20000 items
testing done
average error 0.001789
min error     0.000000
max error     0.182656



epoch [8 4] from [10 5]
training time per iterations 1.402776[ms]
testing on 20000 items
testing done
average error 0.001678
min error     0.000000
max error     0.177836



epoch [9 0] from [10 5]
training time per iterations 1.402873[ms]
testing on 20000 items
testing done
average error 0.001725
min error     0.000000
max error     0.175261



epoch [9 1] from [10 5]
training time per iterations 1.403429[ms]
testing on 20000 items
testing done
average error 0.001785
min error     0.000000
max error     0.174610



epoch [9 2] from [10 5]
training time per iterations 1.397756[ms]
testing on 20000 items
testing done
average error 0.001680
min error     0.000000
max error     0.171730



epoch [9 3] from [10 5]
training time per iterations 1.407184[ms]
testing on 20000 items
testing done
average error 0.001809
min error     0.000000
max error     0.184274



epoch [9 4] from [10 5]
training time per iterations 1.403582[ms]
testing on 20000 items
testing done
average error 0.001628
min error     0.000000
max error     0.170196
saving best net
best net saved to networks/disc40x20x3_no_gaussian_window_size_4/net_4_depth/trained/, with error 0.001628
training done
