0.000000 0 0 0.002008 0.000000 0.177090 0.002072 0.000000 0.226422
0.200000 0 1 0.001945 0.000000 0.182612 0.001945 0.000000 0.259552
0.400000 0 2 0.001988 0.000000 0.177531 0.002046 0.000000 0.232030
0.600000 0 3 0.002179 0.000000 0.178667 0.002224 0.000000 0.232473
0.800000 0 4 0.001891 0.000000 0.169282 0.001918 0.000000 0.221587
1.000000 1 0 0.001805 0.000000 0.175186 0.001886 0.000000 0.233519
1.200000 1 1 0.001753 0.000000 0.167722 0.001820 0.000000 0.222069
1.400000 1 2 0.001780 0.000000 0.175816 0.001815 0.000000 0.175816
1.600000 1 3 0.001913 0.000000 0.165182 0.001954 0.000000 0.157577
1.800000 1 4 0.002002 0.000000 0.188064 0.002019 0.000000 0.156525
2.000000 2 0 0.001736 0.000000 0.172730 0.001795 0.000000 0.178983
2.200000 2 1 0.001770 0.000000 0.183292 0.001822 0.000000 0.224617
2.400000 2 2 0.001999 0.000000 0.198688 0.002015 0.000000 0.234140
2.600000 2 3 0.001727 0.000000 0.176234 0.001773 0.000000 0.230615
2.800000 2 4 0.001789 0.000000 0.170666 0.001808 0.000000 0.161651
3.000000 3 0 0.001777 0.000000 0.182640 0.001832 0.000000 0.225816
3.200000 3 1 0.001849 0.000000 0.199022 0.001932 0.000000 0.163955
3.400000 3 2 0.001845 0.000000 0.187720 0.001898 0.000000 0.161611
3.600000 3 3 0.001819 0.000000 0.191681 0.001857 0.000000 0.170299
3.800000 3 4 0.001760 0.000000 0.196836 0.001798 0.000000 0.239255
4.000000 4 0 0.001857 0.000000 0.187659 0.001890 0.000000 0.167065
4.200000 4 1 0.001636 0.000000 0.173497 0.001675 0.000000 0.181357
4.400000 4 2 0.001753 0.000000 0.183398 0.001797 0.000000 0.234673
4.600000 4 3 0.001917 0.000000 0.206954 0.001988 0.000000 0.210802
4.800000 4 4 0.001653 0.000000 0.185163 0.001719 0.000000 0.156701
5.000000 5 0 0.001638 0.000000 0.162286 0.001693 0.000000 0.248286
5.200000 5 1 0.001724 0.000000 0.176772 0.001755 0.000000 0.182363
5.400000 5 2 0.001686 0.000000 0.169821 0.001701 0.000000 0.165355
5.600000 5 3 0.002031 0.000000 0.175387 0.002073 0.000000 0.229083
5.800000 5 4 0.001734 0.000000 0.167620 0.001782 0.000000 0.139066
6.000000 6 0 0.001727 0.000000 0.173843 0.001779 0.000000 0.155155
6.200000 6 1 0.001634 0.000000 0.174289 0.001673 0.000000 0.166846
6.400000 6 2 0.001773 0.000000 0.174090 0.001827 0.000000 0.174332
6.600000 6 3 0.001728 0.000000 0.169815 0.001808 0.000000 0.162251
6.800000 6 4 0.001798 0.000000 0.167897 0.001863 0.000000 0.193475
7.000000 7 0 0.001782 0.000000 0.174963 0.001822 0.000000 0.173284
7.200000 7 1 0.001876 0.000000 0.180830 0.001935 0.000000 0.229125
7.400000 7 2 0.001692 0.000000 0.173629 0.001749 0.000000 0.234580
7.600000 7 3 0.001705 0.000000 0.170043 0.001765 0.000000 0.175528
7.800000 7 4 0.001746 0.000000 0.187413 0.001827 0.000000 0.173804
8.000000 8 0 0.001725 0.000000 0.175936 0.001777 0.000000 0.145945
8.200000 8 1 0.001761 0.000000 0.177483 0.001850 0.000000 0.213308
8.400000 8 2 0.001677 0.000000 0.165201 0.001714 0.000000 0.164717
8.600000 8 3 0.001789 0.000000 0.182656 0.001840 0.000000 0.210311
8.800000 8 4 0.001678 0.000000 0.177836 0.001720 0.000000 0.191123
9.000000 9 0 0.001725 0.000000 0.175261 0.001799 0.000000 0.158546
9.200000 9 1 0.001785 0.000000 0.174610 0.001842 0.000000 0.232209
9.400000 9 2 0.001680 0.000000 0.171730 0.001727 0.000000 0.193185
9.600000 9 3 0.001809 0.000000 0.184274 0.001884 0.000000 0.197069
9.800000 9 4 0.001628 0.000000 0.170196 0.001688 0.000000 0.192411
