0 0 0.000000 0.134989 0.090956 0.134515 0.090679
0 1 0.114943 0.092837 0.062947 0.093585 0.063402
0 2 0.229885 0.087899 0.058062 0.088192 0.058473
0 3 0.344828 0.087197 0.053587 0.088525 0.054803
0 4 0.459770 0.076427 0.052376 0.076350 0.052233
0 5 0.574713 0.074193 0.050863 0.073664 0.050878
0 6 0.689655 0.072330 0.049472 0.073381 0.050470
0 7 0.804598 0.075707 0.050362 0.074656 0.048717
0 8 0.919540 0.070969 0.048447 0.070542 0.048330
0 9 1.034483 0.069241 0.048419 0.068613 0.047905
0 10 1.149425 0.069098 0.047958 0.068254 0.047128
0 11 1.264368 0.064976 0.045351 0.065506 0.046079
0 12 1.379310 0.068253 0.046928 0.068329 0.046924
0 13 1.494253 0.066464 0.046441 0.066315 0.046333
0 14 1.609195 0.068441 0.045924 0.068780 0.046221
0 15 1.724138 0.067256 0.045847 0.067593 0.046124
0 16 1.839080 0.063704 0.044833 0.063405 0.044712
0 17 1.954023 0.064052 0.045069 0.064032 0.045239
0 18 2.068965 0.063917 0.044742 0.064735 0.045695
0 19 2.183908 0.066200 0.045280 0.067227 0.045796
0 20 2.298851 0.065233 0.043841 0.066002 0.044087
0 21 2.413793 0.060480 0.042949 0.062335 0.044071
0 22 2.528736 0.063086 0.044232 0.063695 0.045019
0 23 2.643678 0.064638 0.044754 0.062964 0.043943
0 24 2.758621 0.061554 0.043550 0.061044 0.043056
0 25 2.873563 0.061708 0.043875 0.062696 0.044529
0 26 2.988506 0.063511 0.044500 0.062532 0.043872
0 27 3.103448 0.061848 0.043637 0.061120 0.043365
0 28 3.218391 0.060806 0.043364 0.061292 0.043473
0 29 3.333333 0.060840 0.042705 0.062753 0.044254
0 30 3.448276 0.061825 0.043856 0.060479 0.043088
0 31 3.563218 0.060400 0.043417 0.059859 0.042806
0 32 3.678161 0.061416 0.043851 0.059178 0.042353
0 33 3.793103 0.066210 0.044040 0.065296 0.043404
0 34 3.908046 0.059427 0.042444 0.061340 0.043645
0 35 4.022988 0.059107 0.043110 0.058409 0.042119
0 36 4.137931 0.060008 0.042757 0.059607 0.042342
0 37 4.252873 0.059938 0.043136 0.059875 0.043016
0 38 4.367816 0.058758 0.042351 0.060302 0.043060
0 39 4.482759 0.058269 0.042414 0.059566 0.042598
0 40 4.597701 0.059191 0.042950 0.058422 0.041914
0 41 4.712644 0.061396 0.043499 0.062278 0.044183
0 42 4.827586 0.059600 0.042821 0.058104 0.041802
0 43 4.942529 0.061898 0.043836 0.060998 0.043047
0 44 5.057471 0.058664 0.042365 0.058890 0.042419
0 45 5.172414 0.059962 0.041827 0.061379 0.042795
0 46 5.287356 0.059538 0.042444 0.060139 0.042804
0 47 5.402299 0.060170 0.042510 0.061309 0.043287
0 48 5.517241 0.058707 0.041478 0.058963 0.041600
0 49 5.632184 0.058869 0.042376 0.059244 0.042273
0 50 5.747127 0.059664 0.042443 0.061327 0.043634
0 51 5.862069 0.058803 0.042594 0.058551 0.042201
0 52 5.977012 0.061105 0.042755 0.060218 0.042517
0 53 6.091954 0.058206 0.042043 0.058380 0.042219
0 54 6.206897 0.058272 0.042063 0.057898 0.041976
0 55 6.321839 0.059056 0.042736 0.058412 0.042533
0 56 6.436781 0.058299 0.041753 0.058725 0.042122
0 57 6.551724 0.059178 0.042396 0.058994 0.042101
0 58 6.666667 0.056399 0.040981 0.057584 0.041771
0 59 6.781609 0.059786 0.041723 0.060487 0.042187
0 60 6.896552 0.058053 0.041883 0.057154 0.041005
0 61 7.011494 0.060152 0.042637 0.060509 0.042337
0 62 7.126437 0.057224 0.041747 0.056442 0.041123
0 63 7.241379 0.057193 0.041502 0.057769 0.042032
0 64 7.356322 0.058724 0.042327 0.060132 0.043176
0 65 7.471264 0.057690 0.042095 0.056849 0.041344
0 66 7.586207 0.057608 0.041785 0.057122 0.041728
0 67 7.701149 0.058574 0.042621 0.058717 0.042525
0 68 7.816092 0.055868 0.041151 0.056749 0.041989
0 69 7.931035 0.058671 0.042034 0.058290 0.041734
0 70 8.045977 0.056922 0.041376 0.058579 0.042441
0 71 8.160919 0.062009 0.042198 0.062517 0.042905
0 72 8.275862 0.056922 0.040844 0.057974 0.041820
0 73 8.390804 0.057282 0.041176 0.057808 0.041460
0 74 8.505747 0.058321 0.042403 0.057838 0.042119
0 75 8.620689 0.058699 0.042400 0.058262 0.041852
0 76 8.735632 0.058409 0.042391 0.058631 0.042282
0 77 8.850574 0.057602 0.041433 0.058515 0.042436
0 78 8.965517 0.057977 0.041855 0.058392 0.042052
0 79 9.080460 0.057466 0.041887 0.057732 0.042334
0 80 9.195402 0.057104 0.042196 0.056683 0.041675
0 81 9.310345 0.058166 0.041850 0.056699 0.041131
0 82 9.425287 0.059782 0.043064 0.057908 0.041801
0 83 9.540230 0.056911 0.041399 0.057004 0.041826
0 84 9.655172 0.056250 0.041464 0.055715 0.040807
0 85 9.770115 0.055015 0.040608 0.056670 0.041624
0 86 9.885057 0.057143 0.041702 0.056601 0.041226
1 0 10.000000 0.057552 0.041489 0.057156 0.041336
1 1 10.114943 0.057381 0.041531 0.056757 0.041229
1 2 10.229885 0.056000 0.040506 0.057785 0.041871
1 3 10.344828 0.058522 0.041658 0.059082 0.041790
1 4 10.459770 0.056306 0.041310 0.056572 0.041370
1 5 10.574713 0.055196 0.040932 0.055733 0.041433
1 6 10.689655 0.057693 0.041872 0.057233 0.041501
1 7 10.804598 0.055436 0.040954 0.055596 0.040810
1 8 10.919540 0.058169 0.041491 0.057265 0.040970
1 9 11.034483 0.056898 0.041210 0.058210 0.042434
1 10 11.149426 0.056669 0.040776 0.056514 0.040735
1 11 11.264368 0.057059 0.041665 0.056990 0.041251
1 12 11.379311 0.058392 0.041844 0.059125 0.042126
1 13 11.494253 0.057308 0.041288 0.057398 0.041185
1 14 11.609196 0.057794 0.041819 0.056574 0.040946
1 15 11.724138 0.057289 0.041292 0.057035 0.041350
1 16 11.839081 0.056672 0.041744 0.054938 0.040484
1 17 11.954023 0.055212 0.040861 0.055267 0.040707
1 18 12.068966 0.057097 0.041946 0.056951 0.041301
1 19 12.183908 0.057760 0.041534 0.058809 0.042360
1 20 12.298851 0.058132 0.041837 0.057011 0.040997
1 21 12.413794 0.055857 0.040723 0.055699 0.040552
1 22 12.528735 0.055193 0.041010 0.056144 0.041121
1 23 12.643678 0.056934 0.041233 0.057061 0.041517
1 24 12.758620 0.055441 0.041011 0.055405 0.040743
1 25 12.873563 0.055130 0.040250 0.056939 0.041638
1 26 12.988505 0.055410 0.040245 0.056588 0.041416
1 27 13.103448 0.056009 0.040548 0.057147 0.040816
1 28 13.218390 0.058999 0.040292 0.060018 0.041613
1 29 13.333333 0.058347 0.041124 0.057114 0.040193
1 30 13.448276 0.055759 0.041063 0.055499 0.040468
1 31 13.563218 0.053717 0.039855 0.055529 0.041466
1 32 13.678161 0.056466 0.041460 0.054742 0.040311
1 33 13.793103 0.054228 0.040178 0.055483 0.040940
1 34 13.908046 0.055283 0.040807 0.055072 0.041048
1 35 14.022988 0.059001 0.042206 0.058120 0.042340
1 36 14.137931 0.056069 0.041008 0.056670 0.041458
1 37 14.252873 0.055229 0.041389 0.054811 0.041217
1 38 14.367816 0.055273 0.040492 0.055963 0.040609
1 39 14.482759 0.055769 0.040621 0.055716 0.040921
1 40 14.597701 0.055210 0.041208 0.053976 0.040388
1 41 14.712644 0.054908 0.040688 0.054108 0.040246
1 42 14.827586 0.056184 0.041576 0.055635 0.041035
1 43 14.942529 0.055090 0.040583 0.055232 0.040723
1 44 15.057471 0.055312 0.040741 0.054652 0.040425
1 45 15.172414 0.055456 0.040093 0.056957 0.041860
1 46 15.287356 0.055178 0.040692 0.054975 0.040463
1 47 15.402299 0.056512 0.041368 0.055513 0.040288
1 48 15.517241 0.054539 0.040343 0.055862 0.041105
1 49 15.632184 0.054169 0.040547 0.055115 0.040707
1 50 15.747127 0.056043 0.041380 0.055116 0.040089
1 51 15.862069 0.056704 0.041491 0.056552 0.041340
1 52 15.977012 0.054604 0.040335 0.055939 0.041646
1 53 16.091953 0.056110 0.041883 0.055649 0.041163
1 54 16.206896 0.055286 0.041201 0.054210 0.040057
1 55 16.321838 0.053876 0.040499 0.054390 0.040538
1 56 16.436781 0.056305 0.041202 0.056739 0.041525
1 57 16.551723 0.054383 0.040467 0.055529 0.041262
1 58 16.666666 0.054600 0.040595 0.054517 0.040435
1 59 16.781609 0.054978 0.040420 0.057199 0.041932
1 60 16.896551 0.055458 0.040352 0.055041 0.040049
1 61 17.011494 0.054944 0.040245 0.054575 0.040582
1 62 17.126436 0.054565 0.040668 0.054127 0.040238
1 63 17.241379 0.054513 0.040485 0.054845 0.040539
1 64 17.356321 0.054779 0.040646 0.054573 0.040668
1 65 17.471264 0.054975 0.040909 0.055093 0.041105
1 66 17.586206 0.054809 0.040709 0.055033 0.040690
1 67 17.701149 0.056681 0.041181 0.056129 0.040767
1 68 17.816092 0.054945 0.040529 0.055519 0.040693
1 69 17.931034 0.052838 0.039401 0.053763 0.040221
1 70 18.045977 0.056482 0.041071 0.056271 0.041110
1 71 18.160919 0.053528 0.039569 0.053910 0.040113
1 72 18.275862 0.053529 0.040358 0.053283 0.039783
1 73 18.390804 0.055258 0.040788 0.054320 0.039857
1 74 18.505747 0.055890 0.040609 0.055658 0.040294
1 75 18.620689 0.055186 0.040661 0.056388 0.041862
1 76 18.735632 0.054554 0.040465 0.055417 0.040743
1 77 18.850574 0.054991 0.040832 0.055240 0.041072
1 78 18.965517 0.053767 0.039804 0.054567 0.040377
1 79 19.080460 0.057341 0.041763 0.056690 0.040953
1 80 19.195402 0.054614 0.040543 0.055398 0.041200
1 81 19.310345 0.055103 0.040916 0.055371 0.041313
1 82 19.425287 0.056374 0.041032 0.056204 0.040611
1 83 19.540230 0.054940 0.040314 0.055231 0.040832
1 84 19.655172 0.055580 0.040662 0.055201 0.040504
1 85 19.770115 0.054337 0.040234 0.053560 0.039643
1 86 19.885057 0.055610 0.040848 0.055687 0.041165
2 0 20.000000 0.055037 0.040445 0.054184 0.039815
2 1 20.114943 0.054072 0.040277 0.054229 0.040738
2 2 20.229885 0.055019 0.040566 0.055177 0.041001
2 3 20.344828 0.055287 0.040606 0.054688 0.040184
2 4 20.459770 0.054325 0.040760 0.054520 0.040529
2 5 20.574713 0.054358 0.040192 0.055014 0.041002
2 6 20.689655 0.054981 0.040789 0.054230 0.040279
2 7 20.804598 0.053805 0.040141 0.054671 0.040748
2 8 20.919540 0.054829 0.040801 0.054542 0.040727
2 9 21.034483 0.053938 0.039950 0.052879 0.039583
2 10 21.149426 0.055258 0.040986 0.054632 0.040593
2 11 21.264368 0.054025 0.040419 0.054517 0.040917
2 12 21.379311 0.053496 0.039859 0.053726 0.040053
2 13 21.494253 0.055811 0.040847 0.055093 0.040656
2 14 21.609196 0.054182 0.040594 0.053749 0.040097
2 15 21.724138 0.056346 0.041143 0.056228 0.040863
2 16 21.839081 0.054937 0.040729 0.052189 0.039141
2 17 21.954023 0.055260 0.040347 0.055585 0.041106
2 18 22.068966 0.055474 0.040770 0.055154 0.040094
2 19 22.183908 0.054169 0.040201 0.054736 0.040204
2 20 22.298851 0.055345 0.040901 0.055036 0.040707
2 21 22.413794 0.053900 0.040181 0.054577 0.040539
2 22 22.528736 0.055896 0.040922 0.054876 0.040732
2 23 22.643679 0.055960 0.041192 0.054823 0.040033
2 24 22.758621 0.053231 0.039913 0.053952 0.040328
2 25 22.873564 0.056043 0.041689 0.056168 0.041865
2 26 22.988506 0.053536 0.040237 0.054118 0.040518
2 27 23.103449 0.053442 0.040099 0.053658 0.039871
2 28 23.218391 0.053007 0.040127 0.053760 0.040328
2 29 23.333334 0.053577 0.040045 0.052736 0.039892
2 30 23.448277 0.054067 0.040822 0.053548 0.040380
2 31 23.563219 0.053558 0.040057 0.054257 0.040465
2 32 23.678162 0.054516 0.040396 0.055506 0.040950
2 33 23.793104 0.054440 0.040091 0.054285 0.040142
2 34 23.908047 0.054159 0.040843 0.054224 0.040422
2 35 24.022989 0.054565 0.040493 0.054520 0.040430
2 36 24.137932 0.052912 0.039494 0.053131 0.040026
2 37 24.252874 0.055479 0.040520 0.054719 0.039890
2 38 24.367817 0.053363 0.040316 0.054515 0.040916
2 39 24.482759 0.053819 0.039571 0.055150 0.040945
2 40 24.597702 0.054569 0.040725 0.053929 0.039989
2 41 24.712645 0.053852 0.040253 0.052659 0.039462
2 42 24.827587 0.053545 0.039680 0.052650 0.039243
2 43 24.942530 0.052977 0.040215 0.053631 0.040478
2 44 25.057470 0.053890 0.039544 0.055071 0.040627
2 45 25.172413 0.053533 0.040058 0.055025 0.040947
2 46 25.287355 0.054078 0.040317 0.052521 0.039146
2 47 25.402298 0.053930 0.041072 0.052462 0.039406
2 48 25.517241 0.054255 0.039999 0.054296 0.040600
2 49 25.632183 0.054561 0.040690 0.053846 0.040261
2 50 25.747126 0.054354 0.040469 0.054192 0.040508
2 51 25.862068 0.054674 0.040400 0.054022 0.039747
2 52 25.977011 0.053921 0.040783 0.053784 0.040661
2 53 26.091953 0.053309 0.039771 0.054837 0.040422
2 54 26.206896 0.052791 0.039844 0.053700 0.040392
2 55 26.321838 0.054718 0.040760 0.053640 0.040211
2 56 26.436781 0.053052 0.039997 0.052924 0.039870
2 57 26.551723 0.053092 0.039912 0.053792 0.041061
2 58 26.666666 0.054495 0.041075 0.055658 0.041271
2 59 26.781609 0.054413 0.040134 0.055410 0.040632
2 60 26.896551 0.054961 0.040389 0.055468 0.040808
2 61 27.011494 0.054424 0.041002 0.053318 0.039718
2 62 27.126436 0.052927 0.039446 0.052613 0.039731
2 63 27.241379 0.053043 0.039728 0.052093 0.039002
2 64 27.356321 0.053914 0.040225 0.053696 0.039606
2 65 27.471264 0.055686 0.040748 0.056804 0.041861
2 66 27.586206 0.052529 0.039472 0.053236 0.040134
2 67 27.701149 0.053139 0.039883 0.054246 0.040767
2 68 27.816092 0.053697 0.040377 0.054489 0.041080
2 69 27.931034 0.054318 0.040657 0.053328 0.040124
2 70 28.045977 0.054401 0.040565 0.053799 0.040115
2 71 28.160919 0.054182 0.040945 0.054475 0.040545
2 72 28.275862 0.053102 0.040208 0.053729 0.041001
2 73 28.390804 0.053755 0.040754 0.052945 0.040032
2 74 28.505747 0.052483 0.040215 0.053124 0.040518
2 75 28.620689 0.054572 0.040504 0.054434 0.040599
2 76 28.735632 0.053275 0.039886 0.053066 0.039572
2 77 28.850574 0.054260 0.040469 0.053686 0.040116
2 78 28.965517 0.053693 0.040424 0.053100 0.039955
2 79 29.080460 0.054646 0.040325 0.055019 0.040753
2 80 29.195402 0.051219 0.038977 0.053047 0.040200
2 81 29.310345 0.055992 0.040500 0.056198 0.040536
2 82 29.425287 0.053163 0.039758 0.053216 0.040066
2 83 29.540230 0.053135 0.039759 0.054107 0.040528
2 84 29.655172 0.053822 0.041014 0.052556 0.039401
2 85 29.770115 0.052863 0.039819 0.054237 0.040642
2 86 29.885057 0.053237 0.040505 0.052861 0.039976
3 0 30.000000 0.052835 0.039756 0.053383 0.040633
3 1 30.114943 0.053883 0.040665 0.053663 0.040477
3 2 30.229885 0.053082 0.039851 0.054371 0.040354
3 3 30.344828 0.054243 0.040348 0.053416 0.039835
3 4 30.459770 0.053059 0.040296 0.052876 0.040105
3 5 30.574713 0.053191 0.040249 0.053386 0.040333
3 6 30.689655 0.054050 0.040697 0.053884 0.040387
3 7 30.804598 0.052003 0.039138 0.052714 0.040002
3 8 30.919540 0.053553 0.039740 0.055081 0.040651
3 9 31.034483 0.052952 0.039303 0.054181 0.040078
3 10 31.149426 0.054283 0.040761 0.052999 0.040245
3 11 31.264368 0.053987 0.040094 0.054421 0.040497
3 12 31.379311 0.052496 0.039857 0.053436 0.040212
3 13 31.494253 0.053116 0.040164 0.050920 0.038698
3 14 31.609196 0.053900 0.040239 0.053428 0.039929
3 15 31.724138 0.053339 0.040063 0.052268 0.039348
3 16 31.839081 0.053113 0.040480 0.053169 0.040128
3 17 31.954023 0.053601 0.040503 0.053398 0.040229
3 18 32.068966 0.053276 0.040790 0.053991 0.040776
3 19 32.183907 0.052079 0.039263 0.052901 0.040112
3 20 32.298851 0.052602 0.039894 0.053202 0.040434
3 21 32.413792 0.053202 0.040069 0.053116 0.040070
3 22 32.528736 0.053897 0.040401 0.054105 0.040501
3 23 32.643677 0.052869 0.039539 0.053770 0.040141
3 24 32.758621 0.052910 0.039962 0.051890 0.039394
3 25 32.873562 0.054857 0.040752 0.053926 0.040132
3 26 32.988506 0.052578 0.040097 0.052297 0.039487
3 27 33.103447 0.053722 0.039786 0.054317 0.040449
3 28 33.218391 0.052630 0.039643 0.052567 0.039562
3 29 33.333332 0.052379 0.039384 0.053289 0.039834
3 30 33.448277 0.054232 0.040788 0.053445 0.040057
3 31 33.563217 0.052209 0.039779 0.053395 0.040507
3 32 33.678162 0.055059 0.040994 0.053468 0.039794
3 33 33.793102 0.053308 0.040140 0.053012 0.039691
3 34 33.908047 0.054670 0.040588 0.054613 0.040477
3 35 34.022987 0.052532 0.039535 0.053467 0.040092
3 36 34.137932 0.052893 0.040302 0.052569 0.040034
3 37 34.252872 0.053012 0.040015 0.052634 0.039340
3 38 34.367817 0.052951 0.040035 0.053278 0.040079
3 39 34.482758 0.053652 0.040111 0.052834 0.039488
3 40 34.597702 0.052600 0.040047 0.052840 0.040238
3 41 34.712643 0.054185 0.040585 0.054358 0.040692
3 42 34.827587 0.052615 0.039880 0.053108 0.040217
3 43 34.942528 0.052868 0.040121 0.052839 0.039973
3 44 35.057472 0.052079 0.039635 0.052132 0.039099
3 45 35.172413 0.053312 0.040288 0.053172 0.040245
3 46 35.287357 0.053561 0.040350 0.051588 0.038963
3 47 35.402298 0.053494 0.040107 0.053617 0.040073
3 48 35.517242 0.054789 0.040797 0.055038 0.040526
3 49 35.632183 0.052441 0.039780 0.051557 0.039472
3 50 35.747128 0.053278 0.040355 0.053102 0.040349
3 51 35.862068 0.053306 0.040246 0.053791 0.039953
3 52 35.977013 0.054397 0.041171 0.052269 0.039485
3 53 36.091953 0.052453 0.039746 0.053084 0.039875
3 54 36.206898 0.053577 0.040485 0.051564 0.038669
3 55 36.321838 0.052842 0.039926 0.054067 0.040521
3 56 36.436783 0.053054 0.040304 0.052763 0.039868
3 57 36.551723 0.052930 0.039652 0.053244 0.039968
3 58 36.666668 0.051836 0.040037 0.052957 0.040199
3 59 36.781609 0.053637 0.040481 0.054246 0.041178
3 60 36.896553 0.052035 0.039382 0.052494 0.040039
3 61 37.011494 0.053428 0.040472 0.052145 0.039526
3 62 37.126438 0.052777 0.040148 0.053060 0.040061
3 63 37.241379 0.053163 0.039638 0.053023 0.040044
3 64 37.356323 0.052718 0.040127 0.053033 0.039987
3 65 37.471264 0.052902 0.040198 0.052064 0.039785
3 66 37.586208 0.053092 0.040167 0.053426 0.040436
3 67 37.701149 0.054733 0.040741 0.054834 0.040863
3 68 37.816093 0.053667 0.040238 0.054142 0.040370
3 69 37.931034 0.051785 0.038919 0.053452 0.040550
3 70 38.045979 0.052649 0.039510 0.053049 0.039891
3 71 38.160919 0.051839 0.039648 0.052037 0.039502
3 72 38.275864 0.052462 0.040249 0.052845 0.040067
3 73 38.390804 0.052750 0.039729 0.053288 0.040722
3 74 38.505749 0.053228 0.040794 0.052740 0.040043
3 75 38.620689 0.052836 0.039823 0.053580 0.040896
3 76 38.735634 0.051651 0.039094 0.052307 0.039943
3 77 38.850574 0.052551 0.039949 0.051806 0.039400
3 78 38.965519 0.053013 0.040116 0.052408 0.039979
3 79 39.080460 0.051364 0.039274 0.053510 0.040517
3 80 39.195404 0.052224 0.039718 0.051742 0.039211
3 81 39.310345 0.052915 0.040306 0.051755 0.039380
3 82 39.425289 0.051958 0.039805 0.051686 0.039414
3 83 39.540230 0.052389 0.039941 0.052026 0.039135
3 84 39.655174 0.052898 0.039945 0.051272 0.038793
3 85 39.770115 0.052276 0.039491 0.052621 0.040010
3 86 39.885059 0.053190 0.039982 0.053463 0.040440
4 0 40.000000 0.052408 0.039743 0.053746 0.040760
4 1 40.114941 0.053270 0.040101 0.053722 0.040223
4 2 40.229885 0.052690 0.039900 0.052826 0.039813
4 3 40.344826 0.051688 0.039432 0.051373 0.039489
4 4 40.459770 0.052347 0.039538 0.052129 0.039619
4 5 40.574711 0.052410 0.039831 0.054113 0.040974
4 6 40.689655 0.051989 0.039617 0.052372 0.040436
4 7 40.804596 0.052774 0.040104 0.052939 0.040123
4 8 40.919540 0.052607 0.040030 0.052520 0.040100
4 9 41.034481 0.051998 0.039652 0.052057 0.039449
4 10 41.149426 0.050865 0.038663 0.052806 0.039996
4 11 41.264366 0.052744 0.039795 0.051882 0.039425
4 12 41.379311 0.052786 0.039961 0.052282 0.039503
4 13 41.494251 0.052000 0.040203 0.053218 0.040233
4 14 41.609196 0.053218 0.040386 0.051195 0.038502
4 15 41.724136 0.052199 0.039615 0.053363 0.040659
4 16 41.839081 0.052821 0.040143 0.054224 0.041466
4 17 41.954021 0.052791 0.040072 0.053755 0.040712
4 18 42.068966 0.054311 0.041314 0.051769 0.038929
4 19 42.183907 0.053112 0.040003 0.050935 0.038651
4 20 42.298851 0.052856 0.039660 0.052701 0.039212
4 21 42.413792 0.052252 0.040093 0.051475 0.038959
4 22 42.528736 0.052497 0.040379 0.052182 0.039957
4 23 42.643677 0.053129 0.039808 0.053954 0.041076
4 24 42.758621 0.051506 0.039278 0.052991 0.040350
4 25 42.873562 0.051769 0.039201 0.052365 0.039931
4 26 42.988506 0.052886 0.039719 0.052472 0.040022
4 27 43.103447 0.052095 0.039871 0.052072 0.039849
4 28 43.218391 0.052885 0.040206 0.052112 0.039565
4 29 43.333332 0.053227 0.040108 0.052620 0.039968
4 30 43.448277 0.052881 0.039848 0.052279 0.040007
4 31 43.563217 0.052660 0.040065 0.052420 0.039880
4 32 43.678162 0.051761 0.039394 0.052029 0.039609
4 33 43.793102 0.052690 0.039918 0.051191 0.038967
4 34 43.908047 0.052937 0.040073 0.052059 0.039215
4 35 44.022987 0.051299 0.039141 0.051839 0.039557
4 36 44.137932 0.053009 0.040119 0.051593 0.039312
4 37 44.252872 0.053530 0.040185 0.052828 0.039844
4 38 44.367817 0.052261 0.039518 0.053484 0.040454
4 39 44.482758 0.052663 0.040267 0.051739 0.040087
4 40 44.597702 0.052559 0.039860 0.052898 0.039955
4 41 44.712643 0.052269 0.040158 0.052301 0.040219
4 42 44.827587 0.051510 0.039442 0.051619 0.039257
4 43 44.942528 0.052689 0.040297 0.052440 0.040281
4 44 45.057472 0.051182 0.039023 0.051329 0.039228
4 45 45.172413 0.052239 0.039689 0.052389 0.039983
4 46 45.287357 0.052269 0.039738 0.051159 0.039249
4 47 45.402298 0.052285 0.039514 0.053457 0.040580
4 48 45.517242 0.052131 0.039936 0.052611 0.040080
4 49 45.632183 0.051534 0.039315 0.051750 0.039662
4 50 45.747128 0.054315 0.039894 0.053871 0.039808
4 51 45.862068 0.051939 0.038923 0.053923 0.040321
4 52 45.977013 0.053413 0.040353 0.051431 0.038653
4 53 46.091953 0.052114 0.039595 0.051588 0.039487
4 54 46.206898 0.051306 0.039079 0.051477 0.039468
4 55 46.321838 0.053020 0.039831 0.052495 0.039946
4 56 46.436783 0.052129 0.039824 0.051020 0.039136
4 57 46.551723 0.052043 0.039930 0.052062 0.039998
4 58 46.666668 0.051452 0.039324 0.052605 0.040578
4 59 46.781609 0.052642 0.040085 0.052680 0.039559
4 60 46.896553 0.051398 0.039313 0.051577 0.039064
4 61 47.011494 0.051975 0.039322 0.053496 0.040325
4 62 47.126438 0.053313 0.040341 0.052491 0.039902
4 63 47.241379 0.052753 0.040182 0.053216 0.040505
4 64 47.356323 0.053484 0.040315 0.052915 0.039613
4 65 47.471264 0.051832 0.039912 0.053541 0.040949
4 66 47.586208 0.051272 0.039332 0.052426 0.040159
4 67 47.701149 0.052044 0.039658 0.051594 0.039391
4 68 47.816093 0.051856 0.039502 0.051686 0.039740
4 69 47.931034 0.051320 0.039449 0.051606 0.039438
4 70 48.045979 0.053315 0.040315 0.052585 0.039794
4 71 48.160919 0.051726 0.039666 0.051081 0.039579
4 72 48.275864 0.051979 0.039498 0.051867 0.039535
4 73 48.390804 0.052358 0.040274 0.052184 0.039768
4 74 48.505749 0.051376 0.039499 0.052772 0.039948
4 75 48.620689 0.052117 0.039650 0.052680 0.040049
4 76 48.735634 0.052174 0.039853 0.052556 0.039899
4 77 48.850574 0.053209 0.040379 0.051725 0.039068
4 78 48.965519 0.052353 0.039707 0.052321 0.039559
4 79 49.080460 0.052452 0.039354 0.052687 0.040210
4 80 49.195404 0.052220 0.039592 0.052514 0.039908
4 81 49.310345 0.051323 0.039219 0.051663 0.039597
4 82 49.425289 0.053684 0.040419 0.053302 0.040204
4 83 49.540230 0.053334 0.040585 0.052961 0.040088
4 84 49.655174 0.052247 0.039600 0.052438 0.039983
4 85 49.770115 0.051737 0.039933 0.052022 0.039742
4 86 49.885059 0.052801 0.039646 0.051936 0.039478
5 0 50.000000 0.054195 0.040767 0.052989 0.040267
5 1 50.114941 0.051771 0.039222 0.052461 0.039914
5 2 50.229885 0.053091 0.040043 0.053048 0.039942
5 3 50.344826 0.051512 0.039254 0.052543 0.039946
5 4 50.459770 0.053493 0.040569 0.052809 0.040400
5 5 50.574711 0.052027 0.039566 0.052790 0.040641
5 6 50.689655 0.053060 0.040302 0.052705 0.040300
5 7 50.804596 0.051987 0.039990 0.051970 0.039638
5 8 50.919540 0.052959 0.039887 0.052652 0.040108
5 9 51.034481 0.053121 0.040081 0.053351 0.040442
5 10 51.149426 0.052795 0.040749 0.052417 0.040097
5 11 51.264366 0.051461 0.039674 0.052530 0.040445
5 12 51.379311 0.052146 0.039303 0.052712 0.039981
5 13 51.494251 0.052172 0.039839 0.051223 0.038841
5 14 51.609196 0.052212 0.040217 0.051298 0.039187
5 15 51.724136 0.053675 0.040040 0.053805 0.040047
5 16 51.839081 0.052389 0.039759 0.052204 0.039593
5 17 51.954021 0.052198 0.039214 0.051605 0.039584
5 18 52.068966 0.051436 0.039119 0.052421 0.039926
5 19 52.183907 0.051602 0.039554 0.051732 0.039482
5 20 52.298851 0.052814 0.039588 0.053314 0.039878
5 21 52.413792 0.052788 0.039978 0.053730 0.040281
5 22 52.528736 0.053717 0.039656 0.052835 0.039870
5 23 52.643677 0.052606 0.040209 0.053246 0.040556
5 24 52.758621 0.052156 0.039767 0.051697 0.039678
5 25 52.873562 0.051784 0.040280 0.051791 0.039794
5 26 52.988506 0.053319 0.040577 0.051424 0.039416
5 27 53.103447 0.052581 0.040012 0.052073 0.040124
5 28 53.218391 0.054152 0.040688 0.053449 0.039804
5 29 53.333332 0.052733 0.040009 0.053720 0.040350
5 30 53.448277 0.051610 0.039128 0.052535 0.040193
5 31 53.563217 0.051815 0.039434 0.052622 0.040138
5 32 53.678162 0.052042 0.039845 0.051764 0.039566
5 33 53.793102 0.053935 0.040465 0.053351 0.039880
5 34 53.908047 0.053377 0.040022 0.052900 0.039943
5 35 54.022987 0.051103 0.039499 0.051761 0.039708
5 36 54.137932 0.051238 0.038861 0.051618 0.039357
5 37 54.252872 0.052099 0.039915 0.051396 0.039016
5 38 54.367817 0.053034 0.039815 0.052373 0.039121
5 39 54.482758 0.051484 0.039105 0.052486 0.039951
5 40 54.597702 0.052307 0.039318 0.052382 0.039491
5 41 54.712643 0.050759 0.039006 0.052047 0.040226
5 42 54.827587 0.053067 0.040337 0.053847 0.040634
5 43 54.942528 0.052821 0.040315 0.052298 0.039995
5 44 55.057472 0.052772 0.040117 0.052632 0.040438
5 45 55.172413 0.052083 0.039802 0.052327 0.039954
5 46 55.287357 0.051135 0.039373 0.051366 0.039295
5 47 55.402298 0.053233 0.040384 0.052416 0.040042
5 48 55.517242 0.053515 0.040498 0.052023 0.039353
5 49 55.632183 0.051800 0.039431 0.052440 0.039604
5 50 55.747128 0.052691 0.040013 0.053635 0.040577
5 51 55.862068 0.052830 0.039940 0.052163 0.039883
5 52 55.977013 0.051628 0.039227 0.052547 0.039775
5 53 56.091953 0.051275 0.039152 0.052961 0.040465
5 54 56.206898 0.051416 0.039695 0.051180 0.039211
5 55 56.321838 0.051594 0.039408 0.052564 0.040337
5 56 56.436783 0.052547 0.039589 0.053233 0.039655
5 57 56.551723 0.051607 0.039338 0.053103 0.040305
5 58 56.666668 0.050190 0.038372 0.052409 0.039776
5 59 56.781609 0.051587 0.039621 0.051329 0.039172
5 60 56.896553 0.051217 0.039150 0.051980 0.039618
5 61 57.011494 0.052576 0.039722 0.052098 0.039225
5 62 57.126438 0.051816 0.039145 0.051361 0.039442
5 63 57.241379 0.052595 0.039654 0.052579 0.039729
5 64 57.356323 0.051127 0.038915 0.052604 0.040509
5 65 57.471264 0.051777 0.039512 0.051166 0.039116
5 66 57.586208 0.051149 0.039082 0.052008 0.040145
5 67 57.701149 0.051891 0.039611 0.051936 0.039892
5 68 57.816093 0.052760 0.040127 0.051907 0.039312
5 69 57.931034 0.052498 0.039772 0.051185 0.038866
5 70 58.045979 0.051682 0.039498 0.052068 0.039516
5 71 58.160919 0.052208 0.040281 0.051430 0.039741
5 72 58.275864 0.053079 0.040382 0.052614 0.039965
5 73 58.390804 0.051467 0.039290 0.051644 0.039475
5 74 58.505749 0.051986 0.039504 0.051911 0.039636
5 75 58.620689 0.051333 0.039694 0.051758 0.040036
5 76 58.735634 0.052400 0.039773 0.052749 0.040067
5 77 58.850574 0.052002 0.039162 0.053191 0.040141
5 78 58.965519 0.052513 0.039590 0.053251 0.040043
5 79 59.080460 0.052948 0.040601 0.051859 0.039358
5 80 59.195404 0.052006 0.039673 0.050935 0.039018
5 81 59.310345 0.051998 0.039926 0.051276 0.039436
5 82 59.425289 0.052378 0.039564 0.052586 0.040148
5 83 59.540230 0.052222 0.039873 0.051354 0.039216
5 84 59.655174 0.051319 0.039498 0.051670 0.039854
5 85 59.770115 0.051841 0.039614 0.051907 0.039930
5 86 59.885059 0.051280 0.039326 0.053303 0.040685
6 0 60.000000 0.051724 0.040288 0.051200 0.039744
6 1 60.114941 0.052298 0.039849 0.052526 0.040063
6 2 60.229885 0.052396 0.040400 0.052220 0.040498
6 3 60.344826 0.050888 0.038778 0.053102 0.040333
6 4 60.459770 0.051299 0.039027 0.051279 0.039023
6 5 60.574711 0.051755 0.039804 0.050747 0.039303
6 6 60.689655 0.052780 0.040270 0.051638 0.039621
6 7 60.804596 0.052566 0.040044 0.051948 0.039512
6 8 60.919540 0.049947 0.038308 0.050857 0.038994
6 9 61.034481 0.052377 0.039691 0.052057 0.039472
6 10 61.149426 0.052500 0.039986 0.050777 0.038915
6 11 61.264366 0.052644 0.040181 0.052249 0.039888
6 12 61.379311 0.052155 0.039634 0.051213 0.038787
6 13 61.494251 0.051882 0.040234 0.052555 0.040194
6 14 61.609196 0.051630 0.039317 0.052056 0.039711
6 15 61.724136 0.052968 0.040475 0.050819 0.038867
6 16 61.839081 0.051925 0.039712 0.051216 0.038941
6 17 61.954021 0.052188 0.039766 0.050903 0.039093
6 18 62.068966 0.052576 0.040076 0.051746 0.038984
6 19 62.183907 0.051746 0.039397 0.052605 0.040203
6 20 62.298851 0.051571 0.039176 0.051699 0.040068
6 21 62.413792 0.050815 0.038865 0.051277 0.039551
6 22 62.528736 0.052888 0.040339 0.051840 0.039372
6 23 62.643677 0.051936 0.040069 0.051794 0.039853
6 24 62.758621 0.051440 0.038774 0.052044 0.039286
6 25 62.873562 0.051911 0.039481 0.052009 0.039392
6 26 62.988506 0.051680 0.039721 0.051411 0.039686
6 27 63.103447 0.052578 0.039706 0.052578 0.039757
6 28 63.218391 0.051702 0.039675 0.052352 0.040153
6 29 63.333332 0.050865 0.038919 0.052188 0.039765
6 30 63.448277 0.052017 0.039646 0.052819 0.040311
6 31 63.563217 0.052051 0.040190 0.052780 0.040474
6 32 63.678162 0.052830 0.040045 0.053724 0.040653
6 33 63.793102 0.053258 0.040162 0.054909 0.041194
6 34 63.908047 0.053190 0.040375 0.052775 0.039881
6 35 64.022987 0.050656 0.038801 0.051344 0.039660
6 36 64.137932 0.051233 0.039452 0.051532 0.039988
6 37 64.252876 0.052556 0.040289 0.052438 0.040297
6 38 64.367813 0.050827 0.039148 0.051650 0.039809
6 39 64.482758 0.051678 0.039656 0.052519 0.040090
6 40 64.597702 0.051836 0.039855 0.052188 0.039911
6 41 64.712646 0.050659 0.038835 0.051138 0.039384
6 42 64.827583 0.051759 0.039577 0.052329 0.039934
6 43 64.942528 0.052681 0.040017 0.052704 0.039987
6 44 65.057472 0.051239 0.039317 0.051238 0.039557
6 45 65.172417 0.051610 0.040124 0.051923 0.039486
6 46 65.287354 0.051406 0.039151 0.053585 0.040497
6 47 65.402298 0.053601 0.040389 0.053967 0.040795
6 48 65.517242 0.052332 0.039440 0.053295 0.040105
6 49 65.632187 0.052089 0.039707 0.051755 0.039337
6 50 65.747124 0.051338 0.039559 0.051452 0.039573
6 51 65.862068 0.051245 0.039258 0.051602 0.039851
6 52 65.977013 0.051435 0.039437 0.051014 0.039253
6 53 66.091957 0.051978 0.039878 0.052605 0.040278
6 54 66.206894 0.051859 0.039632 0.052081 0.039545
6 55 66.321838 0.050936 0.039580 0.051658 0.040004
6 56 66.436783 0.053514 0.040415 0.052931 0.039526
6 57 66.551727 0.051707 0.039669 0.051816 0.039856
6 58 66.666664 0.052470 0.040295 0.050537 0.038808
6 59 66.781609 0.050971 0.038991 0.051701 0.039067
6 60 66.896553 0.049840 0.038034 0.051453 0.039487
6 61 67.011497 0.052667 0.040306 0.051622 0.039559
6 62 67.126434 0.052109 0.039679 0.053062 0.040235
6 63 67.241379 0.053159 0.040691 0.051434 0.038973
6 64 67.356323 0.052280 0.039996 0.051002 0.039082
6 65 67.471268 0.051842 0.039832 0.051550 0.039921
6 66 67.586205 0.051125 0.039587 0.051145 0.039214
6 67 67.701149 0.051037 0.038917 0.051926 0.039615
6 68 67.816093 0.052175 0.040088 0.051825 0.039722
6 69 67.931038 0.052299 0.040249 0.050773 0.039108
6 70 68.045975 0.051957 0.039452 0.051992 0.039671
6 71 68.160919 0.051436 0.039428 0.052459 0.040739
6 72 68.275864 0.053095 0.040386 0.050922 0.039224
6 73 68.390808 0.052482 0.040391 0.051996 0.040045
6 74 68.505745 0.050891 0.039002 0.051852 0.039435
6 75 68.620689 0.051364 0.039543 0.051253 0.039283
6 76 68.735634 0.052398 0.039536 0.051857 0.039068
6 77 68.850578 0.051093 0.039349 0.051808 0.039932
6 78 68.965515 0.051027 0.039031 0.052051 0.039422
6 79 69.080460 0.051469 0.039527 0.051702 0.039480
6 80 69.195404 0.051203 0.039253 0.051439 0.039504
6 81 69.310349 0.052427 0.039978 0.053088 0.040831
6 82 69.425285 0.051855 0.039201 0.051591 0.038907
6 83 69.540230 0.052329 0.039919 0.052058 0.039763
6 84 69.655174 0.052058 0.039658 0.051089 0.039290
6 85 69.770119 0.049800 0.038327 0.051060 0.039242
6 86 69.885056 0.052919 0.040318 0.052290 0.039577
7 0 70.000000 0.051831 0.039607 0.051425 0.039233
7 1 70.114944 0.050997 0.039398 0.050780 0.038988
7 2 70.229881 0.053227 0.040232 0.052797 0.039975
7 3 70.344826 0.052092 0.039908 0.052458 0.040641
7 4 70.459770 0.051938 0.039945 0.051721 0.039761
7 5 70.574715 0.052506 0.039880 0.051999 0.039411
7 6 70.689651 0.052636 0.040203 0.052063 0.039999
7 7 70.804596 0.050731 0.038971 0.051021 0.039093
7 8 70.919540 0.051718 0.039938 0.051346 0.039236
7 9 71.034485 0.051547 0.039411 0.052728 0.040267
7 10 71.149422 0.051970 0.039620 0.051918 0.039828
7 11 71.264366 0.052420 0.040383 0.051223 0.039034
7 12 71.379311 0.051127 0.039183 0.051798 0.039563
7 13 71.494255 0.052128 0.039339 0.051507 0.039098
7 14 71.609192 0.052519 0.040279 0.051238 0.039107
7 15 71.724136 0.051768 0.039370 0.051925 0.039565
7 16 71.839081 0.051832 0.039311 0.051505 0.039703
7 17 71.954025 0.051344 0.039706 0.051225 0.039446
7 18 72.068962 0.051935 0.040095 0.050892 0.039373
7 19 72.183907 0.052479 0.039528 0.052179 0.039677
7 20 72.298851 0.053444 0.040853 0.052117 0.039824
7 21 72.413795 0.052262 0.039687 0.053477 0.040220
7 22 72.528732 0.051598 0.039732 0.051793 0.040086
7 23 72.643677 0.052025 0.039714 0.050308 0.038795
7 24 72.758621 0.051013 0.039718 0.051930 0.039792
7 25 72.873566 0.052028 0.039722 0.052433 0.039411
7 26 72.988503 0.051728 0.039445 0.053470 0.040699
7 27 73.103447 0.051383 0.039673 0.051686 0.039822
7 28 73.218391 0.050796 0.039416 0.049888 0.038671
7 29 73.333336 0.052202 0.040376 0.052063 0.039643
7 30 73.448273 0.052971 0.040079 0.051684 0.039521
7 31 73.563217 0.051244 0.039062 0.051827 0.039384
7 32 73.678162 0.051224 0.039482 0.051823 0.040172
7 33 73.793106 0.051547 0.039652 0.051157 0.039195
7 34 73.908043 0.052903 0.040343 0.051403 0.039419
7 35 74.022987 0.051357 0.039652 0.052329 0.040337
7 36 74.137932 0.052820 0.039818 0.051910 0.039035
7 37 74.252876 0.049370 0.038291 0.051067 0.039272
7 38 74.367813 0.050767 0.039029 0.051493 0.039748
7 39 74.482758 0.050722 0.039443 0.051701 0.039718
7 40 74.597702 0.052443 0.040038 0.052710 0.040390
7 41 74.712646 0.050588 0.038716 0.051303 0.039143
7 42 74.827583 0.052888 0.040546 0.052050 0.039996
7 43 74.942528 0.051615 0.039553 0.051423 0.039140
7 44 75.057472 0.050838 0.039032 0.052931 0.040650
7 45 75.172417 0.052470 0.040212 0.053788 0.040688
7 46 75.287354 0.052008 0.040123 0.051953 0.040281
7 47 75.402298 0.051477 0.039578 0.051068 0.039455
7 48 75.517242 0.051197 0.039540 0.052996 0.040485
7 49 75.632187 0.051462 0.039454 0.051572 0.039304
7 50 75.747124 0.052871 0.040113 0.052285 0.039517
7 51 75.862068 0.052248 0.039451 0.053330 0.040086
7 52 75.977013 0.051842 0.039826 0.052304 0.039613
7 53 76.091957 0.052723 0.039893 0.052802 0.040345
7 54 76.206894 0.051607 0.039517 0.051084 0.039087
7 55 76.321838 0.051234 0.038942 0.051203 0.039263
7 56 76.436783 0.050488 0.039277 0.052095 0.040156
7 57 76.551727 0.050810 0.039025 0.052209 0.040125
7 58 76.666664 0.052466 0.040269 0.052067 0.039619
7 59 76.781609 0.051221 0.038942 0.052460 0.040224
7 60 76.896553 0.051069 0.039182 0.051214 0.039203
7 61 77.011497 0.049521 0.038255 0.051065 0.039208
7 62 77.126434 0.052038 0.039971 0.051536 0.039189
7 63 77.241379 0.050844 0.039363 0.050946 0.039151
7 64 77.356323 0.051341 0.039254 0.052486 0.040005
7 65 77.471268 0.051996 0.040144 0.051842 0.040061
7 66 77.586205 0.050723 0.039321 0.051268 0.039571
7 67 77.701149 0.050823 0.039283 0.053161 0.040450
7 68 77.816093 0.051988 0.039434 0.054616 0.041471
7 69 77.931038 0.050858 0.039030 0.051379 0.039701
7 70 78.045975 0.051096 0.039194 0.051567 0.039516
7 71 78.160919 0.052482 0.039830 0.052147 0.039775
7 72 78.275864 0.052362 0.040396 0.052526 0.040365
7 73 78.390808 0.051815 0.039662 0.051310 0.039551
7 74 78.505745 0.051383 0.039528 0.050548 0.038830
7 75 78.620689 0.052397 0.040353 0.051442 0.039830
7 76 78.735634 0.052327 0.040338 0.052408 0.039940
7 77 78.850578 0.052101 0.039938 0.051323 0.039419
7 78 78.965515 0.050666 0.038714 0.051418 0.039613
7 79 79.080460 0.052832 0.040503 0.052117 0.039984
7 80 79.195404 0.052219 0.039955 0.052480 0.040047
7 81 79.310349 0.051268 0.039296 0.051199 0.038975
7 82 79.425285 0.051977 0.039840 0.051384 0.039136
7 83 79.540230 0.051807 0.040218 0.050390 0.038830
7 84 79.655174 0.051285 0.039690 0.051982 0.039844
7 85 79.770119 0.051487 0.039694 0.051562 0.039602
7 86 79.885056 0.051896 0.039732 0.052190 0.039579
8 0 80.000000 0.050630 0.039066 0.051935 0.039992
8 1 80.114944 0.051664 0.039191 0.053120 0.040490
8 2 80.229881 0.050856 0.039213 0.051758 0.039482
8 3 80.344826 0.052381 0.040515 0.051399 0.039515
8 4 80.459770 0.051962 0.039993 0.051413 0.039543
8 5 80.574715 0.051860 0.039877 0.052320 0.040394
8 6 80.689651 0.050075 0.038507 0.051098 0.039415
8 7 80.804596 0.052817 0.039703 0.052853 0.040100
8 8 80.919540 0.051041 0.039265 0.051155 0.039341
8 9 81.034485 0.050461 0.038874 0.050597 0.038451
8 10 81.149422 0.051663 0.039773 0.051209 0.039343
8 11 81.264366 0.051469 0.039395 0.050930 0.038825
8 12 81.379311 0.051643 0.039425 0.051130 0.038944
8 13 81.494255 0.051782 0.039667 0.053009 0.040513
8 14 81.609192 0.051674 0.039660 0.051561 0.039657
8 15 81.724136 0.051368 0.039664 0.050614 0.038887
8 16 81.839081 0.050666 0.039046 0.051691 0.039958
8 17 81.954025 0.052362 0.039757 0.052899 0.040072
8 18 82.068962 0.052740 0.040416 0.051597 0.039815
8 19 82.183907 0.051926 0.039839 0.050606 0.038891
8 20 82.298851 0.051610 0.039837 0.051695 0.040274
8 21 82.413795 0.051205 0.039310 0.052396 0.039866
8 22 82.528732 0.050311 0.039652 0.050393 0.038926
8 23 82.643677 0.051882 0.039358 0.053769 0.040480
8 24 82.758621 0.050971 0.039221 0.051622 0.039573
8 25 82.873566 0.052566 0.039774 0.052133 0.039745
8 26 82.988503 0.052906 0.040049 0.052619 0.039892
8 27 83.103447 0.052244 0.040071 0.052025 0.039908
8 28 83.218391 0.051256 0.039134 0.051708 0.039180
8 29 83.333336 0.050536 0.039331 0.051871 0.039974
8 30 83.448273 0.051971 0.040137 0.051510 0.039850
8 31 83.563217 0.051963 0.039882 0.052723 0.039735
8 32 83.678162 0.051656 0.039832 0.050906 0.039414
8 33 83.793106 0.051886 0.040053 0.051063 0.039364
8 34 83.908043 0.050645 0.039088 0.051111 0.039673
8 35 84.022987 0.051707 0.039702 0.052253 0.040189
8 36 84.137932 0.050175 0.038666 0.051884 0.039249
8 37 84.252876 0.052391 0.039684 0.053011 0.040201
8 38 84.367813 0.051475 0.039522 0.051358 0.039320
8 39 84.482758 0.051387 0.039765 0.051374 0.040016
8 40 84.597702 0.051452 0.039553 0.050355 0.038946
8 41 84.712646 0.051505 0.039460 0.051436 0.039241
8 42 84.827583 0.051845 0.039647 0.051270 0.038915
8 43 84.942528 0.051806 0.040141 0.050319 0.039007
8 44 85.057472 0.051766 0.039842 0.051030 0.039240
8 45 85.172417 0.051393 0.039721 0.051608 0.039584
8 46 85.287354 0.052374 0.039796 0.052373 0.040418
8 47 85.402298 0.050965 0.039637 0.052322 0.040125
8 48 85.517242 0.051796 0.039815 0.051214 0.039207
8 49 85.632187 0.051239 0.039604 0.050946 0.039605
8 50 85.747124 0.052403 0.040119 0.051926 0.039297
8 51 85.862068 0.051522 0.039554 0.051927 0.040356
8 52 85.977013 0.052303 0.039152 0.054100 0.040341
8 53 86.091957 0.051631 0.039326 0.052144 0.039714
8 54 86.206894 0.051713 0.039351 0.051141 0.039550
8 55 86.321838 0.050409 0.038785 0.051071 0.039233
8 56 86.436783 0.050888 0.039176 0.051067 0.039360
8 57 86.551727 0.051695 0.039422 0.051119 0.039380
8 58 86.666664 0.050586 0.039263 0.050239 0.038775
8 59 86.781609 0.050619 0.039333 0.051087 0.039173
8 60 86.896553 0.051719 0.039726 0.050314 0.038940
8 61 87.011497 0.051014 0.039268 0.050913 0.038960
8 62 87.126434 0.051588 0.039491 0.051650 0.039698
8 63 87.241379 0.051551 0.039648 0.050753 0.039410
8 64 87.356323 0.051042 0.039396 0.052366 0.040473
8 65 87.471268 0.052121 0.039696 0.052614 0.040418
8 66 87.586205 0.051106 0.039390 0.053594 0.041075
8 67 87.701149 0.051255 0.039231 0.051825 0.039457
8 68 87.816093 0.051214 0.039344 0.050828 0.039099
8 69 87.931038 0.050814 0.038829 0.051432 0.039509
8 70 88.045975 0.052346 0.040205 0.051379 0.039199
8 71 88.160919 0.051798 0.040392 0.050539 0.039238
8 72 88.275864 0.051730 0.039540 0.051242 0.039617
8 73 88.390808 0.051252 0.039193 0.051257 0.038966
8 74 88.505745 0.051538 0.039503 0.051107 0.039107
8 75 88.620689 0.051234 0.039732 0.050773 0.039240
8 76 88.735634 0.049748 0.038051 0.051562 0.039934
8 77 88.850578 0.051713 0.039805 0.051227 0.039205
8 78 88.965515 0.051679 0.040198 0.050217 0.038817
8 79 89.080460 0.051101 0.039550 0.051896 0.039898
8 80 89.195404 0.050118 0.038363 0.050938 0.039376
8 81 89.310349 0.053690 0.040435 0.052930 0.039680
8 82 89.425285 0.052057 0.039797 0.051256 0.039822
8 83 89.540230 0.051735 0.039668 0.051539 0.039037
8 84 89.655174 0.052364 0.040364 0.051317 0.039678
8 85 89.770119 0.050246 0.039193 0.050444 0.038927
8 86 89.885056 0.051421 0.039769 0.051221 0.039353
9 0 90.000000 0.051260 0.039227 0.051417 0.039301
9 1 90.114944 0.050674 0.039337 0.050867 0.038996
9 2 90.229881 0.050936 0.039619 0.050638 0.038828
9 3 90.344826 0.052194 0.040142 0.051529 0.039494
9 4 90.459770 0.051255 0.039334 0.051539 0.039859
9 5 90.574715 0.052428 0.039993 0.052206 0.039824
9 6 90.689651 0.052389 0.039603 0.053403 0.040588
9 7 90.804596 0.051391 0.038955 0.051183 0.039435
9 8 90.919540 0.051452 0.039268 0.051379 0.039488
9 9 91.034485 0.050653 0.039280 0.051584 0.039503
9 10 91.149422 0.050535 0.039087 0.051413 0.039539
9 11 91.264366 0.051543 0.039871 0.051308 0.039436
9 12 91.379311 0.050691 0.038885 0.052598 0.040251
9 13 91.494255 0.051549 0.039756 0.049515 0.038459
9 14 91.609192 0.049870 0.038241 0.051475 0.039828
9 15 91.724136 0.050909 0.039198 0.051308 0.039595
9 16 91.839081 0.052886 0.040060 0.051135 0.039185
9 17 91.954025 0.051967 0.040273 0.052263 0.039935
9 18 92.068962 0.052247 0.039822 0.052227 0.039408
9 19 92.183907 0.052947 0.040196 0.051763 0.039404
9 20 92.298851 0.051797 0.040154 0.051403 0.039537
9 21 92.413795 0.051960 0.039795 0.051156 0.039525
9 22 92.528732 0.051140 0.039968 0.051768 0.040013
9 23 92.643677 0.050993 0.039489 0.052871 0.040779
9 24 92.758621 0.051499 0.040006 0.050510 0.039278
9 25 92.873566 0.050057 0.038526 0.051875 0.039910
9 26 92.988503 0.051765 0.039528 0.052518 0.039791
9 27 93.103447 0.051064 0.039248 0.052489 0.040201
9 28 93.218391 0.051784 0.040029 0.051548 0.039749
9 29 93.333336 0.050253 0.038956 0.050744 0.039328
9 30 93.448273 0.051975 0.040071 0.051207 0.039353
9 31 93.563217 0.051100 0.039388 0.051229 0.039153
9 32 93.678162 0.052229 0.040270 0.052338 0.040784
9 33 93.793106 0.051641 0.039639 0.051382 0.039385
9 34 93.908043 0.051180 0.039600 0.051754 0.040272
9 35 94.022987 0.050753 0.038710 0.051103 0.038997
9 36 94.137932 0.052514 0.040182 0.050803 0.039082
9 37 94.252876 0.051799 0.039691 0.051816 0.039691
9 38 94.367813 0.052584 0.040349 0.051187 0.039563
9 39 94.482758 0.051703 0.039842 0.050397 0.039000
9 40 94.597702 0.051149 0.039589 0.051438 0.039698
9 41 94.712646 0.050720 0.038844 0.051119 0.039428
9 42 94.827583 0.052460 0.039747 0.051484 0.039100
9 43 94.942528 0.051077 0.039346 0.051191 0.040083
9 44 95.057472 0.051763 0.040226 0.051226 0.039876
9 45 95.172417 0.051185 0.039178 0.052971 0.040524
9 46 95.287354 0.051954 0.039206 0.053065 0.039902
9 47 95.402298 0.050555 0.038619 0.051908 0.039784
9 48 95.517242 0.052658 0.040764 0.051824 0.039821
9 49 95.632187 0.050555 0.038974 0.051255 0.038991
9 50 95.747124 0.052124 0.039947 0.050718 0.038870
9 51 95.862068 0.050695 0.039004 0.052364 0.040697
9 52 95.977013 0.052393 0.040103 0.051883 0.039615
9 53 96.091957 0.050222 0.038746 0.051155 0.039537
9 54 96.206894 0.052139 0.040495 0.050834 0.039020
9 55 96.321838 0.051849 0.039658 0.051790 0.039875
9 56 96.436783 0.051914 0.039935 0.051727 0.039752
9 57 96.551727 0.051172 0.039858 0.050616 0.039178
9 58 96.666664 0.052003 0.040376 0.050158 0.038736
9 59 96.781609 0.051241 0.039357 0.051821 0.039955
9 60 96.896553 0.051942 0.039594 0.052011 0.039606
9 61 97.011497 0.050213 0.038464 0.051259 0.039609
9 62 97.126434 0.052404 0.040078 0.051558 0.039638
9 63 97.241379 0.051728 0.039984 0.050427 0.038863
9 64 97.356323 0.051362 0.039547 0.050541 0.039251
9 65 97.471268 0.050179 0.039307 0.050672 0.039123
9 66 97.586205 0.051969 0.039677 0.052030 0.040347
9 67 97.701149 0.051636 0.039829 0.052174 0.040582
9 68 97.816093 0.051644 0.039731 0.051434 0.039384
9 69 97.931038 0.051565 0.039530 0.051111 0.039560
9 70 98.045975 0.051359 0.039481 0.050980 0.038904
9 71 98.160919 0.050728 0.039109 0.052349 0.040183
9 72 98.275864 0.050176 0.039124 0.053392 0.040713
9 73 98.390808 0.051282 0.039410 0.051188 0.039318
9 74 98.505745 0.053117 0.040037 0.051603 0.039238
9 75 98.620689 0.051426 0.039385 0.051925 0.039757
9 76 98.735634 0.051622 0.039559 0.049854 0.038295
9 77 98.850578 0.051358 0.039392 0.050564 0.039139
9 78 98.965515 0.050406 0.038803 0.050592 0.038708
9 79 99.080460 0.050435 0.038816 0.051630 0.039506
9 80 99.195404 0.051193 0.039369 0.050869 0.039259
9 81 99.310349 0.050558 0.039019 0.051487 0.039566
9 82 99.425285 0.050714 0.039176 0.050388 0.039037
9 83 99.540230 0.051372 0.039837 0.051277 0.039420
9 84 99.655174 0.050997 0.039588 0.051107 0.039506
9 85 99.770119 0.052072 0.040249 0.050489 0.039147
9 86 99.885056 0.051846 0.039509 0.052648 0.040253
