0 0.000000 49530 0.825500
1 0.001488 2365 0.039417
2 0.002976 1549 0.025817
3 0.004463 1342 0.022367
4 0.005951 1104 0.018400
5 0.007439 659 0.010983
6 0.008927 529 0.008817
7 0.010415 374 0.006233
8 0.011903 332 0.005533
9 0.013390 389 0.006483
10 0.014878 319 0.005317
11 0.016366 288 0.004800
12 0.017854 223 0.003717
13 0.019342 158 0.002633
14 0.020830 157 0.002617
15 0.022317 121 0.002017
16 0.023805 79 0.001317
17 0.025293 64 0.001067
18 0.026781 69 0.001150
19 0.028269 65 0.001083
20 0.029756 65 0.001083
21 0.031244 33 0.000550
22 0.032732 32 0.000533
23 0.034220 24 0.000400
24 0.035708 35 0.000583
25 0.037196 10 0.000167
26 0.038683 12 0.000200
27 0.040171 11 0.000183
28 0.041659 5 0.000083
29 0.043147 3 0.000050
30 0.044635 5 0.000083
31 0.046123 2 0.000033
32 0.047610 2 0.000033
33 0.049098 1 0.000017
34 0.050586 1 0.000017
35 0.052074 0 0.000000
36 0.053562 0 0.000000
37 0.055049 0 0.000000
38 0.056537 1 0.000017
39 0.058025 0 0.000000
40 0.059513 0 0.000000
41 0.061001 4 0.000067
42 0.062489 0 0.000000
43 0.063976 0 0.000000
44 0.065464 0 0.000000
45 0.066952 1 0.000017
46 0.068440 2 0.000033
47 0.069928 1 0.000017
48 0.071416 1 0.000017
49 0.072903 2 0.000033
50 0.074391 0 0.000000
51 0.075879 1 0.000017
52 0.077367 1 0.000017
53 0.078855 1 0.000017
54 0.080342 3 0.000050
55 0.081830 3 0.000050
56 0.083318 3 0.000050
57 0.084806 4 0.000067
58 0.086294 1 0.000017
59 0.087782 3 0.000050
60 0.089269 3 0.000050
61 0.090757 0 0.000000
62 0.092245 0 0.000000
63 0.093733 0 0.000000
64 0.095221 2 0.000033
65 0.096709 2 0.000033
66 0.098196 0 0.000000
67 0.099684 0 0.000000
68 0.101172 1 0.000017
69 0.102660 0 0.000000
70 0.104148 1 0.000017
71 0.105635 0 0.000000
72 0.107123 0 0.000000
73 0.108611 0 0.000000
74 0.110099 0 0.000000
75 0.111587 0 0.000000
76 0.113075 0 0.000000
77 0.114562 0 0.000000
78 0.116050 0 0.000000
79 0.117538 0 0.000000
80 0.119026 0 0.000000
81 0.120514 0 0.000000
82 0.122002 0 0.000000
83 0.123489 0 0.000000
84 0.124977 0 0.000000
85 0.126465 0 0.000000
86 0.127953 0 0.000000
87 0.129441 0 0.000000
88 0.130928 0 0.000000
89 0.132416 0 0.000000
90 0.133904 0 0.000000
91 0.135392 0 0.000000
92 0.136880 0 0.000000
93 0.138368 0 0.000000
94 0.139855 0 0.000000
95 0.141343 0 0.000000
96 0.142831 1 0.000017
97 0.144319 0 0.000000
98 0.145807 0 0.000000
99 0.147295 1 0.000017
