0 -0.383790 2 0.000100
1 -0.376787 0 0.000000
2 -0.369783 0 0.000000
3 -0.362780 0 0.000000
4 -0.355777 0 0.000000
5 -0.348774 0 0.000000
6 -0.341771 0 0.000000
7 -0.334767 0 0.000000
8 -0.327764 1 0.000050
9 -0.320761 1 0.000050
10 -0.313758 3 0.000150
11 -0.306755 0 0.000000
12 -0.299751 4 0.000200
13 -0.292748 3 0.000150
14 -0.285745 4 0.000200
15 -0.278742 1 0.000050
16 -0.271739 4 0.000200
17 -0.264735 3 0.000150
18 -0.257732 0 0.000000
19 -0.250729 0 0.000000
20 -0.243726 1 0.000050
21 -0.236723 0 0.000000
22 -0.229720 1 0.000050
23 -0.222716 3 0.000150
24 -0.215713 4 0.000200
25 -0.208710 5 0.000250
26 -0.201707 14 0.000700
27 -0.194704 35 0.001750
28 -0.187700 40 0.002000
29 -0.180697 44 0.002200
30 -0.173694 46 0.002300
31 -0.166691 32 0.001600
32 -0.159688 55 0.002750
33 -0.152684 116 0.005800
34 -0.145681 147 0.007350
35 -0.138678 227 0.011350
36 -0.131675 230 0.011500
37 -0.124672 123 0.006150
38 -0.117669 142 0.007100
39 -0.110665 150 0.007500
40 -0.103662 249 0.012450
41 -0.096659 303 0.015150
42 -0.089656 507 0.025350
43 -0.082653 678 0.033900
44 -0.075649 477 0.023850
45 -0.068646 316 0.015800
46 -0.061643 355 0.017750
47 -0.054640 423 0.021150
48 -0.047637 489 0.024450
49 -0.040633 611 0.030550
50 -0.033630 682 0.034100
51 -0.026627 573 0.028650
52 -0.019624 900 0.045000
53 -0.012621 2659 0.132950
54 -0.005618 1339 0.066950
55 0.001386 725 0.036250
56 0.008389 728 0.036400
57 0.015392 955 0.047750
58 0.022395 779 0.038950
59 0.029398 427 0.021350
60 0.036402 345 0.017250
61 0.043405 326 0.016300
62 0.050408 382 0.019100
63 0.057411 510 0.025500
64 0.064414 498 0.024900
65 0.071418 301 0.015050
66 0.078421 179 0.008950
67 0.085424 165 0.008250
68 0.092427 194 0.009700
69 0.099430 197 0.009850
70 0.106433 209 0.010450
71 0.113437 313 0.015650
72 0.120440 197 0.009850
73 0.127443 103 0.005150
74 0.134446 61 0.003050
75 0.141449 87 0.004350
76 0.148453 64 0.003200
77 0.155456 56 0.002800
78 0.162459 80 0.004000
79 0.169462 51 0.002550
80 0.176465 13 0.000650
81 0.183469 14 0.000700
82 0.190472 4 0.000200
83 0.197475 11 0.000550
84 0.204478 4 0.000200
85 0.211481 4 0.000200
86 0.218484 0 0.000000
87 0.225488 0 0.000000
88 0.232491 0 0.000000
89 0.239494 0 0.000000
90 0.246497 4 0.000200
91 0.253500 0 0.000000
92 0.260504 0 0.000000
93 0.267507 0 0.000000
94 0.274510 0 0.000000
95 0.281513 3 0.000150
96 0.288516 4 0.000200
97 0.295520 4 0.000200
98 0.302523 0 0.000000
99 0.309526 1 0.000050
