0 -0.171745 2 0.000100
1 -0.168533 0 0.000000
2 -0.165320 1 0.000050
3 -0.162108 1 0.000050
4 -0.158895 2 0.000100
5 -0.155683 1 0.000050
6 -0.152471 2 0.000100
7 -0.149258 0 0.000000
8 -0.146046 0 0.000000
9 -0.142834 1 0.000050
10 -0.139621 1 0.000050
11 -0.136409 1 0.000050
12 -0.133196 3 0.000150
13 -0.129984 1 0.000050
14 -0.126772 1 0.000050
15 -0.123559 0 0.000000
16 -0.120347 0 0.000000
17 -0.117135 1 0.000050
18 -0.113922 1 0.000050
19 -0.110710 1 0.000050
20 -0.107497 1 0.000050
21 -0.104285 0 0.000000
22 -0.101073 0 0.000000
23 -0.097860 2 0.000100
24 -0.094648 0 0.000000
25 -0.091436 3 0.000150
26 -0.088223 2 0.000100
27 -0.085011 1 0.000050
28 -0.081798 2 0.000100
29 -0.078586 1 0.000050
30 -0.075374 2 0.000100
31 -0.072161 4 0.000200
32 -0.068949 6 0.000300
33 -0.065737 2 0.000100
34 -0.062524 3 0.000150
35 -0.059312 10 0.000500
36 -0.056099 25 0.001250
37 -0.052887 24 0.001200
38 -0.049675 25 0.001250
39 -0.046462 49 0.002450
40 -0.043250 61 0.003050
41 -0.040037 88 0.004400
42 -0.036825 129 0.006450
43 -0.033613 226 0.011300
44 -0.030400 393 0.019650
45 -0.027188 532 0.026600
46 -0.023976 903 0.045150
47 -0.020763 1288 0.064400
48 -0.017551 2087 0.104350
49 -0.014338 2857 0.142850
50 -0.011126 3531 0.176550
51 -0.007914 2891 0.144550
52 -0.004701 1937 0.096850
53 -0.001489 1098 0.054900
54 0.001723 679 0.033950
55 0.004936 375 0.018750
56 0.008148 290 0.014500
57 0.011361 136 0.006800
58 0.014573 57 0.002850
59 0.017785 52 0.002600
60 0.020998 43 0.002150
61 0.024210 18 0.000900
62 0.027422 17 0.000850
63 0.030635 20 0.001000
64 0.033847 18 0.000900
65 0.037060 12 0.000600
66 0.040272 7 0.000350
67 0.043484 7 0.000350
68 0.046697 3 0.000150
69 0.049909 5 0.000250
70 0.053121 2 0.000100
71 0.056334 3 0.000150
72 0.059546 5 0.000250
73 0.062759 3 0.000150
74 0.065971 4 0.000200
75 0.069183 3 0.000150
76 0.072396 2 0.000100
77 0.075608 4 0.000200
78 0.078821 2 0.000100
79 0.082033 3 0.000150
80 0.085245 3 0.000150
81 0.088458 5 0.000250
82 0.091670 2 0.000100
83 0.094882 2 0.000100
84 0.098095 7 0.000350
85 0.101307 6 0.000300
86 0.104520 0 0.000000
87 0.107732 0 0.000000
88 0.110944 0 0.000000
89 0.114157 0 0.000000
90 0.117369 0 0.000000
91 0.120581 0 0.000000
92 0.123794 0 0.000000
93 0.127006 0 0.000000
94 0.130219 0 0.000000
95 0.133431 1 0.000050
96 0.136643 0 0.000000
97 0.139856 0 0.000000
98 0.143068 0 0.000000
99 0.146280 1 0.000050
