0 -0.383790 2 0.000033
1 -0.376787 0 0.000000
2 -0.369783 0 0.000000
3 -0.362780 0 0.000000
4 -0.355777 0 0.000000
5 -0.348774 0 0.000000
6 -0.341771 0 0.000000
7 -0.334767 0 0.000000
8 -0.327764 1 0.000017
9 -0.320761 1 0.000017
10 -0.313758 3 0.000050
11 -0.306755 0 0.000000
12 -0.299751 4 0.000067
13 -0.292748 3 0.000050
14 -0.285745 4 0.000067
15 -0.278742 1 0.000017
16 -0.271739 4 0.000067
17 -0.264735 3 0.000050
18 -0.257732 0 0.000000
19 -0.250729 0 0.000000
20 -0.243726 1 0.000017
21 -0.236723 0 0.000000
22 -0.229720 1 0.000017
23 -0.222716 3 0.000050
24 -0.215713 4 0.000067
25 -0.208710 5 0.000083
26 -0.201707 14 0.000233
27 -0.194704 35 0.000583
28 -0.187700 40 0.000667
29 -0.180697 44 0.000733
30 -0.173694 48 0.000800
31 -0.166691 34 0.000567
32 -0.159688 58 0.000967
33 -0.152684 119 0.001983
34 -0.145681 149 0.002483
35 -0.138678 234 0.003900
36 -0.131675 233 0.003883
37 -0.124672 124 0.002067
38 -0.117669 146 0.002433
39 -0.110665 153 0.002550
40 -0.103662 251 0.004183
41 -0.096659 308 0.005133
42 -0.089656 518 0.008633
43 -0.082653 685 0.011417
44 -0.075649 493 0.008217
45 -0.068646 345 0.005750
46 -0.061643 425 0.007083
47 -0.054640 516 0.008600
48 -0.047637 698 0.011633
49 -0.040633 1001 0.016683
50 -0.033630 1763 0.029383
51 -0.026627 3288 0.054800
52 -0.019624 8628 0.143800
53 -0.012621 17710 0.295167
54 -0.005618 9940 0.165667
55 0.001386 3154 0.052567
56 0.008389 1529 0.025483
57 0.015392 1210 0.020167
58 0.022395 928 0.015467
59 0.029398 527 0.008783
60 0.036402 405 0.006750
61 0.043405 367 0.006117
62 0.050408 410 0.006833
63 0.057411 529 0.008817
64 0.064414 520 0.008667
65 0.071418 312 0.005200
66 0.078421 190 0.003167
67 0.085424 175 0.002917
68 0.092427 202 0.003367
69 0.099430 213 0.003550
70 0.106433 209 0.003483
71 0.113437 313 0.005217
72 0.120440 197 0.003283
73 0.127443 103 0.001717
74 0.134446 62 0.001033
75 0.141449 88 0.001467
76 0.148453 64 0.001067
77 0.155456 56 0.000933
78 0.162459 80 0.001333
79 0.169462 51 0.000850
80 0.176465 13 0.000217
81 0.183469 14 0.000233
82 0.190472 4 0.000067
83 0.197475 11 0.000183
84 0.204478 4 0.000067
85 0.211481 4 0.000067
86 0.218484 0 0.000000
87 0.225488 0 0.000000
88 0.232491 0 0.000000
89 0.239494 0 0.000000
90 0.246497 4 0.000067
91 0.253500 0 0.000000
92 0.260504 0 0.000000
93 0.267507 0 0.000000
94 0.274510 0 0.000000
95 0.281513 3 0.000050
96 0.288516 4 0.000067
97 0.295520 4 0.000067
98 0.302523 0 0.000000
99 0.309526 1 0.000017
