0 -0.149685 1 0.000050
1 -0.147128 1 0.000050
2 -0.144570 0 0.000000
3 -0.142012 0 0.000000
4 -0.139454 1 0.000050
5 -0.136897 0 0.000000
6 -0.134339 1 0.000050
7 -0.131781 0 0.000000
8 -0.129223 1 0.000050
9 -0.126666 1 0.000050
10 -0.124108 0 0.000000
11 -0.121550 0 0.000000
12 -0.118992 0 0.000000
13 -0.116435 1 0.000050
14 -0.113877 1 0.000050
15 -0.111319 0 0.000000
16 -0.108761 1 0.000050
17 -0.106204 0 0.000000
18 -0.103646 0 0.000000
19 -0.101088 1 0.000050
20 -0.098530 1 0.000050
21 -0.095972 0 0.000000
22 -0.093415 2 0.000100
23 -0.090857 2 0.000100
24 -0.088299 3 0.000150
25 -0.085741 1 0.000050
26 -0.083184 2 0.000100
27 -0.080626 0 0.000000
28 -0.078068 2 0.000100
29 -0.075510 1 0.000050
30 -0.072953 5 0.000250
31 -0.070395 7 0.000350
32 -0.067837 3 0.000150
33 -0.065279 14 0.000700
34 -0.062722 12 0.000600
35 -0.060164 21 0.001050
36 -0.057606 18 0.000900
37 -0.055048 17 0.000850
38 -0.052491 11 0.000550
39 -0.049933 14 0.000700
40 -0.047375 31 0.001550
41 -0.044817 49 0.002450
42 -0.042260 39 0.001950
43 -0.039702 60 0.003000
44 -0.037144 54 0.002700
45 -0.034586 66 0.003300
46 -0.032029 132 0.006600
47 -0.029471 184 0.009200
48 -0.026913 259 0.012950
49 -0.024355 312 0.015600
50 -0.021797 465 0.023250
51 -0.019240 837 0.041850
52 -0.016682 1373 0.068650
53 -0.014124 1896 0.094800
54 -0.011566 2898 0.144900
55 -0.009009 3108 0.155400
56 -0.006451 2798 0.139900
57 -0.003893 1906 0.095300
58 -0.001335 1228 0.061400
59 0.001222 707 0.035350
60 0.003780 395 0.019750
61 0.006338 277 0.013850
62 0.008896 150 0.007500
63 0.011453 142 0.007100
64 0.014011 102 0.005100
65 0.016569 57 0.002850
66 0.019127 46 0.002300
67 0.021684 28 0.001400
68 0.024242 29 0.001450
69 0.026800 34 0.001700
70 0.029358 21 0.001050
71 0.031915 24 0.001200
72 0.034473 20 0.001000
73 0.037031 20 0.001000
74 0.039589 9 0.000450
75 0.042147 7 0.000350
76 0.044704 14 0.000700
77 0.047262 11 0.000550
78 0.049820 8 0.000400
79 0.052378 6 0.000300
80 0.054935 8 0.000400
81 0.057493 2 0.000100
82 0.060051 4 0.000200
83 0.062609 4 0.000200
84 0.065166 6 0.000300
85 0.067724 8 0.000400
86 0.070282 1 0.000050
87 0.072840 2 0.000100
88 0.075397 2 0.000100
89 0.077955 2 0.000100
90 0.080513 1 0.000050
91 0.083071 3 0.000150
92 0.085628 0 0.000000
93 0.088186 0 0.000000
94 0.090744 2 0.000100
95 0.093302 2 0.000100
96 0.095859 1 0.000050
97 0.098417 3 0.000150
98 0.100975 0 0.000000
99 0.103533 1 0.000050
