0 0.014398 2 0.000100
1 0.024354 8 0.000400
2 0.034310 4 0.000200
3 0.044265 3 0.000150
4 0.054221 3 0.000150
5 0.064176 1 0.000050
6 0.074132 4 0.000200
7 0.084087 3 0.000150
8 0.094043 7 0.000350
9 0.103999 2 0.000100
10 0.113954 5 0.000250
11 0.123910 1 0.000050
12 0.133865 1 0.000050
13 0.143821 3 0.000150
14 0.153776 3 0.000150
15 0.163732 1 0.000050
16 0.173688 4 0.000200
17 0.183643 4 0.000200
18 0.193599 6 0.000300
19 0.203554 4 0.000200
20 0.213510 4 0.000200
21 0.223465 6 0.000300
22 0.233421 5 0.000250
23 0.243377 24 0.001200
24 0.253332 27 0.001350
25 0.263288 24 0.001200
26 0.273243 32 0.001600
27 0.283199 35 0.001750
28 0.293154 26 0.001300
29 0.303110 58 0.002900
30 0.313066 97 0.004850
31 0.323021 143 0.007150
32 0.332977 181 0.009050
33 0.342932 81 0.004050
34 0.352888 10 0.000500
35 0.362843 14 0.000700
36 0.372799 14 0.000700
37 0.382755 17 0.000850
38 0.392710 20 0.001000
39 0.402666 25 0.001250
40 0.412621 24 0.001200
41 0.422577 24 0.001200
42 0.432532 18 0.000900
43 0.442488 37 0.001850
44 0.452444 53 0.002650
45 0.462399 47 0.002350
46 0.472355 82 0.004100
47 0.482310 92 0.004600
48 0.492266 131 0.006550
49 0.502221 109 0.005450
50 0.512177 137 0.006850
51 0.522133 179 0.008950
52 0.532088 228 0.011400
53 0.542044 267 0.013350
54 0.551999 414 0.020700
55 0.561955 536 0.026800
56 0.571910 1171 0.058550
57 0.581866 2277 0.113850
58 0.591822 2825 0.141250
59 0.601777 1408 0.070400
60 0.611733 853 0.042650
61 0.621688 744 0.037200
62 0.631644 447 0.022350
63 0.641599 323 0.016150
64 0.651555 274 0.013700
65 0.661511 229 0.011450
66 0.671466 210 0.010500
67 0.681422 179 0.008950
68 0.691377 169 0.008450
69 0.701333 169 0.008450
70 0.711288 150 0.007500
71 0.721244 147 0.007350
72 0.731200 150 0.007500
73 0.741155 154 0.007700
74 0.751111 160 0.008000
75 0.761066 177 0.008850
76 0.771022 146 0.007300
77 0.780977 149 0.007450
78 0.790933 156 0.007800
79 0.800889 115 0.005750
80 0.810844 152 0.007600
81 0.820800 261 0.013050
82 0.830755 179 0.008950
83 0.840711 223 0.011150
84 0.850666 325 0.016250
85 0.860622 485 0.024250
86 0.870578 372 0.018600
87 0.880533 360 0.018000
88 0.890489 251 0.012550
89 0.900444 249 0.012450
90 0.910400 258 0.012900
91 0.920355 287 0.014350
92 0.930311 223 0.011150
93 0.940267 135 0.006750
94 0.950222 62 0.003100
95 0.960178 46 0.002300
96 0.970133 45 0.002250
97 0.980089 7 0.000350
98 0.990044 6 0.000300
99 1.000000 2 0.000100
