0 0.121210 1 0.000050
1 0.128170 1 0.000050
2 0.135129 0 0.000000
3 0.142089 0 0.000000
4 0.149048 0 0.000000
5 0.156007 0 0.000000
6 0.162967 0 0.000000
7 0.169926 0 0.000000
8 0.176886 0 0.000000
9 0.183845 0 0.000000
10 0.190805 0 0.000000
11 0.197764 2 0.000100
12 0.204723 2 0.000100
13 0.211683 2 0.000100
14 0.218642 8 0.000400
15 0.225602 5 0.000250
16 0.232561 2 0.000100
17 0.239520 2 0.000100
18 0.246480 1 0.000050
19 0.253439 1 0.000050
20 0.260399 1 0.000050
21 0.267358 0 0.000000
22 0.274318 0 0.000000
23 0.281277 0 0.000000
24 0.288236 1 0.000050
25 0.295196 4 0.000200
26 0.302155 13 0.000650
27 0.309115 25 0.001250
28 0.316074 32 0.001600
29 0.323034 46 0.002300
30 0.329993 54 0.002700
31 0.336952 23 0.001150
32 0.343912 48 0.002400
33 0.350871 79 0.003950
34 0.357831 121 0.006050
35 0.364790 108 0.005400
36 0.371749 296 0.014800
37 0.378709 145 0.007250
38 0.385668 167 0.008350
39 0.392628 136 0.006800
40 0.399587 180 0.009000
41 0.406547 229 0.011450
42 0.413506 302 0.015100
43 0.420465 466 0.023300
44 0.427425 816 0.040800
45 0.434384 420 0.021000
46 0.441344 276 0.013800
47 0.448303 314 0.015700
48 0.455262 506 0.025300
49 0.462222 489 0.024450
50 0.469181 776 0.038800
51 0.476141 405 0.020250
52 0.483100 493 0.024650
53 0.490060 527 0.026350
54 0.497019 3785 0.189250
55 0.503978 835 0.041750
56 0.510938 578 0.028900
57 0.517897 545 0.027250
58 0.524857 945 0.047250
59 0.531816 835 0.041750
60 0.538776 414 0.020700
61 0.545735 393 0.019650
62 0.552694 353 0.017650
63 0.559654 366 0.018300
64 0.566613 558 0.027900
65 0.573573 514 0.025700
66 0.580532 267 0.013350
67 0.587491 229 0.011450
68 0.594451 163 0.008150
69 0.601410 209 0.010450
70 0.608370 178 0.008900
71 0.615329 167 0.008350
72 0.622289 348 0.017400
73 0.629248 241 0.012050
74 0.636207 96 0.004800
75 0.643167 54 0.002700
76 0.650126 57 0.002850
77 0.657086 90 0.004500
78 0.664045 41 0.002050
79 0.671005 91 0.004550
80 0.677964 33 0.001650
81 0.684923 22 0.001100
82 0.691883 15 0.000750
83 0.698842 17 0.000850
84 0.705802 17 0.000850
85 0.712761 3 0.000150
86 0.719720 0 0.000000
87 0.726680 0 0.000000
88 0.733639 0 0.000000
89 0.740599 0 0.000000
90 0.747558 0 0.000000
91 0.754518 0 0.000000
92 0.761477 0 0.000000
93 0.768436 3 0.000150
94 0.775396 1 0.000050
95 0.782355 1 0.000050
96 0.789315 3 0.000150
97 0.796274 3 0.000150
98 0.803234 4 0.000200
99 0.810193 1 0.000050
