0 0.012166 4 0.000200
1 0.021910 5 0.000250
2 0.031653 1 0.000050
3 0.041397 7 0.000350
4 0.051140 12 0.000600
5 0.060884 8 0.000400
6 0.070627 5 0.000250
7 0.080371 8 0.000400
8 0.090115 12 0.000600
9 0.099858 14 0.000700
10 0.109602 6 0.000300
11 0.119345 5 0.000250
12 0.129089 10 0.000500
13 0.138832 5 0.000250
14 0.148576 8 0.000400
15 0.158320 8 0.000400
16 0.168063 9 0.000450
17 0.177807 15 0.000750
18 0.187550 14 0.000700
19 0.197294 12 0.000600
20 0.207037 31 0.001550
21 0.216781 31 0.001550
22 0.226524 31 0.001550
23 0.236268 26 0.001300
24 0.246012 29 0.001450
25 0.255755 45 0.002250
26 0.265499 38 0.001900
27 0.275242 57 0.002850
28 0.284986 54 0.002700
29 0.294729 55 0.002750
30 0.304473 48 0.002400
31 0.314217 71 0.003550
32 0.323960 86 0.004300
33 0.333704 91 0.004550
34 0.343447 92 0.004600
35 0.353191 86 0.004300
36 0.362934 108 0.005400
37 0.372678 132 0.006600
38 0.382422 165 0.008250
39 0.392165 176 0.008800
40 0.401909 200 0.010000
41 0.411652 231 0.011550
42 0.421396 263 0.013150
43 0.431139 380 0.019000
44 0.440883 370 0.018500
45 0.450627 576 0.028800
46 0.460370 721 0.036050
47 0.470114 943 0.047150
48 0.479857 1711 0.085550
49 0.489601 3017 0.150850
50 0.499344 2968 0.148400
51 0.509088 1711 0.085550
52 0.518831 1035 0.051750
53 0.528575 723 0.036150
54 0.538319 481 0.024050
55 0.548062 363 0.018150
56 0.557806 359 0.017950
57 0.567549 325 0.016250
58 0.577293 296 0.014800
59 0.587036 174 0.008700
60 0.596780 158 0.007900
61 0.606524 157 0.007850
62 0.616267 143 0.007150
63 0.626011 112 0.005600
64 0.635754 83 0.004150
65 0.645498 96 0.004800
66 0.655241 91 0.004550
67 0.664985 66 0.003300
68 0.674729 66 0.003300
69 0.684472 61 0.003050
70 0.694216 46 0.002300
71 0.703959 34 0.001700
72 0.713703 39 0.001950
73 0.723446 33 0.001650
74 0.733190 20 0.001000
75 0.742934 25 0.001250
76 0.752677 24 0.001200
77 0.762421 27 0.001350
78 0.772164 23 0.001150
79 0.781908 29 0.001450
80 0.791651 23 0.001150
81 0.801395 17 0.000850
82 0.811139 18 0.000900
83 0.820882 13 0.000650
84 0.830626 10 0.000500
85 0.840369 20 0.001000
86 0.850113 8 0.000400
87 0.859856 7 0.000350
88 0.869600 9 0.000450
89 0.879343 7 0.000350
90 0.889087 9 0.000450
91 0.898831 9 0.000450
92 0.908574 10 0.000500
93 0.918318 11 0.000550
94 0.928061 13 0.000650
95 0.937805 4 0.000200
96 0.947548 2 0.000100
97 0.957292 3 0.000150
98 0.967036 6 0.000300
99 0.976779 1 0.000050
