0 0.012166 6 0.000100
1 0.022144 12 0.000200
2 0.032122 4 0.000067
3 0.042100 12 0.000200
4 0.052079 16 0.000267
5 0.062057 9 0.000150
6 0.072035 9 0.000150
7 0.082013 14 0.000233
8 0.091991 17 0.000283
9 0.101969 14 0.000233
10 0.111947 13 0.000217
11 0.121925 11 0.000183
12 0.131903 6 0.000100
13 0.141882 9 0.000150
14 0.151860 14 0.000233
15 0.161838 10 0.000167
16 0.171816 15 0.000250
17 0.181794 20 0.000333
18 0.191772 17 0.000283
19 0.201750 33 0.000550
20 0.211728 38 0.000633
21 0.221707 52 0.000867
22 0.231685 32 0.000533
23 0.241663 50 0.000833
24 0.251641 65 0.001083
25 0.261619 68 0.001133
26 0.271597 87 0.001450
27 0.281575 89 0.001483
28 0.291553 90 0.001500
29 0.301532 109 0.001817
30 0.311510 225 0.003750
31 0.321488 256 0.004267
32 0.331466 341 0.005683
33 0.341444 248 0.004133
34 0.351422 241 0.004017
35 0.361400 292 0.004867
36 0.371378 504 0.008400
37 0.381357 399 0.006650
38 0.391335 404 0.006733
39 0.401313 514 0.008567
40 0.411291 682 0.011367
41 0.421269 1215 0.020250
42 0.431247 1157 0.019283
43 0.441225 829 0.013817
44 0.451203 1282 0.021367
45 0.461181 1572 0.026200
46 0.471160 1966 0.032767
47 0.481138 2677 0.044617
48 0.491116 4290 0.071500
49 0.501094 7052 0.117533
50 0.511072 2559 0.042650
51 0.521050 2276 0.037933
52 0.531028 1972 0.032867
53 0.541006 1253 0.020883
54 0.550985 1270 0.021167
55 0.560963 1487 0.024783
56 0.570941 2184 0.036400
57 0.580919 2787 0.046450
58 0.590897 3303 0.055050
59 0.600875 1979 0.032983
60 0.610853 1277 0.021283
61 0.620831 1370 0.022833
62 0.630810 799 0.013317
63 0.640788 489 0.008150
64 0.650766 471 0.007850
65 0.660744 387 0.006450
66 0.670722 395 0.006583
67 0.680700 284 0.004733
68 0.690678 238 0.003967
69 0.700656 236 0.003933
70 0.710635 197 0.003283
71 0.720613 189 0.003150
72 0.730591 170 0.002833
73 0.740569 182 0.003033
74 0.750547 177 0.002950
75 0.760525 202 0.003367
76 0.770503 183 0.003050
77 0.780481 179 0.002983
78 0.790459 185 0.003083
79 0.800438 137 0.002283
80 0.810416 173 0.002883
81 0.820394 268 0.004467
82 0.830372 193 0.003217
83 0.840350 248 0.004133
84 0.850328 326 0.005433
85 0.860306 477 0.007950
86 0.870284 404 0.006733
87 0.880263 358 0.005967
88 0.890241 267 0.004450
89 0.900219 261 0.004350
90 0.910197 263 0.004383
91 0.920175 299 0.004983
92 0.930153 239 0.003983
93 0.940131 141 0.002350
94 0.950109 65 0.001083
95 0.960088 47 0.000783
96 0.970066 52 0.000867
97 0.980044 7 0.000117
98 0.990022 6 0.000100
99 1.000000 2 0.000033
