0 0.046316 7 0.000117
1 0.055949 5 0.000083
2 0.065581 3 0.000050
3 0.075213 6 0.000100
4 0.084846 3 0.000050
5 0.094478 8 0.000133
6 0.104111 8 0.000133
7 0.113743 20 0.000333
8 0.123375 26 0.000433
9 0.133007 17 0.000283
10 0.142640 14 0.000233
11 0.152272 21 0.000350
12 0.161905 16 0.000267
13 0.171537 14 0.000233
14 0.181169 15 0.000250
15 0.190802 24 0.000400
16 0.200434 30 0.000500
17 0.210066 36 0.000600
18 0.219699 33 0.000550
19 0.229331 47 0.000783
20 0.238963 44 0.000733
21 0.248596 73 0.001217
22 0.258228 64 0.001067
23 0.267860 62 0.001033
24 0.277493 77 0.001283
25 0.287125 96 0.001600
26 0.296757 90 0.001500
27 0.306390 88 0.001467
28 0.316022 127 0.002117
29 0.325654 170 0.002833
30 0.335287 271 0.004517
31 0.344919 210 0.003500
32 0.354551 107 0.001783
33 0.364184 106 0.001767
34 0.373816 124 0.002067
35 0.383448 155 0.002583
36 0.393081 188 0.003133
37 0.402713 215 0.003583
38 0.412345 213 0.003550
39 0.421978 233 0.003883
40 0.431610 340 0.005667
41 0.441242 355 0.005917
42 0.450875 447 0.007450
43 0.460507 543 0.009050
44 0.470139 816 0.013600
45 0.479772 1353 0.022550
46 0.489404 2796 0.046600
47 0.499036 10119 0.168650
48 0.508669 13528 0.225467
49 0.518301 2588 0.043133
50 0.527933 1489 0.024817
51 0.537566 916 0.015267
52 0.547198 735 0.012250
53 0.556830 727 0.012117
54 0.566463 854 0.014233
55 0.576095 1056 0.017600
56 0.585727 1826 0.030433
57 0.595360 2997 0.049950
58 0.604992 2271 0.037850
59 0.614624 1201 0.020017
60 0.624257 953 0.015883
61 0.633889 649 0.010817
62 0.643521 570 0.009500
63 0.653154 367 0.006117
64 0.662786 329 0.005483
65 0.672418 312 0.005200
66 0.682051 249 0.004150
67 0.691683 234 0.003900
68 0.701315 205 0.003417
69 0.710948 165 0.002750
70 0.720580 167 0.002783
71 0.730212 190 0.003167
72 0.739845 167 0.002783
73 0.749477 173 0.002883
74 0.759109 198 0.003300
75 0.768742 166 0.002767
76 0.778374 164 0.002733
77 0.788006 181 0.003017
78 0.797639 161 0.002683
79 0.807271 178 0.002967
80 0.816903 174 0.002900
81 0.826536 182 0.003033
82 0.836168 199 0.003317
83 0.845800 296 0.004933
84 0.855433 263 0.004383
85 0.865065 263 0.004383
86 0.874697 435 0.007250
87 0.884330 310 0.005167
88 0.893962 447 0.007450
89 0.903594 252 0.004200
90 0.913227 191 0.003183
91 0.922859 312 0.005200
92 0.932491 287 0.004783
93 0.942124 287 0.004783
94 0.951756 99 0.001650
95 0.961388 84 0.001400
96 0.971021 59 0.000983
97 0.980653 35 0.000583
98 0.990285 23 0.000383
99 0.999918 1 0.000017
