0 0.121667 18 0.000900
1 0.130539 5 0.000250
2 0.139410 3 0.000150
3 0.148281 1 0.000050
4 0.157152 7 0.000350
5 0.166023 4 0.000200
6 0.174895 3 0.000150
7 0.183766 1 0.000050
8 0.192637 4 0.000200
9 0.201508 7 0.000350
10 0.210380 6 0.000300
11 0.219251 6 0.000300
12 0.228122 21 0.001050
13 0.236993 16 0.000800
14 0.245864 26 0.001300
15 0.254736 22 0.001100
16 0.263607 24 0.001200
17 0.272478 32 0.001600
18 0.281349 40 0.002000
19 0.290220 36 0.001800
20 0.299092 26 0.001300
21 0.307963 39 0.001950
22 0.316834 59 0.002950
23 0.325705 93 0.004650
24 0.334577 170 0.008500
25 0.343448 108 0.005400
26 0.352319 26 0.001300
27 0.361190 15 0.000750
28 0.370061 15 0.000750
29 0.378933 13 0.000650
30 0.387804 10 0.000500
31 0.396675 19 0.000950
32 0.405546 27 0.001350
33 0.414418 25 0.001250
34 0.423289 11 0.000550
35 0.432160 15 0.000750
36 0.441031 19 0.000950
37 0.449902 24 0.001200
38 0.458774 41 0.002050
39 0.467645 36 0.001800
40 0.476516 67 0.003350
41 0.485387 67 0.003350
42 0.494258 96 0.004800
43 0.503130 122 0.006100
44 0.512001 122 0.006100
45 0.520872 109 0.005450
46 0.529743 125 0.006250
47 0.538615 214 0.010700
48 0.547486 234 0.011700
49 0.556357 284 0.014200
50 0.565228 408 0.020400
51 0.574099 604 0.030200
52 0.582971 1020 0.051000
53 0.591842 2227 0.111350
54 0.600713 2586 0.129300
55 0.609584 1327 0.066350
56 0.618455 846 0.042300
57 0.627327 725 0.036250
58 0.636198 463 0.023150
59 0.645069 385 0.019250
60 0.653940 267 0.013350
61 0.662812 232 0.011600
62 0.671683 214 0.010700
63 0.680554 177 0.008850
64 0.689425 165 0.008250
65 0.698296 162 0.008100
66 0.707168 142 0.007100
67 0.716039 121 0.006050
68 0.724910 123 0.006150
69 0.733781 132 0.006600
70 0.742652 119 0.005950
71 0.751524 142 0.007100
72 0.760395 158 0.007900
73 0.769266 130 0.006500
74 0.778137 128 0.006400
75 0.787009 136 0.006800
76 0.795880 136 0.006800
77 0.804751 132 0.006600
78 0.813622 139 0.006950
79 0.822493 131 0.006550
80 0.831365 173 0.008650
81 0.840236 190 0.009500
82 0.849107 279 0.013950
83 0.857978 222 0.011100
84 0.866849 244 0.012200
85 0.875721 386 0.019300
86 0.884592 262 0.013100
87 0.893463 406 0.020300
88 0.902334 270 0.013500
89 0.911206 145 0.007250
90 0.920077 257 0.012850
91 0.928948 260 0.013000
92 0.937819 280 0.014000
93 0.946690 192 0.009600
94 0.955562 74 0.003700
95 0.964433 73 0.003650
96 0.973304 49 0.002450
97 0.982175 26 0.001300
98 0.991046 21 0.001050
99 0.999918 1 0.000050
