0 0.477069 9 0.000450
1 0.477758 9 0.000450
2 0.478447 2 0.000100
3 0.479136 4 0.000200
4 0.479825 5 0.000250
5 0.480514 2 0.000100
6 0.481202 5 0.000250
7 0.481891 9 0.000450
8 0.482580 11 0.000550
9 0.483269 6 0.000300
10 0.483958 6 0.000300
11 0.484647 10 0.000500
12 0.485336 6 0.000300
13 0.486025 9 0.000450
14 0.486713 10 0.000500
15 0.487402 12 0.000600
16 0.488091 16 0.000800
17 0.488780 30 0.001500
18 0.489469 25 0.001250
19 0.490158 15 0.000750
20 0.490847 28 0.001400
21 0.491536 28 0.001400
22 0.492224 53 0.002650
23 0.492913 54 0.002700
24 0.493602 66 0.003300
25 0.494291 79 0.003950
26 0.494980 86 0.004300
27 0.495669 108 0.005400
28 0.496358 100 0.005000
29 0.497046 92 0.004600
30 0.497735 95 0.004750
31 0.498424 117 0.005850
32 0.499113 138 0.006900
33 0.499802 173 0.008650
34 0.500491 162 0.008100
35 0.501180 198 0.009900
36 0.501869 220 0.011000
37 0.502557 263 0.013150
38 0.503246 362 0.018100
39 0.503935 375 0.018750
40 0.504624 510 0.025500
41 0.505313 641 0.032050
42 0.506002 714 0.035700
43 0.506691 915 0.045750
44 0.507380 896 0.044800
45 0.508068 1197 0.059850
46 0.508757 1270 0.063500
47 0.509446 1311 0.065550
48 0.510135 1320 0.066000
49 0.510824 1384 0.069200
50 0.511513 1090 0.054500
51 0.512202 948 0.047400
52 0.512891 828 0.041400
53 0.513579 608 0.030400
54 0.514268 468 0.023400
55 0.514957 459 0.022950
56 0.515646 308 0.015400
57 0.516335 272 0.013600
58 0.517024 160 0.008000
59 0.517713 210 0.010500
60 0.518402 157 0.007850
61 0.519090 128 0.006400
62 0.519779 111 0.005550
63 0.520468 86 0.004300
64 0.521157 93 0.004650
65 0.521846 88 0.004400
66 0.522535 105 0.005250
67 0.523224 82 0.004100
68 0.523912 36 0.001800
69 0.524601 47 0.002350
70 0.525290 55 0.002750
71 0.525979 49 0.002450
72 0.526668 45 0.002250
73 0.527357 73 0.003650
74 0.528046 67 0.003350
75 0.528735 47 0.002350
76 0.529423 40 0.002000
77 0.530112 23 0.001150
78 0.530801 23 0.001150
79 0.531490 17 0.000850
80 0.532179 12 0.000600
81 0.532868 8 0.000400
82 0.533557 15 0.000750
83 0.534246 13 0.000650
84 0.534934 12 0.000600
85 0.535623 13 0.000650
86 0.536312 14 0.000700
87 0.537001 10 0.000500
88 0.537690 4 0.000200
89 0.538379 4 0.000200
90 0.539068 2 0.000100
91 0.539757 2 0.000100
92 0.540445 1 0.000050
93 0.541134 0 0.000000
94 0.541823 1 0.000050
95 0.542512 2 0.000100
96 0.543201 1 0.000050
97 0.543890 1 0.000050
98 0.544579 5 0.000250
99 0.545268 1 0.000050
