0 0.046316 7 0.000350
1 0.055643 5 0.000250
2 0.064969 3 0.000150
3 0.074295 5 0.000250
4 0.083621 3 0.000150
5 0.092948 7 0.000350
6 0.102274 9 0.000450
7 0.111600 14 0.000700
8 0.120926 9 0.000450
9 0.130252 12 0.000600
10 0.139579 15 0.000750
11 0.148905 11 0.000550
12 0.158231 12 0.000600
13 0.167557 11 0.000550
14 0.176883 14 0.000700
15 0.186210 15 0.000750
16 0.195536 22 0.001100
17 0.204862 22 0.001100
18 0.214188 26 0.001300
19 0.223514 23 0.001150
20 0.232841 22 0.001100
21 0.242167 38 0.001900
22 0.251493 42 0.002100
23 0.260819 34 0.001700
24 0.270145 26 0.001300
25 0.279472 46 0.002300
26 0.288798 52 0.002600
27 0.298124 57 0.002850
28 0.307450 45 0.002250
29 0.316777 62 0.003100
30 0.326103 63 0.003150
31 0.335429 103 0.005150
32 0.344755 96 0.004800
33 0.354081 87 0.004350
34 0.363408 86 0.004300
35 0.372734 105 0.005250
36 0.382060 133 0.006650
37 0.391386 164 0.008200
38 0.400712 178 0.008900
39 0.410039 161 0.008050
40 0.419365 214 0.010700
41 0.428691 285 0.014250
42 0.438017 310 0.015500
43 0.447343 355 0.017750
44 0.456670 456 0.022800
45 0.465996 614 0.030700
46 0.475322 855 0.042750
47 0.484648 1372 0.068600
48 0.493975 2362 0.118100
49 0.503301 3345 0.167250
50 0.512627 1866 0.093300
51 0.521953 1179 0.058950
52 0.531279 869 0.043450
53 0.540606 601 0.030050
54 0.549932 461 0.023050
55 0.559258 361 0.018050
56 0.568584 358 0.017900
57 0.577910 321 0.016050
58 0.587237 250 0.012500
59 0.596563 183 0.009150
60 0.605889 151 0.007550
61 0.615215 144 0.007200
62 0.624541 138 0.006900
63 0.633868 85 0.004250
64 0.643194 125 0.006250
65 0.652520 78 0.003900
66 0.661846 71 0.003550
67 0.671172 86 0.004300
68 0.680499 55 0.002750
69 0.689825 63 0.003150
70 0.699151 39 0.001950
71 0.708477 33 0.001650
72 0.717803 32 0.001600
73 0.727130 35 0.001750
74 0.736456 37 0.001850
75 0.745782 40 0.002000
76 0.755108 17 0.000850
77 0.764435 21 0.001050
78 0.773761 28 0.001400
79 0.783087 22 0.001100
80 0.792413 26 0.001300
81 0.801739 22 0.001100
82 0.811066 29 0.001450
83 0.820392 22 0.001100
84 0.829718 13 0.000650
85 0.839044 16 0.000800
86 0.848370 15 0.000750
87 0.857697 8 0.000400
88 0.867023 12 0.000600
89 0.876349 12 0.000600
90 0.885675 10 0.000500
91 0.895001 8 0.000400
92 0.904328 9 0.000450
93 0.913654 11 0.000550
94 0.922980 8 0.000400
95 0.932306 4 0.000200
96 0.941633 3 0.000150
97 0.950959 5 0.000250
98 0.960285 4 0.000200
99 0.969611 1 0.000050
