0 -0.119407 2 0.000100
1 -0.117285 0 0.000000
2 -0.115163 0 0.000000
3 -0.113042 0 0.000000
4 -0.110920 0 0.000000
5 -0.108799 1 0.000050
6 -0.106677 0 0.000000
7 -0.104556 0 0.000000
8 -0.102434 0 0.000000
9 -0.100313 0 0.000000
10 -0.098191 0 0.000000
11 -0.096070 0 0.000000
12 -0.093948 1 0.000050
13 -0.091827 0 0.000000
14 -0.089705 0 0.000000
15 -0.087584 1 0.000050
16 -0.085462 1 0.000050
17 -0.083341 3 0.000150
18 -0.081219 3 0.000150
19 -0.079098 2 0.000100
20 -0.076976 1 0.000050
21 -0.074855 0 0.000000
22 -0.072733 1 0.000050
23 -0.070612 1 0.000050
24 -0.068490 5 0.000250
25 -0.066369 1 0.000050
26 -0.064247 1 0.000050
27 -0.062126 7 0.000350
28 -0.060004 5 0.000250
29 -0.057882 6 0.000300
30 -0.055761 11 0.000550
31 -0.053639 7 0.000350
32 -0.051518 7 0.000350
33 -0.049396 13 0.000650
34 -0.047275 13 0.000650
35 -0.045153 18 0.000900
36 -0.043032 14 0.000700
37 -0.040910 36 0.001800
38 -0.038789 34 0.001700
39 -0.036667 55 0.002750
40 -0.034546 55 0.002750
41 -0.032424 56 0.002800
42 -0.030303 74 0.003700
43 -0.028181 111 0.005550
44 -0.026060 148 0.007400
45 -0.023938 155 0.007750
46 -0.021817 232 0.011600
47 -0.019695 334 0.016700
48 -0.017574 551 0.027550
49 -0.015452 607 0.030350
50 -0.013331 997 0.049850
51 -0.011209 1910 0.095500
52 -0.009088 3167 0.158350
53 -0.006966 3784 0.189200
54 -0.004844 2940 0.147000
55 -0.002723 1659 0.082950
56 -0.000601 969 0.048450
57 0.001520 585 0.029250
58 0.003642 354 0.017700
59 0.005763 214 0.010700
60 0.007885 190 0.009500
61 0.010006 164 0.008200
62 0.012128 109 0.005450
63 0.014249 79 0.003950
64 0.016371 65 0.003250
65 0.018492 37 0.001850
66 0.020614 39 0.001950
67 0.022735 27 0.001350
68 0.024857 30 0.001500
69 0.026978 15 0.000750
70 0.029100 8 0.000400
71 0.031221 14 0.000700
72 0.033343 8 0.000400
73 0.035464 10 0.000500
74 0.037586 5 0.000250
75 0.039707 13 0.000650
76 0.041829 4 0.000200
77 0.043950 1 0.000050
78 0.046072 4 0.000200
79 0.048193 2 0.000100
80 0.050315 6 0.000300
81 0.052437 4 0.000200
82 0.054558 6 0.000300
83 0.056680 4 0.000200
84 0.058801 1 0.000050
85 0.060923 0 0.000000
86 0.063044 0 0.000000
87 0.065166 0 0.000000
88 0.067287 0 0.000000
89 0.069409 0 0.000000
90 0.071530 0 0.000000
91 0.073652 0 0.000000
92 0.075773 0 0.000000
93 0.077895 0 0.000000
94 0.080016 1 0.000050
95 0.082138 0 0.000000
96 0.084259 0 0.000000
97 0.086381 1 0.000050
98 0.088502 1 0.000050
99 0.090624 0 0.000000
