0 0.000000 51760 0.862667
1 0.002316 2262 0.037700
2 0.004631 2021 0.033683
3 0.006947 822 0.013700
4 0.009263 482 0.008033
5 0.011578 490 0.008167
6 0.013894 588 0.009800
7 0.016210 411 0.006850
8 0.018525 295 0.004917
9 0.020841 226 0.003767
10 0.023157 144 0.002400
11 0.025472 111 0.001850
12 0.027788 114 0.001900
13 0.030104 90 0.001500
14 0.032419 47 0.000783
15 0.034735 26 0.000433
16 0.037051 11 0.000183
17 0.039366 13 0.000217
18 0.041682 8 0.000133
19 0.043997 11 0.000183
20 0.046313 8 0.000133
21 0.048629 7 0.000117
22 0.050944 3 0.000050
23 0.053260 0 0.000000
24 0.055576 3 0.000050
25 0.057891 1 0.000017
26 0.060207 1 0.000017
27 0.062523 2 0.000033
28 0.064838 1 0.000017
29 0.067154 2 0.000033
30 0.069470 2 0.000033
31 0.071785 6 0.000100
32 0.074101 2 0.000033
33 0.076417 1 0.000017
34 0.078732 2 0.000033
35 0.081048 1 0.000017
36 0.083364 3 0.000050
37 0.085679 2 0.000033
38 0.087995 1 0.000017
39 0.090311 1 0.000017
40 0.092626 2 0.000033
41 0.094942 2 0.000033
42 0.097258 1 0.000017
43 0.099573 2 0.000033
44 0.101889 0 0.000000
45 0.104205 0 0.000000
46 0.106520 1 0.000017
47 0.108836 0 0.000000
48 0.111152 1 0.000017
49 0.113467 0 0.000000
50 0.115783 0 0.000000
51 0.118098 0 0.000000
52 0.120414 0 0.000000
53 0.122730 1 0.000017
54 0.125045 0 0.000000
55 0.127361 0 0.000000
56 0.129677 2 0.000033
57 0.131992 1 0.000017
58 0.134308 0 0.000000
59 0.136624 1 0.000017
60 0.138939 1 0.000017
61 0.141255 1 0.000017
62 0.143571 0 0.000000
63 0.145886 0 0.000000
64 0.148202 1 0.000017
65 0.150518 0 0.000000
66 0.152833 0 0.000000
67 0.155149 0 0.000000
68 0.157465 0 0.000000
69 0.159780 0 0.000000
70 0.162096 0 0.000000
71 0.164412 0 0.000000
72 0.166727 0 0.000000
73 0.169043 0 0.000000
74 0.171359 0 0.000000
75 0.173674 0 0.000000
76 0.175990 0 0.000000
77 0.178306 0 0.000000
78 0.180621 0 0.000000
79 0.182937 0 0.000000
80 0.185253 0 0.000000
81 0.187568 0 0.000000
82 0.189884 0 0.000000
83 0.192200 0 0.000000
84 0.194515 0 0.000000
85 0.196831 0 0.000000
86 0.199146 0 0.000000
87 0.201462 0 0.000000
88 0.203778 0 0.000000
89 0.206093 0 0.000000
90 0.208409 1 0.000017
91 0.210725 0 0.000000
92 0.213040 0 0.000000
93 0.215356 0 0.000000
94 0.217672 0 0.000000
95 0.219987 0 0.000000
96 0.222303 0 0.000000
97 0.224619 0 0.000000
98 0.226934 0 0.000000
99 0.229250 1 0.000017
