0 -0.458349 1 0.000017
1 -0.448883 0 0.000000
2 -0.439417 0 0.000000
3 -0.429951 0 0.000000
4 -0.420485 0 0.000000
5 -0.411019 0 0.000000
6 -0.401552 0 0.000000
7 -0.392086 0 0.000000
8 -0.382620 0 0.000000
9 -0.373154 2 0.000033
10 -0.363688 2 0.000033
11 -0.354222 1 0.000017
12 -0.344755 1 0.000017
13 -0.335289 1 0.000017
14 -0.325823 0 0.000000
15 -0.316357 0 0.000000
16 -0.306891 0 0.000000
17 -0.297425 2 0.000033
18 -0.287958 2 0.000033
19 -0.278492 9 0.000150
20 -0.269026 3 0.000050
21 -0.259560 1 0.000017
22 -0.250094 0 0.000000
23 -0.240628 1 0.000017
24 -0.231161 4 0.000067
25 -0.221695 4 0.000067
26 -0.212229 6 0.000100
27 -0.202763 6 0.000100
28 -0.193297 27 0.000450
29 -0.183831 74 0.001233
30 -0.174365 87 0.001450
31 -0.164898 71 0.001183
32 -0.155432 147 0.002450
33 -0.145966 221 0.003683
34 -0.136500 250 0.004167
35 -0.127034 243 0.004050
36 -0.117568 169 0.002817
37 -0.108101 188 0.003133
38 -0.098635 253 0.004217
39 -0.089169 553 0.009217
40 -0.079703 906 0.015100
41 -0.070237 550 0.009167
42 -0.060771 454 0.007567
43 -0.051304 720 0.012000
44 -0.041838 1097 0.018283
45 -0.032372 1696 0.028267
46 -0.022906 4777 0.079617
47 -0.013440 23046 0.384100
48 -0.003974 14193 0.236550
49 0.005493 2745 0.045750
50 0.014959 1593 0.026550
51 0.024425 1211 0.020183
52 0.033891 638 0.010633
53 0.043357 510 0.008500
54 0.052823 633 0.010550
55 0.062290 535 0.008917
56 0.071756 406 0.006767
57 0.081222 274 0.004567
58 0.090688 221 0.003683
59 0.100154 200 0.003333
60 0.109620 304 0.005067
61 0.119087 355 0.005917
62 0.128553 158 0.002633
63 0.138019 98 0.001633
64 0.147485 108 0.001800
65 0.156951 77 0.001283
66 0.166417 58 0.000967
67 0.175883 35 0.000583
68 0.185350 13 0.000217
69 0.194816 12 0.000200
70 0.204282 9 0.000150
71 0.213748 12 0.000200
72 0.223214 3 0.000050
73 0.232680 3 0.000050
74 0.242147 2 0.000033
75 0.251613 1 0.000017
76 0.261079 1 0.000017
77 0.270545 0 0.000000
78 0.280011 1 0.000017
79 0.289477 3 0.000050
80 0.298944 4 0.000067
81 0.308410 3 0.000050
82 0.317876 2 0.000033
83 0.327342 0 0.000000
84 0.336808 0 0.000000
85 0.346274 0 0.000000
86 0.355740 0 0.000000
87 0.365207 1 0.000017
88 0.374673 1 0.000017
89 0.384139 1 0.000017
90 0.393605 0 0.000000
91 0.403071 0 0.000000
92 0.412537 0 0.000000
93 0.422004 0 0.000000
94 0.431470 0 0.000000
95 0.440936 0 0.000000
96 0.450402 0 0.000000
97 0.459868 0 0.000000
98 0.469334 0 0.000000
99 0.478801 1 0.000017
