0 -0.458349 1 0.000050
1 -0.448883 0 0.000000
2 -0.439417 0 0.000000
3 -0.429951 0 0.000000
4 -0.420485 0 0.000000
5 -0.411019 0 0.000000
6 -0.401552 0 0.000000
7 -0.392086 0 0.000000
8 -0.382620 0 0.000000
9 -0.373154 2 0.000100
10 -0.363688 2 0.000100
11 -0.354222 1 0.000050
12 -0.344755 1 0.000050
13 -0.335289 1 0.000050
14 -0.325823 0 0.000000
15 -0.316357 0 0.000000
16 -0.306891 0 0.000000
17 -0.297425 2 0.000100
18 -0.287958 2 0.000100
19 -0.278492 9 0.000450
20 -0.269026 3 0.000150
21 -0.259560 1 0.000050
22 -0.250094 0 0.000000
23 -0.240628 1 0.000050
24 -0.231161 4 0.000200
25 -0.221695 4 0.000200
26 -0.212229 6 0.000300
27 -0.202763 6 0.000300
28 -0.193297 27 0.001350
29 -0.183831 74 0.003700
30 -0.174365 87 0.004350
31 -0.164898 71 0.003550
32 -0.155432 147 0.007350
33 -0.145966 221 0.011050
34 -0.136500 250 0.012500
35 -0.127034 239 0.011950
36 -0.117568 166 0.008300
37 -0.108101 183 0.009150
38 -0.098635 249 0.012450
39 -0.089169 542 0.027100
40 -0.079703 895 0.044750
41 -0.070237 534 0.026700
42 -0.060771 419 0.020950
43 -0.051304 633 0.031650
44 -0.041838 811 0.040550
45 -0.032372 839 0.041950
46 -0.022906 971 0.048550
47 -0.013440 2682 0.134100
48 -0.003974 2362 0.118100
49 0.005493 886 0.044300
50 0.014959 1080 0.054000
51 0.024425 1064 0.053200
52 0.033891 572 0.028600
53 0.043357 472 0.023600
54 0.052823 608 0.030400
55 0.062290 534 0.026700
56 0.071756 402 0.020100
57 0.081222 270 0.013500
58 0.090688 219 0.010950
59 0.100154 199 0.009950
60 0.109620 301 0.015050
61 0.119087 355 0.017750
62 0.128553 155 0.007750
63 0.138019 92 0.004600
64 0.147485 107 0.005350
65 0.156951 73 0.003650
66 0.166417 55 0.002750
67 0.175883 35 0.001750
68 0.185350 13 0.000650
69 0.194816 12 0.000600
70 0.204282 9 0.000450
71 0.213748 12 0.000600
72 0.223214 3 0.000150
73 0.232680 3 0.000150
74 0.242147 2 0.000100
75 0.251613 1 0.000050
76 0.261079 1 0.000050
77 0.270545 0 0.000000
78 0.280011 1 0.000050
79 0.289477 3 0.000150
80 0.298944 4 0.000200
81 0.308410 3 0.000150
82 0.317876 2 0.000100
83 0.327342 0 0.000000
84 0.336808 0 0.000000
85 0.346274 0 0.000000
86 0.355740 0 0.000000
87 0.365207 1 0.000050
88 0.374673 1 0.000050
89 0.384139 1 0.000050
90 0.393605 0 0.000000
91 0.403071 0 0.000000
92 0.412537 0 0.000000
93 0.422004 0 0.000000
94 0.431470 0 0.000000
95 0.440936 0 0.000000
96 0.450402 0 0.000000
97 0.459868 0 0.000000
98 0.469334 0 0.000000
99 0.478801 1 0.000050
