0 -0.123069 2 0.000100
1 -0.120091 1 0.000050
2 -0.117112 2 0.000100
3 -0.114133 0 0.000000
4 -0.111154 0 0.000000
5 -0.108175 1 0.000050
6 -0.105196 3 0.000150
7 -0.102217 0 0.000000
8 -0.099238 0 0.000000
9 -0.096259 2 0.000100
10 -0.093280 0 0.000000
11 -0.090301 2 0.000100
12 -0.087323 1 0.000050
13 -0.084344 1 0.000050
14 -0.081365 0 0.000000
15 -0.078386 3 0.000150
16 -0.075407 1 0.000050
17 -0.072428 2 0.000100
18 -0.069449 0 0.000000
19 -0.066470 4 0.000200
20 -0.063491 0 0.000000
21 -0.060512 1 0.000050
22 -0.057533 2 0.000100
23 -0.054555 1 0.000050
24 -0.051576 7 0.000350
25 -0.048597 10 0.000500
26 -0.045618 7 0.000350
27 -0.042639 22 0.001100
28 -0.039660 28 0.001400
29 -0.036681 40 0.002000
30 -0.033702 44 0.002200
31 -0.030723 88 0.004400
32 -0.027744 152 0.007600
33 -0.024765 256 0.012800
34 -0.021787 448 0.022400
35 -0.018808 657 0.032850
36 -0.015829 1055 0.052750
37 -0.012850 1839 0.091950
38 -0.009871 2840 0.142000
39 -0.006892 4252 0.212600
40 -0.003913 3325 0.166250
41 -0.000934 2133 0.106650
42 0.002045 1053 0.052650
43 0.005024 586 0.029300
44 0.008003 347 0.017350
45 0.010981 249 0.012450
46 0.013960 145 0.007250
47 0.016939 121 0.006050
48 0.019918 54 0.002700
49 0.022897 68 0.003400
50 0.025876 26 0.001300
51 0.028855 18 0.000900
52 0.031834 10 0.000500
53 0.034813 18 0.000900
54 0.037792 8 0.000400
55 0.040771 5 0.000250
56 0.043749 6 0.000300
57 0.046728 7 0.000350
58 0.049707 7 0.000350
59 0.052686 3 0.000150
60 0.055665 7 0.000350
61 0.058644 1 0.000050
62 0.061623 0 0.000000
63 0.064602 0 0.000000
64 0.067581 1 0.000050
65 0.070560 1 0.000050
66 0.073538 0 0.000000
67 0.076517 1 0.000050
68 0.079496 1 0.000050
69 0.082475 0 0.000000
70 0.085454 2 0.000100
71 0.088433 0 0.000000
72 0.091412 1 0.000050
73 0.094391 1 0.000050
74 0.097370 0 0.000000
75 0.100349 1 0.000050
76 0.103328 0 0.000000
77 0.106306 0 0.000000
78 0.109285 0 0.000000
79 0.112264 1 0.000050
80 0.115243 2 0.000100
81 0.118222 0 0.000000
82 0.121201 0 0.000000
83 0.124180 0 0.000000
84 0.127159 0 0.000000
85 0.130138 0 0.000000
86 0.133117 1 0.000050
87 0.136096 2 0.000100
88 0.139074 1 0.000050
89 0.142053 4 0.000200
90 0.145032 1 0.000050
91 0.148011 0 0.000000
92 0.150990 0 0.000000
93 0.153969 1 0.000050
94 0.156948 1 0.000050
95 0.159927 1 0.000050
96 0.162906 2 0.000100
97 0.165885 0 0.000000
98 0.168864 2 0.000100
99 0.171842 1 0.000050
