0 0.013721 3 0.000150
1 0.023472 5 0.000250
2 0.033222 2 0.000100
3 0.042972 4 0.000200
4 0.052723 14 0.000700
5 0.062473 11 0.000550
6 0.072223 12 0.000600
7 0.081974 13 0.000650
8 0.091724 9 0.000450
9 0.101474 10 0.000500
10 0.111224 14 0.000700
11 0.120975 5 0.000250
12 0.130725 15 0.000750
13 0.140475 8 0.000400
14 0.150226 15 0.000750
15 0.159976 8 0.000400
16 0.169726 12 0.000600
17 0.179477 19 0.000950
18 0.189227 17 0.000850
19 0.198977 17 0.000850
20 0.208727 34 0.001700
21 0.218478 25 0.001250
22 0.228228 25 0.001250
23 0.237978 24 0.001200
24 0.247729 42 0.002100
25 0.257479 28 0.001400
26 0.267229 51 0.002550
27 0.276980 52 0.002600
28 0.286730 61 0.003050
29 0.296480 64 0.003200
30 0.306230 53 0.002650
31 0.315981 65 0.003250
32 0.325731 87 0.004350
33 0.335481 109 0.005450
34 0.345232 91 0.004550
35 0.354982 83 0.004150
36 0.364732 119 0.005950
37 0.374483 145 0.007250
38 0.384233 151 0.007550
39 0.393983 190 0.009500
40 0.403733 253 0.012650
41 0.413484 253 0.012650
42 0.423234 291 0.014550
43 0.432984 369 0.018450
44 0.442735 403 0.020150
45 0.452485 595 0.029750
46 0.462235 706 0.035300
47 0.471986 1004 0.050200
48 0.481736 1811 0.090550
49 0.491486 3123 0.156150
50 0.501236 2703 0.135150
51 0.510987 1459 0.072950
52 0.520737 953 0.047650
53 0.530487 689 0.034450
54 0.540238 488 0.024400
55 0.549988 396 0.019800
56 0.559738 354 0.017700
57 0.569489 343 0.017150
58 0.579239 269 0.013450
59 0.588989 166 0.008300
60 0.598740 153 0.007650
61 0.608490 135 0.006750
62 0.618240 151 0.007550
63 0.627990 128 0.006400
64 0.637741 111 0.005550
65 0.647491 121 0.006050
66 0.657241 83 0.004150
67 0.666992 92 0.004600
68 0.676742 91 0.004550
69 0.686492 69 0.003450
70 0.696242 57 0.002850
71 0.705993 33 0.001650
72 0.715743 36 0.001800
73 0.725493 31 0.001550
74 0.735244 28 0.001400
75 0.744994 33 0.001650
76 0.754744 24 0.001200
77 0.764495 34 0.001700
78 0.774245 26 0.001300
79 0.783995 26 0.001300
80 0.793746 12 0.000600
81 0.803496 11 0.000550
82 0.813246 18 0.000900
83 0.822996 10 0.000500
84 0.832747 16 0.000800
85 0.842497 15 0.000750
86 0.852247 8 0.000400
87 0.861998 8 0.000400
88 0.871748 8 0.000400
89 0.881498 4 0.000200
90 0.891248 4 0.000200
91 0.900999 13 0.000650
92 0.910749 15 0.000750
93 0.920499 15 0.000750
94 0.930250 17 0.000850
95 0.940000 4 0.000200
96 0.949750 5 0.000250
97 0.959501 8 0.000400
98 0.969251 6 0.000300
99 0.979001 1 0.000050
