0 0.064483 21 0.001050
1 0.074017 1 0.000050
2 0.083552 6 0.000300
3 0.093086 3 0.000150
4 0.102621 3 0.000150
5 0.112155 5 0.000250
6 0.121690 1 0.000050
7 0.131224 6 0.000300
8 0.140759 7 0.000350
9 0.150293 13 0.000650
10 0.159827 3 0.000150
11 0.169362 7 0.000350
12 0.178896 3 0.000150
13 0.188431 2 0.000100
14 0.197965 5 0.000250
15 0.207500 5 0.000250
16 0.217034 7 0.000350
17 0.226569 9 0.000450
18 0.236103 18 0.000900
19 0.245638 25 0.001250
20 0.255172 24 0.001200
21 0.264706 32 0.001600
22 0.274241 32 0.001600
23 0.283775 27 0.001350
24 0.293310 40 0.002000
25 0.302844 31 0.001550
26 0.312379 74 0.003700
27 0.321913 187 0.009350
28 0.331448 178 0.008900
29 0.340982 40 0.002000
30 0.350517 11 0.000550
31 0.360051 18 0.000900
32 0.369585 14 0.000700
33 0.379120 14 0.000700
34 0.388654 24 0.001200
35 0.398189 12 0.000600
36 0.407723 23 0.001150
37 0.417258 31 0.001550
38 0.426792 17 0.000850
39 0.436327 35 0.001750
40 0.445861 36 0.001800
41 0.455396 65 0.003250
42 0.464930 71 0.003550
43 0.474464 76 0.003800
44 0.483999 99 0.004950
45 0.493533 110 0.005500
46 0.503068 104 0.005200
47 0.512602 129 0.006450
48 0.522137 192 0.009600
49 0.531671 242 0.012100
50 0.541206 223 0.011150
51 0.550740 336 0.016800
52 0.560274 472 0.023600
53 0.569809 597 0.029850
54 0.579343 1162 0.058100
55 0.588878 2468 0.123400
56 0.598412 2146 0.107300
57 0.607947 1288 0.064400
58 0.617481 838 0.041900
59 0.627016 605 0.030250
60 0.636550 481 0.024050
61 0.646085 335 0.016750
62 0.655619 271 0.013550
63 0.665154 241 0.012050
64 0.674688 225 0.011250
65 0.684222 216 0.010800
66 0.693757 161 0.008050
67 0.703291 174 0.008700
68 0.712826 165 0.008250
69 0.722360 155 0.007750
70 0.731895 172 0.008600
71 0.741429 171 0.008550
72 0.750964 144 0.007200
73 0.760498 126 0.006300
74 0.770033 130 0.006500
75 0.779567 181 0.009050
76 0.789101 203 0.010150
77 0.798636 157 0.007850
78 0.808170 149 0.007450
79 0.817705 169 0.008450
80 0.827239 173 0.008650
81 0.836774 217 0.010850
82 0.846308 213 0.010650
83 0.855843 269 0.013450
84 0.865377 303 0.015150
85 0.874911 400 0.020000
86 0.884446 354 0.017700
87 0.893980 277 0.013850
88 0.903515 211 0.010550
89 0.913049 225 0.011250
90 0.922584 320 0.016000
91 0.932118 266 0.013300
92 0.941653 232 0.011600
93 0.951187 95 0.004750
94 0.960721 52 0.002600
95 0.970256 54 0.002700
96 0.979790 24 0.001200
97 0.989325 11 0.000550
98 0.998859 4 0.000200
99 1.008394 1 0.000050
