0 0.015038 3 0.000150
1 0.024943 7 0.000350
2 0.034848 10 0.000500
3 0.044753 4 0.000200
4 0.054658 3 0.000150
5 0.064563 1 0.000050
6 0.074468 5 0.000250
7 0.084373 6 0.000300
8 0.094278 5 0.000250
9 0.104183 3 0.000150
10 0.114088 3 0.000150
11 0.123993 4 0.000200
12 0.133898 2 0.000100
13 0.143803 2 0.000100
14 0.153708 4 0.000200
15 0.163612 1 0.000050
16 0.173517 2 0.000100
17 0.183422 4 0.000200
18 0.193327 3 0.000150
19 0.203232 4 0.000200
20 0.213137 3 0.000150
21 0.223042 3 0.000150
22 0.232947 1 0.000050
23 0.242852 22 0.001100
24 0.252757 24 0.001200
25 0.262662 28 0.001400
26 0.272567 34 0.001700
27 0.282472 33 0.001650
28 0.292377 31 0.001550
29 0.302282 36 0.001800
30 0.312187 124 0.006200
31 0.322091 112 0.005600
32 0.331996 164 0.008200
33 0.341901 90 0.004500
34 0.351806 45 0.002250
35 0.361711 12 0.000600
36 0.371616 20 0.001000
37 0.381521 14 0.000700
38 0.391426 17 0.000850
39 0.401331 28 0.001400
40 0.411236 30 0.001500
41 0.421141 23 0.001150
42 0.431046 40 0.002000
43 0.440951 41 0.002050
44 0.450856 65 0.003250
45 0.460761 56 0.002800
46 0.470665 75 0.003750
47 0.480570 108 0.005400
48 0.490475 118 0.005900
49 0.500380 132 0.006600
50 0.510285 139 0.006950
51 0.520190 159 0.007950
52 0.530095 235 0.011750
53 0.540000 287 0.014350
54 0.549905 422 0.021100
55 0.559810 489 0.024450
56 0.569715 840 0.042000
57 0.579620 1920 0.096000
58 0.589525 2680 0.134000
59 0.599430 1614 0.080700
60 0.609335 954 0.047700
61 0.619240 871 0.043550
62 0.629144 482 0.024100
63 0.639049 377 0.018850
64 0.648954 292 0.014600
65 0.658859 263 0.013150
66 0.668764 239 0.011950
67 0.678669 214 0.010700
68 0.688574 197 0.009850
69 0.698479 157 0.007850
70 0.708384 158 0.007900
71 0.718289 173 0.008650
72 0.728194 153 0.007650
73 0.738099 164 0.008200
74 0.748004 156 0.007800
75 0.757909 136 0.006800
76 0.767814 199 0.009950
77 0.777718 181 0.009050
78 0.787623 161 0.008050
79 0.797528 154 0.007700
80 0.807433 145 0.007250
81 0.817338 217 0.010850
82 0.827243 218 0.010900
83 0.837148 203 0.010150
84 0.847053 292 0.014600
85 0.856958 313 0.015650
86 0.866863 464 0.023200
87 0.876768 391 0.019550
88 0.886673 269 0.013450
89 0.896578 254 0.012700
90 0.906483 260 0.013000
91 0.916388 308 0.015400
92 0.926293 237 0.011850
93 0.936197 152 0.007600
94 0.946102 90 0.004500
95 0.956007 40 0.002000
96 0.965912 35 0.001750
97 0.975817 30 0.001500
98 0.985722 10 0.000500
99 0.995627 1 0.000050
