0 0.032478 1 0.000050
1 0.042070 0 0.000000
2 0.051661 0 0.000000
3 0.061252 0 0.000000
4 0.070844 0 0.000000
5 0.080435 0 0.000000
6 0.090027 0 0.000000
7 0.099618 0 0.000000
8 0.109209 1 0.000050
9 0.118801 2 0.000100
10 0.128392 2 0.000100
11 0.137984 0 0.000000
12 0.147575 0 0.000000
13 0.157166 0 0.000000
14 0.166758 0 0.000000
15 0.176349 0 0.000000
16 0.185940 0 0.000000
17 0.195532 4 0.000200
18 0.205123 1 0.000050
19 0.214715 8 0.000400
20 0.224306 5 0.000250
21 0.233897 0 0.000000
22 0.243489 1 0.000050
23 0.253080 0 0.000000
24 0.262672 2 0.000100
25 0.272263 1 0.000050
26 0.281854 4 0.000200
27 0.291446 5 0.000250
28 0.301037 21 0.001050
29 0.310629 43 0.002150
30 0.320220 71 0.003550
31 0.329811 83 0.004150
32 0.339403 64 0.003200
33 0.348994 99 0.004950
34 0.358586 147 0.007350
35 0.368177 346 0.017300
36 0.377768 220 0.011000
37 0.387360 222 0.011100
38 0.396951 206 0.010300
39 0.406543 316 0.015800
40 0.416134 488 0.024400
41 0.425725 1031 0.051550
42 0.435317 457 0.022850
43 0.444908 377 0.018850
44 0.454499 599 0.029950
45 0.464091 873 0.043650
46 0.473682 719 0.035950
47 0.483274 714 0.035700
48 0.492865 1719 0.085950
49 0.502456 3755 0.187750
50 0.512048 848 0.042400
51 0.521639 1035 0.051750
52 0.531231 900 0.045000
53 0.540822 501 0.025050
54 0.550413 525 0.026250
55 0.560005 534 0.026700
56 0.569596 759 0.037950
57 0.579188 364 0.018200
58 0.588779 273 0.013650
59 0.598370 229 0.011450
60 0.607962 247 0.012350
61 0.617553 267 0.013350
62 0.627145 380 0.019000
63 0.636736 112 0.005600
64 0.646327 68 0.003400
65 0.655919 104 0.005200
66 0.665510 75 0.003750
67 0.675102 73 0.003650
68 0.684693 23 0.001150
69 0.694284 22 0.001100
70 0.703876 28 0.001400
71 0.713467 2 0.000100
72 0.723058 0 0.000000
73 0.732650 0 0.000000
74 0.742241 3 0.000150
75 0.751833 0 0.000000
76 0.761424 0 0.000000
77 0.771015 1 0.000050
78 0.780607 5 0.000250
79 0.790198 6 0.000300
80 0.799790 5 0.000250
81 0.809381 0 0.000000
82 0.818972 0 0.000000
83 0.828564 0 0.000000
84 0.838155 0 0.000000
85 0.847747 0 0.000000
86 0.857338 0 0.000000
87 0.866929 0 0.000000
88 0.876521 0 0.000000
89 0.886112 1 0.000050
90 0.895703 2 0.000100
91 0.905295 0 0.000000
92 0.914886 0 0.000000
93 0.924478 0 0.000000
94 0.934069 0 0.000000
95 0.943660 0 0.000000
96 0.953252 0 0.000000
97 0.962843 0 0.000000
98 0.972435 0 0.000000
99 0.982026 1 0.000050
