0 0.435319 4 0.000200
1 0.436743 0 0.000000
2 0.438167 1 0.000050
3 0.439591 3 0.000150
4 0.441015 6 0.000300
5 0.442439 2 0.000100
6 0.443863 2 0.000100
7 0.445287 0 0.000000
8 0.446711 5 0.000250
9 0.448135 3 0.000150
10 0.449559 5 0.000250
11 0.450983 7 0.000350
12 0.452407 8 0.000400
13 0.453831 15 0.000750
14 0.455255 6 0.000300
15 0.456679 5 0.000250
16 0.458103 6 0.000300
17 0.459527 9 0.000450
18 0.460951 8 0.000400
19 0.462375 18 0.000900
20 0.463800 14 0.000700
21 0.465224 24 0.001200
22 0.466648 26 0.001300
23 0.468072 20 0.001000
24 0.469496 16 0.000800
25 0.470920 9 0.000450
26 0.472344 16 0.000800
27 0.473768 27 0.001350
28 0.475192 42 0.002100
29 0.476616 57 0.002850
30 0.478040 60 0.003000
31 0.479464 98 0.004900
32 0.480888 83 0.004150
33 0.482312 89 0.004450
34 0.483736 105 0.005250
35 0.485160 142 0.007100
36 0.486584 144 0.007200
37 0.488008 181 0.009050
38 0.489432 217 0.010850
39 0.490856 280 0.014000
40 0.492280 379 0.018950
41 0.493704 372 0.018600
42 0.495128 446 0.022300
43 0.496552 462 0.023100
44 0.497976 651 0.032550
45 0.499400 823 0.041150
46 0.500824 1185 0.059250
47 0.502248 1258 0.062900
48 0.503672 1611 0.080550
49 0.505097 1710 0.085500
50 0.506521 1617 0.080850
51 0.507945 1407 0.070350
52 0.509369 1023 0.051150
53 0.510793 834 0.041700
54 0.512217 642 0.032100
55 0.513641 563 0.028150
56 0.515065 497 0.024850
57 0.516489 395 0.019750
58 0.517913 303 0.015150
59 0.519337 271 0.013550
60 0.520761 249 0.012450
61 0.522185 196 0.009800
62 0.523609 142 0.007100
63 0.525033 147 0.007350
64 0.526457 117 0.005850
65 0.527881 118 0.005900
66 0.529305 99 0.004950
67 0.530729 87 0.004350
68 0.532153 56 0.002800
69 0.533577 54 0.002700
70 0.535001 63 0.003150
71 0.536425 48 0.002400
72 0.537849 57 0.002850
73 0.539273 62 0.003100
74 0.540697 37 0.001850
75 0.542121 22 0.001100
76 0.543545 39 0.001950
77 0.544969 24 0.001200
78 0.546394 29 0.001450
79 0.547818 36 0.001800
80 0.549242 24 0.001200
81 0.550666 9 0.000450
82 0.552090 14 0.000700
83 0.553514 5 0.000250
84 0.554938 4 0.000200
85 0.556362 9 0.000450
86 0.557786 5 0.000250
87 0.559210 3 0.000150
88 0.560634 7 0.000350
89 0.562058 3 0.000150
90 0.563482 2 0.000100
91 0.564906 7 0.000350
92 0.566330 2 0.000100
93 0.567754 2 0.000100
94 0.569178 1 0.000050
95 0.570602 6 0.000300
96 0.572026 2 0.000100
97 0.573450 0 0.000000
98 0.574874 0 0.000000
99 0.576298 1 0.000050
