0 0.033297 2 0.000100
1 0.042913 3 0.000150
2 0.052529 5 0.000250
3 0.062145 9 0.000450
4 0.071760 10 0.000500
5 0.081376 7 0.000350
6 0.090992 24 0.001200
7 0.100608 17 0.000850
8 0.110223 13 0.000650
9 0.119839 8 0.000400
10 0.129455 8 0.000400
11 0.139071 15 0.000750
12 0.148686 14 0.000700
13 0.158302 16 0.000800
14 0.167918 13 0.000650
15 0.177534 9 0.000450
16 0.187149 18 0.000900
17 0.196765 20 0.001000
18 0.206381 21 0.001050
19 0.215997 29 0.001450
20 0.225612 25 0.001250
21 0.235228 24 0.001200
22 0.244844 32 0.001600
23 0.254460 42 0.002100
24 0.264075 31 0.001550
25 0.273691 33 0.001650
26 0.283307 48 0.002400
27 0.292922 41 0.002050
28 0.302538 62 0.003100
29 0.312154 88 0.004400
30 0.321770 76 0.003800
31 0.331385 82 0.004100
32 0.341001 99 0.004950
33 0.350617 84 0.004200
34 0.360233 105 0.005250
35 0.369848 100 0.005000
36 0.379464 129 0.006450
37 0.389080 156 0.007800
38 0.398696 182 0.009100
39 0.408311 217 0.010850
40 0.417927 248 0.012400
41 0.427543 337 0.016850
42 0.437159 343 0.017150
43 0.446774 370 0.018500
44 0.456390 509 0.025450
45 0.466006 637 0.031850
46 0.475622 962 0.048100
47 0.485237 1485 0.074250
48 0.494853 2651 0.132550
49 0.504469 3053 0.152650
50 0.514085 1653 0.082650
51 0.523700 1209 0.060450
52 0.533316 675 0.033750
53 0.542932 543 0.027150
54 0.552548 400 0.020000
55 0.562163 355 0.017750
56 0.571779 378 0.018900
57 0.581395 274 0.013700
58 0.591011 193 0.009650
59 0.600626 201 0.010050
60 0.610242 136 0.006800
61 0.619858 118 0.005900
62 0.629474 151 0.007550
63 0.639089 126 0.006300
64 0.648705 104 0.005200
65 0.658321 116 0.005800
66 0.667937 111 0.005550
67 0.677552 88 0.004400
68 0.687168 50 0.002500
69 0.696784 56 0.002800
70 0.706400 55 0.002750
71 0.716015 58 0.002900
72 0.725631 31 0.001550
73 0.735247 37 0.001850
74 0.744863 22 0.001100
75 0.754478 27 0.001350
76 0.764094 32 0.001600
77 0.773710 17 0.000850
78 0.783326 27 0.001350
79 0.792941 38 0.001900
80 0.802557 14 0.000700
81 0.812173 19 0.000950
82 0.821789 18 0.000900
83 0.831404 11 0.000550
84 0.841020 15 0.000750
85 0.850636 12 0.000600
86 0.860252 9 0.000450
87 0.869867 11 0.000550
88 0.879483 7 0.000350
89 0.889099 25 0.001250
90 0.898715 9 0.000450
91 0.908330 16 0.000800
92 0.917946 5 0.000250
93 0.927562 5 0.000250
94 0.937178 5 0.000250
95 0.946793 13 0.000650
96 0.956409 8 0.000400
97 0.966025 1 0.000050
98 0.975641 3 0.000150
99 0.985256 1 0.000050
