0 0.013721 5 0.000083
1 0.023640 12 0.000200
2 0.033558 13 0.000217
3 0.043476 7 0.000117
4 0.053394 20 0.000333
5 0.063313 11 0.000183
6 0.073231 18 0.000300
7 0.083149 18 0.000300
8 0.093067 14 0.000233
9 0.102986 16 0.000267
10 0.112904 16 0.000267
11 0.122822 14 0.000233
12 0.132740 15 0.000250
13 0.142659 10 0.000167
14 0.152577 19 0.000317
15 0.162495 11 0.000183
16 0.172413 17 0.000283
17 0.182332 23 0.000383
18 0.192250 23 0.000383
19 0.202168 26 0.000433
20 0.212086 42 0.000700
21 0.222004 36 0.000600
22 0.231923 31 0.000517
23 0.241841 47 0.000783
24 0.251759 60 0.001000
25 0.261677 78 0.001300
26 0.271596 72 0.001200
27 0.281514 98 0.001633
28 0.291432 99 0.001650
29 0.301350 122 0.002033
30 0.311269 228 0.003800
31 0.321187 249 0.004150
32 0.331105 363 0.006050
33 0.341023 255 0.004250
34 0.350942 263 0.004383
35 0.360860 288 0.004800
36 0.370778 513 0.008550
37 0.380696 387 0.006450
38 0.390615 415 0.006917
39 0.400533 491 0.008183
40 0.410451 693 0.011550
41 0.420369 1201 0.020017
42 0.430287 1132 0.018867
43 0.440206 785 0.013083
44 0.450124 1128 0.018800
45 0.460042 1456 0.024267
46 0.469960 1943 0.032383
47 0.479879 2455 0.040917
48 0.489797 3952 0.065867
49 0.499715 7742 0.129033
50 0.509633 2649 0.044150
51 0.519552 2125 0.035417
52 0.529470 2014 0.033567
53 0.539388 1299 0.021650
54 0.549306 1335 0.022250
55 0.559225 1441 0.024017
56 0.569143 1920 0.032000
57 0.579061 2532 0.042200
58 0.588979 2993 0.049883
59 0.598898 2209 0.036817
60 0.608816 1343 0.022383
61 0.618734 1325 0.022083
62 0.628652 971 0.016183
63 0.638571 593 0.009883
64 0.648489 491 0.008183
65 0.658407 438 0.007300
66 0.668325 450 0.007500
67 0.678243 343 0.005717
68 0.688162 287 0.004783
69 0.698080 232 0.003867
70 0.707998 214 0.003567
71 0.717916 213 0.003550
72 0.727835 178 0.002967
73 0.737753 200 0.003333
74 0.747671 186 0.003100
75 0.757589 161 0.002683
76 0.767508 235 0.003917
77 0.777426 212 0.003533
78 0.787344 184 0.003067
79 0.797262 176 0.002933
80 0.807181 163 0.002717
81 0.817099 217 0.003617
82 0.827017 242 0.004033
83 0.836935 223 0.003717
84 0.846853 305 0.005083
85 0.856772 319 0.005317
86 0.866690 459 0.007650
87 0.876608 410 0.006833
88 0.886526 271 0.004517
89 0.896445 267 0.004450
90 0.906363 265 0.004417
91 0.916281 337 0.005617
92 0.926199 252 0.004200
93 0.936118 161 0.002683
94 0.946036 94 0.001567
95 0.955954 47 0.000783
96 0.965872 42 0.000700
97 0.975791 34 0.000567
98 0.985709 10 0.000167
99 0.995627 1 0.000017
