0 0.033297 2 0.000033
1 0.043147 3 0.000050
2 0.052996 6 0.000100
3 0.062846 29 0.000483
4 0.072695 11 0.000183
5 0.082545 17 0.000283
6 0.092394 29 0.000483
7 0.102244 18 0.000300
8 0.112093 14 0.000233
9 0.121942 12 0.000200
10 0.131792 19 0.000317
11 0.141641 20 0.000333
12 0.151491 26 0.000433
13 0.161340 16 0.000267
14 0.171190 22 0.000367
15 0.181039 15 0.000250
16 0.190889 22 0.000367
17 0.200738 25 0.000417
18 0.210588 35 0.000583
19 0.220437 28 0.000467
20 0.230286 43 0.000717
21 0.240136 49 0.000817
22 0.249985 66 0.001100
23 0.259835 68 0.001133
24 0.269684 65 0.001083
25 0.279534 71 0.001183
26 0.289383 82 0.001367
27 0.299233 91 0.001517
28 0.309082 142 0.002367
29 0.318932 195 0.003250
30 0.328781 304 0.005067
31 0.338631 189 0.003150
32 0.348480 105 0.001750
33 0.358329 118 0.001967
34 0.368179 119 0.001983
35 0.378028 138 0.002300
36 0.387878 183 0.003050
37 0.397727 198 0.003300
38 0.407577 244 0.004067
39 0.417426 288 0.004800
40 0.427276 360 0.006000
41 0.437125 400 0.006667
42 0.446975 473 0.007883
43 0.456824 662 0.011033
44 0.466673 916 0.015267
45 0.476523 1766 0.029433
46 0.486372 3696 0.061600
47 0.496222 10285 0.171417
48 0.506071 9873 0.164550
49 0.515921 3573 0.059550
50 0.525770 1905 0.031750
51 0.535620 1192 0.019867
52 0.545469 915 0.015250
53 0.555319 866 0.014433
54 0.565168 898 0.014967
55 0.575018 1233 0.020550
56 0.584867 2403 0.040050
57 0.594716 2573 0.042883
58 0.604566 1786 0.029767
59 0.614415 1133 0.018883
60 0.624265 785 0.013083
61 0.634114 693 0.011550
62 0.643964 501 0.008350
63 0.653813 406 0.006767
64 0.663663 357 0.005950
65 0.673512 346 0.005767
66 0.683362 287 0.004783
67 0.693211 217 0.003617
68 0.703061 240 0.004000
69 0.712910 234 0.003900
70 0.722759 203 0.003383
71 0.732609 216 0.003600
72 0.742458 182 0.003033
73 0.752308 181 0.003017
74 0.762157 147 0.002450
75 0.772007 182 0.003033
76 0.781856 227 0.003783
77 0.791706 223 0.003717
78 0.801555 184 0.003067
79 0.811405 166 0.002767
80 0.821254 199 0.003317
81 0.831103 206 0.003433
82 0.840953 263 0.004383
83 0.850802 224 0.003733
84 0.860652 317 0.005283
85 0.870501 389 0.006483
86 0.880351 378 0.006300
87 0.890200 355 0.005917
88 0.900050 256 0.004267
89 0.909899 223 0.003717
90 0.919749 319 0.005317
91 0.929598 307 0.005117
92 0.939448 255 0.004250
93 0.949297 129 0.002150
94 0.959146 63 0.001050
95 0.968996 49 0.000817
96 0.978845 40 0.000667
97 0.988695 11 0.000183
98 0.998544 4 0.000067
99 1.008394 1 0.000017
