0 0 0.000000 0.121497 0.078415 0.123619 0.079578
0 1 0.114943 0.091794 0.064399 0.092863 0.065342
0 2 0.229885 0.082884 0.056232 0.082646 0.055539
0 3 0.344828 0.073135 0.048942 0.075085 0.050467
0 4 0.459770 0.069845 0.047565 0.070011 0.047918
0 5 0.574713 0.066972 0.046043 0.066798 0.046410
0 6 0.689655 0.064442 0.044768 0.064242 0.044449
0 7 0.804598 0.063843 0.043436 0.064065 0.043434
0 8 0.919540 0.062118 0.043790 0.062096 0.043500
0 9 1.034483 0.061228 0.042660 0.061537 0.043058
0 10 1.149425 0.059804 0.042621 0.059219 0.042164
0 11 1.264368 0.061578 0.043372 0.061914 0.043107
0 12 1.379310 0.057672 0.041225 0.058442 0.041649
0 13 1.494253 0.059800 0.042576 0.060761 0.043258
0 14 1.609195 0.061771 0.041196 0.062351 0.041825
0 15 1.724138 0.061040 0.042088 0.059709 0.040735
0 16 1.839080 0.059130 0.042333 0.059562 0.042718
0 17 1.954023 0.058574 0.041804 0.058044 0.041755
0 18 2.068965 0.056562 0.040738 0.057967 0.041492
0 19 2.183908 0.056683 0.040939 0.055822 0.040191
0 20 2.298851 0.061013 0.043737 0.060673 0.043282
0 21 2.413793 0.055960 0.041150 0.056027 0.040729
0 22 2.528736 0.059153 0.041729 0.059751 0.041820
0 23 2.643678 0.056789 0.041354 0.057543 0.041697
0 24 2.758621 0.056827 0.041637 0.055723 0.040817
0 25 2.873563 0.056070 0.040962 0.056403 0.041252
0 26 2.988506 0.056057 0.041448 0.056496 0.041131
0 27 3.103448 0.055930 0.040791 0.056499 0.040823
0 28 3.218391 0.053644 0.039605 0.055066 0.040777
0 29 3.333333 0.058141 0.041491 0.058281 0.041760
0 30 3.448276 0.057695 0.041514 0.058146 0.041582
0 31 3.563218 0.054315 0.039700 0.057400 0.041716
0 32 3.678161 0.056267 0.041011 0.056284 0.041197
0 33 3.793103 0.056587 0.040598 0.056538 0.040682
0 34 3.908046 0.056719 0.041448 0.057616 0.041983
0 35 4.022988 0.055205 0.040641 0.054487 0.039989
0 36 4.137931 0.055555 0.041036 0.055307 0.040530
0 37 4.252873 0.055305 0.040437 0.056489 0.041597
0 38 4.367816 0.054556 0.040891 0.054795 0.041068
0 39 4.482759 0.056725 0.041153 0.055867 0.040506
0 40 4.597701 0.055878 0.040899 0.055846 0.040989
0 41 4.712644 0.057722 0.041418 0.056932 0.040943
0 42 4.827586 0.055084 0.041000 0.055031 0.040767
0 43 4.942529 0.056626 0.041083 0.056857 0.040895
0 44 5.057471 0.057056 0.040919 0.057286 0.040951
0 45 5.172414 0.054322 0.040452 0.054630 0.040278
0 46 5.287356 0.054870 0.040456 0.054820 0.040312
0 47 5.402299 0.056571 0.040637 0.056801 0.041027
0 48 5.517241 0.054782 0.040274 0.053937 0.040251
0 49 5.632184 0.056579 0.040005 0.057785 0.041296
0 50 5.747127 0.055159 0.040861 0.056368 0.041758
0 51 5.862069 0.055406 0.040813 0.055221 0.040723
0 52 5.977012 0.054719 0.040134 0.056920 0.041346
0 53 6.091954 0.055872 0.040810 0.055590 0.040269
0 54 6.206897 0.055476 0.040760 0.054644 0.039825
0 55 6.321839 0.053332 0.039689 0.055259 0.041113
0 56 6.436781 0.053768 0.039941 0.054554 0.040072
0 57 6.551724 0.055297 0.039853 0.055454 0.039841
0 58 6.666667 0.055158 0.041370 0.054324 0.040527
0 59 6.781609 0.053740 0.040138 0.053045 0.039934
0 60 6.896552 0.052868 0.039893 0.053442 0.040121
0 61 7.011494 0.054395 0.040489 0.053811 0.039885
0 62 7.126437 0.055579 0.040069 0.055840 0.040568
0 63 7.241379 0.055529 0.040091 0.056028 0.040800
0 64 7.356322 0.055553 0.041032 0.054562 0.040330
0 65 7.471264 0.054986 0.040557 0.054443 0.040210
0 66 7.586207 0.054012 0.039787 0.054008 0.039614
0 67 7.701149 0.054577 0.040153 0.054915 0.040624
0 68 7.816092 0.053479 0.040160 0.054667 0.040396
0 69 7.931035 0.054580 0.039136 0.055670 0.040364
0 70 8.045977 0.053351 0.039642 0.054226 0.040506
0 71 8.160919 0.054557 0.039927 0.055291 0.040455
0 72 8.275862 0.055545 0.040172 0.054926 0.039869
0 73 8.390804 0.053583 0.039854 0.055161 0.040523
0 74 8.505747 0.054291 0.040106 0.054075 0.040424
0 75 8.620689 0.054583 0.040371 0.054690 0.040198
0 76 8.735632 0.055413 0.040710 0.056323 0.041357
0 77 8.850574 0.054758 0.040535 0.053889 0.039676
0 78 8.965517 0.053162 0.040129 0.053171 0.040139
0 79 9.080460 0.053800 0.040073 0.053807 0.039806
0 80 9.195402 0.054556 0.040597 0.054327 0.040760
0 81 9.310345 0.054280 0.040474 0.054353 0.040073
0 82 9.425287 0.053636 0.039946 0.054049 0.039946
0 83 9.540230 0.054807 0.039663 0.055200 0.040258
0 84 9.655172 0.056687 0.040143 0.056985 0.040879
0 85 9.770115 0.053263 0.039270 0.055135 0.040626
0 86 9.885057 0.054467 0.040376 0.055743 0.041065
1 0 10.000000 0.052911 0.039958 0.052480 0.039885
1 1 10.114943 0.053085 0.039488 0.053560 0.039984
1 2 10.229885 0.053903 0.039463 0.054984 0.039939
1 3 10.344828 0.058296 0.041628 0.058017 0.041490
1 4 10.459770 0.052826 0.039851 0.052785 0.039963
1 5 10.574713 0.054589 0.040642 0.053236 0.039670
1 6 10.689655 0.053974 0.039939 0.054293 0.040055
1 7 10.804598 0.054575 0.040275 0.054902 0.040641
1 8 10.919540 0.053897 0.039787 0.053583 0.039916
1 9 11.034483 0.053959 0.039831 0.054705 0.040439
1 10 11.149426 0.053435 0.039671 0.053226 0.039829
1 11 11.264368 0.053174 0.040034 0.052808 0.039943
1 12 11.379311 0.054386 0.040469 0.053410 0.039944
1 13 11.494253 0.053086 0.040137 0.053634 0.040259
1 14 11.609196 0.055478 0.039657 0.055010 0.039614
1 15 11.724138 0.051627 0.039341 0.053431 0.040628
1 16 11.839081 0.052980 0.040039 0.051704 0.039264
1 17 11.954023 0.055166 0.041587 0.053421 0.040102
1 18 12.068966 0.052457 0.038912 0.053339 0.039580
1 19 12.183908 0.052905 0.039196 0.053841 0.039863
1 20 12.298851 0.052662 0.039742 0.053759 0.040363
1 21 12.413794 0.053168 0.040043 0.053507 0.040096
1 22 12.528735 0.052798 0.039626 0.054405 0.040403
1 23 12.643678 0.052318 0.039684 0.052176 0.039599
1 24 12.758620 0.053284 0.039954 0.053807 0.040174
1 25 12.873563 0.052117 0.039540 0.052353 0.039447
1 26 12.988505 0.052081 0.039400 0.054009 0.040426
1 27 13.103448 0.054609 0.039996 0.054286 0.039735
1 28 13.218390 0.052792 0.039845 0.053141 0.039999
1 29 13.333333 0.052596 0.039959 0.052018 0.039252
1 30 13.448276 0.051850 0.039177 0.052378 0.039962
1 31 13.563218 0.054371 0.039790 0.054439 0.039972
1 32 13.678161 0.053487 0.040659 0.052943 0.040048
1 33 13.793103 0.053412 0.040626 0.054494 0.041208
1 34 13.908046 0.052903 0.039867 0.052392 0.039546
1 35 14.022988 0.054841 0.040546 0.055184 0.040719
1 36 14.137931 0.052412 0.040182 0.051621 0.039317
1 37 14.252873 0.053648 0.040271 0.053503 0.040095
1 38 14.367816 0.052738 0.039850 0.053112 0.040044
1 39 14.482759 0.053531 0.040053 0.053478 0.040497
1 40 14.597701 0.054904 0.040446 0.054177 0.039593
1 41 14.712644 0.052199 0.039440 0.052439 0.039490
1 42 14.827586 0.054976 0.039841 0.055722 0.040199
1 43 14.942529 0.052318 0.039690 0.053082 0.039630
1 44 15.057471 0.053513 0.040497 0.053416 0.040012
1 45 15.172414 0.053319 0.039706 0.053263 0.039654
1 46 15.287356 0.051382 0.039197 0.051475 0.039385
1 47 15.402299 0.052933 0.040308 0.051162 0.039151
1 48 15.517241 0.054192 0.040563 0.053751 0.039823
1 49 15.632184 0.052779 0.039643 0.053935 0.040360
1 50 15.747127 0.052211 0.039720 0.051564 0.039340
1 51 15.862069 0.055933 0.040677 0.055323 0.040151
1 52 15.977012 0.051980 0.039124 0.053004 0.039624
1 53 16.091953 0.052653 0.040280 0.052756 0.039988
1 54 16.206896 0.053814 0.038781 0.055064 0.039697
1 55 16.321838 0.054622 0.040510 0.054728 0.040701
1 56 16.436781 0.054206 0.038996 0.054702 0.039313
1 57 16.551723 0.052223 0.040239 0.051819 0.039616
1 58 16.666666 0.054657 0.040631 0.054123 0.040366
1 59 16.781609 0.052892 0.039493 0.052758 0.039398
1 60 16.896551 0.053107 0.040089 0.052844 0.039753
1 61 17.011494 0.054552 0.039811 0.053547 0.039041
1 62 17.126436 0.056271 0.039787 0.056979 0.040121
1 63 17.241379 0.052756 0.039803 0.052255 0.039731
1 64 17.356321 0.053776 0.039593 0.053402 0.039618
1 65 17.471264 0.051776 0.039294 0.051939 0.039946
1 66 17.586206 0.051817 0.039861 0.050838 0.038817
1 67 17.701149 0.053269 0.040065 0.053121 0.039828
1 68 17.816092 0.054285 0.040203 0.053214 0.039447
1 69 17.931034 0.051364 0.039259 0.052421 0.039882
1 70 18.045977 0.052316 0.039421 0.051628 0.039498
1 71 18.160919 0.054258 0.039888 0.054068 0.039524
1 72 18.275862 0.052216 0.038213 0.053541 0.039689
1 73 18.390804 0.052306 0.039051 0.053597 0.040226
1 74 18.505747 0.054574 0.039870 0.054391 0.039895
1 75 18.620689 0.054899 0.039464 0.054201 0.038692
1 76 18.735632 0.056747 0.040594 0.056183 0.039794
1 77 18.850574 0.054645 0.040764 0.053984 0.040039
1 78 18.965517 0.052459 0.039804 0.052916 0.040024
1 79 19.080460 0.051567 0.039332 0.051972 0.039731
1 80 19.195402 0.052983 0.039362 0.053706 0.039900
1 81 19.310345 0.052838 0.040223 0.053555 0.040426
1 82 19.425287 0.052256 0.039511 0.052037 0.039383
1 83 19.540230 0.053281 0.040057 0.052448 0.039615
1 84 19.655172 0.051222 0.038879 0.051774 0.039348
1 85 19.770115 0.052495 0.039990 0.051605 0.039834
1 86 19.885057 0.052916 0.039990 0.052622 0.039939
2 0 20.000000 0.053375 0.040326 0.051866 0.039759
2 1 20.114943 0.053339 0.039516 0.054415 0.040722
2 2 20.229885 0.052854 0.040189 0.051328 0.038892
2 3 20.344828 0.052086 0.039261 0.053316 0.040021
2 4 20.459770 0.051567 0.039434 0.052316 0.039898
2 5 20.574713 0.051833 0.039573 0.052488 0.039602
2 6 20.689655 0.053850 0.040331 0.054979 0.040521
2 7 20.804598 0.052363 0.039639 0.052570 0.039611
2 8 20.919540 0.053272 0.040123 0.053765 0.040649
2 9 21.034483 0.051278 0.039546 0.051293 0.039405
2 10 21.149426 0.053125 0.040119 0.051680 0.039298
2 11 21.264368 0.052726 0.039754 0.052836 0.039903
2 12 21.379311 0.051512 0.039420 0.051785 0.039283
2 13 21.494253 0.051543 0.039102 0.050828 0.038677
2 14 21.609196 0.051927 0.039277 0.051710 0.039573
2 15 21.724138 0.052864 0.040187 0.051000 0.038962
2 16 21.839081 0.053343 0.040534 0.051165 0.038808
2 17 21.954023 0.050797 0.038771 0.051620 0.039489
2 18 22.068966 0.053435 0.040047 0.053581 0.040534
2 19 22.183908 0.050754 0.039027 0.051365 0.039453
2 20 22.298851 0.052387 0.039584 0.053471 0.040454
2 21 22.413794 0.051425 0.039444 0.052431 0.040358
2 22 22.528736 0.051070 0.039305 0.050923 0.039074
2 23 22.643679 0.054063 0.040403 0.055046 0.041122
2 24 22.758621 0.052434 0.039797 0.052694 0.040012
2 25 22.873564 0.052533 0.038829 0.052668 0.038544
2 26 22.988506 0.052595 0.038810 0.053397 0.039767
2 27 23.103449 0.051554 0.039077 0.052537 0.039808
2 28 23.218391 0.051350 0.039422 0.051249 0.039479
2 29 23.333334 0.051107 0.039053 0.050837 0.038684
2 30 23.448277 0.054336 0.039950 0.053367 0.039429
2 31 23.563219 0.052296 0.040160 0.052474 0.039977
2 32 23.678162 0.050393 0.038540 0.051887 0.039682
2 33 23.793104 0.051600 0.039527 0.051052 0.039328
2 34 23.908047 0.051298 0.039162 0.050552 0.038414
2 35 24.022989 0.051685 0.039573 0.050951 0.039068
2 36 24.137932 0.052158 0.039524 0.052475 0.039819
2 37 24.252874 0.053364 0.039492 0.052683 0.038717
2 38 24.367817 0.052072 0.039699 0.051037 0.038859
2 39 24.482759 0.051686 0.039320 0.053515 0.040240
2 40 24.597702 0.051019 0.039388 0.050223 0.038586
2 41 24.712645 0.053526 0.040246 0.053207 0.040043
2 42 24.827587 0.051868 0.039925 0.049845 0.038492
2 43 24.942530 0.051545 0.039323 0.051959 0.039677
2 44 25.057470 0.053119 0.040089 0.052039 0.039265
2 45 25.172413 0.051547 0.039002 0.051984 0.039275
2 46 25.287355 0.056031 0.040547 0.055498 0.040425
2 47 25.402298 0.051676 0.039300 0.051213 0.039184
2 48 25.517241 0.052695 0.039847 0.053283 0.040404
2 49 25.632183 0.052406 0.039920 0.051211 0.039042
2 50 25.747126 0.051998 0.039940 0.050709 0.038984
2 51 25.862068 0.052475 0.039951 0.051626 0.039339
2 52 25.977011 0.053099 0.040367 0.050180 0.038501
2 53 26.091953 0.054227 0.040491 0.053651 0.039472
2 54 26.206896 0.051443 0.038895 0.052144 0.040111
2 55 26.321838 0.055675 0.040788 0.055635 0.041114
2 56 26.436781 0.050366 0.038838 0.050975 0.039345
2 57 26.551723 0.051042 0.039720 0.051427 0.039646
2 58 26.666666 0.051094 0.039082 0.051589 0.039978
2 59 26.781609 0.052871 0.039279 0.053723 0.039952
2 60 26.896551 0.051477 0.039168 0.052195 0.039860
2 61 27.011494 0.053585 0.039542 0.054212 0.040184
2 62 27.126436 0.051270 0.039350 0.053234 0.040722
2 63 27.241379 0.051599 0.039628 0.051569 0.039568
2 64 27.356321 0.050949 0.039427 0.051331 0.039722
2 65 27.471264 0.054180 0.039753 0.054920 0.040536
2 66 27.586206 0.051580 0.039802 0.050263 0.038791
2 67 27.701149 0.050606 0.038611 0.051936 0.039704
2 68 27.816092 0.052364 0.038909 0.052432 0.039484
2 69 27.931034 0.050527 0.038945 0.050466 0.038765
2 70 28.045977 0.052800 0.039188 0.053103 0.039416
2 71 28.160919 0.052342 0.039779 0.052857 0.040244
2 72 28.275862 0.052347 0.039773 0.050989 0.038926
2 73 28.390804 0.052062 0.039374 0.052173 0.039244
2 74 28.505747 0.051765 0.039708 0.051105 0.039439
2 75 28.620689 0.052085 0.040217 0.049855 0.038348
2 76 28.735632 0.050983 0.039054 0.053355 0.040728
2 77 28.850574 0.050641 0.038576 0.051442 0.039533
2 78 28.965517 0.051798 0.039399 0.052398 0.039508
2 79 29.080460 0.052415 0.039200 0.052925 0.039781
2 80 29.195402 0.052525 0.040243 0.052412 0.039725
2 81 29.310345 0.052575 0.040658 0.051675 0.039659
2 82 29.425287 0.057617 0.041726 0.056471 0.040717
2 83 29.540230 0.051894 0.039702 0.049961 0.038462
2 84 29.655172 0.052542 0.039254 0.052196 0.039370
2 85 29.770115 0.051427 0.039867 0.051553 0.039660
2 86 29.885057 0.051252 0.039338 0.049692 0.038377
3 0 30.000000 0.051554 0.039759 0.051566 0.039842
3 1 30.114943 0.051581 0.039177 0.050887 0.039174
3 2 30.229885 0.052250 0.039596 0.051558 0.039110
3 3 30.344828 0.051495 0.039119 0.051327 0.039435
3 4 30.459770 0.051279 0.039417 0.049033 0.037788
3 5 30.574713 0.051341 0.039322 0.050629 0.038755
3 6 30.689655 0.051720 0.039519 0.050596 0.038830
3 7 30.804598 0.050931 0.039250 0.051418 0.039499
3 8 30.919540 0.052365 0.039863 0.051327 0.039069
3 9 31.034483 0.050795 0.038589 0.051306 0.039230
3 10 31.149426 0.050476 0.038785 0.051424 0.039547
3 11 31.264368 0.052561 0.039777 0.051315 0.039148
3 12 31.379311 0.051797 0.039412 0.053393 0.040704
3 13 31.494253 0.051579 0.039411 0.050334 0.038496
3 14 31.609196 0.051867 0.039403 0.050746 0.038767
3 15 31.724138 0.052067 0.039466 0.051150 0.038873
3 16 31.839081 0.051427 0.040023 0.049636 0.038433
3 17 31.954023 0.052632 0.040005 0.050197 0.038272
3 18 32.068966 0.051307 0.038307 0.052298 0.039247
3 19 32.183907 0.051211 0.039392 0.050644 0.038865
3 20 32.298851 0.051446 0.039287 0.052745 0.040311
3 21 32.413792 0.051149 0.039211 0.051212 0.039304
3 22 32.528736 0.053331 0.040751 0.052560 0.039365
3 23 32.643677 0.056676 0.041441 0.054863 0.040051
3 24 32.758621 0.051829 0.039046 0.052755 0.039906
3 25 32.873562 0.050298 0.038805 0.051021 0.039551
3 26 32.988506 0.051040 0.039104 0.051386 0.039157
3 27 33.103447 0.051412 0.039115 0.050949 0.038995
3 28 33.218391 0.050633 0.039445 0.049785 0.038730
3 29 33.333332 0.051297 0.039658 0.052268 0.040091
3 30 33.448277 0.049738 0.038504 0.051015 0.038982
3 31 33.563217 0.050605 0.039608 0.049911 0.039037
3 32 33.678162 0.051942 0.039879 0.051532 0.039584
3 33 33.793102 0.050555 0.038732 0.051280 0.039170
3 34 33.908047 0.052350 0.039842 0.051179 0.039087
3 35 34.022987 0.050224 0.039154 0.051077 0.040081
3 36 34.137932 0.050678 0.039087 0.051796 0.039521
3 37 34.252872 0.051439 0.039422 0.051096 0.039147
3 38 34.367817 0.053618 0.040425 0.051941 0.039356
3 39 34.482758 0.051012 0.039835 0.050398 0.038916
3 40 34.597702 0.050618 0.038460 0.051414 0.039416
3 41 34.712643 0.050904 0.039275 0.051615 0.040057
3 42 34.827587 0.052527 0.039859 0.052695 0.039586
3 43 34.942528 0.050992 0.039020 0.050930 0.039157
3 44 35.057472 0.051053 0.038327 0.052809 0.039753
3 45 35.172413 0.051986 0.039709 0.052193 0.039972
3 46 35.287357 0.049593 0.038021 0.051041 0.039114
3 47 35.402298 0.051201 0.039155 0.050908 0.039111
3 48 35.517242 0.050806 0.038760 0.052077 0.040050
3 49 35.632183 0.051285 0.039483 0.050223 0.038556
3 50 35.747128 0.051601 0.039611 0.050824 0.039340
3 51 35.862068 0.051176 0.039821 0.050148 0.038542
3 52 35.977013 0.050714 0.039286 0.050508 0.039050
3 53 36.091953 0.050802 0.039386 0.051088 0.039754
3 54 36.206898 0.051880 0.039380 0.051604 0.039721
3 55 36.321838 0.049908 0.039048 0.050806 0.039893
3 56 36.436783 0.050369 0.038970 0.051265 0.039735
3 57 36.551723 0.050659 0.039407 0.049931 0.039100
3 58 36.666668 0.051284 0.039074 0.050416 0.038672
3 59 36.781609 0.050461 0.039025 0.049727 0.038451
3 60 36.896553 0.051767 0.039704 0.050769 0.038887
3 61 37.011494 0.049601 0.038800 0.050771 0.039097
3 62 37.126438 0.050033 0.038980 0.050937 0.039433
3 63 37.241379 0.051313 0.039042 0.052256 0.039893
3 64 37.356323 0.051138 0.039047 0.050463 0.038533
3 65 37.471264 0.050478 0.038747 0.051262 0.039454
3 66 37.586208 0.050578 0.039138 0.050922 0.039042
3 67 37.701149 0.050679 0.039220 0.050974 0.039173
3 68 37.816093 0.052447 0.040416 0.050120 0.038705
3 69 37.931034 0.050353 0.039117 0.049444 0.038194
3 70 38.045979 0.051244 0.039566 0.051310 0.039503
3 71 38.160919 0.051056 0.039339 0.051468 0.039755
3 72 38.275864 0.053082 0.039719 0.052349 0.039298
3 73 38.390804 0.051304 0.039559 0.051874 0.040436
3 74 38.505749 0.050480 0.038806 0.050343 0.039124
3 75 38.620689 0.052769 0.040769 0.050348 0.039022
3 76 38.735634 0.051182 0.039378 0.050169 0.038625
3 77 38.850574 0.052041 0.039647 0.052262 0.039466
3 78 38.965519 0.049671 0.037975 0.049861 0.038700
3 79 39.080460 0.051680 0.039358 0.052421 0.039819
3 80 39.195404 0.052350 0.039869 0.051641 0.039597
3 81 39.310345 0.050142 0.038705 0.050438 0.039051
3 82 39.425289 0.050661 0.039847 0.050236 0.039564
3 83 39.540230 0.051062 0.039328 0.050526 0.038849
3 84 39.655174 0.051415 0.038748 0.051226 0.038809
3 85 39.770115 0.051443 0.039460 0.050104 0.038350
3 86 39.885059 0.051813 0.039454 0.051559 0.039457
4 0 40.000000 0.051790 0.039258 0.051833 0.039416
4 1 40.114941 0.051239 0.039231 0.050503 0.038815
4 2 40.229885 0.051289 0.039011 0.051304 0.039194
4 3 40.344826 0.052149 0.039668 0.051951 0.039353
4 4 40.459770 0.051817 0.039316 0.051081 0.038948
4 5 40.574711 0.050020 0.039002 0.050865 0.039176
4 6 40.689655 0.050905 0.039109 0.050808 0.038847
4 7 40.804596 0.051076 0.039110 0.051798 0.039662
4 8 40.919540 0.050430 0.038738 0.050175 0.038595
4 9 41.034481 0.050731 0.038807 0.051708 0.039394
4 10 41.149426 0.050473 0.039123 0.051672 0.039910
4 11 41.264366 0.050538 0.039168 0.050744 0.039384
4 12 41.379311 0.050114 0.038745 0.049334 0.038599
4 13 41.494251 0.051582 0.039407 0.051751 0.039820
4 14 41.609196 0.051548 0.038787 0.051164 0.038760
4 15 41.724136 0.050611 0.038998 0.051233 0.039531
4 16 41.839081 0.051679 0.039766 0.051051 0.039384
4 17 41.954021 0.051934 0.039523 0.052513 0.039901
4 18 42.068966 0.050858 0.039928 0.051055 0.039680
4 19 42.183907 0.050962 0.039201 0.051661 0.040169
4 20 42.298851 0.050861 0.039576 0.050360 0.038779
4 21 42.413792 0.051267 0.039631 0.050664 0.039252
4 22 42.528736 0.050780 0.039531 0.050944 0.039268
4 23 42.643677 0.051761 0.039876 0.051635 0.039519
4 24 42.758621 0.050108 0.038897 0.050284 0.039687
4 25 42.873562 0.050414 0.039232 0.051277 0.039447
4 26 42.988506 0.051754 0.039603 0.051570 0.039305
4 27 43.103447 0.050375 0.038799 0.049440 0.038581
4 28 43.218391 0.051689 0.039648 0.050841 0.039376
4 29 43.333332 0.052048 0.040103 0.049911 0.038831
4 30 43.448277 0.050357 0.038764 0.049887 0.038786
4 31 43.563217 0.051064 0.038982 0.050290 0.038614
4 32 43.678162 0.050363 0.038943 0.050103 0.038637
4 33 43.793102 0.050082 0.039364 0.050375 0.039253
4 34 43.908047 0.050582 0.039395 0.050957 0.039305
4 35 44.022987 0.051279 0.039284 0.050558 0.038602
4 36 44.137932 0.050256 0.038516 0.050612 0.038784
4 37 44.252872 0.050161 0.039017 0.049891 0.039028
4 38 44.367817 0.052270 0.039282 0.052922 0.039926
4 39 44.482758 0.052465 0.040231 0.051580 0.039628
4 40 44.597702 0.049822 0.038778 0.051242 0.039421
4 41 44.712643 0.049525 0.038442 0.050206 0.039061
4 42 44.827587 0.051029 0.039618 0.050452 0.039297
4 43 44.942528 0.049913 0.038627 0.050809 0.039418
4 44 45.057472 0.051032 0.039520 0.049538 0.038355
4 45 45.172413 0.051042 0.039086 0.051214 0.039601
4 46 45.287357 0.050930 0.039047 0.049863 0.038856
4 47 45.402298 0.050586 0.039241 0.049931 0.038969
4 48 45.517242 0.051373 0.039173 0.050712 0.039038
4 49 45.632183 0.051320 0.039074 0.051424 0.039162
4 50 45.747128 0.050369 0.038578 0.050618 0.039049
4 51 45.862068 0.052073 0.039583 0.050548 0.038878
4 52 45.977013 0.049350 0.038596 0.050757 0.039420
4 53 46.091953 0.051615 0.040041 0.052420 0.040095
4 54 46.206898 0.050974 0.039173 0.049519 0.038507
4 55 46.321838 0.050007 0.038784 0.049727 0.038732
4 56 46.436783 0.051409 0.039749 0.050296 0.038721
4 57 46.551723 0.050090 0.038724 0.050656 0.039486
4 58 46.666668 0.050910 0.039490 0.049810 0.038868
4 59 46.781609 0.052035 0.039971 0.051349 0.039329
4 60 46.896553 0.050474 0.038961 0.049960 0.038720
4 61 47.011494 0.050400 0.039868 0.050417 0.039677
4 62 47.126438 0.049425 0.038962 0.050252 0.039211
4 63 47.241379 0.049162 0.038113 0.050780 0.039713
4 64 47.356323 0.050972 0.039242 0.050506 0.039325
4 65 47.471264 0.050192 0.039264 0.050372 0.039344
4 66 47.586208 0.050188 0.039111 0.050819 0.039765
4 67 47.701149 0.050890 0.039298 0.050908 0.038779
4 68 47.816093 0.050255 0.038921 0.051443 0.039781
4 69 47.931034 0.050297 0.039316 0.049969 0.038794
4 70 48.045979 0.050333 0.038504 0.051949 0.039933
4 71 48.160919 0.050566 0.039388 0.050908 0.039500
4 72 48.275864 0.050158 0.039231 0.051344 0.039762
4 73 48.390804 0.050663 0.038979 0.051389 0.039695
4 74 48.505749 0.049866 0.038626 0.050243 0.039319
4 75 48.620689 0.051888 0.039631 0.050005 0.038458
4 76 48.735634 0.049663 0.038812 0.049363 0.038533
4 77 48.850574 0.050115 0.039072 0.050851 0.039547
4 78 48.965519 0.050607 0.039115 0.051245 0.039483
4 79 49.080460 0.050670 0.039612 0.049968 0.039223
4 80 49.195404 0.050728 0.039281 0.051726 0.039646
4 81 49.310345 0.050390 0.039451 0.049419 0.038405
4 82 49.425289 0.050330 0.039081 0.049683 0.038878
4 83 49.540230 0.052835 0.040155 0.053337 0.040071
4 84 49.655174 0.049832 0.038890 0.049767 0.039082
4 85 49.770115 0.048656 0.038235 0.049524 0.039420
4 86 49.885059 0.051416 0.039322 0.049701 0.038233
5 0 50.000000 0.049719 0.038506 0.051109 0.039596
5 1 50.114941 0.049784 0.038612 0.050171 0.038636
5 2 50.229885 0.050345 0.039204 0.050733 0.039318
5 3 50.344826 0.052129 0.039556 0.050693 0.038475
5 4 50.459770 0.051081 0.039642 0.049471 0.038360
5 5 50.574711 0.049827 0.038768 0.049756 0.038484
5 6 50.689655 0.049756 0.038550 0.050365 0.039254
5 7 50.804596 0.049516 0.038743 0.049792 0.039090
5 8 50.919540 0.049475 0.038765 0.050585 0.039411
5 9 51.034481 0.052645 0.039679 0.052166 0.039289
5 10 51.149426 0.048494 0.038082 0.049879 0.039315
5 11 51.264366 0.050174 0.039024 0.049694 0.039100
5 12 51.379311 0.050340 0.039318 0.050167 0.039061
5 13 51.494251 0.051156 0.039585 0.051584 0.039824
5 14 51.609196 0.050221 0.038509 0.050605 0.038839
5 15 51.724136 0.050222 0.038524 0.050822 0.039069
5 16 51.839081 0.050940 0.039604 0.050481 0.039149
5 17 51.954021 0.050848 0.039316 0.049631 0.038411
5 18 52.068966 0.050039 0.039109 0.049985 0.038990
5 19 52.183907 0.050758 0.039226 0.050261 0.039032
5 20 52.298851 0.050706 0.038972 0.050158 0.039282
5 21 52.413792 0.050461 0.039037 0.051746 0.040317
5 22 52.528736 0.049809 0.038817 0.049122 0.037941
5 23 52.643677 0.050328 0.038929 0.049678 0.038506
5 24 52.758621 0.051106 0.039673 0.049742 0.039027
5 25 52.873562 0.049869 0.038519 0.050965 0.039330
5 26 52.988506 0.052451 0.040772 0.050396 0.038960
5 27 53.103447 0.051579 0.039993 0.049835 0.038755
5 28 53.218391 0.049961 0.038586 0.050651 0.039068
5 29 53.333332 0.052068 0.039797 0.051219 0.039184
5 30 53.448277 0.049364 0.038767 0.048465 0.038121
5 31 53.563217 0.050197 0.039254 0.050515 0.039535
5 32 53.678162 0.050715 0.039009 0.051084 0.039126
5 33 53.793102 0.049979 0.038517 0.049279 0.038645
5 34 53.908047 0.050059 0.038674 0.051552 0.039498
5 35 54.022987 0.052567 0.039691 0.052611 0.039663
5 36 54.137932 0.049739 0.039270 0.049362 0.038273
5 37 54.252872 0.051039 0.039254 0.051009 0.039137
5 38 54.367817 0.049864 0.038678 0.049363 0.038356
5 39 54.482758 0.049946 0.038886 0.049601 0.038999
5 40 54.597702 0.051829 0.039970 0.051620 0.040082
5 41 54.712643 0.049159 0.038493 0.050126 0.039160
5 42 54.827587 0.050371 0.038897 0.050574 0.039242
5 43 54.942528 0.051217 0.039574 0.052268 0.040223
5 44 55.057472 0.051845 0.039596 0.050317 0.039071
5 45 55.172413 0.051279 0.039498 0.049038 0.038344
5 46 55.287357 0.051612 0.039508 0.052277 0.040234
5 47 55.402298 0.049471 0.038613 0.049719 0.038768
5 48 55.517242 0.050904 0.039481 0.049955 0.038818
5 49 55.632183 0.051298 0.039941 0.049821 0.038857
5 50 55.747128 0.049789 0.039019 0.050195 0.039047
5 51 55.862068 0.050981 0.040159 0.049955 0.039069
5 52 55.977013 0.049839 0.038862 0.050522 0.038840
5 53 56.091953 0.051346 0.039261 0.051215 0.039005
5 54 56.206898 0.049060 0.038414 0.050023 0.038883
5 55 56.321838 0.050692 0.039230 0.049968 0.039028
5 56 56.436783 0.048904 0.038391 0.050112 0.039225
5 57 56.551723 0.052490 0.040215 0.050580 0.038918
5 58 56.666668 0.050049 0.039239 0.049322 0.038307
5 59 56.781609 0.050491 0.038921 0.051641 0.039659
5 60 56.896553 0.049366 0.038296 0.050284 0.039148
5 61 57.011494 0.051213 0.039320 0.050544 0.039197
5 62 57.126438 0.049013 0.038065 0.050810 0.039090
5 63 57.241379 0.050784 0.039298 0.050992 0.039731
5 64 57.356323 0.051170 0.040096 0.049832 0.038910
5 65 57.471264 0.049290 0.038773 0.050903 0.039662
5 66 57.586208 0.049835 0.038764 0.051110 0.039175
5 67 57.701149 0.051805 0.040160 0.050489 0.039422
5 68 57.816093 0.049645 0.038894 0.049682 0.038652
5 69 57.931034 0.050429 0.039522 0.050092 0.039130
5 70 58.045979 0.049568 0.038795 0.050173 0.039156
5 71 58.160919 0.049743 0.038785 0.050786 0.039573
5 72 58.275864 0.050153 0.038753 0.049201 0.038308
5 73 58.390804 0.049118 0.038460 0.049725 0.039147
5 74 58.505749 0.050596 0.039583 0.049772 0.038825
5 75 58.620689 0.051076 0.039489 0.051631 0.039738
5 76 58.735634 0.048889 0.038447 0.050937 0.039336
5 77 58.850574 0.051646 0.039884 0.051126 0.039469
5 78 58.965519 0.048669 0.038274 0.049279 0.038584
5 79 59.080460 0.050448 0.039628 0.050048 0.038710
5 80 59.195404 0.048811 0.037815 0.051515 0.039844
5 81 59.310345 0.050863 0.039343 0.050935 0.039506
5 82 59.425289 0.052326 0.040540 0.050337 0.039333
5 83 59.540230 0.050460 0.039211 0.050849 0.039812
5 84 59.655174 0.051552 0.040084 0.051220 0.039554
5 85 59.770115 0.049834 0.038707 0.050853 0.039816
5 86 59.885059 0.051549 0.039686 0.050156 0.038966
6 0 60.000000 0.050283 0.039083 0.049198 0.038508
6 1 60.114941 0.051234 0.039814 0.049871 0.038900
6 2 60.229885 0.050035 0.039032 0.049535 0.038456
6 3 60.344826 0.049154 0.038435 0.049732 0.039021
6 4 60.459770 0.049171 0.038515 0.050732 0.040271
6 5 60.574711 0.049876 0.039103 0.050100 0.039156
6 6 60.689655 0.051164 0.039468 0.050639 0.038858
6 7 60.804596 0.050348 0.038689 0.050641 0.038971
6 8 60.919540 0.049516 0.038511 0.050812 0.039643
6 9 61.034481 0.051087 0.039891 0.049199 0.038609
6 10 61.149426 0.048679 0.038080 0.050898 0.039757
6 11 61.264366 0.049406 0.039039 0.049423 0.039299
6 12 61.379311 0.049888 0.039003 0.050291 0.039543
6 13 61.494251 0.049689 0.038790 0.049803 0.038790
6 14 61.609196 0.049354 0.038514 0.049668 0.038997
6 15 61.724136 0.051263 0.039480 0.050451 0.038905
6 16 61.839081 0.051001 0.039700 0.050947 0.039445
6 17 61.954021 0.050285 0.039270 0.049757 0.038834
6 18 62.068966 0.049528 0.038928 0.050163 0.039157
6 19 62.183907 0.050568 0.039419 0.050753 0.039316
6 20 62.298851 0.051531 0.039837 0.050656 0.039027
6 21 62.413792 0.048881 0.038154 0.049060 0.038661
6 22 62.528736 0.050293 0.039149 0.048872 0.038254
6 23 62.643677 0.051811 0.039479 0.051018 0.039369
6 24 62.758621 0.049174 0.038534 0.049379 0.038546
6 25 62.873562 0.049860 0.038879 0.049452 0.038355
6 26 62.988506 0.049823 0.038718 0.049068 0.038485
6 27 63.103447 0.050546 0.038777 0.051119 0.039435
6 28 63.218391 0.050607 0.039287 0.050615 0.039100
6 29 63.333332 0.052241 0.039933 0.051502 0.039662
6 30 63.448277 0.050025 0.039505 0.050033 0.039154
6 31 63.563217 0.050856 0.039699 0.049575 0.038934
6 32 63.678162 0.051018 0.039986 0.049426 0.038416
6 33 63.793102 0.051861 0.040048 0.051343 0.039935
6 34 63.908047 0.049995 0.038849 0.050998 0.039753
6 35 64.022987 0.050776 0.039559 0.048530 0.037988
6 36 64.137932 0.052684 0.039728 0.053317 0.039889
6 37 64.252876 0.053439 0.040019 0.053013 0.039700
6 38 64.367813 0.050716 0.039283 0.050505 0.040043
6 39 64.482758 0.050651 0.039187 0.049080 0.038464
6 40 64.597702 0.049975 0.039512 0.050709 0.039510
6 41 64.712646 0.050067 0.038844 0.048564 0.038054
6 42 64.827583 0.050113 0.039243 0.050446 0.039150
6 43 64.942528 0.049915 0.039178 0.050341 0.039384
6 44 65.057472 0.049656 0.039119 0.049602 0.038895
6 45 65.172417 0.049178 0.038436 0.050194 0.039045
6 46 65.287354 0.050959 0.039722 0.049503 0.038826
6 47 65.402298 0.049417 0.038752 0.051048 0.039986
6 48 65.517242 0.050242 0.039300 0.049953 0.039315
6 49 65.632187 0.050061 0.039115 0.049120 0.038266
6 50 65.747124 0.049474 0.038662 0.050279 0.039175
6 51 65.862068 0.050160 0.039120 0.050081 0.039496
6 52 65.977013 0.049831 0.039140 0.049650 0.038959
6 53 66.091957 0.049452 0.039171 0.050276 0.039504
6 54 66.206894 0.050376 0.039878 0.048624 0.038282
6 55 66.321838 0.050034 0.038657 0.050784 0.039327
6 56 66.436783 0.050021 0.038856 0.050374 0.039278
6 57 66.551727 0.050775 0.039955 0.050382 0.039375
6 58 66.666664 0.049994 0.039180 0.049840 0.038780
6 59 66.781609 0.051022 0.040033 0.050330 0.039771
6 60 66.896553 0.049857 0.038951 0.050005 0.038901
6 61 67.011497 0.049245 0.038675 0.050840 0.039562
6 62 67.126434 0.049480 0.038848 0.049663 0.039093
6 63 67.241379 0.051048 0.039571 0.049818 0.038466
6 64 67.356323 0.050273 0.038926 0.049266 0.038249
6 65 67.471268 0.050394 0.039186 0.049065 0.038382
6 66 67.586205 0.049447 0.038545 0.049898 0.039189
6 67 67.701149 0.050348 0.039274 0.050376 0.039270
6 68 67.816093 0.050377 0.039404 0.050222 0.039236
6 69 67.931038 0.050091 0.038665 0.049654 0.039087
6 70 68.045975 0.048396 0.038077 0.050620 0.039239
6 71 68.160919 0.050241 0.038946 0.050684 0.039050
6 72 68.275864 0.049161 0.038352 0.050563 0.039331
6 73 68.390808 0.049566 0.038962 0.050552 0.039480
6 74 68.505745 0.049703 0.038767 0.050942 0.039347
6 75 68.620689 0.051928 0.039569 0.051618 0.038988
6 76 68.735634 0.049493 0.038457 0.049806 0.038968
6 77 68.850578 0.049965 0.038794 0.050886 0.039482
6 78 68.965515 0.051282 0.039528 0.051621 0.039559
6 79 69.080460 0.048934 0.038584 0.049466 0.038567
6 80 69.195404 0.050314 0.039237 0.049884 0.038812
6 81 69.310349 0.051245 0.039605 0.050238 0.038649
6 82 69.425285 0.049202 0.038489 0.050391 0.039398
6 83 69.540230 0.047977 0.037586 0.048398 0.037968
6 84 69.655174 0.049669 0.039273 0.049984 0.039184
6 85 69.770119 0.049640 0.039021 0.049844 0.039263
6 86 69.885056 0.050610 0.039723 0.049880 0.038745
7 0 70.000000 0.050526 0.039609 0.049271 0.038906
7 1 70.114944 0.050216 0.038801 0.049618 0.038696
7 2 70.229881 0.049926 0.039027 0.048909 0.038515
7 3 70.344826 0.051261 0.040169 0.050025 0.039057
7 4 70.459770 0.049848 0.039205 0.050121 0.039368
7 5 70.574715 0.050355 0.039106 0.050331 0.039078
7 6 70.689651 0.050376 0.039373 0.050893 0.039551
7 7 70.804596 0.049379 0.038944 0.050088 0.039547
7 8 70.919540 0.049808 0.038629 0.050066 0.038666
7 9 71.034485 0.048573 0.038542 0.048901 0.038435
7 10 71.149422 0.049293 0.038386 0.049831 0.039227
7 11 71.264366 0.049778 0.038908 0.050041 0.038717
7 12 71.379311 0.049868 0.038843 0.050418 0.039519
7 13 71.494255 0.049671 0.039291 0.049581 0.038995
7 14 71.609192 0.048385 0.037597 0.049927 0.039094
7 15 71.724136 0.049961 0.039149 0.050180 0.039001
7 16 71.839081 0.048895 0.038281 0.049737 0.039020
7 17 71.954025 0.048792 0.037897 0.049558 0.038900
7 18 72.068962 0.049564 0.038562 0.049521 0.039179
7 19 72.183907 0.049801 0.038926 0.048945 0.038914
7 20 72.298851 0.050255 0.039159 0.050272 0.039005
7 21 72.413795 0.048559 0.038604 0.048968 0.038741
7 22 72.528732 0.048695 0.037988 0.050790 0.039831
7 23 72.643677 0.049433 0.039120 0.048824 0.038496
7 24 72.758621 0.049267 0.038501 0.049630 0.038797
7 25 72.873566 0.050089 0.039083 0.049840 0.039053
7 26 72.988503 0.049089 0.038781 0.049469 0.039145
7 27 73.103447 0.049356 0.038498 0.050490 0.039366
7 28 73.218391 0.050363 0.039240 0.048934 0.038601
7 29 73.333336 0.050161 0.038677 0.050692 0.039421
7 30 73.448273 0.049224 0.038509 0.049840 0.038715
7 31 73.563217 0.049440 0.039014 0.049398 0.039057
7 32 73.678162 0.050487 0.039634 0.050681 0.039577
7 33 73.793106 0.050435 0.039256 0.050237 0.039188
7 34 73.908043 0.050441 0.039519 0.050784 0.039814
7 35 74.022987 0.050159 0.039139 0.050037 0.039396
7 36 74.137932 0.049027 0.038564 0.050005 0.039200
7 37 74.252876 0.049785 0.038969 0.050255 0.039141
7 38 74.367813 0.049910 0.039080 0.049760 0.038974
7 39 74.482758 0.049353 0.038855 0.048867 0.038187
7 40 74.597702 0.050243 0.039655 0.049664 0.039151
7 41 74.712646 0.049000 0.038370 0.050307 0.039741
7 42 74.827583 0.051102 0.039402 0.050884 0.039389
7 43 74.942528 0.049191 0.038956 0.049686 0.039152
7 44 75.057472 0.049304 0.038965 0.049916 0.039518
7 45 75.172417 0.049152 0.038608 0.050790 0.039930
7 46 75.287354 0.050438 0.039868 0.049319 0.038357
7 47 75.402298 0.048823 0.038531 0.049300 0.038662
7 48 75.517242 0.050894 0.039603 0.049764 0.038934
7 49 75.632187 0.049234 0.038210 0.050695 0.039404
7 50 75.747124 0.049447 0.038705 0.050521 0.039366
7 51 75.862068 0.050113 0.038740 0.050158 0.039435
7 52 75.977013 0.049959 0.038970 0.050521 0.039564
7 53 76.091957 0.049389 0.038984 0.050832 0.039968
7 54 76.206894 0.050179 0.039236 0.048404 0.038073
7 55 76.321838 0.049543 0.039151 0.049592 0.039258
7 56 76.436783 0.050937 0.039636 0.049602 0.038588
7 57 76.551727 0.049921 0.039444 0.049622 0.038846
7 58 76.666664 0.049760 0.038925 0.049414 0.039133
7 59 76.781609 0.051233 0.040032 0.049569 0.039204
7 60 76.896553 0.049523 0.038690 0.049491 0.038563
7 61 77.011497 0.050094 0.039574 0.049400 0.038330
7 62 77.126434 0.050838 0.038858 0.051598 0.039199
7 63 77.241379 0.049264 0.038115 0.049627 0.038730
7 64 77.356323 0.048829 0.038346 0.050385 0.039119
7 65 77.471268 0.049881 0.039186 0.047850 0.037894
7 66 77.586205 0.049120 0.038795 0.048102 0.038243
7 67 77.701149 0.048907 0.038414 0.048872 0.038526
7 68 77.816093 0.051635 0.040335 0.050163 0.039508
7 69 77.931038 0.048880 0.038608 0.048500 0.038307
7 70 78.045975 0.050036 0.039257 0.050409 0.039581
7 71 78.160919 0.049818 0.039091 0.050578 0.039331
7 72 78.275864 0.049570 0.039220 0.050155 0.039537
7 73 78.390808 0.048606 0.038195 0.049002 0.038571
7 74 78.505745 0.048603 0.038139 0.049856 0.038957
7 75 78.620689 0.049801 0.039015 0.048791 0.038505
7 76 78.735634 0.049121 0.038863 0.048240 0.038274
7 77 78.850578 0.048609 0.038118 0.050416 0.039355
7 78 78.965515 0.049922 0.038872 0.050931 0.039462
7 79 79.080460 0.050544 0.039665 0.049934 0.039514
7 80 79.195404 0.049300 0.038789 0.050027 0.039060
7 81 79.310349 0.050291 0.039364 0.049486 0.038880
7 82 79.425285 0.048924 0.038228 0.049960 0.039326
7 83 79.540230 0.050340 0.039292 0.049414 0.038692
7 84 79.655174 0.049221 0.038574 0.049289 0.038769
7 85 79.770119 0.049678 0.039001 0.049546 0.038663
7 86 79.885056 0.049886 0.039053 0.049587 0.038701
8 0 80.000000 0.050885 0.039541 0.049987 0.039146
8 1 80.114944 0.049439 0.038657 0.049699 0.038660
8 2 80.229881 0.050303 0.039572 0.049625 0.039010
8 3 80.344826 0.048899 0.038007 0.049545 0.038617
8 4 80.459770 0.050002 0.038714 0.051653 0.040181
8 5 80.574715 0.049265 0.038682 0.049022 0.038256
8 6 80.689651 0.049781 0.039319 0.049457 0.038655
8 7 80.804596 0.049290 0.039111 0.049317 0.038997
8 8 80.919540 0.049221 0.039070 0.048965 0.038338
8 9 81.034485 0.049535 0.039295 0.049808 0.039233
8 10 81.149422 0.049226 0.038349 0.048415 0.038166
8 11 81.264366 0.050142 0.039684 0.050943 0.040235
8 12 81.379311 0.049111 0.038733 0.049740 0.039170
8 13 81.494255 0.051490 0.039266 0.051310 0.038782
8 14 81.609192 0.049886 0.038588 0.049871 0.039152
8 15 81.724136 0.047720 0.038223 0.049294 0.039631
8 16 81.839081 0.049985 0.039088 0.049424 0.038487
8 17 81.954025 0.048983 0.038546 0.049024 0.038809
8 18 82.068962 0.049216 0.038567 0.050779 0.039808
8 19 82.183907 0.051348 0.039708 0.051266 0.039330
8 20 82.298851 0.049697 0.038968 0.050247 0.039077
8 21 82.413795 0.049393 0.039364 0.050316 0.039348
8 22 82.528732 0.050538 0.039202 0.050396 0.039179
8 23 82.643677 0.049030 0.038385 0.050409 0.039386
8 24 82.758621 0.050328 0.039079 0.050782 0.039602
8 25 82.873566 0.051073 0.039655 0.051683 0.040078
8 26 82.988503 0.049629 0.039450 0.048608 0.038342
8 27 83.103447 0.049545 0.038857 0.050620 0.039287
8 28 83.218391 0.050108 0.039145 0.049082 0.038605
8 29 83.333336 0.049645 0.038959 0.050064 0.038869
8 30 83.448273 0.051502 0.039631 0.050745 0.039178
8 31 83.563217 0.050568 0.038959 0.051039 0.039271
8 32 83.678162 0.049663 0.039109 0.049705 0.039267
8 33 83.793106 0.050941 0.040061 0.049232 0.039009
8 34 83.908043 0.050266 0.039286 0.050524 0.039372
8 35 84.022987 0.049705 0.038619 0.049327 0.038386
8 36 84.137932 0.048601 0.038700 0.049319 0.038678
8 37 84.252876 0.050514 0.039558 0.048705 0.038530
8 38 84.367813 0.050389 0.039205 0.051188 0.039944
8 39 84.482758 0.050426 0.039477 0.050150 0.039159
8 40 84.597702 0.049841 0.039197 0.048670 0.038610
8 41 84.712646 0.049818 0.039665 0.049285 0.038877
8 42 84.827583 0.050450 0.039448 0.049454 0.038837
8 43 84.942528 0.050304 0.039308 0.049943 0.038896
8 44 85.057472 0.050755 0.039716 0.049186 0.038841
8 45 85.172417 0.050533 0.039600 0.050355 0.039456
8 46 85.287354 0.049658 0.039160 0.050002 0.039338
8 47 85.402298 0.051027 0.039591 0.049330 0.038288
8 48 85.517242 0.049360 0.038977 0.049691 0.038849
8 49 85.632187 0.050441 0.039620 0.049900 0.039295
8 50 85.747124 0.049268 0.038839 0.050571 0.039563
8 51 85.862068 0.049332 0.038965 0.049391 0.038770
8 52 85.977013 0.049320 0.038674 0.049937 0.039343
8 53 86.091957 0.050508 0.039373 0.050916 0.040160
8 54 86.206894 0.048501 0.038679 0.049903 0.039199
8 55 86.321838 0.049138 0.038815 0.050393 0.039347
8 56 86.436783 0.049993 0.038797 0.049402 0.038676
8 57 86.551727 0.049767 0.038893 0.049740 0.039113
8 58 86.666664 0.049030 0.038642 0.049777 0.039460
8 59 86.781609 0.049958 0.038849 0.049411 0.038895
8 60 86.896553 0.049998 0.039069 0.050262 0.039378
8 61 87.011497 0.049894 0.038955 0.049338 0.038741
8 62 87.126434 0.050220 0.038483 0.049521 0.038513
8 63 87.241379 0.049947 0.038850 0.049715 0.038881
8 64 87.356323 0.048795 0.038616 0.049404 0.038989
8 65 87.471268 0.050011 0.039223 0.050361 0.039148
8 66 87.586205 0.049766 0.038940 0.049934 0.039353
8 67 87.701149 0.049991 0.039484 0.050276 0.039664
8 68 87.816093 0.049603 0.039406 0.050485 0.039444
8 69 87.931038 0.051081 0.039353 0.049831 0.038596
8 70 88.045975 0.050002 0.038665 0.049112 0.038746
8 71 88.160919 0.048836 0.038903 0.050174 0.039418
8 72 88.275864 0.049266 0.038678 0.048942 0.038436
8 73 88.390808 0.050667 0.039204 0.050769 0.039140
8 74 88.505745 0.049418 0.038893 0.049068 0.038139
8 75 88.620689 0.050143 0.039245 0.048964 0.038491
8 76 88.735634 0.050613 0.039611 0.050402 0.039350
8 77 88.850578 0.049202 0.038659 0.051581 0.040354
8 78 88.965515 0.049906 0.039015 0.050298 0.039193
8 79 89.080460 0.049062 0.038842 0.048502 0.038507
8 80 89.195404 0.050346 0.039338 0.050437 0.039279
8 81 89.310349 0.050529 0.039449 0.050215 0.038992
8 82 89.425285 0.049811 0.038938 0.049508 0.038634
8 83 89.540230 0.050618 0.039647 0.048415 0.037982
8 84 89.655174 0.049174 0.039116 0.049011 0.038817
8 85 89.770119 0.049597 0.038900 0.048925 0.038483
8 86 89.885056 0.050611 0.039383 0.049448 0.038416
9 0 90.000000 0.048621 0.038506 0.048903 0.038634
9 1 90.114944 0.048752 0.038390 0.049898 0.039145
9 2 90.229881 0.050468 0.039202 0.050049 0.039043
9 3 90.344826 0.049931 0.038984 0.047711 0.038033
9 4 90.459770 0.050057 0.039316 0.050043 0.039467
9 5 90.574715 0.048686 0.038443 0.050078 0.039528
9 6 90.689651 0.048988 0.038759 0.049585 0.038729
9 7 90.804596 0.049031 0.038402 0.050819 0.039852
9 8 90.919540 0.049189 0.038257 0.050732 0.039061
9 9 91.034485 0.049118 0.038700 0.049452 0.038857
9 10 91.149422 0.050104 0.039254 0.048840 0.038183
9 11 91.264366 0.049759 0.039238 0.049077 0.038353
9 12 91.379311 0.049193 0.038295 0.050353 0.039283
9 13 91.494255 0.049440 0.038967 0.049464 0.038437
9 14 91.609192 0.049437 0.038701 0.050982 0.039745
9 15 91.724136 0.048940 0.038822 0.049745 0.038919
9 16 91.839081 0.049964 0.039336 0.049573 0.038616
9 17 91.954025 0.050268 0.039483 0.049604 0.038881
9 18 92.068962 0.049429 0.038848 0.049880 0.039654
9 19 92.183907 0.049084 0.038590 0.049757 0.038792
9 20 92.298851 0.049213 0.038125 0.049524 0.038685
9 21 92.413795 0.049361 0.038408 0.049972 0.039734
9 22 92.528732 0.049288 0.039052 0.051091 0.039702
9 23 92.643677 0.048934 0.038929 0.050764 0.039988
9 24 92.758621 0.049847 0.039366 0.049455 0.038810
9 25 92.873566 0.051114 0.039185 0.050249 0.039215
9 26 92.988503 0.048776 0.038774 0.048295 0.038436
9 27 93.103447 0.050918 0.039629 0.051176 0.039519
9 28 93.218391 0.049565 0.038492 0.048782 0.038236
9 29 93.333336 0.049940 0.039293 0.050145 0.039041
9 30 93.448273 0.049894 0.038636 0.050402 0.039279
9 31 93.563217 0.050212 0.039509 0.049924 0.038872
9 32 93.678162 0.048265 0.038118 0.048856 0.038403
9 33 93.793106 0.049641 0.039042 0.050275 0.039534
9 34 93.908043 0.049480 0.038903 0.048245 0.038353
9 35 94.022987 0.049220 0.038671 0.048498 0.038401
9 36 94.137932 0.050326 0.039736 0.050007 0.039509
9 37 94.252876 0.050243 0.038988 0.050521 0.039015
9 38 94.367813 0.050018 0.039349 0.049918 0.038942
9 39 94.482758 0.049962 0.038988 0.049754 0.039097
9 40 94.597702 0.050010 0.039452 0.048738 0.038532
9 41 94.712646 0.049833 0.039096 0.048274 0.037908
9 42 94.827583 0.048975 0.038483 0.048762 0.038485
9 43 94.942528 0.049209 0.038927 0.048569 0.038503
9 44 95.057472 0.050439 0.039427 0.049786 0.039165
9 45 95.172417 0.049597 0.039005 0.048481 0.038323
9 46 95.287354 0.050110 0.038979 0.050864 0.039645
9 47 95.402298 0.049959 0.039230 0.049555 0.039272
9 48 95.517242 0.049995 0.039245 0.049765 0.038862
9 49 95.632187 0.050969 0.039566 0.050529 0.039680
9 50 95.747124 0.049689 0.039383 0.050508 0.039472
9 51 95.862068 0.049446 0.038725 0.048970 0.038982
9 52 95.977013 0.049846 0.039253 0.049854 0.039558
9 53 96.091957 0.050691 0.039790 0.050805 0.039809
9 54 96.206894 0.051076 0.039536 0.049898 0.038616
9 55 96.321838 0.047999 0.038254 0.049809 0.039056
9 56 96.436783 0.049609 0.039252 0.050481 0.039263
9 57 96.551727 0.050336 0.039539 0.050516 0.039716
9 58 96.666664 0.049347 0.038551 0.049213 0.038731
9 59 96.781609 0.048773 0.038779 0.049153 0.039445
9 60 96.896553 0.050417 0.039261 0.050859 0.039586
9 61 97.011497 0.049522 0.039097 0.050264 0.039088
9 62 97.126434 0.049888 0.038954 0.049685 0.039253
9 63 97.241379 0.050207 0.039488 0.050342 0.039063
9 64 97.356323 0.049295 0.038790 0.049351 0.038866
9 65 97.471268 0.048854 0.038471 0.049313 0.038811
9 66 97.586205 0.050658 0.039742 0.049340 0.038773
9 67 97.701149 0.051384 0.039573 0.051170 0.039596
9 68 97.816093 0.050947 0.039504 0.049778 0.038590
9 69 97.931038 0.050123 0.038552 0.050979 0.039565
9 70 98.045975 0.049408 0.038805 0.049133 0.038820
9 71 98.160919 0.049559 0.038640 0.049912 0.039104
9 72 98.275864 0.049290 0.038836 0.049649 0.038779
9 73 98.390808 0.050928 0.039486 0.049806 0.038503
9 74 98.505745 0.050483 0.039636 0.049911 0.039087
9 75 98.620689 0.050216 0.039348 0.049084 0.038409
9 76 98.735634 0.050448 0.039389 0.049918 0.038980
9 77 98.850578 0.049401 0.038704 0.049077 0.038666
9 78 98.965515 0.049346 0.039006 0.049139 0.038406
9 79 99.080460 0.049459 0.039145 0.049413 0.038588
9 80 99.195404 0.047974 0.037674 0.049677 0.039058
9 81 99.310349 0.049032 0.038400 0.048847 0.038568
9 82 99.425285 0.049099 0.038641 0.049796 0.039171
9 83 99.540230 0.049696 0.039065 0.049407 0.038844
9 84 99.655174 0.050629 0.039306 0.049675 0.038942
9 85 99.770119 0.049424 0.038485 0.049456 0.038467
9 86 99.885056 0.050110 0.039393 0.049478 0.039154
