0 -0.145525 1 0.000050
1 -0.142635 1 0.000050
2 -0.139745 0 0.000000
3 -0.136855 0 0.000000
4 -0.133966 0 0.000000
5 -0.131076 0 0.000000
6 -0.128186 0 0.000000
7 -0.125296 3 0.000150
8 -0.122407 1 0.000050
9 -0.119517 4 0.000200
10 -0.116627 1 0.000050
11 -0.113737 2 0.000100
12 -0.110848 2 0.000100
13 -0.107958 1 0.000050
14 -0.105068 3 0.000150
15 -0.102178 4 0.000200
16 -0.099289 7 0.000350
17 -0.096399 5 0.000250
18 -0.093509 8 0.000400
19 -0.090619 11 0.000550
20 -0.087730 9 0.000450
21 -0.084840 5 0.000250
22 -0.081950 6 0.000300
23 -0.079060 2 0.000100
24 -0.076171 10 0.000500
25 -0.073281 11 0.000550
26 -0.070391 13 0.000650
27 -0.067501 15 0.000750
28 -0.064612 12 0.000600
29 -0.061722 19 0.000950
30 -0.058832 17 0.000850
31 -0.055942 16 0.000800
32 -0.053053 22 0.001100
33 -0.050163 19 0.000950
34 -0.047273 23 0.001150
35 -0.044383 24 0.001200
36 -0.041494 30 0.001500
37 -0.038604 33 0.001650
38 -0.035714 48 0.002400
39 -0.032824 54 0.002700
40 -0.029935 52 0.002600
41 -0.027045 91 0.004550
42 -0.024155 95 0.004750
43 -0.021265 120 0.006000
44 -0.018376 190 0.009500
45 -0.015486 250 0.012500
46 -0.012596 306 0.015300
47 -0.009706 460 0.023000
48 -0.006816 661 0.033050
49 -0.003927 1146 0.057300
50 -0.001037 2784 0.139200
51 0.001853 5187 0.259350
52 0.004743 3715 0.185750
53 0.007632 1631 0.081550
54 0.010522 784 0.039200
55 0.013412 506 0.025300
56 0.016302 360 0.018000
57 0.019191 237 0.011850
58 0.022081 171 0.008550
59 0.024971 150 0.007500
60 0.027861 105 0.005250
61 0.030750 79 0.003950
62 0.033640 74 0.003700
63 0.036530 39 0.001950
64 0.039420 40 0.002000
65 0.042309 43 0.002150
66 0.045199 42 0.002100
67 0.048089 20 0.001000
68 0.050979 21 0.001050
69 0.053868 19 0.000950
70 0.056758 21 0.001050
71 0.059648 15 0.000750
72 0.062538 15 0.000750
73 0.065427 18 0.000900
74 0.068317 14 0.000700
75 0.071207 16 0.000800
76 0.074097 4 0.000200
77 0.076986 6 0.000300
78 0.079876 7 0.000350
79 0.082766 4 0.000200
80 0.085656 3 0.000150
81 0.088545 8 0.000400
82 0.091435 8 0.000400
83 0.094325 9 0.000450
84 0.097215 2 0.000100
85 0.100104 9 0.000450
86 0.102994 5 0.000250
87 0.105884 2 0.000100
88 0.108774 1 0.000050
89 0.111663 2 0.000100
90 0.114553 3 0.000150
91 0.117443 2 0.000100
92 0.120333 4 0.000200
93 0.123222 0 0.000000
94 0.126112 0 0.000000
95 0.129002 0 0.000000
96 0.131892 0 0.000000
97 0.134781 0 0.000000
98 0.137671 1 0.000050
99 0.140561 1 0.000050
