0 -0.456692 1 0.000017
1 -0.448097 0 0.000000
2 -0.439501 0 0.000000
3 -0.430906 0 0.000000
4 -0.422310 0 0.000000
5 -0.413714 1 0.000017
6 -0.405119 0 0.000000
7 -0.396523 0 0.000000
8 -0.387928 0 0.000000
9 -0.379332 0 0.000000
10 -0.370737 1 0.000017
11 -0.362141 0 0.000000
12 -0.353545 2 0.000033
13 -0.344950 1 0.000017
14 -0.336354 0 0.000000
15 -0.327759 2 0.000033
16 -0.319163 1 0.000017
17 -0.310567 2 0.000033
18 -0.301972 0 0.000000
19 -0.293376 1 0.000017
20 -0.284781 0 0.000000
21 -0.276185 0 0.000000
22 -0.267590 4 0.000067
23 -0.258994 2 0.000033
24 -0.250398 4 0.000067
25 -0.241803 2 0.000033
26 -0.233207 4 0.000067
27 -0.224612 4 0.000067
28 -0.216016 10 0.000167
29 -0.207421 15 0.000250
30 -0.198825 18 0.000300
31 -0.190229 20 0.000333
32 -0.181634 53 0.000883
33 -0.173038 65 0.001083
34 -0.164443 74 0.001233
35 -0.155847 111 0.001850
36 -0.147252 172 0.002867
37 -0.138656 200 0.003333
38 -0.130060 227 0.003783
39 -0.121465 190 0.003167
40 -0.112869 239 0.003983
41 -0.104274 210 0.003500
42 -0.095678 272 0.004533
43 -0.087083 427 0.007117
44 -0.078487 790 0.013167
45 -0.069891 742 0.012367
46 -0.061296 563 0.009383
47 -0.052700 635 0.010583
48 -0.044105 915 0.015250
49 -0.035509 1027 0.017117
50 -0.026914 1575 0.026250
51 -0.018318 3843 0.064050
52 -0.009722 15352 0.255867
53 -0.001127 17997 0.299950
54 0.007469 5124 0.085400
55 0.016064 1945 0.032417
56 0.024660 1391 0.023183
57 0.033255 925 0.015417
58 0.041851 672 0.011200
59 0.050447 563 0.009383
60 0.059042 645 0.010750
61 0.067638 492 0.008200
62 0.076233 416 0.006933
63 0.084829 305 0.005083
64 0.093424 217 0.003617
65 0.102020 164 0.002733
66 0.110616 196 0.003267
67 0.119211 318 0.005300
68 0.127807 235 0.003917
69 0.136402 154 0.002567
70 0.144998 95 0.001583
71 0.153594 110 0.001833
72 0.162189 109 0.001817
73 0.170785 51 0.000850
74 0.179380 26 0.000433
75 0.187976 20 0.000333
76 0.196571 9 0.000150
77 0.205167 4 0.000067
78 0.213763 2 0.000033
79 0.222358 4 0.000067
80 0.230954 10 0.000167
81 0.239549 5 0.000083
82 0.248145 3 0.000050
83 0.256740 0 0.000000
84 0.265336 1 0.000017
85 0.273932 4 0.000067
86 0.282527 1 0.000017
87 0.291123 0 0.000000
88 0.299718 2 0.000033
89 0.308314 0 0.000000
90 0.316909 0 0.000000
91 0.325505 1 0.000017
92 0.334101 3 0.000050
93 0.342696 1 0.000017
94 0.351292 0 0.000000
95 0.359887 1 0.000017
96 0.368483 0 0.000000
97 0.377078 1 0.000017
98 0.385674 0 0.000000
99 0.394270 1 0.000017
