0 -0.233277 1 0.000050
1 -0.229323 1 0.000050
2 -0.225369 0 0.000000
3 -0.221415 0 0.000000
4 -0.217461 0 0.000000
5 -0.213507 0 0.000000
6 -0.209554 0 0.000000
7 -0.205600 0 0.000000
8 -0.201646 0 0.000000
9 -0.197692 0 0.000000
10 -0.193738 1 0.000050
11 -0.189784 0 0.000000
12 -0.185830 0 0.000000
13 -0.181876 0 0.000000
14 -0.177922 2 0.000100
15 -0.173968 0 0.000000
16 -0.170014 0 0.000000
17 -0.166060 0 0.000000
18 -0.162106 0 0.000000
19 -0.158152 0 0.000000
20 -0.154198 0 0.000000
21 -0.150245 0 0.000000
22 -0.146291 1 0.000050
23 -0.142337 1 0.000050
24 -0.138383 2 0.000100
25 -0.134429 3 0.000150
26 -0.130475 4 0.000200
27 -0.126521 1 0.000050
28 -0.122567 3 0.000150
29 -0.118613 4 0.000200
30 -0.114659 4 0.000200
31 -0.110705 4 0.000200
32 -0.106751 5 0.000250
33 -0.102797 5 0.000250
34 -0.098843 4 0.000200
35 -0.094890 5 0.000250
36 -0.090936 11 0.000550
37 -0.086982 7 0.000350
38 -0.083028 8 0.000400
39 -0.079074 4 0.000200
40 -0.075120 20 0.001000
41 -0.071166 20 0.001000
42 -0.067212 16 0.000800
43 -0.063258 19 0.000950
44 -0.059304 25 0.001250
45 -0.055350 46 0.002300
46 -0.051396 67 0.003350
47 -0.047442 75 0.003750
48 -0.043488 59 0.002950
49 -0.039535 81 0.004050
50 -0.035581 94 0.004700
51 -0.031627 110 0.005500
52 -0.027673 194 0.009700
53 -0.023719 286 0.014300
54 -0.019765 541 0.027050
55 -0.015811 902 0.045100
56 -0.011857 1871 0.093550
57 -0.007903 4995 0.249750
58 -0.003949 5219 0.260950
59 0.000005 2029 0.101450
60 0.003959 1128 0.056400
61 0.007913 703 0.035150
62 0.011867 420 0.021000
63 0.015821 219 0.010950
64 0.019774 143 0.007150
65 0.023728 117 0.005850
66 0.027682 77 0.003850
67 0.031636 71 0.003550
68 0.035590 50 0.002500
69 0.039544 51 0.002550
70 0.043498 45 0.002250
71 0.047452 35 0.001750
72 0.051406 29 0.001450
73 0.055360 14 0.000700
74 0.059314 16 0.000800
75 0.063268 10 0.000500
76 0.067222 8 0.000400
77 0.071176 13 0.000650
78 0.075129 14 0.000700
79 0.079083 13 0.000650
80 0.083037 6 0.000300
81 0.086991 6 0.000300
82 0.090945 6 0.000300
83 0.094899 12 0.000600
84 0.098853 5 0.000250
85 0.102807 6 0.000300
86 0.106761 7 0.000350
87 0.110715 4 0.000200
88 0.114669 4 0.000200
89 0.118623 0 0.000000
90 0.122577 1 0.000050
91 0.126531 1 0.000050
92 0.130484 0 0.000000
93 0.134438 2 0.000100
94 0.138392 3 0.000150
95 0.142346 3 0.000150
96 0.146300 6 0.000300
97 0.150254 1 0.000050
98 0.154208 0 0.000000
99 0.158162 1 0.000050
