0 -0.456692 1 0.000050
1 -0.448097 0 0.000000
2 -0.439501 0 0.000000
3 -0.430906 0 0.000000
4 -0.422310 0 0.000000
5 -0.413714 1 0.000050
6 -0.405119 0 0.000000
7 -0.396523 0 0.000000
8 -0.387928 0 0.000000
9 -0.379332 0 0.000000
10 -0.370737 1 0.000050
11 -0.362141 0 0.000000
12 -0.353545 2 0.000100
13 -0.344950 1 0.000050
14 -0.336354 0 0.000000
15 -0.327759 2 0.000100
16 -0.319163 1 0.000050
17 -0.310567 2 0.000100
18 -0.301972 0 0.000000
19 -0.293376 1 0.000050
20 -0.284781 0 0.000000
21 -0.276185 0 0.000000
22 -0.267590 4 0.000200
23 -0.258994 2 0.000100
24 -0.250398 4 0.000200
25 -0.241803 1 0.000050
26 -0.233207 3 0.000150
27 -0.224612 4 0.000200
28 -0.216016 10 0.000500
29 -0.207421 15 0.000750
30 -0.198825 17 0.000850
31 -0.190229 20 0.001000
32 -0.181634 51 0.002550
33 -0.173038 65 0.003250
34 -0.164443 74 0.003700
35 -0.155847 111 0.005550
36 -0.147252 168 0.008400
37 -0.138656 195 0.009750
38 -0.130060 217 0.010850
39 -0.121465 176 0.008800
40 -0.112869 224 0.011200
41 -0.104274 186 0.009300
42 -0.095678 229 0.011450
43 -0.087083 395 0.019750
44 -0.078487 738 0.036900
45 -0.069891 658 0.032900
46 -0.061296 450 0.022500
47 -0.052700 429 0.021450
48 -0.044105 668 0.033400
49 -0.035509 654 0.032700
50 -0.026914 673 0.033650
51 -0.018318 954 0.047700
52 -0.009722 2993 0.149650
53 -0.001127 2252 0.112600
54 0.007469 845 0.042250
55 0.016064 770 0.038500
56 0.024660 871 0.043550
57 0.033255 640 0.032000
58 0.041851 475 0.023750
59 0.050447 452 0.022600
60 0.059042 566 0.028300
61 0.067638 434 0.021700
62 0.076233 373 0.018650
63 0.084829 274 0.013700
64 0.093424 177 0.008850
65 0.102020 143 0.007150
66 0.110616 182 0.009100
67 0.119211 311 0.015550
68 0.127807 235 0.011750
69 0.136402 145 0.007250
70 0.144998 88 0.004400
71 0.153594 108 0.005400
72 0.162189 109 0.005450
73 0.170785 51 0.002550
74 0.179380 26 0.001300
75 0.187976 20 0.001000
76 0.196571 9 0.000450
77 0.205167 4 0.000200
78 0.213763 2 0.000100
79 0.222358 4 0.000200
80 0.230954 10 0.000500
81 0.239549 5 0.000250
82 0.248145 3 0.000150
83 0.256740 0 0.000000
84 0.265336 1 0.000050
85 0.273932 4 0.000200
86 0.282527 1 0.000050
87 0.291123 0 0.000000
88 0.299718 2 0.000100
89 0.308314 0 0.000000
90 0.316909 0 0.000000
91 0.325505 1 0.000050
92 0.334101 3 0.000150
93 0.342696 1 0.000050
94 0.351292 0 0.000000
95 0.359887 1 0.000050
96 0.368483 0 0.000000
97 0.377078 1 0.000050
98 0.385674 0 0.000000
99 0.394270 1 0.000050
