0 0.000000 50573 0.842883
1 0.002107 2691 0.044850
2 0.004213 2164 0.036067
3 0.006320 988 0.016467
4 0.008427 601 0.010017
5 0.010534 449 0.007483
6 0.012640 428 0.007133
7 0.014747 531 0.008850
8 0.016854 392 0.006533
9 0.018961 294 0.004900
10 0.021067 175 0.002917
11 0.023174 159 0.002650
12 0.025281 128 0.002133
13 0.027388 125 0.002083
14 0.029494 87 0.001450
15 0.031601 42 0.000700
16 0.033708 31 0.000517
17 0.035815 24 0.000400
18 0.037921 13 0.000217
19 0.040028 14 0.000233
20 0.042135 13 0.000217
21 0.044242 7 0.000117
22 0.046348 3 0.000050
23 0.048455 4 0.000067
24 0.050562 4 0.000067
25 0.052669 9 0.000150
26 0.054775 3 0.000050
27 0.056882 5 0.000083
28 0.058989 3 0.000050
29 0.061096 4 0.000067
30 0.063202 3 0.000050
31 0.065309 1 0.000017
32 0.067416 4 0.000067
33 0.069523 0 0.000000
34 0.071629 1 0.000017
35 0.073736 1 0.000017
36 0.075843 1 0.000017
37 0.077950 2 0.000033
38 0.080056 2 0.000033
39 0.082163 0 0.000000
40 0.084270 0 0.000000
41 0.086377 0 0.000000
42 0.088483 0 0.000000
43 0.090590 3 0.000050
44 0.092697 1 0.000017
45 0.094804 0 0.000000
46 0.096910 0 0.000000
47 0.099017 0 0.000000
48 0.101124 1 0.000017
49 0.103231 1 0.000017
50 0.105337 1 0.000017
51 0.107444 1 0.000017
52 0.109551 0 0.000000
53 0.111658 0 0.000000
54 0.113764 3 0.000050
55 0.115871 2 0.000033
56 0.117978 0 0.000000
57 0.120085 1 0.000017
58 0.122191 1 0.000017
59 0.124298 0 0.000000
60 0.126405 0 0.000000
61 0.128512 0 0.000000
62 0.130618 0 0.000000
63 0.132725 2 0.000033
64 0.134832 0 0.000000
65 0.136938 0 0.000000
66 0.139045 0 0.000000
67 0.141152 0 0.000000
68 0.143259 0 0.000000
69 0.145365 1 0.000017
70 0.147472 0 0.000000
71 0.149579 0 0.000000
72 0.151686 0 0.000000
73 0.153792 1 0.000017
74 0.155899 0 0.000000
75 0.158006 0 0.000000
76 0.160113 0 0.000000
77 0.162219 0 0.000000
78 0.164326 0 0.000000
79 0.166433 1 0.000017
80 0.168540 0 0.000000
81 0.170646 0 0.000000
82 0.172753 0 0.000000
83 0.174860 0 0.000000
84 0.176967 0 0.000000
85 0.179073 0 0.000000
86 0.181180 0 0.000000
87 0.183287 0 0.000000
88 0.185394 0 0.000000
89 0.187500 0 0.000000
90 0.189607 0 0.000000
91 0.191714 0 0.000000
92 0.193821 0 0.000000
93 0.195927 0 0.000000
94 0.198034 0 0.000000
95 0.200141 0 0.000000
96 0.202248 0 0.000000
97 0.204354 0 0.000000
98 0.206461 0 0.000000
99 0.208568 1 0.000017
