0 0.047559 5 0.000250
1 0.056683 0 0.000000
2 0.065806 5 0.000250
3 0.074930 16 0.000800
4 0.084053 7 0.000350
5 0.093177 0 0.000000
6 0.102300 3 0.000150
7 0.111424 39 0.001950
8 0.120547 12 0.000600
9 0.129671 11 0.000550
10 0.138795 25 0.001250
11 0.147918 7 0.000350
12 0.157042 26 0.001300
13 0.166165 33 0.001650
14 0.175289 28 0.001400
15 0.184412 9 0.000450
16 0.193536 40 0.002000
17 0.202659 0 0.000000
18 0.211783 36 0.001800
19 0.220906 13 0.000650
20 0.230030 44 0.002200
21 0.239153 47 0.002350
22 0.248277 32 0.001600
23 0.257400 57 0.002850
24 0.266524 55 0.002750
25 0.275647 24 0.001200
26 0.284771 66 0.003300
27 0.293894 32 0.001600
28 0.303018 93 0.004650
29 0.312141 51 0.002550
30 0.321265 97 0.004850
31 0.330389 69 0.003450
32 0.339512 105 0.005250
33 0.348636 101 0.005050
34 0.357759 147 0.007350
35 0.366883 98 0.004900
36 0.376006 118 0.005900
37 0.385130 158 0.007900
38 0.394253 256 0.012800
39 0.403377 205 0.010250
40 0.412500 182 0.009100
41 0.421624 247 0.012350
42 0.430747 401 0.020050
43 0.439871 403 0.020150
44 0.448994 551 0.027550
45 0.458118 709 0.035450
46 0.467241 891 0.044550
47 0.476365 1395 0.069750
48 0.485488 2775 0.138750
49 0.494612 2962 0.148100
50 0.503735 1564 0.078200
51 0.512859 989 0.049450
52 0.521983 729 0.036450
53 0.531106 495 0.024750
54 0.540230 354 0.017700
55 0.549353 299 0.014950
56 0.558477 373 0.018650
57 0.567600 362 0.018100
58 0.576724 275 0.013750
59 0.585847 178 0.008900
60 0.594971 138 0.006900
61 0.604094 136 0.006800
62 0.613218 119 0.005950
63 0.622341 142 0.007100
64 0.631465 122 0.006100
65 0.640588 97 0.004850
66 0.649712 166 0.008300
67 0.658835 70 0.003500
68 0.667959 78 0.003900
69 0.677082 44 0.002200
70 0.686206 15 0.000750
71 0.695329 33 0.001650
72 0.704453 22 0.001100
73 0.713577 63 0.003150
74 0.722700 23 0.001150
75 0.731824 50 0.002500
76 0.740947 46 0.002300
77 0.750071 25 0.001250
78 0.759194 23 0.001150
79 0.768318 5 0.000250
80 0.777441 1 0.000050
81 0.786565 51 0.002550
82 0.795688 26 0.001300
83 0.804812 15 0.000750
84 0.813935 25 0.001250
85 0.823059 5 0.000250
86 0.832182 24 0.001200
87 0.841306 16 0.000800
88 0.850429 9 0.000450
89 0.859553 14 0.000700
90 0.868676 11 0.000550
91 0.877800 33 0.001650
92 0.886924 0 0.000000
93 0.896047 14 0.000700
94 0.905171 8 0.000400
95 0.914294 3 0.000150
96 0.923418 5 0.000250
97 0.932541 0 0.000000
98 0.941665 18 0.000900
99 0.950788 1 0.000050
