0 0.012457 8 0.000133
1 0.022425 14 0.000233
2 0.032394 12 0.000200
3 0.042363 18 0.000300
4 0.052331 15 0.000250
5 0.062300 18 0.000300
6 0.072269 15 0.000250
7 0.082238 21 0.000350
8 0.092206 14 0.000233
9 0.102175 21 0.000350
10 0.112144 12 0.000200
11 0.122113 17 0.000283
12 0.132081 18 0.000300
13 0.142050 20 0.000333
14 0.152019 22 0.000367
15 0.161987 19 0.000317
16 0.171956 13 0.000217
17 0.181925 32 0.000533
18 0.191894 31 0.000517
19 0.201862 40 0.000667
20 0.211831 40 0.000667
21 0.221800 46 0.000767
22 0.231768 41 0.000683
23 0.241737 47 0.000783
24 0.251706 68 0.001133
25 0.261675 76 0.001267
26 0.271643 76 0.001267
27 0.281612 100 0.001667
28 0.291581 93 0.001550
29 0.301550 128 0.002133
30 0.311518 285 0.004750
31 0.321487 274 0.004567
32 0.331456 350 0.005833
33 0.341424 249 0.004150
34 0.351393 272 0.004533
35 0.361362 325 0.005417
36 0.371331 479 0.007983
37 0.381299 426 0.007100
38 0.391268 394 0.006567
39 0.401237 600 0.010000
40 0.411205 654 0.010900
41 0.421174 1252 0.020867
42 0.431143 1088 0.018133
43 0.441112 924 0.015400
44 0.451080 1196 0.019933
45 0.461049 1523 0.025383
46 0.471018 1924 0.032067
47 0.480987 2493 0.041550
48 0.490955 4269 0.071150
49 0.500924 7429 0.123817
50 0.510893 2507 0.041783
51 0.520861 2104 0.035067
52 0.530830 1738 0.028967
53 0.540799 1244 0.020733
54 0.550768 1359 0.022650
55 0.560736 1463 0.024383
56 0.570705 1977 0.032950
57 0.580674 2431 0.040517
58 0.590643 2958 0.049300
59 0.600611 1904 0.031733
60 0.610580 1302 0.021700
61 0.620549 1345 0.022417
62 0.630517 865 0.014417
63 0.640486 546 0.009100
64 0.650455 536 0.008933
65 0.660424 460 0.007667
66 0.670392 436 0.007267
67 0.680361 296 0.004933
68 0.690330 257 0.004283
69 0.700298 250 0.004167
70 0.710267 215 0.003583
71 0.720236 213 0.003550
72 0.730205 195 0.003250
73 0.740173 209 0.003483
74 0.750142 190 0.003167
75 0.760111 200 0.003333
76 0.770079 226 0.003767
77 0.780048 197 0.003283
78 0.790017 225 0.003750
79 0.799986 157 0.002617
80 0.809954 178 0.002967
81 0.819923 307 0.005117
82 0.829892 271 0.004517
83 0.839861 275 0.004583
84 0.849829 365 0.006083
85 0.859798 400 0.006667
86 0.869767 433 0.007217
87 0.879735 414 0.006900
88 0.889704 291 0.004850
89 0.899673 269 0.004483
90 0.909642 311 0.005183
91 0.919610 348 0.005800
92 0.929579 244 0.004067
93 0.939548 196 0.003267
94 0.949516 72 0.001200
95 0.959485 44 0.000733
96 0.969454 50 0.000833
97 0.979423 16 0.000267
98 0.989391 8 0.000133
99 0.999360 2 0.000033
