0 0.017065 10 0.000500
1 0.026987 8 0.000400
2 0.036909 8 0.000400
3 0.046831 5 0.000250
4 0.056754 5 0.000250
5 0.066676 0 0.000000
6 0.076598 8 0.000400
7 0.086520 6 0.000300
8 0.096442 2 0.000100
9 0.106364 7 0.000350
10 0.116287 3 0.000150
11 0.126209 3 0.000150
12 0.136131 2 0.000100
13 0.146053 5 0.000250
14 0.155975 3 0.000150
15 0.165897 4 0.000200
16 0.175820 7 0.000350
17 0.185742 3 0.000150
18 0.195664 6 0.000300
19 0.205586 4 0.000200
20 0.215508 7 0.000350
21 0.225431 3 0.000150
22 0.235353 6 0.000300
23 0.245275 25 0.001250
24 0.255197 20 0.001000
25 0.265119 23 0.001150
26 0.275041 37 0.001850
27 0.284964 29 0.001450
28 0.294886 32 0.001600
29 0.304808 63 0.003150
30 0.314730 124 0.006200
31 0.324652 153 0.007650
32 0.334574 156 0.007800
33 0.344497 103 0.005150
34 0.354419 19 0.000950
35 0.364341 17 0.000850
36 0.374263 24 0.001200
37 0.384185 11 0.000550
38 0.394107 24 0.001200
39 0.404030 25 0.001250
40 0.413952 25 0.001250
41 0.423874 30 0.001500
42 0.433796 34 0.001700
43 0.443718 55 0.002750
44 0.453641 40 0.002000
45 0.463563 60 0.003000
46 0.473485 84 0.004200
47 0.483407 90 0.004500
48 0.493329 120 0.006000
49 0.503251 111 0.005550
50 0.513174 152 0.007600
51 0.523096 173 0.008650
52 0.533018 216 0.010800
53 0.542940 318 0.015900
54 0.552862 446 0.022300
55 0.562784 539 0.026950
56 0.572707 1128 0.056400
57 0.582629 1930 0.096500
58 0.592551 2490 0.124500
59 0.602473 1234 0.061700
60 0.612395 919 0.045950
61 0.622317 707 0.035350
62 0.632240 481 0.024050
63 0.642162 329 0.016450
64 0.652084 292 0.014600
65 0.662006 275 0.013750
66 0.671928 211 0.010550
67 0.681850 196 0.009800
68 0.691773 177 0.008850
69 0.701695 177 0.008850
70 0.711617 152 0.007600
71 0.721539 181 0.009050
72 0.731461 160 0.008000
73 0.741384 174 0.008700
74 0.751306 161 0.008050
75 0.761228 154 0.007700
76 0.771150 202 0.010100
77 0.781072 170 0.008500
78 0.790994 200 0.010000
79 0.800917 143 0.007150
80 0.810839 163 0.008150
81 0.820761 298 0.014900
82 0.830683 236 0.011800
83 0.840605 261 0.013050
84 0.850527 339 0.016950
85 0.860450 414 0.020700
86 0.870372 404 0.020200
87 0.880294 390 0.019500
88 0.890216 278 0.013900
89 0.900138 266 0.013300
90 0.910061 295 0.014750
91 0.919983 339 0.016950
92 0.929905 221 0.011050
93 0.939827 188 0.009400
94 0.949749 64 0.003200
95 0.959671 35 0.001750
96 0.969594 47 0.002350
97 0.979516 16 0.000800
98 0.989438 8 0.000400
99 0.999360 2 0.000100
