0 0.416924 1 0.000050
1 0.418675 0 0.000000
2 0.420427 8 0.000400
3 0.422178 4 0.000200
4 0.423929 4 0.000200
5 0.425681 0 0.000000
6 0.427432 4 0.000200
7 0.429184 6 0.000300
8 0.430935 12 0.000600
9 0.432686 10 0.000500
10 0.434438 4 0.000200
11 0.436189 1 0.000050
12 0.437941 12 0.000600
13 0.439692 14 0.000700
14 0.441443 4 0.000200
15 0.443195 17 0.000850
16 0.444946 20 0.001000
17 0.446698 7 0.000350
18 0.448449 31 0.001550
19 0.450200 7 0.000350
20 0.451952 13 0.000650
21 0.453703 32 0.001600
22 0.455454 40 0.002000
23 0.457206 44 0.002200
24 0.458957 79 0.003950
25 0.460709 41 0.002050
26 0.462460 30 0.001500
27 0.464211 39 0.001950
28 0.465963 80 0.004000
29 0.467714 50 0.002500
30 0.469466 56 0.002800
31 0.471217 50 0.002500
32 0.472968 71 0.003550
33 0.474720 81 0.004050
34 0.476471 167 0.008350
35 0.478223 104 0.005200
36 0.479974 44 0.002200
37 0.481725 130 0.006500
38 0.483477 253 0.012650
39 0.485228 190 0.009500
40 0.486979 251 0.012550
41 0.488731 334 0.016700
42 0.490482 441 0.022050
43 0.492234 544 0.027200
44 0.493985 793 0.039650
45 0.495736 839 0.041950
46 0.497488 967 0.048350
47 0.499239 1197 0.059850
48 0.500991 1735 0.086750
49 0.502742 1874 0.093700
50 0.504493 1839 0.091950
51 0.506245 1526 0.076300
52 0.507996 1106 0.055300
53 0.509748 909 0.045450
54 0.511499 551 0.027550
55 0.513250 509 0.025450
56 0.515002 435 0.021750
57 0.516753 366 0.018300
58 0.518504 235 0.011750
59 0.520256 263 0.013150
60 0.522007 183 0.009150
61 0.523759 173 0.008650
62 0.525510 179 0.008950
63 0.527261 123 0.006150
64 0.529013 124 0.006200
65 0.530764 126 0.006300
66 0.532516 68 0.003400
67 0.534267 62 0.003100
68 0.536018 79 0.003950
69 0.537770 52 0.002600
70 0.539521 51 0.002550
71 0.541272 25 0.001250
72 0.543024 22 0.001100
73 0.544775 41 0.002050
74 0.546527 52 0.002600
75 0.548278 22 0.001100
76 0.550029 13 0.000650
77 0.551781 16 0.000800
78 0.553532 10 0.000500
79 0.555284 12 0.000600
80 0.557035 8 0.000400
81 0.558786 10 0.000500
82 0.560538 1 0.000050
83 0.562289 3 0.000150
84 0.564041 4 0.000200
85 0.565792 13 0.000650
86 0.567543 4 0.000200
87 0.569295 10 0.000500
88 0.571046 5 0.000250
89 0.572797 0 0.000000
90 0.574549 0 0.000000
91 0.576300 4 0.000200
92 0.578052 3 0.000150
93 0.579803 0 0.000000
94 0.581554 1 0.000050
95 0.583306 10 0.000500
96 0.585057 0 0.000000
97 0.586809 3 0.000150
98 0.588560 11 0.000550
99 0.590311 3 0.000150
