0 0.061981 12 0.000600
1 0.071624 14 0.000700
2 0.081267 0 0.000000
3 0.090910 0 0.000000
4 0.100553 0 0.000000
5 0.110195 0 0.000000
6 0.119838 5 0.000250
7 0.129481 0 0.000000
8 0.139124 0 0.000000
9 0.148767 37 0.001850
10 0.158410 0 0.000000
11 0.168053 16 0.000800
12 0.177696 0 0.000000
13 0.187338 7 0.000350
14 0.196981 17 0.000850
15 0.206624 25 0.001250
16 0.216267 4 0.000200
17 0.225910 5 0.000250
18 0.235553 0 0.000000
19 0.245196 9 0.000450
20 0.254838 12 0.000600
21 0.264481 15 0.000750
22 0.274124 20 0.001000
23 0.283767 58 0.002900
24 0.293410 47 0.002350
25 0.303053 38 0.001900
26 0.312696 88 0.004400
27 0.322339 111 0.005550
28 0.331981 243 0.012150
29 0.341624 43 0.002150
30 0.351267 62 0.003100
31 0.360910 21 0.001050
32 0.370553 9 0.000450
33 0.380196 14 0.000700
34 0.389839 43 0.002150
35 0.399482 13 0.000650
36 0.409124 8 0.000400
37 0.418767 16 0.000800
38 0.428410 23 0.001150
39 0.438053 20 0.001000
40 0.447696 41 0.002050
41 0.457339 32 0.001600
42 0.466982 70 0.003500
43 0.476625 57 0.002850
44 0.486267 104 0.005200
45 0.495910 114 0.005700
46 0.505553 154 0.007700
47 0.515196 144 0.007200
48 0.524839 168 0.008400
49 0.534482 217 0.010850
50 0.544125 350 0.017500
51 0.553768 329 0.016450
52 0.563410 505 0.025250
53 0.573053 656 0.032800
54 0.582696 1659 0.082950
55 0.592339 2546 0.127300
56 0.601982 1641 0.082050
57 0.611625 1028 0.051400
58 0.621268 733 0.036650
59 0.630911 567 0.028350
60 0.640553 395 0.019750
61 0.650196 344 0.017200
62 0.659839 314 0.015700
63 0.669482 166 0.008300
64 0.679125 191 0.009550
65 0.688768 129 0.006450
66 0.698411 189 0.009450
67 0.708054 135 0.006750
68 0.717696 280 0.014000
69 0.727339 90 0.004500
70 0.736982 151 0.007550
71 0.746625 131 0.006550
72 0.756268 147 0.007350
73 0.765911 164 0.008200
74 0.775554 259 0.012950
75 0.785196 254 0.012700
76 0.794839 127 0.006350
77 0.804482 122 0.006100
78 0.814125 162 0.008100
79 0.823768 164 0.008200
80 0.833411 282 0.014100
81 0.843054 268 0.013400
82 0.852697 376 0.018800
83 0.862339 357 0.017850
84 0.871982 448 0.022400
85 0.881625 389 0.019450
86 0.891268 248 0.012400
87 0.900911 290 0.014500
88 0.910554 246 0.012300
89 0.920197 310 0.015500
90 0.929840 292 0.014600
91 0.939482 199 0.009950
92 0.949125 77 0.003850
93 0.958768 40 0.002000
94 0.968411 24 0.001200
95 0.978054 68 0.003400
96 0.987697 0 0.000000
97 0.997340 0 0.000000
98 1.006983 2 0.000100
99 1.016626 0 0.000000
