0 0.012457 1 0.000050
1 0.021313 0 0.000000
2 0.030169 0 0.000000
3 0.039025 0 0.000000
4 0.047881 0 0.000000
5 0.056736 0 0.000000
6 0.065592 0 0.000000
7 0.074448 0 0.000000
8 0.083304 0 0.000000
9 0.092160 1 0.000050
10 0.101016 0 0.000000
11 0.109872 1 0.000050
12 0.118728 1 0.000050
13 0.127584 3 0.000150
14 0.136440 0 0.000000
15 0.145296 0 0.000000
16 0.154152 0 0.000000
17 0.163008 0 0.000000
18 0.171864 0 0.000000
19 0.180720 0 0.000000
20 0.189576 1 0.000050
21 0.198432 2 0.000100
22 0.207288 0 0.000000
23 0.216144 5 0.000250
24 0.225000 7 0.000350
25 0.233856 1 0.000050
26 0.242712 2 0.000100
27 0.251568 1 0.000050
28 0.260424 0 0.000000
29 0.269280 1 0.000050
30 0.278136 1 0.000050
31 0.286992 2 0.000100
32 0.295848 12 0.000600
33 0.304704 28 0.001400
34 0.313560 62 0.003100
35 0.322416 79 0.003950
36 0.331272 78 0.003900
37 0.340128 44 0.002200
38 0.348984 80 0.004000
39 0.357840 151 0.007550
40 0.366696 258 0.012900
41 0.375552 218 0.010900
42 0.384408 215 0.010750
43 0.393264 170 0.008500
44 0.402120 307 0.015350
45 0.410976 354 0.017700
46 0.419832 656 0.032800
47 0.428688 865 0.043250
48 0.437544 386 0.019300
49 0.446400 377 0.018850
50 0.455256 582 0.029100
51 0.464112 710 0.035500
52 0.472968 713 0.035650
53 0.481823 638 0.031900
54 0.490679 757 0.037850
55 0.499535 4591 0.229550
56 0.508391 810 0.040500
57 0.517247 748 0.037400
58 0.526103 1068 0.053400
59 0.534959 570 0.028500
60 0.543815 447 0.022350
61 0.552671 510 0.025500
62 0.561527 478 0.023900
63 0.570383 646 0.032300
64 0.579239 348 0.017400
65 0.588095 261 0.013050
66 0.596951 225 0.011250
67 0.605807 234 0.011700
68 0.614663 195 0.009750
69 0.623519 425 0.021250
70 0.632375 160 0.008000
71 0.641231 65 0.003250
72 0.650087 92 0.004600
73 0.658943 87 0.004350
74 0.667799 114 0.005700
75 0.676655 53 0.002650
76 0.685511 25 0.001250
77 0.694367 15 0.000750
78 0.703223 28 0.001400
79 0.712079 8 0.000400
80 0.720935 1 0.000050
81 0.729791 1 0.000050
82 0.738647 0 0.000000
83 0.747503 0 0.000000
84 0.756359 2 0.000100
85 0.765215 1 0.000050
86 0.774071 6 0.000300
87 0.782927 1 0.000050
88 0.791783 5 0.000250
89 0.800639 3 0.000150
90 0.809495 3 0.000150
91 0.818351 0 0.000000
92 0.827207 0 0.000000
93 0.836063 0 0.000000
94 0.844919 0 0.000000
95 0.853775 0 0.000000
96 0.862631 0 0.000000
97 0.871487 0 0.000000
98 0.880343 3 0.000150
99 0.889199 1 0.000050
