0 0.012610 3 0.000150
1 0.022371 4 0.000200
2 0.032131 4 0.000200
3 0.041892 11 0.000550
4 0.051652 10 0.000500
5 0.061412 15 0.000750
6 0.071173 10 0.000500
7 0.080933 13 0.000650
8 0.090694 7 0.000350
9 0.100454 19 0.000950
10 0.110214 5 0.000250
11 0.119975 12 0.000600
12 0.129735 12 0.000600
13 0.139496 18 0.000900
14 0.149256 13 0.000650
15 0.159016 20 0.001000
16 0.168777 8 0.000400
17 0.178537 19 0.000950
18 0.188298 24 0.001200
19 0.198058 28 0.001400
20 0.207818 40 0.002000
21 0.217579 30 0.001500
22 0.227339 33 0.001650
23 0.237100 28 0.001400
24 0.246860 39 0.001950
25 0.256620 43 0.002150
26 0.266381 43 0.002150
27 0.276141 47 0.002350
28 0.285902 73 0.003650
29 0.295662 60 0.003000
30 0.305422 64 0.003200
31 0.315183 78 0.003900
32 0.324943 90 0.004500
33 0.334704 79 0.003950
34 0.344464 76 0.003800
35 0.354224 91 0.004550
36 0.363985 146 0.007300
37 0.373745 130 0.006500
38 0.383506 191 0.009550
39 0.393266 184 0.009200
40 0.403026 229 0.011450
41 0.412787 232 0.011600
42 0.422547 273 0.013650
43 0.432308 391 0.019550
44 0.442068 426 0.021300
45 0.451828 601 0.030050
46 0.461589 762 0.038100
47 0.471349 963 0.048150
48 0.481110 1661 0.083050
49 0.490870 3128 0.156400
50 0.500630 2710 0.135500
51 0.510391 1508 0.075400
52 0.520151 915 0.045750
53 0.529912 617 0.030850
54 0.539672 463 0.023150
55 0.549432 398 0.019900
56 0.559193 381 0.019050
57 0.568953 332 0.016600
58 0.578714 295 0.014750
59 0.588474 155 0.007750
60 0.598234 164 0.008200
61 0.607995 169 0.008450
62 0.617755 149 0.007450
63 0.627516 131 0.006550
64 0.637276 125 0.006250
65 0.647036 104 0.005200
66 0.656797 96 0.004800
67 0.666557 107 0.005350
68 0.676318 88 0.004400
69 0.686078 41 0.002050
70 0.695838 59 0.002950
71 0.705599 34 0.001700
72 0.715359 45 0.002250
73 0.725120 32 0.001600
74 0.734880 26 0.001300
75 0.744640 32 0.001600
76 0.754401 28 0.001400
77 0.764161 37 0.001850
78 0.773922 22 0.001100
79 0.783682 23 0.001150
80 0.793442 17 0.000850
81 0.803203 12 0.000600
82 0.812963 12 0.000600
83 0.822724 21 0.001050
84 0.832484 17 0.000850
85 0.842244 24 0.001200
86 0.852005 15 0.000750
87 0.861765 6 0.000300
88 0.871526 9 0.000450
89 0.881286 12 0.000600
90 0.891046 11 0.000550
91 0.900807 8 0.000400
92 0.910567 12 0.000600
93 0.920328 8 0.000400
94 0.930088 21 0.001050
95 0.939848 6 0.000300
96 0.949609 5 0.000250
97 0.959369 8 0.000400
98 0.969130 3 0.000150
99 0.978890 1 0.000050
