0 -0.474735 1 0.000050
1 -0.466126 0 0.000000
2 -0.457516 0 0.000000
3 -0.448907 0 0.000000
4 -0.440297 0 0.000000
5 -0.431688 0 0.000000
6 -0.423078 0 0.000000
7 -0.414469 0 0.000000
8 -0.405860 0 0.000000
9 -0.397250 0 0.000000
10 -0.388641 0 0.000000
11 -0.380031 0 0.000000
12 -0.371422 0 0.000000
13 -0.362812 0 0.000000
14 -0.354203 0 0.000000
15 -0.345593 0 0.000000
16 -0.336984 3 0.000150
17 -0.328375 12 0.000600
18 -0.319765 7 0.000350
19 -0.311156 1 0.000050
20 -0.302546 10 0.000500
21 -0.293937 6 0.000300
22 -0.285327 2 0.000100
23 -0.276718 3 0.000150
24 -0.268108 10 0.000500
25 -0.259499 10 0.000500
26 -0.250890 38 0.001900
27 -0.242280 22 0.001100
28 -0.233671 25 0.001250
29 -0.225061 25 0.001250
30 -0.216452 13 0.000650
31 -0.207842 21 0.001050
32 -0.199233 24 0.001200
33 -0.190623 31 0.001550
34 -0.182014 39 0.001950
35 -0.173405 91 0.004550
36 -0.164795 137 0.006850
37 -0.156186 153 0.007650
38 -0.147576 199 0.009950
39 -0.138967 222 0.011100
40 -0.130357 250 0.012500
41 -0.121748 226 0.011300
42 -0.113138 186 0.009300
43 -0.104529 217 0.010850
44 -0.095920 284 0.014200
45 -0.087310 326 0.016300
46 -0.078701 359 0.017950
47 -0.070091 441 0.022050
48 -0.061482 360 0.018000
49 -0.052872 311 0.015550
50 -0.044263 346 0.017300
51 -0.035654 553 0.027650
52 -0.027044 837 0.041850
53 -0.018435 2816 0.140800
54 -0.009825 3922 0.196100
55 -0.001216 2350 0.117500
56 0.007394 1019 0.050950
57 0.016003 468 0.023400
58 0.024613 295 0.014750
59 0.033222 235 0.011750
60 0.041831 183 0.009150
61 0.050441 163 0.008150
62 0.059050 182 0.009100
63 0.067660 194 0.009700
64 0.076269 198 0.009900
65 0.084879 186 0.009300
66 0.093488 198 0.009900
67 0.102098 160 0.008000
68 0.110707 138 0.006900
69 0.119316 179 0.008950
70 0.127926 198 0.009900
71 0.136535 184 0.009200
72 0.145145 125 0.006250
73 0.153754 77 0.003850
74 0.162364 41 0.002050
75 0.170973 81 0.004050
76 0.179583 38 0.001900
77 0.188192 62 0.003100
78 0.196801 36 0.001800
79 0.205411 38 0.001900
80 0.214020 41 0.002050
81 0.222630 43 0.002150
82 0.231239 31 0.001550
83 0.239849 29 0.001450
84 0.248458 32 0.001600
85 0.257068 26 0.001300
86 0.265677 22 0.001100
87 0.274286 26 0.001300
88 0.282896 35 0.001750
89 0.291505 40 0.002000
90 0.300115 49 0.002450
91 0.308724 33 0.001650
92 0.317334 18 0.000900
93 0.325943 2 0.000100
94 0.334553 0 0.000000
95 0.343162 0 0.000000
96 0.351771 0 0.000000
97 0.360381 3 0.000150
98 0.368990 3 0.000150
99 0.377600 0 0.000000
