0 -0.321238 2 0.000100
1 -0.313188 1 0.000050
2 -0.305138 1 0.000050
3 -0.297088 0 0.000000
4 -0.289038 2 0.000100
5 -0.280988 5 0.000250
6 -0.272939 1 0.000050
7 -0.264889 0 0.000000
8 -0.256839 2 0.000100
9 -0.248789 1 0.000050
10 -0.240739 0 0.000000
11 -0.232689 2 0.000100
12 -0.224639 3 0.000150
13 -0.216589 10 0.000500
14 -0.208539 23 0.001150
15 -0.200490 18 0.000900
16 -0.192440 30 0.001500
17 -0.184390 57 0.002850
18 -0.176340 59 0.002950
19 -0.168290 46 0.002300
20 -0.160240 84 0.004200
21 -0.152190 157 0.007850
22 -0.144140 175 0.008750
23 -0.136090 326 0.016300
24 -0.128040 172 0.008600
25 -0.119991 133 0.006650
26 -0.111941 167 0.008350
27 -0.103891 216 0.010800
28 -0.095841 294 0.014700
29 -0.087791 528 0.026400
30 -0.079741 982 0.049100
31 -0.071691 435 0.021750
32 -0.063641 400 0.020000
33 -0.055591 454 0.022700
34 -0.047541 655 0.032750
35 -0.039492 776 0.038800
36 -0.031442 685 0.034250
37 -0.023392 707 0.035350
38 -0.015342 2012 0.100600
39 -0.007292 2508 0.125400
40 0.000758 734 0.036700
41 0.008808 612 0.030600
42 0.016858 1215 0.060750
43 0.024908 779 0.038950
44 0.032958 463 0.023150
45 0.041007 405 0.020250
46 0.049057 484 0.024200
47 0.057107 480 0.024000
48 0.065157 546 0.027300
49 0.073207 269 0.013450
50 0.081257 202 0.010100
51 0.089307 188 0.009400
52 0.097357 184 0.009200
53 0.105407 199 0.009950
54 0.113456 343 0.017150
55 0.121506 245 0.012250
56 0.129556 91 0.004550
57 0.137606 71 0.003550
58 0.145656 102 0.005100
59 0.153706 54 0.002700
60 0.161756 90 0.004500
61 0.169806 34 0.001700
62 0.177856 24 0.001200
63 0.185906 12 0.000600
64 0.193955 8 0.000400
65 0.202005 11 0.000550
66 0.210055 5 0.000250
67 0.218105 1 0.000050
68 0.226155 1 0.000050
69 0.234205 2 0.000100
70 0.242255 1 0.000050
71 0.250305 0 0.000000
72 0.258355 1 0.000050
73 0.266405 4 0.000200
74 0.274454 1 0.000050
75 0.282504 0 0.000000
76 0.290554 5 0.000250
77 0.298604 2 0.000100
78 0.306654 1 0.000050
79 0.314704 0 0.000000
80 0.322754 0 0.000000
81 0.330804 0 0.000000
82 0.338854 0 0.000000
83 0.346904 0 0.000000
84 0.354953 0 0.000000
85 0.363003 0 0.000000
86 0.371053 0 0.000000
87 0.379103 0 0.000000
88 0.387153 0 0.000000
89 0.395203 0 0.000000
90 0.403253 0 0.000000
91 0.411303 1 0.000050
92 0.419353 0 0.000000
93 0.427402 0 0.000000
94 0.435452 0 0.000000
95 0.443502 0 0.000000
96 0.451552 0 0.000000
97 0.459602 0 0.000000
98 0.467652 0 0.000000
99 0.475702 1 0.000050
