0 -0.474735 1 0.000017
1 -0.465135 0 0.000000
2 -0.455534 0 0.000000
3 -0.445934 0 0.000000
4 -0.436334 0 0.000000
5 -0.426733 0 0.000000
6 -0.417133 0 0.000000
7 -0.407532 0 0.000000
8 -0.397932 0 0.000000
9 -0.388332 0 0.000000
10 -0.378731 0 0.000000
11 -0.369131 0 0.000000
12 -0.359531 0 0.000000
13 -0.349930 0 0.000000
14 -0.340330 6 0.000100
15 -0.330729 16 0.000267
16 -0.321129 10 0.000167
17 -0.311529 3 0.000050
18 -0.301928 12 0.000200
19 -0.292328 17 0.000283
20 -0.282728 19 0.000317
21 -0.273127 11 0.000183
22 -0.263527 19 0.000317
23 -0.253926 46 0.000767
24 -0.244326 27 0.000450
25 -0.234726 38 0.000633
26 -0.225125 44 0.000733
27 -0.215525 40 0.000667
28 -0.205925 55 0.000917
29 -0.196324 65 0.001083
30 -0.186724 115 0.001917
31 -0.177123 167 0.002783
32 -0.167523 240 0.004000
33 -0.157923 339 0.005650
34 -0.148322 493 0.008217
35 -0.138722 673 0.011217
36 -0.129122 588 0.009800
37 -0.119521 475 0.007917
38 -0.109921 585 0.009750
39 -0.100320 757 0.012617
40 -0.090720 983 0.016383
41 -0.081120 1760 0.029333
42 -0.071519 1186 0.019767
43 -0.061919 1129 0.018817
44 -0.052319 1419 0.023650
45 -0.042718 1845 0.030750
46 -0.033118 2111 0.035183
47 -0.023518 3758 0.062633
48 -0.013917 10275 0.171250
49 -0.004317 9772 0.162867
50 0.005284 5280 0.088000
51 0.014884 3161 0.052683
52 0.024484 1918 0.031967
53 0.034085 1242 0.020700
54 0.043685 1180 0.019667
55 0.053285 1087 0.018117
56 0.062886 1094 0.018233
57 0.072486 788 0.013133
58 0.082087 671 0.011183
59 0.091687 582 0.009700
60 0.101287 541 0.009017
61 0.110888 630 0.010500
62 0.120488 621 0.010350
63 0.130088 387 0.006450
64 0.139689 320 0.005333
65 0.149289 248 0.004133
66 0.158890 163 0.002717
67 0.168490 148 0.002467
68 0.178090 98 0.001633
69 0.187691 99 0.001650
70 0.197291 59 0.000983
71 0.206891 61 0.001017
72 0.216492 59 0.000983
73 0.226092 48 0.000800
74 0.235693 46 0.000767
75 0.245293 40 0.000667
76 0.254893 39 0.000650
77 0.264494 35 0.000583
78 0.274094 35 0.000583
79 0.283694 42 0.000700
80 0.293295 66 0.001100
81 0.302895 52 0.000867
82 0.312496 40 0.000667
83 0.322096 7 0.000117
84 0.331696 3 0.000050
85 0.341297 1 0.000017
86 0.350897 2 0.000033
87 0.360497 3 0.000050
88 0.370098 3 0.000050
89 0.379698 0 0.000000
90 0.389299 0 0.000000
91 0.398899 0 0.000000
92 0.408499 1 0.000017
93 0.418100 0 0.000000
94 0.427700 0 0.000000
95 0.437300 0 0.000000
96 0.446901 0 0.000000
97 0.456501 0 0.000000
98 0.466102 0 0.000000
99 0.475702 1 0.000017
