0 0.000000 40696 0.678267
1 0.002286 4728 0.078800
2 0.004572 3842 0.064033
3 0.006857 2040 0.034000
4 0.009143 1468 0.024467
5 0.011429 1039 0.017317
6 0.013715 1286 0.021433
7 0.016000 1030 0.017167
8 0.018286 757 0.012617
9 0.020572 608 0.010133
10 0.022858 410 0.006833
11 0.025144 299 0.004983
12 0.027429 249 0.004150
13 0.029715 211 0.003517
14 0.032001 137 0.002283
15 0.034287 98 0.001633
16 0.036572 101 0.001683
17 0.038858 74 0.001233
18 0.041144 59 0.000983
19 0.043430 56 0.000933
20 0.045716 45 0.000750
21 0.048001 61 0.001017
22 0.050287 59 0.000983
23 0.052573 35 0.000583
24 0.054859 37 0.000617
25 0.057145 38 0.000633
26 0.059430 42 0.000700
27 0.061716 39 0.000650
28 0.064002 33 0.000550
29 0.066288 19 0.000317
30 0.068573 27 0.000450
31 0.070859 22 0.000367
32 0.073145 20 0.000333
33 0.075431 20 0.000333
34 0.077717 26 0.000433
35 0.080002 16 0.000267
36 0.082288 33 0.000550
37 0.084574 28 0.000467
38 0.086860 34 0.000567
39 0.089145 24 0.000400
40 0.091431 23 0.000383
41 0.093717 24 0.000400
42 0.096003 21 0.000350
43 0.098289 24 0.000400
44 0.100574 15 0.000250
45 0.102860 12 0.000200
46 0.105146 5 0.000083
47 0.107432 9 0.000150
48 0.109717 3 0.000050
49 0.112003 5 0.000083
50 0.114289 1 0.000017
51 0.116575 0 0.000000
52 0.118861 1 0.000017
53 0.121146 0 0.000000
54 0.123432 1 0.000017
55 0.125718 0 0.000000
56 0.128004 1 0.000017
57 0.130290 1 0.000017
58 0.132575 2 0.000033
59 0.134861 0 0.000000
60 0.137147 1 0.000017
61 0.139433 1 0.000017
62 0.141718 1 0.000017
63 0.144004 0 0.000000
64 0.146290 0 0.000000
65 0.148576 0 0.000000
66 0.150862 0 0.000000
67 0.153147 0 0.000000
68 0.155433 0 0.000000
69 0.157719 0 0.000000
70 0.160005 0 0.000000
71 0.162290 0 0.000000
72 0.164576 0 0.000000
73 0.166862 0 0.000000
74 0.169148 1 0.000017
75 0.171434 0 0.000000
76 0.173719 0 0.000000
77 0.176005 0 0.000000
78 0.178291 0 0.000000
79 0.180577 0 0.000000
80 0.182862 0 0.000000
81 0.185148 0 0.000000
82 0.187434 0 0.000000
83 0.189720 0 0.000000
84 0.192006 0 0.000000
85 0.194291 0 0.000000
86 0.196577 0 0.000000
87 0.198863 0 0.000000
88 0.201149 0 0.000000
89 0.203435 0 0.000000
90 0.205720 0 0.000000
91 0.208006 0 0.000000
92 0.210292 0 0.000000
93 0.212578 0 0.000000
94 0.214863 0 0.000000
95 0.217149 0 0.000000
96 0.219435 0 0.000000
97 0.221721 0 0.000000
98 0.224007 1 0.000017
99 0.226292 1 0.000017
