0 -0.336910 4 0.000200
1 -0.329879 1 0.000050
2 -0.322848 3 0.000150
3 -0.315817 1 0.000050
4 -0.308787 0 0.000000
5 -0.301756 0 0.000000
6 -0.294725 10 0.000500
7 -0.287694 4 0.000200
8 -0.280663 7 0.000350
9 -0.273632 1 0.000050
10 -0.266601 3 0.000150
11 -0.259570 8 0.000400
12 -0.252540 6 0.000300
13 -0.245509 3 0.000150
14 -0.238478 6 0.000300
15 -0.231447 2 0.000100
16 -0.224416 11 0.000550
17 -0.217385 6 0.000300
18 -0.210354 3 0.000150
19 -0.203323 6 0.000300
20 -0.196292 7 0.000350
21 -0.189262 7 0.000350
22 -0.182231 9 0.000450
23 -0.175200 16 0.000800
24 -0.168169 31 0.001550
25 -0.161138 25 0.001250
26 -0.154107 35 0.001750
27 -0.147076 50 0.002500
28 -0.140045 47 0.002350
29 -0.133015 55 0.002750
30 -0.125984 63 0.003150
31 -0.118953 56 0.002800
32 -0.111922 85 0.004250
33 -0.104891 123 0.006150
34 -0.097860 140 0.007000
35 -0.090829 111 0.005550
36 -0.083798 143 0.007150
37 -0.076768 164 0.008200
38 -0.069737 134 0.006700
39 -0.062706 164 0.008200
40 -0.055675 231 0.011550
41 -0.048644 325 0.016250
42 -0.041613 371 0.018550
43 -0.034582 401 0.020050
44 -0.027551 534 0.026700
45 -0.020521 950 0.047500
46 -0.013490 1883 0.094150
47 -0.006459 3428 0.171400
48 0.000572 3439 0.171950
49 0.007603 2080 0.104000
50 0.014634 1096 0.054800
51 0.021665 578 0.028900
52 0.028696 440 0.022000
53 0.035727 332 0.016600
54 0.042757 361 0.018050
55 0.049788 276 0.013800
56 0.056819 243 0.012150
57 0.063850 173 0.008650
58 0.070881 169 0.008450
59 0.077912 156 0.007800
60 0.084943 147 0.007350
61 0.091974 119 0.005950
62 0.099004 110 0.005500
63 0.106035 85 0.004250
64 0.113066 83 0.004150
65 0.120097 71 0.003550
66 0.127128 71 0.003550
67 0.134159 33 0.001650
68 0.141190 38 0.001900
69 0.148221 27 0.001350
70 0.155251 26 0.001300
71 0.162282 17 0.000850
72 0.169313 9 0.000450
73 0.176344 21 0.001050
74 0.183375 15 0.000750
75 0.190406 15 0.000750
76 0.197437 8 0.000400
77 0.204468 7 0.000350
78 0.211498 5 0.000250
79 0.218529 6 0.000300
80 0.225560 9 0.000450
81 0.232591 5 0.000250
82 0.239622 3 0.000150
83 0.246653 5 0.000250
84 0.253684 2 0.000100
85 0.260715 8 0.000400
86 0.267746 4 0.000200
87 0.274776 3 0.000150
88 0.281807 4 0.000200
89 0.288838 7 0.000350
90 0.295869 5 0.000250
91 0.302900 4 0.000200
92 0.309931 4 0.000200
93 0.316962 1 0.000050
94 0.323993 2 0.000100
95 0.331023 1 0.000050
96 0.338054 1 0.000050
97 0.345085 1 0.000050
98 0.352116 1 0.000050
99 0.359147 1 0.000050
