0 0.164363 5 0.000250
1 0.171351 0 0.000000
2 0.178339 0 0.000000
3 0.185327 0 0.000000
4 0.192315 7 0.000350
5 0.199302 0 0.000000
6 0.206290 0 0.000000
7 0.213278 0 0.000000
8 0.220266 6 0.000300
9 0.227254 0 0.000000
10 0.234241 0 0.000000
11 0.241229 0 0.000000
12 0.248217 0 0.000000
13 0.255205 0 0.000000
14 0.262193 0 0.000000
15 0.269180 0 0.000000
16 0.276168 0 0.000000
17 0.283156 12 0.000600
18 0.290144 0 0.000000
19 0.297131 0 0.000000
20 0.304119 330 0.016500
21 0.311107 47 0.002350
22 0.318095 0 0.000000
23 0.325083 0 0.000000
24 0.332070 336 0.016800
25 0.339058 0 0.000000
26 0.346046 3 0.000150
27 0.353034 31 0.001550
28 0.360022 0 0.000000
29 0.367009 344 0.017200
30 0.373997 324 0.016200
31 0.380985 0 0.000000
32 0.387973 187 0.009350
33 0.394961 216 0.010800
34 0.401948 412 0.020600
35 0.408936 34 0.001700
36 0.415924 863 0.043150
37 0.422912 83 0.004150
38 0.429900 299 0.014950
39 0.436887 112 0.005600
40 0.443875 638 0.031900
41 0.450863 373 0.018650
42 0.457851 214 0.010700
43 0.464839 222 0.011100
44 0.471826 548 0.027400
45 0.478814 725 0.036250
46 0.485802 841 0.042050
47 0.492790 2924 0.146200
48 0.499778 2806 0.140300
49 0.506765 565 0.028250
50 0.513753 479 0.023950
51 0.520741 953 0.047650
52 0.527729 642 0.032100
53 0.534717 1021 0.051050
54 0.541704 142 0.007100
55 0.548692 219 0.010950
56 0.555680 119 0.005950
57 0.562668 398 0.019900
58 0.569656 124 0.006200
59 0.576643 3 0.000150
60 0.583631 54 0.002700
61 0.590619 271 0.013550
62 0.597607 532 0.026600
63 0.604594 73 0.003650
64 0.611582 3 0.000150
65 0.618570 531 0.026550
66 0.625558 48 0.002400
67 0.632546 307 0.015350
68 0.639533 20 0.001000
69 0.646521 0 0.000000
70 0.653509 160 0.008000
71 0.660497 0 0.000000
72 0.667485 60 0.003000
73 0.674472 99 0.004950
74 0.681460 172 0.008600
75 0.688448 41 0.002050
76 0.695436 0 0.000000
77 0.702424 0 0.000000
78 0.709411 5 0.000250
79 0.716399 0 0.000000
80 0.723387 0 0.000000
81 0.730375 4 0.000200
82 0.737363 0 0.000000
83 0.744350 0 0.000000
84 0.751338 0 0.000000
85 0.758326 0 0.000000
86 0.765314 0 0.000000
87 0.772302 0 0.000000
88 0.779289 0 0.000000
89 0.786277 6 0.000300
90 0.793265 0 0.000000
91 0.800253 0 0.000000
92 0.807241 0 0.000000
93 0.814228 0 0.000000
94 0.821216 0 0.000000
95 0.828204 0 0.000000
96 0.835192 0 0.000000
97 0.842180 0 0.000000
98 0.849167 5 0.000250
99 0.856155 2 0.000100
