0 0.009172 5 0.000250
1 0.019166 3 0.000150
2 0.029159 4 0.000200
3 0.039152 6 0.000300
4 0.049145 4 0.000200
5 0.059139 3 0.000150
6 0.069132 2 0.000100
7 0.079125 6 0.000300
8 0.089119 1 0.000050
9 0.099112 5 0.000250
10 0.109105 4 0.000200
11 0.119098 1 0.000050
12 0.129092 5 0.000250
13 0.139085 1 0.000050
14 0.149078 2 0.000100
15 0.159072 2 0.000100
16 0.169065 4 0.000200
17 0.179058 3 0.000150
18 0.189051 6 0.000300
19 0.199045 5 0.000250
20 0.209038 3 0.000150
21 0.219031 7 0.000350
22 0.229024 7 0.000350
23 0.239018 17 0.000850
24 0.249011 32 0.001600
25 0.259004 39 0.001950
26 0.268998 36 0.001800
27 0.278991 55 0.002750
28 0.288984 17 0.000850
29 0.298977 25 0.001250
30 0.308971 102 0.005100
31 0.318964 78 0.003900
32 0.328957 198 0.009900
33 0.338951 104 0.005200
34 0.348944 55 0.002750
35 0.358937 13 0.000650
36 0.368930 18 0.000900
37 0.378924 9 0.000450
38 0.388917 17 0.000850
39 0.398910 22 0.001100
40 0.408903 33 0.001650
41 0.418897 36 0.001800
42 0.428890 27 0.001350
43 0.438883 42 0.002100
44 0.448877 37 0.001850
45 0.458870 48 0.002400
46 0.468863 70 0.003500
47 0.478856 87 0.004350
48 0.488850 112 0.005600
49 0.498843 119 0.005950
50 0.508836 128 0.006400
51 0.518830 163 0.008150
52 0.528823 212 0.010600
53 0.538816 253 0.012650
54 0.548809 363 0.018150
55 0.558803 489 0.024450
56 0.568796 797 0.039850
57 0.578789 2166 0.108300
58 0.588782 2660 0.133000
59 0.598776 1940 0.097000
60 0.608769 1009 0.050450
61 0.618762 746 0.037300
62 0.628756 502 0.025100
63 0.638749 383 0.019150
64 0.648742 288 0.014400
65 0.658735 222 0.011100
66 0.668729 184 0.009200
67 0.678722 197 0.009850
68 0.688715 195 0.009750
69 0.698709 150 0.007500
70 0.708702 151 0.007550
71 0.718695 149 0.007450
72 0.728688 148 0.007400
73 0.738682 145 0.007250
74 0.748675 161 0.008050
75 0.758668 142 0.007100
76 0.768661 181 0.009050
77 0.778655 150 0.007500
78 0.788648 180 0.009000
79 0.798641 140 0.007000
80 0.808635 158 0.007900
81 0.818628 218 0.010900
82 0.828621 237 0.011850
83 0.838614 253 0.012650
84 0.848608 249 0.012450
85 0.858601 392 0.019600
86 0.868594 388 0.019400
87 0.878588 421 0.021050
88 0.888581 232 0.011600
89 0.898574 224 0.011200
90 0.908567 269 0.013450
91 0.918561 286 0.014300
92 0.928554 214 0.010700
93 0.938547 152 0.007600
94 0.948540 62 0.003100
95 0.958534 38 0.001900
96 0.968527 44 0.002200
97 0.978520 21 0.001050
98 0.988514 10 0.000500
99 0.998507 1 0.000050
