0 0.082830 14 0.000700
1 0.091828 10 0.000500
2 0.100826 0 0.000000
3 0.109824 0 0.000000
4 0.118822 0 0.000000
5 0.127820 0 0.000000
6 0.136818 1 0.000050
7 0.145816 9 0.000450
8 0.154814 0 0.000000
9 0.163811 0 0.000000
10 0.172809 0 0.000000
11 0.181807 0 0.000000
12 0.190805 0 0.000000
13 0.199803 0 0.000000
14 0.208801 0 0.000000
15 0.217799 0 0.000000
16 0.226797 0 0.000000
17 0.235795 0 0.000000
18 0.244793 0 0.000000
19 0.253790 4 0.000200
20 0.262788 0 0.000000
21 0.271786 0 0.000000
22 0.280784 0 0.000000
23 0.289782 4 0.000200
24 0.298780 5 0.000250
25 0.307778 28 0.001400
26 0.316776 210 0.010500
27 0.325774 15 0.000750
28 0.334772 4 0.000200
29 0.343769 278 0.013900
30 0.352767 17 0.000850
31 0.361765 3 0.000150
32 0.370763 87 0.004350
33 0.379761 0 0.000000
34 0.388759 0 0.000000
35 0.397757 0 0.000000
36 0.406755 255 0.012750
37 0.415753 233 0.011650
38 0.424751 0 0.000000
39 0.433748 0 0.000000
40 0.442746 0 0.000000
41 0.451744 0 0.000000
42 0.460742 2 0.000100
43 0.469740 7 0.000350
44 0.478738 20 0.001000
45 0.487736 15 0.000750
46 0.496734 19 0.000950
47 0.505732 30 0.001500
48 0.514730 37 0.001850
49 0.523727 21 0.001050
50 0.532725 124 0.006200
51 0.541723 65 0.003250
52 0.550721 123 0.006150
53 0.559719 253 0.012650
54 0.568717 524 0.026200
55 0.577715 618 0.030900
56 0.586713 1442 0.072100
57 0.595711 3173 0.158650
58 0.604709 1738 0.086900
59 0.613706 1015 0.050750
60 0.622704 378 0.018900
61 0.631702 625 0.031250
62 0.640700 97 0.004850
63 0.649698 147 0.007350
64 0.658696 805 0.040250
65 0.667694 766 0.038300
66 0.676692 744 0.037200
67 0.685690 159 0.007950
68 0.694688 41 0.002050
69 0.703685 18 0.000900
70 0.712683 44 0.002200
71 0.721681 81 0.004050
72 0.730679 364 0.018200
73 0.739677 547 0.027350
74 0.748675 651 0.032550
75 0.757673 941 0.047050
76 0.766671 5 0.000250
77 0.775669 610 0.030500
78 0.784667 450 0.022500
79 0.793664 67 0.003350
80 0.802662 32 0.001600
81 0.811660 101 0.005050
82 0.820658 300 0.015000
83 0.829656 44 0.002200
84 0.838654 97 0.004850
85 0.847652 156 0.007800
86 0.856650 162 0.008100
87 0.865648 172 0.008600
88 0.874646 197 0.009850
89 0.883643 63 0.003150
90 0.892641 108 0.005400
91 0.901639 135 0.006750
92 0.910637 250 0.012500
93 0.919635 62 0.003100
94 0.928633 73 0.003650
95 0.937631 49 0.002450
96 0.946629 26 0.001300
97 0.955627 10 0.000500
98 0.964625 18 0.000900
99 0.973622 2 0.000100
