0 0.082830 14 0.000233
1 0.091828 10 0.000167
2 0.100826 0 0.000000
3 0.109824 0 0.000000
4 0.118822 0 0.000000
5 0.127820 0 0.000000
6 0.136818 1 0.000017
7 0.145816 9 0.000150
8 0.154814 0 0.000000
9 0.163811 5 0.000083
10 0.172809 0 0.000000
11 0.181807 0 0.000000
12 0.190805 7 0.000117
13 0.199803 0 0.000000
14 0.208801 0 0.000000
15 0.217799 6 0.000100
16 0.226797 0 0.000000
17 0.235795 0 0.000000
18 0.244793 0 0.000000
19 0.253790 4 0.000067
20 0.262788 0 0.000000
21 0.271786 0 0.000000
22 0.280784 12 0.000200
23 0.289782 4 0.000067
24 0.298780 5 0.000083
25 0.307778 358 0.005967
26 0.316776 257 0.004283
27 0.325774 175 0.002917
28 0.334772 180 0.003000
29 0.343769 281 0.004683
30 0.352767 48 0.000800
31 0.361765 264 0.004400
32 0.370763 494 0.008233
33 0.379761 0 0.000000
34 0.388759 187 0.003117
35 0.397757 481 0.008017
36 0.406755 431 0.007183
37 0.415753 1142 0.019033
38 0.424751 74 0.001233
39 0.433748 368 0.006133
40 0.442746 670 0.011167
41 0.451744 412 0.006867
42 0.460742 352 0.005867
43 0.469740 606 0.010100
44 0.478738 1046 0.017433
45 0.487736 2695 0.044917
46 0.496734 8755 0.145917
47 0.505732 12319 0.205317
48 0.514730 2970 0.049500
49 0.523727 1908 0.031800
50 0.532725 1488 0.024800
51 0.541723 290 0.004833
52 0.550721 336 0.005600
53 0.559719 402 0.006700
54 0.568717 955 0.015917
55 0.577715 653 0.010883
56 0.586713 1735 0.028917
57 0.595711 3705 0.061750
58 0.604709 1811 0.030183
59 0.613706 1549 0.025817
60 0.622704 426 0.007100
61 0.631702 952 0.015867
62 0.640700 97 0.001617
63 0.649698 307 0.005117
64 0.658696 805 0.013417
65 0.667694 925 0.015417
66 0.676692 916 0.015267
67 0.685690 200 0.003333
68 0.694688 41 0.000683
69 0.703685 23 0.000383
70 0.712683 44 0.000733
71 0.721681 81 0.001350
72 0.730679 368 0.006133
73 0.739677 547 0.009117
74 0.748675 651 0.010850
75 0.757673 941 0.015683
76 0.766671 5 0.000083
77 0.775669 610 0.010167
78 0.784667 456 0.007600
79 0.793664 67 0.001117
80 0.802662 32 0.000533
81 0.811660 101 0.001683
82 0.820658 300 0.005000
83 0.829656 44 0.000733
84 0.838654 97 0.001617
85 0.847652 163 0.002717
86 0.856650 162 0.002700
87 0.865648 172 0.002867
88 0.874646 197 0.003283
89 0.883643 63 0.001050
90 0.892641 108 0.001800
91 0.901639 135 0.002250
92 0.910637 250 0.004167
93 0.919635 62 0.001033
94 0.928633 73 0.001217
95 0.937631 49 0.000817
96 0.946629 26 0.000433
97 0.955627 10 0.000167
98 0.964625 18 0.000300
99 0.973622 2 0.000033
