0 0.020943 3 0.000150
1 0.030621 6 0.000300
2 0.040298 2 0.000100
3 0.049975 13 0.000650
4 0.059653 3 0.000150
5 0.069330 9 0.000450
6 0.079007 13 0.000650
7 0.088685 4 0.000200
8 0.098362 7 0.000350
9 0.108039 6 0.000300
10 0.117717 8 0.000400
11 0.127394 11 0.000550
12 0.137072 7 0.000350
13 0.146749 9 0.000450
14 0.156426 22 0.001100
15 0.166104 13 0.000650
16 0.175781 10 0.000500
17 0.185458 20 0.001000
18 0.195136 13 0.000650
19 0.204813 22 0.001100
20 0.214490 28 0.001400
21 0.224168 32 0.001600
22 0.233845 21 0.001050
23 0.243522 27 0.001350
24 0.253200 36 0.001800
25 0.262877 29 0.001450
26 0.272554 47 0.002350
27 0.282232 57 0.002850
28 0.291909 63 0.003150
29 0.301587 71 0.003550
30 0.311264 53 0.002650
31 0.320941 85 0.004250
32 0.330619 84 0.004200
33 0.340296 93 0.004650
34 0.349973 81 0.004050
35 0.359651 137 0.006850
36 0.369328 109 0.005450
37 0.379005 127 0.006350
38 0.388683 159 0.007950
39 0.398360 164 0.008200
40 0.408037 258 0.012900
41 0.417715 252 0.012600
42 0.427392 314 0.015700
43 0.437069 383 0.019150
44 0.446747 452 0.022600
45 0.456424 608 0.030400
46 0.466102 821 0.041050
47 0.475779 1236 0.061800
48 0.485456 2446 0.122300
49 0.495134 3246 0.162300
50 0.504811 2300 0.115000
51 0.514488 1255 0.062750
52 0.524166 816 0.040800
53 0.533843 572 0.028600
54 0.543520 430 0.021500
55 0.553198 390 0.019500
56 0.562875 349 0.017450
57 0.572552 297 0.014850
58 0.582230 224 0.011200
59 0.591907 152 0.007600
60 0.601584 182 0.009100
61 0.611262 150 0.007500
62 0.620939 122 0.006100
63 0.630617 98 0.004900
64 0.640294 97 0.004850
65 0.649971 88 0.004400
66 0.659649 71 0.003550
67 0.669326 78 0.003900
68 0.679003 79 0.003950
69 0.688681 45 0.002250
70 0.698358 41 0.002050
71 0.708035 39 0.001950
72 0.717713 36 0.001800
73 0.727390 27 0.001350
74 0.737067 27 0.001350
75 0.746745 21 0.001050
76 0.756422 23 0.001150
77 0.766099 31 0.001550
78 0.775777 28 0.001400
79 0.785454 26 0.001300
80 0.795131 14 0.000700
81 0.804809 16 0.000800
82 0.814486 17 0.000850
83 0.824164 15 0.000750
84 0.833841 11 0.000550
85 0.843518 23 0.001150
86 0.853196 4 0.000200
87 0.862873 5 0.000250
88 0.872550 5 0.000250
89 0.882228 8 0.000400
90 0.891905 7 0.000350
91 0.901582 11 0.000550
92 0.911260 10 0.000500
93 0.920937 4 0.000200
94 0.930614 8 0.000400
95 0.940292 14 0.000700
96 0.949969 3 0.000150
97 0.959646 2 0.000100
98 0.969324 8 0.000400
99 0.979001 1 0.000050
