0 0.009172 5 0.000083
1 0.019181 6 0.000100
2 0.029189 10 0.000167
3 0.039197 8 0.000133
4 0.049206 17 0.000283
5 0.059214 7 0.000117
6 0.069223 10 0.000167
7 0.079231 19 0.000317
8 0.089239 5 0.000083
9 0.099248 12 0.000200
10 0.109256 11 0.000183
11 0.119264 8 0.000133
12 0.129273 18 0.000300
13 0.139281 9 0.000150
14 0.149289 12 0.000200
15 0.159298 24 0.000400
16 0.169306 18 0.000300
17 0.179315 18 0.000300
18 0.189323 25 0.000417
19 0.199331 23 0.000383
20 0.209340 29 0.000483
21 0.219348 46 0.000767
22 0.229356 32 0.000533
23 0.239365 50 0.000833
24 0.249373 64 0.001067
25 0.259381 75 0.001250
26 0.269390 83 0.001383
27 0.279398 105 0.001750
28 0.289406 91 0.001517
29 0.299415 114 0.001900
30 0.309423 207 0.003450
31 0.319432 226 0.003767
32 0.329440 359 0.005983
33 0.339448 246 0.004100
34 0.349457 242 0.004033
35 0.359465 324 0.005400
36 0.369473 517 0.008617
37 0.379482 348 0.005800
38 0.389490 418 0.006967
39 0.399498 469 0.007817
40 0.409507 717 0.011950
41 0.419515 1086 0.018100
42 0.429523 1251 0.020850
43 0.439532 882 0.014700
44 0.449540 1057 0.017617
45 0.459549 1529 0.025483
46 0.469557 2031 0.033850
47 0.479565 2399 0.039983
48 0.489574 4073 0.067883
49 0.499582 7482 0.124700
50 0.509590 2748 0.045800
51 0.519599 2174 0.036233
52 0.529607 2052 0.034200
53 0.539615 1281 0.021350
54 0.549624 1285 0.021417
55 0.559632 1459 0.024317
56 0.569641 1998 0.033300
57 0.579649 2885 0.048083
58 0.589657 3115 0.051917
59 0.599666 2331 0.038850
60 0.609674 1366 0.022767
61 0.619682 1232 0.020533
62 0.629691 797 0.013283
63 0.639699 584 0.009733
64 0.649707 465 0.007750
65 0.659716 365 0.006083
66 0.669724 386 0.006433
67 0.679733 321 0.005350
68 0.689741 252 0.004200
69 0.699749 216 0.003600
70 0.709758 213 0.003550
71 0.719766 183 0.003050
72 0.729774 178 0.002967
73 0.739783 164 0.002733
74 0.749791 188 0.003133
75 0.759799 166 0.002767
76 0.769808 215 0.003583
77 0.779816 190 0.003167
78 0.789824 183 0.003050
79 0.799833 177 0.002950
80 0.809841 182 0.003033
81 0.819850 250 0.004167
82 0.829858 234 0.003900
83 0.839866 268 0.004467
84 0.849875 275 0.004583
85 0.859883 445 0.007417
86 0.869891 348 0.005800
87 0.879900 419 0.006983
88 0.889908 236 0.003933
89 0.899916 233 0.003883
90 0.909925 284 0.004733
91 0.919933 292 0.004867
92 0.929942 224 0.003733
93 0.939950 152 0.002533
94 0.949958 50 0.000833
95 0.959967 44 0.000733
96 0.969975 47 0.000783
97 0.979983 20 0.000333
98 0.989992 11 0.000183
99 1.000000 0 0.000000
