0 0.202776 4 0.000200
1 0.210828 0 0.000000
2 0.218881 5 0.000250
3 0.226934 3 0.000150
4 0.234987 0 0.000000
5 0.243040 2 0.000100
6 0.251092 0 0.000000
7 0.259145 1 0.000050
8 0.267198 0 0.000000
9 0.275251 3 0.000150
10 0.283303 0 0.000000
11 0.291356 6 0.000300
12 0.299409 15 0.000750
13 0.307462 28 0.001400
14 0.315514 51 0.002550
15 0.323567 57 0.002850
16 0.331620 56 0.002800
17 0.339673 35 0.001750
18 0.347726 53 0.002650
19 0.355778 151 0.007550
20 0.363831 144 0.007200
21 0.371884 344 0.017200
22 0.379937 162 0.008100
23 0.387989 175 0.008750
24 0.396042 187 0.009350
25 0.404095 247 0.012350
26 0.412148 350 0.017500
27 0.420200 581 0.029050
28 0.428253 869 0.043450
29 0.436306 397 0.019850
30 0.444359 357 0.017850
31 0.452412 449 0.022450
32 0.460464 560 0.028000
33 0.468517 914 0.045700
34 0.476570 551 0.027550
35 0.484623 581 0.029050
36 0.492675 734 0.036700
37 0.500728 4082 0.204100
38 0.508781 703 0.035150
39 0.516834 665 0.033250
40 0.524886 1018 0.050900
41 0.532939 803 0.040150
42 0.540992 420 0.021000
43 0.549045 413 0.020650
44 0.557098 433 0.021650
45 0.565150 568 0.028400
46 0.573203 568 0.028400
47 0.581256 304 0.015200
48 0.589309 232 0.011600
49 0.597361 204 0.010200
50 0.605414 240 0.012000
51 0.613467 199 0.009950
52 0.621520 335 0.016750
53 0.629573 210 0.010500
54 0.637625 93 0.004650
55 0.645678 54 0.002700
56 0.653731 105 0.005250
57 0.661784 47 0.002350
58 0.669836 96 0.004800
59 0.677889 49 0.002450
60 0.685942 13 0.000650
61 0.693995 18 0.000900
62 0.702047 21 0.001050
63 0.710100 14 0.000700
64 0.718153 1 0.000050
65 0.726206 0 0.000000
66 0.734259 0 0.000000
67 0.742311 3 0.000150
68 0.750364 1 0.000050
69 0.758417 0 0.000000
70 0.766470 0 0.000000
71 0.774522 0 0.000000
72 0.782575 2 0.000100
73 0.790628 3 0.000150
74 0.798681 8 0.000400
75 0.806733 1 0.000050
76 0.814786 0 0.000000
77 0.822839 0 0.000000
78 0.830892 0 0.000000
79 0.838945 0 0.000000
80 0.846997 0 0.000000
81 0.855050 0 0.000000
82 0.863103 0 0.000000
83 0.871156 0 0.000000
84 0.879208 0 0.000000
85 0.887261 0 0.000000
86 0.895314 0 0.000000
87 0.903367 0 0.000000
88 0.911420 1 0.000050
89 0.919472 0 0.000000
90 0.927525 0 0.000000
91 0.935578 0 0.000000
92 0.943631 0 0.000000
93 0.951683 0 0.000000
94 0.959736 0 0.000000
95 0.967789 0 0.000000
96 0.975842 0 0.000000
97 0.983894 0 0.000000
98 0.991947 0 0.000000
99 1.000000 1 0.000050
