0 0.472620 16 0.000800
1 0.473422 0 0.000000
2 0.474224 0 0.000000
3 0.475026 0 0.000000
4 0.475828 9 0.000450
5 0.476629 0 0.000000
6 0.477431 0 0.000000
7 0.478233 0 0.000000
8 0.479035 29 0.001450
9 0.479837 0 0.000000
10 0.480638 0 0.000000
11 0.481440 6 0.000300
12 0.482242 0 0.000000
13 0.483044 0 0.000000
14 0.483845 0 0.000000
15 0.484647 7 0.000350
16 0.485449 26 0.001300
17 0.486251 5 0.000250
18 0.487053 10 0.000500
19 0.487854 7 0.000350
20 0.488656 0 0.000000
21 0.489458 0 0.000000
22 0.490260 36 0.001800
23 0.491062 24 0.001200
24 0.491863 19 0.000950
25 0.492665 52 0.002600
26 0.493467 28 0.001400
27 0.494269 51 0.002550
28 0.495070 225 0.011250
29 0.495872 289 0.014450
30 0.496674 340 0.017000
31 0.497476 72 0.003600
32 0.498278 304 0.015200
33 0.499079 127 0.006350
34 0.499881 88 0.004400
35 0.500683 193 0.009650
36 0.501485 694 0.034700
37 0.502287 624 0.031200
38 0.503088 263 0.013150
39 0.503890 866 0.043300
40 0.504692 783 0.039150
41 0.505494 804 0.040200
42 0.506296 1582 0.079100
43 0.507097 1673 0.083650
44 0.507899 798 0.039900
45 0.508701 1262 0.063100
46 0.509503 1704 0.085200
47 0.510304 1009 0.050450
48 0.511106 1011 0.050550
49 0.511908 316 0.015800
50 0.512710 459 0.022950
51 0.513512 906 0.045300
52 0.514313 488 0.024400
53 0.515115 691 0.034550
54 0.515917 102 0.005100
55 0.516719 122 0.006100
56 0.517521 357 0.017850
57 0.518322 97 0.004850
58 0.519124 48 0.002400
59 0.519926 42 0.002100
60 0.520728 318 0.015900
61 0.521529 47 0.002350
62 0.522331 55 0.002750
63 0.523133 53 0.002650
64 0.523935 357 0.017850
65 0.524737 28 0.001400
66 0.525538 8 0.000400
67 0.526340 43 0.002150
68 0.527142 39 0.001950
69 0.527944 6 0.000300
70 0.528746 4 0.000200
71 0.529547 29 0.001450
72 0.530349 34 0.001700
73 0.531151 32 0.001600
74 0.531953 15 0.000750
75 0.532754 5 0.000250
76 0.533556 62 0.003100
77 0.534358 0 0.000000
78 0.535160 175 0.008750
79 0.535962 0 0.000000
80 0.536763 0 0.000000
81 0.537565 5 0.000250
82 0.538367 5 0.000250
83 0.539169 0 0.000000
84 0.539971 0 0.000000
85 0.540772 0 0.000000
86 0.541574 0 0.000000
87 0.542376 0 0.000000
88 0.543178 0 0.000000
89 0.543980 0 0.000000
90 0.544781 0 0.000000
91 0.545583 0 0.000000
92 0.546385 0 0.000000
93 0.547187 0 0.000000
94 0.547988 0 0.000000
95 0.548790 10 0.000500
96 0.549592 0 0.000000
97 0.550394 0 0.000000
98 0.551196 5 0.000250
99 0.551997 1 0.000050
