0 -0.419953 1 0.000017
1 -0.410591 0 0.000000
2 -0.401229 0 0.000000
3 -0.391867 2 0.000033
4 -0.382505 1 0.000017
5 -0.373143 0 0.000000
6 -0.363781 0 0.000000
7 -0.354419 0 0.000000
8 -0.345057 0 0.000000
9 -0.335695 0 0.000000
10 -0.326333 1 0.000017
11 -0.316971 6 0.000100
12 -0.307609 6 0.000100
13 -0.298247 10 0.000167
14 -0.288885 7 0.000117
15 -0.279523 10 0.000167
16 -0.270161 4 0.000067
17 -0.260799 5 0.000083
18 -0.251437 3 0.000050
19 -0.242075 5 0.000083
20 -0.232713 11 0.000183
21 -0.223351 8 0.000133
22 -0.213989 16 0.000267
23 -0.204627 23 0.000383
24 -0.195265 43 0.000717
25 -0.185903 91 0.001517
26 -0.176541 126 0.002100
27 -0.167179 108 0.001800
28 -0.157816 164 0.002733
29 -0.148454 244 0.004067
30 -0.139092 341 0.005683
31 -0.129730 259 0.004317
32 -0.120368 226 0.003767
33 -0.111006 302 0.005033
34 -0.101644 466 0.007767
35 -0.092282 691 0.011517
36 -0.082920 1234 0.020567
37 -0.073558 786 0.013100
38 -0.064196 736 0.012267
39 -0.054834 1015 0.016917
40 -0.045472 1729 0.028817
41 -0.036110 2458 0.040967
42 -0.026748 5161 0.086017
43 -0.017386 13052 0.217533
44 -0.008024 15134 0.252233
45 0.001338 4284 0.071400
46 0.010700 2375 0.039583
47 0.020062 1936 0.032267
48 0.029424 1080 0.018000
49 0.038786 858 0.014300
50 0.048148 782 0.013033
51 0.057510 948 0.015800
52 0.066872 561 0.009350
53 0.076234 439 0.007317
54 0.085596 284 0.004733
55 0.094958 290 0.004833
56 0.104320 249 0.004150
57 0.113682 455 0.007583
58 0.123044 246 0.004100
59 0.132406 87 0.001450
60 0.141768 126 0.002100
61 0.151130 126 0.002100
62 0.160492 117 0.001950
63 0.169854 71 0.001183
64 0.179216 28 0.000467
65 0.188578 26 0.000433
66 0.197940 30 0.000500
67 0.207302 16 0.000267
68 0.216664 7 0.000117
69 0.226026 12 0.000200
70 0.235388 0 0.000000
71 0.244750 3 0.000050
72 0.254112 6 0.000100
73 0.263474 3 0.000050
74 0.272836 3 0.000050
75 0.282198 7 0.000117
76 0.291560 14 0.000233
77 0.300922 7 0.000117
78 0.310284 7 0.000117
79 0.319646 0 0.000000
80 0.329008 0 0.000000
81 0.338370 0 0.000000
82 0.347732 1 0.000017
83 0.357094 4 0.000067
84 0.366456 2 0.000033
85 0.375818 0 0.000000
86 0.385180 1 0.000017
87 0.394542 0 0.000000
88 0.403904 0 0.000000
89 0.413266 0 0.000000
90 0.422628 6 0.000100
91 0.431990 3 0.000050
92 0.441353 2 0.000033
93 0.450714 5 0.000083
94 0.460077 0 0.000000
95 0.469439 0 0.000000
96 0.478801 2 0.000033
97 0.488163 4 0.000067
98 0.497525 1 0.000017
99 0.506887 1 0.000017
