0 -0.308870 3 0.000150
1 -0.300630 9 0.000450
2 -0.292390 1 0.000050
3 -0.284150 3 0.000150
4 -0.275910 2 0.000100
5 -0.267670 2 0.000100
6 -0.259430 2 0.000100
7 -0.251190 1 0.000050
8 -0.242950 3 0.000150
9 -0.234711 6 0.000300
10 -0.226471 2 0.000100
11 -0.218231 1 0.000050
12 -0.209991 4 0.000200
13 -0.201751 3 0.000150
14 -0.193511 7 0.000350
15 -0.185271 13 0.000650
16 -0.177031 24 0.001200
17 -0.168791 27 0.001350
18 -0.160551 29 0.001450
19 -0.152311 23 0.001150
20 -0.144071 23 0.001150
21 -0.135831 22 0.001100
22 -0.127591 31 0.001550
23 -0.119351 31 0.001550
24 -0.111111 61 0.003050
25 -0.102871 103 0.005150
26 -0.094631 135 0.006750
27 -0.086391 120 0.006000
28 -0.078151 153 0.007650
29 -0.069911 206 0.010300
30 -0.061671 232 0.011600
31 -0.053431 275 0.013750
32 -0.045191 433 0.021650
33 -0.036951 856 0.042800
34 -0.028711 1773 0.088650
35 -0.020471 4393 0.219650
36 -0.012231 6156 0.307800
37 -0.003991 2244 0.112200
38 0.004249 803 0.040150
39 0.012489 453 0.022650
40 0.020728 293 0.014650
41 0.028968 186 0.009300
42 0.037208 177 0.008850
43 0.045448 122 0.006100
44 0.053688 92 0.004600
45 0.061928 78 0.003900
46 0.070168 84 0.004200
47 0.078408 47 0.002350
48 0.086648 32 0.001600
49 0.094888 24 0.001200
50 0.103128 11 0.000550
51 0.111368 19 0.000950
52 0.119608 13 0.000650
53 0.127848 6 0.000300
54 0.136088 9 0.000450
55 0.144328 14 0.000700
56 0.152568 9 0.000450
57 0.160808 14 0.000700
58 0.169048 5 0.000250
59 0.177288 6 0.000300
60 0.185528 8 0.000400
61 0.193768 8 0.000400
62 0.202008 5 0.000250
63 0.210248 8 0.000400
64 0.218488 0 0.000000
65 0.226728 4 0.000200
66 0.234968 1 0.000050
67 0.243208 0 0.000000
68 0.251448 0 0.000000
69 0.259688 0 0.000000
70 0.267928 3 0.000150
71 0.276168 2 0.000100
72 0.284407 7 0.000350
73 0.292647 6 0.000300
74 0.300887 4 0.000200
75 0.309127 6 0.000300
76 0.317367 2 0.000100
77 0.325607 0 0.000000
78 0.333847 0 0.000000
79 0.342087 0 0.000000
80 0.350327 0 0.000000
81 0.358567 1 0.000050
82 0.366807 2 0.000100
83 0.375047 0 0.000000
84 0.383287 0 0.000000
85 0.391527 0 0.000000
86 0.399767 0 0.000000
87 0.408007 0 0.000000
88 0.416247 0 0.000000
89 0.424487 8 0.000400
90 0.432727 1 0.000050
91 0.440967 1 0.000050
92 0.449207 5 0.000250
93 0.457447 1 0.000050
94 0.465687 0 0.000000
95 0.473927 1 0.000050
96 0.482167 1 0.000050
97 0.490407 4 0.000200
98 0.498647 2 0.000100
99 0.506887 0 0.000000
