0 0.000000 48914 0.815233
1 0.002595 3596 0.059933
2 0.005191 2582 0.043033
3 0.007786 1147 0.019117
4 0.010381 680 0.011333
5 0.012976 803 0.013383
6 0.015572 512 0.008533
7 0.018167 382 0.006367
8 0.020762 349 0.005817
9 0.023358 202 0.003367
10 0.025953 200 0.003333
11 0.028548 163 0.002717
12 0.031144 107 0.001783
13 0.033739 57 0.000950
14 0.036334 44 0.000733
15 0.038929 33 0.000550
16 0.041525 34 0.000567
17 0.044120 16 0.000267
18 0.046715 6 0.000100
19 0.049311 16 0.000267
20 0.051906 10 0.000167
21 0.054501 9 0.000150
22 0.057096 1 0.000017
23 0.059692 2 0.000033
24 0.062287 4 0.000067
25 0.064882 3 0.000050
26 0.067478 8 0.000133
27 0.070073 3 0.000050
28 0.072668 5 0.000083
29 0.075264 9 0.000150
30 0.077859 4 0.000067
31 0.080454 6 0.000100
32 0.083049 12 0.000200
33 0.085645 12 0.000200
34 0.088240 8 0.000133
35 0.090835 5 0.000083
36 0.093431 9 0.000150
37 0.096026 6 0.000100
38 0.098621 3 0.000050
39 0.101216 2 0.000033
40 0.103812 0 0.000000
41 0.106407 0 0.000000
42 0.109002 0 0.000000
43 0.111598 0 0.000000
44 0.114193 0 0.000000
45 0.116788 0 0.000000
46 0.119383 0 0.000000
47 0.121979 1 0.000017
48 0.124574 0 0.000000
49 0.127169 2 0.000033
50 0.129765 1 0.000017
51 0.132360 1 0.000017
52 0.134955 2 0.000033
53 0.137551 0 0.000000
54 0.140146 0 0.000000
55 0.142741 1 0.000017
56 0.145336 1 0.000017
57 0.147932 0 0.000000
58 0.150527 1 0.000017
59 0.153122 1 0.000017
60 0.155718 0 0.000000
61 0.158313 0 0.000000
62 0.160908 0 0.000000
63 0.163503 0 0.000000
64 0.166099 0 0.000000
65 0.168694 0 0.000000
66 0.171289 0 0.000000
67 0.173885 1 0.000017
68 0.176480 0 0.000000
69 0.179075 0 0.000000
70 0.181671 5 0.000083
71 0.184266 2 0.000033
72 0.186861 1 0.000017
73 0.189456 1 0.000017
74 0.192052 0 0.000000
75 0.194647 0 0.000000
76 0.197242 0 0.000000
77 0.199838 2 0.000033
78 0.202433 2 0.000033
79 0.205028 1 0.000017
80 0.207623 1 0.000017
81 0.210219 1 0.000017
82 0.212814 0 0.000000
83 0.215409 0 0.000000
84 0.218005 0 0.000000
85 0.220600 0 0.000000
86 0.223195 0 0.000000
87 0.225791 0 0.000000
88 0.228386 0 0.000000
89 0.230981 1 0.000017
90 0.233576 1 0.000017
91 0.236172 0 0.000000
92 0.238767 0 0.000000
93 0.241362 1 0.000017
94 0.243958 3 0.000050
95 0.246553 0 0.000000
96 0.249148 1 0.000017
97 0.251743 0 0.000000
98 0.254339 0 0.000000
99 0.256934 1 0.000017
