0 -0.419953 1 0.000050
1 -0.411733 0 0.000000
2 -0.403513 0 0.000000
3 -0.395292 1 0.000050
4 -0.387072 1 0.000050
5 -0.378852 1 0.000050
6 -0.370632 0 0.000000
7 -0.362411 0 0.000000
8 -0.354191 0 0.000000
9 -0.345971 0 0.000000
10 -0.337751 0 0.000000
11 -0.329531 0 0.000000
12 -0.321310 3 0.000150
13 -0.313090 4 0.000200
14 -0.304870 2 0.000100
15 -0.296650 2 0.000100
16 -0.288429 5 0.000250
17 -0.280209 6 0.000300
18 -0.271989 2 0.000100
19 -0.263769 4 0.000200
20 -0.255549 1 0.000050
21 -0.247328 0 0.000000
22 -0.239108 1 0.000050
23 -0.230888 3 0.000150
24 -0.222668 2 0.000100
25 -0.214448 8 0.000400
26 -0.206227 8 0.000400
27 -0.198007 18 0.000900
28 -0.189787 35 0.001750
29 -0.181567 86 0.004300
30 -0.173346 61 0.003050
31 -0.165126 62 0.003100
32 -0.156906 94 0.004700
33 -0.148686 181 0.009050
34 -0.140466 256 0.012800
35 -0.132245 196 0.009800
36 -0.124025 158 0.007900
37 -0.115805 117 0.005850
38 -0.107585 194 0.009700
39 -0.099365 241 0.012050
40 -0.091144 445 0.022250
41 -0.082924 880 0.044000
42 -0.074704 528 0.026400
43 -0.066484 319 0.015950
44 -0.058263 397 0.019850
45 -0.050043 550 0.027500
46 -0.041823 885 0.044250
47 -0.033603 635 0.031750
48 -0.025383 824 0.041200
49 -0.017162 1166 0.058300
50 -0.008942 3462 0.173100
51 -0.000722 842 0.042100
52 0.007498 792 0.039600
53 0.015718 959 0.047950
54 0.023939 904 0.045200
55 0.032159 487 0.024350
56 0.040379 423 0.021150
57 0.048599 474 0.023700
58 0.056820 683 0.034150
59 0.065040 369 0.018450
60 0.073260 299 0.014950
61 0.081480 222 0.011100
62 0.089700 193 0.009650
63 0.097921 183 0.009150
64 0.106141 188 0.009400
65 0.114361 380 0.019000
66 0.122581 233 0.011650
67 0.130802 67 0.003350
68 0.139022 51 0.002550
69 0.147242 118 0.005900
70 0.155462 85 0.004250
71 0.163682 80 0.004000
72 0.171903 44 0.002200
73 0.180123 11 0.000550
74 0.188343 11 0.000550
75 0.196563 12 0.000600
76 0.204783 16 0.000800
77 0.213004 1 0.000050
78 0.221224 2 0.000100
79 0.229444 1 0.000050
80 0.237664 1 0.000050
81 0.245885 2 0.000100
82 0.254105 6 0.000300
83 0.262325 1 0.000050
84 0.270545 0 0.000000
85 0.278765 0 0.000000
86 0.286986 5 0.000250
87 0.295206 3 0.000150
88 0.303426 2 0.000100
89 0.311646 0 0.000000
90 0.319867 0 0.000000
91 0.328087 0 0.000000
92 0.336307 0 0.000000
93 0.344527 1 0.000050
94 0.352747 1 0.000050
95 0.360968 2 0.000100
96 0.369188 0 0.000000
97 0.377408 0 0.000000
98 0.385628 1 0.000050
99 0.393848 0 0.000000
