0 -0.228728 3 0.000150
1 -0.224051 1 0.000050
2 -0.219374 2 0.000100
3 -0.214698 1 0.000050
4 -0.210021 3 0.000150
5 -0.205345 4 0.000200
6 -0.200668 4 0.000200
7 -0.195991 5 0.000250
8 -0.191315 5 0.000250
9 -0.186638 2 0.000100
10 -0.181962 5 0.000250
11 -0.177285 2 0.000100
12 -0.172609 5 0.000250
13 -0.167932 6 0.000300
14 -0.163255 7 0.000350
15 -0.158579 9 0.000450
16 -0.153902 10 0.000500
17 -0.149226 7 0.000350
18 -0.144549 10 0.000500
19 -0.139872 8 0.000400
20 -0.135196 9 0.000450
21 -0.130519 25 0.001250
22 -0.125843 9 0.000450
23 -0.121166 18 0.000900
24 -0.116489 17 0.000850
25 -0.111813 22 0.001100
26 -0.107136 29 0.001450
27 -0.102460 25 0.001250
28 -0.097783 34 0.001700
29 -0.093107 38 0.001900
30 -0.088430 27 0.001350
31 -0.083753 39 0.001950
32 -0.079077 43 0.002150
33 -0.074400 39 0.001950
34 -0.069724 39 0.001950
35 -0.065047 55 0.002750
36 -0.060370 52 0.002600
37 -0.055694 71 0.003550
38 -0.051017 87 0.004350
39 -0.046341 116 0.005800
40 -0.041664 175 0.008750
41 -0.036988 218 0.010900
42 -0.032311 334 0.016700
43 -0.027634 576 0.028800
44 -0.022958 861 0.043050
45 -0.018281 1397 0.069850
46 -0.013605 2745 0.137250
47 -0.008928 4757 0.237850
48 -0.004251 3160 0.158000
49 0.000425 1530 0.076500
50 0.005102 908 0.045400
51 0.009778 544 0.027200
52 0.014455 367 0.018350
53 0.019131 294 0.014700
54 0.023808 206 0.010300
55 0.028485 126 0.006300
56 0.033161 122 0.006100
57 0.037838 95 0.004750
58 0.042514 84 0.004200
59 0.047191 68 0.003400
60 0.051868 63 0.003150
61 0.056544 66 0.003300
62 0.061221 44 0.002200
63 0.065897 47 0.002350
64 0.070574 45 0.002250
65 0.075250 36 0.001800
66 0.079927 35 0.001750
67 0.084604 23 0.001150
68 0.089280 28 0.001400
69 0.093957 12 0.000600
70 0.098633 18 0.000900
71 0.103310 16 0.000800
72 0.107987 9 0.000450
73 0.112663 9 0.000450
74 0.117340 13 0.000650
75 0.122016 5 0.000250
76 0.126693 2 0.000100
77 0.131369 7 0.000350
78 0.136046 7 0.000350
79 0.140723 3 0.000150
80 0.145399 10 0.000500
81 0.150076 6 0.000300
82 0.154752 2 0.000100
83 0.159429 1 0.000050
84 0.164106 3 0.000150
85 0.168782 4 0.000200
86 0.173459 2 0.000100
87 0.178135 4 0.000200
88 0.182812 1 0.000050
89 0.187488 3 0.000150
90 0.192165 4 0.000200
91 0.196842 0 0.000000
92 0.201518 2 0.000100
93 0.206195 0 0.000000
94 0.210871 1 0.000050
95 0.215548 0 0.000000
96 0.220225 3 0.000150
97 0.224901 3 0.000150
98 0.229578 2 0.000100
99 0.234254 1 0.000050
