0 0.093486 7 0.000117
1 0.102876 0 0.000000
2 0.112267 13 0.000217
3 0.121658 0 0.000000
4 0.131048 8 0.000133
5 0.140439 1 0.000017
6 0.149829 2 0.000033
7 0.159220 18 0.000300
8 0.168611 57 0.000950
9 0.178001 62 0.001033
10 0.187392 16 0.000267
11 0.196783 11 0.000183
12 0.206173 0 0.000000
13 0.215564 14 0.000233
14 0.224954 100 0.001667
15 0.234345 27 0.000450
16 0.243736 21 0.000350
17 0.253126 11 0.000183
18 0.262517 51 0.000850
19 0.271908 46 0.000767
20 0.281298 15 0.000250
21 0.290689 160 0.002667
22 0.300079 45 0.000750
23 0.309470 202 0.003367
24 0.318861 79 0.001317
25 0.328251 164 0.002733
26 0.337642 388 0.006467
27 0.347032 208 0.003467
28 0.356423 28 0.000467
29 0.365814 155 0.002583
30 0.375204 202 0.003367
31 0.384595 185 0.003083
32 0.393986 95 0.001583
33 0.403376 364 0.006067
34 0.412767 125 0.002083
35 0.422157 407 0.006783
36 0.431548 342 0.005700
37 0.440939 457 0.007617
38 0.450329 558 0.009300
39 0.459720 596 0.009933
40 0.469111 770 0.012833
41 0.478501 1417 0.023617
42 0.487892 2728 0.045467
43 0.497282 8188 0.136467
44 0.506673 13075 0.217917
45 0.516064 3402 0.056700
46 0.525454 2103 0.035050
47 0.534845 1268 0.021133
48 0.544236 840 0.014000
49 0.553626 662 0.011033
50 0.563017 646 0.010767
51 0.572407 801 0.013350
52 0.581798 882 0.014700
53 0.591189 2239 0.037317
54 0.600579 2674 0.044567
55 0.609970 1808 0.030133
56 0.619360 1008 0.016800
57 0.628751 768 0.012800
58 0.638142 472 0.007867
59 0.647532 743 0.012383
60 0.656923 472 0.007867
61 0.666314 517 0.008617
62 0.675704 404 0.006733
63 0.685095 210 0.003500
64 0.694485 217 0.003617
65 0.703876 179 0.002983
66 0.713267 144 0.002400
67 0.722657 131 0.002183
68 0.732048 130 0.002167
69 0.741439 62 0.001033
70 0.750829 407 0.006783
71 0.760220 168 0.002800
72 0.769610 366 0.006100
73 0.779001 182 0.003033
74 0.788392 260 0.004333
75 0.797782 323 0.005383
76 0.807173 285 0.004750
77 0.816563 94 0.001567
78 0.825954 174 0.002900
79 0.835345 237 0.003950
80 0.844735 118 0.001967
81 0.854126 233 0.003883
82 0.863517 302 0.005033
83 0.872907 332 0.005533
84 0.882298 400 0.006667
85 0.891688 330 0.005500
86 0.901079 217 0.003617
87 0.910470 287 0.004783
88 0.919860 210 0.003500
89 0.929251 158 0.002633
90 0.938642 261 0.004350
91 0.948032 170 0.002833
92 0.957423 160 0.002667
93 0.966813 79 0.001317
94 0.976204 36 0.000600
95 0.985595 8 0.000133
96 0.994985 0 0.000000
97 1.004376 0 0.000000
98 1.013767 2 0.000033
99 1.023157 1 0.000017
