0 0.012833 2 0.000100
1 0.022585 7 0.000350
2 0.032338 6 0.000300
3 0.042090 4 0.000200
4 0.051843 11 0.000550
5 0.061595 9 0.000450
6 0.071348 8 0.000400
7 0.081100 15 0.000750
8 0.090853 7 0.000350
9 0.100606 17 0.000850
10 0.110358 8 0.000400
11 0.120111 6 0.000300
12 0.129863 8 0.000400
13 0.139616 11 0.000550
14 0.149368 17 0.000850
15 0.159121 15 0.000750
16 0.168873 16 0.000800
17 0.178626 19 0.000950
18 0.188378 22 0.001100
19 0.198131 22 0.001100
20 0.207884 39 0.001950
21 0.217636 30 0.001500
22 0.227389 22 0.001100
23 0.237141 18 0.000900
24 0.246894 29 0.001450
25 0.256646 32 0.001600
26 0.266399 23 0.001150
27 0.276151 62 0.003100
28 0.285904 62 0.003100
29 0.295656 72 0.003600
30 0.305409 65 0.003250
31 0.315162 61 0.003050
32 0.324914 77 0.003850
33 0.334667 97 0.004850
34 0.344419 98 0.004900
35 0.354172 83 0.004150
36 0.363924 125 0.006250
37 0.373677 125 0.006250
38 0.383429 141 0.007050
39 0.393182 201 0.010050
40 0.402934 234 0.011700
41 0.412687 253 0.012650
42 0.422440 299 0.014950
43 0.432192 366 0.018300
44 0.441945 393 0.019650
45 0.451697 597 0.029850
46 0.461450 673 0.033650
47 0.471202 955 0.047750
48 0.480955 1709 0.085450
49 0.490707 3157 0.157850
50 0.500460 2783 0.139150
51 0.510212 1594 0.079700
52 0.519965 1020 0.051000
53 0.529718 630 0.031500
54 0.539470 466 0.023300
55 0.549223 369 0.018450
56 0.558975 370 0.018500
57 0.568728 327 0.016350
58 0.578480 294 0.014700
59 0.588233 190 0.009500
60 0.597985 128 0.006400
61 0.607738 156 0.007800
62 0.617490 144 0.007200
63 0.627243 116 0.005800
64 0.636995 109 0.005450
65 0.646748 100 0.005000
66 0.656501 90 0.004500
67 0.666253 87 0.004350
68 0.676006 82 0.004100
69 0.685758 64 0.003200
70 0.695511 53 0.002650
71 0.705263 34 0.001700
72 0.715016 39 0.001950
73 0.724768 32 0.001600
74 0.734521 25 0.001250
75 0.744273 32 0.001600
76 0.754026 35 0.001750
77 0.763779 36 0.001800
78 0.773531 29 0.001450
79 0.783284 23 0.001150
80 0.793036 29 0.001450
81 0.802789 18 0.000900
82 0.812541 19 0.000950
83 0.822294 14 0.000700
84 0.832046 11 0.000550
85 0.841799 12 0.000600
86 0.851551 8 0.000400
87 0.861304 5 0.000250
88 0.871057 9 0.000450
89 0.880809 8 0.000400
90 0.890562 10 0.000500
91 0.900314 8 0.000400
92 0.910067 11 0.000550
93 0.919819 9 0.000450
94 0.929572 19 0.000950
95 0.939324 5 0.000250
96 0.949077 5 0.000250
97 0.958829 5 0.000250
98 0.968582 9 0.000450
99 0.978335 1 0.000050
