0 0.093486 7 0.000350
1 0.102040 0 0.000000
2 0.110594 13 0.000650
3 0.119148 0 0.000000
4 0.127702 3 0.000150
5 0.136257 6 0.000300
6 0.144811 0 0.000000
7 0.153365 2 0.000100
8 0.161919 18 0.000900
9 0.170473 57 0.002850
10 0.179027 0 0.000000
11 0.187581 0 0.000000
12 0.196136 16 0.000800
13 0.204690 11 0.000550
14 0.213244 0 0.000000
15 0.221798 15 0.000750
16 0.230352 99 0.004950
17 0.238906 41 0.002050
18 0.247461 1 0.000050
19 0.256015 14 0.000700
20 0.264569 13 0.000650
21 0.273123 17 0.000850
22 0.281677 6 0.000300
23 0.290231 99 0.004950
24 0.298785 47 0.002350
25 0.307340 199 0.009950
26 0.315894 39 0.001950
27 0.324448 16 0.000800
28 0.333002 186 0.009300
29 0.341556 105 0.005250
30 0.350110 26 0.001300
31 0.358665 36 0.001800
32 0.367219 120 0.006000
33 0.375773 104 0.005200
34 0.384327 151 0.007550
35 0.392881 68 0.003400
36 0.401435 307 0.015350
37 0.409989 183 0.009150
38 0.418544 128 0.006400
39 0.427098 262 0.013100
40 0.435652 344 0.017200
41 0.444206 408 0.020400
42 0.452760 476 0.023800
43 0.461314 483 0.024150
44 0.469869 485 0.024250
45 0.478423 1092 0.054600
46 0.486977 1051 0.052550
47 0.495531 2678 0.133900
48 0.504085 2894 0.144700
49 0.512639 1624 0.081200
50 0.521193 1120 0.056000
51 0.529748 859 0.042950
52 0.538302 636 0.031800
53 0.546856 306 0.015300
54 0.555410 316 0.015800
55 0.563964 320 0.016000
56 0.572518 272 0.013600
57 0.581073 191 0.009550
58 0.589627 165 0.008250
59 0.598181 159 0.007950
60 0.606735 132 0.006600
61 0.615289 137 0.006850
62 0.623843 44 0.002200
63 0.632397 146 0.007300
64 0.640952 19 0.000950
65 0.649506 55 0.002750
66 0.658060 283 0.014150
67 0.666614 184 0.009200
68 0.675168 201 0.010050
69 0.683722 4 0.000200
70 0.692276 14 0.000700
71 0.700831 94 0.004700
72 0.709385 36 0.001800
73 0.717939 0 0.000000
74 0.726493 1 0.000050
75 0.735047 62 0.003100
76 0.743601 0 0.000000
77 0.752156 10 0.000500
78 0.760710 18 0.000900
79 0.769264 0 0.000000
80 0.777818 65 0.003250
81 0.786372 34 0.001700
82 0.794926 14 0.000700
83 0.803481 0 0.000000
84 0.812035 24 0.001200
85 0.820589 29 0.001450
86 0.829143 42 0.002100
87 0.837697 29 0.001450
88 0.846251 8 0.000400
89 0.854805 1 0.000050
90 0.863360 0 0.000000
91 0.871914 0 0.000000
92 0.880468 0 0.000000
93 0.889022 10 0.000500
94 0.897576 0 0.000000
95 0.906130 0 0.000000
96 0.914684 0 0.000000
97 0.923239 0 0.000000
98 0.931793 7 0.000350
99 0.940347 3 0.000150
