0 0.008426 7 0.000117
1 0.018415 5 0.000083
2 0.028404 11 0.000183
3 0.038393 10 0.000167
4 0.048382 19 0.000317
5 0.058371 16 0.000267
6 0.068360 10 0.000167
7 0.078349 16 0.000267
8 0.088338 18 0.000300
9 0.098327 19 0.000317
10 0.108315 16 0.000267
11 0.118304 13 0.000217
12 0.128293 13 0.000217
13 0.138282 10 0.000167
14 0.148271 15 0.000250
15 0.158260 23 0.000383
16 0.168249 18 0.000300
17 0.178238 21 0.000350
18 0.188227 31 0.000517
19 0.198216 24 0.000400
20 0.208205 44 0.000733
21 0.218194 48 0.000800
22 0.228183 28 0.000467
23 0.238172 28 0.000467
24 0.248161 47 0.000783
25 0.258150 61 0.001017
26 0.268139 62 0.001033
27 0.278128 120 0.002000
28 0.288117 108 0.001800
29 0.298106 104 0.001733
30 0.308095 195 0.003250
31 0.318084 242 0.004033
32 0.328073 375 0.006250
33 0.338062 279 0.004650
34 0.348051 235 0.003917
35 0.358040 309 0.005150
36 0.368029 478 0.007967
37 0.378018 375 0.006250
38 0.388007 385 0.006417
39 0.397996 464 0.007733
40 0.407985 647 0.010783
41 0.417973 886 0.014767
42 0.427962 1385 0.023083
43 0.437951 876 0.014600
44 0.447940 1036 0.017267
45 0.457929 1397 0.023283
46 0.467918 1897 0.031617
47 0.477907 2202 0.036700
48 0.487896 3665 0.061083
49 0.497885 7942 0.132367
50 0.507874 2847 0.047450
51 0.517863 2139 0.035650
52 0.527852 2122 0.035367
53 0.537841 1320 0.022000
54 0.547830 1262 0.021033
55 0.557819 1422 0.023700
56 0.567808 1855 0.030917
57 0.577797 2408 0.040133
58 0.587786 3179 0.052983
59 0.597775 2295 0.038250
60 0.607764 1474 0.024567
61 0.617753 1293 0.021550
62 0.627742 1069 0.017817
63 0.637731 598 0.009967
64 0.647720 509 0.008483
65 0.657709 453 0.007550
66 0.667698 417 0.006950
67 0.677687 323 0.005383
68 0.687676 272 0.004533
69 0.697665 234 0.003900
70 0.707654 217 0.003617
71 0.717643 215 0.003583
72 0.727632 189 0.003150
73 0.737620 207 0.003450
74 0.747609 206 0.003433
75 0.757598 171 0.002850
76 0.767587 232 0.003867
77 0.777576 205 0.003417
78 0.787565 213 0.003550
79 0.797554 188 0.003133
80 0.807543 190 0.003167
81 0.817532 238 0.003967
82 0.827521 259 0.004317
83 0.837510 242 0.004033
84 0.847499 289 0.004817
85 0.857488 350 0.005833
86 0.867477 441 0.007350
87 0.877466 437 0.007283
88 0.887455 253 0.004217
89 0.897444 278 0.004633
90 0.907433 287 0.004783
91 0.917422 311 0.005183
92 0.927411 259 0.004317
93 0.937400 180 0.003000
94 0.947389 80 0.001333
95 0.957378 49 0.000817
96 0.967367 56 0.000933
97 0.977356 19 0.000317
98 0.987345 13 0.000217
99 0.997334 0 0.000000
