0 0.105739 2 0.000100
1 0.113758 1 0.000050
2 0.121777 1 0.000050
3 0.129796 1 0.000050
4 0.137815 0 0.000000
5 0.145833 0 0.000000
6 0.153852 0 0.000000
7 0.161871 0 0.000000
8 0.169890 0 0.000000
9 0.177909 0 0.000000
10 0.185928 0 0.000000
11 0.193947 0 0.000000
12 0.201966 1 0.000050
13 0.209984 5 0.000250
14 0.218003 11 0.000550
15 0.226022 8 0.000400
16 0.234041 4 0.000200
17 0.242060 0 0.000000
18 0.250079 0 0.000000
19 0.258098 1 0.000050
20 0.266117 0 0.000000
21 0.274135 0 0.000000
22 0.282154 0 0.000000
23 0.290173 3 0.000150
24 0.298192 8 0.000400
25 0.306211 19 0.000950
26 0.314230 34 0.001700
27 0.322249 69 0.003450
28 0.330268 69 0.003450
29 0.338286 45 0.002250
30 0.346305 58 0.002900
31 0.354324 127 0.006350
32 0.362343 142 0.007100
33 0.370362 316 0.015800
34 0.378381 158 0.007900
35 0.386400 183 0.009150
36 0.394419 145 0.007250
37 0.402437 217 0.010850
38 0.410456 301 0.015050
39 0.418475 435 0.021750
40 0.426494 934 0.046700
41 0.434513 447 0.022350
42 0.442532 293 0.014650
43 0.450551 423 0.021150
44 0.458570 528 0.026400
45 0.466588 786 0.039300
46 0.474607 574 0.028700
47 0.482626 590 0.029500
48 0.490645 608 0.030400
49 0.498664 4377 0.218850
50 0.506683 743 0.037150
51 0.514702 653 0.032650
52 0.522720 895 0.044750
53 0.530739 888 0.044400
54 0.538758 429 0.021450
55 0.546777 437 0.021850
56 0.554796 494 0.024700
57 0.562815 466 0.023300
58 0.570834 663 0.033150
59 0.578853 301 0.015050
60 0.586872 279 0.013950
61 0.594890 184 0.009200
62 0.602909 243 0.012150
63 0.610928 177 0.008850
64 0.618947 233 0.011650
65 0.626966 375 0.018750
66 0.634985 107 0.005350
67 0.643004 59 0.002950
68 0.651022 91 0.004550
69 0.659041 79 0.003950
70 0.667060 83 0.004150
71 0.675079 76 0.003800
72 0.683098 27 0.001350
73 0.691117 22 0.001100
74 0.699136 21 0.001050
75 0.707155 20 0.001000
76 0.715173 4 0.000200
77 0.723192 0 0.000000
78 0.731211 0 0.000000
79 0.739230 0 0.000000
80 0.747249 1 0.000050
81 0.755268 1 0.000050
82 0.763287 0 0.000000
83 0.771306 3 0.000150
84 0.779324 2 0.000100
85 0.787343 3 0.000150
86 0.795362 8 0.000400
87 0.803381 4 0.000200
88 0.811400 0 0.000000
89 0.819419 0 0.000000
90 0.827438 0 0.000000
91 0.835457 0 0.000000
92 0.843475 0 0.000000
93 0.851494 0 0.000000
94 0.859513 0 0.000000
95 0.867532 0 0.000000
96 0.875551 2 0.000100
97 0.883570 1 0.000050
98 0.891589 1 0.000050
99 0.899608 1 0.000050
