0 0.182903 62 0.003100
1 0.191390 0 0.000000
2 0.199878 0 0.000000
3 0.208365 0 0.000000
4 0.216852 0 0.000000
5 0.225340 0 0.000000
6 0.233827 0 0.000000
7 0.242315 4 0.000200
8 0.250802 6 0.000300
9 0.259290 8 0.000400
10 0.267777 48 0.002400
11 0.276264 4 0.000200
12 0.284752 9 0.000450
13 0.293239 35 0.001750
14 0.301727 20 0.001000
15 0.310214 7 0.000350
16 0.318701 31 0.001550
17 0.327189 35 0.001750
18 0.335676 264 0.013200
19 0.344164 128 0.006400
20 0.352651 27 0.001350
21 0.361139 4 0.000200
22 0.369626 46 0.002300
23 0.378113 57 0.002850
24 0.386601 11 0.000550
25 0.395088 2 0.000100
26 0.403576 0 0.000000
27 0.412063 6 0.000300
28 0.420550 170 0.008500
29 0.429038 41 0.002050
30 0.437525 1 0.000050
31 0.446013 0 0.000000
32 0.454500 9 0.000450
33 0.462988 11 0.000550
34 0.471475 56 0.002800
35 0.479962 11 0.000550
36 0.488450 59 0.002950
37 0.496937 119 0.005950
38 0.505425 198 0.009900
39 0.513912 97 0.004850
40 0.522399 81 0.004050
41 0.530887 125 0.006250
42 0.539374 267 0.013350
43 0.547862 270 0.013500
44 0.556349 278 0.013900
45 0.564837 268 0.013400
46 0.573324 464 0.023200
47 0.581811 690 0.034500
48 0.590299 1503 0.075150
49 0.598786 2187 0.109350
50 0.607274 1790 0.089500
51 0.615761 1173 0.058650
52 0.624249 865 0.043250
53 0.632736 361 0.018050
54 0.641223 429 0.021450
55 0.649711 595 0.029750
56 0.658198 173 0.008650
57 0.666686 324 0.016200
58 0.675173 138 0.006900
59 0.683660 246 0.012300
60 0.692148 171 0.008550
61 0.700635 99 0.004950
62 0.709123 80 0.004000
63 0.717610 93 0.004650
64 0.726097 150 0.007500
65 0.734585 38 0.001900
66 0.743072 50 0.002500
67 0.751560 397 0.019850
68 0.760047 134 0.006700
69 0.768535 294 0.014700
70 0.777022 103 0.005150
71 0.785509 296 0.014800
72 0.793997 172 0.008600
73 0.802484 321 0.016050
74 0.810972 140 0.007000
75 0.819459 43 0.002150
76 0.827947 129 0.006450
77 0.836434 202 0.010100
78 0.844921 109 0.005450
79 0.853409 194 0.009700
80 0.861896 229 0.011450
81 0.870384 395 0.019750
82 0.878871 276 0.013800
83 0.887358 298 0.014900
84 0.895846 294 0.014700
85 0.904333 172 0.008600
86 0.912821 245 0.012250
87 0.921308 229 0.011450
88 0.929796 113 0.005650
89 0.938283 237 0.011850
90 0.946770 196 0.009800
91 0.955258 154 0.007700
92 0.963745 71 0.003550
93 0.972233 42 0.002100
94 0.980720 10 0.000500
95 0.989208 8 0.000400
96 0.997695 0 0.000000
97 1.006182 0 0.000000
98 1.014670 2 0.000100
99 1.023157 1 0.000050
