0 0.440841 7 0.000350
1 0.442247 0 0.000000
2 0.443654 1 0.000050
3 0.445060 0 0.000000
4 0.446466 0 0.000000
5 0.447873 0 0.000000
6 0.449279 0 0.000000
7 0.450685 5 0.000250
8 0.452092 6 0.000300
9 0.453498 0 0.000000
10 0.454904 5 0.000250
11 0.456311 20 0.001000
12 0.457717 0 0.000000
13 0.459123 6 0.000300
14 0.460529 6 0.000300
15 0.461936 3 0.000150
16 0.463342 8 0.000400
17 0.464748 4 0.000200
18 0.466155 18 0.000900
19 0.467561 25 0.001250
20 0.468967 19 0.000950
21 0.470374 11 0.000550
22 0.471780 6 0.000300
23 0.473186 51 0.002550
24 0.474593 17 0.000850
25 0.475999 10 0.000500
26 0.477405 86 0.004300
27 0.478811 31 0.001550
28 0.480218 24 0.001200
29 0.481624 28 0.001400
30 0.483030 26 0.001300
31 0.484437 23 0.001150
32 0.485843 58 0.002900
33 0.487249 82 0.004100
34 0.488656 110 0.005500
35 0.490062 123 0.006150
36 0.491468 259 0.012950
37 0.492875 163 0.008150
38 0.494281 365 0.018250
39 0.495687 227 0.011350
40 0.497093 247 0.012350
41 0.498500 343 0.017150
42 0.499906 312 0.015600
43 0.501312 573 0.028650
44 0.502719 687 0.034350
45 0.504125 944 0.047200
46 0.505531 2320 0.116000
47 0.506938 3006 0.150300
48 0.508344 2534 0.126700
49 0.509750 1455 0.072750
50 0.511157 1031 0.051550
51 0.512563 827 0.041350
52 0.513969 606 0.030300
53 0.515375 494 0.024700
54 0.516782 440 0.022000
55 0.518188 445 0.022250
56 0.519594 254 0.012700
57 0.521001 146 0.007300
58 0.522407 161 0.008050
59 0.523813 155 0.007750
60 0.525220 42 0.002100
61 0.526626 286 0.014300
62 0.528032 90 0.004500
63 0.529439 223 0.011150
64 0.530845 72 0.003600
65 0.532251 52 0.002600
66 0.533658 4 0.000200
67 0.535064 125 0.006250
68 0.536470 47 0.002350
69 0.537876 11 0.000550
70 0.539283 15 0.000750
71 0.540689 12 0.000600
72 0.542095 24 0.001200
73 0.543502 5 0.000250
74 0.544908 41 0.002050
75 0.546314 37 0.001850
76 0.547721 43 0.002150
77 0.549127 7 0.000350
78 0.550533 12 0.000600
79 0.551940 15 0.000750
80 0.553346 0 0.000000
81 0.554752 0 0.000000
82 0.556158 4 0.000200
83 0.557565 0 0.000000
84 0.558971 0 0.000000
85 0.560377 9 0.000450
86 0.561784 0 0.000000
87 0.563190 0 0.000000
88 0.564596 3 0.000150
89 0.566003 1 0.000050
90 0.567409 0 0.000000
91 0.568815 0 0.000000
92 0.570222 0 0.000000
93 0.571628 0 0.000000
94 0.573034 0 0.000000
95 0.574440 0 0.000000
96 0.575847 0 0.000000
97 0.577253 0 0.000000
98 0.578659 6 0.000300
99 0.580066 1 0.000050
