0 0.008426 5 0.000250
1 0.018415 3 0.000150
2 0.028404 3 0.000150
3 0.038393 5 0.000250
4 0.048382 13 0.000650
5 0.058371 3 0.000150
6 0.068360 1 0.000050
7 0.078349 7 0.000350
8 0.088338 5 0.000250
9 0.098327 0 0.000000
10 0.108315 7 0.000350
11 0.118304 5 0.000250
12 0.128293 3 0.000150
13 0.138282 1 0.000050
14 0.148271 1 0.000050
15 0.158260 4 0.000200
16 0.168249 1 0.000050
17 0.178238 2 0.000100
18 0.188227 7 0.000350
19 0.198216 2 0.000100
20 0.208205 0 0.000000
21 0.218194 2 0.000100
22 0.228183 3 0.000150
23 0.238172 4 0.000200
24 0.248161 18 0.000900
25 0.258150 28 0.001400
26 0.268139 30 0.001500
27 0.278128 56 0.002800
28 0.288117 30 0.001500
29 0.298106 26 0.001300
30 0.308095 108 0.005400
31 0.318084 104 0.005200
32 0.328073 197 0.009850
33 0.338062 120 0.006000
34 0.348051 61 0.003050
35 0.358040 16 0.000800
36 0.368029 14 0.000700
37 0.378018 15 0.000750
38 0.388007 14 0.000700
39 0.397996 22 0.001100
40 0.407985 28 0.001400
41 0.417973 25 0.001250
42 0.427962 29 0.001450
43 0.437951 32 0.001600
44 0.447940 58 0.002900
45 0.457929 52 0.002600
46 0.467918 81 0.004050
47 0.477907 82 0.004100
48 0.487896 105 0.005250
49 0.497885 154 0.007700
50 0.507874 113 0.005650
51 0.517863 171 0.008550
52 0.527852 191 0.009550
53 0.537841 228 0.011400
54 0.547830 351 0.017550
55 0.557819 443 0.022150
56 0.567808 702 0.035100
57 0.577797 1718 0.085900
58 0.587786 2674 0.133700
59 0.597775 1879 0.093950
60 0.607764 1073 0.053650
61 0.617753 858 0.042900
62 0.627742 571 0.028550
63 0.637731 384 0.019200
64 0.647720 329 0.016450
65 0.657709 245 0.012250
66 0.667698 223 0.011150
67 0.677687 185 0.009250
68 0.687676 178 0.008900
69 0.697665 158 0.007900
70 0.707654 153 0.007650
71 0.717643 185 0.009250
72 0.727632 154 0.007700
73 0.737620 182 0.009100
74 0.747609 169 0.008450
75 0.757598 140 0.007000
76 0.767587 187 0.009350
77 0.777576 176 0.008800
78 0.787565 190 0.009500
79 0.797554 148 0.007400
80 0.807543 168 0.008400
81 0.817532 226 0.011300
82 0.827521 248 0.012400
83 0.837510 232 0.011600
84 0.847499 274 0.013700
85 0.857488 346 0.017300
86 0.867477 434 0.021700
87 0.877466 423 0.021150
88 0.887455 243 0.012150
89 0.897444 270 0.013500
90 0.907433 274 0.013700
91 0.917422 302 0.015100
92 0.927411 240 0.012000
93 0.937400 173 0.008650
94 0.947389 75 0.003750
95 0.957378 44 0.002200
96 0.967367 47 0.002350
97 0.977356 18 0.000900
98 0.987345 13 0.000650
99 0.997334 0 0.000000
