0 0 0.000000 0.970848 0.124709 0.972668 0.125105
0 1 0.114943 0.970170 0.125096 0.971683 0.126130
0 2 0.229885 0.970222 0.125200 0.970449 0.126175
0 3 0.344828 0.973092 0.127110 0.970022 0.124824
0 4 0.459770 0.972908 0.126771 0.971851 0.127427
0 5 0.574713 0.971007 0.127208 0.973303 0.126153
0 6 0.689655 0.975084 0.125998 0.972562 0.127114
0 7 0.804598 0.969479 0.126086 0.969866 0.125434
0 8 0.919540 0.972601 0.127348 0.969585 0.127464
0 9 1.034483 0.969738 0.125420 0.970892 0.128429
0 10 1.149425 0.972972 0.126830 0.969338 0.126073
0 11 1.264368 0.974291 0.126755 0.971505 0.126647
0 12 1.379310 0.970401 0.127424 0.970309 0.126686
0 13 1.494253 0.972911 0.127469 0.969780 0.127988
0 14 1.609195 0.970311 0.126775 0.970592 0.126297
0 15 1.724138 0.972088 0.126043 0.972782 0.127430
0 16 1.839080 0.972105 0.127348 0.970957 0.126017
0 17 1.954023 0.972627 0.127439 0.972689 0.128173
0 18 2.068965 0.972398 0.125698 0.973987 0.127928
0 19 2.183908 0.971519 0.125670 0.971432 0.126056
0 20 2.298851 0.973830 0.128629 0.972314 0.125314
0 21 2.413793 0.972540 0.127114 0.970154 0.126802
0 22 2.528736 0.970768 0.127664 0.972579 0.126075
0 23 2.643678 0.973340 0.126738 0.970686 0.126287
0 24 2.758621 0.970704 0.127283 0.970706 0.127471
0 25 2.873563 0.974122 0.128772 0.971252 0.125690
0 26 2.988506 0.972538 0.127186 0.969185 0.124004
0 27 3.103448 0.972094 0.126038 0.971393 0.126827
0 28 3.218391 0.970811 0.125054 0.974392 0.128295
0 29 3.333333 0.972305 0.126227 0.972671 0.126074
0 30 3.448276 0.969891 0.126953 0.973675 0.127914
0 31 3.563218 0.973452 0.125677 0.970335 0.124460
0 32 3.678161 0.969830 0.126364 0.971099 0.127491
0 33 3.793103 0.974275 0.127293 0.967057 0.125228
0 34 3.908046 0.972669 0.127775 0.970157 0.124901
0 35 4.022988 0.970569 0.126547 0.972690 0.127203
0 36 4.137931 0.972953 0.126259 0.972811 0.126606
0 37 4.252873 0.969731 0.125030 0.967163 0.124668
0 38 4.367816 0.970928 0.124857 0.970676 0.126120
0 39 4.482759 0.971220 0.126865 0.975567 0.127889
0 40 4.597701 0.972248 0.125671 0.972124 0.126699
0 41 4.712644 0.972684 0.125781 0.969148 0.126396
0 42 4.827586 0.971177 0.126131 0.971633 0.126053
0 43 4.942529 0.974248 0.126328 0.972805 0.126841
0 44 5.057471 0.970265 0.125226 0.970615 0.125324
0 45 5.172414 0.971316 0.126195 0.974441 0.128574
0 46 5.287356 0.972724 0.126453 0.973467 0.127588
0 47 5.402299 0.974748 0.127439 0.971207 0.126545
0 48 5.517241 0.972616 0.126395 0.967073 0.123957
0 49 5.632184 0.971407 0.126217 0.972297 0.127874
0 50 5.747127 0.970286 0.126553 0.969235 0.125374
0 51 5.862069 0.970641 0.126069 0.970440 0.125264
0 52 5.977012 0.969943 0.125381 0.973139 0.127918
0 53 6.091954 0.970204 0.125415 0.972745 0.125619
0 54 6.206897 0.971423 0.126587 0.968764 0.125802
0 55 6.321839 0.970836 0.127440 0.970844 0.127529
0 56 6.436781 0.970425 0.126499 0.972143 0.125119
0 57 6.551724 0.972987 0.126660 0.968173 0.125386
0 58 6.666667 0.971086 0.125747 0.970927 0.125395
0 59 6.781609 0.970346 0.126721 0.972448 0.127437
0 60 6.896552 0.970918 0.127509 0.969480 0.125533
0 61 7.011494 0.968945 0.127749 0.972762 0.127262
0 62 7.126437 0.973932 0.128123 0.971138 0.125642
0 63 7.241379 0.973056 0.127585 0.972651 0.126441
0 64 7.356322 0.972020 0.124960 0.972748 0.127817
0 65 7.471264 0.970662 0.126888 0.972056 0.127162
0 66 7.586207 0.970449 0.126803 0.974906 0.127968
0 67 7.701149 0.972121 0.127608 0.973291 0.125755
0 68 7.816092 0.970654 0.126817 0.972187 0.125997
0 69 7.931035 0.972374 0.127377 0.970602 0.125686
0 70 8.045977 0.970012 0.125740 0.974000 0.128538
0 71 8.160919 0.973198 0.127416 0.972709 0.127860
0 72 8.275862 0.969906 0.127096 0.975317 0.127454
0 73 8.390804 0.971734 0.126149 0.970231 0.126591
0 74 8.505747 0.972789 0.127376 0.971538 0.126906
0 75 8.620689 0.973901 0.128039 0.970742 0.126985
0 76 8.735632 0.970897 0.127535 0.973515 0.128182
0 77 8.850574 0.967776 0.125796 0.967410 0.126029
0 78 8.965517 0.972194 0.127417 0.970457 0.126959
0 79 9.080460 0.971864 0.126832 0.971333 0.126544
0 80 9.195402 0.970886 0.126563 0.971962 0.128474
0 81 9.310345 0.969203 0.125928 0.972385 0.126706
0 82 9.425287 0.971005 0.124371 0.972147 0.125829
0 83 9.540230 0.972888 0.125817 0.968882 0.126948
0 84 9.655172 0.971910 0.125852 0.973373 0.127186
0 85 9.770115 0.971083 0.125550 0.972305 0.124986
0 86 9.885057 0.971550 0.124501 0.971917 0.127451
1 0 10.000000 0.971772 0.126829 0.971230 0.125020
1 1 10.114943 0.971326 0.126717 0.976268 0.127123
1 2 10.229885 0.973046 0.127918 0.969148 0.125472
1 3 10.344828 0.972913 0.125077 0.967156 0.124608
1 4 10.459770 0.970387 0.124855 0.973882 0.127451
1 5 10.574713 0.972761 0.126904 0.971303 0.127372
1 6 10.689655 0.971017 0.125983 0.970957 0.127886
1 7 10.804598 0.972906 0.125504 0.971736 0.127909
1 8 10.919540 0.971991 0.126189 0.971007 0.127154
1 9 11.034483 0.971085 0.126895 0.969220 0.125805
1 10 11.149426 0.971924 0.127706 0.970448 0.125035
1 11 11.264368 0.973007 0.126647 0.973177 0.125909
1 12 11.379311 0.974073 0.127451 0.972954 0.126505
1 13 11.494253 0.970462 0.126217 0.972809 0.126552
1 14 11.609196 0.972578 0.126167 0.971021 0.127176
1 15 11.724138 0.969852 0.126902 0.972362 0.127717
1 16 11.839081 0.972824 0.126878 0.969919 0.125905
1 17 11.954023 0.970917 0.126306 0.970598 0.126855
1 18 12.068966 0.972471 0.125990 0.971979 0.125519
1 19 12.183908 0.970215 0.126571 0.972395 0.127138
1 20 12.298851 0.969275 0.124933 0.970099 0.124928
1 21 12.413794 0.974337 0.128551 0.972517 0.126391
1 22 12.528735 0.970846 0.124813 0.971795 0.126378
1 23 12.643678 0.969479 0.126407 0.973124 0.126827
1 24 12.758620 0.972659 0.126980 0.970354 0.128257
1 25 12.873563 0.971764 0.126487 0.971881 0.127666
1 26 12.988505 0.970205 0.124675 0.969987 0.125527
1 27 13.103448 0.975435 0.128928 0.973211 0.128220
1 28 13.218390 0.972968 0.126481 0.972370 0.124934
1 29 13.333333 0.973210 0.125990 0.972855 0.126610
1 30 13.448276 0.971813 0.125804 0.972794 0.127775
1 31 13.563218 0.971736 0.127701 0.973275 0.126900
1 32 13.678161 0.971730 0.126850 0.971866 0.124499
1 33 13.793103 0.970383 0.125345 0.972925 0.126340
1 34 13.908046 0.971351 0.126707 0.970737 0.126055
1 35 14.022988 0.973066 0.124807 0.971500 0.126343
1 36 14.137931 0.969189 0.124156 0.971272 0.126540
1 37 14.252873 0.973075 0.127009 0.971100 0.125602
1 38 14.367816 0.970320 0.127775 0.974253 0.127975
1 39 14.482759 0.972324 0.125941 0.970261 0.125634
1 40 14.597701 0.970383 0.128069 0.971533 0.126920
1 41 14.712644 0.971182 0.126528 0.971194 0.128171
1 42 14.827586 0.970459 0.126201 0.972728 0.127002
1 43 14.942529 0.972892 0.127340 0.970003 0.126166
1 44 15.057471 0.972698 0.125600 0.971984 0.125729
1 45 15.172414 0.972218 0.126340 0.972852 0.128187
1 46 15.287356 0.972088 0.127790 0.970945 0.127178
1 47 15.402299 0.972181 0.126197 0.972451 0.127322
1 48 15.517241 0.973394 0.126906 0.972352 0.126309
1 49 15.632184 0.970224 0.127247 0.972225 0.126342
1 50 15.747127 0.972264 0.126011 0.972044 0.127619
1 51 15.862069 0.973211 0.125581 0.969976 0.126243
1 52 15.977012 0.971177 0.127281 0.969726 0.124452
1 53 16.091953 0.969759 0.125963 0.973000 0.127992
1 54 16.206896 0.971430 0.126815 0.970802 0.127332
1 55 16.321838 0.972477 0.128362 0.970651 0.127317
1 56 16.436781 0.971837 0.126421 0.970228 0.125698
1 57 16.551723 0.970793 0.125907 0.969220 0.126563
1 58 16.666666 0.968154 0.123860 0.973308 0.126026
1 59 16.781609 0.971154 0.125543 0.969715 0.126673
1 60 16.896551 0.974178 0.126617 0.969878 0.125821
1 61 17.011494 0.970074 0.126469 0.971936 0.127466
1 62 17.126436 0.970500 0.126905 0.969653 0.126436
1 63 17.241379 0.969603 0.124510 0.972557 0.126862
1 64 17.356321 0.972446 0.126154 0.972512 0.127158
1 65 17.471264 0.971346 0.125796 0.971933 0.127109
1 66 17.586206 0.969106 0.124342 0.969889 0.123504
1 67 17.701149 0.971193 0.127185 0.971313 0.125646
1 68 17.816092 0.971405 0.126269 0.970171 0.125295
1 69 17.931034 0.971532 0.126043 0.974537 0.126422
1 70 18.045977 0.972557 0.126381 0.971623 0.126846
1 71 18.160919 0.968042 0.123527 0.973349 0.126001
1 72 18.275862 0.973849 0.127108 0.973733 0.127948
1 73 18.390804 0.974132 0.126284 0.971782 0.127991
1 74 18.505747 0.970527 0.125984 0.971478 0.126496
1 75 18.620689 0.968651 0.126944 0.973430 0.126691
1 76 18.735632 0.974202 0.127915 0.972781 0.125470
1 77 18.850574 0.971014 0.125780 0.972064 0.125257
1 78 18.965517 0.969823 0.125122 0.971213 0.127251
1 79 19.080460 0.970502 0.126886 0.972633 0.126679
1 80 19.195402 0.969890 0.126384 0.969228 0.125769
1 81 19.310345 0.975717 0.127100 0.971703 0.126307
1 82 19.425287 0.973885 0.125727 0.970489 0.125213
1 83 19.540230 0.971906 0.125820 0.974617 0.126209
1 84 19.655172 0.968479 0.124403 0.970306 0.125617
1 85 19.770115 0.969731 0.126084 0.969755 0.125217
1 86 19.885057 0.970762 0.124419 0.971795 0.125230
2 0 20.000000 0.973423 0.128317 0.971297 0.127165
2 1 20.114943 0.969466 0.125913 0.970526 0.126636
2 2 20.229885 0.971370 0.125371 0.971667 0.126138
2 3 20.344828 0.973138 0.127518 0.974675 0.128081
2 4 20.459770 0.970014 0.125732 0.972368 0.128350
2 5 20.574713 0.971926 0.126954 0.972139 0.125767
2 6 20.689655 0.971969 0.126001 0.972117 0.124816
2 7 20.804598 0.974085 0.126817 0.975400 0.125850
2 8 20.919540 0.971506 0.127855 0.973840 0.125712
2 9 21.034483 0.972017 0.127660 0.969217 0.125589
2 10 21.149426 0.972461 0.126776 0.970486 0.126076
2 11 21.264368 0.970635 0.128096 0.971387 0.126102
2 12 21.379311 0.971681 0.126051 0.973064 0.125226
2 13 21.494253 0.969880 0.125983 0.970752 0.127566
2 14 21.609196 0.972277 0.127189 0.971065 0.126581
2 15 21.724138 0.973229 0.125302 0.973695 0.125778
2 16 21.839081 0.973213 0.127292 0.971634 0.125643
2 17 21.954023 0.969960 0.126721 0.973005 0.125764
2 18 22.068966 0.969500 0.124034 0.970576 0.126619
2 19 22.183908 0.972685 0.125667 0.970912 0.126760
2 20 22.298851 0.971429 0.124390 0.970907 0.125589
2 21 22.413794 0.973630 0.126586 0.972123 0.128356
2 22 22.528736 0.972122 0.126948 0.972434 0.125874
2 23 22.643679 0.972253 0.125766 0.969446 0.124261
2 24 22.758621 0.968898 0.125061 0.970345 0.127016
2 25 22.873564 0.969047 0.126281 0.969239 0.124278
2 26 22.988506 0.971289 0.126540 0.969752 0.125171
2 27 23.103449 0.969193 0.126699 0.971249 0.125180
2 28 23.218391 0.969119 0.127953 0.973396 0.128011
2 29 23.333334 0.971536 0.125663 0.971907 0.127386
2 30 23.448277 0.972262 0.125620 0.971137 0.125232
2 31 23.563219 0.974474 0.126997 0.972337 0.126429
2 32 23.678162 0.971084 0.126989 0.970416 0.125977
2 33 23.793104 0.969444 0.123947 0.973297 0.127790
2 34 23.908047 0.974407 0.126752 0.970264 0.126893
2 35 24.022989 0.970770 0.126636 0.974045 0.128052
2 36 24.137932 0.973229 0.126363 0.970476 0.125061
2 37 24.252874 0.972481 0.126581 0.970307 0.126354
2 38 24.367817 0.972531 0.126365 0.972198 0.127577
2 39 24.482759 0.970760 0.125250 0.973555 0.125113
2 40 24.597702 0.970571 0.126440 0.971130 0.127112
2 41 24.712645 0.972835 0.125331 0.973855 0.127267
2 42 24.827587 0.973192 0.127189 0.968546 0.124907
2 43 24.942530 0.968763 0.126352 0.971103 0.126490
2 44 25.057470 0.972107 0.126500 0.970876 0.127119
2 45 25.172413 0.971467 0.125974 0.971430 0.127281
2 46 25.287355 0.970671 0.126851 0.971781 0.127016
2 47 25.402298 0.973036 0.127699 0.970748 0.125348
2 48 25.517241 0.973242 0.127589 0.970676 0.126349
2 49 25.632183 0.972235 0.125938 0.969558 0.126910
2 50 25.747126 0.971763 0.126807 0.973256 0.125991
2 51 25.862068 0.970719 0.125348 0.972573 0.125139
2 52 25.977011 0.973199 0.125784 0.970964 0.126579
2 53 26.091953 0.972829 0.127869 0.971909 0.126291
2 54 26.206896 0.973551 0.124966 0.971331 0.126511
2 55 26.321838 0.970938 0.126656 0.971665 0.126267
2 56 26.436781 0.967721 0.124768 0.971951 0.126636
2 57 26.551723 0.972564 0.125105 0.971907 0.127287
2 58 26.666666 0.971800 0.125966 0.973456 0.127169
2 59 26.781609 0.969275 0.126201 0.973091 0.127010
2 60 26.896551 0.973200 0.127059 0.974763 0.126645
2 61 27.011494 0.971184 0.126309 0.971333 0.126386
2 62 27.126436 0.970996 0.126576 0.972410 0.126152
2 63 27.241379 0.968722 0.126762 0.973005 0.126874
2 64 27.356321 0.968848 0.126327 0.971929 0.126024
2 65 27.471264 0.970135 0.124845 0.970843 0.126668
2 66 27.586206 0.970273 0.126633 0.972064 0.127275
2 67 27.701149 0.969520 0.126524 0.970530 0.125638
2 68 27.816092 0.969292 0.125008 0.971926 0.125370
2 69 27.931034 0.970867 0.126279 0.971044 0.126036
2 70 28.045977 0.968869 0.124212 0.971686 0.128048
2 71 28.160919 0.972842 0.127059 0.970028 0.126505
2 72 28.275862 0.969593 0.125212 0.968800 0.125604
2 73 28.390804 0.969631 0.125857 0.972856 0.125689
2 74 28.505747 0.970163 0.125065 0.971456 0.125218
2 75 28.620689 0.972639 0.126177 0.971860 0.126960
2 76 28.735632 0.974251 0.127076 0.974803 0.126307
2 77 28.850574 0.971898 0.126112 0.971060 0.125738
2 78 28.965517 0.973743 0.127789 0.972518 0.126840
2 79 29.080460 0.970936 0.127431 0.971566 0.125301
2 80 29.195402 0.970164 0.124446 0.969809 0.127208
2 81 29.310345 0.970481 0.126162 0.972403 0.126789
2 82 29.425287 0.969820 0.125296 0.971259 0.126799
2 83 29.540230 0.969597 0.126280 0.965708 0.124237
2 84 29.655172 0.974387 0.127633 0.970637 0.126800
2 85 29.770115 0.972621 0.125483 0.972998 0.126656
2 86 29.885057 0.967540 0.126019 0.968273 0.126684
3 0 30.000000 0.970431 0.125358 0.970936 0.126149
3 1 30.114943 0.969299 0.125418 0.973045 0.126588
3 2 30.229885 0.971613 0.126530 0.970473 0.126548
3 3 30.344828 0.972299 0.127088 0.971613 0.125530
3 4 30.459770 0.972187 0.127508 0.972586 0.126925
3 5 30.574713 0.971458 0.125182 0.969100 0.127257
3 6 30.689655 0.975115 0.128658 0.970542 0.125670
3 7 30.804598 0.972780 0.127857 0.972701 0.126414
3 8 30.919540 0.971753 0.125532 0.971085 0.124965
3 9 31.034483 0.972321 0.128845 0.971319 0.127265
3 10 31.149426 0.970489 0.125593 0.968972 0.126349
3 11 31.264368 0.969583 0.125162 0.972957 0.127553
3 12 31.379311 0.969751 0.126515 0.975137 0.127604
3 13 31.494253 0.968527 0.123906 0.969719 0.125245
3 14 31.609196 0.971961 0.125399 0.973121 0.126140
3 15 31.724138 0.970365 0.127684 0.969531 0.125186
3 16 31.839081 0.973445 0.126130 0.970614 0.126436
3 17 31.954023 0.969484 0.126227 0.971714 0.126380
3 18 32.068966 0.971338 0.123481 0.973051 0.126888
3 19 32.183907 0.971101 0.126192 0.974967 0.129055
3 20 32.298851 0.970407 0.125703 0.970515 0.125041
3 21 32.413792 0.972634 0.126084 0.972579 0.127114
3 22 32.528736 0.971814 0.127500 0.970784 0.127241
3 23 32.643677 0.971243 0.127247 0.970434 0.125436
3 24 32.758621 0.973102 0.126462 0.969825 0.128425
3 25 32.873562 0.970466 0.124876 0.971879 0.124808
3 26 32.988506 0.970721 0.124487 0.971590 0.126511
3 27 33.103447 0.972348 0.127371 0.969154 0.126306
3 28 33.218391 0.974370 0.127754 0.970739 0.126799
3 29 33.333332 0.971463 0.125049 0.971392 0.127580
3 30 33.448277 0.969425 0.125203 0.970947 0.125969
3 31 33.563217 0.969803 0.125607 0.973405 0.125421
3 32 33.678162 0.970713 0.126708 0.974302 0.127664
3 33 33.793102 0.972705 0.127134 0.972282 0.126579
3 34 33.908047 0.971557 0.124719 0.969918 0.124117
3 35 34.022987 0.970975 0.126904 0.970484 0.126134
3 36 34.137932 0.974723 0.126331 0.972323 0.125916
3 37 34.252872 0.970351 0.125339 0.970685 0.125965
3 38 34.367817 0.971453 0.126014 0.971754 0.129268
3 39 34.482758 0.971076 0.126791 0.972451 0.126581
3 40 34.597702 0.973549 0.125710 0.971915 0.126777
3 41 34.712643 0.972264 0.124875 0.968379 0.126362
3 42 34.827587 0.969822 0.125864 0.972973 0.125255
3 43 34.942528 0.972578 0.126631 0.969398 0.126692
3 44 35.057472 0.970220 0.128072 0.972845 0.125608
3 45 35.172413 0.970854 0.126674 0.970250 0.126766
3 46 35.287357 0.971890 0.128852 0.971516 0.125423
3 47 35.402298 0.970384 0.125605 0.970119 0.125564
3 48 35.517242 0.970563 0.127229 0.971230 0.127169
3 49 35.632183 0.971776 0.126165 0.970826 0.126485
3 50 35.747128 0.972534 0.127152 0.971295 0.125525
3 51 35.862068 0.969961 0.126880 0.969111 0.126317
3 52 35.977013 0.970377 0.126011 0.970352 0.125470
3 53 36.091953 0.972641 0.128584 0.970939 0.126892
3 54 36.206898 0.972542 0.124334 0.970617 0.125943
3 55 36.321838 0.966264 0.125524 0.970987 0.127858
3 56 36.436783 0.973011 0.126774 0.970187 0.124990
3 57 36.551723 0.973493 0.128039 0.972017 0.126251
3 58 36.666668 0.970595 0.125817 0.971557 0.125886
3 59 36.781609 0.972256 0.126322 0.972525 0.125343
3 60 36.896553 0.971504 0.125797 0.974123 0.125755
3 61 37.011494 0.971314 0.128225 0.971821 0.127343
3 62 37.126438 0.973002 0.127499 0.971160 0.125592
3 63 37.241379 0.968634 0.126155 0.969581 0.124717
3 64 37.356323 0.970341 0.125268 0.970123 0.126151
3 65 37.471264 0.973038 0.128678 0.970443 0.126793
3 66 37.586208 0.972512 0.125715 0.971519 0.126544
3 67 37.701149 0.972502 0.126652 0.973653 0.126195
3 68 37.816093 0.969512 0.126465 0.971537 0.127584
3 69 37.931034 0.973096 0.127231 0.969863 0.124988
3 70 38.045979 0.969856 0.125669 0.973182 0.127757
3 71 38.160919 0.969151 0.126136 0.971201 0.125740
3 72 38.275864 0.971984 0.127980 0.970818 0.126058
3 73 38.390804 0.969957 0.126252 0.970331 0.126208
3 74 38.505749 0.969826 0.126760 0.971946 0.127421
3 75 38.620689 0.974369 0.126037 0.972418 0.126741
3 76 38.735634 0.974354 0.126186 0.969961 0.128681
3 77 38.850574 0.973040 0.127278 0.971670 0.126675
3 78 38.965519 0.970641 0.123665 0.973498 0.125175
3 79 39.080460 0.971197 0.126425 0.970765 0.125709
3 80 39.195404 0.969492 0.126632 0.972169 0.126523
3 81 39.310345 0.971345 0.125721 0.973016 0.127337
3 82 39.425289 0.971270 0.126157 0.970397 0.125472
3 83 39.540230 0.972652 0.128157 0.973324 0.127313
3 84 39.655174 0.973176 0.127255 0.970070 0.127194
3 85 39.770115 0.971795 0.125522 0.969400 0.125336
3 86 39.885059 0.970339 0.127516 0.969871 0.126761
4 0 40.000000 0.968842 0.125525 0.971348 0.128158
4 1 40.114941 0.973007 0.128411 0.970237 0.125186
4 2 40.229885 0.972050 0.126353 0.970058 0.126587
4 3 40.344826 0.971533 0.126067 0.972529 0.127851
4 4 40.459770 0.973667 0.127442 0.974340 0.126006
4 5 40.574711 0.968924 0.125342 0.973097 0.128433
4 6 40.689655 0.971308 0.125814 0.969362 0.126343
4 7 40.804596 0.973498 0.127325 0.972770 0.126690
4 8 40.919540 0.972083 0.126163 0.971773 0.126180
4 9 41.034481 0.971029 0.125782 0.973736 0.127307
4 10 41.149426 0.968951 0.127943 0.973919 0.127002
4 11 41.264366 0.971580 0.124565 0.971856 0.125427
4 12 41.379311 0.971853 0.124259 0.971619 0.126024
4 13 41.494251 0.973585 0.128051 0.970355 0.125228
4 14 41.609196 0.972215 0.126440 0.970568 0.127286
4 15 41.724136 0.973211 0.126603 0.972926 0.128504
4 16 41.839081 0.969337 0.126657 0.969259 0.125185
4 17 41.954021 0.972302 0.125913 0.970950 0.126246
4 18 42.068966 0.971039 0.127254 0.970004 0.126135
4 19 42.183907 0.972650 0.128177 0.969877 0.124880
4 20 42.298851 0.971030 0.126615 0.972956 0.125266
4 21 42.413792 0.972060 0.125251 0.972037 0.125352
4 22 42.528736 0.970190 0.124939 0.972988 0.127544
4 23 42.643677 0.969450 0.125866 0.970263 0.125591
4 24 42.758621 0.972452 0.127017 0.970285 0.127707
4 25 42.873562 0.972279 0.128136 0.973321 0.127169
4 26 42.988506 0.970574 0.125410 0.971466 0.125265
4 27 43.103447 0.969252 0.126705 0.973151 0.128182
4 28 43.218391 0.968809 0.125519 0.972241 0.127565
4 29 43.333332 0.972444 0.124882 0.971567 0.125209
4 30 43.448277 0.971497 0.126511 0.970765 0.124861
4 31 43.563217 0.973389 0.126024 0.971042 0.125206
4 32 43.678162 0.970269 0.125666 0.968959 0.126064
4 33 43.793102 0.972770 0.125628 0.970994 0.127743
4 34 43.908047 0.973993 0.125724 0.972832 0.125131
4 35 44.022987 0.971043 0.128122 0.972811 0.128892
4 36 44.137932 0.971738 0.126287 0.969197 0.125102
4 37 44.252872 0.971660 0.125139 0.970371 0.128202
4 38 44.367817 0.970411 0.125439 0.972478 0.127227
4 39 44.482758 0.969018 0.124317 0.970845 0.126891
4 40 44.597702 0.973632 0.128540 0.970901 0.128655
4 41 44.712643 0.971308 0.127171 0.973579 0.127464
4 42 44.827587 0.971766 0.126985 0.970211 0.127203
4 43 44.942528 0.969291 0.126015 0.971480 0.126055
4 44 45.057472 0.971310 0.127058 0.973045 0.127869
4 45 45.172413 0.971547 0.125909 0.969245 0.125365
4 46 45.287357 0.972190 0.126242 0.973552 0.126411
4 47 45.402298 0.970349 0.127677 0.969494 0.126269
4 48 45.517242 0.970520 0.127477 0.971540 0.125453
4 49 45.632183 0.973429 0.125201 0.971683 0.125634
4 50 45.747128 0.971410 0.127931 0.970315 0.125559
4 51 45.862068 0.971280 0.126855 0.970355 0.125144
4 52 45.977013 0.972781 0.128019 0.970544 0.126322
4 53 46.091953 0.973180 0.127663 0.972012 0.125342
4 54 46.206898 0.975213 0.126925 0.971108 0.125594
4 55 46.321838 0.974272 0.127391 0.967754 0.125562
4 56 46.436783 0.971199 0.126267 0.971306 0.126524
4 57 46.551723 0.971891 0.126698 0.971173 0.126934
4 58 46.666668 0.969585 0.125206 0.970508 0.127330
4 59 46.781609 0.971491 0.126662 0.975723 0.127513
4 60 46.896553 0.974934 0.126619 0.970532 0.125315
4 61 47.011494 0.972911 0.127865 0.970794 0.124938
4 62 47.126438 0.972782 0.127052 0.971754 0.127030
4 63 47.241379 0.971684 0.125671 0.971104 0.126364
4 64 47.356323 0.973132 0.126433 0.970787 0.126701
4 65 47.471264 0.971761 0.125374 0.973794 0.127456
4 66 47.586208 0.972525 0.127310 0.972116 0.126857
4 67 47.701149 0.970484 0.125762 0.969350 0.125136
4 68 47.816093 0.972033 0.127379 0.968634 0.124620
4 69 47.931034 0.971181 0.125833 0.971334 0.125641
4 70 48.045979 0.971477 0.126185 0.970228 0.125800
4 71 48.160919 0.973321 0.126568 0.971630 0.126598
4 72 48.275864 0.969597 0.126818 0.969531 0.125709
4 73 48.390804 0.975316 0.127823 0.971105 0.127049
4 74 48.505749 0.971166 0.125550 0.970297 0.125824
4 75 48.620689 0.971079 0.126793 0.970278 0.127285
4 76 48.735634 0.971589 0.126963 0.970913 0.127212
4 77 48.850574 0.971724 0.127194 0.970440 0.126378
4 78 48.965519 0.972852 0.126165 0.972505 0.127783
4 79 49.080460 0.973104 0.127360 0.973455 0.127690
4 80 49.195404 0.971041 0.127113 0.975655 0.128775
4 81 49.310345 0.971980 0.125498 0.973365 0.126554
4 82 49.425289 0.971694 0.126820 0.969961 0.126962
4 83 49.540230 0.971073 0.125099 0.973742 0.126261
4 84 49.655174 0.970666 0.126189 0.972403 0.127871
4 85 49.770115 0.970775 0.124982 0.973997 0.128540
4 86 49.885059 0.968617 0.125875 0.971521 0.125199
5 0 50.000000 0.971653 0.128890 0.972974 0.126496
5 1 50.114941 0.972640 0.127447 0.970150 0.125306
5 2 50.229885 0.970259 0.126689 0.968897 0.125800
5 3 50.344826 0.970265 0.126256 0.969566 0.125050
5 4 50.459770 0.972106 0.126725 0.969573 0.125497
5 5 50.574711 0.972237 0.126959 0.974634 0.126880
5 6 50.689655 0.972680 0.126795 0.971187 0.126848
5 7 50.804596 0.971955 0.124075 0.973383 0.127641
5 8 50.919540 0.972115 0.126997 0.972993 0.126635
5 9 51.034481 0.973567 0.126481 0.970868 0.125965
5 10 51.149426 0.967419 0.126299 0.971483 0.126743
5 11 51.264366 0.972739 0.125612 0.971719 0.125230
5 12 51.379311 0.972166 0.126048 0.971667 0.127338
5 13 51.494251 0.971685 0.126721 0.972630 0.127848
5 14 51.609196 0.972067 0.127215 0.973141 0.125397
5 15 51.724136 0.972041 0.125763 0.970919 0.129025
5 16 51.839081 0.974022 0.126325 0.971241 0.126521
5 17 51.954021 0.972077 0.127100 0.971489 0.126215
5 18 52.068966 0.969014 0.124731 0.969719 0.124029
5 19 52.183907 0.973771 0.126925 0.970461 0.126560
5 20 52.298851 0.968314 0.124899 0.967623 0.126897
5 21 52.413792 0.970816 0.126139 0.969419 0.127475
5 22 52.528736 0.973992 0.126722 0.969632 0.125450
5 23 52.643677 0.971186 0.127381 0.975308 0.127434
5 24 52.758621 0.970519 0.126175 0.972028 0.125755
5 25 52.873562 0.970474 0.127322 0.971817 0.124920
5 26 52.988506 0.970422 0.126491 0.967001 0.125146
5 27 53.103447 0.970166 0.126902 0.971247 0.126006
5 28 53.218391 0.974646 0.126942 0.973526 0.127193
5 29 53.333332 0.971874 0.124040 0.970492 0.126207
5 30 53.448277 0.970098 0.126350 0.972109 0.126155
5 31 53.563217 0.972787 0.127914 0.972912 0.127121
5 32 53.678162 0.969761 0.125837 0.972122 0.127174
5 33 53.793102 0.971152 0.126918 0.970010 0.125232
5 34 53.908047 0.972828 0.127410 0.970890 0.126663
5 35 54.022987 0.970978 0.126268 0.973463 0.128607
5 36 54.137932 0.970059 0.127289 0.971999 0.127313
5 37 54.252872 0.970558 0.125389 0.972593 0.126607
5 38 54.367817 0.970311 0.125909 0.970069 0.126458
5 39 54.482758 0.971443 0.125065 0.973045 0.125886
5 40 54.597702 0.971740 0.126047 0.970016 0.126998
5 41 54.712643 0.973759 0.126747 0.971593 0.126446
5 42 54.827587 0.972180 0.126556 0.972651 0.125512
5 43 54.942528 0.970881 0.126393 0.971267 0.126371
5 44 55.057472 0.970795 0.127606 0.972517 0.127860
5 45 55.172413 0.974275 0.127821 0.971305 0.126934
5 46 55.287357 0.971513 0.125067 0.973509 0.126367
5 47 55.402298 0.974494 0.126990 0.968424 0.125290
5 48 55.517242 0.972779 0.127696 0.974517 0.127326
5 49 55.632183 0.970622 0.125838 0.969721 0.126777
5 50 55.747128 0.971885 0.127379 0.971515 0.127739
5 51 55.862068 0.973368 0.127648 0.974052 0.127348
5 52 55.977013 0.972807 0.125750 0.971995 0.125727
5 53 56.091953 0.974437 0.125984 0.974822 0.126796
5 54 56.206898 0.972949 0.127752 0.973046 0.126749
5 55 56.321838 0.972018 0.126053 0.972699 0.125983
5 56 56.436783 0.972361 0.125777 0.970015 0.126512
5 57 56.551723 0.973378 0.128266 0.972147 0.126022
5 58 56.666668 0.975306 0.129343 0.973285 0.127555
5 59 56.781609 0.971012 0.127575 0.970721 0.125561
5 60 56.896553 0.971776 0.126246 0.971204 0.124419
5 61 57.011494 0.972357 0.127646 0.972175 0.126183
5 62 57.126438 0.971948 0.126216 0.970286 0.125602
5 63 57.241379 0.971294 0.126987 0.971234 0.125537
5 64 57.356323 0.970939 0.126154 0.971207 0.126659
5 65 57.471264 0.971721 0.126337 0.973456 0.125303
5 66 57.586208 0.970428 0.123584 0.973051 0.128598
5 67 57.701149 0.972490 0.125914 0.969943 0.127043
5 68 57.816093 0.970776 0.126261 0.974120 0.127578
5 69 57.931034 0.971078 0.126468 0.970046 0.126245
5 70 58.045979 0.972744 0.126828 0.973045 0.127022
5 71 58.160919 0.969837 0.125548 0.969006 0.125290
5 72 58.275864 0.972324 0.126984 0.972287 0.125325
5 73 58.390804 0.972380 0.127411 0.969496 0.125082
5 74 58.505749 0.972752 0.127072 0.973397 0.126386
5 75 58.620689 0.972202 0.127785 0.971675 0.126740
5 76 58.735634 0.973295 0.127639 0.972296 0.125933
5 77 58.850574 0.972743 0.126243 0.970995 0.125514
5 78 58.965519 0.969554 0.125386 0.969878 0.124845
5 79 59.080460 0.969928 0.125932 0.972913 0.126815
5 80 59.195404 0.970820 0.125705 0.972947 0.126569
5 81 59.310345 0.971557 0.126537 0.971148 0.126533
5 82 59.425289 0.969351 0.125614 0.971078 0.125489
5 83 59.540230 0.971114 0.125781 0.973045 0.128144
5 84 59.655174 0.971089 0.125657 0.972950 0.126913
5 85 59.770115 0.971292 0.125997 0.969081 0.127067
5 86 59.885059 0.973102 0.126898 0.975106 0.126387
6 0 60.000000 0.972696 0.126091 0.970342 0.124960
6 1 60.114941 0.970590 0.126754 0.968660 0.125216
6 2 60.229885 0.970280 0.122103 0.970905 0.126212
6 3 60.344826 0.973381 0.127285 0.972642 0.125515
6 4 60.459770 0.971279 0.126485 0.973427 0.128047
6 5 60.574711 0.971910 0.126259 0.968720 0.125919
6 6 60.689655 0.972377 0.127336 0.969010 0.125935
6 7 60.804596 0.970367 0.125842 0.972233 0.127094
6 8 60.919540 0.975255 0.129890 0.971484 0.126540
6 9 61.034481 0.969931 0.126353 0.973139 0.126996
6 10 61.149426 0.973635 0.127024 0.972210 0.125383
6 11 61.264366 0.969458 0.126262 0.967815 0.125668
6 12 61.379311 0.974688 0.126060 0.971406 0.125906
6 13 61.494251 0.968981 0.126052 0.974240 0.127028
6 14 61.609196 0.972585 0.126977 0.971132 0.126700
6 15 61.724136 0.972306 0.125400 0.969073 0.127040
6 16 61.839081 0.968856 0.125683 0.971313 0.125346
6 17 61.954021 0.969121 0.124400 0.970956 0.125766
6 18 62.068966 0.971672 0.126662 0.971278 0.126752
6 19 62.183907 0.970971 0.126077 0.970665 0.125480
6 20 62.298851 0.971514 0.125741 0.972038 0.126238
6 21 62.413792 0.969278 0.126118 0.974560 0.127655
6 22 62.528736 0.973431 0.128579 0.973995 0.127510
6 23 62.643677 0.969262 0.127618 0.968608 0.125231
6 24 62.758621 0.972895 0.126743 0.970919 0.125805
6 25 62.873562 0.974383 0.126988 0.974284 0.127395
6 26 62.988506 0.971279 0.125637 0.970752 0.125973
6 27 63.103447 0.971736 0.125159 0.973658 0.126652
6 28 63.218391 0.971943 0.126037 0.970006 0.126934
6 29 63.333332 0.972679 0.126345 0.969041 0.124568
6 30 63.448277 0.974071 0.127408 0.970507 0.124697
6 31 63.563217 0.973704 0.127015 0.972613 0.127910
6 32 63.678162 0.971005 0.126942 0.972447 0.126729
6 33 63.793102 0.971523 0.126239 0.970737 0.125871
6 34 63.908047 0.971470 0.127340 0.969194 0.124586
6 35 64.022987 0.970856 0.126806 0.970785 0.125553
6 36 64.137932 0.971439 0.126984 0.971908 0.127752
6 37 64.252876 0.974129 0.126865 0.970635 0.126140
6 38 64.367813 0.972875 0.125268 0.969091 0.126790
6 39 64.482758 0.974580 0.125439 0.972552 0.126428
6 40 64.597702 0.974111 0.127805 0.973513 0.126304
6 41 64.712646 0.972049 0.127748 0.971715 0.125417
6 42 64.827583 0.971344 0.128655 0.970630 0.126015
6 43 64.942528 0.971974 0.127081 0.970811 0.126067
6 44 65.057472 0.971770 0.126351 0.970663 0.125781
6 45 65.172417 0.972300 0.127156 0.972037 0.126937
6 46 65.287354 0.971382 0.126146 0.971509 0.125486
6 47 65.402298 0.972831 0.127003 0.969626 0.125933
6 48 65.517242 0.970242 0.126231 0.970004 0.126308
6 49 65.632187 0.970140 0.126463 0.970762 0.125392
6 50 65.747124 0.973993 0.126817 0.971442 0.127097
6 51 65.862068 0.973351 0.128027 0.972198 0.127276
6 52 65.977013 0.973636 0.127293 0.971868 0.126110
6 53 66.091957 0.971786 0.125914 0.970104 0.124490
6 54 66.206894 0.970859 0.128155 0.969400 0.125649
6 55 66.321838 0.968219 0.125233 0.974672 0.126194
6 56 66.436783 0.973242 0.127500 0.971539 0.126298
6 57 66.551727 0.971196 0.126993 0.970083 0.125972
6 58 66.666664 0.967603 0.126451 0.971708 0.128110
6 59 66.781609 0.972791 0.127903 0.972514 0.128174
6 60 66.896553 0.969763 0.125173 0.969655 0.125355
6 61 67.011497 0.971441 0.126494 0.974109 0.125996
6 62 67.126434 0.970597 0.126746 0.971212 0.126848
6 63 67.241379 0.972826 0.126643 0.973344 0.125477
6 64 67.356323 0.970183 0.126872 0.970415 0.125990
6 65 67.471268 0.971137 0.125328 0.968234 0.123875
6 66 67.586205 0.971814 0.126110 0.970052 0.125527
6 67 67.701149 0.973073 0.126249 0.971078 0.126493
6 68 67.816093 0.971736 0.126386 0.971702 0.127800
6 69 67.931038 0.971427 0.125621 0.975195 0.126540
6 70 68.045975 0.972442 0.125512 0.971758 0.125964
6 71 68.160919 0.969020 0.125458 0.968242 0.125148
6 72 68.275864 0.973192 0.126681 0.972223 0.127374
6 73 68.390808 0.970066 0.127269 0.972138 0.127242
6 74 68.505745 0.971403 0.127160 0.972244 0.127260
6 75 68.620689 0.971032 0.127201 0.971134 0.127707
6 76 68.735634 0.969283 0.125963 0.970158 0.126098
6 77 68.850578 0.968849 0.126006 0.967440 0.125144
6 78 68.965515 0.972773 0.128139 0.971455 0.126351
6 79 69.080460 0.971307 0.126616 0.972995 0.126410
6 80 69.195404 0.970155 0.124081 0.973616 0.126801
6 81 69.310349 0.971165 0.125189 0.970088 0.127389
6 82 69.425285 0.971073 0.125791 0.972117 0.125865
6 83 69.540230 0.974800 0.127174 0.969491 0.126563
6 84 69.655174 0.973608 0.126686 0.973652 0.127386
6 85 69.770119 0.975199 0.128166 0.970098 0.125714
6 86 69.885056 0.972484 0.126802 0.972086 0.126436
7 0 70.000000 0.972714 0.127553 0.971461 0.125859
7 1 70.114944 0.973069 0.127283 0.968217 0.125026
7 2 70.229881 0.974346 0.125336 0.970717 0.126314
7 3 70.344826 0.969334 0.126408 0.974350 0.127318
7 4 70.459770 0.971556 0.127800 0.971093 0.126347
7 5 70.574715 0.972166 0.128126 0.971360 0.125108
7 6 70.689651 0.970019 0.125727 0.968058 0.125453
7 7 70.804596 0.968454 0.125538 0.971279 0.126682
7 8 70.919540 0.970386 0.125375 0.972596 0.127780
7 9 71.034485 0.973160 0.127394 0.970401 0.126294
7 10 71.149422 0.968899 0.125138 0.973416 0.127012
7 11 71.264366 0.973140 0.127645 0.971942 0.125430
7 12 71.379311 0.972530 0.126960 0.973584 0.127163
7 13 71.494255 0.970682 0.125681 0.972694 0.127157
7 14 71.609192 0.970809 0.125784 0.973057 0.126821
7 15 71.724136 0.970582 0.125123 0.970594 0.126316
7 16 71.839081 0.971709 0.126142 0.971164 0.125746
7 17 71.954025 0.972961 0.127441 0.972504 0.128367
7 18 72.068962 0.974994 0.127662 0.971584 0.125749
7 19 72.183907 0.968933 0.127206 0.972436 0.128123
7 20 72.298851 0.970892 0.127136 0.970620 0.127026
7 21 72.413795 0.971545 0.125220 0.972595 0.127100
7 22 72.528732 0.973084 0.127164 0.969678 0.125991
7 23 72.643677 0.971607 0.126552 0.974189 0.127126
7 24 72.758621 0.970939 0.128637 0.972598 0.126417
7 25 72.873566 0.971180 0.126599 0.968336 0.127097
7 26 72.988503 0.972795 0.125880 0.968699 0.125344
7 27 73.103447 0.972454 0.124765 0.972502 0.126547
7 28 73.218391 0.972705 0.125455 0.974188 0.126196
7 29 73.333336 0.972829 0.126795 0.972519 0.128114
7 30 73.448273 0.970359 0.126827 0.970176 0.126290
7 31 73.563217 0.969787 0.124914 0.971742 0.128187
7 32 73.678162 0.973687 0.126923 0.973183 0.126943
7 33 73.793106 0.970004 0.126415 0.970035 0.125270
7 34 73.908043 0.972816 0.126849 0.971398 0.126180
7 35 74.022987 0.972564 0.127429 0.973635 0.126995
7 36 74.137932 0.973140 0.126322 0.971644 0.126776
7 37 74.252876 0.971666 0.127024 0.968501 0.127927
7 38 74.367813 0.969606 0.126356 0.969997 0.124086
7 39 74.482758 0.972257 0.126392 0.972493 0.127306
7 40 74.597702 0.975185 0.126996 0.973113 0.126994
7 41 74.712646 0.971730 0.125794 0.968660 0.124536
7 42 74.827583 0.971982 0.125866 0.973218 0.125982
7 43 74.942528 0.970342 0.125571 0.971054 0.125745
7 44 75.057472 0.972831 0.124514 0.969924 0.125718
7 45 75.172417 0.972143 0.126496 0.971158 0.128140
7 46 75.287354 0.970896 0.126731 0.971159 0.126602
7 47 75.402298 0.973981 0.125707 0.971290 0.127317
7 48 75.517242 0.971384 0.126617 0.971239 0.126392
7 49 75.632187 0.973898 0.125697 0.970694 0.127486
7 50 75.747124 0.968188 0.125051 0.973732 0.127270
7 51 75.862068 0.970479 0.125193 0.972750 0.126521
7 52 75.977013 0.971285 0.127009 0.972737 0.127950
7 53 76.091957 0.970009 0.125388 0.972423 0.125952
7 54 76.206894 0.972087 0.125426 0.971202 0.126767
7 55 76.321838 0.971038 0.125750 0.970875 0.127279
7 56 76.436783 0.970905 0.126185 0.972921 0.126377
7 57 76.551727 0.972467 0.126587 0.972498 0.126525
7 58 76.666664 0.972440 0.125615 0.966327 0.124158
7 59 76.781609 0.971931 0.126341 0.971181 0.125865
7 60 76.896553 0.972575 0.126410 0.971984 0.125854
7 61 77.011497 0.971458 0.126024 0.969452 0.125945
7 62 77.126434 0.972417 0.126707 0.972467 0.127996
7 63 77.241379 0.971571 0.125448 0.971974 0.127864
7 64 77.356323 0.967552 0.126904 0.973452 0.127000
7 65 77.471268 0.973315 0.126764 0.969371 0.125990
7 66 77.586205 0.970011 0.125907 0.971609 0.125974
7 67 77.701149 0.971983 0.126969 0.973566 0.128007
7 68 77.816093 0.969325 0.125694 0.973250 0.126830
7 69 77.931038 0.973857 0.127372 0.973955 0.126357
7 70 78.045975 0.973113 0.126383 0.971777 0.125592
7 71 78.160919 0.973172 0.125678 0.970799 0.126048
7 72 78.275864 0.971542 0.126503 0.974007 0.126865
7 73 78.390808 0.970465 0.126579 0.972713 0.126172
7 74 78.505745 0.970455 0.125463 0.974069 0.125891
7 75 78.620689 0.970553 0.126495 0.968436 0.125059
7 76 78.735634 0.972985 0.126242 0.971718 0.127630
7 77 78.850578 0.972848 0.126780 0.971443 0.125238
7 78 78.965515 0.975147 0.125974 0.972239 0.127021
7 79 79.080460 0.971805 0.126880 0.973141 0.125506
7 80 79.195404 0.971318 0.125842 0.971844 0.126464
7 81 79.310349 0.973271 0.125675 0.971165 0.126261
7 82 79.425285 0.971540 0.126083 0.971111 0.128572
7 83 79.540230 0.970120 0.126130 0.969338 0.124120
7 84 79.655174 0.971584 0.127827 0.972625 0.127437
7 85 79.770119 0.972218 0.128093 0.968935 0.125112
7 86 79.885056 0.971264 0.126548 0.970865 0.126915
8 0 80.000000 0.972022 0.125856 0.972359 0.127465
8 1 80.114944 0.973337 0.126944 0.972759 0.126412
8 2 80.229881 0.969703 0.125145 0.968927 0.125916
8 3 80.344826 0.969337 0.125467 0.974106 0.128392
8 4 80.459770 0.974421 0.127855 0.970187 0.126363
8 5 80.574715 0.970454 0.125179 0.971069 0.128021
8 6 80.689651 0.970452 0.125433 0.971794 0.128110
8 7 80.804596 0.973274 0.127487 0.969923 0.126207
8 8 80.919540 0.973512 0.127655 0.969945 0.126074
8 9 81.034485 0.972658 0.126763 0.973080 0.125520
8 10 81.149422 0.967194 0.125733 0.972253 0.127045
8 11 81.264366 0.968879 0.125084 0.971396 0.126640
8 12 81.379311 0.973962 0.126353 0.973307 0.127682
8 13 81.494255 0.969919 0.125373 0.970475 0.128544
8 14 81.609192 0.972575 0.126571 0.972540 0.126663
8 15 81.724136 0.969397 0.125814 0.972816 0.128078
8 16 81.839081 0.972829 0.126359 0.972545 0.126876
8 17 81.954025 0.970245 0.125730 0.970752 0.126440
8 18 82.068962 0.969348 0.128174 0.972162 0.125844
8 19 82.183907 0.972774 0.127777 0.971374 0.125229
8 20 82.298851 0.973773 0.128939 0.970163 0.125444
8 21 82.413795 0.973128 0.125973 0.974189 0.126580
8 22 82.528732 0.971866 0.126331 0.970997 0.125206
8 23 82.643677 0.972909 0.127457 0.971496 0.127473
8 24 82.758621 0.971922 0.126860 0.973584 0.127108
8 25 82.873566 0.968055 0.125623 0.971426 0.126492
8 26 82.988503 0.972511 0.126288 0.973465 0.127016
8 27 83.103447 0.970372 0.126449 0.972896 0.126674
8 28 83.218391 0.973538 0.126622 0.970772 0.125989
8 29 83.333336 0.971852 0.126887 0.970833 0.126137
8 30 83.448273 0.967842 0.124989 0.971647 0.125962
8 31 83.563217 0.971366 0.125107 0.972051 0.125947
8 32 83.678162 0.973477 0.126338 0.973732 0.127518
8 33 83.793106 0.968968 0.124980 0.968186 0.124597
8 34 83.908043 0.974422 0.127259 0.971729 0.126385
8 35 84.022987 0.974480 0.125693 0.972030 0.126292
8 36 84.137932 0.972906 0.126946 0.971821 0.125913
8 37 84.252876 0.969413 0.126930 0.972561 0.126735
8 38 84.367813 0.970911 0.126701 0.971153 0.126382
8 39 84.482758 0.972694 0.126782 0.970397 0.126820
8 40 84.597702 0.971962 0.124683 0.969976 0.126183
8 41 84.712646 0.973395 0.126906 0.970272 0.125707
8 42 84.827583 0.970666 0.126632 0.971783 0.125570
8 43 84.942528 0.970310 0.124688 0.972564 0.127235
8 44 85.057472 0.972439 0.127874 0.971519 0.126680
8 45 85.172417 0.971932 0.126320 0.970199 0.127599
8 46 85.287354 0.970919 0.127383 0.971270 0.127193
8 47 85.402298 0.969742 0.125752 0.973321 0.126993
8 48 85.517242 0.968977 0.125104 0.973480 0.126224
8 49 85.632187 0.970786 0.127426 0.973145 0.126212
8 50 85.747124 0.972385 0.126880 0.973175 0.126002
8 51 85.862068 0.972111 0.125958 0.972354 0.126361
8 52 85.977013 0.971474 0.124790 0.972196 0.126529
8 53 86.091957 0.971856 0.126690 0.973223 0.126478
8 54 86.206894 0.971269 0.127000 0.972882 0.126019
8 55 86.321838 0.970927 0.127024 0.970155 0.126905
8 56 86.436783 0.971503 0.127038 0.973140 0.127225
8 57 86.551727 0.973731 0.129868 0.969645 0.126065
8 58 86.666664 0.973245 0.124630 0.972844 0.127658
8 59 86.781609 0.972691 0.126993 0.969884 0.126179
8 60 86.896553 0.971012 0.126578 0.973782 0.125592
8 61 87.011497 0.972695 0.126621 0.970296 0.127276
8 62 87.126434 0.972338 0.124480 0.971841 0.124159
8 63 87.241379 0.969416 0.126630 0.970870 0.126950
8 64 87.356323 0.969160 0.126163 0.974590 0.126738
8 65 87.471268 0.970747 0.127701 0.969104 0.124225
8 66 87.586205 0.974497 0.127157 0.971990 0.126616
8 67 87.701149 0.974592 0.128356 0.970214 0.126581
8 68 87.816093 0.971014 0.126505 0.972086 0.125943
8 69 87.931038 0.970276 0.125462 0.972185 0.127627
8 70 88.045975 0.970906 0.124835 0.970395 0.126842
8 71 88.160919 0.970556 0.125477 0.973846 0.127799
8 72 88.275864 0.969752 0.126729 0.970464 0.126646
8 73 88.390808 0.971420 0.125119 0.972522 0.126994
8 74 88.505745 0.972397 0.127173 0.972571 0.127509
8 75 88.620689 0.970513 0.126639 0.971708 0.124448
8 76 88.735634 0.970693 0.125023 0.971811 0.126079
8 77 88.850578 0.972893 0.127616 0.969625 0.124646
8 78 88.965515 0.973340 0.126800 0.969926 0.124280
8 79 89.080460 0.971783 0.126312 0.971076 0.127336
8 80 89.195404 0.974880 0.127541 0.969676 0.125925
8 81 89.310349 0.973098 0.128183 0.973060 0.125817
8 82 89.425285 0.973620 0.127585 0.971121 0.125419
8 83 89.540230 0.972614 0.127886 0.972794 0.126574
8 84 89.655174 0.971744 0.125446 0.971789 0.125886
8 85 89.770119 0.971467 0.126543 0.969847 0.126667
8 86 89.885056 0.972963 0.126640 0.972105 0.125994
9 0 90.000000 0.974470 0.127592 0.969709 0.125869
9 1 90.114944 0.969206 0.125214 0.971695 0.125862
9 2 90.229881 0.972679 0.126491 0.969138 0.125661
9 3 90.344826 0.969611 0.125808 0.970555 0.125251
9 4 90.459770 0.973686 0.126543 0.968170 0.123836
9 5 90.574715 0.972490 0.126795 0.969842 0.126431
9 6 90.689651 0.968229 0.126120 0.972141 0.126580
9 7 90.804596 0.974192 0.127750 0.971113 0.126210
9 8 90.919540 0.970581 0.125209 0.973520 0.125904
9 9 91.034485 0.970398 0.127064 0.971228 0.126534
9 10 91.149422 0.968757 0.127294 0.972155 0.126742
9 11 91.264366 0.969976 0.125774 0.972162 0.126783
9 12 91.379311 0.970426 0.126116 0.973219 0.126824
9 13 91.494255 0.971978 0.127355 0.970562 0.125817
9 14 91.609192 0.971040 0.126080 0.971442 0.126247
9 15 91.724136 0.973728 0.127254 0.974570 0.127965
9 16 91.839081 0.969477 0.125742 0.971725 0.126891
9 17 91.954025 0.971195 0.125667 0.972705 0.127671
9 18 92.068962 0.970055 0.126489 0.971877 0.126799
9 19 92.183907 0.973404 0.126319 0.968911 0.125530
9 20 92.298851 0.972491 0.127267 0.969819 0.126452
9 21 92.413795 0.970432 0.125950 0.971836 0.127625
9 22 92.528732 0.973529 0.125950 0.969980 0.125571
9 23 92.643677 0.970718 0.125990 0.971072 0.125233
9 24 92.758621 0.972037 0.126245 0.971094 0.125845
9 25 92.873566 0.969236 0.125487 0.969877 0.126018
9 26 92.988503 0.970238 0.126747 0.972345 0.126061
9 27 93.103447 0.971724 0.127029 0.969482 0.125132
9 28 93.218391 0.972866 0.126466 0.970699 0.126873
9 29 93.333336 0.971854 0.127243 0.968748 0.126101
9 30 93.448273 0.972619 0.126297 0.971377 0.126344
9 31 93.563217 0.971312 0.127292 0.968463 0.126732
9 32 93.678162 0.973768 0.126960 0.970416 0.125347
9 33 93.793106 0.970110 0.126436 0.967462 0.125223
9 34 93.908043 0.970816 0.124699 0.971011 0.125478
9 35 94.022987 0.970568 0.127456 0.972330 0.126352
9 36 94.137932 0.973264 0.127308 0.971219 0.126035
9 37 94.252876 0.969588 0.126734 0.971782 0.127400
9 38 94.367813 0.971247 0.126858 0.970636 0.124255
9 39 94.482758 0.972836 0.127557 0.971372 0.126636
9 40 94.597702 0.970598 0.127388 0.971652 0.126493
9 41 94.712646 0.971391 0.126867 0.972659 0.127147
9 42 94.827583 0.969120 0.127460 0.973346 0.128202
9 43 94.942528 0.971835 0.125896 0.972871 0.127456
9 44 95.057472 0.968103 0.125660 0.968870 0.124939
9 45 95.172417 0.972639 0.126757 0.970711 0.125758
9 46 95.287354 0.972287 0.127693 0.971707 0.127598
9 47 95.402298 0.970914 0.126106 0.970203 0.125155
9 48 95.517242 0.972817 0.126066 0.973121 0.127440
9 49 95.632187 0.970864 0.127952 0.972159 0.125800
9 50 95.747124 0.972145 0.126655 0.970490 0.125136
9 51 95.862068 0.973281 0.125841 0.969454 0.125471
9 52 95.977013 0.973007 0.127570 0.968663 0.123233
9 53 96.091957 0.969688 0.125586 0.967896 0.125756
9 54 96.206894 0.970940 0.125735 0.971997 0.126914
9 55 96.321838 0.974259 0.127912 0.972648 0.126851
9 56 96.436783 0.971305 0.125797 0.974903 0.127331
9 57 96.551727 0.973622 0.126860 0.970743 0.125990
9 58 96.666664 0.972908 0.125750 0.971407 0.127117
9 59 96.781609 0.972848 0.127118 0.968765 0.124449
9 60 96.896553 0.970386 0.125281 0.973190 0.126702
9 61 97.011497 0.973462 0.126639 0.973579 0.126631
9 62 97.126434 0.972578 0.126434 0.971542 0.125216
9 63 97.241379 0.972248 0.126087 0.973532 0.125441
9 64 97.356323 0.972437 0.127415 0.972385 0.126685
9 65 97.471268 0.971624 0.126115 0.971344 0.125293
9 66 97.586205 0.972252 0.125146 0.972747 0.127051
9 67 97.701149 0.973108 0.126660 0.970557 0.126005
9 68 97.816093 0.971672 0.126593 0.972982 0.127556
9 69 97.931038 0.971701 0.127495 0.971042 0.126699
9 70 98.045975 0.973574 0.126894 0.970524 0.124585
9 71 98.160919 0.969132 0.124905 0.974549 0.127503
9 72 98.275864 0.970896 0.124312 0.972172 0.127695
9 73 98.390808 0.973963 0.127477 0.970649 0.127617
9 74 98.505745 0.972453 0.127017 0.972544 0.126195
9 75 98.620689 0.970486 0.124282 0.974318 0.126514
9 76 98.735634 0.971541 0.127434 0.969415 0.126042
9 77 98.850578 0.972723 0.125964 0.973006 0.127828
9 78 98.965515 0.972522 0.127038 0.969837 0.126242
9 79 99.080460 0.973688 0.126321 0.971006 0.125327
9 80 99.195404 0.969552 0.127015 0.971720 0.127305
9 81 99.310349 0.972736 0.126628 0.969067 0.126031
9 82 99.425285 0.968095 0.126334 0.970524 0.126511
9 83 99.540230 0.974330 0.127264 0.969903 0.126864
9 84 99.655174 0.972023 0.125601 0.973133 0.125942
9 85 99.770119 0.972883 0.127778 0.972475 0.124580
9 86 99.885056 0.969958 0.126012 0.966972 0.124694
