0 -0.426999 1 0.000017
1 -0.418581 0 0.000000
2 -0.410163 0 0.000000
3 -0.401746 1 0.000017
4 -0.393328 2 0.000033
5 -0.384910 1 0.000017
6 -0.376492 0 0.000000
7 -0.368075 0 0.000000
8 -0.359657 0 0.000000
9 -0.351239 0 0.000000
10 -0.342821 2 0.000033
11 -0.334403 2 0.000033
12 -0.325986 7 0.000117
13 -0.317568 5 0.000083
14 -0.309150 12 0.000200
15 -0.300732 10 0.000167
16 -0.292315 38 0.000633
17 -0.283897 18 0.000300
18 -0.275479 11 0.000183
19 -0.267061 19 0.000317
20 -0.258644 16 0.000267
21 -0.250226 29 0.000483
22 -0.241808 44 0.000733
23 -0.233390 46 0.000767
24 -0.224973 39 0.000650
25 -0.216555 43 0.000717
26 -0.208137 52 0.000867
27 -0.199719 45 0.000750
28 -0.191301 87 0.001450
29 -0.182884 132 0.002200
30 -0.174466 136 0.002267
31 -0.166048 202 0.003367
32 -0.157630 349 0.005817
33 -0.149213 345 0.005750
34 -0.140795 556 0.009267
35 -0.132377 493 0.008217
36 -0.123959 513 0.008550
37 -0.115542 482 0.008033
38 -0.107124 579 0.009650
39 -0.098706 714 0.011900
40 -0.090288 1086 0.018100
41 -0.081870 1303 0.021717
42 -0.073453 1009 0.016817
43 -0.065035 1086 0.018100
44 -0.056617 1215 0.020250
45 -0.048199 1530 0.025500
46 -0.039782 1712 0.028533
47 -0.031364 2085 0.034750
48 -0.022946 3658 0.060967
49 -0.014528 10107 0.168450
50 -0.006111 9206 0.153433
51 0.002307 5113 0.085217
52 0.010725 2485 0.041417
53 0.019143 2071 0.034517
54 0.027560 1304 0.021733
55 0.035978 993 0.016550
56 0.044396 987 0.016450
57 0.052814 943 0.015717
58 0.061232 987 0.016450
59 0.069649 675 0.011250
60 0.078067 612 0.010200
61 0.086485 582 0.009700
62 0.094903 553 0.009217
63 0.103320 409 0.006817
64 0.111738 675 0.011250
65 0.120156 493 0.008217
66 0.128574 328 0.005467
67 0.136991 302 0.005033
68 0.145409 235 0.003917
69 0.153827 166 0.002767
70 0.162245 163 0.002717
71 0.170663 90 0.001500
72 0.179080 109 0.001817
73 0.187498 60 0.001000
74 0.195916 65 0.001083
75 0.204334 51 0.000850
76 0.212751 49 0.000817
77 0.221169 57 0.000950
78 0.229587 37 0.000617
79 0.238005 39 0.000650
80 0.246422 47 0.000783
81 0.254840 31 0.000517
82 0.263258 30 0.000500
83 0.271676 31 0.000517
84 0.280093 35 0.000583
85 0.288511 45 0.000750
86 0.296929 37 0.000617
87 0.305347 30 0.000500
88 0.313765 14 0.000233
89 0.322182 16 0.000267
90 0.330600 6 0.000100
91 0.339018 2 0.000033
92 0.347436 6 0.000100
93 0.355853 2 0.000033
94 0.364271 3 0.000050
95 0.372689 1 0.000017
96 0.381107 1 0.000017
97 0.389524 1 0.000017
98 0.397942 0 0.000000
99 0.406360 1 0.000017
