0 -0.426999 1 0.000050
1 -0.418581 0 0.000000
2 -0.410163 0 0.000000
3 -0.401746 1 0.000050
4 -0.393328 2 0.000100
5 -0.384910 1 0.000050
6 -0.376492 0 0.000000
7 -0.368075 0 0.000000
8 -0.359657 0 0.000000
9 -0.351239 0 0.000000
10 -0.342821 0 0.000000
11 -0.334403 1 0.000050
12 -0.325986 0 0.000000
13 -0.317568 2 0.000100
14 -0.309150 5 0.000250
15 -0.300732 4 0.000200
16 -0.292315 4 0.000200
17 -0.283897 10 0.000500
18 -0.275479 0 0.000000
19 -0.267061 0 0.000000
20 -0.258644 0 0.000000
21 -0.250226 0 0.000000
22 -0.241808 0 0.000000
23 -0.233390 2 0.000100
24 -0.224973 2 0.000100
25 -0.216555 12 0.000600
26 -0.208137 14 0.000700
27 -0.199719 19 0.000950
28 -0.191301 54 0.002700
29 -0.182884 77 0.003850
30 -0.174466 40 0.002000
31 -0.166048 51 0.002550
32 -0.157630 157 0.007850
33 -0.149213 128 0.006400
34 -0.140795 285 0.014250
35 -0.132377 209 0.010450
36 -0.123959 208 0.010400
37 -0.115542 179 0.008950
38 -0.107124 246 0.012300
39 -0.098706 327 0.016350
40 -0.090288 626 0.031300
41 -0.081870 869 0.043450
42 -0.073453 453 0.022650
43 -0.065035 380 0.019000
44 -0.056617 540 0.027000
45 -0.048199 659 0.032950
46 -0.039782 784 0.039200
47 -0.031364 597 0.029850
48 -0.022946 837 0.041850
49 -0.014528 2981 0.149050
50 -0.006111 1470 0.073500
51 0.002307 809 0.040450
52 0.010725 874 0.043700
53 0.019143 1130 0.056500
54 0.027560 550 0.027500
55 0.035978 395 0.019750
56 0.044396 515 0.025750
57 0.052814 522 0.026100
58 0.061232 648 0.032400
59 0.069649 337 0.016850
60 0.078067 276 0.013800
61 0.086485 190 0.009500
62 0.094903 203 0.010150
63 0.103320 192 0.009600
64 0.111738 380 0.019000
65 0.120156 221 0.011050
66 0.128574 80 0.004000
67 0.136991 69 0.003450
68 0.145409 97 0.004850
69 0.153827 70 0.003500
70 0.162245 88 0.004400
71 0.170663 35 0.001750
72 0.179080 26 0.001300
73 0.187498 13 0.000650
74 0.195916 10 0.000500
75 0.204334 6 0.000300
76 0.212751 0 0.000000
77 0.221169 0 0.000000
78 0.229587 1 0.000050
79 0.238005 1 0.000050
80 0.246422 1 0.000050
81 0.254840 1 0.000050
82 0.263258 1 0.000050
83 0.271676 4 0.000200
84 0.280093 3 0.000150
85 0.288511 6 0.000300
86 0.296929 1 0.000050
87 0.305347 3 0.000150
88 0.313765 0 0.000000
89 0.322182 0 0.000000
90 0.330600 0 0.000000
91 0.339018 0 0.000000
92 0.347436 2 0.000100
93 0.355853 1 0.000050
94 0.364271 0 0.000000
95 0.372689 0 0.000000
96 0.381107 0 0.000000
97 0.389524 1 0.000050
98 0.397942 0 0.000000
99 0.406360 1 0.000050
