0 0.000000 39197 0.653283
1 0.001842 4684 0.078067
2 0.003683 3115 0.051917
3 0.005525 2630 0.043833
4 0.007367 1709 0.028483
5 0.009208 1231 0.020517
6 0.011050 928 0.015467
7 0.012892 1107 0.018450
8 0.014734 827 0.013783
9 0.016575 782 0.013033
10 0.018417 589 0.009817
11 0.020259 466 0.007767
12 0.022100 424 0.007067
13 0.023942 279 0.004650
14 0.025784 263 0.004383
15 0.027625 184 0.003067
16 0.029467 139 0.002317
17 0.031309 149 0.002483
18 0.033151 118 0.001967
19 0.034992 70 0.001167
20 0.036834 68 0.001133
21 0.038676 63 0.001050
22 0.040517 66 0.001100
23 0.042359 46 0.000767
24 0.044201 40 0.000667
25 0.046042 44 0.000733
26 0.047884 44 0.000733
27 0.049726 53 0.000883
28 0.051568 48 0.000800
29 0.053409 31 0.000517
30 0.055251 47 0.000783
31 0.057093 37 0.000617
32 0.058934 27 0.000450
33 0.060776 34 0.000567
34 0.062618 25 0.000417
35 0.064459 24 0.000400
36 0.066301 19 0.000317
37 0.068143 23 0.000383
38 0.069985 9 0.000150
39 0.071826 21 0.000350
40 0.073668 17 0.000283
41 0.075510 20 0.000333
42 0.077351 19 0.000317
43 0.079193 32 0.000533
44 0.081035 27 0.000450
45 0.082876 31 0.000517
46 0.084718 20 0.000333
47 0.086560 19 0.000317
48 0.088401 19 0.000317
49 0.090243 17 0.000283
50 0.092085 19 0.000317
51 0.093927 12 0.000200
52 0.095768 11 0.000183
53 0.097610 11 0.000183
54 0.099452 2 0.000033
55 0.101293 12 0.000200
56 0.103135 9 0.000150
57 0.104977 8 0.000133
58 0.106818 3 0.000050
59 0.108660 4 0.000067
60 0.110502 4 0.000067
61 0.112344 1 0.000017
62 0.114185 1 0.000017
63 0.116027 1 0.000017
64 0.117869 1 0.000017
65 0.119710 0 0.000000
66 0.121552 2 0.000033
67 0.123394 2 0.000033
68 0.125235 2 0.000033
69 0.127077 1 0.000017
70 0.128919 0 0.000000
71 0.130761 1 0.000017
72 0.132602 1 0.000017
73 0.134444 0 0.000000
74 0.136286 2 0.000033
75 0.138127 0 0.000000
76 0.139969 0 0.000000
77 0.141811 2 0.000033
78 0.143652 0 0.000000
79 0.145494 1 0.000017
80 0.147336 1 0.000017
81 0.149178 0 0.000000
82 0.151019 0 0.000000
83 0.152861 1 0.000017
84 0.154703 1 0.000017
85 0.156544 1 0.000017
86 0.158386 0 0.000000
87 0.160228 0 0.000000
88 0.162069 0 0.000000
89 0.163911 1 0.000017
90 0.165753 0 0.000000
91 0.167594 0 0.000000
92 0.169436 0 0.000000
93 0.171278 0 0.000000
94 0.173120 0 0.000000
95 0.174961 0 0.000000
96 0.176803 0 0.000000
97 0.178645 0 0.000000
98 0.180486 0 0.000000
99 0.182328 1 0.000017
