0 -0.339989 3 0.000150
1 -0.332978 0 0.000000
2 -0.325967 3 0.000150
3 -0.318956 0 0.000000
4 -0.311945 4 0.000200
5 -0.304934 5 0.000250
6 -0.297923 1 0.000050
7 -0.290912 8 0.000400
8 -0.283901 6 0.000300
9 -0.276890 7 0.000350
10 -0.269879 3 0.000150
11 -0.262868 10 0.000500
12 -0.255857 7 0.000350
13 -0.248846 2 0.000100
14 -0.241835 7 0.000350
15 -0.234824 6 0.000300
16 -0.227813 12 0.000600
17 -0.220802 5 0.000250
18 -0.213791 7 0.000350
19 -0.206780 7 0.000350
20 -0.199769 4 0.000200
21 -0.192758 7 0.000350
22 -0.185747 13 0.000650
23 -0.178736 17 0.000850
24 -0.171725 28 0.001400
25 -0.164714 36 0.001800
26 -0.157703 36 0.001800
27 -0.150692 49 0.002450
28 -0.143681 38 0.001900
29 -0.136670 63 0.003150
30 -0.129659 42 0.002100
31 -0.122648 64 0.003200
32 -0.115637 98 0.004900
33 -0.108626 121 0.006050
34 -0.101615 111 0.005550
35 -0.094604 152 0.007600
36 -0.087593 168 0.008400
37 -0.080582 125 0.006250
38 -0.073571 169 0.008450
39 -0.066560 193 0.009650
40 -0.059549 241 0.012050
41 -0.052538 355 0.017750
42 -0.045527 411 0.020550
43 -0.038516 459 0.022950
44 -0.031505 677 0.033850
45 -0.024494 1062 0.053100
46 -0.017483 2344 0.117200
47 -0.010472 3649 0.182450
48 -0.003461 3171 0.158550
49 0.003550 1772 0.088600
50 0.010561 772 0.038600
51 0.017572 484 0.024200
52 0.024583 401 0.020050
53 0.031594 332 0.016600
54 0.038605 345 0.017250
55 0.045616 227 0.011350
56 0.052627 222 0.011100
57 0.059638 148 0.007400
58 0.066649 158 0.007900
59 0.073660 161 0.008050
60 0.080671 133 0.006650
61 0.087682 122 0.006100
62 0.094693 107 0.005350
63 0.101704 81 0.004050
64 0.108715 77 0.003850
65 0.115726 93 0.004650
66 0.122737 76 0.003800
67 0.129748 42 0.002100
68 0.136759 38 0.001900
69 0.143770 26 0.001300
70 0.150781 20 0.001000
71 0.157792 15 0.000750
72 0.164803 11 0.000550
73 0.171814 10 0.000500
74 0.178825 17 0.000850
75 0.185836 8 0.000400
76 0.192847 8 0.000400
77 0.199858 5 0.000250
78 0.206869 3 0.000150
79 0.213880 10 0.000500
80 0.220891 12 0.000600
81 0.227902 5 0.000250
82 0.234913 4 0.000200
83 0.241924 3 0.000150
84 0.248935 8 0.000400
85 0.255946 3 0.000150
86 0.262957 7 0.000350
87 0.269968 2 0.000100
88 0.276979 2 0.000100
89 0.283990 1 0.000050
90 0.291001 4 0.000200
91 0.298012 3 0.000150
92 0.305023 4 0.000200
93 0.312034 3 0.000150
94 0.319045 1 0.000050
95 0.326056 0 0.000000
96 0.333067 2 0.000100
97 0.340078 2 0.000100
98 0.347089 4 0.000200
99 0.354100 0 0.000000
