0 -0.319247 5 0.000250
1 -0.312169 2 0.000100
2 -0.305091 2 0.000100
3 -0.298012 1 0.000050
4 -0.290934 26 0.001300
5 -0.283855 2 0.000100
6 -0.276777 1 0.000050
7 -0.269698 7 0.000350
8 -0.262620 10 0.000500
9 -0.255541 9 0.000450
10 -0.248463 20 0.001000
11 -0.241385 33 0.001650
12 -0.234306 29 0.001450
13 -0.227228 23 0.001150
14 -0.220149 22 0.001100
15 -0.213071 16 0.000800
16 -0.205992 27 0.001350
17 -0.198914 21 0.001050
18 -0.191835 17 0.000850
19 -0.184757 27 0.001350
20 -0.177679 50 0.002500
21 -0.170600 62 0.003100
22 -0.163522 98 0.004900
23 -0.156443 122 0.006100
24 -0.149365 125 0.006250
25 -0.142286 170 0.008500
26 -0.135208 181 0.009050
27 -0.128129 199 0.009950
28 -0.121051 194 0.009700
29 -0.113973 151 0.007550
30 -0.106894 156 0.007800
31 -0.099816 188 0.009400
32 -0.092737 231 0.011550
33 -0.085659 180 0.009000
34 -0.078580 282 0.014100
35 -0.071502 317 0.015850
36 -0.064423 371 0.018550
37 -0.057345 296 0.014800
38 -0.050267 307 0.015350
39 -0.043188 285 0.014250
40 -0.036110 369 0.018450
41 -0.029031 609 0.030450
42 -0.021953 1023 0.051150
43 -0.014874 2560 0.128000
44 -0.007796 3409 0.170450
45 -0.000717 2176 0.108800
46 0.006361 1224 0.061200
47 0.013439 499 0.024950
48 0.020518 317 0.015850
49 0.027596 258 0.012900
50 0.034675 154 0.007700
51 0.041753 172 0.008600
52 0.048832 153 0.007650
53 0.055910 154 0.007700
54 0.062989 120 0.006000
55 0.070067 124 0.006200
56 0.077145 123 0.006150
57 0.084224 187 0.009350
58 0.091302 214 0.010700
59 0.098381 167 0.008350
60 0.105459 107 0.005350
61 0.112538 163 0.008150
62 0.119616 140 0.007000
63 0.126695 170 0.008500
64 0.133773 151 0.007550
65 0.140851 131 0.006550
66 0.147930 93 0.004650
67 0.155008 62 0.003100
68 0.162087 50 0.002500
69 0.169165 43 0.002150
70 0.176244 42 0.002100
71 0.183322 42 0.002100
72 0.190401 35 0.001750
73 0.197479 41 0.002050
74 0.204558 37 0.001850
75 0.211636 30 0.001500
76 0.218714 34 0.001700
77 0.225793 33 0.001650
78 0.232871 32 0.001600
79 0.239950 22 0.001100
80 0.247028 33 0.001650
81 0.254107 21 0.001050
82 0.261185 15 0.000750
83 0.268264 24 0.001200
84 0.275342 23 0.001150
85 0.282420 27 0.001350
86 0.289499 32 0.001600
87 0.296577 26 0.001300
88 0.303656 18 0.000900
89 0.310734 12 0.000600
90 0.317813 19 0.000950
91 0.324891 8 0.000400
92 0.331970 1 0.000050
93 0.339048 0 0.000000
94 0.346126 0 0.000000
95 0.353205 0 0.000000
96 0.360283 2 0.000100
97 0.367362 2 0.000100
98 0.374440 1 0.000050
99 0.381519 1 0.000050
