0 0.481101 18 0.000900
1 0.481834 0 0.000000
2 0.482568 0 0.000000
3 0.483302 8 0.000400
4 0.484035 0 0.000000
5 0.484769 0 0.000000
6 0.485502 0 0.000000
7 0.486236 0 0.000000
8 0.486970 0 0.000000
9 0.487703 0 0.000000
10 0.488437 0 0.000000
11 0.489170 3 0.000150
12 0.489904 31 0.001550
13 0.490638 38 0.001900
14 0.491371 12 0.000600
15 0.492105 13 0.000650
16 0.492838 18 0.000900
17 0.493572 3 0.000150
18 0.494306 8 0.000400
19 0.495039 52 0.002600
20 0.495773 18 0.000900
21 0.496506 227 0.011350
22 0.497240 41 0.002050
23 0.497974 125 0.006250
24 0.498707 36 0.001800
25 0.499441 5 0.000250
26 0.500175 8 0.000400
27 0.500908 86 0.004300
28 0.501642 164 0.008200
29 0.502375 122 0.006100
30 0.503109 375 0.018750
31 0.503843 790 0.039500
32 0.504576 321 0.016050
33 0.505310 687 0.034350
34 0.506043 491 0.024550
35 0.506777 1770 0.088500
36 0.507511 1748 0.087400
37 0.508244 1013 0.050650
38 0.508978 1342 0.067100
39 0.509712 1946 0.097300
40 0.510445 1907 0.095350
41 0.511179 696 0.034800
42 0.511912 1089 0.054450
43 0.512646 814 0.040700
44 0.513380 804 0.040200
45 0.514113 553 0.027650
46 0.514847 191 0.009550
47 0.515580 496 0.024800
48 0.516314 249 0.012450
49 0.517048 340 0.017000
50 0.517781 16 0.000800
51 0.518515 37 0.001850
52 0.519248 107 0.005350
53 0.519982 160 0.008000
54 0.520716 102 0.005100
55 0.521449 272 0.013600
56 0.522183 84 0.004200
57 0.522916 51 0.002550
58 0.523650 51 0.002550
59 0.524384 91 0.004550
60 0.525117 22 0.001100
61 0.525851 23 0.001150
62 0.526585 40 0.002000
63 0.527318 20 0.001000
64 0.528052 0 0.000000
65 0.528785 0 0.000000
66 0.529519 0 0.000000
67 0.530253 10 0.000500
68 0.530986 2 0.000100
69 0.531720 217 0.010850
70 0.532453 0 0.000000
71 0.533187 0 0.000000
72 0.533921 0 0.000000
73 0.534654 11 0.000550
74 0.535388 0 0.000000
75 0.536121 0 0.000000
76 0.536855 0 0.000000
77 0.537589 0 0.000000
78 0.538322 0 0.000000
79 0.539056 5 0.000250
80 0.539789 0 0.000000
81 0.540523 2 0.000100
82 0.541257 0 0.000000
83 0.541990 0 0.000000
84 0.542724 5 0.000250
85 0.543458 0 0.000000
86 0.544191 0 0.000000
87 0.544925 0 0.000000
88 0.545658 0 0.000000
89 0.546392 0 0.000000
90 0.547126 0 0.000000
91 0.547859 0 0.000000
92 0.548593 0 0.000000
93 0.549326 4 0.000200
94 0.550060 4 0.000200
95 0.550794 0 0.000000
96 0.551527 0 0.000000
97 0.552261 0 0.000000
98 0.552994 4 0.000200
99 0.553728 2 0.000100
