0 0.190015 7 0.000350
1 0.196813 0 0.000000
2 0.203612 0 0.000000
3 0.210410 0 0.000000
4 0.217208 0 0.000000
5 0.224006 0 0.000000
6 0.230804 0 0.000000
7 0.237603 0 0.000000
8 0.244401 0 0.000000
9 0.251199 2 0.000100
10 0.257997 0 0.000000
11 0.264796 0 0.000000
12 0.271594 0 0.000000
13 0.278392 0 0.000000
14 0.285190 0 0.000000
15 0.291988 0 0.000000
16 0.298787 0 0.000000
17 0.305585 0 0.000000
18 0.312383 315 0.015750
19 0.319181 47 0.002350
20 0.325979 0 0.000000
21 0.332778 0 0.000000
22 0.339576 355 0.017750
23 0.346374 13 0.000650
24 0.353172 0 0.000000
25 0.359970 23 0.001150
26 0.366769 255 0.012750
27 0.373567 381 0.019050
28 0.380365 35 0.001750
29 0.387163 148 0.007400
30 0.393961 23 0.001150
31 0.400760 53 0.002650
32 0.407558 496 0.024800
33 0.414356 37 0.001850
34 0.421154 520 0.026000
35 0.427953 445 0.022250
36 0.434751 259 0.012950
37 0.441549 87 0.004350
38 0.448347 296 0.014800
39 0.455145 461 0.023050
40 0.461944 501 0.025050
41 0.468742 294 0.014700
42 0.475540 364 0.018200
43 0.482338 680 0.034000
44 0.489136 661 0.033050
45 0.495935 2410 0.120500
46 0.502733 3161 0.158050
47 0.509531 964 0.048200
48 0.516329 467 0.023350
49 0.523127 582 0.029100
50 0.529926 984 0.049200
51 0.536724 842 0.042100
52 0.543522 479 0.023950
53 0.550320 91 0.004550
54 0.557119 198 0.009900
55 0.563917 121 0.006050
56 0.570715 374 0.018700
57 0.577513 55 0.002750
58 0.584311 43 0.002150
59 0.591110 391 0.019550
60 0.597908 247 0.012350
61 0.604706 215 0.010750
62 0.611504 4 0.000200
63 0.618302 412 0.020600
64 0.625101 138 0.006900
65 0.631899 87 0.004350
66 0.638697 331 0.016550
67 0.645495 72 0.003600
68 0.652293 0 0.000000
69 0.659092 148 0.007400
70 0.665890 62 0.003100
71 0.672688 91 0.004550
72 0.679486 257 0.012850
73 0.686284 0 0.000000
74 0.693083 0 0.000000
75 0.699881 0 0.000000
76 0.706679 0 0.000000
77 0.713477 0 0.000000
78 0.720276 0 0.000000
79 0.727074 0 0.000000
80 0.733872 0 0.000000
81 0.740670 2 0.000100
82 0.747468 2 0.000100
83 0.754267 0 0.000000
84 0.761065 0 0.000000
85 0.767863 0 0.000000
86 0.774661 0 0.000000
87 0.781459 0 0.000000
88 0.788258 0 0.000000
89 0.795056 6 0.000300
90 0.801854 0 0.000000
91 0.808652 0 0.000000
92 0.815450 0 0.000000
93 0.822249 0 0.000000
94 0.829047 0 0.000000
95 0.835845 0 0.000000
96 0.842643 0 0.000000
97 0.849441 0 0.000000
98 0.856240 5 0.000250
99 0.863038 1 0.000050
