0 0.013277 8 0.000133
1 0.023241 5 0.000083
2 0.033204 6 0.000100
3 0.043168 13 0.000217
4 0.053132 18 0.000300
5 0.063095 20 0.000333
6 0.073059 11 0.000183
7 0.083023 12 0.000200
8 0.092986 15 0.000250
9 0.102950 13 0.000217
10 0.112914 14 0.000233
11 0.122877 9 0.000150
12 0.132841 13 0.000217
13 0.142805 18 0.000300
14 0.152768 23 0.000383
15 0.162732 17 0.000283
16 0.172696 14 0.000233
17 0.182659 20 0.000333
18 0.192623 18 0.000300
19 0.202587 39 0.000650
20 0.212550 42 0.000700
21 0.222514 44 0.000733
22 0.232478 31 0.000517
23 0.242441 39 0.000650
24 0.252405 56 0.000933
25 0.262369 63 0.001050
26 0.272332 70 0.001167
27 0.282296 74 0.001233
28 0.292260 109 0.001817
29 0.302223 119 0.001983
30 0.312187 249 0.004150
31 0.322151 286 0.004767
32 0.332114 328 0.005467
33 0.342078 267 0.004450
34 0.352042 264 0.004400
35 0.362005 270 0.004500
36 0.371969 527 0.008783
37 0.381933 452 0.007533
38 0.391896 369 0.006150
39 0.401860 558 0.009300
40 0.411824 673 0.011217
41 0.421787 1319 0.021983
42 0.431751 1083 0.018050
43 0.441715 840 0.014000
44 0.451678 1220 0.020333
45 0.461642 1603 0.026717
46 0.471606 1984 0.033067
47 0.481569 2716 0.045267
48 0.491533 4456 0.074267
49 0.501497 6951 0.115850
50 0.511460 2495 0.041583
51 0.521424 2220 0.037000
52 0.531388 1864 0.031067
53 0.541351 1234 0.020567
54 0.551315 1323 0.022050
55 0.561279 1482 0.024700
56 0.571242 2248 0.037467
57 0.581206 2799 0.046650
58 0.591170 3334 0.055567
59 0.601133 2004 0.033400
60 0.611097 1281 0.021350
61 0.621061 1330 0.022167
62 0.631024 708 0.011800
63 0.640988 509 0.008483
64 0.650952 469 0.007817
65 0.660915 353 0.005883
66 0.670879 388 0.006467
67 0.680843 295 0.004917
68 0.690806 240 0.004000
69 0.700770 249 0.004150
70 0.710734 180 0.003000
71 0.720697 188 0.003133
72 0.730661 196 0.003267
73 0.740625 171 0.002850
74 0.750588 178 0.002967
75 0.760552 184 0.003067
76 0.770516 188 0.003133
77 0.780479 175 0.002917
78 0.790443 219 0.003650
79 0.800407 162 0.002700
80 0.810370 172 0.002867
81 0.820334 249 0.004150
82 0.830298 206 0.003433
83 0.840261 257 0.004283
84 0.850225 312 0.005200
85 0.860189 443 0.007383
86 0.870152 354 0.005900
87 0.880116 378 0.006300
88 0.890080 259 0.004317
89 0.900043 231 0.003850
90 0.910007 243 0.004050
91 0.919971 319 0.005317
92 0.929934 227 0.003783
93 0.939898 142 0.002367
94 0.949862 60 0.001000
95 0.959825 53 0.000883
96 0.969789 36 0.000600
97 0.979753 14 0.000233
98 0.989716 9 0.000150
99 0.999680 2 0.000033
