0 0.013439 4 0.000200
1 0.023401 4 0.000200
2 0.033363 4 0.000200
3 0.043325 6 0.000300
4 0.053287 8 0.000400
5 0.063249 6 0.000300
6 0.073211 6 0.000300
7 0.083173 2 0.000100
8 0.093135 2 0.000100
9 0.103097 4 0.000200
10 0.113059 1 0.000050
11 0.123021 2 0.000100
12 0.132983 1 0.000050
13 0.142945 9 0.000450
14 0.152907 3 0.000150
15 0.162869 5 0.000250
16 0.172831 4 0.000200
17 0.182793 2 0.000100
18 0.192755 6 0.000300
19 0.202717 4 0.000200
20 0.212679 10 0.000500
21 0.222641 7 0.000350
22 0.232603 8 0.000400
23 0.242565 17 0.000850
24 0.252527 26 0.001300
25 0.262489 32 0.001600
26 0.272451 29 0.001450
27 0.282414 28 0.001400
28 0.292376 37 0.001850
29 0.302338 26 0.001300
30 0.312300 140 0.007000
31 0.322262 114 0.005700
32 0.332224 175 0.008750
33 0.342186 101 0.005050
34 0.352148 27 0.001350
35 0.362110 14 0.000700
36 0.372072 23 0.001150
37 0.382034 16 0.000800
38 0.391996 14 0.000700
39 0.401958 17 0.000850
40 0.411920 21 0.001050
41 0.421882 36 0.001800
42 0.431844 29 0.001450
43 0.441806 33 0.001650
44 0.451768 58 0.002900
45 0.461730 48 0.002400
46 0.471692 57 0.002850
47 0.481654 77 0.003850
48 0.491616 104 0.005200
49 0.501578 132 0.006600
50 0.511540 149 0.007450
51 0.521502 171 0.008550
52 0.531464 226 0.011300
53 0.541426 284 0.014200
54 0.551389 393 0.019650
55 0.561351 555 0.027750
56 0.571313 1122 0.056100
57 0.581275 2135 0.106750
58 0.591237 2933 0.146650
59 0.601199 1563 0.078150
60 0.611161 885 0.044250
61 0.621123 742 0.037100
62 0.631085 438 0.021900
63 0.641047 306 0.015300
64 0.651009 269 0.013450
65 0.660971 209 0.010450
66 0.670933 200 0.010000
67 0.680895 198 0.009900
68 0.690857 170 0.008500
69 0.700819 186 0.009300
70 0.710781 140 0.007000
71 0.720743 156 0.007800
72 0.730705 161 0.008050
73 0.740667 139 0.006950
74 0.750629 148 0.007400
75 0.760591 158 0.007900
76 0.770553 153 0.007650
77 0.780515 148 0.007400
78 0.790477 182 0.009100
79 0.800439 140 0.007000
80 0.810401 153 0.007650
81 0.820363 233 0.011650
82 0.830325 188 0.009400
83 0.840288 239 0.011950
84 0.850250 301 0.015050
85 0.860212 436 0.021800
86 0.870174 376 0.018800
87 0.880136 347 0.017350
88 0.890098 252 0.012600
89 0.900060 225 0.011250
90 0.910022 231 0.011550
91 0.919984 309 0.015450
92 0.929946 211 0.010550
93 0.939908 138 0.006900
94 0.949870 58 0.002900
95 0.959832 49 0.002450
96 0.969794 31 0.001550
97 0.979756 14 0.000700
98 0.989718 11 0.000550
99 0.999680 0 0.000000
