0 0.013277 4 0.000200
1 0.023028 1 0.000050
2 0.032780 2 0.000100
3 0.042531 7 0.000350
4 0.052283 8 0.000400
5 0.062034 14 0.000700
6 0.071786 5 0.000250
7 0.081537 12 0.000600
8 0.091288 10 0.000500
9 0.101040 7 0.000350
10 0.110791 15 0.000750
11 0.120543 4 0.000200
12 0.130294 11 0.000550
13 0.140046 10 0.000500
14 0.149797 11 0.000550
15 0.159548 19 0.000950
16 0.169300 8 0.000400
17 0.179051 17 0.000850
18 0.188803 12 0.000600
19 0.198554 17 0.000850
20 0.208306 30 0.001500
21 0.218057 28 0.001400
22 0.227808 27 0.001350
23 0.237560 16 0.000800
24 0.247311 28 0.001400
25 0.257063 30 0.001500
26 0.266814 24 0.001200
27 0.276565 49 0.002450
28 0.286317 48 0.002400
29 0.296068 67 0.003350
30 0.305820 56 0.002800
31 0.315571 83 0.004150
32 0.325323 91 0.004550
33 0.335074 100 0.005000
34 0.344825 83 0.004150
35 0.354577 80 0.004000
36 0.364328 114 0.005700
37 0.374080 140 0.007000
38 0.383831 165 0.008250
39 0.393583 181 0.009050
40 0.403334 222 0.011100
41 0.413085 214 0.010700
42 0.422837 295 0.014750
43 0.432588 348 0.017400
44 0.442340 367 0.018350
45 0.452091 579 0.028950
46 0.461842 772 0.038600
47 0.471594 1019 0.050950
48 0.481345 1847 0.092350
49 0.491097 3310 0.165500
50 0.500848 2789 0.139450
51 0.510600 1522 0.076100
52 0.520351 932 0.046600
53 0.530102 678 0.033900
54 0.539854 455 0.022750
55 0.549605 354 0.017700
56 0.559357 345 0.017250
57 0.569108 331 0.016550
58 0.578860 281 0.014050
59 0.588611 171 0.008550
60 0.598362 152 0.007600
61 0.608114 156 0.007800
62 0.617865 131 0.006550
63 0.627617 116 0.005800
64 0.637368 93 0.004650
65 0.647120 107 0.005350
66 0.656871 87 0.004350
67 0.666622 74 0.003700
68 0.676374 64 0.003200
69 0.686125 58 0.002900
70 0.695877 41 0.002050
71 0.705628 29 0.001450
72 0.715379 30 0.001500
73 0.725131 28 0.001400
74 0.734882 38 0.001900
75 0.744634 29 0.001450
76 0.754385 22 0.001100
77 0.764137 33 0.001650
78 0.773888 25 0.001250
79 0.783639 37 0.001850
80 0.793391 16 0.000800
81 0.803142 15 0.000750
82 0.812894 21 0.001050
83 0.822645 15 0.000750
84 0.832397 15 0.000750
85 0.842148 20 0.001000
86 0.851899 7 0.000350
87 0.861651 7 0.000350
88 0.871402 1 0.000050
89 0.881154 3 0.000150
90 0.890905 7 0.000350
91 0.900656 6 0.000300
92 0.910408 11 0.000550
93 0.920159 10 0.000500
94 0.929911 15 0.000750
95 0.939662 4 0.000200
96 0.949414 3 0.000150
97 0.959165 4 0.000200
98 0.968916 4 0.000200
99 0.978668 1 0.000050
