0 0.072893 16 0.000267
1 0.082198 4 0.000067
2 0.091504 0 0.000000
3 0.100809 0 0.000000
4 0.110114 4 0.000067
5 0.119419 0 0.000000
6 0.128724 0 0.000000
7 0.138029 9 0.000150
8 0.147335 0 0.000000
9 0.156640 0 0.000000
10 0.165945 0 0.000000
11 0.175250 0 0.000000
12 0.184555 7 0.000117
13 0.193860 0 0.000000
14 0.203166 0 0.000000
15 0.212471 0 0.000000
16 0.221776 0 0.000000
17 0.231081 0 0.000000
18 0.240386 2 0.000033
19 0.249691 4 0.000067
20 0.258997 4 0.000067
21 0.268302 0 0.000000
22 0.277607 0 0.000000
23 0.286912 3 0.000050
24 0.296217 22 0.000367
25 0.305522 308 0.005133
26 0.314828 271 0.004517
27 0.324133 31 0.000517
28 0.333438 436 0.007267
29 0.342743 249 0.004150
30 0.352048 78 0.001300
31 0.361353 6 0.000100
32 0.370659 630 0.010500
33 0.379964 38 0.000633
34 0.389269 171 0.002850
35 0.398574 676 0.011267
36 0.407879 301 0.005017
37 0.417184 545 0.009083
38 0.426490 448 0.007467
39 0.435795 334 0.005567
40 0.445100 301 0.005017
41 0.454405 738 0.012300
42 0.463710 351 0.005850
43 0.473015 574 0.009567
44 0.482321 1078 0.017967
45 0.491626 1995 0.033250
46 0.500931 14992 0.249867
47 0.510236 8957 0.149283
48 0.519541 1723 0.028717
49 0.528847 1412 0.023533
50 0.538152 1280 0.021333
51 0.547457 330 0.005500
52 0.556762 437 0.007283
53 0.566067 656 0.010933
54 0.575372 1043 0.017383
55 0.584678 2129 0.035483
56 0.593983 3692 0.061533
57 0.603288 1494 0.024900
58 0.612593 1099 0.018317
59 0.621898 1317 0.021950
60 0.631203 420 0.007000
61 0.640509 547 0.009117
62 0.649814 38 0.000633
63 0.659119 589 0.009817
64 0.668424 1319 0.021983
65 0.677729 518 0.008633
66 0.687034 401 0.006683
67 0.696339 288 0.004800
68 0.705645 7 0.000117
69 0.714950 4 0.000067
70 0.724255 259 0.004317
71 0.733560 65 0.001083
72 0.742865 959 0.015983
73 0.752171 633 0.010550
74 0.761476 430 0.007167
75 0.770781 1218 0.020300
76 0.780086 70 0.001167
77 0.789391 41 0.000683
78 0.798696 24 0.000400
79 0.808002 55 0.000917
80 0.817307 277 0.004617
81 0.826612 122 0.002033
82 0.835917 92 0.001533
83 0.845222 66 0.001100
84 0.854527 209 0.003483
85 0.863833 132 0.002200
86 0.873138 181 0.003017
87 0.882443 106 0.001767
88 0.891748 78 0.001300
89 0.901053 214 0.003567
90 0.910358 157 0.002617
91 0.919664 68 0.001133
92 0.928969 86 0.001433
93 0.938274 79 0.001317
94 0.947579 49 0.000817
95 0.956884 2 0.000033
96 0.966189 0 0.000000
97 0.975495 0 0.000000
98 0.984800 0 0.000000
99 0.994105 2 0.000033
