0 0.094818 2 0.000100
1 0.103095 0 0.000000
2 0.111371 0 0.000000
3 0.119647 1 0.000050
4 0.127923 2 0.000100
5 0.136200 0 0.000000
6 0.144476 0 0.000000
7 0.152752 0 0.000000
8 0.161028 0 0.000000
9 0.169305 0 0.000000
10 0.177581 0 0.000000
11 0.185857 1 0.000050
12 0.194133 0 0.000000
13 0.202410 5 0.000250
14 0.210686 8 0.000400
15 0.218962 9 0.000450
16 0.227239 3 0.000150
17 0.235515 0 0.000000
18 0.243791 0 0.000000
19 0.252067 0 0.000000
20 0.260344 0 0.000000
21 0.268620 0 0.000000
22 0.276896 1 0.000050
23 0.285172 3 0.000150
24 0.293449 7 0.000350
25 0.301725 19 0.000950
26 0.310001 24 0.001200
27 0.318277 50 0.002500
28 0.326554 80 0.004000
29 0.334830 43 0.002150
30 0.343106 55 0.002750
31 0.351383 109 0.005450
32 0.359659 126 0.006300
33 0.367935 279 0.013950
34 0.376211 238 0.011900
35 0.384488 206 0.010300
36 0.392764 147 0.007350
37 0.401040 246 0.012300
38 0.409316 326 0.016300
39 0.417593 446 0.022300
40 0.425869 1003 0.050150
41 0.434145 477 0.023850
42 0.442421 358 0.017900
43 0.450698 420 0.021000
44 0.458974 557 0.027850
45 0.467250 856 0.042800
46 0.475527 584 0.029200
47 0.483803 587 0.029350
48 0.492079 721 0.036050
49 0.500355 4015 0.200750
50 0.508632 738 0.036900
51 0.516908 683 0.034150
52 0.525184 1104 0.055200
53 0.533460 748 0.037400
54 0.541737 417 0.020850
55 0.550013 426 0.021300
56 0.558289 492 0.024600
57 0.566566 686 0.034300
58 0.574842 477 0.023850
59 0.583118 335 0.016750
60 0.591394 202 0.010100
61 0.599671 226 0.011300
62 0.607947 220 0.011000
63 0.616223 202 0.010100
64 0.624499 431 0.021550
65 0.632776 114 0.005700
66 0.641052 63 0.003150
67 0.649328 73 0.003650
68 0.657604 88 0.004400
69 0.665881 66 0.003300
70 0.674157 84 0.004200
71 0.682433 26 0.001300
72 0.690710 17 0.000850
73 0.698986 25 0.001250
74 0.707262 12 0.000600
75 0.715538 4 0.000200
76 0.723815 0 0.000000
77 0.732091 1 0.000050
78 0.740367 1 0.000050
79 0.748643 0 0.000000
80 0.756920 0 0.000000
81 0.765196 1 0.000050
82 0.773472 2 0.000100
83 0.781748 1 0.000050
84 0.790025 4 0.000200
85 0.798301 9 0.000450
86 0.806577 3 0.000150
87 0.814854 0 0.000000
88 0.823130 0 0.000000
89 0.831406 0 0.000000
90 0.839682 0 0.000000
91 0.847959 0 0.000000
92 0.856235 0 0.000000
93 0.864511 0 0.000000
94 0.872787 3 0.000150
95 0.881064 0 0.000000
96 0.889340 1 0.000050
97 0.897616 0 0.000000
98 0.905892 1 0.000050
99 0.914169 0 0.000000
