0 0.072893 16 0.000800
1 0.082198 4 0.000200
2 0.091504 0 0.000000
3 0.100809 0 0.000000
4 0.110114 4 0.000200
5 0.119419 0 0.000000
6 0.128724 0 0.000000
7 0.138029 9 0.000450
8 0.147335 0 0.000000
9 0.156640 0 0.000000
10 0.165945 0 0.000000
11 0.175250 0 0.000000
12 0.184555 0 0.000000
13 0.193860 0 0.000000
14 0.203166 0 0.000000
15 0.212471 0 0.000000
16 0.221776 0 0.000000
17 0.231081 0 0.000000
18 0.240386 2 0.000100
19 0.249691 2 0.000100
20 0.258997 4 0.000200
21 0.268302 0 0.000000
22 0.277607 0 0.000000
23 0.286912 3 0.000150
24 0.296217 22 0.001100
25 0.305522 3 0.000150
26 0.314828 214 0.010700
27 0.324133 31 0.001550
28 0.333438 257 0.012850
29 0.342743 61 0.003050
30 0.352048 54 0.002700
31 0.361353 0 0.000000
32 0.370659 0 0.000000
33 0.379964 3 0.000150
34 0.389269 0 0.000000
35 0.398574 415 0.020750
36 0.407879 0 0.000000
37 0.417184 1 0.000050
38 0.426490 0 0.000000
39 0.435795 0 0.000000
40 0.445100 0 0.000000
41 0.454405 3 0.000150
42 0.463710 2 0.000100
43 0.473015 16 0.000800
44 0.482321 16 0.000800
45 0.491626 20 0.001000
46 0.500931 12 0.000600
47 0.510236 15 0.000750
48 0.519541 71 0.003550
49 0.528847 35 0.001750
50 0.538152 116 0.005800
51 0.547457 179 0.008950
52 0.556762 220 0.011000
53 0.566067 190 0.009500
54 0.575372 948 0.047400
55 0.584678 1829 0.091450
56 0.593983 3351 0.167550
57 0.603288 1269 0.063450
58 0.612593 1070 0.053500
59 0.621898 792 0.039600
60 0.631203 333 0.016650
61 0.640509 151 0.007550
62 0.649814 31 0.001550
63 0.659119 441 0.022050
64 0.668424 1257 0.062850
65 0.677729 170 0.008500
66 0.687034 401 0.020050
67 0.696339 288 0.014400
68 0.705645 7 0.000350
69 0.714950 4 0.000200
70 0.724255 259 0.012950
71 0.733560 63 0.003150
72 0.742865 959 0.047950
73 0.752171 631 0.031550
74 0.761476 430 0.021500
75 0.770781 1218 0.060900
76 0.780086 70 0.003500
77 0.789391 41 0.002050
78 0.798696 18 0.000900
79 0.808002 55 0.002750
80 0.817307 277 0.013850
81 0.826612 122 0.006100
82 0.835917 92 0.004600
83 0.845222 66 0.003300
84 0.854527 203 0.010150
85 0.863833 132 0.006600
86 0.873138 181 0.009050
87 0.882443 106 0.005300
88 0.891748 78 0.003900
89 0.901053 214 0.010700
90 0.910358 157 0.007850
91 0.919664 68 0.003400
92 0.928969 86 0.004300
93 0.938274 79 0.003950
94 0.947579 49 0.002450
95 0.956884 2 0.000100
96 0.966189 0 0.000000
97 0.975495 0 0.000000
98 0.984800 0 0.000000
99 0.994105 2 0.000100
