0 0 0.000000 0.969344 0.125940 0.971086 0.125106
0 1 0.114943 0.973523 0.126314 0.971818 0.124863
0 2 0.229885 0.970924 0.127383 0.973244 0.124483
0 3 0.344828 0.972194 0.127164 0.971642 0.128007
0 4 0.459770 0.973122 0.126138 0.974790 0.127378
0 5 0.574713 0.971929 0.125941 0.968964 0.124767
0 6 0.689655 0.973426 0.126448 0.974945 0.127698
0 7 0.804598 0.971092 0.126191 0.971259 0.125507
0 8 0.919540 0.969147 0.126187 0.971175 0.125770
0 9 1.034483 0.972811 0.127555 0.972766 0.125573
0 10 1.149425 0.971301 0.125190 0.974363 0.127667
0 11 1.264368 0.968430 0.126569 0.976206 0.127553
0 12 1.379310 0.970430 0.127076 0.971209 0.126390
0 13 1.494253 0.971909 0.125979 0.973299 0.126662
0 14 1.609195 0.970268 0.125723 0.971406 0.127790
0 15 1.724138 0.972291 0.126353 0.967019 0.126148
0 16 1.839080 0.971218 0.127000 0.974047 0.127983
0 17 1.954023 0.970381 0.127833 0.973205 0.127868
0 18 2.068965 0.971564 0.125878 0.974599 0.126340
0 19 2.183908 0.972935 0.126182 0.974348 0.126909
0 20 2.298851 0.972990 0.127059 0.974286 0.126633
0 21 2.413793 0.970735 0.126598 0.968904 0.125681
0 22 2.528736 0.973891 0.126506 0.972820 0.127140
0 23 2.643678 0.969478 0.125669 0.969553 0.124855
0 24 2.758621 0.971713 0.126827 0.974265 0.127204
0 25 2.873563 0.970411 0.126214 0.972399 0.126439
0 26 2.988506 0.972625 0.127039 0.970805 0.125347
0 27 3.103448 0.973666 0.126367 0.970433 0.126316
0 28 3.218391 0.974414 0.126877 0.972927 0.127510
0 29 3.333333 0.971678 0.125629 0.969014 0.127092
0 30 3.448276 0.973954 0.127858 0.971296 0.126342
0 31 3.563218 0.971031 0.127992 0.972191 0.127512
0 32 3.678161 0.968781 0.125557 0.971424 0.126322
0 33 3.793103 0.972313 0.128676 0.971556 0.125778
0 34 3.908046 0.970359 0.126984 0.968075 0.125156
0 35 4.022988 0.968569 0.126616 0.972682 0.126630
0 36 4.137931 0.972998 0.126147 0.974046 0.126915
0 37 4.252873 0.970889 0.126095 0.970917 0.125681
0 38 4.367816 0.970883 0.126552 0.974311 0.127493
0 39 4.482759 0.975470 0.127181 0.971407 0.127571
0 40 4.597701 0.973142 0.126510 0.972625 0.125794
0 41 4.712644 0.970553 0.126261 0.973627 0.127588
0 42 4.827586 0.970509 0.125902 0.972585 0.127995
0 43 4.942529 0.973850 0.126609 0.973906 0.127645
0 44 5.057471 0.972817 0.125987 0.973482 0.127263
0 45 5.172414 0.971632 0.127786 0.973574 0.126123
0 46 5.287356 0.971744 0.125194 0.972563 0.126541
0 47 5.402299 0.974312 0.127929 0.971371 0.126763
0 48 5.517241 0.974131 0.127454 0.971057 0.125665
0 49 5.632184 0.972274 0.127940 0.968416 0.125515
0 50 5.747127 0.974346 0.128051 0.972081 0.128101
0 51 5.862069 0.973970 0.126396 0.968550 0.126212
0 52 5.977012 0.973829 0.127494 0.970302 0.126214
0 53 6.091954 0.970443 0.126750 0.971451 0.126420
0 54 6.206897 0.971257 0.126381 0.974697 0.125246
0 55 6.321839 0.970015 0.126791 0.973777 0.126982
0 56 6.436781 0.970439 0.125789 0.968569 0.126845
0 57 6.551724 0.970531 0.125964 0.971032 0.125737
0 58 6.666667 0.969657 0.126402 0.970332 0.126673
0 59 6.781609 0.971502 0.128343 0.969697 0.126472
0 60 6.896552 0.970253 0.125264 0.972987 0.127008
0 61 7.011494 0.969794 0.125468 0.971799 0.125023
0 62 7.126437 0.972849 0.126474 0.971770 0.127619
0 63 7.241379 0.970366 0.127952 0.971235 0.126730
0 64 7.356322 0.969531 0.125318 0.974764 0.126847
0 65 7.471264 0.971374 0.126877 0.968315 0.125479
0 66 7.586207 0.968193 0.124569 0.970062 0.126464
0 67 7.701149 0.969519 0.125416 0.972503 0.126804
0 68 7.816092 0.971578 0.125776 0.972046 0.126632
0 69 7.931035 0.972393 0.127893 0.973324 0.127726
0 70 8.045977 0.970192 0.126401 0.972676 0.126803
0 71 8.160919 0.972422 0.126123 0.970588 0.125633
0 72 8.275862 0.969990 0.126864 0.972051 0.128130
0 73 8.390804 0.972678 0.126053 0.972537 0.126495
0 74 8.505747 0.972163 0.125145 0.968214 0.125633
0 75 8.620689 0.969391 0.125141 0.972171 0.127368
0 76 8.735632 0.972473 0.125729 0.971578 0.126451
0 77 8.850574 0.971402 0.124664 0.969810 0.125876
0 78 8.965517 0.972574 0.126015 0.971721 0.125811
0 79 9.080460 0.974424 0.126252 0.971027 0.124785
0 80 9.195402 0.971026 0.125273 0.971355 0.126173
0 81 9.310345 0.969235 0.125750 0.968969 0.126145
0 82 9.425287 0.970942 0.125161 0.971137 0.126820
0 83 9.540230 0.968519 0.124652 0.971942 0.127006
0 84 9.655172 0.972844 0.125949 0.971416 0.126447
0 85 9.770115 0.970929 0.126995 0.973951 0.128008
0 86 9.885057 0.970510 0.127438 0.972380 0.127432
1 0 10.000000 0.973059 0.125526 0.974056 0.127145
1 1 10.114943 0.971305 0.126070 0.970637 0.127218
1 2 10.229885 0.972578 0.125870 0.970849 0.126513
1 3 10.344828 0.971341 0.126072 0.974429 0.126460
1 4 10.459770 0.973153 0.127695 0.973259 0.126387
1 5 10.574713 0.973404 0.127259 0.971133 0.125534
1 6 10.689655 0.971361 0.126874 0.969240 0.126156
1 7 10.804598 0.971996 0.124938 0.970707 0.126110
1 8 10.919540 0.972410 0.127572 0.970451 0.124910
1 9 11.034483 0.970204 0.125896 0.973705 0.126387
1 10 11.149426 0.969779 0.124239 0.973338 0.127385
1 11 11.264368 0.968500 0.124718 0.973639 0.127921
1 12 11.379311 0.970617 0.125839 0.970123 0.125413
1 13 11.494253 0.975523 0.126929 0.971934 0.126788
1 14 11.609196 0.971101 0.127186 0.973755 0.124834
1 15 11.724138 0.971241 0.125449 0.972224 0.126598
1 16 11.839081 0.975013 0.127091 0.968179 0.127431
1 17 11.954023 0.970506 0.126840 0.971347 0.127646
1 18 12.068966 0.972333 0.126539 0.971533 0.127581
1 19 12.183908 0.972122 0.126383 0.971877 0.125615
1 20 12.298851 0.969311 0.125814 0.971935 0.125015
1 21 12.413794 0.969813 0.125987 0.970946 0.125686
1 22 12.528735 0.976057 0.126640 0.970105 0.128205
1 23 12.643678 0.970343 0.125091 0.972399 0.126722
1 24 12.758620 0.972464 0.125365 0.973353 0.127859
1 25 12.873563 0.971087 0.127014 0.970158 0.125604
1 26 12.988505 0.971342 0.126375 0.974943 0.126967
1 27 13.103448 0.973135 0.126386 0.975105 0.127840
1 28 13.218390 0.972505 0.127174 0.972404 0.127422
1 29 13.333333 0.971778 0.126532 0.973493 0.128882
1 30 13.448276 0.971495 0.127658 0.971740 0.125973
1 31 13.563218 0.971276 0.125632 0.973383 0.127909
1 32 13.678161 0.969355 0.124068 0.971540 0.126546
1 33 13.793103 0.972040 0.127081 0.970506 0.125830
1 34 13.908046 0.971991 0.127619 0.970527 0.127322
1 35 14.022988 0.971117 0.126858 0.971780 0.127933
1 36 14.137931 0.973546 0.126605 0.970236 0.125259
1 37 14.252873 0.971760 0.126728 0.970093 0.126673
1 38 14.367816 0.966830 0.126500 0.974557 0.126837
1 39 14.482759 0.972919 0.126347 0.970217 0.127961
1 40 14.597701 0.973166 0.128505 0.971960 0.126787
1 41 14.712644 0.971029 0.125478 0.970632 0.124011
1 42 14.827586 0.970597 0.127392 0.970498 0.125049
1 43 14.942529 0.970888 0.127105 0.973781 0.126528
1 44 15.057471 0.973012 0.127959 0.971394 0.127617
1 45 15.172414 0.972037 0.126924 0.971040 0.126635
1 46 15.287356 0.973325 0.127767 0.970755 0.125223
1 47 15.402299 0.972031 0.127101 0.971023 0.127217
1 48 15.517241 0.971250 0.125491 0.970209 0.125223
1 49 15.632184 0.972044 0.126841 0.970618 0.127038
1 50 15.747127 0.972779 0.127734 0.973369 0.127269
1 51 15.862069 0.969691 0.126217 0.970525 0.127245
1 52 15.977012 0.973461 0.127331 0.971792 0.125757
1 53 16.091953 0.971707 0.127024 0.972715 0.126951
1 54 16.206896 0.970355 0.125335 0.969969 0.127039
1 55 16.321838 0.966057 0.125478 0.972676 0.127558
1 56 16.436781 0.973107 0.126908 0.973169 0.127628
1 57 16.551723 0.970657 0.126260 0.968880 0.127112
1 58 16.666666 0.973320 0.127103 0.971502 0.125443
1 59 16.781609 0.971480 0.125377 0.972059 0.125826
1 60 16.896551 0.970565 0.124295 0.972920 0.127024
1 61 17.011494 0.971153 0.127214 0.974145 0.128012
1 62 17.126436 0.972728 0.127096 0.968926 0.125869
1 63 17.241379 0.970748 0.125513 0.971092 0.126428
1 64 17.356321 0.972824 0.127596 0.971340 0.127061
1 65 17.471264 0.972205 0.127027 0.969843 0.124463
1 66 17.586206 0.971592 0.126781 0.971845 0.127626
1 67 17.701149 0.972273 0.125553 0.970068 0.125894
1 68 17.816092 0.971869 0.127934 0.972665 0.126735
1 69 17.931034 0.973408 0.127290 0.970125 0.125740
1 70 18.045977 0.973293 0.127157 0.970892 0.126522
1 71 18.160919 0.974324 0.126775 0.970801 0.125287
1 72 18.275862 0.972340 0.126109 0.968904 0.126002
1 73 18.390804 0.971647 0.126179 0.975379 0.128837
1 74 18.505747 0.971925 0.126523 0.968526 0.125032
1 75 18.620689 0.974301 0.127318 0.970305 0.127903
1 76 18.735632 0.973265 0.125275 0.974664 0.127510
1 77 18.850574 0.970966 0.125569 0.972247 0.125673
1 78 18.965517 0.970197 0.125791 0.972986 0.126301
1 79 19.080460 0.970449 0.125930 0.971275 0.127259
1 80 19.195402 0.970091 0.124273 0.973106 0.127225
1 81 19.310345 0.974830 0.127241 0.971416 0.127309
1 82 19.425287 0.972884 0.126956 0.970764 0.124905
1 83 19.540230 0.973352 0.126081 0.971218 0.126807
1 84 19.655172 0.972091 0.126499 0.973446 0.126590
1 85 19.770115 0.971958 0.128345 0.969552 0.126068
1 86 19.885057 0.972143 0.125815 0.972108 0.126235
2 0 20.000000 0.970243 0.127707 0.972650 0.127508
2 1 20.114943 0.971626 0.125663 0.973366 0.127275
2 2 20.229885 0.971987 0.125884 0.971361 0.126340
2 3 20.344828 0.970000 0.126901 0.971911 0.125891
2 4 20.459770 0.970700 0.126151 0.971764 0.126437
2 5 20.574713 0.970290 0.127360 0.971642 0.125798
2 6 20.689655 0.969252 0.125964 0.975316 0.127238
2 7 20.804598 0.971708 0.126828 0.971402 0.126619
2 8 20.919540 0.969370 0.124768 0.973138 0.126450
2 9 21.034483 0.973058 0.126854 0.970625 0.125969
2 10 21.149426 0.973909 0.126073 0.970747 0.126416
2 11 21.264368 0.972621 0.126201 0.972239 0.126103
2 12 21.379311 0.971301 0.125896 0.971605 0.127266
2 13 21.494253 0.973575 0.126884 0.970911 0.126384
2 14 21.609196 0.971213 0.127883 0.972115 0.126176
2 15 21.724138 0.974442 0.127015 0.973716 0.126273
2 16 21.839081 0.971345 0.126066 0.971053 0.125186
2 17 21.954023 0.969186 0.124166 0.971491 0.125890
2 18 22.068966 0.970867 0.126032 0.971405 0.126097
2 19 22.183908 0.970018 0.127652 0.969101 0.125115
2 20 22.298851 0.972909 0.125661 0.974289 0.127476
2 21 22.413794 0.969067 0.124912 0.969388 0.124802
2 22 22.528736 0.970936 0.126732 0.973647 0.127256
2 23 22.643679 0.972937 0.126521 0.972970 0.126140
2 24 22.758621 0.972777 0.125787 0.969780 0.127437
2 25 22.873564 0.970749 0.126743 0.968959 0.127053
2 26 22.988506 0.971410 0.125812 0.972293 0.126408
2 27 23.103449 0.972842 0.128323 0.971862 0.126914
2 28 23.218391 0.972600 0.125891 0.972387 0.125573
2 29 23.333334 0.971251 0.126646 0.973932 0.128046
2 30 23.448277 0.974492 0.127834 0.967165 0.125820
2 31 23.563219 0.969170 0.125462 0.971440 0.125701
2 32 23.678162 0.971259 0.126805 0.969305 0.125512
2 33 23.793104 0.972218 0.126916 0.971887 0.126694
2 34 23.908047 0.971408 0.125727 0.974202 0.125253
2 35 24.022989 0.971287 0.124249 0.971798 0.125693
2 36 24.137932 0.971923 0.128162 0.971628 0.125530
2 37 24.252874 0.971160 0.126328 0.970912 0.125708
2 38 24.367817 0.968675 0.126766 0.975429 0.127203
2 39 24.482759 0.971960 0.127590 0.972634 0.125668
2 40 24.597702 0.970927 0.126225 0.971108 0.124119
2 41 24.712645 0.970940 0.127059 0.970343 0.126537
2 42 24.827587 0.969890 0.125170 0.970929 0.127518
2 43 24.942530 0.971024 0.125430 0.969060 0.126073
2 44 25.057470 0.971312 0.126926 0.974621 0.126921
2 45 25.172413 0.973256 0.126756 0.970774 0.126163
2 46 25.287355 0.972024 0.126564 0.969963 0.126405
2 47 25.402298 0.973386 0.127243 0.970287 0.126815
2 48 25.517241 0.972957 0.125660 0.973023 0.126942
2 49 25.632183 0.971697 0.127196 0.971487 0.125812
2 50 25.747126 0.972918 0.127569 0.970931 0.127236
2 51 25.862068 0.969592 0.126180 0.971462 0.126720
2 52 25.977011 0.970554 0.126603 0.973883 0.127930
2 53 26.091953 0.973843 0.127888 0.971829 0.126906
2 54 26.206896 0.970850 0.126415 0.969075 0.127030
2 55 26.321838 0.974267 0.129345 0.971425 0.125685
2 56 26.436781 0.969414 0.125256 0.970985 0.126510
2 57 26.551723 0.974819 0.127051 0.968494 0.126819
2 58 26.666666 0.974528 0.127912 0.971751 0.126973
2 59 26.781609 0.969337 0.126148 0.970643 0.124998
2 60 26.896551 0.972623 0.128266 0.970592 0.126801
2 61 27.011494 0.967106 0.125746 0.970634 0.126255
2 62 27.126436 0.971696 0.126368 0.973013 0.126682
2 63 27.241379 0.969075 0.126007 0.969597 0.127213
2 64 27.356321 0.969746 0.126769 0.973512 0.127238
2 65 27.471264 0.972103 0.126407 0.972511 0.125472
2 66 27.586206 0.971097 0.127410 0.973979 0.127371
2 67 27.701149 0.971536 0.127455 0.971605 0.126645
2 68 27.816092 0.972125 0.127179 0.969246 0.125362
2 69 27.931034 0.973434 0.126404 0.972351 0.125484
2 70 28.045977 0.970141 0.124747 0.968681 0.124234
2 71 28.160919 0.970780 0.125631 0.969191 0.125618
2 72 28.275862 0.973844 0.126971 0.971134 0.124913
2 73 28.390804 0.970735 0.126815 0.972186 0.127065
2 74 28.505747 0.972199 0.125940 0.973291 0.127701
2 75 28.620689 0.969245 0.126083 0.972984 0.129239
2 76 28.735632 0.970346 0.125660 0.971557 0.126944
2 77 28.850574 0.972643 0.126341 0.969117 0.125015
2 78 28.965517 0.972808 0.127133 0.969000 0.124482
2 79 29.080460 0.969286 0.127568 0.972744 0.126790
2 80 29.195402 0.970838 0.126212 0.973004 0.126685
2 81 29.310345 0.970234 0.125390 0.976399 0.127355
2 82 29.425287 0.971227 0.125486 0.973101 0.127712
2 83 29.540230 0.971944 0.127144 0.972726 0.127135
2 84 29.655172 0.972962 0.125783 0.970387 0.125612
2 85 29.770115 0.970603 0.125995 0.971955 0.127206
2 86 29.885057 0.970092 0.126563 0.970113 0.124529
3 0 30.000000 0.970512 0.125511 0.971474 0.125908
3 1 30.114943 0.969126 0.126693 0.971764 0.126529
3 2 30.229885 0.974081 0.127181 0.972773 0.126270
3 3 30.344828 0.969724 0.125103 0.972062 0.126785
3 4 30.459770 0.970880 0.127161 0.969140 0.125936
3 5 30.574713 0.974220 0.125210 0.972699 0.127471
3 6 30.689655 0.968616 0.126038 0.974461 0.127783
3 7 30.804598 0.975454 0.128892 0.970864 0.127016
3 8 30.919540 0.971929 0.125819 0.969923 0.126497
3 9 31.034483 0.974929 0.127698 0.973379 0.126210
3 10 31.149426 0.973195 0.125822 0.970500 0.126037
3 11 31.264368 0.972957 0.126095 0.971574 0.125824
3 12 31.379311 0.969119 0.125321 0.971274 0.127463
3 13 31.494253 0.973999 0.126117 0.969690 0.126459
3 14 31.609196 0.972449 0.125597 0.969941 0.126902
3 15 31.724138 0.971737 0.125528 0.973059 0.125640
3 16 31.839081 0.967616 0.125315 0.970204 0.126208
3 17 31.954023 0.971355 0.125586 0.971024 0.127297
3 18 32.068966 0.972649 0.125630 0.973932 0.127538
3 19 32.183907 0.973685 0.126055 0.970982 0.125972
3 20 32.298851 0.974063 0.127999 0.971036 0.125257
3 21 32.413792 0.971838 0.126660 0.970561 0.125588
3 22 32.528736 0.971226 0.126712 0.971932 0.126565
3 23 32.643677 0.970225 0.126816 0.973532 0.127302
3 24 32.758621 0.971703 0.127624 0.970055 0.125849
3 25 32.873562 0.971943 0.125910 0.967366 0.126000
3 26 32.988506 0.971469 0.126092 0.972437 0.126992
3 27 33.103447 0.971538 0.127499 0.972146 0.125633
3 28 33.218391 0.972189 0.127709 0.973827 0.126003
3 29 33.333332 0.971591 0.127582 0.975899 0.128571
3 30 33.448277 0.972821 0.128183 0.972281 0.125372
3 31 33.563217 0.971650 0.125928 0.969418 0.126818
3 32 33.678162 0.972475 0.126789 0.969626 0.126522
3 33 33.793102 0.969445 0.123747 0.970344 0.126187
3 34 33.908047 0.971445 0.126072 0.972841 0.125117
3 35 34.022987 0.971690 0.126704 0.970758 0.125403
3 36 34.137932 0.969629 0.125451 0.971873 0.126140
3 37 34.252872 0.973607 0.125082 0.970546 0.125906
3 38 34.367817 0.972204 0.128863 0.973283 0.125823
3 39 34.482758 0.972790 0.125773 0.976679 0.129439
3 40 34.597702 0.971482 0.127015 0.970027 0.123882
3 41 34.712643 0.966281 0.125390 0.971496 0.126531
3 42 34.827587 0.972023 0.127213 0.969437 0.125617
3 43 34.942528 0.972775 0.126354 0.970457 0.128213
3 44 35.057472 0.969530 0.126504 0.969291 0.125554
3 45 35.172413 0.971671 0.127082 0.972657 0.127730
3 46 35.287357 0.970240 0.126199 0.973681 0.126335
3 47 35.402298 0.970358 0.125453 0.974995 0.127796
3 48 35.517242 0.973193 0.125676 0.970846 0.124764
3 49 35.632183 0.969452 0.125717 0.972869 0.125243
3 50 35.747128 0.972401 0.126392 0.970844 0.126394
3 51 35.862068 0.972104 0.126887 0.971043 0.126033
3 52 35.977013 0.972081 0.126179 0.973039 0.126189
3 53 36.091953 0.971724 0.126247 0.972729 0.127593
3 54 36.206898 0.973010 0.126870 0.970343 0.124724
3 55 36.321838 0.968145 0.125122 0.969637 0.126981
3 56 36.436783 0.972412 0.127016 0.970200 0.125984
3 57 36.551723 0.973821 0.127821 0.970488 0.125280
3 58 36.666668 0.973523 0.126653 0.972414 0.125289
3 59 36.781609 0.971957 0.128002 0.971939 0.127956
3 60 36.896553 0.970933 0.126136 0.970921 0.125142
3 61 37.011494 0.971673 0.126380 0.971223 0.126533
3 62 37.126438 0.972236 0.128427 0.971461 0.126487
3 63 37.241379 0.969860 0.125531 0.970560 0.126699
3 64 37.356323 0.972353 0.125836 0.970800 0.127137
3 65 37.471264 0.971319 0.127409 0.973404 0.126864
3 66 37.586208 0.972641 0.126876 0.970919 0.124739
3 67 37.701149 0.970462 0.125591 0.972035 0.127265
3 68 37.816093 0.968259 0.125876 0.971163 0.124465
3 69 37.931034 0.967587 0.125473 0.970697 0.124843
3 70 38.045979 0.972490 0.126806 0.974352 0.127613
3 71 38.160919 0.971640 0.125528 0.975213 0.127335
3 72 38.275864 0.972178 0.126304 0.971954 0.126177
3 73 38.390804 0.974629 0.127503 0.971322 0.125020
3 74 38.505749 0.969666 0.126732 0.973431 0.126456
3 75 38.620689 0.971519 0.125576 0.971201 0.126541
3 76 38.735634 0.969877 0.125987 0.972377 0.124956
3 77 38.850574 0.968573 0.125156 0.972648 0.126045
3 78 38.965519 0.972612 0.126777 0.970201 0.127512
3 79 39.080460 0.971269 0.127089 0.970938 0.125089
3 80 39.195404 0.973708 0.127237 0.973073 0.126656
3 81 39.310345 0.970004 0.126668 0.973558 0.126645
3 82 39.425289 0.973740 0.126728 0.969652 0.126125
3 83 39.540230 0.970519 0.125587 0.972474 0.127873
3 84 39.655174 0.971565 0.125809 0.969749 0.125675
3 85 39.770115 0.973607 0.126712 0.970958 0.125879
3 86 39.885059 0.970081 0.126610 0.972284 0.127034
4 0 40.000000 0.972494 0.126460 0.972684 0.125561
4 1 40.114941 0.973516 0.127166 0.970625 0.126663
4 2 40.229885 0.971316 0.126522 0.972939 0.126680
4 3 40.344826 0.972050 0.125807 0.971671 0.127516
4 4 40.459770 0.974031 0.125449 0.969114 0.124828
4 5 40.574711 0.969273 0.126687 0.970887 0.125201
4 6 40.689655 0.970554 0.126024 0.969278 0.125298
4 7 40.804596 0.971743 0.126094 0.967808 0.124449
4 8 40.919540 0.973267 0.126751 0.973190 0.127378
4 9 41.034481 0.969865 0.125353 0.970459 0.126692
4 10 41.149426 0.972703 0.126659 0.970395 0.127880
4 11 41.264366 0.973135 0.124727 0.970757 0.126197
4 12 41.379311 0.972103 0.125994 0.970413 0.125303
4 13 41.494251 0.969612 0.124644 0.970335 0.124091
4 14 41.609196 0.973620 0.128176 0.968069 0.127257
4 15 41.724136 0.971881 0.127555 0.973595 0.128469
4 16 41.839081 0.972611 0.126851 0.969904 0.125640
4 17 41.954021 0.970624 0.125862 0.972985 0.128541
4 18 42.068966 0.972320 0.125990 0.973818 0.127980
4 19 42.183907 0.973811 0.126650 0.970251 0.128086
4 20 42.298851 0.970502 0.125880 0.970315 0.125107
4 21 42.413792 0.970746 0.125323 0.974149 0.127920
4 22 42.528736 0.971543 0.125538 0.973131 0.125400
4 23 42.643677 0.972403 0.127130 0.973621 0.127866
4 24 42.758621 0.968692 0.126046 0.970948 0.124805
4 25 42.873562 0.973439 0.126342 0.974283 0.126446
4 26 42.988506 0.973391 0.125981 0.970583 0.126760
4 27 43.103447 0.973832 0.127711 0.970969 0.127448
4 28 43.218391 0.973389 0.126445 0.968728 0.125738
4 29 43.333332 0.973042 0.126206 0.970121 0.126683
4 30 43.448277 0.972784 0.127845 0.971455 0.127445
4 31 43.563217 0.969606 0.126396 0.971192 0.125201
4 32 43.678162 0.970630 0.126132 0.971488 0.124868
4 33 43.793102 0.971440 0.126577 0.973630 0.126486
4 34 43.908047 0.972498 0.125201 0.971089 0.128444
4 35 44.022987 0.969258 0.125519 0.971140 0.126191
4 36 44.137932 0.970779 0.125621 0.968501 0.124615
4 37 44.252872 0.970746 0.126249 0.975380 0.128176
4 38 44.367817 0.968983 0.125751 0.973975 0.125324
4 39 44.482758 0.973076 0.127053 0.972426 0.126384
4 40 44.597702 0.970474 0.126675 0.967356 0.126056
4 41 44.712643 0.970214 0.126411 0.971824 0.126194
4 42 44.827587 0.971260 0.125990 0.968785 0.126529
4 43 44.942528 0.970890 0.127167 0.971437 0.125764
4 44 45.057472 0.970308 0.126262 0.971668 0.125764
4 45 45.172413 0.971214 0.126476 0.975453 0.124992
4 46 45.287357 0.968574 0.126296 0.975917 0.127937
4 47 45.402298 0.971855 0.127439 0.975225 0.128242
4 48 45.517242 0.972917 0.125877 0.973461 0.126890
4 49 45.632183 0.974356 0.127214 0.970252 0.125380
4 50 45.747128 0.971684 0.125939 0.970839 0.125047
4 51 45.862068 0.968610 0.124961 0.970635 0.126146
4 52 45.977013 0.970048 0.126509 0.972625 0.127321
4 53 46.091953 0.971582 0.126868 0.971739 0.128312
4 54 46.206898 0.969795 0.126547 0.970501 0.125515
4 55 46.321838 0.971878 0.127075 0.971968 0.125687
4 56 46.436783 0.970050 0.126476 0.969012 0.127580
4 57 46.551723 0.971238 0.125520 0.968521 0.125649
4 58 46.666668 0.970089 0.127240 0.971707 0.125718
4 59 46.781609 0.972365 0.126743 0.970930 0.126514
4 60 46.896553 0.972462 0.126018 0.971662 0.127745
4 61 47.011494 0.970581 0.124743 0.973445 0.126515
4 62 47.126438 0.970093 0.126126 0.975085 0.126996
4 63 47.241379 0.971413 0.126235 0.971589 0.126970
4 64 47.356323 0.971085 0.126551 0.971980 0.127716
4 65 47.471264 0.968939 0.125036 0.973546 0.125741
4 66 47.586208 0.970829 0.125542 0.969692 0.126154
4 67 47.701149 0.969920 0.125408 0.971720 0.126881
4 68 47.816093 0.973834 0.127379 0.970468 0.126693
4 69 47.931034 0.971205 0.125061 0.971118 0.126517
4 70 48.045979 0.969781 0.127877 0.973569 0.127126
4 71 48.160919 0.970490 0.127868 0.968294 0.124670
4 72 48.275864 0.971872 0.126917 0.972605 0.127086
4 73 48.390804 0.971844 0.126095 0.971531 0.125448
4 74 48.505749 0.971045 0.126127 0.972002 0.127357
4 75 48.620689 0.973319 0.127356 0.969939 0.125711
4 76 48.735634 0.970267 0.123394 0.971098 0.125773
4 77 48.850574 0.971555 0.127035 0.973698 0.127159
4 78 48.965519 0.973439 0.128661 0.971875 0.126777
4 79 49.080460 0.973431 0.126990 0.973866 0.127674
4 80 49.195404 0.970884 0.126001 0.973400 0.126808
4 81 49.310345 0.969645 0.126982 0.970927 0.126254
4 82 49.425289 0.971556 0.125244 0.971869 0.125723
4 83 49.540230 0.971179 0.124885 0.970713 0.126261
4 84 49.655174 0.970638 0.125092 0.970516 0.126307
4 85 49.770115 0.969786 0.126336 0.968936 0.125587
4 86 49.885059 0.970948 0.126804 0.973856 0.127233
5 0 50.000000 0.973050 0.126667 0.974130 0.126028
5 1 50.114941 0.972399 0.125955 0.972585 0.126881
5 2 50.229885 0.972345 0.127852 0.972252 0.126775
5 3 50.344826 0.971333 0.125143 0.971712 0.127516
5 4 50.459770 0.969235 0.126208 0.970316 0.125795
5 5 50.574711 0.972054 0.126474 0.973238 0.125682
5 6 50.689655 0.970433 0.127089 0.968955 0.125922
5 7 50.804596 0.970171 0.125471 0.972585 0.125658
5 8 50.919540 0.970709 0.125857 0.970438 0.124764
5 9 51.034481 0.970751 0.126772 0.970459 0.127955
5 10 51.149426 0.970424 0.125020 0.970109 0.125940
5 11 51.264366 0.970878 0.126643 0.971816 0.126398
5 12 51.379311 0.972296 0.128031 0.970889 0.125823
5 13 51.494251 0.972526 0.127802 0.970349 0.126309
5 14 51.609196 0.973473 0.126274 0.970280 0.125629
5 15 51.724136 0.969804 0.124316 0.971909 0.127081
5 16 51.839081 0.971835 0.126782 0.973256 0.127071
5 17 51.954021 0.971117 0.127494 0.970390 0.126482
5 18 52.068966 0.971975 0.126198 0.971240 0.125634
5 19 52.183907 0.971902 0.126842 0.970477 0.127328
5 20 52.298851 0.971997 0.125605 0.971253 0.125174
5 21 52.413792 0.970914 0.127345 0.969949 0.126213
5 22 52.528736 0.972702 0.126180 0.973220 0.128591
5 23 52.643677 0.972655 0.123709 0.972725 0.128038
5 24 52.758621 0.971049 0.126735 0.972116 0.127626
5 25 52.873562 0.974425 0.128300 0.969976 0.126275
5 26 52.988506 0.972320 0.126653 0.971999 0.126658
5 27 53.103447 0.971222 0.125638 0.968776 0.125625
5 28 53.218391 0.970695 0.126070 0.973470 0.124773
5 29 53.333332 0.969206 0.125069 0.968731 0.125147
5 30 53.448277 0.970582 0.125427 0.973875 0.128620
5 31 53.563217 0.971718 0.127031 0.974739 0.125831
5 32 53.678162 0.972313 0.127215 0.968989 0.124629
5 33 53.793102 0.974304 0.126476 0.972190 0.125497
5 34 53.908047 0.969488 0.126307 0.972893 0.127031
5 35 54.022987 0.970840 0.125138 0.969815 0.127371
5 36 54.137932 0.974762 0.126757 0.969572 0.126665
5 37 54.252872 0.972365 0.128131 0.973111 0.125701
5 38 54.367817 0.973586 0.126271 0.972270 0.126488
5 39 54.482758 0.973202 0.127003 0.972010 0.126477
5 40 54.597702 0.974222 0.127769 0.967161 0.127860
5 41 54.712643 0.971566 0.126340 0.972071 0.127773
5 42 54.827587 0.970460 0.127614 0.974051 0.127003
5 43 54.942528 0.970789 0.126123 0.971121 0.127259
5 44 55.057472 0.971649 0.126964 0.973788 0.126305
5 45 55.172413 0.968374 0.125878 0.972767 0.125880
5 46 55.287357 0.971795 0.125985 0.971340 0.126871
5 47 55.402298 0.970931 0.126435 0.973273 0.127128
5 48 55.517242 0.973617 0.126810 0.971010 0.127614
5 49 55.632183 0.975780 0.126970 0.969330 0.125324
5 50 55.747128 0.972516 0.127115 0.969988 0.125645
5 51 55.862068 0.973034 0.127410 0.969869 0.125785
5 52 55.977013 0.974354 0.127789 0.973075 0.127866
5 53 56.091953 0.973288 0.126317 0.970075 0.123968
5 54 56.206898 0.970412 0.126971 0.971560 0.124819
5 55 56.321838 0.967820 0.126186 0.972759 0.125857
5 56 56.436783 0.970283 0.125927 0.971093 0.126618
5 57 56.551723 0.969921 0.127095 0.971217 0.126925
5 58 56.666668 0.968680 0.126002 0.973085 0.127126
5 59 56.781609 0.972189 0.126555 0.972781 0.123798
5 60 56.896553 0.972055 0.125769 0.969772 0.124901
5 61 57.011494 0.974781 0.127468 0.968432 0.124883
5 62 57.126438 0.969598 0.126705 0.969110 0.124403
5 63 57.241379 0.970058 0.124303 0.971795 0.126529
5 64 57.356323 0.971277 0.126838 0.970115 0.127485
5 65 57.471264 0.970760 0.126732 0.973823 0.127213
5 66 57.586208 0.971190 0.125522 0.974331 0.126246
5 67 57.701149 0.971685 0.126866 0.973841 0.126583
5 68 57.816093 0.969795 0.125983 0.970724 0.126098
5 69 57.931034 0.972699 0.126707 0.975152 0.127837
5 70 58.045979 0.975200 0.126233 0.968344 0.125165
5 71 58.160919 0.972540 0.127194 0.971052 0.124711
5 72 58.275864 0.972076 0.126108 0.969046 0.126916
5 73 58.390804 0.972302 0.128613 0.970443 0.125518
5 74 58.505749 0.975177 0.126200 0.970285 0.125951
5 75 58.620689 0.972378 0.125026 0.971691 0.127037
5 76 58.735634 0.972898 0.126922 0.972230 0.127722
5 77 58.850574 0.967379 0.125702 0.970405 0.125748
5 78 58.965519 0.969065 0.126042 0.972596 0.128194
5 79 59.080460 0.968703 0.125990 0.970995 0.127129
5 80 59.195404 0.974043 0.125817 0.970511 0.126629
5 81 59.310345 0.971133 0.125269 0.971025 0.127565
5 82 59.425289 0.973334 0.127640 0.973706 0.127247
5 83 59.540230 0.970462 0.126454 0.970151 0.126363
5 84 59.655174 0.973461 0.127012 0.969822 0.125789
5 85 59.770115 0.972016 0.128058 0.972111 0.125861
5 86 59.885059 0.973286 0.128757 0.972649 0.127684
6 0 60.000000 0.970420 0.125859 0.973040 0.126687
6 1 60.114941 0.967604 0.125498 0.971767 0.127425
6 2 60.229885 0.972372 0.126961 0.970785 0.127238
6 3 60.344826 0.973365 0.126243 0.970249 0.127492
6 4 60.459770 0.970385 0.126403 0.973692 0.126183
6 5 60.574711 0.971530 0.125888 0.973176 0.126322
6 6 60.689655 0.970586 0.126321 0.973868 0.126106
6 7 60.804596 0.969392 0.125590 0.970591 0.124814
6 8 60.919540 0.974115 0.126474 0.969554 0.125949
6 9 61.034481 0.970531 0.125512 0.973853 0.128277
6 10 61.149426 0.973173 0.127839 0.970964 0.125725
6 11 61.264366 0.972935 0.126135 0.971288 0.126689
6 12 61.379311 0.972285 0.127457 0.973001 0.127363
6 13 61.494251 0.971493 0.127069 0.972083 0.127635
6 14 61.609196 0.970931 0.126650 0.973529 0.125042
6 15 61.724136 0.971583 0.125970 0.971788 0.127209
6 16 61.839081 0.973462 0.126824 0.970018 0.126695
6 17 61.954021 0.973174 0.126728 0.971400 0.126045
6 18 62.068966 0.971460 0.126613 0.972660 0.125550
6 19 62.183907 0.971736 0.126936 0.971872 0.128418
6 20 62.298851 0.971055 0.127043 0.971857 0.126608
6 21 62.413792 0.972985 0.126534 0.970797 0.128549
6 22 62.528736 0.972383 0.126486 0.971664 0.125378
6 23 62.643677 0.971671 0.126017 0.971465 0.126966
6 24 62.758621 0.972168 0.126660 0.969980 0.124389
6 25 62.873562 0.970936 0.126207 0.972820 0.126757
6 26 62.988506 0.970317 0.125119 0.971106 0.128554
6 27 63.103447 0.972030 0.126533 0.970934 0.126427
6 28 63.218391 0.969965 0.126459 0.971244 0.125129
6 29 63.333332 0.971370 0.127109 0.969590 0.125855
6 30 63.448277 0.973097 0.127358 0.974009 0.127513
6 31 63.563217 0.973770 0.127639 0.969983 0.125493
6 32 63.678162 0.972483 0.126965 0.971368 0.126108
6 33 63.793102 0.972402 0.128878 0.968747 0.127995
6 34 63.908047 0.971887 0.126356 0.974058 0.128391
6 35 64.022987 0.974212 0.127236 0.970202 0.124278
6 36 64.137932 0.970939 0.126771 0.971252 0.125328
6 37 64.252876 0.973080 0.125628 0.973617 0.125616
6 38 64.367813 0.972393 0.126362 0.973429 0.127077
6 39 64.482758 0.968699 0.126602 0.972010 0.127468
6 40 64.597702 0.971470 0.126948 0.971997 0.125873
6 41 64.712646 0.971386 0.126236 0.969588 0.124741
6 42 64.827583 0.971499 0.126261 0.969201 0.126007
6 43 64.942528 0.969572 0.125046 0.973145 0.127711
6 44 65.057472 0.970508 0.126233 0.972840 0.126713
6 45 65.172417 0.971569 0.126682 0.970586 0.125329
6 46 65.287354 0.973746 0.127952 0.969216 0.126353
6 47 65.402298 0.971669 0.125540 0.972175 0.127025
6 48 65.517242 0.972807 0.126586 0.971146 0.126323
6 49 65.632187 0.972581 0.127263 0.970618 0.125843
6 50 65.747124 0.971190 0.126371 0.969752 0.126961
6 51 65.862068 0.971332 0.128289 0.968924 0.124835
6 52 65.977013 0.971810 0.126252 0.971630 0.126033
6 53 66.091957 0.970537 0.126160 0.970192 0.127259
6 54 66.206894 0.970588 0.127110 0.972786 0.127030
6 55 66.321838 0.973192 0.127037 0.969213 0.127416
6 56 66.436783 0.972956 0.126404 0.972844 0.126229
6 57 66.551727 0.970810 0.125811 0.970966 0.125949
6 58 66.666664 0.970236 0.126488 0.969633 0.126546
6 59 66.781609 0.970007 0.125234 0.970600 0.124726
6 60 66.896553 0.971354 0.126803 0.971545 0.128950
6 61 67.011497 0.973071 0.127751 0.972700 0.125473
6 62 67.126434 0.970241 0.125914 0.971055 0.127384
6 63 67.241379 0.969034 0.126735 0.968588 0.125235
6 64 67.356323 0.972493 0.125620 0.971068 0.128151
6 65 67.471268 0.970125 0.125067 0.969803 0.125298
6 66 67.586205 0.968861 0.125969 0.971536 0.125567
6 67 67.701149 0.971107 0.126306 0.970831 0.125317
6 68 67.816093 0.971782 0.126914 0.969962 0.126894
6 69 67.931038 0.975472 0.127464 0.972904 0.126644
6 70 68.045975 0.972221 0.125254 0.972222 0.125109
6 71 68.160919 0.972890 0.125295 0.974247 0.127792
6 72 68.275864 0.971241 0.126882 0.971802 0.126088
6 73 68.390808 0.971981 0.126132 0.972179 0.125721
6 74 68.505745 0.972647 0.127171 0.971168 0.126411
6 75 68.620689 0.970884 0.126487 0.971566 0.126992
6 76 68.735634 0.973180 0.127284 0.973286 0.128044
6 77 68.850578 0.973187 0.127335 0.972183 0.125032
6 78 68.965515 0.969732 0.125324 0.970596 0.125788
6 79 69.080460 0.971485 0.126640 0.971297 0.127086
6 80 69.195404 0.972291 0.126516 0.973096 0.126501
6 81 69.310349 0.972310 0.127695 0.972435 0.127557
6 82 69.425285 0.972674 0.127508 0.973488 0.125722
6 83 69.540230 0.973022 0.127027 0.973508 0.127391
6 84 69.655174 0.972282 0.126454 0.970490 0.125345
6 85 69.770119 0.972185 0.127646 0.972693 0.126543
6 86 69.885056 0.971626 0.127060 0.975985 0.128896
7 0 70.000000 0.968919 0.124863 0.973562 0.126864
7 1 70.114944 0.971538 0.125713 0.974227 0.126957
7 2 70.229881 0.972810 0.125736 0.972478 0.125726
7 3 70.344826 0.970272 0.127248 0.972980 0.125934
7 4 70.459770 0.971046 0.126568 0.971587 0.126398
7 5 70.574715 0.974224 0.127012 0.972269 0.126019
7 6 70.689651 0.970875 0.126374 0.972499 0.126327
7 7 70.804596 0.972747 0.126328 0.974014 0.127176
7 8 70.919540 0.973430 0.127034 0.970970 0.125914
7 9 71.034485 0.970871 0.126156 0.971418 0.125743
7 10 71.149422 0.968723 0.125462 0.973311 0.126553
7 11 71.264366 0.969915 0.125643 0.969986 0.125465
7 12 71.379311 0.967250 0.125337 0.971199 0.126796
7 13 71.494255 0.969875 0.126559 0.972023 0.127272
7 14 71.609192 0.972714 0.126221 0.972554 0.126358
7 15 71.724136 0.974432 0.128464 0.970990 0.126538
7 16 71.839081 0.972620 0.126897 0.970418 0.124963
7 17 71.954025 0.971386 0.124907 0.970924 0.127420
7 18 72.068962 0.971429 0.125908 0.970608 0.125743
7 19 72.183907 0.970397 0.127863 0.973430 0.127144
7 20 72.298851 0.971813 0.127350 0.973372 0.126163
7 21 72.413795 0.973775 0.127999 0.968827 0.124872
7 22 72.528732 0.969717 0.125924 0.970365 0.125951
7 23 72.643677 0.972934 0.125658 0.969915 0.124534
7 24 72.758621 0.971814 0.127953 0.971890 0.125833
7 25 72.873566 0.971084 0.127589 0.972355 0.126329
7 26 72.988503 0.969438 0.125034 0.969716 0.125694
7 27 73.103447 0.973414 0.128807 0.973384 0.127310
7 28 73.218391 0.972166 0.126899 0.972371 0.125283
7 29 73.333336 0.970166 0.126551 0.971989 0.126555
7 30 73.448273 0.972932 0.126851 0.971991 0.126060
7 31 73.563217 0.972376 0.126995 0.973334 0.126740
7 32 73.678162 0.970925 0.126395 0.972541 0.127395
7 33 73.793106 0.971502 0.127069 0.971641 0.126883
7 34 73.908043 0.973109 0.127795 0.972028 0.127932
7 35 74.022987 0.971403 0.127938 0.970971 0.128313
7 36 74.137932 0.970942 0.125228 0.971567 0.124967
7 37 74.252876 0.972281 0.126695 0.973053 0.126623
7 38 74.367813 0.971723 0.128166 0.973224 0.128057
7 39 74.482758 0.972767 0.127367 0.970053 0.125057
7 40 74.597702 0.972418 0.125868 0.972479 0.126839
7 41 74.712646 0.971998 0.125661 0.974793 0.126844
7 42 74.827583 0.969908 0.125525 0.970405 0.126129
7 43 74.942528 0.970071 0.126723 0.973738 0.127486
7 44 75.057472 0.972158 0.128143 0.971996 0.125851
7 45 75.172417 0.971917 0.126875 0.970949 0.126577
7 46 75.287354 0.974795 0.127541 0.968752 0.125924
7 47 75.402298 0.967155 0.124743 0.972451 0.126455
7 48 75.517242 0.972849 0.126596 0.973942 0.127539
7 49 75.632187 0.969896 0.126653 0.969252 0.125281
7 50 75.747124 0.968253 0.126575 0.968464 0.124290
7 51 75.862068 0.973716 0.127934 0.971461 0.125445
7 52 75.977013 0.973627 0.128289 0.972298 0.127722
7 53 76.091957 0.971657 0.127357 0.972969 0.126801
7 54 76.206894 0.973917 0.126393 0.974279 0.128534
7 55 76.321838 0.972087 0.126536 0.971531 0.127874
7 56 76.436783 0.971109 0.126004 0.971428 0.126017
7 57 76.551727 0.970627 0.125731 0.973256 0.126924
7 58 76.666664 0.972032 0.127341 0.972252 0.128255
7 59 76.781609 0.970571 0.124323 0.970293 0.125806
7 60 76.896553 0.972440 0.126898 0.973736 0.128797
7 61 77.011497 0.969661 0.126347 0.973077 0.127686
7 62 77.126434 0.974351 0.127251 0.972473 0.127007
7 63 77.241379 0.971952 0.125497 0.972678 0.127134
7 64 77.356323 0.971292 0.125868 0.974241 0.126467
7 65 77.471268 0.970284 0.126193 0.971447 0.125767
7 66 77.586205 0.968869 0.125393 0.968911 0.125704
7 67 77.701149 0.972858 0.125849 0.973277 0.126465
7 68 77.816093 0.971866 0.127599 0.971773 0.127718
7 69 77.931038 0.972578 0.125790 0.971655 0.126838
7 70 78.045975 0.972129 0.126293 0.967355 0.124948
7 71 78.160919 0.970338 0.127006 0.971181 0.128088
7 72 78.275864 0.969179 0.126542 0.970267 0.127392
7 73 78.390808 0.971598 0.124740 0.970967 0.125663
7 74 78.505745 0.970880 0.126371 0.971678 0.125824
7 75 78.620689 0.974931 0.126637 0.971674 0.125977
7 76 78.735634 0.968929 0.125704 0.973258 0.128994
7 77 78.850578 0.970752 0.125528 0.971920 0.127188
7 78 78.965515 0.970549 0.125241 0.968459 0.125448
7 79 79.080460 0.971031 0.125939 0.972653 0.125536
7 80 79.195404 0.971668 0.127393 0.971691 0.126802
7 81 79.310349 0.970951 0.125553 0.972195 0.125293
7 82 79.425285 0.970980 0.127478 0.971747 0.126451
7 83 79.540230 0.971263 0.127035 0.972327 0.125914
7 84 79.655174 0.970747 0.126154 0.971559 0.127435
7 85 79.770119 0.971508 0.127306 0.969465 0.126432
7 86 79.885056 0.974291 0.127922 0.970274 0.124214
8 0 80.000000 0.972397 0.126875 0.974437 0.125997
8 1 80.114944 0.973028 0.125878 0.971503 0.126305
8 2 80.229881 0.972732 0.127891 0.969766 0.125990
8 3 80.344826 0.970995 0.124599 0.972027 0.126875
8 4 80.459770 0.972999 0.127049 0.970286 0.126054
8 5 80.574715 0.970385 0.125521 0.972190 0.126447
8 6 80.689651 0.969092 0.126851 0.968988 0.125418
8 7 80.804596 0.970616 0.128361 0.972970 0.125373
8 8 80.919540 0.971955 0.127452 0.968527 0.126552
8 9 81.034485 0.973837 0.128259 0.971777 0.126529
8 10 81.149422 0.971253 0.125086 0.970530 0.126996
8 11 81.264366 0.970496 0.125389 0.972531 0.127394
8 12 81.379311 0.973446 0.126863 0.972465 0.127449
8 13 81.494255 0.971939 0.127459 0.972448 0.126737
8 14 81.609192 0.970942 0.125647 0.969503 0.125609
8 15 81.724136 0.973393 0.127307 0.968594 0.126418
8 16 81.839081 0.972207 0.126880 0.971645 0.125965
8 17 81.954025 0.970335 0.125303 0.972062 0.125441
8 18 82.068962 0.971376 0.126435 0.971181 0.127967
8 19 82.183907 0.969977 0.125676 0.967633 0.125740
8 20 82.298851 0.972002 0.126490 0.972496 0.126815
8 21 82.413795 0.971554 0.128240 0.971662 0.125391
8 22 82.528732 0.971426 0.126399 0.974111 0.127010
8 23 82.643677 0.972500 0.127760 0.971631 0.126708
8 24 82.758621 0.970218 0.126181 0.971831 0.126545
8 25 82.873566 0.969565 0.127241 0.972753 0.125676
8 26 82.988503 0.971296 0.125140 0.971079 0.126798
8 27 83.103447 0.972232 0.126397 0.967952 0.125572
8 28 83.218391 0.972462 0.127070 0.972238 0.126967
8 29 83.333336 0.972391 0.126589 0.971353 0.127478
8 30 83.448273 0.968868 0.125705 0.971167 0.124907
8 31 83.563217 0.972838 0.127956 0.969315 0.125744
8 32 83.678162 0.972656 0.126658 0.973752 0.126981
8 33 83.793106 0.971233 0.125374 0.968962 0.124984
8 34 83.908043 0.973147 0.126824 0.968372 0.126147
8 35 84.022987 0.970992 0.125804 0.971747 0.127176
8 36 84.137932 0.969255 0.124891 0.973904 0.126671
8 37 84.252876 0.971410 0.127874 0.970787 0.126692
8 38 84.367813 0.970838 0.127165 0.971920 0.125566
8 39 84.482758 0.970015 0.127481 0.968218 0.127580
8 40 84.597702 0.971370 0.126318 0.970567 0.126877
8 41 84.712646 0.973607 0.126226 0.973828 0.126457
8 42 84.827583 0.972164 0.125488 0.969926 0.126521
8 43 84.942528 0.973814 0.126700 0.971139 0.126114
8 44 85.057472 0.972522 0.126770 0.971274 0.128418
8 45 85.172417 0.971684 0.126880 0.973409 0.127243
8 46 85.287354 0.972725 0.128015 0.969764 0.125332
8 47 85.402298 0.971210 0.126080 0.971425 0.126475
8 48 85.517242 0.974536 0.127663 0.969689 0.124899
8 49 85.632187 0.974306 0.126611 0.971347 0.126461
8 50 85.747124 0.969571 0.126489 0.972719 0.127843
8 51 85.862068 0.969898 0.128295 0.972166 0.127186
8 52 85.977013 0.973130 0.126631 0.973871 0.127070
8 53 86.091957 0.972192 0.126217 0.971347 0.124522
8 54 86.206894 0.973175 0.125759 0.971453 0.125939
8 55 86.321838 0.970604 0.124628 0.970646 0.127230
8 56 86.436783 0.970622 0.127075 0.970197 0.126276
8 57 86.551727 0.971778 0.126414 0.974633 0.128265
8 58 86.666664 0.972180 0.126210 0.972215 0.126855
8 59 86.781609 0.969894 0.125991 0.969190 0.125767
8 60 86.896553 0.970923 0.125876 0.972716 0.126424
8 61 87.011497 0.973236 0.126225 0.971750 0.126239
8 62 87.126434 0.971116 0.126690 0.971358 0.126951
8 63 87.241379 0.972111 0.125809 0.972486 0.126589
8 64 87.356323 0.972500 0.127546 0.975330 0.127240
8 65 87.471268 0.971015 0.125987 0.970101 0.126530
8 66 87.586205 0.970228 0.127363 0.970578 0.125975
8 67 87.701149 0.971651 0.127578 0.972446 0.126827
8 68 87.816093 0.970828 0.126549 0.971697 0.126436
8 69 87.931038 0.971438 0.126441 0.974306 0.128417
8 70 88.045975 0.971071 0.126499 0.968821 0.124322
8 71 88.160919 0.970199 0.125830 0.972643 0.125760
8 72 88.275864 0.973695 0.128097 0.972608 0.126967
8 73 88.390808 0.971066 0.126605 0.969765 0.125508
8 74 88.505745 0.971883 0.125576 0.972603 0.127771
8 75 88.620689 0.974768 0.126870 0.969486 0.125314
8 76 88.735634 0.970905 0.125535 0.970309 0.126178
8 77 88.850578 0.968898 0.124652 0.972849 0.127058
8 78 88.965515 0.969511 0.124958 0.971073 0.126469
8 79 89.080460 0.971334 0.126382 0.969236 0.124520
8 80 89.195404 0.973257 0.126377 0.974738 0.126734
8 81 89.310349 0.972332 0.127937 0.973486 0.125793
8 82 89.425285 0.971429 0.126707 0.972619 0.127378
8 83 89.540230 0.972634 0.128178 0.971113 0.125441
8 84 89.655174 0.970125 0.124463 0.971879 0.126373
8 85 89.770119 0.972011 0.126543 0.973532 0.126884
8 86 89.885056 0.973096 0.126656 0.974500 0.127191
9 0 90.000000 0.971848 0.125047 0.972254 0.125925
9 1 90.114944 0.970909 0.125957 0.970171 0.124506
9 2 90.229881 0.971786 0.125303 0.972708 0.126135
9 3 90.344826 0.972715 0.126562 0.971178 0.125841
9 4 90.459770 0.970622 0.126678 0.970794 0.125250
9 5 90.574715 0.971903 0.125826 0.970585 0.126812
9 6 90.689651 0.973597 0.125958 0.971146 0.126900
9 7 90.804596 0.968307 0.126324 0.969197 0.124807
9 8 90.919540 0.971662 0.126840 0.974165 0.125370
9 9 91.034485 0.973643 0.127379 0.970215 0.126308
9 10 91.149422 0.971567 0.127193 0.973251 0.126980
9 11 91.264366 0.969231 0.124407 0.969946 0.125803
9 12 91.379311 0.973080 0.127356 0.971111 0.126083
9 13 91.494255 0.973218 0.127158 0.971344 0.127790
9 14 91.609192 0.970316 0.126155 0.970090 0.128505
9 15 91.724136 0.971968 0.128075 0.969543 0.127315
9 16 91.839081 0.971445 0.126471 0.972946 0.126333
9 17 91.954025 0.971868 0.126525 0.970735 0.127101
9 18 92.068962 0.972240 0.126813 0.971884 0.124945
9 19 92.183907 0.969940 0.124747 0.972096 0.126382
9 20 92.298851 0.972620 0.127044 0.971220 0.127976
9 21 92.413795 0.970557 0.125781 0.971371 0.126091
9 22 92.528732 0.969457 0.126078 0.971970 0.126999
9 23 92.643677 0.973709 0.127525 0.972437 0.126213
9 24 92.758621 0.973665 0.127183 0.974925 0.125612
9 25 92.873566 0.972282 0.126996 0.969413 0.125909
9 26 92.988503 0.972676 0.125868 0.971981 0.127361
9 27 93.103447 0.970247 0.127000 0.971646 0.127107
9 28 93.218391 0.973147 0.126273 0.972024 0.126677
9 29 93.333336 0.971486 0.127190 0.973249 0.128437
9 30 93.448273 0.970265 0.126720 0.972205 0.126814
9 31 93.563217 0.974138 0.127287 0.972046 0.126749
9 32 93.678162 0.968928 0.124786 0.974175 0.126394
9 33 93.793106 0.969079 0.125377 0.970401 0.126186
9 34 93.908043 0.971948 0.126349 0.969298 0.124592
9 35 94.022987 0.971722 0.127137 0.972904 0.126538
9 36 94.137932 0.972133 0.128910 0.971226 0.126161
9 37 94.252876 0.973320 0.127216 0.970335 0.125535
9 38 94.367813 0.969918 0.125903 0.973319 0.126971
9 39 94.482758 0.970883 0.125748 0.969824 0.126262
9 40 94.597702 0.972412 0.126521 0.971117 0.127705
9 41 94.712646 0.975826 0.129119 0.972796 0.127514
9 42 94.827583 0.971968 0.128954 0.972110 0.127119
9 43 94.942528 0.970272 0.123876 0.972396 0.127427
9 44 95.057472 0.971811 0.127476 0.971838 0.126182
9 45 95.172417 0.972799 0.125771 0.971873 0.124339
9 46 95.287354 0.969427 0.125455 0.972035 0.125180
9 47 95.402298 0.972717 0.126247 0.973199 0.127275
9 48 95.517242 0.970674 0.125438 0.973827 0.126368
9 49 95.632187 0.972626 0.125613 0.973097 0.126778
9 50 95.747124 0.972122 0.125988 0.972932 0.126972
9 51 95.862068 0.974582 0.127403 0.971911 0.125349
9 52 95.977013 0.969398 0.125678 0.971638 0.125718
9 53 96.091957 0.971760 0.126972 0.971606 0.128519
9 54 96.206894 0.971520 0.125609 0.971074 0.126340
9 55 96.321838 0.971247 0.125045 0.972268 0.126877
9 56 96.436783 0.970580 0.124826 0.969382 0.125679
9 57 96.551727 0.972119 0.126840 0.971379 0.125231
9 58 96.666664 0.971952 0.126266 0.968293 0.124434
9 59 96.781609 0.972534 0.128154 0.971453 0.126445
9 60 96.896553 0.971397 0.125861 0.972828 0.128460
9 61 97.011497 0.971778 0.125936 0.971312 0.124932
9 62 97.126434 0.973800 0.125051 0.969976 0.125389
9 63 97.241379 0.971321 0.127031 0.971101 0.126080
9 64 97.356323 0.970162 0.126184 0.971261 0.127689
9 65 97.471268 0.971367 0.126460 0.970825 0.124780
9 66 97.586205 0.971750 0.127432 0.973250 0.125983
9 67 97.701149 0.971858 0.127357 0.972269 0.127494
9 68 97.816093 0.970058 0.126966 0.969571 0.128405
9 69 97.931038 0.974605 0.127211 0.970965 0.124914
9 70 98.045975 0.971090 0.126473 0.971695 0.127338
9 71 98.160919 0.971735 0.125233 0.968762 0.126040
9 72 98.275864 0.973357 0.126606 0.971109 0.125537
9 73 98.390808 0.970775 0.126261 0.972252 0.126296
9 74 98.505745 0.972410 0.126104 0.970121 0.124733
9 75 98.620689 0.971163 0.127431 0.971045 0.125882
9 76 98.735634 0.972203 0.125872 0.971643 0.125908
9 77 98.850578 0.973735 0.127325 0.973357 0.127341
9 78 98.965515 0.971674 0.126126 0.970768 0.126009
9 79 99.080460 0.968410 0.126686 0.973608 0.127145
9 80 99.195404 0.974246 0.127771 0.970217 0.125992
9 81 99.310349 0.972026 0.125287 0.971705 0.126794
9 82 99.425285 0.969421 0.126004 0.972042 0.125721
9 83 99.540230 0.973266 0.126457 0.971192 0.126436
9 84 99.655174 0.974136 0.127576 0.972785 0.126049
9 85 99.770119 0.968857 0.126582 0.970580 0.125943
9 86 99.885056 0.971404 0.125428 0.971367 0.126401
