0 -0.408666 1 0.000050
1 -0.400865 0 0.000000
2 -0.393064 0 0.000000
3 -0.385264 0 0.000000
4 -0.377463 1 0.000050
5 -0.369663 0 0.000000
6 -0.361862 0 0.000000
7 -0.354061 0 0.000000
8 -0.346261 0 0.000000
9 -0.338460 0 0.000000
10 -0.330659 0 0.000000
11 -0.322859 1 0.000050
12 -0.315058 0 0.000000
13 -0.307257 1 0.000050
14 -0.299457 1 0.000050
15 -0.291656 4 0.000200
16 -0.283856 3 0.000150
17 -0.276055 2 0.000100
18 -0.268254 5 0.000250
19 -0.260454 1 0.000050
20 -0.252653 0 0.000000
21 -0.244852 0 0.000000
22 -0.237052 1 0.000050
23 -0.229251 0 0.000000
24 -0.221450 2 0.000100
25 -0.213650 6 0.000300
26 -0.205849 10 0.000500
27 -0.198049 7 0.000350
28 -0.190248 25 0.001250
29 -0.182447 71 0.003550
30 -0.174647 79 0.003950
31 -0.166846 55 0.002750
32 -0.159045 58 0.002900
33 -0.151245 135 0.006750
34 -0.143444 137 0.006850
35 -0.135643 294 0.014700
36 -0.127843 188 0.009400
37 -0.120042 131 0.006550
38 -0.112242 149 0.007450
39 -0.104441 191 0.009550
40 -0.096640 289 0.014450
41 -0.088840 419 0.020950
42 -0.081039 837 0.041850
43 -0.073238 577 0.028850
44 -0.065438 390 0.019500
45 -0.057637 366 0.018300
46 -0.049836 455 0.022750
47 -0.042036 683 0.034150
48 -0.034235 609 0.030450
49 -0.026434 621 0.031050
50 -0.018634 910 0.045500
51 -0.010833 2476 0.123800
52 -0.003033 1831 0.091550
53 0.004768 864 0.043200
54 0.012569 769 0.038450
55 0.020369 1119 0.055950
56 0.028170 677 0.033850
57 0.035971 450 0.022500
58 0.043771 402 0.020100
59 0.051572 390 0.019500
60 0.059373 603 0.030150
61 0.067173 438 0.021900
62 0.074974 292 0.014600
63 0.082774 192 0.009600
64 0.090575 204 0.010200
65 0.098376 207 0.010350
66 0.106176 220 0.011000
67 0.113977 290 0.014500
68 0.121778 271 0.013550
69 0.129578 120 0.006000
70 0.137379 78 0.003900
71 0.145180 81 0.004050
72 0.152980 72 0.003600
73 0.160781 93 0.004650
74 0.168581 45 0.002250
75 0.176382 36 0.001800
76 0.184183 16 0.000800
77 0.191983 5 0.000250
78 0.199784 13 0.000650
79 0.207585 11 0.000550
80 0.215385 2 0.000100
81 0.223186 1 0.000050
82 0.230987 0 0.000000
83 0.238787 0 0.000000
84 0.246588 2 0.000100
85 0.254389 1 0.000050
86 0.262189 2 0.000100
87 0.269990 2 0.000100
88 0.277790 2 0.000100
89 0.285591 0 0.000000
90 0.293392 2 0.000100
91 0.301192 1 0.000050
92 0.308993 3 0.000150
93 0.316794 0 0.000000
94 0.324594 0 0.000000
95 0.332395 0 0.000000
96 0.340196 0 0.000000
97 0.347996 0 0.000000
98 0.355797 1 0.000050
99 0.363597 1 0.000050
