0 0.000000 49795 0.829917
1 0.001687 2391 0.039850
2 0.003374 1873 0.031217
3 0.005061 1594 0.026567
4 0.006748 747 0.012450
5 0.008435 515 0.008583
6 0.010122 429 0.007150
7 0.011809 369 0.006150
8 0.013496 423 0.007050
9 0.015183 400 0.006667
10 0.016869 364 0.006067
11 0.018556 175 0.002917
12 0.020243 154 0.002567
13 0.021930 146 0.002433
14 0.023617 85 0.001417
15 0.025304 83 0.001383
16 0.026991 130 0.002167
17 0.028678 67 0.001117
18 0.030365 73 0.001217
19 0.032052 52 0.000867
20 0.033739 24 0.000400
21 0.035426 18 0.000300
22 0.037113 6 0.000100
23 0.038800 16 0.000267
24 0.040487 7 0.000117
25 0.042174 9 0.000150
26 0.043861 9 0.000150
27 0.045548 4 0.000067
28 0.047235 2 0.000033
29 0.048921 1 0.000017
30 0.050608 1 0.000017
31 0.052295 1 0.000017
32 0.053982 0 0.000000
33 0.055669 0 0.000000
34 0.057356 0 0.000000
35 0.059043 0 0.000000
36 0.060730 1 0.000017
37 0.062417 1 0.000017
38 0.064104 0 0.000000
39 0.065791 1 0.000017
40 0.067478 3 0.000050
41 0.069165 2 0.000033
42 0.070852 3 0.000050
43 0.072539 0 0.000000
44 0.074226 3 0.000050
45 0.075913 1 0.000017
46 0.077600 3 0.000050
47 0.079286 3 0.000050
48 0.080973 2 0.000033
49 0.082660 1 0.000017
50 0.084347 0 0.000000
51 0.086034 2 0.000033
52 0.087721 1 0.000017
53 0.089408 0 0.000000
54 0.091095 0 0.000000
55 0.092782 2 0.000033
56 0.094469 1 0.000017
57 0.096156 2 0.000033
58 0.097843 0 0.000000
59 0.099530 0 0.000000
60 0.101217 1 0.000017
61 0.102904 0 0.000000
62 0.104591 0 0.000000
63 0.106278 0 0.000000
64 0.107965 0 0.000000
65 0.109652 0 0.000000
66 0.111338 0 0.000000
67 0.113025 0 0.000000
68 0.114712 0 0.000000
69 0.116399 0 0.000000
70 0.118086 0 0.000000
71 0.119773 0 0.000000
72 0.121460 0 0.000000
73 0.123147 0 0.000000
74 0.124834 0 0.000000
75 0.126521 0 0.000000
76 0.128208 0 0.000000
77 0.129895 0 0.000000
78 0.131582 2 0.000033
79 0.133269 0 0.000000
80 0.134956 0 0.000000
81 0.136643 1 0.000017
82 0.138330 0 0.000000
83 0.140017 0 0.000000
84 0.141704 0 0.000000
85 0.143390 0 0.000000
86 0.145077 0 0.000000
87 0.146764 0 0.000000
88 0.148451 0 0.000000
89 0.150138 0 0.000000
90 0.151825 0 0.000000
91 0.153512 0 0.000000
92 0.155199 0 0.000000
93 0.156886 0 0.000000
94 0.158573 0 0.000000
95 0.160260 0 0.000000
96 0.161947 0 0.000000
97 0.163634 0 0.000000
98 0.165321 0 0.000000
99 0.167008 1 0.000017
