0 -0.140371 1 0.000050
1 -0.137512 1 0.000050
2 -0.134652 1 0.000050
3 -0.131793 0 0.000000
4 -0.128934 0 0.000000
5 -0.126074 1 0.000050
6 -0.123215 0 0.000000
7 -0.120356 0 0.000000
8 -0.117496 0 0.000000
9 -0.114637 0 0.000000
10 -0.111778 4 0.000200
11 -0.108918 1 0.000050
12 -0.106059 1 0.000050
13 -0.103200 6 0.000300
14 -0.100341 2 0.000100
15 -0.097481 2 0.000100
16 -0.094622 1 0.000050
17 -0.091763 1 0.000050
18 -0.088903 4 0.000200
19 -0.086044 5 0.000250
20 -0.083185 5 0.000250
21 -0.080325 5 0.000250
22 -0.077466 4 0.000200
23 -0.074607 6 0.000300
24 -0.071747 5 0.000250
25 -0.068888 8 0.000400
26 -0.066029 7 0.000350
27 -0.063169 20 0.001000
28 -0.060310 12 0.000600
29 -0.057451 9 0.000450
30 -0.054591 14 0.000700
31 -0.051732 33 0.001650
32 -0.048873 25 0.001250
33 -0.046013 35 0.001750
34 -0.043154 32 0.001600
35 -0.040295 43 0.002150
36 -0.037436 57 0.002850
37 -0.034576 80 0.004000
38 -0.031717 132 0.006600
39 -0.028858 134 0.006700
40 -0.025998 215 0.010750
41 -0.023139 310 0.015500
42 -0.020280 426 0.021300
43 -0.017420 656 0.032800
44 -0.014561 1206 0.060300
45 -0.011702 2005 0.100250
46 -0.008842 2717 0.135850
47 -0.005983 3236 0.161800
48 -0.003124 2568 0.128400
49 -0.000264 2029 0.101450
50 0.002595 1387 0.069350
51 0.005454 792 0.039600
52 0.008314 493 0.024650
53 0.011173 286 0.014300
54 0.014032 239 0.011950
55 0.016891 136 0.006800
56 0.019751 98 0.004900
57 0.022610 73 0.003650
58 0.025469 73 0.003650
59 0.028329 57 0.002850
60 0.031188 49 0.002450
61 0.034047 34 0.001700
62 0.036907 20 0.001000
63 0.039766 25 0.001250
64 0.042625 29 0.001450
65 0.045485 12 0.000600
66 0.048344 10 0.000500
67 0.051203 15 0.000750
68 0.054063 15 0.000750
69 0.056922 13 0.000650
70 0.059781 14 0.000700
71 0.062641 10 0.000500
72 0.065500 13 0.000650
73 0.068359 4 0.000200
74 0.071219 9 0.000450
75 0.074078 5 0.000250
76 0.076937 0 0.000000
77 0.079796 2 0.000100
78 0.082656 2 0.000100
79 0.085515 3 0.000150
80 0.088374 3 0.000150
81 0.091234 3 0.000150
82 0.094093 2 0.000100
83 0.096952 1 0.000050
84 0.099812 0 0.000000
85 0.102671 0 0.000000
86 0.105530 0 0.000000
87 0.108390 1 0.000050
88 0.111249 0 0.000000
89 0.114108 0 0.000000
90 0.116968 0 0.000000
91 0.119827 1 0.000050
92 0.122686 1 0.000050
93 0.125546 0 0.000000
94 0.128405 0 0.000000
95 0.131264 1 0.000050
96 0.134124 1 0.000050
97 0.136983 2 0.000100
98 0.139842 0 0.000000
99 0.142701 1 0.000050
