0 -0.408666 1 0.000017
1 -0.400865 0 0.000000
2 -0.393064 0 0.000000
3 -0.385264 0 0.000000
4 -0.377463 1 0.000017
5 -0.369663 0 0.000000
6 -0.361862 0 0.000000
7 -0.354061 0 0.000000
8 -0.346261 0 0.000000
9 -0.338460 0 0.000000
10 -0.330659 0 0.000000
11 -0.322859 1 0.000017
12 -0.315058 0 0.000000
13 -0.307257 1 0.000017
14 -0.299457 1 0.000017
15 -0.291656 4 0.000067
16 -0.283856 3 0.000050
17 -0.276055 2 0.000033
18 -0.268254 5 0.000083
19 -0.260454 1 0.000017
20 -0.252653 0 0.000000
21 -0.244852 0 0.000000
22 -0.237052 1 0.000017
23 -0.229251 0 0.000000
24 -0.221450 2 0.000033
25 -0.213650 6 0.000100
26 -0.205849 10 0.000167
27 -0.198049 7 0.000117
28 -0.190248 25 0.000417
29 -0.182447 71 0.001183
30 -0.174647 79 0.001317
31 -0.166846 55 0.000917
32 -0.159045 59 0.000983
33 -0.151245 142 0.002367
34 -0.143444 145 0.002417
35 -0.135643 300 0.005000
36 -0.127843 195 0.003250
37 -0.120042 134 0.002233
38 -0.112242 159 0.002650
39 -0.104441 201 0.003350
40 -0.096640 295 0.004917
41 -0.088840 435 0.007250
42 -0.081039 862 0.014367
43 -0.073238 609 0.010150
44 -0.065438 456 0.007600
45 -0.057637 491 0.008183
46 -0.049836 722 0.012033
47 -0.042036 1073 0.017883
48 -0.034235 1546 0.025767
49 -0.026434 3325 0.055417
50 -0.018634 9579 0.159650
51 -0.010833 16548 0.275800
52 -0.003033 9867 0.164450
53 0.004768 3629 0.060483
54 0.012569 1597 0.026617
55 0.020369 1484 0.024733
56 0.028170 874 0.014567
57 0.035971 559 0.009317
58 0.043771 486 0.008100
59 0.051572 461 0.007683
60 0.059373 659 0.010983
61 0.067173 465 0.007750
62 0.074974 309 0.005150
63 0.082774 217 0.003617
64 0.090575 219 0.003650
65 0.098376 222 0.003700
66 0.106176 223 0.003717
67 0.113977 295 0.004917
68 0.121778 274 0.004567
69 0.129578 123 0.002050
70 0.137379 82 0.001367
71 0.145180 81 0.001350
72 0.152980 75 0.001250
73 0.160781 96 0.001600
74 0.168581 47 0.000783
75 0.176382 37 0.000617
76 0.184183 17 0.000283
77 0.191983 5 0.000083
78 0.199784 14 0.000233
79 0.207585 11 0.000183
80 0.215385 2 0.000033
81 0.223186 1 0.000017
82 0.230987 0 0.000000
83 0.238787 0 0.000000
84 0.246588 2 0.000033
85 0.254389 1 0.000017
86 0.262189 2 0.000033
87 0.269990 2 0.000033
88 0.277790 2 0.000033
89 0.285591 0 0.000000
90 0.293392 2 0.000033
91 0.301192 1 0.000017
92 0.308993 3 0.000050
93 0.316794 0 0.000000
94 0.324594 0 0.000000
95 0.332395 0 0.000000
96 0.340196 0 0.000000
97 0.347996 0 0.000000
98 0.355797 1 0.000017
99 0.363597 1 0.000017
