0 -0.157352 1 0.000050
1 -0.153675 2 0.000100
2 -0.149998 4 0.000200
3 -0.146321 2 0.000100
4 -0.142644 4 0.000200
5 -0.138967 1 0.000050
6 -0.135290 4 0.000200
7 -0.131613 1 0.000050
8 -0.127936 1 0.000050
9 -0.124259 4 0.000200
10 -0.120582 2 0.000100
11 -0.116905 2 0.000100
12 -0.113228 0 0.000000
13 -0.109551 4 0.000200
14 -0.105874 1 0.000050
15 -0.102197 0 0.000000
16 -0.098520 1 0.000050
17 -0.094843 1 0.000050
18 -0.091166 0 0.000000
19 -0.087489 3 0.000150
20 -0.083812 5 0.000250
21 -0.080135 4 0.000200
22 -0.076458 5 0.000250
23 -0.072781 9 0.000450
24 -0.069104 4 0.000200
25 -0.065427 3 0.000150
26 -0.061750 26 0.001300
27 -0.058073 24 0.001200
28 -0.054396 42 0.002100
29 -0.050719 68 0.003400
30 -0.047042 97 0.004850
31 -0.043365 95 0.004750
32 -0.039688 126 0.006300
33 -0.036011 150 0.007500
34 -0.032334 327 0.016350
35 -0.028657 396 0.019800
36 -0.024980 817 0.040850
37 -0.021303 1480 0.074000
38 -0.017626 2741 0.137050
39 -0.013949 3346 0.167300
40 -0.010272 3470 0.173500
41 -0.006595 2599 0.129950
42 -0.002918 1445 0.072250
43 0.000759 840 0.042000
44 0.004436 644 0.032200
45 0.008113 437 0.021850
46 0.011790 178 0.008900
47 0.015467 121 0.006050
48 0.019144 97 0.004850
49 0.022821 54 0.002700
50 0.026498 43 0.002150
51 0.030175 25 0.001250
52 0.033852 35 0.001750
53 0.037529 18 0.000900
54 0.041206 21 0.001050
55 0.044883 15 0.000750
56 0.048560 21 0.001050
57 0.052237 18 0.000900
58 0.055914 14 0.000700
59 0.059591 8 0.000400
60 0.063268 11 0.000550
61 0.066945 8 0.000400
62 0.070622 2 0.000100
63 0.074299 3 0.000150
64 0.077976 7 0.000350
65 0.081653 9 0.000450
66 0.085330 8 0.000400
67 0.089007 5 0.000250
68 0.092684 3 0.000150
69 0.096361 6 0.000300
70 0.100038 10 0.000500
71 0.103715 1 0.000050
72 0.107392 1 0.000050
73 0.111069 2 0.000100
74 0.114746 1 0.000050
75 0.118423 3 0.000150
76 0.122100 1 0.000050
77 0.125777 0 0.000000
78 0.129454 1 0.000050
79 0.133131 0 0.000000
80 0.136808 0 0.000000
81 0.140485 1 0.000050
82 0.144162 0 0.000000
83 0.147839 0 0.000000
84 0.151516 1 0.000050
85 0.155192 1 0.000050
86 0.158870 1 0.000050
87 0.162546 2 0.000100
88 0.166223 2 0.000100
89 0.169900 0 0.000000
90 0.173577 1 0.000050
91 0.177254 0 0.000000
92 0.180931 1 0.000050
93 0.184608 1 0.000050
94 0.188285 0 0.000000
95 0.191962 0 0.000000
96 0.195639 0 0.000000
97 0.199316 0 0.000000
98 0.202993 0 0.000000
99 0.206670 1 0.000050
