0 0.094818 1 0.000050
1 0.102708 0 0.000000
2 0.110597 0 0.000000
3 0.118487 0 0.000000
4 0.126377 1 0.000050
5 0.134266 0 0.000000
6 0.142156 0 0.000000
7 0.150045 0 0.000000
8 0.157935 0 0.000000
9 0.165825 0 0.000000
10 0.173714 0 0.000000
11 0.181604 0 0.000000
12 0.189493 1 0.000050
13 0.197383 0 0.000000
14 0.205273 1 0.000050
15 0.213162 7 0.000350
16 0.221052 6 0.000300
17 0.228941 2 0.000100
18 0.236831 0 0.000000
19 0.244721 2 0.000100
20 0.252610 0 0.000000
21 0.260500 0 0.000000
22 0.268389 0 0.000000
23 0.276279 3 0.000150
24 0.284169 0 0.000000
25 0.292058 5 0.000250
26 0.299948 11 0.000550
27 0.307837 18 0.000900
28 0.315727 41 0.002050
29 0.323617 68 0.003400
30 0.331506 62 0.003100
31 0.339396 48 0.002400
32 0.347285 56 0.002800
33 0.355175 134 0.006700
34 0.363065 115 0.005750
35 0.370954 354 0.017700
36 0.378844 171 0.008550
37 0.386733 151 0.007550
38 0.394623 163 0.008150
39 0.402513 224 0.011200
40 0.410402 298 0.014900
41 0.418292 454 0.022700
42 0.426181 908 0.045400
43 0.434071 503 0.025150
44 0.441961 342 0.017100
45 0.449850 357 0.017850
46 0.457740 495 0.024750
47 0.465629 744 0.037200
48 0.473519 645 0.032250
49 0.481409 540 0.027000
50 0.489298 579 0.028950
51 0.497188 4059 0.202950
52 0.505077 804 0.040200
53 0.512967 614 0.030700
54 0.520857 799 0.039950
55 0.528746 1062 0.053100
56 0.536636 538 0.026900
57 0.544526 459 0.022950
58 0.552415 429 0.021450
59 0.560305 443 0.022150
60 0.568194 708 0.035400
61 0.576084 373 0.018650
62 0.583973 279 0.013950
63 0.591863 209 0.010450
64 0.599753 229 0.011450
65 0.607642 246 0.012300
66 0.615532 202 0.010100
67 0.623421 376 0.018800
68 0.631311 150 0.007500
69 0.639201 67 0.003350
70 0.647090 63 0.003150
71 0.654980 101 0.005050
72 0.662869 39 0.001950
73 0.670759 108 0.005400
74 0.678649 47 0.002350
75 0.686538 18 0.000900
76 0.694428 19 0.000950
77 0.702317 23 0.001150
78 0.710207 8 0.000400
79 0.718097 0 0.000000
80 0.725986 0 0.000000
81 0.733876 1 0.000050
82 0.741765 1 0.000050
83 0.749655 0 0.000000
84 0.757545 0 0.000000
85 0.765434 1 0.000050
86 0.773324 2 0.000100
87 0.781213 2 0.000100
88 0.789103 4 0.000200
89 0.796993 3 0.000150
90 0.804882 2 0.000100
91 0.812772 0 0.000000
92 0.820661 0 0.000000
93 0.828551 0 0.000000
94 0.836441 0 0.000000
95 0.844330 0 0.000000
96 0.852220 0 0.000000
97 0.860110 0 0.000000
98 0.867999 1 0.000050
99 0.875889 1 0.000050
