0 0.014398 5 0.000083
1 0.024344 13 0.000217
2 0.034290 9 0.000150
3 0.044236 9 0.000150
4 0.054182 10 0.000167
5 0.064128 12 0.000200
6 0.074074 19 0.000317
7 0.084020 16 0.000267
8 0.093965 11 0.000183
9 0.103911 17 0.000283
10 0.113857 12 0.000200
11 0.123803 20 0.000333
12 0.133749 13 0.000217
13 0.143695 9 0.000150
14 0.153641 17 0.000283
15 0.163587 15 0.000250
16 0.173532 10 0.000167
17 0.183478 24 0.000400
18 0.193424 37 0.000617
19 0.203370 39 0.000650
20 0.213316 48 0.000800
21 0.223262 43 0.000717
22 0.233208 22 0.000367
23 0.243154 40 0.000667
24 0.253100 67 0.001117
25 0.263045 67 0.001117
26 0.272991 81 0.001350
27 0.282937 75 0.001250
28 0.292883 108 0.001800
29 0.302829 131 0.002183
30 0.312775 233 0.003883
31 0.322721 287 0.004783
32 0.332666 329 0.005483
33 0.342612 254 0.004233
34 0.352558 253 0.004217
35 0.362504 307 0.005117
36 0.372450 527 0.008783
37 0.382396 382 0.006367
38 0.392342 377 0.006283
39 0.402288 542 0.009033
40 0.412234 662 0.011033
41 0.422179 1275 0.021250
42 0.432125 1113 0.018550
43 0.442071 871 0.014517
44 0.452017 1188 0.019800
45 0.461963 1602 0.026700
46 0.471909 2058 0.034300
47 0.481855 2718 0.045300
48 0.491800 4426 0.073767
49 0.501746 7007 0.116783
50 0.511692 2388 0.039800
51 0.521638 2140 0.035667
52 0.531584 1950 0.032500
53 0.541530 1266 0.021100
54 0.551476 1310 0.021833
55 0.561422 1467 0.024450
56 0.571368 2154 0.035900
57 0.581313 2710 0.045167
58 0.591259 3353 0.055883
59 0.601205 1944 0.032400
60 0.611151 1276 0.021267
61 0.621097 1413 0.023550
62 0.631043 761 0.012683
63 0.640989 504 0.008400
64 0.650935 471 0.007850
65 0.660880 378 0.006300
66 0.670826 427 0.007117
67 0.680772 310 0.005167
68 0.690718 248 0.004133
69 0.700664 231 0.003850
70 0.710610 199 0.003317
71 0.720556 173 0.002883
72 0.730502 202 0.003367
73 0.740447 189 0.003150
74 0.750393 185 0.003083
75 0.760339 193 0.003217
76 0.770285 210 0.003500
77 0.780231 164 0.002733
78 0.790177 194 0.003233
79 0.800123 185 0.003083
80 0.810069 186 0.003100
81 0.820014 249 0.004150
82 0.829960 218 0.003633
83 0.839906 242 0.004033
84 0.849852 301 0.005017
85 0.859798 456 0.007600
86 0.869744 345 0.005750
87 0.879690 393 0.006550
88 0.889636 268 0.004467
89 0.899581 228 0.003800
90 0.909527 264 0.004400
91 0.919473 321 0.005350
92 0.929419 208 0.003467
93 0.939365 147 0.002450
94 0.949311 56 0.000933
95 0.959257 41 0.000683
96 0.969203 44 0.000733
97 0.979148 20 0.000333
98 0.989094 7 0.000117
99 0.999040 1 0.000017
