0 0.076687 10 0.000167
1 0.086277 3 0.000050
2 0.095867 5 0.000083
3 0.105456 8 0.000133
4 0.115046 12 0.000200
5 0.124636 15 0.000250
6 0.134226 32 0.000533
7 0.143815 40 0.000667
8 0.153405 34 0.000567
9 0.162995 10 0.000167
10 0.172585 19 0.000317
11 0.182174 22 0.000367
12 0.191764 37 0.000617
13 0.201354 49 0.000817
14 0.210944 40 0.000667
15 0.220533 27 0.000450
16 0.230123 49 0.000817
17 0.239713 80 0.001333
18 0.249303 68 0.001133
19 0.258892 65 0.001083
20 0.268482 45 0.000750
21 0.278072 99 0.001650
22 0.287662 81 0.001350
23 0.297251 79 0.001317
24 0.306841 115 0.001917
25 0.316431 162 0.002700
26 0.326021 275 0.004583
27 0.335610 155 0.002583
28 0.345200 122 0.002033
29 0.354790 163 0.002717
30 0.364380 129 0.002150
31 0.373969 125 0.002083
32 0.383559 179 0.002983
33 0.393149 177 0.002950
34 0.402739 190 0.003167
35 0.412328 237 0.003950
36 0.421918 300 0.005000
37 0.431508 339 0.005650
38 0.441098 425 0.007083
39 0.450687 480 0.008000
40 0.460277 830 0.013833
41 0.469867 1047 0.017450
42 0.479457 1602 0.026700
43 0.489046 4232 0.070533
44 0.498636 13122 0.218700
45 0.508226 8579 0.142983
46 0.517816 2243 0.037383
47 0.527405 1200 0.020000
48 0.536995 958 0.015967
49 0.546585 745 0.012417
50 0.556175 819 0.013650
51 0.565764 814 0.013567
52 0.575354 902 0.015033
53 0.584944 1658 0.027633
54 0.594534 2614 0.043567
55 0.604123 2511 0.041850
56 0.613713 1581 0.026350
57 0.623303 877 0.014617
58 0.632893 675 0.011250
59 0.642482 616 0.010267
60 0.652072 393 0.006550
61 0.661662 363 0.006050
62 0.671252 281 0.004683
63 0.680841 288 0.004800
64 0.690431 245 0.004083
65 0.700021 247 0.004117
66 0.709611 210 0.003500
67 0.719200 161 0.002683
68 0.728790 161 0.002683
69 0.738380 184 0.003067
70 0.747970 160 0.002667
71 0.757559 190 0.003167
72 0.767149 190 0.003167
73 0.776739 175 0.002917
74 0.786329 182 0.003033
75 0.795918 200 0.003333
76 0.805508 194 0.003233
77 0.815098 212 0.003533
78 0.824688 189 0.003150
79 0.834277 216 0.003600
80 0.843867 265 0.004417
81 0.853457 251 0.004183
82 0.863047 243 0.004050
83 0.872636 337 0.005617
84 0.882226 388 0.006467
85 0.891816 335 0.005583
86 0.901406 240 0.004000
87 0.910995 239 0.003983
88 0.920585 277 0.004617
89 0.930175 287 0.004783
90 0.939765 202 0.003367
91 0.949354 123 0.002050
92 0.958944 96 0.001600
93 0.968534 81 0.001350
94 0.978124 34 0.000567
95 0.987714 13 0.000217
96 0.997303 14 0.000233
97 1.006893 4 0.000067
98 1.016483 2 0.000033
99 1.026073 1 0.000017
