0 0.027276 5 0.000250
1 0.036890 5 0.000250
2 0.046503 6 0.000300
3 0.056116 10 0.000500
4 0.065730 8 0.000400
5 0.075343 11 0.000550
6 0.084957 10 0.000500
7 0.094570 7 0.000350
8 0.104183 13 0.000650
9 0.113797 9 0.000450
10 0.123410 15 0.000750
11 0.133023 6 0.000300
12 0.142637 10 0.000500
13 0.152250 11 0.000550
14 0.161864 13 0.000650
15 0.171477 6 0.000300
16 0.181090 22 0.001100
17 0.190704 21 0.001050
18 0.200317 28 0.001400
19 0.209931 32 0.001600
20 0.219544 28 0.001400
21 0.229157 24 0.001200
22 0.238771 17 0.000850
23 0.248384 29 0.001450
24 0.257997 42 0.002100
25 0.267611 29 0.001450
26 0.277224 43 0.002150
27 0.286838 64 0.003200
28 0.296451 59 0.002950
29 0.306064 51 0.002550
30 0.315678 64 0.003200
31 0.325291 84 0.004200
32 0.334905 82 0.004100
33 0.344518 99 0.004950
34 0.354131 87 0.004350
35 0.363745 137 0.006850
36 0.373358 110 0.005500
37 0.382971 159 0.007950
38 0.392585 158 0.007900
39 0.402198 215 0.010750
40 0.411812 220 0.011000
41 0.421425 251 0.012550
42 0.431038 344 0.017200
43 0.440652 358 0.017900
44 0.450265 536 0.026800
45 0.459879 722 0.036100
46 0.469492 961 0.048050
47 0.479105 1561 0.078050
48 0.488719 2878 0.143900
49 0.498332 3051 0.152550
50 0.507945 1834 0.091700
51 0.517559 1056 0.052800
52 0.527172 675 0.033750
53 0.536786 558 0.027900
54 0.546399 389 0.019450
55 0.556012 332 0.016600
56 0.565626 340 0.017000
57 0.575239 316 0.015800
58 0.584852 175 0.008750
59 0.594466 162 0.008100
60 0.604079 131 0.006550
61 0.613693 134 0.006700
62 0.623306 128 0.006400
63 0.632919 110 0.005500
64 0.642533 98 0.004900
65 0.652146 95 0.004750
66 0.661760 63 0.003150
67 0.671373 79 0.003950
68 0.680986 73 0.003650
69 0.690600 39 0.001950
70 0.700213 50 0.002500
71 0.709826 29 0.001450
72 0.719440 41 0.002050
73 0.729053 35 0.001750
74 0.738667 25 0.001250
75 0.748280 33 0.001650
76 0.757893 22 0.001100
77 0.767507 36 0.001800
78 0.777120 24 0.001200
79 0.786734 25 0.001250
80 0.796347 13 0.000650
81 0.805960 11 0.000550
82 0.815574 13 0.000650
83 0.825187 18 0.000900
84 0.834800 16 0.000800
85 0.844414 9 0.000450
86 0.854027 10 0.000500
87 0.863641 7 0.000350
88 0.873254 9 0.000450
89 0.882867 12 0.000600
90 0.892481 9 0.000450
91 0.902094 10 0.000500
92 0.911707 13 0.000650
93 0.921321 13 0.000650
94 0.930934 7 0.000350
95 0.940548 3 0.000150
96 0.950161 2 0.000100
97 0.959774 1 0.000050
98 0.969388 5 0.000250
99 0.979001 1 0.000050
