0 0.453173 5 0.000250
1 0.454490 2 0.000100
2 0.455807 1 0.000050
3 0.457125 0 0.000000
4 0.458442 0 0.000000
5 0.459759 1 0.000050
6 0.461076 2 0.000100
7 0.462394 3 0.000150
8 0.463711 2 0.000100
9 0.465028 5 0.000250
10 0.466345 5 0.000250
11 0.467663 11 0.000550
12 0.468980 22 0.001100
13 0.470297 20 0.001000
14 0.471614 10 0.000500
15 0.472932 3 0.000150
16 0.474249 5 0.000250
17 0.475566 30 0.001500
18 0.476884 26 0.001300
19 0.478201 31 0.001550
20 0.479518 31 0.001550
21 0.480835 44 0.002200
22 0.482153 30 0.001500
23 0.483470 50 0.002500
24 0.484787 45 0.002250
25 0.486104 26 0.001300
26 0.487422 84 0.004200
27 0.488739 129 0.006450
28 0.490056 163 0.008150
29 0.491373 163 0.008150
30 0.492691 216 0.010800
31 0.494008 254 0.012700
32 0.495325 435 0.021750
33 0.496643 331 0.016550
34 0.497960 543 0.027150
35 0.499277 679 0.033950
36 0.500594 782 0.039100
37 0.501912 998 0.049900
38 0.503229 1493 0.074650
39 0.504546 1685 0.084250
40 0.505863 2182 0.109100
41 0.507181 2207 0.110350
42 0.508498 1756 0.087800
43 0.509815 1328 0.066400
44 0.511132 1053 0.052650
45 0.512450 685 0.034250
46 0.513767 543 0.027150
47 0.515084 369 0.018450
48 0.516402 327 0.016350
49 0.517719 229 0.011450
50 0.519036 163 0.008150
51 0.520353 140 0.007000
52 0.521671 98 0.004900
53 0.522988 88 0.004400
54 0.524305 64 0.003200
55 0.525622 59 0.002950
56 0.526940 35 0.001750
57 0.528257 20 0.001000
58 0.529574 22 0.001100
59 0.530891 31 0.001550
60 0.532209 23 0.001150
61 0.533526 25 0.001250
62 0.534843 32 0.001600
63 0.536160 18 0.000900
64 0.537478 12 0.000600
65 0.538795 15 0.000750
66 0.540112 12 0.000600
67 0.541430 7 0.000350
68 0.542747 13 0.000650
69 0.544064 3 0.000150
70 0.545381 6 0.000300
71 0.546699 5 0.000250
72 0.548016 12 0.000600
73 0.549333 2 0.000100
74 0.550650 4 0.000200
75 0.551968 0 0.000000
76 0.553285 0 0.000000
77 0.554602 0 0.000000
78 0.555919 0 0.000000
79 0.557237 0 0.000000
80 0.558554 0 0.000000
81 0.559871 0 0.000000
82 0.561189 1 0.000050
83 0.562506 2 0.000100
84 0.563823 3 0.000150
85 0.565140 10 0.000500
86 0.566458 9 0.000450
87 0.567775 3 0.000150
88 0.569092 0 0.000000
89 0.570409 0 0.000000
90 0.571727 0 0.000000
91 0.573044 0 0.000000
92 0.574361 0 0.000000
93 0.575678 0 0.000000
94 0.576996 8 0.000400
95 0.578313 1 0.000050
96 0.579630 4 0.000200
97 0.580948 3 0.000150
98 0.582265 2 0.000100
99 0.583582 1 0.000050
