0 0.014398 5 0.000250
1 0.024344 9 0.000450
2 0.034290 4 0.000200
3 0.044236 2 0.000100
4 0.054182 2 0.000100
5 0.064128 3 0.000150
6 0.074074 9 0.000450
7 0.084020 4 0.000200
8 0.093965 3 0.000150
9 0.103911 4 0.000200
10 0.113857 3 0.000150
11 0.123803 4 0.000200
12 0.133749 5 0.000250
13 0.143695 0 0.000000
14 0.153641 3 0.000150
15 0.163587 3 0.000150
16 0.173532 4 0.000200
17 0.183478 0 0.000000
18 0.193424 10 0.000500
19 0.203370 6 0.000300
20 0.213316 12 0.000600
21 0.223262 6 0.000300
22 0.233208 4 0.000200
23 0.243154 20 0.001000
24 0.253100 27 0.001350
25 0.263045 29 0.001450
26 0.272991 37 0.001850
27 0.282937 31 0.001550
28 0.292883 33 0.001650
29 0.302829 46 0.002300
30 0.312775 131 0.006550
31 0.322721 118 0.005900
32 0.332666 173 0.008650
33 0.342612 91 0.004550
34 0.352558 17 0.000850
35 0.362504 8 0.000400
36 0.372450 17 0.000850
37 0.382396 18 0.000900
38 0.392342 20 0.001000
39 0.402288 20 0.001000
40 0.412234 29 0.001450
41 0.422179 25 0.001250
42 0.432125 44 0.002200
43 0.442071 34 0.001700
44 0.452017 69 0.003450
45 0.461963 58 0.002900
46 0.471909 61 0.003050
47 0.481855 83 0.004150
48 0.491800 116 0.005800
49 0.501746 103 0.005150
50 0.511692 108 0.005400
51 0.521638 158 0.007900
52 0.531584 215 0.010750
53 0.541530 270 0.013500
54 0.551476 394 0.019700
55 0.561422 503 0.025150
56 0.571368 1079 0.053950
57 0.581313 2104 0.105200
58 0.591259 2951 0.147550
59 0.601205 1474 0.073700
60 0.611151 863 0.043150
61 0.621097 856 0.042800
62 0.631043 458 0.022900
63 0.640989 326 0.016300
64 0.650935 264 0.013200
65 0.660880 244 0.012200
66 0.670826 217 0.010850
67 0.680772 204 0.010200
68 0.690718 183 0.009150
69 0.700664 155 0.007750
70 0.710610 160 0.008000
71 0.720556 126 0.006300
72 0.730502 169 0.008450
73 0.740447 160 0.008000
74 0.750393 157 0.007850
75 0.760339 160 0.008000
76 0.770285 172 0.008600
77 0.780231 144 0.007200
78 0.790177 166 0.008300
79 0.800123 169 0.008450
80 0.810069 174 0.008700
81 0.820014 228 0.011400
82 0.829960 207 0.010350
83 0.839906 228 0.011400
84 0.849852 288 0.014400
85 0.859798 448 0.022400
86 0.869744 338 0.016900
87 0.879690 381 0.019050
88 0.889636 256 0.012800
89 0.899581 218 0.010900
90 0.909527 251 0.012550
91 0.919473 307 0.015350
92 0.929419 200 0.010000
93 0.939365 144 0.007200
94 0.949311 54 0.002700
95 0.959257 40 0.002000
96 0.969203 38 0.001900
97 0.979148 20 0.001000
98 0.989094 7 0.000350
99 0.999040 1 0.000050
