0 0.132455 20 0.001000
1 0.141481 11 0.000550
2 0.150508 12 0.000600
3 0.159534 4 0.000200
4 0.168560 2 0.000100
5 0.177587 5 0.000250
6 0.186613 9 0.000450
7 0.195640 14 0.000700
8 0.204666 19 0.000950
9 0.213693 9 0.000450
10 0.222719 12 0.000600
11 0.231745 7 0.000350
12 0.240772 30 0.001500
13 0.249798 36 0.001800
14 0.258825 23 0.001150
15 0.267851 8 0.000400
16 0.276878 38 0.001900
17 0.285904 41 0.002050
18 0.294931 48 0.002400
19 0.303957 36 0.001800
20 0.312983 35 0.001750
21 0.322010 165 0.008250
22 0.331036 160 0.008000
23 0.340063 45 0.002250
24 0.349089 41 0.002050
25 0.358116 24 0.001200
26 0.367142 13 0.000650
27 0.376169 14 0.000700
28 0.385195 15 0.000750
29 0.394221 15 0.000750
30 0.403248 11 0.000550
31 0.412274 19 0.000950
32 0.421301 22 0.001100
33 0.430327 25 0.001250
34 0.439354 25 0.001250
35 0.448380 34 0.001700
36 0.457407 51 0.002550
37 0.466433 57 0.002850
38 0.475459 63 0.003150
39 0.484486 44 0.002200
40 0.493512 94 0.004700
41 0.502539 73 0.003650
42 0.511565 81 0.004050
43 0.520592 139 0.006950
44 0.529618 133 0.006650
45 0.538645 171 0.008550
46 0.547671 242 0.012100
47 0.556697 371 0.018550
48 0.565724 411 0.020550
49 0.574750 538 0.026900
50 0.583777 1095 0.054750
51 0.592803 2244 0.112200
52 0.601830 2330 0.116500
53 0.610856 1613 0.080650
54 0.619883 878 0.043900
55 0.628909 586 0.029300
56 0.637935 544 0.027200
57 0.646962 375 0.018750
58 0.655988 261 0.013050
59 0.665015 255 0.012750
60 0.674041 209 0.010450
61 0.683068 192 0.009600
62 0.692094 168 0.008400
63 0.701120 170 0.008500
64 0.710147 152 0.007600
65 0.719173 120 0.006000
66 0.728200 134 0.006700
67 0.737226 135 0.006750
68 0.746253 120 0.006000
69 0.755279 157 0.007850
70 0.764306 152 0.007600
71 0.773332 142 0.007100
72 0.782359 128 0.006400
73 0.791385 157 0.007850
74 0.800411 163 0.008150
75 0.809438 178 0.008900
76 0.818464 175 0.008750
77 0.827491 162 0.008100
78 0.836517 201 0.010050
79 0.845544 220 0.011000
80 0.854570 230 0.011500
81 0.863596 213 0.010650
82 0.872623 318 0.015900
83 0.881649 351 0.017550
84 0.890676 299 0.014950
85 0.899702 251 0.012550
86 0.908729 196 0.009800
87 0.917755 268 0.013400
88 0.926782 291 0.014550
89 0.935808 222 0.011100
90 0.944834 125 0.006250
91 0.953861 110 0.005500
92 0.962887 80 0.004000
93 0.971914 62 0.003100
94 0.980940 24 0.001200
95 0.989967 12 0.000600
96 0.998993 10 0.000500
97 1.008020 4 0.000200
98 1.017046 2 0.000100
99 1.026072 1 0.000050
