0 0.076687 9 0.000450
1 0.085529 3 0.000150
2 0.094371 6 0.000300
3 0.103213 4 0.000200
4 0.112054 7 0.000350
5 0.120896 16 0.000800
6 0.129738 10 0.000500
7 0.138580 15 0.000750
8 0.147422 26 0.001300
9 0.156264 19 0.000950
10 0.165105 8 0.000400
11 0.173947 17 0.000850
12 0.182789 12 0.000600
13 0.191631 23 0.001150
14 0.200473 22 0.001100
15 0.209315 28 0.001400
16 0.218156 17 0.000850
17 0.226998 31 0.001550
18 0.235840 42 0.002100
19 0.244682 42 0.002100
20 0.253524 32 0.001600
21 0.262366 29 0.001450
22 0.271208 42 0.002100
23 0.280049 38 0.001900
24 0.288891 36 0.001800
25 0.297733 36 0.001800
26 0.306575 67 0.003350
27 0.315417 60 0.003000
28 0.324259 68 0.003400
29 0.333100 65 0.003250
30 0.341942 74 0.003700
31 0.350784 104 0.005200
32 0.359626 115 0.005750
33 0.368468 98 0.004900
34 0.377310 120 0.006000
35 0.386151 147 0.007350
36 0.394993 152 0.007600
37 0.403835 163 0.008150
38 0.412677 204 0.010200
39 0.421519 258 0.012900
40 0.430361 273 0.013650
41 0.439202 355 0.017750
42 0.448044 384 0.019200
43 0.456886 536 0.026800
44 0.465728 764 0.038200
45 0.474570 893 0.044650
46 0.483412 1413 0.070650
47 0.492253 2371 0.118550
48 0.501095 2806 0.140300
49 0.509937 1663 0.083150
50 0.518779 1168 0.058400
51 0.527621 795 0.039750
52 0.536463 679 0.033950
53 0.545304 470 0.023500
54 0.554146 401 0.020050
55 0.562988 359 0.017950
56 0.571830 285 0.014250
57 0.580672 259 0.012950
58 0.589514 181 0.009050
59 0.598356 168 0.008400
60 0.607197 132 0.006600
61 0.616039 133 0.006650
62 0.624881 108 0.005400
63 0.633723 116 0.005800
64 0.642565 116 0.005800
65 0.651407 73 0.003650
66 0.660248 84 0.004200
67 0.669090 56 0.002800
68 0.677932 58 0.002900
69 0.686774 60 0.003000
70 0.695616 60 0.003000
71 0.704458 52 0.002600
72 0.713299 41 0.002050
73 0.722141 23 0.001150
74 0.730983 23 0.001150
75 0.739825 36 0.001800
76 0.748667 26 0.001300
77 0.757509 25 0.001250
78 0.766350 33 0.001650
79 0.775192 24 0.001200
80 0.784034 21 0.001050
81 0.792876 25 0.001250
82 0.801718 18 0.000900
83 0.810560 30 0.001500
84 0.819402 15 0.000750
85 0.828243 15 0.000750
86 0.837085 16 0.000800
87 0.845927 21 0.001050
88 0.854769 16 0.000800
89 0.863611 7 0.000350
90 0.872452 4 0.000200
91 0.881294 5 0.000250
92 0.890136 12 0.000600
93 0.898978 10 0.000500
94 0.907820 3 0.000150
95 0.916662 2 0.000100
96 0.925504 7 0.000350
97 0.934345 2 0.000100
98 0.943187 3 0.000150
99 0.952029 1 0.000050
