0 0.000000 50528 0.842133
1 0.001605 2167 0.036117
2 0.003210 1462 0.024367
3 0.004815 1383 0.023050
4 0.006421 913 0.015217
5 0.008026 507 0.008450
6 0.009631 355 0.005917
7 0.011236 388 0.006467
8 0.012841 365 0.006083
9 0.014446 321 0.005350
10 0.016052 312 0.005200
11 0.017657 263 0.004383
12 0.019262 192 0.003200
13 0.020867 168 0.002800
14 0.022472 127 0.002117
15 0.024077 87 0.001450
16 0.025683 75 0.001250
17 0.027288 112 0.001867
18 0.028893 69 0.001150
19 0.030498 36 0.000600
20 0.032103 46 0.000767
21 0.033708 21 0.000350
22 0.035314 11 0.000183
23 0.036919 9 0.000150
24 0.038524 9 0.000150
25 0.040129 10 0.000167
26 0.041734 6 0.000100
27 0.043339 8 0.000133
28 0.044945 8 0.000133
29 0.046550 2 0.000033
30 0.048155 3 0.000050
31 0.049760 1 0.000017
32 0.051365 2 0.000033
33 0.052970 0 0.000000
34 0.054576 1 0.000017
35 0.056181 1 0.000017
36 0.057786 0 0.000000
37 0.059391 2 0.000033
38 0.060996 0 0.000000
39 0.062601 0 0.000000
40 0.064207 1 0.000017
41 0.065812 0 0.000000
42 0.067417 2 0.000033
43 0.069022 2 0.000033
44 0.070627 1 0.000017
45 0.072232 1 0.000017
46 0.073838 2 0.000033
47 0.075443 6 0.000100
48 0.077048 0 0.000000
49 0.078653 0 0.000000
50 0.080258 1 0.000017
51 0.081863 0 0.000000
52 0.083469 1 0.000017
53 0.085074 0 0.000000
54 0.086679 1 0.000017
55 0.088284 1 0.000017
56 0.089889 2 0.000033
57 0.091494 2 0.000033
58 0.093100 2 0.000033
59 0.094705 0 0.000000
60 0.096310 1 0.000017
61 0.097915 0 0.000000
62 0.099520 0 0.000000
63 0.101125 0 0.000000
64 0.102731 0 0.000000
65 0.104336 0 0.000000
66 0.105941 0 0.000000
67 0.107546 0 0.000000
68 0.109151 0 0.000000
69 0.110756 0 0.000000
70 0.112362 0 0.000000
71 0.113967 0 0.000000
72 0.115572 0 0.000000
73 0.117177 0 0.000000
74 0.118782 0 0.000000
75 0.120387 0 0.000000
76 0.121993 0 0.000000
77 0.123598 0 0.000000
78 0.125203 0 0.000000
79 0.126808 0 0.000000
80 0.128413 0 0.000000
81 0.130018 0 0.000000
82 0.131624 0 0.000000
83 0.133229 0 0.000000
84 0.134834 0 0.000000
85 0.136439 1 0.000017
86 0.138044 0 0.000000
87 0.139649 0 0.000000
88 0.141255 0 0.000000
89 0.142860 0 0.000000
90 0.144465 1 0.000017
91 0.146070 0 0.000000
92 0.147675 0 0.000000
93 0.149280 0 0.000000
94 0.150886 0 0.000000
95 0.152491 0 0.000000
96 0.154096 0 0.000000
97 0.155701 1 0.000017
98 0.157306 0 0.000000
99 0.158911 1 0.000017
