0 -0.131887 2 0.000100
1 -0.129202 0 0.000000
2 -0.126517 4 0.000200
3 -0.123832 3 0.000150
4 -0.121148 0 0.000000
5 -0.118463 2 0.000100
6 -0.115778 1 0.000050
7 -0.113093 3 0.000150
8 -0.110408 0 0.000000
9 -0.107724 1 0.000050
10 -0.105039 1 0.000050
11 -0.102354 0 0.000000
12 -0.099669 0 0.000000
13 -0.096984 0 0.000000
14 -0.094300 1 0.000050
15 -0.091615 0 0.000000
16 -0.088930 0 0.000000
17 -0.086245 1 0.000050
18 -0.083560 1 0.000050
19 -0.080876 0 0.000000
20 -0.078191 0 0.000000
21 -0.075506 1 0.000050
22 -0.072821 2 0.000100
23 -0.070136 0 0.000000
24 -0.067452 2 0.000100
25 -0.064767 1 0.000050
26 -0.062082 0 0.000000
27 -0.059397 3 0.000150
28 -0.056712 1 0.000050
29 -0.054028 8 0.000400
30 -0.051343 8 0.000400
31 -0.048658 12 0.000600
32 -0.045973 13 0.000650
33 -0.043288 22 0.001100
34 -0.040604 42 0.002100
35 -0.037919 49 0.002450
36 -0.035234 60 0.003000
37 -0.032549 87 0.004350
38 -0.029864 156 0.007800
39 -0.027180 274 0.013700
40 -0.024495 414 0.020700
41 -0.021810 668 0.033400
42 -0.019125 1000 0.050000
43 -0.016440 1839 0.091950
44 -0.013756 3323 0.166150
45 -0.011071 4817 0.240850
46 -0.008386 3345 0.167250
47 -0.005701 1517 0.075850
48 -0.003016 810 0.040500
49 -0.000332 551 0.027550
50 0.002353 345 0.017250
51 0.005038 201 0.010050
52 0.007723 111 0.005550
53 0.010408 72 0.003600
54 0.013092 53 0.002650
55 0.015777 41 0.002050
56 0.018462 23 0.001150
57 0.021147 20 0.001000
58 0.023832 11 0.000550
59 0.026516 13 0.000650
60 0.029201 8 0.000400
61 0.031886 7 0.000350
62 0.034571 9 0.000450
63 0.037256 5 0.000250
64 0.039940 2 0.000100
65 0.042625 2 0.000100
66 0.045310 1 0.000050
67 0.047995 1 0.000050
68 0.050680 1 0.000050
69 0.053364 11 0.000550
70 0.056049 0 0.000000
71 0.058734 2 0.000100
72 0.061419 0 0.000000
73 0.064104 1 0.000050
74 0.066788 0 0.000000
75 0.069473 0 0.000000
76 0.072158 0 0.000000
77 0.074843 0 0.000000
78 0.077528 0 0.000000
79 0.080212 0 0.000000
80 0.082897 0 0.000000
81 0.085582 0 0.000000
82 0.088267 0 0.000000
83 0.090952 0 0.000000
84 0.093636 1 0.000050
85 0.096321 1 0.000050
86 0.099006 0 0.000000
87 0.101691 0 0.000000
88 0.104376 0 0.000000
89 0.107060 1 0.000050
90 0.109745 0 0.000000
91 0.112430 1 0.000050
92 0.115115 1 0.000050
93 0.117800 2 0.000100
94 0.120484 2 0.000100
95 0.123169 0 0.000000
96 0.125854 3 0.000150
97 0.128539 2 0.000100
98 0.131223 0 0.000000
99 0.133908 1 0.000050
