0 -0.124734 1 0.000050
1 -0.122673 1 0.000050
2 -0.120612 0 0.000000
3 -0.118551 1 0.000050
4 -0.116490 0 0.000000
5 -0.114428 1 0.000050
6 -0.112367 0 0.000000
7 -0.110306 0 0.000000
8 -0.108245 0 0.000000
9 -0.106184 0 0.000000
10 -0.104123 0 0.000000
11 -0.102062 0 0.000000
12 -0.100001 0 0.000000
13 -0.097940 3 0.000150
14 -0.095879 2 0.000100
15 -0.093818 0 0.000000
16 -0.091757 0 0.000000
17 -0.089696 0 0.000000
18 -0.087635 0 0.000000
19 -0.085574 2 0.000100
20 -0.083513 0 0.000000
21 -0.081452 0 0.000000
22 -0.079391 1 0.000050
23 -0.077330 0 0.000000
24 -0.075269 3 0.000150
25 -0.073208 1 0.000050
26 -0.071147 1 0.000050
27 -0.069086 1 0.000050
28 -0.067025 4 0.000200
29 -0.064964 8 0.000400
30 -0.062903 2 0.000100
31 -0.060842 3 0.000150
32 -0.058781 5 0.000250
33 -0.056720 4 0.000200
34 -0.054659 5 0.000250
35 -0.052598 3 0.000150
36 -0.050537 7 0.000350
37 -0.048476 7 0.000350
38 -0.046415 7 0.000350
39 -0.044354 12 0.000600
40 -0.042293 14 0.000700
41 -0.040232 18 0.000900
42 -0.038171 32 0.001600
43 -0.036110 31 0.001550
44 -0.034049 32 0.001600
45 -0.031988 80 0.004000
46 -0.029927 97 0.004850
47 -0.027866 119 0.005950
48 -0.025805 135 0.006750
49 -0.023744 174 0.008700
50 -0.021683 240 0.012000
51 -0.019622 365 0.018250
52 -0.017561 495 0.024750
53 -0.015500 871 0.043550
54 -0.013439 1738 0.086900
55 -0.011378 3487 0.174350
56 -0.009317 4824 0.241200
57 -0.007256 3052 0.152600
58 -0.005195 1402 0.070100
59 -0.003134 696 0.034800
60 -0.001073 581 0.029050
61 0.000988 328 0.016400
62 0.003049 262 0.013100
63 0.005110 189 0.009450
64 0.007171 167 0.008350
65 0.009232 114 0.005700
66 0.011293 80 0.004000
67 0.013354 67 0.003350
68 0.015415 30 0.001500
69 0.017476 33 0.001650
70 0.019537 18 0.000900
71 0.021598 19 0.000950
72 0.023659 12 0.000600
73 0.025720 14 0.000700
74 0.027781 11 0.000550
75 0.029842 15 0.000750
76 0.031903 6 0.000300
77 0.033964 7 0.000350
78 0.036025 3 0.000150
79 0.038087 12 0.000600
80 0.040148 5 0.000250
81 0.042209 4 0.000200
82 0.044270 6 0.000300
83 0.046331 13 0.000650
84 0.048392 8 0.000400
85 0.050453 2 0.000100
86 0.052514 2 0.000100
87 0.054575 2 0.000100
88 0.056636 0 0.000000
89 0.058697 0 0.000000
90 0.060758 0 0.000000
91 0.062819 1 0.000050
92 0.064880 0 0.000000
93 0.066941 0 0.000000
94 0.069002 0 0.000000
95 0.071063 0 0.000000
96 0.073124 0 0.000000
97 0.075185 0 0.000000
98 0.077246 1 0.000050
99 0.079307 1 0.000050
