0 -0.380495 1 0.000017
1 -0.372625 1 0.000017
2 -0.364755 0 0.000000
3 -0.356885 0 0.000000
4 -0.349015 0 0.000000
5 -0.341145 0 0.000000
6 -0.333275 0 0.000000
7 -0.325405 0 0.000000
8 -0.317535 1 0.000017
9 -0.309665 1 0.000017
10 -0.301795 1 0.000017
11 -0.293925 1 0.000017
12 -0.286055 1 0.000017
13 -0.278185 8 0.000133
14 -0.270315 3 0.000050
15 -0.262445 2 0.000033
16 -0.254575 0 0.000000
17 -0.246705 2 0.000033
18 -0.238835 1 0.000017
19 -0.230964 1 0.000017
20 -0.223094 2 0.000033
21 -0.215224 10 0.000167
22 -0.207354 6 0.000100
23 -0.199484 4 0.000067
24 -0.191614 23 0.000383
25 -0.183744 60 0.001000
26 -0.175874 71 0.001183
27 -0.168004 56 0.000933
28 -0.160134 69 0.001150
29 -0.152264 138 0.002300
30 -0.144394 219 0.003650
31 -0.136524 247 0.004117
32 -0.128654 158 0.002633
33 -0.120784 125 0.002083
34 -0.112914 182 0.003033
35 -0.105044 205 0.003417
36 -0.097174 277 0.004617
37 -0.089304 536 0.008933
38 -0.081434 737 0.012283
39 -0.073564 570 0.009500
40 -0.065694 346 0.005767
41 -0.057824 426 0.007100
42 -0.049954 637 0.010617
43 -0.042084 881 0.014683
44 -0.034214 1336 0.022267
45 -0.026344 2970 0.049500
46 -0.018474 11787 0.196450
47 -0.010604 24553 0.409217
48 -0.002734 4388 0.073133
49 0.005136 1664 0.027733
50 0.013006 1179 0.019650
51 0.020876 1090 0.018167
52 0.028746 681 0.011350
53 0.036616 431 0.007183
54 0.044486 446 0.007433
55 0.052356 509 0.008483
56 0.060226 529 0.008817
57 0.068096 390 0.006500
58 0.075966 212 0.003533
59 0.083836 193 0.003217
60 0.091706 177 0.002950
61 0.099576 186 0.003100
62 0.107446 263 0.004383
63 0.115316 277 0.004617
64 0.123186 197 0.003283
65 0.131056 99 0.001650
66 0.138926 78 0.001300
67 0.146796 92 0.001533
68 0.154666 78 0.001300
69 0.162536 92 0.001533
70 0.170406 30 0.000500
71 0.178276 13 0.000217
72 0.186146 7 0.000117
73 0.194016 13 0.000217
74 0.201886 9 0.000150
75 0.209756 5 0.000083
76 0.217627 5 0.000083
77 0.225497 1 0.000017
78 0.233367 1 0.000017
79 0.241237 0 0.000000
80 0.249107 1 0.000017
81 0.256977 1 0.000017
82 0.264847 0 0.000000
83 0.272717 0 0.000000
84 0.280587 0 0.000000
85 0.288457 1 0.000017
86 0.296327 3 0.000050
87 0.304197 2 0.000033
88 0.312067 0 0.000000
89 0.319937 0 0.000000
90 0.327807 0 0.000000
91 0.335677 0 0.000000
92 0.343547 0 0.000000
93 0.351417 0 0.000000
94 0.359287 0 0.000000
95 0.367157 0 0.000000
96 0.375027 0 0.000000
97 0.382897 0 0.000000
98 0.390767 1 0.000017
99 0.398637 1 0.000017
