0 -0.380495 1 0.000050
1 -0.372625 1 0.000050
2 -0.364755 0 0.000000
3 -0.356885 0 0.000000
4 -0.349015 0 0.000000
5 -0.341145 0 0.000000
6 -0.333275 0 0.000000
7 -0.325405 0 0.000000
8 -0.317535 1 0.000050
9 -0.309665 1 0.000050
10 -0.301795 1 0.000050
11 -0.293925 1 0.000050
12 -0.286055 1 0.000050
13 -0.278185 8 0.000400
14 -0.270315 3 0.000150
15 -0.262445 2 0.000100
16 -0.254575 0 0.000000
17 -0.246705 2 0.000100
18 -0.238835 1 0.000050
19 -0.230964 1 0.000050
20 -0.223094 2 0.000100
21 -0.215224 10 0.000500
22 -0.207354 6 0.000300
23 -0.199484 4 0.000200
24 -0.191614 23 0.001150
25 -0.183744 60 0.003000
26 -0.175874 71 0.003550
27 -0.168004 56 0.002800
28 -0.160134 69 0.003450
29 -0.152264 138 0.006900
30 -0.144394 219 0.010950
31 -0.136524 245 0.012250
32 -0.128654 149 0.007450
33 -0.120784 120 0.006000
34 -0.112914 178 0.008900
35 -0.105044 201 0.010050
36 -0.097174 274 0.013700
37 -0.089304 532 0.026600
38 -0.081434 735 0.036750
39 -0.073564 559 0.027950
40 -0.065694 326 0.016300
41 -0.057824 394 0.019700
42 -0.049954 576 0.028800
43 -0.042084 661 0.033050
44 -0.034214 685 0.034250
45 -0.026344 657 0.032850
46 -0.018474 820 0.041000
47 -0.010604 3612 0.180600
48 -0.002734 1074 0.053700
49 0.005136 757 0.037850
50 0.013006 913 0.045650
51 0.020876 988 0.049400
52 0.028746 619 0.030950
53 0.036616 398 0.019900
54 0.044486 415 0.020750
55 0.052356 492 0.024600
56 0.060226 527 0.026350
57 0.068096 390 0.019500
58 0.075966 210 0.010500
59 0.083836 193 0.009650
60 0.091706 175 0.008750
61 0.099576 186 0.009300
62 0.107446 261 0.013050
63 0.115316 272 0.013600
64 0.123186 192 0.009600
65 0.131056 98 0.004900
66 0.138926 78 0.003900
67 0.146796 92 0.004600
68 0.154666 78 0.003900
69 0.162536 92 0.004600
70 0.170406 30 0.001500
71 0.178276 13 0.000650
72 0.186146 7 0.000350
73 0.194016 13 0.000650
74 0.201886 9 0.000450
75 0.209756 5 0.000250
76 0.217627 5 0.000250
77 0.225497 1 0.000050
78 0.233367 1 0.000050
79 0.241237 0 0.000000
80 0.249107 1 0.000050
81 0.256977 1 0.000050
82 0.264847 0 0.000000
83 0.272717 0 0.000000
84 0.280587 0 0.000000
85 0.288457 1 0.000050
86 0.296327 3 0.000150
87 0.304197 2 0.000100
88 0.312067 0 0.000000
89 0.319937 0 0.000000
90 0.327807 0 0.000000
91 0.335677 0 0.000000
92 0.343547 0 0.000000
93 0.351417 0 0.000000
94 0.359287 0 0.000000
95 0.367157 0 0.000000
96 0.375027 0 0.000000
97 0.382897 0 0.000000
98 0.390767 1 0.000050
99 0.398637 1 0.000050
