0 0.122462 2 0.000100
1 0.130304 0 0.000000
2 0.138146 0 0.000000
3 0.145987 0 0.000000
4 0.153829 0 0.000000
5 0.161671 0 0.000000
6 0.169513 0 0.000000
7 0.177355 0 0.000000
8 0.185197 0 0.000000
9 0.193039 0 0.000000
10 0.200881 3 0.000150
11 0.208723 1 0.000050
12 0.216565 4 0.000200
13 0.224407 9 0.000450
14 0.232249 1 0.000050
15 0.240090 1 0.000050
16 0.247932 1 0.000050
17 0.255774 1 0.000050
18 0.263616 0 0.000000
19 0.271458 2 0.000100
20 0.279300 1 0.000050
21 0.287142 2 0.000100
22 0.294984 5 0.000250
23 0.302826 24 0.001200
24 0.310668 30 0.001500
25 0.318510 40 0.002000
26 0.326351 80 0.004000
27 0.334193 43 0.002150
28 0.342035 44 0.002200
29 0.349877 78 0.003900
30 0.357719 165 0.008250
31 0.365561 181 0.009050
32 0.373403 291 0.014550
33 0.381245 161 0.008050
34 0.389087 165 0.008250
35 0.396929 158 0.007900
36 0.404771 278 0.013900
37 0.412613 319 0.015950
38 0.420454 544 0.027200
39 0.428296 868 0.043400
40 0.436138 377 0.018850
41 0.443980 358 0.017900
42 0.451822 419 0.020950
43 0.459664 506 0.025300
44 0.467506 748 0.037400
45 0.475348 507 0.025350
46 0.483190 545 0.027250
47 0.491032 653 0.032650
48 0.498874 4350 0.217500
49 0.506716 724 0.036200
50 0.514557 620 0.031000
51 0.522399 917 0.045850
52 0.530241 922 0.046100
53 0.538083 449 0.022450
54 0.545925 439 0.021950
55 0.553767 501 0.025050
56 0.561609 456 0.022800
57 0.569451 657 0.032850
58 0.577293 303 0.015150
59 0.585135 274 0.013700
60 0.592977 150 0.007500
61 0.600819 215 0.010750
62 0.608660 217 0.010850
63 0.616502 179 0.008950
64 0.624344 384 0.019200
65 0.632186 112 0.005600
66 0.640028 82 0.004100
67 0.647870 62 0.003100
68 0.655712 101 0.005050
69 0.663554 53 0.002650
70 0.671396 110 0.005500
71 0.679238 33 0.001650
72 0.687080 20 0.001000
73 0.694921 12 0.000600
74 0.702763 18 0.000900
75 0.710605 11 0.000550
76 0.718447 1 0.000050
77 0.726289 0 0.000000
78 0.734131 0 0.000000
79 0.741973 1 0.000050
80 0.749815 2 0.000100
81 0.757657 0 0.000000
82 0.765499 0 0.000000
83 0.773341 0 0.000000
84 0.781183 1 0.000050
85 0.789024 1 0.000050
86 0.796866 5 0.000250
87 0.804708 1 0.000050
88 0.812550 0 0.000000
89 0.820392 0 0.000000
90 0.828234 0 0.000000
91 0.836076 0 0.000000
92 0.843918 0 0.000000
93 0.851760 0 0.000000
94 0.859602 0 0.000000
95 0.867444 0 0.000000
96 0.875285 0 0.000000
97 0.883127 0 0.000000
98 0.890969 1 0.000050
99 0.898811 1 0.000050
