0 0.011944 4 0.000067
1 0.021924 9 0.000150
2 0.031905 10 0.000167
3 0.041885 8 0.000133
4 0.051865 20 0.000333
5 0.061846 14 0.000233
6 0.071826 11 0.000183
7 0.081806 15 0.000250
8 0.091787 11 0.000183
9 0.101767 16 0.000267
10 0.111747 18 0.000300
11 0.121728 8 0.000133
12 0.131708 9 0.000150
13 0.141689 13 0.000217
14 0.151669 20 0.000333
15 0.161649 18 0.000300
16 0.171630 22 0.000367
17 0.181610 22 0.000367
18 0.191590 19 0.000317
19 0.201571 27 0.000450
20 0.211551 42 0.000700
21 0.221531 41 0.000683
22 0.231512 24 0.000400
23 0.241492 42 0.000700
24 0.251473 64 0.001067
25 0.261453 65 0.001083
26 0.271433 77 0.001283
27 0.281414 105 0.001750
28 0.291394 84 0.001400
29 0.301374 113 0.001883
30 0.311355 236 0.003933
31 0.321335 229 0.003817
32 0.331316 336 0.005600
33 0.341296 243 0.004050
34 0.351276 267 0.004450
35 0.361257 330 0.005500
36 0.371237 494 0.008233
37 0.381217 397 0.006617
38 0.391198 407 0.006783
39 0.401178 537 0.008950
40 0.411158 709 0.011817
41 0.421139 1206 0.020100
42 0.431119 1174 0.019567
43 0.441100 906 0.015100
44 0.451080 1152 0.019200
45 0.461060 1509 0.025150
46 0.471041 1944 0.032400
47 0.481021 2487 0.041450
48 0.491001 4396 0.073267
49 0.500982 7385 0.123083
50 0.510962 2473 0.041217
51 0.520942 2200 0.036667
52 0.530923 1898 0.031633
53 0.540903 1301 0.021683
54 0.550884 1329 0.022150
55 0.560864 1497 0.024950
56 0.570844 2005 0.033417
57 0.580825 2630 0.043833
58 0.590805 3144 0.052400
59 0.600785 2011 0.033517
60 0.610766 1301 0.021683
61 0.620746 1316 0.021933
62 0.630726 786 0.013100
63 0.640707 569 0.009483
64 0.650687 501 0.008350
65 0.660668 410 0.006833
66 0.670648 452 0.007533
67 0.680628 300 0.005000
68 0.690609 264 0.004400
69 0.700589 243 0.004050
70 0.710569 207 0.003450
71 0.720550 187 0.003117
72 0.730530 166 0.002767
73 0.740511 218 0.003633
74 0.750491 175 0.002917
75 0.760471 189 0.003150
76 0.770452 221 0.003683
77 0.780432 180 0.003000
78 0.790412 199 0.003317
79 0.800393 145 0.002417
80 0.810373 187 0.003117
81 0.820353 251 0.004183
82 0.830334 235 0.003917
83 0.840314 252 0.004200
84 0.850295 305 0.005083
85 0.860275 478 0.007967
86 0.870255 373 0.006217
87 0.880236 392 0.006533
88 0.890216 302 0.005033
89 0.900196 244 0.004067
90 0.910177 257 0.004283
91 0.920157 345 0.005750
92 0.930137 230 0.003833
93 0.940118 154 0.002567
94 0.950098 61 0.001017
95 0.960079 42 0.000700
96 0.970059 51 0.000850
97 0.980039 18 0.000300
98 0.990020 10 0.000167
99 1.000000 1 0.000017
