0 0.040300 5 0.000250
1 0.049721 7 0.000350
2 0.059141 2 0.000100
3 0.068562 13 0.000650
4 0.077982 11 0.000550
5 0.087403 10 0.000500
6 0.096823 16 0.000800
7 0.106244 10 0.000500
8 0.115664 14 0.000700
9 0.125085 13 0.000650
10 0.134505 8 0.000400
11 0.143926 3 0.000150
12 0.153346 14 0.000700
13 0.162767 20 0.001000
14 0.172188 16 0.000800
15 0.181608 18 0.000900
16 0.191029 18 0.000900
17 0.200449 22 0.001100
18 0.209870 21 0.001050
19 0.219290 30 0.001500
20 0.228711 26 0.001300
21 0.238131 32 0.001600
22 0.247552 26 0.001300
23 0.256972 26 0.001300
24 0.266393 27 0.001350
25 0.275813 34 0.001700
26 0.285234 37 0.001850
27 0.294655 55 0.002750
28 0.304075 59 0.002950
29 0.313496 61 0.003050
30 0.322916 61 0.003050
31 0.332337 70 0.003500
32 0.341757 91 0.004550
33 0.351178 84 0.004200
34 0.360598 95 0.004750
35 0.370019 92 0.004600
36 0.379439 119 0.005950
37 0.388860 176 0.008800
38 0.398280 170 0.008500
39 0.407701 185 0.009250
40 0.417121 247 0.012350
41 0.426542 250 0.012500
42 0.435963 335 0.016750
43 0.445383 419 0.020950
44 0.454804 419 0.020950
45 0.464224 542 0.027100
46 0.473645 738 0.036900
47 0.483065 1203 0.060150
48 0.492486 1948 0.097400
49 0.501906 3443 0.172150
50 0.511327 2347 0.117350
51 0.520747 1252 0.062600
52 0.530168 858 0.042900
53 0.539588 621 0.031050
54 0.549009 439 0.021950
55 0.558430 346 0.017300
56 0.567850 380 0.019000
57 0.577271 334 0.016700
58 0.586691 265 0.013250
59 0.596112 159 0.007950
60 0.605532 166 0.008300
61 0.614953 144 0.007200
62 0.624373 113 0.005650
63 0.633794 127 0.006350
64 0.643214 118 0.005900
65 0.652635 91 0.004550
66 0.662055 74 0.003700
67 0.671476 94 0.004700
68 0.680897 99 0.004950
69 0.690317 62 0.003100
70 0.699738 45 0.002250
71 0.709158 46 0.002300
72 0.718579 46 0.002300
73 0.727999 31 0.001550
74 0.737420 27 0.001350
75 0.746840 25 0.001250
76 0.756261 31 0.001550
77 0.765681 19 0.000950
78 0.775102 14 0.000700
79 0.784522 11 0.000550
80 0.793943 25 0.001250
81 0.803364 25 0.001250
82 0.812784 21 0.001050
83 0.822205 32 0.001600
84 0.831625 21 0.001050
85 0.841046 22 0.001100
86 0.850466 10 0.000500
87 0.859887 7 0.000350
88 0.869307 10 0.000500
89 0.878728 13 0.000650
90 0.888148 8 0.000400
91 0.897569 13 0.000650
92 0.906989 14 0.000700
93 0.916410 19 0.000950
94 0.925831 9 0.000450
95 0.935251 10 0.000500
96 0.944672 7 0.000350
97 0.954092 5 0.000250
98 0.963513 3 0.000150
99 0.972933 1 0.000050
