0 0.072873 7 0.000350
1 0.082512 5 0.000250
2 0.092152 3 0.000150
3 0.101791 2 0.000100
4 0.111430 5 0.000250
5 0.121070 2 0.000100
6 0.130709 4 0.000200
7 0.140348 2 0.000100
8 0.149988 4 0.000200
9 0.159627 7 0.000350
10 0.169266 8 0.000400
11 0.178906 3 0.000150
12 0.188545 6 0.000300
13 0.198184 5 0.000250
14 0.207824 4 0.000200
15 0.217463 2 0.000100
16 0.227103 5 0.000250
17 0.236742 3 0.000150
18 0.246381 7 0.000350
19 0.256021 30 0.001500
20 0.265660 26 0.001300
21 0.275299 41 0.002050
22 0.284939 36 0.001800
23 0.294578 24 0.001200
24 0.304217 35 0.001750
25 0.313857 50 0.002500
26 0.323496 72 0.003600
27 0.333135 227 0.011350
28 0.342775 107 0.005350
29 0.352414 28 0.001400
30 0.362053 12 0.000600
31 0.371693 14 0.000700
32 0.381332 19 0.000950
33 0.390971 14 0.000700
34 0.400611 19 0.000950
35 0.410250 22 0.001100
36 0.419889 26 0.001300
37 0.429529 38 0.001900
38 0.439168 33 0.001650
39 0.448807 29 0.001450
40 0.458447 41 0.002050
41 0.468086 71 0.003550
42 0.477726 55 0.002750
43 0.487365 92 0.004600
44 0.497004 109 0.005450
45 0.506644 98 0.004900
46 0.516283 169 0.008450
47 0.525922 160 0.008000
48 0.535562 181 0.009050
49 0.545201 209 0.010450
50 0.554840 283 0.014150
51 0.564480 392 0.019600
52 0.574119 587 0.029350
53 0.583758 1380 0.069000
54 0.593398 2339 0.116950
55 0.603037 2256 0.112800
56 0.612676 1410 0.070500
57 0.622316 806 0.040300
58 0.631955 652 0.032600
59 0.641594 490 0.024500
60 0.651234 327 0.016350
61 0.660873 280 0.014000
62 0.670512 214 0.010700
63 0.680152 208 0.010400
64 0.689791 211 0.010550
65 0.699430 196 0.009800
66 0.709070 156 0.007800
67 0.718709 164 0.008200
68 0.728349 149 0.007450
69 0.737988 153 0.007650
70 0.747627 156 0.007800
71 0.757267 154 0.007700
72 0.766906 162 0.008100
73 0.776545 153 0.007650
74 0.786185 156 0.007800
75 0.795824 168 0.008400
76 0.805463 166 0.008300
77 0.815103 143 0.007150
78 0.824742 170 0.008500
79 0.834381 221 0.011050
80 0.844021 191 0.009550
81 0.853660 281 0.014050
82 0.863299 277 0.013850
83 0.872939 317 0.015850
84 0.882578 394 0.019700
85 0.892217 436 0.021800
86 0.901857 233 0.011650
87 0.911496 234 0.011700
88 0.921135 268 0.013400
89 0.930775 320 0.016000
90 0.940414 270 0.013500
91 0.950054 151 0.007550
92 0.959693 64 0.003200
93 0.969332 20 0.001000
94 0.978972 30 0.001500
95 0.988611 20 0.001000
96 0.998250 13 0.000650
97 1.007890 5 0.000250
98 1.017529 2 0.000100
99 1.027168 1 0.000050
