0 0.011944 1 0.000050
1 0.021714 5 0.000250
2 0.031485 6 0.000300
3 0.041255 4 0.000200
4 0.051026 15 0.000750
5 0.060796 11 0.000550
6 0.070567 8 0.000400
7 0.080337 12 0.000600
8 0.090108 8 0.000400
9 0.099878 11 0.000550
10 0.109649 10 0.000500
11 0.119419 6 0.000300
12 0.129190 10 0.000500
13 0.138960 8 0.000400
14 0.148731 16 0.000800
15 0.158501 16 0.000800
16 0.168272 17 0.000850
17 0.178042 22 0.001100
18 0.187813 16 0.000800
19 0.197583 15 0.000750
20 0.207354 36 0.001800
21 0.217124 31 0.001550
22 0.226895 24 0.001200
23 0.236665 25 0.001250
24 0.246436 32 0.001600
25 0.256206 33 0.001650
26 0.265977 35 0.001750
27 0.275747 56 0.002800
28 0.285518 64 0.003200
29 0.295288 48 0.002400
30 0.305059 56 0.002800
31 0.314829 58 0.002900
32 0.324600 84 0.004200
33 0.334370 90 0.004500
34 0.344141 91 0.004550
35 0.353911 90 0.004500
36 0.363682 130 0.006500
37 0.373452 103 0.005150
38 0.383223 176 0.008800
39 0.392993 212 0.010600
40 0.402764 216 0.010800
41 0.412534 250 0.012500
42 0.422305 283 0.014150
43 0.432075 375 0.018750
44 0.441846 421 0.021050
45 0.451616 566 0.028300
46 0.461387 697 0.034850
47 0.471157 1033 0.051650
48 0.480928 1675 0.083750
49 0.490698 3168 0.158400
50 0.500469 2864 0.143200
51 0.510239 1545 0.077250
52 0.520010 939 0.046950
53 0.529780 697 0.034850
54 0.539551 450 0.022500
55 0.549321 348 0.017400
56 0.559092 342 0.017100
57 0.568862 346 0.017300
58 0.578633 276 0.013800
59 0.588403 169 0.008450
60 0.598174 175 0.008750
61 0.607944 156 0.007800
62 0.617715 133 0.006650
63 0.627485 109 0.005450
64 0.637256 100 0.005000
65 0.647026 109 0.005450
66 0.656797 88 0.004400
67 0.666567 80 0.004000
68 0.676338 91 0.004550
69 0.686108 52 0.002600
70 0.695879 56 0.002800
71 0.705649 42 0.002100
72 0.715420 40 0.002000
73 0.725190 33 0.001650
74 0.734961 21 0.001050
75 0.744731 41 0.002050
76 0.754502 21 0.001050
77 0.764272 22 0.001100
78 0.774043 22 0.001100
79 0.783813 25 0.001250
80 0.793584 19 0.000950
81 0.803354 15 0.000750
82 0.813125 27 0.001350
83 0.822895 17 0.000850
84 0.832666 18 0.000900
85 0.842436 17 0.000850
86 0.852207 8 0.000400
87 0.861977 10 0.000500
88 0.871748 12 0.000600
89 0.881518 6 0.000300
90 0.891289 6 0.000300
91 0.901059 15 0.000750
92 0.910830 11 0.000550
93 0.920600 17 0.000850
94 0.930371 12 0.000600
95 0.940141 8 0.000400
96 0.949912 3 0.000150
97 0.959682 4 0.000200
98 0.969453 7 0.000350
99 0.979223 1 0.000050
