0 0.015038 6 0.000300
1 0.024988 3 0.000150
2 0.034937 2 0.000100
3 0.044886 4 0.000200
4 0.054835 5 0.000250
5 0.064784 2 0.000100
6 0.074733 2 0.000100
7 0.084682 3 0.000150
8 0.094631 7 0.000350
9 0.104580 4 0.000200
10 0.114529 3 0.000150
11 0.124479 2 0.000100
12 0.134428 1 0.000050
13 0.144377 2 0.000100
14 0.154326 1 0.000050
15 0.164275 3 0.000150
16 0.174224 2 0.000100
17 0.184173 3 0.000150
18 0.194122 1 0.000050
19 0.204071 0 0.000000
20 0.214021 3 0.000150
21 0.223970 3 0.000150
22 0.233919 2 0.000100
23 0.243868 24 0.001200
24 0.253817 18 0.000900
25 0.263766 29 0.001450
26 0.273715 36 0.001800
27 0.283664 38 0.001900
28 0.293613 22 0.001100
29 0.303563 54 0.002700
30 0.313512 116 0.005800
31 0.323461 126 0.006300
32 0.333410 134 0.006700
33 0.343359 92 0.004600
34 0.353308 21 0.001050
35 0.363257 16 0.000800
36 0.373206 17 0.000850
37 0.383155 16 0.000800
38 0.393104 12 0.000600
39 0.403054 28 0.001400
40 0.413003 34 0.001700
41 0.422952 41 0.002050
42 0.432901 34 0.001700
43 0.442850 36 0.001800
44 0.452799 51 0.002550
45 0.462748 73 0.003650
46 0.472697 78 0.003900
47 0.482646 90 0.004500
48 0.492596 127 0.006350
49 0.502545 131 0.006550
50 0.512494 138 0.006900
51 0.522443 181 0.009050
52 0.532392 210 0.010500
53 0.542341 289 0.014450
54 0.552290 411 0.020550
55 0.562239 541 0.027050
56 0.572188 1105 0.055250
57 0.582138 2133 0.106650
58 0.592087 2687 0.134350
59 0.602036 1410 0.070500
60 0.611985 867 0.043350
61 0.621934 778 0.038900
62 0.631883 477 0.023850
63 0.641832 350 0.017500
64 0.651781 277 0.013850
65 0.661730 256 0.012800
66 0.671679 218 0.010900
67 0.681629 207 0.010350
68 0.691578 186 0.009300
69 0.701527 165 0.008250
70 0.711476 160 0.008000
71 0.721425 135 0.006750
72 0.731374 151 0.007550
73 0.741323 168 0.008400
74 0.751272 157 0.007850
75 0.761221 163 0.008150
76 0.771171 196 0.009800
77 0.781120 159 0.007950
78 0.791069 171 0.008550
79 0.801018 122 0.006100
80 0.810967 168 0.008400
81 0.820916 232 0.011600
82 0.830865 210 0.010500
83 0.840814 241 0.012050
84 0.850763 294 0.014700
85 0.860713 478 0.023900
86 0.870662 356 0.017800
87 0.880611 385 0.019250
88 0.890560 279 0.013950
89 0.900509 236 0.011800
90 0.910458 242 0.012100
91 0.920407 321 0.016050
92 0.930356 225 0.011250
93 0.940305 139 0.006950
94 0.950254 58 0.002900
95 0.960204 37 0.001850
96 0.970153 44 0.002200
97 0.980102 18 0.000900
98 0.990051 10 0.000500
99 1.000000 1 0.000050
