0 0.438059 4 0.000200
1 0.439593 0 0.000000
2 0.441127 3 0.000150
3 0.442661 2 0.000100
4 0.444195 2 0.000100
5 0.445729 1 0.000050
6 0.447262 2 0.000100
7 0.448796 0 0.000000
8 0.450330 1 0.000050
9 0.451864 0 0.000000
10 0.453398 3 0.000150
11 0.454932 1 0.000050
12 0.456466 0 0.000000
13 0.457999 2 0.000100
14 0.459533 2 0.000100
15 0.461067 20 0.001000
16 0.462601 27 0.001350
17 0.464135 17 0.000850
18 0.465669 20 0.001000
19 0.467203 17 0.000850
20 0.468736 21 0.001050
21 0.470270 30 0.001500
22 0.471804 27 0.001350
23 0.473338 45 0.002250
24 0.474872 37 0.001850
25 0.476406 48 0.002400
26 0.477939 70 0.003500
27 0.479473 78 0.003900
28 0.481007 78 0.003900
29 0.482541 98 0.004900
30 0.484075 85 0.004250
31 0.485609 90 0.004500
32 0.487143 128 0.006400
33 0.488676 120 0.006000
34 0.490210 188 0.009400
35 0.491744 225 0.011250
36 0.493278 196 0.009800
37 0.494812 255 0.012750
38 0.496346 426 0.021300
39 0.497880 538 0.026900
40 0.499413 754 0.037700
41 0.500947 795 0.039750
42 0.502481 1238 0.061900
43 0.504015 1357 0.067850
44 0.505549 1921 0.096050
45 0.507083 2295 0.114750
46 0.508617 2037 0.101850
47 0.510150 1422 0.071100
48 0.511684 1034 0.051700
49 0.513218 718 0.035900
50 0.514752 654 0.032700
51 0.516286 437 0.021850
52 0.517820 408 0.020400
53 0.519353 318 0.015900
54 0.520887 213 0.010650
55 0.522421 209 0.010450
56 0.523955 169 0.008450
57 0.525489 134 0.006700
58 0.527023 130 0.006500
59 0.528557 109 0.005450
60 0.530090 83 0.004150
61 0.531624 88 0.004400
62 0.533158 70 0.003500
63 0.534692 52 0.002600
64 0.536226 59 0.002950
65 0.537760 40 0.002000
66 0.539294 30 0.001500
67 0.540827 29 0.001450
68 0.542361 53 0.002650
69 0.543895 33 0.001650
70 0.545429 28 0.001400
71 0.546963 33 0.001650
72 0.548497 23 0.001150
73 0.550030 15 0.000750
74 0.551564 9 0.000450
75 0.553098 21 0.001050
76 0.554632 12 0.000600
77 0.556166 15 0.000750
78 0.557700 7 0.000350
79 0.559234 3 0.000150
80 0.560767 3 0.000150
81 0.562301 3 0.000150
82 0.563835 10 0.000500
83 0.565369 1 0.000050
84 0.566903 0 0.000000
85 0.568437 3 0.000150
86 0.569971 3 0.000150
87 0.571504 6 0.000300
88 0.573038 1 0.000050
89 0.574572 3 0.000150
90 0.576106 0 0.000000
91 0.577640 2 0.000100
92 0.579174 0 0.000000
93 0.580708 0 0.000000
94 0.582241 0 0.000000
95 0.583775 0 0.000000
96 0.585309 0 0.000000
97 0.586843 0 0.000000
98 0.588377 2 0.000100
99 0.589911 1 0.000050
