0 0 0.000000 0.149865 0.100839 0.150071 0.101299
0 1 0.114943 0.112843 0.075535 0.113357 0.075699
0 2 0.229885 0.086564 0.060135 0.086009 0.059742
0 3 0.344828 0.078455 0.053963 0.078941 0.054163
0 4 0.459770 0.077741 0.052072 0.076160 0.051466
0 5 0.574713 0.071621 0.049211 0.072552 0.049641
0 6 0.689655 0.071311 0.048804 0.071695 0.048910
0 7 0.804598 0.069231 0.047619 0.068540 0.046961
0 8 0.919540 0.072425 0.047648 0.071246 0.046930
0 9 1.034483 0.067278 0.046812 0.067692 0.046630
0 10 1.149425 0.068597 0.046500 0.068915 0.046382
0 11 1.264368 0.065855 0.044722 0.066692 0.045283
0 12 1.379310 0.065833 0.045054 0.065791 0.044409
0 13 1.494253 0.065733 0.045551 0.065918 0.045765
0 14 1.609195 0.066721 0.045963 0.067156 0.045863
0 15 1.724138 0.061760 0.043673 0.062864 0.044247
0 16 1.839080 0.062324 0.043765 0.063934 0.044940
0 17 1.954023 0.063764 0.043932 0.064370 0.044752
0 18 2.068965 0.062559 0.043954 0.061266 0.043295
0 19 2.183908 0.062126 0.043599 0.061565 0.043219
0 20 2.298851 0.061397 0.043238 0.060898 0.043192
0 21 2.413793 0.061778 0.044229 0.061296 0.043896
0 22 2.528736 0.060557 0.042624 0.060276 0.043068
0 23 2.643678 0.061096 0.043418 0.061236 0.043625
0 24 2.758621 0.061402 0.043604 0.062522 0.044316
0 25 2.873563 0.061088 0.043227 0.061045 0.043083
0 26 2.988506 0.060106 0.042196 0.061115 0.043147
0 27 3.103448 0.060296 0.042952 0.059528 0.042400
0 28 3.218391 0.061822 0.043667 0.061354 0.043312
0 29 3.333333 0.058995 0.041989 0.059604 0.042689
0 30 3.448276 0.059224 0.042504 0.059915 0.042741
0 31 3.563218 0.058079 0.041203 0.059387 0.042389
0 32 3.678161 0.060048 0.042837 0.059981 0.043081
0 33 3.793103 0.060107 0.042914 0.059294 0.042275
0 34 3.908046 0.059023 0.042495 0.059418 0.042723
0 35 4.022988 0.064236 0.044608 0.064716 0.044835
0 36 4.137931 0.058379 0.042079 0.058330 0.041758
0 37 4.252873 0.057965 0.041775 0.057324 0.041427
0 38 4.367816 0.059550 0.042437 0.060229 0.042818
0 39 4.482759 0.057717 0.041784 0.058401 0.042172
0 40 4.597701 0.058267 0.041748 0.058925 0.042556
0 41 4.712644 0.060634 0.042283 0.061032 0.042706
0 42 4.827586 0.059001 0.042074 0.058251 0.041414
0 43 4.942529 0.058512 0.042208 0.058639 0.042310
0 44 5.057471 0.058698 0.042539 0.057616 0.041516
0 45 5.172414 0.059499 0.042527 0.060278 0.042764
0 46 5.287356 0.058686 0.041430 0.060096 0.042770
0 47 5.402299 0.061677 0.042837 0.061169 0.042239
0 48 5.517241 0.058118 0.041646 0.057997 0.041294
0 49 5.632184 0.058970 0.042626 0.057680 0.041323
0 50 5.747127 0.058598 0.042038 0.058542 0.041943
0 51 5.862069 0.057379 0.041703 0.057086 0.041949
0 52 5.977012 0.058364 0.041494 0.058426 0.041473
0 53 6.091954 0.057883 0.042159 0.059739 0.042953
0 54 6.206897 0.058370 0.042064 0.057295 0.041417
0 55 6.321839 0.056585 0.041566 0.056864 0.041662
0 56 6.436781 0.060628 0.042615 0.059984 0.042142
0 57 6.551724 0.059806 0.042009 0.057928 0.040436
0 58 6.666667 0.056853 0.041226 0.057515 0.041334
0 59 6.781609 0.057678 0.041024 0.058135 0.041653
0 60 6.896552 0.055893 0.040858 0.056576 0.041314
0 61 7.011494 0.058827 0.042302 0.058691 0.041934
0 62 7.126437 0.059364 0.041444 0.059177 0.041434
0 63 7.241379 0.057422 0.041178 0.058121 0.041828
0 64 7.356322 0.056938 0.040998 0.056809 0.041085
0 65 7.471264 0.056933 0.041122 0.057084 0.041332
0 66 7.586207 0.060895 0.041213 0.060621 0.041215
0 67 7.701149 0.056144 0.041125 0.056514 0.041604
0 68 7.816092 0.055459 0.040503 0.055489 0.041241
0 69 7.931035 0.056163 0.041355 0.057502 0.042009
0 70 8.045977 0.055462 0.040365 0.056090 0.040987
0 71 8.160919 0.058417 0.042231 0.056789 0.041394
0 72 8.275862 0.055841 0.041075 0.057175 0.041621
0 73 8.390804 0.057305 0.041865 0.056295 0.041106
0 74 8.505747 0.056157 0.041091 0.056725 0.041402
0 75 8.620689 0.056223 0.041219 0.056499 0.041404
0 76 8.735632 0.055322 0.040566 0.055325 0.040846
0 77 8.850574 0.057236 0.041516 0.056443 0.041219
0 78 8.965517 0.054782 0.040161 0.057016 0.041406
0 79 9.080460 0.055217 0.040899 0.055666 0.041296
0 80 9.195402 0.055086 0.040610 0.055516 0.040852
0 81 9.310345 0.055128 0.040280 0.055682 0.040699
0 82 9.425287 0.056424 0.041435 0.056509 0.040943
0 83 9.540230 0.055102 0.040082 0.056350 0.041629
0 84 9.655172 0.055117 0.040361 0.054718 0.040067
0 85 9.770115 0.057797 0.040825 0.056890 0.039832
0 86 9.885057 0.055848 0.041143 0.055803 0.040941
1 0 10.000000 0.055678 0.040746 0.056402 0.041317
1 1 10.114943 0.055444 0.040720 0.056605 0.041777
1 2 10.229885 0.058243 0.040938 0.058690 0.041340
1 3 10.344828 0.056050 0.040423 0.055729 0.039884
1 4 10.459770 0.054856 0.040573 0.055222 0.040872
1 5 10.574713 0.056848 0.041249 0.056373 0.041002
1 6 10.689655 0.054790 0.040506 0.054124 0.040251
1 7 10.804598 0.055912 0.041139 0.054861 0.040586
1 8 10.919540 0.054939 0.039300 0.056939 0.041154
1 9 11.034483 0.055767 0.040386 0.055909 0.041195
1 10 11.149426 0.056409 0.040911 0.057197 0.041764
1 11 11.264368 0.055600 0.040721 0.055616 0.040662
1 12 11.379311 0.057420 0.041593 0.055889 0.040403
1 13 11.494253 0.056385 0.041144 0.056868 0.041439
1 14 11.609196 0.057869 0.041709 0.057535 0.042004
1 15 11.724138 0.055517 0.040957 0.055387 0.040869
1 16 11.839081 0.054754 0.040976 0.054187 0.040529
1 17 11.954023 0.054012 0.040512 0.055178 0.040983
1 18 12.068966 0.056349 0.041027 0.055296 0.040150
1 19 12.183908 0.055121 0.040931 0.053743 0.039954
1 20 12.298851 0.054280 0.040302 0.054849 0.040751
1 21 12.413794 0.057836 0.041732 0.056032 0.040597
1 22 12.528735 0.053861 0.039948 0.056134 0.041941
1 23 12.643678 0.057442 0.040112 0.058709 0.041153
1 24 12.758620 0.055070 0.041291 0.054145 0.040654
1 25 12.873563 0.054581 0.040537 0.055835 0.040846
1 26 12.988505 0.053553 0.039391 0.054742 0.040569
1 27 13.103448 0.054828 0.040999 0.054239 0.040657
1 28 13.218390 0.055491 0.040836 0.054882 0.040512
1 29 13.333333 0.056947 0.040797 0.056770 0.040605
1 30 13.448276 0.054841 0.040256 0.054062 0.039856
1 31 13.563218 0.056228 0.040895 0.055433 0.040054
1 32 13.678161 0.054295 0.040028 0.055609 0.041172
1 33 13.793103 0.055094 0.040339 0.055410 0.040376
1 34 13.908046 0.055304 0.040866 0.055106 0.040435
1 35 14.022988 0.055742 0.040834 0.054139 0.039871
1 36 14.137931 0.055323 0.041037 0.054469 0.040624
1 37 14.252873 0.053662 0.039975 0.054573 0.040678
1 38 14.367816 0.054062 0.040173 0.054189 0.040252
1 39 14.482759 0.054858 0.041344 0.054620 0.040711
1 40 14.597701 0.056863 0.040980 0.056762 0.040443
1 41 14.712644 0.054234 0.039685 0.055549 0.040433
1 42 14.827586 0.055655 0.040926 0.054308 0.040580
1 43 14.942529 0.055275 0.040733 0.055111 0.040476
1 44 15.057471 0.054853 0.041002 0.055077 0.040547
1 45 15.172414 0.055400 0.040773 0.055524 0.040847
1 46 15.287356 0.055560 0.039684 0.055240 0.039637
1 47 15.402299 0.054875 0.040454 0.054585 0.040831
1 48 15.517241 0.053480 0.039374 0.054666 0.040554
1 49 15.632184 0.053893 0.040325 0.053909 0.040511
1 50 15.747127 0.054301 0.040482 0.054474 0.040523
1 51 15.862069 0.054593 0.040653 0.053981 0.040242
1 52 15.977012 0.055962 0.041305 0.055537 0.040603
1 53 16.091953 0.054824 0.040817 0.054771 0.040301
1 54 16.206896 0.052211 0.038855 0.052699 0.039598
1 55 16.321838 0.053261 0.040142 0.054284 0.040840
1 56 16.436781 0.053145 0.039618 0.053580 0.039856
1 57 16.551723 0.053668 0.039951 0.054107 0.040470
1 58 16.666666 0.055229 0.040060 0.053439 0.038855
1 59 16.781609 0.052693 0.039437 0.052623 0.039477
1 60 16.896551 0.054970 0.040908 0.053746 0.040077
1 61 17.011494 0.055583 0.041121 0.054703 0.040747
1 62 17.126436 0.053808 0.039559 0.054757 0.040098
1 63 17.241379 0.055114 0.041123 0.053702 0.040271
1 64 17.356321 0.053420 0.040033 0.052853 0.040324
1 65 17.471264 0.053866 0.040215 0.054149 0.040185
1 66 17.586206 0.054667 0.039939 0.054431 0.039647
1 67 17.701149 0.054536 0.040645 0.054511 0.040534
1 68 17.816092 0.053298 0.039706 0.052999 0.039624
1 69 17.931034 0.053610 0.040281 0.053866 0.040784
1 70 18.045977 0.057156 0.041193 0.056545 0.040806
1 71 18.160919 0.054698 0.039868 0.055602 0.040174
1 72 18.275862 0.053908 0.040093 0.054122 0.040032
1 73 18.390804 0.054124 0.040393 0.054042 0.040080
1 74 18.505747 0.054086 0.040476 0.054879 0.040655
1 75 18.620689 0.054226 0.040287 0.054007 0.040411
1 76 18.735632 0.053529 0.039893 0.054238 0.040646
1 77 18.850574 0.052965 0.039341 0.052986 0.039816
1 78 18.965517 0.053046 0.039378 0.054288 0.039720
1 79 19.080460 0.054152 0.040200 0.054008 0.040519
1 80 19.195402 0.053850 0.039874 0.053467 0.039840
1 81 19.310345 0.056308 0.041628 0.054575 0.039914
1 82 19.425287 0.054083 0.039795 0.054606 0.039900
1 83 19.540230 0.054621 0.040468 0.052971 0.039468
1 84 19.655172 0.053720 0.040202 0.052802 0.039498
1 85 19.770115 0.053908 0.040162 0.053839 0.039765
1 86 19.885057 0.055796 0.039855 0.057041 0.040543
2 0 20.000000 0.055866 0.040588 0.055266 0.040295
2 1 20.114943 0.056463 0.040809 0.057760 0.041667
2 2 20.229885 0.056395 0.040872 0.055861 0.040626
2 3 20.344828 0.054562 0.040710 0.053854 0.040239
2 4 20.459770 0.053606 0.040476 0.054329 0.040468
2 5 20.574713 0.054186 0.039966 0.053739 0.040230
2 6 20.689655 0.053112 0.039690 0.053980 0.040370
2 7 20.804598 0.054704 0.040472 0.055861 0.041389
2 8 20.919540 0.053826 0.040931 0.054090 0.040991
2 9 21.034483 0.053768 0.040355 0.054600 0.040672
2 10 21.149426 0.054499 0.040452 0.055084 0.041090
2 11 21.264368 0.052518 0.039879 0.053232 0.040154
2 12 21.379311 0.055026 0.040465 0.055615 0.040930
2 13 21.494253 0.052582 0.039910 0.052432 0.040050
2 14 21.609196 0.053645 0.040310 0.053418 0.040017
2 15 21.724138 0.054692 0.039699 0.054737 0.040103
2 16 21.839081 0.055710 0.041581 0.056468 0.041819
2 17 21.954023 0.052929 0.039794 0.052995 0.039524
2 18 22.068966 0.053992 0.040542 0.053940 0.040680
2 19 22.183908 0.052127 0.039627 0.053642 0.040833
2 20 22.298851 0.053783 0.040204 0.052720 0.039126
2 21 22.413794 0.051565 0.039562 0.051854 0.039659
2 22 22.528736 0.054686 0.040577 0.054373 0.040144
2 23 22.643679 0.053268 0.040197 0.051207 0.038864
2 24 22.758621 0.053313 0.039223 0.054439 0.039977
2 25 22.873564 0.053120 0.039899 0.053366 0.040273
2 26 22.988506 0.054441 0.040738 0.054066 0.040426
2 27 23.103449 0.053104 0.039733 0.053236 0.039930
2 28 23.218391 0.053403 0.039769 0.054067 0.040354
2 29 23.333334 0.053010 0.039441 0.054768 0.041013
2 30 23.448277 0.054158 0.040248 0.054659 0.040477
2 31 23.563219 0.052774 0.039409 0.053816 0.040827
2 32 23.678162 0.052971 0.039693 0.054325 0.040688
2 33 23.793104 0.052654 0.039995 0.053212 0.039914
2 34 23.908047 0.052430 0.039675 0.052079 0.039571
2 35 24.022989 0.053354 0.040296 0.052585 0.040122
2 36 24.137932 0.052479 0.039394 0.053276 0.039932
2 37 24.252874 0.054524 0.039739 0.054304 0.039857
2 38 24.367817 0.052961 0.039989 0.052834 0.039972
2 39 24.482759 0.054590 0.040755 0.053513 0.040083
2 40 24.597702 0.053859 0.040289 0.052441 0.039310
2 41 24.712645 0.052143 0.039452 0.052053 0.039314
2 42 24.827587 0.053237 0.040219 0.052746 0.040330
2 43 24.942530 0.053747 0.040004 0.054004 0.040547
2 44 25.057470 0.054470 0.040777 0.052921 0.039431
2 45 25.172413 0.053190 0.040036 0.054192 0.041029
2 46 25.287355 0.052808 0.039695 0.052767 0.039640
2 47 25.402298 0.054513 0.039364 0.055792 0.040822
2 48 25.517241 0.054635 0.040315 0.054427 0.040382
2 49 25.632183 0.053395 0.039915 0.054399 0.040459
2 50 25.747126 0.053562 0.040013 0.053964 0.040388
2 51 25.862068 0.052094 0.039119 0.051861 0.039342
2 52 25.977011 0.052160 0.039336 0.052441 0.039617
2 53 26.091953 0.052442 0.039565 0.052674 0.039764
2 54 26.206896 0.051755 0.039265 0.051548 0.039094
2 55 26.321838 0.052956 0.040045 0.051847 0.039602
2 56 26.436781 0.053683 0.040747 0.053357 0.040427
2 57 26.551723 0.052869 0.040112 0.053149 0.040228
2 58 26.666666 0.052695 0.039873 0.052533 0.039996
2 59 26.781609 0.054133 0.040319 0.054200 0.040913
2 60 26.896551 0.052589 0.039766 0.052395 0.040075
2 61 27.011494 0.053217 0.040223 0.053332 0.040344
2 62 27.126436 0.052751 0.039256 0.053126 0.039990
2 63 27.241379 0.051938 0.039425 0.051575 0.038964
2 64 27.356321 0.053237 0.040167 0.052612 0.039997
2 65 27.471264 0.053583 0.040006 0.053109 0.039835
2 66 27.586206 0.051788 0.038687 0.052962 0.039496
2 67 27.701149 0.055986 0.040702 0.055287 0.040095
2 68 27.816092 0.053844 0.040357 0.052418 0.039875
2 69 27.931034 0.052245 0.039480 0.052767 0.040097
2 70 28.045977 0.054510 0.040023 0.054611 0.040467
2 71 28.160919 0.052844 0.040265 0.052770 0.039610
2 72 28.275862 0.052798 0.039979 0.053389 0.040813
2 73 28.390804 0.052900 0.039961 0.051614 0.038905
2 74 28.505747 0.052663 0.039439 0.052650 0.040052
2 75 28.620689 0.052693 0.039894 0.052972 0.040175
2 76 28.735632 0.052019 0.039442 0.051452 0.039110
2 77 28.850574 0.054526 0.039831 0.053972 0.039522
2 78 28.965517 0.051992 0.039444 0.052307 0.039831
2 79 29.080460 0.052210 0.039725 0.052916 0.040074
2 80 29.195402 0.053020 0.039016 0.053935 0.040202
2 81 29.310345 0.053380 0.039913 0.054136 0.040617
2 82 29.425287 0.051354 0.038903 0.052747 0.040038
2 83 29.540230 0.052832 0.039489 0.054095 0.040557
2 84 29.655172 0.050856 0.039108 0.052201 0.039532
2 85 29.770115 0.051782 0.039338 0.053175 0.040011
2 86 29.885057 0.052319 0.039443 0.051945 0.039506
3 0 30.000000 0.052237 0.039873 0.051007 0.039104
3 1 30.114943 0.051359 0.039284 0.052337 0.039650
3 2 30.229885 0.051865 0.039600 0.051462 0.039234
3 3 30.344828 0.051830 0.039202 0.051986 0.039535
3 4 30.459770 0.053132 0.040012 0.053483 0.040137
3 5 30.574713 0.052616 0.039750 0.052034 0.039859
3 6 30.689655 0.053008 0.040571 0.052367 0.040061
3 7 30.804598 0.050991 0.038762 0.052656 0.040087
3 8 30.919540 0.055218 0.041228 0.053741 0.039984
3 9 31.034483 0.052723 0.039843 0.052320 0.039844
3 10 31.149426 0.053818 0.040295 0.052106 0.039660
3 11 31.264368 0.053361 0.040319 0.053368 0.040219
3 12 31.379311 0.053143 0.039829 0.053142 0.039521
3 13 31.494253 0.051591 0.039239 0.052330 0.040327
3 14 31.609196 0.053421 0.039865 0.054668 0.040899
3 15 31.724138 0.053071 0.040185 0.053422 0.040304
3 16 31.839081 0.052581 0.039293 0.052699 0.039865
3 17 31.954023 0.053164 0.040355 0.053257 0.039935
3 18 32.068966 0.052034 0.039904 0.053482 0.040777
3 19 32.183907 0.052722 0.039553 0.053911 0.040499
3 20 32.298851 0.052561 0.039748 0.052827 0.040198
3 21 32.413792 0.051093 0.039018 0.051405 0.039428
3 22 32.528736 0.053283 0.039677 0.053904 0.040142
3 23 32.643677 0.051350 0.039227 0.052859 0.039980
3 24 32.758621 0.050767 0.038781 0.052252 0.039876
3 25 32.873562 0.052388 0.039366 0.053525 0.041065
3 26 32.988506 0.052405 0.039912 0.051792 0.039221
3 27 33.103447 0.054508 0.040531 0.053424 0.039882
3 28 33.218391 0.052554 0.039743 0.053935 0.040494
3 29 33.333332 0.053664 0.040338 0.053686 0.040378
3 30 33.448277 0.051151 0.038899 0.051866 0.039746
3 31 33.563217 0.053936 0.041022 0.051640 0.039273
3 32 33.678162 0.051243 0.039431 0.053004 0.040037
3 33 33.793102 0.053424 0.040368 0.052247 0.039475
3 34 33.908047 0.053277 0.039885 0.052832 0.039888
3 35 34.022987 0.052309 0.040060 0.051455 0.039237
3 36 34.137932 0.053480 0.040536 0.052682 0.040196
3 37 34.252872 0.050597 0.038819 0.052117 0.039854
3 38 34.367817 0.051521 0.039385 0.050965 0.038773
3 39 34.482758 0.051964 0.039527 0.052786 0.039979
3 40 34.597702 0.051079 0.039187 0.052486 0.040473
3 41 34.712643 0.052959 0.040205 0.051383 0.039305
3 42 34.827587 0.053370 0.039707 0.053312 0.039488
3 43 34.942528 0.052800 0.039936 0.052362 0.040110
3 44 35.057472 0.052007 0.039453 0.053181 0.040095
3 45 35.172413 0.052047 0.039475 0.053648 0.040186
3 46 35.287357 0.052519 0.039625 0.052029 0.039296
3 47 35.402298 0.054023 0.040684 0.053769 0.040264
3 48 35.517242 0.051115 0.038855 0.052819 0.040046
3 49 35.632183 0.051880 0.039868 0.051783 0.039877
3 50 35.747128 0.051330 0.039095 0.051705 0.039666
3 51 35.862068 0.053238 0.040526 0.052287 0.039425
3 52 35.977013 0.051679 0.039141 0.052278 0.040053
3 53 36.091953 0.052543 0.039727 0.052804 0.040262
3 54 36.206898 0.052728 0.039978 0.052541 0.039771
3 55 36.321838 0.051775 0.040068 0.051154 0.038776
3 56 36.436783 0.052260 0.039895 0.051984 0.039708
3 57 36.551723 0.052479 0.039867 0.052176 0.039088
3 58 36.666668 0.056141 0.041139 0.054504 0.039781
3 59 36.781609 0.053335 0.039894 0.053785 0.040507
3 60 36.896553 0.052152 0.039445 0.052520 0.039666
3 61 37.011494 0.051455 0.039191 0.053527 0.040747
3 62 37.126438 0.051739 0.039632 0.051757 0.039527
3 63 37.241379 0.050883 0.039066 0.051840 0.039789
3 64 37.356323 0.052420 0.040207 0.051748 0.039528
3 65 37.471264 0.053136 0.040304 0.052693 0.039519
3 66 37.586208 0.052678 0.039512 0.053422 0.040054
3 67 37.701149 0.052667 0.040013 0.052021 0.039656
3 68 37.816093 0.053260 0.040117 0.052474 0.039644
3 69 37.931034 0.052686 0.039996 0.051688 0.039123
3 70 38.045979 0.051825 0.039081 0.052215 0.039556
3 71 38.160919 0.052110 0.039067 0.052867 0.039735
3 72 38.275864 0.052942 0.040088 0.053773 0.040178
3 73 38.390804 0.052768 0.040260 0.052719 0.040232
3 74 38.505749 0.050867 0.038771 0.051590 0.039764
3 75 38.620689 0.051629 0.039626 0.051299 0.039242
3 76 38.735634 0.052109 0.039462 0.052835 0.040231
3 77 38.850574 0.052277 0.039673 0.052106 0.039467
3 78 38.965519 0.051373 0.039191 0.052053 0.039613
3 79 39.080460 0.050644 0.038413 0.051183 0.038789
3 80 39.195404 0.052286 0.039837 0.051526 0.039698
3 81 39.310345 0.051003 0.039178 0.051705 0.039410
3 82 39.425289 0.052644 0.039888 0.052513 0.040121
3 83 39.540230 0.051551 0.038979 0.051923 0.039617
3 84 39.655174 0.053203 0.040190 0.052312 0.039658
3 85 39.770115 0.051599 0.039723 0.051261 0.039334
3 86 39.885059 0.052765 0.040183 0.051992 0.039823
4 0 40.000000 0.051699 0.039712 0.052044 0.039742
4 1 40.114941 0.051249 0.038955 0.052390 0.039753
4 2 40.229885 0.054187 0.040177 0.052940 0.039653
4 3 40.344826 0.052179 0.039714 0.052277 0.040019
4 4 40.459770 0.052128 0.039732 0.052605 0.040245
4 5 40.574711 0.051240 0.039133 0.051765 0.039656
4 6 40.689655 0.051863 0.039793 0.051643 0.039640
4 7 40.804596 0.052322 0.040079 0.051846 0.039764
4 8 40.919540 0.052517 0.040576 0.052103 0.039611
4 9 41.034481 0.051553 0.039307 0.051761 0.039213
4 10 41.149426 0.051520 0.039355 0.052552 0.039906
4 11 41.264366 0.052901 0.040035 0.052559 0.039984
4 12 41.379311 0.051409 0.039681 0.051009 0.039000
4 13 41.494251 0.053110 0.040085 0.053619 0.040140
4 14 41.609196 0.053915 0.039906 0.054496 0.040394
4 15 41.724136 0.050509 0.038948 0.050829 0.038879
4 16 41.839081 0.050847 0.039309 0.052035 0.040115
4 17 41.954021 0.052935 0.040068 0.051627 0.039354
4 18 42.068966 0.052516 0.040156 0.052817 0.040015
4 19 42.183907 0.052023 0.039693 0.052421 0.039650
4 20 42.298851 0.052400 0.039761 0.051172 0.038809
4 21 42.413792 0.051518 0.039208 0.051226 0.039071
4 22 42.528736 0.052174 0.040140 0.052943 0.040293
4 23 42.643677 0.051300 0.039220 0.052461 0.040124
4 24 42.758621 0.051415 0.039257 0.051834 0.039813
4 25 42.873562 0.051763 0.039414 0.051035 0.039078
4 26 42.988506 0.051915 0.039650 0.052825 0.040530
4 27 43.103447 0.051323 0.039378 0.052205 0.039992
4 28 43.218391 0.051862 0.039709 0.049949 0.038143
4 29 43.333332 0.053746 0.039997 0.053253 0.039976
4 30 43.448277 0.052641 0.039457 0.052809 0.039341
4 31 43.563217 0.052385 0.040165 0.051247 0.039183
4 32 43.678162 0.051374 0.039319 0.052401 0.039819
4 33 43.793102 0.050433 0.038647 0.052130 0.039794
4 34 43.908047 0.051672 0.039441 0.051630 0.039380
4 35 44.022987 0.053009 0.040274 0.052993 0.040123
4 36 44.137932 0.051202 0.039193 0.051476 0.039361
4 37 44.252872 0.051247 0.039187 0.051985 0.039768
4 38 44.367817 0.052269 0.039867 0.052882 0.040224
4 39 44.482758 0.051331 0.039314 0.050983 0.038972
4 40 44.597702 0.051104 0.039581 0.051951 0.040358
4 41 44.712643 0.050990 0.039480 0.051333 0.039650
4 42 44.827587 0.052674 0.040099 0.051374 0.039341
4 43 44.942528 0.052771 0.040282 0.051815 0.039400
4 44 45.057472 0.050689 0.038943 0.050799 0.039166
4 45 45.172413 0.051178 0.038869 0.052124 0.040149
4 46 45.287357 0.051698 0.039956 0.050806 0.039269
4 47 45.402298 0.052231 0.039982 0.053146 0.040494
4 48 45.517242 0.051603 0.039235 0.051647 0.039553
4 49 45.632183 0.051654 0.039912 0.051131 0.039557
4 50 45.747128 0.051035 0.038979 0.052037 0.039948
4 51 45.862068 0.052445 0.040254 0.051307 0.039372
4 52 45.977013 0.052155 0.039766 0.050958 0.038352
4 53 46.091953 0.050733 0.039134 0.051667 0.039566
4 54 46.206898 0.050930 0.039043 0.051580 0.039639
4 55 46.321838 0.052272 0.039539 0.052538 0.039553
4 56 46.436783 0.051373 0.039951 0.051127 0.039555
4 57 46.551723 0.053006 0.040360 0.052325 0.039717
4 58 46.666668 0.051668 0.039229 0.052003 0.039743
4 59 46.781609 0.052271 0.039344 0.052671 0.039733
4 60 46.896553 0.051263 0.039802 0.050292 0.038583
4 61 47.011494 0.050785 0.039437 0.050538 0.039161
4 62 47.126438 0.051853 0.039172 0.052450 0.039792
4 63 47.241379 0.051183 0.039538 0.051626 0.039427
4 64 47.356323 0.051199 0.039132 0.050383 0.038748
4 65 47.471264 0.054118 0.040727 0.052846 0.039734
4 66 47.586208 0.051843 0.039566 0.052226 0.039855
4 67 47.701149 0.051139 0.039504 0.051047 0.039333
4 68 47.816093 0.050769 0.038803 0.051821 0.039323
4 69 47.931034 0.052202 0.040235 0.052898 0.040602
4 70 48.045979 0.050845 0.038784 0.051862 0.039744
4 71 48.160919 0.052710 0.040411 0.053232 0.040631
4 72 48.275864 0.051302 0.039301 0.050577 0.039211
4 73 48.390804 0.051226 0.039212 0.051804 0.039675
4 74 48.505749 0.050717 0.038794 0.050700 0.039168
4 75 48.620689 0.052681 0.040420 0.051806 0.039603
4 76 48.735634 0.051242 0.039618 0.050396 0.039112
4 77 48.850574 0.051684 0.039648 0.053426 0.040414
4 78 48.965519 0.050802 0.038895 0.050151 0.038828
4 79 49.080460 0.051707 0.039172 0.052036 0.039749
4 80 49.195404 0.051023 0.038980 0.052811 0.039896
4 81 49.310345 0.052804 0.040058 0.052899 0.039896
4 82 49.425289 0.050602 0.038997 0.051470 0.039442
4 83 49.540230 0.050329 0.038860 0.051508 0.039501
4 84 49.655174 0.051865 0.039628 0.051033 0.038813
4 85 49.770115 0.050587 0.038538 0.052252 0.039992
4 86 49.885059 0.052217 0.039691 0.050485 0.038949
5 0 50.000000 0.052336 0.040225 0.050963 0.039523
5 1 50.114941 0.052099 0.040449 0.050816 0.039089
5 2 50.229885 0.051117 0.039251 0.051693 0.039759
5 3 50.344826 0.051539 0.039372 0.052551 0.040279
5 4 50.459770 0.053663 0.040888 0.053432 0.040578
5 5 50.574711 0.052474 0.039838 0.052041 0.039689
5 6 50.689655 0.052344 0.040134 0.052162 0.039744
5 7 50.804596 0.051029 0.039091 0.051229 0.039230
5 8 50.919540 0.052157 0.040167 0.050911 0.039521
5 9 51.034481 0.052515 0.039430 0.052860 0.039446
5 10 51.149426 0.050671 0.039077 0.051631 0.039644
5 11 51.264366 0.052181 0.039779 0.051322 0.039692
5 12 51.379311 0.053212 0.040021 0.052380 0.039545
5 13 51.494251 0.051114 0.039190 0.051483 0.039355
5 14 51.609196 0.051044 0.038888 0.050074 0.038468
5 15 51.724136 0.052332 0.040182 0.051671 0.040162
5 16 51.839081 0.051985 0.040025 0.051371 0.039478
5 17 51.954021 0.051357 0.039667 0.051804 0.039717
5 18 52.068966 0.052067 0.039984 0.050841 0.039066
5 19 52.183907 0.050376 0.039137 0.051379 0.039491
5 20 52.298851 0.050755 0.039459 0.051172 0.039595
5 21 52.413792 0.050230 0.038204 0.051609 0.039632
5 22 52.528736 0.050733 0.039096 0.051375 0.039557
5 23 52.643677 0.050000 0.038391 0.052244 0.040146
5 24 52.758621 0.050869 0.039246 0.051640 0.039422
5 25 52.873562 0.051937 0.040024 0.051200 0.039206
5 26 52.988506 0.050363 0.038737 0.052586 0.040333
5 27 53.103447 0.051891 0.039542 0.051223 0.039342
5 28 53.218391 0.051615 0.039843 0.051153 0.039402
5 29 53.333332 0.051678 0.038978 0.052821 0.039582
5 30 53.448277 0.052476 0.040142 0.052259 0.040056
5 31 53.563217 0.051751 0.039797 0.051317 0.039714
5 32 53.678162 0.050957 0.039270 0.050551 0.039223
5 33 53.793102 0.052986 0.040067 0.051146 0.039042
5 34 53.908047 0.051386 0.039554 0.050797 0.039034
5 35 54.022987 0.052708 0.040026 0.051833 0.039516
5 36 54.137932 0.050465 0.038520 0.052267 0.040466
5 37 54.252872 0.051228 0.038934 0.051567 0.039274
5 38 54.367817 0.052263 0.039789 0.052465 0.039955
5 39 54.482758 0.050460 0.038944 0.050786 0.038851
5 40 54.597702 0.051865 0.039769 0.051353 0.039199
5 41 54.712643 0.052001 0.039661 0.052088 0.039685
5 42 54.827587 0.051565 0.039512 0.052173 0.040030
5 43 54.942528 0.052591 0.040436 0.051478 0.039729
5 44 55.057472 0.052017 0.039344 0.051583 0.039442
5 45 55.172413 0.052314 0.040154 0.050610 0.039284
5 46 55.287357 0.052051 0.039715 0.051702 0.039627
5 47 55.402298 0.052330 0.040672 0.050331 0.038673
5 48 55.517242 0.051185 0.039290 0.050244 0.038574
5 49 55.632183 0.053054 0.040427 0.052368 0.039712
5 50 55.747128 0.050978 0.039472 0.052242 0.040116
5 51 55.862068 0.051958 0.039835 0.050699 0.039241
5 52 55.977013 0.049337 0.038292 0.050092 0.038935
5 53 56.091953 0.051532 0.039724 0.051283 0.039368
5 54 56.206898 0.050719 0.039087 0.052240 0.040075
5 55 56.321838 0.049608 0.038539 0.050570 0.039187
5 56 56.436783 0.050836 0.039002 0.052258 0.039826
5 57 56.551723 0.049178 0.037877 0.051515 0.039666
5 58 56.666668 0.051812 0.039531 0.050741 0.039322
5 59 56.781609 0.052153 0.039698 0.052393 0.040067
5 60 56.896553 0.051583 0.039774 0.050173 0.038934
5 61 57.011494 0.050400 0.039155 0.050926 0.039271
5 62 57.126438 0.052487 0.039683 0.053559 0.040723
5 63 57.241379 0.051500 0.039648 0.051157 0.039058
5 64 57.356323 0.051626 0.039451 0.051422 0.039281
5 65 57.471264 0.052096 0.039598 0.051447 0.038953
5 66 57.586208 0.051389 0.039462 0.051931 0.040018
5 67 57.701149 0.050321 0.038424 0.050221 0.038534
5 68 57.816093 0.050675 0.039263 0.051835 0.039499
5 69 57.931034 0.052513 0.039690 0.051885 0.039209
5 70 58.045979 0.051177 0.039158 0.051287 0.039390
5 71 58.160919 0.051673 0.039398 0.051600 0.039665
5 72 58.275864 0.050299 0.039007 0.050847 0.039253
5 73 58.390804 0.050674 0.039593 0.051631 0.039945
5 74 58.505749 0.050902 0.038990 0.051832 0.039569
5 75 58.620689 0.053088 0.040486 0.052051 0.039603
5 76 58.735634 0.051081 0.039247 0.050102 0.038735
5 77 58.850574 0.051434 0.039601 0.050297 0.038987
5 78 58.965519 0.051226 0.039503 0.051114 0.039478
5 79 59.080460 0.051052 0.039402 0.050991 0.039410
5 80 59.195404 0.050636 0.039436 0.051800 0.039805
5 81 59.310345 0.051286 0.038889 0.051666 0.039448
5 82 59.425289 0.050453 0.039580 0.051197 0.039487
5 83 59.540230 0.051035 0.039660 0.050497 0.039024
5 84 59.655174 0.050213 0.038824 0.051557 0.039549
5 85 59.770115 0.049046 0.038102 0.050903 0.039556
5 86 59.885059 0.050980 0.038920 0.051406 0.039594
6 0 60.000000 0.051216 0.039681 0.050902 0.039303
6 1 60.114941 0.050117 0.038762 0.051303 0.039554
6 2 60.229885 0.050842 0.039327 0.051416 0.039706
6 3 60.344826 0.052675 0.040165 0.051568 0.039648
6 4 60.459770 0.051709 0.039636 0.051743 0.040025
6 5 60.574711 0.050571 0.039173 0.050398 0.038889
6 6 60.689655 0.050696 0.039153 0.051017 0.039447
6 7 60.804596 0.052132 0.039933 0.051718 0.039951
6 8 60.919540 0.051317 0.039717 0.050240 0.039074
6 9 61.034481 0.050488 0.038761 0.050785 0.039292
6 10 61.149426 0.052869 0.040671 0.052406 0.040606
6 11 61.264366 0.052055 0.039399 0.051508 0.039292
6 12 61.379311 0.051647 0.039480 0.050685 0.038848
6 13 61.494251 0.050740 0.039225 0.051442 0.039593
6 14 61.609196 0.049983 0.038709 0.050822 0.038947
6 15 61.724136 0.050704 0.039409 0.050880 0.039573
6 16 61.839081 0.050939 0.038932 0.050927 0.039122
6 17 61.954021 0.050190 0.038753 0.051964 0.040042
6 18 62.068966 0.051757 0.039860 0.051725 0.039692
6 19 62.183907 0.051260 0.039258 0.051790 0.039332
6 20 62.298851 0.049600 0.038154 0.049287 0.038516
6 21 62.413792 0.051531 0.039896 0.050043 0.038657
6 22 62.528736 0.052069 0.040333 0.050777 0.038935
6 23 62.643677 0.049492 0.038301 0.050257 0.038647
6 24 62.758621 0.050712 0.039258 0.050133 0.039189
6 25 62.873562 0.051945 0.040381 0.051119 0.039468
6 26 62.988506 0.050235 0.038660 0.051624 0.039555
6 27 63.103447 0.051618 0.039708 0.049787 0.038525
6 28 63.218391 0.050617 0.039442 0.051666 0.039661
6 29 63.333332 0.051564 0.039904 0.050644 0.039086
6 30 63.448277 0.051734 0.039695 0.051935 0.039753
6 31 63.563217 0.050890 0.039233 0.051310 0.039754
6 32 63.678162 0.051043 0.039359 0.051001 0.039194
6 33 63.793102 0.051087 0.039683 0.051887 0.040243
6 34 63.908047 0.050197 0.039066 0.049859 0.038436
6 35 64.022987 0.050860 0.039467 0.050579 0.038850
6 36 64.137932 0.050809 0.039517 0.051134 0.039811
6 37 64.252876 0.050599 0.039046 0.050859 0.039587
6 38 64.367813 0.051431 0.039637 0.051310 0.039422
6 39 64.482758 0.050643 0.039131 0.050430 0.039002
6 40 64.597702 0.051615 0.039717 0.051105 0.039723
6 41 64.712646 0.052299 0.040314 0.050059 0.038351
6 42 64.827583 0.052135 0.040227 0.050448 0.039339
6 43 64.942528 0.051964 0.039698 0.050197 0.038765
6 44 65.057472 0.050810 0.039301 0.050302 0.038627
6 45 65.172417 0.051647 0.040058 0.050368 0.039303
6 46 65.287354 0.050654 0.039189 0.050919 0.039398
6 47 65.402298 0.050549 0.038942 0.050287 0.038760
6 48 65.517242 0.050602 0.039159 0.051155 0.039711
6 49 65.632187 0.050978 0.039232 0.050551 0.039320
6 50 65.747124 0.050511 0.039190 0.051413 0.039737
6 51 65.862068 0.050152 0.038879 0.050067 0.039094
6 52 65.977013 0.051109 0.039014 0.051728 0.039796
6 53 66.091957 0.051104 0.039753 0.050498 0.039454
6 54 66.206894 0.051227 0.039904 0.050448 0.039164
6 55 66.321838 0.049716 0.038205 0.050540 0.039315
6 56 66.436783 0.051583 0.039538 0.050728 0.038849
6 57 66.551727 0.051090 0.039297 0.050964 0.039156
6 58 66.666664 0.051558 0.039878 0.051411 0.039805
6 59 66.781609 0.050871 0.039073 0.051697 0.039968
6 60 66.896553 0.050983 0.039629 0.051509 0.039765
6 61 67.011497 0.051056 0.039280 0.049930 0.038984
6 62 67.126434 0.051173 0.039948 0.050683 0.039040
6 63 67.241379 0.052237 0.040001 0.051441 0.039822
6 64 67.356323 0.052213 0.040082 0.051061 0.038963
6 65 67.471268 0.050227 0.039237 0.051498 0.039985
6 66 67.586205 0.049813 0.038673 0.050159 0.039074
6 67 67.701149 0.051656 0.039806 0.051409 0.039596
6 68 67.816093 0.051059 0.039513 0.051627 0.039872
6 69 67.931038 0.050431 0.039357 0.050337 0.039432
6 70 68.045975 0.052373 0.040164 0.051713 0.039556
6 71 68.160919 0.049861 0.038692 0.049810 0.038750
6 72 68.275864 0.051670 0.040014 0.051362 0.039766
6 73 68.390808 0.050990 0.039481 0.050916 0.039421
6 74 68.505745 0.052234 0.040218 0.051653 0.039542
6 75 68.620689 0.051974 0.039546 0.051989 0.039909
6 76 68.735634 0.051309 0.038972 0.052318 0.039728
6 77 68.850578 0.051006 0.039622 0.051028 0.039532
6 78 68.965515 0.051710 0.039751 0.050901 0.038769
6 79 69.080460 0.051048 0.039738 0.051865 0.039957
6 80 69.195404 0.050960 0.039504 0.051243 0.039258
6 81 69.310349 0.050506 0.038663 0.051479 0.039389
6 82 69.425285 0.050325 0.038580 0.050591 0.039137
6 83 69.540230 0.050652 0.039722 0.049607 0.038672
6 84 69.655174 0.051069 0.039217 0.049989 0.038959
6 85 69.770119 0.050810 0.039095 0.051297 0.039253
6 86 69.885056 0.050683 0.039293 0.049867 0.039301
7 0 70.000000 0.052493 0.039938 0.051688 0.039273
7 1 70.114944 0.051142 0.039581 0.051130 0.039722
7 2 70.229881 0.052574 0.040304 0.051809 0.039783
7 3 70.344826 0.051702 0.039468 0.051483 0.039585
7 4 70.459770 0.050618 0.039058 0.051054 0.039442
7 5 70.574715 0.049849 0.038659 0.050021 0.038740
7 6 70.689651 0.052043 0.039738 0.052269 0.040010
7 7 70.804596 0.050232 0.038869 0.050445 0.039188
7 8 70.919540 0.050809 0.039344 0.050575 0.039092
7 9 71.034485 0.051103 0.039341 0.051378 0.039506
7 10 71.149422 0.050819 0.039111 0.051157 0.039349
7 11 71.264366 0.050010 0.039221 0.050092 0.038756
7 12 71.379311 0.050931 0.039052 0.051629 0.039618
7 13 71.494255 0.051053 0.039051 0.051381 0.039546
7 14 71.609192 0.051884 0.040352 0.050855 0.039199
7 15 71.724136 0.050465 0.038907 0.050498 0.039022
7 16 71.839081 0.052012 0.040522 0.051132 0.039418
7 17 71.954025 0.050952 0.039273 0.051564 0.039655
7 18 72.068962 0.051060 0.039414 0.050955 0.039384
7 19 72.183907 0.051565 0.039779 0.052030 0.040162
7 20 72.298851 0.050382 0.038805 0.050128 0.038622
7 21 72.413795 0.051039 0.038803 0.051409 0.039024
7 22 72.528732 0.051766 0.039557 0.051112 0.038645
7 23 72.643677 0.051054 0.039210 0.050019 0.038687
7 24 72.758621 0.050830 0.039560 0.051297 0.039797
7 25 72.873566 0.051161 0.039788 0.050913 0.039569
7 26 72.988503 0.050274 0.038701 0.051917 0.040015
7 27 73.103447 0.051463 0.039813 0.051458 0.039532
7 28 73.218391 0.050621 0.039152 0.050141 0.038576
7 29 73.333336 0.051151 0.039027 0.051692 0.039508
7 30 73.448273 0.050209 0.038960 0.051158 0.039851
7 31 73.563217 0.049955 0.038590 0.050092 0.038842
7 32 73.678162 0.051218 0.039272 0.050846 0.039274
7 33 73.793106 0.051082 0.039464 0.050810 0.038904
7 34 73.908043 0.051655 0.039757 0.052574 0.040219
7 35 74.022987 0.051540 0.039641 0.050843 0.039323
7 36 74.137932 0.049580 0.038668 0.050234 0.038671
7 37 74.252876 0.050833 0.039146 0.051131 0.039127
7 38 74.367813 0.051796 0.039242 0.052043 0.039553
7 39 74.482758 0.051204 0.039532 0.050156 0.038727
7 40 74.597702 0.050815 0.039516 0.049982 0.039217
7 41 74.712646 0.050745 0.039689 0.050622 0.038946
7 42 74.827583 0.050421 0.039316 0.050936 0.039762
7 43 74.942528 0.051367 0.039452 0.050868 0.039033
7 44 75.057472 0.050743 0.039301 0.051448 0.039800
7 45 75.172417 0.051663 0.040421 0.050357 0.038908
7 46 75.287354 0.052477 0.040633 0.050863 0.039443
7 47 75.402298 0.050051 0.038891 0.049804 0.038839
7 48 75.517242 0.050480 0.039012 0.051248 0.039616
7 49 75.632187 0.051479 0.039670 0.050541 0.039135
7 50 75.747124 0.051053 0.039602 0.050975 0.039478
7 51 75.862068 0.051321 0.039723 0.050234 0.039280
7 52 75.977013 0.050956 0.039601 0.051443 0.039276
7 53 76.091957 0.052821 0.039569 0.054592 0.040778
7 54 76.206894 0.050483 0.039050 0.050110 0.038995
7 55 76.321838 0.050029 0.038912 0.050793 0.039213
7 56 76.436783 0.050655 0.039222 0.051667 0.039483
7 57 76.551727 0.050937 0.039291 0.049840 0.038646
7 58 76.666664 0.049839 0.038607 0.050189 0.038919
7 59 76.781609 0.050550 0.039225 0.050130 0.038947
7 60 76.896553 0.050344 0.039199 0.050245 0.039150
7 61 77.011497 0.049222 0.038619 0.049940 0.039117
7 62 77.126434 0.050689 0.038981 0.050840 0.039201
7 63 77.241379 0.051220 0.039299 0.050858 0.039295
7 64 77.356323 0.051411 0.039376 0.050526 0.038998
7 65 77.471268 0.050900 0.039218 0.050570 0.039244
7 66 77.586205 0.051616 0.039223 0.051692 0.039073
7 67 77.701149 0.051818 0.039621 0.051742 0.039770
7 68 77.816093 0.051867 0.039990 0.050333 0.039024
7 69 77.931038 0.053024 0.040223 0.052303 0.039515
7 70 78.045975 0.049906 0.038385 0.049839 0.038478
7 71 78.160919 0.052081 0.039586 0.050954 0.038966
7 72 78.275864 0.051999 0.040307 0.049611 0.038506
7 73 78.390808 0.050507 0.038641 0.051174 0.039346
7 74 78.505745 0.050753 0.039227 0.052042 0.039711
7 75 78.620689 0.050041 0.038898 0.050321 0.039237
7 76 78.735634 0.051592 0.039431 0.051746 0.039595
7 77 78.850578 0.051098 0.039936 0.051382 0.040216
7 78 78.965515 0.050324 0.039054 0.051140 0.039501
7 79 79.080460 0.050377 0.038856 0.050933 0.039069
7 80 79.195404 0.053713 0.040701 0.052316 0.039434
7 81 79.310349 0.049624 0.038708 0.050994 0.039502
7 82 79.425285 0.051202 0.039219 0.049680 0.038560
7 83 79.540230 0.050927 0.039387 0.050388 0.038870
7 84 79.655174 0.051317 0.039464 0.051099 0.039364
7 85 79.770119 0.050207 0.038914 0.051722 0.040221
7 86 79.885056 0.051856 0.039402 0.052061 0.040090
8 0 80.000000 0.049782 0.038632 0.049905 0.038481
8 1 80.114944 0.050953 0.039558 0.051105 0.039560
8 2 80.229881 0.050684 0.039135 0.049604 0.038527
8 3 80.344826 0.050783 0.039161 0.050297 0.038862
8 4 80.459770 0.051176 0.039069 0.051160 0.039532
8 5 80.574715 0.050447 0.038954 0.050001 0.038669
8 6 80.689651 0.050056 0.038630 0.051573 0.039291
8 7 80.804596 0.051215 0.039894 0.051169 0.039408
8 8 80.919540 0.051979 0.040115 0.050618 0.039109
8 9 81.034485 0.051429 0.039753 0.051178 0.039738
8 10 81.149422 0.052223 0.039306 0.052751 0.040635
8 11 81.264366 0.049846 0.038313 0.051196 0.039631
8 12 81.379311 0.050501 0.038940 0.050131 0.039032
8 13 81.494255 0.050990 0.039453 0.050850 0.039556
8 14 81.609192 0.051229 0.039332 0.051161 0.039211
8 15 81.724136 0.050536 0.039003 0.050596 0.039201
8 16 81.839081 0.051759 0.039568 0.050896 0.039324
8 17 81.954025 0.050705 0.039163 0.051585 0.039770
8 18 82.068962 0.051097 0.039261 0.051084 0.039352
8 19 82.183907 0.050832 0.039603 0.049725 0.038245
8 20 82.298851 0.050583 0.039228 0.051549 0.039785
8 21 82.413795 0.050184 0.038926 0.050934 0.039413
8 22 82.528732 0.050984 0.039237 0.051101 0.039512
8 23 82.643677 0.051409 0.039881 0.049392 0.038314
8 24 82.758621 0.051616 0.039448 0.052076 0.039734
8 25 82.873566 0.049949 0.038771 0.051586 0.039982
8 26 82.988503 0.051315 0.039486 0.050645 0.039067
8 27 83.103447 0.051082 0.039283 0.050481 0.038870
8 28 83.218391 0.049987 0.038389 0.052858 0.040161
8 29 83.333336 0.051528 0.039884 0.049888 0.038539
8 30 83.448273 0.050829 0.038870 0.050896 0.039113
8 31 83.563217 0.051032 0.039808 0.050918 0.039800
8 32 83.678162 0.051522 0.039895 0.051162 0.039491
8 33 83.793106 0.052127 0.040591 0.051096 0.039774
8 34 83.908043 0.051345 0.040018 0.050892 0.039459
8 35 84.022987 0.050343 0.039200 0.051149 0.039558
8 36 84.137932 0.051463 0.039948 0.049896 0.038513
8 37 84.252876 0.050795 0.039366 0.051132 0.039568
8 38 84.367813 0.050251 0.038413 0.050485 0.038817
8 39 84.482758 0.049156 0.038307 0.051086 0.039751
8 40 84.597702 0.049606 0.038430 0.051190 0.039368
8 41 84.712646 0.052527 0.039952 0.051014 0.039210
8 42 84.827583 0.051229 0.039672 0.051266 0.039752
8 43 84.942528 0.052837 0.040771 0.051835 0.039938
8 44 85.057472 0.051402 0.039760 0.050569 0.038758
8 45 85.172417 0.050557 0.039044 0.050544 0.039451
8 46 85.287354 0.049420 0.038535 0.050555 0.039185
8 47 85.402298 0.049349 0.038339 0.051455 0.039730
8 48 85.517242 0.050978 0.039288 0.049675 0.038502
8 49 85.632187 0.051276 0.039456 0.051417 0.039502
8 50 85.747124 0.050043 0.038835 0.050976 0.039286
8 51 85.862068 0.052474 0.040441 0.051684 0.039676
8 52 85.977013 0.050822 0.039051 0.049460 0.038443
8 53 86.091957 0.050385 0.038773 0.050404 0.038769
8 54 86.206894 0.050786 0.039204 0.050396 0.039008
8 55 86.321838 0.050887 0.039363 0.050999 0.039085
8 56 86.436783 0.051298 0.039600 0.050298 0.038902
8 57 86.551727 0.049712 0.038303 0.051040 0.039248
8 58 86.666664 0.050997 0.039637 0.048953 0.038181
8 59 86.781609 0.052625 0.039920 0.052098 0.039600
8 60 86.896553 0.050938 0.039415 0.049573 0.038357
8 61 87.011497 0.051311 0.039489 0.050023 0.038475
8 62 87.126434 0.051634 0.039362 0.050571 0.039040
8 63 87.241379 0.051082 0.039664 0.050076 0.039149
8 64 87.356323 0.050569 0.039419 0.051210 0.039749
8 65 87.471268 0.051523 0.039907 0.050841 0.039311
8 66 87.586205 0.050048 0.038708 0.050789 0.039331
8 67 87.701149 0.050276 0.039240 0.050852 0.038983
8 68 87.816093 0.050639 0.039034 0.050678 0.039275
8 69 87.931038 0.049979 0.038762 0.049750 0.038608
8 70 88.045975 0.050513 0.039411 0.050654 0.038986
8 71 88.160919 0.052387 0.039903 0.051984 0.040161
8 72 88.275864 0.050791 0.039615 0.050233 0.038581
8 73 88.390808 0.050260 0.039246 0.050834 0.039426
8 74 88.505745 0.050608 0.039302 0.050762 0.039543
8 75 88.620689 0.050512 0.039131 0.050339 0.038998
8 76 88.735634 0.051226 0.039320 0.050065 0.038342
8 77 88.850578 0.049893 0.038777 0.050385 0.039371
8 78 88.965515 0.050314 0.039285 0.051305 0.039717
8 79 89.080460 0.051412 0.039430 0.051126 0.039243
8 80 89.195404 0.051974 0.039916 0.050294 0.038723
8 81 89.310349 0.051484 0.040004 0.050717 0.039034
8 82 89.425285 0.050347 0.039000 0.050756 0.039437
8 83 89.540230 0.051062 0.039519 0.050550 0.039406
8 84 89.655174 0.051377 0.039757 0.050837 0.039393
8 85 89.770119 0.050238 0.039231 0.049945 0.038728
8 86 89.885056 0.051127 0.039143 0.052028 0.039761
9 0 90.000000 0.049535 0.038305 0.050055 0.039030
9 1 90.114944 0.050021 0.038582 0.051302 0.039962
9 2 90.229881 0.051373 0.039366 0.051886 0.039965
9 3 90.344826 0.050641 0.039579 0.051401 0.039702
9 4 90.459770 0.051374 0.040160 0.051495 0.039491
9 5 90.574715 0.050381 0.039121 0.050755 0.039567
9 6 90.689651 0.050606 0.039010 0.053316 0.040686
9 7 90.804596 0.050249 0.039348 0.050755 0.039437
9 8 90.919540 0.050839 0.039321 0.051471 0.040282
9 9 91.034485 0.049463 0.038588 0.050209 0.039014
9 10 91.149422 0.051674 0.039884 0.050430 0.038947
9 11 91.264366 0.050059 0.038590 0.049759 0.038742
9 12 91.379311 0.051863 0.039940 0.051126 0.039294
9 13 91.494255 0.052466 0.040635 0.051580 0.039497
9 14 91.609192 0.049639 0.038489 0.050729 0.039756
9 15 91.724136 0.050607 0.039494 0.052167 0.040019
9 16 91.839081 0.051258 0.039404 0.050196 0.038663
9 17 91.954025 0.050658 0.039718 0.052209 0.040377
9 18 92.068962 0.051210 0.039326 0.050748 0.039553
9 19 92.183907 0.050658 0.038840 0.050960 0.039252
9 20 92.298851 0.050371 0.038880 0.050438 0.038984
9 21 92.413795 0.050124 0.039070 0.049829 0.038908
9 22 92.528732 0.052752 0.039887 0.052729 0.039901
9 23 92.643677 0.050940 0.039223 0.051354 0.039564
9 24 92.758621 0.049529 0.038316 0.049527 0.038463
9 25 92.873566 0.050734 0.039040 0.051837 0.039503
9 26 92.988503 0.049976 0.038944 0.049673 0.038867
9 27 93.103447 0.051318 0.039549 0.050737 0.039008
9 28 93.218391 0.051668 0.040090 0.050711 0.039290
9 29 93.333336 0.050675 0.039168 0.050039 0.038761
9 30 93.448273 0.049743 0.038621 0.050562 0.039161
9 31 93.563217 0.051427 0.039885 0.050617 0.039087
9 32 93.678162 0.051136 0.039775 0.050194 0.038896
9 33 93.793106 0.051107 0.039816 0.050139 0.039200
9 34 93.908043 0.050184 0.038788 0.049891 0.038769
9 35 94.022987 0.050661 0.039320 0.050668 0.039178
9 36 94.137932 0.050615 0.038979 0.051785 0.039856
9 37 94.252876 0.049954 0.038713 0.051791 0.039994
9 38 94.367813 0.050634 0.039227 0.051464 0.039428
9 39 94.482758 0.049791 0.038843 0.049718 0.038512
9 40 94.597702 0.049682 0.038825 0.049869 0.038726
9 41 94.712646 0.051654 0.039923 0.050160 0.038569
9 42 94.827583 0.050711 0.039082 0.051008 0.039531
9 43 94.942528 0.050683 0.039390 0.050234 0.039194
9 44 95.057472 0.050828 0.039519 0.051070 0.039478
9 45 95.172417 0.050794 0.039150 0.051201 0.039548
9 46 95.287354 0.051108 0.039422 0.050905 0.039382
9 47 95.402298 0.050685 0.039156 0.050206 0.038795
9 48 95.517242 0.051453 0.039455 0.052052 0.039694
9 49 95.632187 0.051221 0.039976 0.050773 0.039897
9 50 95.747124 0.050203 0.038588 0.050650 0.038876
9 51 95.862068 0.050209 0.038878 0.050643 0.039380
9 52 95.977013 0.051484 0.039607 0.051218 0.039376
9 53 96.091957 0.050230 0.038582 0.050042 0.038777
9 54 96.206894 0.051270 0.039740 0.050070 0.038725
9 55 96.321838 0.050243 0.039132 0.050600 0.039109
9 56 96.436783 0.051518 0.039694 0.051322 0.039992
9 57 96.551727 0.049690 0.038379 0.050352 0.039416
9 58 96.666664 0.050341 0.038920 0.051494 0.039552
9 59 96.781609 0.050708 0.039363 0.050282 0.038945
9 60 96.896553 0.051041 0.039776 0.051871 0.040186
9 61 97.011497 0.050844 0.039541 0.051201 0.039800
9 62 97.126434 0.050562 0.039493 0.049715 0.038824
9 63 97.241379 0.051499 0.039822 0.051363 0.039710
9 64 97.356323 0.049973 0.039232 0.049982 0.039115
9 65 97.471268 0.050587 0.039167 0.050256 0.039088
9 66 97.586205 0.050560 0.038663 0.050457 0.039230
9 67 97.701149 0.051833 0.039400 0.052563 0.039707
9 68 97.816093 0.052836 0.040131 0.051077 0.038902
9 69 97.931038 0.050406 0.038963 0.049693 0.038853
9 70 98.045975 0.051389 0.039864 0.051370 0.039905
9 71 98.160919 0.050497 0.039376 0.049793 0.038763
9 72 98.275864 0.050690 0.039277 0.049522 0.038552
9 73 98.390808 0.051169 0.039371 0.049317 0.038314
9 74 98.505745 0.050871 0.039403 0.051855 0.040138
9 75 98.620689 0.051385 0.039746 0.052033 0.040189
9 76 98.735634 0.051135 0.039975 0.049957 0.038796
9 77 98.850578 0.050439 0.039016 0.049830 0.038942
9 78 98.965515 0.050341 0.038889 0.050371 0.038896
9 79 99.080460 0.050753 0.038548 0.051877 0.039955
9 80 99.195404 0.051830 0.040366 0.051326 0.040039
9 81 99.310349 0.052332 0.040602 0.050552 0.039008
9 82 99.425285 0.050470 0.039390 0.050183 0.039131
9 83 99.540230 0.051621 0.040130 0.049983 0.038754
9 84 99.655174 0.050801 0.039016 0.050400 0.039053
9 85 99.770119 0.050958 0.039402 0.050075 0.038867
9 86 99.885056 0.052426 0.039996 0.051458 0.039179
