0 -0.496145 1 0.000017
1 -0.487207 0 0.000000
2 -0.478269 0 0.000000
3 -0.469331 0 0.000000
4 -0.460393 0 0.000000
5 -0.451454 0 0.000000
6 -0.442516 0 0.000000
7 -0.433578 0 0.000000
8 -0.424640 0 0.000000
9 -0.415702 0 0.000000
10 -0.406764 1 0.000017
11 -0.397825 0 0.000000
12 -0.388887 0 0.000000
13 -0.379949 1 0.000017
14 -0.371011 0 0.000000
15 -0.362073 1 0.000017
16 -0.353135 0 0.000000
17 -0.344196 0 0.000000
18 -0.335258 1 0.000017
19 -0.326320 0 0.000000
20 -0.317382 0 0.000000
21 -0.308444 1 0.000017
22 -0.299506 9 0.000150
23 -0.290567 2 0.000033
24 -0.281629 7 0.000117
25 -0.272691 1 0.000017
26 -0.263753 2 0.000033
27 -0.254815 0 0.000000
28 -0.245877 0 0.000000
29 -0.236938 2 0.000033
30 -0.228000 3 0.000050
31 -0.219062 5 0.000083
32 -0.210124 14 0.000233
33 -0.201186 33 0.000550
34 -0.192248 29 0.000483
35 -0.183309 58 0.000967
36 -0.174371 65 0.001083
37 -0.165433 60 0.001000
38 -0.156495 115 0.001917
39 -0.147557 155 0.002583
40 -0.138619 353 0.005883
41 -0.129680 229 0.003817
42 -0.120742 182 0.003033
43 -0.111804 222 0.003700
44 -0.102866 344 0.005733
45 -0.093928 463 0.007717
46 -0.084990 811 0.013517
47 -0.076052 852 0.014200
48 -0.067113 491 0.008183
49 -0.058175 587 0.009783
50 -0.049237 880 0.014667
51 -0.040299 1610 0.026833
52 -0.031361 2390 0.039833
53 -0.022423 7871 0.131183
54 -0.013484 18613 0.310217
55 -0.004546 11797 0.196617
56 0.004392 3176 0.052933
57 0.013330 1892 0.031533
58 0.022268 1479 0.024650
59 0.031206 722 0.012033
60 0.040145 538 0.008967
61 0.049083 580 0.009667
62 0.058021 753 0.012550
63 0.066959 474 0.007900
64 0.075897 308 0.005133
65 0.084835 284 0.004733
66 0.093774 243 0.004050
67 0.102712 207 0.003450
68 0.111650 343 0.005717
69 0.120588 233 0.003883
70 0.129526 90 0.001500
71 0.138464 73 0.001217
72 0.147403 89 0.001483
73 0.156341 87 0.001450
74 0.165279 78 0.001300
75 0.174217 29 0.000483
76 0.183155 20 0.000333
77 0.192093 14 0.000233
78 0.201032 5 0.000083
79 0.209970 2 0.000033
80 0.218908 0 0.000000
81 0.227846 0 0.000000
82 0.236784 1 0.000017
83 0.245722 2 0.000033
84 0.254661 4 0.000067
85 0.263599 0 0.000000
86 0.272537 1 0.000017
87 0.281475 5 0.000083
88 0.290413 1 0.000017
89 0.299351 2 0.000033
90 0.308290 0 0.000000
91 0.317228 0 0.000000
92 0.326166 0 0.000000
93 0.335104 0 0.000000
94 0.344042 0 0.000000
95 0.352980 0 0.000000
96 0.361919 0 0.000000
97 0.370857 0 0.000000
98 0.379795 3 0.000050
99 0.388733 1 0.000017
