0 -0.135314 1 0.000050
1 -0.132547 3 0.000150
2 -0.129780 1 0.000050
3 -0.127012 3 0.000150
4 -0.124245 1 0.000050
5 -0.121478 3 0.000150
6 -0.118710 1 0.000050
7 -0.115943 1 0.000050
8 -0.113176 2 0.000100
9 -0.110408 0 0.000000
10 -0.107641 2 0.000100
11 -0.104874 2 0.000100
12 -0.102106 0 0.000000
13 -0.099339 3 0.000150
14 -0.096572 2 0.000100
15 -0.093804 1 0.000050
16 -0.091037 4 0.000200
17 -0.088269 1 0.000050
18 -0.085502 0 0.000000
19 -0.082735 4 0.000200
20 -0.079967 4 0.000200
21 -0.077200 8 0.000400
22 -0.074433 25 0.001250
23 -0.071665 13 0.000650
24 -0.068898 5 0.000250
25 -0.066131 21 0.001050
26 -0.063363 27 0.001350
27 -0.060596 18 0.000900
28 -0.057829 18 0.000900
29 -0.055061 13 0.000650
30 -0.052294 21 0.001050
31 -0.049526 19 0.000950
32 -0.046759 30 0.001500
33 -0.043992 32 0.001600
34 -0.041224 60 0.003000
35 -0.038457 95 0.004750
36 -0.035690 108 0.005400
37 -0.032922 159 0.007950
38 -0.030155 235 0.011750
39 -0.027388 356 0.017800
40 -0.024620 491 0.024550
41 -0.021853 826 0.041300
42 -0.019086 1141 0.057050
43 -0.016318 1450 0.072500
44 -0.013551 1736 0.086800
45 -0.010784 2314 0.115700
46 -0.008016 2400 0.120000
47 -0.005249 2383 0.119150
48 -0.002481 1820 0.091000
49 0.000286 1142 0.057100
50 0.003053 764 0.038200
51 0.005821 489 0.024450
52 0.008588 348 0.017400
53 0.011355 279 0.013950
54 0.014123 251 0.012550
55 0.016890 189 0.009450
56 0.019657 134 0.006700
57 0.022425 111 0.005550
58 0.025192 68 0.003400
59 0.027959 58 0.002900
60 0.030727 39 0.001950
61 0.033494 42 0.002100
62 0.036262 22 0.001100
63 0.039029 25 0.001250
64 0.041796 26 0.001300
65 0.044564 17 0.000850
66 0.047331 24 0.001200
67 0.050098 21 0.001050
68 0.052866 4 0.000200
69 0.055633 12 0.000600
70 0.058400 4 0.000200
71 0.061168 6 0.000300
72 0.063935 4 0.000200
73 0.066702 5 0.000250
74 0.069470 6 0.000300
75 0.072237 1 0.000050
76 0.075005 4 0.000200
77 0.077772 2 0.000100
78 0.080539 2 0.000100
79 0.083307 5 0.000250
80 0.086074 3 0.000150
81 0.088841 3 0.000150
82 0.091609 5 0.000250
83 0.094376 1 0.000050
84 0.097143 1 0.000050
85 0.099911 1 0.000050
86 0.102678 1 0.000050
87 0.105445 2 0.000100
88 0.108213 4 0.000200
89 0.110980 1 0.000050
90 0.113747 2 0.000100
91 0.116515 1 0.000050
92 0.119282 1 0.000050
93 0.122050 0 0.000000
94 0.124817 0 0.000000
95 0.127584 0 0.000000
96 0.130352 3 0.000150
97 0.133119 1 0.000050
98 0.135886 3 0.000150
99 0.138654 0 0.000000
