0 -0.160422 1 0.000050
1 -0.157661 3 0.000150
2 -0.154901 2 0.000100
3 -0.152140 0 0.000000
4 -0.149380 1 0.000050
5 -0.146619 0 0.000000
6 -0.143859 2 0.000100
7 -0.141098 1 0.000050
8 -0.138337 0 0.000000
9 -0.135577 0 0.000000
10 -0.132816 1 0.000050
11 -0.130056 0 0.000000
12 -0.127295 1 0.000050
13 -0.124535 1 0.000050
14 -0.121774 0 0.000000
15 -0.119013 2 0.000100
16 -0.116253 1 0.000050
17 -0.113492 0 0.000000
18 -0.110732 2 0.000100
19 -0.107971 2 0.000100
20 -0.105211 1 0.000050
21 -0.102450 0 0.000000
22 -0.099690 1 0.000050
23 -0.096929 1 0.000050
24 -0.094168 1 0.000050
25 -0.091408 3 0.000150
26 -0.088647 6 0.000300
27 -0.085887 7 0.000350
28 -0.083126 8 0.000400
29 -0.080366 7 0.000350
30 -0.077605 3 0.000150
31 -0.074844 4 0.000200
32 -0.072084 8 0.000400
33 -0.069323 12 0.000600
34 -0.066563 13 0.000650
35 -0.063802 9 0.000450
36 -0.061042 14 0.000700
37 -0.058281 11 0.000550
38 -0.055521 16 0.000800
39 -0.052760 30 0.001500
40 -0.049999 34 0.001700
41 -0.047239 53 0.002650
42 -0.044478 40 0.002000
43 -0.041718 55 0.002750
44 -0.038957 86 0.004300
45 -0.036197 109 0.005450
46 -0.033436 151 0.007550
47 -0.030675 167 0.008350
48 -0.027915 203 0.010150
49 -0.025154 365 0.018250
50 -0.022394 538 0.026900
51 -0.019633 826 0.041300
52 -0.016873 1451 0.072550
53 -0.014112 2183 0.109150
54 -0.011352 2274 0.113700
55 -0.008591 3042 0.152100
56 -0.005830 2751 0.137550
57 -0.003070 1955 0.097750
58 -0.000309 1226 0.061300
59 0.002451 755 0.037750
60 0.005212 377 0.018850
61 0.007972 252 0.012600
62 0.010733 214 0.010700
63 0.013494 91 0.004550
64 0.016254 113 0.005650
65 0.019015 59 0.002950
66 0.021775 69 0.003450
67 0.024536 61 0.003050
68 0.027296 23 0.001150
69 0.030057 26 0.001300
70 0.032817 46 0.002300
71 0.035578 31 0.001550
72 0.038339 13 0.000650
73 0.041099 18 0.000900
74 0.043860 15 0.000750
75 0.046620 22 0.001100
76 0.049381 12 0.000600
77 0.052141 14 0.000700
78 0.054902 14 0.000700
79 0.057663 23 0.001150
80 0.060423 12 0.000600
81 0.063184 15 0.000750
82 0.065944 13 0.000650
83 0.068705 3 0.000150
84 0.071465 4 0.000200
85 0.074226 3 0.000150
86 0.076986 1 0.000050
87 0.079747 1 0.000050
88 0.082508 1 0.000050
89 0.085268 0 0.000000
90 0.088029 1 0.000050
91 0.090789 1 0.000050
92 0.093550 1 0.000050
93 0.096310 4 0.000200
94 0.099071 2 0.000100
95 0.101832 0 0.000000
96 0.104592 1 0.000050
97 0.107353 2 0.000100
98 0.110113 2 0.000100
99 0.112874 1 0.000050
