0 -0.496145 1 0.000050
1 -0.487207 0 0.000000
2 -0.478269 0 0.000000
3 -0.469331 0 0.000000
4 -0.460393 0 0.000000
5 -0.451454 0 0.000000
6 -0.442516 0 0.000000
7 -0.433578 0 0.000000
8 -0.424640 0 0.000000
9 -0.415702 0 0.000000
10 -0.406764 1 0.000050
11 -0.397825 0 0.000000
12 -0.388887 0 0.000000
13 -0.379949 1 0.000050
14 -0.371011 0 0.000000
15 -0.362073 1 0.000050
16 -0.353135 0 0.000000
17 -0.344196 0 0.000000
18 -0.335258 1 0.000050
19 -0.326320 0 0.000000
20 -0.317382 0 0.000000
21 -0.308444 1 0.000050
22 -0.299506 9 0.000450
23 -0.290567 2 0.000100
24 -0.281629 7 0.000350
25 -0.272691 1 0.000050
26 -0.263753 2 0.000100
27 -0.254815 0 0.000000
28 -0.245877 0 0.000000
29 -0.236938 2 0.000100
30 -0.228000 3 0.000150
31 -0.219062 5 0.000250
32 -0.210124 14 0.000700
33 -0.201186 33 0.001650
34 -0.192248 29 0.001450
35 -0.183309 58 0.002900
36 -0.174371 65 0.003250
37 -0.165433 57 0.002850
38 -0.156495 112 0.005600
39 -0.147557 151 0.007550
40 -0.138619 348 0.017400
41 -0.129680 222 0.011100
42 -0.120742 172 0.008600
43 -0.111804 214 0.010700
44 -0.102866 336 0.016800
45 -0.093928 445 0.022250
46 -0.084990 781 0.039050
47 -0.076052 783 0.039150
48 -0.067113 384 0.019200
49 -0.058175 466 0.023300
50 -0.049237 639 0.031950
51 -0.040299 926 0.046300
52 -0.031361 631 0.031550
53 -0.022423 1033 0.051650
54 -0.013484 3092 0.154600
55 -0.004546 1542 0.077100
56 0.004392 787 0.039350
57 0.013330 964 0.048200
58 0.022268 1077 0.053850
59 0.031206 514 0.025700
60 0.040145 410 0.020500
61 0.049083 485 0.024250
62 0.058021 686 0.034300
63 0.066959 446 0.022300
64 0.075897 292 0.014600
65 0.084835 271 0.013550
66 0.093774 233 0.011650
67 0.102712 195 0.009750
68 0.111650 337 0.016850
69 0.120588 233 0.011650
70 0.129526 84 0.004200
71 0.138464 72 0.003600
72 0.147403 89 0.004450
73 0.156341 87 0.004350
74 0.165279 78 0.003900
75 0.174217 29 0.001450
76 0.183155 20 0.001000
77 0.192093 14 0.000700
78 0.201032 5 0.000250
79 0.209970 2 0.000100
80 0.218908 0 0.000000
81 0.227846 0 0.000000
82 0.236784 1 0.000050
83 0.245722 2 0.000100
84 0.254661 4 0.000200
85 0.263599 0 0.000000
86 0.272537 1 0.000050
87 0.281475 5 0.000250
88 0.290413 1 0.000050
89 0.299351 2 0.000100
90 0.308290 0 0.000000
91 0.317228 0 0.000000
92 0.326166 0 0.000000
93 0.335104 0 0.000000
94 0.344042 0 0.000000
95 0.352980 0 0.000000
96 0.361919 0 0.000000
97 0.370857 0 0.000000
98 0.379795 3 0.000150
99 0.388733 1 0.000050
