0 0.000000 51070 0.851167
1 0.002486 2764 0.046067
2 0.004973 2160 0.036000
3 0.007459 988 0.016467
4 0.009946 600 0.010000
5 0.012432 600 0.010000
6 0.014919 522 0.008700
7 0.017405 383 0.006383
8 0.019892 219 0.003650
9 0.022378 161 0.002683
10 0.024865 132 0.002200
11 0.027351 122 0.002033
12 0.029838 75 0.001250
13 0.032324 49 0.000817
14 0.034811 35 0.000583
15 0.037297 34 0.000567
16 0.039783 13 0.000217
17 0.042270 16 0.000267
18 0.044756 4 0.000067
19 0.047243 3 0.000050
20 0.049729 1 0.000017
21 0.052216 2 0.000033
22 0.054702 0 0.000000
23 0.057189 1 0.000017
24 0.059675 1 0.000017
25 0.062162 1 0.000017
26 0.064648 4 0.000067
27 0.067135 2 0.000033
28 0.069621 0 0.000000
29 0.072108 1 0.000017
30 0.074594 3 0.000050
31 0.077080 5 0.000083
32 0.079567 4 0.000067
33 0.082053 3 0.000050
34 0.084540 4 0.000067
35 0.087026 6 0.000100
36 0.089513 1 0.000017
37 0.091999 1 0.000017
38 0.094486 1 0.000017
39 0.096972 0 0.000000
40 0.099459 0 0.000000
41 0.101945 0 0.000000
42 0.104432 0 0.000000
43 0.106918 1 0.000017
44 0.109405 0 0.000000
45 0.111891 0 0.000000
46 0.114377 0 0.000000
47 0.116864 0 0.000000
48 0.119350 0 0.000000
49 0.121837 0 0.000000
50 0.124323 0 0.000000
51 0.126810 1 0.000017
52 0.129296 0 0.000000
53 0.131783 0 0.000000
54 0.134269 0 0.000000
55 0.136756 0 0.000000
56 0.139242 1 0.000017
57 0.141729 0 0.000000
58 0.144215 3 0.000050
59 0.146701 0 0.000000
60 0.149188 1 0.000017
61 0.151674 0 0.000000
62 0.154161 0 0.000000
63 0.156647 0 0.000000
64 0.159134 1 0.000017
65 0.161620 0 0.000000
66 0.164107 0 0.000000
67 0.166593 0 0.000000
68 0.169080 0 0.000000
69 0.171566 0 0.000000
70 0.174053 0 0.000000
71 0.176539 0 0.000000
72 0.179026 0 0.000000
73 0.181512 0 0.000000
74 0.183998 0 0.000000
75 0.186485 0 0.000000
76 0.188971 0 0.000000
77 0.191458 0 0.000000
78 0.193944 0 0.000000
79 0.196431 0 0.000000
80 0.198917 0 0.000000
81 0.201404 0 0.000000
82 0.203890 0 0.000000
83 0.206377 0 0.000000
84 0.208863 0 0.000000
85 0.211350 0 0.000000
86 0.213836 0 0.000000
87 0.216323 0 0.000000
88 0.218809 0 0.000000
89 0.221295 0 0.000000
90 0.223782 0 0.000000
91 0.226268 0 0.000000
92 0.228755 0 0.000000
93 0.231241 0 0.000000
94 0.233728 0 0.000000
95 0.236214 0 0.000000
96 0.238701 0 0.000000
97 0.241187 0 0.000000
98 0.243674 0 0.000000
99 0.246160 1 0.000017
