0 0.004892 3 0.000050
1 0.014937 4 0.000067
2 0.024982 12 0.000200
3 0.035027 11 0.000183
4 0.045072 19 0.000317
5 0.055117 12 0.000200
6 0.065162 8 0.000133
7 0.075208 12 0.000200
8 0.085253 16 0.000267
9 0.095298 15 0.000250
10 0.105343 15 0.000250
11 0.115388 16 0.000267
12 0.125433 18 0.000300
13 0.135478 13 0.000217
14 0.145524 18 0.000300
15 0.155569 16 0.000267
16 0.165614 16 0.000267
17 0.175659 10 0.000167
18 0.185704 39 0.000650
19 0.195749 25 0.000417
20 0.205794 34 0.000567
21 0.215839 56 0.000933
22 0.225885 32 0.000533
23 0.235930 32 0.000533
24 0.245975 51 0.000850
25 0.256020 63 0.001050
26 0.266065 67 0.001117
27 0.276110 108 0.001800
28 0.286155 107 0.001783
29 0.296201 107 0.001783
30 0.306246 200 0.003333
31 0.316291 201 0.003350
32 0.326336 312 0.005200
33 0.336381 289 0.004817
34 0.346426 238 0.003967
35 0.356471 295 0.004917
36 0.366517 456 0.007600
37 0.376562 435 0.007250
38 0.386607 353 0.005883
39 0.396652 449 0.007483
40 0.406697 674 0.011233
41 0.416742 879 0.014650
42 0.426787 1480 0.024667
43 0.436832 893 0.014883
44 0.446878 997 0.016617
45 0.456923 1377 0.022950
46 0.466968 2047 0.034117
47 0.477013 2149 0.035817
48 0.487058 3706 0.061767
49 0.497103 7702 0.128367
50 0.507148 2965 0.049417
51 0.517194 2076 0.034600
52 0.527239 2292 0.038200
53 0.537284 1413 0.023550
54 0.547329 1313 0.021883
55 0.557374 1434 0.023900
56 0.567419 1888 0.031467
57 0.577464 2551 0.042517
58 0.587510 3420 0.057000
59 0.597555 2561 0.042683
60 0.607600 1469 0.024483
61 0.617645 1252 0.020867
62 0.627690 995 0.016583
63 0.637735 539 0.008983
64 0.647780 494 0.008233
65 0.657825 408 0.006800
66 0.667871 399 0.006650
67 0.677916 312 0.005200
68 0.687961 245 0.004083
69 0.698006 238 0.003967
70 0.708051 194 0.003233
71 0.718096 178 0.002967
72 0.728141 148 0.002467
73 0.738187 204 0.003400
74 0.748232 181 0.003017
75 0.758277 163 0.002717
76 0.768322 180 0.003000
77 0.778367 174 0.002900
78 0.788412 188 0.003133
79 0.798457 181 0.003017
80 0.808503 162 0.002700
81 0.818548 212 0.003533
82 0.828593 233 0.003883
83 0.838638 216 0.003600
84 0.848683 256 0.004267
85 0.858728 413 0.006883
86 0.868773 365 0.006083
87 0.878819 419 0.006983
88 0.888864 241 0.004017
89 0.898909 236 0.003933
90 0.908954 276 0.004600
91 0.918999 295 0.004917
92 0.929044 215 0.003583
93 0.939089 132 0.002200
94 0.949134 69 0.001150
95 0.959180 44 0.000733
96 0.969225 40 0.000667
97 0.979270 22 0.000367
98 0.989315 11 0.000183
99 0.999360 1 0.000017
