0 0.045455 3 0.000150
1 0.054902 4 0.000200
2 0.064350 1 0.000050
3 0.073797 4 0.000200
4 0.083244 8 0.000400
5 0.092691 14 0.000700
6 0.102138 12 0.000600
7 0.111585 16 0.000800
8 0.121033 21 0.001050
9 0.130480 8 0.000400
10 0.139927 23 0.001150
11 0.149374 16 0.000800
12 0.158821 13 0.000650
13 0.168269 13 0.000650
14 0.177716 19 0.000950
15 0.187163 27 0.001350
16 0.196610 14 0.000700
17 0.206057 24 0.001200
18 0.215505 29 0.001450
19 0.224952 22 0.001100
20 0.234399 33 0.001650
21 0.243846 32 0.001600
22 0.253293 21 0.001050
23 0.262741 29 0.001450
24 0.272188 26 0.001300
25 0.281635 44 0.002200
26 0.291082 30 0.001500
27 0.300529 32 0.001600
28 0.309976 57 0.002850
29 0.319424 75 0.003750
30 0.328871 104 0.005200
31 0.338318 75 0.003750
32 0.347765 78 0.003900
33 0.357212 113 0.005650
34 0.366660 115 0.005750
35 0.376107 125 0.006250
36 0.385554 154 0.007700
37 0.395001 140 0.007000
38 0.404448 168 0.008400
39 0.413896 232 0.011600
40 0.423343 252 0.012600
41 0.432790 279 0.013950
42 0.442237 377 0.018850
43 0.451684 422 0.021100
44 0.461131 513 0.025650
45 0.470579 772 0.038600
46 0.480026 1045 0.052250
47 0.489473 1694 0.084700
48 0.498920 3073 0.153650
49 0.508367 2699 0.134950
50 0.517815 1600 0.080000
51 0.527262 979 0.048950
52 0.536709 624 0.031200
53 0.546156 552 0.027600
54 0.555603 423 0.021150
55 0.565051 376 0.018800
56 0.574498 276 0.013800
57 0.583945 217 0.010850
58 0.593392 228 0.011400
59 0.602839 195 0.009750
60 0.612287 141 0.007050
61 0.621734 174 0.008700
62 0.631181 119 0.005950
63 0.640628 114 0.005700
64 0.650075 80 0.004000
65 0.659522 81 0.004050
66 0.668970 73 0.003650
67 0.678417 68 0.003400
68 0.687864 70 0.003500
69 0.697311 53 0.002650
70 0.706758 46 0.002300
71 0.716206 32 0.001600
72 0.725653 33 0.001650
73 0.735100 25 0.001250
74 0.744547 33 0.001650
75 0.753994 13 0.000650
76 0.763442 23 0.001150
77 0.772889 19 0.000950
78 0.782336 23 0.001150
79 0.791783 19 0.000950
80 0.801230 15 0.000750
81 0.810677 13 0.000650
82 0.820125 19 0.000950
83 0.829572 14 0.000700
84 0.839019 20 0.001000
85 0.848466 24 0.001200
86 0.857913 11 0.000550
87 0.867361 11 0.000550
88 0.876808 10 0.000500
89 0.886255 10 0.000500
90 0.895702 15 0.000750
91 0.905149 3 0.000150
92 0.914597 5 0.000250
93 0.924044 8 0.000400
94 0.933491 1 0.000050
95 0.942938 3 0.000150
96 0.952385 5 0.000250
97 0.961833 2 0.000100
98 0.971280 2 0.000100
99 0.980727 0 0.000000
