0 0.120510 20 0.001000
1 0.129302 25 0.001250
2 0.138095 8 0.000400
3 0.146887 17 0.000850
4 0.155679 7 0.000350
5 0.164471 3 0.000150
6 0.173263 5 0.000250
7 0.182055 4 0.000200
8 0.190847 0 0.000000
9 0.199639 2 0.000100
10 0.208432 2 0.000100
11 0.217224 4 0.000200
12 0.226016 13 0.000650
13 0.234808 12 0.000600
14 0.243600 16 0.000800
15 0.252392 25 0.001250
16 0.261184 18 0.000900
17 0.269976 27 0.001350
18 0.278769 34 0.001700
19 0.287561 63 0.003150
20 0.296353 43 0.002150
21 0.305145 43 0.002150
22 0.313937 39 0.001950
23 0.322729 135 0.006750
24 0.331521 147 0.007350
25 0.340314 107 0.005350
26 0.349106 21 0.001050
27 0.357898 18 0.000900
28 0.366690 7 0.000350
29 0.375482 12 0.000600
30 0.384274 21 0.001050
31 0.393066 13 0.000650
32 0.401858 8 0.000400
33 0.410651 17 0.000850
34 0.419443 38 0.001900
35 0.428235 27 0.001350
36 0.437027 26 0.001300
37 0.445819 36 0.001800
38 0.454611 47 0.002350
39 0.463403 50 0.002500
40 0.472196 45 0.002250
41 0.480988 67 0.003350
42 0.489780 72 0.003600
43 0.498572 84 0.004200
44 0.507364 82 0.004100
45 0.516156 111 0.005550
46 0.524948 124 0.006200
47 0.533740 148 0.007400
48 0.542533 228 0.011400
49 0.551325 351 0.017550
50 0.560117 399 0.019950
51 0.568909 476 0.023800
52 0.577701 646 0.032300
53 0.586493 1768 0.088400
54 0.595285 2901 0.145050
55 0.604077 1744 0.087200
56 0.612870 1154 0.057700
57 0.621662 702 0.035100
58 0.630454 550 0.027500
59 0.639246 438 0.021900
60 0.648038 296 0.014800
61 0.656830 242 0.012100
62 0.665622 240 0.012000
63 0.674415 175 0.008750
64 0.683207 189 0.009450
65 0.691999 136 0.006800
66 0.700791 156 0.007800
67 0.709583 132 0.006600
68 0.718375 148 0.007400
69 0.727167 140 0.007000
70 0.735959 138 0.006900
71 0.744752 140 0.007000
72 0.753544 119 0.005950
73 0.762336 139 0.006950
74 0.771128 126 0.006300
75 0.779920 150 0.007500
76 0.788712 138 0.006900
77 0.797504 156 0.007800
78 0.806297 137 0.006850
79 0.815089 141 0.007050
80 0.823881 153 0.007650
81 0.832673 202 0.010100
82 0.841465 165 0.008250
83 0.850257 198 0.009900
84 0.859049 161 0.008050
85 0.867841 271 0.013550
86 0.876634 370 0.018500
87 0.885426 234 0.011700
88 0.894218 280 0.014000
89 0.903010 234 0.011700
90 0.911802 225 0.011250
91 0.920594 241 0.012050
92 0.929386 252 0.012600
93 0.938178 113 0.005650
94 0.946971 143 0.007150
95 0.955763 163 0.008150
96 0.964555 64 0.003200
97 0.973347 32 0.001600
98 0.982139 10 0.000500
99 0.990931 1 0.000050
