0 0.045455 3 0.000050
1 0.055005 4 0.000067
2 0.064556 2 0.000033
3 0.074106 3 0.000050
4 0.083656 8 0.000133
5 0.093206 18 0.000300
6 0.102757 8 0.000133
7 0.112307 20 0.000333
8 0.121857 49 0.000817
9 0.131408 27 0.000450
10 0.140958 42 0.000700
11 0.150508 23 0.000383
12 0.160058 15 0.000250
13 0.169609 18 0.000300
14 0.179159 24 0.000400
15 0.188709 28 0.000467
16 0.198259 22 0.000367
17 0.207810 26 0.000433
18 0.217360 31 0.000517
19 0.226910 39 0.000650
20 0.236460 42 0.000700
21 0.246011 60 0.001000
22 0.255561 43 0.000717
23 0.265111 60 0.001000
24 0.274662 65 0.001083
25 0.284212 97 0.001617
26 0.293762 78 0.001300
27 0.303312 81 0.001350
28 0.312863 106 0.001767
29 0.322413 237 0.003950
30 0.331963 258 0.004300
31 0.341513 166 0.002767
32 0.351064 111 0.001850
33 0.360614 114 0.001900
34 0.370164 163 0.002717
35 0.379714 135 0.002250
36 0.389265 162 0.002700
37 0.398815 163 0.002717
38 0.408365 207 0.003450
39 0.417915 279 0.004650
40 0.427466 313 0.005217
41 0.437016 350 0.005833
42 0.446566 439 0.007317
43 0.456117 520 0.008667
44 0.465667 684 0.011400
45 0.475217 994 0.016567
46 0.484767 1631 0.027183
47 0.494318 5503 0.091717
48 0.503868 16819 0.280317
49 0.513418 5016 0.083600
50 0.522968 1654 0.027567
51 0.532519 970 0.016167
52 0.542069 808 0.013467
53 0.551619 873 0.014550
54 0.561169 870 0.014500
55 0.570720 821 0.013683
56 0.580270 1255 0.020917
57 0.589820 2925 0.048750
58 0.599370 2751 0.045850
59 0.608921 1646 0.027433
60 0.618471 1020 0.017000
61 0.628021 785 0.013083
62 0.637572 608 0.010133
63 0.647122 425 0.007083
64 0.656672 355 0.005917
65 0.666222 311 0.005183
66 0.675773 268 0.004467
67 0.685323 268 0.004467
68 0.694873 213 0.003550
69 0.704423 197 0.003283
70 0.713974 196 0.003267
71 0.723524 178 0.002967
72 0.733074 175 0.002917
73 0.742624 190 0.003167
74 0.752175 148 0.002467
75 0.761725 172 0.002867
76 0.771275 159 0.002650
77 0.780825 177 0.002950
78 0.790376 179 0.002983
79 0.799926 173 0.002883
80 0.809476 169 0.002817
81 0.819027 173 0.002883
82 0.828577 214 0.003567
83 0.838127 219 0.003650
84 0.847677 246 0.004100
85 0.857228 169 0.002817
86 0.866778 296 0.004933
87 0.876328 406 0.006767
88 0.885878 266 0.004433
89 0.895429 317 0.005283
90 0.904979 255 0.004250
91 0.914529 264 0.004400
92 0.924079 278 0.004633
93 0.933630 171 0.002850
94 0.943180 129 0.002150
95 0.952730 206 0.003433
96 0.962281 90 0.001500
97 0.971831 43 0.000717
98 0.981381 13 0.000217
99 0.990931 0 0.000000
