0 0.476924 2 0.000100
1 0.477557 0 0.000000
2 0.478190 0 0.000000
3 0.478823 0 0.000000
4 0.479456 0 0.000000
5 0.480089 2 0.000100
6 0.480722 1 0.000050
7 0.481355 0 0.000000
8 0.481988 1 0.000050
9 0.482621 6 0.000300
10 0.483254 2 0.000100
11 0.483887 4 0.000200
12 0.484519 1 0.000050
13 0.485152 15 0.000750
14 0.485785 12 0.000600
15 0.486418 7 0.000350
16 0.487051 7 0.000350
17 0.487684 4 0.000200
18 0.488317 14 0.000700
19 0.488950 5 0.000250
20 0.489583 12 0.000600
21 0.490216 15 0.000750
22 0.490849 25 0.001250
23 0.491482 19 0.000950
24 0.492115 19 0.000950
25 0.492748 28 0.001400
26 0.493381 38 0.001900
27 0.494014 30 0.001500
28 0.494647 43 0.002150
29 0.495280 44 0.002200
30 0.495913 46 0.002300
31 0.496546 77 0.003850
32 0.497179 115 0.005750
33 0.497812 155 0.007750
34 0.498445 176 0.008800
35 0.499078 189 0.009450
36 0.499711 185 0.009250
37 0.500344 227 0.011350
38 0.500977 298 0.014900
39 0.501610 317 0.015850
40 0.502243 355 0.017750
41 0.502876 394 0.019700
42 0.503509 437 0.021850
43 0.504142 560 0.028000
44 0.504775 662 0.033100
45 0.505408 802 0.040100
46 0.506041 1051 0.052550
47 0.506674 1079 0.053950
48 0.507307 1052 0.052600
49 0.507940 1064 0.053200
50 0.508573 1368 0.068400
51 0.509206 1262 0.063100
52 0.509839 1096 0.054800
53 0.510472 948 0.047400
54 0.511105 939 0.046950
55 0.511738 691 0.034550
56 0.512371 521 0.026050
57 0.513004 464 0.023200
58 0.513637 405 0.020250
59 0.514270 261 0.013050
60 0.514903 222 0.011100
61 0.515536 177 0.008850
62 0.516168 220 0.011000
63 0.516801 247 0.012350
64 0.517434 220 0.011000
65 0.518067 214 0.010700
66 0.518700 186 0.009300
67 0.519333 135 0.006750
68 0.519966 103 0.005150
69 0.520599 134 0.006700
70 0.521232 93 0.004650
71 0.521865 60 0.003000
72 0.522498 73 0.003650
73 0.523131 56 0.002800
74 0.523764 58 0.002900
75 0.524397 19 0.000950
76 0.525030 15 0.000750
77 0.525663 16 0.000800
78 0.526296 24 0.001200
79 0.526929 15 0.000750
80 0.527562 20 0.001000
81 0.528195 4 0.000200
82 0.528828 4 0.000200
83 0.529461 5 0.000250
84 0.530094 6 0.000300
85 0.530727 13 0.000650
86 0.531360 21 0.001050
87 0.531993 15 0.000750
88 0.532626 9 0.000450
89 0.533259 7 0.000350
90 0.533892 12 0.000600
91 0.534525 13 0.000650
92 0.535158 9 0.000450
93 0.535791 7 0.000350
94 0.536424 7 0.000350
95 0.537057 7 0.000350
96 0.537690 0 0.000000
97 0.538323 1 0.000050
98 0.538956 0 0.000000
99 0.539589 1 0.000050
