0 0.004892 1 0.000050
1 0.013976 0 0.000000
2 0.023061 0 0.000000
3 0.032146 0 0.000000
4 0.041230 0 0.000000
5 0.050315 0 0.000000
6 0.059399 0 0.000000
7 0.068484 0 0.000000
8 0.077569 0 0.000000
9 0.086653 0 0.000000
10 0.095738 0 0.000000
11 0.104823 0 0.000000
12 0.113907 1 0.000050
13 0.122992 1 0.000050
14 0.132077 0 0.000000
15 0.141161 1 0.000050
16 0.150246 0 0.000000
17 0.159331 0 0.000000
18 0.168415 0 0.000000
19 0.177500 0 0.000000
20 0.186585 0 0.000000
21 0.195669 2 0.000100
22 0.204754 3 0.000150
23 0.213839 4 0.000200
24 0.222923 13 0.000650
25 0.232008 1 0.000050
26 0.241092 0 0.000000
27 0.250177 0 0.000000
28 0.259262 0 0.000000
29 0.268346 2 0.000100
30 0.277431 1 0.000050
31 0.286516 2 0.000100
32 0.295600 14 0.000700
33 0.304685 26 0.001300
34 0.313770 26 0.001300
35 0.322854 69 0.003450
36 0.331939 76 0.003800
37 0.341024 54 0.002700
38 0.350108 91 0.004550
39 0.359193 147 0.007350
40 0.368278 334 0.016700
41 0.377362 223 0.011150
42 0.386447 191 0.009550
43 0.395531 193 0.009650
44 0.404616 320 0.016000
45 0.413701 413 0.020650
46 0.422785 973 0.048650
47 0.431870 713 0.035650
48 0.440955 375 0.018750
49 0.450039 457 0.022850
50 0.459124 609 0.030450
51 0.468209 1012 0.050600
52 0.477293 547 0.027350
53 0.486378 674 0.033700
54 0.495463 4012 0.200600
55 0.504547 1036 0.051800
56 0.513632 754 0.037700
57 0.522717 1016 0.050800
58 0.531801 1026 0.051300
59 0.540886 461 0.023050
60 0.549971 498 0.024900
61 0.559055 476 0.023800
62 0.568140 762 0.038100
63 0.577224 365 0.018250
64 0.586309 347 0.017350
65 0.595394 225 0.011250
66 0.604478 249 0.012450
67 0.613563 199 0.009950
68 0.622648 418 0.020900
69 0.631732 154 0.007700
70 0.640817 50 0.002500
71 0.649902 83 0.004150
72 0.658986 69 0.003450
73 0.668071 97 0.004850
74 0.677155 51 0.002550
75 0.686240 24 0.001200
76 0.695325 15 0.000750
77 0.704409 20 0.001000
78 0.713494 4 0.000200
79 0.722579 0 0.000000
80 0.731663 0 0.000000
81 0.740748 1 0.000050
82 0.749833 0 0.000000
83 0.758917 1 0.000050
84 0.768002 0 0.000000
85 0.777087 2 0.000100
86 0.786171 4 0.000200
87 0.795256 5 0.000250
88 0.804341 3 0.000150
89 0.813425 0 0.000000
90 0.822510 0 0.000000
91 0.831595 0 0.000000
92 0.840679 0 0.000000
93 0.849764 0 0.000000
94 0.858848 0 0.000000
95 0.867933 0 0.000000
96 0.877018 0 0.000000
97 0.886102 0 0.000000
98 0.895187 4 0.000200
99 0.904272 0 0.000000
