0 -0.294899 4 0.000200
1 -0.286701 4 0.000200
2 -0.278504 1 0.000050
3 -0.270306 1 0.000050
4 -0.262109 2 0.000100
5 -0.253912 0 0.000000
6 -0.245714 1 0.000050
7 -0.237517 4 0.000200
8 -0.229320 0 0.000000
9 -0.221122 0 0.000000
10 -0.212925 4 0.000200
11 -0.204727 10 0.000500
12 -0.196530 3 0.000150
13 -0.188333 12 0.000600
14 -0.180135 10 0.000500
15 -0.171938 22 0.001100
16 -0.163741 20 0.001000
17 -0.155543 24 0.001200
18 -0.147346 20 0.001000
19 -0.139148 17 0.000850
20 -0.130951 29 0.001450
21 -0.122754 27 0.001350
22 -0.114556 38 0.001900
23 -0.106359 59 0.002950
24 -0.098162 104 0.005200
25 -0.089964 107 0.005350
26 -0.081767 155 0.007750
27 -0.073569 141 0.007050
28 -0.065372 192 0.009600
29 -0.057175 229 0.011450
30 -0.048977 251 0.012550
31 -0.040780 315 0.015750
32 -0.032583 614 0.030700
33 -0.024385 1381 0.069050
34 -0.016188 4102 0.205100
35 -0.007990 5926 0.296300
36 0.000207 2766 0.138300
37 0.008404 1242 0.062100
38 0.016602 566 0.028300
39 0.024799 350 0.017500
40 0.032996 238 0.011900
41 0.041194 188 0.009400
42 0.049391 167 0.008350
43 0.057589 130 0.006500
44 0.065786 100 0.005000
45 0.073983 85 0.004250
46 0.082181 54 0.002700
47 0.090378 40 0.002000
48 0.098575 37 0.001850
49 0.106773 30 0.001500
50 0.114970 20 0.001000
51 0.123168 8 0.000400
52 0.131365 13 0.000650
53 0.139562 23 0.001150
54 0.147760 11 0.000550
55 0.155957 11 0.000550
56 0.164154 8 0.000400
57 0.172352 6 0.000300
58 0.180549 6 0.000300
59 0.188747 4 0.000200
60 0.196944 4 0.000200
61 0.205141 4 0.000200
62 0.213339 1 0.000050
63 0.221536 4 0.000200
64 0.229733 5 0.000250
65 0.237931 0 0.000000
66 0.246128 1 0.000050
67 0.254326 0 0.000000
68 0.262523 1 0.000050
69 0.270720 2 0.000100
70 0.278918 1 0.000050
71 0.287115 6 0.000300
72 0.295312 1 0.000050
73 0.303510 3 0.000150
74 0.311707 5 0.000250
75 0.319905 3 0.000150
76 0.328102 4 0.000200
77 0.336299 0 0.000000
78 0.344497 0 0.000000
79 0.352694 0 0.000000
80 0.360891 0 0.000000
81 0.369089 0 0.000000
82 0.377286 0 0.000000
83 0.385484 0 0.000000
84 0.393681 0 0.000000
85 0.401878 0 0.000000
86 0.410076 0 0.000000
87 0.418273 0 0.000000
88 0.426470 0 0.000000
89 0.434668 2 0.000100
90 0.442865 7 0.000350
91 0.451063 2 0.000100
92 0.459260 2 0.000100
93 0.467457 1 0.000050
94 0.475655 3 0.000150
95 0.483852 0 0.000000
96 0.492049 0 0.000000
97 0.500247 0 0.000000
98 0.508444 5 0.000250
99 0.516642 1 0.000050
