0 -0.386403 1 0.000050
1 -0.378447 0 0.000000
2 -0.370491 0 0.000000
3 -0.362534 0 0.000000
4 -0.354578 0 0.000000
5 -0.346622 0 0.000000
6 -0.338666 0 0.000000
7 -0.330709 0 0.000000
8 -0.322753 2 0.000100
9 -0.314797 1 0.000050
10 -0.306841 3 0.000150
11 -0.298884 1 0.000050
12 -0.290928 6 0.000300
13 -0.282972 3 0.000150
14 -0.275016 1 0.000050
15 -0.267059 0 0.000000
16 -0.259103 3 0.000150
17 -0.251147 1 0.000050
18 -0.243191 1 0.000050
19 -0.235234 5 0.000250
20 -0.227278 10 0.000500
21 -0.219322 9 0.000450
22 -0.211366 12 0.000600
23 -0.203409 17 0.000850
24 -0.195453 33 0.001650
25 -0.187497 41 0.002050
26 -0.179541 57 0.002850
27 -0.171584 46 0.002300
28 -0.163628 54 0.002700
29 -0.155672 120 0.006000
30 -0.147716 204 0.010200
31 -0.139759 249 0.012450
32 -0.131803 188 0.009400
33 -0.123847 180 0.009000
34 -0.115891 192 0.009600
35 -0.107935 207 0.010350
36 -0.099978 284 0.014200
37 -0.092022 368 0.018400
38 -0.084066 673 0.033650
39 -0.076110 550 0.027500
40 -0.068153 434 0.021700
41 -0.060197 433 0.021650
42 -0.052241 568 0.028400
43 -0.044285 694 0.034700
44 -0.036328 567 0.028350
45 -0.028372 794 0.039700
46 -0.020416 949 0.047450
47 -0.012460 2883 0.144150
48 -0.004503 1671 0.083550
49 0.003453 777 0.038850
50 0.011409 781 0.039050
51 0.019365 847 0.042350
52 0.027322 704 0.035200
53 0.035278 381 0.019050
54 0.043234 404 0.020200
55 0.051190 528 0.026400
56 0.059147 523 0.026150
57 0.067103 393 0.019650
58 0.075059 300 0.015000
59 0.083015 223 0.011150
60 0.090972 187 0.009350
61 0.098928 187 0.009350
62 0.106884 174 0.008700
63 0.114840 284 0.014200
64 0.122797 196 0.009800
65 0.130753 152 0.007600
66 0.138709 79 0.003950
67 0.146665 79 0.003950
68 0.154622 94 0.004700
69 0.162578 72 0.003600
70 0.170534 46 0.002300
71 0.178490 14 0.000700
72 0.186447 11 0.000550
73 0.194403 8 0.000400
74 0.202359 14 0.000700
75 0.210315 2 0.000100
76 0.218272 2 0.000100
77 0.226228 1 0.000050
78 0.234184 2 0.000100
79 0.242140 0 0.000000
80 0.250097 5 0.000250
81 0.258053 2 0.000100
82 0.266009 1 0.000050
83 0.273965 1 0.000050
84 0.281922 1 0.000050
85 0.289878 2 0.000100
86 0.297834 5 0.000250
87 0.305790 0 0.000000
88 0.313747 0 0.000000
89 0.321703 0 0.000000
90 0.329659 0 0.000000
91 0.337615 0 0.000000
92 0.345572 0 0.000000
93 0.353528 1 0.000050
94 0.361484 0 0.000000
95 0.369440 0 0.000000
96 0.377397 0 0.000000
97 0.385353 0 0.000000
98 0.393309 2 0.000100
99 0.401265 0 0.000000
