0 -0.386403 1 0.000017
1 -0.377281 0 0.000000
2 -0.368160 0 0.000000
3 -0.359038 0 0.000000
4 -0.349916 0 0.000000
5 -0.340795 0 0.000000
6 -0.331673 0 0.000000
7 -0.322551 2 0.000033
8 -0.313430 2 0.000033
9 -0.304308 3 0.000050
10 -0.295187 8 0.000133
11 -0.286065 6 0.000100
12 -0.276943 4 0.000067
13 -0.267822 4 0.000067
14 -0.258700 3 0.000050
15 -0.249578 3 0.000050
16 -0.240457 7 0.000117
17 -0.231335 10 0.000167
18 -0.222213 16 0.000267
19 -0.213092 31 0.000517
20 -0.203970 38 0.000633
21 -0.194848 53 0.000883
22 -0.185727 76 0.001267
23 -0.176605 76 0.001267
24 -0.167483 94 0.001567
25 -0.158362 150 0.002500
26 -0.149240 272 0.004533
27 -0.140118 323 0.005383
28 -0.130997 299 0.004983
29 -0.121875 273 0.004550
30 -0.112753 321 0.005350
31 -0.103632 435 0.007250
32 -0.094510 531 0.008850
33 -0.085388 1010 0.016833
34 -0.076267 853 0.014217
35 -0.067145 787 0.013117
36 -0.058023 988 0.016467
37 -0.048902 1283 0.021383
38 -0.039780 1567 0.026117
39 -0.030658 2685 0.044750
40 -0.021537 5996 0.099933
41 -0.012415 17287 0.288117
42 -0.003293 10009 0.166817
43 0.005828 4012 0.066867
44 0.014950 2333 0.038883
45 0.024072 1540 0.025667
46 0.033193 954 0.015900
47 0.042315 781 0.013017
48 0.051437 922 0.015367
49 0.060558 757 0.012617
50 0.069680 596 0.009933
51 0.078802 427 0.007117
52 0.087923 291 0.004850
53 0.097045 310 0.005167
54 0.106167 254 0.004233
55 0.115288 348 0.005800
56 0.124410 224 0.003733
57 0.133532 163 0.002717
58 0.142653 117 0.001950
59 0.151775 127 0.002117
60 0.160897 97 0.001617
61 0.170018 68 0.001133
62 0.179140 26 0.000433
63 0.188262 16 0.000267
64 0.197383 21 0.000350
65 0.206505 12 0.000200
66 0.215627 16 0.000267
67 0.224748 6 0.000100
68 0.233870 6 0.000100
69 0.242992 2 0.000033
70 0.252113 5 0.000083
71 0.261235 2 0.000033
72 0.270357 3 0.000050
73 0.279478 4 0.000067
74 0.288600 8 0.000133
75 0.297722 5 0.000083
76 0.306843 4 0.000067
77 0.315965 6 0.000100
78 0.325087 5 0.000083
79 0.334208 0 0.000000
80 0.343330 0 0.000000
81 0.352452 1 0.000017
82 0.361573 0 0.000000
83 0.370695 0 0.000000
84 0.379817 0 0.000000
85 0.388938 1 0.000017
86 0.398060 1 0.000017
87 0.407182 0 0.000000
88 0.416303 0 0.000000
89 0.425425 0 0.000000
90 0.434547 2 0.000033
91 0.443668 7 0.000117
92 0.452790 3 0.000050
93 0.461912 1 0.000017
94 0.471033 3 0.000050
95 0.480155 1 0.000017
96 0.489277 0 0.000000
97 0.498398 0 0.000000
98 0.507520 5 0.000083
99 0.516642 1 0.000017
