0 0.000000 48825 0.813750
1 0.002696 3897 0.064950
2 0.005392 2405 0.040083
3 0.008088 1169 0.019483
4 0.010785 774 0.012900
5 0.013481 748 0.012467
6 0.016177 579 0.009650
7 0.018873 426 0.007100
8 0.021569 287 0.004783
9 0.024265 206 0.003433
10 0.026961 156 0.002600
11 0.029658 120 0.002000
12 0.032354 83 0.001383
13 0.035050 53 0.000883
14 0.037746 38 0.000633
15 0.040442 39 0.000650
16 0.043138 29 0.000483
17 0.045835 15 0.000250
18 0.048531 21 0.000350
19 0.051227 11 0.000183
20 0.053923 12 0.000200
21 0.056619 1 0.000017
22 0.059315 3 0.000050
23 0.062011 6 0.000100
24 0.064708 5 0.000083
25 0.067404 3 0.000050
26 0.070100 2 0.000033
27 0.072796 3 0.000050
28 0.075492 6 0.000100
29 0.078188 5 0.000083
30 0.080884 8 0.000133
31 0.083581 7 0.000117
32 0.086277 5 0.000083
33 0.088973 3 0.000050
34 0.091669 5 0.000083
35 0.094365 4 0.000067
36 0.097061 1 0.000017
37 0.099757 5 0.000083
38 0.102454 3 0.000050
39 0.105150 2 0.000033
40 0.107846 3 0.000050
41 0.110542 0 0.000000
42 0.113238 0 0.000000
43 0.115934 0 0.000000
44 0.118630 0 0.000000
45 0.121327 0 0.000000
46 0.124023 1 0.000017
47 0.126719 0 0.000000
48 0.129415 0 0.000000
49 0.132111 0 0.000000
50 0.134807 0 0.000000
51 0.137504 0 0.000000
52 0.140200 0 0.000000
53 0.142896 0 0.000000
54 0.145592 0 0.000000
55 0.148288 1 0.000017
56 0.150984 0 0.000000
57 0.153680 0 0.000000
58 0.156377 1 0.000017
59 0.159073 1 0.000017
60 0.161769 0 0.000000
61 0.164465 0 0.000000
62 0.167161 0 0.000000
63 0.169857 0 0.000000
64 0.172553 0 0.000000
65 0.175250 0 0.000000
66 0.177946 0 0.000000
67 0.180642 0 0.000000
68 0.183338 0 0.000000
69 0.186034 0 0.000000
70 0.188730 0 0.000000
71 0.191426 0 0.000000
72 0.194123 2 0.000033
73 0.196819 4 0.000067
74 0.199515 3 0.000050
75 0.202211 0 0.000000
76 0.204907 2 0.000033
77 0.207603 0 0.000000
78 0.210299 0 0.000000
79 0.212996 2 0.000033
80 0.215692 0 0.000000
81 0.218388 0 0.000000
82 0.221084 0 0.000000
83 0.223780 1 0.000017
84 0.226476 1 0.000017
85 0.229173 1 0.000017
86 0.231869 1 0.000017
87 0.234565 0 0.000000
88 0.237261 0 0.000000
89 0.239957 0 0.000000
90 0.242653 0 0.000000
91 0.245349 0 0.000000
92 0.248046 0 0.000000
93 0.250742 0 0.000000
94 0.253438 0 0.000000
95 0.256134 0 0.000000
96 0.258830 3 0.000050
97 0.261526 1 0.000017
98 0.264222 1 0.000017
99 0.266919 1 0.000017
