0 -0.246137 2 0.000100
1 -0.241348 0 0.000000
2 -0.236559 0 0.000000
3 -0.231770 1 0.000050
4 -0.226981 1 0.000050
5 -0.222192 1 0.000050
6 -0.217404 3 0.000150
7 -0.212615 8 0.000400
8 -0.207826 5 0.000250
9 -0.203037 3 0.000150
10 -0.198248 2 0.000100
11 -0.193460 4 0.000200
12 -0.188671 5 0.000250
13 -0.183882 5 0.000250
14 -0.179093 2 0.000100
15 -0.174304 7 0.000350
16 -0.169515 4 0.000200
17 -0.164727 6 0.000300
18 -0.159938 5 0.000250
19 -0.155149 11 0.000550
20 -0.150360 10 0.000500
21 -0.145571 13 0.000650
22 -0.140782 14 0.000700
23 -0.135994 10 0.000500
24 -0.131205 14 0.000700
25 -0.126416 29 0.001450
26 -0.121627 24 0.001200
27 -0.116838 25 0.001250
28 -0.112049 22 0.001100
29 -0.107261 26 0.001300
30 -0.102472 22 0.001100
31 -0.097683 41 0.002050
32 -0.092894 28 0.001400
33 -0.088105 38 0.001900
34 -0.083316 35 0.001750
35 -0.078528 53 0.002650
36 -0.073739 41 0.002050
37 -0.068950 50 0.002500
38 -0.064161 62 0.003100
39 -0.059372 75 0.003750
40 -0.054583 87 0.004350
41 -0.049795 111 0.005550
42 -0.045006 149 0.007450
43 -0.040217 221 0.011050
44 -0.035428 283 0.014150
45 -0.030639 450 0.022500
46 -0.025850 639 0.031950
47 -0.021062 1022 0.051100
48 -0.016273 1868 0.093400
49 -0.011484 3702 0.185100
50 -0.006695 4246 0.212300
51 -0.001906 2522 0.126100
52 0.002883 1230 0.061500
53 0.007671 732 0.036600
54 0.012460 451 0.022550
55 0.017249 355 0.017750
56 0.022038 206 0.010300
57 0.026827 138 0.006900
58 0.031615 122 0.006100
59 0.036404 99 0.004950
60 0.041193 81 0.004050
61 0.045982 58 0.002900
62 0.050771 65 0.003250
63 0.055560 69 0.003450
64 0.060348 49 0.002450
65 0.065137 42 0.002100
66 0.069926 38 0.001900
67 0.074715 27 0.001350
68 0.079504 24 0.001200
69 0.084293 27 0.001350
70 0.089081 24 0.001200
71 0.093870 22 0.001100
72 0.098659 28 0.001400
73 0.103448 14 0.000700
74 0.108237 10 0.000500
75 0.113026 7 0.000350
76 0.117814 4 0.000200
77 0.122603 1 0.000050
78 0.127392 5 0.000250
79 0.132181 6 0.000300
80 0.136970 9 0.000450
81 0.141759 4 0.000200
82 0.146547 2 0.000100
83 0.151336 2 0.000100
84 0.156125 4 0.000200
85 0.160914 1 0.000050
86 0.165703 4 0.000200
87 0.170492 7 0.000350
88 0.175280 4 0.000200
89 0.180069 3 0.000150
90 0.184858 1 0.000050
91 0.189647 2 0.000100
92 0.194436 1 0.000050
93 0.199225 0 0.000000
94 0.204013 0 0.000000
95 0.208802 1 0.000050
96 0.213591 4 0.000200
97 0.218380 7 0.000350
98 0.223169 2 0.000100
99 0.227958 1 0.000050
