0 0.015721 1 0.000050
1 0.025404 5 0.000250
2 0.035087 4 0.000200
3 0.044770 6 0.000300
4 0.054453 8 0.000400
5 0.064136 8 0.000400
6 0.073819 8 0.000400
7 0.083502 8 0.000400
8 0.093185 15 0.000750
9 0.102868 11 0.000550
10 0.112551 7 0.000350
11 0.122234 16 0.000800
12 0.131917 10 0.000500
13 0.141600 7 0.000350
14 0.151283 8 0.000400
15 0.160966 14 0.000700
16 0.170649 27 0.001350
17 0.180332 14 0.000700
18 0.190015 37 0.001850
19 0.199698 20 0.001000
20 0.209381 38 0.001900
21 0.219064 25 0.001250
22 0.228747 23 0.001150
23 0.238430 31 0.001550
24 0.248112 46 0.002300
25 0.257795 37 0.001850
26 0.267478 40 0.002000
27 0.277161 56 0.002800
28 0.286844 67 0.003350
29 0.296527 49 0.002450
30 0.306210 74 0.003700
31 0.315893 73 0.003650
32 0.325576 101 0.005050
33 0.335259 109 0.005450
34 0.344942 83 0.004150
35 0.354625 86 0.004300
36 0.364308 149 0.007450
37 0.373991 133 0.006650
38 0.383674 173 0.008650
39 0.393357 170 0.008500
40 0.403040 225 0.011250
41 0.412723 230 0.011500
42 0.422406 297 0.014850
43 0.432089 370 0.018500
44 0.441772 423 0.021150
45 0.451455 600 0.030000
46 0.461138 714 0.035700
47 0.470821 942 0.047100
48 0.480504 1614 0.080700
49 0.490187 3094 0.154700
50 0.499870 2836 0.141800
51 0.509552 1603 0.080150
52 0.519235 945 0.047250
53 0.528918 662 0.033100
54 0.538601 510 0.025500
55 0.548284 358 0.017900
56 0.557967 342 0.017100
57 0.567650 344 0.017200
58 0.577333 291 0.014550
59 0.587016 191 0.009550
60 0.596699 179 0.008950
61 0.606382 134 0.006700
62 0.616065 142 0.007100
63 0.625748 121 0.006050
64 0.635431 103 0.005150
65 0.645114 105 0.005250
66 0.654797 79 0.003950
67 0.664480 77 0.003850
68 0.674163 81 0.004050
69 0.683846 69 0.003450
70 0.693529 37 0.001850
71 0.703212 47 0.002350
72 0.712895 27 0.001350
73 0.722578 33 0.001650
74 0.732261 21 0.001050
75 0.741944 33 0.001650
76 0.751627 31 0.001550
77 0.761310 26 0.001300
78 0.770992 28 0.001400
79 0.780675 21 0.001050
80 0.790358 14 0.000700
81 0.800041 9 0.000450
82 0.809724 18 0.000900
83 0.819407 12 0.000600
84 0.829090 24 0.001200
85 0.838773 17 0.000850
86 0.848456 17 0.000850
87 0.858139 12 0.000600
88 0.867822 5 0.000250
89 0.877505 6 0.000300
90 0.887188 13 0.000650
91 0.896871 7 0.000350
92 0.906554 10 0.000500
93 0.916237 13 0.000650
94 0.925920 17 0.000850
95 0.935603 4 0.000200
96 0.945286 6 0.000300
97 0.954969 10 0.000500
98 0.964652 3 0.000150
99 0.974335 1 0.000050
