0 0.116262 1 0.000050
1 0.124218 0 0.000000
2 0.132174 0 0.000000
3 0.140131 0 0.000000
4 0.148087 0 0.000000
5 0.156043 0 0.000000
6 0.163999 0 0.000000
7 0.171956 0 0.000000
8 0.179912 0 0.000000
9 0.187868 1 0.000050
10 0.195824 1 0.000050
11 0.203781 0 0.000000
12 0.211737 7 0.000350
13 0.219693 7 0.000350
14 0.227649 3 0.000150
15 0.235606 1 0.000050
16 0.243562 2 0.000100
17 0.251518 0 0.000000
18 0.259474 0 0.000000
19 0.267431 0 0.000000
20 0.275387 0 0.000000
21 0.283343 0 0.000000
22 0.291299 10 0.000500
23 0.299256 21 0.001050
24 0.307212 31 0.001550
25 0.315168 42 0.002100
26 0.323124 64 0.003200
27 0.331081 59 0.002950
28 0.339037 47 0.002350
29 0.346993 58 0.002900
30 0.354949 147 0.007350
31 0.362906 141 0.007050
32 0.370862 345 0.017250
33 0.378818 142 0.007100
34 0.386774 215 0.010750
35 0.394731 159 0.007950
36 0.402687 248 0.012400
37 0.410643 329 0.016450
38 0.418599 441 0.022050
39 0.426556 939 0.046950
40 0.434512 446 0.022300
41 0.442468 300 0.015000
42 0.450424 397 0.019850
43 0.458380 523 0.026150
44 0.466337 756 0.037800
45 0.474293 596 0.029800
46 0.482249 490 0.024500
47 0.490205 683 0.034150
48 0.498162 4397 0.219850
49 0.506118 693 0.034650
50 0.514074 650 0.032500
51 0.522030 825 0.041250
52 0.529987 895 0.044750
53 0.537943 443 0.022150
54 0.545899 428 0.021400
55 0.553855 461 0.023050
56 0.561812 434 0.021700
57 0.569768 686 0.034300
58 0.577724 303 0.015150
59 0.585680 300 0.015000
60 0.593637 192 0.009600
61 0.601593 232 0.011600
62 0.609549 190 0.009500
63 0.617505 185 0.009250
64 0.625462 413 0.020650
65 0.633418 118 0.005900
66 0.641374 81 0.004050
67 0.649330 79 0.003950
68 0.657287 82 0.004100
69 0.665243 60 0.003000
70 0.673199 94 0.004700
71 0.681155 25 0.001250
72 0.689112 12 0.000600
73 0.697068 18 0.000900
74 0.705024 24 0.001200
75 0.712980 2 0.000100
76 0.720937 2 0.000100
77 0.728893 1 0.000050
78 0.736849 1 0.000050
79 0.744805 1 0.000050
80 0.752762 0 0.000000
81 0.760718 0 0.000000
82 0.768674 4 0.000200
83 0.776630 1 0.000050
84 0.784587 2 0.000100
85 0.792543 5 0.000250
86 0.800499 6 0.000300
87 0.808455 0 0.000000
88 0.816412 0 0.000000
89 0.824368 0 0.000000
90 0.832324 0 0.000000
91 0.840280 0 0.000000
92 0.848237 0 0.000000
93 0.856193 0 0.000000
94 0.864149 0 0.000000
95 0.872105 1 0.000050
96 0.880062 0 0.000000
97 0.888018 0 0.000000
98 0.895974 1 0.000050
99 0.903930 1 0.000050
