0 0.014398 9 0.000450
1 0.024345 6 0.000300
2 0.034292 6 0.000300
3 0.044239 2 0.000100
4 0.054186 3 0.000150
5 0.064133 1 0.000050
6 0.074080 5 0.000250
7 0.084027 3 0.000150
8 0.093974 5 0.000250
9 0.103921 4 0.000200
10 0.113868 6 0.000300
11 0.123815 7 0.000350
12 0.133762 6 0.000300
13 0.143709 1 0.000050
14 0.153656 4 0.000200
15 0.163603 3 0.000150
16 0.173550 5 0.000250
17 0.183497 0 0.000000
18 0.193444 2 0.000100
19 0.203391 1 0.000050
20 0.213338 3 0.000150
21 0.223284 3 0.000150
22 0.233231 6 0.000300
23 0.243178 19 0.000950
24 0.253125 23 0.001150
25 0.263072 28 0.001400
26 0.273019 37 0.001850
27 0.282966 42 0.002100
28 0.292913 24 0.001200
29 0.302860 38 0.001900
30 0.312807 144 0.007200
31 0.322754 128 0.006400
32 0.332701 152 0.007600
33 0.342648 95 0.004750
34 0.352595 41 0.002050
35 0.362542 14 0.000700
36 0.372489 20 0.001000
37 0.382436 16 0.000800
38 0.392383 10 0.000500
39 0.402330 18 0.000900
40 0.412277 30 0.001500
41 0.422224 32 0.001600
42 0.432170 26 0.001300
43 0.442117 51 0.002550
44 0.452064 68 0.003400
45 0.462011 53 0.002650
46 0.471958 66 0.003300
47 0.481905 87 0.004350
48 0.491852 137 0.006850
49 0.501799 109 0.005450
50 0.511746 133 0.006650
51 0.521693 198 0.009900
52 0.531640 197 0.009850
53 0.541587 265 0.013250
54 0.551534 427 0.021350
55 0.561481 528 0.026400
56 0.571428 1050 0.052500
57 0.581375 2039 0.101950
58 0.591322 2761 0.138050
59 0.601269 1451 0.072550
60 0.611216 910 0.045500
61 0.621163 758 0.037900
62 0.631110 466 0.023300
63 0.641056 324 0.016200
64 0.651003 291 0.014550
65 0.660950 237 0.011850
66 0.670897 221 0.011050
67 0.680844 221 0.011050
68 0.690791 162 0.008100
69 0.700738 178 0.008900
70 0.710685 145 0.007250
71 0.720632 148 0.007400
72 0.730579 154 0.007700
73 0.740526 161 0.008050
74 0.750473 161 0.008050
75 0.760420 167 0.008350
76 0.770367 188 0.009400
77 0.780314 165 0.008250
78 0.790261 167 0.008350
79 0.800208 155 0.007750
80 0.810155 173 0.008650
81 0.820102 196 0.009800
82 0.830049 209 0.010450
83 0.839996 247 0.012350
84 0.849942 292 0.014600
85 0.859889 423 0.021150
86 0.869836 374 0.018700
87 0.879783 377 0.018850
88 0.889730 267 0.013350
89 0.899677 223 0.011150
90 0.909624 254 0.012700
91 0.919571 342 0.017100
92 0.929518 226 0.011300
93 0.939465 177 0.008850
94 0.949412 68 0.003400
95 0.959359 53 0.002650
96 0.969306 47 0.002350
97 0.979253 20 0.001000
98 0.989200 4 0.000200
99 0.999147 1 0.000050
