0 0.447783 11 0.000550
1 0.449210 0 0.000000
2 0.450637 0 0.000000
3 0.452064 0 0.000000
4 0.453491 8 0.000400
5 0.454918 5 0.000250
6 0.456345 0 0.000000
7 0.457772 0 0.000000
8 0.459199 10 0.000500
9 0.460626 4 0.000200
10 0.462053 20 0.001000
11 0.463480 12 0.000600
12 0.464907 0 0.000000
13 0.466334 11 0.000550
14 0.467761 12 0.000600
15 0.469188 0 0.000000
16 0.470615 18 0.000900
17 0.472042 19 0.000950
18 0.473469 73 0.003650
19 0.474896 4 0.000200
20 0.476323 30 0.001500
21 0.477750 11 0.000550
22 0.479178 76 0.003800
23 0.480605 57 0.002850
24 0.482032 36 0.001800
25 0.483459 46 0.002300
26 0.484886 78 0.003900
27 0.486313 56 0.002800
28 0.487740 148 0.007400
29 0.489167 150 0.007500
30 0.490594 171 0.008550
31 0.492021 162 0.008100
32 0.493448 207 0.010350
33 0.494875 485 0.024250
34 0.496302 387 0.019350
35 0.497729 341 0.017050
36 0.499156 686 0.034300
37 0.500583 690 0.034500
38 0.502010 1126 0.056300
39 0.503437 1090 0.054500
40 0.504864 1326 0.066300
41 0.506291 1941 0.097050
42 0.507718 1486 0.074300
43 0.509145 1772 0.088600
44 0.510572 1212 0.060600
45 0.511999 1113 0.055650
46 0.513426 682 0.034100
47 0.514853 811 0.040550
48 0.516280 450 0.022500
49 0.517707 477 0.023850
50 0.519134 374 0.018700
51 0.520561 243 0.012150
52 0.521988 316 0.015800
53 0.523415 338 0.016900
54 0.524842 86 0.004300
55 0.526269 104 0.005200
56 0.527696 111 0.005550
57 0.529123 223 0.011150
58 0.530550 71 0.003550
59 0.531977 47 0.002350
60 0.533404 65 0.003250
61 0.534831 75 0.003750
62 0.536258 65 0.003250
63 0.537685 8 0.000400
64 0.539112 1 0.000050
65 0.540539 78 0.003900
66 0.541966 26 0.001300
67 0.543393 47 0.002350
68 0.544820 81 0.004050
69 0.546247 18 0.000900
70 0.547675 34 0.001700
71 0.549102 6 0.000300
72 0.550529 23 0.001150
73 0.551956 16 0.000800
74 0.553383 1 0.000050
75 0.554810 3 0.000150
76 0.556237 0 0.000000
77 0.557664 3 0.000150
78 0.559091 3 0.000150
79 0.560518 4 0.000200
80 0.561945 0 0.000000
81 0.563372 4 0.000200
82 0.564799 0 0.000000
83 0.566226 7 0.000350
84 0.567653 0 0.000000
85 0.569080 4 0.000200
86 0.570507 0 0.000000
87 0.571934 0 0.000000
88 0.573361 0 0.000000
89 0.574788 0 0.000000
90 0.576215 0 0.000000
91 0.577642 0 0.000000
92 0.579069 0 0.000000
93 0.580496 0 0.000000
94 0.581923 0 0.000000
95 0.583350 0 0.000000
96 0.584777 0 0.000000
97 0.586204 0 0.000000
98 0.587631 1 0.000050
99 0.589058 4 0.000200
