0 0.112991 10 0.000167
1 0.121992 0 0.000000
2 0.130994 2 0.000033
3 0.139996 11 0.000183
4 0.148997 2 0.000033
5 0.157999 4 0.000067
6 0.167000 18 0.000300
7 0.176002 135 0.002250
8 0.185004 0 0.000000
9 0.194005 0 0.000000
10 0.203007 19 0.000317
11 0.212008 0 0.000000
12 0.221010 11 0.000183
13 0.230012 47 0.000783
14 0.239013 166 0.002767
15 0.248015 8 0.000133
16 0.257016 26 0.000433
17 0.266018 52 0.000867
18 0.275020 27 0.000450
19 0.284021 26 0.000433
20 0.293023 114 0.001900
21 0.302024 88 0.001467
22 0.311026 156 0.002600
23 0.320028 209 0.003483
24 0.329029 348 0.005800
25 0.338031 221 0.003683
26 0.347032 57 0.000950
27 0.356034 39 0.000650
28 0.365036 23 0.000383
29 0.374037 348 0.005800
30 0.383039 174 0.002900
31 0.392040 81 0.001350
32 0.401042 287 0.004783
33 0.410044 316 0.005267
34 0.419045 234 0.003900
35 0.428047 150 0.002500
36 0.437048 446 0.007433
37 0.446050 407 0.006783
38 0.455052 630 0.010500
39 0.464053 488 0.008133
40 0.473055 1129 0.018817
41 0.482056 1775 0.029583
42 0.491058 4184 0.069733
43 0.500060 11643 0.194050
44 0.509061 8121 0.135350
45 0.518063 3132 0.052200
46 0.527065 2006 0.033433
47 0.536066 1159 0.019317
48 0.545068 806 0.013433
49 0.554069 629 0.010483
50 0.563071 611 0.010183
51 0.572073 1150 0.019167
52 0.581074 1236 0.020600
53 0.590076 2146 0.035767
54 0.599077 2372 0.039533
55 0.608079 1694 0.028233
56 0.617081 773 0.012883
57 0.626082 893 0.014883
58 0.635084 549 0.009150
59 0.644085 504 0.008400
60 0.653087 156 0.002600
61 0.662089 557 0.009283
62 0.671090 558 0.009300
63 0.680092 180 0.003000
64 0.689093 298 0.004967
65 0.698095 41 0.000683
66 0.707097 228 0.003800
67 0.716098 101 0.001683
68 0.725100 150 0.002500
69 0.734101 156 0.002600
70 0.743103 229 0.003817
71 0.752105 234 0.003900
72 0.761106 382 0.006367
73 0.770108 222 0.003700
74 0.779109 249 0.004150
75 0.788111 299 0.004983
76 0.797113 240 0.004000
77 0.806114 144 0.002400
78 0.815116 179 0.002983
79 0.824117 135 0.002250
80 0.833119 173 0.002883
81 0.842121 203 0.003383
82 0.851122 324 0.005400
83 0.860124 417 0.006950
84 0.869126 288 0.004800
85 0.878127 296 0.004933
86 0.887129 202 0.003367
87 0.896130 196 0.003267
88 0.905132 340 0.005667
89 0.914134 161 0.002683
90 0.923135 330 0.005500
91 0.932137 199 0.003317
92 0.941138 122 0.002033
93 0.950140 45 0.000750
94 0.959142 35 0.000583
95 0.968143 14 0.000233
96 0.977145 22 0.000367
97 0.986146 0 0.000000
98 0.995148 3 0.000050
99 1.004150 0 0.000000
