0 0.014398 10 0.000167
1 0.024345 10 0.000167
2 0.034292 11 0.000183
3 0.044239 8 0.000133
4 0.054186 11 0.000183
5 0.064133 9 0.000150
6 0.074080 13 0.000217
7 0.084027 12 0.000200
8 0.093974 20 0.000333
9 0.103921 15 0.000250
10 0.113868 15 0.000250
11 0.123815 22 0.000367
12 0.133762 15 0.000250
13 0.143709 10 0.000167
14 0.153656 15 0.000250
15 0.163603 19 0.000317
16 0.173550 30 0.000500
17 0.183497 26 0.000433
18 0.193444 31 0.000517
19 0.203391 33 0.000550
20 0.213338 40 0.000667
21 0.223284 39 0.000650
22 0.233231 34 0.000567
23 0.243178 56 0.000933
24 0.253125 71 0.001183
25 0.263072 65 0.001083
26 0.273019 88 0.001467
27 0.282966 99 0.001650
28 0.292913 106 0.001767
29 0.302860 147 0.002450
30 0.312807 263 0.004383
31 0.322754 309 0.005150
32 0.332701 328 0.005467
33 0.342648 236 0.003933
34 0.352595 292 0.004867
35 0.362542 357 0.005950
36 0.372489 519 0.008650
37 0.382436 412 0.006867
38 0.392383 397 0.006617
39 0.402330 577 0.009617
40 0.412277 677 0.011283
41 0.422224 1353 0.022550
42 0.432170 1041 0.017350
43 0.442117 912 0.015200
44 0.452064 1223 0.020383
45 0.462011 1583 0.026383
46 0.471958 1942 0.032367
47 0.481905 2584 0.043067
48 0.491852 4580 0.076333
49 0.501799 7073 0.117883
50 0.511746 2365 0.039417
51 0.521693 2160 0.036000
52 0.531640 1736 0.028933
53 0.541587 1251 0.020850
54 0.551534 1341 0.022350
55 0.561481 1479 0.024650
56 0.571428 2109 0.035150
57 0.581375 2637 0.043950
58 0.591322 3209 0.053483
59 0.601269 1899 0.031650
60 0.611216 1246 0.020767
61 0.621163 1350 0.022500
62 0.631110 767 0.012783
63 0.641056 544 0.009067
64 0.651003 501 0.008350
65 0.660950 368 0.006133
66 0.670897 425 0.007083
67 0.680844 335 0.005583
68 0.690791 219 0.003650
69 0.700738 256 0.004267
70 0.710685 184 0.003067
71 0.720632 189 0.003150
72 0.730579 172 0.002867
73 0.740526 199 0.003317
74 0.750473 189 0.003150
75 0.760420 191 0.003183
76 0.770367 225 0.003750
77 0.780314 188 0.003133
78 0.790261 188 0.003133
79 0.800208 170 0.002833
80 0.810155 190 0.003167
81 0.820102 209 0.003483
82 0.830049 234 0.003900
83 0.839996 263 0.004383
84 0.849942 308 0.005133
85 0.859889 435 0.007250
86 0.869836 383 0.006383
87 0.879783 383 0.006383
88 0.889730 280 0.004667
89 0.899677 231 0.003850
90 0.909624 267 0.004450
91 0.919571 356 0.005933
92 0.929518 239 0.003983
93 0.939465 183 0.003050
94 0.949412 75 0.001250
95 0.959359 58 0.000967
96 0.969306 51 0.000850
97 0.979253 20 0.000333
98 0.989200 4 0.000067
99 0.999147 1 0.000017
