0 0.179919 77 0.003850
1 0.188245 0 0.000000
2 0.196570 0 0.000000
3 0.204896 0 0.000000
4 0.213222 0 0.000000
5 0.221547 6 0.000300
6 0.229873 5 0.000250
7 0.238198 27 0.001350
8 0.246524 8 0.000400
9 0.254849 8 0.000400
10 0.263175 1 0.000050
11 0.271500 26 0.001300
12 0.279826 3 0.000150
13 0.288152 27 0.001350
14 0.296477 33 0.001650
15 0.304803 14 0.000700
16 0.313128 43 0.002150
17 0.321454 71 0.003550
18 0.329779 237 0.011850
19 0.338105 54 0.002700
20 0.346430 5 0.000250
21 0.354756 20 0.001000
22 0.363082 8 0.000400
23 0.371407 112 0.005600
24 0.379733 1 0.000050
25 0.388058 2 0.000100
26 0.396384 15 0.000750
27 0.404709 168 0.008400
28 0.413035 13 0.000650
29 0.421360 0 0.000000
30 0.429686 30 0.001500
31 0.438012 0 0.000000
32 0.446337 10 0.000500
33 0.454663 16 0.000800
34 0.462988 33 0.001650
35 0.471314 27 0.001350
36 0.479639 30 0.001500
37 0.487965 18 0.000900
38 0.496291 196 0.009800
39 0.504616 77 0.003850
40 0.512942 161 0.008050
41 0.521267 117 0.005850
42 0.529593 318 0.015900
43 0.537918 285 0.014250
44 0.546244 182 0.009100
45 0.554569 220 0.011000
46 0.562895 264 0.013200
47 0.571221 734 0.036700
48 0.579546 653 0.032650
49 0.587872 1858 0.092900
50 0.596197 2164 0.108200
51 0.604523 1528 0.076400
52 0.612848 1025 0.051250
53 0.621174 639 0.031950
54 0.629499 671 0.033550
55 0.637825 450 0.022500
56 0.646151 324 0.016200
57 0.654476 135 0.006750
58 0.662802 240 0.012000
59 0.671127 331 0.016550
60 0.679453 183 0.009150
61 0.687778 146 0.007300
62 0.696104 32 0.001600
63 0.704430 174 0.008700
64 0.712755 38 0.001900
65 0.721081 114 0.005700
66 0.729406 83 0.004150
67 0.737732 168 0.008400
68 0.746057 194 0.009700
69 0.754383 285 0.014250
70 0.762708 294 0.014700
71 0.771034 202 0.010100
72 0.779360 164 0.008200
73 0.787685 294 0.014700
74 0.796011 102 0.005100
75 0.804336 198 0.009900
76 0.812662 149 0.007450
77 0.820987 98 0.004900
78 0.829313 146 0.007300
79 0.837638 124 0.006200
80 0.845964 291 0.014550
81 0.854290 317 0.015850
82 0.862615 291 0.014550
83 0.870941 244 0.012200
84 0.879266 307 0.015350
85 0.887592 186 0.009300
86 0.895917 201 0.010050
87 0.904243 246 0.012300
88 0.912568 230 0.011500
89 0.920894 220 0.011000
90 0.929220 234 0.011700
91 0.937545 167 0.008350
92 0.945871 61 0.003050
93 0.954196 35 0.001750
94 0.962522 37 0.001850
95 0.970847 21 0.001050
96 0.979173 1 0.000050
97 0.987499 0 0.000000
98 0.995824 3 0.000150
99 1.004150 0 0.000000
