0 0.112991 10 0.000500
1 0.121265 0 0.000000
2 0.129539 2 0.000100
3 0.137814 11 0.000550
4 0.146088 2 0.000100
5 0.154363 0 0.000000
6 0.162637 4 0.000200
7 0.170911 23 0.001150
8 0.179186 53 0.002650
9 0.187460 0 0.000000
10 0.195734 0 0.000000
11 0.204009 19 0.000950
12 0.212283 0 0.000000
13 0.220558 0 0.000000
14 0.228832 38 0.001900
15 0.237106 20 0.001000
16 0.245381 128 0.006400
17 0.253655 0 0.000000
18 0.261929 35 0.001750
19 0.270204 32 0.001600
20 0.278478 6 0.000300
21 0.286753 16 0.000800
22 0.295027 113 0.005650
23 0.303301 33 0.001650
24 0.311576 134 0.006700
25 0.319850 84 0.004200
26 0.328124 100 0.005000
27 0.336399 120 0.006000
28 0.344673 93 0.004650
29 0.352948 31 0.001550
30 0.361222 24 0.001200
31 0.369496 66 0.003300
32 0.377771 226 0.011300
33 0.386045 154 0.007700
34 0.394319 58 0.002900
35 0.402594 271 0.013550
36 0.410868 140 0.007000
37 0.419143 202 0.010100
38 0.427417 117 0.005850
39 0.435691 432 0.021600
40 0.443966 371 0.018550
41 0.452240 358 0.017900
42 0.460514 448 0.022400
43 0.468789 424 0.021200
44 0.477063 1022 0.051100
45 0.485337 1154 0.057700
46 0.493612 2284 0.114200
47 0.501886 3055 0.152750
48 0.510161 1718 0.085900
49 0.518435 1101 0.055050
50 0.526709 994 0.049700
51 0.534984 623 0.031150
52 0.543258 492 0.024600
53 0.551533 285 0.014250
54 0.559807 282 0.014100
55 0.568081 409 0.020450
56 0.576356 215 0.010750
57 0.584630 119 0.005950
58 0.592904 153 0.007650
59 0.601179 113 0.005650
60 0.609453 197 0.009850
61 0.617727 51 0.002550
62 0.626002 127 0.006350
63 0.634276 34 0.001700
64 0.642551 36 0.001800
65 0.650825 42 0.002100
66 0.659099 243 0.012150
67 0.667374 235 0.011750
68 0.675648 40 0.002000
69 0.683922 127 0.006350
70 0.692197 33 0.001650
71 0.700471 0 0.000000
72 0.708746 52 0.002600
73 0.717020 3 0.000150
74 0.725294 54 0.002700
75 0.733569 19 0.000950
76 0.741843 29 0.001450
77 0.750117 0 0.000000
78 0.758392 12 0.000600
79 0.766666 0 0.000000
80 0.774941 65 0.003250
81 0.783215 21 0.001050
82 0.791489 3 0.000150
83 0.799764 9 0.000450
84 0.808038 22 0.001100
85 0.816312 31 0.001550
86 0.824587 7 0.000350
87 0.832861 33 0.001650
88 0.841136 21 0.001050
89 0.849410 9 0.000450
90 0.857684 8 0.000400
91 0.865959 4 0.000200
92 0.874233 0 0.000000
93 0.882507 0 0.000000
94 0.890782 0 0.000000
95 0.899056 0 0.000000
96 0.907331 0 0.000000
97 0.915605 0 0.000000
98 0.923879 12 0.000600
99 0.932154 4 0.000200
