0.000000 0 0 0.002792 0.000000 0.193703 0.002798 0.000000 0.244681
0.200000 0 1 0.002256 0.000000 0.194693 0.002288 0.000000 0.209963
0.400000 0 2 0.002132 0.000000 0.204600 0.002138 0.000000 0.174061
0.600000 0 3 0.002088 0.000000 0.220576 0.002103 0.000000 0.254620
0.800000 0 4 0.001983 0.000000 0.202080 0.001980 0.000000 0.184812
1.000000 1 0 0.001922 0.000000 0.207058 0.001913 0.000000 0.264471
1.200000 1 1 0.001951 0.000000 0.197827 0.001946 0.000000 0.175840
1.400000 1 2 0.001925 0.000000 0.209597 0.001925 0.000000 0.209597
1.600000 1 3 0.001980 0.000000 0.214178 0.001963 0.000000 0.171559
1.800000 1 4 0.001781 0.000000 0.177128 0.001766 0.000000 0.151089
2.000000 2 0 0.001787 0.000000 0.186260 0.001779 0.000000 0.164439
2.200000 2 1 0.001740 0.000000 0.179360 0.001746 0.000000 0.206828
2.400000 2 2 0.001800 0.000000 0.189554 0.001800 0.000000 0.175168
2.600000 2 3 0.001758 0.000000 0.185363 0.001742 0.000000 0.205674
2.800000 2 4 0.001779 0.000000 0.199700 0.001772 0.000000 0.199700
3.000000 3 0 0.001778 0.000000 0.181635 0.001800 0.000000 0.227114
3.200000 3 1 0.001745 0.000000 0.189453 0.001735 0.000000 0.146685
3.400000 3 2 0.001742 0.000000 0.189470 0.001756 0.000000 0.245966
3.600000 3 3 0.001772 0.000000 0.200403 0.001791 0.000000 0.256795
3.800000 3 4 0.001771 0.000000 0.186116 0.001768 0.000000 0.247880
4.000000 4 0 0.001817 0.000000 0.191245 0.001814 0.000000 0.240900
4.200000 4 1 0.001790 0.000000 0.183264 0.001784 0.000000 0.159276
4.400000 4 2 0.001786 0.000000 0.176306 0.001760 0.000000 0.228703
4.600000 4 3 0.001705 0.000000 0.182355 0.001683 0.000000 0.235136
4.800000 4 4 0.001870 0.000000 0.180753 0.001886 0.000000 0.181193
5.000000 5 0 0.001681 0.000000 0.192221 0.001655 0.000000 0.212353
5.200000 5 1 0.001832 0.000000 0.179319 0.001822 0.000000 0.182633
5.400000 5 2 0.001738 0.000000 0.183589 0.001729 0.000000 0.230650
5.600000 5 3 0.001698 0.000000 0.176625 0.001666 0.000000 0.213087
5.800000 5 4 0.001743 0.000000 0.193018 0.001754 0.000000 0.246171
6.000000 6 0 0.001845 0.000000 0.219091 0.001830 0.000000 0.253036
6.200000 6 1 0.001684 0.000000 0.206641 0.001664 0.000000 0.230308
6.400000 6 2 0.001740 0.000000 0.183083 0.001746 0.000000 0.209253
6.600000 6 3 0.001702 0.000000 0.198491 0.001695 0.000000 0.236658
6.800000 6 4 0.001790 0.000000 0.191898 0.001810 0.000000 0.229422
7.000000 7 0 0.001725 0.000000 0.171182 0.001713 0.000000 0.172088
7.200000 7 1 0.001837 0.000000 0.187032 0.001832 0.000000 0.190294
7.400000 7 2 0.001767 0.000000 0.197143 0.001762 0.000000 0.224694
7.600000 7 3 0.001696 0.000000 0.197585 0.001704 0.000000 0.215581
7.800000 7 4 0.001793 0.000000 0.184479 0.001772 0.000000 0.236126
8.000000 8 0 0.001715 0.000000 0.185169 0.001686 0.000000 0.160725
8.200000 8 1 0.001638 0.000000 0.185851 0.001603 0.000000 0.158911
8.400000 8 2 0.001731 0.000000 0.193368 0.001680 0.000000 0.232950
8.600000 8 3 0.001674 0.000000 0.186873 0.001664 0.000000 0.211792
8.800000 8 4 0.001709 0.000000 0.185182 0.001694 0.000000 0.156666
9.000000 9 0 0.001670 0.000000 0.191601 0.001676 0.000000 0.245875
9.200000 9 1 0.001654 0.000000 0.185632 0.001670 0.000000 0.216601
9.400000 9 2 0.001641 0.000000 0.189170 0.001596 0.000000 0.188919
9.600000 9 3 0.001659 0.000000 0.180731 0.001649 0.000000 0.230832
9.800000 9 4 0.001696 0.000000 0.191481 0.001665 0.000000 0.219110
