0 0 0.000000 0.129838 0.092912 0.130569 0.093385
0 1 0.114943 0.091176 0.061179 0.091012 0.061407
0 2 0.229885 0.082687 0.055181 0.081825 0.054903
0 3 0.344828 0.074491 0.051025 0.075693 0.052510
0 4 0.459770 0.071082 0.048991 0.070535 0.048222
0 5 0.574713 0.070851 0.048275 0.069823 0.047547
0 6 0.689655 0.067909 0.047140 0.068218 0.047097
0 7 0.804598 0.069532 0.047236 0.068792 0.046439
0 8 0.919540 0.067517 0.045837 0.067304 0.045832
0 9 1.034483 0.065190 0.045274 0.065562 0.045332
0 10 1.149425 0.066532 0.046232 0.064588 0.044845
0 11 1.264368 0.063997 0.045001 0.065037 0.045495
0 12 1.379310 0.066559 0.046006 0.064792 0.044900
0 13 1.494253 0.065292 0.044635 0.066352 0.045205
0 14 1.609195 0.063835 0.044328 0.064145 0.044390
0 15 1.724138 0.064707 0.044229 0.064392 0.044218
0 16 1.839080 0.061895 0.044052 0.062374 0.044329
0 17 1.954023 0.063731 0.044290 0.063494 0.044333
0 18 2.068965 0.062263 0.043656 0.062268 0.043534
0 19 2.183908 0.061813 0.043475 0.062176 0.043971
0 20 2.298851 0.062818 0.044197 0.062337 0.043920
0 21 2.413793 0.061121 0.043189 0.060629 0.043081
0 22 2.528736 0.062770 0.042602 0.063098 0.042696
0 23 2.643678 0.059229 0.042305 0.059980 0.042938
0 24 2.758621 0.061086 0.043354 0.059657 0.042346
0 25 2.873563 0.062162 0.043798 0.062011 0.043504
0 26 2.988506 0.060122 0.042574 0.059236 0.042071
0 27 3.103448 0.061101 0.043349 0.059975 0.042654
0 28 3.218391 0.060004 0.042695 0.061034 0.043157
0 29 3.333333 0.059475 0.042870 0.058996 0.042356
0 30 3.448276 0.063386 0.043367 0.064353 0.043354
0 31 3.563218 0.062530 0.042720 0.062280 0.042745
0 32 3.678161 0.059023 0.041776 0.059202 0.042154
0 33 3.793103 0.060528 0.042184 0.060426 0.041980
0 34 3.908046 0.058273 0.042070 0.057988 0.041727
0 35 4.022988 0.058577 0.041946 0.057897 0.041504
0 36 4.137931 0.060045 0.042268 0.060135 0.042064
0 37 4.252873 0.057213 0.041563 0.057536 0.041810
0 38 4.367816 0.062476 0.043306 0.061547 0.042313
0 39 4.482759 0.057806 0.041843 0.057586 0.041828
0 40 4.597701 0.056860 0.041190 0.058229 0.042136
0 41 4.712644 0.059938 0.041516 0.059975 0.041700
0 42 4.827586 0.062250 0.043739 0.063354 0.044712
0 43 4.942529 0.058096 0.042552 0.057241 0.041547
0 44 5.057471 0.059675 0.042643 0.060795 0.042974
0 45 5.172414 0.056728 0.041424 0.056119 0.040960
0 46 5.287356 0.058175 0.041817 0.058683 0.042304
0 47 5.402299 0.059574 0.041605 0.058855 0.041403
0 48 5.517241 0.057290 0.041645 0.057147 0.040778
0 49 5.632184 0.059814 0.041979 0.059490 0.042547
0 50 5.747127 0.057363 0.041585 0.057697 0.041589
0 51 5.862069 0.062001 0.040742 0.062419 0.041228
0 52 5.977012 0.058316 0.041717 0.058544 0.041938
0 53 6.091954 0.057294 0.041245 0.057669 0.042022
0 54 6.206897 0.058349 0.041531 0.057474 0.041220
0 55 6.321839 0.058348 0.041889 0.058964 0.042468
0 56 6.436781 0.057820 0.040812 0.059050 0.042310
0 57 6.551724 0.057257 0.041673 0.058161 0.042187
0 58 6.666667 0.058713 0.041787 0.057536 0.041099
0 59 6.781609 0.055396 0.040899 0.055309 0.040837
0 60 6.896552 0.055776 0.040826 0.056366 0.041451
0 61 7.011494 0.056867 0.041613 0.057599 0.041682
0 62 7.126437 0.061808 0.041162 0.062349 0.041709
0 63 7.241379 0.056970 0.041409 0.056705 0.041408
0 64 7.356322 0.058986 0.041369 0.059277 0.041843
0 65 7.471264 0.060328 0.043220 0.059286 0.042540
0 66 7.586207 0.057295 0.041319 0.056195 0.040421
0 67 7.701149 0.055307 0.040650 0.055624 0.040861
0 68 7.816092 0.058482 0.041707 0.057278 0.040687
0 69 7.931035 0.056235 0.040370 0.055690 0.040282
0 70 8.045977 0.056703 0.041614 0.057029 0.041631
0 71 8.160919 0.056469 0.041457 0.055694 0.040058
0 72 8.275862 0.060116 0.041845 0.058220 0.040869
0 73 8.390804 0.055726 0.040565 0.055866 0.040745
0 74 8.505747 0.058871 0.041750 0.058579 0.041263
0 75 8.620689 0.055836 0.041046 0.055816 0.041412
0 76 8.735632 0.056220 0.041025 0.056135 0.040511
0 77 8.850574 0.057039 0.040081 0.057802 0.041005
0 78 8.965517 0.055751 0.040997 0.053729 0.039895
0 79 9.080460 0.056798 0.041394 0.056985 0.041295
0 80 9.195402 0.056133 0.041229 0.055227 0.040843
0 81 9.310345 0.056505 0.041320 0.056468 0.041175
0 82 9.425287 0.054411 0.040011 0.055034 0.040186
0 83 9.540230 0.055538 0.041117 0.055957 0.041552
0 84 9.655172 0.055820 0.041287 0.055254 0.040990
0 85 9.770115 0.056648 0.041328 0.056038 0.041003
0 86 9.885057 0.055344 0.040436 0.055218 0.040524
1 0 10.000000 0.055773 0.040932 0.053980 0.039746
1 1 10.114943 0.056571 0.041448 0.056716 0.041291
1 2 10.229885 0.055874 0.040925 0.056044 0.040628
1 3 10.344828 0.057989 0.041696 0.056631 0.040542
1 4 10.459770 0.054788 0.040762 0.054890 0.040604
1 5 10.574713 0.054342 0.040412 0.054516 0.040417
1 6 10.689655 0.056047 0.041053 0.055498 0.040288
1 7 10.804598 0.055155 0.040728 0.055427 0.041106
1 8 10.919540 0.054805 0.040569 0.056922 0.041946
1 9 11.034483 0.056781 0.040737 0.057502 0.041242
1 10 11.149426 0.055387 0.041261 0.053944 0.040249
1 11 11.264368 0.056187 0.041498 0.054413 0.040202
1 12 11.379311 0.056527 0.041111 0.056018 0.040814
1 13 11.494253 0.055672 0.039933 0.057173 0.041463
1 14 11.609196 0.055783 0.040985 0.055270 0.040397
1 15 11.724138 0.054659 0.040277 0.054842 0.040436
1 16 11.839081 0.054208 0.040267 0.054260 0.040086
1 17 11.954023 0.054152 0.039922 0.054615 0.040254
1 18 12.068966 0.054206 0.040368 0.055497 0.041351
1 19 12.183908 0.054383 0.040113 0.055116 0.040547
1 20 12.298851 0.054657 0.040245 0.054447 0.040227
1 21 12.413794 0.055771 0.040965 0.056873 0.041578
1 22 12.528735 0.055679 0.041464 0.054905 0.040639
1 23 12.643678 0.054028 0.040143 0.054486 0.040100
1 24 12.758620 0.055288 0.040709 0.056522 0.041602
1 25 12.873563 0.055390 0.040866 0.054869 0.039937
1 26 12.988505 0.056594 0.040775 0.057929 0.041353
1 27 13.103448 0.055568 0.040618 0.056433 0.041209
1 28 13.218390 0.055017 0.041171 0.053800 0.039825
1 29 13.333333 0.054162 0.040161 0.054374 0.040135
1 30 13.448276 0.054366 0.039961 0.053841 0.039827
1 31 13.563218 0.058628 0.041508 0.057312 0.040508
1 32 13.678161 0.055420 0.040580 0.056357 0.040973
1 33 13.793103 0.053048 0.039743 0.053648 0.039792
1 34 13.908046 0.053450 0.039952 0.054764 0.040365
1 35 14.022988 0.055151 0.040840 0.054453 0.040360
1 36 14.137931 0.054649 0.040754 0.054194 0.040498
1 37 14.252873 0.055706 0.040601 0.054738 0.040247
1 38 14.367816 0.054253 0.040301 0.054445 0.040554
1 39 14.482759 0.055000 0.040386 0.054859 0.040114
1 40 14.597701 0.055216 0.039899 0.055300 0.039767
1 41 14.712644 0.054627 0.040448 0.054334 0.040125
1 42 14.827586 0.057051 0.040685 0.057195 0.040281
1 43 14.942529 0.054271 0.040344 0.054990 0.040597
1 44 15.057471 0.053596 0.039891 0.055929 0.041741
1 45 15.172414 0.054419 0.039887 0.054211 0.040196
1 46 15.287356 0.054495 0.040737 0.054053 0.040245
1 47 15.402299 0.052877 0.039828 0.053513 0.040022
1 48 15.517241 0.054323 0.040770 0.053906 0.039996
1 49 15.632184 0.054044 0.040286 0.054981 0.041049
1 50 15.747127 0.053966 0.039757 0.054117 0.040239
1 51 15.862069 0.053363 0.039821 0.052861 0.039759
1 52 15.977012 0.054136 0.040045 0.054154 0.040307
1 53 16.091953 0.054010 0.040149 0.053032 0.039586
1 54 16.206896 0.056766 0.041007 0.058012 0.041895
1 55 16.321838 0.053343 0.039724 0.054275 0.040925
1 56 16.436781 0.053753 0.040294 0.054251 0.040877
1 57 16.551723 0.052451 0.039400 0.053171 0.040250
1 58 16.666666 0.054580 0.040715 0.054618 0.040729
1 59 16.781609 0.054299 0.040515 0.053834 0.040204
1 60 16.896551 0.054623 0.040051 0.054638 0.040264
1 61 17.011494 0.055154 0.040386 0.054075 0.039989
1 62 17.126436 0.053887 0.039943 0.054218 0.039862
1 63 17.241379 0.053691 0.040241 0.053332 0.039855
1 64 17.356321 0.053448 0.039610 0.053425 0.039901
1 65 17.471264 0.054064 0.040579 0.053648 0.040171
1 66 17.586206 0.053486 0.040419 0.052746 0.039486
1 67 17.701149 0.054115 0.040488 0.054791 0.041201
1 68 17.816092 0.052909 0.039963 0.053612 0.040740
1 69 17.931034 0.052603 0.039293 0.053869 0.040485
1 70 18.045977 0.053905 0.039640 0.055008 0.040859
1 71 18.160919 0.054668 0.041062 0.053157 0.039638
1 72 18.275862 0.055087 0.040126 0.056845 0.041677
1 73 18.390804 0.054769 0.040441 0.055211 0.040963
1 74 18.505747 0.053937 0.040219 0.054267 0.040804
1 75 18.620689 0.053150 0.040096 0.053429 0.040247
1 76 18.735632 0.052843 0.039603 0.052472 0.039258
1 77 18.850574 0.055882 0.040601 0.055293 0.040696
1 78 18.965517 0.054754 0.040597 0.054297 0.040291
1 79 19.080460 0.053192 0.039645 0.054926 0.041023
1 80 19.195402 0.053730 0.040296 0.054027 0.040209
1 81 19.310345 0.053328 0.040335 0.053596 0.040231
1 82 19.425287 0.053972 0.040221 0.052569 0.039672
1 83 19.540230 0.053570 0.040824 0.052383 0.039359
1 84 19.655172 0.052259 0.039085 0.051956 0.039211
1 85 19.770115 0.054001 0.040345 0.054397 0.040887
1 86 19.885057 0.053376 0.040121 0.053236 0.040044
2 0 20.000000 0.053039 0.039686 0.054031 0.040544
2 1 20.114943 0.054252 0.040542 0.053196 0.040102
2 2 20.229885 0.054982 0.040444 0.056079 0.041550
2 3 20.344828 0.053374 0.039966 0.053214 0.039836
2 4 20.459770 0.053951 0.040461 0.052410 0.039093
2 5 20.574713 0.053620 0.040805 0.053483 0.040270
2 6 20.689655 0.052624 0.039702 0.053190 0.040189
2 7 20.804598 0.054168 0.040541 0.053875 0.040420
2 8 20.919540 0.054225 0.040536 0.053317 0.039898
2 9 21.034483 0.053378 0.040111 0.051949 0.039111
2 10 21.149426 0.053784 0.040218 0.053690 0.039929
2 11 21.264368 0.053470 0.039808 0.052567 0.039347
2 12 21.379311 0.052918 0.039440 0.053649 0.040309
2 13 21.494253 0.055253 0.040111 0.055510 0.040519
2 14 21.609196 0.053320 0.039781 0.053739 0.040274
2 15 21.724138 0.054672 0.040492 0.053756 0.040000
2 16 21.839081 0.053435 0.040272 0.052018 0.039056
2 17 21.954023 0.054366 0.040876 0.053433 0.039994
2 18 22.068966 0.052607 0.039642 0.053081 0.039822
2 19 22.183908 0.054369 0.040252 0.053394 0.040053
2 20 22.298851 0.054356 0.041001 0.052355 0.039785
2 21 22.413794 0.054315 0.040958 0.053127 0.039826
2 22 22.528736 0.054138 0.040636 0.053532 0.039982
2 23 22.643679 0.052437 0.039531 0.053595 0.040480
2 24 22.758621 0.052584 0.039368 0.052289 0.039237
2 25 22.873564 0.052822 0.039479 0.053418 0.039945
2 26 22.988506 0.053824 0.040276 0.053743 0.040367
2 27 23.103449 0.053159 0.039827 0.053979 0.040423
2 28 23.218391 0.052347 0.039425 0.052763 0.039666
2 29 23.333334 0.053596 0.040299 0.053207 0.040112
2 30 23.448277 0.052480 0.039424 0.052132 0.039213
2 31 23.563219 0.052291 0.039343 0.052949 0.039698
2 32 23.678162 0.053304 0.039463 0.052572 0.039467
2 33 23.793104 0.053815 0.040747 0.053577 0.040171
2 34 23.908047 0.052897 0.039851 0.052154 0.039614
2 35 24.022989 0.053444 0.039736 0.053035 0.039878
2 36 24.137932 0.053939 0.040172 0.053991 0.040763
2 37 24.252874 0.052549 0.039421 0.053115 0.040134
2 38 24.367817 0.052411 0.039380 0.052009 0.039343
2 39 24.482759 0.052306 0.039139 0.052451 0.039895
2 40 24.597702 0.052589 0.040074 0.052256 0.039426
2 41 24.712645 0.052502 0.039529 0.051765 0.039096
2 42 24.827587 0.053156 0.040225 0.052585 0.039700
2 43 24.942530 0.053285 0.040112 0.052978 0.040117
2 44 25.057470 0.053293 0.039974 0.052818 0.040039
2 45 25.172413 0.051238 0.038542 0.052332 0.039308
2 46 25.287355 0.053041 0.039544 0.053016 0.039643
2 47 25.402298 0.052710 0.039504 0.052961 0.040247
2 48 25.517241 0.053197 0.039650 0.053095 0.040333
2 49 25.632183 0.054350 0.040807 0.052144 0.038929
2 50 25.747126 0.053274 0.040302 0.052988 0.040166
2 51 25.862068 0.053675 0.039933 0.053413 0.039663
2 52 25.977011 0.053689 0.040597 0.054256 0.040583
2 53 26.091953 0.053431 0.039888 0.053686 0.040007
2 54 26.206896 0.053224 0.039984 0.052264 0.039054
2 55 26.321838 0.055071 0.039882 0.054617 0.039874
2 56 26.436781 0.053327 0.039863 0.053260 0.040069
2 57 26.551723 0.053124 0.040631 0.053837 0.040695
2 58 26.666666 0.053460 0.040375 0.053079 0.039978
2 59 26.781609 0.052073 0.039443 0.053032 0.040417
2 60 26.896551 0.052512 0.039746 0.052280 0.039603
2 61 27.011494 0.052351 0.039558 0.053532 0.040641
2 62 27.126436 0.052627 0.040044 0.052460 0.040130
2 63 27.241379 0.052347 0.039377 0.052521 0.039882
2 64 27.356321 0.054043 0.040356 0.054356 0.040478
2 65 27.471264 0.053845 0.040645 0.052665 0.039767
2 66 27.586206 0.052427 0.039774 0.053542 0.040507
2 67 27.701149 0.052064 0.039263 0.052756 0.039977
2 68 27.816092 0.053163 0.040272 0.052146 0.039679
2 69 27.931034 0.052106 0.039756 0.053426 0.040498
2 70 28.045977 0.052674 0.039795 0.053836 0.040174
2 71 28.160919 0.053645 0.040236 0.053320 0.040384
2 72 28.275862 0.052938 0.040198 0.051431 0.038922
2 73 28.390804 0.052378 0.039775 0.053526 0.040438
2 74 28.505747 0.052787 0.039715 0.053172 0.039646
2 75 28.620689 0.053485 0.040498 0.052195 0.039281
2 76 28.735632 0.051221 0.039161 0.052033 0.039540
2 77 28.850574 0.052982 0.040050 0.053667 0.040558
2 78 28.965517 0.052150 0.039441 0.052133 0.039601
2 79 29.080460 0.052090 0.039672 0.052002 0.040068
2 80 29.195402 0.052782 0.039714 0.052760 0.040108
2 81 29.310345 0.051650 0.038982 0.052733 0.040199
2 82 29.425287 0.051784 0.039247 0.052686 0.040006
2 83 29.540230 0.052764 0.040219 0.053147 0.040209
2 84 29.655172 0.052774 0.040118 0.053706 0.040404
2 85 29.770115 0.052149 0.039797 0.052907 0.039869
2 86 29.885057 0.052369 0.039625 0.052260 0.039235
3 0 30.000000 0.052140 0.039574 0.052893 0.040178
3 1 30.114943 0.052458 0.039638 0.052743 0.040227
3 2 30.229885 0.052144 0.039751 0.052022 0.039572
3 3 30.344828 0.051981 0.039410 0.052377 0.039580
3 4 30.459770 0.051412 0.039048 0.052298 0.040002
3 5 30.574713 0.052533 0.040009 0.051822 0.038699
3 6 30.689655 0.052929 0.039985 0.052579 0.039793
3 7 30.804598 0.052311 0.039502 0.052464 0.039846
3 8 30.919540 0.051361 0.039067 0.051729 0.038982
3 9 31.034483 0.052595 0.039868 0.053523 0.041122
3 10 31.149426 0.052607 0.040041 0.052056 0.039917
3 11 31.264368 0.053103 0.040050 0.052553 0.040193
3 12 31.379311 0.052937 0.039830 0.051910 0.039354
3 13 31.494253 0.052181 0.039784 0.052564 0.039940
3 14 31.609196 0.052921 0.039642 0.052007 0.039067
3 15 31.724138 0.052611 0.039369 0.052702 0.039872
3 16 31.839081 0.053101 0.040520 0.052607 0.039908
3 17 31.954023 0.052871 0.040034 0.051479 0.038905
3 18 32.068966 0.054714 0.041067 0.052911 0.040392
3 19 32.183907 0.052780 0.039903 0.052324 0.039644
3 20 32.298851 0.053409 0.039616 0.052865 0.039530
3 21 32.413792 0.052251 0.039563 0.052365 0.039892
3 22 32.528736 0.052783 0.040202 0.051328 0.039146
3 23 32.643677 0.052374 0.039610 0.052927 0.040385
3 24 32.758621 0.052629 0.040093 0.053155 0.040193
3 25 32.873562 0.051553 0.039220 0.051394 0.039067
3 26 32.988506 0.052855 0.039778 0.052974 0.039986
3 27 33.103447 0.051846 0.039443 0.053505 0.040415
3 28 33.218391 0.052494 0.039879 0.052281 0.039749
3 29 33.333332 0.051809 0.039370 0.050783 0.038898
3 30 33.448277 0.052036 0.039245 0.051243 0.039128
3 31 33.563217 0.052762 0.039881 0.052929 0.040175
3 32 33.678162 0.051386 0.038895 0.052528 0.040043
3 33 33.793102 0.050357 0.038443 0.051485 0.039709
3 34 33.908047 0.052517 0.039610 0.051942 0.039287
3 35 34.022987 0.051750 0.040019 0.051459 0.039934
3 36 34.137932 0.051813 0.040088 0.052266 0.040199
3 37 34.252872 0.052960 0.040208 0.051254 0.039185
3 38 34.367817 0.051974 0.039332 0.051418 0.039594
3 39 34.482758 0.051446 0.039760 0.051044 0.038705
3 40 34.597702 0.052942 0.040104 0.052100 0.039908
3 41 34.712643 0.052711 0.039897 0.052155 0.039605
3 42 34.827587 0.051668 0.039260 0.050699 0.038414
3 43 34.942528 0.053055 0.040320 0.051503 0.038861
3 44 35.057472 0.052863 0.039965 0.051737 0.039476
3 45 35.172413 0.053787 0.040631 0.052721 0.039768
3 46 35.287357 0.052056 0.039188 0.052233 0.039677
3 47 35.402298 0.051736 0.039377 0.051962 0.039551
3 48 35.517242 0.052178 0.039697 0.051648 0.039800
3 49 35.632183 0.052012 0.039488 0.050974 0.039166
3 50 35.747128 0.051271 0.039600 0.050824 0.038833
3 51 35.862068 0.051490 0.039344 0.052015 0.039362
3 52 35.977013 0.051793 0.039496 0.051540 0.039452
3 53 36.091953 0.051673 0.039418 0.051643 0.039861
3 54 36.206898 0.052502 0.040129 0.051395 0.039548
3 55 36.321838 0.050494 0.038710 0.051326 0.039576
3 56 36.436783 0.052471 0.040363 0.051826 0.039361
3 57 36.551723 0.051501 0.039086 0.052472 0.039762
3 58 36.666668 0.052784 0.040381 0.052184 0.039834
3 59 36.781609 0.052013 0.040397 0.051414 0.039574
3 60 36.896553 0.053271 0.040332 0.053200 0.040226
3 61 37.011494 0.051860 0.039573 0.051219 0.039243
3 62 37.126438 0.051528 0.039449 0.053048 0.040562
3 63 37.241379 0.052506 0.039966 0.051769 0.039633
3 64 37.356323 0.050544 0.038958 0.050685 0.039440
3 65 37.471264 0.050380 0.038564 0.050052 0.038311
3 66 37.586208 0.051492 0.039594 0.052365 0.040004
3 67 37.701149 0.051642 0.039993 0.050100 0.038371
3 68 37.816093 0.051629 0.039191 0.052692 0.040096
3 69 37.931034 0.052240 0.040019 0.050984 0.039063
3 70 38.045979 0.050710 0.039290 0.051018 0.039548
3 71 38.160919 0.052159 0.039712 0.051817 0.039580
3 72 38.275864 0.052231 0.040009 0.052291 0.040317
3 73 38.390804 0.051358 0.039305 0.051405 0.039880
3 74 38.505749 0.051335 0.039097 0.051660 0.039307
3 75 38.620689 0.052248 0.039843 0.051531 0.039610
3 76 38.735634 0.051893 0.039954 0.051622 0.039597
3 77 38.850574 0.050838 0.039206 0.050249 0.038778
3 78 38.965519 0.051819 0.039731 0.050028 0.038228
3 79 39.080460 0.052779 0.040002 0.052383 0.039654
3 80 39.195404 0.053208 0.039991 0.052078 0.039455
3 81 39.310345 0.051404 0.039660 0.050317 0.038685
3 82 39.425289 0.051291 0.039370 0.051079 0.039489
3 83 39.540230 0.051283 0.039278 0.052119 0.039969
3 84 39.655174 0.051968 0.039877 0.051378 0.039456
3 85 39.770115 0.050830 0.039042 0.052211 0.040069
3 86 39.885059 0.052378 0.040052 0.052449 0.039830
4 0 40.000000 0.050929 0.039338 0.052467 0.040163
4 1 40.114941 0.052728 0.040064 0.053054 0.040106
4 2 40.229885 0.053835 0.040258 0.054656 0.040816
4 3 40.344826 0.051117 0.038985 0.051581 0.039515
4 4 40.459770 0.051214 0.039073 0.051630 0.039421
4 5 40.574711 0.052179 0.039779 0.050980 0.039422
4 6 40.689655 0.051665 0.039730 0.051015 0.039399
4 7 40.804596 0.052480 0.040034 0.052273 0.039582
4 8 40.919540 0.051782 0.039534 0.050997 0.039266
4 9 41.034481 0.050055 0.038598 0.051107 0.039170
4 10 41.149426 0.050890 0.039646 0.051598 0.039635
4 11 41.264366 0.051669 0.040164 0.050500 0.039083
4 12 41.379311 0.053612 0.040695 0.052394 0.039542
4 13 41.494251 0.051149 0.039326 0.051095 0.039384
4 14 41.609196 0.051766 0.039430 0.051279 0.039037
4 15 41.724136 0.050183 0.038280 0.052752 0.040303
4 16 41.839081 0.052512 0.040334 0.051967 0.040125
4 17 41.954021 0.051764 0.039824 0.051691 0.039927
4 18 42.068966 0.052400 0.040304 0.052698 0.040780
4 19 42.183907 0.052541 0.040187 0.052057 0.039913
4 20 42.298851 0.053572 0.039950 0.053841 0.040604
4 21 42.413792 0.050679 0.039076 0.050576 0.038868
4 22 42.528736 0.050995 0.038806 0.050463 0.038624
4 23 42.643677 0.051598 0.039565 0.051306 0.039665
4 24 42.758621 0.052411 0.040295 0.051279 0.038887
4 25 42.873562 0.052188 0.039325 0.052319 0.039413
4 26 42.988506 0.050629 0.038905 0.052305 0.040122
4 27 43.103447 0.051556 0.039659 0.052973 0.040387
4 28 43.218391 0.051400 0.039117 0.051670 0.039476
4 29 43.333332 0.051405 0.039269 0.050993 0.038844
4 30 43.448277 0.052024 0.039398 0.052168 0.039617
4 31 43.563217 0.052093 0.039860 0.051135 0.038945
4 32 43.678162 0.052508 0.039425 0.053422 0.040151
4 33 43.793102 0.051326 0.039698 0.051654 0.039925
4 34 43.908047 0.052143 0.039887 0.051178 0.039132
4 35 44.022987 0.051188 0.039393 0.051960 0.039872
4 36 44.137932 0.051340 0.039320 0.051459 0.039338
4 37 44.252872 0.051479 0.039573 0.051308 0.039095
4 38 44.367817 0.051895 0.039976 0.051221 0.039374
4 39 44.482758 0.051404 0.039310 0.050773 0.039341
4 40 44.597702 0.051042 0.039374 0.051220 0.039399
4 41 44.712643 0.052565 0.039740 0.052180 0.039504
4 42 44.827587 0.051682 0.039737 0.051606 0.039948
4 43 44.942528 0.050233 0.038618 0.051719 0.039531
4 44 45.057472 0.051389 0.039649 0.051987 0.039738
4 45 45.172413 0.051068 0.039396 0.052527 0.040402
4 46 45.287357 0.051213 0.039424 0.051536 0.039801
4 47 45.402298 0.051572 0.039582 0.051284 0.039472
4 48 45.517242 0.051969 0.040021 0.051523 0.039385
4 49 45.632183 0.052359 0.039932 0.051690 0.039540
4 50 45.747128 0.050478 0.038658 0.051248 0.039129
4 51 45.862068 0.052620 0.040724 0.050161 0.038402
4 52 45.977013 0.051703 0.039321 0.052375 0.039513
4 53 46.091953 0.051635 0.039311 0.052009 0.039827
4 54 46.206898 0.050562 0.038730 0.051416 0.039592
4 55 46.321838 0.051389 0.039576 0.051748 0.039451
4 56 46.436783 0.049758 0.037980 0.052582 0.040523
4 57 46.551723 0.050960 0.039282 0.050662 0.039316
4 58 46.666668 0.051865 0.039517 0.052166 0.039982
4 59 46.781609 0.050799 0.039209 0.051173 0.039251
4 60 46.896553 0.052584 0.040047 0.050902 0.039519
4 61 47.011494 0.052125 0.039723 0.052333 0.040220
4 62 47.126438 0.051572 0.039908 0.051764 0.039734
4 63 47.241379 0.051392 0.039477 0.050986 0.039377
4 64 47.356323 0.051680 0.039788 0.052134 0.039740
4 65 47.471264 0.052608 0.039898 0.052363 0.040192
4 66 47.586208 0.051298 0.039317 0.053348 0.040715
4 67 47.701149 0.051734 0.039654 0.050354 0.038571
4 68 47.816093 0.052252 0.039646 0.051194 0.039357
4 69 47.931034 0.050695 0.039168 0.051621 0.039428
4 70 48.045979 0.050809 0.039279 0.051186 0.039439
4 71 48.160919 0.051400 0.039815 0.051055 0.039403
4 72 48.275864 0.051466 0.039570 0.050978 0.039295
4 73 48.390804 0.051092 0.039114 0.052514 0.039947
4 74 48.505749 0.049950 0.038337 0.050317 0.038797
4 75 48.620689 0.051460 0.039412 0.052949 0.040197
4 76 48.735634 0.051149 0.039585 0.051526 0.039435
4 77 48.850574 0.051949 0.040231 0.050236 0.038816
4 78 48.965519 0.051627 0.039836 0.050694 0.039107
4 79 49.080460 0.051581 0.039734 0.052791 0.040237
4 80 49.195404 0.051124 0.039435 0.051161 0.039439
4 81 49.310345 0.052305 0.040359 0.051164 0.039448
4 82 49.425289 0.052720 0.039984 0.052531 0.039694
4 83 49.540230 0.050696 0.039134 0.051709 0.039963
4 84 49.655174 0.051616 0.040084 0.051610 0.039789
4 85 49.770115 0.051409 0.039315 0.051930 0.039758
4 86 49.885059 0.050157 0.038650 0.051710 0.039670
5 0 50.000000 0.051180 0.039584 0.051619 0.039715
5 1 50.114941 0.050761 0.038768 0.051751 0.039529
5 2 50.229885 0.050583 0.039310 0.050365 0.038897
5 3 50.344826 0.052036 0.040248 0.051781 0.039420
5 4 50.459770 0.052119 0.040112 0.051043 0.039248
5 5 50.574711 0.053679 0.040122 0.052097 0.039429
5 6 50.689655 0.051285 0.039679 0.051652 0.039652
5 7 50.804596 0.050188 0.038767 0.050404 0.038725
5 8 50.919540 0.051919 0.039921 0.051177 0.039771
5 9 51.034481 0.051411 0.038992 0.050833 0.038940
5 10 51.149426 0.051077 0.039561 0.051148 0.039128
5 11 51.264366 0.051658 0.039585 0.051842 0.039953
5 12 51.379311 0.051852 0.039328 0.052142 0.039636
5 13 51.494251 0.050359 0.039307 0.051709 0.040240
5 14 51.609196 0.051419 0.039836 0.051035 0.039488
5 15 51.724136 0.052658 0.040463 0.052230 0.040027
5 16 51.839081 0.052807 0.039993 0.053009 0.040181
5 17 51.954021 0.051227 0.039236 0.050236 0.039068
5 18 52.068966 0.051631 0.039505 0.051127 0.039369
5 19 52.183907 0.052064 0.039856 0.050288 0.038919
5 20 52.298851 0.051827 0.039907 0.050236 0.038606
5 21 52.413792 0.051685 0.039705 0.050930 0.039135
5 22 52.528736 0.050394 0.038842 0.050814 0.039444
5 23 52.643677 0.051403 0.039189 0.052137 0.039571
5 24 52.758621 0.051018 0.039280 0.051175 0.039354
5 25 52.873562 0.051711 0.039366 0.052543 0.040104
5 26 52.988506 0.050796 0.039290 0.051944 0.040723
5 27 53.103447 0.052005 0.039400 0.051817 0.039371
5 28 53.218391 0.051351 0.039477 0.050741 0.038872
5 29 53.333332 0.051241 0.039696 0.049941 0.038574
5 30 53.448277 0.050940 0.039424 0.051070 0.039727
5 31 53.563217 0.051588 0.039629 0.050894 0.039380
5 32 53.678162 0.051673 0.039440 0.050591 0.039109
5 33 53.793102 0.050363 0.038341 0.050140 0.038497
5 34 53.908047 0.052143 0.039858 0.051270 0.039376
5 35 54.022987 0.051419 0.039356 0.051140 0.039031
5 36 54.137932 0.051429 0.039693 0.050832 0.039501
5 37 54.252872 0.050649 0.038730 0.051745 0.039763
5 38 54.367817 0.051183 0.038590 0.052583 0.039945
5 39 54.482758 0.052098 0.039809 0.052397 0.039553
5 40 54.597702 0.050882 0.038979 0.052508 0.040192
5 41 54.712643 0.051326 0.039515 0.052838 0.040733
5 42 54.827587 0.050157 0.039187 0.050386 0.038726
5 43 54.942528 0.051746 0.039458 0.051370 0.039336
5 44 55.057472 0.052298 0.040047 0.051202 0.039209
5 45 55.172413 0.050931 0.039428 0.051352 0.039311
5 46 55.287357 0.050285 0.038784 0.051507 0.039707
5 47 55.402298 0.051737 0.039892 0.051103 0.038895
5 48 55.517242 0.051453 0.039734 0.050670 0.038777
5 49 55.632183 0.051684 0.039031 0.051266 0.038920
5 50 55.747128 0.049617 0.038333 0.050833 0.039721
5 51 55.862068 0.049755 0.038849 0.050021 0.039186
5 52 55.977013 0.051364 0.039402 0.051213 0.039529
5 53 56.091953 0.052347 0.039727 0.052429 0.039856
5 54 56.206898 0.052146 0.039692 0.051800 0.039825
5 55 56.321838 0.051346 0.040067 0.050333 0.038903
5 56 56.436783 0.051729 0.039626 0.051742 0.040192
5 57 56.551723 0.050446 0.039116 0.050118 0.038876
5 58 56.666668 0.050880 0.039483 0.050957 0.039306
5 59 56.781609 0.052951 0.040351 0.051671 0.039663
5 60 56.896553 0.052160 0.040152 0.051023 0.039337
5 61 57.011494 0.053093 0.040146 0.052256 0.039584
5 62 57.126438 0.051518 0.039993 0.049598 0.038406
5 63 57.241379 0.051902 0.039534 0.051702 0.039264
5 64 57.356323 0.052151 0.039667 0.051738 0.039105
5 65 57.471264 0.051204 0.039805 0.051469 0.039742
5 66 57.586208 0.050414 0.038956 0.051139 0.039730
5 67 57.701149 0.050617 0.038926 0.052121 0.039849
5 68 57.816093 0.051682 0.039873 0.050735 0.038906
5 69 57.931034 0.051444 0.039574 0.050467 0.038958
5 70 58.045979 0.051445 0.039641 0.051047 0.039678
5 71 58.160919 0.050389 0.038789 0.050717 0.039270
5 72 58.275864 0.050955 0.039542 0.050701 0.039209
5 73 58.390804 0.050887 0.039075 0.052062 0.039882
5 74 58.505749 0.052208 0.039601 0.052194 0.039325
5 75 58.620689 0.050924 0.039370 0.051884 0.040142
5 76 58.735634 0.051556 0.039734 0.050809 0.039068
5 77 58.850574 0.051414 0.039435 0.050565 0.039073
5 78 58.965519 0.050416 0.039043 0.050119 0.039068
5 79 59.080460 0.050509 0.039147 0.051638 0.040252
5 80 59.195404 0.051896 0.039832 0.051133 0.039300
5 81 59.310345 0.050803 0.038952 0.050645 0.039018
5 82 59.425289 0.050683 0.038615 0.051089 0.039251
5 83 59.540230 0.051407 0.039473 0.050826 0.039351
5 84 59.655174 0.050471 0.039372 0.051416 0.040121
5 85 59.770115 0.051858 0.039788 0.051381 0.039984
5 86 59.885059 0.051391 0.039229 0.050523 0.039066
6 0 60.000000 0.051044 0.038844 0.051073 0.039429
6 1 60.114941 0.051372 0.039152 0.050350 0.038632
6 2 60.229885 0.050491 0.038832 0.051241 0.039359
6 3 60.344826 0.050626 0.039351 0.051251 0.039647
6 4 60.459770 0.050845 0.039216 0.051354 0.040034
6 5 60.574711 0.052429 0.040381 0.051585 0.039453
6 6 60.689655 0.052271 0.040111 0.051856 0.040083
6 7 60.804596 0.051487 0.039925 0.051276 0.039660
6 8 60.919540 0.051794 0.039344 0.051547 0.039284
6 9 61.034481 0.050960 0.038866 0.051805 0.039795
6 10 61.149426 0.050506 0.038768 0.051281 0.039478
6 11 61.264366 0.050256 0.038579 0.050939 0.038794
6 12 61.379311 0.051106 0.039576 0.049563 0.038325
6 13 61.494251 0.051152 0.039540 0.050610 0.039244
6 14 61.609196 0.052114 0.039619 0.051524 0.039495
6 15 61.724136 0.052671 0.040202 0.051562 0.039795
6 16 61.839081 0.050224 0.038449 0.051679 0.040212
6 17 61.954021 0.051076 0.038929 0.051841 0.039999
6 18 62.068966 0.051971 0.039678 0.050836 0.038703
6 19 62.183907 0.050560 0.038502 0.053079 0.040646
6 20 62.298851 0.050954 0.039333 0.051518 0.039647
6 21 62.413792 0.050562 0.039202 0.050624 0.039093
6 22 62.528736 0.052465 0.040132 0.050560 0.039202
6 23 62.643677 0.051606 0.039627 0.051262 0.039238
6 24 62.758621 0.051180 0.039811 0.050951 0.039507
6 25 62.873562 0.051018 0.039588 0.051113 0.039292
6 26 62.988506 0.051134 0.039476 0.051249 0.039436
6 27 63.103447 0.050646 0.039439 0.050419 0.038910
6 28 63.218391 0.050695 0.038531 0.052042 0.039604
6 29 63.333332 0.053261 0.040249 0.053347 0.040245
6 30 63.448277 0.049855 0.039025 0.049221 0.038151
6 31 63.563217 0.050636 0.039159 0.050158 0.038928
6 32 63.678162 0.051513 0.039816 0.050602 0.039237
6 33 63.793102 0.052572 0.040730 0.049416 0.038335
6 34 63.908047 0.050564 0.039060 0.049786 0.038662
6 35 64.022987 0.051672 0.039690 0.050393 0.039002
6 36 64.137932 0.051881 0.039930 0.051267 0.039694
6 37 64.252876 0.049646 0.038298 0.050533 0.038904
6 38 64.367813 0.052756 0.040136 0.052003 0.039527
6 39 64.482758 0.051126 0.039564 0.051583 0.039493
6 40 64.597702 0.052248 0.040226 0.050778 0.039088
6 41 64.712646 0.051177 0.039352 0.050317 0.038990
6 42 64.827583 0.052476 0.040328 0.051624 0.039788
6 43 64.942528 0.051103 0.038644 0.052661 0.040121
6 44 65.057472 0.049209 0.038489 0.051095 0.039797
6 45 65.172417 0.050089 0.038327 0.050956 0.039430
6 46 65.287354 0.052718 0.040482 0.051673 0.039792
6 47 65.402298 0.050384 0.038973 0.051144 0.039581
6 48 65.517242 0.049859 0.038549 0.050736 0.039484
6 49 65.632187 0.051166 0.039331 0.051519 0.040116
6 50 65.747124 0.051373 0.039401 0.051646 0.040112
6 51 65.862068 0.052125 0.039544 0.051359 0.039143
6 52 65.977013 0.050556 0.039020 0.051427 0.039934
6 53 66.091957 0.053250 0.040394 0.052100 0.039651
6 54 66.206894 0.050651 0.039033 0.050480 0.038840
6 55 66.321838 0.050816 0.039025 0.050636 0.039015
6 56 66.436783 0.050327 0.038943 0.051685 0.040261
6 57 66.551727 0.050864 0.039442 0.050927 0.039096
6 58 66.666664 0.049874 0.038965 0.050897 0.039131
6 59 66.781609 0.050398 0.039533 0.051847 0.040083
6 60 66.896553 0.051572 0.039208 0.051691 0.039323
6 61 67.011497 0.051822 0.039732 0.051633 0.039512
6 62 67.126434 0.051960 0.039847 0.050048 0.038682
6 63 67.241379 0.050999 0.039896 0.051871 0.040199
6 64 67.356323 0.051295 0.039204 0.051680 0.039804
6 65 67.471268 0.052093 0.039322 0.053063 0.040808
6 66 67.586205 0.049975 0.038943 0.051678 0.040106
6 67 67.701149 0.050391 0.039063 0.049805 0.038732
6 68 67.816093 0.051321 0.039475 0.051788 0.040040
6 69 67.931038 0.050449 0.039093 0.051024 0.039249
6 70 68.045975 0.051434 0.039661 0.051861 0.039577
6 71 68.160919 0.050508 0.039193 0.050543 0.038796
6 72 68.275864 0.050027 0.039223 0.051067 0.039141
6 73 68.390808 0.051104 0.039661 0.051819 0.039762
6 74 68.505745 0.050694 0.039353 0.051674 0.039716
6 75 68.620689 0.051062 0.039112 0.050990 0.039206
6 76 68.735634 0.051043 0.039625 0.051141 0.039737
6 77 68.850578 0.050680 0.039001 0.050835 0.039177
6 78 68.965515 0.050635 0.039130 0.051275 0.039200
6 79 69.080460 0.050511 0.039063 0.052272 0.040249
6 80 69.195404 0.051281 0.039498 0.051404 0.039626
6 81 69.310349 0.050512 0.039404 0.051922 0.040313
6 82 69.425285 0.050581 0.039237 0.050847 0.038863
6 83 69.540230 0.051160 0.039330 0.049702 0.038373
6 84 69.655174 0.051240 0.039597 0.051569 0.039643
6 85 69.770119 0.051315 0.039458 0.051839 0.040018
6 86 69.885056 0.050580 0.038930 0.051641 0.040118
7 0 70.000000 0.051024 0.039465 0.050304 0.038341
7 1 70.114944 0.050505 0.038912 0.050446 0.038767
7 2 70.229881 0.050402 0.038941 0.050753 0.038667
7 3 70.344826 0.051368 0.039261 0.052273 0.040302
7 4 70.459770 0.050560 0.039237 0.050832 0.039349
7 5 70.574715 0.050398 0.039025 0.049476 0.038658
7 6 70.689651 0.051480 0.039561 0.049922 0.038643
7 7 70.804596 0.050764 0.039018 0.051202 0.039324
7 8 70.919540 0.051638 0.039980 0.049897 0.038425
7 9 71.034485 0.051315 0.039607 0.049774 0.038412
7 10 71.149422 0.050564 0.039653 0.050903 0.039397
7 11 71.264366 0.051071 0.039121 0.052118 0.039590
7 12 71.379311 0.051530 0.039594 0.051196 0.039328
7 13 71.494255 0.050280 0.038602 0.051646 0.039887
7 14 71.609192 0.051933 0.039854 0.051588 0.039525
7 15 71.724136 0.051236 0.039521 0.051090 0.039355
7 16 71.839081 0.050028 0.038497 0.050352 0.039274
7 17 71.954025 0.050739 0.039307 0.050748 0.038951
7 18 72.068962 0.050754 0.039888 0.051866 0.039912
7 19 72.183907 0.051046 0.039055 0.050826 0.039192
7 20 72.298851 0.052177 0.040074 0.051883 0.039471
7 21 72.413795 0.051981 0.040233 0.052067 0.039848
7 22 72.528732 0.051428 0.039806 0.050858 0.039377
7 23 72.643677 0.051631 0.039916 0.050582 0.039318
7 24 72.758621 0.050939 0.038997 0.051642 0.039615
7 25 72.873566 0.049189 0.038156 0.049122 0.038034
7 26 72.988503 0.051873 0.039335 0.051355 0.039018
7 27 73.103447 0.051172 0.039315 0.051034 0.039464
7 28 73.218391 0.050770 0.039174 0.050802 0.039226
7 29 73.333336 0.049946 0.038708 0.050933 0.039531
7 30 73.448273 0.050113 0.038864 0.050937 0.039362
7 31 73.563217 0.051102 0.039092 0.050149 0.038298
7 32 73.678162 0.051427 0.039525 0.051839 0.039891
7 33 73.793106 0.050419 0.039247 0.050838 0.039843
7 34 73.908043 0.052737 0.040042 0.051721 0.039625
7 35 74.022987 0.051799 0.039700 0.051434 0.039514
7 36 74.137932 0.049760 0.038896 0.050997 0.039755
7 37 74.252876 0.051494 0.039755 0.051904 0.039943
7 38 74.367813 0.051251 0.039211 0.051165 0.039232
7 39 74.482758 0.051161 0.039525 0.050271 0.038584
7 40 74.597702 0.051432 0.039553 0.050893 0.039165
7 41 74.712646 0.050861 0.039521 0.050080 0.038724
7 42 74.827583 0.052380 0.040708 0.050814 0.039320
7 43 74.942528 0.051411 0.039670 0.051862 0.039561
7 44 75.057472 0.050295 0.038837 0.050511 0.039206
7 45 75.172417 0.051504 0.039354 0.051781 0.039711
7 46 75.287354 0.051765 0.039422 0.051714 0.039280
7 47 75.402298 0.050977 0.039591 0.049760 0.038850
7 48 75.517242 0.049752 0.038917 0.050549 0.039208
7 49 75.632187 0.050748 0.039364 0.050717 0.039172
7 50 75.747124 0.051146 0.039424 0.049735 0.038767
7 51 75.862068 0.050528 0.038949 0.051032 0.039139
7 52 75.977013 0.049961 0.038874 0.049939 0.038975
7 53 76.091957 0.050609 0.039216 0.051129 0.039857
7 54 76.206894 0.050028 0.038909 0.050974 0.039279
7 55 76.321838 0.051337 0.040311 0.050597 0.039267
7 56 76.436783 0.051052 0.039663 0.051196 0.039500
7 57 76.551727 0.051758 0.039880 0.050394 0.038913
7 58 76.666664 0.050405 0.038664 0.050187 0.038924
7 59 76.781609 0.051852 0.040278 0.051240 0.039426
7 60 76.896553 0.050213 0.038503 0.051743 0.039905
7 61 77.011497 0.050604 0.039192 0.051131 0.039179
7 62 77.126434 0.050509 0.039007 0.050909 0.039211
7 63 77.241379 0.049631 0.038290 0.050790 0.039034
7 64 77.356323 0.051839 0.039854 0.051340 0.039421
7 65 77.471268 0.050821 0.038972 0.051750 0.039746
7 66 77.586205 0.050648 0.039149 0.051367 0.039706
7 67 77.701149 0.050183 0.038782 0.049999 0.038528
7 68 77.816093 0.051866 0.039954 0.052194 0.040198
7 69 77.931038 0.050647 0.039581 0.051415 0.039999
7 70 78.045975 0.050368 0.039004 0.050470 0.039288
7 71 78.160919 0.051505 0.039727 0.050349 0.039318
7 72 78.275864 0.050213 0.038859 0.051295 0.040018
7 73 78.390808 0.049905 0.038295 0.050911 0.039574
7 74 78.505745 0.050733 0.039485 0.050238 0.039210
7 75 78.620689 0.049358 0.038515 0.051672 0.040000
7 76 78.735634 0.051587 0.039908 0.051239 0.039796
7 77 78.850578 0.051275 0.039827 0.052087 0.040580
7 78 78.965515 0.051160 0.039639 0.051204 0.039433
7 79 79.080460 0.051809 0.039928 0.051990 0.040031
7 80 79.195404 0.049942 0.038745 0.049354 0.038762
7 81 79.310349 0.049567 0.038633 0.049937 0.038617
7 82 79.425285 0.049476 0.038907 0.051627 0.040409
7 83 79.540230 0.050787 0.039115 0.051241 0.039352
7 84 79.655174 0.050647 0.039085 0.051404 0.039109
7 85 79.770119 0.052026 0.039905 0.050783 0.038423
7 86 79.885056 0.050760 0.039565 0.048904 0.038312
8 0 80.000000 0.050274 0.038889 0.049458 0.038496
8 1 80.114944 0.052591 0.040206 0.051566 0.039209
8 2 80.229881 0.051555 0.039090 0.051423 0.039035
8 3 80.344826 0.050887 0.039625 0.051724 0.039858
8 4 80.459770 0.051385 0.039602 0.050800 0.039295
8 5 80.574715 0.051279 0.038981 0.050566 0.039337
8 6 80.689651 0.051149 0.039087 0.052333 0.039610
8 7 80.804596 0.051599 0.040090 0.050870 0.039510
8 8 80.919540 0.050383 0.038819 0.050624 0.038724
8 9 81.034485 0.050662 0.039277 0.050661 0.039157
8 10 81.149422 0.049472 0.038823 0.050284 0.039102
8 11 81.264366 0.052548 0.040430 0.050664 0.039156
8 12 81.379311 0.050595 0.039140 0.050486 0.038742
8 13 81.494255 0.050671 0.039649 0.049760 0.038569
8 14 81.609192 0.051995 0.039737 0.051488 0.039336
8 15 81.724136 0.051132 0.039211 0.050910 0.039321
8 16 81.839081 0.051269 0.039435 0.051420 0.039612
8 17 81.954025 0.051518 0.039722 0.051751 0.039785
8 18 82.068962 0.050483 0.039065 0.051107 0.039388
8 19 82.183907 0.050197 0.038724 0.050474 0.038927
8 20 82.298851 0.051096 0.039654 0.050177 0.038950
8 21 82.413795 0.051799 0.040376 0.050772 0.039078
8 22 82.528732 0.051281 0.039690 0.050309 0.038996
8 23 82.643677 0.050344 0.038864 0.050979 0.038863
8 24 82.758621 0.050221 0.038739 0.049997 0.038370
8 25 82.873566 0.050126 0.038832 0.049914 0.039169
8 26 82.988503 0.050446 0.039077 0.050534 0.039534
8 27 83.103447 0.050853 0.039585 0.051257 0.039462
8 28 83.218391 0.050825 0.039584 0.051340 0.039463
8 29 83.333336 0.050838 0.039298 0.051840 0.040374
8 30 83.448273 0.051196 0.039307 0.050295 0.038998
8 31 83.563217 0.051024 0.039527 0.050397 0.039073
8 32 83.678162 0.049889 0.038440 0.049660 0.038559
8 33 83.793106 0.049502 0.038606 0.051278 0.039773
8 34 83.908043 0.049505 0.038541 0.049874 0.038597
8 35 84.022987 0.051920 0.040020 0.050102 0.038775
8 36 84.137932 0.051255 0.039235 0.051081 0.039086
8 37 84.252876 0.050434 0.039043 0.049505 0.038285
8 38 84.367813 0.050853 0.039496 0.048977 0.038242
8 39 84.482758 0.051454 0.039356 0.051580 0.039576
8 40 84.597702 0.051276 0.039571 0.050376 0.039152
8 41 84.712646 0.050778 0.039241 0.049749 0.038740
8 42 84.827583 0.052727 0.040050 0.051370 0.039441
8 43 84.942528 0.049464 0.038353 0.051530 0.039641
8 44 85.057472 0.050873 0.039357 0.050599 0.039266
8 45 85.172417 0.051614 0.039226 0.051906 0.039974
8 46 85.287354 0.052315 0.040314 0.051573 0.039428
8 47 85.402298 0.051191 0.039441 0.050880 0.039215
8 48 85.517242 0.051020 0.038607 0.052687 0.040316
8 49 85.632187 0.052269 0.040088 0.051126 0.039374
8 50 85.747124 0.049945 0.038942 0.050593 0.039081
8 51 85.862068 0.051025 0.039250 0.050826 0.038876
8 52 85.977013 0.051368 0.039735 0.049614 0.038267
8 53 86.091957 0.051426 0.039557 0.052116 0.039925
8 54 86.206894 0.050672 0.039408 0.051548 0.039522
8 55 86.321838 0.050952 0.039578 0.051345 0.039525
8 56 86.436783 0.050127 0.038777 0.051074 0.039076
8 57 86.551727 0.051290 0.039752 0.050494 0.039218
8 58 86.666664 0.053550 0.040527 0.052419 0.039608
8 59 86.781609 0.050954 0.039597 0.050304 0.038940
8 60 86.896553 0.050631 0.039463 0.051346 0.040116
8 61 87.011497 0.051301 0.039644 0.051428 0.039281
8 62 87.126434 0.049053 0.038273 0.049787 0.038514
8 63 87.241379 0.050995 0.039271 0.050273 0.039188
8 64 87.356323 0.050139 0.039115 0.049765 0.038684
8 65 87.471268 0.050505 0.039555 0.050972 0.039120
8 66 87.586205 0.051128 0.039282 0.050848 0.039110
8 67 87.701149 0.050697 0.039019 0.051032 0.039434
8 68 87.816093 0.050790 0.039173 0.051977 0.039578
8 69 87.931038 0.050388 0.039212 0.050043 0.039060
8 70 88.045975 0.051284 0.039645 0.049545 0.038700
8 71 88.160919 0.051533 0.039834 0.050998 0.039295
8 72 88.275864 0.051556 0.039753 0.050372 0.038479
8 73 88.390808 0.051530 0.039490 0.052084 0.039734
8 74 88.505745 0.051206 0.039329 0.051063 0.039622
8 75 88.620689 0.050215 0.039013 0.050848 0.039656
8 76 88.735634 0.051169 0.039687 0.050910 0.039640
8 77 88.850578 0.050348 0.038471 0.051404 0.039462
8 78 88.965515 0.051701 0.040452 0.051591 0.040127
8 79 89.080460 0.051909 0.039866 0.051808 0.039889
8 80 89.195404 0.050730 0.038953 0.051257 0.039644
8 81 89.310349 0.050293 0.038914 0.050584 0.039366
8 82 89.425285 0.051497 0.039963 0.051396 0.039685
8 83 89.540230 0.050625 0.038870 0.050810 0.039161
8 84 89.655174 0.049337 0.038398 0.049907 0.038630
8 85 89.770119 0.050414 0.039293 0.050041 0.039096
8 86 89.885056 0.052468 0.040371 0.051432 0.039741
9 0 90.000000 0.050679 0.039580 0.051056 0.039607
9 1 90.114944 0.049695 0.038200 0.050623 0.039069
9 2 90.229881 0.050652 0.039269 0.049638 0.038453
9 3 90.344826 0.050516 0.039607 0.049150 0.038480
9 4 90.459770 0.049582 0.038345 0.050633 0.039491
9 5 90.574715 0.051060 0.039468 0.050724 0.038962
9 6 90.689651 0.050686 0.039354 0.051410 0.040182
9 7 90.804596 0.051510 0.040286 0.050323 0.039272
9 8 90.919540 0.050870 0.039395 0.050279 0.038644
9 9 91.034485 0.051647 0.039641 0.051707 0.039580
9 10 91.149422 0.051207 0.039869 0.051392 0.039458
9 11 91.264366 0.051040 0.039149 0.051568 0.039598
9 12 91.379311 0.049094 0.038220 0.051088 0.040112
9 13 91.494255 0.050955 0.039093 0.051543 0.039592
9 14 91.609192 0.049537 0.038538 0.051712 0.040049
9 15 91.724136 0.050964 0.039563 0.051296 0.039367
9 16 91.839081 0.051203 0.039655 0.049742 0.038371
9 17 91.954025 0.051634 0.039379 0.050848 0.039040
9 18 92.068962 0.049704 0.038448 0.051305 0.039884
9 19 92.183907 0.051211 0.039933 0.050320 0.039166
9 20 92.298851 0.051780 0.039658 0.050430 0.038472
9 21 92.413795 0.050683 0.039144 0.050677 0.039014
9 22 92.528732 0.051752 0.039964 0.049648 0.038780
9 23 92.643677 0.050843 0.039473 0.050345 0.039014
9 24 92.758621 0.050190 0.039314 0.049448 0.038436
9 25 92.873566 0.051093 0.039106 0.050304 0.039088
9 26 92.988503 0.050529 0.039067 0.051216 0.039651
9 27 93.103447 0.050943 0.039243 0.049967 0.038860
9 28 93.218391 0.051810 0.039955 0.051005 0.039792
9 29 93.333336 0.050517 0.039476 0.050423 0.038958
9 30 93.448273 0.052621 0.040398 0.050790 0.039057
9 31 93.563217 0.050552 0.039216 0.051033 0.039406
9 32 93.678162 0.052090 0.040298 0.049369 0.038168
9 33 93.793106 0.050736 0.039306 0.050246 0.038788
9 34 93.908043 0.051137 0.039077 0.050743 0.039448
9 35 94.022987 0.050209 0.039014 0.051505 0.039732
9 36 94.137932 0.050743 0.038772 0.050755 0.038781
9 37 94.252876 0.050623 0.039063 0.051241 0.039421
9 38 94.367813 0.050761 0.039079 0.050135 0.038854
9 39 94.482758 0.050468 0.039190 0.048881 0.038013
9 40 94.597702 0.049683 0.038901 0.049423 0.038645
9 41 94.712646 0.048800 0.038326 0.049170 0.038291
9 42 94.827583 0.049835 0.038616 0.049692 0.038407
9 43 94.942528 0.049805 0.039021 0.050676 0.039557
9 44 95.057472 0.049607 0.038524 0.050162 0.038970
9 45 95.172417 0.051684 0.039100 0.051391 0.039178
9 46 95.287354 0.049893 0.038864 0.051212 0.039651
9 47 95.402298 0.049469 0.038570 0.050499 0.039434
9 48 95.517242 0.050239 0.039284 0.049625 0.038822
9 49 95.632187 0.050281 0.039154 0.051751 0.040126
9 50 95.747124 0.052485 0.040134 0.053209 0.040483
9 51 95.862068 0.050631 0.039418 0.051672 0.039506
9 52 95.977013 0.050473 0.038892 0.050372 0.038949
9 53 96.091957 0.050099 0.038933 0.049809 0.038602
9 54 96.206894 0.049397 0.038277 0.049934 0.038874
9 55 96.321838 0.049675 0.038514 0.049878 0.038772
9 56 96.436783 0.050527 0.039321 0.049894 0.039009
9 57 96.551727 0.050431 0.038559 0.052128 0.039891
9 58 96.666664 0.050649 0.039378 0.050698 0.039352
9 59 96.781609 0.051343 0.039794 0.052339 0.040043
9 60 96.896553 0.050878 0.039386 0.051584 0.039429
9 61 97.011497 0.051324 0.039600 0.052107 0.039922
9 62 97.126434 0.049597 0.038373 0.050620 0.039519
9 63 97.241379 0.050389 0.038973 0.050377 0.038951
9 64 97.356323 0.050159 0.038985 0.049686 0.038496
9 65 97.471268 0.050213 0.039075 0.050700 0.039433
9 66 97.586205 0.049606 0.038816 0.049682 0.038671
9 67 97.701149 0.050036 0.038602 0.049719 0.038543
9 68 97.816093 0.050581 0.039073 0.051813 0.040005
9 69 97.931038 0.049614 0.038391 0.050812 0.039505
9 70 98.045975 0.049963 0.038991 0.050368 0.038792
9 71 98.160919 0.049306 0.038512 0.049821 0.039003
9 72 98.275864 0.051921 0.040332 0.050648 0.039599
9 73 98.390808 0.052135 0.039928 0.051135 0.039058
9 74 98.505745 0.049967 0.039298 0.050186 0.039081
9 75 98.620689 0.049868 0.038508 0.051179 0.039468
9 76 98.735634 0.050941 0.039403 0.050186 0.038714
9 77 98.850578 0.051626 0.040004 0.051199 0.039513
9 78 98.965515 0.050566 0.039058 0.051070 0.039366
9 79 99.080460 0.050457 0.039132 0.050454 0.039080
9 80 99.195404 0.050295 0.038768 0.049759 0.038766
9 81 99.310349 0.049855 0.038640 0.049659 0.038840
9 82 99.425285 0.050384 0.039000 0.050772 0.039384
9 83 99.540230 0.051533 0.039929 0.050865 0.039569
9 84 99.655174 0.050741 0.039498 0.051925 0.040109
9 85 99.770119 0.049655 0.039057 0.050445 0.039160
9 86 99.885056 0.051466 0.039781 0.050599 0.038991
