0 -0.453771 1 0.000017
1 -0.444860 0 0.000000
2 -0.435949 1 0.000017
3 -0.427039 0 0.000000
4 -0.418128 0 0.000000
5 -0.409217 2 0.000033
6 -0.400307 1 0.000017
7 -0.391396 1 0.000017
8 -0.382485 1 0.000017
9 -0.373575 1 0.000017
10 -0.364664 2 0.000033
11 -0.355753 0 0.000000
12 -0.346843 2 0.000033
13 -0.337932 0 0.000000
14 -0.329021 0 0.000000
15 -0.320111 0 0.000000
16 -0.311200 1 0.000017
17 -0.302289 1 0.000017
18 -0.293379 4 0.000067
19 -0.284468 1 0.000017
20 -0.275557 2 0.000033
21 -0.266647 4 0.000067
22 -0.257736 3 0.000050
23 -0.248825 4 0.000067
24 -0.239915 3 0.000050
25 -0.231004 2 0.000033
26 -0.222093 9 0.000150
27 -0.213183 7 0.000117
28 -0.204272 9 0.000150
29 -0.195361 20 0.000333
30 -0.186451 51 0.000850
31 -0.177540 91 0.001517
32 -0.168629 89 0.001483
33 -0.159719 108 0.001800
34 -0.150808 166 0.002767
35 -0.141897 209 0.003483
36 -0.132987 238 0.003967
37 -0.124076 164 0.002733
38 -0.115165 200 0.003333
39 -0.106255 215 0.003583
40 -0.097344 286 0.004767
41 -0.088433 654 0.010900
42 -0.079523 765 0.012750
43 -0.070612 434 0.007233
44 -0.061701 452 0.007533
45 -0.052791 614 0.010233
46 -0.043880 934 0.015567
47 -0.034969 1008 0.016800
48 -0.026059 2351 0.039183
49 -0.017148 12798 0.213300
50 -0.008237 28179 0.469650
51 0.000673 2798 0.046633
52 0.009584 1178 0.019633
53 0.018495 1182 0.019700
54 0.027405 647 0.010783
55 0.036316 446 0.007433
56 0.045227 492 0.008200
57 0.054137 557 0.009283
58 0.063048 469 0.007817
59 0.071959 348 0.005800
60 0.080869 224 0.003733
61 0.089780 179 0.002983
62 0.098691 145 0.002417
63 0.107601 265 0.004417
64 0.116512 344 0.005733
65 0.125423 205 0.003417
66 0.134333 89 0.001483
67 0.143244 89 0.001483
68 0.152155 75 0.001250
69 0.161065 73 0.001217
70 0.169976 48 0.000800
71 0.178887 12 0.000200
72 0.187797 8 0.000133
73 0.196708 8 0.000133
74 0.205619 3 0.000050
75 0.214529 8 0.000133
76 0.223440 0 0.000000
77 0.232351 2 0.000033
78 0.241261 1 0.000017
79 0.250172 1 0.000017
80 0.259083 1 0.000017
81 0.267993 1 0.000017
82 0.276904 3 0.000050
83 0.285815 2 0.000033
84 0.294725 3 0.000050
85 0.303636 2 0.000033
86 0.312547 1 0.000017
87 0.321457 0 0.000000
88 0.330368 0 0.000000
89 0.339279 0 0.000000
90 0.348189 0 0.000000
91 0.357100 0 0.000000
92 0.366011 0 0.000000
93 0.374921 0 0.000000
94 0.383832 0 0.000000
95 0.392743 1 0.000017
96 0.401653 0 0.000000
97 0.410564 0 0.000000
98 0.419475 2 0.000033
99 0.428385 0 0.000000
