0 0.000000 51687 0.861450
1 0.002080 2163 0.036050
2 0.004160 1687 0.028117
3 0.006240 1146 0.019100
4 0.008320 476 0.007933
5 0.010399 421 0.007017
6 0.012479 505 0.008417
7 0.014559 466 0.007767
8 0.016639 339 0.005650
9 0.018719 229 0.003817
10 0.020799 200 0.003333
11 0.022879 149 0.002483
12 0.024959 126 0.002100
13 0.027038 105 0.001750
14 0.029118 94 0.001567
15 0.031198 51 0.000850
16 0.033278 31 0.000517
17 0.035358 19 0.000317
18 0.037438 13 0.000217
19 0.039518 7 0.000117
20 0.041598 8 0.000133
21 0.043677 5 0.000083
22 0.045757 11 0.000183
23 0.047837 6 0.000100
24 0.049917 0 0.000000
25 0.051997 1 0.000017
26 0.054077 1 0.000017
27 0.056157 4 0.000067
28 0.058237 3 0.000050
29 0.060316 2 0.000033
30 0.062396 1 0.000017
31 0.064476 3 0.000050
32 0.066556 2 0.000033
33 0.068636 2 0.000033
34 0.070716 2 0.000033
35 0.072796 1 0.000017
36 0.074876 2 0.000033
37 0.076955 3 0.000050
38 0.079035 0 0.000000
39 0.081115 2 0.000033
40 0.083195 4 0.000067
41 0.085275 1 0.000017
42 0.087355 2 0.000033
43 0.089435 0 0.000000
44 0.091515 2 0.000033
45 0.093594 2 0.000033
46 0.095674 0 0.000000
47 0.097754 0 0.000000
48 0.099834 1 0.000017
49 0.101914 0 0.000000
50 0.103994 0 0.000000
51 0.106074 0 0.000000
52 0.108154 0 0.000000
53 0.110234 0 0.000000
54 0.112313 0 0.000000
55 0.114393 0 0.000000
56 0.116473 1 0.000017
57 0.118553 1 0.000017
58 0.120633 0 0.000000
59 0.122713 0 0.000000
60 0.124793 0 0.000000
61 0.126873 0 0.000000
62 0.128952 2 0.000033
63 0.131032 0 0.000000
64 0.133112 0 0.000000
65 0.135192 0 0.000000
66 0.137272 1 0.000017
67 0.139352 1 0.000017
68 0.141432 0 0.000000
69 0.143512 0 0.000000
70 0.145591 0 0.000000
71 0.147671 1 0.000017
72 0.149751 0 0.000000
73 0.151831 1 0.000017
74 0.153911 0 0.000000
75 0.155991 0 0.000000
76 0.158071 1 0.000017
77 0.160151 0 0.000000
78 0.162230 2 0.000033
79 0.164310 0 0.000000
80 0.166390 0 0.000000
81 0.168470 0 0.000000
82 0.170550 0 0.000000
83 0.172630 0 0.000000
84 0.174710 0 0.000000
85 0.176790 0 0.000000
86 0.178869 0 0.000000
87 0.180949 0 0.000000
88 0.183029 3 0.000050
89 0.185109 0 0.000000
90 0.187189 0 0.000000
91 0.189269 0 0.000000
92 0.191349 0 0.000000
93 0.193429 0 0.000000
94 0.195509 0 0.000000
95 0.197588 0 0.000000
96 0.199668 0 0.000000
97 0.201748 0 0.000000
98 0.203828 0 0.000000
99 0.205908 1 0.000017
