0 -0.089081 1 0.000050
1 -0.087560 2 0.000100
2 -0.086039 1 0.000050
3 -0.084519 2 0.000100
4 -0.082998 0 0.000000
5 -0.081477 1 0.000050
6 -0.079957 0 0.000000
7 -0.078436 2 0.000100
8 -0.076915 1 0.000050
9 -0.075394 2 0.000100
10 -0.073874 0 0.000000
11 -0.072353 3 0.000150
12 -0.070832 2 0.000100
13 -0.069312 2 0.000100
14 -0.067791 0 0.000000
15 -0.066270 0 0.000000
16 -0.064750 1 0.000050
17 -0.063229 4 0.000200
18 -0.061708 2 0.000100
19 -0.060188 1 0.000050
20 -0.058667 2 0.000100
21 -0.057146 3 0.000150
22 -0.055626 5 0.000250
23 -0.054105 5 0.000250
24 -0.052584 5 0.000250
25 -0.051064 8 0.000400
26 -0.049543 12 0.000600
27 -0.048022 12 0.000600
28 -0.046501 2 0.000100
29 -0.044981 6 0.000300
30 -0.043460 13 0.000650
31 -0.041939 8 0.000400
32 -0.040419 23 0.001150
33 -0.038898 11 0.000550
34 -0.037377 13 0.000650
35 -0.035857 18 0.000900
36 -0.034336 17 0.000850
37 -0.032815 21 0.001050
38 -0.031295 33 0.001650
39 -0.029774 72 0.003600
40 -0.028253 58 0.002900
41 -0.026733 82 0.004100
42 -0.025212 76 0.003800
43 -0.023691 117 0.005850
44 -0.022171 152 0.007600
45 -0.020650 231 0.011550
46 -0.019129 392 0.019600
47 -0.017608 511 0.025550
48 -0.016088 681 0.034050
49 -0.014567 752 0.037600
50 -0.013046 1066 0.053300
51 -0.011526 1375 0.068750
52 -0.010005 2247 0.112350
53 -0.008484 3592 0.179600
54 -0.006964 3365 0.168250
55 -0.005443 1776 0.088800
56 -0.003922 987 0.049350
57 -0.002402 636 0.031800
58 -0.000881 359 0.017950
59 0.000640 264 0.013200
60 0.002160 221 0.011050
61 0.003681 151 0.007550
62 0.005202 102 0.005100
63 0.006722 96 0.004800
64 0.008243 81 0.004050
65 0.009764 57 0.002850
66 0.011285 41 0.002050
67 0.012805 20 0.001000
68 0.014326 19 0.000950
69 0.015847 18 0.000900
70 0.017367 24 0.001200
71 0.018888 10 0.000500
72 0.020409 10 0.000500
73 0.021929 13 0.000650
74 0.023450 5 0.000250
75 0.024971 9 0.000450
76 0.026491 10 0.000500
77 0.028012 3 0.000150
78 0.029533 13 0.000650
79 0.031053 6 0.000300
80 0.032574 4 0.000200
81 0.034095 5 0.000250
82 0.035615 4 0.000200
83 0.037136 6 0.000300
84 0.038657 12 0.000600
85 0.040178 2 0.000100
86 0.041698 3 0.000150
87 0.043219 0 0.000000
88 0.044740 6 0.000300
89 0.046260 0 0.000000
90 0.047781 1 0.000050
91 0.049302 6 0.000300
92 0.050822 1 0.000050
93 0.052343 0 0.000000
94 0.053864 2 0.000100
95 0.055384 1 0.000050
96 0.056905 1 0.000050
97 0.058426 1 0.000050
98 0.059946 0 0.000000
99 0.061467 1 0.000050
