0 -0.107225 2 0.000100
1 -0.104724 0 0.000000
2 -0.102224 0 0.000000
3 -0.099723 0 0.000000
4 -0.097222 1 0.000050
5 -0.094722 0 0.000000
6 -0.092221 4 0.000200
7 -0.089721 5 0.000250
8 -0.087220 3 0.000150
9 -0.084720 0 0.000000
10 -0.082219 1 0.000050
11 -0.079719 4 0.000200
12 -0.077218 4 0.000200
13 -0.074718 2 0.000100
14 -0.072217 1 0.000050
15 -0.069717 2 0.000100
16 -0.067216 6 0.000300
17 -0.064715 3 0.000150
18 -0.062215 7 0.000350
19 -0.059714 1 0.000050
20 -0.057214 1 0.000050
21 -0.054713 14 0.000700
22 -0.052213 9 0.000450
23 -0.049712 8 0.000400
24 -0.047212 8 0.000400
25 -0.044711 13 0.000650
26 -0.042211 19 0.000950
27 -0.039710 38 0.001900
28 -0.037210 26 0.001300
29 -0.034709 29 0.001450
30 -0.032208 42 0.002100
31 -0.029708 61 0.003050
32 -0.027207 77 0.003850
33 -0.024707 121 0.006050
34 -0.022206 188 0.009400
35 -0.019706 268 0.013400
36 -0.017205 422 0.021100
37 -0.014705 676 0.033800
38 -0.012204 1379 0.068950
39 -0.009704 3429 0.171450
40 -0.007203 7357 0.367850
41 -0.004703 2836 0.141800
42 -0.002202 1163 0.058150
43 0.000299 593 0.029650
44 0.002799 344 0.017200
45 0.005300 192 0.009600
46 0.007800 174 0.008700
47 0.010301 101 0.005050
48 0.012801 74 0.003700
49 0.015302 50 0.002500
50 0.017802 51 0.002550
51 0.020303 34 0.001700
52 0.022803 24 0.001200
53 0.025304 22 0.001100
54 0.027804 13 0.000650
55 0.030305 8 0.000400
56 0.032806 14 0.000700
57 0.035306 10 0.000500
58 0.037807 3 0.000150
59 0.040307 7 0.000350
60 0.042808 3 0.000150
61 0.045308 5 0.000250
62 0.047809 9 0.000450
63 0.050309 6 0.000300
64 0.052810 4 0.000200
65 0.055310 3 0.000150
66 0.057811 4 0.000200
67 0.060311 4 0.000200
68 0.062812 3 0.000150
69 0.065313 1 0.000050
70 0.067813 2 0.000100
71 0.070314 1 0.000050
72 0.072814 1 0.000050
73 0.075315 3 0.000150
74 0.077815 0 0.000000
75 0.080316 1 0.000050
76 0.082816 1 0.000050
77 0.085317 1 0.000050
78 0.087817 1 0.000050
79 0.090318 2 0.000100
80 0.092819 0 0.000000
81 0.095319 0 0.000000
82 0.097820 0 0.000000
83 0.100320 0 0.000000
84 0.102821 0 0.000000
85 0.105321 0 0.000000
86 0.107822 0 0.000000
87 0.110322 0 0.000000
88 0.112823 0 0.000000
89 0.115323 0 0.000000
90 0.117824 0 0.000000
91 0.120324 0 0.000000
92 0.122825 0 0.000000
93 0.125326 0 0.000000
94 0.127826 0 0.000000
95 0.130327 0 0.000000
96 0.132827 0 0.000000
97 0.135328 0 0.000000
98 0.137828 0 0.000000
99 0.140329 1 0.000050
