0 0.015180 3 0.000050
1 0.025252 14 0.000233
2 0.035324 8 0.000133
3 0.045395 5 0.000083
4 0.055467 8 0.000133
5 0.065538 28 0.000467
6 0.075610 19 0.000317
7 0.085681 16 0.000267
8 0.095753 0 0.000000
9 0.105825 25 0.000417
10 0.115896 12 0.000200
11 0.125968 5 0.000083
12 0.136039 28 0.000467
13 0.146111 30 0.000500
14 0.156183 18 0.000300
15 0.166254 22 0.000367
16 0.176326 15 0.000250
17 0.186397 40 0.000667
18 0.196469 21 0.000350
19 0.206541 53 0.000883
20 0.216612 23 0.000383
21 0.226684 18 0.000300
22 0.236755 19 0.000317
23 0.246827 57 0.000950
24 0.256899 82 0.001367
25 0.266970 58 0.000967
26 0.277042 78 0.001300
27 0.287113 100 0.001667
28 0.297185 101 0.001683
29 0.307257 136 0.002267
30 0.317328 192 0.003200
31 0.327400 265 0.004417
32 0.337471 214 0.003567
33 0.347543 160 0.002667
34 0.357615 142 0.002367
35 0.367686 143 0.002383
36 0.377758 157 0.002617
37 0.387829 168 0.002800
38 0.397901 156 0.002600
39 0.407972 304 0.005067
40 0.418044 249 0.004150
41 0.428116 334 0.005567
42 0.438187 501 0.008350
43 0.448259 649 0.010817
44 0.458330 864 0.014400
45 0.468402 1085 0.018083
46 0.478474 1617 0.026950
47 0.488545 3194 0.053233
48 0.498617 9880 0.164667
49 0.508688 10974 0.182900
50 0.518760 2884 0.048067
51 0.528832 1668 0.027800
52 0.538903 1168 0.019467
53 0.548975 904 0.015067
54 0.559046 866 0.014433
55 0.569118 1024 0.017067
56 0.579190 1452 0.024200
57 0.589261 2521 0.042017
58 0.599333 2457 0.040950
59 0.609404 1701 0.028350
60 0.619476 1056 0.017600
61 0.629548 877 0.014617
62 0.639619 534 0.008900
63 0.649691 462 0.007700
64 0.659762 369 0.006150
65 0.669834 334 0.005567
66 0.679906 296 0.004933
67 0.689977 266 0.004433
68 0.700049 237 0.003950
69 0.710120 196 0.003267
70 0.720192 248 0.004133
71 0.730264 225 0.003750
72 0.740335 201 0.003350
73 0.750407 228 0.003800
74 0.760478 205 0.003417
75 0.770550 209 0.003483
76 0.780622 197 0.003283
77 0.790693 211 0.003517
78 0.800765 144 0.002400
79 0.810836 222 0.003700
80 0.820908 160 0.002667
81 0.830979 166 0.002767
82 0.841051 299 0.004983
83 0.851123 253 0.004217
84 0.861194 346 0.005767
85 0.871266 443 0.007383
86 0.881337 473 0.007883
87 0.891409 423 0.007050
88 0.901481 289 0.004817
89 0.911552 284 0.004733
90 0.921624 283 0.004717
91 0.931695 338 0.005633
92 0.941767 260 0.004333
93 0.951839 153 0.002550
94 0.961910 84 0.001400
95 0.971982 24 0.000400
96 0.982053 56 0.000933
97 0.992125 9 0.000150
98 1.002197 4 0.000067
99 1.012268 1 0.000017
