0 0.028976 14 0.000700
1 0.038908 2 0.000100
2 0.048840 4 0.000200
3 0.058772 0 0.000000
4 0.068705 23 0.001150
5 0.078637 7 0.000350
6 0.088569 4 0.000200
7 0.098501 0 0.000000
8 0.108434 12 0.000600
9 0.118366 0 0.000000
10 0.128298 0 0.000000
11 0.138230 6 0.000300
12 0.148163 2 0.000100
13 0.158095 0 0.000000
14 0.168027 10 0.000500
15 0.177959 0 0.000000
16 0.187892 0 0.000000
17 0.197824 4 0.000200
18 0.207756 4 0.000200
19 0.217688 1 0.000050
20 0.227621 0 0.000000
21 0.237553 0 0.000000
22 0.247485 16 0.000800
23 0.257417 39 0.001950
24 0.267350 19 0.000950
25 0.277282 31 0.001550
26 0.287214 46 0.002300
27 0.297146 34 0.001700
28 0.307079 41 0.002050
29 0.317011 120 0.006000
30 0.326943 169 0.008450
31 0.336875 140 0.007000
32 0.346808 80 0.004000
33 0.356740 29 0.001450
34 0.366672 6 0.000300
35 0.376604 25 0.001250
36 0.386537 20 0.001000
37 0.396469 10 0.000500
38 0.406401 11 0.000550
39 0.416333 26 0.001300
40 0.426266 24 0.001200
41 0.436198 33 0.001650
42 0.446130 46 0.002300
43 0.456062 53 0.002650
44 0.465995 58 0.002900
45 0.475927 69 0.003450
46 0.485859 64 0.003200
47 0.495791 127 0.006350
48 0.505724 140 0.007000
49 0.515656 93 0.004650
50 0.525588 158 0.007900
51 0.535520 216 0.010800
52 0.545453 275 0.013750
53 0.555385 333 0.016650
54 0.565317 484 0.024200
55 0.575249 745 0.037250
56 0.585182 1747 0.087350
57 0.595114 2556 0.127800
58 0.605046 1639 0.081950
59 0.614978 1120 0.056000
60 0.624911 742 0.037100
61 0.634843 576 0.028800
62 0.644775 400 0.020000
63 0.654707 304 0.015200
64 0.664640 245 0.012250
65 0.674572 241 0.012050
66 0.684504 206 0.010300
67 0.694436 174 0.008700
68 0.704369 175 0.008750
69 0.714301 143 0.007150
70 0.724233 190 0.009500
71 0.734165 168 0.008400
72 0.744098 181 0.009050
73 0.754030 191 0.009550
74 0.763962 123 0.006150
75 0.773894 217 0.010850
76 0.783827 155 0.007750
77 0.793759 184 0.009200
78 0.803691 130 0.006500
79 0.813623 172 0.008600
80 0.823556 163 0.008150
81 0.833488 214 0.010700
82 0.843420 237 0.011850
83 0.853352 247 0.012350
84 0.863284 366 0.018300
85 0.873217 387 0.019350
86 0.883149 460 0.023000
87 0.893081 401 0.020050
88 0.903013 269 0.013450
89 0.912946 262 0.013100
90 0.922878 303 0.015150
91 0.932810 295 0.014750
92 0.942742 242 0.012100
93 0.952675 134 0.006700
94 0.962607 83 0.004150
95 0.972539 22 0.001100
96 0.982471 49 0.002450
97 0.992404 9 0.000450
98 1.002336 4 0.000200
99 1.012268 1 0.000050
