0 0.032478 1 0.000050
1 0.041137 1 0.000050
2 0.049795 1 0.000050
3 0.058453 0 0.000000
4 0.067112 0 0.000000
5 0.075770 0 0.000000
6 0.084428 0 0.000000
7 0.093087 2 0.000100
8 0.101745 0 0.000000
9 0.110403 1 0.000050
10 0.119062 3 0.000150
11 0.127720 2 0.000100
12 0.136378 0 0.000000
13 0.145037 0 0.000000
14 0.153695 0 0.000000
15 0.162353 0 0.000000
16 0.171012 0 0.000000
17 0.179670 0 0.000000
18 0.188328 0 0.000000
19 0.196987 3 0.000150
20 0.205645 2 0.000100
21 0.214303 7 0.000350
22 0.222962 7 0.000350
23 0.231620 0 0.000000
24 0.240278 1 0.000050
25 0.248937 0 0.000000
26 0.257595 1 0.000050
27 0.266253 2 0.000100
28 0.274912 2 0.000100
29 0.283570 0 0.000000
30 0.292228 3 0.000150
31 0.300887 14 0.000700
32 0.309545 37 0.001850
33 0.318203 65 0.003250
34 0.326862 90 0.004500
35 0.335520 54 0.002700
36 0.344178 39 0.001950
37 0.352837 124 0.006200
38 0.361495 135 0.006750
39 0.370153 311 0.015550
40 0.378812 179 0.008950
41 0.387470 180 0.009000
42 0.396128 197 0.009850
43 0.404787 292 0.014600
44 0.413445 370 0.018500
45 0.422103 765 0.038250
46 0.430762 630 0.031500
47 0.439420 374 0.018700
48 0.448078 371 0.018550
49 0.456737 597 0.029850
50 0.465395 831 0.041550
51 0.474053 704 0.035200
52 0.482712 591 0.029550
53 0.491370 805 0.040250
54 0.500028 4626 0.231300
55 0.508687 721 0.036050
56 0.517345 692 0.034600
57 0.526003 1065 0.053250
58 0.534662 639 0.031950
59 0.543320 442 0.022100
60 0.551978 449 0.022450
61 0.560637 471 0.023550
62 0.569295 713 0.035650
63 0.577953 319 0.015950
64 0.586612 304 0.015200
65 0.595270 195 0.009750
66 0.603928 254 0.012700
67 0.612587 182 0.009100
68 0.621245 365 0.018250
69 0.629903 258 0.012900
70 0.638562 90 0.004500
71 0.647220 60 0.003000
72 0.655878 110 0.005500
73 0.664537 54 0.002700
74 0.673195 99 0.004950
75 0.681853 29 0.001450
76 0.690512 11 0.000550
77 0.699170 23 0.001150
78 0.707828 8 0.000400
79 0.716487 7 0.000350
80 0.725145 0 0.000000
81 0.733803 0 0.000000
82 0.742462 0 0.000000
83 0.751120 1 0.000050
84 0.759778 1 0.000050
85 0.768437 0 0.000000
86 0.777095 2 0.000100
87 0.785753 3 0.000150
88 0.794412 1 0.000050
89 0.803070 5 0.000250
90 0.811728 1 0.000050
91 0.820387 0 0.000000
92 0.829045 0 0.000000
93 0.837704 0 0.000000
94 0.846362 0 0.000000
95 0.855020 1 0.000050
96 0.863679 0 0.000000
97 0.872337 3 0.000150
98 0.880995 0 0.000000
99 0.889654 2 0.000100
