0 0.011944 8 0.000133
1 0.021916 14 0.000233
2 0.031887 9 0.000150
3 0.041859 19 0.000317
4 0.051831 21 0.000350
5 0.061803 9 0.000150
6 0.071774 7 0.000117
7 0.081746 12 0.000200
8 0.091718 21 0.000350
9 0.101690 16 0.000267
10 0.111661 13 0.000217
11 0.121633 19 0.000317
12 0.131605 14 0.000233
13 0.141577 13 0.000217
14 0.151548 22 0.000367
15 0.161520 24 0.000400
16 0.171492 29 0.000483
17 0.181464 23 0.000383
18 0.191435 23 0.000383
19 0.201407 31 0.000517
20 0.211379 48 0.000800
21 0.221351 47 0.000783
22 0.231322 29 0.000483
23 0.241294 46 0.000767
24 0.251266 73 0.001217
25 0.261238 61 0.001017
26 0.271209 88 0.001467
27 0.281181 98 0.001633
28 0.291153 99 0.001650
29 0.301124 97 0.001617
30 0.311096 282 0.004700
31 0.321068 275 0.004583
32 0.331040 339 0.005650
33 0.341011 234 0.003900
34 0.350983 257 0.004283
35 0.360955 312 0.005200
36 0.370927 469 0.007817
37 0.380898 365 0.006083
38 0.390870 414 0.006900
39 0.400842 515 0.008583
40 0.410814 689 0.011483
41 0.420785 1119 0.018650
42 0.430757 1073 0.017883
43 0.440729 897 0.014950
44 0.450701 1096 0.018267
45 0.460672 1563 0.026050
46 0.470644 2026 0.033767
47 0.480616 2494 0.041567
48 0.490588 4151 0.069183
49 0.500559 7683 0.128050
50 0.510531 2523 0.042050
51 0.520503 2122 0.035367
52 0.530475 1832 0.030533
53 0.540446 1279 0.021317
54 0.550418 1302 0.021700
55 0.560390 1420 0.023667
56 0.570362 1996 0.033267
57 0.580333 2490 0.041500
58 0.590305 3126 0.052100
59 0.600277 1865 0.031083
60 0.610249 1387 0.023117
61 0.620220 1402 0.023367
62 0.630192 823 0.013717
63 0.640164 557 0.009283
64 0.650136 482 0.008033
65 0.660107 415 0.006917
66 0.670079 410 0.006833
67 0.680051 309 0.005150
68 0.690023 290 0.004833
69 0.699994 231 0.003850
70 0.709966 240 0.004000
71 0.719938 223 0.003717
72 0.729910 205 0.003417
73 0.739881 200 0.003333
74 0.749853 193 0.003217
75 0.759825 186 0.003100
76 0.769797 238 0.003967
77 0.779768 205 0.003417
78 0.789740 174 0.002900
79 0.799712 193 0.003217
80 0.809684 211 0.003517
81 0.819655 240 0.004000
82 0.829627 226 0.003767
83 0.839599 228 0.003800
84 0.849571 325 0.005417
85 0.859542 480 0.008000
86 0.869514 379 0.006317
87 0.879486 457 0.007617
88 0.889458 322 0.005367
89 0.899429 286 0.004767
90 0.909401 297 0.004950
91 0.919373 340 0.005667
92 0.929345 255 0.004250
93 0.939316 170 0.002833
94 0.949288 61 0.001017
95 0.959260 39 0.000650
96 0.969232 42 0.000700
97 0.979203 25 0.000417
98 0.989175 12 0.000200
99 0.999147 1 0.000017
