0 0.410010 2 0.000100
1 0.412167 12 0.000600
2 0.414324 0 0.000000
3 0.416481 10 0.000500
4 0.418638 3 0.000150
5 0.420794 6 0.000300
6 0.422951 0 0.000000
7 0.425108 0 0.000000
8 0.427265 2 0.000100
9 0.429422 0 0.000000
10 0.431579 11 0.000550
11 0.433735 7 0.000350
12 0.435892 8 0.000400
13 0.438049 7 0.000350
14 0.440206 23 0.001150
15 0.442363 20 0.001000
16 0.444520 23 0.001150
17 0.446677 18 0.000900
18 0.448833 24 0.001200
19 0.450990 31 0.001550
20 0.453147 30 0.001500
21 0.455304 42 0.002100
22 0.457461 22 0.001100
23 0.459618 26 0.001300
24 0.461774 43 0.002150
25 0.463931 67 0.003350
26 0.466088 30 0.001500
27 0.468245 25 0.001250
28 0.470402 81 0.004050
29 0.472559 81 0.004050
30 0.474716 67 0.003350
31 0.476872 58 0.002900
32 0.479029 86 0.004300
33 0.481186 116 0.005800
34 0.483343 76 0.003800
35 0.485500 107 0.005350
36 0.487657 153 0.007650
37 0.489814 193 0.009650
38 0.491970 234 0.011700
39 0.494127 230 0.011500
40 0.496284 452 0.022600
41 0.498441 519 0.025950
42 0.500598 785 0.039250
43 0.502755 1047 0.052350
44 0.504911 1837 0.091850
45 0.507068 3273 0.163650
46 0.509225 3277 0.163850
47 0.511382 1809 0.090450
48 0.513539 1106 0.055300
49 0.515696 877 0.043850
50 0.517853 527 0.026350
51 0.520009 359 0.017950
52 0.522166 247 0.012350
53 0.524323 247 0.012350
54 0.526480 218 0.010900
55 0.528637 188 0.009400
56 0.530794 181 0.009050
57 0.532950 90 0.004500
58 0.535107 115 0.005750
59 0.537264 95 0.004750
60 0.539421 81 0.004050
61 0.541578 80 0.004000
62 0.543735 49 0.002450
63 0.545892 46 0.002300
64 0.548048 35 0.001750
65 0.550205 39 0.001950
66 0.552362 24 0.001200
67 0.554519 22 0.001100
68 0.556676 32 0.001600
69 0.558833 26 0.001300
70 0.560989 25 0.001250
71 0.563146 32 0.001600
72 0.565303 27 0.001350
73 0.567460 23 0.001150
74 0.569617 32 0.001600
75 0.571774 19 0.000950
76 0.573931 13 0.000650
77 0.576087 16 0.000800
78 0.578244 26 0.001300
79 0.580401 22 0.001100
80 0.582558 15 0.000750
81 0.584715 12 0.000600
82 0.586872 5 0.000250
83 0.589028 8 0.000400
84 0.591185 5 0.000250
85 0.593342 15 0.000750
86 0.595499 19 0.000950
87 0.597656 7 0.000350
88 0.599813 3 0.000150
89 0.601970 3 0.000150
90 0.604126 9 0.000450
91 0.606283 3 0.000150
92 0.608440 0 0.000000
93 0.610597 0 0.000000
94 0.612754 0 0.000000
95 0.614911 0 0.000000
96 0.617068 0 0.000000
97 0.619224 2 0.000100
98 0.621381 0 0.000000
99 0.623538 2 0.000100
