0 0.016638 7 0.000350
1 0.026563 10 0.000500
2 0.036487 7 0.000350
3 0.046411 5 0.000250
4 0.056336 5 0.000250
5 0.066260 1 0.000050
6 0.076184 9 0.000450
7 0.086109 4 0.000200
8 0.096033 7 0.000350
9 0.105957 5 0.000250
10 0.115882 4 0.000200
11 0.125806 7 0.000350
12 0.135730 3 0.000150
13 0.145655 3 0.000150
14 0.155579 4 0.000200
15 0.165503 2 0.000100
16 0.175427 2 0.000100
17 0.185352 1 0.000050
18 0.195276 4 0.000200
19 0.205200 2 0.000100
20 0.215125 0 0.000000
21 0.225049 2 0.000100
22 0.234973 4 0.000200
23 0.244898 21 0.001050
24 0.254822 32 0.001600
25 0.264746 17 0.000850
26 0.274671 46 0.002300
27 0.284595 30 0.001500
28 0.294519 34 0.001700
29 0.304444 61 0.003050
30 0.314368 130 0.006500
31 0.324292 121 0.006050
32 0.334217 146 0.007300
33 0.344141 109 0.005450
34 0.354065 13 0.000650
35 0.363990 14 0.000700
36 0.373914 20 0.001000
37 0.383838 17 0.000850
38 0.393763 13 0.000650
39 0.403687 22 0.001100
40 0.413611 17 0.000850
41 0.423536 32 0.001600
42 0.433460 40 0.002000
43 0.443384 52 0.002600
44 0.453309 58 0.002900
45 0.463233 50 0.002500
46 0.473157 62 0.003100
47 0.483082 89 0.004450
48 0.493006 126 0.006300
49 0.502930 131 0.006550
50 0.512855 134 0.006700
51 0.522779 180 0.009000
52 0.532703 226 0.011300
53 0.542628 268 0.013400
54 0.552552 463 0.023150
55 0.562476 510 0.025500
56 0.572401 1093 0.054650
57 0.582325 2097 0.104850
58 0.592249 2475 0.123750
59 0.602174 1288 0.064400
60 0.612098 959 0.047950
61 0.622022 735 0.036750
62 0.631947 453 0.022650
63 0.641871 343 0.017150
64 0.651795 282 0.014100
65 0.661720 249 0.012450
66 0.671644 192 0.009600
67 0.681568 194 0.009700
68 0.691493 198 0.009900
69 0.701417 158 0.007900
70 0.711341 168 0.008400
71 0.721266 173 0.008650
72 0.731190 179 0.008950
73 0.741114 176 0.008800
74 0.751039 166 0.008300
75 0.760963 161 0.008050
76 0.770887 217 0.010850
77 0.780812 161 0.008050
78 0.790736 157 0.007850
79 0.800660 167 0.008350
80 0.810585 179 0.008950
81 0.820509 228 0.011400
82 0.830433 205 0.010250
83 0.840357 228 0.011400
84 0.850282 304 0.015200
85 0.860206 466 0.023300
86 0.870130 353 0.017650
87 0.880055 457 0.022850
88 0.889979 307 0.015350
89 0.899903 272 0.013600
90 0.909828 281 0.014050
91 0.919752 335 0.016750
92 0.929676 234 0.011700
93 0.939601 165 0.008250
94 0.949525 57 0.002850
95 0.959449 35 0.001750
96 0.969374 34 0.001700
97 0.979298 24 0.001200
98 0.989222 12 0.000600
99 0.999147 1 0.000050
