0 0.011944 4 0.000200
1 0.021714 5 0.000250
2 0.031485 1 0.000050
3 0.041255 8 0.000400
4 0.051026 17 0.000850
5 0.060796 7 0.000350
6 0.070567 3 0.000150
7 0.080337 5 0.000250
8 0.090108 9 0.000450
9 0.099878 13 0.000650
10 0.109649 6 0.000300
11 0.119419 9 0.000450
12 0.129190 9 0.000450
13 0.138960 9 0.000450
14 0.148731 17 0.000850
15 0.158501 20 0.001000
16 0.168272 28 0.001400
17 0.178042 19 0.000950
18 0.187813 19 0.000950
19 0.197583 18 0.000900
20 0.207354 38 0.001900
21 0.217124 41 0.002050
22 0.226895 34 0.001700
23 0.236665 23 0.001150
24 0.246436 39 0.001950
25 0.256206 34 0.001700
26 0.265977 47 0.002350
27 0.275747 52 0.002600
28 0.285518 58 0.002900
29 0.295288 51 0.002550
30 0.305059 71 0.003550
31 0.314829 79 0.003950
32 0.324600 93 0.004650
33 0.334370 87 0.004350
34 0.344141 77 0.003850
35 0.353911 95 0.004750
36 0.363682 135 0.006750
37 0.373452 102 0.005100
38 0.383223 160 0.008000
39 0.392993 189 0.009450
40 0.402764 214 0.010700
41 0.412534 249 0.012450
42 0.422305 272 0.013600
43 0.432075 363 0.018150
44 0.441846 400 0.020000
45 0.451616 564 0.028200
46 0.461387 750 0.037500
47 0.471157 985 0.049250
48 0.480928 1698 0.084900
49 0.490698 3026 0.151300
50 0.500469 2807 0.140350
51 0.510239 1598 0.079900
52 0.520010 946 0.047300
53 0.529780 625 0.031250
54 0.539551 502 0.025100
55 0.549321 390 0.019500
56 0.559092 372 0.018600
57 0.568862 308 0.015400
58 0.578633 296 0.014800
59 0.588403 184 0.009200
60 0.598174 176 0.008800
61 0.607944 192 0.009600
62 0.617715 148 0.007400
63 0.627485 99 0.004950
64 0.637256 107 0.005350
65 0.647026 106 0.005300
66 0.656797 81 0.004050
67 0.666567 79 0.003950
68 0.676338 92 0.004600
69 0.686108 70 0.003500
70 0.695879 59 0.002950
71 0.705649 46 0.002300
72 0.715420 48 0.002400
73 0.725190 36 0.001800
74 0.734961 27 0.001350
75 0.744731 28 0.001400
76 0.754502 24 0.001200
77 0.764272 23 0.001150
78 0.774043 29 0.001450
79 0.783813 25 0.001250
80 0.793584 17 0.000850
81 0.803354 25 0.001250
82 0.813125 20 0.001000
83 0.822895 21 0.001050
84 0.832666 12 0.000600
85 0.842436 18 0.000900
86 0.852207 12 0.000600
87 0.861977 13 0.000650
88 0.871748 12 0.000600
89 0.881518 8 0.000400
90 0.891289 8 0.000400
91 0.901059 9 0.000450
92 0.910830 10 0.000500
93 0.920600 11 0.000550
94 0.930371 14 0.000700
95 0.940141 2 0.000100
96 0.949912 0 0.000000
97 0.959682 5 0.000250
98 0.969453 7 0.000350
99 0.979223 1 0.000050
