0 0.015180 3 0.000150
1 0.025008 0 0.000000
2 0.034836 0 0.000000
3 0.044664 7 0.000350
4 0.054492 8 0.000400
5 0.064320 5 0.000250
6 0.074148 9 0.000450
7 0.083975 13 0.000650
8 0.093803 2 0.000100
9 0.103631 5 0.000250
10 0.113459 18 0.000900
11 0.123287 6 0.000300
12 0.133115 20 0.001000
13 0.142943 25 0.001250
14 0.152771 15 0.000750
15 0.162598 19 0.000950
16 0.172426 10 0.000500
17 0.182254 26 0.001300
18 0.192082 33 0.001650
19 0.201910 20 0.001000
20 0.211738 45 0.002250
21 0.221566 20 0.001000
22 0.231394 17 0.000850
23 0.241222 29 0.001450
24 0.251049 44 0.002200
25 0.260877 38 0.001900
26 0.270705 39 0.001950
27 0.280533 42 0.002100
28 0.290361 65 0.003250
29 0.300189 85 0.004250
30 0.310017 65 0.003250
31 0.319845 67 0.003350
32 0.329672 85 0.004250
33 0.339500 71 0.003550
34 0.349328 82 0.004100
35 0.359156 127 0.006350
36 0.368984 144 0.007200
37 0.378812 118 0.005900
38 0.388640 157 0.007850
39 0.398468 153 0.007650
40 0.408295 249 0.012450
41 0.418123 211 0.010550
42 0.427951 273 0.013650
43 0.437779 374 0.018700
44 0.447607 421 0.021050
45 0.457435 580 0.029000
46 0.467263 742 0.037100
47 0.477091 972 0.048600
48 0.486918 1612 0.080600
49 0.496746 3204 0.160200
50 0.506574 2702 0.135100
51 0.516402 1515 0.075750
52 0.526230 931 0.046550
53 0.536058 662 0.033100
54 0.545886 513 0.025650
55 0.555714 388 0.019400
56 0.565542 313 0.015650
57 0.575369 380 0.019000
58 0.585197 274 0.013700
59 0.595025 202 0.010100
60 0.604853 171 0.008550
61 0.614681 195 0.009750
62 0.624509 130 0.006500
63 0.634337 136 0.006800
64 0.644165 103 0.005150
65 0.653992 104 0.005200
66 0.663820 67 0.003350
67 0.673648 97 0.004850
68 0.683476 97 0.004850
69 0.693304 59 0.002950
70 0.703132 47 0.002350
71 0.712960 41 0.002050
72 0.722788 58 0.002900
73 0.732615 34 0.001700
74 0.742443 37 0.001850
75 0.752271 37 0.001850
76 0.762099 31 0.001550
77 0.771927 25 0.001250
78 0.781755 27 0.001350
79 0.791583 27 0.001350
80 0.801411 14 0.000700
81 0.811238 35 0.001750
82 0.821066 16 0.000800
83 0.830894 1 0.000050
84 0.840722 19 0.000950
85 0.850550 23 0.001150
86 0.860378 16 0.000800
87 0.870206 13 0.000650
88 0.880034 8 0.000400
89 0.889862 8 0.000400
90 0.899689 5 0.000250
91 0.909517 20 0.001000
92 0.919345 6 0.000300
93 0.929173 15 0.000750
94 0.939001 3 0.000150
95 0.948829 11 0.000550
96 0.958657 3 0.000150
97 0.968485 0 0.000000
98 0.978312 5 0.000250
99 0.988140 1 0.000050
