0 0 0.000000 0.973169 0.126343 0.969740 0.125040
0 1 0.114943 0.973782 0.126853 0.969585 0.124340
0 2 0.229885 0.973198 0.126065 0.971606 0.126979
0 3 0.344828 0.971581 0.127617 0.971958 0.126604
0 4 0.459770 0.970553 0.126581 0.969959 0.126254
0 5 0.574713 0.972551 0.126730 0.970848 0.126237
0 6 0.689655 0.970444 0.125226 0.971756 0.125545
0 7 0.804598 0.969912 0.126696 0.972056 0.125692
0 8 0.919540 0.971164 0.125053 0.974068 0.126712
0 9 1.034483 0.973230 0.125346 0.972234 0.127207
0 10 1.149425 0.971576 0.126985 0.971373 0.127635
0 11 1.264368 0.969409 0.125866 0.971667 0.126524
0 12 1.379310 0.969872 0.126393 0.971174 0.125144
0 13 1.494253 0.968627 0.124799 0.969484 0.125597
0 14 1.609195 0.970635 0.126956 0.973840 0.126872
0 15 1.724138 0.972472 0.126587 0.972778 0.127372
0 16 1.839080 0.972584 0.126399 0.971506 0.127628
0 17 1.954023 0.971815 0.125989 0.971087 0.127355
0 18 2.068965 0.969376 0.126264 0.969329 0.124421
0 19 2.183908 0.971267 0.126961 0.970912 0.127006
0 20 2.298851 0.969571 0.125204 0.973487 0.126807
0 21 2.413793 0.970955 0.124126 0.974069 0.125287
0 22 2.528736 0.969357 0.125994 0.975945 0.129341
0 23 2.643678 0.970994 0.127175 0.970124 0.125413
0 24 2.758621 0.972494 0.127232 0.970714 0.126400
0 25 2.873563 0.969045 0.125050 0.973089 0.127074
0 26 2.988506 0.971318 0.124572 0.971575 0.126332
0 27 3.103448 0.973279 0.125360 0.968441 0.124740
0 28 3.218391 0.970286 0.125305 0.971452 0.125225
0 29 3.333333 0.972149 0.126038 0.971597 0.126544
0 30 3.448276 0.970376 0.124499 0.973320 0.127269
0 31 3.563218 0.973219 0.127613 0.972053 0.126541
0 32 3.678161 0.969273 0.126345 0.971432 0.126512
0 33 3.793103 0.971569 0.127536 0.974154 0.128001
0 34 3.908046 0.971394 0.126755 0.972451 0.126559
0 35 4.022988 0.969933 0.124755 0.971238 0.127569
0 36 4.137931 0.971601 0.126409 0.973643 0.126293
0 37 4.252873 0.972945 0.124834 0.971531 0.124250
0 38 4.367816 0.973056 0.126871 0.972271 0.126470
0 39 4.482759 0.969731 0.126548 0.972973 0.127117
0 40 4.597701 0.972204 0.126073 0.970083 0.125685
0 41 4.712644 0.973825 0.127169 0.971306 0.125734
0 42 4.827586 0.972582 0.126625 0.970206 0.126265
0 43 4.942529 0.969863 0.126442 0.971943 0.126960
0 44 5.057471 0.970529 0.126563 0.970701 0.125366
0 45 5.172414 0.971252 0.124967 0.970988 0.126441
0 46 5.287356 0.972819 0.127851 0.970218 0.125031
0 47 5.402299 0.970335 0.127373 0.971814 0.126271
0 48 5.517241 0.974004 0.125597 0.970559 0.127377
0 49 5.632184 0.973386 0.127498 0.971897 0.127117
0 50 5.747127 0.971097 0.125652 0.970801 0.125146
0 51 5.862069 0.972307 0.126775 0.970649 0.126608
0 52 5.977012 0.972408 0.126552 0.975323 0.127490
0 53 6.091954 0.971355 0.124872 0.973397 0.126506
0 54 6.206897 0.970914 0.126547 0.973028 0.126837
0 55 6.321839 0.972423 0.125918 0.972764 0.126502
0 56 6.436781 0.972668 0.125676 0.970904 0.126976
0 57 6.551724 0.971008 0.124789 0.975129 0.126937
0 58 6.666667 0.970798 0.127169 0.970458 0.125122
0 59 6.781609 0.972566 0.127222 0.973459 0.127427
0 60 6.896552 0.971883 0.127610 0.969121 0.126222
0 61 7.011494 0.971465 0.125868 0.974105 0.127396
0 62 7.126437 0.973978 0.127886 0.970376 0.125433
0 63 7.241379 0.973327 0.126675 0.972183 0.126685
0 64 7.356322 0.970475 0.125069 0.972189 0.125419
0 65 7.471264 0.972413 0.126065 0.971519 0.127378
0 66 7.586207 0.972155 0.126263 0.970548 0.125175
0 67 7.701149 0.972263 0.127347 0.971597 0.126304
0 68 7.816092 0.968746 0.125364 0.968401 0.125766
0 69 7.931035 0.974147 0.126974 0.972146 0.125907
0 70 8.045977 0.972615 0.127174 0.970382 0.126386
0 71 8.160919 0.968468 0.126275 0.972125 0.125125
0 72 8.275862 0.971335 0.128542 0.972806 0.125378
0 73 8.390804 0.969539 0.127533 0.973309 0.125732
0 74 8.505747 0.972516 0.127186 0.973559 0.125524
0 75 8.620689 0.972760 0.125542 0.971673 0.125913
0 76 8.735632 0.973271 0.126064 0.969565 0.126685
0 77 8.850574 0.970344 0.127226 0.971112 0.126713
0 78 8.965517 0.972467 0.125389 0.973775 0.126094
0 79 9.080460 0.969590 0.126922 0.971109 0.126076
0 80 9.195402 0.973373 0.126621 0.971000 0.126141
0 81 9.310345 0.972726 0.126547 0.969619 0.123954
0 82 9.425287 0.971722 0.126686 0.970302 0.127097
0 83 9.540230 0.972836 0.126002 0.972355 0.125078
0 84 9.655172 0.973133 0.127184 0.971017 0.125967
0 85 9.770115 0.971356 0.126209 0.975025 0.127850
0 86 9.885057 0.973763 0.128465 0.969739 0.126432
1 0 10.000000 0.973877 0.128313 0.971731 0.126939
1 1 10.114943 0.971970 0.125992 0.972555 0.126812
1 2 10.229885 0.973305 0.125800 0.973353 0.127302
1 3 10.344828 0.971149 0.125587 0.969971 0.126119
1 4 10.459770 0.972815 0.126232 0.970493 0.124465
1 5 10.574713 0.971564 0.127246 0.974967 0.128594
1 6 10.689655 0.974467 0.127914 0.969289 0.125432
1 7 10.804598 0.971490 0.128188 0.969715 0.125445
1 8 10.919540 0.970870 0.127848 0.974478 0.127068
1 9 11.034483 0.969305 0.125996 0.971041 0.125245
1 10 11.149426 0.973859 0.127679 0.969360 0.125307
1 11 11.264368 0.972618 0.127403 0.974326 0.126205
1 12 11.379311 0.970626 0.125875 0.971678 0.127510
1 13 11.494253 0.972512 0.127881 0.972163 0.127997
1 14 11.609196 0.971816 0.125559 0.972796 0.126895
1 15 11.724138 0.973342 0.126603 0.973096 0.129112
1 16 11.839081 0.973645 0.125104 0.972559 0.127185
1 17 11.954023 0.968281 0.125452 0.971872 0.127356
1 18 12.068966 0.971519 0.125353 0.971186 0.127553
1 19 12.183908 0.974733 0.127619 0.971622 0.125949
1 20 12.298851 0.969609 0.127045 0.971351 0.125135
1 21 12.413794 0.968323 0.127422 0.971747 0.126157
1 22 12.528735 0.969524 0.126662 0.970265 0.125240
1 23 12.643678 0.972387 0.126470 0.971884 0.126181
1 24 12.758620 0.972076 0.125587 0.974188 0.126893
1 25 12.873563 0.974373 0.128088 0.972857 0.128284
1 26 12.988505 0.970445 0.126886 0.970094 0.126390
1 27 13.103448 0.971514 0.125973 0.970930 0.126516
1 28 13.218390 0.970289 0.127052 0.971202 0.126506
1 29 13.333333 0.971801 0.125740 0.971421 0.125464
1 30 13.448276 0.969597 0.123698 0.974988 0.127342
1 31 13.563218 0.967750 0.125330 0.972054 0.126266
1 32 13.678161 0.970812 0.126460 0.970261 0.126297
1 33 13.793103 0.972770 0.126195 0.968560 0.125380
1 34 13.908046 0.975449 0.127409 0.969403 0.125389
1 35 14.022988 0.971874 0.127657 0.970392 0.125700
1 36 14.137931 0.970974 0.125893 0.973404 0.127783
1 37 14.252873 0.970239 0.125704 0.972715 0.127424
1 38 14.367816 0.972353 0.127449 0.974129 0.128464
1 39 14.482759 0.972315 0.126570 0.972618 0.126520
1 40 14.597701 0.970245 0.126779 0.973035 0.127559
1 41 14.712644 0.972744 0.127438 0.970473 0.126001
1 42 14.827586 0.971732 0.128016 0.973008 0.126302
1 43 14.942529 0.971950 0.124971 0.968042 0.125053
1 44 15.057471 0.973302 0.127940 0.968715 0.126262
1 45 15.172414 0.972928 0.126985 0.969301 0.125276
1 46 15.287356 0.967684 0.125188 0.970390 0.127715
1 47 15.402299 0.971168 0.127469 0.971821 0.126517
1 48 15.517241 0.971306 0.128587 0.972633 0.126515
1 49 15.632184 0.969748 0.126661 0.971695 0.124695
1 50 15.747127 0.972724 0.126935 0.972230 0.126026
1 51 15.862069 0.971843 0.127248 0.971652 0.126669
1 52 15.977012 0.970422 0.126772 0.973030 0.126663
1 53 16.091953 0.971424 0.125519 0.972917 0.126022
1 54 16.206896 0.971507 0.128053 0.971043 0.127201
1 55 16.321838 0.969990 0.125341 0.970072 0.123935
1 56 16.436781 0.969733 0.125109 0.970423 0.124941
1 57 16.551723 0.970327 0.127024 0.972575 0.125679
1 58 16.666666 0.973234 0.128265 0.969494 0.126049
1 59 16.781609 0.972068 0.125317 0.971874 0.128980
1 60 16.896551 0.969590 0.124612 0.974046 0.126718
1 61 17.011494 0.971179 0.124753 0.973203 0.126493
1 62 17.126436 0.971658 0.128125 0.971138 0.127856
1 63 17.241379 0.970623 0.126595 0.970793 0.124677
1 64 17.356321 0.972034 0.125113 0.970162 0.126548
1 65 17.471264 0.974517 0.126300 0.971041 0.127027
1 66 17.586206 0.973889 0.126441 0.971608 0.125978
1 67 17.701149 0.971816 0.126402 0.971794 0.127137
1 68 17.816092 0.971900 0.126311 0.970274 0.126237
1 69 17.931034 0.973285 0.126240 0.973056 0.128168
1 70 18.045977 0.972950 0.127072 0.970339 0.125785
1 71 18.160919 0.968499 0.126643 0.970177 0.125181
1 72 18.275862 0.971440 0.126192 0.973405 0.127922
1 73 18.390804 0.970937 0.126172 0.972187 0.125845
1 74 18.505747 0.974334 0.127332 0.972463 0.127800
1 75 18.620689 0.970828 0.125982 0.970603 0.126223
1 76 18.735632 0.971528 0.125936 0.970228 0.126139
1 77 18.850574 0.974555 0.126528 0.972970 0.127070
1 78 18.965517 0.971643 0.126156 0.967487 0.125194
1 79 19.080460 0.972695 0.126011 0.971214 0.126932
1 80 19.195402 0.972566 0.125941 0.970808 0.125638
1 81 19.310345 0.967870 0.125364 0.970402 0.125117
1 82 19.425287 0.969898 0.126346 0.971743 0.127004
1 83 19.540230 0.971848 0.126885 0.971029 0.127082
1 84 19.655172 0.972975 0.127068 0.971188 0.128224
1 85 19.770115 0.972956 0.125827 0.971319 0.127559
1 86 19.885057 0.971191 0.127000 0.971873 0.125434
2 0 20.000000 0.970964 0.127763 0.973078 0.125367
2 1 20.114943 0.974142 0.128239 0.968032 0.124923
2 2 20.229885 0.969948 0.125934 0.973064 0.128364
2 3 20.344828 0.969134 0.124386 0.970283 0.125865
2 4 20.459770 0.972794 0.126147 0.970361 0.125588
2 5 20.574713 0.973563 0.126064 0.971847 0.128620
2 6 20.689655 0.969116 0.125999 0.970066 0.127338
2 7 20.804598 0.972098 0.126601 0.971928 0.125316
2 8 20.919540 0.972816 0.126621 0.969990 0.125251
2 9 21.034483 0.971069 0.127183 0.970782 0.125003
2 10 21.149426 0.973772 0.125559 0.971871 0.125738
2 11 21.264368 0.972481 0.127603 0.973462 0.128173
2 12 21.379311 0.971993 0.126952 0.972588 0.126852
2 13 21.494253 0.971659 0.126140 0.974503 0.127546
2 14 21.609196 0.970705 0.126547 0.971649 0.126695
2 15 21.724138 0.972484 0.126261 0.968023 0.124037
2 16 21.839081 0.972647 0.125593 0.969725 0.126599
2 17 21.954023 0.972505 0.126607 0.971730 0.127858
2 18 22.068966 0.972994 0.127038 0.971314 0.124954
2 19 22.183908 0.972594 0.126293 0.969853 0.125420
2 20 22.298851 0.972618 0.126913 0.973473 0.127587
2 21 22.413794 0.970000 0.126281 0.971565 0.126865
2 22 22.528736 0.972540 0.125986 0.972130 0.126611
2 23 22.643679 0.971082 0.126866 0.973709 0.126438
2 24 22.758621 0.970314 0.124506 0.971689 0.126719
2 25 22.873564 0.974146 0.127718 0.972247 0.125777
2 26 22.988506 0.969198 0.125915 0.971897 0.127237
2 27 23.103449 0.971261 0.124901 0.972560 0.126301
2 28 23.218391 0.971755 0.126296 0.972197 0.126650
2 29 23.333334 0.973414 0.126866 0.969484 0.126545
2 30 23.448277 0.971725 0.125012 0.974150 0.127558
2 31 23.563219 0.971207 0.127670 0.971499 0.127509
2 32 23.678162 0.969651 0.126211 0.969963 0.126523
2 33 23.793104 0.969711 0.125277 0.971139 0.124475
2 34 23.908047 0.970039 0.125794 0.972458 0.125825
2 35 24.022989 0.970890 0.127241 0.969878 0.125436
2 36 24.137932 0.971551 0.127182 0.974071 0.126323
2 37 24.252874 0.974365 0.128164 0.971248 0.125619
2 38 24.367817 0.972456 0.126367 0.969390 0.126198
2 39 24.482759 0.972833 0.124617 0.969110 0.125283
2 40 24.597702 0.969593 0.125848 0.973113 0.125480
2 41 24.712645 0.972297 0.126048 0.970672 0.125383
2 42 24.827587 0.969492 0.124950 0.971644 0.126348
2 43 24.942530 0.970523 0.126353 0.971098 0.126464
2 44 25.057470 0.974124 0.127555 0.971794 0.126375
2 45 25.172413 0.972637 0.127506 0.971181 0.126557
2 46 25.287355 0.972767 0.126074 0.974262 0.126609
2 47 25.402298 0.971372 0.125538 0.970264 0.126277
2 48 25.517241 0.972933 0.124937 0.973232 0.128621
2 49 25.632183 0.970319 0.125821 0.968461 0.125064
2 50 25.747126 0.974848 0.127901 0.971301 0.127403
2 51 25.862068 0.971047 0.126130 0.969009 0.124672
2 52 25.977011 0.972782 0.127663 0.973818 0.127374
2 53 26.091953 0.971554 0.126782 0.973793 0.126120
2 54 26.206896 0.969943 0.125070 0.971541 0.126504
2 55 26.321838 0.969984 0.126375 0.971349 0.127194
2 56 26.436781 0.969101 0.125488 0.973565 0.126744
2 57 26.551723 0.970524 0.125637 0.974701 0.126731
2 58 26.666666 0.974819 0.128411 0.971389 0.125651
2 59 26.781609 0.969950 0.125943 0.974968 0.127562
2 60 26.896551 0.969733 0.125127 0.972126 0.126540
2 61 27.011494 0.972570 0.127254 0.970634 0.125286
2 62 27.126436 0.970758 0.127937 0.972079 0.127977
2 63 27.241379 0.971752 0.127466 0.971623 0.125034
2 64 27.356321 0.971257 0.127279 0.973455 0.127623
2 65 27.471264 0.971535 0.126821 0.968779 0.124978
2 66 27.586206 0.972652 0.126368 0.969587 0.125958
2 67 27.701149 0.968937 0.125641 0.969408 0.124832
2 68 27.816092 0.969442 0.125409 0.970630 0.125988
2 69 27.931034 0.972651 0.126836 0.971661 0.127648
2 70 28.045977 0.974281 0.126368 0.972007 0.128603
2 71 28.160919 0.970445 0.126304 0.972065 0.125724
2 72 28.275862 0.971334 0.123472 0.969367 0.125717
2 73 28.390804 0.972318 0.126228 0.972463 0.124839
2 74 28.505747 0.968045 0.127667 0.970908 0.125701
2 75 28.620689 0.969942 0.124935 0.972851 0.126716
2 76 28.735632 0.966931 0.125855 0.972057 0.127872
2 77 28.850574 0.971490 0.126285 0.971393 0.127864
2 78 28.965517 0.971969 0.128603 0.971550 0.127677
2 79 29.080460 0.970751 0.126561 0.970157 0.125692
2 80 29.195402 0.972528 0.126715 0.969869 0.127191
2 81 29.310345 0.970688 0.127182 0.970363 0.126500
2 82 29.425287 0.971966 0.126191 0.972267 0.126201
2 83 29.540230 0.971079 0.125963 0.971102 0.124760
2 84 29.655172 0.971342 0.124760 0.971546 0.128476
2 85 29.770115 0.972187 0.125878 0.972085 0.126108
2 86 29.885057 0.974411 0.128051 0.970403 0.126199
3 0 30.000000 0.974396 0.127754 0.971556 0.126098
3 1 30.114943 0.970245 0.124269 0.969948 0.126405
3 2 30.229885 0.972064 0.127509 0.971659 0.125169
3 3 30.344828 0.968920 0.124221 0.972409 0.128227
3 4 30.459770 0.970545 0.126487 0.972164 0.126764
3 5 30.574713 0.971564 0.126852 0.973154 0.126908
3 6 30.689655 0.973109 0.126968 0.969462 0.125599
3 7 30.804598 0.972533 0.124980 0.970055 0.125645
3 8 30.919540 0.969906 0.127002 0.974587 0.125419
3 9 31.034483 0.974913 0.127804 0.970111 0.126790
3 10 31.149426 0.971020 0.125871 0.973189 0.126824
3 11 31.264368 0.969118 0.123308 0.971665 0.125974
3 12 31.379311 0.969898 0.126216 0.975000 0.127504
3 13 31.494253 0.971750 0.127653 0.973006 0.126566
3 14 31.609196 0.971936 0.124910 0.972540 0.127447
3 15 31.724138 0.971130 0.126568 0.971088 0.125665
3 16 31.839081 0.972108 0.126515 0.968885 0.126933
3 17 31.954023 0.971477 0.127803 0.973710 0.128044
3 18 32.068966 0.970666 0.126089 0.969399 0.125834
3 19 32.183907 0.971093 0.125678 0.970412 0.124897
3 20 32.298851 0.970672 0.127282 0.971995 0.127845
3 21 32.413792 0.968942 0.124080 0.970251 0.125140
3 22 32.528736 0.972153 0.126217 0.969701 0.124250
3 23 32.643677 0.971855 0.126938 0.972176 0.126075
3 24 32.758621 0.971867 0.128552 0.970317 0.127460
3 25 32.873562 0.969132 0.126134 0.967823 0.125810
3 26 32.988506 0.970623 0.126626 0.972085 0.126279
3 27 33.103447 0.971745 0.127418 0.971973 0.127864
3 28 33.218391 0.972222 0.126914 0.972979 0.127653
3 29 33.333332 0.969193 0.125060 0.972572 0.127056
3 30 33.448277 0.969992 0.127244 0.972988 0.126525
3 31 33.563217 0.972104 0.123915 0.973763 0.126526
3 32 33.678162 0.972183 0.126625 0.969271 0.125560
3 33 33.793102 0.969702 0.124620 0.968889 0.126261
3 34 33.908047 0.971284 0.125943 0.972169 0.127909
3 35 34.022987 0.971935 0.126336 0.974352 0.125802
3 36 34.137932 0.975219 0.128085 0.969707 0.127687
3 37 34.252872 0.971754 0.125996 0.970851 0.125964
3 38 34.367817 0.969861 0.125026 0.973066 0.126416
3 39 34.482758 0.969671 0.126860 0.972811 0.126803
3 40 34.597702 0.972657 0.125351 0.970576 0.127340
3 41 34.712643 0.972836 0.126247 0.971092 0.127323
3 42 34.827587 0.970306 0.125489 0.970189 0.124221
3 43 34.942528 0.971376 0.127275 0.971211 0.127810
3 44 35.057472 0.972460 0.126564 0.970900 0.125621
3 45 35.172413 0.971711 0.127495 0.971721 0.126268
3 46 35.287357 0.968920 0.125831 0.970587 0.126267
3 47 35.402298 0.970850 0.125705 0.971331 0.127615
3 48 35.517242 0.972852 0.126978 0.971617 0.127167
3 49 35.632183 0.971485 0.127006 0.970080 0.126967
3 50 35.747128 0.973399 0.126721 0.974161 0.127402
3 51 35.862068 0.969652 0.124931 0.969735 0.126170
3 52 35.977013 0.970220 0.126351 0.972021 0.127550
3 53 36.091953 0.971670 0.125493 0.971356 0.126173
3 54 36.206898 0.973719 0.125865 0.969683 0.125554
3 55 36.321838 0.971578 0.124903 0.974305 0.126765
3 56 36.436783 0.970440 0.126530 0.971361 0.126916
3 57 36.551723 0.972534 0.128417 0.972902 0.127458
3 58 36.666668 0.972667 0.126694 0.970729 0.126070
3 59 36.781609 0.971626 0.127094 0.969932 0.126826
3 60 36.896553 0.972867 0.125524 0.973800 0.126654
3 61 37.011494 0.972153 0.127127 0.971006 0.127871
3 62 37.126438 0.972713 0.126383 0.970670 0.126957
3 63 37.241379 0.972682 0.125316 0.971178 0.125493
3 64 37.356323 0.969788 0.126659 0.971566 0.127126
3 65 37.471264 0.968864 0.125635 0.971187 0.126253
3 66 37.586208 0.971951 0.126959 0.973947 0.126717
3 67 37.701149 0.972436 0.127229 0.973458 0.125398
3 68 37.816093 0.973545 0.127141 0.970949 0.127784
3 69 37.931034 0.970655 0.125240 0.970024 0.127274
3 70 38.045979 0.974136 0.129024 0.971215 0.126491
3 71 38.160919 0.973264 0.126174 0.970700 0.126938
3 72 38.275864 0.971095 0.126570 0.971956 0.126053
3 73 38.390804 0.971171 0.126584 0.973869 0.128042
3 74 38.505749 0.968912 0.126289 0.975450 0.127916
3 75 38.620689 0.971628 0.127989 0.973124 0.126441
3 76 38.735634 0.969964 0.125914 0.970526 0.125527
3 77 38.850574 0.971512 0.126813 0.970315 0.125121
3 78 38.965519 0.971735 0.126905 0.972113 0.127765
3 79 39.080460 0.972091 0.126995 0.971367 0.123887
3 80 39.195404 0.972293 0.125970 0.971806 0.127744
3 81 39.310345 0.970532 0.125568 0.972584 0.126403
3 82 39.425289 0.971625 0.125751 0.972643 0.126171
3 83 39.540230 0.969910 0.127287 0.968094 0.125273
3 84 39.655174 0.972757 0.125436 0.971121 0.126621
3 85 39.770115 0.970882 0.124946 0.969642 0.124929
3 86 39.885059 0.971591 0.125468 0.970692 0.126304
4 0 40.000000 0.970821 0.126290 0.970651 0.126572
4 1 40.114941 0.970326 0.126069 0.969108 0.126403
4 2 40.229885 0.972845 0.125645 0.970718 0.125877
4 3 40.344826 0.971917 0.125589 0.972305 0.126595
4 4 40.459770 0.967620 0.125495 0.972925 0.127644
4 5 40.574711 0.973550 0.128021 0.972567 0.127035
4 6 40.689655 0.975614 0.127019 0.972363 0.126903
4 7 40.804596 0.971542 0.125943 0.972343 0.126784
4 8 40.919540 0.969519 0.125193 0.972563 0.127531
4 9 41.034481 0.971643 0.127843 0.970597 0.126619
4 10 41.149426 0.972422 0.128233 0.974667 0.126827
4 11 41.264366 0.974946 0.127129 0.972987 0.125615
4 12 41.379311 0.968539 0.124444 0.969992 0.125362
4 13 41.494251 0.972227 0.125887 0.969632 0.125367
4 14 41.609196 0.974821 0.126534 0.973685 0.127292
4 15 41.724136 0.970665 0.125886 0.972416 0.125445
4 16 41.839081 0.972760 0.126700 0.971595 0.124927
4 17 41.954021 0.973599 0.126521 0.972525 0.127341
4 18 42.068966 0.969392 0.125513 0.970228 0.126679
4 19 42.183907 0.969710 0.125590 0.971990 0.126505
4 20 42.298851 0.972077 0.125768 0.969763 0.125597
4 21 42.413792 0.970518 0.126087 0.974811 0.128249
4 22 42.528736 0.972620 0.125916 0.967403 0.126730
4 23 42.643677 0.969395 0.125556 0.971816 0.126171
4 24 42.758621 0.969858 0.125938 0.973821 0.128271
4 25 42.873562 0.971639 0.128328 0.972763 0.128129
4 26 42.988506 0.972048 0.126503 0.969217 0.124733
4 27 43.103447 0.973790 0.127573 0.971036 0.125467
4 28 43.218391 0.971340 0.126320 0.970638 0.126855
4 29 43.333332 0.970135 0.125853 0.971391 0.126884
4 30 43.448277 0.972274 0.126186 0.971328 0.128039
4 31 43.563217 0.971150 0.125235 0.973981 0.127196
4 32 43.678162 0.971575 0.126281 0.970718 0.125340
4 33 43.793102 0.970113 0.126865 0.972336 0.126493
4 34 43.908047 0.971034 0.125021 0.971910 0.125022
4 35 44.022987 0.971663 0.126270 0.970168 0.126765
4 36 44.137932 0.971753 0.125605 0.972463 0.127571
4 37 44.252872 0.973811 0.127023 0.973423 0.126758
4 38 44.367817 0.970259 0.126680 0.972244 0.125438
4 39 44.482758 0.971688 0.126120 0.971914 0.127585
4 40 44.597702 0.971213 0.126678 0.968171 0.125616
4 41 44.712643 0.971898 0.127738 0.972572 0.126948
4 42 44.827587 0.975278 0.128285 0.972687 0.126640
4 43 44.942528 0.972092 0.125965 0.972126 0.127048
4 44 45.057472 0.969858 0.126805 0.970649 0.126398
4 45 45.172413 0.969195 0.124914 0.971621 0.126582
4 46 45.287357 0.971548 0.126154 0.971401 0.127746
4 47 45.402298 0.974351 0.126186 0.972194 0.125836
4 48 45.517242 0.970420 0.128493 0.973306 0.126745
4 49 45.632183 0.971869 0.127940 0.972474 0.127119
4 50 45.747128 0.975434 0.128044 0.974705 0.125600
4 51 45.862068 0.975928 0.126864 0.971047 0.125872
4 52 45.977013 0.971729 0.126695 0.970815 0.126795
4 53 46.091953 0.971343 0.125726 0.970248 0.126716
4 54 46.206898 0.973124 0.125775 0.972428 0.127437
4 55 46.321838 0.973691 0.129545 0.973102 0.127583
4 56 46.436783 0.970751 0.124802 0.969247 0.126115
4 57 46.551723 0.969816 0.126817 0.973068 0.126119
4 58 46.666668 0.969338 0.124348 0.970335 0.126113
4 59 46.781609 0.969667 0.124557 0.971732 0.124576
4 60 46.896553 0.969713 0.126023 0.969464 0.124678
4 61 47.011494 0.971933 0.126517 0.970586 0.126990
4 62 47.126438 0.968876 0.124745 0.972851 0.126821
4 63 47.241379 0.968792 0.125148 0.974227 0.126934
4 64 47.356323 0.971654 0.125436 0.972898 0.128064
4 65 47.471264 0.973190 0.126894 0.971834 0.127345
4 66 47.586208 0.970798 0.125222 0.970464 0.125898
4 67 47.701149 0.969022 0.124940 0.969956 0.126278
4 68 47.816093 0.970895 0.127597 0.971396 0.125362
4 69 47.931034 0.969105 0.124879 0.971119 0.125660
4 70 48.045979 0.970479 0.127038 0.972144 0.126495
4 71 48.160919 0.974556 0.126148 0.971663 0.127528
4 72 48.275864 0.971892 0.126517 0.971608 0.126850
4 73 48.390804 0.971292 0.126131 0.971942 0.127211
4 74 48.505749 0.971357 0.127587 0.971426 0.125806
4 75 48.620689 0.969724 0.125188 0.972425 0.127150
4 76 48.735634 0.972166 0.126691 0.974847 0.126715
4 77 48.850574 0.969105 0.125584 0.972071 0.127067
4 78 48.965519 0.972279 0.125938 0.971050 0.126000
4 79 49.080460 0.972500 0.127668 0.973038 0.127457
4 80 49.195404 0.970741 0.126808 0.973543 0.125793
4 81 49.310345 0.970160 0.125547 0.975274 0.127392
4 82 49.425289 0.970994 0.127472 0.970400 0.125108
4 83 49.540230 0.971329 0.125195 0.972780 0.127136
4 84 49.655174 0.971400 0.125151 0.969448 0.125639
4 85 49.770115 0.967533 0.126074 0.968250 0.126368
4 86 49.885059 0.969854 0.123973 0.972704 0.125231
5 0 50.000000 0.973005 0.126164 0.971162 0.125835
5 1 50.114941 0.973045 0.126847 0.974959 0.126490
5 2 50.229885 0.971987 0.125184 0.972460 0.128193
5 3 50.344826 0.970745 0.126306 0.970780 0.126941
5 4 50.459770 0.971127 0.126443 0.971463 0.126690
5 5 50.574711 0.973082 0.127755 0.971249 0.125678
5 6 50.689655 0.972667 0.126318 0.971121 0.127737
5 7 50.804596 0.970720 0.126112 0.970798 0.126761
5 8 50.919540 0.971410 0.126994 0.973014 0.127125
5 9 51.034481 0.972487 0.126377 0.972414 0.127463
5 10 51.149426 0.971783 0.127417 0.971430 0.126008
5 11 51.264366 0.973735 0.126810 0.970138 0.125393
5 12 51.379311 0.971405 0.126245 0.968440 0.124534
5 13 51.494251 0.970303 0.126618 0.972193 0.126150
5 14 51.609196 0.970193 0.125211 0.969798 0.124918
5 15 51.724136 0.973619 0.126005 0.971155 0.126755
5 16 51.839081 0.969755 0.128869 0.969763 0.127306
5 17 51.954021 0.974008 0.126397 0.971833 0.125795
5 18 52.068966 0.969140 0.126890 0.969669 0.126215
5 19 52.183907 0.969047 0.126553 0.972644 0.125059
5 20 52.298851 0.970980 0.127761 0.968483 0.125487
5 21 52.413792 0.970060 0.126974 0.969810 0.124845
5 22 52.528736 0.971469 0.127349 0.970766 0.125875
5 23 52.643677 0.972439 0.126251 0.972033 0.128214
5 24 52.758621 0.968933 0.125891 0.974985 0.126552
5 25 52.873562 0.970172 0.125845 0.973235 0.128422
5 26 52.988506 0.972460 0.126817 0.972267 0.126080
5 27 53.103447 0.974511 0.127205 0.972188 0.126273
5 28 53.218391 0.969382 0.125602 0.972166 0.125476
5 29 53.333332 0.974511 0.126885 0.972809 0.128568
5 30 53.448277 0.970529 0.124264 0.970461 0.125737
5 31 53.563217 0.969694 0.125901 0.968365 0.124759
5 32 53.678162 0.972399 0.126528 0.972856 0.127257
5 33 53.793102 0.970235 0.125911 0.975238 0.125166
5 34 53.908047 0.973811 0.126208 0.972157 0.125387
5 35 54.022987 0.968934 0.125071 0.971031 0.125981
5 36 54.137932 0.970332 0.125953 0.973174 0.127284
5 37 54.252872 0.973770 0.127596 0.971208 0.124931
5 38 54.367817 0.974276 0.127131 0.972008 0.126573
5 39 54.482758 0.969193 0.125301 0.972638 0.126935
5 40 54.597702 0.969209 0.125118 0.971044 0.127033
5 41 54.712643 0.973609 0.126402 0.969453 0.125569
5 42 54.827587 0.969581 0.126275 0.972560 0.127670
5 43 54.942528 0.970938 0.127238 0.972920 0.125334
5 44 55.057472 0.971594 0.126153 0.970603 0.125952
5 45 55.172413 0.972250 0.126562 0.971903 0.126492
5 46 55.287357 0.969171 0.126469 0.969596 0.123706
5 47 55.402298 0.972556 0.127307 0.972125 0.126866
5 48 55.517242 0.971244 0.126380 0.971134 0.127231
5 49 55.632183 0.970740 0.124994 0.972980 0.126197
5 50 55.747128 0.973718 0.127072 0.970154 0.125551
5 51 55.862068 0.971738 0.127470 0.971698 0.124693
5 52 55.977013 0.972033 0.126613 0.971583 0.127180
5 53 56.091953 0.974271 0.127678 0.971721 0.127903
5 54 56.206898 0.970059 0.126675 0.970295 0.125788
5 55 56.321838 0.968755 0.125791 0.974047 0.126185
5 56 56.436783 0.970311 0.127210 0.970731 0.124963
5 57 56.551723 0.975885 0.127504 0.972215 0.126666
5 58 56.666668 0.971927 0.126332 0.969525 0.125120
5 59 56.781609 0.968336 0.125236 0.971376 0.126258
5 60 56.896553 0.969976 0.124391 0.971529 0.125269
5 61 57.011494 0.972178 0.126189 0.970959 0.125834
5 62 57.126438 0.971163 0.126043 0.971596 0.127224
5 63 57.241379 0.971482 0.126515 0.970567 0.124854
5 64 57.356323 0.972772 0.126685 0.972992 0.129736
5 65 57.471264 0.974575 0.127093 0.973103 0.124852
5 66 57.586208 0.973702 0.125639 0.971289 0.125977
5 67 57.701149 0.971599 0.126852 0.970658 0.125783
5 68 57.816093 0.971215 0.126731 0.971437 0.126431
5 69 57.931034 0.971215 0.125505 0.972191 0.127530
5 70 58.045979 0.970952 0.126664 0.970831 0.126884
5 71 58.160919 0.972800 0.128013 0.970766 0.124552
5 72 58.275864 0.971486 0.126970 0.972921 0.127235
5 73 58.390804 0.971756 0.125475 0.972304 0.126449
5 74 58.505749 0.970038 0.124451 0.970629 0.126065
5 75 58.620689 0.972375 0.127425 0.971266 0.125460
5 76 58.735634 0.972398 0.126967 0.971718 0.128050
5 77 58.850574 0.969603 0.125603 0.970864 0.125811
5 78 58.965519 0.971999 0.126539 0.972033 0.126563
5 79 59.080460 0.971844 0.125633 0.972218 0.126410
5 80 59.195404 0.972705 0.126483 0.973243 0.126640
5 81 59.310345 0.971153 0.125590 0.973154 0.127286
5 82 59.425289 0.971583 0.127054 0.974058 0.127043
5 83 59.540230 0.971532 0.126411 0.971579 0.126371
5 84 59.655174 0.972871 0.126749 0.970713 0.124900
5 85 59.770115 0.973948 0.127769 0.971980 0.126913
5 86 59.885059 0.970229 0.125433 0.971972 0.127946
6 0 60.000000 0.971186 0.126867 0.971220 0.126795
6 1 60.114941 0.970939 0.126188 0.971069 0.125414
6 2 60.229885 0.970013 0.126340 0.971202 0.125081
6 3 60.344826 0.971576 0.127930 0.972621 0.126704
6 4 60.459770 0.971090 0.125652 0.973405 0.126095
6 5 60.574711 0.972551 0.126792 0.971373 0.127761
6 6 60.689655 0.974135 0.127946 0.971932 0.127537
6 7 60.804596 0.972869 0.126393 0.971730 0.127052
6 8 60.919540 0.973139 0.126418 0.971684 0.127732
6 9 61.034481 0.971793 0.126982 0.972348 0.125997
6 10 61.149426 0.971387 0.126126 0.971314 0.125465
6 11 61.264366 0.971288 0.126657 0.971609 0.125735
6 12 61.379311 0.973261 0.128062 0.970700 0.126879
6 13 61.494251 0.970308 0.124582 0.971931 0.128001
6 14 61.609196 0.971709 0.126338 0.969946 0.125928
6 15 61.724136 0.972524 0.125831 0.970794 0.125039
6 16 61.839081 0.970041 0.126855 0.972963 0.125634
6 17 61.954021 0.969587 0.126275 0.969588 0.124483
6 18 62.068966 0.973680 0.127513 0.970645 0.126914
6 19 62.183907 0.971885 0.126683 0.970721 0.126102
6 20 62.298851 0.972918 0.126562 0.973528 0.125991
6 21 62.413792 0.972132 0.126863 0.973165 0.127436
6 22 62.528736 0.973197 0.126136 0.972704 0.125422
6 23 62.643677 0.972435 0.125790 0.974346 0.126231
6 24 62.758621 0.973041 0.127128 0.972726 0.126668
6 25 62.873562 0.970930 0.125236 0.974289 0.126650
6 26 62.988506 0.973358 0.126949 0.969387 0.124589
6 27 63.103447 0.971081 0.126059 0.968001 0.125338
6 28 63.218391 0.967956 0.125207 0.974981 0.127190
6 29 63.333332 0.974049 0.129050 0.973714 0.127106
6 30 63.448277 0.969588 0.128077 0.969880 0.127357
6 31 63.563217 0.968850 0.123952 0.972482 0.126386
6 32 63.678162 0.974181 0.127035 0.972474 0.126316
6 33 63.793102 0.972611 0.128265 0.972067 0.126252
6 34 63.908047 0.970085 0.126092 0.973269 0.128834
6 35 64.022987 0.970585 0.126968 0.970769 0.125530
6 36 64.137932 0.971709 0.125494 0.969835 0.126272
6 37 64.252876 0.970131 0.126253 0.972732 0.126726
6 38 64.367813 0.971159 0.125807 0.970869 0.125821
6 39 64.482758 0.969321 0.125372 0.973475 0.127342
6 40 64.597702 0.973850 0.127332 0.973046 0.129008
6 41 64.712646 0.968934 0.126112 0.970963 0.126779
6 42 64.827583 0.969886 0.126078 0.973702 0.128172
6 43 64.942528 0.973347 0.126395 0.971553 0.125995
6 44 65.057472 0.969463 0.126157 0.969977 0.127599
6 45 65.172417 0.975115 0.127634 0.971625 0.125302
6 46 65.287354 0.972394 0.127090 0.971696 0.126187
6 47 65.402298 0.973140 0.125305 0.969945 0.125647
6 48 65.517242 0.971467 0.125510 0.974707 0.126476
6 49 65.632187 0.971404 0.125538 0.971024 0.127820
6 50 65.747124 0.971477 0.124838 0.970846 0.126046
6 51 65.862068 0.970918 0.127572 0.972930 0.125584
6 52 65.977013 0.971929 0.127044 0.972226 0.126092
6 53 66.091957 0.971027 0.126088 0.973305 0.127385
6 54 66.206894 0.968959 0.126987 0.971291 0.125460
6 55 66.321838 0.971821 0.126185 0.969001 0.125667
6 56 66.436783 0.973065 0.126941 0.970416 0.125623
6 57 66.551727 0.972123 0.126750 0.970937 0.124682
6 58 66.666664 0.972221 0.126422 0.970979 0.127225
6 59 66.781609 0.970095 0.126025 0.969415 0.126294
6 60 66.896553 0.971964 0.127288 0.969476 0.125891
6 61 67.011497 0.969501 0.127088 0.971130 0.127553
6 62 67.126434 0.970655 0.126684 0.970175 0.126804
6 63 67.241379 0.973028 0.126071 0.972442 0.125761
6 64 67.356323 0.975025 0.126727 0.970719 0.126529
6 65 67.471268 0.971671 0.126509 0.971612 0.125986
6 66 67.586205 0.972794 0.126645 0.970245 0.125900
6 67 67.701149 0.973611 0.127727 0.971080 0.126261
6 68 67.816093 0.971093 0.126938 0.972841 0.127518
6 69 67.931038 0.972098 0.126609 0.969662 0.124398
6 70 68.045975 0.971236 0.126062 0.971449 0.126317
6 71 68.160919 0.973493 0.127509 0.972175 0.125767
6 72 68.275864 0.971943 0.127604 0.970094 0.125404
6 73 68.390808 0.971462 0.126133 0.972896 0.125815
6 74 68.505745 0.972172 0.126488 0.973745 0.126057
6 75 68.620689 0.971764 0.127336 0.971211 0.126728
6 76 68.735634 0.974463 0.126790 0.971816 0.128312
6 77 68.850578 0.969693 0.126494 0.972244 0.126375
6 78 68.965515 0.971784 0.124974 0.970429 0.125152
6 79 69.080460 0.972900 0.125351 0.970833 0.125112
6 80 69.195404 0.969645 0.126151 0.971715 0.126813
6 81 69.310349 0.970867 0.127394 0.970647 0.125415
6 82 69.425285 0.971503 0.125853 0.972081 0.125318
6 83 69.540230 0.971883 0.127403 0.972998 0.127012
6 84 69.655174 0.970774 0.125828 0.968615 0.125733
6 85 69.770119 0.970605 0.126320 0.969738 0.126371
6 86 69.885056 0.974290 0.126387 0.972124 0.126753
7 0 70.000000 0.970748 0.126603 0.971558 0.125977
7 1 70.114944 0.971454 0.125716 0.972573 0.126747
7 2 70.229881 0.972468 0.125405 0.970960 0.125863
7 3 70.344826 0.970865 0.127200 0.972741 0.126867
7 4 70.459770 0.972876 0.126531 0.971414 0.126461
7 5 70.574715 0.972872 0.127809 0.970641 0.126680
7 6 70.689651 0.971307 0.126033 0.970263 0.126058
7 7 70.804596 0.971794 0.126154 0.970078 0.125571
7 8 70.919540 0.967426 0.125528 0.972749 0.127213
7 9 71.034485 0.969398 0.127252 0.971974 0.124848
7 10 71.149422 0.972400 0.125985 0.969718 0.126142
7 11 71.264366 0.971100 0.126557 0.972167 0.127890
7 12 71.379311 0.972650 0.125596 0.974355 0.127483
7 13 71.494255 0.971910 0.126339 0.971709 0.126112
7 14 71.609192 0.969367 0.125585 0.971500 0.125386
7 15 71.724136 0.973410 0.128974 0.973174 0.124984
7 16 71.839081 0.973905 0.126339 0.971891 0.126018
7 17 71.954025 0.971260 0.127065 0.967448 0.124966
7 18 72.068962 0.971947 0.125812 0.972134 0.126344
7 19 72.183907 0.971238 0.126458 0.971655 0.128959
7 20 72.298851 0.970853 0.128381 0.971707 0.126041
7 21 72.413795 0.968477 0.125590 0.972534 0.127177
7 22 72.528732 0.973468 0.128305 0.972135 0.125587
7 23 72.643677 0.972078 0.126665 0.972856 0.127632
7 24 72.758621 0.970905 0.125656 0.970753 0.127028
7 25 72.873566 0.971301 0.126789 0.970357 0.126748
7 26 72.988503 0.969879 0.125254 0.970148 0.126759
7 27 73.103447 0.971552 0.126732 0.972522 0.128512
7 28 73.218391 0.972773 0.127192 0.973318 0.126784
7 29 73.333336 0.971512 0.126403 0.971424 0.126886
7 30 73.448273 0.968162 0.125233 0.972688 0.128229
7 31 73.563217 0.971751 0.125378 0.973021 0.127205
7 32 73.678162 0.969876 0.125879 0.972469 0.128860
7 33 73.793106 0.970156 0.125423 0.969066 0.126113
7 34 73.908043 0.973609 0.127816 0.968257 0.124685
7 35 74.022987 0.971676 0.126789 0.970443 0.126157
7 36 74.137932 0.972255 0.126560 0.972378 0.127650
7 37 74.252876 0.972305 0.125345 0.971021 0.126658
7 38 74.367813 0.972236 0.128060 0.970693 0.126338
7 39 74.482758 0.968791 0.126342 0.970253 0.124597
7 40 74.597702 0.971814 0.127359 0.968562 0.126701
7 41 74.712646 0.970988 0.127372 0.969137 0.126004
7 42 74.827583 0.973884 0.126569 0.973667 0.128355
7 43 74.942528 0.971087 0.125036 0.973873 0.126432
7 44 75.057472 0.971963 0.125388 0.968572 0.124988
7 45 75.172417 0.971424 0.127658 0.970053 0.125596
7 46 75.287354 0.970161 0.125118 0.973908 0.128893
7 47 75.402298 0.975087 0.127307 0.975949 0.127899
7 48 75.517242 0.969588 0.127088 0.973279 0.127090
7 49 75.632187 0.970922 0.124964 0.970619 0.125756
7 50 75.747124 0.973431 0.127240 0.971318 0.125730
7 51 75.862068 0.972752 0.126853 0.970431 0.127376
7 52 75.977013 0.972210 0.125770 0.973721 0.126442
7 53 76.091957 0.971051 0.126136 0.970815 0.127619
7 54 76.206894 0.972067 0.128277 0.972245 0.127405
7 55 76.321838 0.972280 0.127137 0.972553 0.127244
7 56 76.436783 0.971312 0.126765 0.971096 0.127128
7 57 76.551727 0.973162 0.127726 0.970928 0.126877
7 58 76.666664 0.970688 0.128241 0.972260 0.125424
7 59 76.781609 0.972289 0.128386 0.971113 0.126792
7 60 76.896553 0.971450 0.126387 0.970170 0.127489
7 61 77.011497 0.968396 0.124613 0.968644 0.125393
7 62 77.126434 0.970246 0.126224 0.970958 0.125825
7 63 77.241379 0.972992 0.127792 0.972957 0.127950
7 64 77.356323 0.972670 0.126211 0.976486 0.128347
7 65 77.471268 0.971797 0.127523 0.970437 0.125789
7 66 77.586205 0.971282 0.126839 0.971996 0.127415
7 67 77.701149 0.969513 0.124952 0.971731 0.127294
7 68 77.816093 0.969439 0.127542 0.970179 0.125066
7 69 77.931038 0.972369 0.127140 0.972739 0.125092
7 70 78.045975 0.972918 0.125712 0.971955 0.126448
7 71 78.160919 0.971664 0.128267 0.970757 0.127632
7 72 78.275864 0.973622 0.126821 0.969786 0.126504
7 73 78.390808 0.971872 0.127711 0.969648 0.125989
7 74 78.505745 0.971040 0.127753 0.973963 0.126403
7 75 78.620689 0.970109 0.128322 0.974670 0.126433
7 76 78.735634 0.969827 0.126106 0.975567 0.128852
7 77 78.850578 0.968780 0.125668 0.973256 0.126814
7 78 78.965515 0.970477 0.126421 0.973015 0.125664
7 79 79.080460 0.969140 0.125049 0.973887 0.126681
7 80 79.195404 0.969752 0.125013 0.970518 0.127178
7 81 79.310349 0.973960 0.126613 0.971907 0.125522
7 82 79.425285 0.971929 0.128140 0.970768 0.125726
7 83 79.540230 0.974187 0.125758 0.973311 0.127448
7 84 79.655174 0.972744 0.127588 0.971054 0.126304
7 85 79.770119 0.972401 0.126438 0.974154 0.128175
7 86 79.885056 0.971999 0.126151 0.973147 0.127362
8 0 80.000000 0.973112 0.126888 0.974116 0.126956
8 1 80.114944 0.974543 0.127493 0.972553 0.124877
8 2 80.229881 0.973094 0.126995 0.970473 0.124677
8 3 80.344826 0.971393 0.125883 0.970596 0.127164
8 4 80.459770 0.974844 0.125706 0.971668 0.125254
8 5 80.574715 0.973544 0.125523 0.971441 0.126713
8 6 80.689651 0.970426 0.126387 0.972384 0.127210
8 7 80.804596 0.970170 0.125927 0.968330 0.125871
8 8 80.919540 0.971075 0.126732 0.971440 0.129205
8 9 81.034485 0.970213 0.125643 0.970812 0.125714
8 10 81.149422 0.973205 0.126380 0.972966 0.125866
8 11 81.264366 0.971959 0.125138 0.973829 0.128557
8 12 81.379311 0.973727 0.127606 0.972278 0.127058
8 13 81.494255 0.971050 0.127332 0.973301 0.129159
8 14 81.609192 0.971931 0.127193 0.970363 0.126631
8 15 81.724136 0.971666 0.126392 0.973145 0.126521
8 16 81.839081 0.974056 0.125604 0.970944 0.127543
8 17 81.954025 0.971668 0.125148 0.969585 0.126080
8 18 82.068962 0.970745 0.125970 0.974819 0.127502
8 19 82.183907 0.972175 0.126752 0.974562 0.126671
8 20 82.298851 0.968521 0.126825 0.975617 0.127839
8 21 82.413795 0.967697 0.126445 0.970660 0.127093
8 22 82.528732 0.972537 0.126831 0.972817 0.125471
8 23 82.643677 0.971481 0.126903 0.971119 0.126174
8 24 82.758621 0.969966 0.125910 0.971670 0.127042
8 25 82.873566 0.973132 0.129415 0.973806 0.127758
8 26 82.988503 0.971201 0.125924 0.970880 0.127069
8 27 83.103447 0.974058 0.126552 0.971997 0.127764
8 28 83.218391 0.971269 0.126113 0.971594 0.127373
8 29 83.333336 0.971778 0.125982 0.972026 0.125942
8 30 83.448273 0.970800 0.126888 0.969371 0.124846
8 31 83.563217 0.971073 0.126375 0.970572 0.124947
8 32 83.678162 0.970307 0.125352 0.972460 0.126671
8 33 83.793106 0.970245 0.126650 0.969629 0.124715
8 34 83.908043 0.973922 0.127535 0.972290 0.127455
8 35 84.022987 0.970713 0.124911 0.971248 0.125797
8 36 84.137932 0.970704 0.125367 0.970365 0.125344
8 37 84.252876 0.972036 0.126431 0.972730 0.126941
8 38 84.367813 0.972494 0.127060 0.971869 0.127067
8 39 84.482758 0.974866 0.127606 0.973666 0.127735
8 40 84.597702 0.971801 0.125802 0.970998 0.125968
8 41 84.712646 0.970412 0.125199 0.970587 0.127677
8 42 84.827583 0.973663 0.125380 0.974031 0.128195
8 43 84.942528 0.972283 0.126946 0.971952 0.125454
8 44 85.057472 0.967512 0.125412 0.971192 0.126204
8 45 85.172417 0.972294 0.126300 0.974936 0.126363
8 46 85.287354 0.971360 0.127408 0.973509 0.127391
8 47 85.402298 0.969915 0.126009 0.971948 0.125823
8 48 85.517242 0.970677 0.125092 0.972040 0.125466
8 49 85.632187 0.973917 0.125949 0.970802 0.126548
8 50 85.747124 0.973740 0.124552 0.972333 0.127563
8 51 85.862068 0.975141 0.126881 0.971381 0.125957
8 52 85.977013 0.970905 0.126644 0.972605 0.126751
8 53 86.091957 0.972749 0.127027 0.972721 0.126204
8 54 86.206894 0.971959 0.125196 0.972576 0.127001
8 55 86.321838 0.973756 0.127431 0.972932 0.128062
8 56 86.436783 0.968787 0.127145 0.972454 0.126844
8 57 86.551727 0.971502 0.127265 0.973733 0.129074
8 58 86.666664 0.969540 0.126918 0.970950 0.126244
8 59 86.781609 0.971167 0.125402 0.971811 0.126359
8 60 86.896553 0.972483 0.126344 0.971448 0.127752
8 61 87.011497 0.970316 0.125897 0.970012 0.125425
8 62 87.126434 0.975136 0.127224 0.972057 0.127257
8 63 87.241379 0.972997 0.126341 0.971649 0.127003
8 64 87.356323 0.970783 0.124788 0.971845 0.126851
8 65 87.471268 0.972642 0.126102 0.973255 0.126496
8 66 87.586205 0.970251 0.125458 0.972022 0.125291
8 67 87.701149 0.972884 0.126069 0.973041 0.126135
8 68 87.816093 0.969062 0.124982 0.970637 0.126543
8 69 87.931038 0.972287 0.125812 0.971263 0.126204
8 70 88.045975 0.971706 0.127172 0.970876 0.125979
8 71 88.160919 0.971596 0.125459 0.972642 0.126523
8 72 88.275864 0.973040 0.127457 0.972160 0.126018
8 73 88.390808 0.972479 0.128014 0.972469 0.126545
8 74 88.505745 0.969851 0.127627 0.974392 0.127534
8 75 88.620689 0.970943 0.125454 0.970617 0.125439
8 76 88.735634 0.968146 0.124735 0.969895 0.126189
8 77 88.850578 0.971258 0.126241 0.970151 0.125706
8 78 88.965515 0.969499 0.125947 0.972432 0.127653
8 79 89.080460 0.968947 0.125558 0.973675 0.127042
8 80 89.195404 0.970140 0.126090 0.970895 0.125470
8 81 89.310349 0.974945 0.126737 0.973119 0.128031
8 82 89.425285 0.972748 0.127422 0.972445 0.128298
8 83 89.540230 0.971770 0.127726 0.969541 0.125816
8 84 89.655174 0.970390 0.126123 0.971098 0.127142
8 85 89.770119 0.970433 0.126355 0.973240 0.125959
8 86 89.885056 0.972864 0.129135 0.972811 0.127212
9 0 90.000000 0.971365 0.126748 0.971519 0.127662
9 1 90.114944 0.971890 0.127522 0.971708 0.126036
9 2 90.229881 0.972787 0.126668 0.972780 0.127082
9 3 90.344826 0.968045 0.125565 0.972005 0.126631
9 4 90.459770 0.968428 0.125405 0.971964 0.127972
9 5 90.574715 0.973714 0.125460 0.973346 0.127158
9 6 90.689651 0.973271 0.127666 0.973064 0.126940
9 7 90.804596 0.973455 0.125171 0.971026 0.126110
9 8 90.919540 0.973009 0.127707 0.971226 0.126046
9 9 91.034485 0.972028 0.126536 0.972003 0.128034
9 10 91.149422 0.971105 0.126457 0.970262 0.124512
9 11 91.264366 0.972054 0.127384 0.970631 0.125585
9 12 91.379311 0.972676 0.125830 0.971598 0.127696
9 13 91.494255 0.969941 0.125487 0.972527 0.126568
9 14 91.609192 0.972369 0.127261 0.972194 0.126907
9 15 91.724136 0.970258 0.125833 0.966917 0.124452
9 16 91.839081 0.971661 0.125569 0.969249 0.125527
9 17 91.954025 0.970573 0.125765 0.970602 0.125923
9 18 92.068962 0.973802 0.127133 0.968972 0.126060
9 19 92.183907 0.972896 0.125587 0.972139 0.127124
9 20 92.298851 0.972402 0.127486 0.970655 0.126424
9 21 92.413795 0.970905 0.126654 0.972028 0.126646
9 22 92.528732 0.973549 0.127461 0.972276 0.126852
9 23 92.643677 0.970089 0.126882 0.971488 0.125003
9 24 92.758621 0.968897 0.126536 0.971748 0.125917
9 25 92.873566 0.971142 0.126307 0.970796 0.125342
9 26 92.988503 0.970102 0.126479 0.972787 0.126192
9 27 93.103447 0.971407 0.127733 0.971747 0.127644
9 28 93.218391 0.974299 0.126236 0.971308 0.126852
9 29 93.333336 0.968861 0.124595 0.973051 0.124862
9 30 93.448273 0.972600 0.126000 0.968715 0.127427
9 31 93.563217 0.970534 0.125857 0.969679 0.123931
9 32 93.678162 0.971383 0.124783 0.971360 0.125113
9 33 93.793106 0.971483 0.126435 0.970981 0.124932
9 34 93.908043 0.971952 0.126339 0.970976 0.126950
9 35 94.022987 0.973340 0.127874 0.971638 0.126495
9 36 94.137932 0.969847 0.124589 0.972128 0.127062
9 37 94.252876 0.971302 0.128069 0.972684 0.127541
9 38 94.367813 0.974948 0.127161 0.969656 0.125620
9 39 94.482758 0.971023 0.127214 0.969684 0.125200
9 40 94.597702 0.971091 0.126131 0.973286 0.126911
9 41 94.712646 0.972094 0.127424 0.970520 0.125365
9 42 94.827583 0.972927 0.126654 0.969300 0.127484
9 43 94.942528 0.968621 0.124465 0.971372 0.127104
9 44 95.057472 0.971266 0.125993 0.970241 0.127573
9 45 95.172417 0.971375 0.126450 0.969549 0.126268
9 46 95.287354 0.969593 0.124393 0.972228 0.127615
9 47 95.402298 0.973903 0.127304 0.970768 0.125659
9 48 95.517242 0.973627 0.128922 0.973960 0.126108
9 49 95.632187 0.970994 0.125206 0.972432 0.126571
9 50 95.747124 0.970314 0.125756 0.972943 0.125638
9 51 95.862068 0.972024 0.127383 0.971934 0.125463
9 52 95.977013 0.970265 0.123829 0.972167 0.125971
9 53 96.091957 0.971283 0.125845 0.968151 0.125849
9 54 96.206894 0.972347 0.128576 0.972475 0.128265
9 55 96.321838 0.972586 0.127762 0.973622 0.128159
9 56 96.436783 0.968461 0.125782 0.970628 0.126023
9 57 96.551727 0.971263 0.127069 0.969729 0.126369
9 58 96.666664 0.971634 0.126288 0.974075 0.125239
9 59 96.781609 0.971734 0.125589 0.971668 0.127130
9 60 96.896553 0.971562 0.126526 0.972690 0.127392
9 61 97.011497 0.974994 0.127379 0.970776 0.124982
9 62 97.126434 0.973211 0.126743 0.971747 0.126540
9 63 97.241379 0.971604 0.125459 0.969222 0.126044
9 64 97.356323 0.970971 0.127188 0.970743 0.127452
9 65 97.471268 0.972841 0.127319 0.973128 0.127353
9 66 97.586205 0.971384 0.126399 0.971849 0.126435
9 67 97.701149 0.969030 0.126092 0.974617 0.127281
9 68 97.816093 0.969663 0.124539 0.969919 0.126928
9 69 97.931038 0.969412 0.126465 0.974570 0.128084
9 70 98.045975 0.974083 0.125958 0.971548 0.126892
9 71 98.160919 0.970333 0.125153 0.970826 0.125618
9 72 98.275864 0.971560 0.127223 0.970724 0.125423
9 73 98.390808 0.971824 0.124983 0.970402 0.126378
9 74 98.505745 0.972601 0.126961 0.973222 0.126990
9 75 98.620689 0.971123 0.125846 0.972667 0.128378
9 76 98.735634 0.971771 0.127015 0.971038 0.124665
9 77 98.850578 0.971742 0.126204 0.972887 0.126818
9 78 98.965515 0.972189 0.124778 0.971171 0.125596
9 79 99.080460 0.971901 0.126512 0.973445 0.126646
9 80 99.195404 0.972344 0.127188 0.968526 0.125515
9 81 99.310349 0.970985 0.125054 0.970438 0.125883
9 82 99.425285 0.971409 0.127302 0.969940 0.126260
9 83 99.540230 0.970672 0.126985 0.973160 0.126731
9 84 99.655174 0.971433 0.126973 0.971759 0.127332
9 85 99.770119 0.971925 0.127461 0.970785 0.126566
9 86 99.885056 0.970369 0.126612 0.970551 0.128231
