0 -0.104471 1 0.000050
1 -0.102887 0 0.000000
2 -0.101304 0 0.000000
3 -0.099721 0 0.000000
4 -0.098137 0 0.000000
5 -0.096554 1 0.000050
6 -0.094971 1 0.000050
7 -0.093387 1 0.000050
8 -0.091804 1 0.000050
9 -0.090220 0 0.000000
10 -0.088637 0 0.000000
11 -0.087054 1 0.000050
12 -0.085470 0 0.000000
13 -0.083887 0 0.000000
14 -0.082303 0 0.000000
15 -0.080720 0 0.000000
16 -0.079137 0 0.000000
17 -0.077553 0 0.000000
18 -0.075970 0 0.000000
19 -0.074386 0 0.000000
20 -0.072803 0 0.000000
21 -0.071220 0 0.000000
22 -0.069636 1 0.000050
23 -0.068053 1 0.000050
24 -0.066470 0 0.000000
25 -0.064886 0 0.000000
26 -0.063303 1 0.000050
27 -0.061719 0 0.000000
28 -0.060136 0 0.000000
29 -0.058553 1 0.000050
30 -0.056969 1 0.000050
31 -0.055386 3 0.000150
32 -0.053802 4 0.000200
33 -0.052219 3 0.000150
34 -0.050636 2 0.000100
35 -0.049052 3 0.000150
36 -0.047469 5 0.000250
37 -0.045886 4 0.000200
38 -0.044302 5 0.000250
39 -0.042719 7 0.000350
40 -0.041135 11 0.000550
41 -0.039552 9 0.000450
42 -0.037969 16 0.000800
43 -0.036385 5 0.000250
44 -0.034802 24 0.001200
45 -0.033218 15 0.000750
46 -0.031635 10 0.000500
47 -0.030052 24 0.001200
48 -0.028468 39 0.001950
49 -0.026885 53 0.002650
50 -0.025302 85 0.004250
51 -0.023718 79 0.003950
52 -0.022135 84 0.004200
53 -0.020551 81 0.004050
54 -0.018968 101 0.005050
55 -0.017385 138 0.006900
56 -0.015801 230 0.011500
57 -0.014218 320 0.016000
58 -0.012634 420 0.021000
59 -0.011051 645 0.032250
60 -0.009468 1218 0.060900
61 -0.007884 3315 0.165750
62 -0.006301 6773 0.338650
63 -0.004718 2827 0.141350
64 -0.003134 1129 0.056450
65 -0.001551 620 0.031000
66 0.000033 451 0.022550
67 0.001616 306 0.015300
68 0.003199 165 0.008250
69 0.004783 134 0.006700
70 0.006366 136 0.006800
71 0.007950 91 0.004550
72 0.009533 72 0.003600
73 0.011116 61 0.003050
74 0.012700 37 0.001850
75 0.014283 35 0.001750
76 0.015866 27 0.001350
77 0.017450 30 0.001500
78 0.019033 27 0.001350
79 0.020617 15 0.000750
80 0.022200 15 0.000750
81 0.023783 11 0.000550
82 0.025367 11 0.000550
83 0.026950 4 0.000200
84 0.028534 6 0.000300
85 0.030117 7 0.000350
86 0.031700 5 0.000250
87 0.033284 2 0.000100
88 0.034867 2 0.000100
89 0.036450 4 0.000200
90 0.038034 9 0.000450
91 0.039617 4 0.000200
92 0.041201 1 0.000050
93 0.042784 4 0.000200
94 0.044367 3 0.000150
95 0.045951 2 0.000100
96 0.047534 1 0.000050
97 0.049118 1 0.000050
98 0.050701 2 0.000100
99 0.052284 1 0.000050
