0 -0.471485 1 0.000050
1 -0.462440 0 0.000000
2 -0.453395 0 0.000000
3 -0.444350 0 0.000000
4 -0.435305 0 0.000000
5 -0.426260 0 0.000000
6 -0.417215 0 0.000000
7 -0.408170 0 0.000000
8 -0.399125 0 0.000000
9 -0.390080 0 0.000000
10 -0.381035 1 0.000050
11 -0.371990 1 0.000050
12 -0.362945 3 0.000150
13 -0.353900 2 0.000100
14 -0.344854 0 0.000000
15 -0.335809 1 0.000050
16 -0.326764 0 0.000000
17 -0.317719 0 0.000000
18 -0.308674 2 0.000100
19 -0.299629 2 0.000100
20 -0.290584 2 0.000100
21 -0.281539 4 0.000200
22 -0.272494 7 0.000350
23 -0.263449 3 0.000150
24 -0.254404 1 0.000050
25 -0.245359 0 0.000000
26 -0.236314 3 0.000150
27 -0.227269 9 0.000450
28 -0.218224 6 0.000300
29 -0.209179 10 0.000500
30 -0.200134 11 0.000550
31 -0.191089 21 0.001050
32 -0.182044 78 0.003900
33 -0.172999 93 0.004650
34 -0.163954 90 0.004500
35 -0.154909 129 0.006450
36 -0.145864 189 0.009450
37 -0.136819 271 0.013550
38 -0.127774 187 0.009350
39 -0.118729 164 0.008200
40 -0.109684 168 0.008400
41 -0.100639 209 0.010450
42 -0.091594 402 0.020100
43 -0.082549 782 0.039100
44 -0.073504 616 0.030800
45 -0.064459 467 0.023350
46 -0.055414 526 0.026300
47 -0.046369 625 0.031250
48 -0.037324 724 0.036200
49 -0.028279 720 0.036000
50 -0.019234 865 0.043250
51 -0.010189 4549 0.227450
52 -0.001144 1193 0.059650
53 0.007901 802 0.040100
54 0.016946 973 0.048650
55 0.025991 774 0.038700
56 0.035036 540 0.027000
57 0.044081 441 0.022050
58 0.053126 485 0.024250
59 0.062172 521 0.026050
60 0.071217 374 0.018700
61 0.080262 259 0.012950
62 0.089307 213 0.010650
63 0.098352 159 0.007950
64 0.107397 260 0.013000
65 0.116442 321 0.016050
66 0.125487 225 0.011250
67 0.134532 108 0.005400
68 0.143577 86 0.004300
69 0.152622 120 0.006000
70 0.161667 95 0.004750
71 0.170712 38 0.001900
72 0.179757 14 0.000700
73 0.188802 4 0.000200
74 0.197847 8 0.000400
75 0.206892 14 0.000700
76 0.215937 10 0.000500
77 0.224982 2 0.000100
78 0.234027 2 0.000100
79 0.243072 3 0.000150
80 0.252117 2 0.000100
81 0.261162 1 0.000050
82 0.270207 1 0.000050
83 0.279252 0 0.000000
84 0.288297 1 0.000050
85 0.297342 1 0.000050
86 0.306387 2 0.000100
87 0.315432 2 0.000100
88 0.324477 0 0.000000
89 0.333522 0 0.000000
90 0.342567 1 0.000050
91 0.351612 0 0.000000
92 0.360657 0 0.000000
93 0.369702 0 0.000000
94 0.378747 0 0.000000
95 0.387792 0 0.000000
96 0.396837 0 0.000000
97 0.405882 0 0.000000
98 0.414927 0 0.000000
99 0.423972 1 0.000050
