0 0.000000 51855 0.864250
1 0.002245 2187 0.036450
2 0.004491 1913 0.031883
3 0.006736 856 0.014267
4 0.008982 457 0.007617
5 0.011227 468 0.007800
6 0.013473 512 0.008533
7 0.015718 480 0.008000
8 0.017963 290 0.004833
9 0.020209 219 0.003650
10 0.022454 166 0.002767
11 0.024700 163 0.002717
12 0.026945 143 0.002383
13 0.029191 94 0.001567
14 0.031436 50 0.000833
15 0.033682 22 0.000367
16 0.035927 10 0.000167
17 0.038172 10 0.000167
18 0.040418 13 0.000217
19 0.042663 8 0.000133
20 0.044909 15 0.000250
21 0.047154 9 0.000150
22 0.049400 9 0.000150
23 0.051645 3 0.000050
24 0.053890 1 0.000017
25 0.056136 1 0.000017
26 0.058381 2 0.000033
27 0.060627 1 0.000017
28 0.062872 3 0.000050
29 0.065118 3 0.000050
30 0.067363 2 0.000033
31 0.069608 3 0.000050
32 0.071854 3 0.000050
33 0.074099 4 0.000067
34 0.076345 2 0.000033
35 0.078590 1 0.000017
36 0.080836 0 0.000000
37 0.083081 3 0.000050
38 0.085326 0 0.000000
39 0.087572 1 0.000017
40 0.089817 2 0.000033
41 0.092063 1 0.000017
42 0.094308 0 0.000000
43 0.096554 2 0.000033
44 0.098799 2 0.000033
45 0.101045 0 0.000000
46 0.103290 0 0.000000
47 0.105535 0 0.000000
48 0.107781 0 0.000000
49 0.110026 1 0.000017
50 0.112272 0 0.000000
51 0.114517 0 0.000000
52 0.116763 1 0.000017
53 0.119008 0 0.000000
54 0.121253 1 0.000017
55 0.123499 1 0.000017
56 0.125744 0 0.000000
57 0.127990 2 0.000033
58 0.130235 2 0.000033
59 0.132481 0 0.000000
60 0.134726 0 0.000000
61 0.136971 0 0.000000
62 0.139217 1 0.000017
63 0.141462 0 0.000000
64 0.143708 0 0.000000
65 0.145953 0 0.000000
66 0.148199 0 0.000000
67 0.150444 0 0.000000
68 0.152689 0 0.000000
69 0.154935 0 0.000000
70 0.157180 0 0.000000
71 0.159426 0 0.000000
72 0.161671 0 0.000000
73 0.163917 0 0.000000
74 0.166162 0 0.000000
75 0.168408 0 0.000000
76 0.170653 0 0.000000
77 0.172898 0 0.000000
78 0.175144 0 0.000000
79 0.177389 0 0.000000
80 0.179635 1 0.000017
81 0.181880 0 0.000000
82 0.184126 0 0.000000
83 0.186371 0 0.000000
84 0.188616 0 0.000000
85 0.190862 0 0.000000
86 0.193107 0 0.000000
87 0.195353 0 0.000000
88 0.197598 0 0.000000
89 0.199844 0 0.000000
90 0.202089 0 0.000000
91 0.204334 0 0.000000
92 0.206580 0 0.000000
93 0.208825 0 0.000000
94 0.211071 0 0.000000
95 0.213316 0 0.000000
96 0.215562 0 0.000000
97 0.217807 0 0.000000
98 0.220052 1 0.000017
99 0.222298 0 0.000000
