0 -0.471485 1 0.000017
1 -0.462440 0 0.000000
2 -0.453395 0 0.000000
3 -0.444350 0 0.000000
4 -0.435305 0 0.000000
5 -0.426260 0 0.000000
6 -0.417215 0 0.000000
7 -0.408170 0 0.000000
8 -0.399125 0 0.000000
9 -0.390080 0 0.000000
10 -0.381035 1 0.000017
11 -0.371990 1 0.000017
12 -0.362945 3 0.000050
13 -0.353900 2 0.000033
14 -0.344854 0 0.000000
15 -0.335809 1 0.000017
16 -0.326764 0 0.000000
17 -0.317719 0 0.000000
18 -0.308674 2 0.000033
19 -0.299629 2 0.000033
20 -0.290584 2 0.000033
21 -0.281539 4 0.000067
22 -0.272494 7 0.000117
23 -0.263449 3 0.000050
24 -0.254404 1 0.000017
25 -0.245359 0 0.000000
26 -0.236314 3 0.000050
27 -0.227269 9 0.000150
28 -0.218224 6 0.000100
29 -0.209179 10 0.000167
30 -0.200134 11 0.000183
31 -0.191089 21 0.000350
32 -0.182044 78 0.001300
33 -0.172999 93 0.001550
34 -0.163954 90 0.001500
35 -0.154909 129 0.002150
36 -0.145864 191 0.003183
37 -0.136819 272 0.004533
38 -0.127774 191 0.003183
39 -0.118729 168 0.002800
40 -0.109684 172 0.002867
41 -0.100639 213 0.003550
42 -0.091594 406 0.006767
43 -0.082549 785 0.013083
44 -0.073504 621 0.010350
45 -0.064459 478 0.007967
46 -0.055414 556 0.009267
47 -0.046369 703 0.011717
48 -0.037324 921 0.015350
49 -0.028279 1670 0.027833
50 -0.019234 6109 0.101817
51 -0.010189 34092 0.568200
52 -0.001144 4265 0.071083
53 0.007901 1355 0.022583
54 0.016946 1143 0.019050
55 0.025991 824 0.013733
56 0.035036 566 0.009433
57 0.044081 453 0.007550
58 0.053126 493 0.008217
59 0.062172 525 0.008750
60 0.071217 375 0.006250
61 0.080262 261 0.004350
62 0.089307 218 0.003633
63 0.098352 161 0.002683
64 0.107397 263 0.004383
65 0.116442 323 0.005383
66 0.125487 226 0.003767
67 0.134532 113 0.001883
68 0.143577 86 0.001433
69 0.152622 120 0.002000
70 0.161667 95 0.001583
71 0.170712 38 0.000633
72 0.179757 14 0.000233
73 0.188802 4 0.000067
74 0.197847 8 0.000133
75 0.206892 14 0.000233
76 0.215937 10 0.000167
77 0.224982 2 0.000033
78 0.234027 2 0.000033
79 0.243072 3 0.000050
80 0.252117 2 0.000033
81 0.261162 1 0.000017
82 0.270207 1 0.000017
83 0.279252 0 0.000000
84 0.288297 1 0.000017
85 0.297342 1 0.000017
86 0.306387 2 0.000033
87 0.315432 2 0.000033
88 0.324477 0 0.000000
89 0.333522 0 0.000000
90 0.342567 1 0.000017
91 0.351612 0 0.000000
92 0.360657 0 0.000000
93 0.369702 0 0.000000
94 0.378747 0 0.000000
95 0.387792 0 0.000000
96 0.396837 0 0.000000
97 0.405882 0 0.000000
98 0.414927 0 0.000000
99 0.423972 1 0.000017
