0 0.001706 1 0.000017
1 0.011787 9 0.000150
2 0.021867 15 0.000250
3 0.031948 9 0.000150
4 0.042029 9 0.000150
5 0.052109 24 0.000400
6 0.062190 12 0.000200
7 0.072270 17 0.000283
8 0.082351 14 0.000233
9 0.092431 19 0.000317
10 0.102512 11 0.000183
11 0.112592 16 0.000267
12 0.122673 16 0.000267
13 0.132753 18 0.000300
14 0.142834 21 0.000350
15 0.152914 26 0.000433
16 0.162995 17 0.000283
17 0.173076 20 0.000333
18 0.183156 18 0.000300
19 0.193237 18 0.000300
20 0.203317 41 0.000683
21 0.213398 48 0.000800
22 0.223478 57 0.000950
23 0.233559 38 0.000633
24 0.243639 47 0.000783
25 0.253720 69 0.001150
26 0.263800 73 0.001217
27 0.273881 92 0.001533
28 0.283962 93 0.001550
29 0.294042 124 0.002067
30 0.304123 159 0.002650
31 0.314203 288 0.004800
32 0.324284 303 0.005050
33 0.334364 287 0.004783
34 0.344445 229 0.003817
35 0.354525 280 0.004667
36 0.364606 411 0.006850
37 0.374686 443 0.007383
38 0.384767 387 0.006450
39 0.394848 409 0.006817
40 0.404928 584 0.009733
41 0.415009 786 0.013100
42 0.425089 1384 0.023067
43 0.435170 886 0.014767
44 0.445250 923 0.015383
45 0.455331 1389 0.023150
46 0.465411 1856 0.030933
47 0.475492 2043 0.034050
48 0.485572 3388 0.056467
49 0.495653 8316 0.138600
50 0.505733 3158 0.052633
51 0.515814 2137 0.035617
52 0.525895 2199 0.036650
53 0.535975 1345 0.022417
54 0.546056 1284 0.021400
55 0.556136 1371 0.022850
56 0.566217 1718 0.028633
57 0.576297 2332 0.038867
58 0.586378 3097 0.051617
59 0.596458 2412 0.040200
60 0.606539 1485 0.024750
61 0.616619 1336 0.022267
62 0.626700 1189 0.019817
63 0.636781 571 0.009517
64 0.646861 534 0.008900
65 0.656942 452 0.007533
66 0.667022 457 0.007617
67 0.677103 365 0.006083
68 0.687183 265 0.004417
69 0.697264 269 0.004483
70 0.707344 221 0.003683
71 0.717425 183 0.003050
72 0.727505 180 0.003000
73 0.737586 194 0.003233
74 0.747666 196 0.003267
75 0.757747 212 0.003533
76 0.767828 234 0.003900
77 0.777908 206 0.003433
78 0.787989 193 0.003217
79 0.798069 153 0.002550
80 0.808150 185 0.003083
81 0.818230 247 0.004117
82 0.828311 239 0.003983
83 0.838391 232 0.003867
84 0.848472 347 0.005783
85 0.858552 439 0.007317
86 0.868633 397 0.006617
87 0.878714 424 0.007067
88 0.888794 272 0.004533
89 0.898875 296 0.004933
90 0.908955 287 0.004783
91 0.919036 334 0.005567
92 0.929116 257 0.004283
93 0.939197 164 0.002733
94 0.949277 65 0.001083
95 0.959358 40 0.000667
96 0.969438 57 0.000950
97 0.979519 21 0.000350
98 0.989600 5 0.000083
99 0.999680 1 0.000017
