0 0.056628 15 0.000750
1 0.066347 10 0.000500
2 0.076066 6 0.000300
3 0.085785 3 0.000150
4 0.095504 3 0.000150
5 0.105223 5 0.000250
6 0.114942 4 0.000200
7 0.124661 3 0.000150
8 0.134380 4 0.000200
9 0.144099 5 0.000250
10 0.153818 2 0.000100
11 0.163538 4 0.000200
12 0.173257 4 0.000200
13 0.182976 7 0.000350
14 0.192695 6 0.000300
15 0.202414 6 0.000300
16 0.212133 10 0.000500
17 0.221852 2 0.000100
18 0.231571 4 0.000200
19 0.241290 19 0.000950
20 0.251009 15 0.000750
21 0.260728 31 0.001550
22 0.270447 30 0.001500
23 0.280166 33 0.001650
24 0.289885 37 0.001850
25 0.299604 42 0.002100
26 0.309323 76 0.003800
27 0.319042 94 0.004700
28 0.328761 232 0.011600
29 0.338480 56 0.002800
30 0.348199 21 0.001050
31 0.357918 9 0.000450
32 0.367637 14 0.000700
33 0.377356 19 0.000950
34 0.387075 19 0.000950
35 0.396794 16 0.000800
36 0.406513 21 0.001050
37 0.416232 33 0.001650
38 0.425951 33 0.001650
39 0.435670 26 0.001300
40 0.445390 36 0.001800
41 0.455109 48 0.002400
42 0.464828 63 0.003150
43 0.474547 56 0.002800
44 0.484266 82 0.004100
45 0.493985 122 0.006100
46 0.503704 124 0.006200
47 0.513423 98 0.004900
48 0.523142 148 0.007400
49 0.532861 210 0.010500
50 0.542580 241 0.012050
51 0.552299 335 0.016750
52 0.562018 421 0.021050
53 0.571737 595 0.029750
54 0.581456 1534 0.076700
55 0.591175 2313 0.115650
56 0.600894 2111 0.105550
57 0.610613 1192 0.059600
58 0.620332 854 0.042700
59 0.630051 677 0.033850
60 0.639770 412 0.020600
61 0.649489 314 0.015700
62 0.659208 300 0.015000
63 0.668927 269 0.013450
64 0.678646 215 0.010750
65 0.688365 179 0.008950
66 0.698084 176 0.008800
67 0.707803 191 0.009550
68 0.717522 148 0.007400
69 0.727242 135 0.006750
70 0.736961 152 0.007600
71 0.746680 139 0.006950
72 0.756399 144 0.007200
73 0.766118 158 0.007900
74 0.775837 202 0.010100
75 0.785556 174 0.008700
76 0.795275 139 0.006950
77 0.804994 157 0.007850
78 0.814713 158 0.007900
79 0.824432 185 0.009250
80 0.834151 193 0.009650
81 0.843870 201 0.010050
82 0.853589 276 0.013800
83 0.863308 289 0.014450
84 0.873027 333 0.016650
85 0.882746 450 0.022500
86 0.892465 391 0.019550
87 0.902184 231 0.011550
88 0.911903 278 0.013900
89 0.921622 306 0.015300
90 0.931341 290 0.014500
91 0.941060 211 0.010550
92 0.950779 191 0.009550
93 0.960498 67 0.003350
94 0.970217 36 0.001800
95 0.979936 27 0.001350
96 0.989655 34 0.001700
97 0.999374 5 0.000250
98 1.009093 4 0.000200
99 1.018812 1 0.000050
