0 0.001706 1 0.000050
1 0.010788 0 0.000000
2 0.019869 0 0.000000
3 0.028950 0 0.000000
4 0.038031 0 0.000000
5 0.047112 0 0.000000
6 0.056194 0 0.000000
7 0.065275 0 0.000000
8 0.074356 0 0.000000
9 0.083437 0 0.000000
10 0.092518 0 0.000000
11 0.101600 1 0.000050
12 0.110681 0 0.000000
13 0.119762 3 0.000150
14 0.128843 3 0.000150
15 0.137924 0 0.000000
16 0.147006 0 0.000000
17 0.156087 0 0.000000
18 0.165168 0 0.000000
19 0.174249 2 0.000100
20 0.183330 0 0.000000
21 0.192412 2 0.000100
22 0.201493 2 0.000100
23 0.210574 5 0.000250
24 0.219655 9 0.000450
25 0.228736 2 0.000100
26 0.237818 0 0.000000
27 0.246899 1 0.000050
28 0.255980 0 0.000000
29 0.265061 1 0.000050
30 0.274142 2 0.000100
31 0.283224 2 0.000100
32 0.292305 13 0.000650
33 0.301386 38 0.001900
34 0.310467 53 0.002650
35 0.319548 66 0.003300
36 0.328630 99 0.004950
37 0.337711 49 0.002450
38 0.346792 59 0.002950
39 0.355873 166 0.008300
40 0.364954 212 0.010600
41 0.374036 278 0.013900
42 0.383117 183 0.009150
43 0.392198 181 0.009050
44 0.401279 232 0.011600
45 0.410360 339 0.016950
46 0.419442 638 0.031900
47 0.428523 897 0.044850
48 0.437604 401 0.020050
49 0.446685 351 0.017550
50 0.455766 603 0.030150
51 0.464848 829 0.041450
52 0.473929 693 0.034650
53 0.483010 675 0.033750
54 0.492091 937 0.046850
55 0.501172 4613 0.230650
56 0.510254 752 0.037600
57 0.519335 833 0.041650
58 0.528416 1049 0.052450
59 0.537497 485 0.024250
60 0.546578 471 0.023550
61 0.555660 504 0.025200
62 0.564741 611 0.030550
63 0.573822 488 0.024400
64 0.582903 339 0.016950
65 0.591984 216 0.010800
66 0.601066 223 0.011150
67 0.610147 190 0.009500
68 0.619228 353 0.017650
69 0.628309 319 0.015950
70 0.637390 78 0.003900
71 0.646472 67 0.003350
72 0.655553 115 0.005750
73 0.664634 79 0.003950
74 0.673715 95 0.004750
75 0.682796 20 0.001000
76 0.691878 18 0.000900
77 0.700959 25 0.001250
78 0.710040 12 0.000600
79 0.719121 1 0.000050
80 0.728202 1 0.000050
81 0.737284 0 0.000000
82 0.746365 0 0.000000
83 0.755446 0 0.000000
84 0.764527 0 0.000000
85 0.773608 2 0.000100
86 0.782690 3 0.000150
87 0.791771 4 0.000200
88 0.800852 3 0.000150
89 0.809933 1 0.000050
90 0.819014 0 0.000000
91 0.828096 0 0.000000
92 0.837177 0 0.000000
93 0.846258 0 0.000000
94 0.855339 0 0.000000
95 0.864420 0 0.000000
96 0.873502 0 0.000000
97 0.882583 1 0.000050
98 0.891664 0 0.000000
99 0.900745 1 0.000050
