0 0.028006 5 0.000250
1 0.037620 5 0.000250
2 0.047234 8 0.000400
3 0.056848 8 0.000400
4 0.066463 12 0.000600
5 0.076077 11 0.000550
6 0.085691 17 0.000850
7 0.095306 14 0.000700
8 0.104920 6 0.000300
9 0.114534 12 0.000600
10 0.124148 15 0.000750
11 0.133763 10 0.000500
12 0.143377 16 0.000800
13 0.152991 16 0.000800
14 0.162606 14 0.000700
15 0.172220 8 0.000400
16 0.181834 18 0.000900
17 0.191448 24 0.001200
18 0.201063 23 0.001150
19 0.210677 29 0.001450
20 0.220291 37 0.001850
21 0.229905 43 0.002150
22 0.239520 29 0.001450
23 0.249134 38 0.001900
24 0.258748 39 0.001950
25 0.268363 45 0.002250
26 0.277977 54 0.002700
27 0.287591 63 0.003150
28 0.297205 62 0.003100
29 0.306820 60 0.003000
30 0.316434 68 0.003400
31 0.326048 81 0.004050
32 0.335662 72 0.003600
33 0.345277 81 0.004050
34 0.354891 133 0.006650
35 0.364505 106 0.005300
36 0.374120 106 0.005300
37 0.383734 143 0.007150
38 0.393348 161 0.008050
39 0.402962 190 0.009500
40 0.412577 273 0.013650
41 0.422191 216 0.010800
42 0.431805 303 0.015150
43 0.441419 375 0.018750
44 0.451034 447 0.022350
45 0.460648 602 0.030100
46 0.470262 767 0.038350
47 0.479877 1078 0.053900
48 0.489491 1950 0.097500
49 0.499105 3432 0.171600
50 0.508719 2358 0.117900
51 0.518334 1340 0.067000
52 0.527948 785 0.039250
53 0.537562 621 0.031050
54 0.547176 407 0.020350
55 0.556791 349 0.017450
56 0.566405 392 0.019600
57 0.576019 310 0.015500
58 0.585634 232 0.011600
59 0.595248 179 0.008950
60 0.604862 171 0.008550
61 0.614476 149 0.007450
62 0.624091 103 0.005150
63 0.633705 153 0.007650
64 0.643319 122 0.006100
65 0.652933 99 0.004950
66 0.662548 72 0.003600
67 0.672162 88 0.004400
68 0.681776 101 0.005050
69 0.691391 66 0.003300
70 0.701005 39 0.001950
71 0.710619 36 0.001800
72 0.720233 43 0.002150
73 0.729848 33 0.001650
74 0.739462 32 0.001600
75 0.749076 34 0.001700
76 0.758690 35 0.001750
77 0.768305 28 0.001400
78 0.777919 29 0.001450
79 0.787533 31 0.001550
80 0.797148 21 0.001050
81 0.806762 22 0.001100
82 0.816376 19 0.000950
83 0.825990 8 0.000400
84 0.835605 15 0.000750
85 0.845219 19 0.000950
86 0.854833 10 0.000500
87 0.864447 13 0.000650
88 0.874062 8 0.000400
89 0.883676 5 0.000250
90 0.893290 6 0.000300
91 0.902905 15 0.000750
92 0.912519 17 0.000850
93 0.922133 18 0.000900
94 0.931747 13 0.000650
95 0.941362 12 0.000600
96 0.950976 9 0.000450
97 0.960590 3 0.000150
98 0.970205 4 0.000200
99 0.979819 1 0.000050
