0 0.028006 5 0.000083
1 0.038014 5 0.000083
2 0.048022 11 0.000183
3 0.058030 22 0.000367
4 0.068038 24 0.000400
5 0.078046 19 0.000317
6 0.088055 19 0.000317
7 0.098063 14 0.000233
8 0.108071 15 0.000250
9 0.118079 18 0.000300
10 0.128087 15 0.000250
11 0.138095 23 0.000383
12 0.148103 16 0.000267
13 0.158112 19 0.000317
14 0.168120 14 0.000233
15 0.178128 17 0.000283
16 0.188136 33 0.000550
17 0.198144 32 0.000533
18 0.208152 38 0.000633
19 0.218161 40 0.000667
20 0.228169 52 0.000867
21 0.238177 43 0.000717
22 0.248185 55 0.000917
23 0.258193 69 0.001150
24 0.268201 79 0.001317
25 0.278209 89 0.001483
26 0.288218 101 0.001683
27 0.298226 109 0.001817
28 0.308234 144 0.002400
29 0.318242 149 0.002483
30 0.328250 329 0.005483
31 0.338258 132 0.002200
32 0.348266 121 0.002017
33 0.358275 148 0.002467
34 0.368283 112 0.001867
35 0.378291 158 0.002633
36 0.388299 174 0.002900
37 0.398307 206 0.003433
38 0.408315 275 0.004583
39 0.418324 269 0.004483
40 0.428332 390 0.006500
41 0.438340 464 0.007733
42 0.448348 588 0.009800
43 0.458356 868 0.014467
44 0.468364 1115 0.018583
45 0.478372 1857 0.030950
46 0.488381 3855 0.064250
47 0.498389 13578 0.226300
48 0.508397 7217 0.120283
49 0.518405 2589 0.043150
50 0.528413 1439 0.023983
51 0.538421 1166 0.019433
52 0.548429 812 0.013533
53 0.558438 812 0.013533
54 0.568446 986 0.016433
55 0.578454 1565 0.026083
56 0.588462 2539 0.042317
57 0.598470 2518 0.041967
58 0.608478 1481 0.024683
59 0.618487 1044 0.017400
60 0.628495 870 0.014500
61 0.638503 586 0.009767
62 0.648511 454 0.007567
63 0.658519 397 0.006617
64 0.668527 351 0.005850
65 0.678535 334 0.005567
66 0.688544 246 0.004100
67 0.698552 234 0.003900
68 0.708560 229 0.003817
69 0.718568 195 0.003250
70 0.728576 183 0.003050
71 0.738584 181 0.003017
72 0.748592 179 0.002983
73 0.758601 185 0.003083
74 0.768609 209 0.003483
75 0.778617 233 0.003883
76 0.788625 192 0.003200
77 0.798633 197 0.003283
78 0.808641 173 0.002883
79 0.818650 192 0.003200
80 0.828658 184 0.003067
81 0.838666 235 0.003917
82 0.848674 237 0.003950
83 0.858682 331 0.005517
84 0.868690 313 0.005217
85 0.878698 461 0.007683
86 0.888707 433 0.007217
87 0.898715 272 0.004533
88 0.908723 303 0.005050
89 0.918731 286 0.004767
90 0.928739 356 0.005933
91 0.938747 244 0.004067
92 0.948756 219 0.003650
93 0.958764 91 0.001517
94 0.968772 42 0.000700
95 0.978780 30 0.000500
96 0.988788 36 0.000600
97 0.998796 6 0.000100
98 1.008804 5 0.000083
99 1.018813 0 0.000000
