0 0.420538 2 0.000100
1 0.422465 1 0.000050
2 0.424393 2 0.000100
3 0.426320 2 0.000100
4 0.428247 6 0.000300
5 0.430174 4 0.000200
6 0.432101 6 0.000300
7 0.434028 11 0.000550
8 0.435955 17 0.000850
9 0.437882 14 0.000700
10 0.439809 12 0.000600
11 0.441736 8 0.000400
12 0.443663 23 0.001150
13 0.445590 24 0.001200
14 0.447517 13 0.000650
15 0.449444 20 0.001000
16 0.451371 20 0.001000
17 0.453299 13 0.000650
18 0.455226 32 0.001600
19 0.457153 31 0.001550
20 0.459080 27 0.001350
21 0.461007 43 0.002150
22 0.462934 38 0.001900
23 0.464861 46 0.002300
24 0.466788 49 0.002450
25 0.468715 55 0.002750
26 0.470642 52 0.002600
27 0.472569 59 0.002950
28 0.474496 58 0.002900
29 0.476423 62 0.003100
30 0.478350 107 0.005350
31 0.480278 120 0.006000
32 0.482205 132 0.006600
33 0.484132 158 0.007900
34 0.486059 168 0.008400
35 0.487986 253 0.012650
36 0.489913 237 0.011850
37 0.491840 254 0.012700
38 0.493767 371 0.018550
39 0.495694 508 0.025400
40 0.497621 806 0.040300
41 0.499548 1106 0.055300
42 0.501475 1450 0.072500
43 0.503402 1832 0.091600
44 0.505329 3075 0.153750
45 0.507257 2642 0.132100
46 0.509184 1280 0.064000
47 0.511111 962 0.048100
48 0.513038 728 0.036400
49 0.514965 612 0.030600
50 0.516892 408 0.020400
51 0.518819 287 0.014350
52 0.520746 234 0.011700
53 0.522673 160 0.008000
54 0.524600 184 0.009200
55 0.526527 151 0.007550
56 0.528454 123 0.006150
57 0.530381 114 0.005700
58 0.532308 91 0.004550
59 0.534235 88 0.004400
60 0.536162 59 0.002950
61 0.538090 71 0.003550
62 0.540017 52 0.002600
63 0.541944 56 0.002800
64 0.543871 52 0.002600
65 0.545798 38 0.001900
66 0.547725 44 0.002200
67 0.549652 36 0.001800
68 0.551579 13 0.000650
69 0.553506 11 0.000550
70 0.555433 6 0.000300
71 0.557360 9 0.000450
72 0.559287 8 0.000400
73 0.561214 14 0.000700
74 0.563141 11 0.000550
75 0.565069 17 0.000850
76 0.566996 7 0.000350
77 0.568923 16 0.000800
78 0.570850 11 0.000550
79 0.572777 18 0.000900
80 0.574704 6 0.000300
81 0.576631 10 0.000500
82 0.578558 6 0.000300
83 0.580485 4 0.000200
84 0.582412 4 0.000200
85 0.584339 5 0.000250
86 0.586266 3 0.000150
87 0.588193 1 0.000050
88 0.590120 1 0.000050
89 0.592047 2 0.000100
90 0.593975 1 0.000050
91 0.595902 4 0.000200
92 0.597829 2 0.000100
93 0.599756 1 0.000050
94 0.601683 0 0.000000
95 0.603610 0 0.000000
96 0.605537 6 0.000300
97 0.607464 2 0.000100
98 0.609391 1 0.000050
99 0.611318 1 0.000050
