0 0.016638 12 0.000600
1 0.026568 8 0.000400
2 0.036498 4 0.000200
3 0.046427 5 0.000250
4 0.056357 3 0.000150
5 0.066287 4 0.000200
6 0.076217 4 0.000200
7 0.086146 6 0.000300
8 0.096076 4 0.000200
9 0.106006 2 0.000100
10 0.115935 3 0.000150
11 0.125865 2 0.000100
12 0.135795 5 0.000250
13 0.145725 3 0.000150
14 0.155654 2 0.000100
15 0.165584 4 0.000200
16 0.175514 4 0.000200
17 0.185443 4 0.000200
18 0.195373 2 0.000100
19 0.205303 4 0.000200
20 0.215233 3 0.000150
21 0.225162 5 0.000250
22 0.235092 3 0.000150
23 0.245022 16 0.000800
24 0.254951 24 0.001200
25 0.264881 28 0.001400
26 0.274811 35 0.001750
27 0.284741 22 0.001100
28 0.294670 35 0.001750
29 0.304600 69 0.003450
30 0.314530 125 0.006250
31 0.324459 107 0.005350
32 0.334389 153 0.007650
33 0.344319 77 0.003850
34 0.354249 12 0.000600
35 0.364178 11 0.000550
36 0.374108 17 0.000850
37 0.384038 19 0.000950
38 0.393967 15 0.000750
39 0.403897 27 0.001350
40 0.413827 31 0.001550
41 0.423757 30 0.001500
42 0.433686 34 0.001700
43 0.443616 42 0.002100
44 0.453546 50 0.002500
45 0.463475 72 0.003600
46 0.473405 64 0.003200
47 0.483335 88 0.004400
48 0.493265 129 0.006450
49 0.503194 128 0.006400
50 0.513124 134 0.006700
51 0.523054 149 0.007450
52 0.532983 238 0.011900
53 0.542913 278 0.013900
54 0.552843 463 0.023150
55 0.562773 534 0.026700
56 0.572702 1181 0.059050
57 0.582632 2121 0.106050
58 0.592562 2620 0.131000
59 0.602491 1190 0.059500
60 0.612421 952 0.047600
61 0.622351 777 0.038850
62 0.632281 468 0.023400
63 0.642210 329 0.016450
64 0.652140 297 0.014850
65 0.662070 259 0.012950
66 0.671999 224 0.011200
67 0.681929 191 0.009550
68 0.691859 174 0.008700
69 0.701789 194 0.009700
70 0.711718 152 0.007600
71 0.721648 139 0.006950
72 0.731578 150 0.007500
73 0.741507 157 0.007850
74 0.751437 166 0.008300
75 0.761367 165 0.008250
76 0.771297 228 0.011400
77 0.781226 144 0.007200
78 0.791156 175 0.008750
79 0.801086 141 0.007050
80 0.811015 177 0.008850
81 0.820945 235 0.011750
82 0.830875 197 0.009850
83 0.840805 247 0.012350
84 0.850734 327 0.016350
85 0.860664 455 0.022750
86 0.870594 342 0.017100
87 0.880523 399 0.019950
88 0.890453 278 0.013900
89 0.900383 271 0.013550
90 0.910313 269 0.013450
91 0.920242 304 0.015200
92 0.930172 237 0.011850
93 0.940102 144 0.007200
94 0.950031 56 0.002800
95 0.959961 38 0.001900
96 0.969891 52 0.002600
97 0.979821 20 0.001000
98 0.989750 5 0.000250
99 0.999680 1 0.000050
