0 0.013721 2 0.000100
1 0.023455 6 0.000300
2 0.033188 4 0.000200
3 0.042922 6 0.000300
4 0.052655 16 0.000800
5 0.062389 9 0.000450
6 0.072122 12 0.000600
7 0.081856 12 0.000600
8 0.091589 9 0.000450
9 0.101323 7 0.000350
10 0.111056 14 0.000700
11 0.120790 11 0.000550
12 0.130523 11 0.000550
13 0.140257 13 0.000650
14 0.149990 19 0.000950
15 0.159723 22 0.001100
16 0.169457 9 0.000450
17 0.179190 16 0.000800
18 0.188924 12 0.000600
19 0.198657 20 0.001000
20 0.208391 35 0.001750
21 0.218124 49 0.002450
22 0.227858 35 0.001750
23 0.237591 27 0.001350
24 0.247325 38 0.001900
25 0.257058 47 0.002350
26 0.266792 46 0.002300
27 0.276525 56 0.002800
28 0.286259 68 0.003400
29 0.295992 57 0.002850
30 0.305725 55 0.002750
31 0.315459 83 0.004150
32 0.325192 89 0.004450
33 0.334926 62 0.003100
34 0.344659 94 0.004700
35 0.354393 87 0.004350
36 0.364126 148 0.007400
37 0.373860 137 0.006850
38 0.383593 150 0.007500
39 0.393327 168 0.008400
40 0.403060 236 0.011800
41 0.412794 239 0.011950
42 0.422527 275 0.013750
43 0.432261 334 0.016700
44 0.441994 409 0.020450
45 0.451727 600 0.030000
46 0.461461 717 0.035850
47 0.471194 991 0.049550
48 0.480928 1675 0.083750
49 0.490661 3143 0.157150
50 0.500395 2829 0.141450
51 0.510128 1534 0.076700
52 0.519862 957 0.047850
53 0.529595 651 0.032550
54 0.539329 475 0.023750
55 0.549062 347 0.017350
56 0.558796 361 0.018050
57 0.568529 302 0.015100
58 0.578263 298 0.014900
59 0.587996 180 0.009000
60 0.597729 167 0.008350
61 0.607463 159 0.007950
62 0.617196 142 0.007100
63 0.626930 126 0.006300
64 0.636663 103 0.005150
65 0.646397 106 0.005300
66 0.656130 81 0.004050
67 0.665864 84 0.004200
68 0.675597 75 0.003750
69 0.685331 80 0.004000
70 0.695064 51 0.002550
71 0.704798 40 0.002000
72 0.714531 45 0.002250
73 0.724265 25 0.001250
74 0.733998 32 0.001600
75 0.743731 36 0.001800
76 0.753465 25 0.001250
77 0.763198 35 0.001750
78 0.772932 22 0.001100
79 0.782665 25 0.001250
80 0.792399 20 0.001000
81 0.802132 14 0.000700
82 0.811866 16 0.000800
83 0.821599 22 0.001100
84 0.831333 15 0.000750
85 0.841066 15 0.000750
86 0.850800 16 0.000800
87 0.860533 6 0.000300
88 0.870267 6 0.000300
89 0.880000 11 0.000550
90 0.889733 4 0.000200
91 0.899467 12 0.000600
92 0.909200 16 0.000800
93 0.918934 19 0.000950
94 0.928667 17 0.000850
95 0.938401 6 0.000300
96 0.948134 5 0.000250
97 0.957868 1 0.000050
98 0.967601 4 0.000200
99 0.977335 2 0.000100
