initializing
training size    : 359556
testing size     : 20000
epoch count      : 10
sub epoch size   : 5

epoch_learning_rate_decay   : 8
learning_rate_decay         : 0.250000

training



epoch [0 0] from [10 5]
training time per iterations 1.224291[ms]
testing on 20000 items
testing done
average error 0.002079
min error     0.000000
max error     0.263983
saving best net
best net saved to networks/disc40x20x3_no_gaussian_window_size_4/net_4/trained/, with error 0.002079



epoch [0 1] from [10 5]
training time per iterations 1.226349[ms]
testing on 20000 items
testing done
average error 0.001978
min error     0.000000
max error     0.226575
saving best net
best net saved to networks/disc40x20x3_no_gaussian_window_size_4/net_4/trained/, with error 0.001978



epoch [0 2] from [10 5]
training time per iterations 1.225668[ms]
testing on 20000 items
testing done
average error 0.001889
min error     0.000000
max error     0.237790
saving best net
best net saved to networks/disc40x20x3_no_gaussian_window_size_4/net_4/trained/, with error 0.001889



epoch [0 3] from [10 5]
training time per iterations 1.223401[ms]
testing on 20000 items
testing done
average error 0.002027
min error     0.000000
max error     0.247322



epoch [0 4] from [10 5]
training time per iterations 1.227156[ms]
testing on 20000 items
testing done
average error 0.001831
min error     0.000000
max error     0.223576
saving best net
best net saved to networks/disc40x20x3_no_gaussian_window_size_4/net_4/trained/, with error 0.001831



epoch [1 0] from [10 5]
training time per iterations 1.224569[ms]
testing on 20000 items
testing done
average error 0.001868
min error     0.000000
max error     0.228104



epoch [1 1] from [10 5]
training time per iterations 1.224931[ms]
testing on 20000 items
testing done
average error 0.001900
min error     0.000000
max error     0.222085



epoch [1 2] from [10 5]
training time per iterations 1.224180[ms]
testing on 20000 items
testing done
average error 0.002060
min error     0.000000
max error     0.242307



epoch [1 3] from [10 5]
training time per iterations 1.225723[ms]
testing on 20000 items
testing done
average error 0.001949
min error     0.000000
max error     0.232737



epoch [1 4] from [10 5]
training time per iterations 1.226029[ms]
testing on 20000 items
testing done
average error 0.002016
min error     0.000000
max error     0.231043



epoch [2 0] from [10 5]
training time per iterations 1.224875[ms]
testing on 20000 items
testing done
average error 0.001844
min error     0.000000
max error     0.245097



epoch [2 1] from [10 5]
training time per iterations 1.224514[ms]
testing on 20000 items
testing done
average error 0.001871
min error     0.000000
max error     0.235282



epoch [2 2] from [10 5]
training time per iterations 1.221343[ms]
testing on 20000 items
testing done
average error 0.002047
min error     0.000000
max error     0.267551



epoch [2 3] from [10 5]
training time per iterations 1.225682[ms]
testing on 20000 items
testing done
average error 0.001937
min error     0.000000
max error     0.243131



epoch [2 4] from [10 5]
training time per iterations 1.221468[ms]
testing on 20000 items
testing done
average error 0.001883
min error     0.000000
max error     0.248233



epoch [3 0] from [10 5]
training time per iterations 1.226474[ms]
testing on 20000 items
testing done
average error 0.001775
min error     0.000000
max error     0.225593
saving best net
best net saved to networks/disc40x20x3_no_gaussian_window_size_4/net_4/trained/, with error 0.001775



epoch [3 1] from [10 5]
training time per iterations 1.226878[ms]
testing on 20000 items
testing done
average error 0.001919
min error     0.000000
max error     0.238022



epoch [3 2] from [10 5]
training time per iterations 1.225153[ms]
testing on 20000 items
testing done
average error 0.001823
min error     0.000000
max error     0.232144



epoch [3 3] from [10 5]
training time per iterations 1.225112[ms]
testing on 20000 items
testing done
average error 0.001804
min error     0.000000
max error     0.238174



epoch [3 4] from [10 5]
training time per iterations 1.224555[ms]
testing on 20000 items
testing done
average error 0.001936
min error     0.000000
max error     0.251111



epoch [4 0] from [10 5]
training time per iterations 1.224500[ms]
testing on 20000 items
testing done
average error 0.001948
min error     0.000000
max error     0.221686



epoch [4 1] from [10 5]
training time per iterations 1.225153[ms]
testing on 20000 items
testing done
average error 0.001856
min error     0.000000
max error     0.239999



epoch [4 2] from [10 5]
training time per iterations 1.226474[ms]
testing on 20000 items
testing done
average error 0.001816
min error     0.000000
max error     0.237144



epoch [4 3] from [10 5]
training time per iterations 1.225112[ms]
testing on 20000 items
testing done
average error 0.001903
min error     0.000000
max error     0.239394



epoch [4 4] from [10 5]
training time per iterations 1.224639[ms]
testing on 20000 items
testing done
average error 0.001797
min error     0.000000
max error     0.237581



epoch [5 0] from [10 5]
training time per iterations 1.223651[ms]
testing on 20000 items
testing done
average error 0.001767
min error     0.000000
max error     0.207508
saving best net
best net saved to networks/disc40x20x3_no_gaussian_window_size_4/net_4/trained/, with error 0.001767



epoch [5 1] from [10 5]
training time per iterations 1.224861[ms]
testing on 20000 items
testing done
average error 0.001684
min error     0.000000
max error     0.219068
saving best net
best net saved to networks/disc40x20x3_no_gaussian_window_size_4/net_4/trained/, with error 0.001684



epoch [5 2] from [10 5]
training time per iterations 1.223554[ms]
testing on 20000 items
testing done
average error 0.001760
min error     0.000000
max error     0.231217



epoch [5 3] from [10 5]
training time per iterations 1.226753[ms]
testing on 20000 items
testing done
average error 0.001871
min error     0.000000
max error     0.234749



epoch [5 4] from [10 5]
training time per iterations 1.225265[ms]
testing on 20000 items
testing done
average error 0.001737
min error     0.000000
max error     0.227511



epoch [6 0] from [10 5]
training time per iterations 1.225988[ms]
testing on 20000 items
testing done
average error 0.001787
min error     0.000000
max error     0.228164



epoch [6 1] from [10 5]
training time per iterations 1.222219[ms]
testing on 20000 items
testing done
average error 0.001822
min error     0.000000
max error     0.199006



epoch [6 2] from [10 5]
training time per iterations 1.224416[ms]
testing on 20000 items
testing done
average error 0.001762
min error     0.000000
max error     0.218447



epoch [6 3] from [10 5]
training time per iterations 1.222775[ms]
testing on 20000 items
testing done
average error 0.001724
min error     0.000000
max error     0.206665



epoch [6 4] from [10 5]
training time per iterations 1.226641[ms]
testing on 20000 items
testing done
average error 0.001768
min error     0.000000
max error     0.211714



epoch [7 0] from [10 5]
training time per iterations 1.224361[ms]
testing on 20000 items
testing done
average error 0.001869
min error     0.000000
max error     0.221847



epoch [7 1] from [10 5]
training time per iterations 1.228074[ms]
testing on 20000 items
testing done
average error 0.001820
min error     0.000000
max error     0.220600



epoch [7 2] from [10 5]
training time per iterations 1.227740[ms]
testing on 20000 items
testing done
average error 0.001716
min error     0.000000
max error     0.200186



epoch [7 3] from [10 5]
training time per iterations 1.226280[ms]
testing on 20000 items
testing done
average error 0.001742
min error     0.000000
max error     0.201984



epoch [7 4] from [10 5]
training time per iterations 1.224917[ms]
testing on 20000 items
testing done
average error 0.001838
min error     0.000000
max error     0.219547
setting learning rate to 0.000050



epoch [8 0] from [10 5]
training time per iterations 1.226141[ms]
testing on 20000 items
testing done
average error 0.001781
min error     0.000000
max error     0.209685



epoch [8 1] from [10 5]
training time per iterations 1.226043[ms]
testing on 20000 items
testing done
average error 0.001709
min error     0.000000
max error     0.212068



epoch [8 2] from [10 5]
training time per iterations 1.224861[ms]
testing on 20000 items
testing done
average error 0.001810
min error     0.000000
max error     0.215040



epoch [8 3] from [10 5]
training time per iterations 1.228574[ms]
testing on 20000 items
testing done
average error 0.001815
min error     0.000000
max error     0.221378



epoch [8 4] from [10 5]
training time per iterations 1.231342[ms]
testing on 20000 items
testing done
average error 0.001784
min error     0.000000
max error     0.218919



epoch [9 0] from [10 5]
training time per iterations 1.224486[ms]
testing on 20000 items
testing done
average error 0.001724
min error     0.000000
max error     0.215404



epoch [9 1] from [10 5]
training time per iterations 1.228685[ms]
testing on 20000 items
testing done
average error 0.001787
min error     0.000000
max error     0.220232



epoch [9 2] from [10 5]
training time per iterations 1.227573[ms]
testing on 20000 items
testing done
average error 0.001768
min error     0.000000
max error     0.219594



epoch [9 3] from [10 5]
training time per iterations 1.227058[ms]
testing on 20000 items
testing done
average error 0.001809
min error     0.000000
max error     0.213910



epoch [9 4] from [10 5]
training time per iterations 1.226085[ms]
testing on 20000 items
testing done
average error 0.001876
min error     0.000000
max error     0.216447
training done
