0.000000 0 0 0.002079 0.000000 0.263983 0.002048 0.000000 0.174554
0.200000 0 1 0.001978 0.000000 0.226575 0.001971 0.000000 0.164554
0.400000 0 2 0.001889 0.000000 0.237790 0.001863 0.000000 0.158974
0.600000 0 3 0.002027 0.000000 0.247322 0.002034 0.000000 0.166919
0.800000 0 4 0.001831 0.000000 0.223576 0.001816 0.000000 0.235334
1.000000 1 0 0.001868 0.000000 0.228104 0.001873 0.000000 0.163463
1.200000 1 1 0.001900 0.000000 0.222085 0.001902 0.000000 0.218758
1.400000 1 2 0.002060 0.000000 0.242307 0.002100 0.000000 0.253615
1.600000 1 3 0.001949 0.000000 0.232737 0.001924 0.000000 0.228041
1.800000 1 4 0.002016 0.000000 0.231043 0.002044 0.000000 0.200951
2.000000 2 0 0.001844 0.000000 0.245097 0.001833 0.000000 0.146233
2.200000 2 1 0.001871 0.000000 0.235282 0.001829 0.000000 0.232018
2.400000 2 2 0.002047 0.000000 0.267551 0.002004 0.000000 0.267551
2.600000 2 3 0.001937 0.000000 0.243131 0.001897 0.000000 0.161872
2.800000 2 4 0.001883 0.000000 0.248233 0.001856 0.000000 0.199891
3.000000 3 0 0.001775 0.000000 0.225593 0.001762 0.000000 0.162937
3.200000 3 1 0.001919 0.000000 0.238022 0.001890 0.000000 0.162860
3.400000 3 2 0.001823 0.000000 0.232144 0.001810 0.000000 0.220504
3.600000 3 3 0.001804 0.000000 0.238174 0.001789 0.000000 0.169068
3.800000 3 4 0.001936 0.000000 0.251111 0.001905 0.000000 0.225514
4.000000 4 0 0.001948 0.000000 0.221686 0.001917 0.000000 0.209959
4.200000 4 1 0.001856 0.000000 0.239999 0.001875 0.000000 0.193849
4.400000 4 2 0.001816 0.000000 0.237144 0.001809 0.000000 0.237144
4.600000 4 3 0.001903 0.000000 0.239394 0.001878 0.000000 0.162998
4.800000 4 4 0.001797 0.000000 0.237581 0.001762 0.000000 0.186305
5.000000 5 0 0.001767 0.000000 0.207508 0.001748 0.000000 0.248902
5.200000 5 1 0.001684 0.000000 0.219068 0.001703 0.000000 0.208568
5.400000 5 2 0.001760 0.000000 0.231217 0.001700 0.000000 0.220007
5.600000 5 3 0.001871 0.000000 0.234749 0.001858 0.000000 0.228039
5.800000 5 4 0.001737 0.000000 0.227511 0.001731 0.000000 0.240859
6.000000 6 0 0.001787 0.000000 0.228164 0.001775 0.000000 0.232132
6.200000 6 1 0.001822 0.000000 0.199006 0.001793 0.000000 0.171498
6.400000 6 2 0.001762 0.000000 0.218447 0.001743 0.000000 0.174356
6.600000 6 3 0.001724 0.000000 0.206665 0.001742 0.000000 0.184150
6.800000 6 4 0.001768 0.000000 0.211714 0.001774 0.000000 0.182401
7.000000 7 0 0.001869 0.000000 0.221847 0.001869 0.000000 0.173223
7.200000 7 1 0.001820 0.000000 0.220600 0.001782 0.000000 0.163782
7.400000 7 2 0.001716 0.000000 0.200186 0.001706 0.000000 0.238301
7.600000 7 3 0.001742 0.000000 0.201984 0.001722 0.000000 0.165413
7.800000 7 4 0.001838 0.000000 0.219547 0.001836 0.000000 0.215025
8.000000 8 0 0.001781 0.000000 0.209685 0.001754 0.000000 0.245919
8.200000 8 1 0.001709 0.000000 0.212068 0.001680 0.000000 0.164995
8.400000 8 2 0.001810 0.000000 0.215040 0.001745 0.000000 0.163397
8.600000 8 3 0.001815 0.000000 0.221378 0.001815 0.000000 0.229146
8.800000 8 4 0.001784 0.000000 0.218919 0.001734 0.000000 0.156175
9.000000 9 0 0.001724 0.000000 0.215404 0.001663 0.000000 0.154204
9.200000 9 1 0.001787 0.000000 0.220232 0.001779 0.000000 0.235094
9.400000 9 2 0.001768 0.000000 0.219594 0.001754 0.000000 0.215033
9.600000 9 3 0.001809 0.000000 0.213910 0.001796 0.000000 0.203100
9.800000 9 4 0.001876 0.000000 0.216447 0.001829 0.000000 0.212548
