0.000000 0 0 0.005109 0.000000 0.185200 0.005019 0.000000 0.238174
0.200000 0 1 0.003812 0.000000 0.175249 0.003758 0.000000 0.170343
0.400000 0 2 0.003286 0.000000 0.163937 0.003215 0.000000 0.163937
0.600000 0 3 0.002827 0.000000 0.171047 0.002822 0.000000 0.233550
0.800000 0 4 0.002762 0.000000 0.172474 0.002734 0.000000 0.161072
1.000000 1 0 0.002546 0.000000 0.186967 0.002579 0.000000 0.241532
1.200000 1 1 0.002360 0.000000 0.172207 0.002352 0.000000 0.227629
1.400000 1 2 0.002338 0.000000 0.187080 0.002331 0.000000 0.238965
1.600000 1 3 0.002250 0.000000 0.181682 0.002216 0.000000 0.152796
1.800000 1 4 0.002219 0.000000 0.181871 0.002206 0.000000 0.158432
2.000000 2 0 0.002200 0.000000 0.187608 0.002170 0.000000 0.180034
2.200000 2 1 0.002194 0.000000 0.179319 0.002206 0.000000 0.248657
2.400000 2 2 0.002142 0.000000 0.182657 0.002181 0.000000 0.179654
2.600000 2 3 0.002169 0.000000 0.186304 0.002174 0.000000 0.224394
2.800000 2 4 0.002104 0.000000 0.184183 0.002100 0.000000 0.152997
3.000000 3 0 0.002005 0.000000 0.179332 0.001956 0.000000 0.255793
3.200000 3 1 0.002046 0.000000 0.181136 0.002030 0.000000 0.157687
3.400000 3 2 0.002017 0.000000 0.184596 0.002006 0.000000 0.154373
3.600000 3 3 0.001977 0.000000 0.180203 0.001956 0.000000 0.160167
3.800000 3 4 0.001917 0.000000 0.180367 0.001897 0.000000 0.162954
4.000000 4 0 0.002027 0.000000 0.175494 0.001976 0.000000 0.161763
4.200000 4 1 0.002037 0.000000 0.172038 0.002035 0.000000 0.242784
4.400000 4 2 0.001968 0.000000 0.196646 0.001916 0.000000 0.146008
4.600000 4 3 0.001873 0.000000 0.182732 0.001848 0.000000 0.231579
4.800000 4 4 0.001917 0.000000 0.176229 0.001879 0.000000 0.168128
5.000000 5 0 0.001938 0.000000 0.186217 0.001886 0.000000 0.231265
5.200000 5 1 0.001953 0.000000 0.190939 0.001964 0.000000 0.157351
5.400000 5 2 0.001967 0.000000 0.184742 0.001947 0.000000 0.228996
5.600000 5 3 0.001857 0.000000 0.181992 0.001829 0.000000 0.162878
5.800000 5 4 0.001894 0.000000 0.191212 0.001867 0.000000 0.165747
6.000000 6 0 0.001886 0.000000 0.183027 0.001910 0.000000 0.196714
6.200000 6 1 0.001821 0.000000 0.175164 0.001803 0.000000 0.165573
6.400000 6 2 0.001946 0.000000 0.173771 0.001959 0.000000 0.145477
6.600000 6 3 0.001977 0.000000 0.190000 0.001904 0.000000 0.150002
6.800000 6 4 0.001864 0.000000 0.172601 0.001848 0.000000 0.168709
7.000000 7 0 0.002056 0.000000 0.183886 0.002026 0.000000 0.241759
7.200000 7 1 0.001981 0.000000 0.175157 0.001980 0.000000 0.141971
7.400000 7 2 0.001867 0.000000 0.184681 0.001852 0.000000 0.238906
7.600000 7 3 0.001839 0.000000 0.185186 0.001840 0.000000 0.244926
7.800000 7 4 0.001883 0.000000 0.173922 0.001873 0.000000 0.223729
8.000000 8 0 0.001829 0.000000 0.180742 0.001802 0.000000 0.161803
8.200000 8 1 0.001809 0.000000 0.183995 0.001821 0.000000 0.159259
8.400000 8 2 0.001762 0.000000 0.186008 0.001764 0.000000 0.243940
8.600000 8 3 0.001798 0.000000 0.190130 0.001771 0.000000 0.198810
8.800000 8 4 0.001808 0.000000 0.189197 0.001768 0.000000 0.229892
9.000000 9 0 0.001828 0.000000 0.194100 0.001820 0.000000 0.157906
9.200000 9 1 0.001767 0.000000 0.191796 0.001737 0.000000 0.200122
9.400000 9 2 0.001801 0.000000 0.186428 0.001791 0.000000 0.235609
9.600000 9 3 0.001795 0.000000 0.184080 0.001801 0.000000 0.189816
9.800000 9 4 0.001780 0.000000 0.181534 0.001760 0.000000 0.153985
