0 -0.456111 1 0.000050
1 -0.448039 0 0.000000
2 -0.439968 0 0.000000
3 -0.431896 0 0.000000
4 -0.423824 0 0.000000
5 -0.415752 0 0.000000
6 -0.407681 0 0.000000
7 -0.399609 0 0.000000
8 -0.391537 0 0.000000
9 -0.383465 0 0.000000
10 -0.375394 1 0.000050
11 -0.367322 0 0.000000
12 -0.359250 0 0.000000
13 -0.351178 0 0.000000
14 -0.343107 0 0.000000
15 -0.335035 0 0.000000
16 -0.326963 0 0.000000
17 -0.318891 1 0.000050
18 -0.310820 0 0.000000
19 -0.302748 1 0.000050
20 -0.294676 5 0.000250
21 -0.286604 4 0.000200
22 -0.278533 7 0.000350
23 -0.270461 7 0.000350
24 -0.262389 3 0.000150
25 -0.254317 4 0.000200
26 -0.246246 0 0.000000
27 -0.238174 0 0.000000
28 -0.230102 2 0.000100
29 -0.222030 3 0.000150
30 -0.213959 7 0.000350
31 -0.205887 2 0.000100
32 -0.197815 15 0.000750
33 -0.189743 32 0.001600
34 -0.181672 41 0.002050
35 -0.173600 67 0.003350
36 -0.165528 88 0.004400
37 -0.157456 91 0.004550
38 -0.149385 164 0.008200
39 -0.141313 173 0.008650
40 -0.133241 245 0.012250
41 -0.125169 178 0.008900
42 -0.117098 154 0.007700
43 -0.109026 204 0.010200
44 -0.100954 235 0.011750
45 -0.092882 398 0.019900
46 -0.084811 547 0.027350
47 -0.076739 596 0.029800
48 -0.068667 474 0.023700
49 -0.060595 405 0.020250
50 -0.052524 493 0.024650
51 -0.044452 647 0.032350
52 -0.036380 721 0.036050
53 -0.028308 694 0.034700
54 -0.020237 1014 0.050700
55 -0.012165 3172 0.158600
56 -0.004093 1843 0.092150
57 0.003978 800 0.040000
58 0.012050 664 0.033200
59 0.020122 874 0.043700
60 0.028194 614 0.030700
61 0.036265 494 0.024700
62 0.044337 426 0.021300
63 0.052409 469 0.023450
64 0.060481 434 0.021700
65 0.068552 386 0.019300
66 0.076624 251 0.012550
67 0.084696 237 0.011850
68 0.092768 169 0.008450
69 0.100839 207 0.010350
70 0.108911 229 0.011450
71 0.116983 233 0.011650
72 0.125055 204 0.010200
73 0.133126 138 0.006900
74 0.141198 92 0.004600
75 0.149270 81 0.004050
76 0.157342 72 0.003600
77 0.165413 71 0.003550
78 0.173485 32 0.001600
79 0.181557 23 0.001150
80 0.189629 9 0.000450
81 0.197700 5 0.000250
82 0.205772 12 0.000600
83 0.213844 8 0.000400
84 0.221916 5 0.000250
85 0.229987 5 0.000250
86 0.238059 1 0.000050
87 0.246131 4 0.000200
88 0.254203 0 0.000000
89 0.262274 2 0.000100
90 0.270346 2 0.000100
91 0.278418 0 0.000000
92 0.286490 0 0.000000
93 0.294561 1 0.000050
94 0.302633 1 0.000050
95 0.310705 4 0.000200
96 0.318777 0 0.000000
97 0.326848 0 0.000000
98 0.334920 1 0.000050
99 0.342992 1 0.000050
