0 -0.089415 1 0.000050
1 -0.087639 0 0.000000
2 -0.085862 1 0.000050
3 -0.084086 0 0.000000
4 -0.082309 0 0.000000
5 -0.080532 1 0.000050
6 -0.078756 0 0.000000
7 -0.076979 0 0.000000
8 -0.075203 6 0.000300
9 -0.073426 0 0.000000
10 -0.071650 0 0.000000
11 -0.069873 3 0.000150
12 -0.068097 1 0.000050
13 -0.066320 2 0.000100
14 -0.064543 0 0.000000
15 -0.062767 1 0.000050
16 -0.060990 1 0.000050
17 -0.059214 0 0.000000
18 -0.057437 4 0.000200
19 -0.055661 8 0.000400
20 -0.053884 4 0.000200
21 -0.052107 2 0.000100
22 -0.050331 3 0.000150
23 -0.048554 5 0.000250
24 -0.046778 5 0.000250
25 -0.045001 4 0.000200
26 -0.043225 13 0.000650
27 -0.041448 10 0.000500
28 -0.039671 10 0.000500
29 -0.037895 17 0.000850
30 -0.036118 24 0.001200
31 -0.034342 27 0.001350
32 -0.032565 23 0.001150
33 -0.030789 48 0.002400
34 -0.029012 35 0.001750
35 -0.027235 67 0.003350
36 -0.025459 112 0.005600
37 -0.023682 118 0.005900
38 -0.021906 121 0.006050
39 -0.020129 139 0.006950
40 -0.018353 266 0.013300
41 -0.016576 324 0.016200
42 -0.014799 494 0.024700
43 -0.013023 884 0.044200
44 -0.011246 1716 0.085800
45 -0.009470 3326 0.166300
46 -0.007693 4293 0.214650
47 -0.005917 3137 0.156850
48 -0.004140 1553 0.077650
49 -0.002363 865 0.043250
50 -0.000587 490 0.024500
51 0.001190 454 0.022700
52 0.002966 310 0.015500
53 0.004743 233 0.011650
54 0.006519 136 0.006800
55 0.008296 102 0.005100
56 0.010072 68 0.003400
57 0.011849 96 0.004800
58 0.013626 50 0.002500
59 0.015402 59 0.002950
60 0.017179 47 0.002350
61 0.018955 40 0.002000
62 0.020732 35 0.001750
63 0.022508 22 0.001100
64 0.024285 29 0.001450
65 0.026062 15 0.000750
66 0.027838 16 0.000800
67 0.029615 12 0.000600
68 0.031391 13 0.000650
69 0.033168 14 0.000700
70 0.034944 10 0.000500
71 0.036721 10 0.000500
72 0.038498 8 0.000400
73 0.040274 3 0.000150
74 0.042051 11 0.000550
75 0.043827 3 0.000150
76 0.045604 5 0.000250
77 0.047380 6 0.000300
78 0.049157 9 0.000450
79 0.050934 5 0.000250
80 0.052710 5 0.000250
81 0.054487 0 0.000000
82 0.056263 0 0.000000
83 0.058040 2 0.000100
84 0.059816 1 0.000050
85 0.061593 0 0.000000
86 0.063370 0 0.000000
87 0.065146 0 0.000000
88 0.066923 0 0.000000
89 0.068699 0 0.000000
90 0.070476 0 0.000000
91 0.072252 1 0.000050
92 0.074029 1 0.000050
93 0.075806 0 0.000000
94 0.077582 0 0.000000
95 0.079359 2 0.000100
96 0.081135 1 0.000050
97 0.082912 0 0.000000
98 0.084688 1 0.000050
99 0.086465 1 0.000050
