0 -0.456111 1 0.000017
1 -0.448039 0 0.000000
2 -0.439968 0 0.000000
3 -0.431896 0 0.000000
4 -0.423824 0 0.000000
5 -0.415752 0 0.000000
6 -0.407681 0 0.000000
7 -0.399609 0 0.000000
8 -0.391537 0 0.000000
9 -0.383465 0 0.000000
10 -0.375394 1 0.000017
11 -0.367322 0 0.000000
12 -0.359250 0 0.000000
13 -0.351178 0 0.000000
14 -0.343107 0 0.000000
15 -0.335035 0 0.000000
16 -0.326963 0 0.000000
17 -0.318891 1 0.000017
18 -0.310820 0 0.000000
19 -0.302748 1 0.000017
20 -0.294676 5 0.000083
21 -0.286604 4 0.000067
22 -0.278533 7 0.000117
23 -0.270461 7 0.000117
24 -0.262389 3 0.000050
25 -0.254317 4 0.000067
26 -0.246246 0 0.000000
27 -0.238174 0 0.000000
28 -0.230102 2 0.000033
29 -0.222030 3 0.000050
30 -0.213959 7 0.000117
31 -0.205887 2 0.000033
32 -0.197815 15 0.000250
33 -0.189743 32 0.000533
34 -0.181672 41 0.000683
35 -0.173600 67 0.001117
36 -0.165528 88 0.001467
37 -0.157456 91 0.001517
38 -0.149385 164 0.002733
39 -0.141313 173 0.002883
40 -0.133241 247 0.004117
41 -0.125169 181 0.003017
42 -0.117098 156 0.002600
43 -0.109026 207 0.003450
44 -0.100954 235 0.003917
45 -0.092882 403 0.006717
46 -0.084811 550 0.009167
47 -0.076739 606 0.010100
48 -0.068667 484 0.008067
49 -0.060595 426 0.007100
50 -0.052524 530 0.008833
51 -0.044452 729 0.012150
52 -0.036380 977 0.016283
53 -0.028308 1450 0.024167
54 -0.020237 4410 0.073500
55 -0.012165 24314 0.405233
56 -0.004093 13455 0.224250
57 0.003978 2543 0.042383
58 0.012050 1166 0.019433
59 0.020122 1066 0.017767
60 0.028194 692 0.011533
61 0.036265 541 0.009017
62 0.044337 462 0.007700
63 0.052409 482 0.008033
64 0.060481 443 0.007383
65 0.068552 391 0.006517
66 0.076624 256 0.004267
67 0.084696 243 0.004050
68 0.092768 171 0.002850
69 0.100839 209 0.003483
70 0.108911 232 0.003867
71 0.116983 236 0.003933
72 0.125055 209 0.003483
73 0.133126 142 0.002367
74 0.141198 97 0.001617
75 0.149270 81 0.001350
76 0.157342 72 0.001200
77 0.165413 71 0.001183
78 0.173485 32 0.000533
79 0.181557 23 0.000383
80 0.189629 9 0.000150
81 0.197700 5 0.000083
82 0.205772 12 0.000200
83 0.213844 8 0.000133
84 0.221916 5 0.000083
85 0.229987 5 0.000083
86 0.238059 1 0.000017
87 0.246131 4 0.000067
88 0.254203 0 0.000000
89 0.262274 2 0.000033
90 0.270346 2 0.000033
91 0.278418 0 0.000000
92 0.286490 0 0.000000
93 0.294561 1 0.000017
94 0.302633 1 0.000017
95 0.310705 4 0.000067
96 0.318777 0 0.000000
97 0.326848 0 0.000000
98 0.334920 1 0.000017
99 0.342992 1 0.000017
