0 -0.130390 1 0.000050
1 -0.127591 1 0.000050
2 -0.124793 0 0.000000
3 -0.121995 3 0.000150
4 -0.119196 0 0.000000
5 -0.116398 0 0.000000
6 -0.113600 1 0.000050
7 -0.110801 1 0.000050
8 -0.108003 1 0.000050
9 -0.105205 1 0.000050
10 -0.102406 1 0.000050
11 -0.099608 0 0.000000
12 -0.096810 0 0.000000
13 -0.094011 1 0.000050
14 -0.091213 1 0.000050
15 -0.088415 1 0.000050
16 -0.085616 0 0.000000
17 -0.082818 0 0.000000
18 -0.080019 2 0.000100
19 -0.077221 1 0.000050
20 -0.074423 1 0.000050
21 -0.071624 1 0.000050
22 -0.068826 0 0.000000
23 -0.066028 0 0.000000
24 -0.063229 4 0.000200
25 -0.060431 2 0.000100
26 -0.057633 2 0.000100
27 -0.054834 1 0.000050
28 -0.052036 0 0.000000
29 -0.049238 8 0.000400
30 -0.046439 13 0.000650
31 -0.043641 9 0.000450
32 -0.040843 10 0.000500
33 -0.038044 25 0.001250
34 -0.035246 33 0.001650
35 -0.032448 37 0.001850
36 -0.029649 62 0.003100
37 -0.026851 98 0.004900
38 -0.024053 129 0.006450
39 -0.021254 254 0.012700
40 -0.018456 475 0.023750
41 -0.015657 869 0.043450
42 -0.012859 1292 0.064600
43 -0.010061 2281 0.114050
44 -0.007262 4123 0.206150
45 -0.004464 4835 0.241750
46 -0.001666 2682 0.134100
47 0.001133 1241 0.062050
48 0.003931 643 0.032150
49 0.006729 310 0.015500
50 0.009528 165 0.008250
51 0.012326 124 0.006200
52 0.015124 64 0.003200
53 0.017923 35 0.001750
54 0.020721 41 0.002050
55 0.023519 19 0.000950
56 0.026318 14 0.000700
57 0.029116 5 0.000250
58 0.031914 8 0.000400
59 0.034713 1 0.000050
60 0.037511 7 0.000350
61 0.040310 4 0.000200
62 0.043108 6 0.000300
63 0.045906 1 0.000050
64 0.048705 1 0.000050
65 0.051503 6 0.000300
66 0.054301 0 0.000000
67 0.057100 2 0.000100
68 0.059898 1 0.000050
69 0.062696 3 0.000150
70 0.065495 4 0.000200
71 0.068293 1 0.000050
72 0.071091 1 0.000050
73 0.073890 1 0.000050
74 0.076688 0 0.000000
75 0.079486 1 0.000050
76 0.082285 1 0.000050
77 0.085083 2 0.000100
78 0.087881 0 0.000000
79 0.090680 2 0.000100
80 0.093478 0 0.000000
81 0.096276 0 0.000000
82 0.099075 2 0.000100
83 0.101873 1 0.000050
84 0.104672 1 0.000050
85 0.107470 1 0.000050
86 0.110268 1 0.000050
87 0.113067 1 0.000050
88 0.115865 0 0.000000
89 0.118663 1 0.000050
90 0.121462 1 0.000050
91 0.124260 2 0.000100
92 0.127058 0 0.000000
93 0.129857 4 0.000200
94 0.132655 4 0.000200
95 0.135453 0 0.000000
96 0.138252 0 0.000000
97 0.141050 1 0.000050
98 0.143848 3 0.000150
99 0.146647 1 0.000050
