0 0.000000 51538 0.858967
1 0.002101 2194 0.036567
2 0.004203 1710 0.028500
3 0.006304 1084 0.018067
4 0.008406 590 0.009833
5 0.010507 495 0.008250
6 0.012608 445 0.007417
7 0.014710 443 0.007383
8 0.016811 408 0.006800
9 0.018912 240 0.004000
10 0.021014 201 0.003350
11 0.023115 134 0.002233
12 0.025217 122 0.002033
13 0.027318 119 0.001983
14 0.029419 74 0.001233
15 0.031521 40 0.000667
16 0.033622 36 0.000600
17 0.035724 21 0.000350
18 0.037825 9 0.000150
19 0.039926 3 0.000050
20 0.042028 11 0.000183
21 0.044129 11 0.000183
22 0.046231 8 0.000133
23 0.048332 2 0.000033
24 0.050433 6 0.000100
25 0.052535 0 0.000000
26 0.054636 5 0.000083
27 0.056737 0 0.000000
28 0.058839 2 0.000033
29 0.060940 6 0.000100
30 0.063042 1 0.000017
31 0.065143 2 0.000033
32 0.067244 2 0.000033
33 0.069346 4 0.000067
34 0.071447 4 0.000067
35 0.073549 7 0.000117
36 0.075650 2 0.000033
37 0.077751 0 0.000000
38 0.079853 4 0.000067
39 0.081954 3 0.000050
40 0.084056 1 0.000017
41 0.086157 3 0.000050
42 0.088258 0 0.000000
43 0.090360 0 0.000000
44 0.092461 1 0.000017
45 0.094562 0 0.000000
46 0.096664 2 0.000033
47 0.098765 2 0.000033
48 0.100867 1 0.000017
49 0.102968 0 0.000000
50 0.105069 0 0.000000
51 0.107171 0 0.000000
52 0.109272 0 0.000000
53 0.111374 1 0.000017
54 0.113475 0 0.000000
55 0.115576 1 0.000017
56 0.117678 0 0.000000
57 0.119779 0 0.000000
58 0.121880 0 0.000000
59 0.123982 0 0.000000
60 0.126083 0 0.000000
61 0.128185 0 0.000000
62 0.130286 0 0.000000
63 0.132387 0 0.000000
64 0.134489 1 0.000017
65 0.136590 0 0.000000
66 0.138692 0 0.000000
67 0.140793 0 0.000000
68 0.142894 0 0.000000
69 0.144996 0 0.000000
70 0.147097 0 0.000000
71 0.149199 0 0.000000
72 0.151300 0 0.000000
73 0.153401 0 0.000000
74 0.155503 0 0.000000
75 0.157604 0 0.000000
76 0.159705 0 0.000000
77 0.161807 0 0.000000
78 0.163908 0 0.000000
79 0.166010 0 0.000000
80 0.168111 0 0.000000
81 0.170212 0 0.000000
82 0.172314 0 0.000000
83 0.174415 0 0.000000
84 0.176517 0 0.000000
85 0.178618 0 0.000000
86 0.180719 0 0.000000
87 0.182821 0 0.000000
88 0.184922 0 0.000000
89 0.187024 0 0.000000
90 0.189125 0 0.000000
91 0.191226 0 0.000000
92 0.193328 0 0.000000
93 0.195429 0 0.000000
94 0.197530 0 0.000000
95 0.199632 0 0.000000
96 0.201733 0 0.000000
97 0.203835 0 0.000000
98 0.205936 0 0.000000
99 0.208037 1 0.000017
