0 0.011722 2 0.000100
1 0.021475 6 0.000300
2 0.031229 11 0.000550
3 0.040983 3 0.000150
4 0.050736 13 0.000650
5 0.060490 4 0.000200
6 0.070244 11 0.000550
7 0.079997 8 0.000400
8 0.089751 9 0.000450
9 0.099505 2 0.000100
10 0.109258 7 0.000350
11 0.119012 10 0.000500
12 0.128766 10 0.000500
13 0.138519 13 0.000650
14 0.148273 8 0.000400
15 0.158027 17 0.000850
16 0.167780 10 0.000500
17 0.177534 20 0.001000
18 0.187288 14 0.000700
19 0.197041 14 0.000700
20 0.206795 33 0.001650
21 0.216549 34 0.001700
22 0.226302 38 0.001900
23 0.236056 26 0.001300
24 0.245810 23 0.001150
25 0.255563 25 0.001250
26 0.265317 36 0.001800
27 0.275071 54 0.002700
28 0.284824 61 0.003050
29 0.294578 61 0.003050
30 0.304332 73 0.003650
31 0.314085 83 0.004150
32 0.323839 89 0.004450
33 0.333593 75 0.003750
34 0.343346 84 0.004200
35 0.353100 77 0.003850
36 0.362854 145 0.007250
37 0.372607 101 0.005050
38 0.382361 149 0.007450
39 0.392115 198 0.009900
40 0.401868 224 0.011200
41 0.411622 272 0.013600
42 0.421376 265 0.013250
43 0.431129 330 0.016500
44 0.440883 368 0.018400
45 0.450637 541 0.027050
46 0.460390 706 0.035300
47 0.470144 959 0.047950
48 0.479898 1572 0.078600
49 0.489651 2964 0.148200
50 0.499405 2873 0.143650
51 0.509159 1674 0.083700
52 0.518912 1026 0.051300
53 0.528666 686 0.034300
54 0.538420 542 0.027100
55 0.548173 416 0.020800
56 0.557927 338 0.016900
57 0.567681 339 0.016950
58 0.577434 285 0.014250
59 0.587188 217 0.010850
60 0.596942 158 0.007900
61 0.606695 175 0.008750
62 0.616449 144 0.007200
63 0.626203 115 0.005750
64 0.635956 108 0.005400
65 0.645710 103 0.005150
66 0.655464 101 0.005050
67 0.665217 94 0.004700
68 0.674971 96 0.004800
69 0.684725 74 0.003700
70 0.694478 43 0.002150
71 0.704232 50 0.002500
72 0.713986 47 0.002350
73 0.723739 43 0.002150
74 0.733493 26 0.001300
75 0.743247 29 0.001450
76 0.753000 25 0.001250
77 0.762754 31 0.001550
78 0.772508 35 0.001750
79 0.782261 26 0.001300
80 0.792015 23 0.001150
81 0.801769 15 0.000750
82 0.811522 24 0.001200
83 0.821276 16 0.000800
84 0.831030 16 0.000800
85 0.840783 14 0.000700
86 0.850537 13 0.000650
87 0.860291 14 0.000700
88 0.870044 10 0.000500
89 0.879798 5 0.000250
90 0.889552 10 0.000500
91 0.899305 9 0.000450
92 0.909059 11 0.000550
93 0.918813 9 0.000450
94 0.928566 12 0.000600
95 0.938320 8 0.000400
96 0.948074 3 0.000150
97 0.957827 5 0.000250
98 0.967581 4 0.000200
99 0.977335 2 0.000100
