0 0.021556 3 0.000150
1 0.031195 8 0.000400
2 0.040834 5 0.000250
3 0.050473 2 0.000100
4 0.060112 14 0.000700
5 0.069751 3 0.000150
6 0.079390 4 0.000200
7 0.089028 13 0.000650
8 0.098667 11 0.000550
9 0.108306 17 0.000850
10 0.117945 8 0.000400
11 0.127584 8 0.000400
12 0.137223 11 0.000550
13 0.146862 15 0.000750
14 0.156501 10 0.000500
15 0.166140 16 0.000800
16 0.175778 15 0.000750
17 0.185417 31 0.001550
18 0.195056 15 0.000750
19 0.204695 24 0.001200
20 0.214334 20 0.001000
21 0.223973 33 0.001650
22 0.233612 31 0.001550
23 0.243251 26 0.001300
24 0.252889 36 0.001800
25 0.262528 42 0.002100
26 0.272167 37 0.001850
27 0.281806 53 0.002650
28 0.291445 49 0.002450
29 0.301084 70 0.003500
30 0.310723 56 0.002800
31 0.320362 84 0.004200
32 0.330000 89 0.004450
33 0.339639 88 0.004400
34 0.349278 83 0.004150
35 0.358917 93 0.004650
36 0.368556 112 0.005600
37 0.378195 123 0.006150
38 0.387834 173 0.008650
39 0.397473 155 0.007750
40 0.407112 218 0.010900
41 0.416750 237 0.011850
42 0.426389 268 0.013400
43 0.436028 353 0.017650
44 0.445667 338 0.016900
45 0.455306 496 0.024800
46 0.464945 645 0.032250
47 0.474584 825 0.041250
48 0.484223 1339 0.066950
49 0.493861 2483 0.124150
50 0.503500 3170 0.158500
51 0.513139 1858 0.092900
52 0.522778 1189 0.059450
53 0.532417 769 0.038450
54 0.542056 583 0.029150
55 0.551695 413 0.020650
56 0.561334 410 0.020500
57 0.570973 360 0.018000
58 0.580611 300 0.015000
59 0.590250 205 0.010250
60 0.599889 181 0.009050
61 0.609528 178 0.008900
62 0.619167 130 0.006500
63 0.628806 122 0.006100
64 0.638445 151 0.007550
65 0.648084 80 0.004000
66 0.657722 100 0.005000
67 0.667361 97 0.004850
68 0.677000 110 0.005500
69 0.686639 69 0.003450
70 0.696278 58 0.002900
71 0.705917 52 0.002600
72 0.715556 43 0.002150
73 0.725195 53 0.002650
74 0.734833 38 0.001900
75 0.744472 22 0.001100
76 0.754111 27 0.001350
77 0.763750 27 0.001350
78 0.773389 23 0.001150
79 0.783028 34 0.001700
80 0.792667 35 0.001750
81 0.802306 15 0.000750
82 0.811944 27 0.001350
83 0.821583 18 0.000900
84 0.831222 18 0.000900
85 0.840861 16 0.000800
86 0.850500 12 0.000600
87 0.860139 11 0.000550
88 0.869778 14 0.000700
89 0.879417 10 0.000500
90 0.889056 13 0.000650
91 0.898694 8 0.000400
92 0.908333 22 0.001100
93 0.917972 11 0.000550
94 0.927611 11 0.000550
95 0.937250 7 0.000350
96 0.946889 5 0.000250
97 0.956528 5 0.000250
98 0.966167 1 0.000050
99 0.975805 1 0.000050
