0 0.010452 3 0.000150
1 0.020441 9 0.000450
2 0.030430 6 0.000300
3 0.040419 6 0.000300
4 0.050408 1 0.000050
5 0.060397 1 0.000050
6 0.070386 4 0.000200
7 0.080375 10 0.000500
8 0.090364 3 0.000150
9 0.100353 1 0.000050
10 0.110342 4 0.000200
11 0.120331 0 0.000000
12 0.130320 4 0.000200
13 0.140309 7 0.000350
14 0.150298 2 0.000100
15 0.160287 1 0.000050
16 0.170276 6 0.000300
17 0.180265 1 0.000050
18 0.190254 7 0.000350
19 0.200243 0 0.000000
20 0.210232 0 0.000000
21 0.220221 6 0.000300
22 0.230210 6 0.000300
23 0.240199 3 0.000150
24 0.250187 21 0.001050
25 0.260176 29 0.001450
26 0.270165 20 0.001000
27 0.280154 45 0.002250
28 0.290143 26 0.001300
29 0.300132 31 0.001550
30 0.310121 126 0.006300
31 0.320110 90 0.004500
32 0.330099 192 0.009600
33 0.340088 103 0.005150
34 0.350077 53 0.002650
35 0.360066 11 0.000550
36 0.370055 24 0.001200
37 0.380044 15 0.000750
38 0.390033 15 0.000750
39 0.400022 32 0.001600
40 0.410011 33 0.001650
41 0.420000 29 0.001450
42 0.429989 30 0.001500
43 0.439978 43 0.002150
44 0.449967 58 0.002900
45 0.459956 41 0.002050
46 0.469945 78 0.003900
47 0.479934 72 0.003600
48 0.489923 113 0.005650
49 0.499912 116 0.005800
50 0.509901 127 0.006350
51 0.519890 157 0.007850
52 0.529879 198 0.009900
53 0.539868 262 0.013100
54 0.549857 401 0.020050
55 0.559846 492 0.024600
56 0.569834 856 0.042800
57 0.579823 1866 0.093300
58 0.589812 2610 0.130500
59 0.599801 1487 0.074350
60 0.609790 1022 0.051100
61 0.619779 817 0.040850
62 0.629768 502 0.025100
63 0.639757 377 0.018850
64 0.649746 331 0.016550
65 0.659735 263 0.013150
66 0.669724 218 0.010900
67 0.679713 208 0.010400
68 0.689702 195 0.009750
69 0.699691 169 0.008450
70 0.709680 163 0.008150
71 0.719669 178 0.008900
72 0.729658 173 0.008650
73 0.739647 165 0.008250
74 0.749636 190 0.009500
75 0.759625 157 0.007850
76 0.769614 202 0.010100
77 0.779603 159 0.007950
78 0.789592 199 0.009950
79 0.799581 142 0.007100
80 0.809570 167 0.008350
81 0.819559 227 0.011350
82 0.829548 240 0.012000
83 0.839537 250 0.012500
84 0.849526 303 0.015150
85 0.859515 433 0.021650
86 0.869504 367 0.018350
87 0.879493 441 0.022050
88 0.889481 250 0.012500
89 0.899470 272 0.013600
90 0.909459 330 0.016500
91 0.919448 315 0.015750
92 0.929437 235 0.011750
93 0.939426 170 0.008500
94 0.949415 63 0.003150
95 0.959404 45 0.002250
96 0.969393 38 0.001900
97 0.979382 21 0.001050
98 0.989371 10 0.000500
99 0.999360 0 0.000000
