0 0.005290 4 0.000067
1 0.015331 8 0.000133
2 0.025372 18 0.000300
3 0.035413 12 0.000200
4 0.045454 12 0.000200
5 0.055495 11 0.000183
6 0.065536 13 0.000217
7 0.075578 16 0.000267
8 0.085619 11 0.000183
9 0.095660 8 0.000133
10 0.105701 10 0.000167
11 0.115742 9 0.000150
12 0.125783 14 0.000233
13 0.135824 15 0.000250
14 0.145865 16 0.000267
15 0.155906 19 0.000317
16 0.165948 13 0.000217
17 0.175989 21 0.000350
18 0.186030 23 0.000383
19 0.196071 20 0.000333
20 0.206112 40 0.000667
21 0.216153 53 0.000883
22 0.226194 52 0.000867
23 0.236235 29 0.000483
24 0.246276 36 0.000600
25 0.256318 60 0.001000
26 0.266359 54 0.000900
27 0.276400 100 0.001667
28 0.286441 96 0.001600
29 0.296482 107 0.001783
30 0.306523 207 0.003450
31 0.316564 256 0.004267
32 0.326605 363 0.006050
33 0.336647 231 0.003850
34 0.346688 246 0.004100
35 0.356729 317 0.005283
36 0.366770 477 0.007950
37 0.376811 369 0.006150
38 0.386852 409 0.006817
39 0.396893 464 0.007733
40 0.406934 622 0.010367
41 0.416975 835 0.013917
42 0.427017 1405 0.023417
43 0.437058 888 0.014800
44 0.447099 1011 0.016850
45 0.457140 1404 0.023400
46 0.467181 1933 0.032217
47 0.477222 2162 0.036033
48 0.487263 3537 0.058950
49 0.497304 8085 0.134750
50 0.507345 2798 0.046633
51 0.517387 2156 0.035933
52 0.527428 2107 0.035117
53 0.537469 1365 0.022750
54 0.547510 1378 0.022967
55 0.557551 1346 0.022433
56 0.567592 1798 0.029967
57 0.577633 2368 0.039467
58 0.587674 3101 0.051683
59 0.597715 2151 0.035850
60 0.607757 1565 0.026083
61 0.617798 1249 0.020817
62 0.627839 1064 0.017733
63 0.637880 604 0.010067
64 0.647921 529 0.008817
65 0.657962 471 0.007850
66 0.668003 475 0.007917
67 0.678044 333 0.005550
68 0.688086 285 0.004750
69 0.698127 268 0.004467
70 0.708168 229 0.003817
71 0.718209 230 0.003833
72 0.728250 194 0.003233
73 0.738291 204 0.003400
74 0.748332 199 0.003317
75 0.758373 193 0.003217
76 0.768414 245 0.004083
77 0.778455 197 0.003283
78 0.788497 219 0.003650
79 0.798538 179 0.002983
80 0.808579 190 0.003167
81 0.818620 216 0.003600
82 0.828661 278 0.004633
83 0.838702 256 0.004267
84 0.848743 322 0.005367
85 0.858784 422 0.007033
86 0.868826 414 0.006900
87 0.878867 447 0.007450
88 0.888908 258 0.004300
89 0.898949 286 0.004767
90 0.908990 339 0.005650
91 0.919031 322 0.005367
92 0.929072 252 0.004200
93 0.939113 183 0.003050
94 0.949154 69 0.001150
95 0.959196 49 0.000817
96 0.969237 44 0.000733
97 0.979278 22 0.000367
98 0.989319 9 0.000150
99 0.999360 1 0.000017
