0 0.045254 9 0.000450
1 0.055170 8 0.000400
2 0.065086 5 0.000250
3 0.075002 6 0.000300
4 0.084919 7 0.000350
5 0.094835 4 0.000200
6 0.104751 5 0.000250
7 0.114667 2 0.000100
8 0.124584 4 0.000200
9 0.134500 5 0.000250
10 0.144416 5 0.000250
11 0.154333 6 0.000300
12 0.164249 5 0.000250
13 0.174165 2 0.000100
14 0.184081 11 0.000550
15 0.193998 3 0.000150
16 0.203914 4 0.000200
17 0.213830 13 0.000650
18 0.223746 9 0.000450
19 0.233663 7 0.000350
20 0.243579 10 0.000500
21 0.253495 20 0.001000
22 0.263411 26 0.001300
23 0.273328 27 0.001350
24 0.283244 44 0.002200
25 0.293160 34 0.001700
26 0.303076 32 0.001600
27 0.312993 102 0.005100
28 0.322909 236 0.011800
29 0.332825 121 0.006050
30 0.342741 39 0.001950
31 0.352658 14 0.000700
32 0.362574 18 0.000900
33 0.372490 23 0.001150
34 0.382406 17 0.000850
35 0.392323 28 0.001400
36 0.402239 28 0.001400
37 0.412155 26 0.001300
38 0.422071 36 0.001800
39 0.431988 25 0.001250
40 0.441904 38 0.001900
41 0.451820 50 0.002500
42 0.461737 57 0.002850
43 0.471653 45 0.002250
44 0.481569 79 0.003950
45 0.491485 103 0.005150
46 0.501401 126 0.006300
47 0.511318 118 0.005900
48 0.521234 135 0.006750
49 0.531150 259 0.012950
50 0.541067 229 0.011450
51 0.550983 343 0.017150
52 0.560899 530 0.026500
53 0.570815 723 0.036150
54 0.580732 1584 0.079200
55 0.590648 2366 0.118300
56 0.600564 1773 0.088650
57 0.610480 1089 0.054450
58 0.620397 827 0.041350
59 0.630313 636 0.031800
60 0.640229 394 0.019700
61 0.650145 346 0.017300
62 0.660062 276 0.013800
63 0.669978 246 0.012300
64 0.679894 197 0.009850
65 0.689810 215 0.010750
66 0.699727 188 0.009400
67 0.709643 166 0.008300
68 0.719559 163 0.008150
69 0.729475 146 0.007300
70 0.739392 174 0.008700
71 0.749308 162 0.008100
72 0.759224 180 0.009000
73 0.769140 174 0.008700
74 0.779057 169 0.008450
75 0.788973 189 0.009450
76 0.798889 176 0.008800
77 0.808805 159 0.007950
78 0.818722 150 0.007500
79 0.828638 255 0.012750
80 0.838554 213 0.010650
81 0.848471 280 0.014000
82 0.858387 280 0.014000
83 0.868303 360 0.018000
84 0.878219 407 0.020350
85 0.888136 400 0.020000
86 0.898052 278 0.013900
87 0.907968 197 0.009850
88 0.917884 315 0.015750
89 0.927801 378 0.018900
90 0.937717 288 0.014400
91 0.947633 171 0.008550
92 0.957549 77 0.003850
93 0.967466 34 0.001700
94 0.977382 15 0.000750
95 0.987298 22 0.001100
96 0.997214 17 0.000850
97 1.007131 3 0.000150
98 1.017047 3 0.000150
99 1.026963 1 0.000050
