0 0.005290 1 0.000050
1 0.014033 0 0.000000
2 0.022777 0 0.000000
3 0.031520 0 0.000000
4 0.040263 0 0.000000
5 0.049007 0 0.000000
6 0.057750 0 0.000000
7 0.066493 0 0.000000
8 0.075237 0 0.000000
9 0.083980 0 0.000000
10 0.092723 0 0.000000
11 0.101467 0 0.000000
12 0.110210 0 0.000000
13 0.118954 1 0.000050
14 0.127697 0 0.000000
15 0.136440 0 0.000000
16 0.145184 0 0.000000
17 0.153927 0 0.000000
18 0.162670 0 0.000000
19 0.171414 0 0.000000
20 0.180157 0 0.000000
21 0.188901 2 0.000100
22 0.197644 2 0.000100
23 0.206387 6 0.000300
24 0.215131 11 0.000550
25 0.223874 8 0.000400
26 0.232617 2 0.000100
27 0.241361 1 0.000050
28 0.250104 1 0.000050
29 0.258847 0 0.000000
30 0.267591 0 0.000000
31 0.276334 1 0.000050
32 0.285078 1 0.000050
33 0.293821 5 0.000250
34 0.302564 26 0.001300
35 0.311308 41 0.002050
36 0.320051 58 0.002900
37 0.328794 66 0.003300
38 0.337538 50 0.002500
39 0.346281 60 0.003000
40 0.355025 172 0.008600
41 0.363768 172 0.008600
42 0.372511 318 0.015900
43 0.381255 173 0.008650
44 0.389998 188 0.009400
45 0.398741 212 0.010600
46 0.407485 281 0.014050
47 0.416228 389 0.019450
48 0.424971 992 0.049600
49 0.433715 529 0.026450
50 0.442458 388 0.019400
51 0.451202 487 0.024350
52 0.459945 575 0.028750
53 0.468688 890 0.044500
54 0.477432 573 0.028650
55 0.486175 629 0.031450
56 0.494918 4382 0.219100
57 0.503662 1009 0.050450
58 0.512405 720 0.036000
59 0.521149 880 0.044000
60 0.529892 941 0.047050
61 0.538635 464 0.023200
62 0.547379 483 0.024150
63 0.556122 483 0.024150
64 0.564865 592 0.029600
65 0.573609 475 0.023750
66 0.582352 313 0.015650
67 0.591095 246 0.012300
68 0.599839 239 0.011950
69 0.608582 245 0.012250
70 0.617326 238 0.011900
71 0.626069 382 0.019100
72 0.634812 117 0.005850
73 0.643556 56 0.002800
74 0.652299 107 0.005350
75 0.661042 63 0.003150
76 0.669786 118 0.005900
77 0.678529 42 0.002100
78 0.687273 26 0.001300
79 0.696016 27 0.001350
80 0.704759 19 0.000950
81 0.713503 3 0.000150
82 0.722246 0 0.000000
83 0.730989 0 0.000000
84 0.739733 2 0.000100
85 0.748476 0 0.000000
86 0.757220 1 0.000050
87 0.765963 2 0.000100
88 0.774706 2 0.000100
89 0.783450 1 0.000050
90 0.792193 5 0.000250
91 0.800936 4 0.000200
92 0.809680 1 0.000050
93 0.818423 0 0.000000
94 0.827166 0 0.000000
95 0.835910 0 0.000000
96 0.844653 0 0.000000
97 0.853397 0 0.000000
98 0.862140 0 0.000000
99 0.870883 1 0.000050
