0 0.434966 4 0.000200
1 0.436493 4 0.000200
2 0.438020 1 0.000050
3 0.439547 5 0.000250
4 0.441074 8 0.000400
5 0.442601 4 0.000200
6 0.444128 5 0.000250
7 0.445655 11 0.000550
8 0.447182 16 0.000800
9 0.448709 8 0.000400
10 0.450236 18 0.000900
11 0.451763 25 0.001250
12 0.453290 31 0.001550
13 0.454817 16 0.000800
14 0.456344 15 0.000750
15 0.457871 26 0.001300
16 0.459398 27 0.001350
17 0.460925 15 0.000750
18 0.462452 27 0.001350
19 0.463979 29 0.001450
20 0.465506 21 0.001050
21 0.467032 29 0.001450
22 0.468559 48 0.002400
23 0.470086 78 0.003900
24 0.471613 49 0.002450
25 0.473140 58 0.002900
26 0.474667 67 0.003350
27 0.476194 56 0.002800
28 0.477721 86 0.004300
29 0.479248 95 0.004750
30 0.480775 107 0.005350
31 0.482302 125 0.006250
32 0.483829 134 0.006700
33 0.485356 155 0.007750
34 0.486883 163 0.008150
35 0.488410 173 0.008650
36 0.489937 239 0.011950
37 0.491464 240 0.012000
38 0.492991 322 0.016100
39 0.494518 368 0.018400
40 0.496045 436 0.021800
41 0.497572 497 0.024850
42 0.499099 601 0.030050
43 0.500626 748 0.037400
44 0.502153 780 0.039000
45 0.503680 1006 0.050300
46 0.505207 1440 0.072000
47 0.506734 1652 0.082600
48 0.508261 1781 0.089050
49 0.509788 1437 0.071850
50 0.511315 1073 0.053650
51 0.512842 935 0.046750
52 0.514369 785 0.039250
53 0.515896 575 0.028750
54 0.517423 617 0.030850
55 0.518950 403 0.020150
56 0.520477 286 0.014300
57 0.522004 262 0.013100
58 0.523531 195 0.009750
59 0.525058 182 0.009100
60 0.526585 112 0.005600
61 0.528112 130 0.006500
62 0.529639 105 0.005250
63 0.531166 105 0.005250
64 0.532693 119 0.005950
65 0.534220 91 0.004550
66 0.535746 74 0.003700
67 0.537273 86 0.004300
68 0.538800 78 0.003900
69 0.540327 58 0.002900
70 0.541854 69 0.003450
71 0.543381 39 0.001950
72 0.544908 47 0.002350
73 0.546435 33 0.001650
74 0.547962 31 0.001550
75 0.549489 23 0.001150
76 0.551016 15 0.000750
77 0.552543 13 0.000650
78 0.554070 14 0.000700
79 0.555597 21 0.001050
80 0.557124 17 0.000850
81 0.558651 13 0.000650
82 0.560178 12 0.000600
83 0.561705 10 0.000500
84 0.563232 13 0.000650
85 0.564759 9 0.000450
86 0.566286 11 0.000550
87 0.567813 6 0.000300
88 0.569340 12 0.000600
89 0.570867 6 0.000300
90 0.572394 1 0.000050
91 0.573921 4 0.000200
92 0.575448 1 0.000050
93 0.576975 6 0.000300
94 0.578502 5 0.000250
95 0.580029 9 0.000450
96 0.581556 0 0.000000
97 0.583083 0 0.000000
98 0.584610 2 0.000100
99 0.586137 1 0.000050
