0 0.021556 3 0.000050
1 0.031712 8 0.000133
2 0.041868 14 0.000233
3 0.052023 5 0.000083
4 0.062179 25 0.000417
5 0.072334 5 0.000083
6 0.082490 20 0.000333
7 0.092646 16 0.000267
8 0.102801 17 0.000283
9 0.112957 14 0.000233
10 0.123113 14 0.000233
11 0.133268 14 0.000233
12 0.143424 22 0.000367
13 0.153579 17 0.000283
14 0.163735 22 0.000367
15 0.173891 18 0.000300
16 0.184046 37 0.000617
17 0.194202 24 0.000400
18 0.204358 29 0.000483
19 0.214513 36 0.000600
20 0.224669 42 0.000700
21 0.234824 44 0.000733
22 0.244980 44 0.000733
23 0.255136 60 0.001000
24 0.265291 63 0.001050
25 0.275447 83 0.001383
26 0.285603 99 0.001650
27 0.295758 82 0.001367
28 0.305914 140 0.002333
29 0.316069 172 0.002867
30 0.326225 354 0.005900
31 0.336381 166 0.002767
32 0.346536 116 0.001933
33 0.356692 111 0.001850
34 0.366848 139 0.002317
35 0.377003 147 0.002450
36 0.387159 207 0.003450
37 0.397314 193 0.003217
38 0.407470 259 0.004317
39 0.417626 281 0.004683
40 0.427781 334 0.005567
41 0.437937 449 0.007483
42 0.448093 553 0.009217
43 0.458248 811 0.013517
44 0.468404 1169 0.019483
45 0.478559 2029 0.033817
46 0.488715 4124 0.068733
47 0.498871 10543 0.175717
48 0.509026 9136 0.152267
49 0.519182 3038 0.050633
50 0.529338 1815 0.030250
51 0.539493 1180 0.019667
52 0.549649 925 0.015417
53 0.559804 1027 0.017117
54 0.569960 1132 0.018867
55 0.580116 1853 0.030883
56 0.590271 2647 0.044117
57 0.600427 2017 0.033617
58 0.610583 1296 0.021600
59 0.620738 968 0.016133
60 0.630894 750 0.012500
61 0.641049 544 0.009067
62 0.651205 443 0.007383
63 0.661361 382 0.006367
64 0.671516 339 0.005650
65 0.681672 309 0.005150
66 0.691828 277 0.004617
67 0.701983 244 0.004067
68 0.712139 206 0.003433
69 0.722294 230 0.003833
70 0.732450 199 0.003317
71 0.742606 200 0.003333
72 0.752761 201 0.003350
73 0.762917 208 0.003467
74 0.773073 191 0.003183
75 0.783228 227 0.003783
76 0.793384 214 0.003567
77 0.803539 206 0.003433
78 0.813695 166 0.002767
79 0.823851 227 0.003783
80 0.834006 270 0.004500
81 0.844162 265 0.004417
82 0.854318 320 0.005333
83 0.864473 314 0.005233
84 0.874629 426 0.007100
85 0.884784 458 0.007633
86 0.894940 317 0.005283
87 0.905096 222 0.003700
88 0.915251 296 0.004933
89 0.925407 418 0.006967
90 0.935563 324 0.005400
91 0.945718 192 0.003200
92 0.955874 97 0.001617
93 0.966029 47 0.000783
94 0.976185 15 0.000250
95 0.986341 23 0.000383
96 0.996496 18 0.000300
97 1.006652 3 0.000050
98 1.016808 3 0.000050
99 1.026963 1 0.000017
