0.000000 0 0 0.002315 0.000000 0.225575 0.002294 0.000000 0.183128
0.200000 0 1 0.002132 0.000000 0.251003 0.002117 0.000000 0.241023
0.400000 0 2 0.001979 0.000000 0.242942 0.001984 0.000000 0.217976
0.600000 0 3 0.001935 0.000000 0.240504 0.001971 0.000000 0.157975
0.800000 0 4 0.001962 0.000000 0.253275 0.001963 0.000000 0.253275
1.000000 1 0 0.001843 0.000000 0.210947 0.001839 0.000000 0.238603
1.200000 1 1 0.001824 0.000000 0.226579 0.001800 0.000000 0.143368
1.400000 1 2 0.001907 0.000000 0.214443 0.001902 0.000000 0.227611
1.600000 1 3 0.001827 0.000000 0.210645 0.001808 0.000000 0.232131
1.800000 1 4 0.001857 0.000000 0.245058 0.001891 0.000000 0.245059
2.000000 2 0 0.002007 0.000000 0.257910 0.002033 0.000000 0.253440
2.200000 2 1 0.001841 0.000000 0.223471 0.001842 0.000000 0.172061
2.400000 2 2 0.001991 0.000000 0.240259 0.002009 0.000000 0.155701
2.600000 2 3 0.001850 0.000000 0.218318 0.001867 0.000000 0.244002
2.800000 2 4 0.001816 0.000000 0.236876 0.001820 0.000000 0.249201
3.000000 3 0 0.001812 0.000000 0.244103 0.001790 0.000000 0.203775
3.200000 3 1 0.001790 0.000000 0.227067 0.001787 0.000000 0.188321
3.400000 3 2 0.001772 0.000000 0.242584 0.001774 0.000000 0.175410
3.600000 3 3 0.001765 0.000000 0.215796 0.001772 0.000000 0.219834
3.800000 3 4 0.001772 0.000000 0.237651 0.001797 0.000000 0.183575
4.000000 4 0 0.001773 0.000000 0.231785 0.001747 0.000000 0.189896
4.200000 4 1 0.001858 0.000000 0.239601 0.001894 0.000000 0.192022
4.400000 4 2 0.001803 0.000000 0.227186 0.001798 0.000000 0.158991
4.600000 4 3 0.001749 0.000000 0.222084 0.001757 0.000000 0.142650
4.800000 4 4 0.001888 0.000000 0.247031 0.001881 0.000000 0.146472
5.000000 5 0 0.001883 0.000000 0.232117 0.001870 0.000000 0.173085
5.200000 5 1 0.001836 0.000000 0.229123 0.001803 0.000000 0.221710
5.400000 5 2 0.001787 0.000000 0.233412 0.001760 0.000000 0.157104
5.600000 5 3 0.001743 0.000000 0.215011 0.001732 0.000000 0.156406
5.800000 5 4 0.001888 0.000000 0.226140 0.001922 0.000000 0.214038
6.000000 6 0 0.001818 0.000000 0.223840 0.001853 0.000000 0.203159
6.200000 6 1 0.001735 0.000000 0.233676 0.001730 0.000000 0.156243
6.400000 6 2 0.001871 0.000000 0.235770 0.001841 0.000000 0.204447
6.600000 6 3 0.001896 0.000000 0.236330 0.001875 0.000000 0.204038
6.800000 6 4 0.001856 0.000000 0.226984 0.001870 0.000000 0.222938
7.000000 7 0 0.001774 0.000000 0.222954 0.001798 0.000000 0.201145
7.200000 7 1 0.001982 0.000000 0.253822 0.002003 0.000000 0.240277
7.400000 7 2 0.001738 0.000000 0.225292 0.001730 0.000000 0.208889
7.600000 7 3 0.001737 0.000000 0.235017 0.001736 0.000000 0.182872
7.800000 7 4 0.001797 0.000000 0.222533 0.001812 0.000000 0.214005
8.000000 8 0 0.001769 0.000000 0.227359 0.001769 0.000000 0.232422
8.200000 8 1 0.001758 0.000000 0.218609 0.001749 0.000000 0.173518
8.400000 8 2 0.001874 0.000000 0.228517 0.001844 0.000000 0.232098
8.600000 8 3 0.001881 0.000000 0.242048 0.001887 0.000000 0.242048
8.800000 8 4 0.001745 0.000000 0.225589 0.001728 0.000000 0.152451
9.000000 9 0 0.001819 0.000000 0.231647 0.001814 0.000000 0.217344
9.200000 9 1 0.001792 0.000000 0.220694 0.001804 0.000000 0.192251
9.400000 9 2 0.001797 0.000000 0.230737 0.001832 0.000000 0.176886
9.600000 9 3 0.001808 0.000000 0.222092 0.001769 0.000000 0.152093
9.800000 9 4 0.001739 0.000000 0.221755 0.001743 0.000000 0.235877
