0 0 0.000000 0.146843 0.101950 0.147638 0.102770
0 1 0.114943 0.114560 0.077281 0.115102 0.078109
0 2 0.229885 0.095389 0.065110 0.093194 0.063688
0 3 0.344828 0.085991 0.058905 0.085933 0.059241
0 4 0.459770 0.080930 0.055253 0.080498 0.054729
0 5 0.574713 0.078683 0.053686 0.078077 0.053229
0 6 0.689655 0.075363 0.051723 0.075060 0.051412
0 7 0.804598 0.074771 0.050461 0.076464 0.052012
0 8 0.919540 0.073633 0.051104 0.073655 0.050353
0 9 1.034483 0.070750 0.048764 0.071314 0.049160
0 10 1.149425 0.070428 0.048190 0.070974 0.048466
0 11 1.264368 0.071200 0.048156 0.071625 0.047982
0 12 1.379310 0.069369 0.047630 0.068841 0.047352
0 13 1.494253 0.071736 0.047240 0.071406 0.047077
0 14 1.609195 0.067831 0.046942 0.066791 0.046585
0 15 1.724138 0.066495 0.046030 0.065826 0.045592
0 16 1.839080 0.068484 0.047396 0.068045 0.046811
0 17 1.954023 0.065583 0.045736 0.065905 0.046109
0 18 2.068965 0.067343 0.045289 0.067257 0.045456
0 19 2.183908 0.066390 0.044992 0.066620 0.045384
0 20 2.298851 0.066522 0.044246 0.066406 0.044210
0 21 2.413793 0.063634 0.045025 0.063724 0.044829
0 22 2.528736 0.066412 0.046229 0.065235 0.044943
0 23 2.643678 0.064857 0.045227 0.064156 0.044930
0 24 2.758621 0.063301 0.044575 0.062385 0.044059
0 25 2.873563 0.062783 0.043728 0.064284 0.044816
0 26 2.988506 0.063667 0.044141 0.064270 0.044741
0 27 3.103448 0.061528 0.043581 0.062588 0.043886
0 28 3.218391 0.063702 0.044333 0.062906 0.043867
0 29 3.333333 0.066189 0.045511 0.065561 0.045311
0 30 3.448276 0.064393 0.045027 0.063100 0.043862
0 31 3.563218 0.063036 0.044203 0.062652 0.044183
0 32 3.678161 0.061982 0.044094 0.061497 0.043615
0 33 3.793103 0.064792 0.043789 0.064972 0.044132
0 34 3.908046 0.061955 0.042786 0.063519 0.043815
0 35 4.022988 0.059890 0.042959 0.058545 0.042187
0 36 4.137931 0.061427 0.043762 0.060966 0.043204
0 37 4.252873 0.060872 0.042996 0.061259 0.043457
0 38 4.367816 0.061037 0.043339 0.061823 0.043759
0 39 4.482759 0.064537 0.044268 0.064408 0.044059
0 40 4.597701 0.061247 0.043570 0.059420 0.041955
0 41 4.712644 0.061665 0.043767 0.061535 0.043085
0 42 4.827586 0.059736 0.042904 0.060265 0.043336
0 43 4.942529 0.061462 0.043928 0.060819 0.043069
0 44 5.057471 0.060851 0.043490 0.059521 0.042789
0 45 5.172414 0.060572 0.043068 0.061031 0.043663
0 46 5.287356 0.060801 0.043067 0.060169 0.042492
0 47 5.402299 0.059230 0.042793 0.058443 0.042294
0 48 5.517241 0.060305 0.043124 0.061244 0.043632
0 49 5.632184 0.061024 0.043377 0.059819 0.042753
0 50 5.747127 0.061345 0.044258 0.060601 0.043127
0 51 5.862069 0.059318 0.042647 0.059502 0.042284
0 52 5.977012 0.059849 0.042458 0.058377 0.041442
0 53 6.091954 0.060821 0.043412 0.060357 0.043148
0 54 6.206897 0.057819 0.041537 0.059250 0.042711
0 55 6.321839 0.060047 0.043099 0.059917 0.042750
0 56 6.436781 0.057167 0.041766 0.056981 0.041279
0 57 6.551724 0.058962 0.042319 0.059156 0.042057
0 58 6.666667 0.060994 0.041892 0.061336 0.041882
0 59 6.781609 0.058466 0.042380 0.058144 0.041713
0 60 6.896552 0.058904 0.042228 0.057721 0.041322
0 61 7.011494 0.057888 0.041673 0.059506 0.042700
0 62 7.126437 0.057804 0.041788 0.057829 0.041691
0 63 7.241379 0.057587 0.041553 0.058438 0.042358
0 64 7.356322 0.058198 0.042423 0.057647 0.042131
0 65 7.471264 0.057868 0.041827 0.058646 0.042508
0 66 7.586207 0.057877 0.041914 0.058614 0.042466
0 67 7.701149 0.061273 0.043268 0.059975 0.042703
0 68 7.816092 0.055809 0.040802 0.057358 0.041789
0 69 7.931035 0.057663 0.041725 0.057841 0.041867
0 70 8.045977 0.057188 0.041581 0.057579 0.041666
0 71 8.160919 0.057182 0.041550 0.056433 0.040965
0 72 8.275862 0.058132 0.042004 0.057431 0.041402
0 73 8.390804 0.059308 0.042041 0.059622 0.042457
0 74 8.505747 0.057425 0.041625 0.058208 0.041984
0 75 8.620689 0.058930 0.042645 0.058474 0.042293
0 76 8.735632 0.058563 0.041806 0.058209 0.041361
0 77 8.850574 0.057317 0.042030 0.057205 0.041783
0 78 8.965517 0.057007 0.041523 0.057008 0.042080
0 79 9.080460 0.057283 0.041280 0.057123 0.041149
0 80 9.195402 0.059034 0.042581 0.058618 0.042170
0 81 9.310345 0.057079 0.041584 0.057458 0.041708
0 82 9.425287 0.056629 0.041234 0.057739 0.042138
0 83 9.540230 0.056788 0.041193 0.056923 0.041222
0 84 9.655172 0.057734 0.041678 0.057368 0.041420
0 85 9.770115 0.059147 0.041597 0.058262 0.041064
0 86 9.885057 0.057022 0.041538 0.056906 0.041358
1 0 10.000000 0.056463 0.040912 0.056990 0.041299
1 1 10.114943 0.057106 0.041422 0.055991 0.040423
1 2 10.229885 0.057758 0.041588 0.056262 0.040874
1 3 10.344828 0.055836 0.041084 0.056216 0.041400
1 4 10.459770 0.055868 0.041037 0.056902 0.041803
1 5 10.574713 0.057748 0.041915 0.057636 0.041559
1 6 10.689655 0.056704 0.041825 0.056570 0.041410
1 7 10.804598 0.055821 0.040743 0.056224 0.041260
1 8 10.919540 0.056119 0.041080 0.055901 0.040859
1 9 11.034483 0.055806 0.040936 0.057759 0.042166
1 10 11.149426 0.061714 0.041787 0.060407 0.041062
1 11 11.264368 0.055969 0.041355 0.056577 0.041159
1 12 11.379311 0.055723 0.041159 0.056173 0.041514
1 13 11.494253 0.057643 0.041743 0.057749 0.042026
1 14 11.609196 0.057123 0.041666 0.057211 0.041541
1 15 11.724138 0.057211 0.041479 0.057370 0.041659
1 16 11.839081 0.057617 0.041507 0.057063 0.041272
1 17 11.954023 0.057990 0.042020 0.056201 0.040616
1 18 12.068966 0.055184 0.040586 0.055740 0.041451
1 19 12.183908 0.056428 0.041370 0.057808 0.042209
1 20 12.298851 0.055013 0.040383 0.055581 0.040628
1 21 12.413794 0.057516 0.041608 0.057587 0.041920
1 22 12.528735 0.056988 0.042284 0.056559 0.041591
1 23 12.643678 0.055309 0.040962 0.054404 0.040357
1 24 12.758620 0.056300 0.041472 0.057112 0.042024
1 25 12.873563 0.056402 0.041356 0.056491 0.041152
1 26 12.988505 0.055396 0.040638 0.055355 0.040310
1 27 13.103448 0.055547 0.040698 0.056110 0.040662
1 28 13.218390 0.056101 0.040930 0.054744 0.040373
1 29 13.333333 0.054528 0.040342 0.055636 0.040985
1 30 13.448276 0.056151 0.040930 0.057336 0.041927
1 31 13.563218 0.055085 0.040898 0.054460 0.040465
1 32 13.678161 0.055794 0.041344 0.056315 0.041962
1 33 13.793103 0.057783 0.041735 0.057222 0.041514
1 34 13.908046 0.055461 0.040474 0.056312 0.041289
1 35 14.022988 0.056917 0.041298 0.056056 0.040412
1 36 14.137931 0.057112 0.041608 0.057314 0.041898
1 37 14.252873 0.056737 0.041385 0.056075 0.040839
1 38 14.367816 0.057340 0.041491 0.057666 0.041804
1 39 14.482759 0.056829 0.040868 0.057284 0.041545
1 40 14.597701 0.056263 0.041059 0.055087 0.040065
1 41 14.712644 0.055435 0.040577 0.055608 0.040928
1 42 14.827586 0.055381 0.040405 0.055900 0.040623
1 43 14.942529 0.056817 0.041352 0.056978 0.041452
1 44 15.057471 0.054616 0.040420 0.054812 0.040358
1 45 15.172414 0.056295 0.041312 0.056246 0.041397
1 46 15.287356 0.055139 0.040932 0.053487 0.039755
1 47 15.402299 0.055838 0.041218 0.054109 0.040011
1 48 15.517241 0.055957 0.041363 0.055156 0.040758
1 49 15.632184 0.055010 0.040958 0.055200 0.041172
1 50 15.747127 0.055132 0.040247 0.056244 0.041163
1 51 15.862069 0.056025 0.040990 0.057046 0.041626
1 52 15.977012 0.054913 0.040375 0.055285 0.041097
1 53 16.091953 0.056198 0.041107 0.055137 0.040574
1 54 16.206896 0.054628 0.040340 0.054952 0.040620
1 55 16.321838 0.055531 0.040635 0.055216 0.040398
1 56 16.436781 0.054638 0.040671 0.053984 0.040112
1 57 16.551723 0.054702 0.040885 0.054869 0.040905
1 58 16.666666 0.055994 0.041920 0.055726 0.040935
1 59 16.781609 0.055587 0.041057 0.055511 0.041505
1 60 16.896551 0.055661 0.040706 0.056271 0.041045
1 61 17.011494 0.054718 0.040099 0.053600 0.039445
1 62 17.126436 0.056019 0.040509 0.056550 0.040644
1 63 17.241379 0.054495 0.040134 0.055625 0.040637
1 64 17.356321 0.055757 0.040725 0.057057 0.041695
1 65 17.471264 0.056924 0.041420 0.056803 0.041511
1 66 17.586206 0.054419 0.040266 0.055553 0.040748
1 67 17.701149 0.055515 0.041378 0.054546 0.040427
1 68 17.816092 0.055110 0.041315 0.053645 0.039766
1 69 17.931034 0.057060 0.041215 0.057502 0.041623
1 70 18.045977 0.055474 0.041498 0.054783 0.040926
1 71 18.160919 0.058097 0.041116 0.058739 0.041317
1 72 18.275862 0.053769 0.039845 0.053797 0.040371
1 73 18.390804 0.054829 0.040625 0.054746 0.040609
1 74 18.505747 0.055134 0.040157 0.054660 0.040192
1 75 18.620689 0.054852 0.040858 0.054776 0.040614
1 76 18.735632 0.054368 0.040194 0.054304 0.040146
1 77 18.850574 0.054411 0.040648 0.055174 0.040928
1 78 18.965517 0.057073 0.042123 0.056422 0.041466
1 79 19.080460 0.056710 0.041092 0.056598 0.041253
1 80 19.195402 0.054069 0.039491 0.057106 0.042220
1 81 19.310345 0.055179 0.040820 0.055193 0.040190
1 82 19.425287 0.054115 0.040065 0.055132 0.040630
1 83 19.540230 0.054918 0.041090 0.054054 0.040149
1 84 19.655172 0.057203 0.041970 0.056849 0.041709
1 85 19.770115 0.054503 0.040648 0.054904 0.040523
1 86 19.885057 0.054397 0.040709 0.053872 0.040329
2 0 20.000000 0.053808 0.040218 0.053951 0.040558
2 1 20.114943 0.054764 0.040270 0.055933 0.041122
2 2 20.229885 0.054592 0.040414 0.054256 0.040345
2 3 20.344828 0.055386 0.040959 0.055253 0.040554
2 4 20.459770 0.054536 0.041013 0.053450 0.040057
2 5 20.574713 0.054099 0.040470 0.054379 0.040856
2 6 20.689655 0.055154 0.041104 0.054177 0.040035
2 7 20.804598 0.054383 0.040661 0.054011 0.040012
2 8 20.919540 0.054278 0.040170 0.054214 0.040086
2 9 21.034483 0.055885 0.040807 0.055360 0.040433
2 10 21.149426 0.055088 0.040478 0.054310 0.040353
2 11 21.264368 0.053955 0.040250 0.052876 0.039596
2 12 21.379311 0.055104 0.040964 0.053395 0.039876
2 13 21.494253 0.055981 0.041553 0.053874 0.039971
2 14 21.609196 0.053201 0.039641 0.053707 0.040010
2 15 21.724138 0.054315 0.040515 0.053657 0.039875
2 16 21.839081 0.056192 0.041547 0.055375 0.040773
2 17 21.954023 0.055814 0.040875 0.054822 0.040561
2 18 22.068966 0.053353 0.039537 0.053186 0.039652
2 19 22.183908 0.055182 0.040571 0.054736 0.040467
2 20 22.298851 0.056873 0.040784 0.055833 0.040202
2 21 22.413794 0.055123 0.040863 0.055611 0.040551
2 22 22.528736 0.053303 0.039872 0.054679 0.041009
2 23 22.643679 0.053912 0.040549 0.053681 0.040265
2 24 22.758621 0.053256 0.040002 0.053146 0.040011
2 25 22.873564 0.054848 0.040186 0.055257 0.040498
2 26 22.988506 0.052918 0.039800 0.053827 0.040754
2 27 23.103449 0.057904 0.040739 0.058646 0.041386
2 28 23.218391 0.055168 0.040408 0.055112 0.040663
2 29 23.333334 0.055004 0.041298 0.053761 0.040210
2 30 23.448277 0.054269 0.039957 0.054507 0.040441
2 31 23.563219 0.055394 0.040279 0.054886 0.040469
2 32 23.678162 0.054159 0.040508 0.052619 0.039061
2 33 23.793104 0.053534 0.039883 0.054765 0.040668
2 34 23.908047 0.053719 0.040135 0.054678 0.040953
2 35 24.022989 0.054740 0.040824 0.054195 0.040285
2 36 24.137932 0.054333 0.040418 0.053608 0.039763
2 37 24.252874 0.053517 0.039900 0.053336 0.040254
2 38 24.367817 0.053665 0.040391 0.052634 0.039651
2 39 24.482759 0.056182 0.041254 0.056546 0.041473
2 40 24.597702 0.054215 0.040320 0.054003 0.040530
2 41 24.712645 0.054592 0.039910 0.055765 0.040846
2 42 24.827587 0.053806 0.040450 0.054251 0.040733
2 43 24.942530 0.055376 0.040482 0.055443 0.040724
2 44 25.057470 0.054152 0.040173 0.054824 0.040838
2 45 25.172413 0.054216 0.039985 0.053875 0.039918
2 46 25.287355 0.054497 0.040454 0.054582 0.040612
2 47 25.402298 0.053057 0.039425 0.054953 0.040779
2 48 25.517241 0.053783 0.039873 0.053931 0.040044
2 49 25.632183 0.054375 0.040571 0.054702 0.040800
2 50 25.747126 0.054553 0.040813 0.054023 0.040169
2 51 25.862068 0.053138 0.040115 0.054870 0.041002
2 52 25.977011 0.053907 0.040465 0.054551 0.040861
2 53 26.091953 0.053715 0.040134 0.053660 0.040314
2 54 26.206896 0.054257 0.040401 0.055046 0.040519
2 55 26.321838 0.054452 0.040084 0.054814 0.040413
2 56 26.436781 0.056113 0.040798 0.055960 0.040911
2 57 26.551723 0.055612 0.041629 0.054156 0.040416
2 58 26.666666 0.055861 0.040962 0.055920 0.041027
2 59 26.781609 0.053948 0.040570 0.055142 0.041211
2 60 26.896551 0.057392 0.041266 0.056601 0.040813
2 61 27.011494 0.053767 0.040394 0.053511 0.040033
2 62 27.126436 0.054591 0.040469 0.053880 0.039785
2 63 27.241379 0.054023 0.040971 0.052996 0.039677
2 64 27.356321 0.054544 0.040116 0.055066 0.040599
2 65 27.471264 0.054882 0.040657 0.053698 0.039898
2 66 27.586206 0.053694 0.040132 0.054102 0.040423
2 67 27.701149 0.054697 0.041207 0.053640 0.040253
2 68 27.816092 0.053486 0.039770 0.053786 0.039926
2 69 27.931034 0.052626 0.039777 0.053762 0.040340
2 70 28.045977 0.053399 0.039633 0.054181 0.040720
2 71 28.160919 0.054137 0.041032 0.052069 0.039260
2 72 28.275862 0.054171 0.040779 0.053396 0.039565
2 73 28.390804 0.053799 0.040020 0.054428 0.040342
2 74 28.505747 0.055879 0.040494 0.056605 0.040766
2 75 28.620689 0.054230 0.040137 0.054824 0.040850
2 76 28.735632 0.054546 0.040999 0.054586 0.040499
2 77 28.850574 0.053967 0.040429 0.053216 0.039920
2 78 28.965517 0.054637 0.041199 0.053247 0.040166
2 79 29.080460 0.053554 0.040156 0.052710 0.039726
2 80 29.195402 0.052942 0.039559 0.053923 0.040363
2 81 29.310345 0.055525 0.041173 0.053510 0.039671
2 82 29.425287 0.053843 0.040405 0.052904 0.039701
2 83 29.540230 0.054167 0.040490 0.053568 0.040414
2 84 29.655172 0.053796 0.040278 0.053603 0.039892
2 85 29.770115 0.054934 0.040059 0.055779 0.040926
2 86 29.885057 0.053448 0.039853 0.053116 0.039449
3 0 30.000000 0.052052 0.039210 0.054059 0.039989
3 1 30.114943 0.054237 0.040611 0.053021 0.039721
3 2 30.229885 0.053068 0.039754 0.051893 0.039348
3 3 30.344828 0.053593 0.040100 0.053854 0.039944
3 4 30.459770 0.054897 0.040241 0.054473 0.040180
3 5 30.574713 0.054884 0.041232 0.053904 0.040047
3 6 30.689655 0.054172 0.040493 0.055126 0.040869
3 7 30.804598 0.054453 0.040733 0.054894 0.040747
3 8 30.919540 0.054202 0.040592 0.053609 0.040563
3 9 31.034483 0.053143 0.040050 0.053096 0.040014
3 10 31.149426 0.053920 0.040146 0.054025 0.040230
3 11 31.264368 0.052841 0.040032 0.053484 0.039715
3 12 31.379311 0.053336 0.039696 0.054385 0.040510
3 13 31.494253 0.054115 0.040741 0.052955 0.039284
3 14 31.609196 0.053391 0.040009 0.052896 0.039416
3 15 31.724138 0.053611 0.040693 0.052286 0.039978
3 16 31.839081 0.054390 0.040489 0.053489 0.039813
3 17 31.954023 0.054326 0.040429 0.054598 0.040773
3 18 32.068966 0.055485 0.040791 0.053826 0.039550
3 19 32.183907 0.052775 0.039749 0.053895 0.040225
3 20 32.298851 0.053392 0.040651 0.054106 0.040587
3 21 32.413792 0.053835 0.040362 0.053997 0.040551
3 22 32.528736 0.053019 0.039938 0.053261 0.039983
3 23 32.643677 0.052626 0.039360 0.054301 0.040557
3 24 32.758621 0.053833 0.040001 0.053845 0.039999
3 25 32.873562 0.054144 0.040753 0.053733 0.040395
3 26 32.988506 0.053204 0.040306 0.053265 0.040164
3 27 33.103447 0.055106 0.040813 0.054844 0.040420
3 28 33.218391 0.054170 0.039991 0.053626 0.039986
3 29 33.333332 0.052590 0.039230 0.053122 0.039793
3 30 33.448277 0.053768 0.039649 0.053606 0.039822
3 31 33.563217 0.053266 0.040227 0.053003 0.040037
3 32 33.678162 0.053042 0.040051 0.053302 0.039803
3 33 33.793102 0.053409 0.040746 0.052547 0.039875
3 34 33.908047 0.052827 0.040173 0.052353 0.039826
3 35 34.022987 0.051679 0.039448 0.053551 0.040602
3 36 34.137932 0.053021 0.039704 0.052467 0.039768
3 37 34.252872 0.052289 0.039893 0.052051 0.039345
3 38 34.367817 0.052821 0.039877 0.052894 0.040061
3 39 34.482758 0.053112 0.039619 0.053129 0.039610
3 40 34.597702 0.053416 0.040432 0.053236 0.040155
3 41 34.712643 0.055914 0.041124 0.054913 0.039991
3 42 34.827587 0.054085 0.040636 0.053196 0.040120
3 43 34.942528 0.051986 0.039668 0.052725 0.039835
3 44 35.057472 0.053616 0.040148 0.054365 0.040957
3 45 35.172413 0.054072 0.040873 0.053261 0.040319
3 46 35.287357 0.053089 0.040238 0.052708 0.039989
3 47 35.402298 0.053522 0.040206 0.052454 0.039393
3 48 35.517242 0.053782 0.040605 0.052723 0.040168
3 49 35.632183 0.054038 0.040210 0.053947 0.040118
3 50 35.747128 0.051728 0.039021 0.054116 0.040735
3 51 35.862068 0.051315 0.039131 0.051567 0.039074
3 52 35.977013 0.052937 0.039864 0.052306 0.039479
3 53 36.091953 0.053308 0.040369 0.052849 0.040562
3 54 36.206898 0.053729 0.040374 0.053943 0.040024
3 55 36.321838 0.053289 0.039962 0.053628 0.040268
3 56 36.436783 0.054101 0.040158 0.053902 0.039883
3 57 36.551723 0.054365 0.040646 0.053033 0.040104
3 58 36.666668 0.054157 0.040769 0.053552 0.040264
3 59 36.781609 0.052826 0.040095 0.052789 0.039884
3 60 36.896553 0.054042 0.040209 0.053256 0.039959
3 61 37.011494 0.052714 0.039875 0.053804 0.040718
3 62 37.126438 0.054217 0.040656 0.054103 0.040631
3 63 37.241379 0.053683 0.039564 0.054674 0.040913
3 64 37.356323 0.053657 0.039121 0.055155 0.040075
3 65 37.471264 0.053900 0.039824 0.054067 0.039792
3 66 37.586208 0.053493 0.040450 0.054234 0.040472
3 67 37.701149 0.052620 0.039551 0.053829 0.040565
3 68 37.816093 0.053630 0.040106 0.053096 0.039842
3 69 37.931034 0.052244 0.039673 0.052655 0.039896
3 70 38.045979 0.052635 0.039921 0.053644 0.040562
3 71 38.160919 0.053954 0.040485 0.054923 0.041055
3 72 38.275864 0.052163 0.039416 0.052739 0.039912
3 73 38.390804 0.053494 0.039920 0.053894 0.040381
3 74 38.505749 0.053870 0.039996 0.052999 0.039980
3 75 38.620689 0.051502 0.039455 0.053217 0.040472
3 76 38.735634 0.054678 0.040673 0.053731 0.040051
3 77 38.850574 0.054573 0.040988 0.053601 0.039951
3 78 38.965519 0.054595 0.040917 0.055298 0.041008
3 79 39.080460 0.053446 0.040329 0.054107 0.040212
3 80 39.195404 0.052896 0.039745 0.052329 0.039509
3 81 39.310345 0.052932 0.040339 0.052475 0.040336
3 82 39.425289 0.053413 0.040177 0.052993 0.039746
3 83 39.540230 0.054125 0.040084 0.054743 0.040358
3 84 39.655174 0.052546 0.039966 0.053765 0.040854
3 85 39.770115 0.051954 0.039756 0.053997 0.040754
3 86 39.885059 0.053029 0.040079 0.052974 0.040167
4 0 40.000000 0.053284 0.040086 0.051729 0.038952
4 1 40.114941 0.051911 0.039174 0.052682 0.039970
4 2 40.229885 0.052770 0.039598 0.052756 0.039524
4 3 40.344826 0.054401 0.040308 0.054938 0.040474
4 4 40.459770 0.053132 0.040019 0.053322 0.039950
4 5 40.574711 0.052333 0.039993 0.051586 0.039289
4 6 40.689655 0.054197 0.040782 0.053089 0.040101
4 7 40.804596 0.053006 0.040258 0.052574 0.039914
4 8 40.919540 0.051818 0.039111 0.052726 0.040104
4 9 41.034481 0.053592 0.040342 0.054031 0.040556
4 10 41.149426 0.051973 0.039295 0.053555 0.040442
4 11 41.264366 0.052793 0.039971 0.053165 0.040315
4 12 41.379311 0.054134 0.040661 0.054029 0.040825
4 13 41.494251 0.051755 0.039225 0.052902 0.039953
4 14 41.609196 0.051911 0.039644 0.053985 0.040731
4 15 41.724136 0.052500 0.040281 0.053256 0.040420
4 16 41.839081 0.054168 0.040867 0.053844 0.040585
4 17 41.954021 0.052625 0.040141 0.052704 0.040192
4 18 42.068966 0.054878 0.040614 0.054508 0.040806
4 19 42.183907 0.055670 0.040906 0.055143 0.040353
4 20 42.298851 0.053548 0.040091 0.053019 0.040400
4 21 42.413792 0.053781 0.040440 0.053508 0.040419
4 22 42.528736 0.052306 0.040163 0.051600 0.039824
4 23 42.643677 0.053819 0.039848 0.054232 0.040261
4 24 42.758621 0.055493 0.040983 0.054195 0.040299
4 25 42.873562 0.052784 0.039819 0.052217 0.039652
4 26 42.988506 0.052180 0.039454 0.053819 0.040831
4 27 43.103447 0.051757 0.039719 0.052485 0.040090
4 28 43.218391 0.052679 0.039692 0.052745 0.039732
4 29 43.333332 0.053006 0.040245 0.053252 0.040536
4 30 43.448277 0.052367 0.039771 0.051618 0.039616
4 31 43.563217 0.051201 0.039055 0.052280 0.039974
4 32 43.678162 0.051944 0.039626 0.051823 0.039299
4 33 43.793102 0.053992 0.040668 0.052670 0.039791
4 34 43.908047 0.053240 0.039417 0.053070 0.039763
4 35 44.022987 0.054089 0.040693 0.053616 0.040253
4 36 44.137932 0.051993 0.039426 0.052241 0.039793
4 37 44.252872 0.052314 0.039875 0.053769 0.040906
4 38 44.367817 0.053938 0.040546 0.053797 0.040491
4 39 44.482758 0.051991 0.039878 0.052678 0.040602
4 40 44.597702 0.051445 0.039205 0.052881 0.040107
4 41 44.712643 0.051642 0.039151 0.051996 0.039409
4 42 44.827587 0.051480 0.039353 0.051905 0.039801
4 43 44.942528 0.053029 0.039999 0.052337 0.039614
4 44 45.057472 0.053834 0.040323 0.053932 0.040441
4 45 45.172413 0.053054 0.040036 0.052019 0.039753
4 46 45.287357 0.052234 0.039590 0.053510 0.040672
4 47 45.402298 0.052577 0.039999 0.053596 0.040487
4 48 45.517242 0.051936 0.039766 0.051811 0.039320
4 49 45.632183 0.052088 0.039588 0.052995 0.039900
4 50 45.747128 0.052516 0.039982 0.052571 0.039672
4 51 45.862068 0.052344 0.040023 0.053002 0.040321
4 52 45.977013 0.052711 0.040399 0.051775 0.039247
4 53 46.091953 0.052770 0.039815 0.051792 0.039050
4 54 46.206898 0.053277 0.040186 0.052347 0.039799
4 55 46.321838 0.051925 0.039304 0.051875 0.039223
4 56 46.436783 0.052060 0.039317 0.054043 0.040648
4 57 46.551723 0.052203 0.039997 0.052011 0.039666
4 58 46.666668 0.052551 0.039823 0.052056 0.039552
4 59 46.781609 0.054082 0.040587 0.053430 0.040166
4 60 46.896553 0.051825 0.039590 0.052548 0.040358
4 61 47.011494 0.054020 0.040142 0.053994 0.040041
4 62 47.126438 0.053941 0.040517 0.052423 0.039706
4 63 47.241379 0.053014 0.040184 0.053888 0.040557
4 64 47.356323 0.052893 0.039574 0.051878 0.039102
4 65 47.471264 0.052706 0.040202 0.052427 0.039949
4 66 47.586208 0.051827 0.039722 0.051692 0.039639
4 67 47.701149 0.053363 0.040749 0.052941 0.039877
4 68 47.816093 0.051585 0.039223 0.052100 0.039527
4 69 47.931034 0.050938 0.038943 0.051829 0.039637
4 70 48.045979 0.052739 0.040035 0.052432 0.039914
4 71 48.160919 0.052391 0.039434 0.053859 0.040183
4 72 48.275864 0.051145 0.039291 0.052936 0.040550
4 73 48.390804 0.053153 0.039986 0.052268 0.039592
4 74 48.505749 0.052847 0.040116 0.051158 0.039002
4 75 48.620689 0.052626 0.039798 0.053329 0.040031
4 76 48.735634 0.052355 0.039853 0.052615 0.040072
4 77 48.850574 0.051689 0.039171 0.052925 0.040234
4 78 48.965519 0.051625 0.039014 0.052765 0.039922
4 79 49.080460 0.054107 0.040601 0.053928 0.040706
4 80 49.195404 0.051534 0.039288 0.052040 0.039467
4 81 49.310345 0.051695 0.039424 0.052938 0.040356
4 82 49.425289 0.053513 0.040511 0.052763 0.040240
4 83 49.540230 0.052010 0.039616 0.052875 0.040133
4 84 49.655174 0.051649 0.039382 0.051337 0.039068
4 85 49.770115 0.051702 0.039441 0.052324 0.040119
4 86 49.885059 0.053369 0.040328 0.051116 0.039265
5 0 50.000000 0.052095 0.039484 0.052768 0.040368
5 1 50.114941 0.052941 0.040261 0.052533 0.039627
5 2 50.229885 0.052515 0.040093 0.052269 0.039920
5 3 50.344826 0.050924 0.038789 0.052806 0.039981
5 4 50.459770 0.053318 0.040508 0.053121 0.040530
5 5 50.574711 0.053454 0.040572 0.051784 0.039311
5 6 50.689655 0.053379 0.040577 0.052220 0.039416
5 7 50.804596 0.052218 0.039819 0.051799 0.039640
5 8 50.919540 0.051203 0.038976 0.051601 0.039925
5 9 51.034481 0.052599 0.039955 0.053296 0.040293
5 10 51.149426 0.052488 0.040056 0.053067 0.040668
5 11 51.264366 0.051961 0.039255 0.053807 0.040619
5 12 51.379311 0.052040 0.039854 0.051744 0.039452
5 13 51.494251 0.052232 0.039935 0.053435 0.040645
5 14 51.609196 0.052212 0.039412 0.052514 0.040003
5 15 51.724136 0.053189 0.039858 0.053034 0.039988
5 16 51.839081 0.051717 0.039631 0.051667 0.039607
5 17 51.954021 0.052302 0.039886 0.052705 0.040101
5 18 52.068966 0.051294 0.039410 0.053070 0.040700
5 19 52.183907 0.052923 0.040130 0.052072 0.039592
5 20 52.298851 0.052081 0.039782 0.051817 0.039347
5 21 52.413792 0.051523 0.039259 0.051114 0.039365
5 22 52.528736 0.051497 0.039263 0.052786 0.040191
5 23 52.643677 0.052644 0.040073 0.052651 0.039893
5 24 52.758621 0.052707 0.039808 0.052035 0.039578
5 25 52.873562 0.052133 0.039623 0.052009 0.039384
5 26 52.988506 0.051105 0.039521 0.051379 0.039089
5 27 53.103447 0.050815 0.038931 0.050589 0.038775
5 28 53.218391 0.051741 0.039238 0.052476 0.039855
5 29 53.333332 0.051814 0.039160 0.052490 0.039958
5 30 53.448277 0.052421 0.039706 0.050885 0.039122
5 31 53.563217 0.051560 0.039606 0.052462 0.040120
5 32 53.678162 0.053429 0.040524 0.052945 0.040062
5 33 53.793102 0.054019 0.040102 0.053910 0.040043
5 34 53.908047 0.052548 0.039785 0.052863 0.039929
5 35 54.022987 0.051307 0.038997 0.052493 0.040181
5 36 54.137932 0.053032 0.040253 0.052188 0.039527
5 37 54.252872 0.050994 0.038855 0.051690 0.039618
5 38 54.367817 0.052063 0.039812 0.051813 0.039766
5 39 54.482758 0.052262 0.039838 0.051283 0.039213
5 40 54.597702 0.053258 0.040143 0.053777 0.040227
5 41 54.712643 0.052616 0.040078 0.052176 0.039651
5 42 54.827587 0.052811 0.040047 0.053144 0.040370
5 43 54.942528 0.052463 0.039395 0.052746 0.039619
5 44 55.057472 0.052792 0.039673 0.051904 0.038947
5 45 55.172413 0.051356 0.039326 0.051454 0.039541
5 46 55.287357 0.051385 0.039673 0.052067 0.039274
5 47 55.402298 0.051994 0.039945 0.051988 0.039775
5 48 55.517242 0.052001 0.039896 0.052395 0.040486
5 49 55.632183 0.053170 0.040713 0.052336 0.039755
5 50 55.747128 0.052222 0.040192 0.052170 0.039888
5 51 55.862068 0.051194 0.038948 0.051623 0.039236
5 52 55.977013 0.050881 0.038768 0.051570 0.039361
5 53 56.091953 0.051357 0.039307 0.052052 0.040273
5 54 56.206898 0.052134 0.039613 0.053521 0.041049
5 55 56.321838 0.052381 0.039949 0.052041 0.039740
5 56 56.436783 0.051998 0.039818 0.051680 0.039785
5 57 56.551723 0.051697 0.038648 0.053477 0.040397
5 58 56.666668 0.051739 0.039225 0.052922 0.040209
5 59 56.781609 0.052695 0.040348 0.050781 0.038780
5 60 56.896553 0.053108 0.039635 0.052753 0.039823
5 61 57.011494 0.051535 0.039432 0.051160 0.039096
5 62 57.126438 0.053199 0.040273 0.052353 0.039668
5 63 57.241379 0.051918 0.039519 0.051928 0.039501
5 64 57.356323 0.052238 0.039586 0.052542 0.039784
5 65 57.471264 0.052480 0.039957 0.051615 0.039473
5 66 57.586208 0.052114 0.039108 0.052235 0.039670
5 67 57.701149 0.053737 0.039588 0.052630 0.038960
5 68 57.816093 0.053711 0.040923 0.052257 0.039945
5 69 57.931034 0.052428 0.039823 0.052278 0.039693
5 70 58.045979 0.051485 0.039309 0.052610 0.039906
5 71 58.160919 0.050865 0.039401 0.052041 0.040254
5 72 58.275864 0.051787 0.039870 0.052183 0.040047
5 73 58.390804 0.053038 0.040361 0.052735 0.040335
5 74 58.505749 0.052601 0.040435 0.052014 0.039513
5 75 58.620689 0.051185 0.039184 0.052542 0.040074
5 76 58.735634 0.052871 0.039806 0.053058 0.040289
5 77 58.850574 0.052286 0.039884 0.052076 0.040009
5 78 58.965519 0.053189 0.041150 0.051310 0.039403
5 79 59.080460 0.053147 0.039810 0.052828 0.039689
5 80 59.195404 0.051618 0.039248 0.051272 0.038755
5 81 59.310345 0.051114 0.039453 0.051635 0.039335
5 82 59.425289 0.050843 0.038856 0.050990 0.039131
5 83 59.540230 0.051994 0.039565 0.051916 0.039718
5 84 59.655174 0.053484 0.040931 0.052402 0.040221
5 85 59.770115 0.053020 0.040614 0.051855 0.039513
5 86 59.885059 0.053143 0.039785 0.053332 0.040143
6 0 60.000000 0.052544 0.039802 0.052544 0.039794
6 1 60.114941 0.051727 0.039691 0.051745 0.039959
6 2 60.229885 0.051338 0.039114 0.052185 0.039986
6 3 60.344826 0.052114 0.039865 0.051445 0.039360
6 4 60.459770 0.052663 0.039573 0.052351 0.039515
6 5 60.574711 0.052212 0.039709 0.051727 0.039577
6 6 60.689655 0.052007 0.039069 0.053251 0.040210
6 7 60.804596 0.051736 0.039210 0.052525 0.039973
6 8 60.919540 0.052173 0.039734 0.052229 0.039588
6 9 61.034481 0.051084 0.038956 0.052022 0.039851
6 10 61.149426 0.051621 0.039161 0.051789 0.039820
6 11 61.264366 0.052683 0.040062 0.050932 0.038509
6 12 61.379311 0.052009 0.039873 0.050987 0.039010
6 13 61.494251 0.051771 0.039048 0.051317 0.038993
6 14 61.609196 0.051769 0.039463 0.052042 0.039728
6 15 61.724136 0.050984 0.038979 0.052236 0.040177
6 16 61.839081 0.052610 0.039701 0.052946 0.040245
6 17 61.954021 0.051923 0.039737 0.051872 0.039550
6 18 62.068966 0.051293 0.039380 0.051283 0.039114
6 19 62.183907 0.053107 0.040115 0.052656 0.040100
6 20 62.298851 0.051965 0.039433 0.050006 0.038105
6 21 62.413792 0.051860 0.040143 0.051829 0.040121
6 22 62.528736 0.051064 0.038928 0.051673 0.038894
6 23 62.643677 0.051883 0.039818 0.052065 0.039683
6 24 62.758621 0.052017 0.039944 0.051910 0.039515
6 25 62.873562 0.051600 0.039462 0.053455 0.040134
6 26 62.988506 0.052150 0.039722 0.052572 0.040486
6 27 63.103447 0.053363 0.040687 0.053256 0.040077
6 28 63.218391 0.052834 0.039970 0.051468 0.039516
6 29 63.333332 0.051776 0.038996 0.053255 0.039939
6 30 63.448277 0.051717 0.039113 0.052009 0.039710
6 31 63.563217 0.052397 0.040292 0.050863 0.039235
6 32 63.678162 0.051736 0.039219 0.051468 0.039169
6 33 63.793102 0.052764 0.040205 0.050368 0.038582
6 34 63.908047 0.051949 0.039711 0.051468 0.038676
6 35 64.022987 0.052404 0.040227 0.052642 0.040119
6 36 64.137932 0.052314 0.040075 0.051938 0.039660
6 37 64.252876 0.051299 0.039486 0.051616 0.039405
6 38 64.367813 0.052701 0.040246 0.052243 0.039987
6 39 64.482758 0.052264 0.040213 0.051327 0.039527
6 40 64.597702 0.052462 0.039639 0.052087 0.039620
6 41 64.712646 0.051928 0.039371 0.053402 0.040517
6 42 64.827583 0.050556 0.038581 0.051537 0.039762
6 43 64.942528 0.053150 0.040457 0.051710 0.039307
6 44 65.057472 0.051658 0.039376 0.052230 0.039762
6 45 65.172417 0.051960 0.039739 0.052083 0.040062
6 46 65.287354 0.053045 0.040413 0.053433 0.040807
6 47 65.402298 0.052278 0.039617 0.051990 0.039574
6 48 65.517242 0.051782 0.039632 0.051443 0.039241
6 49 65.632187 0.052656 0.040095 0.051871 0.039153
6 50 65.747124 0.051546 0.039621 0.052134 0.040164
6 51 65.862068 0.051621 0.039230 0.053051 0.040304
6 52 65.977013 0.052055 0.039572 0.051817 0.038966
6 53 66.091957 0.052984 0.040515 0.052511 0.040105
6 54 66.206894 0.052625 0.039874 0.051058 0.039115
6 55 66.321838 0.051697 0.039191 0.051478 0.038927
6 56 66.436783 0.051387 0.039797 0.050809 0.039047
6 57 66.551727 0.051852 0.040034 0.050676 0.039047
6 58 66.666664 0.052084 0.039768 0.051553 0.039494
6 59 66.781609 0.052568 0.039916 0.052247 0.039508
6 60 66.896553 0.052113 0.039823 0.050872 0.038957
6 61 67.011497 0.053390 0.040623 0.053641 0.040540
6 62 67.126434 0.051641 0.039403 0.050656 0.038860
6 63 67.241379 0.051773 0.039919 0.051557 0.039521
6 64 67.356323 0.052497 0.039891 0.052310 0.040247
6 65 67.471268 0.051888 0.039462 0.053015 0.040400
6 66 67.586205 0.051398 0.039143 0.050456 0.038810
6 67 67.701149 0.051915 0.039706 0.051846 0.039659
6 68 67.816093 0.051749 0.039536 0.051791 0.039540
6 69 67.931038 0.051726 0.039848 0.050760 0.039143
6 70 68.045975 0.052105 0.039515 0.051609 0.039046
6 71 68.160919 0.051905 0.039663 0.051607 0.039182
6 72 68.275864 0.051742 0.039305 0.052624 0.039923
6 73 68.390808 0.052212 0.039586 0.052798 0.040199
6 74 68.505745 0.051611 0.039637 0.052323 0.040220
6 75 68.620689 0.052529 0.040203 0.051905 0.039544
6 76 68.735634 0.053325 0.040419 0.053331 0.040203
6 77 68.850578 0.051473 0.039724 0.051520 0.039470
6 78 68.965515 0.049931 0.038673 0.051820 0.039786
6 79 69.080460 0.053209 0.040260 0.051301 0.039033
6 80 69.195404 0.052880 0.040425 0.053184 0.040277
6 81 69.310349 0.051321 0.039282 0.051710 0.039479
6 82 69.425285 0.052875 0.040458 0.050638 0.039022
6 83 69.540230 0.051474 0.039259 0.052952 0.040521
6 84 69.655174 0.051448 0.039363 0.051557 0.039606
6 85 69.770119 0.052923 0.040127 0.052891 0.040171
6 86 69.885056 0.051386 0.039591 0.052438 0.040005
7 0 70.000000 0.052203 0.039986 0.050543 0.039027
7 1 70.114944 0.050051 0.038277 0.053389 0.040672
7 2 70.229881 0.051479 0.039722 0.051588 0.039721
7 3 70.344826 0.053387 0.040354 0.051312 0.038980
7 4 70.459770 0.052592 0.039897 0.052001 0.039471
7 5 70.574715 0.052167 0.040008 0.051314 0.039122
7 6 70.689651 0.052912 0.040124 0.050986 0.038838
7 7 70.804596 0.050848 0.038832 0.053037 0.040485
7 8 70.919540 0.051912 0.039712 0.052170 0.039638
7 9 71.034485 0.052045 0.039595 0.052208 0.040077
7 10 71.149422 0.051507 0.039555 0.051910 0.039680
7 11 71.264366 0.052090 0.039913 0.051145 0.039369
7 12 71.379311 0.050559 0.038849 0.051147 0.039623
7 13 71.494255 0.052250 0.039619 0.052608 0.039856
7 14 71.609192 0.052168 0.039983 0.051877 0.039777
7 15 71.724136 0.051685 0.039442 0.051363 0.039368
7 16 71.839081 0.052329 0.039480 0.052292 0.039404
7 17 71.954025 0.052006 0.039847 0.052358 0.039816
7 18 72.068962 0.051441 0.039532 0.052329 0.039753
7 19 72.183907 0.051025 0.039077 0.051269 0.039219
7 20 72.298851 0.053023 0.040339 0.053139 0.040455
7 21 72.413795 0.052455 0.039797 0.050853 0.038924
7 22 72.528732 0.050892 0.039134 0.051644 0.039440
7 23 72.643677 0.053464 0.040935 0.053562 0.041204
7 24 72.758621 0.052058 0.039971 0.052068 0.039426
7 25 72.873566 0.051843 0.039595 0.052897 0.040326
7 26 72.988503 0.051042 0.039082 0.051384 0.039527
7 27 73.103447 0.051684 0.039473 0.051828 0.039669
7 28 73.218391 0.051879 0.039767 0.052403 0.039639
7 29 73.333336 0.051357 0.039358 0.050915 0.039135
7 30 73.448273 0.050592 0.039232 0.052149 0.040040
7 31 73.563217 0.051538 0.039852 0.050320 0.038655
7 32 73.678162 0.051924 0.039531 0.051559 0.039548
7 33 73.793106 0.050997 0.039700 0.050721 0.039331
7 34 73.908043 0.052364 0.040074 0.051743 0.039386
7 35 74.022987 0.051989 0.040032 0.051052 0.039264
7 36 74.137932 0.051257 0.039309 0.052223 0.039801
7 37 74.252876 0.051517 0.039155 0.053413 0.040780
7 38 74.367813 0.051838 0.040201 0.051837 0.039766
7 39 74.482758 0.052095 0.039847 0.052398 0.039661
7 40 74.597702 0.053418 0.040757 0.052499 0.039580
7 41 74.712646 0.052830 0.040404 0.051070 0.039012
7 42 74.827583 0.052356 0.039412 0.051904 0.039447
7 43 74.942528 0.051724 0.039396 0.051976 0.039716
7 44 75.057472 0.053093 0.039686 0.053601 0.039974
7 45 75.172417 0.052842 0.039827 0.052824 0.039827
7 46 75.287354 0.051781 0.039131 0.052688 0.040081
7 47 75.402298 0.052414 0.040073 0.052688 0.040274
7 48 75.517242 0.053627 0.040452 0.053953 0.040662
7 49 75.632187 0.052299 0.039832 0.052189 0.039626
7 50 75.747124 0.054065 0.040806 0.052327 0.039945
7 51 75.862068 0.051431 0.039817 0.051864 0.039702
7 52 75.977013 0.052377 0.039882 0.050820 0.039288
7 53 76.091957 0.052409 0.040539 0.050529 0.038479
7 54 76.206894 0.051658 0.039514 0.052369 0.039957
7 55 76.321838 0.051320 0.039271 0.052093 0.039980
7 56 76.436783 0.051517 0.039410 0.051745 0.039415
7 57 76.551727 0.051776 0.039617 0.050121 0.038228
7 58 76.666664 0.051682 0.039794 0.052150 0.040150
7 59 76.781609 0.052054 0.039565 0.052190 0.039989
7 60 76.896553 0.051609 0.039428 0.052251 0.040300
7 61 77.011497 0.051396 0.038972 0.051878 0.039223
7 62 77.126434 0.052984 0.040475 0.052368 0.039857
7 63 77.241379 0.052070 0.040020 0.053342 0.040735
7 64 77.356323 0.051469 0.039241 0.051760 0.039357
7 65 77.471268 0.051886 0.039684 0.052051 0.039522
7 66 77.586205 0.051869 0.039495 0.051021 0.039138
7 67 77.701149 0.052555 0.039782 0.052193 0.039847
7 68 77.816093 0.051877 0.039836 0.052622 0.040748
7 69 77.931038 0.052447 0.040048 0.051871 0.039606
7 70 78.045975 0.051200 0.039302 0.052297 0.040165
7 71 78.160919 0.051001 0.039189 0.051627 0.039639
7 72 78.275864 0.054671 0.040895 0.054159 0.040278
7 73 78.390808 0.051544 0.039451 0.051677 0.039344
7 74 78.505745 0.050718 0.039080 0.051793 0.039628
7 75 78.620689 0.051824 0.040071 0.051668 0.039521
7 76 78.735634 0.052036 0.039852 0.050078 0.038898
7 77 78.850578 0.052050 0.040269 0.050677 0.039464
7 78 78.965515 0.051844 0.039971 0.051772 0.040293
7 79 79.080460 0.052260 0.040060 0.050540 0.038448
7 80 79.195404 0.052524 0.039995 0.052352 0.039977
7 81 79.310349 0.051937 0.040137 0.050863 0.039123
7 82 79.425285 0.052773 0.040234 0.052572 0.039824
7 83 79.540230 0.051405 0.039081 0.053065 0.040522
7 84 79.655174 0.052372 0.040495 0.051897 0.039636
7 85 79.770119 0.051120 0.038891 0.050140 0.038638
7 86 79.885056 0.052205 0.039801 0.052864 0.040428
8 0 80.000000 0.051319 0.039497 0.051724 0.039634
8 1 80.114944 0.051701 0.039462 0.052990 0.040253
8 2 80.229881 0.051740 0.039399 0.051114 0.039462
8 3 80.344826 0.053342 0.040884 0.051194 0.039368
8 4 80.459770 0.053020 0.039684 0.053820 0.040256
8 5 80.574715 0.052402 0.039856 0.052359 0.039890
8 6 80.689651 0.050552 0.038582 0.051490 0.039627
8 7 80.804596 0.051377 0.039353 0.052353 0.040215
8 8 80.919540 0.053266 0.040463 0.051782 0.039745
8 9 81.034485 0.051429 0.039136 0.051063 0.039220
8 10 81.149422 0.052063 0.039388 0.051672 0.039411
8 11 81.264366 0.051457 0.039355 0.050315 0.038536
8 12 81.379311 0.051208 0.039473 0.050822 0.039143
8 13 81.494255 0.051614 0.039566 0.051271 0.039066
8 14 81.609192 0.051249 0.038831 0.052236 0.039589
8 15 81.724136 0.051776 0.039628 0.051603 0.039105
8 16 81.839081 0.052091 0.039896 0.051400 0.039391
8 17 81.954025 0.051871 0.039731 0.051676 0.039205
8 18 82.068962 0.051017 0.039258 0.051772 0.039478
8 19 82.183907 0.050936 0.039400 0.052279 0.040023
8 20 82.298851 0.050590 0.038910 0.051178 0.039564
8 21 82.413795 0.052269 0.039789 0.051180 0.038872
8 22 82.528732 0.051766 0.039835 0.051098 0.039452
8 23 82.643677 0.050865 0.039033 0.051922 0.040315
8 24 82.758621 0.050899 0.039051 0.051131 0.039325
8 25 82.873566 0.051641 0.039483 0.051561 0.039710
8 26 82.988503 0.051437 0.039300 0.051253 0.039703
8 27 83.103447 0.053240 0.040671 0.052662 0.039992
8 28 83.218391 0.051590 0.039385 0.051348 0.039425
8 29 83.333336 0.052438 0.039939 0.053205 0.040329
8 30 83.448273 0.051205 0.039204 0.051400 0.039582
8 31 83.563217 0.051252 0.039274 0.052242 0.039958
8 32 83.678162 0.053070 0.040620 0.052183 0.039735
8 33 83.793106 0.050203 0.038628 0.051572 0.039618
8 34 83.908043 0.051314 0.039380 0.051523 0.039488
8 35 84.022987 0.052292 0.039626 0.052965 0.039640
8 36 84.137932 0.051719 0.039642 0.050389 0.038905
8 37 84.252876 0.052176 0.040355 0.051131 0.039717
8 38 84.367813 0.051702 0.039635 0.052639 0.040512
8 39 84.482758 0.051615 0.039645 0.051715 0.039964
8 40 84.597702 0.051354 0.039322 0.051724 0.040030
8 41 84.712646 0.051081 0.039000 0.052797 0.040533
8 42 84.827583 0.050793 0.038668 0.051762 0.039858
8 43 84.942528 0.051098 0.039288 0.052422 0.040554
8 44 85.057472 0.051137 0.039297 0.051149 0.039714
8 45 85.172417 0.051969 0.039645 0.051612 0.039564
8 46 85.287354 0.050702 0.039042 0.051946 0.040232
8 47 85.402298 0.051700 0.040014 0.051005 0.039610
8 48 85.517242 0.051847 0.039412 0.052427 0.040084
8 49 85.632187 0.053216 0.041174 0.050467 0.038974
8 50 85.747124 0.051426 0.039176 0.051198 0.039490
8 51 85.862068 0.050293 0.038683 0.050702 0.038869
8 52 85.977013 0.050505 0.039200 0.051285 0.039891
8 53 86.091957 0.052481 0.039931 0.052412 0.039824
8 54 86.206894 0.051681 0.039803 0.050491 0.039225
8 55 86.321838 0.050245 0.038523 0.051753 0.039874
8 56 86.436783 0.052624 0.040151 0.051711 0.039095
8 57 86.551727 0.052400 0.039992 0.051862 0.039726
8 58 86.666664 0.052687 0.040400 0.051717 0.039434
8 59 86.781609 0.050569 0.039060 0.050688 0.039113
8 60 86.896553 0.052040 0.039604 0.052362 0.040013
8 61 87.011497 0.052940 0.040511 0.051521 0.039704
8 62 87.126434 0.052573 0.040530 0.051451 0.039566
8 63 87.241379 0.051206 0.038913 0.051184 0.039250
8 64 87.356323 0.051255 0.039473 0.050573 0.038970
8 65 87.471268 0.052949 0.040242 0.052168 0.040038
8 66 87.586205 0.051231 0.039503 0.051096 0.039876
8 67 87.701149 0.049348 0.038259 0.051168 0.039481
8 68 87.816093 0.052319 0.039689 0.051704 0.039367
8 69 87.931038 0.050917 0.039151 0.051882 0.039816
8 70 88.045975 0.050102 0.038601 0.050892 0.039485
8 71 88.160919 0.051898 0.039768 0.051270 0.039121
8 72 88.275864 0.050881 0.038793 0.051306 0.039137
8 73 88.390808 0.051586 0.039069 0.051899 0.039611
8 74 88.505745 0.051195 0.039494 0.051332 0.039775
8 75 88.620689 0.051427 0.039401 0.050952 0.039410
8 76 88.735634 0.051680 0.039748 0.051179 0.039461
8 77 88.850578 0.051920 0.039621 0.052649 0.040688
8 78 88.965515 0.051853 0.040018 0.050760 0.038795
8 79 89.080460 0.051098 0.039646 0.050709 0.039083
8 80 89.195404 0.050698 0.039346 0.050416 0.038746
8 81 89.310349 0.051884 0.039755 0.051590 0.040094
8 82 89.425285 0.051692 0.039659 0.051083 0.039109
8 83 89.540230 0.052351 0.040879 0.051137 0.039370
8 84 89.655174 0.050155 0.038848 0.052061 0.040084
8 85 89.770119 0.052718 0.040347 0.050723 0.038623
8 86 89.885056 0.051969 0.040246 0.051018 0.039486
9 0 90.000000 0.051059 0.039895 0.051674 0.039543
9 1 90.114944 0.052529 0.040784 0.051983 0.039898
9 2 90.229881 0.050217 0.039000 0.051722 0.039277
9 3 90.344826 0.051333 0.039595 0.051893 0.040093
9 4 90.459770 0.051503 0.039633 0.051355 0.039911
9 5 90.574715 0.051701 0.039313 0.050982 0.039025
9 6 90.689651 0.050572 0.038975 0.051382 0.039939
9 7 90.804596 0.051135 0.039262 0.051677 0.039369
9 8 90.919540 0.051385 0.039503 0.051137 0.039432
9 9 91.034485 0.051910 0.039469 0.051587 0.039777
9 10 91.149422 0.049747 0.038672 0.051224 0.039856
9 11 91.264366 0.052660 0.040146 0.050811 0.038618
9 12 91.379311 0.051455 0.039631 0.051562 0.039434
9 13 91.494255 0.051734 0.040012 0.051342 0.039783
9 14 91.609192 0.051157 0.039408 0.051758 0.040219
9 15 91.724136 0.051638 0.039881 0.051424 0.039166
9 16 91.839081 0.050197 0.038884 0.051822 0.039718
9 17 91.954025 0.051762 0.039675 0.051647 0.039406
9 18 92.068962 0.050980 0.039108 0.050489 0.038625
9 19 92.183907 0.052293 0.039725 0.051697 0.039825
9 20 92.298851 0.051289 0.039539 0.051688 0.039755
9 21 92.413795 0.049354 0.037868 0.052011 0.039781
9 22 92.528732 0.050737 0.039153 0.051420 0.039205
9 23 92.643677 0.052417 0.039852 0.052026 0.039506
9 24 92.758621 0.051521 0.039916 0.050706 0.039112
9 25 92.873566 0.051565 0.039559 0.052309 0.039744
9 26 92.988503 0.051592 0.039220 0.052085 0.039267
9 27 93.103447 0.051336 0.039455 0.052088 0.039833
9 28 93.218391 0.052037 0.039469 0.051715 0.039099
9 29 93.333336 0.051912 0.039499 0.049984 0.038569
9 30 93.448273 0.052189 0.040034 0.051845 0.039877
9 31 93.563217 0.052444 0.039873 0.051752 0.039329
9 32 93.678162 0.051244 0.039395 0.051445 0.039328
9 33 93.793106 0.051008 0.038995 0.050799 0.038608
9 34 93.908043 0.050611 0.038961 0.051659 0.039810
9 35 94.022987 0.051212 0.039537 0.050814 0.039328
9 36 94.137932 0.050315 0.039207 0.051627 0.039838
9 37 94.252876 0.051254 0.039525 0.051204 0.039178
9 38 94.367813 0.052047 0.040450 0.051130 0.039323
9 39 94.482758 0.052466 0.040431 0.051401 0.039695
9 40 94.597702 0.050991 0.039217 0.050694 0.039301
9 41 94.712646 0.051517 0.039715 0.051890 0.039863
9 42 94.827583 0.052217 0.039707 0.052530 0.040212
9 43 94.942528 0.052275 0.039784 0.051523 0.039563
9 44 95.057472 0.052717 0.040012 0.052069 0.039437
9 45 95.172417 0.051397 0.039316 0.050904 0.038613
9 46 95.287354 0.051358 0.038943 0.051284 0.039156
9 47 95.402298 0.050972 0.039391 0.051760 0.039804
9 48 95.517242 0.051227 0.039098 0.051081 0.038982
9 49 95.632187 0.051317 0.039551 0.051401 0.039411
9 50 95.747124 0.050953 0.039151 0.050433 0.038872
9 51 95.862068 0.052184 0.040031 0.052190 0.039970
9 52 95.977013 0.051154 0.039223 0.051591 0.039513
9 53 96.091957 0.051818 0.039885 0.050768 0.039310
9 54 96.206894 0.051327 0.039058 0.051958 0.039284
9 55 96.321838 0.051989 0.040038 0.051429 0.039312
9 56 96.436783 0.052839 0.039816 0.050643 0.038612
9 57 96.551727 0.051085 0.039522 0.051427 0.039450
9 58 96.666664 0.051405 0.039364 0.052847 0.040645
9 59 96.781609 0.051755 0.039997 0.051977 0.039855
9 60 96.896553 0.051423 0.039189 0.053350 0.040671
9 61 97.011497 0.050839 0.039083 0.049517 0.038060
9 62 97.126434 0.050528 0.038947 0.050322 0.038683
9 63 97.241379 0.051781 0.039476 0.050793 0.038784
9 64 97.356323 0.051528 0.039270 0.051767 0.039442
9 65 97.471268 0.051876 0.039758 0.050668 0.038609
9 66 97.586205 0.050690 0.038990 0.052168 0.040008
9 67 97.701149 0.051392 0.039976 0.050046 0.039049
9 68 97.816093 0.050894 0.038763 0.053041 0.040364
9 69 97.931038 0.051705 0.039738 0.052721 0.040368
9 70 98.045975 0.051307 0.039514 0.051070 0.039192
9 71 98.160919 0.052296 0.040286 0.052618 0.040522
9 72 98.275864 0.051690 0.039531 0.050916 0.038933
9 73 98.390808 0.051699 0.039497 0.051955 0.039568
9 74 98.505745 0.051930 0.040088 0.050494 0.038932
9 75 98.620689 0.051160 0.039113 0.052833 0.040079
9 76 98.735634 0.051440 0.039457 0.052404 0.039786
9 77 98.850578 0.052056 0.039982 0.052025 0.039700
9 78 98.965515 0.051870 0.039607 0.051659 0.039861
9 79 99.080460 0.051870 0.039834 0.051181 0.039464
9 80 99.195404 0.051169 0.039409 0.051022 0.039525
9 81 99.310349 0.052082 0.039374 0.051716 0.039484
9 82 99.425285 0.050268 0.038782 0.051558 0.039838
9 83 99.540230 0.050815 0.039434 0.051737 0.039874
9 84 99.655174 0.052770 0.040264 0.051726 0.039283
9 85 99.770119 0.052631 0.040054 0.051529 0.039762
9 86 99.885056 0.052096 0.040327 0.051338 0.039645
