network init start

hyperparameters
init_weight_range 0.000000 ,xavier
learning_rate 0.000050
lambda1 0.000000
lambda2 0.000000
dropout 0.020000
minibatch size 32

   DENSE CONVOLUTION  [   40    20    12] [    3     3     8] [   40    20    20] [       864          8][    697600]
                RELU  [   40    20    20] [    1     1     1] [   40    20    20] [         0          0][     32000]
   DENSE CONVOLUTION  [   40    20    20] [    3     3     8] [   40    20    28] [      1440          8][   1158400]
                RELU  [   40    20    28] [    1     1     1] [   40    20    28] [         0          0][     44800]
   DENSE CONVOLUTION  [   40    20    28] [    3     3     8] [   40    20    36] [      2016          8][   1619200]
                RELU  [   40    20    36] [    1     1     1] [   40    20    36] [         0          0][     57600]
   DENSE CONVOLUTION  [   40    20    36] [    3     3     8] [   40    20    44] [      2592          8][   2080000]
                RELU  [   40    20    44] [    1     1     1] [   40    20    44] [         0          0][     70400]
         CONVOLUTION  [   40    20    44] [    1     1    32] [   40    20    32] [      1408         32][   1152000]
                RELU  [   40    20    32] [    1     1     1] [   40    20    32] [         0          0][     51200]
             DROPOUT  [   40    20    32] [    1     1     1] [   40    20    32] [         0          0][     51200]
                  FC  [   40    20    32] [    1     1     3] [    1     1     3] [     76800          3][    153606]

input_geometry  [40 20 12]
output_geometry [1 1 3]
network flops operations 7168006 FLOPS, 0.007168 GFLOPS
init DONE

network destructor done
