0.000000 0 0 0.002179 0.000000 0.169022 0.002187 0.000000 0.248727
0.200000 0 1 0.002067 0.000000 0.184690 0.002034 0.000000 0.177026
0.400000 0 2 0.001934 0.000000 0.191970 0.001937 0.000000 0.172931
0.600000 0 3 0.002062 0.000000 0.181309 0.002026 0.000000 0.234089
0.800000 0 4 0.001808 0.000000 0.199206 0.001817 0.000000 0.265937
1.000000 1 0 0.001786 0.000000 0.187083 0.001801 0.000000 0.205828
1.200000 1 1 0.001797 0.000000 0.194736 0.001779 0.000000 0.230050
1.400000 1 2 0.001869 0.000000 0.195914 0.001841 0.000000 0.226537
1.600000 1 3 0.001720 0.000000 0.204289 0.001735 0.000000 0.174388
1.800000 1 4 0.001632 0.000000 0.183164 0.001646 0.000000 0.154446
2.000000 2 0 0.001883 0.000000 0.197523 0.001896 0.000000 0.179706
2.200000 2 1 0.001723 0.000000 0.191466 0.001719 0.000000 0.235223
2.400000 2 2 0.001676 0.000000 0.203177 0.001685 0.000000 0.237970
2.600000 2 3 0.001738 0.000000 0.191405 0.001764 0.000000 0.191405
2.800000 2 4 0.001690 0.000000 0.193519 0.001691 0.000000 0.200917
3.000000 3 0 0.001716 0.000000 0.202376 0.001707 0.000000 0.243043
3.200000 3 1 0.001678 0.000000 0.184895 0.001675 0.000000 0.220512
3.400000 3 2 0.001727 0.000000 0.198970 0.001737 0.000000 0.201702
3.600000 3 3 0.001636 0.000000 0.195215 0.001642 0.000000 0.174374
3.800000 3 4 0.001700 0.000000 0.189847 0.001736 0.000000 0.221563
4.000000 4 0 0.001658 0.000000 0.177760 0.001700 0.000000 0.242906
4.200000 4 1 0.001791 0.000000 0.194490 0.001732 0.000000 0.168394
4.400000 4 2 0.001652 0.000000 0.185211 0.001690 0.000000 0.217711
4.600000 4 3 0.001664 0.000000 0.194940 0.001726 0.000000 0.227120
4.800000 4 4 0.001732 0.000000 0.210915 0.001737 0.000000 0.210915
5.000000 5 0 0.001664 0.000000 0.187184 0.001674 0.000000 0.178434
5.200000 5 1 0.001682 0.000000 0.182312 0.001673 0.000000 0.233223
5.400000 5 2 0.001792 0.000000 0.204725 0.001823 0.000000 0.228478
5.600000 5 3 0.001627 0.000000 0.200625 0.001666 0.000000 0.154682
5.800000 5 4 0.001597 0.000000 0.181545 0.001595 0.000000 0.169036
6.000000 6 0 0.001614 0.000000 0.194672 0.001626 0.000000 0.200436
6.200000 6 1 0.001793 0.000000 0.196756 0.001816 0.000000 0.225289
6.400000 6 2 0.001560 0.000000 0.189908 0.001587 0.000000 0.175336
6.600000 6 3 0.001705 0.000000 0.194218 0.001730 0.000000 0.221741
6.800000 6 4 0.001639 0.000000 0.188267 0.001631 0.000000 0.200517
7.000000 7 0 0.001610 0.000000 0.180785 0.001587 0.000000 0.176415
7.200000 7 1 0.001781 0.000000 0.174010 0.001800 0.000000 0.242167
7.400000 7 2 0.001693 0.000000 0.182439 0.001738 0.000000 0.146380
7.600000 7 3 0.001891 0.000000 0.184828 0.001896 0.000000 0.165058
7.800000 7 4 0.001649 0.000000 0.179764 0.001672 0.000000 0.155281
8.000000 8 0 0.001619 0.000000 0.184676 0.001610 0.000000 0.224777
8.200000 8 1 0.001617 0.000000 0.182985 0.001584 0.000000 0.149195
8.400000 8 2 0.001673 0.000000 0.197187 0.001672 0.000000 0.182470
8.600000 8 3 0.001536 0.000000 0.179753 0.001567 0.000000 0.222298
8.800000 8 4 0.001671 0.000000 0.191723 0.001659 0.000000 0.215191
9.000000 9 0 0.001625 0.000000 0.198188 0.001643 0.000000 0.182719
9.200000 9 1 0.001657 0.000000 0.184643 0.001648 0.000000 0.184733
9.400000 9 2 0.001657 0.000000 0.185445 0.001671 0.000000 0.159218
9.600000 9 3 0.001546 0.000000 0.180238 0.001551 0.000000 0.209497
9.800000 9 4 0.001620 0.000000 0.184662 0.001623 0.000000 0.136680
