initializing
training size    : 359556
testing size     : 20000
epoch count      : 10
sub epoch size   : 5

epoch_learning_rate_decay   : 8
learning_rate_decay         : 0.250000

training



epoch [0 0] from [10 5]
training time per iterations 3.470707[ms]
testing on 20000 items
testing done
average error 0.002275
min error     0.000000
max error     0.182615
saving best net
best net saved to networks/disc40x20x3_window_size_4/net_6_depth/trained/, with error 0.002275



epoch [0 1] from [10 5]
training time per iterations 3.445898[ms]
testing on 20000 items
testing done
average error 0.002020
min error     0.000000
max error     0.188741
saving best net
best net saved to networks/disc40x20x3_window_size_4/net_6_depth/trained/, with error 0.002020



epoch [0 2] from [10 5]
training time per iterations 3.473432[ms]
testing on 20000 items
testing done
average error 0.002015
min error     0.000000
max error     0.203823
saving best net
best net saved to networks/disc40x20x3_window_size_4/net_6_depth/trained/, with error 0.002015



epoch [0 3] from [10 5]
training time per iterations 3.478967[ms]
testing on 20000 items
testing done
average error 0.001910
min error     0.000000
max error     0.186461
saving best net
best net saved to networks/disc40x20x3_window_size_4/net_6_depth/trained/, with error 0.001910



epoch [0 4] from [10 5]
training time per iterations 3.473127[ms]
testing on 20000 items
testing done
average error 0.001784
min error     0.000000
max error     0.184280
saving best net
best net saved to networks/disc40x20x3_window_size_4/net_6_depth/trained/, with error 0.001784



epoch [1 0] from [10 5]
training time per iterations 3.471360[ms]
testing on 20000 items
testing done
average error 0.001795
min error     0.000000
max error     0.170144



epoch [1 1] from [10 5]
training time per iterations 3.475032[ms]
testing on 20000 items
testing done
average error 0.001889
min error     0.000000
max error     0.172962



epoch [1 2] from [10 5]
training time per iterations 3.471347[ms]
testing on 20000 items
testing done
average error 0.001895
min error     0.000000
max error     0.183506



epoch [1 3] from [10 5]
training time per iterations 3.470025[ms]
testing on 20000 items
testing done
average error 0.001742
min error     0.000000
max error     0.184391
saving best net
best net saved to networks/disc40x20x3_window_size_4/net_6_depth/trained/, with error 0.001742



epoch [1 4] from [10 5]
training time per iterations 3.474893[ms]
testing on 20000 items
testing done
average error 0.001733
min error     0.000000
max error     0.160990
saving best net
best net saved to networks/disc40x20x3_window_size_4/net_6_depth/trained/, with error 0.001733



epoch [2 0] from [10 5]
training time per iterations 3.469400[ms]
testing on 20000 items
testing done
average error 0.001715
min error     0.000000
max error     0.189031
saving best net
best net saved to networks/disc40x20x3_window_size_4/net_6_depth/trained/, with error 0.001715



epoch [2 1] from [10 5]
training time per iterations 3.471194[ms]
testing on 20000 items
testing done
average error 0.001862
min error     0.000000
max error     0.185814



epoch [2 2] from [10 5]
training time per iterations 3.469650[ms]
testing on 20000 items
testing done
average error 0.001711
min error     0.000000
max error     0.181347
saving best net
best net saved to networks/disc40x20x3_window_size_4/net_6_depth/trained/, with error 0.001711



epoch [2 3] from [10 5]
training time per iterations 3.473558[ms]
testing on 20000 items
testing done
average error 0.001658
min error     0.000000
max error     0.180668
saving best net
best net saved to networks/disc40x20x3_window_size_4/net_6_depth/trained/, with error 0.001658



epoch [2 4] from [10 5]
training time per iterations 3.476033[ms]
testing on 20000 items
testing done
average error 0.001781
min error     0.000000
max error     0.168934



epoch [3 0] from [10 5]
training time per iterations 3.471750[ms]
testing on 20000 items
testing done
average error 0.001849
min error     0.000000
max error     0.188160



epoch [3 1] from [10 5]
training time per iterations 3.471486[ms]
testing on 20000 items
testing done
average error 0.001618
min error     0.000000
max error     0.175329
saving best net
best net saved to networks/disc40x20x3_window_size_4/net_6_depth/trained/, with error 0.001618



epoch [3 2] from [10 5]
training time per iterations 3.470735[ms]
testing on 20000 items
testing done
average error 0.001772
min error     0.000000
max error     0.174936



epoch [3 3] from [10 5]
training time per iterations 3.469900[ms]
testing on 20000 items
testing done
average error 0.001706
min error     0.000000
max error     0.185709



epoch [3 4] from [10 5]
training time per iterations 3.456147[ms]
testing on 20000 items
testing done
average error 0.001865
min error     0.000000
max error     0.192921



epoch [4 0] from [10 5]
training time per iterations 3.470679[ms]
testing on 20000 items
testing done
average error 0.001836
min error     0.000000
max error     0.185690



epoch [4 1] from [10 5]
training time per iterations 3.476589[ms]
testing on 20000 items
testing done
average error 0.001666
min error     0.000000
max error     0.175087



epoch [4 2] from [10 5]
training time per iterations 3.472765[ms]
testing on 20000 items
testing done
average error 0.001616
min error     0.000000
max error     0.163539
saving best net
best net saved to networks/disc40x20x3_window_size_4/net_6_depth/trained/, with error 0.001616



epoch [4 3] from [10 5]
training time per iterations 3.472751[ms]
testing on 20000 items
testing done
average error 0.001689
min error     0.000000
max error     0.182136



epoch [4 4] from [10 5]
training time per iterations 3.471764[ms]
testing on 20000 items
testing done
average error 0.001711
min error     0.000000
max error     0.173165



epoch [5 0] from [10 5]
training time per iterations 3.474044[ms]
testing on 20000 items
testing done
average error 0.001783
min error     0.000000
max error     0.159721



epoch [5 1] from [10 5]
training time per iterations 3.469817[ms]
testing on 20000 items
testing done
average error 0.001611
min error     0.000000
max error     0.168424
saving best net
best net saved to networks/disc40x20x3_window_size_4/net_6_depth/trained/, with error 0.001611



epoch [5 2] from [10 5]
training time per iterations 3.472987[ms]
testing on 20000 items
testing done
average error 0.001660
min error     0.000000
max error     0.187051



epoch [5 3] from [10 5]
training time per iterations 3.477785[ms]
testing on 20000 items
testing done
average error 0.001646
min error     0.000000
max error     0.161778



epoch [5 4] from [10 5]
training time per iterations 3.479231[ms]
testing on 20000 items
testing done
average error 0.001667
min error     0.000000
max error     0.190728



epoch [6 0] from [10 5]
training time per iterations 3.470971[ms]
testing on 20000 items
testing done
average error 0.001769
min error     0.000000
max error     0.164371



epoch [6 1] from [10 5]
training time per iterations 3.476158[ms]
testing on 20000 items
testing done
average error 0.001665
min error     0.000000
max error     0.181738



epoch [6 2] from [10 5]
training time per iterations 3.474503[ms]
testing on 20000 items
testing done
average error 0.001614
min error     0.000000
max error     0.159638



epoch [6 3] from [10 5]
training time per iterations 3.470637[ms]
testing on 20000 items
testing done
average error 0.001573
min error     0.000000
max error     0.178026
saving best net
best net saved to networks/disc40x20x3_window_size_4/net_6_depth/trained/, with error 0.001573



epoch [6 4] from [10 5]
training time per iterations 3.477326[ms]
testing on 20000 items
testing done
average error 0.001669
min error     0.000000
max error     0.166593



epoch [7 0] from [10 5]
training time per iterations 3.472640[ms]
testing on 20000 items
testing done
average error 0.001718
min error     0.000000
max error     0.167162



epoch [7 1] from [10 5]
training time per iterations 3.474503[ms]
testing on 20000 items
testing done
average error 0.001577
min error     0.000000
max error     0.166962



epoch [7 2] from [10 5]
training time per iterations 3.470971[ms]
testing on 20000 items
testing done
average error 0.001674
min error     0.000000
max error     0.170709



epoch [7 3] from [10 5]
training time per iterations 3.473168[ms]
testing on 20000 items
testing done
average error 0.001619
min error     0.000000
max error     0.152659



epoch [7 4] from [10 5]
training time per iterations 3.461849[ms]
testing on 20000 items
testing done
average error 0.001577
min error     0.000000
max error     0.161779
setting learning rate to 0.000050



epoch [8 0] from [10 5]
training time per iterations 3.471082[ms]
testing on 20000 items
testing done
average error 0.001572
min error     0.000000
max error     0.162742
saving best net
best net saved to networks/disc40x20x3_window_size_4/net_6_depth/trained/, with error 0.001572



epoch [8 1] from [10 5]
training time per iterations 3.475657[ms]
testing on 20000 items
testing done
average error 0.001626
min error     0.000000
max error     0.166336



epoch [8 2] from [10 5]
training time per iterations 3.470735[ms]
testing on 20000 items
testing done
average error 0.001659
min error     0.000000
max error     0.172567



epoch [8 3] from [10 5]
training time per iterations 3.462919[ms]
testing on 20000 items
testing done
average error 0.001589
min error     0.000000
max error     0.179594



epoch [8 4] from [10 5]
training time per iterations 3.470290[ms]
testing on 20000 items
testing done
average error 0.001591
min error     0.000000
max error     0.161614



epoch [9 0] from [10 5]
training time per iterations 3.462641[ms]
testing on 20000 items
testing done
average error 0.001636
min error     0.000000
max error     0.163043



epoch [9 1] from [10 5]
training time per iterations 3.472515[ms]
testing on 20000 items
testing done
average error 0.001578
min error     0.000000
max error     0.161951



epoch [9 2] from [10 5]
training time per iterations 3.466980[ms]
testing on 20000 items
testing done
average error 0.001578
min error     0.000000
max error     0.164040



epoch [9 3] from [10 5]
training time per iterations 3.474559[ms]
testing on 20000 items
testing done
average error 0.001636
min error     0.000000
max error     0.179854



epoch [9 4] from [10 5]
training time per iterations 3.468746[ms]
testing on 20000 items
testing done
average error 0.001609
min error     0.000000
max error     0.169526
training done
