0.000000 0 0 0.002275 0.000000 0.182615 0.002281 0.000000 0.189002
0.200000 0 1 0.002020 0.000000 0.188741 0.002066 0.000000 0.236395
0.400000 0 2 0.002015 0.000000 0.203823 0.002071 0.000000 0.155697
0.600000 0 3 0.001910 0.000000 0.186461 0.001940 0.000000 0.158229
0.800000 0 4 0.001784 0.000000 0.184280 0.001794 0.000000 0.196253
1.000000 1 0 0.001795 0.000000 0.170144 0.001861 0.000000 0.231325
1.200000 1 1 0.001889 0.000000 0.172962 0.001904 0.000000 0.188878
1.400000 1 2 0.001895 0.000000 0.183506 0.001917 0.000000 0.251647
1.600000 1 3 0.001742 0.000000 0.184391 0.001763 0.000000 0.215666
1.800000 1 4 0.001733 0.000000 0.160990 0.001717 0.000000 0.254861
2.000000 2 0 0.001715 0.000000 0.189031 0.001717 0.000000 0.245909
2.200000 2 1 0.001862 0.000000 0.185814 0.001903 0.000000 0.231666
2.400000 2 2 0.001711 0.000000 0.181347 0.001734 0.000000 0.213929
2.600000 2 3 0.001658 0.000000 0.180668 0.001658 0.000000 0.202538
2.800000 2 4 0.001781 0.000000 0.168934 0.001778 0.000000 0.188309
3.000000 3 0 0.001849 0.000000 0.188160 0.001854 0.000000 0.212088
3.200000 3 1 0.001618 0.000000 0.175329 0.001620 0.000000 0.242681
3.400000 3 2 0.001772 0.000000 0.174936 0.001778 0.000000 0.240092
3.600000 3 3 0.001706 0.000000 0.185709 0.001730 0.000000 0.259206
3.800000 3 4 0.001865 0.000000 0.192921 0.001865 0.000000 0.192921
4.000000 4 0 0.001836 0.000000 0.185690 0.001851 0.000000 0.225731
4.200000 4 1 0.001666 0.000000 0.175087 0.001646 0.000000 0.221544
4.400000 4 2 0.001616 0.000000 0.163539 0.001618 0.000000 0.185101
4.600000 4 3 0.001689 0.000000 0.182136 0.001702 0.000000 0.229945
4.800000 4 4 0.001711 0.000000 0.173165 0.001715 0.000000 0.169384
5.000000 5 0 0.001783 0.000000 0.159721 0.001796 0.000000 0.204497
5.200000 5 1 0.001611 0.000000 0.168424 0.001610 0.000000 0.230861
5.400000 5 2 0.001660 0.000000 0.187051 0.001673 0.000000 0.252992
5.600000 5 3 0.001646 0.000000 0.161778 0.001681 0.000000 0.205099
5.800000 5 4 0.001667 0.000000 0.190728 0.001680 0.000000 0.243187
6.000000 6 0 0.001769 0.000000 0.164371 0.001785 0.000000 0.248190
6.200000 6 1 0.001665 0.000000 0.181738 0.001680 0.000000 0.201827
6.400000 6 2 0.001614 0.000000 0.159638 0.001606 0.000000 0.241859
6.600000 6 3 0.001573 0.000000 0.178026 0.001567 0.000000 0.194459
6.800000 6 4 0.001669 0.000000 0.166593 0.001686 0.000000 0.179828
7.000000 7 0 0.001718 0.000000 0.167162 0.001711 0.000000 0.219062
7.200000 7 1 0.001577 0.000000 0.166962 0.001595 0.000000 0.226316
7.400000 7 2 0.001674 0.000000 0.170709 0.001657 0.000000 0.159429
7.600000 7 3 0.001619 0.000000 0.152659 0.001635 0.000000 0.195430
7.800000 7 4 0.001577 0.000000 0.161779 0.001603 0.000000 0.160508
8.000000 8 0 0.001572 0.000000 0.162742 0.001584 0.000000 0.167172
8.200000 8 1 0.001626 0.000000 0.166336 0.001660 0.000000 0.221715
8.400000 8 2 0.001659 0.000000 0.172567 0.001658 0.000000 0.227920
8.600000 8 3 0.001589 0.000000 0.179594 0.001595 0.000000 0.171007
8.800000 8 4 0.001591 0.000000 0.161614 0.001579 0.000000 0.209311
9.000000 9 0 0.001636 0.000000 0.163043 0.001630 0.000000 0.212349
9.200000 9 1 0.001578 0.000000 0.161951 0.001593 0.000000 0.209743
9.400000 9 2 0.001578 0.000000 0.164040 0.001627 0.000000 0.207838
9.600000 9 3 0.001636 0.000000 0.179854 0.001634 0.000000 0.201323
9.800000 9 4 0.001609 0.000000 0.169526 0.001587 0.000000 0.183488
