0 -0.429110 2 0.000100
1 -0.420863 0 0.000000
2 -0.412615 0 0.000000
3 -0.404367 0 0.000000
4 -0.396119 0 0.000000
5 -0.387871 3 0.000150
6 -0.379623 0 0.000000
7 -0.371375 0 0.000000
8 -0.363127 0 0.000000
9 -0.354879 1 0.000050
10 -0.346631 0 0.000000
11 -0.338383 0 0.000000
12 -0.330135 0 0.000000
13 -0.321887 2 0.000100
14 -0.313639 1 0.000050
15 -0.305392 2 0.000100
16 -0.297144 2 0.000100
17 -0.288896 3 0.000150
18 -0.280648 7 0.000350
19 -0.272400 0 0.000000
20 -0.264152 0 0.000000
21 -0.255904 0 0.000000
22 -0.247656 1 0.000050
23 -0.239408 0 0.000000
24 -0.231160 0 0.000000
25 -0.222912 7 0.000350
26 -0.214664 7 0.000350
27 -0.206416 17 0.000850
28 -0.198168 22 0.001100
29 -0.189921 36 0.001800
30 -0.181673 58 0.002900
31 -0.173425 72 0.003600
32 -0.165177 57 0.002850
33 -0.156929 87 0.004350
34 -0.148681 138 0.006900
35 -0.140433 292 0.014600
36 -0.132185 302 0.015100
37 -0.123937 186 0.009300
38 -0.115689 136 0.006800
39 -0.107441 192 0.009600
40 -0.099193 235 0.011750
41 -0.090945 423 0.021150
42 -0.082697 749 0.037450
43 -0.074449 672 0.033600
44 -0.066202 451 0.022550
45 -0.057954 505 0.025250
46 -0.049706 584 0.029200
47 -0.041458 753 0.037650
48 -0.033210 775 0.038750
49 -0.024962 644 0.032200
50 -0.016714 1337 0.066850
51 -0.008466 2995 0.149750
52 -0.000218 873 0.043650
53 0.008030 672 0.033600
54 0.016278 936 0.046800
55 0.024526 898 0.044900
56 0.032774 570 0.028500
57 0.041022 495 0.024750
58 0.049269 443 0.022150
59 0.057517 620 0.031000
60 0.065765 501 0.025050
61 0.074013 331 0.016550
62 0.082261 211 0.010550
63 0.090509 177 0.008850
64 0.098757 189 0.009450
65 0.107005 190 0.009500
66 0.115253 282 0.014100
67 0.123501 257 0.012850
68 0.131749 129 0.006450
69 0.139997 84 0.004200
70 0.148245 88 0.004400
71 0.156493 96 0.004800
72 0.164740 92 0.004600
73 0.172988 38 0.001900
74 0.181236 12 0.000600
75 0.189484 13 0.000650
76 0.197732 17 0.000850
77 0.205980 7 0.000350
78 0.214228 0 0.000000
79 0.222476 1 0.000050
80 0.230724 1 0.000050
81 0.238972 2 0.000100
82 0.247220 6 0.000300
83 0.255468 2 0.000100
84 0.263716 1 0.000050
85 0.271964 4 0.000200
86 0.280212 1 0.000050
87 0.288459 1 0.000050
88 0.296707 2 0.000100
89 0.304955 0 0.000000
90 0.313203 0 0.000000
91 0.321451 0 0.000000
92 0.329699 0 0.000000
93 0.337947 0 0.000000
94 0.346195 1 0.000050
95 0.354443 0 0.000000
96 0.362691 0 0.000000
97 0.370939 0 0.000000
98 0.379187 0 0.000000
99 0.387435 1 0.000050
