0 -0.341575 1 0.000050
1 -0.334142 5 0.000250
2 -0.326708 4 0.000200
3 -0.319275 1 0.000050
4 -0.311842 2 0.000100
5 -0.304409 0 0.000000
6 -0.296976 3 0.000150
7 -0.289542 15 0.000750
8 -0.282109 1 0.000050
9 -0.274676 9 0.000450
10 -0.267243 7 0.000350
11 -0.259810 9 0.000450
12 -0.252376 17 0.000850
13 -0.244943 33 0.001650
14 -0.237510 29 0.001450
15 -0.230077 35 0.001750
16 -0.222643 34 0.001700
17 -0.215210 29 0.001450
18 -0.207777 25 0.001250
19 -0.200344 20 0.001000
20 -0.192911 13 0.000650
21 -0.185477 27 0.001350
22 -0.178044 68 0.003400
23 -0.170611 87 0.004350
24 -0.163178 81 0.004050
25 -0.155745 112 0.005600
26 -0.148311 121 0.006050
27 -0.140878 207 0.010350
28 -0.133445 234 0.011700
29 -0.126012 180 0.009000
30 -0.118579 138 0.006900
31 -0.111145 146 0.007300
32 -0.103712 188 0.009400
33 -0.096279 245 0.012250
34 -0.088846 265 0.013250
35 -0.081413 318 0.015900
36 -0.073979 355 0.017750
37 -0.066546 325 0.016250
38 -0.059113 290 0.014500
39 -0.051680 262 0.013100
40 -0.044247 315 0.015750
41 -0.036813 419 0.020950
42 -0.029380 570 0.028500
43 -0.021947 1295 0.064750
44 -0.014514 2665 0.133250
45 -0.007080 3572 0.178600
46 0.000353 2082 0.104100
47 0.007786 1039 0.051950
48 0.015219 466 0.023300
49 0.022652 288 0.014400
50 0.030086 191 0.009550
51 0.037519 187 0.009350
52 0.044952 161 0.008050
53 0.052385 132 0.006600
54 0.059818 118 0.005900
55 0.067252 149 0.007450
56 0.074685 123 0.006150
57 0.082118 172 0.008600
58 0.089551 237 0.011850
59 0.096984 135 0.006750
60 0.104418 133 0.006650
61 0.111851 164 0.008200
62 0.119284 181 0.009050
63 0.126717 144 0.007200
64 0.134150 156 0.007800
65 0.141584 123 0.006150
66 0.149017 75 0.003750
67 0.156450 61 0.003050
68 0.163883 43 0.002150
69 0.171316 41 0.002050
70 0.178750 37 0.001850
71 0.186183 37 0.001850
72 0.193616 40 0.002000
73 0.201049 54 0.002700
74 0.208483 34 0.001700
75 0.215916 51 0.002550
76 0.223349 43 0.002150
77 0.230782 35 0.001750
78 0.238215 29 0.001450
79 0.245649 23 0.001150
80 0.253082 22 0.001100
81 0.260515 35 0.001750
82 0.267948 32 0.001600
83 0.275381 24 0.001200
84 0.282815 26 0.001300
85 0.290248 27 0.001350
86 0.297681 28 0.001400
87 0.305114 20 0.001000
88 0.312547 12 0.000600
89 0.319981 4 0.000200
90 0.327414 4 0.000200
91 0.334847 0 0.000000
92 0.342280 0 0.000000
93 0.349713 0 0.000000
94 0.357147 0 0.000000
95 0.364580 0 0.000000
96 0.372013 1 0.000050
97 0.379446 2 0.000100
98 0.386879 1 0.000050
99 0.394313 1 0.000050
