0 -0.429110 2 0.000033
1 -0.420793 0 0.000000
2 -0.412476 0 0.000000
3 -0.404158 0 0.000000
4 -0.395841 0 0.000000
5 -0.387523 3 0.000050
6 -0.379206 0 0.000000
7 -0.370889 0 0.000000
8 -0.362571 0 0.000000
9 -0.354254 1 0.000017
10 -0.345936 2 0.000033
11 -0.337619 9 0.000150
12 -0.329302 8 0.000133
13 -0.320984 7 0.000117
14 -0.312667 9 0.000150
15 -0.304349 1 0.000017
16 -0.296032 10 0.000167
17 -0.287715 19 0.000317
18 -0.279397 10 0.000167
19 -0.271080 21 0.000350
20 -0.262762 15 0.000250
21 -0.254445 27 0.000450
22 -0.246128 45 0.000750
23 -0.237810 36 0.000600
24 -0.229493 54 0.000900
25 -0.221175 52 0.000867
26 -0.212858 44 0.000733
27 -0.204541 62 0.001033
28 -0.196223 44 0.000733
29 -0.187906 78 0.001300
30 -0.179588 156 0.002600
31 -0.171271 201 0.003350
32 -0.162953 188 0.003133
33 -0.154636 265 0.004417
34 -0.146319 371 0.006183
35 -0.138001 673 0.011217
36 -0.129684 545 0.009083
37 -0.121366 430 0.007167
38 -0.113049 471 0.007850
39 -0.104732 561 0.009350
40 -0.096414 706 0.011767
41 -0.088097 989 0.016483
42 -0.079779 1384 0.023067
43 -0.071462 1157 0.019283
44 -0.063145 1025 0.017083
45 -0.054827 1223 0.020383
46 -0.046510 1467 0.024450
47 -0.038192 1810 0.030167
48 -0.029875 2107 0.035117
49 -0.021558 3779 0.062983
50 -0.013240 9490 0.158167
51 -0.004923 9680 0.161333
52 0.003395 4804 0.080067
53 0.011712 2500 0.041667
54 0.020029 1937 0.032283
55 0.028347 1428 0.023800
56 0.036664 1064 0.017733
57 0.044982 977 0.016283
58 0.053299 879 0.014650
59 0.061616 950 0.015833
60 0.069934 786 0.013100
61 0.078251 567 0.009450
62 0.086569 606 0.010100
63 0.094886 462 0.007700
64 0.103203 409 0.006817
65 0.111521 536 0.008933
66 0.119838 586 0.009767
67 0.128156 404 0.006733
68 0.136473 302 0.005033
69 0.144791 274 0.004567
70 0.153108 163 0.002717
71 0.161425 192 0.003200
72 0.169743 106 0.001767
73 0.178060 69 0.001150
74 0.186378 60 0.001000
75 0.194695 71 0.001183
76 0.203012 73 0.001217
77 0.211330 65 0.001083
78 0.219647 61 0.001017
79 0.227965 49 0.000817
80 0.236282 48 0.000800
81 0.244599 35 0.000583
82 0.252917 36 0.000600
83 0.261234 51 0.000850
84 0.269552 37 0.000617
85 0.277869 33 0.000550
86 0.286186 47 0.000783
87 0.294504 34 0.000567
88 0.302821 24 0.000400
89 0.311139 18 0.000300
90 0.319456 7 0.000117
91 0.327773 4 0.000067
92 0.336091 1 0.000017
93 0.344408 2 0.000033
94 0.352726 0 0.000000
95 0.361043 0 0.000000
96 0.369360 0 0.000000
97 0.377678 3 0.000050
98 0.385995 3 0.000050
99 0.394313 0 0.000000
