0 -0.337838 7 0.000350
1 -0.330882 2 0.000100
2 -0.323926 4 0.000200
3 -0.316970 1 0.000050
4 -0.310014 4 0.000200
5 -0.303058 0 0.000000
6 -0.296103 1 0.000050
7 -0.289147 3 0.000150
8 -0.282191 2 0.000100
9 -0.275235 7 0.000350
10 -0.268279 6 0.000300
11 -0.261323 6 0.000300
12 -0.254367 7 0.000350
13 -0.247411 5 0.000250
14 -0.240455 6 0.000300
15 -0.233500 5 0.000250
16 -0.226544 10 0.000500
17 -0.219588 5 0.000250
18 -0.212632 8 0.000400
19 -0.205676 12 0.000600
20 -0.198720 5 0.000250
21 -0.191764 4 0.000200
22 -0.184808 20 0.001000
23 -0.177852 18 0.000900
24 -0.170896 33 0.001650
25 -0.163941 21 0.001050
26 -0.156985 23 0.001150
27 -0.150029 34 0.001700
28 -0.143073 65 0.003250
29 -0.136117 51 0.002550
30 -0.129161 49 0.002450
31 -0.122205 71 0.003550
32 -0.115249 96 0.004800
33 -0.108293 155 0.007750
34 -0.101337 120 0.006000
35 -0.094382 132 0.006600
36 -0.087426 145 0.007250
37 -0.080470 149 0.007450
38 -0.073514 148 0.007400
39 -0.066558 184 0.009200
40 -0.059602 265 0.013250
41 -0.052646 340 0.017000
42 -0.045690 412 0.020600
43 -0.038734 427 0.021350
44 -0.031778 527 0.026350
45 -0.024823 887 0.044350
46 -0.017867 1803 0.090150
47 -0.010911 3229 0.161450
48 -0.003955 3506 0.175300
49 0.003001 2269 0.113450
50 0.009957 1081 0.054050
51 0.016913 532 0.026600
52 0.023869 398 0.019900
53 0.030825 354 0.017700
54 0.037780 339 0.016950
55 0.044736 269 0.013450
56 0.051692 222 0.011100
57 0.058648 202 0.010100
58 0.065604 137 0.006850
59 0.072560 165 0.008250
60 0.079516 108 0.005400
61 0.086472 126 0.006300
62 0.093428 110 0.005500
63 0.100384 77 0.003850
64 0.107339 88 0.004400
65 0.114295 97 0.004850
66 0.121251 55 0.002750
67 0.128207 69 0.003450
68 0.135163 42 0.002100
69 0.142119 40 0.002000
70 0.149075 36 0.001800
71 0.156031 10 0.000500
72 0.162987 18 0.000900
73 0.169943 12 0.000600
74 0.176898 7 0.000350
75 0.183854 8 0.000400
76 0.190810 7 0.000350
77 0.197766 5 0.000250
78 0.204722 7 0.000350
79 0.211678 8 0.000400
80 0.218634 7 0.000350
81 0.225590 11 0.000550
82 0.232546 8 0.000400
83 0.239502 5 0.000250
84 0.246457 8 0.000400
85 0.253413 5 0.000250
86 0.260369 5 0.000250
87 0.267325 5 0.000250
88 0.274281 1 0.000050
89 0.281237 9 0.000450
90 0.288193 7 0.000350
91 0.295149 4 0.000200
92 0.302105 3 0.000150
93 0.309060 0 0.000000
94 0.316016 1 0.000050
95 0.322972 1 0.000050
96 0.329928 0 0.000000
97 0.336884 1 0.000050
98 0.343840 0 0.000000
99 0.350796 1 0.000050
