0 0.000000 39263 0.654383
1 0.001860 4585 0.076417
2 0.003720 3477 0.057950
3 0.005580 2488 0.041467
4 0.007440 1584 0.026400
5 0.009300 1115 0.018583
6 0.011160 905 0.015083
7 0.013020 966 0.016100
8 0.014880 964 0.016067
9 0.016740 916 0.015267
10 0.018600 620 0.010333
11 0.020460 458 0.007633
12 0.022319 332 0.005533
13 0.024179 247 0.004117
14 0.026039 270 0.004500
15 0.027899 237 0.003950
16 0.029759 145 0.002417
17 0.031619 132 0.002200
18 0.033479 67 0.001117
19 0.035339 62 0.001033
20 0.037199 60 0.001000
21 0.039059 85 0.001417
22 0.040919 73 0.001217
23 0.042779 53 0.000883
24 0.044639 55 0.000917
25 0.046499 67 0.001117
26 0.048359 53 0.000883
27 0.050219 60 0.001000
28 0.052079 39 0.000650
29 0.053939 38 0.000633
30 0.055799 47 0.000783
31 0.057659 47 0.000783
32 0.059519 28 0.000467
33 0.061379 28 0.000467
34 0.063239 26 0.000433
35 0.065099 24 0.000400
36 0.066958 27 0.000450
37 0.068818 24 0.000400
38 0.070678 33 0.000550
39 0.072538 23 0.000383
40 0.074398 17 0.000283
41 0.076258 20 0.000333
42 0.078118 16 0.000267
43 0.079978 21 0.000350
44 0.081838 30 0.000500
45 0.083698 19 0.000317
46 0.085558 17 0.000283
47 0.087418 13 0.000217
48 0.089278 18 0.000300
49 0.091138 12 0.000200
50 0.092998 9 0.000150
51 0.094858 13 0.000217
52 0.096718 11 0.000183
53 0.098578 6 0.000100
54 0.100438 11 0.000183
55 0.102298 5 0.000083
56 0.104158 3 0.000050
57 0.106018 5 0.000083
58 0.107878 5 0.000083
59 0.109737 7 0.000117
60 0.111597 2 0.000033
61 0.113457 1 0.000017
62 0.115317 2 0.000033
63 0.117177 0 0.000000
64 0.119037 0 0.000000
65 0.120897 1 0.000017
66 0.122757 1 0.000017
67 0.124617 1 0.000017
68 0.126477 0 0.000000
69 0.128337 0 0.000000
70 0.130197 0 0.000000
71 0.132057 0 0.000000
72 0.133917 0 0.000000
73 0.135777 0 0.000000
74 0.137637 0 0.000000
75 0.139497 0 0.000000
76 0.141357 0 0.000000
77 0.143217 1 0.000017
78 0.145077 3 0.000050
79 0.146937 2 0.000033
80 0.148797 1 0.000017
81 0.150657 0 0.000000
82 0.152517 1 0.000017
83 0.154376 1 0.000017
84 0.156236 0 0.000000
85 0.158096 0 0.000000
86 0.159956 0 0.000000
87 0.161816 0 0.000000
88 0.163676 0 0.000000
89 0.165536 0 0.000000
90 0.167396 0 0.000000
91 0.169256 0 0.000000
92 0.171116 0 0.000000
93 0.172976 0 0.000000
94 0.174836 0 0.000000
95 0.176696 0 0.000000
96 0.178556 0 0.000000
97 0.180416 0 0.000000
98 0.182276 1 0.000017
99 0.184136 1 0.000017
