0 0.039224 19 0.000950
1 0.048772 6 0.000300
2 0.058319 0 0.000000
3 0.067866 0 0.000000
4 0.077414 0 0.000000
5 0.086961 0 0.000000
6 0.096509 9 0.000450
7 0.106056 0 0.000000
8 0.115603 0 0.000000
9 0.125151 0 0.000000
10 0.134698 0 0.000000
11 0.144245 0 0.000000
12 0.153793 0 0.000000
13 0.163340 0 0.000000
14 0.172887 0 0.000000
15 0.182435 0 0.000000
16 0.191982 0 0.000000
17 0.201529 0 0.000000
18 0.211077 0 0.000000
19 0.220624 0 0.000000
20 0.230171 0 0.000000
21 0.239719 0 0.000000
22 0.249266 0 0.000000
23 0.258813 0 0.000000
24 0.268361 5 0.000250
25 0.277908 0 0.000000
26 0.287455 2 0.000100
27 0.297003 0 0.000000
28 0.306550 243 0.012150
29 0.316097 23 0.001150
30 0.325645 35 0.001750
31 0.335192 276 0.013800
32 0.344739 84 0.004200
33 0.354287 3 0.000150
34 0.363834 8 0.000400
35 0.373381 0 0.000000
36 0.382929 218 0.010900
37 0.392476 0 0.000000
38 0.402023 212 0.010600
39 0.411571 0 0.000000
40 0.421118 1 0.000050
41 0.430665 0 0.000000
42 0.440213 0 0.000000
43 0.449760 1 0.000050
44 0.459308 0 0.000000
45 0.468855 18 0.000900
46 0.478402 25 0.001250
47 0.487950 23 0.001150
48 0.497497 8 0.000400
49 0.507044 35 0.001750
50 0.516592 45 0.002250
51 0.526139 29 0.001450
52 0.535686 126 0.006300
53 0.545234 108 0.005400
54 0.554781 278 0.013900
55 0.564328 420 0.021000
56 0.573876 651 0.032550
57 0.583423 1785 0.089250
58 0.592970 2934 0.146700
59 0.602518 1703 0.085150
60 0.612065 1133 0.056650
61 0.621612 667 0.033350
62 0.631160 395 0.019750
63 0.640707 210 0.010500
64 0.650254 57 0.002850
65 0.659802 651 0.032550
66 0.669349 793 0.039650
67 0.678896 0 0.000000
68 0.688444 869 0.043450
69 0.697991 26 0.001300
70 0.707538 275 0.013750
71 0.717086 224 0.011200
72 0.726633 67 0.003350
73 0.736180 127 0.006350
74 0.745728 764 0.038200
75 0.755275 807 0.040350
76 0.764822 750 0.037500
77 0.774370 499 0.024950
78 0.783917 399 0.019950
79 0.793464 21 0.001050
80 0.803012 22 0.001100
81 0.812559 276 0.013800
82 0.822106 30 0.001500
83 0.831654 69 0.003450
84 0.841201 68 0.003400
85 0.850748 227 0.011350
86 0.860296 165 0.008250
87 0.869843 143 0.007150
88 0.879391 155 0.007750
89 0.888938 100 0.005000
90 0.898485 148 0.007400
91 0.908033 113 0.005650
92 0.917580 99 0.004950
93 0.927127 56 0.002800
94 0.936675 97 0.004850
95 0.946222 83 0.004150
96 0.955769 76 0.003800
97 0.965317 3 0.000150
98 0.974864 2 0.000100
99 0.984411 1 0.000050
