0 0.011944 4 0.000067
1 0.021921 10 0.000167
2 0.031898 11 0.000183
3 0.041875 9 0.000150
4 0.051852 13 0.000217
5 0.061829 13 0.000217
6 0.071807 16 0.000267
7 0.081784 15 0.000250
8 0.091761 12 0.000200
9 0.101738 10 0.000167
10 0.111715 9 0.000150
11 0.121692 13 0.000217
12 0.131669 16 0.000267
13 0.141647 13 0.000217
14 0.151624 14 0.000233
15 0.161601 16 0.000267
16 0.171578 12 0.000200
17 0.181555 17 0.000283
18 0.191532 25 0.000417
19 0.201509 29 0.000483
20 0.211486 42 0.000700
21 0.221464 40 0.000667
22 0.231441 25 0.000417
23 0.241418 38 0.000633
24 0.251395 66 0.001100
25 0.261372 66 0.001100
26 0.271349 60 0.001000
27 0.281326 95 0.001583
28 0.291304 90 0.001500
29 0.301281 131 0.002183
30 0.311258 253 0.004217
31 0.321235 279 0.004650
32 0.331212 347 0.005783
33 0.341189 276 0.004600
34 0.351166 256 0.004267
35 0.361143 336 0.005600
36 0.371121 553 0.009217
37 0.381098 384 0.006400
38 0.391075 368 0.006133
39 0.401052 476 0.007933
40 0.411029 681 0.011350
41 0.421006 1226 0.020433
42 0.430983 1141 0.019017
43 0.440961 861 0.014350
44 0.450938 1185 0.019750
45 0.460915 1623 0.027050
46 0.470892 2006 0.033433
47 0.480869 2465 0.041083
48 0.490846 4540 0.075667
49 0.500823 7003 0.116717
50 0.510800 2527 0.042117
51 0.520778 2319 0.038650
52 0.530755 1846 0.030767
53 0.540732 1203 0.020050
54 0.550709 1367 0.022783
55 0.560686 1491 0.024850
56 0.570663 2102 0.035033
57 0.580640 2791 0.046517
58 0.590618 3281 0.054683
59 0.600595 2174 0.036233
60 0.610572 1332 0.022200
61 0.620549 1302 0.021700
62 0.630526 794 0.013233
63 0.640503 500 0.008333
64 0.650480 509 0.008483
65 0.660458 381 0.006350
66 0.670435 392 0.006533
67 0.680412 297 0.004950
68 0.690389 235 0.003917
69 0.700366 215 0.003583
70 0.710343 208 0.003467
71 0.720320 171 0.002850
72 0.730297 181 0.003017
73 0.740275 190 0.003167
74 0.750252 174 0.002900
75 0.760229 193 0.003217
76 0.770206 213 0.003550
77 0.780183 177 0.002950
78 0.790160 172 0.002867
79 0.800137 131 0.002183
80 0.810115 178 0.002967
81 0.820092 259 0.004317
82 0.830069 224 0.003733
83 0.840046 247 0.004117
84 0.850023 322 0.005367
85 0.860000 430 0.007167
86 0.869977 377 0.006283
87 0.879954 385 0.006417
88 0.889932 238 0.003967
89 0.899909 218 0.003633
90 0.909886 247 0.004117
91 0.919863 279 0.004650
92 0.929840 223 0.003717
93 0.939817 143 0.002383
94 0.949794 59 0.000983
95 0.959772 49 0.000817
96 0.969749 36 0.000600
97 0.979726 25 0.000417
98 0.989703 4 0.000067
99 0.999680 0 0.000000
