0 0.011944 3 0.000150
1 0.021690 4 0.000200
2 0.031435 7 0.000350
3 0.041181 6 0.000300
4 0.050927 10 0.000500
5 0.060673 11 0.000550
6 0.070419 8 0.000400
7 0.080164 9 0.000450
8 0.089910 7 0.000350
9 0.099656 8 0.000400
10 0.109402 9 0.000450
11 0.119148 6 0.000300
12 0.128894 12 0.000600
13 0.138639 7 0.000350
14 0.148385 7 0.000350
15 0.158131 22 0.001100
16 0.167877 4 0.000200
17 0.177623 15 0.000750
18 0.187368 21 0.001050
19 0.197114 10 0.000500
20 0.206860 33 0.001650
21 0.216606 23 0.001150
22 0.226352 22 0.001100
23 0.236097 19 0.000950
24 0.245843 33 0.001650
25 0.255589 30 0.001500
26 0.265335 32 0.001600
27 0.275081 45 0.002250
28 0.284827 50 0.002500
29 0.294572 58 0.002900
30 0.304318 74 0.003700
31 0.314064 73 0.003650
32 0.323810 67 0.003350
33 0.333556 90 0.004500
34 0.343301 95 0.004750
35 0.353047 94 0.004700
36 0.362793 147 0.007350
37 0.372539 109 0.005450
38 0.382285 131 0.006550
39 0.392030 164 0.008200
40 0.401776 189 0.009450
41 0.411522 242 0.012100
42 0.421268 240 0.012000
43 0.431014 343 0.017150
44 0.440760 384 0.019200
45 0.450505 531 0.026550
46 0.460251 735 0.036750
47 0.469997 951 0.047550
48 0.479743 1574 0.078700
49 0.489489 3191 0.159550
50 0.499234 3085 0.154250
51 0.508980 1696 0.084800
52 0.518726 1033 0.051650
53 0.528472 634 0.031700
54 0.538218 478 0.023900
55 0.547963 363 0.018150
56 0.557709 395 0.019750
57 0.567455 347 0.017350
58 0.577201 284 0.014200
59 0.586947 184 0.009200
60 0.596693 181 0.009050
61 0.606438 128 0.006400
62 0.616184 153 0.007650
63 0.625930 110 0.005500
64 0.635676 88 0.004400
65 0.645422 85 0.004250
66 0.655167 91 0.004550
67 0.664913 79 0.003950
68 0.674659 75 0.003750
69 0.684405 56 0.002800
70 0.694151 36 0.001800
71 0.703896 30 0.001500
72 0.713642 52 0.002600
73 0.723388 16 0.000800
74 0.733134 30 0.001500
75 0.742880 31 0.001550
76 0.752625 30 0.001500
77 0.762371 28 0.001400
78 0.772117 27 0.001350
79 0.781863 20 0.001000
80 0.791609 21 0.001050
81 0.801355 12 0.000600
82 0.811100 17 0.000850
83 0.820846 17 0.000850
84 0.830592 13 0.000650
85 0.840338 12 0.000600
86 0.850084 14 0.000700
87 0.859829 3 0.000150
88 0.869575 11 0.000550
89 0.879321 2 0.000100
90 0.889067 9 0.000450
91 0.898813 10 0.000500
92 0.908558 11 0.000550
93 0.918304 12 0.000600
94 0.928050 14 0.000700
95 0.937796 8 0.000400
96 0.947542 4 0.000200
97 0.957287 3 0.000150
98 0.967033 6 0.000300
99 0.976779 1 0.000050
