0 0.058074 1 0.000050
1 0.066458 0 0.000000
2 0.074841 0 0.000000
3 0.083225 0 0.000000
4 0.091609 1 0.000050
5 0.099993 0 0.000000
6 0.108376 0 0.000000
7 0.116760 3 0.000150
8 0.125144 1 0.000050
9 0.133527 0 0.000000
10 0.141911 0 0.000000
11 0.150295 0 0.000000
12 0.158679 0 0.000000
13 0.167062 0 0.000000
14 0.175446 0 0.000000
15 0.183830 0 0.000000
16 0.192213 0 0.000000
17 0.200597 2 0.000100
18 0.208981 4 0.000200
19 0.217364 4 0.000200
20 0.225748 7 0.000350
21 0.234132 0 0.000000
22 0.242516 0 0.000000
23 0.250899 0 0.000000
24 0.259283 1 0.000050
25 0.267667 0 0.000000
26 0.276050 0 0.000000
27 0.284434 1 0.000050
28 0.292818 4 0.000200
29 0.301202 24 0.001200
30 0.309585 27 0.001350
31 0.317969 50 0.002500
32 0.326353 77 0.003850
33 0.334736 65 0.003250
34 0.343120 42 0.002100
35 0.351504 92 0.004600
36 0.359887 146 0.007300
37 0.368271 325 0.016250
38 0.376655 239 0.011950
39 0.385039 196 0.009800
40 0.393422 158 0.007900
41 0.401806 233 0.011650
42 0.410190 329 0.016450
43 0.418573 521 0.026050
44 0.426957 976 0.048800
45 0.435341 447 0.022350
46 0.443725 377 0.018850
47 0.452108 486 0.024300
48 0.460492 585 0.029250
49 0.468876 906 0.045300
50 0.477259 568 0.028400
51 0.485643 595 0.029750
52 0.494027 1243 0.062150
53 0.502410 3516 0.175800
54 0.510794 684 0.034200
55 0.519178 767 0.038350
56 0.527562 1147 0.057350
57 0.535945 592 0.029600
58 0.544329 487 0.024350
59 0.552713 431 0.021550
60 0.561096 460 0.023000
61 0.569480 695 0.034750
62 0.577864 349 0.017450
63 0.586248 299 0.014950
64 0.594631 198 0.009900
65 0.603015 262 0.013100
66 0.611399 199 0.009950
67 0.619782 286 0.014300
68 0.628166 315 0.015750
69 0.636550 95 0.004750
70 0.644933 60 0.003000
71 0.653317 107 0.005350
72 0.661701 68 0.003400
73 0.670085 120 0.006000
74 0.678468 31 0.001550
75 0.686852 23 0.001150
76 0.695236 20 0.001000
77 0.703619 23 0.001150
78 0.712003 8 0.000400
79 0.720387 0 0.000000
80 0.728770 1 0.000050
81 0.737154 0 0.000000
82 0.745538 3 0.000150
83 0.753922 2 0.000100
84 0.762305 1 0.000050
85 0.770689 4 0.000200
86 0.779073 1 0.000050
87 0.787457 2 0.000100
88 0.795840 4 0.000200
89 0.804224 2 0.000100
90 0.812608 0 0.000000
91 0.820991 0 0.000000
92 0.829375 0 0.000000
93 0.837759 0 0.000000
94 0.846142 0 0.000000
95 0.854526 0 0.000000
96 0.862910 1 0.000050
97 0.871294 0 0.000000
98 0.879677 0 0.000000
99 0.888061 1 0.000050
