0 0.039224 19 0.000317
1 0.048772 6 0.000100
2 0.058319 0 0.000000
3 0.067866 0 0.000000
4 0.077414 0 0.000000
5 0.086961 0 0.000000
6 0.096509 9 0.000150
7 0.106056 0 0.000000
8 0.115603 8 0.000133
9 0.125151 0 0.000000
10 0.134698 5 0.000083
11 0.144245 0 0.000000
12 0.153793 0 0.000000
13 0.163340 0 0.000000
14 0.172887 0 0.000000
15 0.182435 0 0.000000
16 0.191982 7 0.000117
17 0.201529 0 0.000000
18 0.211077 0 0.000000
19 0.220624 0 0.000000
20 0.230171 0 0.000000
21 0.239719 0 0.000000
22 0.249266 1 0.000017
23 0.258813 0 0.000000
24 0.268361 5 0.000083
25 0.277908 0 0.000000
26 0.287455 7 0.000117
27 0.297003 321 0.005350
28 0.306550 246 0.004100
29 0.316097 66 0.001100
30 0.325645 362 0.006033
31 0.335192 276 0.004600
32 0.344739 90 0.001500
33 0.354287 280 0.004667
34 0.363834 76 0.001267
35 0.373381 351 0.005850
36 0.382929 405 0.006750
37 0.392476 245 0.004083
38 0.402023 471 0.007850
39 0.411571 237 0.003950
40 0.421118 806 0.013433
41 0.430665 97 0.001617
42 0.440213 675 0.011250
43 0.449760 351 0.005850
44 0.459308 510 0.008500
45 0.468855 490 0.008167
46 0.478402 1189 0.019817
47 0.487950 2268 0.037800
48 0.497497 13422 0.223700
49 0.507044 9831 0.163850
50 0.516592 1713 0.028550
51 0.526139 1535 0.025583
52 0.535686 1010 0.016833
53 0.545234 869 0.014483
54 0.554781 540 0.009000
55 0.564328 525 0.008750
56 0.573876 1129 0.018817
57 0.583423 1874 0.031233
58 0.592970 3106 0.051767
59 0.602518 2128 0.035467
60 0.612065 1356 0.022600
61 0.621612 1129 0.018817
62 0.631160 502 0.008367
63 0.640707 563 0.009383
64 0.650254 69 0.001150
65 0.659802 821 0.013683
66 0.669349 797 0.013283
67 0.678896 92 0.001533
68 0.688444 974 0.016233
69 0.697991 248 0.004133
70 0.707538 276 0.004600
71 0.717086 233 0.003883
72 0.726633 71 0.001183
73 0.736180 127 0.002117
74 0.745728 767 0.012783
75 0.755275 807 0.013450
76 0.764822 750 0.012500
77 0.774370 499 0.008317
78 0.783917 399 0.006650
79 0.793464 21 0.000350
80 0.803012 22 0.000367
81 0.812559 277 0.004617
82 0.822106 30 0.000500
83 0.831654 69 0.001150
84 0.841201 68 0.001133
85 0.850748 227 0.003783
86 0.860296 165 0.002750
87 0.869843 143 0.002383
88 0.879391 159 0.002650
89 0.888938 100 0.001667
90 0.898485 148 0.002467
91 0.908033 113 0.001883
92 0.917580 99 0.001650
93 0.927127 56 0.000933
94 0.936675 97 0.001617
95 0.946222 83 0.001383
96 0.955769 76 0.001267
97 0.965317 3 0.000050
98 0.974864 2 0.000033
99 0.984411 1 0.000017
