0 0.468772 2 0.000100
1 0.469605 0 0.000000
2 0.470439 0 0.000000
3 0.471272 0 0.000000
4 0.472106 0 0.000000
5 0.472939 0 0.000000
6 0.473773 16 0.000800
7 0.474606 0 0.000000
8 0.475440 27 0.001350
9 0.476273 0 0.000000
10 0.477107 6 0.000300
11 0.477940 4 0.000200
12 0.478774 0 0.000000
13 0.479607 0 0.000000
14 0.480441 1 0.000050
15 0.481275 1 0.000050
16 0.482108 8 0.000400
17 0.482942 0 0.000000
18 0.483775 43 0.002150
19 0.484609 4 0.000200
20 0.485442 12 0.000600
21 0.486276 0 0.000000
22 0.487109 12 0.000600
23 0.487943 14 0.000700
24 0.488776 17 0.000850
25 0.489610 51 0.002550
26 0.490443 18 0.000900
27 0.491277 17 0.000850
28 0.492110 53 0.002650
29 0.492944 21 0.001050
30 0.493777 17 0.000850
31 0.494611 14 0.000700
32 0.495445 59 0.002950
33 0.496278 436 0.021800
34 0.497112 142 0.007100
35 0.497945 146 0.007300
36 0.498779 519 0.025950
37 0.499612 592 0.029600
38 0.500446 430 0.021500
39 0.501279 295 0.014750
40 0.502113 943 0.047150
41 0.502946 623 0.031150
42 0.503780 776 0.038800
43 0.504613 1353 0.067650
44 0.505447 1532 0.076600
45 0.506280 1499 0.074950
46 0.507114 1282 0.064100
47 0.507947 1888 0.094400
48 0.508781 1101 0.055050
49 0.509615 945 0.047250
50 0.510448 540 0.027000
51 0.511282 1327 0.066350
52 0.512115 246 0.012300
53 0.512949 898 0.044900
54 0.513782 447 0.022350
55 0.514616 89 0.004450
56 0.515449 103 0.005150
57 0.516283 9 0.000450
58 0.517116 104 0.005200
59 0.517950 179 0.008950
60 0.518783 52 0.002600
61 0.519617 139 0.006950
62 0.520450 21 0.001050
63 0.521284 66 0.003300
64 0.522117 277 0.013850
65 0.522951 86 0.004300
66 0.523785 108 0.005400
67 0.524618 31 0.001550
68 0.525452 9 0.000450
69 0.526285 19 0.000950
70 0.527119 28 0.001400
71 0.527952 249 0.012450
72 0.528786 0 0.000000
73 0.529619 0 0.000000
74 0.530453 23 0.001150
75 0.531286 0 0.000000
76 0.532120 0 0.000000
77 0.532953 6 0.000300
78 0.533787 0 0.000000
79 0.534620 0 0.000000
80 0.535454 0 0.000000
81 0.536287 0 0.000000
82 0.537121 9 0.000450
83 0.537955 0 0.000000
84 0.538788 0 0.000000
85 0.539622 0 0.000000
86 0.540455 4 0.000200
87 0.541289 2 0.000100
88 0.542122 0 0.000000
89 0.542956 0 0.000000
90 0.543789 0 0.000000
91 0.544623 2 0.000100
92 0.545456 0 0.000000
93 0.546290 0 0.000000
94 0.547123 0 0.000000
95 0.547957 0 0.000000
96 0.548790 0 0.000000
97 0.549624 0 0.000000
98 0.550457 7 0.000350
99 0.551291 1 0.000050
