0 0.017598 5 0.000250
1 0.027518 4 0.000200
2 0.037438 3 0.000150
3 0.047358 1 0.000050
4 0.057278 5 0.000250
5 0.067198 1 0.000050
6 0.077118 8 0.000400
7 0.087038 5 0.000250
8 0.096958 0 0.000000
9 0.106878 3 0.000150
10 0.116798 0 0.000000
11 0.126718 5 0.000250
12 0.136638 6 0.000300
13 0.146558 0 0.000000
14 0.156478 3 0.000150
15 0.166398 2 0.000100
16 0.176318 2 0.000100
17 0.186238 5 0.000250
18 0.196158 8 0.000400
19 0.206079 5 0.000250
20 0.215999 4 0.000200
21 0.225919 7 0.000350
22 0.235839 10 0.000500
23 0.245759 25 0.001250
24 0.255679 28 0.001400
25 0.265599 27 0.001350
26 0.275519 37 0.001850
27 0.285439 27 0.001350
28 0.295359 37 0.001850
29 0.305279 83 0.004150
30 0.315199 98 0.004900
31 0.325119 182 0.009100
32 0.335039 164 0.008200
33 0.344959 93 0.004650
34 0.354879 10 0.000500
35 0.364799 20 0.001000
36 0.374719 13 0.000650
37 0.384639 13 0.000650
38 0.394559 14 0.000700
39 0.404479 26 0.001300
40 0.414399 23 0.001150
41 0.424319 15 0.000750
42 0.434239 20 0.001000
43 0.444159 42 0.002100
44 0.454079 54 0.002700
45 0.463999 58 0.002900
46 0.473919 65 0.003250
47 0.483839 82 0.004100
48 0.493759 118 0.005900
49 0.503679 103 0.005150
50 0.513599 137 0.006850
51 0.523519 171 0.008550
52 0.533439 213 0.010650
53 0.543359 292 0.014600
54 0.553279 489 0.024450
55 0.563199 564 0.028200
56 0.573119 1335 0.066750
57 0.583039 2347 0.117350
58 0.592959 2809 0.140450
59 0.602879 1291 0.064550
60 0.612799 950 0.047500
61 0.622719 639 0.031950
62 0.632639 438 0.021900
63 0.642559 328 0.016400
64 0.652479 264 0.013200
65 0.662399 217 0.010850
66 0.672319 188 0.009400
67 0.682239 197 0.009850
68 0.692159 167 0.008350
69 0.702079 128 0.006400
70 0.711999 165 0.008250
71 0.721919 133 0.006650
72 0.731839 163 0.008150
73 0.741760 154 0.007700
74 0.751680 145 0.007250
75 0.761600 156 0.007800
76 0.771520 184 0.009200
77 0.781440 137 0.006850
78 0.791360 152 0.007600
79 0.801280 126 0.006300
80 0.811200 156 0.007800
81 0.821120 249 0.012450
82 0.831040 206 0.010300
83 0.840960 232 0.011600
84 0.850880 306 0.015300
85 0.860800 429 0.021450
86 0.870720 374 0.018700
87 0.880640 378 0.018900
88 0.890560 219 0.010950
89 0.900480 210 0.010500
90 0.910400 235 0.011750
91 0.920320 261 0.013050
92 0.930240 213 0.010650
93 0.940160 123 0.006150
94 0.950080 58 0.002900
95 0.960000 46 0.002300
96 0.969920 28 0.001400
97 0.979840 25 0.001250
98 0.989760 3 0.000150
99 0.999680 1 0.000050
