0 0.117605 8 0.000400
1 0.125347 0 0.000000
2 0.133089 5 0.000250
3 0.140831 0 0.000000
4 0.148572 0 0.000000
5 0.156314 0 0.000000
6 0.164056 0 0.000000
7 0.171797 0 0.000000
8 0.179539 0 0.000000
9 0.187281 0 0.000000
10 0.195023 7 0.000350
11 0.202764 0 0.000000
12 0.210506 0 0.000000
13 0.218248 0 0.000000
14 0.225990 0 0.000000
15 0.233731 0 0.000000
16 0.241473 0 0.000000
17 0.249215 0 0.000000
18 0.256956 1 0.000050
19 0.264698 0 0.000000
20 0.272440 0 0.000000
21 0.280182 0 0.000000
22 0.287923 5 0.000250
23 0.295665 321 0.016050
24 0.303407 0 0.000000
25 0.311148 3 0.000150
26 0.318890 43 0.002150
27 0.326632 327 0.016350
28 0.334374 0 0.000000
29 0.342115 6 0.000300
30 0.349857 8 0.000400
31 0.357599 269 0.013450
32 0.365340 68 0.003400
33 0.373082 325 0.016250
34 0.380824 198 0.009900
35 0.388566 223 0.011150
36 0.396307 39 0.001950
37 0.404049 257 0.012850
38 0.411791 225 0.011250
39 0.419533 390 0.019500
40 0.427274 482 0.024100
41 0.435016 48 0.002400
42 0.442758 669 0.033450
43 0.450499 320 0.016000
44 0.458241 456 0.022800
45 0.465983 209 0.010450
46 0.473725 545 0.027250
47 0.481466 902 0.045100
48 0.489208 1319 0.065950
49 0.496950 3903 0.195150
50 0.504691 1491 0.074550
51 0.512433 514 0.025700
52 0.520175 371 0.018550
53 0.527917 1120 0.056000
54 0.535658 814 0.040700
55 0.543400 730 0.036500
56 0.551142 182 0.009100
57 0.558883 226 0.011300
58 0.566625 113 0.005650
59 0.574367 400 0.020000
60 0.582109 50 0.002500
61 0.589850 86 0.004300
62 0.597592 550 0.027500
63 0.605334 0 0.000000
64 0.613075 223 0.011150
65 0.620817 462 0.023100
66 0.628559 4 0.000200
67 0.636301 103 0.005150
68 0.644042 353 0.017650
69 0.651784 12 0.000600
70 0.659526 170 0.008500
71 0.667268 0 0.000000
72 0.675009 4 0.000200
73 0.682751 92 0.004600
74 0.690493 105 0.005250
75 0.698234 222 0.011100
76 0.705976 1 0.000050
77 0.713718 9 0.000450
78 0.721460 0 0.000000
79 0.729201 4 0.000200
80 0.736943 0 0.000000
81 0.744685 3 0.000150
82 0.752427 0 0.000000
83 0.760168 0 0.000000
84 0.767910 0 0.000000
85 0.775652 0 0.000000
86 0.783393 0 0.000000
87 0.791135 0 0.000000
88 0.798877 0 0.000000
89 0.806619 0 0.000000
90 0.814360 1 0.000050
91 0.822102 0 0.000000
92 0.829844 0 0.000000
93 0.837585 0 0.000000
94 0.845327 0 0.000000
95 0.853069 0 0.000000
96 0.860811 0 0.000000
97 0.868552 0 0.000000
98 0.876294 3 0.000150
99 0.884036 1 0.000050
