initializing
training size    : 359556
testing size     : 20000
epoch count      : 10
sub epoch size   : 5

epoch_learning_rate_decay   : 8
learning_rate_decay         : 0.250000

training



epoch [0 0] from [10 5]
training time per iterations 2.526289[ms]
testing on 20000 items
testing done
average error 0.002900
min error     0.000000
max error     0.211441
saving best net
best net saved to networks/disc16x16x3_no_gaussian_window_size_4/net_7/trained/, with error 0.002900



epoch [0 1] from [10 5]
training time per iterations 2.514956[ms]
testing on 20000 items
testing done
average error 0.002742
min error     0.000000
max error     0.261578
saving best net
best net saved to networks/disc16x16x3_no_gaussian_window_size_4/net_7/trained/, with error 0.002742



epoch [0 2] from [10 5]
training time per iterations 2.529293[ms]
testing on 20000 items
testing done
average error 0.002684
min error     0.000000
max error     0.219333
saving best net
best net saved to networks/disc16x16x3_no_gaussian_window_size_4/net_7/trained/, with error 0.002684



epoch [0 3] from [10 5]
training time per iterations 2.512954[ms]
testing on 20000 items
testing done
average error 0.002527
min error     0.000000
max error     0.268220
saving best net
best net saved to networks/disc16x16x3_no_gaussian_window_size_4/net_7/trained/, with error 0.002527



epoch [0 4] from [10 5]
training time per iterations 2.527291[ms]
testing on 20000 items
testing done
average error 0.002625
min error     0.000000
max error     0.215504



epoch [1 0] from [10 5]
training time per iterations 2.523425[ms]
testing on 20000 items
testing done
average error 0.002508
min error     0.000000
max error     0.293502
saving best net
best net saved to networks/disc16x16x3_no_gaussian_window_size_4/net_7/trained/, with error 0.002508



epoch [1 1] from [10 5]
training time per iterations 2.521881[ms]
testing on 20000 items
testing done
average error 0.002695
min error     0.000000
max error     0.256675



epoch [1 2] from [10 5]
training time per iterations 2.525594[ms]
testing on 20000 items
testing done
average error 0.002476
min error     0.000000
max error     0.272278
saving best net
best net saved to networks/disc16x16x3_no_gaussian_window_size_4/net_7/trained/, with error 0.002476



epoch [1 3] from [10 5]
training time per iterations 2.529001[ms]
testing on 20000 items
testing done
average error 0.002563
min error     0.000000
max error     0.225068



epoch [1 4] from [10 5]
training time per iterations 2.525330[ms]
testing on 20000 items
testing done
average error 0.002653
min error     0.000000
max error     0.243499



epoch [2 0] from [10 5]
training time per iterations 2.527944[ms]
testing on 20000 items
testing done
average error 0.002528
min error     0.000000
max error     0.298743



epoch [2 1] from [10 5]
training time per iterations 2.525984[ms]
testing on 20000 items
testing done
average error 0.002574
min error     0.000000
max error     0.242409



epoch [2 2] from [10 5]
training time per iterations 2.527736[ms]
testing on 20000 items
testing done
average error 0.002585
min error     0.000000
max error     0.232000



epoch [2 3] from [10 5]
training time per iterations 2.513996[ms]
testing on 20000 items
testing done
average error 0.002503
min error     0.000000
max error     0.287387



epoch [2 4] from [10 5]
training time per iterations 2.503483[ms]
testing on 20000 items
testing done
average error 0.002369
min error     0.000000
max error     0.232951
saving best net
best net saved to networks/disc16x16x3_no_gaussian_window_size_4/net_7/trained/, with error 0.002369



epoch [3 0] from [10 5]
training time per iterations 2.519670[ms]
testing on 20000 items
testing done
average error 0.002507
min error     0.000000
max error     0.197126



epoch [3 1] from [10 5]
training time per iterations 2.519378[ms]
testing on 20000 items
testing done
average error 0.002419
min error     0.000000
max error     0.278969



epoch [3 2] from [10 5]
training time per iterations 2.535356[ms]
testing on 20000 items
testing done
average error 0.002485
min error     0.000000
max error     0.234491



epoch [3 3] from [10 5]
training time per iterations 2.525650[ms]
testing on 20000 items
testing done
average error 0.002424
min error     0.000000
max error     0.312157



epoch [3 4] from [10 5]
training time per iterations 2.518238[ms]
testing on 20000 items
testing done
average error 0.002510
min error     0.000000
max error     0.253014



epoch [4 0] from [10 5]
training time per iterations 2.529307[ms]
testing on 20000 items
testing done
average error 0.002425
min error     0.000000
max error     0.250631



epoch [4 1] from [10 5]
training time per iterations 2.524732[ms]
testing on 20000 items
testing done
average error 0.002396
min error     0.000000
max error     0.233260



epoch [4 2] from [10 5]
training time per iterations 2.527722[ms]
testing on 20000 items
testing done
average error 0.002358
min error     0.000000
max error     0.262163
saving best net
best net saved to networks/disc16x16x3_no_gaussian_window_size_4/net_7/trained/, with error 0.002358



epoch [4 3] from [10 5]
training time per iterations 2.527833[ms]
testing on 20000 items
testing done
average error 0.002369
min error     0.000000
max error     0.299706



epoch [4 4] from [10 5]
training time per iterations 2.528375[ms]
testing on 20000 items
testing done
average error 0.002399
min error     0.000000
max error     0.265090



epoch [5 0] from [10 5]
training time per iterations 2.524287[ms]
testing on 20000 items
testing done
average error 0.002508
min error     0.000000
max error     0.282991



epoch [5 1] from [10 5]
training time per iterations 2.526136[ms]
testing on 20000 items
testing done
average error 0.002391
min error     0.000000
max error     0.255976



epoch [5 2] from [10 5]
training time per iterations 2.527611[ms]
testing on 20000 items
testing done
average error 0.002474
min error     0.000000
max error     0.242731



epoch [5 3] from [10 5]
training time per iterations 2.521575[ms]
testing on 20000 items
testing done
average error 0.002480
min error     0.000000
max error     0.281876



epoch [5 4] from [10 5]
training time per iterations 2.519754[ms]
testing on 20000 items
testing done
average error 0.002348
min error     0.000000
max error     0.291540
saving best net
best net saved to networks/disc16x16x3_no_gaussian_window_size_4/net_7/trained/, with error 0.002348



epoch [6 0] from [10 5]
training time per iterations 2.526637[ms]
testing on 20000 items
testing done
average error 0.002500
min error     0.000000
max error     0.232669



epoch [6 1] from [10 5]
training time per iterations 2.523842[ms]
testing on 20000 items
testing done
average error 0.002379
min error     0.000000
max error     0.304141



epoch [6 2] from [10 5]
training time per iterations 2.525066[ms]
testing on 20000 items
testing done
average error 0.002391
min error     0.000000
max error     0.226520



epoch [6 3] from [10 5]
training time per iterations 2.526540[ms]
testing on 20000 items
testing done
average error 0.002611
min error     0.000000
max error     0.284342



epoch [6 4] from [10 5]
training time per iterations 2.529265[ms]
testing on 20000 items
testing done
average error 0.002318
min error     0.000000
max error     0.286566
saving best net
best net saved to networks/disc16x16x3_no_gaussian_window_size_4/net_7/trained/, with error 0.002318



epoch [7 0] from [10 5]
training time per iterations 2.527513[ms]
testing on 20000 items
testing done
average error 0.002360
min error     0.000000
max error     0.243237



epoch [7 1] from [10 5]
training time per iterations 2.523480[ms]
testing on 20000 items
testing done
average error 0.002323
min error     0.000000
max error     0.288734



epoch [7 2] from [10 5]
training time per iterations 2.526734[ms]
testing on 20000 items
testing done
average error 0.002410
min error     0.000000
max error     0.254119



epoch [7 3] from [10 5]
training time per iterations 2.530280[ms]
testing on 20000 items
testing done
average error 0.002337
min error     0.000000
max error     0.256204



epoch [7 4] from [10 5]
training time per iterations 2.531226[ms]
testing on 20000 items
testing done
average error 0.002467
min error     0.000000
max error     0.220811
setting learning rate to 0.000050



epoch [8 0] from [10 5]
training time per iterations 2.525191[ms]
testing on 20000 items
testing done
average error 0.002345
min error     0.000000
max error     0.254416



epoch [8 1] from [10 5]
training time per iterations 2.521102[ms]
testing on 20000 items
testing done
average error 0.002412
min error     0.000000
max error     0.223198



epoch [8 2] from [10 5]
training time per iterations 2.526804[ms]
testing on 20000 items
testing done
average error 0.002364
min error     0.000000
max error     0.271704



epoch [8 3] from [10 5]
training time per iterations 2.532853[ms]
testing on 20000 items
testing done
average error 0.002368
min error     0.000000
max error     0.253250



epoch [8 4] from [10 5]
training time per iterations 2.531101[ms]
testing on 20000 items
testing done
average error 0.002350
min error     0.000000
max error     0.260236



epoch [9 0] from [10 5]
training time per iterations 2.526456[ms]
testing on 20000 items
testing done
average error 0.002416
min error     0.000000
max error     0.234699



epoch [9 1] from [10 5]
training time per iterations 2.524621[ms]
testing on 20000 items
testing done
average error 0.002425
min error     0.000000
max error     0.247328



epoch [9 2] from [10 5]
training time per iterations 2.523953[ms]
testing on 20000 items
testing done
average error 0.002367
min error     0.000000
max error     0.260277



epoch [9 3] from [10 5]
training time per iterations 2.528918[ms]
testing on 20000 items
testing done
average error 0.002432
min error     0.000000
max error     0.260336



epoch [9 4] from [10 5]
training time per iterations 2.522271[ms]
testing on 20000 items
testing done
average error 0.002377
min error     0.000000
max error     0.286277
training done
