0.000000 0 0 0.002900 0.000000 0.211441 0.002903 0.000000 0.212227
0.200000 0 1 0.002742 0.000000 0.261578 0.002709 0.000000 0.253567
0.400000 0 2 0.002684 0.000000 0.219333 0.002696 0.000000 0.254368
0.600000 0 3 0.002527 0.000000 0.268220 0.002548 0.000000 0.270434
0.800000 0 4 0.002625 0.000000 0.215504 0.002665 0.000000 0.217489
1.000000 1 0 0.002508 0.000000 0.293502 0.002559 0.000000 0.293040
1.200000 1 1 0.002695 0.000000 0.256675 0.002732 0.000000 0.257324
1.400000 1 2 0.002476 0.000000 0.272278 0.002444 0.000000 0.274062
1.600000 1 3 0.002563 0.000000 0.225068 0.002571 0.000000 0.226690
1.800000 1 4 0.002653 0.000000 0.243499 0.002575 0.000000 0.240142
2.000000 2 0 0.002528 0.000000 0.298743 0.002592 0.000000 0.289718
2.200000 2 1 0.002574 0.000000 0.242409 0.002569 0.000000 0.245487
2.400000 2 2 0.002585 0.000000 0.232000 0.002577 0.000000 0.234059
2.600000 2 3 0.002503 0.000000 0.287387 0.002498 0.000000 0.278537
2.800000 2 4 0.002369 0.000000 0.232951 0.002430 0.000000 0.231717
3.000000 3 0 0.002507 0.000000 0.197126 0.002510 0.000000 0.196369
3.200000 3 1 0.002419 0.000000 0.278969 0.002418 0.000000 0.279194
3.400000 3 2 0.002485 0.000000 0.234491 0.002492 0.000000 0.234284
3.600000 3 3 0.002424 0.000000 0.312157 0.002452 0.000000 0.311919
3.800000 3 4 0.002510 0.000000 0.253014 0.002502 0.000000 0.254734
4.000000 4 0 0.002425 0.000000 0.250631 0.002415 0.000000 0.245955
4.200000 4 1 0.002396 0.000000 0.233260 0.002417 0.000000 0.231204
4.400000 4 2 0.002358 0.000000 0.262163 0.002421 0.000000 0.260637
4.600000 4 3 0.002369 0.000000 0.299706 0.002365 0.000000 0.296445
4.800000 4 4 0.002399 0.000000 0.265090 0.002432 0.000000 0.266850
5.000000 5 0 0.002508 0.000000 0.282991 0.002543 0.000000 0.280500
5.200000 5 1 0.002391 0.000000 0.255976 0.002373 0.000000 0.255544
5.400000 5 2 0.002474 0.000000 0.242731 0.002455 0.000000 0.243573
5.600000 5 3 0.002480 0.000000 0.281876 0.002483 0.000000 0.281424
5.800000 5 4 0.002348 0.000000 0.291540 0.002335 0.000000 0.292924
6.000000 6 0 0.002500 0.000000 0.232669 0.002451 0.000000 0.223098
6.200000 6 1 0.002379 0.000000 0.304141 0.002369 0.000000 0.302732
6.400000 6 2 0.002391 0.000000 0.226520 0.002401 0.000000 0.224090
6.600000 6 3 0.002611 0.000000 0.284342 0.002607 0.000000 0.286165
6.800000 6 4 0.002318 0.000000 0.286566 0.002297 0.000000 0.287938
7.000000 7 0 0.002360 0.000000 0.243237 0.002410 0.000000 0.244923
7.200000 7 1 0.002323 0.000000 0.288734 0.002282 0.000000 0.280314
7.400000 7 2 0.002410 0.000000 0.254119 0.002385 0.000000 0.247071
7.600000 7 3 0.002337 0.000000 0.256204 0.002275 0.000000 0.249128
7.800000 7 4 0.002467 0.000000 0.220811 0.002471 0.000000 0.219410
8.000000 8 0 0.002345 0.000000 0.254416 0.002362 0.000000 0.256141
8.200000 8 1 0.002412 0.000000 0.223198 0.002362 0.000000 0.223399
8.400000 8 2 0.002364 0.000000 0.271704 0.002363 0.000000 0.269706
8.600000 8 3 0.002368 0.000000 0.253250 0.002439 0.000000 0.254970
8.800000 8 4 0.002350 0.000000 0.260236 0.002326 0.000000 0.261980
9.000000 9 0 0.002416 0.000000 0.234699 0.002458 0.000000 0.245849
9.200000 9 1 0.002425 0.000000 0.247328 0.002496 0.000000 0.243524
9.400000 9 2 0.002367 0.000000 0.260277 0.002378 0.000000 0.261584
9.600000 9 3 0.002432 0.000000 0.260336 0.002418 0.000000 0.261207
9.800000 9 4 0.002377 0.000000 0.286277 0.002360 0.000000 0.283317
