initializing
training size    : 359556
testing size     : 20000
epoch count      : 10
sub epoch size   : 5

epoch_learning_rate_decay   : 8
learning_rate_decay         : 0.250000

training



epoch [0 0] from [10 5]
training time per iterations 1.466048[ms]
testing on 20000 items
testing done
average error 0.005765
min error     0.000000
max error     0.240982
saving best net
best net saved to networks/disc8x8x3_no_gaussian_window_size_4/net_5/trained/, with error 0.005765



epoch [0 1] from [10 5]
training time per iterations 1.471138[ms]
testing on 20000 items
testing done
average error 0.005509
min error     0.000000
max error     0.244108
saving best net
best net saved to networks/disc8x8x3_no_gaussian_window_size_4/net_5/trained/, with error 0.005509



epoch [0 2] from [10 5]
training time per iterations 1.469441[ms]
testing on 20000 items
testing done
average error 0.005216
min error     0.000000
max error     0.227855
saving best net
best net saved to networks/disc8x8x3_no_gaussian_window_size_4/net_5/trained/, with error 0.005216



epoch [0 3] from [10 5]
training time per iterations 1.474406[ms]
testing on 20000 items
testing done
average error 0.005034
min error     0.000000
max error     0.228579
saving best net
best net saved to networks/disc8x8x3_no_gaussian_window_size_4/net_5/trained/, with error 0.005034



epoch [0 4] from [10 5]
training time per iterations 1.475129[ms]
testing on 20000 items
testing done
average error 0.005112
min error     0.000000
max error     0.225034



epoch [1 0] from [10 5]
training time per iterations 1.486518[ms]
testing on 20000 items
testing done
average error 0.004929
min error     0.000000
max error     0.226033
saving best net
best net saved to networks/disc8x8x3_no_gaussian_window_size_4/net_5/trained/, with error 0.004929



epoch [1 1] from [10 5]
training time per iterations 1.489591[ms]
testing on 20000 items
testing done
average error 0.004934
min error     0.000000
max error     0.226539



epoch [1 2] from [10 5]
training time per iterations 1.472751[ms]
testing on 20000 items
testing done
average error 0.004863
min error     0.000000
max error     0.247744
saving best net
best net saved to networks/disc8x8x3_no_gaussian_window_size_4/net_5/trained/, with error 0.004863



epoch [1 3] from [10 5]
training time per iterations 1.466897[ms]
testing on 20000 items
testing done
average error 0.004996
min error     0.000000
max error     0.262352



epoch [1 4] from [10 5]
training time per iterations 1.486323[ms]
testing on 20000 items
testing done
average error 0.005076
min error     0.000000
max error     0.237497



epoch [2 0] from [10 5]
training time per iterations 1.471416[ms]
testing on 20000 items
testing done
average error 0.004925
min error     0.000000
max error     0.240047



epoch [2 1] from [10 5]
training time per iterations 1.485294[ms]
testing on 20000 items
testing done
average error 0.004752
min error     0.000000
max error     0.226026
saving best net
best net saved to networks/disc8x8x3_no_gaussian_window_size_4/net_5/trained/, with error 0.004752



epoch [2 2] from [10 5]
training time per iterations 1.468204[ms]
testing on 20000 items
testing done
average error 0.004919
min error     0.000000
max error     0.226371



epoch [2 3] from [10 5]
training time per iterations 1.475546[ms]
testing on 20000 items
testing done
average error 0.004727
min error     0.000000
max error     0.239338
saving best net
best net saved to networks/disc8x8x3_no_gaussian_window_size_4/net_5/trained/, with error 0.004727



epoch [2 4] from [10 5]
training time per iterations 1.466702[ms]
testing on 20000 items
testing done
average error 0.004679
min error     0.000000
max error     0.226627
saving best net
best net saved to networks/disc8x8x3_no_gaussian_window_size_4/net_5/trained/, with error 0.004679



epoch [3 0] from [10 5]
training time per iterations 1.466062[ms]
testing on 20000 items
testing done
average error 0.004874
min error     0.000000
max error     0.228001



epoch [3 1] from [10 5]
training time per iterations 1.469720[ms]
testing on 20000 items
testing done
average error 0.004658
min error     0.000000
max error     0.254820
saving best net
best net saved to networks/disc8x8x3_no_gaussian_window_size_4/net_5/trained/, with error 0.004658



epoch [3 2] from [10 5]
training time per iterations 1.481887[ms]
testing on 20000 items
testing done
average error 0.004816
min error     0.000000
max error     0.229308



epoch [3 3] from [10 5]
training time per iterations 1.469664[ms]
testing on 20000 items
testing done
average error 0.004788
min error     0.000000
max error     0.226697



epoch [3 4] from [10 5]
training time per iterations 1.468871[ms]
testing on 20000 items
testing done
average error 0.004691
min error     0.000000
max error     0.224048



epoch [4 0] from [10 5]
training time per iterations 1.478411[ms]
testing on 20000 items
testing done
average error 0.004704
min error     0.000000
max error     0.234942



epoch [4 1] from [10 5]
training time per iterations 1.465770[ms]
testing on 20000 items
testing done
average error 0.004804
min error     0.000000
max error     0.238187



epoch [4 2] from [10 5]
training time per iterations 1.471555[ms]
testing on 20000 items
testing done
average error 0.004689
min error     0.000000
max error     0.225549



epoch [4 3] from [10 5]
training time per iterations 1.467161[ms]
testing on 20000 items
testing done
average error 0.004702
min error     0.000000
max error     0.224425



epoch [4 4] from [10 5]
training time per iterations 1.461265[ms]
testing on 20000 items
testing done
average error 0.004794
min error     0.000000
max error     0.216554



epoch [5 0] from [10 5]
training time per iterations 1.472987[ms]
testing on 20000 items
testing done
average error 0.004654
min error     0.000000
max error     0.227935
saving best net
best net saved to networks/disc8x8x3_no_gaussian_window_size_4/net_5/trained/, with error 0.004654



epoch [5 1] from [10 5]
training time per iterations 1.470220[ms]
testing on 20000 items
testing done
average error 0.004757
min error     0.000000
max error     0.219178



epoch [5 2] from [10 5]
training time per iterations 1.464533[ms]
testing on 20000 items
testing done
average error 0.004857
min error     0.000000
max error     0.283641



epoch [5 3] from [10 5]
training time per iterations 1.465826[ms]
testing on 20000 items
testing done
average error 0.004788
min error     0.000000
max error     0.222189



epoch [5 4] from [10 5]
training time per iterations 1.467230[ms]
testing on 20000 items
testing done
average error 0.004726
min error     0.000000
max error     0.219151



epoch [6 0] from [10 5]
training time per iterations 1.464838[ms]
testing on 20000 items
testing done
average error 0.004618
min error     0.000000
max error     0.233641
saving best net
best net saved to networks/disc8x8x3_no_gaussian_window_size_4/net_5/trained/, with error 0.004618



epoch [6 1] from [10 5]
training time per iterations 1.465339[ms]
testing on 20000 items
testing done
average error 0.004711
min error     0.000000
max error     0.216102



epoch [6 2] from [10 5]
training time per iterations 1.467369[ms]
testing on 20000 items
testing done
average error 0.004663
min error     0.000000
max error     0.229466



epoch [6 3] from [10 5]
training time per iterations 1.463796[ms]
testing on 20000 items
testing done
average error 0.004704
min error     0.000000
max error     0.227722



epoch [6 4] from [10 5]
training time per iterations 1.470331[ms]
testing on 20000 items
testing done
average error 0.004709
min error     0.000000
max error     0.234812



epoch [7 0] from [10 5]
training time per iterations 1.466841[ms]
testing on 20000 items
testing done
average error 0.004689
min error     0.000000
max error     0.243638



epoch [7 1] from [10 5]
training time per iterations 1.469831[ms]
testing on 20000 items
testing done
average error 0.004673
min error     0.000000
max error     0.265043



epoch [7 2] from [10 5]
training time per iterations 1.470832[ms]
testing on 20000 items
testing done
average error 0.004682
min error     0.000000
max error     0.223452



epoch [7 3] from [10 5]
training time per iterations 1.484696[ms]
testing on 20000 items
testing done
average error 0.004568
min error     0.000000
max error     0.226659
saving best net
best net saved to networks/disc8x8x3_no_gaussian_window_size_4/net_5/trained/, with error 0.004568



epoch [7 4] from [10 5]
training time per iterations 1.470721[ms]
testing on 20000 items
testing done
average error 0.004630
min error     0.000000
max error     0.228725
setting learning rate to 0.000050



epoch [8 0] from [10 5]
training time per iterations 1.475852[ms]
testing on 20000 items
testing done
average error 0.004629
min error     0.000000
max error     0.225812



epoch [8 1] from [10 5]
training time per iterations 1.473558[ms]
testing on 20000 items
testing done
average error 0.004687
min error     0.000000
max error     0.223854



epoch [8 2] from [10 5]
training time per iterations 1.465353[ms]
testing on 20000 items
testing done
average error 0.004623
min error     0.000000
max error     0.224293



epoch [8 3] from [10 5]
training time per iterations 1.466855[ms]
testing on 20000 items
testing done
average error 0.004590
min error     0.000000
max error     0.223114



epoch [8 4] from [10 5]
training time per iterations 1.471444[ms]
testing on 20000 items
testing done
average error 0.004696
min error     0.000000
max error     0.222932



epoch [9 0] from [10 5]
training time per iterations 1.466285[ms]
testing on 20000 items
testing done
average error 0.004603
min error     0.000000
max error     0.228384



epoch [9 1] from [10 5]
training time per iterations 1.463086[ms]
testing on 20000 items
testing done
average error 0.004701
min error     0.000000
max error     0.222003



epoch [9 2] from [10 5]
training time per iterations 1.462989[ms]
testing on 20000 items
testing done
average error 0.004653
min error     0.000000
max error     0.225609



epoch [9 3] from [10 5]
training time per iterations 1.471374[ms]
testing on 20000 items
testing done
average error 0.004582
min error     0.000000
max error     0.227928



epoch [9 4] from [10 5]
training time per iterations 1.475046[ms]
testing on 20000 items
testing done
average error 0.004560
min error     0.000000
max error     0.233525
saving best net
best net saved to networks/disc8x8x3_no_gaussian_window_size_4/net_5/trained/, with error 0.004560
training done
