0.000000 0 0 0.005765 0.000000 0.240982 0.005770 0.000000 0.292510
0.200000 0 1 0.005509 0.000000 0.244108 0.005516 0.000000 0.265714
0.400000 0 2 0.005216 0.000000 0.227855 0.005190 0.000000 0.225857
0.600000 0 3 0.005034 0.000000 0.228579 0.005045 0.000000 0.220345
0.800000 0 4 0.005112 0.000000 0.225034 0.005076 0.000000 0.202169
1.000000 1 0 0.004929 0.000000 0.226033 0.004913 0.000000 0.168355
1.200000 1 1 0.004934 0.000000 0.226539 0.004952 0.000000 0.224170
1.400000 1 2 0.004863 0.000000 0.247744 0.004832 0.000000 0.250221
1.600000 1 3 0.004996 0.000000 0.262352 0.004965 0.000000 0.165237
1.800000 1 4 0.005076 0.000000 0.237497 0.005084 0.000000 0.227012
2.000000 2 0 0.004925 0.000000 0.240047 0.004841 0.000000 0.245195
2.200000 2 1 0.004752 0.000000 0.226026 0.004746 0.000000 0.234217
2.400000 2 2 0.004919 0.000000 0.226371 0.004884 0.000000 0.231372
2.600000 2 3 0.004727 0.000000 0.239338 0.004619 0.000000 0.226583
2.800000 2 4 0.004679 0.000000 0.226627 0.004589 0.000000 0.239089
3.000000 3 0 0.004874 0.000000 0.228001 0.004849 0.000000 0.228001
3.200000 3 1 0.004658 0.000000 0.254820 0.004672 0.000000 0.264713
3.400000 3 2 0.004816 0.000000 0.229308 0.004805 0.000000 0.201574
3.600000 3 3 0.004788 0.000000 0.226697 0.004783 0.000000 0.246682
3.800000 3 4 0.004691 0.000000 0.224048 0.004723 0.000000 0.224048
4.000000 4 0 0.004704 0.000000 0.234942 0.004716 0.000000 0.234872
4.200000 4 1 0.004804 0.000000 0.238187 0.004728 0.000000 0.243315
4.400000 4 2 0.004689 0.000000 0.225549 0.004611 0.000000 0.225549
4.600000 4 3 0.004702 0.000000 0.224425 0.004688 0.000000 0.205139
4.800000 4 4 0.004794 0.000000 0.216554 0.004764 0.000000 0.206657
5.000000 5 0 0.004654 0.000000 0.227935 0.004598 0.000000 0.165753
5.200000 5 1 0.004757 0.000000 0.219178 0.004755 0.000000 0.211769
5.400000 5 2 0.004857 0.000000 0.283641 0.004839 0.000000 0.229955
5.600000 5 3 0.004788 0.000000 0.222189 0.004726 0.000000 0.154159
5.800000 5 4 0.004726 0.000000 0.219151 0.004679 0.000000 0.170297
6.000000 6 0 0.004618 0.000000 0.233641 0.004549 0.000000 0.235576
6.200000 6 1 0.004711 0.000000 0.216102 0.004660 0.000000 0.234485
6.400000 6 2 0.004663 0.000000 0.229466 0.004564 0.000000 0.233593
6.600000 6 3 0.004704 0.000000 0.227722 0.004615 0.000000 0.157369
6.800000 6 4 0.004709 0.000000 0.234812 0.004690 0.000000 0.219227
7.000000 7 0 0.004689 0.000000 0.243638 0.004630 0.000000 0.150763
7.200000 7 1 0.004673 0.000000 0.265043 0.004696 0.000000 0.229525
7.400000 7 2 0.004682 0.000000 0.223452 0.004636 0.000000 0.230984
7.600000 7 3 0.004568 0.000000 0.226659 0.004434 0.000000 0.219007
7.800000 7 4 0.004630 0.000000 0.228725 0.004456 0.000000 0.224687
8.000000 8 0 0.004629 0.000000 0.225812 0.004556 0.000000 0.214391
8.200000 8 1 0.004687 0.000000 0.223854 0.004596 0.000000 0.236194
8.400000 8 2 0.004623 0.000000 0.224293 0.004553 0.000000 0.193391
8.600000 8 3 0.004590 0.000000 0.223114 0.004617 0.000000 0.249550
8.800000 8 4 0.004696 0.000000 0.222932 0.004630 0.000000 0.234329
9.000000 9 0 0.004603 0.000000 0.228384 0.004551 0.000000 0.204644
9.200000 9 1 0.004701 0.000000 0.222003 0.004679 0.000000 0.211172
9.400000 9 2 0.004653 0.000000 0.225609 0.004629 0.000000 0.226827
9.600000 9 3 0.004582 0.000000 0.227928 0.004547 0.000000 0.212285
9.800000 9 4 0.004560 0.000000 0.233525 0.004486 0.000000 0.224848
