initializing
training size    : 359556
testing size     : 20000
epoch count      : 10
sub epoch size   : 5

epoch_learning_rate_decay   : 8
learning_rate_decay         : 0.250000

training



epoch [0 0] from [10 5]
training time per iterations 1.480219[ms]
testing on 20000 items
testing done
average error 0.003549
min error     0.000000
max error     0.253166
saving best net
best net saved to networks/disc8x8x3_window_size_4/net_5/trained/, with error 0.003549



epoch [0 1] from [10 5]
training time per iterations 1.485016[ms]
testing on 20000 items
testing done
average error 0.002814
min error     0.000000
max error     0.248932
saving best net
best net saved to networks/disc8x8x3_window_size_4/net_5/trained/, with error 0.002814



epoch [0 2] from [10 5]
training time per iterations 1.476033[ms]
testing on 20000 items
testing done
average error 0.002534
min error     0.000000
max error     0.251485
saving best net
best net saved to networks/disc8x8x3_window_size_4/net_5/trained/, with error 0.002534



epoch [0 3] from [10 5]
training time per iterations 1.467773[ms]
testing on 20000 items
testing done
average error 0.002353
min error     0.000000
max error     0.259764
saving best net
best net saved to networks/disc8x8x3_window_size_4/net_5/trained/, with error 0.002353



epoch [0 4] from [10 5]
training time per iterations 1.471166[ms]
testing on 20000 items
testing done
average error 0.002266
min error     0.000000
max error     0.260244
saving best net
best net saved to networks/disc8x8x3_window_size_4/net_5/trained/, with error 0.002266



epoch [1 0] from [10 5]
training time per iterations 1.470039[ms]
testing on 20000 items
testing done
average error 0.002215
min error     0.000000
max error     0.247989
saving best net
best net saved to networks/disc8x8x3_window_size_4/net_5/trained/, with error 0.002215



epoch [1 1] from [10 5]
training time per iterations 1.476297[ms]
testing on 20000 items
testing done
average error 0.002033
min error     0.000000
max error     0.236260
saving best net
best net saved to networks/disc8x8x3_window_size_4/net_5/trained/, with error 0.002033



epoch [1 2] from [10 5]
training time per iterations 1.467063[ms]
testing on 20000 items
testing done
average error 0.002103
min error     0.000000
max error     0.265815



epoch [1 3] from [10 5]
training time per iterations 1.467648[ms]
testing on 20000 items
testing done
average error 0.001990
min error     0.000000
max error     0.256060
saving best net
best net saved to networks/disc8x8x3_window_size_4/net_5/trained/, with error 0.001990



epoch [1 4] from [10 5]
training time per iterations 1.467870[ms]
testing on 20000 items
testing done
average error 0.001954
min error     0.000000
max error     0.263436
saving best net
best net saved to networks/disc8x8x3_window_size_4/net_5/trained/, with error 0.001954



epoch [2 0] from [10 5]
training time per iterations 1.470290[ms]
testing on 20000 items
testing done
average error 0.001937
min error     0.000000
max error     0.253017
saving best net
best net saved to networks/disc8x8x3_window_size_4/net_5/trained/, with error 0.001937



epoch [2 1] from [10 5]
training time per iterations 1.471861[ms]
testing on 20000 items
testing done
average error 0.001943
min error     0.000000
max error     0.260553



epoch [2 2] from [10 5]
training time per iterations 1.483431[ms]
testing on 20000 items
testing done
average error 0.001880
min error     0.000000
max error     0.271907
saving best net
best net saved to networks/disc8x8x3_window_size_4/net_5/trained/, with error 0.001880



epoch [2 3] from [10 5]
training time per iterations 1.478411[ms]
testing on 20000 items
testing done
average error 0.001884
min error     0.000000
max error     0.254094



epoch [2 4] from [10 5]
training time per iterations 1.480761[ms]
testing on 20000 items
testing done
average error 0.001914
min error     0.000000
max error     0.269577



epoch [3 0] from [10 5]
training time per iterations 1.471360[ms]
testing on 20000 items
testing done
average error 0.001838
min error     0.000000
max error     0.249759
saving best net
best net saved to networks/disc8x8x3_window_size_4/net_5/trained/, with error 0.001838



epoch [3 1] from [10 5]
training time per iterations 1.476575[ms]
testing on 20000 items
testing done
average error 0.001815
min error     0.000000
max error     0.247003
saving best net
best net saved to networks/disc8x8x3_window_size_4/net_5/trained/, with error 0.001815



epoch [3 2] from [10 5]
training time per iterations 1.481456[ms]
testing on 20000 items
testing done
average error 0.001811
min error     0.000000
max error     0.243463
saving best net
best net saved to networks/disc8x8x3_window_size_4/net_5/trained/, with error 0.001811



epoch [3 3] from [10 5]
training time per iterations 1.475922[ms]
testing on 20000 items
testing done
average error 0.001824
min error     0.000000
max error     0.261892



epoch [3 4] from [10 5]
training time per iterations 1.474990[ms]
testing on 20000 items
testing done
average error 0.001783
min error     0.000000
max error     0.270804
saving best net
best net saved to networks/disc8x8x3_window_size_4/net_5/trained/, with error 0.001783



epoch [4 0] from [10 5]
training time per iterations 1.476102[ms]
testing on 20000 items
testing done
average error 0.001819
min error     0.000000
max error     0.246527



epoch [4 1] from [10 5]
training time per iterations 1.470415[ms]
testing on 20000 items
testing done
average error 0.001814
min error     0.000000
max error     0.247830



epoch [4 2] from [10 5]
training time per iterations 1.452893[ms]
testing on 20000 items
testing done
average error 0.001794
min error     0.000000
max error     0.244083



epoch [4 3] from [10 5]
training time per iterations 1.466521[ms]
testing on 20000 items
testing done
average error 0.001761
min error     0.000000
max error     0.246543
saving best net
best net saved to networks/disc8x8x3_window_size_4/net_5/trained/, with error 0.001761



epoch [4 4] from [10 5]
training time per iterations 1.465937[ms]
testing on 20000 items
testing done
average error 0.001813
min error     0.000000
max error     0.253034



epoch [5 0] from [10 5]
training time per iterations 1.469831[ms]
testing on 20000 items
testing done
average error 0.001857
min error     0.000000
max error     0.258196



epoch [5 1] from [10 5]
training time per iterations 1.472640[ms]
testing on 20000 items
testing done
average error 0.001764
min error     0.000000
max error     0.242484



epoch [5 2] from [10 5]
training time per iterations 1.468593[ms]
testing on 20000 items
testing done
average error 0.001757
min error     0.000000
max error     0.247033
saving best net
best net saved to networks/disc8x8x3_window_size_4/net_5/trained/, with error 0.001757



epoch [5 3] from [10 5]
training time per iterations 1.478494[ms]
testing on 20000 items
testing done
average error 0.001752
min error     0.000000
max error     0.257060
saving best net
best net saved to networks/disc8x8x3_window_size_4/net_5/trained/, with error 0.001752



epoch [5 4] from [10 5]
training time per iterations 1.476492[ms]
testing on 20000 items
testing done
average error 0.001810
min error     0.000000
max error     0.246312



epoch [6 0] from [10 5]
training time per iterations 1.491788[ms]
testing on 20000 items
testing done
average error 0.001757
min error     0.000000
max error     0.233716



epoch [6 1] from [10 5]
training time per iterations 1.476742[ms]
testing on 20000 items
testing done
average error 0.001763
min error     0.000000
max error     0.247117



epoch [6 2] from [10 5]
training time per iterations 1.476881[ms]
testing on 20000 items
testing done
average error 0.001828
min error     0.000000
max error     0.253650



epoch [6 3] from [10 5]
training time per iterations 1.472932[ms]
testing on 20000 items
testing done
average error 0.001722
min error     0.000000
max error     0.233615
saving best net
best net saved to networks/disc8x8x3_window_size_4/net_5/trained/, with error 0.001722



epoch [6 4] from [10 5]
training time per iterations 1.472084[ms]
testing on 20000 items
testing done
average error 0.001761
min error     0.000000
max error     0.250255



epoch [7 0] from [10 5]
training time per iterations 1.471388[ms]
testing on 20000 items
testing done
average error 0.001765
min error     0.000000
max error     0.249456



epoch [7 1] from [10 5]
training time per iterations 1.474461[ms]
testing on 20000 items
testing done
average error 0.001722
min error     0.000000
max error     0.241099



epoch [7 2] from [10 5]
training time per iterations 1.470735[ms]
testing on 20000 items
testing done
average error 0.001713
min error     0.000000
max error     0.244736
saving best net
best net saved to networks/disc8x8x3_window_size_4/net_5/trained/, with error 0.001713



epoch [7 3] from [10 5]
training time per iterations 1.468537[ms]
testing on 20000 items
testing done
average error 0.001689
min error     0.000000
max error     0.237262
saving best net
best net saved to networks/disc8x8x3_window_size_4/net_5/trained/, with error 0.001689



epoch [7 4] from [10 5]
training time per iterations 1.469622[ms]
testing on 20000 items
testing done
average error 0.001713
min error     0.000000
max error     0.245418
setting learning rate to 0.000050



epoch [8 0] from [10 5]
training time per iterations 1.470610[ms]
testing on 20000 items
testing done
average error 0.001725
min error     0.000000
max error     0.242330



epoch [8 1] from [10 5]
training time per iterations 1.469900[ms]
testing on 20000 items
testing done
average error 0.001722
min error     0.000000
max error     0.241798



epoch [8 2] from [10 5]
training time per iterations 1.473113[ms]
testing on 20000 items
testing done
average error 0.001727
min error     0.000000
max error     0.241818



epoch [8 3] from [10 5]
training time per iterations 1.472834[ms]
testing on 20000 items
testing done
average error 0.001692
min error     0.000000
max error     0.247786



epoch [8 4] from [10 5]
training time per iterations 1.480636[ms]
testing on 20000 items
testing done
average error 0.001714
min error     0.000000
max error     0.236097



epoch [9 0] from [10 5]
training time per iterations 1.479356[ms]
testing on 20000 items
testing done
average error 0.001712
min error     0.000000
max error     0.242716



epoch [9 1] from [10 5]
training time per iterations 1.477855[ms]
testing on 20000 items
testing done
average error 0.001737
min error     0.000000
max error     0.247182



epoch [9 2] from [10 5]
training time per iterations 1.479927[ms]
testing on 20000 items
testing done
average error 0.001711
min error     0.000000
max error     0.245641



epoch [9 3] from [10 5]
training time per iterations 1.478814[ms]
testing on 20000 items
testing done
average error 0.001701
min error     0.000000
max error     0.238046



epoch [9 4] from [10 5]
training time per iterations 1.475491[ms]
testing on 20000 items
testing done
average error 0.001726
min error     0.000000
max error     0.246974
training done
