network init start

hyperparameters
init_weight_range 0.000000 ,xavier
learning_rate 0.000200
lambda1 0.000001
lambda2 0.000001
dropout 0.020000
minibatch size 32

   DENSE CONVOLUTION  [    8     8    12] [    3     3     8] [    8     8    20] [       864          8][     55808]
                RELU  [    8     8    20] [    1     1     1] [    8     8    20] [         0          0][      2560]
   DENSE CONVOLUTION  [    8     8    20] [    3     3     8] [    8     8    28] [      1440          8][     92672]
                RELU  [    8     8    28] [    1     1     1] [    8     8    28] [         0          0][      3584]
   DENSE CONVOLUTION  [    8     8    28] [    3     3     8] [    8     8    36] [      2016          8][    129536]
                RELU  [    8     8    36] [    1     1     1] [    8     8    36] [         0          0][      4608]
   DENSE CONVOLUTION  [    8     8    36] [    3     3     8] [    8     8    44] [      2592          8][    166400]
                RELU  [    8     8    44] [    1     1     1] [    8     8    44] [         0          0][      5632]
         CONVOLUTION  [    8     8    44] [    1     1    16] [    8     8    16] [       704         16][     46080]
                RELU  [    8     8    16] [    1     1     1] [    8     8    16] [         0          0][      2048]
   DENSE CONVOLUTION  [    8     8    16] [    3     3     8] [    8     8    24] [      1152          8][     74240]
                RELU  [    8     8    24] [    1     1     1] [    8     8    24] [         0          0][      3072]
   DENSE CONVOLUTION  [    8     8    24] [    3     3     8] [    8     8    32] [      1728          8][    111104]
                RELU  [    8     8    32] [    1     1     1] [    8     8    32] [         0          0][      4096]
   DENSE CONVOLUTION  [    8     8    32] [    3     3     8] [    8     8    40] [      2304          8][    147968]
                RELU  [    8     8    40] [    1     1     1] [    8     8    40] [         0          0][      5120]
   DENSE CONVOLUTION  [    8     8    40] [    3     3     8] [    8     8    48] [      2880          8][    184832]
                RELU  [    8     8    48] [    1     1     1] [    8     8    48] [         0          0][      6144]
         CONVOLUTION  [    8     8    48] [    1     1    32] [    8     8    32] [      1536         32][    100352]
                RELU  [    8     8    32] [    1     1     1] [    8     8    32] [         0          0][      4096]
             DROPOUT  [    8     8    32] [    1     1     1] [    8     8    32] [         0          0][      4096]
                  FC  [    8     8    32] [    1     1     3] [    1     1     3] [      6144          3][     12294]

input_geometry  [8 8 12]
output_geometry [1 1 3]
network flops operations 1166342 FLOPS, 0.001166 GFLOPS
init DONE

network destructor done
