0.000000 0 0 0.003549 0.000000 0.253166 0.003489 0.000000 0.163598
0.200000 0 1 0.002814 0.000000 0.248932 0.002833 0.000000 0.247596
0.400000 0 2 0.002534 0.000000 0.251485 0.002527 0.000000 0.223528
0.600000 0 3 0.002353 0.000000 0.259764 0.002366 0.000000 0.211948
0.800000 0 4 0.002266 0.000000 0.260244 0.002248 0.000000 0.167565
1.000000 1 0 0.002215 0.000000 0.247989 0.002229 0.000000 0.218747
1.200000 1 1 0.002033 0.000000 0.236260 0.002049 0.000000 0.160463
1.400000 1 2 0.002103 0.000000 0.265815 0.002111 0.000000 0.237252
1.600000 1 3 0.001990 0.000000 0.256060 0.002007 0.000000 0.164421
1.800000 1 4 0.001954 0.000000 0.263436 0.001954 0.000000 0.268419
2.000000 2 0 0.001937 0.000000 0.253017 0.001947 0.000000 0.200112
2.200000 2 1 0.001943 0.000000 0.260553 0.001959 0.000000 0.232061
2.400000 2 2 0.001880 0.000000 0.271907 0.001874 0.000000 0.223696
2.600000 2 3 0.001884 0.000000 0.254094 0.001898 0.000000 0.213712
2.800000 2 4 0.001914 0.000000 0.269577 0.001920 0.000000 0.179070
3.000000 3 0 0.001838 0.000000 0.249759 0.001891 0.000000 0.252270
3.200000 3 1 0.001815 0.000000 0.247003 0.001832 0.000000 0.238657
3.400000 3 2 0.001811 0.000000 0.243463 0.001798 0.000000 0.225330
3.600000 3 3 0.001824 0.000000 0.261892 0.001811 0.000000 0.152923
3.800000 3 4 0.001783 0.000000 0.270804 0.001772 0.000000 0.170471
4.000000 4 0 0.001819 0.000000 0.246527 0.001850 0.000000 0.211901
4.200000 4 1 0.001814 0.000000 0.247830 0.001827 0.000000 0.170137
4.400000 4 2 0.001794 0.000000 0.244083 0.001811 0.000000 0.169565
4.600000 4 3 0.001761 0.000000 0.246543 0.001782 0.000000 0.154578
4.800000 4 4 0.001813 0.000000 0.253034 0.001808 0.000000 0.161821
5.000000 5 0 0.001857 0.000000 0.258196 0.001835 0.000000 0.230362
5.200000 5 1 0.001764 0.000000 0.242484 0.001769 0.000000 0.244280
5.400000 5 2 0.001757 0.000000 0.247033 0.001732 0.000000 0.233865
5.600000 5 3 0.001752 0.000000 0.257060 0.001772 0.000000 0.221156
5.800000 5 4 0.001810 0.000000 0.246312 0.001786 0.000000 0.153652
6.000000 6 0 0.001757 0.000000 0.233716 0.001781 0.000000 0.234671
6.200000 6 1 0.001763 0.000000 0.247117 0.001781 0.000000 0.229750
6.400000 6 2 0.001828 0.000000 0.253650 0.001813 0.000000 0.249399
6.600000 6 3 0.001722 0.000000 0.233615 0.001738 0.000000 0.179420
6.800000 6 4 0.001761 0.000000 0.250255 0.001774 0.000000 0.212587
7.000000 7 0 0.001765 0.000000 0.249456 0.001762 0.000000 0.172995
7.200000 7 1 0.001722 0.000000 0.241099 0.001722 0.000000 0.152954
7.400000 7 2 0.001713 0.000000 0.244736 0.001698 0.000000 0.166207
7.600000 7 3 0.001689 0.000000 0.237262 0.001714 0.000000 0.236815
7.800000 7 4 0.001713 0.000000 0.245418 0.001711 0.000000 0.170337
8.000000 8 0 0.001725 0.000000 0.242330 0.001756 0.000000 0.219267
8.200000 8 1 0.001722 0.000000 0.241798 0.001721 0.000000 0.170848
8.400000 8 2 0.001727 0.000000 0.241818 0.001738 0.000000 0.213649
8.600000 8 3 0.001692 0.000000 0.247786 0.001714 0.000000 0.206327
8.800000 8 4 0.001714 0.000000 0.236097 0.001738 0.000000 0.245853
9.000000 9 0 0.001712 0.000000 0.242716 0.001719 0.000000 0.187562
9.200000 9 1 0.001737 0.000000 0.247182 0.001768 0.000000 0.156974
9.400000 9 2 0.001711 0.000000 0.245641 0.001720 0.000000 0.155318
9.600000 9 3 0.001701 0.000000 0.238046 0.001716 0.000000 0.238768
9.800000 9 4 0.001726 0.000000 0.246974 0.001749 0.000000 0.243014
