network init start

hyperparameters
init_weight_range 0.000000 ,xavier
learning_rate 0.000050
lambda1 0.000000
lambda2 0.000000
dropout 0.020000
minibatch size 32

   DENSE CONVOLUTION  [   16    16    12] [    3     3     8] [   16    16    20] [       864          8][    223232]
                RELU  [   16    16    20] [    1     1     1] [   16    16    20] [         0          0][     10240]
   DENSE CONVOLUTION  [   16    16    20] [    3     3     8] [   16    16    28] [      1440          8][    370688]
                RELU  [   16    16    28] [    1     1     1] [   16    16    28] [         0          0][     14336]
   DENSE CONVOLUTION  [   16    16    28] [    3     3     8] [   16    16    36] [      2016          8][    518144]
                RELU  [   16    16    36] [    1     1     1] [   16    16    36] [         0          0][     18432]
   DENSE CONVOLUTION  [   16    16    36] [    3     3     8] [   16    16    44] [      2592          8][    665600]
                RELU  [   16    16    44] [    1     1     1] [   16    16    44] [         0          0][     22528]
         CONVOLUTION  [   16    16    44] [    1     1    32] [   16    16    32] [      1408         32][    368640]
                RELU  [   16    16    32] [    1     1     1] [   16    16    32] [         0          0][     16384]
   DENSE CONVOLUTION  [   16    16    32] [    3     3     8] [   16    16    40] [      2304          8][    591872]
                RELU  [   16    16    40] [    1     1     1] [   16    16    40] [         0          0][     20480]
   DENSE CONVOLUTION  [   16    16    40] [    3     3     8] [   16    16    48] [      2880          8][    739328]
                RELU  [   16    16    48] [    1     1     1] [   16    16    48] [         0          0][     24576]
   DENSE CONVOLUTION  [   16    16    48] [    3     3     8] [   16    16    56] [      3456          8][    886784]
                RELU  [   16    16    56] [    1     1     1] [   16    16    56] [         0          0][     28672]
   DENSE CONVOLUTION  [   16    16    56] [    3     3     8] [   16    16    64] [      4032          8][   1034240]
                RELU  [   16    16    64] [    1     1     1] [   16    16    64] [         0          0][     32768]
         CONVOLUTION  [   16    16    64] [    1     1    32] [   16    16    32] [      2048         32][    532480]
                RELU  [   16    16    32] [    1     1     1] [   16    16    32] [         0          0][     16384]
   DENSE CONVOLUTION  [   16    16    32] [    3     3     8] [   16    16    40] [      2304          8][    591872]
                RELU  [   16    16    40] [    1     1     1] [   16    16    40] [         0          0][     20480]
   DENSE CONVOLUTION  [   16    16    40] [    3     3     8] [   16    16    48] [      2880          8][    739328]
                RELU  [   16    16    48] [    1     1     1] [   16    16    48] [         0          0][     24576]
   DENSE CONVOLUTION  [   16    16    48] [    3     3     8] [   16    16    56] [      3456          8][    886784]
                RELU  [   16    16    56] [    1     1     1] [   16    16    56] [         0          0][     28672]
   DENSE CONVOLUTION  [   16    16    56] [    3     3     8] [   16    16    64] [      4032          8][   1034240]
                RELU  [   16    16    64] [    1     1     1] [   16    16    64] [         0          0][     32768]
         CONVOLUTION  [   16    16    64] [    1     1    64] [   16    16    64] [      4096         64][   1064960]
                RELU  [   16    16    64] [    1     1     1] [   16    16    64] [         0          0][     32768]
             DROPOUT  [   16    16    64] [    1     1     1] [   16    16    64] [         0          0][     32768]
                  FC  [   16    16    64] [    1     1     3] [    1     1     3] [     49152          3][     98310]

input_geometry  [16 16 12]
output_geometry [1 1 3]
network flops operations 10723334 FLOPS, 0.010723 GFLOPS
init DONE

network destructor done
