0.000000 0 0 0.002260 0.000000 0.250764 0.002338 0.000000 0.156506
0.200000 0 1 0.002129 0.000000 0.252639 0.002184 0.000000 0.252639
0.400000 0 2 0.001997 0.000000 0.253106 0.002026 0.000000 0.218926
0.600000 0 3 0.001942 0.000000 0.248039 0.001955 0.000000 0.179283
0.800000 0 4 0.001866 0.000000 0.260912 0.001931 0.000000 0.256197
1.000000 1 0 0.001809 0.000000 0.278488 0.001886 0.000000 0.266439
1.200000 1 1 0.001889 0.000000 0.248187 0.001925 0.000000 0.246282
1.400000 1 2 0.001761 0.000000 0.236408 0.001782 0.000000 0.147858
1.600000 1 3 0.001737 0.000000 0.255437 0.001778 0.000000 0.164498
1.800000 1 4 0.001786 0.000000 0.247496 0.001823 0.000000 0.140859
2.000000 2 0 0.001778 0.000000 0.248217 0.001810 0.000000 0.248217
2.200000 2 1 0.001743 0.000000 0.224927 0.001757 0.000000 0.150431
2.400000 2 2 0.001706 0.000000 0.244042 0.001757 0.000000 0.210839
2.600000 2 3 0.001726 0.000000 0.239869 0.001735 0.000000 0.149375
2.800000 2 4 0.001670 0.000000 0.246072 0.001670 0.000000 0.174139
3.000000 3 0 0.001764 0.000000 0.245452 0.001767 0.000000 0.131661
3.200000 3 1 0.001850 0.000000 0.224210 0.001845 0.000000 0.229808
3.400000 3 2 0.001783 0.000000 0.250937 0.001803 0.000000 0.250937
3.600000 3 3 0.001716 0.000000 0.239318 0.001744 0.000000 0.163186
3.800000 3 4 0.001773 0.000000 0.249602 0.001776 0.000000 0.226711
4.000000 4 0 0.001680 0.000000 0.237165 0.001731 0.000000 0.167259
4.200000 4 1 0.001692 0.000000 0.249247 0.001728 0.000000 0.212281
4.400000 4 2 0.001749 0.000000 0.238272 0.001757 0.000000 0.232325
4.600000 4 3 0.001803 0.000000 0.239727 0.001812 0.000000 0.212475
4.800000 4 4 0.001638 0.000000 0.255953 0.001655 0.000000 0.164892
5.000000 5 0 0.001797 0.000000 0.238031 0.001838 0.000000 0.236760
5.200000 5 1 0.001930 0.000000 0.255611 0.001978 0.000000 0.171742
5.400000 5 2 0.001707 0.000000 0.242433 0.001701 0.000000 0.163058
5.600000 5 3 0.001680 0.000000 0.251355 0.001718 0.000000 0.149010
5.800000 5 4 0.001712 0.000000 0.247384 0.001713 0.000000 0.224531
6.000000 6 0 0.001687 0.000000 0.245898 0.001679 0.000000 0.254995
6.200000 6 1 0.001670 0.000000 0.244332 0.001714 0.000000 0.245793
6.400000 6 2 0.001667 0.000000 0.240503 0.001678 0.000000 0.168194
6.600000 6 3 0.001613 0.000000 0.265829 0.001653 0.000000 0.163666
6.800000 6 4 0.001608 0.000000 0.234237 0.001640 0.000000 0.147035
7.000000 7 0 0.001620 0.000000 0.248840 0.001628 0.000000 0.169164
7.200000 7 1 0.001647 0.000000 0.233883 0.001680 0.000000 0.232251
7.400000 7 2 0.001754 0.000000 0.236360 0.001772 0.000000 0.208503
7.600000 7 3 0.001615 0.000000 0.233952 0.001625 0.000000 0.160050
7.800000 7 4 0.001611 0.000000 0.250185 0.001628 0.000000 0.165804
8.000000 8 0 0.001718 0.000000 0.248005 0.001717 0.000000 0.227914
8.200000 8 1 0.001604 0.000000 0.244526 0.001625 0.000000 0.184857
8.400000 8 2 0.001651 0.000000 0.246715 0.001635 0.000000 0.160270
8.600000 8 3 0.001647 0.000000 0.247422 0.001654 0.000000 0.233036
8.800000 8 4 0.001632 0.000000 0.247852 0.001666 0.000000 0.141286
9.000000 9 0 0.001677 0.000000 0.245948 0.001683 0.000000 0.149873
9.200000 9 1 0.001666 0.000000 0.243923 0.001687 0.000000 0.183335
9.400000 9 2 0.001681 0.000000 0.253669 0.001715 0.000000 0.156516
9.600000 9 3 0.001710 0.000000 0.251388 0.001771 0.000000 0.218008
9.800000 9 4 0.001619 0.000000 0.243488 0.001631 0.000000 0.175727
