initializing
training size    : 359556
testing size     : 20000
epoch count      : 10
sub epoch size   : 5

epoch_learning_rate_decay   : 8
learning_rate_decay         : 0.250000

training



epoch [0 0] from [10 5]
training time per iterations 2.293682[ms]
testing on 20000 items
testing done
average error 0.003150
min error     0.000000
max error     0.197850
saving best net
best net saved to networks/disc16x16x3_no_gaussian_window_size_4/net_6/trained/, with error 0.003150



epoch [0 1] from [10 5]
training time per iterations 2.307992[ms]
testing on 20000 items
testing done
average error 0.002964
min error     0.000000
max error     0.195321
saving best net
best net saved to networks/disc16x16x3_no_gaussian_window_size_4/net_6/trained/, with error 0.002964



epoch [0 2] from [10 5]
training time per iterations 2.280639[ms]
testing on 20000 items
testing done
average error 0.002843
min error     0.000000
max error     0.259909
saving best net
best net saved to networks/disc16x16x3_no_gaussian_window_size_4/net_6/trained/, with error 0.002843



epoch [0 3] from [10 5]
training time per iterations 2.297312[ms]
testing on 20000 items
testing done
average error 0.002828
min error     0.000000
max error     0.279337
saving best net
best net saved to networks/disc16x16x3_no_gaussian_window_size_4/net_6/trained/, with error 0.002828



epoch [0 4] from [10 5]
training time per iterations 2.294684[ms]
testing on 20000 items
testing done
average error 0.002622
min error     0.000000
max error     0.281277
saving best net
best net saved to networks/disc16x16x3_no_gaussian_window_size_4/net_6/trained/, with error 0.002622



epoch [1 0] from [10 5]
training time per iterations 2.308131[ms]
testing on 20000 items
testing done
average error 0.002678
min error     0.000000
max error     0.264676



epoch [1 1] from [10 5]
training time per iterations 2.274270[ms]
testing on 20000 items
testing done
average error 0.002683
min error     0.000000
max error     0.291440



epoch [1 2] from [10 5]
training time per iterations 2.311788[ms]
testing on 20000 items
testing done
average error 0.002572
min error     0.000000
max error     0.232122
saving best net
best net saved to networks/disc16x16x3_no_gaussian_window_size_4/net_6/trained/, with error 0.002572



epoch [1 3] from [10 5]
training time per iterations 2.273254[ms]
testing on 20000 items
testing done
average error 0.002609
min error     0.000000
max error     0.287716



epoch [1 4] from [10 5]
training time per iterations 2.272309[ms]
testing on 20000 items
testing done
average error 0.002637
min error     0.000000
max error     0.282563



epoch [2 0] from [10 5]
training time per iterations 2.290957[ms]
testing on 20000 items
testing done
average error 0.002632
min error     0.000000
max error     0.299046



epoch [2 1] from [10 5]
training time per iterations 2.299898[ms]
testing on 20000 items
testing done
average error 0.002615
min error     0.000000
max error     0.295612



epoch [2 2] from [10 5]
training time per iterations 2.320090[ms]
testing on 20000 items
testing done
average error 0.002462
min error     0.000000
max error     0.272213
saving best net
best net saved to networks/disc16x16x3_no_gaussian_window_size_4/net_6/trained/, with error 0.002462



epoch [2 3] from [10 5]
training time per iterations 2.309911[ms]
testing on 20000 items
testing done
average error 0.002534
min error     0.000000
max error     0.251474



epoch [2 4] from [10 5]
training time per iterations 2.310453[ms]
testing on 20000 items
testing done
average error 0.002572
min error     0.000000
max error     0.262475



epoch [3 0] from [10 5]
training time per iterations 2.312414[ms]
testing on 20000 items
testing done
average error 0.002494
min error     0.000000
max error     0.251985



epoch [3 1] from [10 5]
training time per iterations 2.282140[ms]
testing on 20000 items
testing done
average error 0.002755
min error     0.000000
max error     0.282109



epoch [3 2] from [10 5]
training time per iterations 2.314987[ms]
testing on 20000 items
testing done
average error 0.002554
min error     0.000000
max error     0.286540



epoch [3 3] from [10 5]
training time per iterations 2.310050[ms]
testing on 20000 items
testing done
average error 0.002492
min error     0.000000
max error     0.287820



epoch [3 4] from [10 5]
training time per iterations 2.293377[ms]
testing on 20000 items
testing done
average error 0.002448
min error     0.000000
max error     0.255786
saving best net
best net saved to networks/disc16x16x3_no_gaussian_window_size_4/net_6/trained/, with error 0.002448



epoch [4 0] from [10 5]
training time per iterations 2.289956[ms]
testing on 20000 items
testing done
average error 0.002505
min error     0.000000
max error     0.248850



epoch [4 1] from [10 5]
training time per iterations 2.282210[ms]
testing on 20000 items
testing done
average error 0.002489
min error     0.000000
max error     0.265771



epoch [4 2] from [10 5]
training time per iterations 2.299175[ms]
testing on 20000 items
testing done
average error 0.002482
min error     0.000000
max error     0.274956



epoch [4 3] from [10 5]
training time per iterations 2.287091[ms]
testing on 20000 items
testing done
average error 0.002436
min error     0.000000
max error     0.229296
saving best net
best net saved to networks/disc16x16x3_no_gaussian_window_size_4/net_6/trained/, with error 0.002436



epoch [4 4] from [10 5]
training time per iterations 2.265509[ms]
testing on 20000 items
testing done
average error 0.002515
min error     0.000000
max error     0.285615



epoch [5 0] from [10 5]
training time per iterations 2.297048[ms]
testing on 20000 items
testing done
average error 0.002464
min error     0.000000
max error     0.269923



epoch [5 1] from [10 5]
training time per iterations 2.311635[ms]
testing on 20000 items
testing done
average error 0.002456
min error     0.000000
max error     0.248217



epoch [5 2] from [10 5]
training time per iterations 2.308089[ms]
testing on 20000 items
testing done
average error 0.002416
min error     0.000000
max error     0.213877
saving best net
best net saved to networks/disc16x16x3_no_gaussian_window_size_4/net_6/trained/, with error 0.002416



epoch [5 3] from [10 5]
training time per iterations 2.289149[ms]
testing on 20000 items
testing done
average error 0.002513
min error     0.000000
max error     0.244098



epoch [5 4] from [10 5]
training time per iterations 2.276119[ms]
testing on 20000 items
testing done
average error 0.002375
min error     0.000000
max error     0.309354
saving best net
best net saved to networks/disc16x16x3_no_gaussian_window_size_4/net_6/trained/, with error 0.002375



epoch [6 0] from [10 5]
training time per iterations 2.280527[ms]
testing on 20000 items
testing done
average error 0.002465
min error     0.000000
max error     0.305667



epoch [6 1] from [10 5]
training time per iterations 2.280694[ms]
testing on 20000 items
testing done
average error 0.002455
min error     0.000000
max error     0.261356



epoch [6 2] from [10 5]
training time per iterations 2.264215[ms]
testing on 20000 items
testing done
average error 0.002404
min error     0.000000
max error     0.260768



epoch [6 3] from [10 5]
training time per iterations 2.288259[ms]
testing on 20000 items
testing done
average error 0.002470
min error     0.000000
max error     0.240915



epoch [6 4] from [10 5]
training time per iterations 2.316210[ms]
testing on 20000 items
testing done
average error 0.002404
min error     0.000000
max error     0.289795



epoch [7 0] from [10 5]
training time per iterations 2.295866[ms]
testing on 20000 items
testing done
average error 0.002335
min error     0.000000
max error     0.270235
saving best net
best net saved to networks/disc16x16x3_no_gaussian_window_size_4/net_6/trained/, with error 0.002335



epoch [7 1] from [10 5]
training time per iterations 2.301359[ms]
testing on 20000 items
testing done
average error 0.002632
min error     0.000000
max error     0.280479



epoch [7 2] from [10 5]
training time per iterations 2.302235[ms]
testing on 20000 items
testing done
average error 0.002422
min error     0.000000
max error     0.277891



epoch [7 3] from [10 5]
training time per iterations 2.297354[ms]
testing on 20000 items
testing done
average error 0.002404
min error     0.000000
max error     0.240467



epoch [7 4] from [10 5]
training time per iterations 2.312052[ms]
testing on 20000 items
testing done
average error 0.002433
min error     0.000000
max error     0.244758
setting learning rate to 0.000050



epoch [8 0] from [10 5]
training time per iterations 2.294892[ms]
testing on 20000 items
testing done
average error 0.002398
min error     0.000000
max error     0.258845



epoch [8 1] from [10 5]
training time per iterations 2.302666[ms]
testing on 20000 items
testing done
average error 0.002365
min error     0.000000
max error     0.254631



epoch [8 2] from [10 5]
training time per iterations 2.316614[ms]
testing on 20000 items
testing done
average error 0.002441
min error     0.000000
max error     0.257543



epoch [8 3] from [10 5]
training time per iterations 2.301108[ms]
testing on 20000 items
testing done
average error 0.002361
min error     0.000000
max error     0.260870



epoch [8 4] from [10 5]
training time per iterations 2.292932[ms]
testing on 20000 items
testing done
average error 0.002425
min error     0.000000
max error     0.268511



epoch [9 0] from [10 5]
training time per iterations 2.303000[ms]
testing on 20000 items
testing done
average error 0.002396
min error     0.000000
max error     0.257600



epoch [9 1] from [10 5]
training time per iterations 2.305099[ms]
testing on 20000 items
testing done
average error 0.002443
min error     0.000000
max error     0.279031



epoch [9 2] from [10 5]
training time per iterations 2.319631[ms]
testing on 20000 items
testing done
average error 0.002412
min error     0.000000
max error     0.260051



epoch [9 3] from [10 5]
training time per iterations 2.312567[ms]
testing on 20000 items
testing done
average error 0.002361
min error     0.000000
max error     0.291752



epoch [9 4] from [10 5]
training time per iterations 2.298216[ms]
testing on 20000 items
testing done
average error 0.002415
min error     0.000000
max error     0.262745
training done
