0.000000 0 0 0.003150 0.000000 0.197850 0.003127 0.000000 0.253622
0.200000 0 1 0.002964 0.000000 0.195321 0.002994 0.000000 0.194192
0.400000 0 2 0.002843 0.000000 0.259909 0.002796 0.000000 0.258823
0.600000 0 3 0.002828 0.000000 0.279337 0.002807 0.000000 0.278211
0.800000 0 4 0.002622 0.000000 0.281277 0.002587 0.000000 0.277893
1.000000 1 0 0.002678 0.000000 0.264676 0.002686 0.000000 0.263798
1.200000 1 1 0.002683 0.000000 0.291440 0.002625 0.000000 0.290750
1.400000 1 2 0.002572 0.000000 0.232122 0.002625 0.000000 0.225388
1.600000 1 3 0.002609 0.000000 0.287716 0.002579 0.000000 0.278410
1.800000 1 4 0.002637 0.000000 0.282563 0.002635 0.000000 0.280299
2.000000 2 0 0.002632 0.000000 0.299046 0.002583 0.000000 0.268380
2.200000 2 1 0.002615 0.000000 0.295612 0.002614 0.000000 0.295612
2.400000 2 2 0.002462 0.000000 0.272213 0.002451 0.000000 0.269105
2.600000 2 3 0.002534 0.000000 0.251474 0.002521 0.000000 0.250833
2.800000 2 4 0.002572 0.000000 0.262475 0.002565 0.000000 0.263350
3.000000 3 0 0.002494 0.000000 0.251985 0.002423 0.000000 0.253159
3.200000 3 1 0.002755 0.000000 0.282109 0.002770 0.000000 0.271337
3.400000 3 2 0.002554 0.000000 0.286540 0.002528 0.000000 0.282671
3.600000 3 3 0.002492 0.000000 0.287820 0.002512 0.000000 0.285536
3.800000 3 4 0.002448 0.000000 0.255786 0.002453 0.000000 0.259887
4.000000 4 0 0.002505 0.000000 0.248850 0.002536 0.000000 0.250129
4.200000 4 1 0.002489 0.000000 0.265771 0.002481 0.000000 0.266652
4.400000 4 2 0.002482 0.000000 0.274956 0.002468 0.000000 0.276300
4.600000 4 3 0.002436 0.000000 0.229296 0.002425 0.000000 0.232883
4.800000 4 4 0.002515 0.000000 0.285615 0.002508 0.000000 0.279717
5.000000 5 0 0.002464 0.000000 0.269923 0.002428 0.000000 0.269259
5.200000 5 1 0.002456 0.000000 0.248217 0.002466 0.000000 0.249068
5.400000 5 2 0.002416 0.000000 0.213877 0.002358 0.000000 0.211908
5.600000 5 3 0.002513 0.000000 0.244098 0.002555 0.000000 0.241994
5.800000 5 4 0.002375 0.000000 0.309354 0.002444 0.000000 0.309829
6.000000 6 0 0.002465 0.000000 0.305667 0.002476 0.000000 0.299566
6.200000 6 1 0.002455 0.000000 0.261356 0.002424 0.000000 0.250992
6.400000 6 2 0.002404 0.000000 0.260768 0.002423 0.000000 0.258594
6.600000 6 3 0.002470 0.000000 0.240915 0.002495 0.000000 0.238200
6.800000 6 4 0.002404 0.000000 0.289795 0.002446 0.000000 0.287503
7.000000 7 0 0.002335 0.000000 0.270235 0.002349 0.000000 0.266919
7.200000 7 1 0.002632 0.000000 0.280479 0.002586 0.000000 0.279576
7.400000 7 2 0.002422 0.000000 0.277891 0.002378 0.000000 0.274975
7.600000 7 3 0.002404 0.000000 0.240467 0.002409 0.000000 0.241304
7.800000 7 4 0.002433 0.000000 0.244758 0.002385 0.000000 0.243073
8.000000 8 0 0.002398 0.000000 0.258845 0.002378 0.000000 0.254522
8.200000 8 1 0.002365 0.000000 0.254631 0.002362 0.000000 0.249917
8.400000 8 2 0.002441 0.000000 0.257543 0.002449 0.000000 0.257327
8.600000 8 3 0.002361 0.000000 0.260870 0.002375 0.000000 0.253944
8.800000 8 4 0.002425 0.000000 0.268511 0.002379 0.000000 0.265205
9.000000 9 0 0.002396 0.000000 0.257600 0.002386 0.000000 0.253718
9.200000 9 1 0.002443 0.000000 0.279031 0.002391 0.000000 0.271866
9.400000 9 2 0.002412 0.000000 0.260051 0.002445 0.000000 0.259398
9.600000 9 3 0.002361 0.000000 0.291752 0.002329 0.000000 0.290830
9.800000 9 4 0.002415 0.000000 0.262745 0.002379 0.000000 0.252997
