0 0 0.000000 0.970814 0.126932 0.971010 0.126336
0 1 0.114943 0.972459 0.126439 0.972590 0.126159
0 2 0.229885 0.972257 0.126979 0.970323 0.127418
0 3 0.344828 0.969103 0.126755 0.969709 0.124494
0 4 0.459770 0.972425 0.126598 0.974032 0.127031
0 5 0.574713 0.970182 0.126322 0.972034 0.125178
0 6 0.689655 0.970920 0.127781 0.972117 0.127113
0 7 0.804598 0.973250 0.126666 0.972570 0.125772
0 8 0.919540 0.970431 0.126548 0.971183 0.126336
0 9 1.034483 0.970868 0.125803 0.972424 0.125659
0 10 1.149425 0.972398 0.127732 0.970963 0.125875
0 11 1.264368 0.972164 0.125547 0.972815 0.126583
0 12 1.379310 0.970924 0.125844 0.970272 0.125442
0 13 1.494253 0.969099 0.126093 0.974324 0.126969
0 14 1.609195 0.971734 0.127010 0.971614 0.126223
0 15 1.724138 0.971665 0.127468 0.970922 0.124198
0 16 1.839080 0.973228 0.125578 0.970421 0.126235
0 17 1.954023 0.972836 0.125572 0.971132 0.125701
0 18 2.068965 0.973223 0.126001 0.971513 0.126301
0 19 2.183908 0.969779 0.125528 0.968659 0.125387
0 20 2.298851 0.972991 0.126242 0.969979 0.126506
0 21 2.413793 0.971503 0.124308 0.972080 0.126934
0 22 2.528736 0.971103 0.127531 0.970524 0.125739
0 23 2.643678 0.969534 0.124536 0.973834 0.126516
0 24 2.758621 0.971566 0.126827 0.973249 0.125308
0 25 2.873563 0.973515 0.127246 0.970535 0.127263
0 26 2.988506 0.969599 0.128084 0.971575 0.127185
0 27 3.103448 0.970531 0.127774 0.969074 0.125120
0 28 3.218391 0.971385 0.126721 0.971333 0.125368
0 29 3.333333 0.972216 0.125605 0.973563 0.127882
0 30 3.448276 0.972455 0.126219 0.971717 0.125795
0 31 3.563218 0.970802 0.126896 0.971566 0.126948
0 32 3.678161 0.973217 0.126858 0.971930 0.125938
0 33 3.793103 0.970982 0.126541 0.971830 0.126230
0 34 3.908046 0.972113 0.127429 0.973827 0.126090
0 35 4.022988 0.971189 0.126600 0.971122 0.128803
0 36 4.137931 0.973572 0.126973 0.974728 0.128802
0 37 4.252873 0.969984 0.124743 0.973934 0.127103
0 38 4.367816 0.970007 0.125970 0.972769 0.125557
0 39 4.482759 0.972080 0.127552 0.970836 0.124361
0 40 4.597701 0.969756 0.126258 0.973273 0.126748
0 41 4.712644 0.970788 0.125470 0.974272 0.125972
0 42 4.827586 0.972944 0.126944 0.971672 0.126955
0 43 4.942529 0.970849 0.125520 0.969080 0.125664
0 44 5.057471 0.970941 0.125812 0.969577 0.125978
0 45 5.172414 0.969643 0.125550 0.971966 0.126082
0 46 5.287356 0.972359 0.125254 0.972541 0.126450
0 47 5.402299 0.970196 0.124738 0.971864 0.127416
0 48 5.517241 0.971296 0.126681 0.970993 0.126169
0 49 5.632184 0.972638 0.126179 0.971114 0.125815
0 50 5.747127 0.971783 0.127262 0.973029 0.126149
0 51 5.862069 0.971251 0.125135 0.968348 0.125341
0 52 5.977012 0.969267 0.125924 0.969810 0.125793
0 53 6.091954 0.968310 0.126866 0.969109 0.124451
0 54 6.206897 0.970974 0.128050 0.971385 0.126577
0 55 6.321839 0.972141 0.128068 0.972006 0.127643
0 56 6.436781 0.972594 0.127725 0.969418 0.124990
0 57 6.551724 0.973611 0.125936 0.973383 0.127038
0 58 6.666667 0.971675 0.125986 0.972948 0.127972
0 59 6.781609 0.972686 0.126375 0.970626 0.125448
0 60 6.896552 0.968856 0.125748 0.973837 0.128202
0 61 7.011494 0.971474 0.126260 0.974558 0.127313
0 62 7.126437 0.973423 0.126743 0.970180 0.124528
0 63 7.241379 0.971736 0.126870 0.973810 0.127597
0 64 7.356322 0.970411 0.125175 0.973715 0.126822
0 65 7.471264 0.968521 0.125947 0.973338 0.126881
0 66 7.586207 0.972773 0.126890 0.971313 0.126971
0 67 7.701149 0.970964 0.126399 0.970064 0.125902
0 68 7.816092 0.971174 0.125754 0.973687 0.126682
0 69 7.931035 0.974126 0.127460 0.974819 0.128841
0 70 8.045977 0.972586 0.126831 0.973142 0.126827
0 71 8.160919 0.973097 0.126733 0.972458 0.126555
0 72 8.275862 0.971149 0.124933 0.972451 0.126138
0 73 8.390804 0.973026 0.126524 0.968067 0.125877
0 74 8.505747 0.969294 0.125003 0.971570 0.126014
0 75 8.620689 0.970283 0.126311 0.973574 0.127423
0 76 8.735632 0.971382 0.125272 0.970333 0.125956
0 77 8.850574 0.970503 0.126574 0.971730 0.127450
0 78 8.965517 0.972280 0.126283 0.968861 0.124958
0 79 9.080460 0.970265 0.127085 0.975061 0.127343
0 80 9.195402 0.971109 0.127221 0.972336 0.127550
0 81 9.310345 0.972362 0.125665 0.968646 0.126655
0 82 9.425287 0.969508 0.125571 0.970754 0.126464
0 83 9.540230 0.970711 0.126714 0.970703 0.126321
0 84 9.655172 0.973708 0.127528 0.971566 0.127159
0 85 9.770115 0.972731 0.127182 0.971491 0.126296
0 86 9.885057 0.972962 0.126457 0.972430 0.127052
1 0 10.000000 0.974313 0.128637 0.971617 0.127250
1 1 10.114943 0.971134 0.125692 0.973066 0.126691
1 2 10.229885 0.969730 0.126518 0.969455 0.125045
1 3 10.344828 0.971939 0.125410 0.971364 0.125069
1 4 10.459770 0.972846 0.127524 0.968268 0.124334
1 5 10.574713 0.973005 0.127119 0.971867 0.126327
1 6 10.689655 0.973232 0.127736 0.972418 0.126749
1 7 10.804598 0.973634 0.126379 0.970138 0.126867
1 8 10.919540 0.969841 0.123370 0.971280 0.125368
1 9 11.034483 0.970160 0.125437 0.972992 0.126193
1 10 11.149426 0.970728 0.125738 0.971221 0.125648
1 11 11.264368 0.970814 0.127300 0.975916 0.129484
1 12 11.379311 0.970690 0.126746 0.975284 0.128422
1 13 11.494253 0.973044 0.127337 0.969038 0.124699
1 14 11.609196 0.970773 0.125322 0.974728 0.127389
1 15 11.724138 0.971218 0.126573 0.970325 0.126745
1 16 11.839081 0.971932 0.126146 0.971790 0.128522
1 17 11.954023 0.971665 0.126126 0.973489 0.126205
1 18 12.068966 0.971195 0.124271 0.971886 0.127658
1 19 12.183908 0.975112 0.126133 0.973497 0.127179
1 20 12.298851 0.969272 0.125347 0.969452 0.124336
1 21 12.413794 0.970401 0.127460 0.970637 0.125672
1 22 12.528735 0.969885 0.125906 0.973686 0.126350
1 23 12.643678 0.969949 0.126193 0.971711 0.125406
1 24 12.758620 0.972355 0.126785 0.971014 0.125353
1 25 12.873563 0.971334 0.125912 0.968965 0.124661
1 26 12.988505 0.971605 0.126164 0.971684 0.127389
1 27 13.103448 0.969078 0.124847 0.972464 0.126168
1 28 13.218390 0.973137 0.128077 0.969773 0.125941
1 29 13.333333 0.970151 0.125870 0.970609 0.125326
1 30 13.448276 0.969626 0.126090 0.972406 0.128224
1 31 13.563218 0.972874 0.127231 0.970988 0.125426
1 32 13.678161 0.970546 0.126032 0.970508 0.127218
1 33 13.793103 0.972024 0.128076 0.970837 0.125292
1 34 13.908046 0.971472 0.127806 0.967484 0.124746
1 35 14.022988 0.971965 0.126367 0.968534 0.126372
1 36 14.137931 0.971757 0.127508 0.972175 0.126264
1 37 14.252873 0.971784 0.126582 0.973187 0.127416
1 38 14.367816 0.973592 0.126722 0.969730 0.125659
1 39 14.482759 0.971574 0.126383 0.973630 0.128806
1 40 14.597701 0.974042 0.126781 0.969065 0.124799
1 41 14.712644 0.969049 0.126790 0.973399 0.127446
1 42 14.827586 0.972290 0.127456 0.968973 0.126636
1 43 14.942529 0.970082 0.125437 0.970536 0.124691
1 44 15.057471 0.971881 0.126994 0.970202 0.127815
1 45 15.172414 0.970988 0.126047 0.972008 0.125955
1 46 15.287356 0.969924 0.126317 0.972843 0.126466
1 47 15.402299 0.971741 0.125275 0.971353 0.128446
1 48 15.517241 0.971898 0.126124 0.969412 0.126362
1 49 15.632184 0.973805 0.126406 0.971006 0.125407
1 50 15.747127 0.971097 0.125938 0.971425 0.126593
1 51 15.862069 0.973377 0.125805 0.973342 0.129499
1 52 15.977012 0.970942 0.125983 0.970026 0.126405
1 53 16.091953 0.973018 0.125840 0.973531 0.126601
1 54 16.206896 0.972715 0.126495 0.973331 0.127054
1 55 16.321838 0.972702 0.126983 0.972989 0.126690
1 56 16.436781 0.972135 0.125971 0.973238 0.126608
1 57 16.551723 0.970538 0.125846 0.972252 0.125690
1 58 16.666666 0.974130 0.127375 0.973323 0.126055
1 59 16.781609 0.974715 0.127104 0.969260 0.127185
1 60 16.896551 0.974307 0.128145 0.973058 0.126503
1 61 17.011494 0.971644 0.127954 0.971463 0.126263
1 62 17.126436 0.973685 0.127360 0.970224 0.125570
1 63 17.241379 0.970088 0.125037 0.972786 0.127544
1 64 17.356321 0.972886 0.126842 0.970506 0.126137
1 65 17.471264 0.970052 0.124550 0.972494 0.125897
1 66 17.586206 0.971685 0.125292 0.970667 0.125530
1 67 17.701149 0.971040 0.126899 0.971890 0.126829
1 68 17.816092 0.972652 0.126985 0.968733 0.126455
1 69 17.931034 0.973614 0.126961 0.969705 0.124952
1 70 18.045977 0.971196 0.126850 0.974428 0.128308
1 71 18.160919 0.971998 0.126493 0.971553 0.126510
1 72 18.275862 0.970987 0.125757 0.970196 0.124771
1 73 18.390804 0.974261 0.127799 0.972152 0.126912
1 74 18.505747 0.971222 0.127248 0.972478 0.125378
1 75 18.620689 0.969040 0.126038 0.971263 0.126612
1 76 18.735632 0.970208 0.125338 0.971386 0.127145
1 77 18.850574 0.972919 0.125651 0.972632 0.127898
1 78 18.965517 0.973278 0.126325 0.972383 0.127395
1 79 19.080460 0.973774 0.126627 0.969371 0.126074
1 80 19.195402 0.973327 0.129216 0.974658 0.127178
1 81 19.310345 0.971663 0.126931 0.971163 0.126320
1 82 19.425287 0.969877 0.125091 0.973676 0.127300
1 83 19.540230 0.972379 0.126314 0.971474 0.126585
1 84 19.655172 0.970203 0.125999 0.971263 0.126144
1 85 19.770115 0.972724 0.126100 0.970294 0.126416
1 86 19.885057 0.971452 0.124988 0.971433 0.125510
2 0 20.000000 0.972999 0.127101 0.972309 0.126948
2 1 20.114943 0.972943 0.126956 0.970603 0.124961
2 2 20.229885 0.972743 0.127636 0.967866 0.124892
2 3 20.344828 0.973043 0.126558 0.974427 0.126013
2 4 20.459770 0.971737 0.127484 0.973121 0.126878
2 5 20.574713 0.973546 0.126568 0.972119 0.126874
2 6 20.689655 0.973879 0.126817 0.969334 0.125265
2 7 20.804598 0.970169 0.126920 0.974176 0.127135
2 8 20.919540 0.974180 0.128373 0.970284 0.124255
2 9 21.034483 0.972618 0.125184 0.969908 0.124981
2 10 21.149426 0.970176 0.126743 0.973139 0.127047
2 11 21.264368 0.974600 0.126914 0.971292 0.127338
2 12 21.379311 0.970567 0.126259 0.971520 0.126421
2 13 21.494253 0.974950 0.127839 0.973702 0.126743
2 14 21.609196 0.971590 0.125820 0.970324 0.126183
2 15 21.724138 0.970121 0.127112 0.971704 0.125183
2 16 21.839081 0.969764 0.127100 0.972262 0.127350
2 17 21.954023 0.970105 0.125199 0.971166 0.126177
2 18 22.068966 0.968016 0.124442 0.970695 0.126250
2 19 22.183908 0.970921 0.125620 0.972596 0.128276
2 20 22.298851 0.972397 0.127236 0.970784 0.127032
2 21 22.413794 0.971172 0.125188 0.971534 0.125579
2 22 22.528736 0.971404 0.126219 0.971935 0.127886
2 23 22.643679 0.969038 0.126633 0.969073 0.125885
2 24 22.758621 0.970012 0.126472 0.974266 0.127517
2 25 22.873564 0.973038 0.127829 0.972639 0.127671
2 26 22.988506 0.973027 0.127905 0.972668 0.126550
2 27 23.103449 0.971425 0.126791 0.970790 0.125343
2 28 23.218391 0.974837 0.126340 0.971794 0.127513
2 29 23.333334 0.969756 0.126280 0.973847 0.127175
2 30 23.448277 0.970333 0.125808 0.973379 0.126853
2 31 23.563219 0.971427 0.128011 0.970702 0.126405
2 32 23.678162 0.976285 0.127282 0.970351 0.125975
2 33 23.793104 0.972696 0.128574 0.974636 0.127962
2 34 23.908047 0.973470 0.126747 0.969083 0.125631
2 35 24.022989 0.972256 0.125064 0.970831 0.126629
2 36 24.137932 0.972544 0.127412 0.972376 0.126168
2 37 24.252874 0.969573 0.126226 0.971318 0.126770
2 38 24.367817 0.969030 0.124921 0.972665 0.127278
2 39 24.482759 0.971967 0.127357 0.971691 0.126795
2 40 24.597702 0.969991 0.126051 0.970844 0.126466
2 41 24.712645 0.971193 0.125294 0.973651 0.128412
2 42 24.827587 0.974053 0.127507 0.971904 0.126405
2 43 24.942530 0.974851 0.125584 0.972839 0.127386
2 44 25.057470 0.970824 0.126278 0.971292 0.125327
2 45 25.172413 0.972292 0.127691 0.974411 0.126356
2 46 25.287355 0.972193 0.125765 0.972261 0.125840
2 47 25.402298 0.971762 0.125628 0.972844 0.125499
2 48 25.517241 0.972795 0.124934 0.970833 0.126239
2 49 25.632183 0.971729 0.125561 0.972031 0.126595
2 50 25.747126 0.971834 0.124885 0.971009 0.126718
2 51 25.862068 0.970577 0.126655 0.969844 0.126240
2 52 25.977011 0.973108 0.127993 0.974315 0.127283
2 53 26.091953 0.972199 0.128787 0.969345 0.126121
2 54 26.206896 0.973105 0.125697 0.970649 0.125365
2 55 26.321838 0.972942 0.126917 0.969294 0.125300
2 56 26.436781 0.970891 0.125882 0.974085 0.127403
2 57 26.551723 0.972203 0.126818 0.971856 0.125842
2 58 26.666666 0.969141 0.124625 0.972113 0.126070
2 59 26.781609 0.971851 0.126081 0.972817 0.127641
2 60 26.896551 0.972004 0.128902 0.971810 0.127746
2 61 27.011494 0.971420 0.125799 0.970977 0.125107
2 62 27.126436 0.970858 0.126839 0.972956 0.127102
2 63 27.241379 0.970440 0.126173 0.970230 0.126617
2 64 27.356321 0.968907 0.126025 0.968206 0.125056
2 65 27.471264 0.973539 0.127758 0.972016 0.124352
2 66 27.586206 0.973626 0.127250 0.972126 0.126528
2 67 27.701149 0.972570 0.126810 0.973471 0.126077
2 68 27.816092 0.971629 0.127786 0.971968 0.126843
2 69 27.931034 0.970755 0.125937 0.972716 0.125833
2 70 28.045977 0.972116 0.127815 0.971269 0.125972
2 71 28.160919 0.972085 0.127157 0.971279 0.127315
2 72 28.275862 0.972021 0.126147 0.972860 0.125661
2 73 28.390804 0.970995 0.125332 0.974460 0.128730
2 74 28.505747 0.971098 0.126556 0.971867 0.125410
2 75 28.620689 0.971067 0.126443 0.970345 0.126767
2 76 28.735632 0.971916 0.126231 0.972103 0.125762
2 77 28.850574 0.972929 0.127187 0.974057 0.127426
2 78 28.965517 0.972312 0.126939 0.972860 0.127089
2 79 29.080460 0.970094 0.124632 0.968303 0.124160
2 80 29.195402 0.973288 0.128040 0.975802 0.129333
2 81 29.310345 0.971119 0.124728 0.971355 0.127134
2 82 29.425287 0.971233 0.126967 0.973196 0.126631
2 83 29.540230 0.971927 0.128177 0.968636 0.126353
2 84 29.655172 0.970588 0.126454 0.971001 0.126659
2 85 29.770115 0.968825 0.125010 0.972340 0.126235
2 86 29.885057 0.968707 0.126900 0.970218 0.124989
3 0 30.000000 0.969674 0.126525 0.974001 0.128168
3 1 30.114943 0.970060 0.128097 0.967983 0.125495
3 2 30.229885 0.975338 0.125888 0.971947 0.126634
3 3 30.344828 0.971193 0.127119 0.972353 0.125885
3 4 30.459770 0.969940 0.126014 0.972268 0.125657
3 5 30.574713 0.971108 0.125804 0.971998 0.126717
3 6 30.689655 0.972929 0.127120 0.974859 0.126839
3 7 30.804598 0.970531 0.125078 0.972221 0.124531
3 8 30.919540 0.971704 0.125342 0.971754 0.126713
3 9 31.034483 0.972429 0.126145 0.970168 0.125340
3 10 31.149426 0.972028 0.125512 0.971032 0.127182
3 11 31.264368 0.970054 0.127109 0.970798 0.127503
3 12 31.379311 0.972695 0.125893 0.969877 0.125490
3 13 31.494253 0.974164 0.126299 0.971566 0.126796
3 14 31.609196 0.972208 0.126918 0.970557 0.126600
3 15 31.724138 0.971146 0.127866 0.970583 0.125897
3 16 31.839081 0.971500 0.126813 0.974404 0.126953
3 17 31.954023 0.969322 0.127130 0.966993 0.123986
3 18 32.068966 0.969794 0.124916 0.971434 0.124711
3 19 32.183907 0.973053 0.126372 0.970885 0.125888
3 20 32.298851 0.970430 0.125560 0.969588 0.125784
3 21 32.413792 0.975794 0.127966 0.970266 0.126082
3 22 32.528736 0.972208 0.126808 0.972029 0.127392
3 23 32.643677 0.970819 0.126335 0.970717 0.126684
3 24 32.758621 0.972355 0.127120 0.971291 0.127981
3 25 32.873562 0.972960 0.125537 0.971308 0.126452
3 26 32.988506 0.970958 0.126502 0.970174 0.126014
3 27 33.103447 0.973930 0.127362 0.970609 0.126240
3 28 33.218391 0.968777 0.127494 0.971598 0.124023
3 29 33.333332 0.970728 0.125250 0.972540 0.125742
3 30 33.448277 0.971486 0.127405 0.972750 0.127032
3 31 33.563217 0.971362 0.124961 0.972454 0.126267
3 32 33.678162 0.973026 0.127091 0.972225 0.126048
3 33 33.793102 0.970190 0.125580 0.971769 0.126265
3 34 33.908047 0.971418 0.126219 0.973840 0.127537
3 35 34.022987 0.969634 0.126598 0.972430 0.125878
3 36 34.137932 0.973794 0.127684 0.973135 0.127452
3 37 34.252872 0.970292 0.125814 0.971974 0.128684
3 38 34.367817 0.968411 0.124406 0.973109 0.127171
3 39 34.482758 0.972775 0.127059 0.970908 0.125912
3 40 34.597702 0.971011 0.126709 0.970801 0.127485
3 41 34.712643 0.970990 0.125924 0.969354 0.125385
3 42 34.827587 0.972593 0.126207 0.973517 0.127173
3 43 34.942528 0.971816 0.125830 0.969236 0.126066
3 44 35.057472 0.971247 0.126096 0.972506 0.124549
3 45 35.172413 0.969715 0.124115 0.970399 0.127052
3 46 35.287357 0.970167 0.126229 0.973604 0.126343
3 47 35.402298 0.973246 0.126685 0.971146 0.126374
3 48 35.517242 0.968651 0.125100 0.971362 0.126736
3 49 35.632183 0.972524 0.125857 0.972866 0.126661
3 50 35.747128 0.971722 0.125893 0.970233 0.125320
3 51 35.862068 0.974204 0.126144 0.971771 0.126133
3 52 35.977013 0.967940 0.126831 0.971342 0.127658
3 53 36.091953 0.971087 0.124773 0.971966 0.127780
3 54 36.206898 0.969563 0.125547 0.968687 0.125935
3 55 36.321838 0.970658 0.126387 0.969794 0.125260
3 56 36.436783 0.971794 0.127064 0.974237 0.127868
3 57 36.551723 0.972577 0.125861 0.969391 0.126597
3 58 36.666668 0.969070 0.127476 0.972707 0.126004
3 59 36.781609 0.972414 0.126172 0.971006 0.125448
3 60 36.896553 0.971791 0.125485 0.970068 0.126919
3 61 37.011494 0.972488 0.126324 0.971094 0.126605
3 62 37.126438 0.971272 0.125151 0.971487 0.125096
3 63 37.241379 0.972485 0.125476 0.969262 0.127771
3 64 37.356323 0.973698 0.125239 0.971146 0.126212
3 65 37.471264 0.967145 0.126149 0.971638 0.125698
3 66 37.586208 0.972079 0.125606 0.973521 0.126747
3 67 37.701149 0.969951 0.126858 0.970156 0.124905
3 68 37.816093 0.974854 0.126899 0.973162 0.127331
3 69 37.931034 0.971179 0.126421 0.971904 0.126764
3 70 38.045979 0.971921 0.126258 0.968809 0.126706
3 71 38.160919 0.969485 0.126790 0.967920 0.124361
3 72 38.275864 0.972623 0.126411 0.971676 0.127161
3 73 38.390804 0.969366 0.127395 0.972468 0.126889
3 74 38.505749 0.969356 0.126802 0.969668 0.126400
3 75 38.620689 0.971733 0.125661 0.968983 0.124101
3 76 38.735634 0.971249 0.126707 0.974218 0.128189
3 77 38.850574 0.972141 0.126255 0.970028 0.126166
3 78 38.965519 0.969578 0.126653 0.973076 0.126998
3 79 39.080460 0.972026 0.126825 0.973863 0.126856
3 80 39.195404 0.972700 0.125902 0.969121 0.125900
3 81 39.310345 0.970895 0.127460 0.973807 0.126250
3 82 39.425289 0.969888 0.124816 0.972344 0.126640
3 83 39.540230 0.972510 0.125135 0.969111 0.124284
3 84 39.655174 0.970271 0.126170 0.969301 0.125703
3 85 39.770115 0.971961 0.127505 0.971641 0.126976
3 86 39.885059 0.970356 0.126797 0.972074 0.125876
4 0 40.000000 0.969213 0.125931 0.973088 0.127202
4 1 40.114941 0.970520 0.127730 0.970614 0.125321
4 2 40.229885 0.972647 0.125757 0.971814 0.126432
4 3 40.344826 0.973164 0.126288 0.970535 0.126732
4 4 40.459770 0.970704 0.124882 0.970975 0.125505
4 5 40.574711 0.972889 0.127670 0.973226 0.128616
4 6 40.689655 0.970296 0.125431 0.970774 0.125624
4 7 40.804596 0.971040 0.125277 0.970675 0.127196
4 8 40.919540 0.973652 0.127694 0.972720 0.126015
4 9 41.034481 0.971824 0.125991 0.971735 0.124549
4 10 41.149426 0.973090 0.126912 0.971599 0.127639
4 11 41.264366 0.972761 0.127903 0.969923 0.127106
4 12 41.379311 0.969857 0.126309 0.968856 0.126593
4 13 41.494251 0.970338 0.126320 0.971808 0.128601
4 14 41.609196 0.971542 0.126810 0.973260 0.126008
4 15 41.724136 0.970642 0.125044 0.972070 0.125925
4 16 41.839081 0.974299 0.128092 0.970919 0.126841
4 17 41.954021 0.972956 0.126851 0.970553 0.124830
4 18 42.068966 0.971470 0.126695 0.972453 0.125810
4 19 42.183907 0.975041 0.126749 0.968795 0.124938
4 20 42.298851 0.973426 0.127720 0.970321 0.125912
4 21 42.413792 0.972407 0.125973 0.972556 0.125625
4 22 42.528736 0.973942 0.126210 0.976117 0.128266
4 23 42.643677 0.971876 0.127056 0.972924 0.126118
4 24 42.758621 0.974162 0.128363 0.971502 0.126222
4 25 42.873562 0.970526 0.124485 0.969291 0.127499
4 26 42.988506 0.967627 0.125002 0.968144 0.125047
4 27 43.103447 0.970660 0.125066 0.970628 0.125972
4 28 43.218391 0.971729 0.125765 0.968245 0.125496
4 29 43.333332 0.971324 0.125682 0.971664 0.125685
4 30 43.448277 0.973240 0.126750 0.972630 0.128143
4 31 43.563217 0.973091 0.126637 0.973072 0.126133
4 32 43.678162 0.970397 0.125712 0.970194 0.125138
4 33 43.793102 0.971631 0.126378 0.968494 0.125444
4 34 43.908047 0.972772 0.126634 0.971401 0.126560
4 35 44.022987 0.970863 0.126404 0.967779 0.125573
4 36 44.137932 0.971954 0.126487 0.969649 0.125225
4 37 44.252872 0.972535 0.124131 0.970734 0.126171
4 38 44.367817 0.971818 0.128315 0.971495 0.125945
4 39 44.482758 0.968697 0.125092 0.968899 0.124114
4 40 44.597702 0.972109 0.126219 0.972293 0.127277
4 41 44.712643 0.972556 0.126756 0.969480 0.127048
4 42 44.827587 0.972916 0.127147 0.973131 0.127312
4 43 44.942528 0.970564 0.125706 0.971703 0.126470
4 44 45.057472 0.969343 0.126258 0.969458 0.127360
4 45 45.172413 0.974655 0.127048 0.970835 0.127560
4 46 45.287357 0.969799 0.126970 0.969037 0.126593
4 47 45.402298 0.971471 0.126326 0.968805 0.124064
4 48 45.517242 0.970116 0.125861 0.969566 0.124908
4 49 45.632183 0.971177 0.126309 0.972627 0.125915
4 50 45.747128 0.970545 0.126600 0.973578 0.125581
4 51 45.862068 0.969479 0.125548 0.971851 0.126985
4 52 45.977013 0.972415 0.128411 0.971522 0.127419
4 53 46.091953 0.970498 0.125651 0.971514 0.126515
4 54 46.206898 0.972790 0.126251 0.974132 0.127118
4 55 46.321838 0.972332 0.126916 0.970386 0.126124
4 56 46.436783 0.970632 0.126511 0.972819 0.126922
4 57 46.551723 0.972115 0.126627 0.969541 0.125363
4 58 46.666668 0.974635 0.127032 0.968795 0.127084
4 59 46.781609 0.968860 0.125807 0.972818 0.127038
4 60 46.896553 0.970545 0.127359 0.974884 0.126288
4 61 47.011494 0.973401 0.125858 0.969908 0.124603
4 62 47.126438 0.971271 0.127309 0.973377 0.127430
4 63 47.241379 0.972466 0.127087 0.973199 0.127118
4 64 47.356323 0.969724 0.124600 0.970261 0.125439
4 65 47.471264 0.971956 0.126677 0.972538 0.127325
4 66 47.586208 0.972768 0.126157 0.974401 0.126361
4 67 47.701149 0.971562 0.127383 0.972087 0.127026
4 68 47.816093 0.972439 0.126340 0.969792 0.126491
4 69 47.931034 0.972481 0.128150 0.969714 0.126520
4 70 48.045979 0.973882 0.126416 0.970217 0.126831
4 71 48.160919 0.969938 0.125831 0.971688 0.125427
4 72 48.275864 0.971400 0.125902 0.972132 0.126123
4 73 48.390804 0.967975 0.124343 0.970487 0.128219
4 74 48.505749 0.971726 0.126434 0.972522 0.126156
4 75 48.620689 0.971499 0.126825 0.972396 0.127113
4 76 48.735634 0.971468 0.127342 0.970580 0.124574
4 77 48.850574 0.973574 0.126330 0.972232 0.128183
4 78 48.965519 0.971924 0.125129 0.972850 0.125456
4 79 49.080460 0.972008 0.125427 0.971686 0.127504
4 80 49.195404 0.975611 0.127945 0.971788 0.125750
4 81 49.310345 0.971656 0.127262 0.971886 0.127313
4 82 49.425289 0.972433 0.128110 0.970575 0.125862
4 83 49.540230 0.970859 0.127874 0.970522 0.127179
4 84 49.655174 0.969217 0.124425 0.971760 0.126149
4 85 49.770115 0.973760 0.126182 0.970593 0.125988
4 86 49.885059 0.972552 0.126620 0.971257 0.128254
5 0 50.000000 0.974366 0.127585 0.972350 0.126094
5 1 50.114941 0.973196 0.126798 0.968140 0.124414
5 2 50.229885 0.973158 0.126616 0.971092 0.126061
5 3 50.344826 0.969957 0.126173 0.971976 0.128080
5 4 50.459770 0.973297 0.126010 0.970567 0.126705
5 5 50.574711 0.972030 0.127033 0.973952 0.128362
5 6 50.689655 0.971630 0.127167 0.972388 0.126671
5 7 50.804596 0.972933 0.127007 0.972385 0.127861
5 8 50.919540 0.973738 0.127607 0.971468 0.127190
5 9 51.034481 0.971356 0.128736 0.970772 0.125347
5 10 51.149426 0.970976 0.127159 0.970773 0.126301
5 11 51.264366 0.972434 0.126102 0.969387 0.125822
5 12 51.379311 0.970966 0.126945 0.970421 0.125061
5 13 51.494251 0.970487 0.125747 0.973178 0.127537
5 14 51.609196 0.972952 0.126571 0.971233 0.126432
5 15 51.724136 0.970178 0.127011 0.971039 0.127273
5 16 51.839081 0.969219 0.126994 0.970065 0.127292
5 17 51.954021 0.971321 0.126707 0.974459 0.127330
5 18 52.068966 0.972497 0.126281 0.973557 0.126339
5 19 52.183907 0.970142 0.126656 0.970922 0.126842
5 20 52.298851 0.971663 0.127063 0.968857 0.126269
5 21 52.413792 0.970432 0.126574 0.971354 0.126471
5 22 52.528736 0.971111 0.126630 0.971098 0.126182
5 23 52.643677 0.972343 0.126902 0.973320 0.127371
5 24 52.758621 0.971859 0.125917 0.971754 0.128115
5 25 52.873562 0.970847 0.127312 0.972087 0.126398
5 26 52.988506 0.970609 0.123863 0.973324 0.127355
5 27 53.103447 0.970592 0.125486 0.973450 0.126382
5 28 53.218391 0.969556 0.126809 0.971493 0.125992
5 29 53.333332 0.971938 0.126174 0.971993 0.126829
5 30 53.448277 0.970192 0.126097 0.967789 0.124452
5 31 53.563217 0.970789 0.126542 0.971729 0.127114
5 32 53.678162 0.972109 0.126698 0.971843 0.125489
5 33 53.793102 0.974286 0.125206 0.970010 0.124844
5 34 53.908047 0.971433 0.127269 0.975090 0.127569
5 35 54.022987 0.971498 0.125230 0.973916 0.125833
5 36 54.137932 0.976937 0.128732 0.973633 0.127177
5 37 54.252872 0.970991 0.127336 0.969754 0.125850
5 38 54.367817 0.970355 0.126159 0.970034 0.125589
5 39 54.482758 0.972468 0.127298 0.972811 0.128392
5 40 54.597702 0.970928 0.126709 0.970414 0.127373
5 41 54.712643 0.972557 0.127009 0.972778 0.126951
5 42 54.827587 0.971187 0.128051 0.974228 0.128259
5 43 54.942528 0.969251 0.125044 0.972254 0.126367
5 44 55.057472 0.972679 0.127905 0.970650 0.124760
5 45 55.172413 0.971294 0.126748 0.972872 0.126889
5 46 55.287357 0.972256 0.126815 0.971255 0.125585
5 47 55.402298 0.971137 0.125482 0.970459 0.126508
5 48 55.517242 0.974113 0.128863 0.974079 0.127910
5 49 55.632183 0.975524 0.127548 0.973310 0.127006
5 50 55.747128 0.970767 0.126551 0.969699 0.126463
5 51 55.862068 0.971869 0.127185 0.971543 0.126519
5 52 55.977013 0.972288 0.126125 0.970838 0.125560
5 53 56.091953 0.972851 0.126729 0.972756 0.126919
5 54 56.206898 0.971291 0.125661 0.973170 0.127857
5 55 56.321838 0.973552 0.127531 0.970320 0.125320
5 56 56.436783 0.973198 0.127743 0.971364 0.126365
5 57 56.551723 0.969978 0.124381 0.972555 0.126645
5 58 56.666668 0.971105 0.126295 0.972332 0.126420
5 59 56.781609 0.970726 0.126573 0.970595 0.126502
5 60 56.896553 0.969300 0.124724 0.970669 0.125934
5 61 57.011494 0.970896 0.126094 0.971376 0.126534
5 62 57.126438 0.971970 0.127318 0.967983 0.127465
5 63 57.241379 0.972994 0.127176 0.971723 0.125487
5 64 57.356323 0.971321 0.127147 0.971107 0.126714
5 65 57.471264 0.970309 0.124551 0.974565 0.126723
5 66 57.586208 0.973715 0.126724 0.971832 0.125162
5 67 57.701149 0.970464 0.125189 0.972455 0.127158
5 68 57.816093 0.969745 0.126224 0.971687 0.128441
5 69 57.931034 0.972657 0.128373 0.972778 0.125959
5 70 58.045979 0.968457 0.127033 0.972521 0.127769
5 71 58.160919 0.970896 0.125101 0.971991 0.126066
5 72 58.275864 0.976084 0.128696 0.970652 0.127183
5 73 58.390804 0.970070 0.127725 0.972383 0.125567
5 74 58.505749 0.972850 0.125545 0.969641 0.126361
5 75 58.620689 0.971626 0.126266 0.969950 0.125792
5 76 58.735634 0.971602 0.126508 0.973757 0.128015
5 77 58.850574 0.973993 0.126854 0.968257 0.125480
5 78 58.965519 0.972885 0.125827 0.971492 0.127451
5 79 59.080460 0.974293 0.126005 0.968637 0.125507
5 80 59.195404 0.973348 0.127208 0.972122 0.126542
5 81 59.310345 0.970900 0.125824 0.972377 0.125641
5 82 59.425289 0.971790 0.127264 0.970869 0.128155
5 83 59.540230 0.971852 0.125671 0.971083 0.126271
5 84 59.655174 0.970488 0.126330 0.970994 0.126831
5 85 59.770115 0.971698 0.126064 0.972081 0.127970
5 86 59.885059 0.972249 0.127119 0.971781 0.127009
6 0 60.000000 0.971115 0.126521 0.972249 0.125800
6 1 60.114941 0.970469 0.125485 0.969338 0.126223
6 2 60.229885 0.973108 0.126681 0.970506 0.126877
6 3 60.344826 0.970841 0.125651 0.971229 0.125810
6 4 60.459770 0.973311 0.127718 0.971113 0.125098
6 5 60.574711 0.972612 0.125668 0.974120 0.126110
6 6 60.689655 0.970912 0.126150 0.974096 0.126704
6 7 60.804596 0.971204 0.126306 0.971625 0.126854
6 8 60.919540 0.971838 0.128140 0.970353 0.124819
6 9 61.034481 0.970363 0.125212 0.971871 0.126894
6 10 61.149426 0.971426 0.126905 0.974477 0.126599
6 11 61.264366 0.969495 0.126012 0.972221 0.125532
6 12 61.379311 0.971572 0.125374 0.968083 0.125737
6 13 61.494251 0.970474 0.124640 0.970436 0.127115
6 14 61.609196 0.971204 0.127293 0.971955 0.125754
6 15 61.724136 0.974092 0.129159 0.970946 0.126221
6 16 61.839081 0.974071 0.126730 0.971220 0.124857
6 17 61.954021 0.971625 0.126901 0.974609 0.128968
6 18 62.068966 0.972070 0.125757 0.971254 0.126306
6 19 62.183907 0.969878 0.124108 0.970399 0.125895
6 20 62.298851 0.973130 0.127137 0.971604 0.127358
6 21 62.413792 0.975348 0.126974 0.968973 0.127814
6 22 62.528736 0.971129 0.126825 0.973670 0.127899
6 23 62.643677 0.972435 0.126507 0.974268 0.128256
6 24 62.758621 0.972045 0.125993 0.971871 0.125457
6 25 62.873562 0.970785 0.126342 0.973268 0.125850
6 26 62.988506 0.971142 0.124898 0.974287 0.126509
6 27 63.103447 0.973783 0.126643 0.972337 0.127598
6 28 63.218391 0.969199 0.127533 0.972380 0.126667
6 29 63.333332 0.968498 0.124569 0.972932 0.127031
6 30 63.448277 0.970995 0.126937 0.973969 0.127767
6 31 63.563217 0.971519 0.125099 0.972595 0.126132
6 32 63.678162 0.973039 0.126477 0.973640 0.125433
6 33 63.793102 0.972851 0.127727 0.971846 0.127293
6 34 63.908047 0.971378 0.125967 0.970284 0.124823
6 35 64.022987 0.970973 0.127328 0.967497 0.124606
6 36 64.137932 0.973419 0.126430 0.971518 0.125810
6 37 64.252876 0.970275 0.125496 0.972143 0.126563
6 38 64.367813 0.972090 0.126776 0.970500 0.127246
6 39 64.482758 0.970508 0.126294 0.970033 0.125263
6 40 64.597702 0.971107 0.126394 0.969692 0.124570
6 41 64.712646 0.970625 0.124913 0.971343 0.125297
6 42 64.827583 0.971710 0.127295 0.972988 0.126363
6 43 64.942528 0.973695 0.128369 0.973768 0.127511
6 44 65.057472 0.972298 0.126894 0.974142 0.126860
6 45 65.172417 0.972066 0.126969 0.973754 0.127430
6 46 65.287354 0.972312 0.126016 0.971297 0.127530
6 47 65.402298 0.969140 0.125666 0.973115 0.127512
6 48 65.517242 0.971916 0.125491 0.974803 0.126953
6 49 65.632187 0.971118 0.125787 0.972124 0.125899
6 50 65.747124 0.966482 0.124572 0.970158 0.127922
6 51 65.862068 0.970762 0.127787 0.970051 0.125520
6 52 65.977013 0.972630 0.126504 0.971831 0.125269
6 53 66.091957 0.969739 0.125434 0.972744 0.128722
6 54 66.206894 0.971952 0.124290 0.971476 0.127942
6 55 66.321838 0.969672 0.125409 0.969697 0.125606
6 56 66.436783 0.972140 0.126061 0.973231 0.127374
6 57 66.551727 0.972680 0.126657 0.968235 0.124463
6 58 66.666664 0.973105 0.127247 0.974308 0.128391
6 59 66.781609 0.973065 0.125958 0.971551 0.125637
6 60 66.896553 0.970120 0.124540 0.970370 0.125383
6 61 67.011497 0.970693 0.125864 0.971513 0.126264
6 62 67.126434 0.972813 0.127177 0.972593 0.126422
6 63 67.241379 0.972451 0.128678 0.970747 0.127699
6 64 67.356323 0.975268 0.127579 0.972336 0.125782
6 65 67.471268 0.973595 0.126553 0.971232 0.125272
6 66 67.586205 0.972588 0.127035 0.973967 0.127352
6 67 67.701149 0.973153 0.127535 0.970912 0.124576
6 68 67.816093 0.967022 0.126097 0.973057 0.125779
6 69 67.931038 0.970920 0.126928 0.970289 0.125640
6 70 68.045975 0.973928 0.127004 0.969378 0.125362
6 71 68.160919 0.969891 0.125688 0.968748 0.124337
6 72 68.275864 0.971247 0.123689 0.971739 0.126943
6 73 68.390808 0.974018 0.126863 0.969626 0.127323
6 74 68.505745 0.969340 0.124592 0.972036 0.126598
6 75 68.620689 0.973982 0.126089 0.971507 0.126215
6 76 68.735634 0.970660 0.126616 0.971215 0.127068
6 77 68.850578 0.970133 0.127328 0.971321 0.126471
6 78 68.965515 0.972029 0.125417 0.971670 0.126665
6 79 69.080460 0.974318 0.127192 0.969749 0.126089
6 80 69.195404 0.974560 0.125490 0.973046 0.126174
6 81 69.310349 0.972955 0.126530 0.970133 0.125983
6 82 69.425285 0.973886 0.125466 0.970660 0.127255
6 83 69.540230 0.969465 0.125811 0.972072 0.125412
6 84 69.655174 0.971662 0.127344 0.973532 0.127326
6 85 69.770119 0.970588 0.123680 0.971407 0.126369
6 86 69.885056 0.972270 0.126168 0.970654 0.125335
7 0 70.000000 0.969223 0.125277 0.971278 0.127037
7 1 70.114944 0.971310 0.127419 0.970346 0.125892
7 2 70.229881 0.972386 0.125153 0.970626 0.124705
7 3 70.344826 0.973340 0.127159 0.970472 0.127313
7 4 70.459770 0.972917 0.127877 0.968665 0.125168
7 5 70.574715 0.970537 0.126437 0.970796 0.125281
7 6 70.689651 0.970772 0.126478 0.971837 0.127416
7 7 70.804596 0.971785 0.124963 0.969079 0.125367
7 8 70.919540 0.972404 0.126925 0.972606 0.126424
7 9 71.034485 0.974500 0.127876 0.971297 0.125802
7 10 71.149422 0.971070 0.125840 0.971022 0.125542
7 11 71.264366 0.972718 0.125838 0.972691 0.126461
7 12 71.379311 0.970916 0.126539 0.969328 0.127549
7 13 71.494255 0.973058 0.126966 0.969580 0.126333
7 14 71.609192 0.971584 0.125457 0.973089 0.126947
7 15 71.724136 0.972051 0.127120 0.973791 0.126712
7 16 71.839081 0.971762 0.126732 0.972272 0.127602
7 17 71.954025 0.972517 0.126982 0.972647 0.127685
7 18 72.068962 0.970951 0.125528 0.970726 0.127788
7 19 72.183907 0.972098 0.127949 0.971993 0.126389
7 20 72.298851 0.970387 0.126594 0.970488 0.126887
7 21 72.413795 0.972946 0.127448 0.970926 0.127548
7 22 72.528732 0.973343 0.127047 0.972081 0.125831
7 23 72.643677 0.971959 0.127336 0.971371 0.125922
7 24 72.758621 0.969790 0.126079 0.970410 0.125640
7 25 72.873566 0.971517 0.126143 0.969986 0.126609
7 26 72.988503 0.972228 0.127364 0.971188 0.127208
7 27 73.103447 0.972855 0.127649 0.973757 0.126957
7 28 73.218391 0.972927 0.125398 0.970953 0.127175
7 29 73.333336 0.972848 0.126049 0.974268 0.128537
7 30 73.448273 0.969100 0.124638 0.972348 0.126055
7 31 73.563217 0.970858 0.126320 0.972249 0.125407
7 32 73.678162 0.969871 0.125675 0.972132 0.126204
7 33 73.793106 0.970801 0.125661 0.970083 0.126131
7 34 73.908043 0.973740 0.127853 0.970414 0.123769
7 35 74.022987 0.971872 0.127108 0.971432 0.126674
7 36 74.137932 0.970416 0.127417 0.974479 0.127756
7 37 74.252876 0.970234 0.126175 0.968778 0.126215
7 38 74.367813 0.971297 0.124402 0.971929 0.127459
7 39 74.482758 0.971890 0.127212 0.971679 0.126236
7 40 74.597702 0.969550 0.125175 0.971052 0.126483
7 41 74.712646 0.972367 0.127797 0.973879 0.127445
7 42 74.827583 0.971619 0.126763 0.971001 0.124645
7 43 74.942528 0.971347 0.125228 0.971914 0.126624
7 44 75.057472 0.972047 0.125325 0.975483 0.127919
7 45 75.172417 0.971884 0.125665 0.969855 0.126946
7 46 75.287354 0.971301 0.125631 0.971799 0.125073
7 47 75.402298 0.972568 0.127920 0.972356 0.126050
7 48 75.517242 0.968821 0.125555 0.971093 0.127730
7 49 75.632187 0.967682 0.125934 0.969665 0.126760
7 50 75.747124 0.974331 0.128884 0.970414 0.125042
7 51 75.862068 0.970638 0.127011 0.970636 0.127083
7 52 75.977013 0.974341 0.128464 0.974181 0.126789
7 53 76.091957 0.971545 0.125040 0.970721 0.126048
7 54 76.206894 0.970201 0.124838 0.971597 0.127396
7 55 76.321838 0.972025 0.125789 0.971922 0.125882
7 56 76.436783 0.971878 0.124985 0.973128 0.125573
7 57 76.551727 0.968462 0.126355 0.975229 0.128043
7 58 76.666664 0.970327 0.126505 0.971966 0.126300
7 59 76.781609 0.970835 0.126397 0.970262 0.125915
7 60 76.896553 0.972715 0.126849 0.972272 0.126884
7 61 77.011497 0.971630 0.126555 0.971985 0.127228
7 62 77.126434 0.972458 0.124515 0.972312 0.127439
7 63 77.241379 0.972702 0.127701 0.971821 0.125032
7 64 77.356323 0.973884 0.127670 0.971790 0.126807
7 65 77.471268 0.971596 0.126436 0.970259 0.125971
7 66 77.586205 0.970624 0.126207 0.971765 0.127484
7 67 77.701149 0.971504 0.126574 0.973623 0.127852
7 68 77.816093 0.969814 0.126341 0.970314 0.126424
7 69 77.931038 0.971911 0.126026 0.971723 0.127122
7 70 78.045975 0.972428 0.127116 0.971863 0.127490
7 71 78.160919 0.972971 0.126715 0.973044 0.127640
7 72 78.275864 0.970973 0.125854 0.969591 0.126332
7 73 78.390808 0.968841 0.126040 0.972095 0.128118
7 74 78.505745 0.970308 0.127253 0.974735 0.128562
7 75 78.620689 0.969583 0.126305 0.971327 0.126219
7 76 78.735634 0.973227 0.127118 0.970009 0.125629
7 77 78.850578 0.971775 0.127103 0.973770 0.125974
7 78 78.965515 0.969869 0.126517 0.970399 0.125572
7 79 79.080460 0.973070 0.127229 0.972040 0.125861
7 80 79.195404 0.970935 0.128477 0.968248 0.126070
7 81 79.310349 0.971184 0.128503 0.973853 0.127180
7 82 79.425285 0.974596 0.126587 0.970879 0.125501
7 83 79.540230 0.970243 0.124320 0.970581 0.126979
7 84 79.655174 0.972397 0.124815 0.970859 0.126409
7 85 79.770119 0.971758 0.126471 0.972426 0.126309
7 86 79.885056 0.970750 0.128580 0.971474 0.127968
8 0 80.000000 0.969623 0.124334 0.971849 0.127833
8 1 80.114944 0.971268 0.125391 0.970482 0.126689
8 2 80.229881 0.971338 0.127112 0.972527 0.128350
8 3 80.344826 0.972765 0.127544 0.973358 0.126428
8 4 80.459770 0.970304 0.125738 0.974208 0.128209
8 5 80.574715 0.971270 0.124121 0.973888 0.127620
8 6 80.689651 0.971483 0.125644 0.972882 0.128860
8 7 80.804596 0.972320 0.127998 0.971435 0.126727
8 8 80.919540 0.968527 0.125497 0.971332 0.125945
8 9 81.034485 0.971247 0.126702 0.968800 0.125441
8 10 81.149422 0.969846 0.125662 0.970904 0.126148
8 11 81.264366 0.971720 0.128423 0.972831 0.127102
8 12 81.379311 0.971007 0.126627 0.970866 0.127291
8 13 81.494255 0.971599 0.126699 0.975514 0.127165
8 14 81.609192 0.971401 0.127707 0.971476 0.126840
8 15 81.724136 0.972174 0.125998 0.971274 0.126341
8 16 81.839081 0.971689 0.127159 0.972521 0.127782
8 17 81.954025 0.974357 0.125808 0.972596 0.125185
8 18 82.068962 0.972102 0.125599 0.973271 0.127018
8 19 82.183907 0.972010 0.126610 0.972338 0.127205
8 20 82.298851 0.974181 0.126815 0.969487 0.126080
8 21 82.413795 0.971576 0.125782 0.969534 0.124349
8 22 82.528732 0.975167 0.127531 0.975033 0.130487
8 23 82.643677 0.973130 0.128906 0.971758 0.127800
8 24 82.758621 0.971963 0.125850 0.972520 0.124875
8 25 82.873566 0.970039 0.128662 0.971135 0.125776
8 26 82.988503 0.967650 0.125621 0.970937 0.127778
8 27 83.103447 0.972144 0.125193 0.969714 0.125630
8 28 83.218391 0.969822 0.126007 0.972994 0.128276
8 29 83.333336 0.973430 0.125588 0.971533 0.127902
8 30 83.448273 0.973720 0.127607 0.974504 0.127093
8 31 83.563217 0.969089 0.126295 0.971322 0.125574
8 32 83.678162 0.970063 0.126556 0.969773 0.125388
8 33 83.793106 0.973990 0.127390 0.972431 0.127022
8 34 83.908043 0.973135 0.127167 0.972025 0.127433
8 35 84.022987 0.972472 0.127463 0.970742 0.125925
8 36 84.137932 0.974053 0.128269 0.972086 0.126158
8 37 84.252876 0.971042 0.126008 0.972755 0.126637
8 38 84.367813 0.971781 0.125827 0.974475 0.126507
8 39 84.482758 0.973308 0.127189 0.972475 0.126743
8 40 84.597702 0.971233 0.127139 0.973335 0.126473
8 41 84.712646 0.969826 0.125833 0.973874 0.127626
8 42 84.827583 0.970805 0.124951 0.969811 0.125269
8 43 84.942528 0.971635 0.125244 0.972475 0.127837
8 44 85.057472 0.972182 0.126560 0.972018 0.126773
8 45 85.172417 0.974589 0.126144 0.972012 0.127439
8 46 85.287354 0.971496 0.126173 0.971471 0.127703
8 47 85.402298 0.973672 0.126636 0.971217 0.127412
8 48 85.517242 0.973404 0.127249 0.972868 0.126348
8 49 85.632187 0.972465 0.127133 0.972871 0.126174
8 50 85.747124 0.971273 0.125022 0.971351 0.127401
8 51 85.862068 0.971662 0.125023 0.972549 0.126804
8 52 85.977013 0.975037 0.127821 0.973218 0.125743
8 53 86.091957 0.972691 0.127088 0.973483 0.127640
8 54 86.206894 0.972458 0.125775 0.973720 0.128160
8 55 86.321838 0.971459 0.126672 0.973047 0.125624
8 56 86.436783 0.971864 0.125820 0.973698 0.126776
8 57 86.551727 0.972599 0.126767 0.969374 0.126236
8 58 86.666664 0.970299 0.126130 0.970263 0.126124
8 59 86.781609 0.969651 0.125538 0.970558 0.123819
8 60 86.896553 0.972338 0.128525 0.972686 0.126911
8 61 87.011497 0.974816 0.127967 0.972682 0.127100
8 62 87.126434 0.970696 0.125090 0.973998 0.128146
8 63 87.241379 0.971280 0.124919 0.970918 0.125237
8 64 87.356323 0.971497 0.127019 0.972106 0.125991
8 65 87.471268 0.970599 0.125809 0.970612 0.124385
8 66 87.586205 0.971462 0.126861 0.968539 0.126404
8 67 87.701149 0.972413 0.125220 0.971751 0.125112
8 68 87.816093 0.967909 0.125763 0.974695 0.127433
8 69 87.931038 0.969903 0.127043 0.972062 0.126101
8 70 88.045975 0.972409 0.127628 0.971969 0.125724
8 71 88.160919 0.971737 0.127433 0.974284 0.127081
8 72 88.275864 0.971979 0.127382 0.970261 0.127164
8 73 88.390808 0.972994 0.125980 0.974379 0.127254
8 74 88.505745 0.972503 0.127066 0.969763 0.125810
8 75 88.620689 0.971885 0.125594 0.968506 0.126439
8 76 88.735634 0.971635 0.125821 0.973066 0.126012
8 77 88.850578 0.968569 0.125949 0.971311 0.126332
8 78 88.965515 0.971120 0.125270 0.970735 0.125409
8 79 89.080460 0.972835 0.127575 0.970791 0.125565
8 80 89.195404 0.974449 0.126026 0.973161 0.126499
8 81 89.310349 0.972604 0.126402 0.972822 0.126913
8 82 89.425285 0.970861 0.125531 0.971592 0.127334
8 83 89.540230 0.973893 0.127159 0.973096 0.127441
8 84 89.655174 0.969289 0.126214 0.969931 0.124554
8 85 89.770119 0.970833 0.126414 0.971932 0.125913
8 86 89.885056 0.971551 0.127706 0.971720 0.126979
9 0 90.000000 0.971411 0.127516 0.972781 0.127325
9 1 90.114944 0.972058 0.126601 0.971454 0.126284
9 2 90.229881 0.972520 0.126138 0.969761 0.125413
9 3 90.344826 0.970095 0.125760 0.972627 0.127173
9 4 90.459770 0.972662 0.125670 0.970130 0.127225
9 5 90.574715 0.972139 0.126043 0.971347 0.125766
9 6 90.689651 0.972423 0.126136 0.973618 0.127723
9 7 90.804596 0.974460 0.126190 0.971490 0.125930
9 8 90.919540 0.970054 0.127611 0.972335 0.127382
9 9 91.034485 0.974768 0.127586 0.972275 0.126156
9 10 91.149422 0.972114 0.126772 0.969033 0.125637
9 11 91.264366 0.973136 0.126424 0.970479 0.125993
9 12 91.379311 0.973296 0.126323 0.970447 0.125431
9 13 91.494255 0.972330 0.126742 0.968926 0.127565
9 14 91.609192 0.969580 0.125595 0.970681 0.125053
9 15 91.724136 0.973510 0.125448 0.972933 0.127800
9 16 91.839081 0.972695 0.126017 0.972619 0.126239
9 17 91.954025 0.973739 0.127413 0.973092 0.126083
9 18 92.068962 0.973396 0.126323 0.970459 0.125427
9 19 92.183907 0.970106 0.125822 0.970096 0.126066
9 20 92.298851 0.971790 0.126411 0.970752 0.126920
9 21 92.413795 0.971690 0.125645 0.971105 0.125331
9 22 92.528732 0.969720 0.125529 0.969661 0.124752
9 23 92.643677 0.972379 0.125933 0.971725 0.127606
9 24 92.758621 0.970657 0.125500 0.972097 0.127067
9 25 92.873566 0.969599 0.126132 0.970114 0.125386
9 26 92.988503 0.973422 0.127336 0.973758 0.129337
9 27 93.103447 0.971651 0.127541 0.973290 0.127265
9 28 93.218391 0.969207 0.124035 0.969753 0.126114
9 29 93.333336 0.969995 0.125344 0.971613 0.126447
9 30 93.448273 0.967446 0.124999 0.974251 0.126968
9 31 93.563217 0.971496 0.127161 0.973055 0.127478
9 32 93.678162 0.972587 0.125541 0.969078 0.126413
9 33 93.793106 0.968940 0.127035 0.975230 0.128662
9 34 93.908043 0.971259 0.127283 0.971976 0.126317
9 35 94.022987 0.972666 0.127039 0.969966 0.125930
9 36 94.137932 0.971970 0.126497 0.972088 0.126737
9 37 94.252876 0.970173 0.127015 0.974326 0.126685
9 38 94.367813 0.971800 0.127958 0.971047 0.126746
9 39 94.482758 0.974932 0.128594 0.970549 0.126874
9 40 94.597702 0.972246 0.126234 0.971595 0.127079
9 41 94.712646 0.972547 0.127573 0.971384 0.125485
9 42 94.827583 0.972788 0.127903 0.969257 0.125993
9 43 94.942528 0.970893 0.126089 0.971414 0.126740
9 44 95.057472 0.973594 0.126031 0.970901 0.126224
9 45 95.172417 0.970152 0.125717 0.970921 0.126576
9 46 95.287354 0.971686 0.124177 0.968655 0.125304
9 47 95.402298 0.970931 0.126937 0.973576 0.124769
9 48 95.517242 0.972504 0.127331 0.969255 0.124896
9 49 95.632187 0.972860 0.126797 0.972274 0.125323
9 50 95.747124 0.972955 0.127680 0.970919 0.126366
9 51 95.862068 0.967733 0.125058 0.971986 0.125836
9 52 95.977013 0.971901 0.127010 0.971240 0.126703
9 53 96.091957 0.971375 0.126183 0.971699 0.126941
9 54 96.206894 0.971452 0.125624 0.968405 0.125812
9 55 96.321838 0.970157 0.126170 0.970623 0.125524
9 56 96.436783 0.972170 0.126719 0.970830 0.128518
9 57 96.551727 0.969982 0.124862 0.974546 0.127683
9 58 96.666664 0.971971 0.126414 0.968888 0.123162
9 59 96.781609 0.969323 0.125639 0.973643 0.125341
9 60 96.896553 0.973161 0.126556 0.971300 0.124629
9 61 97.011497 0.970083 0.126596 0.968585 0.125298
9 62 97.126434 0.971594 0.126856 0.969005 0.125657
9 63 97.241379 0.970003 0.125129 0.970240 0.128573
9 64 97.356323 0.972815 0.127169 0.971979 0.126540
9 65 97.471268 0.970999 0.127667 0.969047 0.125489
9 66 97.586205 0.972688 0.124957 0.973108 0.127843
9 67 97.701149 0.971263 0.126559 0.974088 0.127785
9 68 97.816093 0.974398 0.127840 0.971469 0.126697
9 69 97.931038 0.972920 0.127439 0.970905 0.125256
9 70 98.045975 0.970695 0.125190 0.971526 0.126997
9 71 98.160919 0.970247 0.125293 0.971692 0.126390
9 72 98.275864 0.969927 0.124063 0.970341 0.126579
9 73 98.390808 0.970716 0.125309 0.972768 0.128351
9 74 98.505745 0.972075 0.127042 0.973746 0.126346
9 75 98.620689 0.971443 0.126352 0.972084 0.126553
9 76 98.735634 0.971422 0.127424 0.971416 0.127297
9 77 98.850578 0.971199 0.125617 0.975468 0.127162
9 78 98.965515 0.972344 0.127632 0.974532 0.127592
9 79 99.080460 0.972796 0.126815 0.970536 0.126186
9 80 99.195404 0.972139 0.126955 0.970988 0.126106
9 81 99.310349 0.972326 0.125328 0.971658 0.126259
9 82 99.425285 0.972669 0.127068 0.971954 0.127313
9 83 99.540230 0.972287 0.126532 0.971267 0.126717
9 84 99.655174 0.971289 0.125176 0.970958 0.126423
9 85 99.770119 0.971059 0.127071 0.972628 0.127940
9 86 99.885056 0.973290 0.124772 0.971170 0.125676
