initializing
training size    : 359556
testing size     : 20000
epoch count      : 10
sub epoch size   : 5

epoch_learning_rate_decay   : 8
learning_rate_decay         : 0.250000

training



epoch [0 0] from [10 5]
training time per iterations 0.823421[ms]
testing on 20000 items
testing done
average error 0.005635
min error     0.000000
max error     0.274286
saving best net
best net saved to networks/disc8x8x3_no_gaussian_window_size_4/net_4_depth/trained/, with error 0.005635



epoch [0 1] from [10 5]
training time per iterations 0.822628[ms]
testing on 20000 items
testing done
average error 0.005200
min error     0.000000
max error     0.283443
saving best net
best net saved to networks/disc8x8x3_no_gaussian_window_size_4/net_4_depth/trained/, with error 0.005200



epoch [0 2] from [10 5]
training time per iterations 0.820153[ms]
testing on 20000 items
testing done
average error 0.004943
min error     0.000000
max error     0.278732
saving best net
best net saved to networks/disc8x8x3_no_gaussian_window_size_4/net_4_depth/trained/, with error 0.004943



epoch [0 3] from [10 5]
training time per iterations 0.825479[ms]
testing on 20000 items
testing done
average error 0.004966
min error     0.000000
max error     0.279522



epoch [0 4] from [10 5]
training time per iterations 0.823087[ms]
testing on 20000 items
testing done
average error 0.004760
min error     0.000000
max error     0.261861
saving best net
best net saved to networks/disc8x8x3_no_gaussian_window_size_4/net_4_depth/trained/, with error 0.004760



epoch [1 0] from [10 5]
training time per iterations 0.821070[ms]
testing on 20000 items
testing done
average error 0.004697
min error     0.000000
max error     0.267983
saving best net
best net saved to networks/disc8x8x3_no_gaussian_window_size_4/net_4_depth/trained/, with error 0.004697



epoch [1 1] from [10 5]
training time per iterations 0.824533[ms]
testing on 20000 items
testing done
average error 0.004798
min error     0.000000
max error     0.279818



epoch [1 2] from [10 5]
training time per iterations 0.825659[ms]
testing on 20000 items
testing done
average error 0.004761
min error     0.000000
max error     0.277441



epoch [1 3] from [10 5]
training time per iterations 0.822781[ms]
testing on 20000 items
testing done
average error 0.004656
min error     0.000000
max error     0.285899
saving best net
best net saved to networks/disc8x8x3_no_gaussian_window_size_4/net_4_depth/trained/, with error 0.004656



epoch [1 4] from [10 5]
training time per iterations 0.819068[ms]
testing on 20000 items
testing done
average error 0.004812
min error     0.000000
max error     0.262719



epoch [2 0] from [10 5]
training time per iterations 0.824297[ms]
testing on 20000 items
testing done
average error 0.004709
min error     0.000000
max error     0.260087



epoch [2 1] from [10 5]
training time per iterations 0.823309[ms]
testing on 20000 items
testing done
average error 0.004811
min error     0.000000
max error     0.284416



epoch [2 2] from [10 5]
training time per iterations 0.825395[ms]
testing on 20000 items
testing done
average error 0.004670
min error     0.000000
max error     0.242248



epoch [2 3] from [10 5]
training time per iterations 0.821502[ms]
testing on 20000 items
testing done
average error 0.004632
min error     0.000000
max error     0.247116
saving best net
best net saved to networks/disc8x8x3_no_gaussian_window_size_4/net_4_depth/trained/, with error 0.004632



epoch [2 4] from [10 5]
training time per iterations 0.824380[ms]
testing on 20000 items
testing done
average error 0.004721
min error     0.000000
max error     0.262576



epoch [3 0] from [10 5]
training time per iterations 0.824742[ms]
testing on 20000 items
testing done
average error 0.004645
min error     0.000000
max error     0.265059



epoch [3 1] from [10 5]
training time per iterations 0.819666[ms]
testing on 20000 items
testing done
average error 0.004643
min error     0.000000
max error     0.251112



epoch [3 2] from [10 5]
training time per iterations 0.823212[ms]
testing on 20000 items
testing done
average error 0.004567
min error     0.000000
max error     0.225490
saving best net
best net saved to networks/disc8x8x3_no_gaussian_window_size_4/net_4_depth/trained/, with error 0.004567



epoch [3 3] from [10 5]
training time per iterations 0.821696[ms]
testing on 20000 items
testing done
average error 0.004600
min error     0.000000
max error     0.229089



epoch [3 4] from [10 5]
training time per iterations 0.823351[ms]
testing on 20000 items
testing done
average error 0.004667
min error     0.000000
max error     0.227181



epoch [4 0] from [10 5]
training time per iterations 0.822294[ms]
testing on 20000 items
testing done
average error 0.004642
min error     0.000000
max error     0.263587



epoch [4 1] from [10 5]
training time per iterations 0.818011[ms]
testing on 20000 items
testing done
average error 0.004793
min error     0.000000
max error     0.243902



epoch [4 2] from [10 5]
training time per iterations 0.824408[ms]
testing on 20000 items
testing done
average error 0.004592
min error     0.000000
max error     0.275327



epoch [4 3] from [10 5]
training time per iterations 0.823323[ms]
testing on 20000 items
testing done
average error 0.004648
min error     0.000000
max error     0.240040



epoch [4 4] from [10 5]
training time per iterations 0.824185[ms]
testing on 20000 items
testing done
average error 0.004575
min error     0.000000
max error     0.226112



epoch [5 0] from [10 5]
training time per iterations 0.825089[ms]
testing on 20000 items
testing done
average error 0.004609
min error     0.000000
max error     0.252574



epoch [5 1] from [10 5]
training time per iterations 0.824797[ms]
testing on 20000 items
testing done
average error 0.004572
min error     0.000000
max error     0.234445



epoch [5 2] from [10 5]
training time per iterations 0.824185[ms]
testing on 20000 items
testing done
average error 0.004666
min error     0.000000
max error     0.234788



epoch [5 3] from [10 5]
training time per iterations 0.822642[ms]
testing on 20000 items
testing done
average error 0.004622
min error     0.000000
max error     0.218140



epoch [5 4] from [10 5]
training time per iterations 0.824352[ms]
testing on 20000 items
testing done
average error 0.004604
min error     0.000000
max error     0.225481



epoch [6 0] from [10 5]
training time per iterations 0.826285[ms]
testing on 20000 items
testing done
average error 0.004529
min error     0.000000
max error     0.230378
saving best net
best net saved to networks/disc8x8x3_no_gaussian_window_size_4/net_4_depth/trained/, with error 0.004529



epoch [6 1] from [10 5]
training time per iterations 0.825465[ms]
testing on 20000 items
testing done
average error 0.004551
min error     0.000000
max error     0.215431



epoch [6 2] from [10 5]
training time per iterations 0.823282[ms]
testing on 20000 items
testing done
average error 0.004648
min error     0.000000
max error     0.259612



epoch [6 3] from [10 5]
training time per iterations 0.812699[ms]
testing on 20000 items
testing done
average error 0.004620
min error     0.000000
max error     0.264535



epoch [6 4] from [10 5]
training time per iterations 0.821335[ms]
testing on 20000 items
testing done
average error 0.004579
min error     0.000000
max error     0.249042



epoch [7 0] from [10 5]
training time per iterations 0.824366[ms]
testing on 20000 items
testing done
average error 0.004639
min error     0.000000
max error     0.227207



epoch [7 1] from [10 5]
training time per iterations 0.823921[ms]
testing on 20000 items
testing done
average error 0.004550
min error     0.000000
max error     0.261614



epoch [7 2] from [10 5]
training time per iterations 0.823629[ms]
testing on 20000 items
testing done
average error 0.004594
min error     0.000000
max error     0.246305



epoch [7 3] from [10 5]
training time per iterations 0.822892[ms]
testing on 20000 items
testing done
average error 0.004526
min error     0.000000
max error     0.268775
saving best net
best net saved to networks/disc8x8x3_no_gaussian_window_size_4/net_4_depth/trained/, with error 0.004526



epoch [7 4] from [10 5]
training time per iterations 0.825284[ms]
testing on 20000 items
testing done
average error 0.004577
min error     0.000000
max error     0.252901
setting learning rate to 0.000050



epoch [8 0] from [10 5]
training time per iterations 0.823824[ms]
testing on 20000 items
testing done
average error 0.004664
min error     0.000000
max error     0.252129



epoch [8 1] from [10 5]
training time per iterations 0.824519[ms]
testing on 20000 items
testing done
average error 0.004500
min error     0.000000
max error     0.235721
saving best net
best net saved to networks/disc8x8x3_no_gaussian_window_size_4/net_4_depth/trained/, with error 0.004500



epoch [8 2] from [10 5]
training time per iterations 0.825423[ms]
testing on 20000 items
testing done
average error 0.004562
min error     0.000000
max error     0.231052



epoch [8 3] from [10 5]
training time per iterations 0.821947[ms]
testing on 20000 items
testing done
average error 0.004579
min error     0.000000
max error     0.239732



epoch [8 4] from [10 5]
training time per iterations 0.825562[ms]
testing on 20000 items
testing done
average error 0.004591
min error     0.000000
max error     0.231977



epoch [9 0] from [10 5]
training time per iterations 0.822322[ms]
testing on 20000 items
testing done
average error 0.004567
min error     0.000000
max error     0.233562



epoch [9 1] from [10 5]
training time per iterations 0.825395[ms]
testing on 20000 items
testing done
average error 0.004574
min error     0.000000
max error     0.244522



epoch [9 2] from [10 5]
training time per iterations 0.825367[ms]
testing on 20000 items
testing done
average error 0.004601
min error     0.000000
max error     0.260487



epoch [9 3] from [10 5]
training time per iterations 0.821919[ms]
testing on 20000 items
testing done
average error 0.004556
min error     0.000000
max error     0.265030



epoch [9 4] from [10 5]
training time per iterations 0.823546[ms]
testing on 20000 items
testing done
average error 0.004551
min error     0.000000
max error     0.248226
training done
