0.000000 0 0 0.005635 0.000000 0.274286 0.005532 0.000000 0.246235
0.200000 0 1 0.005200 0.000000 0.283443 0.005190 0.000000 0.277343
0.400000 0 2 0.004943 0.000000 0.278732 0.004982 0.000000 0.262314
0.600000 0 3 0.004966 0.000000 0.279522 0.005029 0.000000 0.271461
0.800000 0 4 0.004760 0.000000 0.261861 0.004814 0.000000 0.263719
1.000000 1 0 0.004697 0.000000 0.267983 0.004723 0.000000 0.268425
1.200000 1 1 0.004798 0.000000 0.279818 0.004841 0.000000 0.265012
1.400000 1 2 0.004761 0.000000 0.277441 0.004819 0.000000 0.227137
1.600000 1 3 0.004656 0.000000 0.285899 0.004638 0.000000 0.285899
1.800000 1 4 0.004812 0.000000 0.262719 0.004799 0.000000 0.246998
2.000000 2 0 0.004709 0.000000 0.260087 0.004739 0.000000 0.260523
2.200000 2 1 0.004811 0.000000 0.284416 0.004760 0.000000 0.243653
2.400000 2 2 0.004670 0.000000 0.242248 0.004667 0.000000 0.226959
2.600000 2 3 0.004632 0.000000 0.247116 0.004606 0.000000 0.240794
2.800000 2 4 0.004721 0.000000 0.262576 0.004779 0.000000 0.230790
3.000000 3 0 0.004645 0.000000 0.265059 0.004627 0.000000 0.233252
3.200000 3 1 0.004643 0.000000 0.251112 0.004734 0.000000 0.245268
3.400000 3 2 0.004567 0.000000 0.225490 0.004535 0.000000 0.223954
3.600000 3 3 0.004600 0.000000 0.229089 0.004583 0.000000 0.230828
3.800000 3 4 0.004667 0.000000 0.227181 0.004771 0.000000 0.237943
4.000000 4 0 0.004642 0.000000 0.263587 0.004617 0.000000 0.252535
4.200000 4 1 0.004793 0.000000 0.243902 0.004828 0.000000 0.261979
4.400000 4 2 0.004592 0.000000 0.275327 0.004551 0.000000 0.277233
4.600000 4 3 0.004648 0.000000 0.240040 0.004684 0.000000 0.241819
4.800000 4 4 0.004575 0.000000 0.226112 0.004595 0.000000 0.228043
5.000000 5 0 0.004609 0.000000 0.252574 0.004665 0.000000 0.161924
5.200000 5 1 0.004572 0.000000 0.234445 0.004540 0.000000 0.236412
5.400000 5 2 0.004666 0.000000 0.234788 0.004729 0.000000 0.216195
5.600000 5 3 0.004622 0.000000 0.218140 0.004692 0.000000 0.219837
5.800000 5 4 0.004604 0.000000 0.225481 0.004615 0.000000 0.247754
6.000000 6 0 0.004529 0.000000 0.230378 0.004508 0.000000 0.230378
6.200000 6 1 0.004551 0.000000 0.215431 0.004530 0.000000 0.215431
6.400000 6 2 0.004648 0.000000 0.259612 0.004647 0.000000 0.240103
6.600000 6 3 0.004620 0.000000 0.264535 0.004617 0.000000 0.169270
6.800000 6 4 0.004579 0.000000 0.249042 0.004584 0.000000 0.238302
7.000000 7 0 0.004639 0.000000 0.227207 0.004703 0.000000 0.231201
7.200000 7 1 0.004550 0.000000 0.261614 0.004536 0.000000 0.217078
7.400000 7 2 0.004594 0.000000 0.246305 0.004599 0.000000 0.230886
7.600000 7 3 0.004526 0.000000 0.268775 0.004409 0.000000 0.252871
7.800000 7 4 0.004577 0.000000 0.252901 0.004571 0.000000 0.255738
8.000000 8 0 0.004664 0.000000 0.252129 0.004634 0.000000 0.249671
8.200000 8 1 0.004500 0.000000 0.235721 0.004537 0.000000 0.220843
8.400000 8 2 0.004562 0.000000 0.231052 0.004596 0.000000 0.229549
8.600000 8 3 0.004579 0.000000 0.239732 0.004656 0.000000 0.230205
8.800000 8 4 0.004591 0.000000 0.231977 0.004580 0.000000 0.224644
9.000000 9 0 0.004567 0.000000 0.233562 0.004490 0.000000 0.180892
9.200000 9 1 0.004574 0.000000 0.244522 0.004548 0.000000 0.238859
9.400000 9 2 0.004601 0.000000 0.260487 0.004666 0.000000 0.242098
9.600000 9 3 0.004556 0.000000 0.265030 0.004523 0.000000 0.251588
9.800000 9 4 0.004551 0.000000 0.248226 0.004606 0.000000 0.250249
