initializing
training size    : 359556
testing size     : 20000
epoch count      : 10
sub epoch size   : 5

epoch_learning_rate_decay   : 8
learning_rate_decay         : 0.250000

training



epoch [0 0] from [10 5]
training time per iterations 7.802506[ms]
testing on 20000 items
testing done
average error 0.002065
min error     0.000000
max error     0.237573
saving best net
best net saved to networks/disc40x20x3_no_gaussian/net_7_depth/trained/, with error 0.002065



epoch [0 1] from [10 5]
training time per iterations 7.820500[ms]
testing on 20000 items
testing done
average error 0.001977
min error     0.000000
max error     0.219416
saving best net
best net saved to networks/disc40x20x3_no_gaussian/net_7_depth/trained/, with error 0.001977



epoch [0 2] from [10 5]
training time per iterations 7.817066[ms]
testing on 20000 items
testing done
average error 0.001829
min error     0.000000
max error     0.223433
saving best net
best net saved to networks/disc40x20x3_no_gaussian/net_7_depth/trained/, with error 0.001829



epoch [0 3] from [10 5]
training time per iterations 7.818595[ms]
testing on 20000 items
testing done
average error 0.001727
min error     0.000000
max error     0.222399
saving best net
best net saved to networks/disc40x20x3_no_gaussian/net_7_depth/trained/, with error 0.001727



epoch [0 4] from [10 5]
training time per iterations 7.810474[ms]
testing on 20000 items
testing done
average error 0.001858
min error     0.000000
max error     0.249428



epoch [1 0] from [10 5]
training time per iterations 7.809431[ms]
testing on 20000 items
testing done
average error 0.001822
min error     0.000000
max error     0.236212



epoch [1 1] from [10 5]
training time per iterations 7.820598[ms]
testing on 20000 items
testing done
average error 0.001773
min error     0.000000
max error     0.243260



epoch [1 2] from [10 5]
training time per iterations 7.821140[ms]
testing on 20000 items
testing done
average error 0.001670
min error     0.000000
max error     0.209953
saving best net
best net saved to networks/disc40x20x3_no_gaussian/net_7_depth/trained/, with error 0.001670



epoch [1 3] from [10 5]
training time per iterations 7.809487[ms]
testing on 20000 items
testing done
average error 0.001869
min error     0.000000
max error     0.224627



epoch [1 4] from [10 5]
training time per iterations 7.819012[ms]
testing on 20000 items
testing done
average error 0.001811
min error     0.000000
max error     0.235740



epoch [2 0] from [10 5]
training time per iterations 7.819193[ms]
testing on 20000 items
testing done
average error 0.001624
min error     0.000000
max error     0.216391
saving best net
best net saved to networks/disc40x20x3_no_gaussian/net_7_depth/trained/, with error 0.001624



epoch [2 1] from [10 5]
training time per iterations 7.818971[ms]
testing on 20000 items
testing done
average error 0.001610
min error     0.000000
max error     0.183154
saving best net
best net saved to networks/disc40x20x3_no_gaussian/net_7_depth/trained/, with error 0.001610



epoch [2 2] from [10 5]
training time per iterations 7.815772[ms]
testing on 20000 items
testing done
average error 0.001898
min error     0.000000
max error     0.196894



epoch [2 3] from [10 5]
training time per iterations 7.822753[ms]
testing on 20000 items
testing done
average error 0.001623
min error     0.000000
max error     0.213297



epoch [2 4] from [10 5]
training time per iterations 7.831959[ms]
testing on 20000 items
testing done
average error 0.001862
min error     0.000000
max error     0.228128



epoch [3 0] from [10 5]
training time per iterations 7.820361[ms]
testing on 20000 items
testing done
average error 0.001553
min error     0.000000
max error     0.217420
saving best net
best net saved to networks/disc40x20x3_no_gaussian/net_7_depth/trained/, with error 0.001553



epoch [3 1] from [10 5]
training time per iterations 7.811322[ms]
testing on 20000 items
testing done
average error 0.001778
min error     0.000000
max error     0.197661



epoch [3 2] from [10 5]
training time per iterations 7.818067[ms]
testing on 20000 items
testing done
average error 0.001612
min error     0.000000
max error     0.188824



epoch [3 3] from [10 5]
training time per iterations 7.825395[ms]
testing on 20000 items
testing done
average error 0.001677
min error     0.000000
max error     0.227086



epoch [3 4] from [10 5]
training time per iterations 7.812852[ms]
testing on 20000 items
testing done
average error 0.001612
min error     0.000000
max error     0.191786



epoch [4 0] from [10 5]
training time per iterations 7.825743[ms]
testing on 20000 items
testing done
average error 0.001588
min error     0.000000
max error     0.184676



epoch [4 1] from [10 5]
training time per iterations 7.820848[ms]
testing on 20000 items
testing done
average error 0.001594
min error     0.000000
max error     0.197897



epoch [4 2] from [10 5]
training time per iterations 7.819652[ms]
testing on 20000 items
testing done
average error 0.001591
min error     0.000000
max error     0.208919



epoch [4 3] from [10 5]
training time per iterations 7.826355[ms]
testing on 20000 items
testing done
average error 0.001730
min error     0.000000
max error     0.229661



epoch [4 4] from [10 5]
training time per iterations 7.819263[ms]
testing on 20000 items
testing done
average error 0.001676
min error     0.000000
max error     0.211067



epoch [5 0] from [10 5]
training time per iterations 7.819304[ms]
testing on 20000 items
testing done
average error 0.001580
min error     0.000000
max error     0.206389



epoch [5 1] from [10 5]
training time per iterations 7.820625[ms]
testing on 20000 items
testing done
average error 0.001686
min error     0.000000
max error     0.198990



epoch [5 2] from [10 5]
training time per iterations 7.820306[ms]
testing on 20000 items
testing done
average error 0.001552
min error     0.000000
max error     0.189936
saving best net
best net saved to networks/disc40x20x3_no_gaussian/net_7_depth/trained/, with error 0.001552



epoch [5 3] from [10 5]
training time per iterations 7.822878[ms]
testing on 20000 items
testing done
average error 0.001586
min error     0.000000
max error     0.203742



epoch [5 4] from [10 5]
training time per iterations 7.818887[ms]
testing on 20000 items
testing done
average error 0.001603
min error     0.000000
max error     0.185423



epoch [6 0] from [10 5]
training time per iterations 7.824172[ms]
testing on 20000 items
testing done
average error 0.001913
min error     0.000000
max error     0.197600



epoch [6 1] from [10 5]
training time per iterations 7.812032[ms]
testing on 20000 items
testing done
average error 0.001639
min error     0.000000
max error     0.219160



epoch [6 2] from [10 5]
training time per iterations 7.814465[ms]
testing on 20000 items
testing done
average error 0.001812
min error     0.000000
max error     0.214607



epoch [6 3] from [10 5]
training time per iterations 7.827592[ms]
testing on 20000 items
testing done
average error 0.001666
min error     0.000000
max error     0.219261



epoch [6 4] from [10 5]
training time per iterations 7.821515[ms]
testing on 20000 items
testing done
average error 0.001669
min error     0.000000
max error     0.234895



epoch [7 0] from [10 5]
training time per iterations 7.823129[ms]
testing on 20000 items
testing done
average error 0.001695
min error     0.000000
max error     0.217345



epoch [7 1] from [10 5]
training time per iterations 7.819485[ms]
testing on 20000 items
testing done
average error 0.001611
min error     0.000000
max error     0.213885



epoch [7 2] from [10 5]
training time per iterations 7.821849[ms]
testing on 20000 items
testing done
average error 0.001775
min error     0.000000
max error     0.210036



epoch [7 3] from [10 5]
training time per iterations 7.806678[ms]
testing on 20000 items
testing done
average error 0.001575
min error     0.000000
max error     0.197009



epoch [7 4] from [10 5]
training time per iterations 7.823629[ms]
testing on 20000 items
testing done
average error 0.001615
min error     0.000000
max error     0.209725
setting learning rate to 0.000050



epoch [8 0] from [10 5]
training time per iterations 7.816954[ms]
testing on 20000 items
testing done
average error 0.001586
min error     0.000000
max error     0.208837



epoch [8 1] from [10 5]
training time per iterations 7.828635[ms]
testing on 20000 items
testing done
average error 0.001587
min error     0.000000
max error     0.212917



epoch [8 2] from [10 5]
training time per iterations 7.814632[ms]
testing on 20000 items
testing done
average error 0.001557
min error     0.000000
max error     0.203342



epoch [8 3] from [10 5]
training time per iterations 7.823059[ms]
testing on 20000 items
testing done
average error 0.001586
min error     0.000000
max error     0.206753



epoch [8 4] from [10 5]
training time per iterations 7.818261[ms]
testing on 20000 items
testing done
average error 0.001579
min error     0.000000
max error     0.206544



epoch [9 0] from [10 5]
training time per iterations 7.825673[ms]
testing on 20000 items
testing done
average error 0.001558
min error     0.000000
max error     0.195197



epoch [9 1] from [10 5]
training time per iterations 7.826466[ms]
testing on 20000 items
testing done
average error 0.001672
min error     0.000000
max error     0.215013



epoch [9 2] from [10 5]
training time per iterations 7.824227[ms]
testing on 20000 items
testing done
average error 0.001539
min error     0.000000
max error     0.204438
saving best net
best net saved to networks/disc40x20x3_no_gaussian/net_7_depth/trained/, with error 0.001539



epoch [9 3] from [10 5]
training time per iterations 7.823490[ms]
testing on 20000 items
testing done
average error 0.001625
min error     0.000000
max error     0.200489



epoch [9 4] from [10 5]
training time per iterations 7.819861[ms]
testing on 20000 items
testing done
average error 0.001619
min error     0.000000
max error     0.202350
training done
