0.000000 0 0 0.002065 0.000000 0.237573 0.002086 0.000000 0.238267
0.200000 0 1 0.001977 0.000000 0.219416 0.002023 0.000000 0.154617
0.400000 0 2 0.001829 0.000000 0.223433 0.001862 0.000000 0.142128
0.600000 0 3 0.001727 0.000000 0.222399 0.001743 0.000000 0.141727
0.800000 0 4 0.001858 0.000000 0.249428 0.001860 0.000000 0.175109
1.000000 1 0 0.001822 0.000000 0.236212 0.001861 0.000000 0.168782
1.200000 1 1 0.001773 0.000000 0.243260 0.001791 0.000000 0.243260
1.400000 1 2 0.001670 0.000000 0.209953 0.001686 0.000000 0.168384
1.600000 1 3 0.001869 0.000000 0.224627 0.001881 0.000000 0.175253
1.800000 1 4 0.001811 0.000000 0.235740 0.001825 0.000000 0.236841
2.000000 2 0 0.001624 0.000000 0.216391 0.001632 0.000000 0.191785
2.200000 2 1 0.001610 0.000000 0.183154 0.001600 0.000000 0.197991
2.400000 2 2 0.001898 0.000000 0.196894 0.001911 0.000000 0.127361
2.600000 2 3 0.001623 0.000000 0.213297 0.001617 0.000000 0.238227
2.800000 2 4 0.001862 0.000000 0.228128 0.001872 0.000000 0.191385
3.000000 3 0 0.001553 0.000000 0.217420 0.001563 0.000000 0.152083
3.200000 3 1 0.001778 0.000000 0.197661 0.001790 0.000000 0.187039
3.400000 3 2 0.001612 0.000000 0.188824 0.001642 0.000000 0.202860
3.600000 3 3 0.001677 0.000000 0.227086 0.001699 0.000000 0.224564
3.800000 3 4 0.001612 0.000000 0.191786 0.001627 0.000000 0.177698
4.000000 4 0 0.001588 0.000000 0.184676 0.001579 0.000000 0.174698
4.200000 4 1 0.001594 0.000000 0.197897 0.001639 0.000000 0.275134
4.400000 4 2 0.001591 0.000000 0.208919 0.001584 0.000000 0.226601
4.600000 4 3 0.001730 0.000000 0.229661 0.001749 0.000000 0.229661
4.800000 4 4 0.001676 0.000000 0.211067 0.001697 0.000000 0.165066
5.000000 5 0 0.001580 0.000000 0.206389 0.001581 0.000000 0.167074
5.200000 5 1 0.001686 0.000000 0.198990 0.001721 0.000000 0.198990
5.400000 5 2 0.001552 0.000000 0.189936 0.001574 0.000000 0.152898
5.600000 5 3 0.001586 0.000000 0.203742 0.001593 0.000000 0.196918
5.800000 5 4 0.001603 0.000000 0.185423 0.001610 0.000000 0.146366
6.000000 6 0 0.001913 0.000000 0.197600 0.001935 0.000000 0.179421
6.200000 6 1 0.001639 0.000000 0.219160 0.001665 0.000000 0.136660
6.400000 6 2 0.001812 0.000000 0.214607 0.001851 0.000000 0.172909
6.600000 6 3 0.001666 0.000000 0.219261 0.001696 0.000000 0.170806
6.800000 6 4 0.001669 0.000000 0.234895 0.001705 0.000000 0.253580
7.000000 7 0 0.001695 0.000000 0.217345 0.001688 0.000000 0.255904
7.200000 7 1 0.001611 0.000000 0.213885 0.001610 0.000000 0.219743
7.400000 7 2 0.001775 0.000000 0.210036 0.001808 0.000000 0.144839
7.600000 7 3 0.001575 0.000000 0.197009 0.001622 0.000000 0.219376
7.800000 7 4 0.001615 0.000000 0.209725 0.001607 0.000000 0.210387
8.000000 8 0 0.001586 0.000000 0.208837 0.001597 0.000000 0.181516
8.200000 8 1 0.001587 0.000000 0.212917 0.001622 0.000000 0.208427
8.400000 8 2 0.001557 0.000000 0.203342 0.001581 0.000000 0.198715
8.600000 8 3 0.001586 0.000000 0.206753 0.001594 0.000000 0.215659
8.800000 8 4 0.001579 0.000000 0.206544 0.001587 0.000000 0.239699
9.000000 9 0 0.001558 0.000000 0.195197 0.001597 0.000000 0.258166
9.200000 9 1 0.001672 0.000000 0.215013 0.001717 0.000000 0.200099
9.400000 9 2 0.001539 0.000000 0.204438 0.001563 0.000000 0.205908
9.600000 9 3 0.001625 0.000000 0.200489 0.001654 0.000000 0.207283
9.800000 9 4 0.001619 0.000000 0.202350 0.001637 0.000000 0.202350
