initializing
training size    : 359556
testing size     : 20000
epoch count      : 10
sub epoch size   : 5

epoch_learning_rate_decay   : 8
learning_rate_decay         : 0.250000

training



epoch [0 0] from [10 5]
training time per iterations 0.812935[ms]
testing on 20000 items
testing done
average error 0.004553
min error     0.000000
max error     0.162250
saving best net
best net saved to networks/disc8x8x3_window_size_4/net_4/trained/, with error 0.004553



epoch [0 1] from [10 5]
training time per iterations 0.812963[ms]
testing on 20000 items
testing done
average error 0.003275
min error     0.000000
max error     0.160672
saving best net
best net saved to networks/disc8x8x3_window_size_4/net_4/trained/, with error 0.003275



epoch [0 2] from [10 5]
training time per iterations 0.806094[ms]
testing on 20000 items
testing done
average error 0.002848
min error     0.000000
max error     0.149931
saving best net
best net saved to networks/disc8x8x3_window_size_4/net_4/trained/, with error 0.002848



epoch [0 3] from [10 5]
training time per iterations 0.800587[ms]
testing on 20000 items
testing done
average error 0.002629
min error     0.000000
max error     0.155028
saving best net
best net saved to networks/disc8x8x3_window_size_4/net_4/trained/, with error 0.002629



epoch [0 4] from [10 5]
training time per iterations 0.808277[ms]
testing on 20000 items
testing done
average error 0.002418
min error     0.000000
max error     0.151492
saving best net
best net saved to networks/disc8x8x3_window_size_4/net_4/trained/, with error 0.002418



epoch [1 0] from [10 5]
training time per iterations 0.811962[ms]
testing on 20000 items
testing done
average error 0.002332
min error     0.000000
max error     0.152072
saving best net
best net saved to networks/disc8x8x3_window_size_4/net_4/trained/, with error 0.002332



epoch [1 1] from [10 5]
training time per iterations 0.812129[ms]
testing on 20000 items
testing done
average error 0.002206
min error     0.000000
max error     0.158298
saving best net
best net saved to networks/disc8x8x3_window_size_4/net_4/trained/, with error 0.002206



epoch [1 2] from [10 5]
training time per iterations 0.810905[ms]
testing on 20000 items
testing done
average error 0.002205
min error     0.000000
max error     0.148938
saving best net
best net saved to networks/disc8x8x3_window_size_4/net_4/trained/, with error 0.002205



epoch [1 3] from [10 5]
training time per iterations 0.811837[ms]
testing on 20000 items
testing done
average error 0.002196
min error     0.000000
max error     0.154210
saving best net
best net saved to networks/disc8x8x3_window_size_4/net_4/trained/, with error 0.002196



epoch [1 4] from [10 5]
training time per iterations 0.810418[ms]
testing on 20000 items
testing done
average error 0.002118
min error     0.000000
max error     0.151572
saving best net
best net saved to networks/disc8x8x3_window_size_4/net_4/trained/, with error 0.002118



epoch [2 0] from [10 5]
training time per iterations 0.813408[ms]
testing on 20000 items
testing done
average error 0.002127
min error     0.000000
max error     0.156690



epoch [2 1] from [10 5]
training time per iterations 0.813895[ms]
testing on 20000 items
testing done
average error 0.002122
min error     0.000000
max error     0.158289



epoch [2 2] from [10 5]
training time per iterations 0.810182[ms]
testing on 20000 items
testing done
average error 0.002067
min error     0.000000
max error     0.156043
saving best net
best net saved to networks/disc8x8x3_window_size_4/net_4/trained/, with error 0.002067



epoch [2 3] from [10 5]
training time per iterations 0.812755[ms]
testing on 20000 items
testing done
average error 0.002035
min error     0.000000
max error     0.146989
saving best net
best net saved to networks/disc8x8x3_window_size_4/net_4/trained/, with error 0.002035



epoch [2 4] from [10 5]
training time per iterations 0.814674[ms]
testing on 20000 items
testing done
average error 0.001979
min error     0.000000
max error     0.149670
saving best net
best net saved to networks/disc8x8x3_window_size_4/net_4/trained/, with error 0.001979



epoch [3 0] from [10 5]
training time per iterations 0.814799[ms]
testing on 20000 items
testing done
average error 0.001961
min error     0.000000
max error     0.165412
saving best net
best net saved to networks/disc8x8x3_window_size_4/net_4/trained/, with error 0.001961



epoch [3 1] from [10 5]
training time per iterations 0.815105[ms]
testing on 20000 items
testing done
average error 0.001910
min error     0.000000
max error     0.151212
saving best net
best net saved to networks/disc8x8x3_window_size_4/net_4/trained/, with error 0.001910



epoch [3 2] from [10 5]
training time per iterations 0.813019[ms]
testing on 20000 items
testing done
average error 0.002119
min error     0.000000
max error     0.178432



epoch [3 3] from [10 5]
training time per iterations 0.812129[ms]
testing on 20000 items
testing done
average error 0.001958
min error     0.000000
max error     0.160684



epoch [3 4] from [10 5]
training time per iterations 0.811726[ms]
testing on 20000 items
testing done
average error 0.001984
min error     0.000000
max error     0.173785



epoch [4 0] from [10 5]
training time per iterations 0.806274[ms]
testing on 20000 items
testing done
average error 0.001917
min error     0.000000
max error     0.155004



epoch [4 1] from [10 5]
training time per iterations 0.810293[ms]
testing on 20000 items
testing done
average error 0.001870
min error     0.000000
max error     0.154712
saving best net
best net saved to networks/disc8x8x3_window_size_4/net_4/trained/, with error 0.001870



epoch [4 2] from [10 5]
training time per iterations 0.807582[ms]
testing on 20000 items
testing done
average error 0.001875
min error     0.000000
max error     0.151454



epoch [4 3] from [10 5]
training time per iterations 0.811155[ms]
testing on 20000 items
testing done
average error 0.001875
min error     0.000000
max error     0.163422



epoch [4 4] from [10 5]
training time per iterations 0.810585[ms]
testing on 20000 items
testing done
average error 0.001885
min error     0.000000
max error     0.160981



epoch [5 0] from [10 5]
training time per iterations 0.809834[ms]
testing on 20000 items
testing done
average error 0.001886
min error     0.000000
max error     0.152071



epoch [5 1] from [10 5]
training time per iterations 0.809918[ms]
testing on 20000 items
testing done
average error 0.001956
min error     0.000000
max error     0.158748



epoch [5 2] from [10 5]
training time per iterations 0.808652[ms]
testing on 20000 items
testing done
average error 0.001821
min error     0.000000
max error     0.156694
saving best net
best net saved to networks/disc8x8x3_window_size_4/net_4/trained/, with error 0.001821



epoch [5 3] from [10 5]
training time per iterations 0.811740[ms]
testing on 20000 items
testing done
average error 0.001816
min error     0.000000
max error     0.158074
saving best net
best net saved to networks/disc8x8x3_window_size_4/net_4/trained/, with error 0.001816



epoch [5 4] from [10 5]
training time per iterations 0.812324[ms]
testing on 20000 items
testing done
average error 0.001828
min error     0.000000
max error     0.169923



epoch [6 0] from [10 5]
training time per iterations 0.810544[ms]
testing on 20000 items
testing done
average error 0.001821
min error     0.000000
max error     0.153281



epoch [6 1] from [10 5]
training time per iterations 0.811169[ms]
testing on 20000 items
testing done
average error 0.001837
min error     0.000000
max error     0.154785



epoch [6 2] from [10 5]
training time per iterations 0.811851[ms]
testing on 20000 items
testing done
average error 0.001790
min error     0.000000
max error     0.161793
saving best net
best net saved to networks/disc8x8x3_window_size_4/net_4/trained/, with error 0.001790



epoch [6 3] from [10 5]
training time per iterations 0.810794[ms]
testing on 20000 items
testing done
average error 0.001806
min error     0.000000
max error     0.166340



epoch [6 4] from [10 5]
training time per iterations 0.811712[ms]
testing on 20000 items
testing done
average error 0.001835
min error     0.000000
max error     0.154336



epoch [7 0] from [10 5]
training time per iterations 0.813589[ms]
testing on 20000 items
testing done
average error 0.001794
min error     0.000000
max error     0.160649



epoch [7 1] from [10 5]
training time per iterations 0.811698[ms]
testing on 20000 items
testing done
average error 0.001818
min error     0.000000
max error     0.156805



epoch [7 2] from [10 5]
training time per iterations 0.811892[ms]
testing on 20000 items
testing done
average error 0.001779
min error     0.000000
max error     0.158322
saving best net
best net saved to networks/disc8x8x3_window_size_4/net_4/trained/, with error 0.001779



epoch [7 3] from [10 5]
training time per iterations 0.811948[ms]
testing on 20000 items
testing done
average error 0.001756
min error     0.000000
max error     0.158201
saving best net
best net saved to networks/disc8x8x3_window_size_4/net_4/trained/, with error 0.001756



epoch [7 4] from [10 5]
training time per iterations 0.810140[ms]
testing on 20000 items
testing done
average error 0.001774
min error     0.000000
max error     0.162824
setting learning rate to 0.000050



epoch [8 0] from [10 5]
training time per iterations 0.814924[ms]
testing on 20000 items
testing done
average error 0.001813
min error     0.000000
max error     0.164683



epoch [8 1] from [10 5]
training time per iterations 0.814409[ms]
testing on 20000 items
testing done
average error 0.001798
min error     0.000000
max error     0.166123



epoch [8 2] from [10 5]
training time per iterations 0.805384[ms]
testing on 20000 items
testing done
average error 0.001793
min error     0.000000
max error     0.162616



epoch [8 3] from [10 5]
training time per iterations 0.816481[ms]
testing on 20000 items
testing done
average error 0.001817
min error     0.000000
max error     0.165082



epoch [8 4] from [10 5]
training time per iterations 0.815995[ms]
testing on 20000 items
testing done
average error 0.001779
min error     0.000000
max error     0.159925



epoch [9 0] from [10 5]
training time per iterations 0.814618[ms]
testing on 20000 items
testing done
average error 0.001789
min error     0.000000
max error     0.162874



epoch [9 1] from [10 5]
training time per iterations 0.811378[ms]
testing on 20000 items
testing done
average error 0.001791
min error     0.000000
max error     0.158924



epoch [9 2] from [10 5]
training time per iterations 0.812310[ms]
testing on 20000 items
testing done
average error 0.001816
min error     0.000000
max error     0.164346



epoch [9 3] from [10 5]
training time per iterations 0.814034[ms]
testing on 20000 items
testing done
average error 0.001807
min error     0.000000
max error     0.159942



epoch [9 4] from [10 5]
training time per iterations 0.811740[ms]
testing on 20000 items
testing done
average error 0.001790
min error     0.000000
max error     0.164614
training done
