network init start

hyperparameters
init_weight_range 0.000000 ,xavier
learning_rate 0.000200
lambda1 0.000001
lambda2 0.000001
dropout 0.020000
minibatch size 32

   DENSE CONVOLUTION  [    8     8    12] [    3     3     8] [    8     8    20] [       864          8][     55808]
                RELU  [    8     8    20] [    1     1     1] [    8     8    20] [         0          0][      2560]
   DENSE CONVOLUTION  [    8     8    20] [    3     3     8] [    8     8    28] [      1440          8][     92672]
                RELU  [    8     8    28] [    1     1     1] [    8     8    28] [         0          0][      3584]
   DENSE CONVOLUTION  [    8     8    28] [    3     3     8] [    8     8    36] [      2016          8][    129536]
                RELU  [    8     8    36] [    1     1     1] [    8     8    36] [         0          0][      4608]
   DENSE CONVOLUTION  [    8     8    36] [    3     3     8] [    8     8    44] [      2592          8][    166400]
                RELU  [    8     8    44] [    1     1     1] [    8     8    44] [         0          0][      5632]
         CONVOLUTION  [    8     8    44] [    1     1    32] [    8     8    32] [      1408         32][     92160]
                RELU  [    8     8    32] [    1     1     1] [    8     8    32] [         0          0][      4096]
             DROPOUT  [    8     8    32] [    1     1     1] [    8     8    32] [         0          0][      4096]
                  FC  [    8     8    32] [    1     1     3] [    1     1     3] [      6144          3][     12294]

input_geometry  [8 8 12]
output_geometry [1 1 3]
network flops operations 573446 FLOPS, 0.000573 GFLOPS
init DONE

network destructor done
