0.000000 0 0 0.004553 0.000000 0.162250 0.004562 0.000000 0.186432
0.200000 0 1 0.003275 0.000000 0.160672 0.003297 0.000000 0.272425
0.400000 0 2 0.002848 0.000000 0.149931 0.002893 0.000000 0.204994
0.600000 0 3 0.002629 0.000000 0.155028 0.002609 0.000000 0.220136
0.800000 0 4 0.002418 0.000000 0.151492 0.002405 0.000000 0.170329
1.000000 1 0 0.002332 0.000000 0.152072 0.002329 0.000000 0.255334
1.200000 1 1 0.002206 0.000000 0.158298 0.002175 0.000000 0.169180
1.400000 1 2 0.002205 0.000000 0.148938 0.002198 0.000000 0.257828
1.600000 1 3 0.002196 0.000000 0.154210 0.002169 0.000000 0.165373
1.800000 1 4 0.002118 0.000000 0.151572 0.002059 0.000000 0.204830
2.000000 2 0 0.002127 0.000000 0.156690 0.002097 0.000000 0.160488
2.200000 2 1 0.002122 0.000000 0.158289 0.002102 0.000000 0.254993
2.400000 2 2 0.002067 0.000000 0.156043 0.002040 0.000000 0.182969
2.600000 2 3 0.002035 0.000000 0.146989 0.002006 0.000000 0.171936
2.800000 2 4 0.001979 0.000000 0.149670 0.001936 0.000000 0.250947
3.000000 3 0 0.001961 0.000000 0.165412 0.001942 0.000000 0.182149
3.200000 3 1 0.001910 0.000000 0.151212 0.001863 0.000000 0.241056
3.400000 3 2 0.002119 0.000000 0.178432 0.002104 0.000000 0.178662
3.600000 3 3 0.001958 0.000000 0.160684 0.001950 0.000000 0.198076
3.800000 3 4 0.001984 0.000000 0.173785 0.001938 0.000000 0.163776
4.000000 4 0 0.001917 0.000000 0.155004 0.001906 0.000000 0.142268
4.200000 4 1 0.001870 0.000000 0.154712 0.001836 0.000000 0.156021
4.400000 4 2 0.001875 0.000000 0.151454 0.001812 0.000000 0.155482
4.600000 4 3 0.001875 0.000000 0.163422 0.001867 0.000000 0.181616
4.800000 4 4 0.001885 0.000000 0.160981 0.001841 0.000000 0.165241
5.000000 5 0 0.001886 0.000000 0.152071 0.001833 0.000000 0.172577
5.200000 5 1 0.001956 0.000000 0.158748 0.001928 0.000000 0.162354
5.400000 5 2 0.001821 0.000000 0.156694 0.001790 0.000000 0.178717
5.600000 5 3 0.001816 0.000000 0.158074 0.001767 0.000000 0.177943
5.800000 5 4 0.001828 0.000000 0.169923 0.001784 0.000000 0.190636
6.000000 6 0 0.001821 0.000000 0.153281 0.001802 0.000000 0.208075
6.200000 6 1 0.001837 0.000000 0.154785 0.001831 0.000000 0.197596
6.400000 6 2 0.001790 0.000000 0.161793 0.001777 0.000000 0.162891
6.600000 6 3 0.001806 0.000000 0.166340 0.001775 0.000000 0.143747
6.800000 6 4 0.001835 0.000000 0.154336 0.001791 0.000000 0.158754
7.000000 7 0 0.001794 0.000000 0.160649 0.001786 0.000000 0.171696
7.200000 7 1 0.001818 0.000000 0.156805 0.001775 0.000000 0.251492
7.400000 7 2 0.001779 0.000000 0.158322 0.001725 0.000000 0.211787
7.600000 7 3 0.001756 0.000000 0.158201 0.001710 0.000000 0.167008
7.800000 7 4 0.001774 0.000000 0.162824 0.001757 0.000000 0.177206
8.000000 8 0 0.001813 0.000000 0.164683 0.001793 0.000000 0.248564
8.200000 8 1 0.001798 0.000000 0.166123 0.001793 0.000000 0.231962
8.400000 8 2 0.001793 0.000000 0.162616 0.001811 0.000000 0.167895
8.600000 8 3 0.001817 0.000000 0.165082 0.001807 0.000000 0.178078
8.800000 8 4 0.001779 0.000000 0.159925 0.001743 0.000000 0.243050
9.000000 9 0 0.001789 0.000000 0.162874 0.001778 0.000000 0.252022
9.200000 9 1 0.001791 0.000000 0.158924 0.001763 0.000000 0.172422
9.400000 9 2 0.001816 0.000000 0.164346 0.001798 0.000000 0.262049
9.600000 9 3 0.001807 0.000000 0.159942 0.001770 0.000000 0.236444
9.800000 9 4 0.001790 0.000000 0.164614 0.001767 0.000000 0.164802
