initializing
training size    : 359556
testing size     : 20000
epoch count      : 10
sub epoch size   : 5

epoch_learning_rate_decay   : 8
learning_rate_decay         : 0.250000

training



epoch [0 0] from [10 5]
training time per iterations 4.626608[ms]
testing on 20000 items
testing done
average error 0.002094
min error     0.000000
max error     0.266599
saving best net
best net saved to networks/disc40x20x3_no_gaussian/net_5_depth/trained/, with error 0.002094



epoch [0 1] from [10 5]
training time per iterations 4.621254[ms]
testing on 20000 items
testing done
average error 0.001933
min error     0.000000
max error     0.249960
saving best net
best net saved to networks/disc40x20x3_no_gaussian/net_5_depth/trained/, with error 0.001933



epoch [0 2] from [10 5]
training time per iterations 4.624856[ms]
testing on 20000 items
testing done
average error 0.001881
min error     0.000000
max error     0.237640
saving best net
best net saved to networks/disc40x20x3_no_gaussian/net_5_depth/trained/, with error 0.001881



epoch [0 3] from [10 5]
training time per iterations 4.622895[ms]
testing on 20000 items
testing done
average error 0.001838
min error     0.000000
max error     0.234926
saving best net
best net saved to networks/disc40x20x3_no_gaussian/net_5_depth/trained/, with error 0.001838



epoch [0 4] from [10 5]
training time per iterations 4.613230[ms]
testing on 20000 items
testing done
average error 0.001896
min error     0.000000
max error     0.227344



epoch [1 0] from [10 5]
training time per iterations 4.626010[ms]
testing on 20000 items
testing done
average error 0.001772
min error     0.000000
max error     0.240951
saving best net
best net saved to networks/disc40x20x3_no_gaussian/net_5_depth/trained/, with error 0.001772



epoch [1 1] from [10 5]
training time per iterations 4.615761[ms]
testing on 20000 items
testing done
average error 0.001871
min error     0.000000
max error     0.281707



epoch [1 2] from [10 5]
training time per iterations 4.615553[ms]
testing on 20000 items
testing done
average error 0.001864
min error     0.000000
max error     0.253382



epoch [1 3] from [10 5]
training time per iterations 4.625078[ms]
testing on 20000 items
testing done
average error 0.001856
min error     0.000000
max error     0.251088



epoch [1 4] from [10 5]
training time per iterations 4.626399[ms]
testing on 20000 items
testing done
average error 0.001883
min error     0.000000
max error     0.226493



epoch [2 0] from [10 5]
training time per iterations 4.619697[ms]
testing on 20000 items
testing done
average error 0.001754
min error     0.000000
max error     0.220533
saving best net
best net saved to networks/disc40x20x3_no_gaussian/net_5_depth/trained/, with error 0.001754



epoch [2 1] from [10 5]
training time per iterations 4.618542[ms]
testing on 20000 items
testing done
average error 0.001691
min error     0.000000
max error     0.228289
saving best net
best net saved to networks/disc40x20x3_no_gaussian/net_5_depth/trained/, with error 0.001691



epoch [2 2] from [10 5]
training time per iterations 4.614565[ms]
testing on 20000 items
testing done
average error 0.001747
min error     0.000000
max error     0.217717



epoch [2 3] from [10 5]
training time per iterations 4.620447[ms]
testing on 20000 items
testing done
average error 0.001696
min error     0.000000
max error     0.230165



epoch [2 4] from [10 5]
training time per iterations 4.623618[ms]
testing on 20000 items
testing done
average error 0.001680
min error     0.000000
max error     0.227275
saving best net
best net saved to networks/disc40x20x3_no_gaussian/net_5_depth/trained/, with error 0.001680



epoch [3 0] from [10 5]
training time per iterations 4.621616[ms]
testing on 20000 items
testing done
average error 0.001634
min error     0.000000
max error     0.224967
saving best net
best net saved to networks/disc40x20x3_no_gaussian/net_5_depth/trained/, with error 0.001634



epoch [3 1] from [10 5]
training time per iterations 4.619752[ms]
testing on 20000 items
testing done
average error 0.001657
min error     0.000000
max error     0.233898



epoch [3 2] from [10 5]
training time per iterations 4.623354[ms]
testing on 20000 items
testing done
average error 0.001617
min error     0.000000
max error     0.230028
saving best net
best net saved to networks/disc40x20x3_no_gaussian/net_5_depth/trained/, with error 0.001617



epoch [3 3] from [10 5]
training time per iterations 4.622102[ms]
testing on 20000 items
testing done
average error 0.001687
min error     0.000000
max error     0.222584



epoch [3 4] from [10 5]
training time per iterations 4.619863[ms]
testing on 20000 items
testing done
average error 0.001603
min error     0.000000
max error     0.214606
saving best net
best net saved to networks/disc40x20x3_no_gaussian/net_5_depth/trained/, with error 0.001603



epoch [4 0] from [10 5]
training time per iterations 4.619224[ms]
testing on 20000 items
testing done
average error 0.001641
min error     0.000000
max error     0.209985



epoch [4 1] from [10 5]
training time per iterations 4.618097[ms]
testing on 20000 items
testing done
average error 0.001700
min error     0.000000
max error     0.213787



epoch [4 2] from [10 5]
training time per iterations 4.628527[ms]
testing on 20000 items
testing done
average error 0.001678
min error     0.000000
max error     0.222126



epoch [4 3] from [10 5]
training time per iterations 4.619238[ms]
testing on 20000 items
testing done
average error 0.001650
min error     0.000000
max error     0.227121



epoch [4 4] from [10 5]
training time per iterations 4.623368[ms]
testing on 20000 items
testing done
average error 0.001675
min error     0.000000
max error     0.209108



epoch [5 0] from [10 5]
training time per iterations 4.620879[ms]
testing on 20000 items
testing done
average error 0.001644
min error     0.000000
max error     0.220650



epoch [5 1] from [10 5]
training time per iterations 4.623646[ms]
testing on 20000 items
testing done
average error 0.001683
min error     0.000000
max error     0.229097



epoch [5 2] from [10 5]
training time per iterations 4.622422[ms]
testing on 20000 items
testing done
average error 0.001801
min error     0.000000
max error     0.224020



epoch [5 3] from [10 5]
training time per iterations 4.620475[ms]
testing on 20000 items
testing done
average error 0.001812
min error     0.000000
max error     0.219436



epoch [5 4] from [10 5]
training time per iterations 4.619669[ms]
testing on 20000 items
testing done
average error 0.001797
min error     0.000000
max error     0.223972



epoch [6 0] from [10 5]
training time per iterations 4.615817[ms]
testing on 20000 items
testing done
average error 0.001723
min error     0.000000
max error     0.217734



epoch [6 1] from [10 5]
training time per iterations 4.614913[ms]
testing on 20000 items
testing done
average error 0.001806
min error     0.000000
max error     0.216805



epoch [6 2] from [10 5]
training time per iterations 4.619697[ms]
testing on 20000 items
testing done
average error 0.001608
min error     0.000000
max error     0.213626



epoch [6 3] from [10 5]
training time per iterations 4.617082[ms]
testing on 20000 items
testing done
average error 0.001651
min error     0.000000
max error     0.230433



epoch [6 4] from [10 5]
training time per iterations 4.615205[ms]
testing on 20000 items
testing done
average error 0.001697
min error     0.000000
max error     0.217815



epoch [7 0] from [10 5]
training time per iterations 4.619530[ms]
testing on 20000 items
testing done
average error 0.001824
min error     0.000000
max error     0.212145



epoch [7 1] from [10 5]
training time per iterations 4.615845[ms]
testing on 20000 items
testing done
average error 0.001642
min error     0.000000
max error     0.211962



epoch [7 2] from [10 5]
training time per iterations 4.622019[ms]
testing on 20000 items
testing done
average error 0.001756
min error     0.000000
max error     0.217456



epoch [7 3] from [10 5]
training time per iterations 4.618668[ms]
testing on 20000 items
testing done
average error 0.001711
min error     0.000000
max error     0.221239



epoch [7 4] from [10 5]
training time per iterations 4.614941[ms]
testing on 20000 items
testing done
average error 0.001701
min error     0.000000
max error     0.224422
setting learning rate to 0.000050



epoch [8 0] from [10 5]
training time per iterations 4.624633[ms]
testing on 20000 items
testing done
average error 0.001611
min error     0.000000
max error     0.214729



epoch [8 1] from [10 5]
training time per iterations 4.615372[ms]
testing on 20000 items
testing done
average error 0.001648
min error     0.000000
max error     0.217917



epoch [8 2] from [10 5]
training time per iterations 4.619168[ms]
testing on 20000 items
testing done
average error 0.001639
min error     0.000000
max error     0.218323



epoch [8 3] from [10 5]
training time per iterations 4.615706[ms]
testing on 20000 items
testing done
average error 0.001622
min error     0.000000
max error     0.222298



epoch [8 4] from [10 5]
training time per iterations 4.618528[ms]
testing on 20000 items
testing done
average error 0.001675
min error     0.000000
max error     0.222780



epoch [9 0] from [10 5]
training time per iterations 4.619126[ms]
testing on 20000 items
testing done
average error 0.001724
min error     0.000000
max error     0.215904



epoch [9 1] from [10 5]
training time per iterations 4.640695[ms]
testing on 20000 items
testing done
average error 0.001676
min error     0.000000
max error     0.214917



epoch [9 2] from [10 5]
training time per iterations 4.624174[ms]
testing on 20000 items
testing done
average error 0.001642
min error     0.000000
max error     0.216743



epoch [9 3] from [10 5]
training time per iterations 4.625134[ms]
testing on 20000 items
testing done
average error 0.001651
min error     0.000000
max error     0.212891



epoch [9 4] from [10 5]
training time per iterations 4.624035[ms]
testing on 20000 items
testing done
average error 0.001623
min error     0.000000
max error     0.221634
training done
