0.000000 0 0 0.002094 0.000000 0.266599 0.002089 0.000000 0.266599
0.200000 0 1 0.001933 0.000000 0.249960 0.001895 0.000000 0.159642
0.400000 0 2 0.001881 0.000000 0.237640 0.001826 0.000000 0.217146
0.600000 0 3 0.001838 0.000000 0.234926 0.001812 0.000000 0.165936
0.800000 0 4 0.001896 0.000000 0.227344 0.001879 0.000000 0.237815
1.000000 1 0 0.001772 0.000000 0.240951 0.001749 0.000000 0.168359
1.200000 1 1 0.001871 0.000000 0.281707 0.001883 0.000000 0.279601
1.400000 1 2 0.001864 0.000000 0.253382 0.001821 0.000000 0.248481
1.600000 1 3 0.001856 0.000000 0.251088 0.001856 0.000000 0.204928
1.800000 1 4 0.001883 0.000000 0.226493 0.001845 0.000000 0.185608
2.000000 2 0 0.001754 0.000000 0.220533 0.001721 0.000000 0.155861
2.200000 2 1 0.001691 0.000000 0.228289 0.001675 0.000000 0.163654
2.400000 2 2 0.001747 0.000000 0.217717 0.001725 0.000000 0.181735
2.600000 2 3 0.001696 0.000000 0.230165 0.001688 0.000000 0.239186
2.800000 2 4 0.001680 0.000000 0.227275 0.001664 0.000000 0.249506
3.000000 3 0 0.001634 0.000000 0.224967 0.001611 0.000000 0.154167
3.200000 3 1 0.001657 0.000000 0.233898 0.001623 0.000000 0.249218
3.400000 3 2 0.001617 0.000000 0.230028 0.001580 0.000000 0.151219
3.600000 3 3 0.001687 0.000000 0.222584 0.001657 0.000000 0.230575
3.800000 3 4 0.001603 0.000000 0.214606 0.001555 0.000000 0.146994
4.000000 4 0 0.001641 0.000000 0.209985 0.001634 0.000000 0.258313
4.200000 4 1 0.001700 0.000000 0.213787 0.001709 0.000000 0.239986
4.400000 4 2 0.001678 0.000000 0.222126 0.001632 0.000000 0.169269
4.600000 4 3 0.001650 0.000000 0.227121 0.001608 0.000000 0.179749
4.800000 4 4 0.001675 0.000000 0.209108 0.001647 0.000000 0.246715
5.000000 5 0 0.001644 0.000000 0.220650 0.001629 0.000000 0.195531
5.200000 5 1 0.001683 0.000000 0.229097 0.001676 0.000000 0.191811
5.400000 5 2 0.001801 0.000000 0.224020 0.001766 0.000000 0.208958
5.600000 5 3 0.001812 0.000000 0.219436 0.001784 0.000000 0.196639
5.800000 5 4 0.001797 0.000000 0.223972 0.001766 0.000000 0.206786
6.000000 6 0 0.001723 0.000000 0.217734 0.001687 0.000000 0.203962
6.200000 6 1 0.001806 0.000000 0.216805 0.001812 0.000000 0.156646
6.400000 6 2 0.001608 0.000000 0.213626 0.001576 0.000000 0.138831
6.600000 6 3 0.001651 0.000000 0.230433 0.001625 0.000000 0.207635
6.800000 6 4 0.001697 0.000000 0.217815 0.001673 0.000000 0.191092
7.000000 7 0 0.001824 0.000000 0.212145 0.001811 0.000000 0.216290
7.200000 7 1 0.001642 0.000000 0.211962 0.001589 0.000000 0.210890
7.400000 7 2 0.001756 0.000000 0.217456 0.001717 0.000000 0.150743
7.600000 7 3 0.001711 0.000000 0.221239 0.001713 0.000000 0.175884
7.800000 7 4 0.001701 0.000000 0.224422 0.001670 0.000000 0.212592
8.000000 8 0 0.001611 0.000000 0.214729 0.001576 0.000000 0.173613
8.200000 8 1 0.001648 0.000000 0.217917 0.001644 0.000000 0.144101
8.400000 8 2 0.001639 0.000000 0.218323 0.001628 0.000000 0.218323
8.600000 8 3 0.001622 0.000000 0.222298 0.001604 0.000000 0.218893
8.800000 8 4 0.001675 0.000000 0.222780 0.001710 0.000000 0.230661
9.000000 9 0 0.001724 0.000000 0.215904 0.001721 0.000000 0.194784
9.200000 9 1 0.001676 0.000000 0.214917 0.001698 0.000000 0.248583
9.400000 9 2 0.001642 0.000000 0.216743 0.001647 0.000000 0.186347
9.600000 9 3 0.001651 0.000000 0.212891 0.001627 0.000000 0.182918
9.800000 9 4 0.001623 0.000000 0.221634 0.001580 0.000000 0.218067
