0 -0.188882 4 0.000200
1 -0.185012 0 0.000000
2 -0.181141 6 0.000300
3 -0.177271 1 0.000050
4 -0.173400 7 0.000350
5 -0.169530 8 0.000400
6 -0.165659 1 0.000050
7 -0.161789 2 0.000100
8 -0.157918 0 0.000000
9 -0.154048 0 0.000000
10 -0.150177 3 0.000150
11 -0.146307 0 0.000000
12 -0.142437 1 0.000050
13 -0.138566 1 0.000050
14 -0.134696 1 0.000050
15 -0.130825 0 0.000000
16 -0.126955 1 0.000050
17 -0.123084 1 0.000050
18 -0.119214 0 0.000000
19 -0.115343 1 0.000050
20 -0.111473 0 0.000000
21 -0.107602 0 0.000000
22 -0.103732 0 0.000000
23 -0.099861 0 0.000000
24 -0.095991 5 0.000250
25 -0.092120 1 0.000050
26 -0.088250 4 0.000200
27 -0.084379 3 0.000150
28 -0.080509 13 0.000650
29 -0.076639 10 0.000500
30 -0.072768 6 0.000300
31 -0.068898 9 0.000450
32 -0.065027 13 0.000650
33 -0.061157 16 0.000800
34 -0.057286 34 0.001700
35 -0.053416 39 0.001950
36 -0.049545 53 0.002650
37 -0.045675 81 0.004050
38 -0.041804 110 0.005500
39 -0.037934 173 0.008650
40 -0.034063 324 0.016200
41 -0.030193 420 0.021000
42 -0.026322 635 0.031750
43 -0.022452 1110 0.055500
44 -0.018581 1825 0.091250
45 -0.014711 2559 0.127950
46 -0.010840 3369 0.168450
47 -0.006970 3415 0.170750
48 -0.003100 2367 0.118350
49 0.000771 1377 0.068850
50 0.004641 744 0.037200
51 0.008512 395 0.019750
52 0.012382 191 0.009550
53 0.016253 171 0.008550
54 0.020123 113 0.005650
55 0.023994 65 0.003250
56 0.027864 65 0.003250
57 0.031735 41 0.002050
58 0.035605 22 0.001100
59 0.039476 29 0.001450
60 0.043346 26 0.001300
61 0.047217 13 0.000650
62 0.051087 11 0.000550
63 0.054958 20 0.001000
64 0.058828 18 0.000900
65 0.062698 6 0.000300
66 0.066569 9 0.000450
67 0.070439 7 0.000350
68 0.074310 6 0.000300
69 0.078180 2 0.000100
70 0.082051 5 0.000250
71 0.085921 6 0.000300
72 0.089792 7 0.000350
73 0.093662 4 0.000200
74 0.097533 5 0.000250
75 0.101403 2 0.000100
76 0.105274 1 0.000050
77 0.109144 0 0.000000
78 0.113015 0 0.000000
79 0.116885 1 0.000050
80 0.120756 0 0.000000
81 0.124626 0 0.000000
82 0.128496 0 0.000000
83 0.132367 0 0.000000
84 0.136237 0 0.000000
85 0.140108 2 0.000100
86 0.143978 1 0.000050
87 0.147849 0 0.000000
88 0.151719 0 0.000000
89 0.155590 0 0.000000
90 0.159460 0 0.000000
91 0.163331 0 0.000000
92 0.167201 0 0.000000
93 0.171072 0 0.000000
94 0.174942 2 0.000100
95 0.178813 0 0.000000
96 0.182683 0 0.000000
97 0.186554 0 0.000000
98 0.190424 0 0.000000
99 0.194294 1 0.000050
