0 -0.384613 3 0.000050
1 -0.377460 1 0.000017
2 -0.370307 0 0.000000
3 -0.363155 0 0.000000
4 -0.356002 0 0.000000
5 -0.348849 0 0.000000
6 -0.341696 0 0.000000
7 -0.334543 0 0.000000
8 -0.327391 0 0.000000
9 -0.320238 0 0.000000
10 -0.313085 2 0.000033
11 -0.305932 2 0.000033
12 -0.298779 3 0.000050
13 -0.291626 5 0.000083
14 -0.284474 1 0.000017
15 -0.277321 3 0.000050
16 -0.270168 5 0.000083
17 -0.263015 2 0.000033
18 -0.255862 1 0.000017
19 -0.248710 1 0.000017
20 -0.241557 1 0.000017
21 -0.234404 0 0.000000
22 -0.227251 0 0.000000
23 -0.220098 3 0.000050
24 -0.212946 9 0.000150
25 -0.205793 12 0.000200
26 -0.198640 17 0.000283
27 -0.191487 30 0.000500
28 -0.184334 46 0.000767
29 -0.177181 75 0.001250
30 -0.170029 61 0.001017
31 -0.162876 52 0.000867
32 -0.155723 118 0.001967
33 -0.148570 129 0.002150
34 -0.141417 218 0.003633
35 -0.134265 228 0.003800
36 -0.127112 183 0.003050
37 -0.119959 158 0.002633
38 -0.112806 163 0.002717
39 -0.105653 255 0.004250
40 -0.098501 278 0.004633
41 -0.091348 531 0.008850
42 -0.084195 722 0.012033
43 -0.077042 572 0.009533
44 -0.069889 397 0.006617
45 -0.062737 431 0.007183
46 -0.055584 534 0.008900
47 -0.048431 731 0.012183
48 -0.041278 1092 0.018200
49 -0.034125 1725 0.028750
50 -0.026972 3191 0.053183
51 -0.019820 7065 0.117750
52 -0.012667 14074 0.234567
53 -0.005514 12343 0.205717
54 0.001639 4658 0.077633
55 0.008792 1957 0.032617
56 0.015944 1467 0.024450
57 0.023097 1073 0.017883
58 0.030250 578 0.009633
59 0.037403 506 0.008433
60 0.044556 469 0.007817
61 0.051708 492 0.008200
62 0.058861 555 0.009250
63 0.066014 441 0.007350
64 0.073167 341 0.005683
65 0.080320 206 0.003433
66 0.087473 193 0.003217
67 0.094625 181 0.003017
68 0.101778 169 0.002817
69 0.108931 269 0.004483
70 0.116084 295 0.004917
71 0.123237 153 0.002550
72 0.130389 82 0.001367
73 0.137542 47 0.000783
74 0.144695 78 0.001300
75 0.151848 57 0.000950
76 0.159001 69 0.001150
77 0.166153 67 0.001117
78 0.173306 35 0.000583
79 0.180459 19 0.000317
80 0.187612 18 0.000300
81 0.194765 13 0.000217
82 0.201918 10 0.000167
83 0.209070 7 0.000117
84 0.216223 3 0.000050
85 0.223376 1 0.000017
86 0.230529 0 0.000000
87 0.237682 2 0.000033
88 0.244834 0 0.000000
89 0.251987 0 0.000000
90 0.259140 2 0.000033
91 0.266293 1 0.000017
92 0.273446 1 0.000017
93 0.280598 0 0.000000
94 0.287751 4 0.000067
95 0.294904 2 0.000033
96 0.302057 4 0.000067
97 0.309210 1 0.000017
98 0.316363 0 0.000000
99 0.323515 1 0.000017
