0 0.000000 48931 0.815517
1 0.001494 2679 0.044650
2 0.002988 1651 0.027517
3 0.004483 1332 0.022200
4 0.005977 1183 0.019717
5 0.007471 700 0.011667
6 0.008965 483 0.008050
7 0.010459 375 0.006250
8 0.011954 395 0.006583
9 0.013448 407 0.006783
10 0.014942 318 0.005300
11 0.016436 256 0.004267
12 0.017931 229 0.003817
13 0.019425 131 0.002183
14 0.020919 158 0.002633
15 0.022413 134 0.002233
16 0.023907 79 0.001317
17 0.025402 58 0.000967
18 0.026896 96 0.001600
19 0.028390 84 0.001400
20 0.029884 70 0.001167
21 0.031378 49 0.000817
22 0.032873 29 0.000483
23 0.034367 30 0.000500
24 0.035861 17 0.000283
25 0.037355 19 0.000317
26 0.038850 17 0.000283
27 0.040344 12 0.000200
28 0.041838 8 0.000133
29 0.043332 10 0.000167
30 0.044826 6 0.000100
31 0.046321 4 0.000067
32 0.047815 1 0.000017
33 0.049309 0 0.000000
34 0.050803 0 0.000000
35 0.052297 1 0.000017
36 0.053792 0 0.000000
37 0.055286 0 0.000000
38 0.056780 2 0.000033
39 0.058274 1 0.000017
40 0.059769 1 0.000017
41 0.061263 0 0.000000
42 0.062757 1 0.000017
43 0.064251 1 0.000017
44 0.065745 0 0.000000
45 0.067240 0 0.000000
46 0.068734 4 0.000067
47 0.070228 3 0.000050
48 0.071722 2 0.000033
49 0.073216 0 0.000000
50 0.074711 2 0.000033
51 0.076205 3 0.000050
52 0.077699 0 0.000000
53 0.079193 0 0.000000
54 0.080688 2 0.000033
55 0.082182 3 0.000050
56 0.083676 1 0.000017
57 0.085170 4 0.000067
58 0.086664 1 0.000017
59 0.088159 2 0.000033
60 0.089653 2 0.000033
61 0.091147 2 0.000033
62 0.092641 2 0.000033
63 0.094135 2 0.000033
64 0.095630 2 0.000033
65 0.097124 0 0.000000
66 0.098618 0 0.000000
67 0.100112 0 0.000000
68 0.101607 0 0.000000
69 0.103101 0 0.000000
70 0.104595 1 0.000017
71 0.106089 0 0.000000
72 0.107583 0 0.000000
73 0.109078 0 0.000000
74 0.110572 0 0.000000
75 0.112066 0 0.000000
76 0.113560 0 0.000000
77 0.115054 0 0.000000
78 0.116549 0 0.000000
79 0.118043 0 0.000000
80 0.119537 0 0.000000
81 0.121031 0 0.000000
82 0.122526 0 0.000000
83 0.124020 0 0.000000
84 0.125514 0 0.000000
85 0.127008 0 0.000000
86 0.128502 0 0.000000
87 0.129997 0 0.000000
88 0.131491 0 0.000000
89 0.132985 0 0.000000
90 0.134479 0 0.000000
91 0.135973 0 0.000000
92 0.137468 0 0.000000
93 0.138962 0 0.000000
94 0.140456 0 0.000000
95 0.141950 1 0.000017
96 0.143445 1 0.000017
97 0.144939 1 0.000017
98 0.146433 0 0.000000
99 0.147927 1 0.000017
