0 -0.168573 1 0.000050
1 -0.165606 0 0.000000
2 -0.162638 0 0.000000
3 -0.159670 0 0.000000
4 -0.156703 1 0.000050
5 -0.153735 0 0.000000
6 -0.150767 0 0.000000
7 -0.147800 0 0.000000
8 -0.144832 0 0.000000
9 -0.141865 0 0.000000
10 -0.138897 0 0.000000
11 -0.135929 1 0.000050
12 -0.132962 2 0.000100
13 -0.129994 1 0.000050
14 -0.127026 0 0.000000
15 -0.124059 1 0.000050
16 -0.121091 2 0.000100
17 -0.118124 0 0.000000
18 -0.115156 1 0.000050
19 -0.112188 0 0.000000
20 -0.109221 2 0.000100
21 -0.106253 6 0.000300
22 -0.103285 4 0.000200
23 -0.100318 7 0.000350
24 -0.097350 5 0.000250
25 -0.094382 5 0.000250
26 -0.091415 8 0.000400
27 -0.088447 9 0.000450
28 -0.085480 3 0.000150
29 -0.082512 16 0.000800
30 -0.079544 15 0.000750
31 -0.076577 7 0.000350
32 -0.073609 11 0.000550
33 -0.070641 12 0.000600
34 -0.067674 26 0.001300
35 -0.064706 28 0.001400
36 -0.061739 25 0.001250
37 -0.058771 22 0.001100
38 -0.055803 28 0.001400
39 -0.052836 27 0.001350
40 -0.049868 45 0.002250
41 -0.046900 65 0.003250
42 -0.043933 45 0.002250
43 -0.040965 77 0.003850
44 -0.037998 81 0.004050
45 -0.035030 122 0.006100
46 -0.032062 189 0.009450
47 -0.029095 232 0.011600
48 -0.026127 404 0.020200
49 -0.023159 604 0.030200
50 -0.020192 859 0.042950
51 -0.017224 1273 0.063650
52 -0.014256 1926 0.096300
53 -0.011289 2399 0.119950
54 -0.008321 2820 0.141000
55 -0.005354 2756 0.137800
56 -0.002386 1987 0.099350
57 0.000582 1247 0.062350
58 0.003549 782 0.039100
59 0.006517 432 0.021600
60 0.009485 290 0.014500
61 0.012452 199 0.009950
62 0.015420 161 0.008050
63 0.018387 123 0.006150
64 0.021355 84 0.004200
65 0.024323 85 0.004250
66 0.027290 69 0.003450
67 0.030258 46 0.002300
68 0.033226 37 0.001850
69 0.036193 28 0.001400
70 0.039161 21 0.001050
71 0.042128 36 0.001800
72 0.045096 30 0.001500
73 0.048064 16 0.000800
74 0.051031 20 0.001000
75 0.053999 12 0.000600
76 0.056967 8 0.000400
77 0.059934 6 0.000300
78 0.062902 10 0.000500
79 0.065869 11 0.000550
80 0.068837 8 0.000400
81 0.071805 18 0.000900
82 0.074772 10 0.000500
83 0.077740 10 0.000500
84 0.080708 11 0.000550
85 0.083675 2 0.000100
86 0.086643 3 0.000150
87 0.089611 3 0.000150
88 0.092578 2 0.000100
89 0.095546 1 0.000050
90 0.098513 0 0.000000
91 0.101481 2 0.000100
92 0.104449 2 0.000100
93 0.107416 1 0.000050
94 0.110384 2 0.000100
95 0.113352 5 0.000250
96 0.116319 2 0.000100
97 0.119287 2 0.000100
98 0.122254 2 0.000100
99 0.125222 1 0.000050
