0 0.009172 4 0.000200
1 0.019172 11 0.000550
2 0.029172 9 0.000450
3 0.039172 3 0.000150
4 0.049171 3 0.000150
5 0.059171 3 0.000150
6 0.069171 1 0.000050
7 0.079171 4 0.000200
8 0.089170 2 0.000100
9 0.099170 2 0.000100
10 0.109170 6 0.000300
11 0.119170 1 0.000050
12 0.129169 1 0.000050
13 0.139169 3 0.000150
14 0.149169 2 0.000100
15 0.159168 3 0.000150
16 0.169168 0 0.000000
17 0.179168 1 0.000050
18 0.189168 3 0.000150
19 0.199167 15 0.000750
20 0.209167 7 0.000350
21 0.219167 8 0.000400
22 0.229167 9 0.000450
23 0.239166 6 0.000300
24 0.249166 35 0.001750
25 0.259166 35 0.001750
26 0.269166 28 0.001400
27 0.279165 45 0.002250
28 0.289165 33 0.001650
29 0.299165 26 0.001300
30 0.309165 91 0.004550
31 0.319164 70 0.003500
32 0.329164 199 0.009950
33 0.339164 108 0.005400
34 0.349164 48 0.002400
35 0.359163 17 0.000850
36 0.369163 19 0.000950
37 0.379163 19 0.000950
38 0.389163 12 0.000600
39 0.399162 25 0.001250
40 0.409162 30 0.001500
41 0.419162 30 0.001500
42 0.429161 20 0.001000
43 0.439161 25 0.001250
44 0.449161 49 0.002450
45 0.459161 56 0.002800
46 0.469160 76 0.003800
47 0.479160 75 0.003750
48 0.489160 110 0.005500
49 0.499160 110 0.005500
50 0.509159 127 0.006350
51 0.519159 171 0.008550
52 0.529159 194 0.009700
53 0.539159 250 0.012500
54 0.549158 382 0.019100
55 0.559158 537 0.026850
56 0.569158 811 0.040550
57 0.579158 2102 0.105100
58 0.589157 2899 0.144950
59 0.599157 1873 0.093650
60 0.609157 917 0.045850
61 0.619157 767 0.038350
62 0.629156 447 0.022350
63 0.639156 348 0.017400
64 0.649156 328 0.016400
65 0.659156 236 0.011800
66 0.669155 198 0.009900
67 0.679155 199 0.009950
68 0.689155 174 0.008700
69 0.699154 162 0.008100
70 0.709154 158 0.007900
71 0.719154 157 0.007850
72 0.729154 144 0.007200
73 0.739153 165 0.008250
74 0.749153 159 0.007950
75 0.759153 164 0.008200
76 0.769153 171 0.008550
77 0.779152 151 0.007550
78 0.789152 154 0.007700
79 0.799152 144 0.007200
80 0.809152 152 0.007600
81 0.819151 218 0.010900
82 0.829151 237 0.011850
83 0.839151 241 0.012050
84 0.849151 277 0.013850
85 0.859150 435 0.021750
86 0.869150 400 0.020000
87 0.879150 394 0.019700
88 0.889150 225 0.011250
89 0.899149 201 0.010050
90 0.909149 249 0.012450
91 0.919149 252 0.012600
92 0.929149 211 0.010550
93 0.939148 148 0.007400
94 0.949148 70 0.003500
95 0.959148 33 0.001650
96 0.969148 44 0.002200
97 0.979147 18 0.000900
98 0.989147 7 0.000350
99 0.999147 1 0.000050
