0 0.009172 7 0.000117
1 0.019172 11 0.000183
2 0.029172 14 0.000233
3 0.039172 5 0.000083
4 0.049171 22 0.000367
5 0.059171 17 0.000283
6 0.069171 8 0.000133
7 0.079171 9 0.000150
8 0.089170 9 0.000150
9 0.099170 9 0.000150
10 0.109170 15 0.000250
11 0.119170 10 0.000167
12 0.129169 13 0.000217
13 0.139169 10 0.000167
14 0.149169 21 0.000350
15 0.159168 20 0.000333
16 0.169168 16 0.000267
17 0.179168 20 0.000333
18 0.189168 18 0.000300
19 0.199167 32 0.000533
20 0.209167 43 0.000717
21 0.219167 48 0.000800
22 0.229167 34 0.000567
23 0.239166 38 0.000633
24 0.249166 66 0.001100
25 0.259166 61 0.001017
26 0.269166 78 0.001300
27 0.279165 94 0.001567
28 0.289165 96 0.001600
29 0.299165 113 0.001883
30 0.309165 190 0.003167
31 0.319164 215 0.003583
32 0.329164 371 0.006183
33 0.339164 247 0.004117
34 0.349164 239 0.003983
35 0.359163 337 0.005617
36 0.369163 498 0.008300
37 0.379163 410 0.006833
38 0.389163 381 0.006350
39 0.399162 453 0.007550
40 0.409162 693 0.011550
41 0.419162 1148 0.019133
42 0.429161 1232 0.020533
43 0.439161 813 0.013550
44 0.449161 1071 0.017850
45 0.459161 1519 0.025317
46 0.469160 2054 0.034233
47 0.479160 2362 0.039367
48 0.489160 3922 0.065367
49 0.499160 7452 0.124200
50 0.509159 2650 0.044167
51 0.519159 2237 0.037283
52 0.529159 2108 0.035133
53 0.539159 1293 0.021550
54 0.549158 1348 0.022467
55 0.559158 1522 0.025367
56 0.569158 1919 0.031983
57 0.579158 2769 0.046150
58 0.589157 3347 0.055783
59 0.599157 2285 0.038083
60 0.609157 1306 0.021767
61 0.619157 1308 0.021800
62 0.629156 821 0.013683
63 0.639156 524 0.008733
64 0.649156 502 0.008367
65 0.659156 413 0.006883
66 0.669155 403 0.006717
67 0.679155 322 0.005367
68 0.689155 245 0.004083
69 0.699154 238 0.003967
70 0.709154 206 0.003433
71 0.719154 194 0.003233
72 0.729154 182 0.003033
73 0.739153 196 0.003267
74 0.749153 185 0.003083
75 0.759153 191 0.003183
76 0.769153 205 0.003417
77 0.779152 180 0.003000
78 0.789152 178 0.002967
79 0.799152 161 0.002683
80 0.809152 171 0.002850
81 0.819151 231 0.003850
82 0.829151 247 0.004117
83 0.839151 261 0.004350
84 0.849151 295 0.004917
85 0.859150 441 0.007350
86 0.869150 409 0.006817
87 0.879150 404 0.006733
88 0.889150 233 0.003883
89 0.899149 210 0.003500
90 0.909149 263 0.004383
91 0.919149 270 0.004500
92 0.929149 223 0.003717
93 0.939148 157 0.002617
94 0.949148 73 0.001217
95 0.959148 37 0.000617
96 0.969148 47 0.000783
97 0.979147 18 0.000300
98 0.989147 7 0.000117
99 0.999147 1 0.000017
