0 0.444702 1 0.000050
1 0.445962 0 0.000000
2 0.447221 0 0.000000
3 0.448481 0 0.000000
4 0.449740 0 0.000000
5 0.451000 0 0.000000
6 0.452259 0 0.000000
7 0.453519 0 0.000000
8 0.454778 0 0.000000
9 0.456038 0 0.000000
10 0.457297 1 0.000050
11 0.458557 0 0.000000
12 0.459816 1 0.000050
13 0.461076 1 0.000050
14 0.462336 2 0.000100
15 0.463595 1 0.000050
16 0.464855 1 0.000050
17 0.466114 1 0.000050
18 0.467374 2 0.000100
19 0.468633 6 0.000300
20 0.469893 0 0.000000
21 0.471152 2 0.000100
22 0.472412 4 0.000200
23 0.473671 10 0.000500
24 0.474931 5 0.000250
25 0.476191 10 0.000500
26 0.477450 9 0.000450
27 0.478710 5 0.000250
28 0.479969 8 0.000400
29 0.481229 13 0.000650
30 0.482488 28 0.001400
31 0.483748 14 0.000700
32 0.485007 29 0.001450
33 0.486267 25 0.001250
34 0.487526 23 0.001150
35 0.488786 49 0.002450
36 0.490045 92 0.004600
37 0.491305 93 0.004650
38 0.492565 149 0.007450
39 0.493824 231 0.011550
40 0.495084 256 0.012800
41 0.496343 342 0.017100
42 0.497603 319 0.015950
43 0.498862 412 0.020600
44 0.500122 615 0.030750
45 0.501381 672 0.033600
46 0.502641 906 0.045300
47 0.503900 1062 0.053100
48 0.505160 1293 0.064650
49 0.506420 1740 0.087000
50 0.507679 1816 0.090800
51 0.508939 2058 0.102900
52 0.510198 1484 0.074200
53 0.511458 1493 0.074650
54 0.512717 1149 0.057450
55 0.513977 875 0.043750
56 0.515236 734 0.036700
57 0.516496 544 0.027200
58 0.517755 344 0.017200
59 0.519015 252 0.012600
60 0.520275 147 0.007350
61 0.521534 135 0.006750
62 0.522794 86 0.004300
63 0.524053 54 0.002700
64 0.525313 47 0.002350
65 0.526572 36 0.001800
66 0.527832 48 0.002400
67 0.529091 36 0.001800
68 0.530351 42 0.002100
69 0.531610 24 0.001200
70 0.532870 29 0.001450
71 0.534129 16 0.000800
72 0.535389 4 0.000200
73 0.536649 5 0.000250
74 0.537908 11 0.000550
75 0.539168 16 0.000800
76 0.540427 15 0.000750
77 0.541687 6 0.000300
78 0.542946 4 0.000200
79 0.544206 10 0.000500
80 0.545465 4 0.000200
81 0.546725 0 0.000000
82 0.547984 0 0.000000
83 0.549244 2 0.000100
84 0.550503 2 0.000100
85 0.551763 4 0.000200
86 0.553023 0 0.000000
87 0.554282 3 0.000150
88 0.555542 0 0.000000
89 0.556801 0 0.000000
90 0.558061 7 0.000350
91 0.559320 7 0.000350
92 0.560580 7 0.000350
93 0.561839 0 0.000000
94 0.563099 2 0.000100
95 0.564358 2 0.000100
96 0.565618 1 0.000050
97 0.566878 1 0.000050
98 0.568137 4 0.000200
99 0.569397 1 0.000050
