0 0.072071 4 0.000067
1 0.081418 8 0.000133
2 0.090766 5 0.000083
3 0.100113 0 0.000000
4 0.109461 1 0.000017
5 0.118808 5 0.000083
6 0.128155 10 0.000167
7 0.137503 17 0.000283
8 0.146850 22 0.000367
9 0.156197 22 0.000367
10 0.165545 12 0.000200
11 0.174892 31 0.000517
12 0.184239 26 0.000433
13 0.193587 41 0.000683
14 0.202934 53 0.000883
15 0.212281 51 0.000850
16 0.221629 42 0.000700
17 0.230976 60 0.001000
18 0.240323 65 0.001083
19 0.249671 68 0.001133
20 0.259018 45 0.000750
21 0.268365 56 0.000933
22 0.277713 57 0.000950
23 0.287060 106 0.001767
24 0.296408 84 0.001400
25 0.305755 116 0.001933
26 0.315102 144 0.002400
27 0.324450 275 0.004583
28 0.333797 179 0.002983
29 0.343144 107 0.001783
30 0.352492 122 0.002033
31 0.361839 136 0.002267
32 0.371186 146 0.002433
33 0.380534 141 0.002350
34 0.389881 180 0.003000
35 0.399228 140 0.002333
36 0.408576 181 0.003017
37 0.417923 274 0.004567
38 0.427270 291 0.004850
39 0.436618 356 0.005933
40 0.445965 341 0.005683
41 0.455312 575 0.009583
42 0.464660 731 0.012183
43 0.474007 992 0.016533
44 0.483355 1803 0.030050
45 0.492702 4965 0.082750
46 0.502049 13261 0.221017
47 0.511397 7735 0.128917
48 0.520744 2047 0.034117
49 0.530091 1228 0.020467
50 0.539439 895 0.014917
51 0.548786 841 0.014017
52 0.558133 931 0.015517
53 0.567481 783 0.013050
54 0.576828 1234 0.020567
55 0.586175 2019 0.033650
56 0.595523 2825 0.047083
57 0.604870 2245 0.037417
58 0.614217 1101 0.018350
59 0.623565 801 0.013350
60 0.632912 660 0.011000
61 0.642259 466 0.007767
62 0.651607 395 0.006583
63 0.660954 328 0.005467
64 0.670301 295 0.004917
65 0.679649 260 0.004333
66 0.688996 236 0.003933
67 0.698344 206 0.003433
68 0.707691 219 0.003650
69 0.717038 184 0.003067
70 0.726386 194 0.003233
71 0.735733 171 0.002850
72 0.745080 179 0.002983
73 0.754428 180 0.003000
74 0.763775 191 0.003183
75 0.773122 176 0.002933
76 0.782470 174 0.002900
77 0.791817 147 0.002450
78 0.801164 177 0.002950
79 0.810512 190 0.003167
80 0.819859 164 0.002733
81 0.829206 253 0.004217
82 0.838554 243 0.004050
83 0.847901 216 0.003600
84 0.857248 272 0.004533
85 0.866596 293 0.004883
86 0.875943 369 0.006150
87 0.885291 352 0.005867
88 0.894638 341 0.005683
89 0.903985 227 0.003783
90 0.913333 213 0.003550
91 0.922680 214 0.003567
92 0.932027 286 0.004767
93 0.941375 153 0.002550
94 0.950722 156 0.002600
95 0.960069 100 0.001667
96 0.969417 48 0.000800
97 0.978764 29 0.000483
98 0.988111 11 0.000183
99 0.997459 0 0.000000
