0 0.122462 3 0.000150
1 0.129434 1 0.000050
2 0.136407 0 0.000000
3 0.143380 0 0.000000
4 0.150352 0 0.000000
5 0.157325 0 0.000000
6 0.164298 0 0.000000
7 0.171270 0 0.000000
8 0.178243 0 0.000000
9 0.185215 0 0.000000
10 0.192188 2 0.000100
11 0.199161 1 0.000050
12 0.206133 4 0.000200
13 0.213106 4 0.000200
14 0.220079 6 0.000300
15 0.227051 4 0.000200
16 0.234024 0 0.000000
17 0.240996 3 0.000150
18 0.247969 0 0.000000
19 0.254942 1 0.000050
20 0.261914 1 0.000050
21 0.268887 0 0.000000
22 0.275860 0 0.000000
23 0.282832 0 0.000000
24 0.289805 1 0.000050
25 0.296778 6 0.000300
26 0.303750 27 0.001350
27 0.310723 22 0.001100
28 0.317695 29 0.001450
29 0.324668 53 0.002650
30 0.331641 63 0.003150
31 0.338613 34 0.001700
32 0.345586 46 0.002300
33 0.352559 94 0.004700
34 0.359531 143 0.007150
35 0.366504 160 0.008000
36 0.373477 300 0.015000
37 0.380449 157 0.007850
38 0.387422 164 0.008200
39 0.394394 129 0.006450
40 0.401367 190 0.009500
41 0.408340 284 0.014200
42 0.415312 325 0.016250
43 0.422285 670 0.033500
44 0.429258 694 0.034700
45 0.436230 360 0.018000
46 0.443203 282 0.014100
47 0.450175 349 0.017450
48 0.457148 434 0.021700
49 0.464121 589 0.029450
50 0.471093 699 0.034950
51 0.478066 459 0.022950
52 0.485039 511 0.025550
53 0.492011 565 0.028250
54 0.498984 3866 0.193300
55 0.505957 684 0.034200
56 0.512929 584 0.029200
57 0.519902 611 0.030550
58 0.526874 1008 0.050400
59 0.533847 658 0.032900
60 0.540820 370 0.018500
61 0.547792 394 0.019700
62 0.554765 405 0.020250
63 0.561738 395 0.019750
64 0.568710 635 0.031750
65 0.575683 336 0.016800
66 0.582655 266 0.013300
67 0.589628 192 0.009600
68 0.596601 169 0.008450
69 0.603573 175 0.008750
70 0.610546 170 0.008500
71 0.617519 159 0.007950
72 0.624491 395 0.019750
73 0.631464 138 0.006900
74 0.638437 78 0.003900
75 0.645409 43 0.002150
76 0.652382 67 0.003350
77 0.659354 65 0.003250
78 0.666327 66 0.003300
79 0.673300 83 0.004150
80 0.680272 36 0.001800
81 0.687245 13 0.000650
82 0.694218 20 0.001000
83 0.701190 15 0.000750
84 0.708163 12 0.000600
85 0.715136 4 0.000200
86 0.722108 1 0.000050
87 0.729081 0 0.000000
88 0.736053 1 0.000050
89 0.743026 1 0.000050
90 0.749999 0 0.000000
91 0.756971 0 0.000000
92 0.763944 1 0.000050
93 0.770917 2 0.000100
94 0.777889 0 0.000000
95 0.784862 2 0.000100
96 0.791834 3 0.000150
97 0.798807 6 0.000300
98 0.805780 1 0.000050
99 0.812752 1 0.000050
