0 0.011944 3 0.000150
1 0.021646 0 0.000000
2 0.031348 5 0.000250
3 0.041050 5 0.000250
4 0.050752 19 0.000950
5 0.060454 12 0.000600
6 0.070156 6 0.000300
7 0.079858 6 0.000300
8 0.089560 6 0.000300
9 0.099262 7 0.000350
10 0.108964 7 0.000350
11 0.118666 7 0.000350
12 0.128368 11 0.000550
13 0.138070 8 0.000400
14 0.147772 13 0.000650
15 0.157474 22 0.001100
16 0.167176 10 0.000500
17 0.176879 20 0.001000
18 0.186581 17 0.000850
19 0.196283 6 0.000300
20 0.205985 33 0.001650
21 0.215687 28 0.001400
22 0.225389 24 0.001200
23 0.235091 31 0.001550
24 0.244793 19 0.000950
25 0.254495 34 0.001700
26 0.264197 29 0.001450
27 0.273899 49 0.002450
28 0.283601 56 0.002800
29 0.293303 65 0.003250
30 0.303005 62 0.003100
31 0.312707 65 0.003250
32 0.322409 92 0.004600
33 0.332111 61 0.003050
34 0.341813 96 0.004800
35 0.351515 83 0.004150
36 0.361217 124 0.006200
37 0.370919 97 0.004850
38 0.380621 154 0.007700
39 0.390323 165 0.008250
40 0.400025 174 0.008700
41 0.409728 214 0.010700
42 0.419430 294 0.014700
43 0.429132 316 0.015800
44 0.438834 365 0.018250
45 0.448536 481 0.024050
46 0.458238 720 0.036000
47 0.467940 914 0.045700
48 0.477642 1437 0.071850
49 0.487344 2674 0.133700
50 0.497046 3188 0.159400
51 0.506748 1935 0.096750
52 0.516450 1158 0.057900
53 0.526152 760 0.038000
54 0.535854 529 0.026450
55 0.545556 417 0.020850
56 0.555258 376 0.018800
57 0.564960 338 0.016900
58 0.574662 311 0.015550
59 0.584364 200 0.010000
60 0.594066 161 0.008050
61 0.603768 150 0.007500
62 0.613470 157 0.007850
63 0.623172 121 0.006050
64 0.632874 99 0.004950
65 0.642577 82 0.004100
66 0.652279 91 0.004550
67 0.661981 84 0.004200
68 0.671683 73 0.003650
69 0.681385 68 0.003400
70 0.691087 47 0.002350
71 0.700789 49 0.002450
72 0.710491 33 0.001650
73 0.720193 36 0.001800
74 0.729895 37 0.001850
75 0.739597 28 0.001400
76 0.749299 26 0.001300
77 0.759001 25 0.001250
78 0.768703 32 0.001600
79 0.778405 26 0.001300
80 0.788107 20 0.001000
81 0.797809 12 0.000600
82 0.807511 14 0.000700
83 0.817213 15 0.000750
84 0.826915 12 0.000600
85 0.836617 13 0.000650
86 0.846319 22 0.001100
87 0.856021 6 0.000300
88 0.865723 12 0.000600
89 0.875426 8 0.000400
90 0.885128 9 0.000450
91 0.894830 8 0.000400
92 0.904532 11 0.000550
93 0.914234 17 0.000850
94 0.923936 12 0.000600
95 0.933638 10 0.000500
96 0.943340 7 0.000350
97 0.953042 3 0.000150
98 0.962744 5 0.000250
99 0.972446 1 0.000050
