0 0.175143 15 0.000750
1 0.183450 7 0.000350
2 0.191756 23 0.001150
3 0.200062 27 0.001350
4 0.208368 17 0.000850
5 0.216674 9 0.000450
6 0.224981 11 0.000550
7 0.233287 19 0.000950
8 0.241593 29 0.001450
9 0.249899 29 0.001450
10 0.258206 15 0.000750
11 0.266512 11 0.000550
12 0.274818 10 0.000500
13 0.283124 28 0.001400
14 0.291430 63 0.003150
15 0.299737 23 0.001150
16 0.308043 45 0.002250
17 0.316349 69 0.003450
18 0.324655 164 0.008200
19 0.332961 124 0.006200
20 0.341268 20 0.001000
21 0.349574 18 0.000900
22 0.357880 30 0.001500
23 0.366186 25 0.001250
24 0.374493 18 0.000900
25 0.382799 25 0.001250
26 0.391105 10 0.000500
27 0.399411 17 0.000850
28 0.407717 18 0.000900
29 0.416024 16 0.000800
30 0.424330 15 0.000750
31 0.432636 16 0.000800
32 0.440942 19 0.000950
33 0.449248 32 0.001600
34 0.457555 32 0.001600
35 0.465861 44 0.002200
36 0.474167 46 0.002300
37 0.482473 52 0.002600
38 0.490780 81 0.004050
39 0.499086 102 0.005100
40 0.507392 66 0.003300
41 0.515698 112 0.005600
42 0.524004 122 0.006100
43 0.532311 173 0.008650
44 0.540617 139 0.006950
45 0.548923 283 0.014150
46 0.557229 357 0.017850
47 0.565535 395 0.019750
48 0.573842 539 0.026950
49 0.582148 1303 0.065150
50 0.590454 1833 0.091650
51 0.598760 2450 0.122500
52 0.607067 1624 0.081200
53 0.615373 810 0.040500
54 0.623679 561 0.028050
55 0.631985 521 0.026050
56 0.640291 345 0.017250
57 0.648598 272 0.013600
58 0.656904 273 0.013650
59 0.665210 191 0.009550
60 0.673516 195 0.009750
61 0.681822 173 0.008650
62 0.690129 165 0.008250
63 0.698435 145 0.007250
64 0.706741 153 0.007650
65 0.715047 139 0.006950
66 0.723354 132 0.006600
67 0.731660 122 0.006100
68 0.739966 116 0.005800
69 0.748272 134 0.006700
70 0.756578 145 0.007250
71 0.764885 131 0.006550
72 0.773191 120 0.006000
73 0.781497 132 0.006600
74 0.789803 103 0.005150
75 0.798110 131 0.006550
76 0.806416 143 0.007150
77 0.814722 139 0.006950
78 0.823028 136 0.006800
79 0.831334 224 0.011200
80 0.839641 197 0.009850
81 0.847947 169 0.008450
82 0.856253 226 0.011300
83 0.864559 236 0.011800
84 0.872865 324 0.016200
85 0.881172 263 0.013150
86 0.889478 363 0.018150
87 0.897784 252 0.012600
88 0.906090 188 0.009400
89 0.914397 171 0.008550
90 0.922703 186 0.009300
91 0.931009 244 0.012200
92 0.939315 163 0.008150
93 0.947621 154 0.007700
94 0.955928 99 0.004950
95 0.964234 72 0.003600
96 0.972540 43 0.002150
97 0.980846 20 0.001000
98 0.989152 8 0.000400
99 0.997459 1 0.000050
