0 0.072071 3 0.000150
1 0.080734 9 0.000450
2 0.089397 3 0.000150
3 0.098059 2 0.000100
4 0.106722 1 0.000050
5 0.115385 1 0.000050
6 0.124048 7 0.000350
7 0.132710 12 0.000600
8 0.141373 19 0.000950
9 0.150036 21 0.001050
10 0.158698 18 0.000900
11 0.167361 13 0.000650
12 0.176024 13 0.000650
13 0.184687 12 0.000600
14 0.193349 15 0.000750
15 0.202012 25 0.001250
16 0.210675 30 0.001500
17 0.219338 29 0.001450
18 0.228000 40 0.002000
19 0.236663 23 0.001150
20 0.245326 41 0.002050
21 0.253989 31 0.001550
22 0.262651 30 0.001500
23 0.271314 39 0.001950
24 0.279977 40 0.002000
25 0.288639 46 0.002300
26 0.297302 37 0.001850
27 0.305965 67 0.003350
28 0.314628 68 0.003400
29 0.323290 57 0.002850
30 0.331953 96 0.004800
31 0.340616 67 0.003350
32 0.349279 86 0.004300
33 0.357941 90 0.004500
34 0.366604 112 0.005600
35 0.375267 96 0.004800
36 0.383930 144 0.007200
37 0.392592 135 0.006750
38 0.401255 111 0.005550
39 0.409918 163 0.008150
40 0.418581 237 0.011850
41 0.427243 254 0.012700
42 0.435906 307 0.015350
43 0.444569 308 0.015400
44 0.453231 433 0.021650
45 0.461894 537 0.026850
46 0.470557 762 0.038100
47 0.479220 1008 0.050400
48 0.487882 1581 0.079050
49 0.496545 2237 0.111850
50 0.505208 2348 0.117400
51 0.513871 1771 0.088550
52 0.522533 1226 0.061300
53 0.531196 794 0.039700
54 0.539859 636 0.031800
55 0.548522 490 0.024500
56 0.557184 457 0.022850
57 0.565847 332 0.016600
58 0.574510 305 0.015250
59 0.583172 234 0.011700
60 0.591835 180 0.009000
61 0.600498 141 0.007050
62 0.609161 142 0.007100
63 0.617823 156 0.007800
64 0.626486 148 0.007400
65 0.635149 98 0.004900
66 0.643812 80 0.004000
67 0.652474 84 0.004200
68 0.661137 66 0.003300
69 0.669800 68 0.003400
70 0.678463 66 0.003300
71 0.687125 47 0.002350
72 0.695788 48 0.002400
73 0.704451 31 0.001550
74 0.713113 35 0.001750
75 0.721776 39 0.001950
76 0.730439 41 0.002050
77 0.739102 33 0.001650
78 0.747764 32 0.001600
79 0.756427 33 0.001650
80 0.765090 31 0.001550
81 0.773753 35 0.001750
82 0.782415 27 0.001350
83 0.791078 29 0.001450
84 0.799741 24 0.001200
85 0.808404 19 0.000950
86 0.817066 13 0.000650
87 0.825729 18 0.000900
88 0.834392 17 0.000850
89 0.843054 17 0.000850
90 0.851717 15 0.000750
91 0.860380 16 0.000800
92 0.869043 19 0.000950
93 0.877705 10 0.000500
94 0.886368 14 0.000700
95 0.895031 6 0.000300
96 0.903694 2 0.000100
97 0.912356 3 0.000150
98 0.921019 8 0.000400
99 0.929682 0 0.000000
