0 0 0.000000 0.157324 0.106835 0.156542 0.105864
0 1 0.114943 0.150485 0.103087 0.150148 0.102803
0 2 0.229885 0.114954 0.077119 0.113125 0.075893
0 3 0.344828 0.091129 0.060528 0.090204 0.060140
0 4 0.459770 0.080454 0.054940 0.082043 0.056026
0 5 0.574713 0.077965 0.053532 0.077340 0.053106
0 6 0.689655 0.074400 0.050614 0.074664 0.051356
0 7 0.804598 0.071809 0.050071 0.072404 0.050674
0 8 0.919540 0.070871 0.048763 0.070354 0.048286
0 9 1.034483 0.070080 0.048563 0.069319 0.047944
0 10 1.149425 0.070056 0.048065 0.070257 0.048006
0 11 1.264368 0.067762 0.047364 0.068222 0.047489
0 12 1.379310 0.071906 0.049018 0.071843 0.048712
0 13 1.494253 0.067453 0.046520 0.067176 0.046565
0 14 1.609195 0.065631 0.045496 0.067051 0.046811
0 15 1.724138 0.064545 0.044852 0.066045 0.045933
0 16 1.839080 0.067805 0.046097 0.065880 0.044748
0 17 1.954023 0.064055 0.044892 0.063934 0.044646
0 18 2.068965 0.063214 0.044781 0.064173 0.045328
0 19 2.183908 0.062771 0.044497 0.062846 0.044518
0 20 2.298851 0.064262 0.045260 0.064573 0.045285
0 21 2.413793 0.063482 0.044890 0.063338 0.044627
0 22 2.528736 0.064501 0.044356 0.064211 0.044059
0 23 2.643678 0.062280 0.043990 0.060798 0.043288
0 24 2.758621 0.062291 0.043871 0.063559 0.044547
0 25 2.873563 0.062014 0.043689 0.062495 0.044164
0 26 2.988506 0.061226 0.043236 0.062274 0.043891
0 27 3.103448 0.061544 0.043799 0.062150 0.044121
0 28 3.218391 0.061555 0.043822 0.061630 0.043607
0 29 3.333333 0.059915 0.042245 0.060438 0.042986
0 30 3.448276 0.059431 0.042652 0.061522 0.044122
0 31 3.563218 0.060560 0.042730 0.060722 0.043217
0 32 3.678161 0.061838 0.042654 0.062997 0.043467
0 33 3.793103 0.059500 0.043206 0.059438 0.042546
0 34 3.908046 0.061300 0.043220 0.059924 0.042221
0 35 4.022988 0.058537 0.041914 0.060944 0.043275
0 36 4.137931 0.063281 0.043065 0.063872 0.043059
0 37 4.252873 0.060546 0.043142 0.058453 0.041904
0 38 4.367816 0.058611 0.041992 0.059242 0.042525
0 39 4.482759 0.058355 0.041568 0.059792 0.042823
0 40 4.597701 0.059217 0.042660 0.059575 0.043159
0 41 4.712644 0.059374 0.042941 0.059952 0.042798
0 42 4.827586 0.058974 0.042153 0.059822 0.042449
0 43 4.942529 0.059392 0.042563 0.059998 0.042475
0 44 5.057471 0.058869 0.042471 0.057807 0.041796
0 45 5.172414 0.059070 0.042474 0.059578 0.043087
0 46 5.287356 0.058758 0.042289 0.059133 0.042596
0 47 5.402299 0.057932 0.041725 0.057748 0.041568
0 48 5.517241 0.059794 0.042752 0.059241 0.042533
0 49 5.632184 0.062178 0.043415 0.062015 0.043218
0 50 5.747127 0.059466 0.042925 0.058531 0.042363
0 51 5.862069 0.058132 0.041647 0.057930 0.041805
0 52 5.977012 0.057994 0.042052 0.057583 0.041652
0 53 6.091954 0.059306 0.042191 0.059456 0.041971
0 54 6.206897 0.058001 0.042140 0.058345 0.042232
0 55 6.321839 0.056962 0.041341 0.057860 0.041712
0 56 6.436781 0.058576 0.042153 0.057420 0.041776
0 57 6.551724 0.057662 0.041918 0.057802 0.041933
0 58 6.666667 0.058781 0.041977 0.059058 0.042422
0 59 6.781609 0.057339 0.041733 0.055698 0.040629
0 60 6.896552 0.058364 0.042419 0.057236 0.041221
0 61 7.011494 0.060097 0.041549 0.060169 0.041665
0 62 7.126437 0.057699 0.042212 0.056463 0.041172
0 63 7.241379 0.061566 0.042486 0.060618 0.041782
0 64 7.356322 0.057875 0.042226 0.057143 0.041331
0 65 7.471264 0.057083 0.041634 0.056920 0.041305
0 66 7.586207 0.056922 0.041325 0.057745 0.042080
0 67 7.701149 0.057941 0.042131 0.056705 0.041408
0 68 7.816092 0.058128 0.042469 0.058438 0.042152
0 69 7.931035 0.057789 0.042172 0.057182 0.042077
0 70 8.045977 0.056920 0.041049 0.056208 0.040568
0 71 8.160919 0.056799 0.041595 0.055798 0.040931
0 72 8.275862 0.057469 0.041463 0.058118 0.042246
0 73 8.390804 0.060117 0.042429 0.059026 0.041396
0 74 8.505747 0.055999 0.041199 0.056939 0.041616
0 75 8.620689 0.059615 0.041944 0.059819 0.042288
0 76 8.735632 0.056007 0.041018 0.055690 0.040797
0 77 8.850574 0.056490 0.040797 0.056664 0.040849
0 78 8.965517 0.057518 0.041604 0.057019 0.041328
0 79 9.080460 0.054589 0.039998 0.056503 0.041601
0 80 9.195402 0.056749 0.041437 0.056033 0.041307
0 81 9.310345 0.056311 0.041107 0.056818 0.041177
0 82 9.425287 0.055570 0.040987 0.056635 0.041538
0 83 9.540230 0.057713 0.042380 0.056045 0.040829
0 84 9.655172 0.057880 0.041875 0.056622 0.041417
0 85 9.770115 0.057402 0.042004 0.057458 0.042031
0 86 9.885057 0.059250 0.042663 0.057547 0.041709
1 0 10.000000 0.056083 0.040975 0.057653 0.042103
1 1 10.114943 0.056276 0.041508 0.057772 0.042250
1 2 10.229885 0.057736 0.041378 0.057966 0.041938
1 3 10.344828 0.057322 0.040993 0.057226 0.041114
1 4 10.459770 0.055685 0.041168 0.055371 0.040620
1 5 10.574713 0.056663 0.040764 0.057094 0.041096
1 6 10.689655 0.055675 0.040775 0.055880 0.040988
1 7 10.804598 0.056742 0.040754 0.056191 0.040592
1 8 10.919540 0.057091 0.041832 0.057238 0.041813
1 9 11.034483 0.057532 0.041065 0.059145 0.042206
1 10 11.149426 0.059085 0.042650 0.057243 0.041665
1 11 11.264368 0.058161 0.040193 0.059034 0.040624
1 12 11.379311 0.055737 0.041155 0.055094 0.040476
1 13 11.494253 0.056281 0.040546 0.057613 0.041645
1 14 11.609196 0.055328 0.040712 0.054656 0.040489
1 15 11.724138 0.055716 0.040956 0.055283 0.040556
1 16 11.839081 0.055139 0.041189 0.054599 0.040168
1 17 11.954023 0.056039 0.041300 0.056144 0.041171
1 18 12.068966 0.058142 0.041243 0.058661 0.042037
1 19 12.183908 0.056106 0.041628 0.056370 0.041677
1 20 12.298851 0.056107 0.040830 0.055987 0.041534
1 21 12.413794 0.057465 0.041951 0.055855 0.040635
1 22 12.528735 0.058302 0.042678 0.055569 0.041121
1 23 12.643678 0.057173 0.041416 0.055624 0.040631
1 24 12.758620 0.056747 0.041555 0.056843 0.041759
1 25 12.873563 0.056361 0.041470 0.056774 0.041402
1 26 12.988505 0.056725 0.041825 0.054567 0.040563
1 27 13.103448 0.055574 0.041475 0.053380 0.039713
1 28 13.218390 0.055961 0.041441 0.053932 0.039879
1 29 13.333333 0.056836 0.041611 0.055689 0.040944
1 30 13.448276 0.054883 0.040575 0.054369 0.040087
1 31 13.563218 0.058867 0.042665 0.057745 0.041886
1 32 13.678161 0.054393 0.040391 0.053718 0.040378
1 33 13.793103 0.055406 0.040963 0.054862 0.040528
1 34 13.908046 0.056792 0.041690 0.056239 0.041129
1 35 14.022988 0.054090 0.040000 0.054850 0.040337
1 36 14.137931 0.054501 0.040416 0.054428 0.040420
1 37 14.252873 0.055684 0.041047 0.055357 0.040893
1 38 14.367816 0.057083 0.041881 0.057537 0.041825
1 39 14.482759 0.054677 0.040593 0.055825 0.040752
1 40 14.597701 0.056596 0.040451 0.056908 0.041125
1 41 14.712644 0.053523 0.039857 0.055089 0.040943
1 42 14.827586 0.055456 0.040967 0.054801 0.040664
1 43 14.942529 0.054549 0.040876 0.053599 0.039898
1 44 15.057471 0.055900 0.039821 0.055482 0.039489
1 45 15.172414 0.057118 0.041225 0.056604 0.041374
1 46 15.287356 0.054970 0.040611 0.054415 0.040098
1 47 15.402299 0.055487 0.040698 0.056465 0.041124
1 48 15.517241 0.056651 0.041264 0.056605 0.040982
1 49 15.632184 0.056595 0.040940 0.055331 0.040172
1 50 15.747127 0.055600 0.041227 0.054021 0.040138
1 51 15.862069 0.054873 0.040666 0.055137 0.040575
1 52 15.977012 0.056317 0.040144 0.057609 0.041161
1 53 16.091953 0.055985 0.041278 0.055322 0.040938
1 54 16.206896 0.054913 0.040897 0.054125 0.040522
1 55 16.321838 0.056788 0.040864 0.056403 0.040710
1 56 16.436781 0.053879 0.039904 0.053051 0.039692
1 57 16.551723 0.054249 0.040313 0.054149 0.040109
1 58 16.666666 0.055563 0.040839 0.054793 0.040415
1 59 16.781609 0.054361 0.040436 0.053236 0.039958
1 60 16.896551 0.053687 0.039950 0.054026 0.039990
1 61 17.011494 0.055720 0.041074 0.054739 0.040903
1 62 17.126436 0.054430 0.040064 0.054552 0.040511
1 63 17.241379 0.054237 0.039846 0.055121 0.040864
1 64 17.356321 0.054505 0.040376 0.054804 0.040635
1 65 17.471264 0.054871 0.040495 0.055096 0.040917
1 66 17.586206 0.054596 0.040666 0.054345 0.040152
1 67 17.701149 0.054387 0.040373 0.054327 0.040467
1 68 17.816092 0.053058 0.039967 0.053855 0.040171
1 69 17.931034 0.054161 0.039749 0.054474 0.040132
1 70 18.045977 0.056256 0.041069 0.055858 0.040914
1 71 18.160919 0.056954 0.041040 0.055351 0.040212
1 72 18.275862 0.054622 0.040579 0.055786 0.041100
1 73 18.390804 0.054248 0.039855 0.055531 0.040618
1 74 18.505747 0.055418 0.040347 0.055389 0.040204
1 75 18.620689 0.056431 0.040895 0.057114 0.041168
1 76 18.735632 0.054177 0.040186 0.054202 0.040431
1 77 18.850574 0.054668 0.040455 0.054406 0.040239
1 78 18.965517 0.057157 0.041235 0.057726 0.041760
1 79 19.080460 0.053432 0.040333 0.054203 0.040766
1 80 19.195402 0.053410 0.040010 0.053602 0.040492
1 81 19.310345 0.052620 0.039111 0.053574 0.040537
1 82 19.425287 0.054481 0.040781 0.054523 0.040943
1 83 19.540230 0.054819 0.040494 0.055034 0.040184
1 84 19.655172 0.053039 0.039864 0.054896 0.041198
1 85 19.770115 0.054409 0.040848 0.054386 0.040901
1 86 19.885057 0.056475 0.042064 0.054402 0.040282
2 0 20.000000 0.054950 0.040710 0.054316 0.039966
2 1 20.114943 0.054580 0.040323 0.055563 0.040928
2 2 20.229885 0.053109 0.039433 0.054348 0.040780
2 3 20.344828 0.053122 0.040270 0.053333 0.040080
2 4 20.459770 0.053686 0.040463 0.054066 0.040507
2 5 20.574713 0.054176 0.040559 0.052751 0.039634
2 6 20.689655 0.054128 0.040120 0.053972 0.040203
2 7 20.804598 0.052727 0.039842 0.054000 0.040776
2 8 20.919540 0.054528 0.040584 0.054079 0.040099
2 9 21.034483 0.054069 0.040090 0.055582 0.041099
2 10 21.149426 0.055128 0.040879 0.054355 0.040352
2 11 21.264368 0.053399 0.039625 0.053575 0.039947
2 12 21.379311 0.054616 0.040036 0.055330 0.040687
2 13 21.494253 0.052665 0.039623 0.053773 0.040462
2 14 21.609196 0.054493 0.040756 0.055034 0.041597
2 15 21.724138 0.054008 0.040187 0.053162 0.039956
2 16 21.839081 0.054635 0.041350 0.053669 0.040345
2 17 21.954023 0.054776 0.040304 0.055001 0.040590
2 18 22.068966 0.053760 0.040375 0.053885 0.040520
2 19 22.183908 0.054931 0.040363 0.054679 0.040430
2 20 22.298851 0.053137 0.039618 0.054183 0.040387
2 21 22.413794 0.053455 0.039676 0.053629 0.040236
2 22 22.528736 0.054633 0.040310 0.054506 0.040059
2 23 22.643679 0.053388 0.040361 0.052988 0.039941
2 24 22.758621 0.054251 0.040633 0.053522 0.040278
2 25 22.873564 0.053748 0.040210 0.054260 0.040689
2 26 22.988506 0.053421 0.040062 0.052545 0.039807
2 27 23.103449 0.053742 0.040091 0.053901 0.040193
2 28 23.218391 0.053605 0.040552 0.052735 0.039815
2 29 23.333334 0.054131 0.040013 0.054433 0.040752
2 30 23.448277 0.052265 0.039640 0.052106 0.039468
2 31 23.563219 0.052238 0.039441 0.054066 0.040348
2 32 23.678162 0.053885 0.040265 0.054378 0.040500
2 33 23.793104 0.053755 0.040274 0.053083 0.039892
2 34 23.908047 0.053533 0.039868 0.053658 0.040498
2 35 24.022989 0.052941 0.039703 0.053016 0.039831
2 36 24.137932 0.053429 0.039666 0.053276 0.040342
2 37 24.252874 0.053723 0.040103 0.053103 0.039905
2 38 24.367817 0.055525 0.040069 0.054999 0.039622
2 39 24.482759 0.054273 0.040247 0.054379 0.040040
2 40 24.597702 0.053679 0.039989 0.053010 0.039875
2 41 24.712645 0.054261 0.041137 0.053168 0.039797
2 42 24.827587 0.054392 0.040535 0.053623 0.039652
2 43 24.942530 0.054056 0.039522 0.053770 0.039855
2 44 25.057470 0.053583 0.040171 0.052736 0.039393
2 45 25.172413 0.054013 0.041237 0.053247 0.040067
2 46 25.287355 0.053842 0.039375 0.054800 0.039922
2 47 25.402298 0.052984 0.040032 0.054072 0.040517
2 48 25.517241 0.053818 0.040640 0.054168 0.040545
2 49 25.632183 0.053509 0.040681 0.052910 0.039763
2 50 25.747126 0.053236 0.040046 0.052734 0.039415
2 51 25.862068 0.052936 0.039803 0.055020 0.041084
2 52 25.977011 0.052924 0.040222 0.051428 0.039267
2 53 26.091953 0.055499 0.040768 0.055078 0.040715
2 54 26.206896 0.053552 0.039994 0.053603 0.040310
2 55 26.321838 0.054034 0.040149 0.054270 0.040345
2 56 26.436781 0.051751 0.039137 0.053987 0.040627
2 57 26.551723 0.052851 0.039624 0.053513 0.040377
2 58 26.666666 0.054077 0.040447 0.054178 0.040557
2 59 26.781609 0.054618 0.041081 0.053519 0.040217
2 60 26.896551 0.056106 0.041425 0.054793 0.040336
2 61 27.011494 0.054010 0.040183 0.052448 0.039247
2 62 27.126436 0.052144 0.039686 0.053206 0.040148
2 63 27.241379 0.053378 0.039709 0.053688 0.040443
2 64 27.356321 0.052945 0.039656 0.053736 0.040537
2 65 27.471264 0.053706 0.040328 0.052528 0.039616
2 66 27.586206 0.052534 0.039828 0.052451 0.039549
2 67 27.701149 0.056163 0.040866 0.054999 0.040365
2 68 27.816092 0.054591 0.040113 0.055730 0.040954
2 69 27.931034 0.053539 0.039964 0.053724 0.040011
2 70 28.045977 0.054298 0.040440 0.053564 0.040215
2 71 28.160919 0.054529 0.040308 0.054238 0.040484
2 72 28.275862 0.052287 0.039598 0.052323 0.039611
2 73 28.390804 0.053668 0.040056 0.054074 0.040220
2 74 28.505747 0.053114 0.040292 0.053604 0.040822
2 75 28.620689 0.053790 0.039990 0.052425 0.039367
2 76 28.735632 0.051955 0.039036 0.052189 0.039543
2 77 28.850574 0.054634 0.040337 0.053475 0.039788
2 78 28.965517 0.053946 0.040177 0.053028 0.039908
2 79 29.080460 0.052953 0.039920 0.052057 0.039256
2 80 29.195402 0.052435 0.039566 0.053595 0.040568
2 81 29.310345 0.053026 0.040060 0.053048 0.040210
2 82 29.425287 0.054228 0.040096 0.054446 0.040469
2 83 29.540230 0.052100 0.039505 0.052462 0.039719
2 84 29.655172 0.051944 0.039407 0.052728 0.040219
2 85 29.770115 0.053523 0.040565 0.053282 0.040238
2 86 29.885057 0.051716 0.039492 0.051909 0.039486
3 0 30.000000 0.054862 0.039874 0.054985 0.039672
3 1 30.114943 0.053130 0.040225 0.052551 0.039441
3 2 30.229885 0.052841 0.039701 0.053669 0.040416
3 3 30.344828 0.053555 0.040172 0.052577 0.039365
3 4 30.459770 0.052847 0.040069 0.052925 0.039888
3 5 30.574713 0.052666 0.040080 0.052150 0.039504
3 6 30.689655 0.053549 0.040672 0.054101 0.040632
3 7 30.804598 0.053331 0.039884 0.053294 0.040193
3 8 30.919540 0.053224 0.040079 0.053246 0.040440
3 9 31.034483 0.052278 0.039613 0.052834 0.039982
3 10 31.149426 0.052974 0.040015 0.052986 0.040358
3 11 31.264368 0.054432 0.040828 0.053621 0.040028
3 12 31.379311 0.053448 0.039926 0.054264 0.040519
3 13 31.494253 0.053352 0.040351 0.052247 0.039498
3 14 31.609196 0.052969 0.039678 0.052977 0.040105
3 15 31.724138 0.053050 0.040217 0.053915 0.040247
3 16 31.839081 0.052290 0.039589 0.051666 0.039540
3 17 31.954023 0.052002 0.039371 0.052724 0.039838
3 18 32.068966 0.052827 0.039591 0.053106 0.039899
3 19 32.183907 0.053068 0.040130 0.052466 0.039560
3 20 32.298851 0.052352 0.039761 0.052563 0.039723
3 21 32.413792 0.052529 0.039550 0.053767 0.040112
3 22 32.528736 0.051225 0.039274 0.051129 0.038787
3 23 32.643677 0.052843 0.040103 0.052560 0.039885
3 24 32.758621 0.052023 0.039330 0.051442 0.038788
3 25 32.873562 0.051716 0.039432 0.052558 0.040252
3 26 32.988506 0.052449 0.039264 0.053575 0.040440
3 27 33.103447 0.051797 0.039309 0.051252 0.039064
3 28 33.218391 0.052647 0.039969 0.052510 0.039765
3 29 33.333332 0.052525 0.040113 0.052225 0.039633
3 30 33.448277 0.052459 0.040167 0.053548 0.040664
3 31 33.563217 0.052702 0.040012 0.053238 0.040615
3 32 33.678162 0.051263 0.039146 0.052242 0.039711
3 33 33.793102 0.053281 0.040737 0.050338 0.038842
3 34 33.908047 0.052739 0.039962 0.051967 0.039494
3 35 34.022987 0.054299 0.039655 0.055272 0.040144
3 36 34.137932 0.052729 0.040123 0.052805 0.039997
3 37 34.252872 0.053148 0.040422 0.053454 0.040422
3 38 34.367817 0.052921 0.040298 0.051730 0.038990
3 39 34.482758 0.054254 0.041041 0.053050 0.039827
3 40 34.597702 0.053072 0.039607 0.053182 0.039883
3 41 34.712643 0.052643 0.040103 0.052393 0.040105
3 42 34.827587 0.052368 0.039713 0.053256 0.040449
3 43 34.942528 0.051351 0.039209 0.052596 0.040136
3 44 35.057472 0.052874 0.040210 0.052504 0.040005
3 45 35.172413 0.053794 0.040400 0.053337 0.040163
3 46 35.287357 0.051870 0.039186 0.052936 0.039885
3 47 35.402298 0.050858 0.038861 0.051641 0.039263
3 48 35.517242 0.054088 0.040449 0.054760 0.040931
3 49 35.632183 0.053933 0.040220 0.052596 0.039280
3 50 35.747128 0.054424 0.039995 0.054184 0.039644
3 51 35.862068 0.053103 0.039096 0.054388 0.040728
3 52 35.977013 0.051815 0.039436 0.051843 0.039017
3 53 36.091953 0.051712 0.039361 0.052101 0.040124
3 54 36.206898 0.052650 0.040101 0.051709 0.039637
3 55 36.321838 0.053012 0.040129 0.051268 0.039137
3 56 36.436783 0.054282 0.041054 0.052313 0.040103
3 57 36.551723 0.052211 0.040099 0.051038 0.039264
3 58 36.666668 0.052163 0.039798 0.051647 0.038882
3 59 36.781609 0.053307 0.040497 0.052445 0.040162
3 60 36.896553 0.052406 0.040026 0.052896 0.040729
3 61 37.011494 0.052233 0.039595 0.052744 0.040109
3 62 37.126438 0.050795 0.038766 0.052138 0.039864
3 63 37.241379 0.053399 0.040172 0.054134 0.040599
3 64 37.356323 0.053745 0.040925 0.052206 0.039588
3 65 37.471264 0.052453 0.039565 0.051817 0.039165
3 66 37.586208 0.053000 0.039859 0.052081 0.039938
3 67 37.701149 0.052420 0.039861 0.052362 0.039431
3 68 37.816093 0.053220 0.040226 0.052579 0.039981
3 69 37.931034 0.052295 0.039786 0.052304 0.039558
3 70 38.045979 0.053105 0.040254 0.054350 0.041200
3 71 38.160919 0.053896 0.040572 0.053670 0.040316
3 72 38.275864 0.052838 0.039826 0.051469 0.038749
3 73 38.390804 0.053057 0.039990 0.051619 0.038970
3 74 38.505749 0.051483 0.039176 0.051657 0.039566
3 75 38.620689 0.050789 0.039038 0.051661 0.039085
3 76 38.735634 0.051468 0.038607 0.053763 0.039962
3 77 38.850574 0.052805 0.039912 0.052188 0.039405
3 78 38.965519 0.052165 0.039528 0.052800 0.039751
3 79 39.080460 0.052042 0.039440 0.051226 0.038880
3 80 39.195404 0.054036 0.040894 0.052166 0.039386
3 81 39.310345 0.051167 0.039014 0.051709 0.039473
3 82 39.425289 0.053131 0.040020 0.052708 0.039727
3 83 39.540230 0.052505 0.039578 0.053571 0.040374
3 84 39.655174 0.053082 0.039993 0.052867 0.039998
3 85 39.770115 0.052339 0.039371 0.052581 0.039652
3 86 39.885059 0.053727 0.040037 0.052904 0.039238
4 0 40.000000 0.051352 0.039316 0.052644 0.040423
4 1 40.114941 0.052299 0.039633 0.052114 0.039429
4 2 40.229885 0.051898 0.039796 0.051182 0.038858
4 3 40.344826 0.053386 0.039966 0.053082 0.039717
4 4 40.459770 0.052764 0.040454 0.052218 0.039648
4 5 40.574711 0.052005 0.039924 0.051998 0.039623
4 6 40.689655 0.050766 0.038881 0.052487 0.039825
4 7 40.804596 0.052817 0.039874 0.052725 0.040225
4 8 40.919540 0.051746 0.039665 0.051566 0.038971
4 9 41.034481 0.054080 0.040706 0.053440 0.040281
4 10 41.149426 0.052691 0.039864 0.053784 0.040557
4 11 41.264366 0.052182 0.039581 0.051386 0.039409
4 12 41.379311 0.052935 0.040341 0.051888 0.039907
4 13 41.494251 0.053895 0.040584 0.053552 0.040405
4 14 41.609196 0.053626 0.040338 0.052961 0.040503
4 15 41.724136 0.052727 0.040073 0.052117 0.039727
4 16 41.839081 0.051692 0.039482 0.051447 0.039568
4 17 41.954021 0.052867 0.039653 0.053859 0.040210
4 18 42.068966 0.051742 0.039808 0.051645 0.039605
4 19 42.183907 0.051957 0.039491 0.052046 0.039337
4 20 42.298851 0.051879 0.039335 0.051005 0.039009
4 21 42.413792 0.051279 0.039604 0.052199 0.040183
4 22 42.528736 0.053316 0.040065 0.053071 0.039466
4 23 42.643677 0.052473 0.039928 0.052148 0.039670
4 24 42.758621 0.052320 0.039889 0.052694 0.040010
4 25 42.873562 0.051709 0.039467 0.052496 0.039835
4 26 42.988506 0.050808 0.038780 0.052635 0.040094
4 27 43.103447 0.052647 0.039674 0.052148 0.039356
4 28 43.218391 0.051949 0.039281 0.052840 0.039645
4 29 43.333332 0.052416 0.039282 0.052977 0.039715
4 30 43.448277 0.052378 0.039625 0.052251 0.040095
4 31 43.563217 0.051280 0.039386 0.052999 0.040756
4 32 43.678162 0.052213 0.039507 0.051516 0.039023
4 33 43.793102 0.052297 0.039615 0.053158 0.040341
4 34 43.908047 0.051098 0.039149 0.051978 0.039481
4 35 44.022987 0.052174 0.039937 0.051070 0.039321
4 36 44.137932 0.051330 0.039116 0.052712 0.040049
4 37 44.252872 0.052454 0.040558 0.052364 0.039718
4 38 44.367817 0.052267 0.040412 0.051499 0.039387
4 39 44.482758 0.051949 0.039591 0.052101 0.039338
4 40 44.597702 0.052071 0.039991 0.052227 0.039679
4 41 44.712643 0.051838 0.039720 0.052658 0.040175
4 42 44.827587 0.052769 0.040066 0.052291 0.039910
4 43 44.942528 0.051539 0.039507 0.051646 0.039280
4 44 45.057472 0.053592 0.040353 0.053109 0.040090
4 45 45.172413 0.051644 0.039449 0.053088 0.040599
4 46 45.287357 0.051340 0.039427 0.052254 0.039789
4 47 45.402298 0.052382 0.040012 0.052434 0.040067
4 48 45.517242 0.051736 0.039851 0.052473 0.039684
4 49 45.632183 0.050687 0.038725 0.052393 0.040337
4 50 45.747128 0.052973 0.040231 0.052340 0.040167
4 51 45.862068 0.051585 0.039690 0.051725 0.039884
4 52 45.977013 0.051481 0.039099 0.052897 0.040100
4 53 46.091953 0.050601 0.038637 0.050865 0.039222
4 54 46.206898 0.052040 0.040048 0.051556 0.039249
4 55 46.321838 0.052871 0.039938 0.052612 0.039863
4 56 46.436783 0.051933 0.039457 0.051387 0.039531
4 57 46.551723 0.051121 0.039125 0.052609 0.040154
4 58 46.666668 0.052571 0.040423 0.051487 0.039546
4 59 46.781609 0.051272 0.039561 0.050767 0.039099
4 60 46.896553 0.052427 0.039450 0.051532 0.039542
4 61 47.011494 0.051543 0.039318 0.052451 0.039487
4 62 47.126438 0.051886 0.039842 0.050982 0.038818
4 63 47.241379 0.051163 0.038874 0.051160 0.039477
4 64 47.356323 0.051485 0.039413 0.052604 0.039989
4 65 47.471264 0.053513 0.041063 0.051795 0.039846
4 66 47.586208 0.051769 0.039813 0.051915 0.039368
4 67 47.701149 0.050355 0.038616 0.053877 0.041056
4 68 47.816093 0.050884 0.038771 0.051149 0.039158
4 69 47.931034 0.053766 0.040796 0.052614 0.040163
4 70 48.045979 0.051841 0.039444 0.052553 0.040120
4 71 48.160919 0.051513 0.039083 0.051004 0.038917
4 72 48.275864 0.052426 0.040297 0.051042 0.039185
4 73 48.390804 0.051875 0.039810 0.050982 0.038980
4 74 48.505749 0.051811 0.038891 0.052620 0.039515
4 75 48.620689 0.051909 0.039723 0.052472 0.039745
4 76 48.735634 0.052688 0.039346 0.053260 0.039965
4 77 48.850574 0.051213 0.039313 0.053247 0.040340
4 78 48.965519 0.052884 0.039889 0.051943 0.039671
4 79 49.080460 0.051357 0.039657 0.052228 0.039906
4 80 49.195404 0.051949 0.039895 0.052166 0.039617
4 81 49.310345 0.051475 0.039484 0.051324 0.039258
4 82 49.425289 0.052097 0.040059 0.050650 0.038874
4 83 49.540230 0.051183 0.039054 0.051848 0.039851
4 84 49.655174 0.052270 0.040075 0.052335 0.039828
4 85 49.770115 0.051039 0.039331 0.051292 0.039743
4 86 49.885059 0.053658 0.040816 0.053038 0.040437
5 0 50.000000 0.051540 0.039021 0.052442 0.039677
5 1 50.114941 0.051292 0.039696 0.052430 0.039925
5 2 50.229885 0.052032 0.039817 0.051315 0.039092
5 3 50.344826 0.052156 0.039842 0.052115 0.040062
5 4 50.459770 0.052422 0.039929 0.051342 0.039138
5 5 50.574711 0.052877 0.040075 0.052640 0.040227
5 6 50.689655 0.051056 0.039093 0.052593 0.040028
5 7 50.804596 0.052144 0.039731 0.052105 0.039769
5 8 50.919540 0.051035 0.039164 0.052393 0.039981
5 9 51.034481 0.052078 0.039674 0.052649 0.040536
5 10 51.149426 0.052036 0.039735 0.051517 0.039626
5 11 51.264366 0.051094 0.039362 0.051234 0.038899
5 12 51.379311 0.050934 0.038608 0.052811 0.040530
5 13 51.494251 0.051691 0.039524 0.051654 0.039757
5 14 51.609196 0.050566 0.038866 0.052188 0.040132
5 15 51.724136 0.052887 0.039848 0.052195 0.039340
5 16 51.839081 0.051466 0.039411 0.052683 0.039774
5 17 51.954021 0.052398 0.039521 0.053376 0.040403
5 18 52.068966 0.052450 0.040178 0.051760 0.039407
5 19 52.183907 0.050946 0.039239 0.051530 0.039173
5 20 52.298851 0.052704 0.040032 0.050817 0.038817
5 21 52.413792 0.051177 0.039480 0.051042 0.039371
5 22 52.528736 0.051294 0.039299 0.051749 0.039817
5 23 52.643677 0.052300 0.040190 0.050929 0.039280
5 24 52.758621 0.052576 0.039508 0.051533 0.039313
5 25 52.873562 0.053068 0.040124 0.051957 0.040318
5 26 52.988506 0.051874 0.039523 0.052111 0.039730
5 27 53.103447 0.052110 0.039935 0.052164 0.039834
5 28 53.218391 0.051547 0.040077 0.052833 0.040500
5 29 53.333332 0.052500 0.040189 0.051533 0.039545
5 30 53.448277 0.050799 0.038820 0.053201 0.040815
5 31 53.563217 0.052332 0.039831 0.050659 0.038754
5 32 53.678162 0.053097 0.040101 0.052551 0.039662
5 33 53.793102 0.051067 0.038728 0.051914 0.039955
5 34 53.908047 0.051954 0.039711 0.050123 0.038771
5 35 54.022987 0.052063 0.040018 0.050980 0.039523
5 36 54.137932 0.052631 0.040396 0.051768 0.039626
5 37 54.252872 0.052206 0.039922 0.051783 0.039559
5 38 54.367817 0.052282 0.040045 0.051275 0.039712
5 39 54.482758 0.051699 0.039618 0.051889 0.039713
5 40 54.597702 0.051714 0.039710 0.051464 0.039234
5 41 54.712643 0.052309 0.040406 0.052054 0.039606
5 42 54.827587 0.052186 0.039455 0.051427 0.039442
5 43 54.942528 0.051978 0.039811 0.052082 0.039677
5 44 55.057472 0.052589 0.040284 0.051838 0.039557
5 45 55.172413 0.050797 0.038841 0.051031 0.038963
5 46 55.287357 0.050831 0.038653 0.051800 0.039684
5 47 55.402298 0.051660 0.039201 0.052816 0.039928
5 48 55.517242 0.051493 0.039324 0.052401 0.040245
5 49 55.632183 0.051245 0.039218 0.051821 0.039475
5 50 55.747128 0.052369 0.039981 0.050607 0.038848
5 51 55.862068 0.050386 0.038906 0.051314 0.039278
5 52 55.977013 0.051952 0.039369 0.050866 0.038924
5 53 56.091953 0.052287 0.039840 0.051853 0.039580
5 54 56.206898 0.050574 0.038822 0.051314 0.039150
5 55 56.321838 0.051304 0.039815 0.051110 0.039495
5 56 56.436783 0.050752 0.039099 0.051069 0.039290
5 57 56.551723 0.051316 0.039481 0.051095 0.039267
5 58 56.666668 0.051945 0.039838 0.050377 0.038840
5 59 56.781609 0.051553 0.039908 0.050417 0.038985
5 60 56.896553 0.050573 0.039044 0.051445 0.039386
5 61 57.011494 0.052579 0.040233 0.052399 0.039692
5 62 57.126438 0.051762 0.039902 0.052559 0.040219
5 63 57.241379 0.052018 0.039352 0.051990 0.039436
5 64 57.356323 0.050267 0.038467 0.051586 0.039716
5 65 57.471264 0.052296 0.039921 0.052118 0.039462
5 66 57.586208 0.050869 0.039167 0.051976 0.039965
5 67 57.701149 0.050435 0.038841 0.051055 0.039195
5 68 57.816093 0.051476 0.039965 0.051559 0.039708
5 69 57.931034 0.052128 0.039853 0.052866 0.040217
5 70 58.045979 0.051850 0.039496 0.052312 0.039875
5 71 58.160919 0.050465 0.038843 0.050880 0.038870
5 72 58.275864 0.051629 0.039467 0.051180 0.039152
5 73 58.390804 0.051794 0.039606 0.051787 0.039807
5 74 58.505749 0.052031 0.039676 0.051772 0.039216
5 75 58.620689 0.051161 0.039086 0.050818 0.039071
5 76 58.735634 0.050331 0.039117 0.050637 0.039298
5 77 58.850574 0.051958 0.039820 0.051889 0.039810
5 78 58.965519 0.051923 0.039960 0.051769 0.039803
5 79 59.080460 0.051600 0.039725 0.051622 0.039606
5 80 59.195404 0.053184 0.040930 0.051172 0.039456
5 81 59.310345 0.051495 0.039334 0.051858 0.039745
5 82 59.425289 0.051156 0.039390 0.051582 0.039634
5 83 59.540230 0.051334 0.039396 0.052512 0.040125
5 84 59.655174 0.051972 0.040188 0.051536 0.039852
5 85 59.770115 0.051897 0.039490 0.052330 0.039720
5 86 59.885059 0.050500 0.038928 0.049665 0.038009
6 0 60.000000 0.051965 0.040025 0.051344 0.039358
6 1 60.114941 0.051941 0.040222 0.050402 0.039009
6 2 60.229885 0.051815 0.039660 0.051958 0.039520
6 3 60.344826 0.051961 0.039646 0.051430 0.039358
6 4 60.459770 0.052112 0.040181 0.050338 0.038773
6 5 60.574711 0.051571 0.039543 0.052165 0.040194
6 6 60.689655 0.050656 0.038810 0.051872 0.039877
6 7 60.804596 0.052542 0.039991 0.051509 0.039296
6 8 60.919540 0.052246 0.039708 0.051465 0.039340
6 9 61.034481 0.052233 0.040039 0.051398 0.039178
6 10 61.149426 0.051447 0.039257 0.051394 0.039223
6 11 61.264366 0.051447 0.039686 0.051734 0.039686
6 12 61.379311 0.051079 0.039260 0.052603 0.040074
6 13 61.494251 0.051472 0.039149 0.053590 0.041117
6 14 61.609196 0.052689 0.040094 0.052164 0.039439
6 15 61.724136 0.051480 0.039074 0.052322 0.039549
6 16 61.839081 0.051074 0.039785 0.050931 0.039612
6 17 61.954021 0.051446 0.039395 0.050673 0.038848
6 18 62.068966 0.050816 0.039208 0.051903 0.039956
6 19 62.183907 0.051303 0.039809 0.051413 0.039426
6 20 62.298851 0.050764 0.039021 0.051069 0.039505
6 21 62.413792 0.050680 0.039417 0.049995 0.038673
6 22 62.528736 0.051608 0.039220 0.051474 0.039262
6 23 62.643677 0.051091 0.039334 0.049624 0.038347
6 24 62.758621 0.051451 0.039493 0.050354 0.038854
6 25 62.873562 0.051500 0.039724 0.052412 0.040373
6 26 62.988506 0.052517 0.039885 0.051633 0.039389
6 27 63.103447 0.051767 0.039282 0.050744 0.038769
6 28 63.218391 0.052128 0.039698 0.051701 0.039517
6 29 63.333332 0.050691 0.038991 0.051510 0.039261
6 30 63.448277 0.051174 0.039293 0.051878 0.040042
6 31 63.563217 0.051446 0.039391 0.051682 0.039812
6 32 63.678162 0.051529 0.039472 0.052089 0.040162
6 33 63.793102 0.052348 0.039635 0.053494 0.040798
6 34 63.908047 0.051729 0.039692 0.051673 0.039682
6 35 64.022987 0.051857 0.039602 0.052253 0.039710
6 36 64.137932 0.051000 0.038925 0.052100 0.039640
6 37 64.252876 0.052277 0.039595 0.052026 0.039810
6 38 64.367813 0.051465 0.039576 0.051501 0.039538
6 39 64.482758 0.051658 0.039918 0.050784 0.038990
6 40 64.597702 0.053079 0.040344 0.051624 0.039182
6 41 64.712646 0.051522 0.039363 0.052539 0.040038
6 42 64.827583 0.052083 0.040122 0.050619 0.039003
6 43 64.942528 0.050388 0.038521 0.052897 0.040128
6 44 65.057472 0.049976 0.038736 0.050681 0.039203
6 45 65.172417 0.051018 0.039202 0.052154 0.039634
6 46 65.287354 0.052184 0.039635 0.050461 0.039067
6 47 65.402298 0.051007 0.039411 0.051571 0.039827
6 48 65.517242 0.051925 0.039692 0.050561 0.038905
6 49 65.632187 0.052380 0.039580 0.051493 0.039208
6 50 65.747124 0.050354 0.038678 0.052514 0.040307
6 51 65.862068 0.051723 0.039555 0.051601 0.039864
6 52 65.977013 0.051350 0.039351 0.051606 0.039908
6 53 66.091957 0.051622 0.039653 0.052252 0.039901
6 54 66.206894 0.051103 0.039174 0.051083 0.039375
6 55 66.321838 0.050315 0.038812 0.050262 0.038634
6 56 66.436783 0.050943 0.039232 0.052340 0.040456
6 57 66.551727 0.052039 0.040187 0.052761 0.040410
6 58 66.666664 0.051764 0.039886 0.051622 0.039613
6 59 66.781609 0.051840 0.040069 0.052220 0.040076
6 60 66.896553 0.051805 0.039704 0.051020 0.038907
6 61 67.011497 0.051814 0.039335 0.051351 0.039380
6 62 67.126434 0.051354 0.039502 0.052621 0.039887
6 63 67.241379 0.051565 0.040318 0.049990 0.038736
6 64 67.356323 0.051357 0.039473 0.052285 0.040306
6 65 67.471268 0.051393 0.038839 0.050776 0.038556
6 66 67.586205 0.052842 0.039821 0.051459 0.039064
6 67 67.701149 0.050864 0.039604 0.050810 0.039356
6 68 67.816093 0.052674 0.039904 0.051936 0.039317
6 69 67.931038 0.051170 0.039297 0.051307 0.039244
6 70 68.045975 0.051362 0.039701 0.051074 0.039166
6 71 68.160919 0.050894 0.039382 0.050345 0.039122
6 72 68.275864 0.050949 0.039318 0.051207 0.039405
6 73 68.390808 0.050288 0.038646 0.050942 0.039430
6 74 68.505745 0.051049 0.039680 0.051879 0.039836
6 75 68.620689 0.051911 0.040019 0.052043 0.040076
6 76 68.735634 0.051342 0.039522 0.050839 0.038746
6 77 68.850578 0.050695 0.039868 0.050716 0.038999
6 78 68.965515 0.050665 0.038700 0.052061 0.039962
6 79 69.080460 0.051623 0.039328 0.051861 0.039585
6 80 69.195404 0.051425 0.039715 0.052126 0.040155
6 81 69.310349 0.052187 0.040107 0.051386 0.039595
6 82 69.425285 0.051476 0.039218 0.052362 0.039485
6 83 69.540230 0.051879 0.040497 0.050596 0.038929
6 84 69.655174 0.051547 0.039810 0.051616 0.039807
6 85 69.770119 0.049897 0.039209 0.051650 0.039873
6 86 69.885056 0.050880 0.038971 0.050258 0.038373
7 0 70.000000 0.051415 0.039500 0.051546 0.039803
7 1 70.114944 0.050189 0.038931 0.050784 0.039216
7 2 70.229881 0.052986 0.039986 0.050477 0.038533
7 3 70.344826 0.052181 0.039769 0.051860 0.039723
7 4 70.459770 0.051815 0.039998 0.051447 0.039715
7 5 70.574715 0.052686 0.040131 0.053187 0.040314
7 6 70.689651 0.052157 0.039411 0.051119 0.038761
7 7 70.804596 0.052213 0.039662 0.051559 0.039007
7 8 70.919540 0.050254 0.038714 0.049597 0.038544
7 9 71.034485 0.051579 0.039764 0.052491 0.040445
7 10 71.149422 0.051303 0.039989 0.050832 0.039681
7 11 71.264366 0.050720 0.039166 0.051469 0.039481
7 12 71.379311 0.050585 0.039167 0.051622 0.039673
7 13 71.494255 0.050496 0.039069 0.051889 0.040086
7 14 71.609192 0.050800 0.039058 0.051642 0.040063
7 15 71.724136 0.051766 0.039992 0.050618 0.038812
7 16 71.839081 0.050638 0.039179 0.050735 0.038935
7 17 71.954025 0.050819 0.038902 0.051556 0.039810
7 18 72.068962 0.051099 0.039681 0.050458 0.038956
7 19 72.183907 0.050908 0.039312 0.051366 0.039377
7 20 72.298851 0.051877 0.039619 0.051928 0.039629
7 21 72.413795 0.051148 0.039601 0.051587 0.039767
7 22 72.528732 0.051502 0.038803 0.052510 0.039670
7 23 72.643677 0.051224 0.039367 0.050367 0.038808
7 24 72.758621 0.052720 0.040003 0.052647 0.040167
7 25 72.873566 0.051689 0.039472 0.051218 0.039476
7 26 72.988503 0.050237 0.038958 0.052126 0.040142
7 27 73.103447 0.051430 0.039793 0.050633 0.038857
7 28 73.218391 0.051441 0.039579 0.051586 0.039502
7 29 73.333336 0.050277 0.038653 0.050239 0.038881
7 30 73.448273 0.051120 0.039381 0.050131 0.038690
7 31 73.563217 0.051014 0.039053 0.052369 0.040175
7 32 73.678162 0.050383 0.038887 0.051502 0.039747
7 33 73.793106 0.052330 0.040407 0.051229 0.039447
7 34 73.908043 0.050781 0.039211 0.050931 0.039114
7 35 74.022987 0.051144 0.039662 0.051243 0.039424
7 36 74.137932 0.051113 0.039500 0.051418 0.039677
7 37 74.252876 0.051528 0.039532 0.052766 0.040431
7 38 74.367813 0.050089 0.038835 0.049959 0.038906
7 39 74.482758 0.051905 0.039613 0.051446 0.039219
7 40 74.597702 0.051586 0.039592 0.051220 0.039365
7 41 74.712646 0.052599 0.039897 0.051790 0.039547
7 42 74.827583 0.051526 0.039500 0.052257 0.039953
7 43 74.942528 0.051229 0.039491 0.050691 0.039194
7 44 75.057472 0.051369 0.039166 0.051333 0.039455
7 45 75.172417 0.052100 0.039849 0.052126 0.040022
7 46 75.287354 0.050575 0.039169 0.051034 0.039238
7 47 75.402298 0.050707 0.039248 0.051272 0.039553
7 48 75.517242 0.050597 0.038913 0.049915 0.038478
7 49 75.632187 0.051832 0.039739 0.050451 0.039029
7 50 75.747124 0.051935 0.039982 0.051311 0.039849
7 51 75.862068 0.050905 0.039327 0.051813 0.039814
7 52 75.977013 0.050443 0.039324 0.051809 0.040045
7 53 76.091957 0.052067 0.040314 0.050968 0.039538
7 54 76.206894 0.051674 0.039626 0.052085 0.039918
7 55 76.321838 0.051253 0.039458 0.050408 0.039166
7 56 76.436783 0.053856 0.040652 0.051582 0.039378
7 57 76.551727 0.050683 0.039035 0.051675 0.040089
7 58 76.666664 0.052006 0.040150 0.051969 0.039690
7 59 76.781609 0.051392 0.039784 0.050257 0.038744
7 60 76.896553 0.050837 0.039286 0.051396 0.039700
7 61 77.011497 0.050776 0.039483 0.051131 0.039770
7 62 77.126434 0.050751 0.039324 0.052289 0.040117
7 63 77.241379 0.051614 0.039312 0.051338 0.039267
7 64 77.356323 0.052339 0.039752 0.051289 0.039575
7 65 77.471268 0.050880 0.038786 0.050649 0.038673
7 66 77.586205 0.051604 0.039427 0.051402 0.039513
7 67 77.701149 0.051686 0.039538 0.050844 0.039035
7 68 77.816093 0.050185 0.038865 0.049998 0.038944
7 69 77.931038 0.051144 0.039810 0.050745 0.039101
7 70 78.045975 0.050189 0.038935 0.050608 0.039273
7 71 78.160919 0.051016 0.039337 0.051784 0.040200
7 72 78.275864 0.050520 0.038881 0.051157 0.039019
7 73 78.390808 0.050905 0.038980 0.051389 0.039146
7 74 78.505745 0.051099 0.039205 0.051077 0.039432
7 75 78.620689 0.051335 0.039752 0.051122 0.039016
7 76 78.735634 0.051615 0.040077 0.051719 0.039843
7 77 78.850578 0.050694 0.039363 0.050972 0.039201
7 78 78.965515 0.052808 0.040531 0.050613 0.038868
7 79 79.080460 0.051661 0.039845 0.051257 0.039616
7 80 79.195404 0.052354 0.039991 0.051956 0.039877
7 81 79.310349 0.051560 0.039552 0.052100 0.040243
7 82 79.425285 0.050780 0.039349 0.050298 0.038907
7 83 79.540230 0.051029 0.039394 0.051937 0.039981
7 84 79.655174 0.050934 0.039494 0.050856 0.039021
7 85 79.770119 0.050729 0.038973 0.051560 0.039838
7 86 79.885056 0.051459 0.039512 0.049807 0.038302
8 0 80.000000 0.051105 0.039880 0.051185 0.039956
8 1 80.114944 0.050653 0.039159 0.050279 0.039166
8 2 80.229881 0.050545 0.039297 0.051782 0.039893
8 3 80.344826 0.051107 0.039675 0.050953 0.039219
8 4 80.459770 0.050280 0.039095 0.050423 0.039304
8 5 80.574715 0.051575 0.040019 0.051868 0.039785
8 6 80.689651 0.052700 0.040695 0.050642 0.038624
8 7 80.804596 0.050982 0.039618 0.051073 0.040083
8 8 80.919540 0.050540 0.038841 0.051306 0.039438
8 9 81.034485 0.052373 0.040177 0.050980 0.039253
8 10 81.149422 0.051626 0.039618 0.050785 0.039073
8 11 81.264366 0.051054 0.039537 0.051556 0.039820
8 12 81.379311 0.051361 0.039594 0.051298 0.039387
8 13 81.494255 0.051331 0.039634 0.051031 0.039152
8 14 81.609192 0.051749 0.039823 0.051700 0.039620
8 15 81.724136 0.051505 0.039780 0.050749 0.038949
8 16 81.839081 0.050804 0.039125 0.051342 0.039486
8 17 81.954025 0.051927 0.039524 0.051240 0.039278
8 18 82.068962 0.050867 0.039137 0.050023 0.039088
8 19 82.183907 0.053179 0.040762 0.052774 0.040326
8 20 82.298851 0.052670 0.039629 0.052903 0.039797
8 21 82.413795 0.051463 0.039675 0.051054 0.039694
8 22 82.528732 0.051345 0.039327 0.051963 0.040047
8 23 82.643677 0.050797 0.039897 0.051657 0.040227
8 24 82.758621 0.050319 0.039113 0.050968 0.039267
8 25 82.873566 0.050779 0.038945 0.050950 0.039315
8 26 82.988503 0.051501 0.039812 0.051947 0.039962
8 27 83.103447 0.051110 0.039175 0.050054 0.038467
8 28 83.218391 0.050180 0.039231 0.050819 0.039870
8 29 83.333336 0.050874 0.039534 0.051378 0.039467
8 30 83.448273 0.051447 0.039120 0.051473 0.039076
8 31 83.563217 0.051809 0.039842 0.051669 0.039591
8 32 83.678162 0.051182 0.039338 0.050840 0.039047
8 33 83.793106 0.050773 0.039012 0.051685 0.039814
8 34 83.908043 0.051509 0.039295 0.052113 0.039892
8 35 84.022987 0.050723 0.038972 0.051592 0.039479
8 36 84.137932 0.050669 0.039461 0.049804 0.038352
8 37 84.252876 0.050753 0.039185 0.051377 0.039965
8 38 84.367813 0.050229 0.039039 0.051650 0.039810
8 39 84.482758 0.049558 0.038527 0.051092 0.039503
8 40 84.597702 0.053119 0.040461 0.051645 0.039246
8 41 84.712646 0.050740 0.039050 0.052135 0.040229
8 42 84.827583 0.050875 0.039250 0.052351 0.040337
8 43 84.942528 0.051065 0.039718 0.051525 0.039745
8 44 85.057472 0.051019 0.039539 0.051950 0.040216
8 45 85.172417 0.050792 0.039169 0.050757 0.039130
8 46 85.287354 0.050394 0.038852 0.051249 0.039396
8 47 85.402298 0.051959 0.039876 0.051565 0.039593
8 48 85.517242 0.050551 0.039240 0.050393 0.038820
8 49 85.632187 0.051215 0.039656 0.050745 0.039079
8 50 85.747124 0.051013 0.039381 0.051415 0.039805
8 51 85.862068 0.051528 0.039540 0.051909 0.039685
8 52 85.977013 0.051822 0.039793 0.051571 0.039385
8 53 86.091957 0.051912 0.039382 0.051197 0.039401
8 54 86.206894 0.050558 0.038767 0.051557 0.039584
8 55 86.321838 0.050698 0.039700 0.051097 0.039519
8 56 86.436783 0.051308 0.039195 0.050773 0.039356
8 57 86.551727 0.051570 0.039009 0.051900 0.039626
8 58 86.666664 0.050976 0.039576 0.050474 0.038815
8 59 86.781609 0.051209 0.039904 0.051543 0.039769
8 60 86.896553 0.049418 0.038384 0.050655 0.039310
8 61 87.011497 0.051720 0.039916 0.049913 0.038749
8 62 87.126434 0.050773 0.039425 0.050597 0.038906
8 63 87.241379 0.051967 0.040146 0.050790 0.039017
8 64 87.356323 0.052512 0.040032 0.051656 0.039847
8 65 87.471268 0.052248 0.040029 0.050568 0.038726
8 66 87.586205 0.051558 0.039578 0.051830 0.039978
8 67 87.701149 0.050528 0.039081 0.051308 0.039561
8 68 87.816093 0.050626 0.039066 0.052463 0.040164
8 69 87.931038 0.050527 0.039132 0.050900 0.038971
8 70 88.045975 0.049760 0.038875 0.051292 0.040157
8 71 88.160919 0.050511 0.039137 0.050447 0.038933
8 72 88.275864 0.049910 0.038896 0.050470 0.038846
8 73 88.390808 0.051539 0.039790 0.050938 0.039585
8 74 88.505745 0.051482 0.040136 0.051069 0.039331
8 75 88.620689 0.049851 0.038631 0.052160 0.039955
8 76 88.735634 0.051809 0.040128 0.049698 0.038786
8 77 88.850578 0.051524 0.039296 0.051509 0.039753
8 78 88.965515 0.051390 0.039699 0.051210 0.039259
8 79 89.080460 0.051450 0.039583 0.051368 0.039279
8 80 89.195404 0.051108 0.039481 0.052161 0.040062
8 81 89.310349 0.050756 0.039030 0.050101 0.038876
8 82 89.425285 0.051508 0.039639 0.050849 0.039474
8 83 89.540230 0.052953 0.040057 0.052325 0.039206
8 84 89.655174 0.051853 0.040137 0.051613 0.039756
8 85 89.770119 0.050329 0.039280 0.050013 0.038797
8 86 89.885056 0.051187 0.039641 0.050753 0.039152
9 0 90.000000 0.051367 0.039333 0.051729 0.039679
9 1 90.114944 0.050808 0.038824 0.052122 0.039940
9 2 90.229881 0.050957 0.039306 0.051263 0.039931
9 3 90.344826 0.050839 0.039448 0.051104 0.039759
9 4 90.459770 0.050580 0.039271 0.050850 0.039360
9 5 90.574715 0.051646 0.040325 0.051305 0.039406
9 6 90.689651 0.050579 0.039640 0.050654 0.039066
9 7 90.804596 0.051495 0.039293 0.052897 0.039812
9 8 90.919540 0.050873 0.039269 0.050772 0.039209
9 9 91.034485 0.051358 0.040011 0.052240 0.040097
9 10 91.149422 0.051669 0.040053 0.051497 0.039849
9 11 91.264366 0.052264 0.040191 0.051197 0.039785
9 12 91.379311 0.050420 0.038910 0.052048 0.040437
9 13 91.494255 0.050988 0.039848 0.050391 0.039005
9 14 91.609192 0.051332 0.039389 0.050693 0.039098
9 15 91.724136 0.050800 0.039399 0.050887 0.039539
9 16 91.839081 0.052642 0.040117 0.052701 0.040629
9 17 91.954025 0.049607 0.038806 0.051019 0.039638
9 18 92.068962 0.052781 0.039711 0.052336 0.039756
9 19 92.183907 0.052067 0.039896 0.053163 0.040692
9 20 92.298851 0.050822 0.039466 0.050326 0.039321
9 21 92.413795 0.051052 0.039513 0.051060 0.039422
9 22 92.528732 0.051832 0.039682 0.052125 0.039644
9 23 92.643677 0.051293 0.039518 0.050573 0.039169
9 24 92.758621 0.051267 0.039370 0.050666 0.039304
9 25 92.873566 0.051403 0.040191 0.051377 0.039638
9 26 92.988503 0.051242 0.039768 0.052546 0.040426
9 27 93.103447 0.051414 0.040123 0.051124 0.039685
9 28 93.218391 0.050926 0.039325 0.051603 0.039932
9 29 93.333336 0.052045 0.039924 0.051051 0.039602
9 30 93.448273 0.052843 0.040175 0.052540 0.039868
9 31 93.563217 0.050211 0.038791 0.050752 0.039169
9 32 93.678162 0.052297 0.040322 0.050541 0.038722
9 33 93.793106 0.051316 0.039508 0.051498 0.039698
9 34 93.908043 0.051901 0.039978 0.051775 0.039732
9 35 94.022987 0.050807 0.039000 0.051862 0.040017
9 36 94.137932 0.051349 0.039411 0.049966 0.038519
9 37 94.252876 0.052287 0.039830 0.051664 0.038991
9 38 94.367813 0.051266 0.039318 0.050298 0.038772
9 39 94.482758 0.050041 0.038947 0.050835 0.039367
9 40 94.597702 0.050926 0.039709 0.049509 0.038516
9 41 94.712646 0.050415 0.038978 0.052465 0.040457
9 42 94.827583 0.050761 0.039103 0.050285 0.038490
9 43 94.942528 0.050513 0.039173 0.052294 0.040128
9 44 95.057472 0.050175 0.038759 0.051020 0.039770
9 45 95.172417 0.052334 0.039806 0.051787 0.039376
9 46 95.287354 0.051348 0.039516 0.051290 0.039723
9 47 95.402298 0.052050 0.040337 0.050729 0.039558
9 48 95.517242 0.051205 0.039939 0.050044 0.039084
9 49 95.632187 0.052416 0.040130 0.051730 0.039488
9 50 95.747124 0.051540 0.039754 0.050902 0.039493
9 51 95.862068 0.050710 0.039059 0.050473 0.039338
9 52 95.977013 0.051200 0.039382 0.051261 0.039089
9 53 96.091957 0.050628 0.038561 0.052036 0.039747
9 54 96.206894 0.050948 0.039856 0.050695 0.039448
9 55 96.321838 0.050809 0.039347 0.051148 0.039485
9 56 96.436783 0.052670 0.040645 0.050890 0.039420
9 57 96.551727 0.051628 0.039499 0.051424 0.039214
9 58 96.666664 0.050947 0.039235 0.051242 0.038918
9 59 96.781609 0.050874 0.039360 0.051849 0.039640
9 60 96.896553 0.050339 0.038795 0.052065 0.039996
9 61 97.011497 0.049457 0.038367 0.051235 0.039847
9 62 97.126434 0.050231 0.038991 0.051183 0.039795
9 63 97.241379 0.050640 0.039331 0.051422 0.039479
9 64 97.356323 0.050689 0.039117 0.050689 0.039170
9 65 97.471268 0.051389 0.039465 0.050774 0.039000
9 66 97.586205 0.051508 0.039965 0.049933 0.039042
9 67 97.701149 0.051401 0.039683 0.050927 0.039297
9 68 97.816093 0.050723 0.039367 0.050736 0.039306
9 69 97.931038 0.051397 0.039886 0.051699 0.040155
9 70 98.045975 0.051045 0.039548 0.050894 0.039466
9 71 98.160919 0.051853 0.039939 0.051111 0.039490
9 72 98.275864 0.050822 0.040072 0.051077 0.039832
9 73 98.390808 0.050221 0.039225 0.050757 0.039585
9 74 98.505745 0.050668 0.039270 0.050780 0.039322
9 75 98.620689 0.050271 0.038763 0.050543 0.039386
9 76 98.735634 0.050399 0.038841 0.049617 0.038379
9 77 98.850578 0.050923 0.039309 0.050962 0.039488
9 78 98.965515 0.050701 0.039173 0.050943 0.039145
9 79 99.080460 0.049406 0.038431 0.051796 0.040026
9 80 99.195404 0.051002 0.039533 0.049556 0.038686
9 81 99.310349 0.051878 0.040243 0.050879 0.039617
9 82 99.425285 0.051643 0.039654 0.050583 0.039352
9 83 99.540230 0.050853 0.039450 0.051370 0.039912
9 84 99.655174 0.050796 0.039066 0.050681 0.039120
9 85 99.770119 0.050818 0.039135 0.051577 0.039709
9 86 99.885056 0.050961 0.039327 0.051042 0.039548
