initializing
training size    : 359556
testing size     : 20000
epoch count      : 10
sub epoch size   : 5

epoch_learning_rate_decay   : 8
learning_rate_decay         : 0.250000

training



epoch [0 0] from [10 5]
training time per iterations 2.233288[ms]
testing on 20000 items
testing done
average error 0.005324
min error     0.000000
max error     0.177758
saving best net
best net saved to networks/disc8x8x3_window_size_4/net_7/trained/, with error 0.005324



epoch [0 1] from [10 5]
training time per iterations 2.211498[ms]
testing on 20000 items
testing done
average error 0.003444
min error     0.000000
max error     0.154776
saving best net
best net saved to networks/disc8x8x3_window_size_4/net_7/trained/, with error 0.003444



epoch [0 2] from [10 5]
training time per iterations 2.212568[ms]
testing on 20000 items
testing done
average error 0.002978
min error     0.000000
max error     0.167389
saving best net
best net saved to networks/disc8x8x3_window_size_4/net_7/trained/, with error 0.002978



epoch [0 3] from [10 5]
training time per iterations 2.205421[ms]
testing on 20000 items
testing done
average error 0.002812
min error     0.000000
max error     0.171903
saving best net
best net saved to networks/disc8x8x3_window_size_4/net_7/trained/, with error 0.002812



epoch [0 4] from [10 5]
training time per iterations 2.207326[ms]
testing on 20000 items
testing done
average error 0.002488
min error     0.000000
max error     0.174580
saving best net
best net saved to networks/disc8x8x3_window_size_4/net_7/trained/, with error 0.002488



epoch [1 0] from [10 5]
training time per iterations 2.207242[ms]
testing on 20000 items
testing done
average error 0.002360
min error     0.000000
max error     0.164746
saving best net
best net saved to networks/disc8x8x3_window_size_4/net_7/trained/, with error 0.002360



epoch [1 1] from [10 5]
training time per iterations 2.210677[ms]
testing on 20000 items
testing done
average error 0.002382
min error     0.000000
max error     0.177318



epoch [1 2] from [10 5]
training time per iterations 2.205838[ms]
testing on 20000 items
testing done
average error 0.002153
min error     0.000000
max error     0.177525
saving best net
best net saved to networks/disc8x8x3_window_size_4/net_7/trained/, with error 0.002153



epoch [1 3] from [10 5]
training time per iterations 2.217575[ms]
testing on 20000 items
testing done
average error 0.002101
min error     0.000000
max error     0.168896
saving best net
best net saved to networks/disc8x8x3_window_size_4/net_7/trained/, with error 0.002101



epoch [1 4] from [10 5]
training time per iterations 2.212235[ms]
testing on 20000 items
testing done
average error 0.002098
min error     0.000000
max error     0.172693
saving best net
best net saved to networks/disc8x8x3_window_size_4/net_7/trained/, with error 0.002098



epoch [2 0] from [10 5]
training time per iterations 2.211651[ms]
testing on 20000 items
testing done
average error 0.002083
min error     0.000000
max error     0.179856
saving best net
best net saved to networks/disc8x8x3_window_size_4/net_7/trained/, with error 0.002083



epoch [2 1] from [10 5]
training time per iterations 2.207228[ms]
testing on 20000 items
testing done
average error 0.001963
min error     0.000000
max error     0.168593
saving best net
best net saved to networks/disc8x8x3_window_size_4/net_7/trained/, with error 0.001963



epoch [2 2] from [10 5]
training time per iterations 2.207840[ms]
testing on 20000 items
testing done
average error 0.002105
min error     0.000000
max error     0.175092



epoch [2 3] from [10 5]
training time per iterations 2.209801[ms]
testing on 20000 items
testing done
average error 0.001946
min error     0.000000
max error     0.175825
saving best net
best net saved to networks/disc8x8x3_window_size_4/net_7/trained/, with error 0.001946



epoch [2 4] from [10 5]
training time per iterations 2.200289[ms]
testing on 20000 items
testing done
average error 0.001914
min error     0.000000
max error     0.173755
saving best net
best net saved to networks/disc8x8x3_window_size_4/net_7/trained/, with error 0.001914



epoch [3 0] from [10 5]
training time per iterations 2.211108[ms]
testing on 20000 items
testing done
average error 0.001916
min error     0.000000
max error     0.179776



epoch [3 1] from [10 5]
training time per iterations 2.212721[ms]
testing on 20000 items
testing done
average error 0.002219
min error     0.000000
max error     0.193325



epoch [3 2] from [10 5]
training time per iterations 2.190791[ms]
testing on 20000 items
testing done
average error 0.002008
min error     0.000000
max error     0.171015



epoch [3 3] from [10 5]
training time per iterations 2.208438[ms]
testing on 20000 items
testing done
average error 0.001861
min error     0.000000
max error     0.172066
saving best net
best net saved to networks/disc8x8x3_window_size_4/net_7/trained/, with error 0.001861



epoch [3 4] from [10 5]
training time per iterations 2.212582[ms]
testing on 20000 items
testing done
average error 0.001864
min error     0.000000
max error     0.180251



epoch [4 0] from [10 5]
training time per iterations 2.206227[ms]
testing on 20000 items
testing done
average error 0.001999
min error     0.000000
max error     0.162395



epoch [4 1] from [10 5]
training time per iterations 2.212109[ms]
testing on 20000 items
testing done
average error 0.001935
min error     0.000000
max error     0.174117



epoch [4 2] from [10 5]
training time per iterations 2.212443[ms]
testing on 20000 items
testing done
average error 0.001948
min error     0.000000
max error     0.174374



epoch [4 3] from [10 5]
training time per iterations 2.213194[ms]
testing on 20000 items
testing done
average error 0.001848
min error     0.000000
max error     0.166864
saving best net
best net saved to networks/disc8x8x3_window_size_4/net_7/trained/, with error 0.001848



epoch [4 4] from [10 5]
training time per iterations 2.204572[ms]
testing on 20000 items
testing done
average error 0.001811
min error     0.000000
max error     0.176840
saving best net
best net saved to networks/disc8x8x3_window_size_4/net_7/trained/, with error 0.001811



epoch [5 0] from [10 5]
training time per iterations 2.204600[ms]
testing on 20000 items
testing done
average error 0.001804
min error     0.000000
max error     0.183359
saving best net
best net saved to networks/disc8x8x3_window_size_4/net_7/trained/, with error 0.001804



epoch [5 1] from [10 5]
training time per iterations 2.213486[ms]
testing on 20000 items
testing done
average error 0.001865
min error     0.000000
max error     0.195681



epoch [5 2] from [10 5]
training time per iterations 2.204044[ms]
testing on 20000 items
testing done
average error 0.001880
min error     0.000000
max error     0.181004



epoch [5 3] from [10 5]
training time per iterations 2.206102[ms]
testing on 20000 items
testing done
average error 0.001746
min error     0.000000
max error     0.167510
saving best net
best net saved to networks/disc8x8x3_window_size_4/net_7/trained/, with error 0.001746



epoch [5 4] from [10 5]
training time per iterations 2.208563[ms]
testing on 20000 items
testing done
average error 0.001809
min error     0.000000
max error     0.181785



epoch [6 0] from [10 5]
training time per iterations 2.211539[ms]
testing on 20000 items
testing done
average error 0.001814
min error     0.000000
max error     0.178464



epoch [6 1] from [10 5]
training time per iterations 2.211011[ms]
testing on 20000 items
testing done
average error 0.001831
min error     0.000000
max error     0.193642



epoch [6 2] from [10 5]
training time per iterations 2.208536[ms]
testing on 20000 items
testing done
average error 0.001787
min error     0.000000
max error     0.172134



epoch [6 3] from [10 5]
training time per iterations 2.212916[ms]
testing on 20000 items
testing done
average error 0.002019
min error     0.000000
max error     0.238398



epoch [6 4] from [10 5]
training time per iterations 2.210121[ms]
testing on 20000 items
testing done
average error 0.001876
min error     0.000000
max error     0.179445



epoch [7 0] from [10 5]
training time per iterations 2.224361[ms]
testing on 20000 items
testing done
average error 0.001834
min error     0.000000
max error     0.173637



epoch [7 1] from [10 5]
training time per iterations 2.205073[ms]
testing on 20000 items
testing done
average error 0.001873
min error     0.000000
max error     0.168313



epoch [7 2] from [10 5]
training time per iterations 2.207312[ms]
testing on 20000 items
testing done
average error 0.002117
min error     0.000000
max error     0.201560



epoch [7 3] from [10 5]
training time per iterations 2.210176[ms]
testing on 20000 items
testing done
average error 0.001722
min error     0.000000
max error     0.189410
saving best net
best net saved to networks/disc8x8x3_window_size_4/net_7/trained/, with error 0.001722



epoch [7 4] from [10 5]
training time per iterations 2.210983[ms]
testing on 20000 items
testing done
average error 0.001799
min error     0.000000
max error     0.189216
setting learning rate to 0.000050



epoch [8 0] from [10 5]
training time per iterations 2.208118[ms]
testing on 20000 items
testing done
average error 0.001731
min error     0.000000
max error     0.186595



epoch [8 1] from [10 5]
training time per iterations 2.216156[ms]
testing on 20000 items
testing done
average error 0.001737
min error     0.000000
max error     0.180084



epoch [8 2] from [10 5]
training time per iterations 2.206909[ms]
testing on 20000 items
testing done
average error 0.001754
min error     0.000000
max error     0.187858



epoch [8 3] from [10 5]
training time per iterations 2.212638[ms]
testing on 20000 items
testing done
average error 0.001736
min error     0.000000
max error     0.189986



epoch [8 4] from [10 5]
training time per iterations 2.192126[ms]
testing on 20000 items
testing done
average error 0.001737
min error     0.000000
max error     0.182238



epoch [9 0] from [10 5]
training time per iterations 2.213041[ms]
testing on 20000 items
testing done
average error 0.001768
min error     0.000000
max error     0.185555



epoch [9 1] from [10 5]
training time per iterations 2.208744[ms]
testing on 20000 items
testing done
average error 0.001775
min error     0.000000
max error     0.191620



epoch [9 2] from [10 5]
training time per iterations 2.225876[ms]
testing on 20000 items
testing done
average error 0.001720
min error     0.000000
max error     0.185369
saving best net
best net saved to networks/disc8x8x3_window_size_4/net_7/trained/, with error 0.001720



epoch [9 3] from [10 5]
training time per iterations 2.215850[ms]
testing on 20000 items
testing done
average error 0.001692
min error     0.000000
max error     0.185664
saving best net
best net saved to networks/disc8x8x3_window_size_4/net_7/trained/, with error 0.001692



epoch [9 4] from [10 5]
training time per iterations 2.218423[ms]
testing on 20000 items
testing done
average error 0.001758
min error     0.000000
max error     0.192471
training done
