network init start

hyperparameters
init_weight_range 0.000000 ,xavier
learning_rate 0.000050
lambda1 0.000000
lambda2 0.000000
dropout 0.020000
minibatch size 32

   DENSE CONVOLUTION  [    8     8    12] [    3     3     8] [    8     8    20] [       864          8][     55808]
                RELU  [    8     8    20] [    1     1     1] [    8     8    20] [         0          0][      2560]
   DENSE CONVOLUTION  [    8     8    20] [    3     3     8] [    8     8    28] [      1440          8][     92672]
                RELU  [    8     8    28] [    1     1     1] [    8     8    28] [         0          0][      3584]
   DENSE CONVOLUTION  [    8     8    28] [    3     3     8] [    8     8    36] [      2016          8][    129536]
                RELU  [    8     8    36] [    1     1     1] [    8     8    36] [         0          0][      4608]
   DENSE CONVOLUTION  [    8     8    36] [    3     3     8] [    8     8    44] [      2592          8][    166400]
                RELU  [    8     8    44] [    1     1     1] [    8     8    44] [         0          0][      5632]
         CONVOLUTION  [    8     8    44] [    1     1    32] [    8     8    32] [      1408         32][     92160]
                RELU  [    8     8    32] [    1     1     1] [    8     8    32] [         0          0][      4096]
   DENSE CONVOLUTION  [    8     8    32] [    3     3     8] [    8     8    40] [      2304          8][    147968]
                RELU  [    8     8    40] [    1     1     1] [    8     8    40] [         0          0][      5120]
   DENSE CONVOLUTION  [    8     8    40] [    3     3     8] [    8     8    48] [      2880          8][    184832]
                RELU  [    8     8    48] [    1     1     1] [    8     8    48] [         0          0][      6144]
   DENSE CONVOLUTION  [    8     8    48] [    3     3     8] [    8     8    56] [      3456          8][    221696]
                RELU  [    8     8    56] [    1     1     1] [    8     8    56] [         0          0][      7168]
   DENSE CONVOLUTION  [    8     8    56] [    3     3     8] [    8     8    64] [      4032          8][    258560]
                RELU  [    8     8    64] [    1     1     1] [    8     8    64] [         0          0][      8192]
         CONVOLUTION  [    8     8    64] [    1     1    32] [    8     8    32] [      2048         32][    133120]
                RELU  [    8     8    32] [    1     1     1] [    8     8    32] [         0          0][      4096]
   DENSE CONVOLUTION  [    8     8    32] [    3     3     8] [    8     8    40] [      2304          8][    147968]
                RELU  [    8     8    40] [    1     1     1] [    8     8    40] [         0          0][      5120]
   DENSE CONVOLUTION  [    8     8    40] [    3     3     8] [    8     8    48] [      2880          8][    184832]
                RELU  [    8     8    48] [    1     1     1] [    8     8    48] [         0          0][      6144]
   DENSE CONVOLUTION  [    8     8    48] [    3     3     8] [    8     8    56] [      3456          8][    221696]
                RELU  [    8     8    56] [    1     1     1] [    8     8    56] [         0          0][      7168]
   DENSE CONVOLUTION  [    8     8    56] [    3     3     8] [    8     8    64] [      4032          8][    258560]
                RELU  [    8     8    64] [    1     1     1] [    8     8    64] [         0          0][      8192]
         CONVOLUTION  [    8     8    64] [    1     1    64] [    8     8    64] [      4096         64][    266240]
                RELU  [    8     8    64] [    1     1     1] [    8     8    64] [         0          0][      8192]
             DROPOUT  [    8     8    64] [    1     1     1] [    8     8    64] [         0          0][      8192]
                  FC  [    8     8    64] [    1     1     3] [    1     1     3] [     12288          3][     24582]

input_geometry  [8 8 12]
output_geometry [1 1 3]
network flops operations 2680838 FLOPS, 0.002681 GFLOPS
init DONE

network destructor done
