0.000000 0 0 0.005324 0.000000 0.177758 0.005433 0.000000 0.177758
0.200000 0 1 0.003444 0.000000 0.154776 0.003532 0.000000 0.226667
0.400000 0 2 0.002978 0.000000 0.167389 0.003036 0.000000 0.243105
0.600000 0 3 0.002812 0.000000 0.171903 0.002866 0.000000 0.258773
0.800000 0 4 0.002488 0.000000 0.174580 0.002597 0.000000 0.252174
1.000000 1 0 0.002360 0.000000 0.164746 0.002433 0.000000 0.156315
1.200000 1 1 0.002382 0.000000 0.177318 0.002445 0.000000 0.221644
1.400000 1 2 0.002153 0.000000 0.177525 0.002166 0.000000 0.246778
1.600000 1 3 0.002101 0.000000 0.168896 0.002172 0.000000 0.164700
1.800000 1 4 0.002098 0.000000 0.172693 0.002134 0.000000 0.234975
2.000000 2 0 0.002083 0.000000 0.179856 0.002129 0.000000 0.150007
2.200000 2 1 0.001963 0.000000 0.168593 0.002037 0.000000 0.190707
2.400000 2 2 0.002105 0.000000 0.175092 0.002129 0.000000 0.227981
2.600000 2 3 0.001946 0.000000 0.175825 0.002004 0.000000 0.169287
2.800000 2 4 0.001914 0.000000 0.173755 0.001945 0.000000 0.224638
3.000000 3 0 0.001916 0.000000 0.179776 0.001910 0.000000 0.220457
3.200000 3 1 0.002219 0.000000 0.193325 0.002287 0.000000 0.186074
3.400000 3 2 0.002008 0.000000 0.171015 0.002042 0.000000 0.207086
3.600000 3 3 0.001861 0.000000 0.172066 0.001876 0.000000 0.241463
3.800000 3 4 0.001864 0.000000 0.180251 0.001916 0.000000 0.170551
4.000000 4 0 0.001999 0.000000 0.162395 0.002036 0.000000 0.186127
4.200000 4 1 0.001935 0.000000 0.174117 0.001956 0.000000 0.241683
4.400000 4 2 0.001948 0.000000 0.174374 0.001987 0.000000 0.195269
4.600000 4 3 0.001848 0.000000 0.166864 0.001897 0.000000 0.242974
4.800000 4 4 0.001811 0.000000 0.176840 0.001841 0.000000 0.237120
5.000000 5 0 0.001804 0.000000 0.183359 0.001793 0.000000 0.176572
5.200000 5 1 0.001865 0.000000 0.195681 0.001911 0.000000 0.250554
5.400000 5 2 0.001880 0.000000 0.181004 0.001914 0.000000 0.160287
5.600000 5 3 0.001746 0.000000 0.167510 0.001764 0.000000 0.225036
5.800000 5 4 0.001809 0.000000 0.181785 0.001877 0.000000 0.228649
6.000000 6 0 0.001814 0.000000 0.178464 0.001847 0.000000 0.244896
6.200000 6 1 0.001831 0.000000 0.193642 0.001851 0.000000 0.193642
6.400000 6 2 0.001787 0.000000 0.172134 0.001796 0.000000 0.171026
6.600000 6 3 0.002019 0.000000 0.238398 0.002032 0.000000 0.238470
6.800000 6 4 0.001876 0.000000 0.179445 0.001901 0.000000 0.179445
7.000000 7 0 0.001834 0.000000 0.173637 0.001836 0.000000 0.238328
7.200000 7 1 0.001873 0.000000 0.168313 0.001892 0.000000 0.165974
7.400000 7 2 0.002117 0.000000 0.201560 0.002179 0.000000 0.201573
7.600000 7 3 0.001722 0.000000 0.189410 0.001765 0.000000 0.251816
7.800000 7 4 0.001799 0.000000 0.189216 0.001831 0.000000 0.236126
8.000000 8 0 0.001731 0.000000 0.186595 0.001749 0.000000 0.225662
8.200000 8 1 0.001737 0.000000 0.180084 0.001743 0.000000 0.181638
8.400000 8 2 0.001754 0.000000 0.187858 0.001784 0.000000 0.158091
8.600000 8 3 0.001736 0.000000 0.189986 0.001751 0.000000 0.240008
8.800000 8 4 0.001737 0.000000 0.182238 0.001750 0.000000 0.159355
9.000000 9 0 0.001768 0.000000 0.185555 0.001800 0.000000 0.234337
9.200000 9 1 0.001775 0.000000 0.191620 0.001786 0.000000 0.191620
9.400000 9 2 0.001720 0.000000 0.185369 0.001756 0.000000 0.210176
9.600000 9 3 0.001692 0.000000 0.185664 0.001713 0.000000 0.235744
9.800000 9 4 0.001758 0.000000 0.192471 0.001787 0.000000 0.169382
