0 0 0.000000 0.972123 0.126552 0.973325 0.125219
0 1 0.114943 0.970780 0.127055 0.970453 0.125685
0 2 0.229885 0.971146 0.125754 0.970648 0.124522
0 3 0.344828 0.969777 0.126460 0.972535 0.126815
0 4 0.459770 0.968582 0.124888 0.971518 0.126592
0 5 0.574713 0.970350 0.126536 0.971859 0.126035
0 6 0.689655 0.973597 0.127990 0.971478 0.127795
0 7 0.804598 0.972869 0.125411 0.972835 0.127250
0 8 0.919540 0.971699 0.125212 0.972829 0.128114
0 9 1.034483 0.972138 0.125848 0.972801 0.127208
0 10 1.149425 0.971389 0.125994 0.971871 0.127032
0 11 1.264368 0.969595 0.127280 0.970387 0.126454
0 12 1.379310 0.971540 0.125551 0.975134 0.129107
0 13 1.494253 0.972754 0.126310 0.974211 0.127561
0 14 1.609195 0.968965 0.126586 0.971388 0.126642
0 15 1.724138 0.971617 0.126475 0.967744 0.125084
0 16 1.839080 0.972511 0.127234 0.969981 0.125242
0 17 1.954023 0.972837 0.127629 0.972526 0.126401
0 18 2.068965 0.973187 0.126029 0.971260 0.127780
0 19 2.183908 0.972059 0.127961 0.971049 0.126954
0 20 2.298851 0.970337 0.127111 0.969525 0.127642
0 21 2.413793 0.972173 0.125921 0.974597 0.126849
0 22 2.528736 0.969803 0.125737 0.971355 0.128482
0 23 2.643678 0.969867 0.126655 0.969658 0.126060
0 24 2.758621 0.968962 0.124901 0.972248 0.127352
0 25 2.873563 0.972215 0.126981 0.971098 0.125945
0 26 2.988506 0.972917 0.126760 0.972625 0.128649
0 27 3.103448 0.971379 0.126791 0.972360 0.128256
0 28 3.218391 0.971104 0.127382 0.973665 0.127634
0 29 3.333333 0.973297 0.126751 0.972287 0.127995
0 30 3.448276 0.968338 0.125559 0.972803 0.126582
0 31 3.563218 0.969180 0.126207 0.972180 0.126731
0 32 3.678161 0.972606 0.126785 0.974522 0.128592
0 33 3.793103 0.969610 0.125369 0.969131 0.124555
0 34 3.908046 0.973392 0.125839 0.971791 0.125858
0 35 4.022988 0.973506 0.128310 0.972591 0.124974
0 36 4.137931 0.969513 0.124154 0.974282 0.126729
0 37 4.252873 0.971722 0.125663 0.969515 0.125379
0 38 4.367816 0.970469 0.125350 0.973132 0.126362
0 39 4.482759 0.969524 0.126099 0.972444 0.126193
0 40 4.597701 0.974006 0.126109 0.972438 0.125507
0 41 4.712644 0.971260 0.127393 0.971662 0.126406
0 42 4.827586 0.974398 0.127899 0.968959 0.124608
0 43 4.942529 0.972691 0.126907 0.971881 0.126968
0 44 5.057471 0.973420 0.127539 0.971903 0.126551
0 45 5.172414 0.971793 0.127073 0.972525 0.127700
0 46 5.287356 0.971654 0.126145 0.970885 0.126074
0 47 5.402299 0.972574 0.125542 0.973538 0.130019
0 48 5.517241 0.970470 0.125817 0.972260 0.127708
0 49 5.632184 0.972916 0.125337 0.971372 0.127013
0 50 5.747127 0.973325 0.125577 0.972749 0.125733
0 51 5.862069 0.971609 0.126102 0.972139 0.127103
0 52 5.977012 0.971451 0.125198 0.973016 0.127335
0 53 6.091954 0.972414 0.125273 0.972314 0.126893
0 54 6.206897 0.971637 0.127024 0.971618 0.125520
0 55 6.321839 0.967630 0.124849 0.971689 0.125884
0 56 6.436781 0.972587 0.125462 0.968480 0.125631
0 57 6.551724 0.969421 0.124248 0.970093 0.126915
0 58 6.666667 0.970902 0.126630 0.970604 0.126016
0 59 6.781609 0.970468 0.127843 0.969479 0.126341
0 60 6.896552 0.971151 0.126841 0.971454 0.127059
0 61 7.011494 0.973049 0.126312 0.970581 0.126908
0 62 7.126437 0.970701 0.126932 0.970531 0.127683
0 63 7.241379 0.972930 0.126301 0.971639 0.126551
0 64 7.356322 0.972595 0.126807 0.969722 0.126606
0 65 7.471264 0.970361 0.128653 0.972363 0.126724
0 66 7.586207 0.974422 0.126044 0.971398 0.126682
0 67 7.701149 0.970959 0.125220 0.971537 0.126260
0 68 7.816092 0.972013 0.127513 0.974132 0.128918
0 69 7.931035 0.973794 0.127982 0.972170 0.128027
0 70 8.045977 0.971383 0.125231 0.970349 0.126232
0 71 8.160919 0.970655 0.124795 0.969760 0.124560
0 72 8.275862 0.970890 0.125763 0.970222 0.127233
0 73 8.390804 0.972854 0.127856 0.969455 0.127547
0 74 8.505747 0.968716 0.125312 0.970019 0.126867
0 75 8.620689 0.971440 0.127154 0.973257 0.126077
0 76 8.735632 0.971542 0.125642 0.972724 0.128848
0 77 8.850574 0.971709 0.124950 0.973315 0.128103
0 78 8.965517 0.971811 0.126639 0.971868 0.126841
0 79 9.080460 0.973015 0.125140 0.973367 0.126997
0 80 9.195402 0.969508 0.124487 0.968013 0.125204
0 81 9.310345 0.968857 0.124285 0.972417 0.125942
0 82 9.425287 0.972498 0.126373 0.972706 0.126013
0 83 9.540230 0.970139 0.128369 0.969485 0.125802
0 84 9.655172 0.970058 0.125065 0.972298 0.126934
0 85 9.770115 0.969550 0.125653 0.972825 0.127691
0 86 9.885057 0.969670 0.126066 0.972474 0.127119
1 0 10.000000 0.970989 0.127891 0.973564 0.125920
1 1 10.114943 0.972436 0.127017 0.969652 0.124663
1 2 10.229885 0.972194 0.129024 0.969830 0.125252
1 3 10.344828 0.973534 0.127345 0.972043 0.124974
1 4 10.459770 0.973808 0.126267 0.970890 0.124983
1 5 10.574713 0.969774 0.126345 0.974540 0.128704
1 6 10.689655 0.971678 0.127049 0.971351 0.124644
1 7 10.804598 0.970653 0.126023 0.971959 0.125383
1 8 10.919540 0.971261 0.125741 0.971230 0.128191
1 9 11.034483 0.972057 0.125861 0.971826 0.125839
1 10 11.149426 0.970393 0.126417 0.972070 0.126878
1 11 11.264368 0.970375 0.124822 0.972680 0.126434
1 12 11.379311 0.969813 0.126686 0.972096 0.127141
1 13 11.494253 0.973746 0.127561 0.970281 0.125509
1 14 11.609196 0.974279 0.128689 0.970905 0.125746
1 15 11.724138 0.972163 0.126784 0.970991 0.126606
1 16 11.839081 0.972795 0.127354 0.970758 0.125556
1 17 11.954023 0.968240 0.125650 0.971537 0.125679
1 18 12.068966 0.969188 0.126629 0.972710 0.127296
1 19 12.183908 0.971593 0.126381 0.972123 0.127941
1 20 12.298851 0.970896 0.126988 0.971738 0.125038
1 21 12.413794 0.971182 0.127033 0.970040 0.126238
1 22 12.528735 0.971324 0.127127 0.969948 0.125976
1 23 12.643678 0.974702 0.127294 0.972701 0.125038
1 24 12.758620 0.970891 0.125654 0.970781 0.127090
1 25 12.873563 0.971653 0.128656 0.969671 0.125449
1 26 12.988505 0.970029 0.124119 0.972347 0.127884
1 27 13.103448 0.971809 0.127053 0.973003 0.125264
1 28 13.218390 0.969990 0.126569 0.972203 0.125228
1 29 13.333333 0.971033 0.126610 0.968914 0.125010
1 30 13.448276 0.970138 0.127214 0.972656 0.128759
1 31 13.563218 0.972660 0.127269 0.972676 0.125891
1 32 13.678161 0.971699 0.128123 0.969749 0.127172
1 33 13.793103 0.975265 0.126838 0.972787 0.127022
1 34 13.908046 0.971223 0.126267 0.971856 0.128634
1 35 14.022988 0.971177 0.125292 0.971674 0.125882
1 36 14.137931 0.971965 0.126601 0.974326 0.125918
1 37 14.252873 0.971419 0.125431 0.972734 0.125885
1 38 14.367816 0.971944 0.127412 0.969223 0.124972
1 39 14.482759 0.973512 0.127324 0.970336 0.124240
1 40 14.597701 0.970705 0.125073 0.970300 0.125128
1 41 14.712644 0.971673 0.126451 0.972479 0.127733
1 42 14.827586 0.970156 0.126372 0.971933 0.127038
1 43 14.942529 0.975650 0.127987 0.971121 0.127220
1 44 15.057471 0.972220 0.126797 0.974184 0.127352
1 45 15.172414 0.972144 0.126757 0.974378 0.126677
1 46 15.287356 0.970165 0.125316 0.972437 0.129365
1 47 15.402299 0.974270 0.127648 0.973008 0.126642
1 48 15.517241 0.969053 0.125986 0.972057 0.125530
1 49 15.632184 0.971303 0.126297 0.969769 0.127015
1 50 15.747127 0.975208 0.127598 0.970171 0.125027
1 51 15.862069 0.970592 0.126572 0.974095 0.126838
1 52 15.977012 0.972583 0.127227 0.970890 0.127066
1 53 16.091953 0.970731 0.127671 0.971538 0.126499
1 54 16.206896 0.968995 0.125978 0.972303 0.126891
1 55 16.321838 0.972505 0.127696 0.968923 0.127963
1 56 16.436781 0.969754 0.126403 0.971704 0.127479
1 57 16.551723 0.972388 0.126881 0.971436 0.125957
1 58 16.666666 0.971711 0.125246 0.969325 0.126454
1 59 16.781609 0.975020 0.127673 0.970872 0.125824
1 60 16.896551 0.971482 0.126562 0.972510 0.126777
1 61 17.011494 0.971832 0.126970 0.973168 0.127278
1 62 17.126436 0.971958 0.125768 0.971501 0.125360
1 63 17.241379 0.972573 0.126116 0.973434 0.126941
1 64 17.356321 0.968878 0.125897 0.971288 0.127187
1 65 17.471264 0.970490 0.126940 0.969998 0.125004
1 66 17.586206 0.975366 0.128484 0.972226 0.124657
1 67 17.701149 0.968612 0.124838 0.971347 0.126318
1 68 17.816092 0.970273 0.125708 0.971923 0.126369
1 69 17.931034 0.972823 0.126227 0.973335 0.128065
1 70 18.045977 0.973107 0.127416 0.970320 0.126529
1 71 18.160919 0.971333 0.127284 0.974140 0.126154
1 72 18.275862 0.968686 0.127610 0.971505 0.125973
1 73 18.390804 0.972640 0.126537 0.972570 0.126059
1 74 18.505747 0.971737 0.126868 0.970738 0.125793
1 75 18.620689 0.972171 0.126877 0.970355 0.124564
1 76 18.735632 0.970505 0.126578 0.973136 0.126203
1 77 18.850574 0.971861 0.126909 0.972916 0.125888
1 78 18.965517 0.970065 0.125339 0.970217 0.126182
1 79 19.080460 0.975308 0.125579 0.972133 0.127432
1 80 19.195402 0.971195 0.124202 0.971217 0.126531
1 81 19.310345 0.971903 0.125156 0.974424 0.128294
1 82 19.425287 0.972016 0.127832 0.971254 0.126662
1 83 19.540230 0.972511 0.128464 0.972467 0.127691
1 84 19.655172 0.969705 0.126239 0.971546 0.125778
1 85 19.770115 0.971955 0.128585 0.970211 0.127100
1 86 19.885057 0.972279 0.125797 0.973006 0.126848
2 0 20.000000 0.970113 0.125652 0.970011 0.126970
2 1 20.114943 0.973240 0.127855 0.970967 0.125548
2 2 20.229885 0.971777 0.127365 0.971616 0.125764
2 3 20.344828 0.974847 0.127195 0.972009 0.126263
2 4 20.459770 0.969972 0.127067 0.970914 0.124415
2 5 20.574713 0.971130 0.126341 0.974201 0.126704
2 6 20.689655 0.972984 0.126920 0.971621 0.126084
2 7 20.804598 0.970867 0.125858 0.971494 0.127497
2 8 20.919540 0.974639 0.127720 0.970162 0.125294
2 9 21.034483 0.970848 0.124468 0.970236 0.127023
2 10 21.149426 0.972697 0.127343 0.969835 0.126616
2 11 21.264368 0.970927 0.126417 0.972431 0.126914
2 12 21.379311 0.974695 0.126574 0.970391 0.125552
2 13 21.494253 0.973585 0.126221 0.970710 0.127430
2 14 21.609196 0.972421 0.125984 0.973100 0.126349
2 15 21.724138 0.971378 0.126865 0.970033 0.126337
2 16 21.839081 0.970284 0.126758 0.970820 0.126601
2 17 21.954023 0.973095 0.127022 0.971745 0.128156
2 18 22.068966 0.969696 0.126407 0.969887 0.125528
2 19 22.183908 0.969925 0.125648 0.970058 0.126623
2 20 22.298851 0.970690 0.125275 0.973576 0.126677
2 21 22.413794 0.968167 0.126704 0.970996 0.126487
2 22 22.528736 0.972484 0.126753 0.973002 0.126141
2 23 22.643679 0.971599 0.125690 0.972572 0.124544
2 24 22.758621 0.972104 0.126909 0.971312 0.126329
2 25 22.873564 0.972259 0.126210 0.971399 0.126081
2 26 22.988506 0.974360 0.127824 0.969820 0.126049
2 27 23.103449 0.971543 0.126175 0.971258 0.127317
2 28 23.218391 0.973424 0.127354 0.971228 0.126069
2 29 23.333334 0.971710 0.127475 0.971962 0.126101
2 30 23.448277 0.973500 0.126674 0.971430 0.126049
2 31 23.563219 0.973240 0.125295 0.971454 0.125846
2 32 23.678162 0.970318 0.125407 0.968159 0.123913
2 33 23.793104 0.969640 0.127919 0.968730 0.125796
2 34 23.908047 0.972085 0.125046 0.970559 0.125509
2 35 24.022989 0.973385 0.126886 0.971362 0.127394
2 36 24.137932 0.971338 0.126639 0.971794 0.126189
2 37 24.252874 0.970963 0.125487 0.973294 0.126472
2 38 24.367817 0.971945 0.125138 0.971436 0.127232
2 39 24.482759 0.971226 0.124699 0.970243 0.125937
2 40 24.597702 0.970766 0.127068 0.967782 0.125101
2 41 24.712645 0.972377 0.126507 0.970777 0.126356
2 42 24.827587 0.973662 0.127521 0.973067 0.127438
2 43 24.942530 0.975020 0.126601 0.970916 0.127172
2 44 25.057470 0.968741 0.126827 0.968743 0.125370
2 45 25.172413 0.970819 0.127389 0.971262 0.125160
2 46 25.287355 0.970792 0.126555 0.969486 0.124464
2 47 25.402298 0.972331 0.126800 0.970582 0.126319
2 48 25.517241 0.971765 0.126774 0.971814 0.126538
2 49 25.632183 0.970212 0.127585 0.971321 0.124863
2 50 25.747126 0.971886 0.125827 0.972171 0.127821
2 51 25.862068 0.971079 0.126963 0.970309 0.124166
2 52 25.977011 0.970901 0.126660 0.970032 0.124981
2 53 26.091953 0.970382 0.126746 0.970954 0.126923
2 54 26.206896 0.971450 0.127390 0.967827 0.124807
2 55 26.321838 0.972783 0.126896 0.971712 0.126228
2 56 26.436781 0.971692 0.127841 0.968802 0.124451
2 57 26.551723 0.972242 0.126908 0.972707 0.126610
2 58 26.666666 0.970059 0.125102 0.972361 0.125782
2 59 26.781609 0.972060 0.126389 0.970923 0.125239
2 60 26.896551 0.969616 0.126254 0.974230 0.127018
2 61 27.011494 0.973841 0.126110 0.971525 0.125558
2 62 27.126436 0.968779 0.125215 0.970361 0.125444
2 63 27.241379 0.970877 0.127251 0.970412 0.125444
2 64 27.356321 0.974431 0.127751 0.969983 0.125340
2 65 27.471264 0.970383 0.125894 0.972938 0.126014
2 66 27.586206 0.972222 0.126404 0.973449 0.126329
2 67 27.701149 0.971715 0.126374 0.970513 0.127449
2 68 27.816092 0.971028 0.126860 0.971500 0.128119
2 69 27.931034 0.972930 0.125713 0.973292 0.127518
2 70 28.045977 0.973083 0.127801 0.970297 0.126928
2 71 28.160919 0.971653 0.127606 0.968235 0.124263
2 72 28.275862 0.973838 0.128305 0.972884 0.126555
2 73 28.390804 0.972448 0.125612 0.970524 0.125581
2 74 28.505747 0.971732 0.126034 0.972401 0.126612
2 75 28.620689 0.973818 0.127747 0.970043 0.127206
2 76 28.735632 0.974220 0.126299 0.971672 0.127441
2 77 28.850574 0.973059 0.127997 0.972521 0.126145
2 78 28.965517 0.971732 0.125807 0.971555 0.125888
2 79 29.080460 0.972918 0.127790 0.970739 0.127768
2 80 29.195402 0.970392 0.125537 0.972357 0.124973
2 81 29.310345 0.971061 0.125400 0.972332 0.126869
2 82 29.425287 0.972488 0.126654 0.970449 0.124366
2 83 29.540230 0.973408 0.128460 0.972355 0.126125
2 84 29.655172 0.970281 0.125495 0.972878 0.125999
2 85 29.770115 0.973240 0.126549 0.971613 0.125620
2 86 29.885057 0.969225 0.124656 0.971638 0.126564
3 0 30.000000 0.970613 0.126733 0.975820 0.128303
3 1 30.114943 0.972495 0.125991 0.974311 0.126406
3 2 30.229885 0.970059 0.124725 0.973337 0.126676
3 3 30.344828 0.968415 0.126302 0.971107 0.126986
3 4 30.459770 0.971162 0.126742 0.970576 0.126121
3 5 30.574713 0.971019 0.125429 0.971069 0.127272
3 6 30.689655 0.971845 0.125882 0.969606 0.125734
3 7 30.804598 0.974858 0.127543 0.971046 0.123744
3 8 30.919540 0.971500 0.126151 0.972397 0.125508
3 9 31.034483 0.971084 0.124620 0.973107 0.127827
3 10 31.149426 0.972028 0.126330 0.968374 0.125320
3 11 31.264368 0.969313 0.124540 0.970978 0.125476
3 12 31.379311 0.971150 0.127268 0.970469 0.126758
3 13 31.494253 0.969487 0.125474 0.971271 0.127171
3 14 31.609196 0.972063 0.127580 0.971301 0.126530
3 15 31.724138 0.972061 0.125958 0.967550 0.124559
3 16 31.839081 0.971382 0.127285 0.968328 0.126901
3 17 31.954023 0.972211 0.126914 0.971434 0.126960
3 18 32.068966 0.973558 0.127695 0.971483 0.126492
3 19 32.183907 0.971276 0.125562 0.971434 0.125450
3 20 32.298851 0.972255 0.125719 0.971338 0.125106
3 21 32.413792 0.972833 0.127972 0.970654 0.126821
3 22 32.528736 0.971406 0.125837 0.969977 0.127639
3 23 32.643677 0.968737 0.124662 0.971857 0.125818
3 24 32.758621 0.970205 0.126086 0.973996 0.127084
3 25 32.873562 0.972726 0.127260 0.973617 0.126189
3 26 32.988506 0.971927 0.125655 0.969896 0.126440
3 27 33.103447 0.971028 0.127628 0.971154 0.124959
3 28 33.218391 0.974491 0.126674 0.970174 0.126186
3 29 33.333332 0.971183 0.127270 0.972036 0.125481
3 30 33.448277 0.967592 0.124146 0.971140 0.126155
3 31 33.563217 0.970663 0.127516 0.970928 0.128467
3 32 33.678162 0.972305 0.126363 0.969955 0.124741
3 33 33.793102 0.970547 0.124120 0.970981 0.126252
3 34 33.908047 0.970623 0.127364 0.971910 0.127843
3 35 34.022987 0.974474 0.129038 0.970270 0.125489
3 36 34.137932 0.968359 0.125141 0.970050 0.124766
3 37 34.252872 0.973319 0.127558 0.970847 0.125220
3 38 34.367817 0.970593 0.125591 0.969090 0.124314
3 39 34.482758 0.969956 0.125859 0.971792 0.126698
3 40 34.597702 0.972426 0.126318 0.969833 0.126042
3 41 34.712643 0.969343 0.126091 0.972508 0.128117
3 42 34.827587 0.971497 0.126503 0.970486 0.125466
3 43 34.942528 0.974630 0.127346 0.969605 0.125784
3 44 35.057472 0.970968 0.128139 0.970159 0.126926
3 45 35.172413 0.968366 0.125448 0.970509 0.125730
3 46 35.287357 0.971347 0.127179 0.968443 0.125981
3 47 35.402298 0.971742 0.125326 0.972524 0.127479
3 48 35.517242 0.971396 0.126096 0.973188 0.125929
3 49 35.632183 0.972412 0.127198 0.967483 0.124031
3 50 35.747128 0.972246 0.125605 0.970428 0.126204
3 51 35.862068 0.972605 0.128466 0.971389 0.126463
3 52 35.977013 0.971650 0.126729 0.971114 0.124975
3 53 36.091953 0.969814 0.126120 0.971977 0.125539
3 54 36.206898 0.969632 0.125322 0.973900 0.127751
3 55 36.321838 0.969459 0.124966 0.969303 0.127191
3 56 36.436783 0.970893 0.126644 0.971723 0.127306
3 57 36.551723 0.971280 0.126039 0.971131 0.125468
3 58 36.666668 0.972798 0.126722 0.973578 0.127255
3 59 36.781609 0.973499 0.126598 0.972980 0.126577
3 60 36.896553 0.971831 0.129223 0.970532 0.126529
3 61 37.011494 0.970703 0.127385 0.970170 0.126684
3 62 37.126438 0.971481 0.126826 0.969559 0.124753
3 63 37.241379 0.972950 0.128422 0.970837 0.125937
3 64 37.356323 0.971205 0.126545 0.970221 0.125816
3 65 37.471264 0.971017 0.128422 0.971540 0.125062
3 66 37.586208 0.970600 0.125146 0.972811 0.127173
3 67 37.701149 0.969313 0.124158 0.970587 0.126880
3 68 37.816093 0.968624 0.126304 0.972754 0.128150
3 69 37.931034 0.969917 0.127053 0.968172 0.124160
3 70 38.045979 0.972579 0.127890 0.972567 0.127348
3 71 38.160919 0.970447 0.127256 0.971651 0.126503
3 72 38.275864 0.972232 0.127474 0.973258 0.126936
3 73 38.390804 0.971898 0.127120 0.970975 0.126907
3 74 38.505749 0.971795 0.127600 0.970896 0.126482
3 75 38.620689 0.970813 0.125197 0.970489 0.125742
3 76 38.735634 0.972314 0.127286 0.972730 0.126239
3 77 38.850574 0.968446 0.124419 0.970904 0.125284
3 78 38.965519 0.971242 0.127573 0.972431 0.125977
3 79 39.080460 0.970439 0.126254 0.970952 0.128190
3 80 39.195404 0.972545 0.125230 0.972149 0.125210
3 81 39.310345 0.972963 0.127476 0.973683 0.126504
3 82 39.425289 0.970307 0.125201 0.971623 0.126751
3 83 39.540230 0.971080 0.127117 0.972241 0.127024
3 84 39.655174 0.972419 0.126389 0.973604 0.129689
3 85 39.770115 0.971739 0.127590 0.971492 0.126182
3 86 39.885059 0.971629 0.124753 0.975056 0.126513
4 0 40.000000 0.973545 0.127335 0.971122 0.127049
4 1 40.114941 0.972010 0.127197 0.970762 0.124364
4 2 40.229885 0.970852 0.124609 0.972111 0.127898
4 3 40.344826 0.972413 0.126387 0.972548 0.125913
4 4 40.459770 0.969902 0.126668 0.973846 0.125785
4 5 40.574711 0.972407 0.125908 0.968903 0.125117
4 6 40.689655 0.972433 0.127225 0.971054 0.125295
4 7 40.804596 0.971247 0.127667 0.970128 0.126357
4 8 40.919540 0.970669 0.126314 0.970398 0.126220
4 9 41.034481 0.971321 0.127556 0.971456 0.126251
4 10 41.149426 0.969671 0.125946 0.973002 0.127714
4 11 41.264366 0.967889 0.125216 0.971028 0.126196
4 12 41.379311 0.970571 0.124209 0.968307 0.126706
4 13 41.494251 0.968610 0.126794 0.974853 0.127269
4 14 41.609196 0.973220 0.127369 0.973393 0.126675
4 15 41.724136 0.974691 0.127303 0.968930 0.126568
4 16 41.839081 0.970739 0.126585 0.970788 0.125832
4 17 41.954021 0.973491 0.127467 0.977326 0.127410
4 18 42.068966 0.971846 0.126764 0.972198 0.126698
4 19 42.183907 0.970275 0.126420 0.970472 0.125116
4 20 42.298851 0.971782 0.127346 0.973326 0.126517
4 21 42.413792 0.972612 0.127967 0.975511 0.127235
4 22 42.528736 0.973391 0.125759 0.973409 0.126934
4 23 42.643677 0.969619 0.125684 0.970777 0.125238
4 24 42.758621 0.972678 0.127132 0.971679 0.125657
4 25 42.873562 0.968869 0.124691 0.970273 0.125887
4 26 42.988506 0.969919 0.126202 0.972308 0.128030
4 27 43.103447 0.972291 0.127539 0.971567 0.125833
4 28 43.218391 0.969829 0.126885 0.971909 0.127581
4 29 43.333332 0.972792 0.126826 0.972975 0.126757
4 30 43.448277 0.972227 0.126701 0.970555 0.126697
4 31 43.563217 0.972240 0.126309 0.971532 0.126624
4 32 43.678162 0.969744 0.125662 0.972071 0.125154
4 33 43.793102 0.970394 0.126504 0.969519 0.124842
4 34 43.908047 0.971690 0.126503 0.972364 0.126935
4 35 44.022987 0.970768 0.125990 0.969673 0.126317
4 36 44.137932 0.970709 0.126170 0.969914 0.126566
4 37 44.252872 0.972563 0.126628 0.972058 0.126765
4 38 44.367817 0.973615 0.127205 0.972182 0.126608
4 39 44.482758 0.971696 0.125369 0.970449 0.125845
4 40 44.597702 0.970666 0.127085 0.971372 0.125766
4 41 44.712643 0.972344 0.127360 0.971874 0.127183
4 42 44.827587 0.972286 0.126348 0.971621 0.127024
4 43 44.942528 0.973128 0.126084 0.968566 0.125721
4 44 45.057472 0.972717 0.126981 0.970562 0.125876
4 45 45.172413 0.969392 0.128347 0.968969 0.124726
4 46 45.287357 0.974010 0.126770 0.969857 0.125472
4 47 45.402298 0.973003 0.127155 0.972934 0.127073
4 48 45.517242 0.970477 0.126685 0.972246 0.127642
4 49 45.632183 0.973755 0.128133 0.971826 0.125554
4 50 45.747128 0.971881 0.126609 0.972157 0.126100
4 51 45.862068 0.970856 0.126114 0.972592 0.127543
4 52 45.977013 0.971127 0.125951 0.972335 0.127131
4 53 46.091953 0.972908 0.127650 0.969560 0.126799
4 54 46.206898 0.972272 0.126208 0.973086 0.127534
4 55 46.321838 0.973062 0.126909 0.971288 0.126993
4 56 46.436783 0.974934 0.127283 0.971731 0.124996
4 57 46.551723 0.972591 0.126181 0.970032 0.126407
4 58 46.666668 0.970478 0.127019 0.972288 0.126133
4 59 46.781609 0.972133 0.125604 0.970641 0.127152
4 60 46.896553 0.969148 0.126295 0.972180 0.125749
4 61 47.011494 0.973390 0.126233 0.972410 0.127442
4 62 47.126438 0.972569 0.125333 0.974254 0.126305
4 63 47.241379 0.971828 0.126637 0.973992 0.127334
4 64 47.356323 0.971766 0.126535 0.971977 0.125794
4 65 47.471264 0.970864 0.125708 0.971114 0.126140
4 66 47.586208 0.971647 0.125195 0.971626 0.127245
4 67 47.701149 0.971906 0.125244 0.974944 0.128316
4 68 47.816093 0.969363 0.124682 0.972481 0.125625
4 69 47.931034 0.969369 0.125548 0.971078 0.125900
4 70 48.045979 0.972170 0.126481 0.975672 0.126428
4 71 48.160919 0.972083 0.126777 0.971225 0.125588
4 72 48.275864 0.971997 0.127086 0.970491 0.124366
4 73 48.390804 0.972903 0.126361 0.970451 0.125138
4 74 48.505749 0.972324 0.125465 0.971005 0.126305
4 75 48.620689 0.971802 0.126432 0.967765 0.124129
4 76 48.735634 0.970348 0.126647 0.972908 0.127338
4 77 48.850574 0.973339 0.126780 0.972769 0.126522
4 78 48.965519 0.973127 0.127282 0.970042 0.124587
4 79 49.080460 0.973458 0.127405 0.971592 0.125185
4 80 49.195404 0.970978 0.128755 0.970029 0.127692
4 81 49.310345 0.973826 0.127306 0.971553 0.127063
4 82 49.425289 0.974174 0.127276 0.973486 0.127008
4 83 49.540230 0.971104 0.126010 0.974124 0.127360
4 84 49.655174 0.972374 0.126692 0.973959 0.125397
4 85 49.770115 0.975164 0.128639 0.969776 0.125854
4 86 49.885059 0.971256 0.126610 0.972259 0.127276
5 0 50.000000 0.972189 0.126102 0.969836 0.126111
5 1 50.114941 0.973576 0.126950 0.972903 0.127978
5 2 50.229885 0.973791 0.127983 0.972839 0.127137
5 3 50.344826 0.967902 0.123855 0.971720 0.127208
5 4 50.459770 0.972460 0.124730 0.971409 0.125883
5 5 50.574711 0.971354 0.124508 0.973373 0.127277
5 6 50.689655 0.972367 0.125949 0.973826 0.126376
5 7 50.804596 0.970970 0.125962 0.971953 0.127937
5 8 50.919540 0.972019 0.126829 0.969799 0.125572
5 9 51.034481 0.973046 0.127799 0.972439 0.126562
5 10 51.149426 0.971721 0.124886 0.972045 0.127239
5 11 51.264366 0.973024 0.127362 0.971299 0.127190
5 12 51.379311 0.972018 0.126881 0.973056 0.127233
5 13 51.494251 0.975905 0.128016 0.974184 0.127293
5 14 51.609196 0.972440 0.126069 0.969252 0.126471
5 15 51.724136 0.970044 0.125677 0.971949 0.125947
5 16 51.839081 0.970382 0.126990 0.972686 0.125670
5 17 51.954021 0.971845 0.127811 0.971875 0.127180
5 18 52.068966 0.968754 0.125525 0.971989 0.125504
5 19 52.183907 0.972616 0.127940 0.973264 0.127432
5 20 52.298851 0.974352 0.127689 0.970008 0.126037
5 21 52.413792 0.970991 0.125768 0.973834 0.127884
5 22 52.528736 0.971811 0.126157 0.971006 0.127472
5 23 52.643677 0.970189 0.127775 0.972880 0.126502
5 24 52.758621 0.973610 0.125718 0.969993 0.126132
5 25 52.873562 0.973438 0.125908 0.974457 0.127564
5 26 52.988506 0.970690 0.125478 0.972758 0.125878
5 27 53.103447 0.970387 0.126058 0.971810 0.125351
5 28 53.218391 0.969544 0.126493 0.970431 0.126671
5 29 53.333332 0.967653 0.126210 0.970015 0.124640
5 30 53.448277 0.970064 0.125974 0.970557 0.126424
5 31 53.563217 0.972436 0.126939 0.971594 0.127141
5 32 53.678162 0.971165 0.126709 0.971748 0.126931
5 33 53.793102 0.971991 0.125846 0.971413 0.126286
5 34 53.908047 0.972772 0.126500 0.972755 0.128382
5 35 54.022987 0.971010 0.127077 0.970524 0.126162
5 36 54.137932 0.972277 0.126582 0.972019 0.127129
5 37 54.252872 0.974338 0.126395 0.972769 0.128329
5 38 54.367817 0.971083 0.126605 0.972416 0.126587
5 39 54.482758 0.972864 0.126551 0.969894 0.127074
5 40 54.597702 0.971326 0.126233 0.974647 0.127474
5 41 54.712643 0.971981 0.126652 0.970449 0.126415
5 42 54.827587 0.971022 0.126337 0.972269 0.127208
5 43 54.942528 0.971802 0.127566 0.969309 0.125216
5 44 55.057472 0.974411 0.126588 0.973032 0.126556
5 45 55.172413 0.968461 0.126466 0.971881 0.125060
5 46 55.287357 0.969461 0.127059 0.973603 0.127842
5 47 55.402298 0.970379 0.127570 0.968521 0.124912
5 48 55.517242 0.972211 0.128093 0.970236 0.126161
5 49 55.632183 0.970848 0.125300 0.971123 0.125398
5 50 55.747128 0.970964 0.125064 0.970729 0.127914
5 51 55.862068 0.972033 0.126598 0.971060 0.125984
5 52 55.977013 0.971017 0.127200 0.970081 0.125862
5 53 56.091953 0.969569 0.126011 0.967713 0.123684
5 54 56.206898 0.969306 0.125655 0.973388 0.126226
5 55 56.321838 0.972256 0.125932 0.973908 0.125615
5 56 56.436783 0.973130 0.126428 0.971655 0.127853
5 57 56.551723 0.972872 0.127197 0.971456 0.125871
5 58 56.666668 0.969982 0.125598 0.969665 0.125628
5 59 56.781609 0.970338 0.124018 0.969000 0.126188
5 60 56.896553 0.970589 0.126617 0.972110 0.127647
5 61 57.011494 0.972792 0.127940 0.973871 0.127835
5 62 57.126438 0.970887 0.125540 0.976072 0.127118
5 63 57.241379 0.972486 0.126855 0.972238 0.127736
5 64 57.356323 0.971948 0.127050 0.970560 0.125582
5 65 57.471264 0.971036 0.126785 0.972251 0.127058
5 66 57.586208 0.968888 0.125181 0.972571 0.126441
5 67 57.701149 0.972034 0.125957 0.968485 0.127345
5 68 57.816093 0.972259 0.127269 0.969849 0.127097
5 69 57.931034 0.975242 0.126728 0.969699 0.125287
5 70 58.045979 0.974299 0.128425 0.971964 0.128088
5 71 58.160919 0.973079 0.127341 0.969281 0.126465
5 72 58.275864 0.973689 0.125538 0.969440 0.125980
5 73 58.390804 0.972422 0.125966 0.972374 0.126856
5 74 58.505749 0.969974 0.127063 0.970605 0.125593
5 75 58.620689 0.972292 0.126030 0.971696 0.127296
5 76 58.735634 0.974335 0.127869 0.970677 0.125563
5 77 58.850574 0.973254 0.126340 0.970647 0.126193
5 78 58.965519 0.969451 0.125939 0.970483 0.127304
5 79 59.080460 0.973944 0.126866 0.968366 0.125362
5 80 59.195404 0.972235 0.126366 0.973338 0.128844
5 81 59.310345 0.971421 0.126642 0.971242 0.126077
5 82 59.425289 0.972747 0.126863 0.971859 0.125767
5 83 59.540230 0.973359 0.125386 0.971553 0.125861
5 84 59.655174 0.971541 0.125832 0.971610 0.126397
5 85 59.770115 0.971998 0.125727 0.970623 0.125732
5 86 59.885059 0.972405 0.126859 0.971632 0.127933
6 0 60.000000 0.970920 0.127091 0.973250 0.126901
6 1 60.114941 0.970706 0.126818 0.970456 0.125939
6 2 60.229885 0.971005 0.125748 0.970949 0.126114
6 3 60.344826 0.967539 0.125860 0.973035 0.127582
6 4 60.459770 0.971803 0.125773 0.969930 0.128305
6 5 60.574711 0.970612 0.124936 0.970035 0.125666
6 6 60.689655 0.972248 0.127182 0.970460 0.125509
6 7 60.804596 0.970266 0.125745 0.973157 0.126648
6 8 60.919540 0.973554 0.127052 0.971115 0.127102
6 9 61.034481 0.972991 0.125665 0.972818 0.127294
6 10 61.149426 0.974410 0.127995 0.969696 0.125073
6 11 61.264366 0.969678 0.127440 0.971419 0.126822
6 12 61.379311 0.972438 0.126295 0.971583 0.126421
6 13 61.494251 0.971375 0.127468 0.971697 0.126215
6 14 61.609196 0.969922 0.127820 0.972416 0.126299
6 15 61.724136 0.972830 0.126487 0.969762 0.125007
6 16 61.839081 0.971428 0.127460 0.971955 0.126628
6 17 61.954021 0.971268 0.126727 0.969930 0.125100
6 18 62.068966 0.972354 0.127705 0.974803 0.126271
6 19 62.183907 0.971721 0.124875 0.972939 0.126805
6 20 62.298851 0.969483 0.126058 0.971194 0.126452
6 21 62.413792 0.973722 0.127401 0.971374 0.127264
6 22 62.528736 0.969868 0.126994 0.972101 0.127485
6 23 62.643677 0.971358 0.127727 0.968979 0.126259
6 24 62.758621 0.971422 0.125035 0.969085 0.126149
6 25 62.873562 0.972802 0.127417 0.972565 0.124947
6 26 62.988506 0.970056 0.127839 0.972834 0.127565
6 27 63.103447 0.972830 0.127345 0.969140 0.127036
6 28 63.218391 0.976534 0.127804 0.972992 0.126539
6 29 63.333332 0.972424 0.127448 0.969842 0.124498
6 30 63.448277 0.973405 0.127326 0.969813 0.125331
6 31 63.563217 0.970995 0.126437 0.970060 0.125502
6 32 63.678162 0.972197 0.125218 0.969499 0.125444
6 33 63.793102 0.973371 0.128137 0.974092 0.126834
6 34 63.908047 0.969568 0.125988 0.974557 0.128237
6 35 64.022987 0.969964 0.125898 0.972297 0.126586
6 36 64.137932 0.971174 0.125156 0.971497 0.126054
6 37 64.252876 0.972809 0.125719 0.969797 0.126510
6 38 64.367813 0.971280 0.124675 0.971700 0.125438
6 39 64.482758 0.972996 0.126059 0.971411 0.127352
6 40 64.597702 0.970391 0.125908 0.971274 0.127360
6 41 64.712646 0.973203 0.126616 0.972692 0.126734
6 42 64.827583 0.972712 0.124685 0.971069 0.126728
6 43 64.942528 0.973351 0.126316 0.972488 0.126863
6 44 65.057472 0.971146 0.127020 0.973356 0.127110
6 45 65.172417 0.969174 0.127167 0.971064 0.128073
6 46 65.287354 0.972635 0.125868 0.969566 0.125763
6 47 65.402298 0.971488 0.126224 0.968920 0.125557
6 48 65.517242 0.972447 0.127155 0.970051 0.126123
6 49 65.632187 0.971186 0.126150 0.970707 0.126956
6 50 65.747124 0.974306 0.126427 0.974675 0.128185
6 51 65.862068 0.972359 0.127869 0.970264 0.124857
6 52 65.977013 0.969500 0.125457 0.972741 0.126283
6 53 66.091957 0.971388 0.126557 0.970988 0.128347
6 54 66.206894 0.973432 0.126587 0.971884 0.128043
6 55 66.321838 0.973029 0.127149 0.970677 0.126684
6 56 66.436783 0.968802 0.127003 0.971454 0.126232
6 57 66.551727 0.971548 0.127312 0.967444 0.125361
6 58 66.666664 0.972532 0.126431 0.971566 0.126094
6 59 66.781609 0.969375 0.126521 0.971042 0.129334
6 60 66.896553 0.968828 0.125748 0.973219 0.126220
6 61 67.011497 0.974337 0.127363 0.972114 0.127429
6 62 67.126434 0.973517 0.127810 0.974473 0.127573
6 63 67.241379 0.971132 0.126119 0.969264 0.126446
6 64 67.356323 0.973516 0.125123 0.971554 0.126878
6 65 67.471268 0.970999 0.125692 0.969881 0.124746
6 66 67.586205 0.970842 0.126955 0.971444 0.127230
6 67 67.701149 0.971742 0.125788 0.972108 0.126811
6 68 67.816093 0.972927 0.127053 0.970304 0.125422
6 69 67.931038 0.971969 0.125366 0.970643 0.126140
6 70 68.045975 0.969523 0.126434 0.970378 0.126459
6 71 68.160919 0.972143 0.126250 0.971614 0.126452
6 72 68.275864 0.974527 0.127581 0.973042 0.126704
6 73 68.390808 0.973300 0.125578 0.972964 0.125925
6 74 68.505745 0.974488 0.127625 0.972084 0.127345
6 75 68.620689 0.970442 0.126800 0.970736 0.126840
6 76 68.735634 0.974433 0.125415 0.969735 0.125225
6 77 68.850578 0.967063 0.124851 0.969960 0.125947
6 78 68.965515 0.971585 0.126984 0.967398 0.124759
6 79 69.080460 0.974240 0.126925 0.971101 0.126166
6 80 69.195404 0.973884 0.126826 0.971113 0.126274
6 81 69.310349 0.974338 0.126047 0.975277 0.127137
6 82 69.425285 0.971025 0.125917 0.973605 0.127418
6 83 69.540230 0.974530 0.127072 0.974894 0.125957
6 84 69.655174 0.970167 0.127419 0.971690 0.125615
6 85 69.770119 0.970375 0.125033 0.971870 0.127202
6 86 69.885056 0.972646 0.126601 0.972104 0.127501
7 0 70.000000 0.970238 0.124677 0.969224 0.124575
7 1 70.114944 0.969487 0.124409 0.972041 0.125306
7 2 70.229881 0.971942 0.127233 0.972206 0.126075
7 3 70.344826 0.970401 0.124254 0.974412 0.127095
7 4 70.459770 0.972246 0.126876 0.972022 0.127212
7 5 70.574715 0.973124 0.126367 0.970282 0.124507
7 6 70.689651 0.973556 0.127802 0.968775 0.125240
7 7 70.804596 0.973015 0.127858 0.971522 0.126398
7 8 70.919540 0.971786 0.127129 0.971656 0.125846
7 9 71.034485 0.968364 0.124837 0.970606 0.126132
7 10 71.149422 0.970243 0.124829 0.973023 0.129320
7 11 71.264366 0.971485 0.127076 0.970985 0.125466
7 12 71.379311 0.972153 0.125444 0.969919 0.125991
7 13 71.494255 0.972831 0.125243 0.972438 0.125576
7 14 71.609192 0.968115 0.125076 0.972590 0.126589
7 15 71.724136 0.971064 0.125768 0.970879 0.124675
7 16 71.839081 0.971343 0.125396 0.972492 0.125717
7 17 71.954025 0.970582 0.127066 0.972553 0.126424
7 18 72.068962 0.973193 0.125756 0.970581 0.124732
7 19 72.183907 0.969648 0.126170 0.974079 0.126774
7 20 72.298851 0.973883 0.125166 0.971076 0.125466
7 21 72.413795 0.969069 0.126839 0.969671 0.126369
7 22 72.528732 0.973868 0.126743 0.972745 0.126305
7 23 72.643677 0.971675 0.126574 0.971723 0.129095
7 24 72.758621 0.972567 0.125813 0.970616 0.125553
7 25 72.873566 0.972691 0.125700 0.971514 0.126579
7 26 72.988503 0.971210 0.124759 0.970354 0.127141
7 27 73.103447 0.970331 0.126459 0.973236 0.127801
7 28 73.218391 0.972570 0.127889 0.971721 0.127361
7 29 73.333336 0.970968 0.126580 0.973498 0.125341
7 30 73.448273 0.971656 0.127815 0.972897 0.127399
7 31 73.563217 0.972917 0.125904 0.969286 0.124979
7 32 73.678162 0.974382 0.127009 0.971490 0.125886
7 33 73.793106 0.971646 0.127253 0.971472 0.125897
7 34 73.908043 0.972482 0.127264 0.969974 0.125174
7 35 74.022987 0.971745 0.126718 0.970489 0.125873
7 36 74.137932 0.971136 0.126774 0.974728 0.127358
7 37 74.252876 0.972232 0.126287 0.972644 0.125961
7 38 74.367813 0.971107 0.125411 0.973288 0.127114
7 39 74.482758 0.970393 0.125725 0.971997 0.125122
7 40 74.597702 0.974634 0.126992 0.973619 0.127014
7 41 74.712646 0.967041 0.125143 0.968708 0.125688
7 42 74.827583 0.972197 0.126384 0.969101 0.126836
7 43 74.942528 0.971317 0.127132 0.969178 0.125902
7 44 75.057472 0.974209 0.127074 0.971149 0.125390
7 45 75.172417 0.970645 0.125533 0.972031 0.127022
7 46 75.287354 0.971028 0.124723 0.971639 0.127224
7 47 75.402298 0.968512 0.125281 0.973533 0.126772
7 48 75.517242 0.973158 0.128007 0.972443 0.126947
7 49 75.632187 0.971652 0.126900 0.970772 0.125594
7 50 75.747124 0.973336 0.126303 0.970270 0.127053
7 51 75.862068 0.973049 0.125248 0.970068 0.125267
7 52 75.977013 0.973881 0.127488 0.971238 0.126771
7 53 76.091957 0.971655 0.126423 0.972912 0.127588
7 54 76.206894 0.972472 0.127449 0.970158 0.126287
7 55 76.321838 0.973069 0.124788 0.968566 0.125606
7 56 76.436783 0.975387 0.127745 0.969800 0.125907
7 57 76.551727 0.971752 0.124810 0.974899 0.128519
7 58 76.666664 0.969166 0.125811 0.974216 0.128338
7 59 76.781609 0.972144 0.127114 0.970962 0.127002
7 60 76.896553 0.968884 0.126054 0.971797 0.128517
7 61 77.011497 0.972763 0.126123 0.970497 0.124333
7 62 77.126434 0.971460 0.126098 0.969189 0.126196
7 63 77.241379 0.970613 0.125674 0.972773 0.126374
7 64 77.356323 0.973476 0.125924 0.968855 0.126617
7 65 77.471268 0.970307 0.126174 0.970269 0.127809
7 66 77.586205 0.969935 0.125614 0.972059 0.127131
7 67 77.701149 0.971335 0.125932 0.969176 0.124888
7 68 77.816093 0.972179 0.126061 0.972014 0.128798
7 69 77.931038 0.970113 0.127122 0.972299 0.127535
7 70 78.045975 0.971338 0.126780 0.969255 0.124591
7 71 78.160919 0.969055 0.124053 0.970654 0.128740
7 72 78.275864 0.970386 0.125399 0.970991 0.127787
7 73 78.390808 0.972357 0.126674 0.974225 0.126084
7 74 78.505745 0.969012 0.124644 0.970770 0.124941
7 75 78.620689 0.969998 0.126052 0.970872 0.124630
7 76 78.735634 0.970805 0.125523 0.971260 0.126387
7 77 78.850578 0.970194 0.125862 0.971798 0.126155
7 78 78.965515 0.971773 0.125561 0.971057 0.126043
7 79 79.080460 0.974379 0.126947 0.970564 0.126978
7 80 79.195404 0.970117 0.125020 0.972380 0.126430
7 81 79.310349 0.972152 0.126016 0.970532 0.126692
7 82 79.425285 0.970571 0.126676 0.973213 0.127033
7 83 79.540230 0.974755 0.126729 0.969845 0.126095
7 84 79.655174 0.972867 0.126748 0.967133 0.125010
7 85 79.770119 0.973531 0.127369 0.973767 0.126788
7 86 79.885056 0.971790 0.126515 0.973122 0.126724
8 0 80.000000 0.973199 0.127297 0.972029 0.126904
8 1 80.114944 0.969109 0.124431 0.973261 0.126784
8 2 80.229881 0.969711 0.127291 0.971781 0.125563
8 3 80.344826 0.970373 0.125130 0.968950 0.127102
8 4 80.459770 0.974308 0.128520 0.971394 0.124974
8 5 80.574715 0.972193 0.125828 0.970592 0.127215
8 6 80.689651 0.972149 0.126879 0.974112 0.126477
8 7 80.804596 0.970642 0.127157 0.969683 0.126349
8 8 80.919540 0.970379 0.126972 0.972100 0.127440
8 9 81.034485 0.969703 0.125765 0.972015 0.127696
8 10 81.149422 0.971330 0.126037 0.970700 0.126711
8 11 81.264366 0.972201 0.127391 0.975231 0.127178
8 12 81.379311 0.972401 0.127598 0.968406 0.125266
8 13 81.494255 0.973754 0.126466 0.970281 0.126746
8 14 81.609192 0.973345 0.128008 0.970759 0.125519
8 15 81.724136 0.968346 0.125396 0.970380 0.126775
8 16 81.839081 0.968300 0.125851 0.970946 0.125912
8 17 81.954025 0.972348 0.127020 0.971940 0.127096
8 18 82.068962 0.973401 0.124831 0.973310 0.125504
8 19 82.183907 0.969991 0.125142 0.969889 0.126462
8 20 82.298851 0.971169 0.125880 0.973836 0.129306
8 21 82.413795 0.973708 0.127333 0.967544 0.125794
8 22 82.528732 0.972973 0.126769 0.971018 0.124928
8 23 82.643677 0.971426 0.126555 0.972711 0.126847
8 24 82.758621 0.972827 0.127071 0.973523 0.127128
8 25 82.873566 0.971608 0.126526 0.974572 0.127977
8 26 82.988503 0.972769 0.126740 0.973068 0.128761
8 27 83.103447 0.968967 0.125092 0.972076 0.127644
8 28 83.218391 0.972597 0.126292 0.971083 0.126164
8 29 83.333336 0.972025 0.126037 0.968482 0.125380
8 30 83.448273 0.972212 0.128039 0.972426 0.125273
8 31 83.563217 0.971141 0.127026 0.970555 0.126137
8 32 83.678162 0.970822 0.125016 0.969552 0.126466
8 33 83.793106 0.972313 0.126134 0.969056 0.126116
8 34 83.908043 0.971116 0.126060 0.971698 0.125775
8 35 84.022987 0.972061 0.126303 0.972724 0.126920
8 36 84.137932 0.970332 0.124388 0.972660 0.126765
8 37 84.252876 0.970348 0.125616 0.970932 0.126309
8 38 84.367813 0.973477 0.128081 0.972797 0.125489
8 39 84.482758 0.974597 0.125766 0.971913 0.127469
8 40 84.597702 0.975018 0.126824 0.974066 0.127215
8 41 84.712646 0.973270 0.125425 0.971334 0.127764
8 42 84.827583 0.970226 0.125751 0.974760 0.127297
8 43 84.942528 0.969555 0.126327 0.973058 0.127189
8 44 85.057472 0.974199 0.127813 0.971920 0.126855
8 45 85.172417 0.971104 0.126942 0.969151 0.126198
8 46 85.287354 0.969142 0.125426 0.969814 0.125255
8 47 85.402298 0.973213 0.127489 0.969277 0.126593
8 48 85.517242 0.971289 0.127275 0.972640 0.126122
8 49 85.632187 0.968893 0.126791 0.971780 0.128017
8 50 85.747124 0.973190 0.126868 0.974014 0.126876
8 51 85.862068 0.971175 0.125759 0.970901 0.127310
8 52 85.977013 0.971884 0.126406 0.969030 0.125145
8 53 86.091957 0.971948 0.126599 0.972802 0.126373
8 54 86.206894 0.974496 0.127480 0.972054 0.128212
8 55 86.321838 0.970024 0.125450 0.967998 0.125270
8 56 86.436783 0.970824 0.124998 0.971051 0.126923
8 57 86.551727 0.969524 0.125028 0.968458 0.126126
8 58 86.666664 0.969689 0.125304 0.970485 0.126409
8 59 86.781609 0.972482 0.126781 0.971559 0.127034
8 60 86.896553 0.973077 0.126825 0.973371 0.127733
8 61 87.011497 0.972866 0.126444 0.971646 0.126905
8 62 87.126434 0.970477 0.126387 0.970940 0.125557
8 63 87.241379 0.971738 0.126326 0.971387 0.126361
8 64 87.356323 0.968237 0.125201 0.972437 0.127665
8 65 87.471268 0.971508 0.126077 0.971676 0.126155
8 66 87.586205 0.971259 0.125433 0.972750 0.127636
8 67 87.701149 0.971774 0.125387 0.969705 0.125507
8 68 87.816093 0.970986 0.126650 0.970594 0.126399
8 69 87.931038 0.970759 0.127255 0.974707 0.128107
8 70 88.045975 0.968080 0.124466 0.971447 0.126314
8 71 88.160919 0.970735 0.127229 0.973694 0.125988
8 72 88.275864 0.974186 0.127634 0.969615 0.125945
8 73 88.390808 0.970975 0.125431 0.972303 0.125043
8 74 88.505745 0.975056 0.127740 0.968491 0.124637
8 75 88.620689 0.970566 0.125385 0.973776 0.125487
8 76 88.735634 0.972909 0.126632 0.973630 0.126733
8 77 88.850578 0.970718 0.126504 0.973767 0.124457
8 78 88.965515 0.973947 0.126592 0.974584 0.128083
8 79 89.080460 0.974539 0.127800 0.970292 0.125659
8 80 89.195404 0.971707 0.126440 0.971685 0.125553
8 81 89.310349 0.970207 0.126646 0.972804 0.127925
8 82 89.425285 0.972121 0.126381 0.971057 0.126338
8 83 89.540230 0.969715 0.123371 0.970135 0.124946
8 84 89.655174 0.972215 0.127780 0.970957 0.127074
8 85 89.770119 0.970119 0.126090 0.971292 0.126810
8 86 89.885056 0.973826 0.128481 0.971234 0.127056
9 0 90.000000 0.973424 0.125989 0.973021 0.127505
9 1 90.114944 0.970033 0.125200 0.968371 0.125442
9 2 90.229881 0.972968 0.127639 0.969708 0.126272
9 3 90.344826 0.973885 0.127155 0.973449 0.124658
9 4 90.459770 0.971241 0.126611 0.972162 0.127060
9 5 90.574715 0.972025 0.126495 0.970669 0.127141
9 6 90.689651 0.970747 0.124610 0.974168 0.126591
9 7 90.804596 0.969449 0.125813 0.969177 0.124486
9 8 90.919540 0.974005 0.129799 0.969889 0.127464
9 9 91.034485 0.971770 0.126581 0.969013 0.126696
9 10 91.149422 0.971470 0.125314 0.972281 0.126576
9 11 91.264366 0.971476 0.126551 0.972930 0.127258
9 12 91.379311 0.971011 0.126818 0.974236 0.127220
9 13 91.494255 0.970695 0.127334 0.971297 0.127498
9 14 91.609192 0.971386 0.125710 0.969710 0.127683
9 15 91.724136 0.972860 0.125639 0.972818 0.126640
9 16 91.839081 0.967913 0.125235 0.971797 0.125729
9 17 91.954025 0.970829 0.126794 0.972271 0.125881
9 18 92.068962 0.968927 0.126493 0.973008 0.125808
9 19 92.183907 0.969400 0.125430 0.971197 0.126212
9 20 92.298851 0.968912 0.127314 0.971747 0.127708
9 21 92.413795 0.968869 0.124884 0.973264 0.126909
9 22 92.528732 0.970265 0.125087 0.972609 0.126653
9 23 92.643677 0.973832 0.126266 0.969772 0.127018
9 24 92.758621 0.972846 0.126253 0.971115 0.127305
9 25 92.873566 0.972532 0.126608 0.972819 0.126985
9 26 92.988503 0.971245 0.125328 0.970680 0.125326
9 27 93.103447 0.968966 0.124081 0.975236 0.127341
9 28 93.218391 0.971080 0.125710 0.970080 0.127198
9 29 93.333336 0.967347 0.124785 0.970463 0.127763
9 30 93.448273 0.971870 0.125046 0.970435 0.126163
9 31 93.563217 0.970405 0.125136 0.970122 0.125514
9 32 93.678162 0.971971 0.127085 0.969954 0.124173
9 33 93.793106 0.972918 0.126277 0.975054 0.126094
9 34 93.908043 0.973571 0.126970 0.969500 0.127519
9 35 94.022987 0.969487 0.125762 0.970508 0.126102
9 36 94.137932 0.972834 0.128569 0.971044 0.124635
9 37 94.252876 0.972275 0.126093 0.972018 0.126855
9 38 94.367813 0.973796 0.126688 0.971208 0.127010
9 39 94.482758 0.971241 0.125907 0.969300 0.126618
9 40 94.597702 0.970578 0.124830 0.972930 0.128719
9 41 94.712646 0.971677 0.127625 0.969801 0.124971
9 42 94.827583 0.970618 0.127589 0.969489 0.127008
9 43 94.942528 0.970436 0.126168 0.971821 0.125089
9 44 95.057472 0.970021 0.125070 0.969992 0.125796
9 45 95.172417 0.971648 0.126688 0.972381 0.126392
9 46 95.287354 0.970082 0.125892 0.970179 0.126988
9 47 95.402298 0.974220 0.126632 0.972287 0.126670
9 48 95.517242 0.969158 0.126895 0.968736 0.125729
9 49 95.632187 0.970891 0.127449 0.972471 0.126853
9 50 95.747124 0.971545 0.127101 0.970823 0.125128
9 51 95.862068 0.972160 0.125312 0.970171 0.127215
9 52 95.977013 0.969585 0.126335 0.973238 0.126564
9 53 96.091957 0.973289 0.126267 0.972839 0.127911
9 54 96.206894 0.972608 0.126404 0.973619 0.127358
9 55 96.321838 0.970006 0.126881 0.972945 0.128389
9 56 96.436783 0.971519 0.126516 0.974777 0.127856
9 57 96.551727 0.971163 0.126478 0.972077 0.127500
9 58 96.666664 0.971892 0.126607 0.972278 0.123812
9 59 96.781609 0.971032 0.125452 0.973082 0.127372
9 60 96.896553 0.972806 0.125648 0.972101 0.125991
9 61 97.011497 0.971535 0.126576 0.971483 0.125721
9 62 97.126434 0.971424 0.126598 0.971788 0.126035
9 63 97.241379 0.974127 0.127067 0.969264 0.125648
9 64 97.356323 0.971794 0.125638 0.971273 0.125117
9 65 97.471268 0.971992 0.125526 0.969068 0.123771
9 66 97.586205 0.968692 0.126302 0.970773 0.127080
9 67 97.701149 0.970471 0.126517 0.970042 0.125815
9 68 97.816093 0.974900 0.127334 0.973717 0.126802
9 69 97.931038 0.968259 0.126264 0.971261 0.125928
9 70 98.045975 0.972564 0.125460 0.974340 0.126922
9 71 98.160919 0.969276 0.126263 0.968577 0.126018
9 72 98.275864 0.973599 0.126117 0.971051 0.125777
9 73 98.390808 0.970731 0.128528 0.970164 0.126598
9 74 98.505745 0.968816 0.125115 0.971899 0.127018
9 75 98.620689 0.972679 0.126996 0.972676 0.125448
9 76 98.735634 0.969727 0.126107 0.972886 0.125927
9 77 98.850578 0.972473 0.126179 0.971455 0.126553
9 78 98.965515 0.972516 0.126367 0.969641 0.123603
9 79 99.080460 0.970140 0.125866 0.972139 0.126640
9 80 99.195404 0.971793 0.126046 0.972338 0.126378
9 81 99.310349 0.972194 0.126992 0.974218 0.128092
9 82 99.425285 0.973515 0.127056 0.971740 0.125863
9 83 99.540230 0.971372 0.126519 0.970536 0.127151
9 84 99.655174 0.970944 0.124326 0.971284 0.125708
9 85 99.770119 0.973148 0.126464 0.969427 0.125834
9 86 99.885056 0.974718 0.127160 0.971773 0.127093
