0 0 0.000000 0.970181 0.125786 0.969309 0.126197
0 1 0.114943 0.972359 0.125563 0.970454 0.125436
0 2 0.229885 0.970656 0.126474 0.972984 0.126278
0 3 0.344828 0.974288 0.128165 0.971036 0.126193
0 4 0.459770 0.969063 0.124005 0.971059 0.126479
0 5 0.574713 0.970938 0.126919 0.972699 0.128552
0 6 0.689655 0.973599 0.127572 0.969504 0.124446
0 7 0.804598 0.971696 0.125814 0.972481 0.126174
0 8 0.919540 0.973185 0.127133 0.971523 0.126165
0 9 1.034483 0.972235 0.125220 0.972317 0.126572
0 10 1.149425 0.969005 0.125227 0.971236 0.126319
0 11 1.264368 0.970509 0.126122 0.970896 0.127983
0 12 1.379310 0.968845 0.124730 0.968775 0.126011
0 13 1.494253 0.973336 0.125611 0.972239 0.126513
0 14 1.609195 0.970398 0.125909 0.971568 0.127519
0 15 1.724138 0.971973 0.125951 0.972149 0.127692
0 16 1.839080 0.973467 0.128227 0.970295 0.126006
0 17 1.954023 0.971194 0.127242 0.971668 0.125752
0 18 2.068965 0.972091 0.126576 0.970560 0.126287
0 19 2.183908 0.970682 0.125819 0.971508 0.127349
0 20 2.298851 0.970788 0.125139 0.972000 0.125915
0 21 2.413793 0.971697 0.127006 0.973553 0.125602
0 22 2.528736 0.968291 0.127354 0.969090 0.126649
0 23 2.643678 0.973774 0.127556 0.970838 0.126069
0 24 2.758621 0.972648 0.127459 0.971434 0.124303
0 25 2.873563 0.971633 0.125381 0.970171 0.126701
0 26 2.988506 0.971842 0.125814 0.971517 0.126888
0 27 3.103448 0.970929 0.126133 0.970630 0.125150
0 28 3.218391 0.972857 0.127062 0.972279 0.125421
0 29 3.333333 0.971543 0.127413 0.972296 0.125623
0 30 3.448276 0.972973 0.127447 0.973083 0.126624
0 31 3.563218 0.968874 0.125116 0.972660 0.126720
0 32 3.678161 0.968859 0.125393 0.974285 0.125516
0 33 3.793103 0.971449 0.126979 0.970121 0.126614
0 34 3.908046 0.972362 0.127557 0.971025 0.126888
0 35 4.022988 0.973239 0.125882 0.970161 0.125753
0 36 4.137931 0.970291 0.124846 0.971747 0.123379
0 37 4.252873 0.972587 0.125681 0.974083 0.125094
0 38 4.367816 0.971224 0.126871 0.969889 0.124044
0 39 4.482759 0.971839 0.126005 0.973910 0.126095
0 40 4.597701 0.971457 0.126999 0.971703 0.125972
0 41 4.712644 0.973245 0.128018 0.973367 0.126654
0 42 4.827586 0.973729 0.127227 0.969459 0.127709
0 43 4.942529 0.970810 0.124104 0.971198 0.126228
0 44 5.057471 0.970448 0.125403 0.970616 0.127753
0 45 5.172414 0.971043 0.126778 0.969598 0.125979
0 46 5.287356 0.972278 0.126362 0.971374 0.126038
0 47 5.402299 0.973205 0.126432 0.970345 0.124715
0 48 5.517241 0.972674 0.126647 0.971458 0.126496
0 49 5.632184 0.969566 0.124253 0.972960 0.127159
0 50 5.747127 0.971481 0.126651 0.972063 0.127744
0 51 5.862069 0.973374 0.129115 0.971295 0.126107
0 52 5.977012 0.970926 0.125488 0.969436 0.127572
0 53 6.091954 0.974126 0.125813 0.969958 0.125526
0 54 6.206897 0.971662 0.124848 0.970441 0.127188
0 55 6.321839 0.970610 0.127074 0.970466 0.126650
0 56 6.436781 0.972015 0.125263 0.972274 0.126499
0 57 6.551724 0.970803 0.126574 0.969258 0.126045
0 58 6.666667 0.972271 0.127184 0.970024 0.127501
0 59 6.781609 0.970114 0.126135 0.971589 0.127356
0 60 6.896552 0.973017 0.125587 0.969063 0.124245
0 61 7.011494 0.971188 0.127852 0.972944 0.125084
0 62 7.126437 0.974100 0.126657 0.972596 0.125369
0 63 7.241379 0.970831 0.126847 0.972321 0.127289
0 64 7.356322 0.971241 0.126780 0.972107 0.125820
0 65 7.471264 0.972906 0.126763 0.973038 0.127584
0 66 7.586207 0.970758 0.126661 0.971740 0.126454
0 67 7.701149 0.970958 0.127100 0.972149 0.125720
0 68 7.816092 0.970103 0.126417 0.971907 0.125456
0 69 7.931035 0.970920 0.126405 0.971571 0.126496
0 70 8.045977 0.971621 0.127258 0.972179 0.127637
0 71 8.160919 0.970812 0.126218 0.972360 0.126875
0 72 8.275862 0.973026 0.127222 0.972151 0.126760
0 73 8.390804 0.969842 0.127100 0.973860 0.127759
0 74 8.505747 0.970808 0.126071 0.969006 0.125902
0 75 8.620689 0.970468 0.126342 0.971643 0.126671
0 76 8.735632 0.972262 0.126896 0.971686 0.127286
0 77 8.850574 0.973067 0.126016 0.970407 0.126398
0 78 8.965517 0.971109 0.123541 0.971005 0.125585
0 79 9.080460 0.971755 0.126527 0.969130 0.125139
0 80 9.195402 0.969678 0.126481 0.968831 0.125090
0 81 9.310345 0.968523 0.125384 0.972124 0.126454
0 82 9.425287 0.969871 0.126201 0.971495 0.127742
0 83 9.540230 0.969878 0.126380 0.970403 0.125865
0 84 9.655172 0.970500 0.125946 0.972482 0.128508
0 85 9.770115 0.971594 0.126262 0.969190 0.125185
0 86 9.885057 0.971410 0.128276 0.969718 0.125066
1 0 10.000000 0.970194 0.125899 0.972355 0.126324
1 1 10.114943 0.969946 0.126279 0.972237 0.126144
1 2 10.229885 0.975116 0.127078 0.971180 0.129286
1 3 10.344828 0.969895 0.126004 0.971642 0.124303
1 4 10.459770 0.970114 0.125588 0.973122 0.126184
1 5 10.574713 0.970941 0.125681 0.971499 0.125774
1 6 10.689655 0.971901 0.125451 0.972707 0.127303
1 7 10.804598 0.971647 0.127021 0.973277 0.127602
1 8 10.919540 0.970693 0.126961 0.973029 0.126665
1 9 11.034483 0.970248 0.125435 0.972771 0.127706
1 10 11.149426 0.970223 0.125991 0.970920 0.126867
1 11 11.264368 0.972381 0.125963 0.970632 0.126361
1 12 11.379311 0.974060 0.125939 0.973446 0.127232
1 13 11.494253 0.970085 0.124425 0.971913 0.126618
1 14 11.609196 0.971549 0.127242 0.971937 0.127070
1 15 11.724138 0.970268 0.126445 0.970020 0.126922
1 16 11.839081 0.970115 0.125015 0.972175 0.126503
1 17 11.954023 0.972438 0.127412 0.974365 0.127175
1 18 12.068966 0.969599 0.124714 0.970226 0.126121
1 19 12.183908 0.972146 0.128114 0.971546 0.127031
1 20 12.298851 0.971900 0.126053 0.972529 0.127979
1 21 12.413794 0.972629 0.125564 0.972393 0.126772
1 22 12.528735 0.971734 0.127035 0.977152 0.127978
1 23 12.643678 0.968312 0.126555 0.973740 0.125484
1 24 12.758620 0.972932 0.127252 0.971921 0.126310
1 25 12.873563 0.975314 0.128130 0.970533 0.126199
1 26 12.988505 0.970177 0.125253 0.971395 0.126036
1 27 13.103448 0.970397 0.126730 0.969257 0.123813
1 28 13.218390 0.971060 0.127223 0.973744 0.127681
1 29 13.333333 0.972510 0.126962 0.976363 0.127308
1 30 13.448276 0.973726 0.126613 0.973772 0.125365
1 31 13.563218 0.972876 0.126923 0.971287 0.126627
1 32 13.678161 0.972614 0.127562 0.971271 0.125913
1 33 13.793103 0.973621 0.125475 0.969497 0.125878
1 34 13.908046 0.971128 0.126708 0.971350 0.126268
1 35 14.022988 0.969170 0.125276 0.971382 0.126077
1 36 14.137931 0.972560 0.126705 0.971857 0.128377
1 37 14.252873 0.970500 0.125493 0.969332 0.125058
1 38 14.367816 0.969301 0.127779 0.970931 0.125535
1 39 14.482759 0.970305 0.126923 0.971942 0.126144
1 40 14.597701 0.969981 0.124874 0.973397 0.125953
1 41 14.712644 0.971079 0.126816 0.971348 0.125119
1 42 14.827586 0.972390 0.127994 0.973219 0.127388
1 43 14.942529 0.973630 0.127500 0.971283 0.125124
1 44 15.057471 0.971129 0.125120 0.975249 0.128273
1 45 15.172414 0.971137 0.126368 0.975500 0.127485
1 46 15.287356 0.974154 0.128961 0.971027 0.127173
1 47 15.402299 0.970131 0.126303 0.969413 0.125566
1 48 15.517241 0.972341 0.126065 0.971580 0.126796
1 49 15.632184 0.969056 0.126285 0.970787 0.126163
1 50 15.747127 0.968654 0.124407 0.973304 0.126595
1 51 15.862069 0.969581 0.125224 0.970416 0.126363
1 52 15.977012 0.972078 0.125574 0.970459 0.125673
1 53 16.091953 0.969009 0.124879 0.971782 0.125563
1 54 16.206896 0.971709 0.126127 0.970624 0.126582
1 55 16.321838 0.967982 0.125417 0.975097 0.128076
1 56 16.436781 0.970110 0.126027 0.969882 0.125979
1 57 16.551723 0.973099 0.125948 0.971683 0.127143
1 58 16.666666 0.975375 0.125803 0.975254 0.126445
1 59 16.781609 0.972936 0.126824 0.973653 0.127666
1 60 16.896551 0.972430 0.127767 0.971605 0.125779
1 61 17.011494 0.971374 0.126170 0.971422 0.127110
1 62 17.126436 0.968697 0.125394 0.971589 0.126173
1 63 17.241379 0.969774 0.124910 0.972016 0.126765
1 64 17.356321 0.970258 0.125503 0.972180 0.126414
1 65 17.471264 0.971050 0.125398 0.974783 0.126802
1 66 17.586206 0.973891 0.128187 0.971743 0.127327
1 67 17.701149 0.970225 0.125812 0.971385 0.126440
1 68 17.816092 0.971046 0.127841 0.972058 0.127239
1 69 17.931034 0.969988 0.125589 0.971068 0.126684
1 70 18.045977 0.968642 0.124607 0.971426 0.127545
1 71 18.160919 0.970245 0.126739 0.968285 0.126048
1 72 18.275862 0.970796 0.126919 0.970878 0.125854
1 73 18.390804 0.971223 0.125779 0.972678 0.126353
1 74 18.505747 0.972962 0.126805 0.973395 0.125657
1 75 18.620689 0.969747 0.126871 0.971054 0.126196
1 76 18.735632 0.972027 0.127627 0.973877 0.126484
1 77 18.850574 0.973411 0.127677 0.974411 0.127453
1 78 18.965517 0.971455 0.126553 0.970233 0.125906
1 79 19.080460 0.971440 0.127565 0.969437 0.124787
1 80 19.195402 0.971205 0.127254 0.973550 0.127588
1 81 19.310345 0.971650 0.124703 0.973984 0.126589
1 82 19.425287 0.972932 0.126907 0.969105 0.125512
1 83 19.540230 0.971850 0.126711 0.972052 0.126829
1 84 19.655172 0.971070 0.127194 0.969515 0.126714
1 85 19.770115 0.972463 0.127346 0.969528 0.125876
1 86 19.885057 0.970217 0.124800 0.970028 0.127054
2 0 20.000000 0.968590 0.125856 0.972827 0.126859
2 1 20.114943 0.971697 0.126694 0.969291 0.125854
2 2 20.229885 0.969631 0.125332 0.974176 0.127042
2 3 20.344828 0.967659 0.125256 0.973114 0.127935
2 4 20.459770 0.971723 0.126954 0.970322 0.125118
2 5 20.574713 0.969370 0.125463 0.969740 0.127253
2 6 20.689655 0.970995 0.126198 0.971396 0.125838
2 7 20.804598 0.970439 0.126638 0.970289 0.125887
2 8 20.919540 0.971905 0.126515 0.969782 0.123626
2 9 21.034483 0.972210 0.127061 0.972427 0.125481
2 10 21.149426 0.972720 0.126300 0.970788 0.125960
2 11 21.264368 0.970925 0.125441 0.973129 0.127010
2 12 21.379311 0.973043 0.126189 0.973623 0.129504
2 13 21.494253 0.970752 0.126569 0.969877 0.127543
2 14 21.609196 0.971506 0.125197 0.973372 0.127577
2 15 21.724138 0.974132 0.125310 0.973940 0.126839
2 16 21.839081 0.971391 0.126813 0.972676 0.125885
2 17 21.954023 0.971893 0.126437 0.969952 0.125880
2 18 22.068966 0.970709 0.126739 0.968874 0.125838
2 19 22.183908 0.972388 0.125865 0.970609 0.126914
2 20 22.298851 0.972230 0.126202 0.971807 0.126817
2 21 22.413794 0.971580 0.126987 0.971144 0.126854
2 22 22.528736 0.972385 0.126693 0.969196 0.125657
2 23 22.643679 0.970699 0.126087 0.972377 0.126465
2 24 22.758621 0.971342 0.126391 0.974928 0.128113
2 25 22.873564 0.971568 0.125054 0.970331 0.125327
2 26 22.988506 0.968830 0.124608 0.971697 0.124759
2 27 23.103449 0.970563 0.126166 0.974662 0.129491
2 28 23.218391 0.969122 0.125523 0.972814 0.125484
2 29 23.333334 0.972811 0.126641 0.971534 0.124873
2 30 23.448277 0.970261 0.126373 0.970087 0.125297
2 31 23.563219 0.971303 0.128885 0.969301 0.125933
2 32 23.678162 0.969739 0.126869 0.971284 0.125381
2 33 23.793104 0.972204 0.126162 0.970641 0.125426
2 34 23.908047 0.974361 0.125634 0.969835 0.125896
2 35 24.022989 0.974510 0.127600 0.973310 0.127415
2 36 24.137932 0.973748 0.127720 0.972333 0.127455
2 37 24.252874 0.969463 0.125365 0.969233 0.125167
2 38 24.367817 0.971777 0.126386 0.970678 0.125075
2 39 24.482759 0.970446 0.125783 0.970829 0.127520
2 40 24.597702 0.969754 0.125488 0.972585 0.126186
2 41 24.712645 0.970637 0.125967 0.974380 0.127166
2 42 24.827587 0.971783 0.126945 0.972941 0.126754
2 43 24.942530 0.971931 0.127592 0.971332 0.127029
2 44 25.057470 0.972324 0.126383 0.973789 0.126683
2 45 25.172413 0.974216 0.127326 0.972940 0.125944
2 46 25.287355 0.968477 0.125836 0.972455 0.126740
2 47 25.402298 0.971414 0.127174 0.970586 0.124947
2 48 25.517241 0.970844 0.125643 0.970298 0.126149
2 49 25.632183 0.968322 0.125398 0.969011 0.124983
2 50 25.747126 0.971038 0.126541 0.972447 0.126881
2 51 25.862068 0.972334 0.126054 0.974170 0.126030
2 52 25.977011 0.968400 0.125302 0.970276 0.126744
2 53 26.091953 0.973496 0.126667 0.972807 0.125647
2 54 26.206896 0.972233 0.126542 0.971301 0.125596
2 55 26.321838 0.971084 0.126776 0.971290 0.125281
2 56 26.436781 0.971576 0.126694 0.971692 0.125860
2 57 26.551723 0.974909 0.124146 0.973055 0.126051
2 58 26.666666 0.970544 0.124909 0.973058 0.126637
2 59 26.781609 0.973317 0.127576 0.971147 0.126017
2 60 26.896551 0.970405 0.126473 0.971671 0.125956
2 61 27.011494 0.968915 0.125443 0.974316 0.127157
2 62 27.126436 0.972855 0.127314 0.971933 0.126674
2 63 27.241379 0.969830 0.126742 0.971886 0.128204
2 64 27.356321 0.971254 0.126410 0.972361 0.125130
2 65 27.471264 0.969363 0.124856 0.973692 0.126589
2 66 27.586206 0.971657 0.126990 0.970980 0.125285
2 67 27.701149 0.974452 0.127025 0.973667 0.127216
2 68 27.816092 0.974374 0.126985 0.971691 0.127968
2 69 27.931034 0.970675 0.127217 0.972650 0.126014
2 70 28.045977 0.971968 0.125718 0.971113 0.127380
2 71 28.160919 0.970977 0.126998 0.972074 0.127414
2 72 28.275862 0.971601 0.126437 0.970579 0.125311
2 73 28.390804 0.971445 0.125560 0.971397 0.125331
2 74 28.505747 0.969777 0.126174 0.972121 0.125282
2 75 28.620689 0.972659 0.125531 0.972235 0.128125
2 76 28.735632 0.972354 0.128036 0.969381 0.127266
2 77 28.850574 0.969224 0.126703 0.971072 0.126694
2 78 28.965517 0.971912 0.126752 0.969560 0.125395
2 79 29.080460 0.972286 0.125624 0.972625 0.127713
2 80 29.195402 0.971884 0.125764 0.972080 0.126130
2 81 29.310345 0.970897 0.126604 0.971566 0.127173
2 82 29.425287 0.972791 0.126151 0.970967 0.126465
2 83 29.540230 0.970842 0.126937 0.973124 0.127119
2 84 29.655172 0.975145 0.127296 0.970515 0.126902
2 85 29.770115 0.971505 0.126151 0.970779 0.126880
2 86 29.885057 0.967980 0.125844 0.974495 0.127655
3 0 30.000000 0.968465 0.125359 0.969751 0.125184
3 1 30.114943 0.972408 0.125462 0.972937 0.126694
3 2 30.229885 0.971077 0.123841 0.971354 0.127349
3 3 30.344828 0.971920 0.126726 0.971119 0.126913
3 4 30.459770 0.972517 0.128299 0.971717 0.125892
3 5 30.574713 0.969449 0.125876 0.969273 0.124533
3 6 30.689655 0.971019 0.125029 0.969292 0.126326
3 7 30.804598 0.973262 0.128116 0.970482 0.126973
3 8 30.919540 0.970233 0.125857 0.969044 0.125693
3 9 31.034483 0.971890 0.124957 0.972408 0.129118
3 10 31.149426 0.973505 0.124785 0.968484 0.124775
3 11 31.264368 0.971279 0.126015 0.970492 0.125722
3 12 31.379311 0.970263 0.124513 0.971828 0.126336
3 13 31.494253 0.968421 0.124036 0.971046 0.127484
3 14 31.609196 0.971430 0.126592 0.972575 0.126240
3 15 31.724138 0.973268 0.127286 0.971617 0.126694
3 16 31.839081 0.972416 0.126615 0.970508 0.124731
3 17 31.954023 0.970557 0.125723 0.975299 0.126561
3 18 32.068966 0.970971 0.127648 0.971518 0.126677
3 19 32.183907 0.973165 0.125447 0.970832 0.125442
3 20 32.298851 0.972094 0.127073 0.973580 0.126883
3 21 32.413792 0.971772 0.127147 0.971468 0.127088
3 22 32.528736 0.971030 0.125355 0.970524 0.126328
3 23 32.643677 0.970978 0.125455 0.971266 0.125625
3 24 32.758621 0.970966 0.125881 0.970738 0.126643
3 25 32.873562 0.972444 0.127119 0.970480 0.125599
3 26 32.988506 0.973415 0.126648 0.972595 0.127531
3 27 33.103447 0.972597 0.126495 0.970514 0.126803
3 28 33.218391 0.971589 0.126809 0.971125 0.126820
3 29 33.333332 0.972240 0.125954 0.971841 0.127579
3 30 33.448277 0.969545 0.125442 0.971470 0.127558
3 31 33.563217 0.972000 0.126774 0.971226 0.127412
3 32 33.678162 0.969983 0.127894 0.974047 0.125728
3 33 33.793102 0.972543 0.127812 0.971073 0.125879
3 34 33.908047 0.970546 0.125876 0.974511 0.127667
3 35 34.022987 0.972172 0.127184 0.970217 0.126451
3 36 34.137932 0.972801 0.126797 0.971926 0.124948
3 37 34.252872 0.972804 0.127462 0.970148 0.127544
3 38 34.367817 0.967886 0.125794 0.972888 0.128319
3 39 34.482758 0.971934 0.125569 0.971323 0.127339
3 40 34.597702 0.971690 0.125764 0.972738 0.127649
3 41 34.712643 0.972404 0.126582 0.972293 0.126935
3 42 34.827587 0.971489 0.126253 0.973024 0.128189
3 43 34.942528 0.975527 0.128235 0.971645 0.126246
3 44 35.057472 0.974859 0.127000 0.972859 0.124977
3 45 35.172413 0.969052 0.125517 0.971254 0.126246
3 46 35.287357 0.972638 0.126443 0.969724 0.124103
3 47 35.402298 0.973147 0.126452 0.969838 0.126335
3 48 35.517242 0.973081 0.127530 0.972591 0.127510
3 49 35.632183 0.970864 0.126041 0.971758 0.127334
3 50 35.747128 0.971626 0.126570 0.970610 0.126651
3 51 35.862068 0.973197 0.127741 0.971785 0.126750
3 52 35.977013 0.971373 0.125357 0.971562 0.127043
3 53 36.091953 0.972880 0.127812 0.969517 0.125696
3 54 36.206898 0.974144 0.126068 0.970144 0.125828
3 55 36.321838 0.971855 0.125729 0.972057 0.126087
3 56 36.436783 0.972487 0.127684 0.971339 0.126911
3 57 36.551723 0.970455 0.126658 0.969858 0.126146
3 58 36.666668 0.971460 0.125226 0.972452 0.127119
3 59 36.781609 0.973528 0.125814 0.970791 0.126324
3 60 36.896553 0.971996 0.126803 0.967964 0.127656
3 61 37.011494 0.972759 0.125768 0.971665 0.127300
3 62 37.126438 0.970251 0.124870 0.971930 0.126086
3 63 37.241379 0.967135 0.123818 0.973309 0.127007
3 64 37.356323 0.971944 0.124940 0.971204 0.127816
3 65 37.471264 0.973302 0.127189 0.971983 0.128252
3 66 37.586208 0.970845 0.125156 0.972932 0.127474
3 67 37.701149 0.972110 0.125011 0.974187 0.127017
3 68 37.816093 0.970667 0.124829 0.973991 0.126468
3 69 37.931034 0.973244 0.126190 0.971818 0.126633
3 70 38.045979 0.971867 0.129455 0.973911 0.126745
3 71 38.160919 0.972771 0.126960 0.972385 0.127608
3 72 38.275864 0.973112 0.126728 0.971653 0.126384
3 73 38.390804 0.973032 0.127353 0.971541 0.127888
3 74 38.505749 0.970140 0.124980 0.972968 0.127049
3 75 38.620689 0.971338 0.126664 0.971384 0.127078
3 76 38.735634 0.970636 0.126514 0.972017 0.125833
3 77 38.850574 0.969924 0.125773 0.968855 0.124572
3 78 38.965519 0.973000 0.128046 0.971567 0.126546
3 79 39.080460 0.969989 0.124515 0.973400 0.128855
3 80 39.195404 0.971931 0.127759 0.973355 0.125743
3 81 39.310345 0.971473 0.125477 0.969922 0.126401
3 82 39.425289 0.972761 0.127458 0.971407 0.128329
3 83 39.540230 0.972985 0.127858 0.969766 0.126390
3 84 39.655174 0.969437 0.127032 0.970767 0.124606
3 85 39.770115 0.968699 0.125852 0.971212 0.126569
3 86 39.885059 0.972221 0.126022 0.970351 0.126835
4 0 40.000000 0.972227 0.128777 0.972070 0.126056
4 1 40.114941 0.970501 0.126113 0.970844 0.126664
4 2 40.229885 0.971410 0.126934 0.971069 0.127139
4 3 40.344826 0.971273 0.124147 0.970927 0.126204
4 4 40.459770 0.972641 0.126123 0.969432 0.125883
4 5 40.574711 0.973484 0.126641 0.973580 0.125205
4 6 40.689655 0.971133 0.125484 0.971914 0.125569
4 7 40.804596 0.971819 0.126271 0.970813 0.125270
4 8 40.919540 0.970236 0.126513 0.971545 0.126129
4 9 41.034481 0.972625 0.127662 0.970012 0.125354
4 10 41.149426 0.969366 0.125959 0.972213 0.128128
4 11 41.264366 0.968679 0.126152 0.972044 0.127498
4 12 41.379311 0.970559 0.127054 0.971472 0.127691
4 13 41.494251 0.971039 0.124310 0.969522 0.127928
4 14 41.609196 0.972604 0.127505 0.969289 0.125652
4 15 41.724136 0.972074 0.125984 0.973635 0.126641
4 16 41.839081 0.970176 0.127270 0.972235 0.126139
4 17 41.954021 0.970690 0.127269 0.972282 0.126743
4 18 42.068966 0.973820 0.126905 0.971367 0.125058
4 19 42.183907 0.970516 0.125190 0.972558 0.127809
4 20 42.298851 0.971745 0.126589 0.971092 0.126654
4 21 42.413792 0.970671 0.125685 0.970533 0.126449
4 22 42.528736 0.971819 0.127010 0.973683 0.126429
4 23 42.643677 0.969912 0.125945 0.970845 0.126228
4 24 42.758621 0.970463 0.126232 0.971156 0.127371
4 25 42.873562 0.971352 0.126713 0.973595 0.127205
4 26 42.988506 0.975278 0.127721 0.972885 0.127413
4 27 43.103447 0.969641 0.125529 0.972252 0.127148
4 28 43.218391 0.971471 0.125675 0.971815 0.126215
4 29 43.333332 0.972539 0.125954 0.970910 0.125368
4 30 43.448277 0.970597 0.125797 0.971615 0.127137
4 31 43.563217 0.969347 0.125582 0.971861 0.126801
4 32 43.678162 0.971734 0.126571 0.971925 0.125355
4 33 43.793102 0.970770 0.124610 0.973941 0.127806
4 34 43.908047 0.972594 0.126617 0.970923 0.126971
4 35 44.022987 0.971100 0.126835 0.972007 0.126276
4 36 44.137932 0.972098 0.126669 0.968641 0.127235
4 37 44.252872 0.972774 0.127047 0.971599 0.125665
4 38 44.367817 0.970759 0.126416 0.970135 0.127083
4 39 44.482758 0.974610 0.125790 0.972528 0.127351
4 40 44.597702 0.968719 0.126720 0.970997 0.126860
4 41 44.712643 0.972699 0.126379 0.972262 0.124611
4 42 44.827587 0.971575 0.126426 0.972542 0.125727
4 43 44.942528 0.971095 0.126145 0.974692 0.127814
4 44 45.057472 0.972973 0.127336 0.973122 0.125917
4 45 45.172413 0.973303 0.125376 0.970430 0.124513
4 46 45.287357 0.969873 0.125465 0.971872 0.127162
4 47 45.402298 0.969453 0.126362 0.971035 0.125453
4 48 45.517242 0.970381 0.126321 0.972349 0.127960
4 49 45.632183 0.974158 0.126338 0.973046 0.126971
4 50 45.747128 0.971162 0.125292 0.971600 0.127106
4 51 45.862068 0.971862 0.125462 0.970926 0.124596
4 52 45.977013 0.970287 0.124641 0.972197 0.128087
4 53 46.091953 0.972038 0.125900 0.970334 0.125591
4 54 46.206898 0.970720 0.126217 0.971555 0.126684
4 55 46.321838 0.971852 0.126890 0.971039 0.127111
4 56 46.436783 0.970889 0.127881 0.970122 0.126199
4 57 46.551723 0.970864 0.125456 0.971455 0.126827
4 58 46.666668 0.972934 0.127094 0.973901 0.128295
4 59 46.781609 0.971080 0.126180 0.967070 0.124798
4 60 46.896553 0.970917 0.125577 0.971043 0.127711
4 61 47.011494 0.972923 0.126463 0.971064 0.125551
4 62 47.126438 0.974279 0.126776 0.972430 0.127713
4 63 47.241379 0.974179 0.127551 0.973186 0.125955
4 64 47.356323 0.973872 0.127301 0.972042 0.127421
4 65 47.471264 0.969941 0.125709 0.973925 0.127300
4 66 47.586208 0.970526 0.127514 0.970143 0.126728
4 67 47.701149 0.970534 0.125447 0.972266 0.125556
4 68 47.816093 0.969390 0.126172 0.971846 0.126249
4 69 47.931034 0.973380 0.127107 0.973435 0.126473
4 70 48.045979 0.972228 0.127388 0.971363 0.126635
4 71 48.160919 0.973227 0.124958 0.969622 0.126598
4 72 48.275864 0.971505 0.125824 0.969807 0.125610
4 73 48.390804 0.972959 0.126430 0.970502 0.124527
4 74 48.505749 0.972617 0.127119 0.970613 0.125018
4 75 48.620689 0.969568 0.125669 0.970957 0.127263
4 76 48.735634 0.971182 0.124841 0.970405 0.127347
4 77 48.850574 0.971841 0.126566 0.971955 0.126012
4 78 48.965519 0.970051 0.125977 0.971332 0.126610
4 79 49.080460 0.970538 0.126958 0.970491 0.125694
4 80 49.195404 0.970424 0.126910 0.972186 0.124963
4 81 49.310345 0.971486 0.127520 0.973509 0.126819
4 82 49.425289 0.971648 0.126450 0.971424 0.126968
4 83 49.540230 0.971756 0.126163 0.972521 0.125529
4 84 49.655174 0.969271 0.125433 0.969943 0.125828
4 85 49.770115 0.971419 0.125806 0.970148 0.126414
4 86 49.885059 0.969705 0.126823 0.973570 0.126803
5 0 50.000000 0.970853 0.125426 0.973513 0.126214
5 1 50.114941 0.970995 0.126003 0.972859 0.127011
5 2 50.229885 0.971749 0.126939 0.971207 0.126407
5 3 50.344826 0.970517 0.126208 0.969120 0.128830
5 4 50.459770 0.972834 0.125041 0.974316 0.125348
5 5 50.574711 0.971008 0.127538 0.972728 0.126767
5 6 50.689655 0.968550 0.126532 0.970749 0.127110
5 7 50.804596 0.969323 0.125961 0.970460 0.127210
5 8 50.919540 0.970871 0.127067 0.969931 0.125957
5 9 51.034481 0.972521 0.125652 0.971491 0.124980
5 10 51.149426 0.969962 0.125637 0.971072 0.126892
5 11 51.264366 0.971021 0.127171 0.972993 0.127507
5 12 51.379311 0.971236 0.126944 0.973918 0.127029
5 13 51.494251 0.970641 0.125422 0.973252 0.126999
5 14 51.609196 0.967699 0.125910 0.969789 0.126282
5 15 51.724136 0.972764 0.127514 0.971287 0.124306
5 16 51.839081 0.969653 0.125662 0.969278 0.125156
5 17 51.954021 0.971831 0.126803 0.972597 0.126018
5 18 52.068966 0.973848 0.126551 0.973504 0.128570
5 19 52.183907 0.973573 0.126592 0.973292 0.126741
5 20 52.298851 0.970264 0.126724 0.976384 0.126786
5 21 52.413792 0.970571 0.126404 0.969940 0.126480
5 22 52.528736 0.972462 0.126424 0.971080 0.126754
5 23 52.643677 0.972466 0.125161 0.972472 0.128260
5 24 52.758621 0.970421 0.124840 0.970799 0.126179
5 25 52.873562 0.969992 0.125894 0.970634 0.124489
5 26 52.988506 0.972984 0.126416 0.972840 0.125283
5 27 53.103447 0.971766 0.127056 0.973525 0.126761
5 28 53.218391 0.973170 0.124229 0.969037 0.126259
5 29 53.333332 0.970529 0.125657 0.974068 0.125624
5 30 53.448277 0.970313 0.124755 0.970298 0.125621
5 31 53.563217 0.972733 0.128429 0.971583 0.126811
5 32 53.678162 0.971661 0.126240 0.973631 0.126401
5 33 53.793102 0.970911 0.127501 0.972199 0.126405
5 34 53.908047 0.972414 0.126015 0.972660 0.126530
5 35 54.022987 0.973999 0.125706 0.969737 0.125886
5 36 54.137932 0.973253 0.126184 0.973848 0.127716
5 37 54.252872 0.970128 0.126135 0.974185 0.127234
5 38 54.367817 0.971041 0.126670 0.970700 0.125494
5 39 54.482758 0.972361 0.125682 0.973205 0.127054
5 40 54.597702 0.970479 0.125846 0.971893 0.126414
5 41 54.712643 0.973282 0.127212 0.971282 0.126865
5 42 54.827587 0.972059 0.126915 0.973366 0.126521
5 43 54.942528 0.974023 0.127482 0.971339 0.124790
5 44 55.057472 0.971907 0.125936 0.972573 0.126690
5 45 55.172413 0.972528 0.126213 0.971319 0.125039
5 46 55.287357 0.971919 0.126807 0.971600 0.126387
5 47 55.402298 0.969389 0.125232 0.972375 0.127416
5 48 55.517242 0.973447 0.127015 0.969592 0.127777
5 49 55.632183 0.971822 0.124740 0.972201 0.127628
5 50 55.747128 0.968883 0.125903 0.970815 0.127105
5 51 55.862068 0.971952 0.127764 0.971645 0.127380
5 52 55.977013 0.971266 0.124688 0.972906 0.126275
5 53 56.091953 0.973112 0.127722 0.971357 0.126557
5 54 56.206898 0.973275 0.126462 0.969202 0.127428
5 55 56.321838 0.973771 0.126417 0.972607 0.126096
5 56 56.436783 0.973052 0.127335 0.970508 0.126202
5 57 56.551723 0.972712 0.127172 0.970742 0.125999
5 58 56.666668 0.974544 0.126381 0.970398 0.126858
5 59 56.781609 0.972689 0.127459 0.971942 0.126558
5 60 56.896553 0.973114 0.124977 0.971933 0.125695
5 61 57.011494 0.973160 0.126893 0.971705 0.126718
5 62 57.126438 0.970028 0.124180 0.973659 0.126468
5 63 57.241379 0.971603 0.125825 0.971514 0.126388
5 64 57.356323 0.973164 0.126818 0.968640 0.126143
5 65 57.471264 0.971216 0.126364 0.972221 0.125741
5 66 57.586208 0.972887 0.127378 0.971160 0.126006
5 67 57.701149 0.971907 0.126112 0.973280 0.125467
5 68 57.816093 0.969590 0.125403 0.969391 0.125458
5 69 57.931034 0.969713 0.126902 0.967785 0.125314
5 70 58.045979 0.969744 0.125080 0.973829 0.126954
5 71 58.160919 0.973377 0.127203 0.976380 0.128438
5 72 58.275864 0.974472 0.126956 0.970835 0.125901
5 73 58.390804 0.972786 0.126207 0.969985 0.125073
5 74 58.505749 0.970815 0.126882 0.969256 0.124571
5 75 58.620689 0.970096 0.125867 0.971801 0.126186
5 76 58.735634 0.973003 0.127903 0.972981 0.126184
5 77 58.850574 0.971491 0.126727 0.971657 0.124573
5 78 58.965519 0.973876 0.127950 0.972209 0.126381
5 79 59.080460 0.971575 0.125948 0.970924 0.125609
5 80 59.195404 0.968759 0.126795 0.970839 0.126412
5 81 59.310345 0.969670 0.126335 0.971423 0.127456
5 82 59.425289 0.971474 0.126147 0.972621 0.127014
5 83 59.540230 0.968911 0.125660 0.974486 0.127036
5 84 59.655174 0.970793 0.127280 0.972724 0.127403
5 85 59.770115 0.969320 0.126228 0.974291 0.127074
5 86 59.885059 0.971531 0.125554 0.969384 0.127126
6 0 60.000000 0.971623 0.126656 0.972546 0.127231
6 1 60.114941 0.971125 0.124676 0.970948 0.126328
6 2 60.229885 0.973353 0.126734 0.971577 0.126209
6 3 60.344826 0.970944 0.126608 0.972657 0.124793
6 4 60.459770 0.971478 0.126729 0.973300 0.127409
6 5 60.574711 0.970570 0.126970 0.973226 0.128510
6 6 60.689655 0.973968 0.127173 0.971994 0.125772
6 7 60.804596 0.972302 0.126686 0.968813 0.125831
6 8 60.919540 0.974417 0.124601 0.969449 0.125542
6 9 61.034481 0.971313 0.127570 0.971804 0.128183
6 10 61.149426 0.971221 0.125490 0.969735 0.124716
6 11 61.264366 0.971049 0.124440 0.975053 0.126512
6 12 61.379311 0.971483 0.127131 0.969758 0.127256
6 13 61.494251 0.972520 0.126946 0.972565 0.127405
6 14 61.609196 0.971586 0.126602 0.969513 0.125289
6 15 61.724136 0.970105 0.125323 0.972498 0.127199
6 16 61.839081 0.971722 0.127098 0.968622 0.127709
6 17 61.954021 0.971836 0.126103 0.970649 0.126836
6 18 62.068966 0.971019 0.126056 0.969257 0.126463
6 19 62.183907 0.969456 0.126553 0.970449 0.127393
6 20 62.298851 0.969005 0.124818 0.971023 0.127119
6 21 62.413792 0.975028 0.126553 0.973372 0.126395
6 22 62.528736 0.971805 0.125842 0.972512 0.126554
6 23 62.643677 0.973274 0.126989 0.971279 0.125451
6 24 62.758621 0.971530 0.125683 0.973641 0.126805
6 25 62.873562 0.972774 0.126778 0.971013 0.126238
6 26 62.988506 0.970478 0.125728 0.970470 0.126138
6 27 63.103447 0.975012 0.127791 0.970530 0.126494
6 28 63.218391 0.972426 0.127106 0.969143 0.127773
6 29 63.333332 0.971973 0.125887 0.971417 0.124134
6 30 63.448277 0.974554 0.129943 0.971770 0.125795
6 31 63.563217 0.970992 0.126484 0.969075 0.125954
6 32 63.678162 0.973050 0.126719 0.969969 0.125706
6 33 63.793102 0.971561 0.125506 0.972650 0.125926
6 34 63.908047 0.970438 0.125431 0.975470 0.127220
6 35 64.022987 0.973200 0.127976 0.969069 0.125690
6 36 64.137932 0.972158 0.127308 0.971539 0.125168
6 37 64.252876 0.973772 0.127391 0.970455 0.126456
6 38 64.367813 0.974447 0.127580 0.968542 0.126877
6 39 64.482758 0.969485 0.124777 0.973978 0.125612
6 40 64.597702 0.968995 0.125862 0.970350 0.126199
6 41 64.712646 0.969473 0.125700 0.972367 0.126259
6 42 64.827583 0.972328 0.125782 0.971172 0.126533
6 43 64.942528 0.971970 0.123929 0.973231 0.125495
6 44 65.057472 0.968444 0.125887 0.968921 0.125221
6 45 65.172417 0.972800 0.126518 0.971216 0.125928
6 46 65.287354 0.973898 0.126727 0.968746 0.124860
6 47 65.402298 0.969001 0.125702 0.971103 0.127229
6 48 65.517242 0.969570 0.125101 0.970522 0.125315
6 49 65.632187 0.973981 0.127625 0.971366 0.126332
6 50 65.747124 0.970323 0.126325 0.972476 0.126761
6 51 65.862068 0.969584 0.125646 0.971498 0.127012
6 52 65.977013 0.972821 0.128256 0.970704 0.125776
6 53 66.091957 0.975047 0.125696 0.972634 0.126300
6 54 66.206894 0.972446 0.126181 0.971479 0.125308
6 55 66.321838 0.973401 0.127823 0.970836 0.126517
6 56 66.436783 0.973372 0.126018 0.972590 0.127067
6 57 66.551727 0.970781 0.127209 0.972282 0.126706
6 58 66.666664 0.972783 0.127006 0.970190 0.125692
6 59 66.781609 0.970296 0.125562 0.972308 0.126568
6 60 66.896553 0.971508 0.126534 0.970549 0.126736
6 61 67.011497 0.970368 0.125946 0.969991 0.124975
6 62 67.126434 0.971749 0.127441 0.973352 0.127198
6 63 67.241379 0.971872 0.127434 0.971312 0.126982
6 64 67.356323 0.969129 0.125490 0.973088 0.128152
6 65 67.471268 0.971465 0.124932 0.970312 0.126112
6 66 67.586205 0.973249 0.128021 0.969630 0.124652
6 67 67.701149 0.969751 0.124886 0.970696 0.127616
6 68 67.816093 0.972136 0.126373 0.972110 0.128638
6 69 67.931038 0.969384 0.126101 0.970560 0.126513
6 70 68.045975 0.971202 0.126830 0.971494 0.126695
6 71 68.160919 0.970613 0.126799 0.974041 0.127971
6 72 68.275864 0.974822 0.127519 0.969410 0.125604
6 73 68.390808 0.973104 0.128171 0.970489 0.125725
6 74 68.505745 0.969800 0.127806 0.970423 0.126110
6 75 68.620689 0.972889 0.126127 0.973633 0.127685
6 76 68.735634 0.969684 0.125698 0.973199 0.127911
6 77 68.850578 0.972277 0.126287 0.970003 0.124134
6 78 68.965515 0.971880 0.126317 0.974102 0.127214
6 79 69.080460 0.973887 0.126609 0.972084 0.126254
6 80 69.195404 0.972125 0.126296 0.972563 0.127501
6 81 69.310349 0.971263 0.126721 0.970956 0.126284
6 82 69.425285 0.969173 0.125763 0.970856 0.125510
6 83 69.540230 0.972290 0.128282 0.972138 0.126408
6 84 69.655174 0.970998 0.123015 0.972545 0.127901
6 85 69.770119 0.972206 0.126468 0.972928 0.124305
6 86 69.885056 0.975021 0.126972 0.972860 0.125687
7 0 70.000000 0.968335 0.125827 0.970739 0.126443
7 1 70.114944 0.971564 0.126946 0.971981 0.126094
7 2 70.229881 0.971198 0.128587 0.971061 0.126753
7 3 70.344826 0.975526 0.125711 0.973892 0.128305
7 4 70.459770 0.972057 0.126282 0.974494 0.126668
7 5 70.574715 0.972899 0.127429 0.971143 0.124988
7 6 70.689651 0.971805 0.127309 0.971331 0.127164
7 7 70.804596 0.971855 0.126891 0.973168 0.126003
7 8 70.919540 0.972201 0.127070 0.971351 0.126117
7 9 71.034485 0.970808 0.126866 0.972166 0.127468
7 10 71.149422 0.970853 0.126600 0.972994 0.127758
7 11 71.264366 0.969944 0.124684 0.971830 0.126380
7 12 71.379311 0.970093 0.126148 0.973361 0.128289
7 13 71.494255 0.972455 0.127450 0.972036 0.126937
7 14 71.609192 0.970829 0.127029 0.973668 0.125486
7 15 71.724136 0.974584 0.127241 0.973155 0.127197
7 16 71.839081 0.970883 0.125367 0.972231 0.125054
7 17 71.954025 0.972041 0.125695 0.970043 0.125854
7 18 72.068962 0.972743 0.126571 0.973289 0.126033
7 19 72.183907 0.968400 0.124094 0.973005 0.127198
7 20 72.298851 0.971805 0.125399 0.971428 0.127217
7 21 72.413795 0.971993 0.126785 0.971662 0.127646
7 22 72.528732 0.971214 0.125702 0.972416 0.126632
7 23 72.643677 0.970576 0.126608 0.970425 0.125757
7 24 72.758621 0.968413 0.125367 0.973967 0.125804
7 25 72.873566 0.971774 0.127052 0.971223 0.127086
7 26 72.988503 0.971000 0.126084 0.973765 0.126851
7 27 73.103447 0.969680 0.126099 0.970960 0.127374
7 28 73.218391 0.970264 0.124542 0.969076 0.125913
7 29 73.333336 0.970283 0.127253 0.973656 0.126340
7 30 73.448273 0.972450 0.128602 0.974954 0.127364
7 31 73.563217 0.974137 0.126331 0.975153 0.127932
7 32 73.678162 0.967880 0.125380 0.973724 0.127618
7 33 73.793106 0.971505 0.126499 0.974108 0.126642
7 34 73.908043 0.971763 0.125803 0.970297 0.126178
7 35 74.022987 0.974050 0.128179 0.973023 0.126041
7 36 74.137932 0.973225 0.127059 0.973043 0.127343
7 37 74.252876 0.973618 0.127882 0.970246 0.126802
7 38 74.367813 0.968778 0.125850 0.972821 0.127301
7 39 74.482758 0.973223 0.126743 0.971617 0.125637
7 40 74.597702 0.972902 0.127039 0.973640 0.128004
7 41 74.712646 0.970104 0.124837 0.970438 0.125837
7 42 74.827583 0.970991 0.125209 0.967655 0.125742
7 43 74.942528 0.972511 0.126431 0.971283 0.127382
7 44 75.057472 0.968561 0.125649 0.970343 0.126441
7 45 75.172417 0.973137 0.127080 0.970572 0.125253
7 46 75.287354 0.974173 0.128348 0.969116 0.125039
7 47 75.402298 0.970480 0.125874 0.971084 0.126642
7 48 75.517242 0.971538 0.125861 0.973019 0.127830
7 49 75.632187 0.969320 0.125347 0.971158 0.125828
7 50 75.747124 0.968432 0.125100 0.970439 0.125063
7 51 75.862068 0.968579 0.126527 0.972955 0.126210
7 52 75.977013 0.972107 0.127000 0.974516 0.127144
7 53 76.091957 0.972843 0.127090 0.971561 0.127845
7 54 76.206894 0.971700 0.128432 0.969100 0.125783
7 55 76.321838 0.974199 0.127312 0.971711 0.127068
7 56 76.436783 0.972795 0.126459 0.969541 0.127366
7 57 76.551727 0.968878 0.127652 0.972190 0.126036
7 58 76.666664 0.974162 0.126428 0.971471 0.127126
7 59 76.781609 0.969942 0.125700 0.969297 0.126599
7 60 76.896553 0.972253 0.127631 0.974282 0.126177
7 61 77.011497 0.973164 0.126429 0.973860 0.128855
7 62 77.126434 0.967929 0.125638 0.972691 0.127334
7 63 77.241379 0.973294 0.127169 0.972647 0.127609
7 64 77.356323 0.969598 0.123746 0.970330 0.125239
7 65 77.471268 0.972479 0.124032 0.972839 0.126735
7 66 77.586205 0.970259 0.126470 0.972053 0.125782
7 67 77.701149 0.970748 0.128032 0.973753 0.125967
7 68 77.816093 0.970299 0.126276 0.971852 0.127994
7 69 77.931038 0.971058 0.126062 0.970990 0.126615
7 70 78.045975 0.971486 0.126515 0.970965 0.126051
7 71 78.160919 0.967204 0.124553 0.971693 0.126804
7 72 78.275864 0.971366 0.125679 0.973804 0.127149
7 73 78.390808 0.973932 0.127544 0.969917 0.125871
7 74 78.505745 0.972613 0.126042 0.971378 0.126037
7 75 78.620689 0.970681 0.125441 0.972827 0.127458
7 76 78.735634 0.971368 0.127971 0.971511 0.127937
7 77 78.850578 0.972292 0.126503 0.974110 0.126721
7 78 78.965515 0.969907 0.125599 0.973349 0.127974
7 79 79.080460 0.970108 0.124679 0.971339 0.127723
7 80 79.195404 0.968663 0.125312 0.973111 0.126374
7 81 79.310349 0.971512 0.127061 0.970254 0.125859
7 82 79.425285 0.967546 0.126549 0.971423 0.127855
7 83 79.540230 0.971287 0.125686 0.972395 0.126496
7 84 79.655174 0.973380 0.128771 0.971939 0.126234
7 85 79.770119 0.970270 0.126043 0.969216 0.127286
7 86 79.885056 0.969517 0.126472 0.970341 0.125888
8 0 80.000000 0.970671 0.125998 0.971215 0.126007
8 1 80.114944 0.971946 0.126530 0.971139 0.126412
8 2 80.229881 0.969726 0.126442 0.969241 0.125019
8 3 80.344826 0.971822 0.126061 0.969706 0.127160
8 4 80.459770 0.969147 0.126386 0.973143 0.125526
8 5 80.574715 0.972920 0.127109 0.967785 0.125748
8 6 80.689651 0.971240 0.128425 0.971636 0.127786
8 7 80.804596 0.971967 0.125608 0.971281 0.126906
8 8 80.919540 0.970891 0.126681 0.974020 0.125806
8 9 81.034485 0.970961 0.125752 0.973749 0.128115
8 10 81.149422 0.970087 0.124142 0.970881 0.126523
8 11 81.264366 0.972123 0.125752 0.970429 0.125969
8 12 81.379311 0.970974 0.127172 0.972505 0.126431
8 13 81.494255 0.974341 0.127148 0.970882 0.126182
8 14 81.609192 0.972619 0.126241 0.974336 0.126930
8 15 81.724136 0.969818 0.125797 0.971602 0.126384
8 16 81.839081 0.970372 0.127217 0.971125 0.124956
8 17 81.954025 0.970590 0.126901 0.972468 0.127548
8 18 82.068962 0.971587 0.126647 0.972647 0.127345
8 19 82.183907 0.972825 0.126622 0.971067 0.126880
8 20 82.298851 0.974555 0.126351 0.972313 0.126577
8 21 82.413795 0.967376 0.125675 0.971493 0.125889
8 22 82.528732 0.972565 0.127048 0.973634 0.125597
8 23 82.643677 0.971821 0.126601 0.971749 0.126267
8 24 82.758621 0.969345 0.125008 0.971489 0.126832
8 25 82.873566 0.971610 0.126012 0.971410 0.126080
8 26 82.988503 0.971121 0.125007 0.970562 0.125179
8 27 83.103447 0.972568 0.126557 0.972703 0.128090
8 28 83.218391 0.971903 0.126424 0.973586 0.127650
8 29 83.333336 0.973410 0.128809 0.971444 0.126679
8 30 83.448273 0.972724 0.126981 0.972292 0.127109
8 31 83.563217 0.973541 0.127783 0.970140 0.124971
8 32 83.678162 0.971913 0.126909 0.970742 0.126501
8 33 83.793106 0.971497 0.127477 0.968206 0.125775
8 34 83.908043 0.972959 0.125180 0.973274 0.127197
8 35 84.022987 0.971798 0.127179 0.971044 0.125445
8 36 84.137932 0.970563 0.125530 0.970696 0.127272
8 37 84.252876 0.972388 0.126752 0.968120 0.124735
8 38 84.367813 0.969948 0.124408 0.972272 0.126303
8 39 84.482758 0.975298 0.126891 0.972542 0.126751
8 40 84.597702 0.971403 0.125997 0.973553 0.126988
8 41 84.712646 0.973917 0.128026 0.974942 0.127320
8 42 84.827583 0.971359 0.127942 0.973690 0.127004
8 43 84.942528 0.969652 0.126219 0.972423 0.126632
8 44 85.057472 0.971584 0.125651 0.971971 0.127002
8 45 85.172417 0.969458 0.125171 0.968835 0.126883
8 46 85.287354 0.970387 0.126913 0.971694 0.126690
8 47 85.402298 0.972766 0.126697 0.969580 0.125701
8 48 85.517242 0.971786 0.126538 0.969826 0.126166
8 49 85.632187 0.972648 0.127320 0.970984 0.126707
8 50 85.747124 0.971645 0.126764 0.969754 0.127269
8 51 85.862068 0.975493 0.127094 0.970726 0.125159
8 52 85.977013 0.968957 0.125829 0.973224 0.125465
8 53 86.091957 0.974071 0.127060 0.972124 0.126622
8 54 86.206894 0.968672 0.124555 0.973819 0.126636
8 55 86.321838 0.972365 0.128810 0.973912 0.126581
8 56 86.436783 0.970949 0.126243 0.968059 0.124799
8 57 86.551727 0.970623 0.125503 0.969865 0.125452
8 58 86.666664 0.972160 0.126747 0.970933 0.127062
8 59 86.781609 0.971544 0.126535 0.972339 0.125907
8 60 86.896553 0.972385 0.125172 0.969837 0.126284
8 61 87.011497 0.970184 0.125546 0.969533 0.123667
8 62 87.126434 0.969791 0.126115 0.973762 0.125989
8 63 87.241379 0.973202 0.126490 0.971434 0.125458
8 64 87.356323 0.968760 0.124727 0.975330 0.126753
8 65 87.471268 0.969395 0.125904 0.971855 0.127341
8 66 87.586205 0.971856 0.127073 0.970328 0.125684
8 67 87.701149 0.971280 0.127361 0.970208 0.126053
8 68 87.816093 0.970925 0.126932 0.973638 0.127141
8 69 87.931038 0.972643 0.126635 0.974611 0.128259
8 70 88.045975 0.976241 0.127993 0.971363 0.125036
8 71 88.160919 0.967621 0.125428 0.971814 0.126292
8 72 88.275864 0.969657 0.127153 0.971647 0.127389
8 73 88.390808 0.973114 0.125984 0.972161 0.126847
8 74 88.505745 0.971909 0.126108 0.968817 0.125840
8 75 88.620689 0.971932 0.126599 0.970140 0.126074
8 76 88.735634 0.970547 0.124685 0.968441 0.125700
8 77 88.850578 0.973835 0.127879 0.972368 0.125738
8 78 88.965515 0.971195 0.127333 0.971946 0.125926
8 79 89.080460 0.972534 0.127668 0.971281 0.127206
8 80 89.195404 0.966813 0.125663 0.972928 0.127420
8 81 89.310349 0.972110 0.126596 0.972646 0.125446
8 82 89.425285 0.969993 0.126989 0.971162 0.126700
8 83 89.540230 0.968981 0.126633 0.969822 0.125008
8 84 89.655174 0.970712 0.127124 0.969394 0.125517
8 85 89.770119 0.971569 0.125197 0.970858 0.126323
8 86 89.885056 0.972336 0.126636 0.970737 0.125243
9 0 90.000000 0.972263 0.125294 0.970101 0.127263
9 1 90.114944 0.972846 0.126118 0.974906 0.127034
9 2 90.229881 0.974497 0.127884 0.971898 0.126274
9 3 90.344826 0.970941 0.126792 0.972953 0.126839
9 4 90.459770 0.972319 0.126996 0.971509 0.126945
9 5 90.574715 0.973260 0.126803 0.969466 0.125320
9 6 90.689651 0.970309 0.127138 0.975401 0.127408
9 7 90.804596 0.971396 0.125977 0.972478 0.125704
9 8 90.919540 0.972044 0.126934 0.971576 0.126178
9 9 91.034485 0.969529 0.126901 0.973765 0.126880
9 10 91.149422 0.969787 0.125437 0.973387 0.126539
9 11 91.264366 0.972351 0.125266 0.970584 0.125442
9 12 91.379311 0.972568 0.126759 0.970101 0.126053
9 13 91.494255 0.975764 0.128571 0.972611 0.126253
9 14 91.609192 0.973320 0.127730 0.969913 0.124897
9 15 91.724136 0.969619 0.126245 0.969109 0.126023
9 16 91.839081 0.971232 0.125539 0.973144 0.126856
9 17 91.954025 0.971113 0.126473 0.973130 0.127646
9 18 92.068962 0.973693 0.125698 0.973665 0.126881
9 19 92.183907 0.971015 0.125578 0.971592 0.126444
9 20 92.298851 0.973804 0.127128 0.971130 0.124636
9 21 92.413795 0.969401 0.125796 0.971095 0.125495
9 22 92.528732 0.970383 0.127847 0.971669 0.125560
9 23 92.643677 0.972670 0.127356 0.971726 0.125982
9 24 92.758621 0.972914 0.126992 0.969039 0.125544
9 25 92.873566 0.970662 0.125944 0.972372 0.125102
9 26 92.988503 0.973120 0.126939 0.970737 0.128489
9 27 93.103447 0.973000 0.127898 0.973280 0.126088
9 28 93.218391 0.974492 0.128175 0.974511 0.127376
9 29 93.333336 0.969447 0.124959 0.971270 0.128035
9 30 93.448273 0.971220 0.126590 0.972022 0.125897
9 31 93.563217 0.973272 0.125638 0.972392 0.127658
9 32 93.678162 0.972761 0.127336 0.970455 0.124995
9 33 93.793106 0.971690 0.125543 0.973575 0.127151
9 34 93.908043 0.972875 0.126519 0.971637 0.126312
9 35 94.022987 0.971839 0.124999 0.972821 0.127413
9 36 94.137932 0.971843 0.126330 0.972326 0.127605
9 37 94.252876 0.970786 0.127007 0.970022 0.123877
9 38 94.367813 0.975006 0.128036 0.973292 0.125265
9 39 94.482758 0.974200 0.127736 0.971482 0.125495
9 40 94.597702 0.969756 0.124980 0.973798 0.125061
9 41 94.712646 0.970229 0.125570 0.970846 0.127562
9 42 94.827583 0.975127 0.127136 0.971350 0.127182
9 43 94.942528 0.973459 0.127130 0.971017 0.125377
9 44 95.057472 0.972573 0.127053 0.971455 0.125568
9 45 95.172417 0.971203 0.126238 0.970411 0.125678
9 46 95.287354 0.969300 0.125528 0.970469 0.126430
9 47 95.402298 0.971286 0.127039 0.971124 0.125876
9 48 95.517242 0.970485 0.127108 0.970907 0.124817
9 49 95.632187 0.970183 0.125637 0.970689 0.126340
9 50 95.747124 0.970328 0.125912 0.972681 0.126216
9 51 95.862068 0.970076 0.126268 0.971822 0.126308
9 52 95.977013 0.972310 0.128421 0.970961 0.125263
9 53 96.091957 0.972695 0.126273 0.973088 0.127054
9 54 96.206894 0.970875 0.126136 0.973051 0.126674
9 55 96.321838 0.971118 0.126210 0.973427 0.126304
9 56 96.436783 0.969633 0.124658 0.971495 0.125620
9 57 96.551727 0.972111 0.127906 0.972389 0.125965
9 58 96.666664 0.970122 0.126596 0.970500 0.127207
9 59 96.781609 0.973000 0.126713 0.971656 0.127134
9 60 96.896553 0.969492 0.126237 0.972668 0.127272
9 61 97.011497 0.970649 0.126837 0.971829 0.127282
9 62 97.126434 0.968928 0.124403 0.970801 0.126765
9 63 97.241379 0.971196 0.126569 0.970996 0.125410
9 64 97.356323 0.972075 0.127049 0.972819 0.126165
9 65 97.471268 0.972571 0.127223 0.973448 0.127738
9 66 97.586205 0.972199 0.125226 0.972022 0.125476
9 67 97.701149 0.972903 0.126509 0.972758 0.127379
9 68 97.816093 0.976822 0.127806 0.970772 0.124816
9 69 97.931038 0.970322 0.125701 0.972536 0.127060
9 70 98.045975 0.969106 0.126636 0.973984 0.128143
9 71 98.160919 0.971673 0.125935 0.971182 0.125712
9 72 98.275864 0.969377 0.124664 0.971050 0.127196
9 73 98.390808 0.969268 0.124849 0.971870 0.126159
9 74 98.505745 0.971473 0.126587 0.973002 0.126768
9 75 98.620689 0.969504 0.124345 0.971984 0.127200
9 76 98.735634 0.968230 0.125675 0.971624 0.126169
9 77 98.850578 0.970509 0.126719 0.974425 0.127262
9 78 98.965515 0.972157 0.126470 0.971380 0.126769
9 79 99.080460 0.974583 0.126595 0.970934 0.125874
9 80 99.195404 0.970987 0.126337 0.972271 0.126986
9 81 99.310349 0.970314 0.126983 0.972566 0.128456
9 82 99.425285 0.973303 0.126997 0.970253 0.124491
9 83 99.540230 0.971341 0.126585 0.972099 0.128364
9 84 99.655174 0.970865 0.125074 0.967899 0.125055
9 85 99.770119 0.969570 0.126928 0.971920 0.124921
9 86 99.885056 0.969785 0.124941 0.971498 0.126551
