0 -0.454876 1 0.000050
1 -0.446628 0 0.000000
2 -0.438380 1 0.000050
3 -0.430131 1 0.000050
4 -0.421883 0 0.000000
5 -0.413635 0 0.000000
6 -0.405387 0 0.000000
7 -0.397139 0 0.000000
8 -0.388890 0 0.000000
9 -0.380642 1 0.000050
10 -0.372394 0 0.000000
11 -0.364146 3 0.000150
12 -0.355898 0 0.000000
13 -0.347649 1 0.000050
14 -0.339401 0 0.000000
15 -0.331153 1 0.000050
16 -0.322905 1 0.000050
17 -0.314657 1 0.000050
18 -0.306408 1 0.000050
19 -0.298160 2 0.000100
20 -0.289912 3 0.000150
21 -0.281664 1 0.000050
22 -0.273416 0 0.000000
23 -0.265167 2 0.000100
24 -0.256919 3 0.000150
25 -0.248671 1 0.000050
26 -0.240423 2 0.000100
27 -0.232175 4 0.000200
28 -0.223926 2 0.000100
29 -0.215678 2 0.000100
30 -0.207430 3 0.000150
31 -0.199182 16 0.000800
32 -0.190934 26 0.001300
33 -0.182685 63 0.003150
34 -0.174437 78 0.003900
35 -0.166189 77 0.003850
36 -0.157941 105 0.005250
37 -0.149693 184 0.009200
38 -0.141444 239 0.011950
39 -0.133196 184 0.009200
40 -0.124948 147 0.007350
41 -0.116700 172 0.008600
42 -0.108452 159 0.007950
43 -0.100203 242 0.012100
44 -0.091955 372 0.018600
45 -0.083707 823 0.041150
46 -0.075459 541 0.027050
47 -0.067211 387 0.019350
48 -0.058962 375 0.018750
49 -0.050714 628 0.031400
50 -0.042466 702 0.035100
51 -0.034218 555 0.027750
52 -0.025970 674 0.033700
53 -0.017721 1340 0.067000
54 -0.009473 4211 0.210550
55 -0.001225 872 0.043600
56 0.007023 674 0.033700
57 0.015271 918 0.045900
58 0.023520 821 0.041050
59 0.031768 449 0.022450
60 0.040016 383 0.019150
61 0.048264 504 0.025200
62 0.056512 492 0.024600
63 0.064761 424 0.021200
64 0.073009 264 0.013200
65 0.081257 226 0.011300
66 0.089505 180 0.009000
67 0.097753 168 0.008400
68 0.106002 170 0.008500
69 0.114250 342 0.017100
70 0.122498 235 0.011750
71 0.130746 126 0.006300
72 0.138994 62 0.003100
73 0.147243 99 0.004950
74 0.155491 122 0.006100
75 0.163739 57 0.002850
76 0.171987 9 0.000450
77 0.180235 6 0.000300
78 0.188484 8 0.000400
79 0.196732 10 0.000500
80 0.204980 6 0.000300
81 0.213228 4 0.000200
82 0.221476 7 0.000350
83 0.229725 1 0.000050
84 0.237973 4 0.000200
85 0.246221 0 0.000000
86 0.254469 4 0.000200
87 0.262717 0 0.000000
88 0.270966 8 0.000400
89 0.279214 0 0.000000
90 0.287462 1 0.000050
91 0.295710 0 0.000000
92 0.303959 3 0.000150
93 0.312207 1 0.000050
94 0.320455 1 0.000050
95 0.328703 1 0.000050
96 0.336951 0 0.000000
97 0.345199 0 0.000000
98 0.353448 1 0.000050
99 0.361696 0 0.000000
