0 -0.454876 1 0.000017
1 -0.446628 0 0.000000
2 -0.438380 1 0.000017
3 -0.430131 1 0.000017
4 -0.421883 0 0.000000
5 -0.413635 0 0.000000
6 -0.405387 0 0.000000
7 -0.397139 0 0.000000
8 -0.388890 0 0.000000
9 -0.380642 1 0.000017
10 -0.372394 0 0.000000
11 -0.364146 3 0.000050
12 -0.355898 0 0.000000
13 -0.347649 1 0.000017
14 -0.339401 0 0.000000
15 -0.331153 1 0.000017
16 -0.322905 1 0.000017
17 -0.314657 1 0.000017
18 -0.306408 1 0.000017
19 -0.298160 2 0.000033
20 -0.289912 3 0.000050
21 -0.281664 1 0.000017
22 -0.273416 0 0.000000
23 -0.265167 2 0.000033
24 -0.256919 3 0.000050
25 -0.248671 1 0.000017
26 -0.240423 2 0.000033
27 -0.232175 4 0.000067
28 -0.223926 2 0.000033
29 -0.215678 2 0.000033
30 -0.207430 3 0.000050
31 -0.199182 16 0.000267
32 -0.190934 26 0.000433
33 -0.182685 63 0.001050
34 -0.174437 78 0.001300
35 -0.166189 77 0.001283
36 -0.157941 105 0.001750
37 -0.149693 185 0.003083
38 -0.141444 247 0.004117
39 -0.133196 189 0.003150
40 -0.124948 150 0.002500
41 -0.116700 175 0.002917
42 -0.108452 160 0.002667
43 -0.100203 245 0.004083
44 -0.091955 373 0.006217
45 -0.083707 826 0.013767
46 -0.075459 542 0.009033
47 -0.067211 398 0.006633
48 -0.058962 396 0.006600
49 -0.050714 667 0.011117
50 -0.042466 794 0.013233
51 -0.034218 938 0.015633
52 -0.025970 2274 0.037900
53 -0.017721 11790 0.196500
54 -0.009473 28928 0.482133
55 -0.001225 2803 0.046717
56 0.007023 1140 0.019000
57 0.015271 1061 0.017683
58 0.023520 872 0.014533
59 0.031768 472 0.007867
60 0.040016 390 0.006500
61 0.048264 508 0.008467
62 0.056512 494 0.008233
63 0.064761 431 0.007183
64 0.073009 266 0.004433
65 0.081257 230 0.003833
66 0.089505 184 0.003067
67 0.097753 170 0.002833
68 0.106002 174 0.002900
69 0.114250 348 0.005800
70 0.122498 237 0.003950
71 0.130746 126 0.002100
72 0.138994 62 0.001033
73 0.147243 99 0.001650
74 0.155491 122 0.002033
75 0.163739 57 0.000950
76 0.171987 9 0.000150
77 0.180235 6 0.000100
78 0.188484 8 0.000133
79 0.196732 10 0.000167
80 0.204980 6 0.000100
81 0.213228 4 0.000067
82 0.221476 7 0.000117
83 0.229725 1 0.000017
84 0.237973 4 0.000067
85 0.246221 0 0.000000
86 0.254469 4 0.000067
87 0.262717 0 0.000000
88 0.270966 8 0.000133
89 0.279214 0 0.000000
90 0.287462 1 0.000017
91 0.295710 0 0.000000
92 0.303959 3 0.000050
93 0.312207 1 0.000017
94 0.320455 1 0.000017
95 0.328703 1 0.000017
96 0.336951 0 0.000000
97 0.345199 0 0.000000
98 0.353448 1 0.000017
99 0.361696 0 0.000000
