0 -0.057028 1 0.000050
1 -0.055745 2 0.000100
2 -0.054463 2 0.000100
3 -0.053180 2 0.000100
4 -0.051897 3 0.000150
5 -0.050615 1 0.000050
6 -0.049332 2 0.000100
7 -0.048050 5 0.000250
8 -0.046767 8 0.000400
9 -0.045485 4 0.000200
10 -0.044202 4 0.000200
11 -0.042920 6 0.000300
12 -0.041637 5 0.000250
13 -0.040355 7 0.000350
14 -0.039072 6 0.000300
15 -0.037789 5 0.000250
16 -0.036507 7 0.000350
17 -0.035224 9 0.000450
18 -0.033942 18 0.000900
19 -0.032659 23 0.001150
20 -0.031377 28 0.001400
21 -0.030094 38 0.001900
22 -0.028812 29 0.001450
23 -0.027529 43 0.002150
24 -0.026247 28 0.001400
25 -0.024964 61 0.003050
26 -0.023681 42 0.002100
27 -0.022399 66 0.003300
28 -0.021116 91 0.004550
29 -0.019834 107 0.005350
30 -0.018551 120 0.006000
31 -0.017269 182 0.009100
32 -0.015986 278 0.013900
33 -0.014704 358 0.017900
34 -0.013421 486 0.024300
35 -0.012139 712 0.035600
36 -0.010856 1278 0.063900
37 -0.009573 2597 0.129850
38 -0.008291 4808 0.240400
39 -0.007008 3709 0.185450
40 -0.005726 1656 0.082800
41 -0.004443 873 0.043650
42 -0.003161 539 0.026950
43 -0.001878 374 0.018700
44 -0.000596 275 0.013750
45 0.000687 177 0.008850
46 0.001969 157 0.007850
47 0.003252 145 0.007250
48 0.004535 104 0.005200
49 0.005817 80 0.004000
50 0.007100 63 0.003150
51 0.008382 65 0.003250
52 0.009665 32 0.001600
53 0.010947 34 0.001700
54 0.012230 19 0.000950
55 0.013512 24 0.001200
56 0.014795 31 0.001550
57 0.016077 20 0.001000
58 0.017360 18 0.000900
59 0.018643 18 0.000900
60 0.019925 14 0.000700
61 0.021208 16 0.000800
62 0.022490 13 0.000650
63 0.023773 9 0.000450
64 0.025055 9 0.000450
65 0.026338 4 0.000200
66 0.027620 5 0.000250
67 0.028903 4 0.000200
68 0.030185 8 0.000400
69 0.031468 7 0.000350
70 0.032751 2 0.000100
71 0.034033 6 0.000300
72 0.035316 2 0.000100
73 0.036598 1 0.000050
74 0.037881 3 0.000150
75 0.039163 1 0.000050
76 0.040446 0 0.000000
77 0.041728 3 0.000150
78 0.043011 1 0.000050
79 0.044293 1 0.000050
80 0.045576 0 0.000000
81 0.046859 0 0.000000
82 0.048141 0 0.000000
83 0.049424 1 0.000050
84 0.050706 1 0.000050
85 0.051989 0 0.000000
86 0.053271 1 0.000050
87 0.054554 0 0.000000
88 0.055836 0 0.000000
89 0.057119 0 0.000000
90 0.058402 0 0.000000
91 0.059684 0 0.000000
92 0.060967 0 0.000000
93 0.062249 1 0.000050
94 0.063532 0 0.000000
95 0.064814 1 0.000050
96 0.066097 0 0.000000
97 0.067379 0 0.000000
98 0.068662 0 0.000000
99 0.069944 1 0.000050
