0 0.000000 51636 0.860600
1 0.002090 2142 0.035700
2 0.004180 1698 0.028300
3 0.006270 1151 0.019183
4 0.008360 526 0.008767
5 0.010450 386 0.006433
6 0.012540 519 0.008650
7 0.014630 419 0.006983
8 0.016720 375 0.006250
9 0.018810 248 0.004133
10 0.020900 231 0.003850
11 0.022990 162 0.002700
12 0.025080 153 0.002550
13 0.027170 110 0.001833
14 0.029260 57 0.000950
15 0.031350 43 0.000717
16 0.033440 27 0.000450
17 0.035530 14 0.000233
18 0.037620 19 0.000317
19 0.039710 8 0.000133
20 0.041800 7 0.000117
21 0.043890 2 0.000033
22 0.045980 1 0.000017
23 0.048071 5 0.000083
24 0.050161 8 0.000133
25 0.052251 2 0.000033
26 0.054341 2 0.000033
27 0.056431 4 0.000067
28 0.058521 2 0.000033
29 0.060611 1 0.000017
30 0.062701 0 0.000000
31 0.064791 4 0.000067
32 0.066881 4 0.000067
33 0.068971 0 0.000000
34 0.071061 0 0.000000
35 0.073151 4 0.000067
36 0.075241 3 0.000050
37 0.077331 2 0.000033
38 0.079421 0 0.000000
39 0.081511 4 0.000067
40 0.083601 2 0.000033
41 0.085691 0 0.000000
42 0.087781 1 0.000017
43 0.089871 0 0.000000
44 0.091961 1 0.000017
45 0.094051 2 0.000033
46 0.096141 1 0.000017
47 0.098231 0 0.000000
48 0.100321 2 0.000033
49 0.102411 0 0.000000
50 0.104501 0 0.000000
51 0.106591 2 0.000033
52 0.108681 0 0.000000
53 0.110771 1 0.000017
54 0.112861 0 0.000000
55 0.114951 0 0.000000
56 0.117041 0 0.000000
57 0.119131 1 0.000017
58 0.121221 0 0.000000
59 0.123311 0 0.000000
60 0.125401 0 0.000000
61 0.127491 0 0.000000
62 0.129581 2 0.000033
63 0.131671 2 0.000033
64 0.133761 0 0.000000
65 0.135851 0 0.000000
66 0.137941 0 0.000000
67 0.140031 1 0.000017
68 0.142121 0 0.000000
69 0.144212 0 0.000000
70 0.146302 0 0.000000
71 0.148392 0 0.000000
72 0.150482 0 0.000000
73 0.152572 0 0.000000
74 0.154662 0 0.000000
75 0.156752 0 0.000000
76 0.158842 0 0.000000
77 0.160932 0 0.000000
78 0.163022 0 0.000000
79 0.165112 0 0.000000
80 0.167202 0 0.000000
81 0.169292 0 0.000000
82 0.171382 0 0.000000
83 0.173472 0 0.000000
84 0.175562 0 0.000000
85 0.177652 0 0.000000
86 0.179742 1 0.000017
87 0.181832 0 0.000000
88 0.183922 0 0.000000
89 0.186012 1 0.000017
90 0.188102 0 0.000000
91 0.190192 0 0.000000
92 0.192282 0 0.000000
93 0.194372 0 0.000000
94 0.196462 0 0.000000
95 0.198552 0 0.000000
96 0.200642 0 0.000000
97 0.202732 0 0.000000
98 0.204822 0 0.000000
99 0.206912 1 0.000017
