0 -0.144086 1 0.000050
1 -0.141330 2 0.000100
2 -0.138574 4 0.000200
3 -0.135817 2 0.000100
4 -0.133061 2 0.000100
5 -0.130305 0 0.000000
6 -0.127549 3 0.000150
7 -0.124793 2 0.000100
8 -0.122037 1 0.000050
9 -0.119281 0 0.000000
10 -0.116525 2 0.000100
11 -0.113768 1 0.000050
12 -0.111012 0 0.000000
13 -0.108256 0 0.000000
14 -0.105500 1 0.000050
15 -0.102744 0 0.000000
16 -0.099988 3 0.000150
17 -0.097232 0 0.000000
18 -0.094476 0 0.000000
19 -0.091720 0 0.000000
20 -0.088963 0 0.000000
21 -0.086207 1 0.000050
22 -0.083451 2 0.000100
23 -0.080695 0 0.000000
24 -0.077939 1 0.000050
25 -0.075183 0 0.000000
26 -0.072427 0 0.000000
27 -0.069671 1 0.000050
28 -0.066914 0 0.000000
29 -0.064158 7 0.000350
30 -0.061402 5 0.000250
31 -0.058646 2 0.000100
32 -0.055890 8 0.000400
33 -0.053134 0 0.000000
34 -0.050378 2 0.000100
35 -0.047622 6 0.000300
36 -0.044866 9 0.000450
37 -0.042109 11 0.000550
38 -0.039353 15 0.000750
39 -0.036597 28 0.001400
40 -0.033841 29 0.001450
41 -0.031085 54 0.002700
42 -0.028329 132 0.006600
43 -0.025573 185 0.009250
44 -0.022817 350 0.017500
45 -0.020060 694 0.034700
46 -0.017304 1241 0.062050
47 -0.014548 2111 0.105550
48 -0.011792 4472 0.223600
49 -0.009036 6872 0.343600
50 -0.006280 2008 0.100400
51 -0.003524 728 0.036400
52 -0.000768 398 0.019900
53 0.001989 222 0.011100
54 0.004745 112 0.005600
55 0.007501 121 0.006050
56 0.010257 53 0.002650
57 0.013013 34 0.001700
58 0.015769 6 0.000300
59 0.018525 7 0.000350
60 0.021281 7 0.000350
61 0.024037 4 0.000200
62 0.026794 1 0.000050
63 0.029550 1 0.000050
64 0.032306 0 0.000000
65 0.035062 1 0.000050
66 0.037818 2 0.000100
67 0.040574 0 0.000000
68 0.043330 1 0.000050
69 0.046086 1 0.000050
70 0.048843 1 0.000050
71 0.051599 0 0.000000
72 0.054355 0 0.000000
73 0.057111 1 0.000050
74 0.059867 0 0.000000
75 0.062623 0 0.000000
76 0.065379 0 0.000000
77 0.068135 2 0.000100
78 0.070891 3 0.000150
79 0.073648 1 0.000050
80 0.076404 1 0.000050
81 0.079160 0 0.000000
82 0.081916 2 0.000100
83 0.084672 2 0.000100
84 0.087428 0 0.000000
85 0.090184 2 0.000100
86 0.092940 2 0.000100
87 0.095697 0 0.000000
88 0.098453 1 0.000050
89 0.101209 1 0.000050
90 0.103965 1 0.000050
91 0.106721 2 0.000100
92 0.109477 0 0.000000
93 0.112233 3 0.000150
94 0.114989 0 0.000000
95 0.117745 0 0.000000
96 0.120502 4 0.000200
97 0.123258 1 0.000050
98 0.126014 0 0.000000
99 0.128770 1 0.000050
