0 0.004892 1 0.000050
1 0.013834 0 0.000000
2 0.022777 0 0.000000
3 0.031720 0 0.000000
4 0.040663 0 0.000000
5 0.049605 0 0.000000
6 0.058548 0 0.000000
7 0.067491 0 0.000000
8 0.076433 0 0.000000
9 0.085376 0 0.000000
10 0.094319 2 0.000100
11 0.103262 1 0.000050
12 0.112204 1 0.000050
13 0.121147 3 0.000150
14 0.130090 1 0.000050
15 0.139033 0 0.000000
16 0.147975 0 0.000000
17 0.156918 0 0.000000
18 0.165861 0 0.000000
19 0.174804 0 0.000000
20 0.183746 0 0.000000
21 0.192689 0 0.000000
22 0.201632 3 0.000150
23 0.210575 3 0.000150
24 0.219517 6 0.000300
25 0.228460 2 0.000100
26 0.237403 3 0.000150
27 0.246345 0 0.000000
28 0.255288 1 0.000050
29 0.264231 1 0.000050
30 0.273174 3 0.000150
31 0.282116 1 0.000050
32 0.291059 6 0.000300
33 0.300002 14 0.000700
34 0.308945 36 0.001800
35 0.317887 52 0.002600
36 0.326830 81 0.004050
37 0.335773 68 0.003400
38 0.344716 66 0.003300
39 0.353658 158 0.007900
40 0.362601 162 0.008100
41 0.371544 308 0.015400
42 0.380486 161 0.008050
43 0.389429 175 0.008750
44 0.398372 204 0.010200
45 0.407315 291 0.014550
46 0.416257 451 0.022550
47 0.425200 952 0.047600
48 0.434143 480 0.024000
49 0.443086 392 0.019600
50 0.452028 462 0.023100
51 0.460971 612 0.030600
52 0.469914 880 0.044000
53 0.478857 598 0.029900
54 0.487799 714 0.035700
55 0.496742 4629 0.231450
56 0.505685 828 0.041400
57 0.514628 718 0.035900
58 0.523570 990 0.049500
59 0.532513 800 0.040000
60 0.541456 524 0.026200
61 0.550398 435 0.021750
62 0.559341 513 0.025650
63 0.568284 731 0.036550
64 0.577227 358 0.017900
65 0.586169 329 0.016450
66 0.595112 217 0.010850
67 0.604055 255 0.012750
68 0.612998 197 0.009850
69 0.621940 409 0.020450
70 0.630883 172 0.008600
71 0.639826 85 0.004250
72 0.648769 76 0.003800
73 0.657711 104 0.005200
74 0.666654 90 0.004500
75 0.675597 75 0.003750
76 0.684539 28 0.001400
77 0.693482 22 0.001100
78 0.702425 26 0.001300
79 0.711368 6 0.000300
80 0.720310 0 0.000000
81 0.729253 0 0.000000
82 0.738196 4 0.000200
83 0.747139 0 0.000000
84 0.756081 0 0.000000
85 0.765024 1 0.000050
86 0.773967 2 0.000100
87 0.782910 2 0.000100
88 0.791852 6 0.000300
89 0.800795 9 0.000450
90 0.809738 1 0.000050
91 0.818681 0 0.000000
92 0.827623 0 0.000000
93 0.836566 0 0.000000
94 0.845509 0 0.000000
95 0.854451 0 0.000000
96 0.863394 0 0.000000
97 0.872337 1 0.000050
98 0.881280 1 0.000050
99 0.890222 1 0.000050
