0 0.015721 3 0.000150
1 0.025448 4 0.000200
2 0.035175 9 0.000450
3 0.044902 9 0.000450
4 0.054628 12 0.000600
5 0.064355 8 0.000400
6 0.074082 6 0.000300
7 0.083809 10 0.000500
8 0.093535 11 0.000550
9 0.103262 18 0.000900
10 0.112989 6 0.000300
11 0.122715 7 0.000350
12 0.132442 12 0.000600
13 0.142169 11 0.000550
14 0.151896 15 0.000750
15 0.161622 7 0.000350
16 0.171349 14 0.000700
17 0.181076 23 0.001150
18 0.190803 22 0.001100
19 0.200529 22 0.001100
20 0.210256 35 0.001750
21 0.219983 26 0.001300
22 0.229709 30 0.001500
23 0.239436 23 0.001150
24 0.249163 41 0.002050
25 0.258890 48 0.002400
26 0.268616 56 0.002800
27 0.278343 61 0.003050
28 0.288070 61 0.003050
29 0.297797 54 0.002700
30 0.307523 85 0.004250
31 0.317250 82 0.004100
32 0.326977 68 0.003400
33 0.336704 104 0.005200
34 0.346430 77 0.003850
35 0.356157 110 0.005500
36 0.365884 117 0.005850
37 0.375610 128 0.006400
38 0.385337 164 0.008200
39 0.395064 202 0.010100
40 0.404791 254 0.012700
41 0.414517 241 0.012050
42 0.424244 290 0.014500
43 0.433971 368 0.018400
44 0.443698 468 0.023400
45 0.453424 586 0.029300
46 0.463151 759 0.037950
47 0.472878 1119 0.055950
48 0.482605 1808 0.090400
49 0.492331 3185 0.159250
50 0.502058 2563 0.128150
51 0.511785 1451 0.072550
52 0.521511 876 0.043800
53 0.531238 635 0.031750
54 0.540965 450 0.022500
55 0.550692 363 0.018150
56 0.560418 390 0.019500
57 0.570145 319 0.015950
58 0.579872 249 0.012450
59 0.589599 179 0.008950
60 0.599325 171 0.008550
61 0.609052 139 0.006950
62 0.618779 145 0.007250
63 0.628506 122 0.006100
64 0.638232 98 0.004900
65 0.647959 91 0.004550
66 0.657686 97 0.004850
67 0.667412 73 0.003650
68 0.677139 84 0.004200
69 0.686866 54 0.002700
70 0.696593 42 0.002100
71 0.706319 42 0.002100
72 0.716046 43 0.002150
73 0.725773 38 0.001900
74 0.735500 25 0.001250
75 0.745226 29 0.001450
76 0.754953 28 0.001400
77 0.764680 31 0.001550
78 0.774406 32 0.001600
79 0.784133 32 0.001600
80 0.793860 16 0.000800
81 0.803587 11 0.000550
82 0.813313 23 0.001150
83 0.823040 20 0.001000
84 0.832767 16 0.000800
85 0.842494 15 0.000750
86 0.852220 13 0.000650
87 0.861947 11 0.000550
88 0.871674 8 0.000400
89 0.881401 11 0.000550
90 0.891127 10 0.000500
91 0.900854 16 0.000800
92 0.910581 10 0.000500
93 0.920307 15 0.000750
94 0.930034 14 0.000700
95 0.939761 3 0.000150
96 0.949488 8 0.000400
97 0.959214 3 0.000150
98 0.968941 6 0.000300
99 0.978668 1 0.000050
