0 0.424475 4 0.000200
1 0.426265 1 0.000050
2 0.428055 0 0.000000
3 0.429845 3 0.000150
4 0.431634 4 0.000200
5 0.433424 4 0.000200
6 0.435214 11 0.000550
7 0.437004 6 0.000300
8 0.438793 3 0.000150
9 0.440583 14 0.000700
10 0.442373 6 0.000300
11 0.444163 6 0.000300
12 0.445952 11 0.000550
13 0.447742 14 0.000700
14 0.449532 10 0.000500
15 0.451322 10 0.000500
16 0.453111 18 0.000900
17 0.454901 22 0.001100
18 0.456691 14 0.000700
19 0.458481 16 0.000800
20 0.460270 39 0.001950
21 0.462060 21 0.001050
22 0.463850 27 0.001350
23 0.465640 16 0.000800
24 0.467429 30 0.001500
25 0.469219 39 0.001950
26 0.471009 47 0.002350
27 0.472799 57 0.002850
28 0.474589 48 0.002400
29 0.476378 73 0.003650
30 0.478168 79 0.003950
31 0.479958 62 0.003100
32 0.481748 105 0.005250
33 0.483537 109 0.005450
34 0.485327 146 0.007300
35 0.487117 132 0.006600
36 0.488907 131 0.006550
37 0.490696 176 0.008800
38 0.492486 176 0.008800
39 0.494276 221 0.011050
40 0.496066 241 0.012050
41 0.497855 418 0.020900
42 0.499645 616 0.030800
43 0.501435 753 0.037650
44 0.503225 1077 0.053850
45 0.505014 1452 0.072600
46 0.506804 2638 0.131900
47 0.508594 2805 0.140250
48 0.510384 1834 0.091700
49 0.512173 1324 0.066200
50 0.513963 936 0.046800
51 0.515753 717 0.035850
52 0.517543 546 0.027300
53 0.519332 373 0.018650
54 0.521122 269 0.013450
55 0.522912 264 0.013200
56 0.524702 254 0.012700
57 0.526492 193 0.009650
58 0.528281 160 0.008000
59 0.530071 117 0.005850
60 0.531861 113 0.005650
61 0.533651 112 0.005600
62 0.535440 86 0.004300
63 0.537230 90 0.004500
64 0.539020 80 0.004000
65 0.540810 78 0.003900
66 0.542599 67 0.003350
67 0.544389 41 0.002050
68 0.546179 63 0.003150
69 0.547969 59 0.002950
70 0.549758 36 0.001800
71 0.551548 23 0.001150
72 0.553338 24 0.001200
73 0.555128 17 0.000850
74 0.556917 13 0.000650
75 0.558707 18 0.000900
76 0.560497 28 0.001400
77 0.562287 18 0.000900
78 0.564076 16 0.000800
79 0.565866 9 0.000450
80 0.567656 9 0.000450
81 0.569446 11 0.000550
82 0.571235 9 0.000450
83 0.573025 12 0.000600
84 0.574815 11 0.000550
85 0.576605 10 0.000500
86 0.578395 5 0.000250
87 0.580184 10 0.000500
88 0.581974 2 0.000100
89 0.583764 2 0.000100
90 0.585554 1 0.000050
91 0.587343 7 0.000350
92 0.589133 5 0.000250
93 0.590923 3 0.000150
94 0.592713 1 0.000050
95 0.594502 3 0.000150
96 0.596292 6 0.000300
97 0.598082 0 0.000000
98 0.599872 3 0.000150
99 0.601661 1 0.000050
