0 0.060922 17 0.000850
1 0.070658 5 0.000250
2 0.080393 5 0.000250
3 0.090128 5 0.000250
4 0.099863 3 0.000150
5 0.109599 7 0.000350
6 0.119334 1 0.000050
7 0.129069 3 0.000150
8 0.138805 6 0.000300
9 0.148540 5 0.000250
10 0.158275 3 0.000150
11 0.168011 9 0.000450
12 0.177746 6 0.000300
13 0.187481 7 0.000350
14 0.197217 11 0.000550
15 0.206952 2 0.000100
16 0.216687 5 0.000250
17 0.226423 6 0.000300
18 0.236158 10 0.000500
19 0.245893 18 0.000900
20 0.255628 15 0.000750
21 0.265364 34 0.001700
22 0.275099 34 0.001700
23 0.284834 38 0.001900
24 0.294570 34 0.001700
25 0.304305 41 0.002050
26 0.314040 60 0.003000
27 0.323776 216 0.010800
28 0.333511 167 0.008350
29 0.343246 62 0.003100
30 0.352982 38 0.001900
31 0.362717 30 0.001500
32 0.372452 20 0.001000
33 0.382188 12 0.000600
34 0.391923 15 0.000750
35 0.401658 17 0.000850
36 0.411394 25 0.001250
37 0.421129 39 0.001950
38 0.430864 38 0.001900
39 0.440600 32 0.001600
40 0.450335 29 0.001450
41 0.460070 52 0.002600
42 0.469805 57 0.002850
43 0.479541 70 0.003500
44 0.489276 115 0.005750
45 0.499011 120 0.006000
46 0.508747 128 0.006400
47 0.518482 136 0.006800
48 0.528217 149 0.007450
49 0.537953 230 0.011500
50 0.547688 248 0.012400
51 0.557423 384 0.019200
52 0.567159 462 0.023100
53 0.576894 762 0.038100
54 0.586629 1807 0.090350
55 0.596365 2406 0.120300
56 0.606100 1547 0.077350
57 0.615835 1161 0.058050
58 0.625570 815 0.040750
59 0.635306 591 0.029550
60 0.645041 385 0.019250
61 0.654776 318 0.015900
62 0.664512 275 0.013750
63 0.674247 227 0.011350
64 0.683982 205 0.010250
65 0.693718 182 0.009100
66 0.703453 151 0.007550
67 0.713188 159 0.007950
68 0.722924 155 0.007750
69 0.732659 148 0.007400
70 0.742394 148 0.007400
71 0.752130 168 0.008400
72 0.761865 153 0.007650
73 0.771600 171 0.008550
74 0.781336 180 0.009000
75 0.791071 143 0.007150
76 0.800806 146 0.007300
77 0.810541 139 0.006950
78 0.820277 161 0.008050
79 0.830012 194 0.009700
80 0.839747 271 0.013550
81 0.849483 202 0.010100
82 0.859218 236 0.011800
83 0.868953 312 0.015600
84 0.878689 403 0.020150
85 0.888424 419 0.020950
86 0.898159 361 0.018050
87 0.907895 221 0.011050
88 0.917630 234 0.011700
89 0.927365 358 0.017900
90 0.937101 286 0.014300
91 0.946836 225 0.011250
92 0.956571 134 0.006700
93 0.966307 42 0.002100
94 0.976042 42 0.002100
95 0.985777 41 0.002050
96 0.995512 21 0.001050
97 1.005248 7 0.000350
98 1.014983 6 0.000300
99 1.024718 1 0.000050
