0 0.031238 8 0.000133
1 0.041273 10 0.000167
2 0.051308 12 0.000200
3 0.061343 25 0.000417
4 0.071379 10 0.000167
5 0.081414 17 0.000283
6 0.091449 17 0.000283
7 0.101484 19 0.000317
8 0.111519 19 0.000317
9 0.121554 13 0.000217
10 0.131590 8 0.000133
11 0.141625 17 0.000283
12 0.151660 26 0.000433
13 0.161695 13 0.000217
14 0.171730 15 0.000250
15 0.181765 30 0.000500
16 0.191801 23 0.000383
17 0.201836 40 0.000667
18 0.211871 39 0.000650
19 0.221906 35 0.000583
20 0.231941 27 0.000450
21 0.241976 39 0.000650
22 0.252011 65 0.001083
23 0.262047 86 0.001433
24 0.272082 90 0.001500
25 0.282117 96 0.001600
26 0.292152 107 0.001783
27 0.302187 112 0.001867
28 0.312222 125 0.002083
29 0.322258 252 0.004200
30 0.332293 302 0.005033
31 0.342328 155 0.002583
32 0.352363 128 0.002133
33 0.362398 145 0.002417
34 0.372433 128 0.002133
35 0.382468 179 0.002983
36 0.392504 193 0.003217
37 0.402539 229 0.003817
38 0.412574 259 0.004317
39 0.422609 298 0.004967
40 0.432644 405 0.006750
41 0.442679 484 0.008067
42 0.452715 658 0.010967
43 0.462750 865 0.014417
44 0.472785 1298 0.021633
45 0.482820 2075 0.034583
46 0.492855 4645 0.077417
47 0.502890 14178 0.236300
48 0.512926 5695 0.094917
49 0.522961 2387 0.039783
50 0.532996 1454 0.024233
51 0.543031 1074 0.017900
52 0.553066 914 0.015233
53 0.563101 859 0.014317
54 0.573136 1031 0.017183
55 0.583172 1749 0.029150
56 0.593207 2536 0.042267
57 0.603242 2186 0.036433
58 0.613277 1435 0.023917
59 0.623312 1034 0.017233
60 0.633347 752 0.012533
61 0.643382 556 0.009267
62 0.653418 432 0.007200
63 0.663453 382 0.006367
64 0.673488 328 0.005467
65 0.683523 307 0.005117
66 0.693558 240 0.004000
67 0.703593 202 0.003367
68 0.713629 204 0.003400
69 0.723664 199 0.003317
70 0.733699 189 0.003150
71 0.743734 187 0.003117
72 0.753769 195 0.003250
73 0.763804 192 0.003200
74 0.773840 223 0.003717
75 0.783875 201 0.003350
76 0.793910 163 0.002717
77 0.803945 187 0.003117
78 0.813980 160 0.002667
79 0.824015 197 0.003283
80 0.834050 276 0.004600
81 0.844086 253 0.004217
82 0.854121 226 0.003767
83 0.864156 275 0.004583
84 0.874191 457 0.007617
85 0.884226 392 0.006533
86 0.894261 482 0.008033
87 0.904297 218 0.003633
88 0.914332 247 0.004117
89 0.924367 337 0.005617
90 0.934402 358 0.005967
91 0.944437 252 0.004200
92 0.954472 182 0.003033
93 0.964507 45 0.000750
94 0.974543 44 0.000733
95 0.984578 43 0.000717
96 0.994613 30 0.000500
97 1.004648 7 0.000117
98 1.014683 6 0.000100
99 1.024718 1 0.000017
