0 0.014612 5 0.000250
1 0.024564 7 0.000350
2 0.034516 5 0.000250
3 0.044469 10 0.000500
4 0.054421 2 0.000100
5 0.064374 4 0.000200
6 0.074326 6 0.000300
7 0.084278 5 0.000250
8 0.094231 4 0.000200
9 0.104183 11 0.000550
10 0.114135 1 0.000050
11 0.124088 6 0.000300
12 0.134040 1 0.000050
13 0.143992 3 0.000150
14 0.153945 4 0.000200
15 0.163897 3 0.000150
16 0.173849 2 0.000100
17 0.183802 6 0.000300
18 0.193754 1 0.000050
19 0.203706 3 0.000150
20 0.213659 1 0.000050
21 0.223611 2 0.000100
22 0.233563 5 0.000250
23 0.243516 16 0.000800
24 0.253468 25 0.001250
25 0.263420 22 0.001100
26 0.273373 36 0.001800
27 0.283325 35 0.001750
28 0.293277 27 0.001350
29 0.303230 55 0.002750
30 0.313182 142 0.007100
31 0.323134 124 0.006200
32 0.333087 173 0.008650
33 0.343039 104 0.005200
34 0.352991 24 0.001200
35 0.362944 27 0.001350
36 0.372896 23 0.001150
37 0.382848 14 0.000700
38 0.392801 17 0.000850
39 0.402753 26 0.001300
40 0.412705 26 0.001300
41 0.422658 41 0.002050
42 0.432610 23 0.001150
43 0.442562 47 0.002350
44 0.452515 53 0.002650
45 0.462467 56 0.002800
46 0.472419 68 0.003400
47 0.482372 104 0.005200
48 0.492324 117 0.005850
49 0.502276 148 0.007400
50 0.512229 148 0.007400
51 0.522181 182 0.009100
52 0.532133 219 0.010950
53 0.542086 253 0.012650
54 0.552038 425 0.021250
55 0.561990 549 0.027450
56 0.571943 1037 0.051850
57 0.581895 2050 0.102500
58 0.591847 2493 0.124650
59 0.601800 1319 0.065950
60 0.611752 954 0.047700
61 0.621704 828 0.041400
62 0.631657 476 0.023800
63 0.641609 362 0.018100
64 0.651561 281 0.014050
65 0.661514 253 0.012650
66 0.671466 236 0.011800
67 0.681419 208 0.010400
68 0.691371 150 0.007500
69 0.701323 175 0.008750
70 0.711276 152 0.007600
71 0.721228 146 0.007300
72 0.731180 176 0.008800
73 0.741133 178 0.008900
74 0.751085 149 0.007450
75 0.761037 172 0.008600
76 0.770990 175 0.008750
77 0.780942 146 0.007300
78 0.790894 168 0.008400
79 0.800847 140 0.007000
80 0.810799 164 0.008200
81 0.820751 279 0.013950
82 0.830704 210 0.010500
83 0.840656 208 0.010400
84 0.850608 348 0.017400
85 0.860561 461 0.023050
86 0.870513 359 0.017950
87 0.880465 424 0.021200
88 0.890418 257 0.012850
89 0.900370 263 0.013150
90 0.910322 279 0.013950
91 0.920275 318 0.015900
92 0.930227 241 0.012050
93 0.940179 154 0.007700
94 0.950132 50 0.002500
95 0.960084 56 0.002800
96 0.970036 33 0.001650
97 0.979989 20 0.001000
98 0.989941 5 0.000250
99 0.999893 1 0.000050
