0 0.004892 3 0.000050
1 0.014942 6 0.000100
2 0.024993 11 0.000183
3 0.035043 17 0.000283
4 0.045094 17 0.000283
5 0.055144 15 0.000250
6 0.065195 11 0.000183
7 0.075245 13 0.000217
8 0.085296 20 0.000333
9 0.095346 15 0.000250
10 0.105397 25 0.000417
11 0.115447 13 0.000217
12 0.125498 16 0.000267
13 0.135548 15 0.000250
14 0.145599 12 0.000200
15 0.155649 18 0.000300
16 0.165700 14 0.000233
17 0.175750 19 0.000317
18 0.185801 33 0.000550
19 0.195852 20 0.000333
20 0.205902 42 0.000700
21 0.215953 34 0.000567
22 0.226003 31 0.000517
23 0.236054 42 0.000700
24 0.246104 51 0.000850
25 0.256155 80 0.001333
26 0.266205 75 0.001250
27 0.276256 111 0.001850
28 0.286306 100 0.001667
29 0.296357 98 0.001633
30 0.306407 222 0.003700
31 0.316458 240 0.004000
32 0.326508 355 0.005917
33 0.336559 307 0.005117
34 0.346609 226 0.003767
35 0.356660 342 0.005700
36 0.366710 444 0.007400
37 0.376761 359 0.005983
38 0.386811 423 0.007050
39 0.396862 432 0.007200
40 0.406913 626 0.010433
41 0.416963 900 0.015000
42 0.427014 1326 0.022100
43 0.437064 885 0.014750
44 0.447115 1019 0.016983
45 0.457165 1369 0.022817
46 0.467216 1965 0.032750
47 0.477266 2152 0.035867
48 0.487317 3574 0.059567
49 0.497367 8129 0.135483
50 0.507418 2861 0.047683
51 0.517468 2137 0.035617
52 0.527519 2125 0.035417
53 0.537569 1358 0.022633
54 0.547620 1272 0.021200
55 0.557670 1454 0.024233
56 0.567721 1889 0.031483
57 0.577771 2342 0.039033
58 0.587822 3019 0.050317
59 0.597872 2196 0.036600
60 0.607923 1496 0.024933
61 0.617974 1423 0.023717
62 0.628024 991 0.016517
63 0.638075 591 0.009850
64 0.648125 479 0.007983
65 0.658176 488 0.008133
66 0.668226 421 0.007017
67 0.678277 364 0.006067
68 0.688327 231 0.003850
69 0.698378 248 0.004133
70 0.708428 220 0.003667
71 0.718479 189 0.003150
72 0.728529 207 0.003450
73 0.738580 209 0.003483
74 0.748630 194 0.003233
75 0.758681 193 0.003217
76 0.768731 216 0.003600
77 0.778782 183 0.003050
78 0.788832 187 0.003117
79 0.798883 172 0.002867
80 0.808933 182 0.003033
81 0.818984 259 0.004317
82 0.829034 268 0.004467
83 0.839085 231 0.003850
84 0.849136 332 0.005533
85 0.859186 464 0.007733
86 0.869237 407 0.006783
87 0.879287 426 0.007100
88 0.889338 284 0.004733
89 0.899388 274 0.004567
90 0.909439 294 0.004900
91 0.919489 335 0.005583
92 0.929540 264 0.004400
93 0.939590 167 0.002783
94 0.949641 60 0.001000
95 0.959691 58 0.000967
96 0.969742 39 0.000650
97 0.979792 23 0.000383
98 0.989843 6 0.000100
99 0.999893 0 0.000000
