0 0 0.000000 0.150398 0.099380 0.146313 0.097522
0 1 0.114943 0.104303 0.074419 0.104174 0.074673
0 2 0.229885 0.090768 0.065886 0.091217 0.065646
0 3 0.344828 0.079304 0.056290 0.080601 0.057115
0 4 0.459770 0.070779 0.048876 0.073263 0.051190
0 5 0.574713 0.068054 0.046724 0.067918 0.046693
0 6 0.689655 0.065629 0.046006 0.066079 0.046048
0 7 0.804598 0.062708 0.044158 0.063092 0.044310
0 8 0.919540 0.063892 0.044572 0.064111 0.044674
0 9 1.034483 0.061404 0.043408 0.062480 0.043925
0 10 1.149425 0.061663 0.043251 0.061481 0.043327
0 11 1.264368 0.061894 0.043166 0.061692 0.043354
0 12 1.379310 0.061686 0.043517 0.060243 0.042771
0 13 1.494253 0.060282 0.042429 0.059927 0.042620
0 14 1.609195 0.060237 0.043516 0.060179 0.043027
0 15 1.724138 0.059411 0.042598 0.058411 0.041880
0 16 1.839080 0.058133 0.041249 0.059443 0.042476
0 17 1.954023 0.058418 0.041661 0.059406 0.042497
0 18 2.068965 0.057636 0.041661 0.056615 0.040892
0 19 2.183908 0.058246 0.041101 0.059272 0.041644
0 20 2.298851 0.058467 0.041793 0.058891 0.042156
0 21 2.413793 0.056860 0.041124 0.057186 0.041318
0 22 2.528736 0.057817 0.041580 0.057004 0.041209
0 23 2.643678 0.055652 0.040193 0.055823 0.040952
0 24 2.758621 0.056458 0.041195 0.058075 0.041692
0 25 2.873563 0.058095 0.042007 0.056559 0.040928
0 26 2.988506 0.058010 0.041052 0.057302 0.040484
0 27 3.103448 0.057073 0.041811 0.056316 0.041434
0 28 3.218391 0.059291 0.042648 0.058307 0.042083
0 29 3.333333 0.060465 0.041556 0.061146 0.041850
0 30 3.448276 0.056351 0.041024 0.056573 0.040873
0 31 3.563218 0.055149 0.040484 0.056097 0.041447
0 32 3.678161 0.056093 0.040337 0.057741 0.041750
0 33 3.793103 0.055210 0.039989 0.056141 0.040791
0 34 3.908046 0.056054 0.040789 0.057917 0.042146
0 35 4.022988 0.056189 0.040597 0.058128 0.041694
0 36 4.137931 0.061133 0.040701 0.059549 0.040218
0 37 4.252873 0.055961 0.041532 0.055182 0.040553
0 38 4.367816 0.057056 0.041818 0.056179 0.041020
0 39 4.482759 0.055084 0.040347 0.056583 0.041662
0 40 4.597701 0.057468 0.041606 0.057324 0.041525
0 41 4.712644 0.055622 0.041269 0.054129 0.039949
0 42 4.827586 0.055064 0.040685 0.054585 0.040323
0 43 4.942529 0.054589 0.039902 0.055668 0.040606
0 44 5.057471 0.054473 0.039993 0.054497 0.039930
0 45 5.172414 0.056286 0.040195 0.056499 0.040336
0 46 5.287356 0.054079 0.039964 0.054412 0.039896
0 47 5.402299 0.057419 0.041539 0.057580 0.041712
0 48 5.517241 0.055601 0.040703 0.054349 0.040019
0 49 5.632184 0.055064 0.039929 0.056593 0.040991
0 50 5.747127 0.054269 0.040001 0.054553 0.040716
0 51 5.862069 0.055288 0.040980 0.055893 0.041025
0 52 5.977012 0.055300 0.040672 0.055663 0.041015
0 53 6.091954 0.056496 0.041861 0.054317 0.040158
0 54 6.206897 0.052787 0.039765 0.054928 0.041214
0 55 6.321839 0.057036 0.041119 0.056097 0.040719
0 56 6.436781 0.053807 0.040074 0.053461 0.040084
0 57 6.551724 0.053673 0.040260 0.052184 0.039380
0 58 6.666667 0.054450 0.040374 0.054819 0.041003
0 59 6.781609 0.056406 0.040231 0.056874 0.040478
0 60 6.896552 0.052796 0.039704 0.053705 0.040535
0 61 7.011494 0.056003 0.040740 0.055760 0.040465
0 62 7.126437 0.053546 0.040443 0.053187 0.040296
0 63 7.241379 0.056361 0.040824 0.054844 0.039673
0 64 7.356322 0.053111 0.039514 0.053414 0.039686
0 65 7.471264 0.054026 0.040526 0.053721 0.039771
0 66 7.586207 0.055798 0.040683 0.055016 0.040139
0 67 7.701149 0.056002 0.039804 0.055193 0.039578
0 68 7.816092 0.053035 0.039779 0.052990 0.039664
0 69 7.931035 0.053956 0.039946 0.053460 0.039774
0 70 8.045977 0.053702 0.040125 0.053101 0.039469
0 71 8.160919 0.053223 0.039979 0.053887 0.040462
0 72 8.275862 0.055322 0.039685 0.055613 0.039704
0 73 8.390804 0.054987 0.040339 0.055161 0.040793
0 74 8.505747 0.053392 0.040427 0.052807 0.039865
0 75 8.620689 0.055718 0.040286 0.055793 0.040342
0 76 8.735632 0.054507 0.040310 0.054154 0.039761
0 77 8.850574 0.053939 0.040020 0.055172 0.040555
0 78 8.965517 0.053834 0.040364 0.053014 0.039251
0 79 9.080460 0.054035 0.041096 0.052972 0.040053
0 80 9.195402 0.056551 0.040734 0.055877 0.040258
0 81 9.310345 0.053977 0.040188 0.054266 0.040635
0 82 9.425287 0.053377 0.039941 0.052987 0.039479
0 83 9.540230 0.052700 0.039583 0.054468 0.040632
0 84 9.655172 0.053139 0.040412 0.051839 0.039458
0 85 9.770115 0.052648 0.039253 0.052526 0.039618
0 86 9.885057 0.054196 0.040135 0.054155 0.040509
1 0 10.000000 0.052617 0.038861 0.054473 0.040286
1 1 10.114943 0.052333 0.039293 0.052053 0.039487
1 2 10.229885 0.052896 0.040049 0.052481 0.039472
1 3 10.344828 0.052681 0.039882 0.052813 0.040241
1 4 10.459770 0.053708 0.040635 0.052570 0.039418
1 5 10.574713 0.052913 0.040482 0.052335 0.039635
1 6 10.689655 0.054684 0.040667 0.054395 0.040470
1 7 10.804598 0.053927 0.039761 0.053171 0.039396
1 8 10.919540 0.052541 0.039865 0.051931 0.039256
1 9 11.034483 0.052405 0.039946 0.052325 0.039743
1 10 11.149426 0.053612 0.039711 0.054677 0.040343
1 11 11.264368 0.053505 0.040164 0.053889 0.040396
1 12 11.379311 0.053101 0.039626 0.053569 0.039772
1 13 11.494253 0.054111 0.039353 0.053204 0.038918
1 14 11.609196 0.053156 0.040219 0.052095 0.039485
1 15 11.724138 0.052674 0.040019 0.052255 0.039362
1 16 11.839081 0.052820 0.039655 0.052934 0.039830
1 17 11.954023 0.052212 0.039319 0.052982 0.039919
1 18 12.068966 0.052772 0.039260 0.053163 0.039729
1 19 12.183908 0.051577 0.039197 0.053529 0.040582
1 20 12.298851 0.052322 0.039696 0.051933 0.039450
1 21 12.413794 0.051474 0.039279 0.052470 0.040101
1 22 12.528735 0.051533 0.038606 0.052947 0.039926
1 23 12.643678 0.053527 0.040203 0.053275 0.039870
1 24 12.758620 0.056190 0.040442 0.055357 0.039884
1 25 12.873563 0.051323 0.038878 0.051671 0.039272
1 26 12.988505 0.053972 0.039971 0.052113 0.038884
1 27 13.103448 0.053882 0.040524 0.053774 0.040262
1 28 13.218390 0.052212 0.039578 0.051098 0.039101
1 29 13.333333 0.052684 0.039948 0.052907 0.039941
1 30 13.448276 0.055242 0.040317 0.054102 0.039400
1 31 13.563218 0.051112 0.039402 0.052718 0.040152
1 32 13.678161 0.054475 0.040667 0.054006 0.040051
1 33 13.793103 0.051454 0.039393 0.051958 0.039558
1 34 13.908046 0.054279 0.041014 0.051735 0.039468
1 35 14.022988 0.051565 0.039219 0.053448 0.040775
1 36 14.137931 0.054535 0.039663 0.053526 0.038918
1 37 14.252873 0.052166 0.039519 0.052951 0.040267
1 38 14.367816 0.054678 0.040126 0.054530 0.040103
1 39 14.482759 0.053114 0.039218 0.054642 0.040129
1 40 14.597701 0.053611 0.040021 0.052534 0.039093
1 41 14.712644 0.053318 0.039476 0.053127 0.039428
1 42 14.827586 0.053606 0.040018 0.053054 0.039635
1 43 14.942529 0.052271 0.039843 0.052153 0.039632
1 44 15.057471 0.053073 0.039624 0.053509 0.040236
1 45 15.172414 0.052431 0.040227 0.052959 0.040341
1 46 15.287356 0.053244 0.040115 0.052018 0.039029
1 47 15.402299 0.052640 0.039514 0.052346 0.039612
1 48 15.517241 0.051787 0.038768 0.053338 0.040449
1 49 15.632184 0.052426 0.040002 0.052024 0.039906
1 50 15.747127 0.053183 0.040547 0.052151 0.039710
1 51 15.862069 0.052484 0.040261 0.051014 0.038602
1 52 15.977012 0.052679 0.039046 0.052455 0.039168
1 53 16.091953 0.053863 0.039970 0.053316 0.039673
1 54 16.206896 0.050798 0.039127 0.051190 0.038954
1 55 16.321838 0.053050 0.039621 0.053267 0.039657
1 56 16.436781 0.051511 0.039109 0.052249 0.039643
1 57 16.551723 0.052722 0.040111 0.051205 0.039133
1 58 16.666666 0.054708 0.040867 0.054355 0.040678
1 59 16.781609 0.051753 0.039052 0.051298 0.038887
1 60 16.896551 0.053283 0.040421 0.052875 0.039521
1 61 17.011494 0.052031 0.039203 0.053014 0.039452
1 62 17.126436 0.051049 0.039207 0.051415 0.039212
1 63 17.241379 0.053251 0.040381 0.052935 0.040141
1 64 17.356321 0.050462 0.038952 0.051428 0.039595
1 65 17.471264 0.053759 0.039407 0.053538 0.039117
1 66 17.586206 0.051607 0.038912 0.052314 0.039383
1 67 17.701149 0.050977 0.038691 0.051014 0.038626
1 68 17.816092 0.052921 0.040390 0.050919 0.038607
1 69 17.931034 0.051895 0.039818 0.050015 0.038435
1 70 18.045977 0.051257 0.039359 0.050832 0.038884
1 71 18.160919 0.052482 0.040008 0.051391 0.039369
1 72 18.275862 0.052243 0.040381 0.050387 0.038719
1 73 18.390804 0.052190 0.039271 0.053515 0.040380
1 74 18.505747 0.050198 0.038983 0.050546 0.038603
1 75 18.620689 0.053137 0.039773 0.053278 0.039669
1 76 18.735632 0.050095 0.038834 0.050664 0.039750
1 77 18.850574 0.052707 0.039282 0.053277 0.039531
1 78 18.965517 0.053500 0.039670 0.054524 0.040677
1 79 19.080460 0.052455 0.039860 0.052328 0.039562
1 80 19.195402 0.051120 0.039520 0.050401 0.038909
1 81 19.310345 0.052098 0.039699 0.051098 0.038993
1 82 19.425287 0.051720 0.039761 0.051122 0.038792
1 83 19.540230 0.051304 0.039653 0.051178 0.039177
1 84 19.655172 0.050947 0.038628 0.051549 0.039026
1 85 19.770115 0.052281 0.039692 0.051177 0.039031
1 86 19.885057 0.054050 0.039681 0.053079 0.039261
2 0 20.000000 0.050744 0.039131 0.049660 0.038562
2 1 20.114943 0.051958 0.039100 0.053448 0.040656
2 2 20.229885 0.052081 0.039197 0.052545 0.039450
2 3 20.344828 0.051221 0.039761 0.051779 0.039739
2 4 20.459770 0.052021 0.040181 0.051402 0.039587
2 5 20.574713 0.052108 0.039729 0.052137 0.039607
2 6 20.689655 0.050840 0.038819 0.051537 0.039551
2 7 20.804598 0.051606 0.039580 0.051216 0.039599
2 8 20.919540 0.052267 0.039411 0.052726 0.039991
2 9 21.034483 0.050345 0.039060 0.049912 0.038741
2 10 21.149426 0.052839 0.039925 0.052939 0.039840
2 11 21.264368 0.051161 0.039062 0.051713 0.039538
2 12 21.379311 0.051744 0.039649 0.051683 0.039319
2 13 21.494253 0.052441 0.039970 0.051778 0.039296
2 14 21.609196 0.052798 0.039851 0.052488 0.039382
2 15 21.724138 0.050866 0.038632 0.051667 0.039225
2 16 21.839081 0.052251 0.039925 0.051094 0.039144
2 17 21.954023 0.053850 0.040417 0.053724 0.040207
2 18 22.068966 0.050999 0.039120 0.053084 0.040553
2 19 22.183908 0.052524 0.039756 0.052114 0.039825
2 20 22.298851 0.050472 0.039395 0.050329 0.039195
2 21 22.413794 0.052102 0.039656 0.051806 0.038993
2 22 22.528736 0.051770 0.038649 0.051705 0.038613
2 23 22.643679 0.053109 0.039423 0.053672 0.039688
2 24 22.758621 0.050706 0.038897 0.052010 0.040060
2 25 22.873564 0.052836 0.039456 0.052858 0.039589
2 26 22.988506 0.050812 0.039498 0.050231 0.039109
2 27 23.103449 0.051144 0.039001 0.051514 0.039351
2 28 23.218391 0.052346 0.040413 0.050252 0.038671
2 29 23.333334 0.049988 0.038757 0.050377 0.039040
2 30 23.448277 0.051271 0.039377 0.051403 0.039075
2 31 23.563219 0.052725 0.039765 0.053250 0.040629
2 32 23.678162 0.051358 0.040022 0.050162 0.038959
2 33 23.793104 0.051067 0.039064 0.051966 0.040048
2 34 23.908047 0.051501 0.039521 0.051710 0.039569
2 35 24.022989 0.051814 0.040312 0.050423 0.038895
2 36 24.137932 0.053111 0.039820 0.052571 0.039109
2 37 24.252874 0.050446 0.039061 0.050538 0.039028
2 38 24.367817 0.052859 0.040018 0.051902 0.038977
2 39 24.482759 0.052900 0.039577 0.052147 0.039264
2 40 24.597702 0.050915 0.039051 0.051442 0.039519
2 41 24.712645 0.053635 0.039939 0.053667 0.039857
2 42 24.827587 0.051596 0.039551 0.050854 0.039066
2 43 24.942530 0.052799 0.039960 0.052486 0.039347
2 44 25.057470 0.051141 0.039375 0.051609 0.039297
2 45 25.172413 0.050944 0.039101 0.051374 0.039156
2 46 25.287355 0.054143 0.039747 0.053562 0.039890
2 47 25.402298 0.051343 0.038993 0.051075 0.039039
2 48 25.517241 0.051001 0.039420 0.050782 0.039107
2 49 25.632183 0.052164 0.039705 0.052053 0.039184
2 50 25.747126 0.051688 0.039506 0.051798 0.039759
2 51 25.862068 0.051152 0.039614 0.051577 0.039307
2 52 25.977011 0.052168 0.039548 0.050493 0.038520
2 53 26.091953 0.050481 0.038805 0.050978 0.039411
2 54 26.206896 0.050467 0.039054 0.050643 0.038889
2 55 26.321838 0.050994 0.039560 0.051709 0.039747
2 56 26.436781 0.050630 0.039635 0.050670 0.039260
2 57 26.551723 0.050796 0.039090 0.051515 0.039413
2 58 26.666666 0.051657 0.040134 0.050100 0.038641
2 59 26.781609 0.050620 0.039349 0.051025 0.039135
2 60 26.896551 0.050286 0.038948 0.050511 0.039637
2 61 27.011494 0.053359 0.039683 0.053609 0.039606
2 62 27.126436 0.050425 0.038457 0.050200 0.038627
2 63 27.241379 0.052169 0.039718 0.051640 0.039282
2 64 27.356321 0.053244 0.039828 0.053171 0.039932
2 65 27.471264 0.050244 0.038834 0.051422 0.039416
2 66 27.586206 0.049718 0.038549 0.049869 0.038846
2 67 27.701149 0.052648 0.040230 0.051645 0.039611
2 68 27.816092 0.050627 0.038813 0.050804 0.038742
2 69 27.931034 0.051271 0.038979 0.052277 0.039232
2 70 28.045977 0.050812 0.039690 0.050606 0.039524
2 71 28.160919 0.052070 0.039251 0.051170 0.039380
2 72 28.275862 0.050455 0.039149 0.051260 0.039432
2 73 28.390804 0.050214 0.038726 0.049514 0.038205
2 74 28.505747 0.051805 0.039645 0.050760 0.039175
2 75 28.620689 0.050547 0.038672 0.051869 0.039485
2 76 28.735632 0.049774 0.038396 0.050856 0.039330
2 77 28.850574 0.050985 0.039429 0.051331 0.039635
2 78 28.965517 0.051964 0.039812 0.050940 0.039276
2 79 29.080460 0.051720 0.039121 0.051042 0.038385
2 80 29.195402 0.051909 0.039562 0.052107 0.039687
2 81 29.310345 0.050483 0.038475 0.051839 0.039603
2 82 29.425287 0.048632 0.037524 0.049024 0.038002
2 83 29.540230 0.048407 0.038203 0.049957 0.039473
2 84 29.655172 0.050328 0.038792 0.051563 0.039917
2 85 29.770115 0.051113 0.039560 0.050626 0.038662
2 86 29.885057 0.050111 0.038916 0.050863 0.039300
3 0 30.000000 0.050578 0.039612 0.050823 0.040023
3 1 30.114943 0.051893 0.039212 0.051824 0.039110
3 2 30.229885 0.050614 0.039430 0.051338 0.039819
3 3 30.344828 0.049572 0.038738 0.050762 0.039382
3 4 30.459770 0.050952 0.039246 0.051403 0.039480
3 5 30.574713 0.052568 0.039960 0.050498 0.038440
3 6 30.689655 0.048936 0.038083 0.050524 0.039208
3 7 30.804598 0.049828 0.038727 0.050394 0.038876
3 8 30.919540 0.051222 0.039321 0.051885 0.039976
3 9 31.034483 0.050818 0.039213 0.051758 0.039948
3 10 31.149426 0.051322 0.039718 0.049660 0.038060
3 11 31.264368 0.050792 0.039410 0.051048 0.039249
3 12 31.379311 0.051864 0.039529 0.052316 0.039674
3 13 31.494253 0.050637 0.039027 0.050786 0.039287
3 14 31.609196 0.051577 0.039338 0.050403 0.038439
3 15 31.724138 0.050743 0.039430 0.051547 0.039828
3 16 31.839081 0.051085 0.039190 0.051977 0.039663
3 17 31.954023 0.053087 0.038882 0.053980 0.039772
3 18 32.068966 0.050881 0.038899 0.051386 0.039715
3 19 32.183907 0.052168 0.039145 0.051673 0.038743
3 20 32.298851 0.050519 0.039424 0.049407 0.038891
3 21 32.413792 0.050188 0.038943 0.050826 0.039509
3 22 32.528736 0.051827 0.039209 0.052337 0.039643
3 23 32.643677 0.050540 0.039407 0.050363 0.039144
3 24 32.758621 0.050864 0.039581 0.051476 0.039414
3 25 32.873562 0.050063 0.039222 0.050442 0.039307
3 26 32.988506 0.050912 0.039334 0.050650 0.039439
3 27 33.103447 0.050746 0.039201 0.049562 0.038317
3 28 33.218391 0.051480 0.040275 0.050396 0.039294
3 29 33.333332 0.053844 0.040588 0.054814 0.041055
3 30 33.448277 0.051134 0.039549 0.051409 0.039409
3 31 33.563217 0.051984 0.040287 0.051837 0.040012
3 32 33.678162 0.051397 0.039156 0.050091 0.038372
3 33 33.793102 0.051248 0.039817 0.049919 0.038987
3 34 33.908047 0.050189 0.038817 0.049778 0.038451
3 35 34.022987 0.051639 0.039028 0.051047 0.038963
3 36 34.137932 0.050750 0.039355 0.052128 0.039764
3 37 34.252872 0.050291 0.038623 0.051387 0.040029
3 38 34.367817 0.050102 0.039185 0.049276 0.038547
3 39 34.482758 0.051889 0.040241 0.051283 0.039558
3 40 34.597702 0.051213 0.039465 0.050803 0.039363
3 41 34.712643 0.050746 0.039547 0.050892 0.039758
3 42 34.827587 0.051371 0.039337 0.052436 0.039728
3 43 34.942528 0.050741 0.038806 0.051690 0.039627
3 44 35.057472 0.050840 0.038954 0.051206 0.039291
3 45 35.172413 0.051354 0.039404 0.050244 0.039124
3 46 35.287357 0.049857 0.038839 0.050031 0.039442
3 47 35.402298 0.049654 0.038985 0.049908 0.038716
3 48 35.517242 0.050980 0.039513 0.049834 0.038994
3 49 35.632183 0.050339 0.039278 0.050638 0.039773
3 50 35.747128 0.050744 0.039570 0.049650 0.038537
3 51 35.862068 0.050415 0.038558 0.053276 0.040590
3 52 35.977013 0.051682 0.039223 0.052931 0.039976
3 53 36.091953 0.051381 0.039609 0.051524 0.039721
3 54 36.206898 0.050673 0.039308 0.050057 0.038731
3 55 36.321838 0.052159 0.038808 0.052046 0.039107
3 56 36.436783 0.051389 0.039769 0.051456 0.039695
3 57 36.551723 0.051075 0.039268 0.050908 0.039402
3 58 36.666668 0.049985 0.039148 0.051533 0.040028
3 59 36.781609 0.052319 0.040694 0.050489 0.038989
3 60 36.896553 0.051901 0.039884 0.052016 0.039579
3 61 37.011494 0.050054 0.039403 0.050161 0.038820
3 62 37.126438 0.050601 0.038994 0.050122 0.038615
3 63 37.241379 0.049916 0.038135 0.051587 0.039692
3 64 37.356323 0.050684 0.038934 0.050972 0.038928
3 65 37.471264 0.050035 0.038587 0.051321 0.040127
3 66 37.586208 0.050567 0.039075 0.050615 0.039331
3 67 37.701149 0.051695 0.039558 0.051857 0.039550
3 68 37.816093 0.051727 0.039335 0.050683 0.038829
3 69 37.931034 0.050096 0.038731 0.050423 0.039273
3 70 38.045979 0.050123 0.039593 0.050092 0.038966
3 71 38.160919 0.049787 0.038576 0.050894 0.039115
3 72 38.275864 0.050229 0.038988 0.049483 0.038546
3 73 38.390804 0.050787 0.039340 0.050454 0.039122
3 74 38.505749 0.050586 0.039591 0.049554 0.038657
3 75 38.620689 0.050451 0.039438 0.050735 0.039494
3 76 38.735634 0.050735 0.039127 0.050806 0.039294
3 77 38.850574 0.050335 0.038991 0.049796 0.038485
3 78 38.965519 0.051377 0.039111 0.051991 0.039702
3 79 39.080460 0.050384 0.039369 0.051003 0.039233
3 80 39.195404 0.052161 0.040155 0.050479 0.039084
3 81 39.310345 0.051154 0.039615 0.051823 0.039858
3 82 39.425289 0.050619 0.038674 0.050389 0.039063
3 83 39.540230 0.049254 0.038447 0.049161 0.038497
3 84 39.655174 0.049586 0.037999 0.050821 0.039206
3 85 39.770115 0.049886 0.039159 0.050751 0.039879
3 86 39.885059 0.050712 0.039785 0.049159 0.038724
4 0 40.000000 0.051221 0.039663 0.049786 0.038827
4 1 40.114941 0.050217 0.038891 0.050795 0.039476
4 2 40.229885 0.049171 0.038342 0.051055 0.039496
4 3 40.344826 0.049436 0.038818 0.050822 0.039445
4 4 40.459770 0.049493 0.038447 0.049790 0.039166
4 5 40.574711 0.051168 0.039180 0.052726 0.040026
4 6 40.689655 0.050611 0.039200 0.048908 0.037902
4 7 40.804596 0.048991 0.038120 0.049895 0.039023
4 8 40.919540 0.051298 0.039742 0.051391 0.039526
4 9 41.034481 0.049867 0.038491 0.050963 0.039774
4 10 41.149426 0.049369 0.038582 0.050112 0.039289
4 11 41.264366 0.049367 0.038691 0.050717 0.039690
4 12 41.379311 0.050331 0.038929 0.050506 0.039086
4 13 41.494251 0.049607 0.039026 0.049703 0.039345
4 14 41.609196 0.051990 0.040152 0.050536 0.038663
4 15 41.724136 0.051241 0.039692 0.050210 0.038937
4 16 41.839081 0.050758 0.039189 0.049844 0.038224
4 17 41.954021 0.050007 0.038364 0.051342 0.039383
4 18 42.068966 0.049532 0.038874 0.049790 0.039013
4 19 42.183907 0.051428 0.039276 0.051122 0.039349
4 20 42.298851 0.049751 0.038979 0.051098 0.039648
4 21 42.413792 0.050474 0.039132 0.051134 0.039673
4 22 42.528736 0.049926 0.039167 0.050218 0.039272
4 23 42.643677 0.050084 0.039231 0.050065 0.038936
4 24 42.758621 0.051287 0.039836 0.051373 0.039698
4 25 42.873562 0.050605 0.038954 0.050320 0.039182
4 26 42.988506 0.051513 0.039480 0.051110 0.039201
4 27 43.103447 0.049984 0.038853 0.050044 0.039014
4 28 43.218391 0.050351 0.038985 0.049366 0.038097
4 29 43.333332 0.050728 0.039257 0.050221 0.039123
4 30 43.448277 0.050037 0.039478 0.051251 0.039639
4 31 43.563217 0.048429 0.038097 0.050290 0.039302
4 32 43.678162 0.051203 0.039104 0.051222 0.039319
4 33 43.793102 0.051405 0.039787 0.048957 0.038029
4 34 43.908047 0.050111 0.039775 0.051090 0.039641
4 35 44.022987 0.050898 0.039471 0.049836 0.038434
4 36 44.137932 0.050329 0.038945 0.050147 0.038925
4 37 44.252872 0.048909 0.038197 0.049107 0.038523
4 38 44.367817 0.050712 0.039035 0.050044 0.038987
4 39 44.482758 0.050866 0.039426 0.050919 0.039297
4 40 44.597702 0.050011 0.039026 0.049591 0.038854
4 41 44.712643 0.050370 0.039245 0.049892 0.038888
4 42 44.827587 0.050324 0.039091 0.051166 0.039408
4 43 44.942528 0.049590 0.038896 0.049035 0.038724
4 44 45.057472 0.049026 0.038081 0.050076 0.039663
4 45 45.172413 0.048699 0.038151 0.050555 0.039815
4 46 45.287357 0.049907 0.038908 0.051211 0.039188
4 47 45.402298 0.049504 0.039077 0.049809 0.038763
4 48 45.517242 0.048444 0.038030 0.049952 0.039117
4 49 45.632183 0.051674 0.039534 0.052143 0.039421
4 50 45.747128 0.050936 0.039744 0.051429 0.040082
4 51 45.862068 0.050821 0.039353 0.050806 0.039294
4 52 45.977013 0.049057 0.038389 0.049244 0.038790
4 53 46.091953 0.050705 0.039748 0.050727 0.039571
4 54 46.206898 0.050325 0.038730 0.050288 0.038336
4 55 46.321838 0.049604 0.038951 0.050317 0.039160
4 56 46.436783 0.051231 0.039797 0.050825 0.039853
4 57 46.551723 0.050610 0.038894 0.050595 0.039269
4 58 46.666668 0.050600 0.038710 0.051907 0.040032
4 59 46.781609 0.050137 0.039209 0.048741 0.038127
4 60 46.896553 0.049447 0.038849 0.048909 0.038528
4 61 47.011494 0.053027 0.039403 0.052440 0.039208
4 62 47.126438 0.050444 0.039739 0.050519 0.040064
4 63 47.241379 0.049653 0.038973 0.050179 0.039426
4 64 47.356323 0.049786 0.038812 0.049853 0.038965
4 65 47.471264 0.049649 0.039296 0.048951 0.038917
4 66 47.586208 0.049342 0.038424 0.048609 0.037885
4 67 47.701149 0.050315 0.038771 0.050601 0.039195
4 68 47.816093 0.050720 0.039240 0.050380 0.038889
4 69 47.931034 0.050345 0.039078 0.049662 0.038803
4 70 48.045979 0.049809 0.038403 0.050375 0.038968
4 71 48.160919 0.051110 0.039348 0.050691 0.039066
4 72 48.275864 0.050482 0.039341 0.050313 0.038932
4 73 48.390804 0.051460 0.039785 0.050059 0.038997
4 74 48.505749 0.052454 0.040015 0.051328 0.039421
4 75 48.620689 0.049181 0.038489 0.050259 0.038944
4 76 48.735634 0.050427 0.039084 0.049765 0.038637
4 77 48.850574 0.050406 0.039118 0.050498 0.039429
4 78 48.965519 0.051283 0.039976 0.051257 0.039802
4 79 49.080460 0.048671 0.038486 0.049534 0.038918
4 80 49.195404 0.051048 0.039585 0.050646 0.039028
4 81 49.310345 0.049511 0.039101 0.049068 0.039145
4 82 49.425289 0.048673 0.038289 0.048894 0.038277
4 83 49.540230 0.050483 0.039795 0.050327 0.039498
4 84 49.655174 0.049987 0.039048 0.050433 0.039107
4 85 49.770115 0.049790 0.038583 0.051435 0.039989
4 86 49.885059 0.050172 0.039045 0.050884 0.039878
5 0 50.000000 0.049764 0.038744 0.051211 0.040367
5 1 50.114941 0.049995 0.039326 0.049910 0.039238
5 2 50.229885 0.050233 0.038619 0.050501 0.038837
5 3 50.344826 0.051612 0.039396 0.050615 0.038646
5 4 50.459770 0.050480 0.039463 0.049920 0.039146
5 5 50.574711 0.049550 0.038703 0.049803 0.038992
5 6 50.689655 0.050582 0.039411 0.048659 0.038577
5 7 50.804596 0.049497 0.039036 0.049203 0.038387
5 8 50.919540 0.050279 0.039454 0.050559 0.039102
5 9 51.034481 0.051114 0.039778 0.050340 0.039149
5 10 51.149426 0.049602 0.038801 0.050234 0.038894
5 11 51.264366 0.051047 0.039559 0.051725 0.039724
5 12 51.379311 0.050929 0.039636 0.050680 0.039336
5 13 51.494251 0.050221 0.038973 0.050196 0.039405
5 14 51.609196 0.050970 0.039930 0.049474 0.038285
5 15 51.724136 0.049621 0.039276 0.048634 0.038224
5 16 51.839081 0.050915 0.039982 0.049386 0.038693
5 17 51.954021 0.049067 0.038638 0.048078 0.038070
5 18 52.068966 0.049791 0.039066 0.049440 0.038791
5 19 52.183907 0.050698 0.039946 0.049695 0.039271
5 20 52.298851 0.049186 0.038878 0.050712 0.039794
5 21 52.413792 0.049270 0.038467 0.050235 0.039262
5 22 52.528736 0.049847 0.039288 0.049937 0.039500
5 23 52.643677 0.050348 0.039866 0.049850 0.039266
5 24 52.758621 0.049134 0.038854 0.048657 0.038580
5 25 52.873562 0.050325 0.039284 0.048979 0.038353
5 26 52.988506 0.049682 0.038926 0.050236 0.039472
5 27 53.103447 0.049821 0.038877 0.049287 0.038772
5 28 53.218391 0.050723 0.039228 0.049050 0.038355
5 29 53.333332 0.052221 0.040082 0.050773 0.039213
5 30 53.448277 0.051052 0.039069 0.049294 0.038086
5 31 53.563217 0.049852 0.039051 0.049744 0.039175
5 32 53.678162 0.049853 0.038986 0.050467 0.039204
5 33 53.793102 0.050248 0.039330 0.048568 0.038184
5 34 53.908047 0.049768 0.038751 0.051284 0.040010
5 35 54.022987 0.050820 0.039595 0.050842 0.039151
5 36 54.137932 0.050131 0.038665 0.052334 0.040153
5 37 54.252872 0.049917 0.039214 0.049297 0.038887
5 38 54.367817 0.052155 0.039499 0.052457 0.039969
5 39 54.482758 0.049404 0.038807 0.049729 0.038751
5 40 54.597702 0.050637 0.039599 0.050690 0.039438
5 41 54.712643 0.050332 0.038521 0.050102 0.038539
5 42 54.827587 0.051108 0.039171 0.051420 0.039407
5 43 54.942528 0.049436 0.038511 0.050791 0.039507
5 44 55.057472 0.049769 0.039207 0.051128 0.039967
5 45 55.172413 0.049021 0.038341 0.049940 0.039112
5 46 55.287357 0.050061 0.038910 0.049884 0.038806
5 47 55.402298 0.050282 0.039199 0.052156 0.040463
5 48 55.517242 0.050774 0.039258 0.051998 0.040319
5 49 55.632183 0.049425 0.038633 0.049772 0.039021
5 50 55.747128 0.049868 0.038829 0.050270 0.039270
5 51 55.862068 0.049740 0.038888 0.049682 0.038922
5 52 55.977013 0.049177 0.038423 0.050312 0.039190
5 53 56.091953 0.049886 0.039148 0.050535 0.039098
5 54 56.206898 0.048903 0.038534 0.049042 0.038964
5 55 56.321838 0.049858 0.039091 0.048811 0.038391
5 56 56.436783 0.049642 0.039320 0.049851 0.039335
5 57 56.551723 0.049337 0.038480 0.049532 0.038793
5 58 56.666668 0.048833 0.038584 0.049329 0.038883
5 59 56.781609 0.049955 0.038995 0.049659 0.038772
5 60 56.896553 0.050977 0.039556 0.049319 0.038141
5 61 57.011494 0.049854 0.038949 0.050240 0.039391
5 62 57.126438 0.050801 0.039798 0.049639 0.038936
5 63 57.241379 0.049578 0.039169 0.050280 0.039846
5 64 57.356323 0.049566 0.038698 0.050039 0.038989
5 65 57.471264 0.050286 0.038914 0.051731 0.040258
5 66 57.586208 0.048958 0.038400 0.049894 0.039018
5 67 57.701149 0.049090 0.038870 0.049443 0.039002
5 68 57.816093 0.049433 0.039090 0.049067 0.038680
5 69 57.931034 0.050825 0.040074 0.049075 0.038761
5 70 58.045979 0.049297 0.038371 0.049761 0.038986
5 71 58.160919 0.051781 0.039540 0.050879 0.039467
5 72 58.275864 0.051633 0.039720 0.050156 0.038984
5 73 58.390804 0.049394 0.038969 0.047602 0.037325
5 74 58.505749 0.050620 0.039056 0.051134 0.039525
5 75 58.620689 0.049476 0.038678 0.048633 0.038485
5 76 58.735634 0.049345 0.038572 0.049695 0.038598
5 77 58.850574 0.050398 0.039168 0.050565 0.039259
5 78 58.965519 0.050705 0.039943 0.050228 0.039789
5 79 59.080460 0.050083 0.039327 0.050339 0.039686
5 80 59.195404 0.049498 0.038616 0.050035 0.039182
5 81 59.310345 0.050650 0.039765 0.050214 0.039546
5 82 59.425289 0.051281 0.040045 0.050071 0.039556
5 83 59.540230 0.050403 0.039406 0.049916 0.039292
5 84 59.655174 0.050552 0.039707 0.050312 0.039701
5 85 59.770115 0.050651 0.039243 0.050522 0.039439
5 86 59.885059 0.048993 0.038335 0.049741 0.039211
6 0 60.000000 0.049866 0.039159 0.049073 0.038309
6 1 60.114941 0.050642 0.039340 0.050329 0.039333
6 2 60.229885 0.049305 0.038952 0.050745 0.040050
6 3 60.344826 0.049975 0.038434 0.050876 0.039111
6 4 60.459770 0.049215 0.038619 0.049483 0.039249
6 5 60.574711 0.049045 0.038405 0.049977 0.039469
6 6 60.689655 0.050037 0.039304 0.048877 0.038870
6 7 60.804596 0.049454 0.039041 0.048342 0.038139
6 8 60.919540 0.049572 0.038718 0.050363 0.039416
6 9 61.034481 0.050312 0.039410 0.049892 0.039083
6 10 61.149426 0.050002 0.039453 0.049711 0.039250
6 11 61.264366 0.049844 0.039425 0.050536 0.039999
6 12 61.379311 0.049514 0.038680 0.049988 0.038796
6 13 61.494251 0.050614 0.039497 0.050483 0.039349
6 14 61.609196 0.050157 0.039380 0.049981 0.039730
6 15 61.724136 0.050426 0.039616 0.049985 0.039080
6 16 61.839081 0.049419 0.038938 0.051130 0.039623
6 17 61.954021 0.051371 0.039620 0.051339 0.039551
6 18 62.068966 0.049373 0.038756 0.050231 0.039220
6 19 62.183907 0.048401 0.038169 0.049091 0.038810
6 20 62.298851 0.050740 0.039268 0.051859 0.039968
6 21 62.413792 0.049415 0.038989 0.048908 0.038558
6 22 62.528736 0.049824 0.039091 0.050067 0.038865
6 23 62.643677 0.049830 0.039022 0.051447 0.040310
6 24 62.758621 0.049231 0.038756 0.049163 0.038542
6 25 62.873562 0.050089 0.038920 0.051115 0.039811
6 26 62.988506 0.048684 0.038085 0.049014 0.038539
6 27 63.103447 0.049828 0.038726 0.049893 0.038787
6 28 63.218391 0.048865 0.038698 0.049272 0.038997
6 29 63.333332 0.049243 0.038635 0.048674 0.038253
6 30 63.448277 0.048578 0.038493 0.050165 0.039697
6 31 63.563217 0.049569 0.038931 0.049643 0.038942
6 32 63.678162 0.049344 0.038606 0.049695 0.039460
6 33 63.793102 0.050395 0.039722 0.049360 0.039270
6 34 63.908047 0.049862 0.039301 0.049067 0.038116
6 35 64.022987 0.050662 0.039435 0.049870 0.038811
6 36 64.137932 0.048732 0.038114 0.049488 0.038802
6 37 64.252876 0.050273 0.038973 0.051008 0.039368
6 38 64.367813 0.049054 0.038080 0.050213 0.038984
6 39 64.482758 0.048656 0.038518 0.048951 0.038245
6 40 64.597702 0.049320 0.039359 0.049767 0.039468
6 41 64.712646 0.050295 0.039261 0.049390 0.038655
6 42 64.827583 0.049911 0.039464 0.048732 0.038907
6 43 64.942528 0.050837 0.039598 0.049587 0.038455
6 44 65.057472 0.050587 0.039320 0.049923 0.038908
6 45 65.172417 0.050032 0.038811 0.050509 0.039178
6 46 65.287354 0.050292 0.039649 0.048681 0.038333
6 47 65.402298 0.048138 0.037875 0.049047 0.038893
6 48 65.517242 0.048693 0.038777 0.049299 0.038949
6 49 65.632187 0.049581 0.038632 0.050474 0.039119
6 50 65.747124 0.047942 0.037584 0.049642 0.038665
6 51 65.862068 0.050125 0.039547 0.051204 0.039755
6 52 65.977013 0.049661 0.039317 0.048046 0.037973
6 53 66.091957 0.049418 0.039047 0.049722 0.038955
6 54 66.206894 0.049273 0.038885 0.049683 0.039122
6 55 66.321838 0.050245 0.039156 0.049565 0.038232
6 56 66.436783 0.049974 0.038793 0.050043 0.038931
6 57 66.551727 0.049067 0.038765 0.048868 0.038652
6 58 66.666664 0.049631 0.039102 0.049944 0.038937
6 59 66.781609 0.047877 0.037548 0.050001 0.039484
6 60 66.896553 0.049110 0.038888 0.050200 0.039436
6 61 67.011497 0.049399 0.038885 0.048615 0.038107
6 62 67.126434 0.050868 0.039557 0.049599 0.038663
6 63 67.241379 0.050941 0.039776 0.050431 0.039699
6 64 67.356323 0.048943 0.038775 0.049121 0.038779
6 65 67.471268 0.048133 0.037837 0.049265 0.038699
6 66 67.586205 0.050828 0.039385 0.050755 0.039318
6 67 67.701149 0.051355 0.040025 0.048876 0.038245
6 68 67.816093 0.048813 0.038752 0.049538 0.039209
6 69 67.931038 0.050387 0.039396 0.051386 0.040298
6 70 68.045975 0.050330 0.039474 0.049938 0.038943
6 71 68.160919 0.050194 0.039359 0.049636 0.039134
6 72 68.275864 0.051059 0.039766 0.050538 0.039851
6 73 68.390808 0.048891 0.039121 0.048958 0.038757
6 74 68.505745 0.049381 0.038782 0.049845 0.038931
6 75 68.620689 0.050484 0.039411 0.050076 0.039051
6 76 68.735634 0.048166 0.038134 0.048782 0.038614
6 77 68.850578 0.049459 0.038737 0.049058 0.038644
6 78 68.965515 0.051310 0.039153 0.050636 0.038806
6 79 69.080460 0.050305 0.039344 0.049898 0.039235
6 80 69.195404 0.049080 0.038520 0.049568 0.038591
6 81 69.310349 0.048793 0.038145 0.049295 0.038945
6 82 69.425285 0.051331 0.040083 0.049576 0.038717
6 83 69.540230 0.049810 0.038999 0.050720 0.039439
6 84 69.655174 0.050832 0.040064 0.049496 0.038729
6 85 69.770119 0.049144 0.039035 0.048548 0.038284
6 86 69.885056 0.049010 0.038452 0.049593 0.039135
7 0 70.000000 0.050845 0.040071 0.049715 0.039195
7 1 70.114944 0.050145 0.039266 0.049497 0.038773
7 2 70.229881 0.049681 0.038773 0.049789 0.039146
7 3 70.344826 0.049257 0.038032 0.050427 0.038993
7 4 70.459770 0.050280 0.039129 0.050435 0.039359
7 5 70.574715 0.049630 0.039087 0.049342 0.038648
7 6 70.689651 0.049494 0.039087 0.048419 0.038399
7 7 70.804596 0.049560 0.038884 0.050315 0.039211
7 8 70.919540 0.049503 0.039199 0.049303 0.038752
7 9 71.034485 0.048643 0.038147 0.049611 0.038382
7 10 71.149422 0.049983 0.038895 0.050827 0.039557
7 11 71.264366 0.050328 0.039544 0.048492 0.038167
7 12 71.379311 0.048680 0.038521 0.049943 0.039226
7 13 71.494255 0.050665 0.039603 0.049675 0.038772
7 14 71.609192 0.049251 0.038686 0.049629 0.038874
7 15 71.724136 0.050031 0.039181 0.049630 0.039307
7 16 71.839081 0.048863 0.038394 0.049633 0.038866
7 17 71.954025 0.050009 0.039484 0.049839 0.039104
7 18 72.068962 0.049941 0.038933 0.051346 0.040226
7 19 72.183907 0.049475 0.038449 0.051031 0.039874
7 20 72.298851 0.049851 0.039191 0.049272 0.038557
7 21 72.413795 0.049473 0.039019 0.049722 0.038785
7 22 72.528732 0.048964 0.038738 0.049593 0.039142
7 23 72.643677 0.048882 0.038582 0.052093 0.040448
7 24 72.758621 0.049214 0.039125 0.049368 0.038733
7 25 72.873566 0.050570 0.038948 0.052198 0.039721
7 26 72.988503 0.049921 0.039291 0.050360 0.039467
7 27 73.103447 0.050421 0.039980 0.049591 0.039349
7 28 73.218391 0.049550 0.038846 0.050727 0.039661
7 29 73.333336 0.050098 0.039073 0.049271 0.038484
7 30 73.448273 0.050263 0.039385 0.050189 0.039312
7 31 73.563217 0.049314 0.038266 0.050129 0.038980
7 32 73.678162 0.049803 0.038699 0.050268 0.039198
7 33 73.793106 0.050058 0.039251 0.049868 0.038972
7 34 73.908043 0.049901 0.038730 0.050860 0.039990
7 35 74.022987 0.049872 0.039007 0.048592 0.038350
7 36 74.137932 0.049859 0.038826 0.049516 0.038543
7 37 74.252876 0.049153 0.038427 0.050318 0.039214
7 38 74.367813 0.049910 0.038366 0.051745 0.039607
7 39 74.482758 0.049350 0.038714 0.049285 0.038584
7 40 74.597702 0.049385 0.039089 0.049553 0.038849
7 41 74.712646 0.050246 0.039978 0.048462 0.037913
7 42 74.827583 0.048397 0.038467 0.049726 0.039204
7 43 74.942528 0.049359 0.038809 0.049503 0.038706
7 44 75.057472 0.048932 0.038121 0.049019 0.038562
7 45 75.172417 0.050651 0.039972 0.050256 0.038974
7 46 75.287354 0.049219 0.038915 0.049171 0.038703
7 47 75.402298 0.048979 0.038387 0.049800 0.039184
7 48 75.517242 0.049196 0.038680 0.050504 0.039439
7 49 75.632187 0.050616 0.039340 0.050331 0.039284
7 50 75.747124 0.049450 0.038793 0.048929 0.038871
7 51 75.862068 0.049746 0.039296 0.049313 0.038719
7 52 75.977013 0.050932 0.039185 0.050483 0.038656
7 53 76.091957 0.048429 0.038233 0.049392 0.038707
7 54 76.206894 0.049532 0.038890 0.048672 0.038738
7 55 76.321838 0.048803 0.038950 0.048182 0.038193
7 56 76.436783 0.049069 0.038916 0.049587 0.038950
7 57 76.551727 0.050575 0.038900 0.050319 0.038614
7 58 76.666664 0.048504 0.038047 0.049943 0.039348
7 59 76.781609 0.047754 0.038107 0.048987 0.038569
7 60 76.896553 0.049368 0.039069 0.048928 0.038538
7 61 77.011497 0.049642 0.039169 0.051302 0.039941
7 62 77.126434 0.049880 0.039106 0.049530 0.038953
7 63 77.241379 0.049330 0.038483 0.051896 0.039962
7 64 77.356323 0.047953 0.037894 0.049382 0.039208
7 65 77.471268 0.049708 0.039340 0.049883 0.039234
7 66 77.586205 0.049199 0.038690 0.050480 0.039437
7 67 77.701149 0.048627 0.038172 0.049574 0.038892
7 68 77.816093 0.049722 0.039242 0.048273 0.037810
7 69 77.931038 0.049696 0.039127 0.050328 0.039421
7 70 78.045975 0.049949 0.039021 0.049624 0.038712
7 71 78.160919 0.050378 0.039574 0.049080 0.038759
7 72 78.275864 0.048915 0.038480 0.049076 0.038374
7 73 78.390808 0.049390 0.039153 0.049862 0.039488
7 74 78.505745 0.049657 0.039489 0.049568 0.039239
7 75 78.620689 0.049700 0.038930 0.049027 0.038620
7 76 78.735634 0.049740 0.039485 0.047997 0.037888
7 77 78.850578 0.050142 0.039576 0.049274 0.038994
7 78 78.965515 0.049077 0.038652 0.048816 0.038289
7 79 79.080460 0.049568 0.039105 0.048903 0.038423
7 80 79.195404 0.050435 0.039592 0.049521 0.039151
7 81 79.310349 0.049082 0.038406 0.049968 0.039652
7 82 79.425285 0.048983 0.038949 0.049042 0.038746
7 83 79.540230 0.050699 0.038779 0.050726 0.039061
7 84 79.655174 0.049889 0.039499 0.049073 0.038597
7 85 79.770119 0.048558 0.038215 0.048631 0.038939
7 86 79.885056 0.049751 0.039202 0.049079 0.038660
8 0 80.000000 0.049249 0.039171 0.048579 0.039136
8 1 80.114944 0.049567 0.039044 0.049791 0.039080
8 2 80.229881 0.049320 0.038774 0.048811 0.038722
8 3 80.344826 0.048653 0.038167 0.049188 0.038651
8 4 80.459770 0.049362 0.038400 0.050855 0.040031
8 5 80.574715 0.048417 0.038138 0.050459 0.039370
8 6 80.689651 0.049595 0.039071 0.050101 0.039117
8 7 80.804596 0.048591 0.038638 0.049335 0.039182
8 8 80.919540 0.049695 0.039242 0.049342 0.039029
8 9 81.034485 0.047669 0.037898 0.048868 0.038650
8 10 81.149422 0.048915 0.038663 0.048391 0.038057
8 11 81.264366 0.050723 0.039275 0.050538 0.039127
8 12 81.379311 0.050071 0.039029 0.050069 0.039391
8 13 81.494255 0.049973 0.039279 0.049700 0.039046
8 14 81.609192 0.048791 0.038494 0.049007 0.038752
8 15 81.724136 0.049944 0.038925 0.049957 0.039378
8 16 81.839081 0.049664 0.039162 0.049576 0.038884
8 17 81.954025 0.049329 0.039255 0.049726 0.038999
8 18 82.068962 0.048862 0.038597 0.049613 0.038951
8 19 82.183907 0.049756 0.039043 0.049016 0.038562
8 20 82.298851 0.048987 0.038647 0.049448 0.038699
8 21 82.413795 0.049900 0.038966 0.050421 0.038764
8 22 82.528732 0.048384 0.038351 0.049274 0.039246
8 23 82.643677 0.050493 0.039851 0.049193 0.038637
8 24 82.758621 0.050397 0.039425 0.049597 0.039081
8 25 82.873566 0.048677 0.038388 0.049565 0.039116
8 26 82.988503 0.048287 0.038390 0.049485 0.039000
8 27 83.103447 0.049705 0.039295 0.048994 0.038440
8 28 83.218391 0.050179 0.038800 0.049669 0.038709
8 29 83.333336 0.049492 0.038601 0.050587 0.039250
8 30 83.448273 0.049439 0.039303 0.050165 0.039447
8 31 83.563217 0.049395 0.038819 0.047294 0.037915
8 32 83.678162 0.049100 0.038873 0.049075 0.038687
8 33 83.793106 0.051068 0.039222 0.050362 0.038934
8 34 83.908043 0.050012 0.039217 0.049479 0.039056
8 35 84.022987 0.049704 0.039216 0.048125 0.038238
8 36 84.137932 0.050212 0.039461 0.049238 0.039042
8 37 84.252876 0.048292 0.038071 0.048677 0.038055
8 38 84.367813 0.049755 0.039112 0.050110 0.039445
8 39 84.482758 0.048650 0.038534 0.049714 0.039474
8 40 84.597702 0.049246 0.038826 0.050452 0.039873
8 41 84.712646 0.050402 0.039062 0.049532 0.038344
8 42 84.827583 0.049882 0.039248 0.049420 0.038890
8 43 84.942528 0.049741 0.039175 0.048416 0.038915
8 44 85.057472 0.049276 0.038429 0.050024 0.038844
8 45 85.172417 0.050079 0.039699 0.049402 0.038862
8 46 85.287354 0.049077 0.039083 0.049070 0.038748
8 47 85.402298 0.049212 0.038662 0.049599 0.039039
8 48 85.517242 0.048818 0.038287 0.049861 0.039364
8 49 85.632187 0.048999 0.038750 0.049211 0.039064
8 50 85.747124 0.048236 0.038418 0.048777 0.038694
8 51 85.862068 0.049696 0.038962 0.049604 0.039011
8 52 85.977013 0.049513 0.038722 0.050042 0.039047
8 53 86.091957 0.049060 0.038967 0.049263 0.039254
8 54 86.206894 0.049281 0.038945 0.048761 0.038481
8 55 86.321838 0.050135 0.039377 0.049477 0.038693
8 56 86.436783 0.049201 0.039069 0.050401 0.039530
8 57 86.551727 0.048614 0.038593 0.049252 0.038587
8 58 86.666664 0.048946 0.038731 0.049324 0.038690
8 59 86.781609 0.049094 0.038768 0.049256 0.038682
8 60 86.896553 0.049181 0.038968 0.049523 0.039049
8 61 87.011497 0.049015 0.038529 0.049055 0.038222
8 62 87.126434 0.048866 0.038743 0.048571 0.038457
8 63 87.241379 0.049723 0.039009 0.049635 0.039029
8 64 87.356323 0.049737 0.039165 0.050066 0.039589
8 65 87.471268 0.050759 0.039254 0.050118 0.039147
8 66 87.586205 0.049282 0.038230 0.050275 0.038736
8 67 87.701149 0.049862 0.039346 0.048143 0.038057
8 68 87.816093 0.047905 0.038150 0.049273 0.038585
8 69 87.931038 0.049487 0.038821 0.049283 0.038698
8 70 88.045975 0.048612 0.038769 0.048784 0.038147
8 71 88.160919 0.048676 0.038246 0.048518 0.038178
8 72 88.275864 0.049572 0.039241 0.049426 0.039198
8 73 88.390808 0.048874 0.038751 0.049069 0.038532
8 74 88.505745 0.048470 0.038140 0.049674 0.038705
8 75 88.620689 0.048758 0.038675 0.049917 0.039429
8 76 88.735634 0.049411 0.039412 0.050110 0.039513
8 77 88.850578 0.050742 0.039683 0.049443 0.038450
8 78 88.965515 0.048786 0.038430 0.049387 0.039406
8 79 89.080460 0.047213 0.037552 0.049871 0.039311
8 80 89.195404 0.049125 0.038391 0.049999 0.039078
8 81 89.310349 0.049492 0.039304 0.049238 0.038701
8 82 89.425285 0.050076 0.039681 0.049306 0.039067
8 83 89.540230 0.048774 0.038832 0.047698 0.037704
8 84 89.655174 0.048581 0.038229 0.050262 0.039387
8 85 89.770119 0.049928 0.039132 0.048752 0.038077
8 86 89.885056 0.048502 0.038481 0.049393 0.039050
9 0 90.000000 0.050510 0.040092 0.048821 0.038824
9 1 90.114944 0.050237 0.039463 0.050342 0.039076
9 2 90.229881 0.048224 0.038204 0.048471 0.038240
9 3 90.344826 0.048112 0.038260 0.049661 0.039473
9 4 90.459770 0.050397 0.039634 0.049343 0.039195
9 5 90.574715 0.049156 0.038879 0.049328 0.038515
9 6 90.689651 0.049139 0.038551 0.050005 0.039431
9 7 90.804596 0.050151 0.039628 0.049772 0.039220
9 8 90.919540 0.049178 0.038649 0.048422 0.038445
9 9 91.034485 0.048788 0.038435 0.049702 0.039111
9 10 91.149422 0.049335 0.039027 0.049487 0.038686
9 11 91.264366 0.049304 0.038998 0.048239 0.038362
9 12 91.379311 0.049284 0.038461 0.048700 0.038262
9 13 91.494255 0.049331 0.038946 0.048119 0.038386
9 14 91.609192 0.050184 0.039366 0.050355 0.039139
9 15 91.724136 0.048582 0.038412 0.049455 0.039049
9 16 91.839081 0.050442 0.039265 0.049078 0.038617
9 17 91.954025 0.049018 0.038588 0.048897 0.038702
9 18 92.068962 0.048820 0.038564 0.050201 0.039763
9 19 92.183907 0.049679 0.038979 0.051208 0.039854
9 20 92.298851 0.048798 0.038467 0.049022 0.038570
9 21 92.413795 0.049794 0.039434 0.049055 0.038702
9 22 92.528732 0.050580 0.039229 0.051146 0.039930
9 23 92.643677 0.048468 0.038473 0.049232 0.038915
9 24 92.758621 0.049613 0.039308 0.049467 0.038729
9 25 92.873566 0.050214 0.038947 0.050349 0.039380
9 26 92.988503 0.049536 0.039221 0.048989 0.038670
9 27 93.103447 0.051115 0.039614 0.050426 0.039391
9 28 93.218391 0.049263 0.039353 0.049053 0.038592
9 29 93.333336 0.048817 0.038679 0.048435 0.038450
9 30 93.448273 0.049019 0.038814 0.049964 0.039971
9 31 93.563217 0.049205 0.038907 0.048822 0.038514
9 32 93.678162 0.049053 0.038922 0.049768 0.039317
9 33 93.793106 0.048918 0.038524 0.049745 0.039176
9 34 93.908043 0.049871 0.039242 0.050242 0.039466
9 35 94.022987 0.049532 0.039261 0.049906 0.039462
9 36 94.137932 0.050494 0.039090 0.049231 0.038310
9 37 94.252876 0.050782 0.039552 0.049875 0.038467
9 38 94.367813 0.049965 0.039492 0.049364 0.039135
9 39 94.482758 0.050377 0.039750 0.049315 0.039070
9 40 94.597702 0.049389 0.039163 0.050071 0.039378
9 41 94.712646 0.048770 0.038692 0.050163 0.039606
9 42 94.827583 0.047521 0.037441 0.048783 0.038373
9 43 94.942528 0.049128 0.038930 0.049659 0.039275
9 44 95.057472 0.050068 0.039797 0.049310 0.039134
9 45 95.172417 0.049419 0.039205 0.049836 0.039123
9 46 95.287354 0.048924 0.038795 0.049290 0.038968
9 47 95.402298 0.048347 0.038545 0.048384 0.038063
9 48 95.517242 0.051887 0.039981 0.051258 0.039282
9 49 95.632187 0.051175 0.039995 0.049548 0.038736
9 50 95.747124 0.049587 0.039210 0.049190 0.038941
9 51 95.862068 0.049583 0.038423 0.049870 0.038987
9 52 95.977013 0.049722 0.038719 0.050699 0.039490
9 53 96.091957 0.049045 0.039028 0.050151 0.039832
9 54 96.206894 0.049644 0.039092 0.049078 0.038618
9 55 96.321838 0.050235 0.039119 0.050445 0.039029
9 56 96.436783 0.048504 0.037976 0.049634 0.039304
9 57 96.551727 0.049440 0.038839 0.048681 0.038281
9 58 96.666664 0.049206 0.038929 0.048653 0.038847
9 59 96.781609 0.048577 0.038460 0.049290 0.039051
9 60 96.896553 0.049341 0.038802 0.050071 0.039057
9 61 97.011497 0.049584 0.039479 0.049375 0.039104
9 62 97.126434 0.048165 0.038145 0.050141 0.039612
9 63 97.241379 0.050832 0.039482 0.050739 0.039136
9 64 97.356323 0.048743 0.038597 0.048464 0.038487
9 65 97.471268 0.049284 0.039417 0.048368 0.038341
9 66 97.586205 0.049645 0.038647 0.049537 0.038952
9 67 97.701149 0.049414 0.038983 0.049078 0.038691
9 68 97.816093 0.050271 0.039358 0.050418 0.039075
9 69 97.931038 0.048927 0.038965 0.049695 0.039732
9 70 98.045975 0.048993 0.038902 0.049246 0.038959
9 71 98.160919 0.051166 0.039576 0.049834 0.039132
9 72 98.275864 0.049285 0.039074 0.049844 0.039202
9 73 98.390808 0.049755 0.038916 0.051037 0.039662
9 74 98.505745 0.049474 0.038788 0.050206 0.038766
9 75 98.620689 0.049123 0.039104 0.048729 0.038901
9 76 98.735634 0.049432 0.039082 0.048604 0.038296
9 77 98.850578 0.050141 0.039395 0.050378 0.039172
9 78 98.965515 0.049006 0.038701 0.049122 0.038437
9 79 99.080460 0.049262 0.038795 0.049143 0.039072
9 80 99.195404 0.048740 0.038856 0.048568 0.038538
9 81 99.310349 0.049622 0.039385 0.049870 0.039251
9 82 99.425285 0.049333 0.038878 0.048667 0.038708
9 83 99.540230 0.049471 0.038906 0.050427 0.039383
9 84 99.655174 0.050575 0.038717 0.049321 0.038471
9 85 99.770119 0.048928 0.038519 0.049419 0.038662
9 86 99.885056 0.049930 0.038951 0.050668 0.039688
