initializing
training size    : 359556
testing size     : 20000
epoch count      : 10
sub epoch size   : 5

epoch_learning_rate_decay   : 8
learning_rate_decay         : 0.250000

training



epoch [0 0] from [10 5]
training time per iterations 1.602801[ms]
testing on 20000 items
testing done
average error 0.002648
min error     0.000000
max error     0.187982
saving best net
best net saved to networks/disc16x16x3_window_size_4/net_5/trained/, with error 0.002648



epoch [0 1] from [10 5]
training time per iterations 1.592955[ms]
testing on 20000 items
testing done
average error 0.002262
min error     0.000000
max error     0.201152
saving best net
best net saved to networks/disc16x16x3_window_size_4/net_5/trained/, with error 0.002262



epoch [0 2] from [10 5]
training time per iterations 1.570052[ms]
testing on 20000 items
testing done
average error 0.002138
min error     0.000000
max error     0.176475
saving best net
best net saved to networks/disc16x16x3_window_size_4/net_5/trained/, with error 0.002138



epoch [0 3] from [10 5]
training time per iterations 1.591843[ms]
testing on 20000 items
testing done
average error 0.001955
min error     0.000000
max error     0.202112
saving best net
best net saved to networks/disc16x16x3_window_size_4/net_5/trained/, with error 0.001955



epoch [0 4] from [10 5]
training time per iterations 1.565505[ms]
testing on 20000 items
testing done
average error 0.001910
min error     0.000000
max error     0.175703
saving best net
best net saved to networks/disc16x16x3_window_size_4/net_5/trained/, with error 0.001910



epoch [1 0] from [10 5]
training time per iterations 1.601299[ms]
testing on 20000 items
testing done
average error 0.001965
min error     0.000000
max error     0.209995



epoch [1 1] from [10 5]
training time per iterations 1.572833[ms]
testing on 20000 items
testing done
average error 0.001935
min error     0.000000
max error     0.193063



epoch [1 2] from [10 5]
training time per iterations 1.583151[ms]
testing on 20000 items
testing done
average error 0.001920
min error     0.000000
max error     0.211872



epoch [1 3] from [10 5]
training time per iterations 1.596571[ms]
testing on 20000 items
testing done
average error 0.001810
min error     0.000000
max error     0.183093
saving best net
best net saved to networks/disc16x16x3_window_size_4/net_5/trained/, with error 0.001810



epoch [1 4] from [10 5]
training time per iterations 1.596209[ms]
testing on 20000 items
testing done
average error 0.001881
min error     0.000000
max error     0.188845



epoch [2 0] from [10 5]
training time per iterations 1.584111[ms]
testing on 20000 items
testing done
average error 0.001852
min error     0.000000
max error     0.203735



epoch [2 1] from [10 5]
training time per iterations 1.574710[ms]
testing on 20000 items
testing done
average error 0.001867
min error     0.000000
max error     0.189166



epoch [2 2] from [10 5]
training time per iterations 1.596362[ms]
testing on 20000 items
testing done
average error 0.001776
min error     0.000000
max error     0.201534
saving best net
best net saved to networks/disc16x16x3_window_size_4/net_5/trained/, with error 0.001776



epoch [2 3] from [10 5]
training time per iterations 1.600965[ms]
testing on 20000 items
testing done
average error 0.001768
min error     0.000000
max error     0.184754
saving best net
best net saved to networks/disc16x16x3_window_size_4/net_5/trained/, with error 0.001768



epoch [2 4] from [10 5]
training time per iterations 1.604052[ms]
testing on 20000 items
testing done
average error 0.001740
min error     0.000000
max error     0.167079
saving best net
best net saved to networks/disc16x16x3_window_size_4/net_5/trained/, with error 0.001740



epoch [3 0] from [10 5]
training time per iterations 1.598949[ms]
testing on 20000 items
testing done
average error 0.001780
min error     0.000000
max error     0.189806



epoch [3 1] from [10 5]
training time per iterations 1.577214[ms]
testing on 20000 items
testing done
average error 0.001724
min error     0.000000
max error     0.190139
saving best net
best net saved to networks/disc16x16x3_window_size_4/net_5/trained/, with error 0.001724



epoch [3 2] from [10 5]
training time per iterations 1.598545[ms]
testing on 20000 items
testing done
average error 0.001727
min error     0.000000
max error     0.194495



epoch [3 3] from [10 5]
training time per iterations 1.579299[ms]
testing on 20000 items
testing done
average error 0.001931
min error     0.000000
max error     0.192755



epoch [3 4] from [10 5]
training time per iterations 1.561430[ms]
testing on 20000 items
testing done
average error 0.001740
min error     0.000000
max error     0.200083



epoch [4 0] from [10 5]
training time per iterations 1.597878[ms]
testing on 20000 items
testing done
average error 0.001817
min error     0.000000
max error     0.177354



epoch [4 1] from [10 5]
training time per iterations 1.612896[ms]
testing on 20000 items
testing done
average error 0.001806
min error     0.000000
max error     0.185455



epoch [4 2] from [10 5]
training time per iterations 1.600868[ms]
testing on 20000 items
testing done
average error 0.001699
min error     0.000000
max error     0.180334
saving best net
best net saved to networks/disc16x16x3_window_size_4/net_5/trained/, with error 0.001699



epoch [4 3] from [10 5]
training time per iterations 1.589312[ms]
testing on 20000 items
testing done
average error 0.001709
min error     0.000000
max error     0.181025



epoch [4 4] from [10 5]
training time per iterations 1.590883[ms]
testing on 20000 items
testing done
average error 0.001778
min error     0.000000
max error     0.177768



epoch [5 0] from [10 5]
training time per iterations 1.578409[ms]
testing on 20000 items
testing done
average error 0.001726
min error     0.000000
max error     0.179212



epoch [5 1] from [10 5]
training time per iterations 1.594262[ms]
testing on 20000 items
testing done
average error 0.001825
min error     0.000000
max error     0.170264



epoch [5 2] from [10 5]
training time per iterations 1.581121[ms]
testing on 20000 items
testing done
average error 0.001643
min error     0.000000
max error     0.185237
saving best net
best net saved to networks/disc16x16x3_window_size_4/net_5/trained/, with error 0.001643



epoch [5 3] from [10 5]
training time per iterations 1.580913[ms]
testing on 20000 items
testing done
average error 0.001789
min error     0.000000
max error     0.192328



epoch [5 4] from [10 5]
training time per iterations 1.604734[ms]
testing on 20000 items
testing done
average error 0.001779
min error     0.000000
max error     0.198533



epoch [6 0] from [10 5]
training time per iterations 1.604928[ms]
testing on 20000 items
testing done
average error 0.001615
min error     0.000000
max error     0.180238
saving best net
best net saved to networks/disc16x16x3_window_size_4/net_5/trained/, with error 0.001615



epoch [6 1] from [10 5]
training time per iterations 1.593025[ms]
testing on 20000 items
testing done
average error 0.001679
min error     0.000000
max error     0.191529



epoch [6 2] from [10 5]
training time per iterations 1.578966[ms]
testing on 20000 items
testing done
average error 0.001786
min error     0.000000
max error     0.193894



epoch [6 3] from [10 5]
training time per iterations 1.592594[ms]
testing on 20000 items
testing done
average error 0.001719
min error     0.000000
max error     0.181157



epoch [6 4] from [10 5]
training time per iterations 1.602620[ms]
testing on 20000 items
testing done
average error 0.001730
min error     0.000000
max error     0.170044



epoch [7 0] from [10 5]
training time per iterations 1.578841[ms]
testing on 20000 items
testing done
average error 0.001833
min error     0.000000
max error     0.189820



epoch [7 1] from [10 5]
training time per iterations 1.583054[ms]
testing on 20000 items
testing done
average error 0.001672
min error     0.000000
max error     0.182849



epoch [7 2] from [10 5]
training time per iterations 1.587879[ms]
testing on 20000 items
testing done
average error 0.001637
min error     0.000000
max error     0.180855



epoch [7 3] from [10 5]
training time per iterations 1.603260[ms]
testing on 20000 items
testing done
average error 0.001736
min error     0.000000
max error     0.185081



epoch [7 4] from [10 5]
training time per iterations 1.589145[ms]
testing on 20000 items
testing done
average error 0.001666
min error     0.000000
max error     0.190555
setting learning rate to 0.000050



epoch [8 0] from [10 5]
training time per iterations 1.588936[ms]
testing on 20000 items
testing done
average error 0.001674
min error     0.000000
max error     0.174727



epoch [8 1] from [10 5]
training time per iterations 1.587295[ms]
testing on 20000 items
testing done
average error 0.001685
min error     0.000000
max error     0.176804



epoch [8 2] from [10 5]
training time per iterations 1.602147[ms]
testing on 20000 items
testing done
average error 0.001632
min error     0.000000
max error     0.171437



epoch [8 3] from [10 5]
training time per iterations 1.607696[ms]
testing on 20000 items
testing done
average error 0.001662
min error     0.000000
max error     0.171720



epoch [8 4] from [10 5]
training time per iterations 1.605345[ms]
testing on 20000 items
testing done
average error 0.001702
min error     0.000000
max error     0.170989



epoch [9 0] from [10 5]
training time per iterations 1.586614[ms]
testing on 20000 items
testing done
average error 0.001691
min error     0.000000
max error     0.179118



epoch [9 1] from [10 5]
training time per iterations 1.599408[ms]
testing on 20000 items
testing done
average error 0.001670
min error     0.000000
max error     0.172603



epoch [9 2] from [10 5]
training time per iterations 1.594888[ms]
testing on 20000 items
testing done
average error 0.001657
min error     0.000000
max error     0.178824



epoch [9 3] from [10 5]
training time per iterations 1.600492[ms]
testing on 20000 items
testing done
average error 0.001700
min error     0.000000
max error     0.175495



epoch [9 4] from [10 5]
training time per iterations 1.609225[ms]
testing on 20000 items
testing done
average error 0.001642
min error     0.000000
max error     0.173808
training done
