0.000000 0 0 0.002648 0.000000 0.187982 0.002560 0.000000 0.187982
0.200000 0 1 0.002262 0.000000 0.201152 0.002246 0.000000 0.219466
0.400000 0 2 0.002138 0.000000 0.176475 0.002153 0.000000 0.167810
0.600000 0 3 0.001955 0.000000 0.202112 0.001932 0.000000 0.191923
0.800000 0 4 0.001910 0.000000 0.175703 0.001913 0.000000 0.253816
1.000000 1 0 0.001965 0.000000 0.209995 0.001969 0.000000 0.271304
1.200000 1 1 0.001935 0.000000 0.193063 0.001950 0.000000 0.212413
1.400000 1 2 0.001920 0.000000 0.211872 0.001924 0.000000 0.160193
1.600000 1 3 0.001810 0.000000 0.183093 0.001803 0.000000 0.244573
1.800000 1 4 0.001881 0.000000 0.188845 0.001879 0.000000 0.161645
2.000000 2 0 0.001852 0.000000 0.203735 0.001836 0.000000 0.253071
2.200000 2 1 0.001867 0.000000 0.189166 0.001889 0.000000 0.238367
2.400000 2 2 0.001776 0.000000 0.201534 0.001786 0.000000 0.197455
2.600000 2 3 0.001768 0.000000 0.184754 0.001773 0.000000 0.236284
2.800000 2 4 0.001740 0.000000 0.167079 0.001743 0.000000 0.212419
3.000000 3 0 0.001780 0.000000 0.189806 0.001761 0.000000 0.214684
3.200000 3 1 0.001724 0.000000 0.190139 0.001739 0.000000 0.166809
3.400000 3 2 0.001727 0.000000 0.194495 0.001726 0.000000 0.157713
3.600000 3 3 0.001931 0.000000 0.192755 0.001951 0.000000 0.212369
3.800000 3 4 0.001740 0.000000 0.200083 0.001738 0.000000 0.163189
4.000000 4 0 0.001817 0.000000 0.177354 0.001796 0.000000 0.224137
4.200000 4 1 0.001806 0.000000 0.185455 0.001823 0.000000 0.243106
4.400000 4 2 0.001699 0.000000 0.180334 0.001673 0.000000 0.147448
4.600000 4 3 0.001709 0.000000 0.181025 0.001762 0.000000 0.185478
4.800000 4 4 0.001778 0.000000 0.177768 0.001769 0.000000 0.145491
5.000000 5 0 0.001726 0.000000 0.179212 0.001733 0.000000 0.236644
5.200000 5 1 0.001825 0.000000 0.170264 0.001801 0.000000 0.222346
5.400000 5 2 0.001643 0.000000 0.185237 0.001648 0.000000 0.157602
5.600000 5 3 0.001789 0.000000 0.192328 0.001750 0.000000 0.241602
5.800000 5 4 0.001779 0.000000 0.198533 0.001733 0.000000 0.248159
6.000000 6 0 0.001615 0.000000 0.180238 0.001604 0.000000 0.229250
6.200000 6 1 0.001679 0.000000 0.191529 0.001684 0.000000 0.241777
6.400000 6 2 0.001786 0.000000 0.193894 0.001778 0.000000 0.234482
6.600000 6 3 0.001719 0.000000 0.181157 0.001719 0.000000 0.191914
6.800000 6 4 0.001730 0.000000 0.170044 0.001707 0.000000 0.154548
7.000000 7 0 0.001833 0.000000 0.189820 0.001845 0.000000 0.258733
7.200000 7 1 0.001672 0.000000 0.182849 0.001683 0.000000 0.221999
7.400000 7 2 0.001637 0.000000 0.180855 0.001630 0.000000 0.160161
7.600000 7 3 0.001736 0.000000 0.185081 0.001749 0.000000 0.241336
7.800000 7 4 0.001666 0.000000 0.190555 0.001693 0.000000 0.203080
8.000000 8 0 0.001674 0.000000 0.174727 0.001679 0.000000 0.173255
8.200000 8 1 0.001685 0.000000 0.176804 0.001657 0.000000 0.157215
8.400000 8 2 0.001632 0.000000 0.171437 0.001608 0.000000 0.215079
8.600000 8 3 0.001662 0.000000 0.171720 0.001668 0.000000 0.171720
8.800000 8 4 0.001702 0.000000 0.170989 0.001726 0.000000 0.192296
9.000000 9 0 0.001691 0.000000 0.179118 0.001691 0.000000 0.224102
9.200000 9 1 0.001670 0.000000 0.172603 0.001645 0.000000 0.149694
9.400000 9 2 0.001657 0.000000 0.178824 0.001653 0.000000 0.240969
9.600000 9 3 0.001700 0.000000 0.175495 0.001710 0.000000 0.157504
9.800000 9 4 0.001642 0.000000 0.173808 0.001676 0.000000 0.216697
