0 -0.356364 1 0.000017
1 -0.347440 0 0.000000
2 -0.338516 0 0.000000
3 -0.329592 3 0.000050
4 -0.320669 1 0.000017
5 -0.311745 1 0.000017
6 -0.302821 1 0.000017
7 -0.293897 4 0.000067
8 -0.284973 2 0.000033
9 -0.276049 3 0.000050
10 -0.267125 3 0.000050
11 -0.258201 3 0.000050
12 -0.249278 4 0.000067
13 -0.240354 1 0.000017
14 -0.231430 1 0.000017
15 -0.222506 1 0.000017
16 -0.213582 7 0.000117
17 -0.204658 8 0.000133
18 -0.195734 29 0.000483
19 -0.186811 32 0.000533
20 -0.177887 71 0.001183
21 -0.168963 69 0.001150
22 -0.160039 91 0.001517
23 -0.151115 175 0.002917
24 -0.142191 222 0.003700
25 -0.133267 151 0.002517
26 -0.124344 139 0.002317
27 -0.115420 171 0.002850
28 -0.106496 236 0.003933
29 -0.097572 255 0.004250
30 -0.088648 564 0.009400
31 -0.079724 669 0.011150
32 -0.070800 575 0.009583
33 -0.061876 422 0.007033
34 -0.052953 598 0.009967
35 -0.044029 801 0.013350
36 -0.035105 906 0.015100
37 -0.026181 1826 0.030433
38 -0.017257 7053 0.117550
39 -0.008333 24657 0.410950
40 0.000591 11230 0.187167
41 0.009514 2024 0.033733
42 0.018438 1514 0.025233
43 0.027362 935 0.015583
44 0.036286 542 0.009033
45 0.045210 498 0.008300
46 0.054134 640 0.010667
47 0.063058 462 0.007700
48 0.071981 367 0.006117
49 0.080905 299 0.004983
50 0.089829 215 0.003583
51 0.098753 180 0.003000
52 0.107677 229 0.003817
53 0.116601 258 0.004300
54 0.125525 251 0.004183
55 0.134449 141 0.002350
56 0.143372 135 0.002250
57 0.152296 125 0.002083
58 0.161220 73 0.001217
59 0.170144 39 0.000650
60 0.179068 28 0.000467
61 0.187992 8 0.000133
62 0.196916 5 0.000083
63 0.205839 8 0.000133
64 0.214763 8 0.000133
65 0.223687 4 0.000067
66 0.232611 10 0.000167
67 0.241535 5 0.000083
68 0.250459 0 0.000000
69 0.259383 1 0.000017
70 0.268307 0 0.000000
71 0.277230 3 0.000050
72 0.286154 0 0.000000
73 0.295078 1 0.000017
74 0.304002 0 0.000000
75 0.312926 0 0.000000
76 0.321850 0 0.000000
77 0.330774 1 0.000017
78 0.339697 3 0.000050
79 0.348621 0 0.000000
80 0.357545 0 0.000000
81 0.366469 0 0.000000
82 0.375393 0 0.000000
83 0.384317 0 0.000000
84 0.393241 1 0.000017
85 0.402165 0 0.000000
86 0.411088 0 0.000000
87 0.420012 0 0.000000
88 0.428936 0 0.000000
89 0.437860 0 0.000000
90 0.446784 0 0.000000
91 0.455708 0 0.000000
92 0.464632 0 0.000000
93 0.473555 0 0.000000
94 0.482479 0 0.000000
95 0.491403 0 0.000000
96 0.500327 0 0.000000
97 0.509251 0 0.000000
98 0.518175 0 0.000000
99 0.527099 1 0.000017
