0 -0.132476 1 0.000050
1 -0.129745 1 0.000050
2 -0.127014 0 0.000000
3 -0.124283 0 0.000000
4 -0.121551 2 0.000100
5 -0.118820 3 0.000150
6 -0.116089 2 0.000100
7 -0.113358 2 0.000100
8 -0.110626 1 0.000050
9 -0.107895 1 0.000050
10 -0.105164 0 0.000000
11 -0.102432 3 0.000150
12 -0.099701 2 0.000100
13 -0.096970 0 0.000000
14 -0.094239 1 0.000050
15 -0.091507 0 0.000000
16 -0.088776 1 0.000050
17 -0.086045 0 0.000000
18 -0.083314 2 0.000100
19 -0.080582 1 0.000050
20 -0.077851 1 0.000050
21 -0.075120 2 0.000100
22 -0.072389 1 0.000050
23 -0.069657 0 0.000000
24 -0.066926 0 0.000000
25 -0.064195 0 0.000000
26 -0.061463 1 0.000050
27 -0.058732 3 0.000150
28 -0.056001 6 0.000300
29 -0.053270 0 0.000000
30 -0.050538 4 0.000200
31 -0.047807 3 0.000150
32 -0.045076 8 0.000400
33 -0.042345 7 0.000350
34 -0.039613 3 0.000150
35 -0.036882 11 0.000550
36 -0.034151 12 0.000600
37 -0.031420 30 0.001500
38 -0.028688 58 0.002900
39 -0.025957 75 0.003750
40 -0.023226 90 0.004500
41 -0.020494 232 0.011600
42 -0.017763 332 0.016600
43 -0.015032 491 0.024550
44 -0.012301 831 0.041550
45 -0.009569 1186 0.059300
46 -0.006838 1686 0.084300
47 -0.004107 2914 0.145700
48 -0.001376 4306 0.215300
49 0.001356 3773 0.188650
50 0.004087 1835 0.091750
51 0.006818 940 0.047000
52 0.009549 349 0.017450
53 0.012281 258 0.012900
54 0.015012 178 0.008900
55 0.017743 122 0.006100
56 0.020475 73 0.003650
57 0.023206 64 0.003200
58 0.025937 32 0.001600
59 0.028668 7 0.000350
60 0.031400 4 0.000200
61 0.034131 4 0.000200
62 0.036862 4 0.000200
63 0.039593 2 0.000100
64 0.042325 2 0.000100
65 0.045056 1 0.000050
66 0.047787 1 0.000050
67 0.050518 0 0.000000
68 0.053250 3 0.000150
69 0.055981 3 0.000150
70 0.058712 0 0.000000
71 0.061444 0 0.000000
72 0.064175 2 0.000100
73 0.066906 0 0.000000
74 0.069637 0 0.000000
75 0.072369 1 0.000050
76 0.075100 1 0.000050
77 0.077831 2 0.000100
78 0.080562 1 0.000050
79 0.083294 1 0.000050
80 0.086025 1 0.000050
81 0.088756 1 0.000050
82 0.091487 0 0.000000
83 0.094219 0 0.000000
84 0.096950 1 0.000050
85 0.099681 0 0.000000
86 0.102413 0 0.000000
87 0.105144 3 0.000150
88 0.107875 2 0.000100
89 0.110606 1 0.000050
90 0.113338 1 0.000050
91 0.116069 1 0.000050
92 0.118800 0 0.000000
93 0.121531 1 0.000050
94 0.124263 2 0.000100
95 0.126994 2 0.000100
96 0.129725 0 0.000000
97 0.132456 2 0.000100
98 0.135188 2 0.000100
99 0.137919 1 0.000050
