0 -0.356364 1 0.000050
1 -0.347440 0 0.000000
2 -0.338516 0 0.000000
3 -0.329592 3 0.000150
4 -0.320669 1 0.000050
5 -0.311745 1 0.000050
6 -0.302821 1 0.000050
7 -0.293897 4 0.000200
8 -0.284973 2 0.000100
9 -0.276049 3 0.000150
10 -0.267125 3 0.000150
11 -0.258201 3 0.000150
12 -0.249278 4 0.000200
13 -0.240354 1 0.000050
14 -0.231430 1 0.000050
15 -0.222506 1 0.000050
16 -0.213582 7 0.000350
17 -0.204658 8 0.000400
18 -0.195734 29 0.001450
19 -0.186811 32 0.001600
20 -0.177887 71 0.003550
21 -0.168963 69 0.003450
22 -0.160039 91 0.004550
23 -0.151115 175 0.008750
24 -0.142191 222 0.011100
25 -0.133267 149 0.007450
26 -0.124344 134 0.006700
27 -0.115420 165 0.008250
28 -0.106496 231 0.011550
29 -0.097572 253 0.012650
30 -0.088648 560 0.028000
31 -0.079724 665 0.033250
32 -0.070800 573 0.028650
33 -0.061876 400 0.020000
34 -0.052953 568 0.028400
35 -0.044029 723 0.036150
36 -0.035105 643 0.032150
37 -0.026181 730 0.036500
38 -0.017257 2086 0.104300
39 -0.008333 3211 0.160550
40 0.000591 1080 0.054000
41 0.009514 754 0.037700
42 0.018438 1109 0.055450
43 0.027362 820 0.041000
44 0.036286 476 0.023800
45 0.045210 470 0.023500
46 0.054134 635 0.031750
47 0.063058 460 0.023000
48 0.071981 363 0.018150
49 0.080905 295 0.014750
50 0.089829 214 0.010700
51 0.098753 177 0.008850
52 0.107677 224 0.011200
53 0.116601 256 0.012800
54 0.125525 246 0.012300
55 0.134449 138 0.006900
56 0.143372 135 0.006750
57 0.152296 125 0.006250
58 0.161220 73 0.003650
59 0.170144 39 0.001950
60 0.179068 28 0.001400
61 0.187992 8 0.000400
62 0.196916 5 0.000250
63 0.205839 8 0.000400
64 0.214763 8 0.000400
65 0.223687 4 0.000200
66 0.232611 10 0.000500
67 0.241535 5 0.000250
68 0.250459 0 0.000000
69 0.259383 1 0.000050
70 0.268307 0 0.000000
71 0.277230 3 0.000150
72 0.286154 0 0.000000
73 0.295078 1 0.000050
74 0.304002 0 0.000000
75 0.312926 0 0.000000
76 0.321850 0 0.000000
77 0.330774 1 0.000050
78 0.339697 3 0.000150
79 0.348621 0 0.000000
80 0.357545 0 0.000000
81 0.366469 0 0.000000
82 0.375393 0 0.000000
83 0.384317 0 0.000000
84 0.393241 1 0.000050
85 0.402165 0 0.000000
86 0.411088 0 0.000000
87 0.420012 0 0.000000
88 0.428936 0 0.000000
89 0.437860 0 0.000000
90 0.446784 0 0.000000
91 0.455708 0 0.000000
92 0.464632 0 0.000000
93 0.473555 0 0.000000
94 0.482479 0 0.000000
95 0.491403 0 0.000000
96 0.500327 0 0.000000
97 0.509251 0 0.000000
98 0.518175 0 0.000000
99 0.527099 1 0.000050
