0 0.000000 52514 0.875233
1 0.002806 2636 0.043933
2 0.005613 1601 0.026683
3 0.008419 671 0.011183
4 0.011226 534 0.008900
5 0.014032 553 0.009217
6 0.016838 427 0.007117
7 0.019645 341 0.005683
8 0.022451 235 0.003917
9 0.025258 158 0.002633
10 0.028064 114 0.001900
11 0.030870 60 0.001000
12 0.033677 50 0.000833
13 0.036483 11 0.000183
14 0.039290 14 0.000233
15 0.042096 12 0.000200
16 0.044902 5 0.000083
17 0.047709 8 0.000133
18 0.050515 2 0.000033
19 0.053321 7 0.000117
20 0.056128 6 0.000100
21 0.058934 6 0.000100
22 0.061741 4 0.000067
23 0.064547 2 0.000033
24 0.067353 2 0.000033
25 0.070160 3 0.000050
26 0.072966 1 0.000017
27 0.075773 3 0.000050
28 0.078579 2 0.000033
29 0.081385 2 0.000033
30 0.084192 2 0.000033
31 0.086998 2 0.000033
32 0.089805 0 0.000000
33 0.092611 1 0.000017
34 0.095417 0 0.000000
35 0.098224 1 0.000017
36 0.101030 0 0.000000
37 0.103837 2 0.000033
38 0.106643 1 0.000017
39 0.109449 1 0.000017
40 0.112256 0 0.000000
41 0.115062 0 0.000000
42 0.117869 3 0.000050
43 0.120675 0 0.000000
44 0.123481 0 0.000000
45 0.126288 1 0.000017
46 0.129094 0 0.000000
47 0.131900 0 0.000000
48 0.134707 0 0.000000
49 0.137513 0 0.000000
50 0.140320 0 0.000000
51 0.143126 0 0.000000
52 0.145932 0 0.000000
53 0.148739 0 0.000000
54 0.151545 0 0.000000
55 0.154352 0 0.000000
56 0.157158 0 0.000000
57 0.159964 1 0.000017
58 0.162771 0 0.000000
59 0.165577 0 0.000000
60 0.168384 0 0.000000
61 0.171190 0 0.000000
62 0.173996 0 0.000000
63 0.176803 0 0.000000
64 0.179609 0 0.000000
65 0.182416 0 0.000000
66 0.185222 0 0.000000
67 0.188028 0 0.000000
68 0.190835 0 0.000000
69 0.193641 0 0.000000
70 0.196448 0 0.000000
71 0.199254 0 0.000000
72 0.202060 0 0.000000
73 0.204867 0 0.000000
74 0.207673 0 0.000000
75 0.210479 0 0.000000
76 0.213286 0 0.000000
77 0.216092 0 0.000000
78 0.218899 0 0.000000
79 0.221705 0 0.000000
80 0.224511 0 0.000000
81 0.227318 0 0.000000
82 0.230124 0 0.000000
83 0.232931 0 0.000000
84 0.235737 0 0.000000
85 0.238543 0 0.000000
86 0.241350 0 0.000000
87 0.244156 0 0.000000
88 0.246963 0 0.000000
89 0.249769 0 0.000000
90 0.252575 0 0.000000
91 0.255382 0 0.000000
92 0.258188 0 0.000000
93 0.260995 0 0.000000
94 0.263801 0 0.000000
95 0.266607 0 0.000000
96 0.269414 0 0.000000
97 0.272220 0 0.000000
98 0.275027 0 0.000000
99 0.277833 1 0.000017
