0 0.131107 4 0.000200
1 0.139884 0 0.000000
2 0.148661 0 0.000000
3 0.157438 0 0.000000
4 0.166214 0 0.000000
5 0.174991 0 0.000000
6 0.183768 0 0.000000
7 0.192544 1 0.000050
8 0.201321 1 0.000050
9 0.210098 1 0.000050
10 0.218874 10 0.000500
11 0.227651 7 0.000350
12 0.236428 1 0.000050
13 0.245204 3 0.000150
14 0.253981 0 0.000000
15 0.262758 0 0.000000
16 0.271535 0 0.000000
17 0.280311 2 0.000100
18 0.289088 3 0.000150
19 0.297865 9 0.000450
20 0.306641 24 0.001200
21 0.315418 47 0.002350
22 0.324195 88 0.004400
23 0.332971 55 0.002750
24 0.341748 62 0.003100
25 0.350525 67 0.003350
26 0.359301 132 0.006600
27 0.368078 260 0.013000
28 0.376855 188 0.009400
29 0.385632 198 0.009900
30 0.394408 165 0.008250
31 0.403185 261 0.013050
32 0.411962 349 0.017450
33 0.420738 694 0.034700
34 0.429515 820 0.041000
35 0.438292 371 0.018550
36 0.447068 393 0.019650
37 0.455845 574 0.028700
38 0.464622 734 0.036700
39 0.473398 729 0.036450
40 0.482175 607 0.030350
41 0.490952 766 0.038300
42 0.499729 4617 0.230850
43 0.508505 729 0.036450
44 0.517282 678 0.033900
45 0.526059 1108 0.055400
46 0.534835 650 0.032500
47 0.543612 468 0.023400
48 0.552389 519 0.025950
49 0.561165 479 0.023950
50 0.569942 729 0.036450
51 0.578719 352 0.017600
52 0.587495 319 0.015950
53 0.596272 222 0.011100
54 0.605049 219 0.010950
55 0.613826 185 0.009250
56 0.622602 403 0.020150
57 0.631379 151 0.007550
58 0.640156 93 0.004650
59 0.648932 87 0.004350
60 0.657709 112 0.005600
61 0.666486 80 0.004000
62 0.675262 67 0.003350
63 0.684039 24 0.001200
64 0.692816 22 0.001100
65 0.701592 26 0.001300
66 0.710369 11 0.000550
67 0.719146 1 0.000050
68 0.727923 0 0.000000
69 0.736699 3 0.000150
70 0.745476 1 0.000050
71 0.754253 1 0.000050
72 0.763029 0 0.000000
73 0.771806 0 0.000000
74 0.780583 7 0.000350
75 0.789359 1 0.000050
76 0.798136 4 0.000200
77 0.806913 1 0.000050
78 0.815689 0 0.000000
79 0.824466 0 0.000000
80 0.833243 0 0.000000
81 0.842020 0 0.000000
82 0.850796 0 0.000000
83 0.859573 0 0.000000
84 0.868350 0 0.000000
85 0.877126 1 0.000050
86 0.885903 0 0.000000
87 0.894680 3 0.000150
88 0.903456 0 0.000000
89 0.912233 0 0.000000
90 0.921010 0 0.000000
91 0.929786 0 0.000000
92 0.938563 0 0.000000
93 0.947340 0 0.000000
94 0.956117 0 0.000000
95 0.964893 0 0.000000
96 0.973670 0 0.000000
97 0.982447 0 0.000000
98 0.991223 0 0.000000
99 1.000000 1 0.000050
