0 0.018025 8 0.000400
1 0.027944 3 0.000150
2 0.037863 9 0.000450
3 0.047782 5 0.000250
4 0.057701 4 0.000200
5 0.067619 4 0.000200
6 0.077538 7 0.000350
7 0.087457 12 0.000600
8 0.097376 4 0.000200
9 0.107295 7 0.000350
10 0.117214 2 0.000100
11 0.127133 2 0.000100
12 0.137052 3 0.000150
13 0.146971 2 0.000100
14 0.156890 3 0.000150
15 0.166809 3 0.000150
16 0.176728 3 0.000150
17 0.186647 3 0.000150
18 0.196566 3 0.000150
19 0.206485 3 0.000150
20 0.216404 2 0.000100
21 0.226323 2 0.000100
22 0.236242 4 0.000200
23 0.246160 18 0.000900
24 0.256079 26 0.001300
25 0.265998 20 0.001000
26 0.275917 41 0.002050
27 0.285836 28 0.001400
28 0.295755 33 0.001650
29 0.305674 84 0.004200
30 0.315593 110 0.005500
31 0.325512 137 0.006850
32 0.335431 141 0.007050
33 0.345350 96 0.004800
34 0.355269 20 0.001000
35 0.365188 21 0.001050
36 0.375107 19 0.000950
37 0.385026 19 0.000950
38 0.394945 17 0.000850
39 0.404864 26 0.001300
40 0.414782 28 0.001400
41 0.424701 33 0.001650
42 0.434620 48 0.002400
43 0.444539 47 0.002350
44 0.454458 49 0.002450
45 0.464377 67 0.003350
46 0.474296 75 0.003750
47 0.484215 92 0.004600
48 0.494134 110 0.005500
49 0.504053 127 0.006350
50 0.513972 139 0.006950
51 0.523891 185 0.009250
52 0.533810 209 0.010450
53 0.543729 289 0.014450
54 0.553648 440 0.022000
55 0.563567 524 0.026200
56 0.573485 1212 0.060600
57 0.583404 2157 0.107850
58 0.593323 2381 0.119050
59 0.603242 1171 0.058550
60 0.613161 920 0.046000
61 0.623080 760 0.038000
62 0.632999 452 0.022600
63 0.642918 341 0.017050
64 0.652837 316 0.015800
65 0.662756 248 0.012400
66 0.672675 247 0.012350
67 0.682594 204 0.010200
68 0.692513 185 0.009250
69 0.702432 175 0.008750
70 0.712351 154 0.007700
71 0.722270 163 0.008150
72 0.732189 171 0.008550
73 0.742108 173 0.008650
74 0.752026 182 0.009100
75 0.761945 154 0.007700
76 0.771864 198 0.009900
77 0.781783 161 0.008050
78 0.791702 187 0.009350
79 0.801621 162 0.008100
80 0.811540 176 0.008800
81 0.821459 240 0.012000
82 0.831378 226 0.011300
83 0.841297 239 0.011950
84 0.851216 329 0.016450
85 0.861135 458 0.022900
86 0.871054 335 0.016750
87 0.880973 373 0.018650
88 0.890892 239 0.011950
89 0.900811 276 0.013800
90 0.910730 298 0.014900
91 0.920648 339 0.016950
92 0.930567 250 0.012500
93 0.940486 147 0.007350
94 0.950405 53 0.002650
95 0.960324 45 0.002250
96 0.970243 49 0.002450
97 0.980162 27 0.001350
98 0.990081 10 0.000500
99 1.000000 1 0.000050
