0 0.007021 3 0.000050
1 0.017288 0 0.000000
2 0.027556 10 0.000167
3 0.037824 10 0.000167
4 0.048092 18 0.000300
5 0.058359 16 0.000267
6 0.068627 29 0.000483
7 0.078895 20 0.000333
8 0.089162 27 0.000450
9 0.099430 23 0.000383
10 0.109698 15 0.000250
11 0.119966 15 0.000250
12 0.130233 14 0.000233
13 0.140501 14 0.000233
14 0.150769 27 0.000450
15 0.161036 30 0.000500
16 0.171304 26 0.000433
17 0.181572 20 0.000333
18 0.191840 38 0.000633
19 0.202107 43 0.000717
20 0.212375 43 0.000717
21 0.222643 29 0.000483
22 0.232910 53 0.000883
23 0.243178 42 0.000700
24 0.253446 74 0.001233
25 0.263714 93 0.001550
26 0.273981 76 0.001267
27 0.284249 104 0.001733
28 0.294517 121 0.002017
29 0.304785 184 0.003067
30 0.315052 316 0.005267
31 0.325320 150 0.002500
32 0.335588 135 0.002250
33 0.345855 146 0.002433
34 0.356123 121 0.002017
35 0.366391 134 0.002233
36 0.376659 180 0.003000
37 0.386926 193 0.003217
38 0.397194 235 0.003917
39 0.407462 256 0.004267
40 0.417729 298 0.004967
41 0.427997 421 0.007017
42 0.438265 518 0.008633
43 0.448533 665 0.011083
44 0.458800 912 0.015200
45 0.469068 1341 0.022350
46 0.479336 2292 0.038200
47 0.489603 5157 0.085950
48 0.499871 11792 0.196533
49 0.510139 7026 0.117100
50 0.520407 2628 0.043800
51 0.530674 1440 0.024000
52 0.540942 1190 0.019833
53 0.551210 993 0.016550
54 0.561477 983 0.016383
55 0.571745 1586 0.026433
56 0.582013 2561 0.042683
57 0.592281 2450 0.040833
58 0.602548 1406 0.023433
59 0.612816 1186 0.019767
60 0.623084 821 0.013683
61 0.633352 608 0.010133
62 0.643619 451 0.007517
63 0.653887 384 0.006400
64 0.664155 345 0.005750
65 0.674422 323 0.005383
66 0.684690 302 0.005033
67 0.694958 250 0.004167
68 0.705226 217 0.003617
69 0.715493 214 0.003567
70 0.725761 193 0.003217
71 0.736029 215 0.003583
72 0.746296 203 0.003383
73 0.756564 214 0.003567
74 0.766832 220 0.003667
75 0.777100 208 0.003467
76 0.787367 211 0.003517
77 0.797635 189 0.003150
78 0.807903 202 0.003367
79 0.818170 202 0.003367
80 0.828438 232 0.003867
81 0.838706 269 0.004483
82 0.848974 266 0.004433
83 0.859241 316 0.005267
84 0.869509 436 0.007267
85 0.879777 409 0.006817
86 0.890044 367 0.006117
87 0.900312 264 0.004400
88 0.910580 296 0.004933
89 0.920848 324 0.005400
90 0.931115 320 0.005333
91 0.941383 276 0.004600
92 0.951651 124 0.002067
93 0.961918 53 0.000883
94 0.972186 50 0.000833
95 0.982454 56 0.000933
96 0.992722 16 0.000267
97 1.002989 18 0.000300
98 1.013257 7 0.000117
99 1.023525 1 0.000017
