0 0.011722 3 0.000150
1 0.021489 1 0.000050
2 0.031256 4 0.000200
3 0.041023 7 0.000350
4 0.050790 13 0.000650
5 0.060557 10 0.000500
6 0.070324 8 0.000400
7 0.080092 21 0.001050
8 0.089859 12 0.000600
9 0.099626 11 0.000550
10 0.109393 5 0.000250
11 0.119160 16 0.000800
12 0.128927 22 0.001100
13 0.138694 13 0.000650
14 0.148461 13 0.000650
15 0.158229 15 0.000750
16 0.167996 15 0.000750
17 0.177763 18 0.000900
18 0.187530 25 0.001250
19 0.197297 24 0.001200
20 0.207064 38 0.001900
21 0.216831 39 0.001950
22 0.226599 31 0.001550
23 0.236366 19 0.000950
24 0.246133 35 0.001750
25 0.255900 42 0.002100
26 0.265667 36 0.001800
27 0.275434 65 0.003250
28 0.285201 55 0.002750
29 0.294968 72 0.003600
30 0.304736 52 0.002600
31 0.314503 61 0.003050
32 0.324270 89 0.004450
33 0.334037 84 0.004200
34 0.343804 83 0.004150
35 0.353571 85 0.004250
36 0.363338 150 0.007500
37 0.373106 112 0.005600
38 0.382873 154 0.007700
39 0.392640 185 0.009250
40 0.402407 231 0.011550
41 0.412174 246 0.012300
42 0.421941 306 0.015300
43 0.431708 360 0.018000
44 0.441475 429 0.021450
45 0.451243 517 0.025850
46 0.461010 715 0.035750
47 0.470777 963 0.048150
48 0.480544 1610 0.080500
49 0.490311 3050 0.152500
50 0.500078 2766 0.138300
51 0.509845 1594 0.079700
52 0.519613 930 0.046500
53 0.529380 735 0.036750
54 0.539147 509 0.025450
55 0.548914 368 0.018400
56 0.558681 370 0.018500
57 0.568448 320 0.016000
58 0.578215 293 0.014650
59 0.587982 196 0.009800
60 0.597750 183 0.009150
61 0.607517 148 0.007400
62 0.617284 158 0.007900
63 0.627051 109 0.005450
64 0.636818 98 0.004900
65 0.646585 112 0.005600
66 0.656352 92 0.004600
67 0.666120 90 0.004500
68 0.675887 91 0.004550
69 0.685654 71 0.003550
70 0.695421 53 0.002650
71 0.705188 45 0.002250
72 0.714955 37 0.001850
73 0.724722 35 0.001750
74 0.734489 36 0.001800
75 0.744257 21 0.001050
76 0.754024 43 0.002150
77 0.763791 31 0.001550
78 0.773558 28 0.001400
79 0.783325 25 0.001250
80 0.793092 13 0.000650
81 0.802859 17 0.000850
82 0.812627 21 0.001050
83 0.822394 19 0.000950
84 0.832161 23 0.001150
85 0.841928 17 0.000850
86 0.851695 11 0.000550
87 0.861462 12 0.000600
88 0.871229 9 0.000450
89 0.880996 8 0.000400
90 0.890764 7 0.000350
91 0.900531 10 0.000500
92 0.910298 10 0.000500
93 0.920065 16 0.000800
94 0.929832 16 0.000800
95 0.939599 12 0.000600
96 0.949366 5 0.000250
97 0.959134 5 0.000250
98 0.968901 11 0.000550
99 0.978668 1 0.000050
