0 0.007021 3 0.000150
1 0.016932 0 0.000000
2 0.026844 7 0.000350
3 0.036755 12 0.000600
4 0.046666 9 0.000450
5 0.056578 5 0.000250
6 0.066489 16 0.000800
7 0.076401 8 0.000400
8 0.086312 26 0.001300
9 0.096224 19 0.000950
10 0.106135 14 0.000700
11 0.116046 14 0.000700
12 0.125958 11 0.000550
13 0.135869 7 0.000350
14 0.145781 9 0.000450
15 0.155692 36 0.001800
16 0.165604 17 0.000850
17 0.175515 18 0.000900
18 0.185427 18 0.000900
19 0.195338 38 0.001900
20 0.205249 34 0.001700
21 0.215161 28 0.001400
22 0.225072 23 0.001150
23 0.234984 34 0.001700
24 0.244895 26 0.001300
25 0.254807 47 0.002350
26 0.264718 47 0.002350
27 0.274629 46 0.002300
28 0.284541 60 0.003000
29 0.294452 66 0.003300
30 0.304364 60 0.003000
31 0.314275 67 0.003350
32 0.324187 79 0.003950
33 0.334098 80 0.004000
34 0.344009 116 0.005800
35 0.353921 95 0.004750
36 0.363832 105 0.005250
37 0.373744 151 0.007550
38 0.383655 167 0.008350
39 0.393567 165 0.008250
40 0.403478 209 0.010450
41 0.413389 245 0.012250
42 0.423301 281 0.014050
43 0.433212 341 0.017050
44 0.443124 429 0.021450
45 0.453035 481 0.024050
46 0.462947 659 0.032950
47 0.472858 933 0.046650
48 0.482769 1392 0.069600
49 0.492681 2620 0.131000
50 0.502592 3184 0.159200
51 0.512504 1635 0.081750
52 0.522415 1073 0.053650
53 0.532327 703 0.035150
54 0.542238 585 0.029250
55 0.552150 427 0.021350
56 0.562061 408 0.020400
57 0.571972 331 0.016550
58 0.581884 285 0.014250
59 0.591795 181 0.009050
60 0.601707 161 0.008050
61 0.611618 189 0.009450
62 0.621530 142 0.007100
63 0.631441 135 0.006750
64 0.641352 108 0.005400
65 0.651264 85 0.004250
66 0.661175 92 0.004600
67 0.671087 92 0.004600
68 0.680998 86 0.004300
69 0.690910 81 0.004050
70 0.700821 56 0.002800
71 0.710732 53 0.002650
72 0.720644 39 0.001950
73 0.730555 42 0.002100
74 0.740467 36 0.001800
75 0.750378 27 0.001350
76 0.760290 30 0.001500
77 0.770201 37 0.001850
78 0.780113 33 0.001650
79 0.790024 22 0.001100
80 0.799935 20 0.001000
81 0.809847 22 0.001100
82 0.819758 28 0.001400
83 0.829670 14 0.000700
84 0.839581 18 0.000900
85 0.849492 12 0.000600
86 0.859404 14 0.000700
87 0.869315 15 0.000750
88 0.879227 10 0.000500
89 0.889138 12 0.000600
90 0.899050 8 0.000400
91 0.908961 11 0.000550
92 0.918873 13 0.000650
93 0.928784 14 0.000700
94 0.938695 11 0.000550
95 0.948607 14 0.000700
96 0.958518 9 0.000450
97 0.968430 14 0.000700
98 0.978341 9 0.000450
99 0.988253 1 0.000050
