0 0.011722 7 0.000117
1 0.021704 6 0.000100
2 0.031687 10 0.000167
3 0.041669 15 0.000250
4 0.051652 16 0.000267
5 0.061635 16 0.000267
6 0.071617 14 0.000233
7 0.081600 29 0.000483
8 0.091582 21 0.000350
9 0.101565 13 0.000217
10 0.111548 16 0.000267
11 0.121530 21 0.000350
12 0.131513 24 0.000400
13 0.141496 17 0.000283
14 0.151478 17 0.000283
15 0.161461 18 0.000300
16 0.171443 20 0.000333
17 0.181426 25 0.000417
18 0.191409 27 0.000450
19 0.201391 35 0.000583
20 0.211374 46 0.000767
21 0.221356 58 0.000967
22 0.231339 24 0.000400
23 0.241322 36 0.000600
24 0.251304 69 0.001150
25 0.261287 66 0.001100
26 0.271269 87 0.001450
27 0.281252 85 0.001417
28 0.291235 115 0.001917
29 0.301217 107 0.001783
30 0.311200 234 0.003900
31 0.321182 280 0.004667
32 0.331165 318 0.005300
33 0.341148 262 0.004367
34 0.351130 234 0.003900
35 0.361113 323 0.005383
36 0.371096 426 0.007100
37 0.381078 381 0.006350
38 0.391061 383 0.006383
39 0.401043 550 0.009167
40 0.411026 657 0.010950
41 0.421009 1224 0.020400
42 0.430991 1138 0.018967
43 0.440974 914 0.015233
44 0.450956 1151 0.019183
45 0.460939 1470 0.024500
46 0.470922 1990 0.033167
47 0.480904 2465 0.041083
48 0.490887 4286 0.071433
49 0.500870 7409 0.123483
50 0.510852 2505 0.041750
51 0.520835 2043 0.034050
52 0.530817 1934 0.032233
53 0.540800 1277 0.021283
54 0.550783 1361 0.022683
55 0.560765 1434 0.023900
56 0.570748 1999 0.033317
57 0.580730 2626 0.043767
58 0.590713 3060 0.051000
59 0.600696 1798 0.029967
60 0.610678 1326 0.022100
61 0.620661 1401 0.023350
62 0.630643 821 0.013683
63 0.640626 560 0.009333
64 0.650609 558 0.009300
65 0.660591 436 0.007267
66 0.670574 432 0.007200
67 0.680556 349 0.005817
68 0.690539 268 0.004467
69 0.700522 252 0.004200
70 0.710504 214 0.003567
71 0.720487 202 0.003367
72 0.730469 207 0.003450
73 0.740452 212 0.003533
74 0.750435 206 0.003433
75 0.760417 202 0.003367
76 0.770400 237 0.003950
77 0.780383 194 0.003233
78 0.790365 198 0.003300
79 0.800348 177 0.002950
80 0.810330 200 0.003333
81 0.820313 255 0.004250
82 0.830296 251 0.004183
83 0.840278 257 0.004283
84 0.850261 345 0.005750
85 0.860243 464 0.007733
86 0.870226 351 0.005850
87 0.880209 378 0.006300
88 0.890191 266 0.004433
89 0.900174 270 0.004500
90 0.910156 318 0.005300
91 0.920139 366 0.006100
92 0.930122 265 0.004417
93 0.940104 162 0.002700
94 0.950087 56 0.000933
95 0.960070 52 0.000867
96 0.970052 60 0.001000
97 0.980035 28 0.000467
98 0.990017 10 0.000167
99 1.000000 2 0.000033
