0 0.056418 15 0.000750
1 0.066187 14 0.000700
2 0.075956 7 0.000350
3 0.085725 4 0.000200
4 0.095493 3 0.000150
5 0.105262 4 0.000200
6 0.115031 2 0.000100
7 0.124800 2 0.000100
8 0.134568 4 0.000200
9 0.144337 4 0.000200
10 0.154106 5 0.000250
11 0.163875 4 0.000200
12 0.173643 3 0.000150
13 0.183412 7 0.000350
14 0.193181 8 0.000400
15 0.202950 5 0.000250
16 0.212718 6 0.000300
17 0.222487 5 0.000250
18 0.232256 16 0.000800
19 0.242025 16 0.000800
20 0.251793 19 0.000950
21 0.261562 45 0.002250
22 0.271331 24 0.001200
23 0.281100 44 0.002200
24 0.290868 37 0.001850
25 0.300637 69 0.003450
26 0.310406 178 0.008900
27 0.320175 181 0.009050
28 0.329943 60 0.003000
29 0.339712 39 0.001950
30 0.349481 19 0.000950
31 0.359250 24 0.001200
32 0.369018 15 0.000750
33 0.378787 24 0.001200
34 0.388556 17 0.000850
35 0.398325 32 0.001600
36 0.408093 27 0.001350
37 0.417862 33 0.001650
38 0.427631 36 0.001800
39 0.437400 38 0.001900
40 0.447168 50 0.002500
41 0.456937 61 0.003050
42 0.466706 71 0.003550
43 0.476475 91 0.004550
44 0.486243 82 0.004100
45 0.496012 110 0.005500
46 0.505781 140 0.007000
47 0.515550 130 0.006500
48 0.525318 234 0.011700
49 0.535087 193 0.009650
50 0.544856 330 0.016500
51 0.554625 423 0.021150
52 0.564393 540 0.027000
53 0.574162 1391 0.069550
54 0.583931 2345 0.117250
55 0.593700 2018 0.100900
56 0.603468 1102 0.055100
57 0.613237 953 0.047650
58 0.623006 647 0.032350
59 0.632775 473 0.023650
60 0.642543 328 0.016400
61 0.652312 284 0.014200
62 0.662081 264 0.013200
63 0.671850 225 0.011250
64 0.681618 206 0.010300
65 0.691387 178 0.008900
66 0.701156 173 0.008650
67 0.710925 144 0.007200
68 0.720693 159 0.007950
69 0.730462 150 0.007500
70 0.740231 161 0.008050
71 0.750000 161 0.008050
72 0.759768 180 0.009000
73 0.769537 176 0.008800
74 0.779306 157 0.007850
75 0.789075 173 0.008650
76 0.798843 167 0.008350
77 0.808612 167 0.008350
78 0.818381 165 0.008250
79 0.828150 201 0.010050
80 0.837918 231 0.011550
81 0.847687 253 0.012650
82 0.857456 282 0.014100
83 0.867225 372 0.018600
84 0.876993 398 0.019900
85 0.886762 362 0.018100
86 0.896531 251 0.012550
87 0.906300 276 0.013800
88 0.916068 269 0.013450
89 0.925837 271 0.013550
90 0.935606 304 0.015200
91 0.945375 211 0.010550
92 0.955143 65 0.003250
93 0.964912 38 0.001900
94 0.974681 34 0.001700
95 0.984450 45 0.002250
96 0.994218 17 0.000850
97 1.003987 15 0.000750
98 1.013756 7 0.000350
99 1.023525 1 0.000050
