0 0.000000 41168 0.686133
1 0.002470 5060 0.084333
2 0.004940 3615 0.060250
3 0.007410 1987 0.033117
4 0.009880 1406 0.023433
5 0.012350 1272 0.021200
6 0.014821 1280 0.021333
7 0.017291 966 0.016100
8 0.019761 606 0.010100
9 0.022231 479 0.007983
10 0.024701 313 0.005217
11 0.027171 342 0.005700
12 0.029641 201 0.003350
13 0.032111 146 0.002433
14 0.034581 108 0.001800
15 0.037051 93 0.001550
16 0.039522 88 0.001467
17 0.041992 57 0.000950
18 0.044462 54 0.000900
19 0.046932 55 0.000917
20 0.049402 54 0.000900
21 0.051872 51 0.000850
22 0.054342 52 0.000867
23 0.056812 40 0.000667
24 0.059282 32 0.000533
25 0.061752 37 0.000617
26 0.064223 19 0.000317
27 0.066693 32 0.000533
28 0.069163 32 0.000533
29 0.071633 28 0.000467
30 0.074103 24 0.000400
31 0.076573 29 0.000483
32 0.079043 16 0.000267
33 0.081513 31 0.000517
34 0.083983 52 0.000867
35 0.086453 34 0.000567
36 0.088923 17 0.000283
37 0.091394 13 0.000217
38 0.093864 19 0.000317
39 0.096334 18 0.000300
40 0.098804 15 0.000250
41 0.101274 16 0.000267
42 0.103744 14 0.000233
43 0.106214 5 0.000083
44 0.108684 7 0.000117
45 0.111154 4 0.000067
46 0.113624 2 0.000033
47 0.116095 2 0.000033
48 0.118565 0 0.000000
49 0.121035 0 0.000000
50 0.123505 0 0.000000
51 0.125975 1 0.000017
52 0.128445 0 0.000000
53 0.130915 2 0.000033
54 0.133385 0 0.000000
55 0.135855 0 0.000000
56 0.138325 1 0.000017
57 0.140796 0 0.000000
58 0.143266 0 0.000000
59 0.145736 0 0.000000
60 0.148206 1 0.000017
61 0.150676 0 0.000000
62 0.153146 0 0.000000
63 0.155616 1 0.000017
64 0.158086 0 0.000000
65 0.160556 0 0.000000
66 0.163026 0 0.000000
67 0.165497 0 0.000000
68 0.167967 0 0.000000
69 0.170437 0 0.000000
70 0.172907 0 0.000000
71 0.175377 0 0.000000
72 0.177847 0 0.000000
73 0.180317 0 0.000000
74 0.182787 0 0.000000
75 0.185257 0 0.000000
76 0.187727 1 0.000017
77 0.190197 0 0.000000
78 0.192668 0 0.000000
79 0.195138 0 0.000000
80 0.197608 0 0.000000
81 0.200078 0 0.000000
82 0.202548 0 0.000000
83 0.205018 0 0.000000
84 0.207488 0 0.000000
85 0.209958 0 0.000000
86 0.212428 0 0.000000
87 0.214898 0 0.000000
88 0.217369 0 0.000000
89 0.219839 1 0.000017
90 0.222309 0 0.000000
91 0.224779 0 0.000000
92 0.227249 0 0.000000
93 0.229719 0 0.000000
94 0.232189 0 0.000000
95 0.234659 0 0.000000
96 0.237129 0 0.000000
97 0.239599 0 0.000000
98 0.242070 0 0.000000
99 0.244540 1 0.000017
