0 -0.494509 1 0.000050
1 -0.485611 0 0.000000
2 -0.476712 1 0.000050
3 -0.467813 0 0.000000
4 -0.458915 0 0.000000
5 -0.450016 0 0.000000
6 -0.441117 0 0.000000
7 -0.432218 0 0.000000
8 -0.423320 0 0.000000
9 -0.414421 0 0.000000
10 -0.405522 0 0.000000
11 -0.396624 1 0.000050
12 -0.387725 0 0.000000
13 -0.378826 0 0.000000
14 -0.369927 1 0.000050
15 -0.361029 0 0.000000
16 -0.352130 0 0.000000
17 -0.343231 0 0.000000
18 -0.334333 0 0.000000
19 -0.325434 1 0.000050
20 -0.316535 1 0.000050
21 -0.307636 1 0.000050
22 -0.298738 3 0.000150
23 -0.289839 10 0.000500
24 -0.280940 3 0.000150
25 -0.272042 5 0.000250
26 -0.263143 2 0.000100
27 -0.254244 1 0.000050
28 -0.245345 1 0.000050
29 -0.236447 2 0.000100
30 -0.227548 3 0.000150
31 -0.218649 4 0.000200
32 -0.209751 10 0.000500
33 -0.200852 24 0.001200
34 -0.191953 46 0.002300
35 -0.183054 54 0.002700
36 -0.174156 91 0.004550
37 -0.165257 55 0.002750
38 -0.156358 106 0.005300
39 -0.147460 144 0.007200
40 -0.138561 310 0.015500
41 -0.129662 244 0.012200
42 -0.120763 177 0.008850
43 -0.111865 204 0.010200
44 -0.102966 272 0.013600
45 -0.094067 324 0.016200
46 -0.085169 744 0.037200
47 -0.076270 817 0.040850
48 -0.067371 435 0.021750
49 -0.058472 404 0.020200
50 -0.049574 565 0.028250
51 -0.040675 846 0.042300
52 -0.031776 717 0.035850
53 -0.022878 730 0.036500
54 -0.013979 2127 0.106350
55 -0.005080 2355 0.117750
56 0.003819 903 0.045150
57 0.012717 954 0.047700
58 0.021616 1175 0.058750
59 0.030515 657 0.032850
60 0.039413 449 0.022450
61 0.048312 481 0.024050
62 0.057211 655 0.032750
63 0.066110 573 0.028650
64 0.075008 357 0.017850
65 0.083907 237 0.011850
66 0.092806 251 0.012550
67 0.101704 207 0.010350
68 0.110603 230 0.011500
69 0.119502 365 0.018250
70 0.128401 156 0.007800
71 0.137299 80 0.004000
72 0.146198 104 0.005200
73 0.155097 85 0.004250
74 0.163995 105 0.005250
75 0.172894 43 0.002150
76 0.181793 24 0.001200
77 0.190692 25 0.001250
78 0.199590 14 0.000700
79 0.208489 1 0.000050
80 0.217388 1 0.000050
81 0.226286 1 0.000050
82 0.235185 2 0.000100
83 0.244084 0 0.000000
84 0.252983 2 0.000100
85 0.261881 2 0.000100
86 0.270780 3 0.000150
87 0.279679 1 0.000050
88 0.288577 10 0.000500
89 0.297476 3 0.000150
90 0.306375 0 0.000000
91 0.315274 0 0.000000
92 0.324172 0 0.000000
93 0.333071 0 0.000000
94 0.341970 0 0.000000
95 0.350868 0 0.000000
96 0.359767 1 0.000050
97 0.368666 0 0.000000
98 0.377565 0 0.000000
99 0.386463 1 0.000050
