0 -0.357132 1 0.000050
1 -0.350177 0 0.000000
2 -0.343222 3 0.000150
3 -0.336268 1 0.000050
4 -0.329313 2 0.000100
5 -0.322358 1 0.000050
6 -0.315403 1 0.000050
7 -0.308448 4 0.000200
8 -0.301494 7 0.000350
9 -0.294539 3 0.000150
10 -0.287584 11 0.000550
11 -0.280629 7 0.000350
12 -0.273674 6 0.000300
13 -0.266719 12 0.000600
14 -0.259765 3 0.000150
15 -0.252810 1 0.000050
16 -0.245855 11 0.000550
17 -0.238900 7 0.000350
18 -0.231945 15 0.000750
19 -0.224990 4 0.000200
20 -0.218036 5 0.000250
21 -0.211081 6 0.000300
22 -0.204126 6 0.000300
23 -0.197171 13 0.000650
24 -0.190216 10 0.000500
25 -0.183262 17 0.000850
26 -0.176307 28 0.001400
27 -0.169352 25 0.001250
28 -0.162397 25 0.001250
29 -0.155442 44 0.002200
30 -0.148487 54 0.002700
31 -0.141533 52 0.002600
32 -0.134578 56 0.002800
33 -0.127623 67 0.003350
34 -0.120668 75 0.003750
35 -0.113713 133 0.006650
36 -0.106758 130 0.006500
37 -0.099804 131 0.006550
38 -0.092849 135 0.006750
39 -0.085894 128 0.006400
40 -0.078939 132 0.006600
41 -0.071984 169 0.008450
42 -0.065029 214 0.010700
43 -0.058075 322 0.016100
44 -0.051120 408 0.020400
45 -0.044165 481 0.024050
46 -0.037210 602 0.030100
47 -0.030255 875 0.043750
48 -0.023300 2091 0.104550
49 -0.016346 3041 0.152050
50 -0.009391 3501 0.175050
51 -0.002436 2152 0.107600
52 0.004519 1167 0.058350
53 0.011474 555 0.027750
54 0.018428 469 0.023450
55 0.025383 350 0.017500
56 0.032338 306 0.015300
57 0.039293 257 0.012850
58 0.046248 214 0.010700
59 0.053203 209 0.010450
60 0.060157 159 0.007950
61 0.067112 153 0.007650
62 0.074067 133 0.006650
63 0.081022 87 0.004350
64 0.087977 97 0.004850
65 0.094932 88 0.004400
66 0.101886 68 0.003400
67 0.108841 62 0.003100
68 0.115796 67 0.003350
69 0.122751 55 0.002750
70 0.129706 55 0.002750
71 0.136661 35 0.001750
72 0.143615 14 0.000700
73 0.150570 24 0.001200
74 0.157525 17 0.000850
75 0.164480 13 0.000650
76 0.171435 8 0.000400
77 0.178389 15 0.000750
78 0.185344 5 0.000250
79 0.192299 8 0.000400
80 0.199254 9 0.000450
81 0.206209 12 0.000600
82 0.213164 9 0.000450
83 0.220118 6 0.000300
84 0.227073 3 0.000150
85 0.234028 5 0.000250
86 0.240983 7 0.000350
87 0.247938 5 0.000250
88 0.254893 2 0.000100
89 0.261847 6 0.000300
90 0.268802 4 0.000200
91 0.275757 3 0.000150
92 0.282712 5 0.000250
93 0.289667 4 0.000200
94 0.296622 0 0.000000
95 0.303576 0 0.000000
96 0.310531 0 0.000000
97 0.317486 1 0.000050
98 0.324441 1 0.000050
99 0.331396 0 0.000000
