0 -0.494509 1 0.000017
1 -0.485611 0 0.000000
2 -0.476712 1 0.000017
3 -0.467813 0 0.000000
4 -0.458915 0 0.000000
5 -0.450016 0 0.000000
6 -0.441117 1 0.000017
7 -0.432218 0 0.000000
8 -0.423320 0 0.000000
9 -0.414421 0 0.000000
10 -0.405522 0 0.000000
11 -0.396624 1 0.000017
12 -0.387725 0 0.000000
13 -0.378826 0 0.000000
14 -0.369927 1 0.000017
15 -0.361029 1 0.000017
16 -0.352130 0 0.000000
17 -0.343231 5 0.000083
18 -0.334333 2 0.000033
19 -0.325434 9 0.000150
20 -0.316535 7 0.000117
21 -0.307636 8 0.000133
22 -0.298738 35 0.000583
23 -0.289839 28 0.000467
24 -0.280940 12 0.000200
25 -0.272042 23 0.000383
26 -0.263143 18 0.000300
27 -0.254244 23 0.000383
28 -0.245345 40 0.000667
29 -0.236447 47 0.000783
30 -0.227548 40 0.000667
31 -0.218649 50 0.000833
32 -0.209751 51 0.000850
33 -0.200852 54 0.000900
34 -0.191953 95 0.001583
35 -0.183054 116 0.001933
36 -0.174156 215 0.003583
37 -0.165257 220 0.003667
38 -0.156358 293 0.004883
39 -0.147460 413 0.006883
40 -0.138561 669 0.011150
41 -0.129662 576 0.009600
42 -0.120763 539 0.008983
43 -0.111865 571 0.009517
44 -0.102966 685 0.011417
45 -0.094067 799 0.013317
46 -0.085169 1232 0.020533
47 -0.076270 1423 0.023717
48 -0.067371 1092 0.018200
49 -0.058472 1210 0.020167
50 -0.049574 1469 0.024483
51 -0.040675 2010 0.033500
52 -0.031776 2622 0.043700
53 -0.022878 6096 0.101600
54 -0.013979 10626 0.177100
55 -0.005080 8190 0.136500
56 0.003819 3604 0.060067
57 0.012717 2222 0.037033
58 0.021616 1895 0.031583
59 0.030515 1319 0.021983
60 0.039413 963 0.016050
61 0.048312 880 0.014667
62 0.057211 1057 0.017617
63 0.066110 930 0.015500
64 0.075008 758 0.012633
65 0.083907 587 0.009783
66 0.092806 533 0.008883
67 0.101704 476 0.007933
68 0.110603 484 0.008067
69 0.119502 624 0.010400
70 0.128401 427 0.007117
71 0.137299 254 0.004233
72 0.146198 246 0.004100
73 0.155097 162 0.002700
74 0.163995 172 0.002867
75 0.172894 109 0.001817
76 0.181793 76 0.001267
77 0.190692 67 0.001117
78 0.199590 59 0.000983
79 0.208489 38 0.000633
80 0.217388 47 0.000783
81 0.226286 35 0.000583
82 0.235185 35 0.000583
83 0.244084 35 0.000583
84 0.252983 33 0.000550
85 0.261881 36 0.000600
86 0.270780 33 0.000550
87 0.279679 24 0.000400
88 0.288577 52 0.000867
89 0.297476 28 0.000467
90 0.306375 35 0.000583
91 0.315274 27 0.000450
92 0.324172 14 0.000233
93 0.333071 2 0.000033
94 0.341970 0 0.000000
95 0.350868 0 0.000000
96 0.359767 1 0.000017
97 0.368666 1 0.000017
98 0.377565 0 0.000000
99 0.386463 1 0.000017
