0 -0.435032 1 0.000050
1 -0.426879 0 0.000000
2 -0.418725 0 0.000000
3 -0.410571 0 0.000000
4 -0.402417 0 0.000000
5 -0.394263 0 0.000000
6 -0.386109 0 0.000000
7 -0.377955 0 0.000000
8 -0.369802 0 0.000000
9 -0.361648 0 0.000000
10 -0.353494 0 0.000000
11 -0.345340 1 0.000050
12 -0.337186 2 0.000100
13 -0.329032 4 0.000200
14 -0.320879 4 0.000200
15 -0.312725 2 0.000100
16 -0.304571 2 0.000100
17 -0.296417 26 0.001300
18 -0.288263 4 0.000200
19 -0.280109 1 0.000050
20 -0.271955 5 0.000250
21 -0.263802 10 0.000500
22 -0.255648 11 0.000550
23 -0.247494 20 0.001000
24 -0.239340 30 0.001500
25 -0.231186 30 0.001500
26 -0.223032 31 0.001550
27 -0.214879 27 0.001350
28 -0.206725 35 0.001750
29 -0.198571 17 0.000850
30 -0.190417 32 0.001600
31 -0.182263 34 0.001700
32 -0.174109 76 0.003800
33 -0.165955 122 0.006100
34 -0.157802 126 0.006300
35 -0.149648 150 0.007500
36 -0.141494 237 0.011850
37 -0.133340 248 0.012400
38 -0.125186 246 0.012300
39 -0.117032 205 0.010250
40 -0.108878 192 0.009600
41 -0.100725 234 0.011700
42 -0.092571 287 0.014350
43 -0.084417 290 0.014500
44 -0.076263 374 0.018700
45 -0.068109 373 0.018650
46 -0.059955 361 0.018050
47 -0.051802 319 0.015950
48 -0.043648 394 0.019700
49 -0.035494 527 0.026350
50 -0.027340 1236 0.061800
51 -0.019186 2967 0.148350
52 -0.011032 3634 0.181700
53 -0.002878 2043 0.102150
54 0.005275 1067 0.053350
55 0.013429 501 0.025050
56 0.021583 232 0.011600
57 0.029737 248 0.012400
58 0.037891 199 0.009950
59 0.046045 109 0.005450
60 0.054198 150 0.007500
61 0.062352 159 0.007950
62 0.070506 181 0.009050
63 0.078660 225 0.011250
64 0.086814 220 0.011000
65 0.094968 113 0.005650
66 0.103122 189 0.009450
67 0.111275 152 0.007600
68 0.119429 157 0.007850
69 0.127583 191 0.009550
70 0.135737 151 0.007550
71 0.143891 98 0.004900
72 0.152045 83 0.004150
73 0.160199 34 0.001700
74 0.168352 51 0.002550
75 0.176506 55 0.002750
76 0.184660 23 0.001150
77 0.192814 36 0.001800
78 0.200968 26 0.001300
79 0.209122 25 0.001250
80 0.217275 30 0.001500
81 0.225429 26 0.001300
82 0.233583 29 0.001450
83 0.241737 21 0.001050
84 0.249891 25 0.001250
85 0.258045 27 0.001350
86 0.266199 24 0.001200
87 0.274352 25 0.001250
88 0.282506 18 0.000900
89 0.290660 33 0.001650
90 0.298814 21 0.001050
91 0.306968 34 0.001700
92 0.315122 24 0.001200
93 0.323275 11 0.000550
94 0.331429 6 0.000300
95 0.339583 0 0.000000
96 0.347737 0 0.000000
97 0.355891 0 0.000000
98 0.364045 1 0.000050
99 0.372199 0 0.000000
