0 0.088079 20 0.001000
1 0.096868 3 0.000150
2 0.105656 0 0.000000
3 0.114445 3 0.000150
4 0.123234 0 0.000000
5 0.132022 0 0.000000
6 0.140811 13 0.000650
7 0.149599 0 0.000000
8 0.158388 0 0.000000
9 0.167177 0 0.000000
10 0.175965 0 0.000000
11 0.184754 0 0.000000
12 0.193542 0 0.000000
13 0.202331 0 0.000000
14 0.211120 0 0.000000
15 0.219908 0 0.000000
16 0.228697 0 0.000000
17 0.237485 0 0.000000
18 0.246274 0 0.000000
19 0.255063 0 0.000000
20 0.263851 0 0.000000
21 0.272640 0 0.000000
22 0.281429 4 0.000200
23 0.290217 4 0.000200
24 0.299006 11 0.000550
25 0.307794 16 0.000800
26 0.316583 205 0.010250
27 0.325372 43 0.002150
28 0.334160 221 0.011050
29 0.342949 53 0.002650
30 0.351737 66 0.003300
31 0.360526 22 0.001100
32 0.369315 0 0.000000
33 0.378103 0 0.000000
34 0.386892 2 0.000100
35 0.395680 0 0.000000
36 0.404469 239 0.011950
37 0.413258 0 0.000000
38 0.422046 185 0.009250
39 0.430835 0 0.000000
40 0.439623 0 0.000000
41 0.448412 0 0.000000
42 0.457201 0 0.000000
43 0.465989 0 0.000000
44 0.474778 21 0.001050
45 0.483566 20 0.001000
46 0.492355 16 0.000800
47 0.501144 9 0.000450
48 0.509932 17 0.000850
49 0.518721 32 0.001600
50 0.527510 53 0.002650
51 0.536298 64 0.003200
52 0.545087 125 0.006250
53 0.553875 177 0.008850
54 0.562664 233 0.011650
55 0.571453 352 0.017600
56 0.580241 729 0.036450
57 0.589030 1937 0.096850
58 0.597818 3167 0.158350
59 0.606607 1396 0.069800
60 0.615396 861 0.043050
61 0.624184 699 0.034950
62 0.632973 355 0.017750
63 0.641761 260 0.013000
64 0.650550 519 0.025950
65 0.659339 47 0.002350
66 0.668127 321 0.016050
67 0.676916 1113 0.055650
68 0.685704 183 0.009150
69 0.694493 203 0.010150
70 0.703282 254 0.012700
71 0.712070 19 0.000950
72 0.720859 57 0.002850
73 0.729647 263 0.013150
74 0.738436 447 0.022350
75 0.747225 461 0.023050
76 0.756013 326 0.016300
77 0.764802 790 0.039500
78 0.773591 687 0.034350
79 0.782379 568 0.028400
80 0.791168 0 0.000000
81 0.799956 102 0.005100
82 0.808745 19 0.000950
83 0.817534 278 0.013900
84 0.826322 117 0.005850
85 0.835111 33 0.001650
86 0.843899 57 0.002850
87 0.852688 149 0.007450
88 0.861477 202 0.010100
89 0.870265 138 0.006900
90 0.879054 125 0.006250
91 0.887842 139 0.006950
92 0.896631 173 0.008650
93 0.905420 176 0.008800
94 0.914208 96 0.004800
95 0.922997 95 0.004750
96 0.931785 106 0.005300
97 0.940574 84 0.004200
98 0.949363 15 0.000750
99 0.958151 5 0.000250
