0 0.129120 4 0.000200
1 0.136013 0 0.000000
2 0.142906 0 0.000000
3 0.149800 0 0.000000
4 0.156693 8 0.000400
5 0.163586 0 0.000000
6 0.170479 0 0.000000
7 0.177373 0 0.000000
8 0.184266 0 0.000000
9 0.191159 0 0.000000
10 0.198052 0 0.000000
11 0.204946 0 0.000000
12 0.211839 0 0.000000
13 0.218732 0 0.000000
14 0.225625 0 0.000000
15 0.232519 0 0.000000
16 0.239412 0 0.000000
17 0.246305 0 0.000000
18 0.253198 0 0.000000
19 0.260091 0 0.000000
20 0.266985 4 0.000200
21 0.273878 0 0.000000
22 0.280771 0 0.000000
23 0.287664 0 0.000000
24 0.294558 5 0.000250
25 0.301451 1 0.000050
26 0.308344 292 0.014600
27 0.315237 0 0.000000
28 0.322131 47 0.002350
29 0.329024 5 0.000250
30 0.335917 162 0.008100
31 0.342810 169 0.008450
32 0.349704 8 0.000400
33 0.356597 22 0.001100
34 0.363490 19 0.000950
35 0.370383 18 0.000900
36 0.377277 371 0.018550
37 0.384170 267 0.013350
38 0.391063 190 0.009500
39 0.397956 0 0.000000
40 0.404850 197 0.009850
41 0.411743 199 0.009950
42 0.418636 155 0.007750
43 0.425529 460 0.023000
44 0.432423 452 0.022600
45 0.439316 95 0.004750
46 0.446209 315 0.015750
47 0.453102 580 0.029000
48 0.459996 418 0.020900
49 0.466889 202 0.010100
50 0.473782 227 0.011350
51 0.480675 568 0.028400
52 0.487569 617 0.030850
53 0.494462 814 0.040700
54 0.501355 2581 0.129050
55 0.508248 3196 0.159800
56 0.515142 683 0.034150
57 0.522035 355 0.017750
58 0.528928 552 0.027600
59 0.535821 1113 0.055650
60 0.542714 496 0.024800
61 0.549608 803 0.040150
62 0.556501 179 0.008950
63 0.563394 67 0.003350
64 0.570287 63 0.003150
65 0.577181 482 0.024100
66 0.584074 90 0.004500
67 0.590967 46 0.002300
68 0.597860 344 0.017200
69 0.604754 442 0.022100
70 0.611647 37 0.001850
71 0.618540 33 0.001650
72 0.625433 519 0.025950
73 0.632327 86 0.004300
74 0.639220 26 0.001300
75 0.646113 319 0.015950
76 0.653006 23 0.001150
77 0.659900 180 0.009000
78 0.666793 0 0.000000
79 0.673686 71 0.003550
80 0.680579 91 0.004550
81 0.687473 205 0.010250
82 0.694366 0 0.000000
83 0.701259 0 0.000000
84 0.708152 2 0.000100
85 0.715046 0 0.000000
86 0.721939 0 0.000000
87 0.728832 0 0.000000
88 0.735725 9 0.000450
89 0.742619 0 0.000000
90 0.749512 4 0.000200
91 0.756405 0 0.000000
92 0.763298 0 0.000000
93 0.770192 0 0.000000
94 0.777085 0 0.000000
95 0.783978 8 0.000400
96 0.790871 0 0.000000
97 0.797765 0 0.000000
98 0.804658 4 0.000200
99 0.811551 0 0.000000
