0 0.088079 20 0.000333
1 0.096868 3 0.000050
2 0.105656 0 0.000000
3 0.114445 3 0.000050
4 0.123234 4 0.000067
5 0.132022 0 0.000000
6 0.140811 13 0.000217
7 0.149599 0 0.000000
8 0.158388 8 0.000133
9 0.167177 0 0.000000
10 0.175965 0 0.000000
11 0.184754 0 0.000000
12 0.193542 0 0.000000
13 0.202331 0 0.000000
14 0.211120 0 0.000000
15 0.219908 0 0.000000
16 0.228697 0 0.000000
17 0.237485 0 0.000000
18 0.246274 0 0.000000
19 0.255063 0 0.000000
20 0.263851 4 0.000067
21 0.272640 0 0.000000
22 0.281429 4 0.000067
23 0.290217 9 0.000150
24 0.299006 12 0.000200
25 0.307794 308 0.005133
26 0.316583 251 0.004183
27 0.325372 44 0.000733
28 0.334160 388 0.006467
29 0.342949 222 0.003700
30 0.351737 96 0.001600
31 0.360526 22 0.000367
32 0.369315 37 0.000617
33 0.378103 619 0.010317
34 0.386892 183 0.003050
35 0.395680 28 0.000467
36 0.404469 436 0.007267
37 0.413258 342 0.005700
38 0.422046 657 0.010950
39 0.430835 462 0.007700
40 0.439623 101 0.001683
41 0.448412 853 0.014217
42 0.457201 441 0.007350
43 0.465989 261 0.004350
44 0.474778 414 0.006900
45 0.483566 876 0.014600
46 0.492355 2354 0.039233
47 0.501144 18909 0.315150
48 0.509932 5576 0.092933
49 0.518721 911 0.015183
50 0.527510 665 0.011083
51 0.536298 1445 0.024083
52 0.545087 1102 0.018367
53 0.553875 410 0.006833
54 0.562664 309 0.005150
55 0.571453 441 0.007350
56 0.580241 1254 0.020900
57 0.589030 1995 0.033250
58 0.597818 3511 0.058517
59 0.606607 1875 0.031250
60 0.615396 861 0.014350
61 0.624184 1251 0.020850
62 0.632973 441 0.007350
63 0.641761 314 0.005233
64 0.650550 833 0.013883
65 0.659339 227 0.003783
66 0.668127 392 0.006533
67 0.676916 1113 0.018550
68 0.685704 479 0.007983
69 0.694493 203 0.003383
70 0.703282 256 0.004267
71 0.712070 19 0.000317
72 0.720859 57 0.000950
73 0.729647 263 0.004383
74 0.738436 456 0.007600
75 0.747225 465 0.007750
76 0.756013 326 0.005433
77 0.764802 790 0.013167
78 0.773591 687 0.011450
79 0.782379 576 0.009600
80 0.791168 0 0.000000
81 0.799956 102 0.001700
82 0.808745 23 0.000383
83 0.817534 278 0.004633
84 0.826322 117 0.001950
85 0.835111 33 0.000550
86 0.843899 57 0.000950
87 0.852688 149 0.002483
88 0.861477 202 0.003367
89 0.870265 138 0.002300
90 0.879054 125 0.002083
91 0.887842 139 0.002317
92 0.896631 173 0.002883
93 0.905420 176 0.002933
94 0.914208 96 0.001600
95 0.922997 95 0.001583
96 0.931785 106 0.001767
97 0.940574 84 0.001400
98 0.949363 15 0.000250
99 0.958151 5 0.000083
