0 0.475957 3 0.000150
1 0.476544 0 0.000000
2 0.477130 0 0.000000
3 0.477717 0 0.000000
4 0.478304 3 0.000150
5 0.478891 0 0.000000
6 0.479477 0 0.000000
7 0.480064 10 0.000500
8 0.480651 0 0.000000
9 0.481238 0 0.000000
10 0.481824 0 0.000000
11 0.482411 0 0.000000
12 0.482998 23 0.001150
13 0.483585 0 0.000000
14 0.484172 4 0.000200
15 0.484758 17 0.000850
16 0.485345 0 0.000000
17 0.485932 0 0.000000
18 0.486519 7 0.000350
19 0.487105 0 0.000000
20 0.487692 0 0.000000
21 0.488279 7 0.000350
22 0.488866 12 0.000600
23 0.489452 0 0.000000
24 0.490039 0 0.000000
25 0.490626 12 0.000600
26 0.491213 18 0.000900
27 0.491799 0 0.000000
28 0.492386 9 0.000450
29 0.492973 3 0.000150
30 0.493560 28 0.001400
31 0.494146 10 0.000500
32 0.494733 21 0.001050
33 0.495320 49 0.002450
34 0.495907 48 0.002400
35 0.496494 275 0.013750
36 0.497080 56 0.002800
37 0.497667 81 0.004050
38 0.498254 18 0.000900
39 0.498841 41 0.002050
40 0.499427 137 0.006850
41 0.500014 69 0.003450
42 0.500601 479 0.023950
43 0.501188 742 0.037100
44 0.501774 266 0.013300
45 0.502361 658 0.032900
46 0.502948 689 0.034450
47 0.503535 810 0.040500
48 0.504121 1095 0.054750
49 0.504708 1148 0.057400
50 0.505295 662 0.033100
51 0.505882 1226 0.061300
52 0.506469 1690 0.084500
53 0.507055 1221 0.061050
54 0.507642 1872 0.093600
55 0.508229 939 0.046950
56 0.508816 1395 0.069750
57 0.509402 1101 0.055050
58 0.509989 488 0.024400
59 0.510576 645 0.032250
60 0.511163 248 0.012400
61 0.511749 224 0.011200
62 0.512336 370 0.018500
63 0.512923 51 0.002550
64 0.513510 74 0.003700
65 0.514096 49 0.002450
66 0.514683 71 0.003550
67 0.515270 121 0.006050
68 0.515857 214 0.010700
69 0.516443 61 0.003050
70 0.517030 23 0.001150
71 0.517617 11 0.000550
72 0.518204 16 0.000800
73 0.518791 23 0.001150
74 0.519377 215 0.010750
75 0.519964 0 0.000000
76 0.520551 46 0.002300
77 0.521138 4 0.000200
78 0.521724 23 0.001150
79 0.522311 30 0.001500
80 0.522898 6 0.000300
81 0.523485 7 0.000350
82 0.524071 0 0.000000
83 0.524658 0 0.000000
84 0.525245 2 0.000100
85 0.525832 5 0.000250
86 0.526418 0 0.000000
87 0.527005 0 0.000000
88 0.527592 6 0.000300
89 0.528179 0 0.000000
90 0.528765 0 0.000000
91 0.529352 0 0.000000
92 0.529939 0 0.000000
93 0.530526 0 0.000000
94 0.531113 0 0.000000
95 0.531699 0 0.000000
96 0.532286 0 0.000000
97 0.532873 7 0.000350
98 0.533460 4 0.000200
99 0.534046 2 0.000100
