0 0.016318 4 0.000200
1 0.026248 6 0.000300
2 0.036178 3 0.000150
3 0.046107 5 0.000250
4 0.056037 4 0.000200
5 0.065967 2 0.000100
6 0.075897 2 0.000100
7 0.085826 7 0.000350
8 0.095756 2 0.000100
9 0.105686 3 0.000150
10 0.115615 2 0.000100
11 0.125545 4 0.000200
12 0.135475 3 0.000150
13 0.145405 1 0.000050
14 0.155334 5 0.000250
15 0.165264 7 0.000350
16 0.175194 1 0.000050
17 0.185123 3 0.000150
18 0.195053 12 0.000600
19 0.204983 5 0.000250
20 0.214913 8 0.000400
21 0.224842 8 0.000400
22 0.234772 8 0.000400
23 0.244702 24 0.001200
24 0.254631 24 0.001200
25 0.264561 24 0.001200
26 0.274491 32 0.001600
27 0.284421 28 0.001400
28 0.294350 26 0.001300
29 0.304280 41 0.002050
30 0.314210 99 0.004950
31 0.324139 157 0.007850
32 0.334069 183 0.009150
33 0.343999 90 0.004500
34 0.353929 21 0.001050
35 0.363858 13 0.000650
36 0.373788 21 0.001050
37 0.383718 18 0.000900
38 0.393647 17 0.000850
39 0.403577 18 0.000900
40 0.413507 26 0.001300
41 0.423437 31 0.001550
42 0.433366 23 0.001150
43 0.443296 38 0.001900
44 0.453226 62 0.003100
45 0.463156 47 0.002350
46 0.473085 66 0.003300
47 0.483015 98 0.004900
48 0.492945 136 0.006800
49 0.502874 129 0.006450
50 0.512804 155 0.007750
51 0.522734 162 0.008100
52 0.532663 216 0.010800
53 0.542593 279 0.013950
54 0.552523 396 0.019800
55 0.562453 551 0.027550
56 0.572382 1234 0.061700
57 0.582312 2372 0.118600
58 0.592242 2779 0.138950
59 0.602171 1431 0.071550
60 0.612101 926 0.046300
61 0.622031 700 0.035000
62 0.631961 429 0.021450
63 0.641890 321 0.016050
64 0.651820 273 0.013650
65 0.661750 217 0.010850
66 0.671679 225 0.011250
67 0.681609 174 0.008700
68 0.691539 166 0.008300
69 0.701469 144 0.007200
70 0.711398 162 0.008100
71 0.721328 147 0.007350
72 0.731258 147 0.007350
73 0.741188 157 0.007850
74 0.751117 139 0.006950
75 0.761047 143 0.007150
76 0.770977 154 0.007700
77 0.780906 146 0.007300
78 0.790836 160 0.008000
79 0.800766 155 0.007750
80 0.810696 169 0.008450
81 0.820625 206 0.010300
82 0.830555 222 0.011100
83 0.840485 234 0.011700
84 0.850414 300 0.015000
85 0.860344 441 0.022050
86 0.870274 361 0.018050
87 0.880204 357 0.017850
88 0.890133 238 0.011900
89 0.900063 205 0.010250
90 0.909993 236 0.011800
91 0.919922 306 0.015300
92 0.929852 198 0.009900
93 0.939782 127 0.006350
94 0.949712 42 0.002100
95 0.959641 32 0.001600
96 0.969571 31 0.001550
97 0.979501 32 0.001600
98 0.989430 5 0.000250
99 0.999360 1 0.000050
