0 0.001706 2 0.000100
1 0.010731 0 0.000000
2 0.019755 0 0.000000
3 0.028779 0 0.000000
4 0.037804 0 0.000000
5 0.046828 0 0.000000
6 0.055852 0 0.000000
7 0.064877 0 0.000000
8 0.073901 0 0.000000
9 0.082925 0 0.000000
10 0.091950 0 0.000000
11 0.100974 0 0.000000
12 0.109998 1 0.000050
13 0.119023 1 0.000050
14 0.128047 0 0.000000
15 0.137071 0 0.000000
16 0.146095 0 0.000000
17 0.155120 0 0.000000
18 0.164144 0 0.000000
19 0.173168 0 0.000000
20 0.182193 0 0.000000
21 0.191217 2 0.000100
22 0.200241 3 0.000150
23 0.209266 4 0.000200
24 0.218290 6 0.000300
25 0.227314 7 0.000350
26 0.236339 3 0.000150
27 0.245363 1 0.000050
28 0.254387 2 0.000100
29 0.263412 1 0.000050
30 0.272436 2 0.000100
31 0.281460 0 0.000000
32 0.290485 3 0.000150
33 0.299509 21 0.001050
34 0.308533 31 0.001550
35 0.317558 62 0.003100
36 0.326582 87 0.004350
37 0.335606 50 0.002500
38 0.344631 60 0.003000
39 0.353655 142 0.007100
40 0.362679 156 0.007800
41 0.371703 356 0.017800
42 0.380728 197 0.009850
43 0.389752 194 0.009700
44 0.398776 243 0.012150
45 0.407801 323 0.016150
46 0.416825 454 0.022700
47 0.425849 1028 0.051400
48 0.434874 470 0.023500
49 0.443898 401 0.020050
50 0.452922 483 0.024150
51 0.461947 673 0.033650
52 0.470971 902 0.045100
53 0.479995 615 0.030750
54 0.489020 649 0.032450
55 0.498044 4111 0.205550
56 0.507068 759 0.037950
57 0.516093 785 0.039250
58 0.525117 1244 0.062200
59 0.534141 771 0.038550
60 0.543166 484 0.024200
61 0.552190 473 0.023650
62 0.561214 496 0.024800
63 0.570239 791 0.039550
64 0.579263 359 0.017950
65 0.588287 291 0.014550
66 0.597311 262 0.013100
67 0.606336 255 0.012750
68 0.615360 213 0.010650
69 0.624384 432 0.021600
70 0.633409 122 0.006100
71 0.642433 73 0.003650
72 0.651457 113 0.005650
73 0.660482 72 0.003600
74 0.669506 116 0.005800
75 0.678530 49 0.002450
76 0.687555 17 0.000850
77 0.696579 32 0.001600
78 0.705603 15 0.000750
79 0.714628 3 0.000150
80 0.723652 0 0.000000
81 0.732676 2 0.000100
82 0.741701 2 0.000100
83 0.750725 0 0.000000
84 0.759749 0 0.000000
85 0.768774 4 0.000200
86 0.777798 2 0.000100
87 0.786822 4 0.000200
88 0.795847 8 0.000400
89 0.804871 3 0.000150
90 0.813895 0 0.000000
91 0.822919 0 0.000000
92 0.831944 0 0.000000
93 0.840968 0 0.000000
94 0.849992 0 0.000000
95 0.859017 0 0.000000
96 0.868041 0 0.000000
97 0.877065 1 0.000050
98 0.886090 0 0.000000
99 0.895114 1 0.000050
