0 0.001706 3 0.000050
1 0.011784 7 0.000117
2 0.021861 7 0.000117
3 0.031938 7 0.000117
4 0.042016 11 0.000183
5 0.052093 16 0.000267
6 0.062170 15 0.000250
7 0.072248 11 0.000183
8 0.082325 18 0.000300
9 0.092402 19 0.000317
10 0.102479 13 0.000217
11 0.112557 14 0.000233
12 0.122634 10 0.000167
13 0.132711 8 0.000133
14 0.142789 16 0.000267
15 0.152866 16 0.000267
16 0.162943 16 0.000267
17 0.173021 18 0.000300
18 0.183098 17 0.000283
19 0.193175 32 0.000533
20 0.203253 34 0.000567
21 0.213330 38 0.000633
22 0.223407 43 0.000717
23 0.233485 39 0.000650
24 0.243562 48 0.000800
25 0.253639 59 0.000983
26 0.263716 68 0.001133
27 0.273794 74 0.001233
28 0.283871 87 0.001450
29 0.293948 89 0.001483
30 0.304026 145 0.002417
31 0.314103 216 0.003600
32 0.324180 341 0.005683
33 0.334258 338 0.005633
34 0.344335 238 0.003967
35 0.354412 274 0.004567
36 0.364490 359 0.005983
37 0.374567 490 0.008167
38 0.384644 394 0.006567
39 0.394721 410 0.006833
40 0.404799 612 0.010200
41 0.414876 722 0.012033
42 0.424953 1452 0.024200
43 0.435031 872 0.014533
44 0.445108 958 0.015967
45 0.455185 1303 0.021717
46 0.465263 1873 0.031217
47 0.475340 2046 0.034100
48 0.485417 3355 0.055917
49 0.495495 7713 0.128550
50 0.505572 3324 0.055400
51 0.515649 2216 0.036933
52 0.525726 2431 0.040517
53 0.535804 1476 0.024600
54 0.545881 1263 0.021050
55 0.555958 1340 0.022333
56 0.566036 1942 0.032367
57 0.576113 2586 0.043100
58 0.586190 3206 0.053433
59 0.596268 2792 0.046533
60 0.606345 1532 0.025533
61 0.616422 1236 0.020600
62 0.626500 1147 0.019117
63 0.636577 565 0.009417
64 0.646654 490 0.008167
65 0.656732 446 0.007433
66 0.666809 404 0.006733
67 0.676886 370 0.006167
68 0.686963 222 0.003700
69 0.697041 234 0.003900
70 0.707118 214 0.003567
71 0.717195 178 0.002967
72 0.727273 182 0.003033
73 0.737350 199 0.003317
74 0.747427 181 0.003017
75 0.757505 173 0.002883
76 0.767582 192 0.003200
77 0.777659 164 0.002733
78 0.787737 215 0.003583
79 0.797814 156 0.002600
80 0.807891 191 0.003183
81 0.817969 190 0.003167
82 0.828046 267 0.004450
83 0.838123 252 0.004200
84 0.848200 306 0.005100
85 0.858278 427 0.007117
86 0.868355 396 0.006600
87 0.878432 411 0.006850
88 0.888510 223 0.003717
89 0.898587 217 0.003617
90 0.908664 258 0.004300
91 0.918742 310 0.005167
92 0.928819 213 0.003550
93 0.938896 143 0.002383
94 0.948974 50 0.000833
95 0.959051 32 0.000533
96 0.969128 36 0.000600
97 0.979205 32 0.000533
98 0.989283 6 0.000100
99 0.999360 0 0.000000
