0 0.011722 4 0.000200
1 0.021442 3 0.000150
2 0.031162 4 0.000200
3 0.040882 6 0.000300
4 0.050602 7 0.000350
5 0.060322 14 0.000700
6 0.070042 8 0.000400
7 0.079762 14 0.000700
8 0.089482 11 0.000550
9 0.099202 12 0.000600
10 0.108922 10 0.000500
11 0.118642 8 0.000400
12 0.128362 7 0.000350
13 0.138082 11 0.000550
14 0.147802 12 0.000600
15 0.157522 8 0.000400
16 0.167242 15 0.000750
17 0.176962 15 0.000750
18 0.186682 9 0.000450
19 0.196402 21 0.001050
20 0.206122 21 0.001050
21 0.215842 30 0.001500
22 0.225562 27 0.001350
23 0.235282 24 0.001200
24 0.245002 24 0.001200
25 0.254722 30 0.001500
26 0.264442 41 0.002050
27 0.274162 41 0.002050
28 0.283882 50 0.002500
29 0.293602 59 0.002950
30 0.303322 66 0.003300
31 0.313042 54 0.002700
32 0.322762 80 0.004000
33 0.332482 91 0.004550
34 0.342202 82 0.004100
35 0.351921 74 0.003700
36 0.361641 112 0.005600
37 0.371361 121 0.006050
38 0.381081 143 0.007150
39 0.390801 142 0.007100
40 0.400521 205 0.010250
41 0.410241 254 0.012700
42 0.419961 251 0.012550
43 0.429681 303 0.015150
44 0.439401 382 0.019100
45 0.449121 496 0.024800
46 0.458841 686 0.034300
47 0.468561 866 0.043300
48 0.478281 1458 0.072900
49 0.488001 2810 0.140500
50 0.497721 3195 0.159750
51 0.507441 1962 0.098100
52 0.517161 1090 0.054500
53 0.526881 757 0.037850
54 0.536601 557 0.027850
55 0.546322 376 0.018800
56 0.556041 370 0.018500
57 0.565761 353 0.017650
58 0.575481 313 0.015650
59 0.585202 198 0.009900
60 0.594921 164 0.008200
61 0.604641 163 0.008150
62 0.614361 128 0.006400
63 0.624081 114 0.005700
64 0.633801 100 0.005000
65 0.643521 115 0.005750
66 0.653241 98 0.004900
67 0.662961 65 0.003250
68 0.672681 76 0.003800
69 0.682401 64 0.003200
70 0.692121 42 0.002100
71 0.701841 46 0.002300
72 0.711561 32 0.001600
73 0.721281 36 0.001800
74 0.731001 29 0.001450
75 0.740721 29 0.001450
76 0.750441 24 0.001200
77 0.760161 35 0.001750
78 0.769881 24 0.001200
79 0.779601 21 0.001050
80 0.789321 26 0.001300
81 0.799041 13 0.000650
82 0.808761 18 0.000900
83 0.818481 14 0.000700
84 0.828201 16 0.000800
85 0.837921 24 0.001200
86 0.847641 15 0.000750
87 0.857361 9 0.000450
88 0.867081 9 0.000450
89 0.876801 8 0.000400
90 0.886521 8 0.000400
91 0.896241 10 0.000500
92 0.905961 7 0.000350
93 0.915681 5 0.000250
94 0.925401 6 0.000300
95 0.935121 4 0.000200
96 0.944841 5 0.000250
97 0.954561 2 0.000100
98 0.964281 2 0.000100
99 0.974001 1 0.000050
