0 -0.469940 1 0.000017
1 -0.461313 1 0.000017
2 -0.452686 0 0.000000
3 -0.444059 0 0.000000
4 -0.435432 0 0.000000
5 -0.426805 1 0.000017
6 -0.418177 0 0.000000
7 -0.409550 0 0.000000
8 -0.400923 1 0.000017
9 -0.392296 0 0.000000
10 -0.383669 0 0.000000
11 -0.375042 0 0.000000
12 -0.366415 0 0.000000
13 -0.357788 0 0.000000
14 -0.349161 2 0.000033
15 -0.340534 2 0.000033
16 -0.331907 12 0.000200
17 -0.323280 1 0.000017
18 -0.314653 8 0.000133
19 -0.306026 6 0.000100
20 -0.297399 14 0.000233
21 -0.288772 35 0.000583
22 -0.280145 13 0.000217
23 -0.271518 11 0.000183
24 -0.262891 27 0.000450
25 -0.254264 26 0.000433
26 -0.245637 47 0.000783
27 -0.237010 46 0.000767
28 -0.228383 45 0.000750
29 -0.219755 37 0.000617
30 -0.211128 51 0.000850
31 -0.202501 40 0.000667
32 -0.193874 84 0.001400
33 -0.185247 141 0.002350
34 -0.176620 184 0.003067
35 -0.167993 200 0.003333
36 -0.159366 304 0.005067
37 -0.150739 429 0.007150
38 -0.142112 550 0.009167
39 -0.133485 493 0.008217
40 -0.124858 547 0.009117
41 -0.116231 518 0.008633
42 -0.107604 555 0.009250
43 -0.098977 754 0.012567
44 -0.090350 1167 0.019450
45 -0.081723 1312 0.021867
46 -0.073096 1146 0.019100
47 -0.064469 1043 0.017383
48 -0.055842 1232 0.020533
49 -0.047215 1639 0.027317
50 -0.038588 1678 0.027967
51 -0.029960 2224 0.037067
52 -0.021333 4845 0.080750
53 -0.012706 12473 0.207883
54 -0.004079 7683 0.128050
55 0.004548 3616 0.060267
56 0.013175 2450 0.040833
57 0.021802 1731 0.028850
58 0.030429 1201 0.020017
59 0.039056 1001 0.016683
60 0.047683 956 0.015933
61 0.056310 1049 0.017483
62 0.064937 747 0.012450
63 0.073564 702 0.011700
64 0.082191 581 0.009683
65 0.090818 514 0.008567
66 0.099445 463 0.007717
67 0.108072 522 0.008700
68 0.116699 545 0.009083
69 0.125326 474 0.007900
70 0.133953 261 0.004350
71 0.142580 298 0.004967
72 0.151207 189 0.003150
73 0.159835 158 0.002633
74 0.168462 108 0.001800
75 0.177089 80 0.001333
76 0.185716 74 0.001233
77 0.194343 54 0.000900
78 0.202970 53 0.000883
79 0.211597 59 0.000983
80 0.220224 58 0.000967
81 0.228851 57 0.000950
82 0.237478 40 0.000667
83 0.246105 41 0.000683
84 0.254732 32 0.000533
85 0.263359 38 0.000633
86 0.271986 33 0.000550
87 0.280613 41 0.000683
88 0.289240 46 0.000767
89 0.297867 30 0.000500
90 0.306494 36 0.000600
91 0.315121 16 0.000267
92 0.323748 5 0.000083
93 0.332375 2 0.000033
94 0.341002 4 0.000067
95 0.349630 2 0.000033
96 0.358257 0 0.000000
97 0.366884 3 0.000050
98 0.375511 1 0.000017
99 0.384138 1 0.000017
