0 -0.345521 2 0.000100
1 -0.338534 2 0.000100
2 -0.331547 5 0.000250
3 -0.324560 1 0.000050
4 -0.317573 0 0.000000
5 -0.310586 2 0.000100
6 -0.303599 1 0.000050
7 -0.296612 4 0.000200
8 -0.289625 10 0.000500
9 -0.282638 6 0.000300
10 -0.275651 5 0.000250
11 -0.268664 2 0.000100
12 -0.261677 5 0.000250
13 -0.254690 5 0.000250
14 -0.247703 6 0.000300
15 -0.240716 4 0.000200
16 -0.233729 5 0.000250
17 -0.226742 9 0.000450
18 -0.219755 6 0.000300
19 -0.212768 7 0.000350
20 -0.205781 3 0.000150
21 -0.198794 7 0.000350
22 -0.191807 17 0.000850
23 -0.184820 21 0.001050
24 -0.177833 19 0.000950
25 -0.170846 28 0.001400
26 -0.163859 24 0.001200
27 -0.156872 53 0.002650
28 -0.149885 52 0.002600
29 -0.142898 61 0.003050
30 -0.135911 53 0.002650
31 -0.128924 63 0.003150
32 -0.121937 97 0.004850
33 -0.114950 106 0.005300
34 -0.107963 120 0.006000
35 -0.100976 106 0.005300
36 -0.093989 151 0.007550
37 -0.087002 136 0.006800
38 -0.080015 168 0.008400
39 -0.073028 149 0.007450
40 -0.066041 175 0.008750
41 -0.059054 233 0.011650
42 -0.052067 337 0.016850
43 -0.045080 426 0.021300
44 -0.038093 458 0.022900
45 -0.031106 600 0.030000
46 -0.024119 1155 0.057750
47 -0.017132 2205 0.110250
48 -0.010145 4114 0.205700
49 -0.003158 3090 0.154500
50 0.003829 1559 0.077950
51 0.010816 726 0.036300
52 0.017803 497 0.024850
53 0.024790 392 0.019600
54 0.031778 338 0.016900
55 0.038765 318 0.015900
56 0.045752 249 0.012450
57 0.052739 226 0.011300
58 0.059726 160 0.008000
59 0.066713 162 0.008100
60 0.073700 150 0.007500
61 0.080687 113 0.005650
62 0.087674 96 0.004800
63 0.094661 90 0.004500
64 0.101648 78 0.003900
65 0.108635 72 0.003600
66 0.115622 89 0.004450
67 0.122609 75 0.003750
68 0.129596 37 0.001850
69 0.136583 34 0.001700
70 0.143570 21 0.001050
71 0.150557 25 0.001250
72 0.157544 14 0.000700
73 0.164531 11 0.000550
74 0.171518 19 0.000950
75 0.178505 9 0.000450
76 0.185492 15 0.000750
77 0.192479 10 0.000500
78 0.199466 6 0.000300
79 0.206453 8 0.000400
80 0.213440 10 0.000500
81 0.220427 10 0.000500
82 0.227414 4 0.000200
83 0.234401 10 0.000500
84 0.241388 6 0.000300
85 0.248375 4 0.000200
86 0.255362 7 0.000350
87 0.262349 2 0.000100
88 0.269336 7 0.000350
89 0.276323 6 0.000300
90 0.283310 5 0.000250
91 0.290297 6 0.000300
92 0.297284 1 0.000050
93 0.304271 1 0.000050
94 0.311258 0 0.000000
95 0.318245 0 0.000000
96 0.325232 2 0.000100
97 0.332219 2 0.000100
98 0.339206 3 0.000150
99 0.346193 1 0.000050
