0 -0.469940 1 0.000050
1 -0.461313 0 0.000000
2 -0.452686 0 0.000000
3 -0.444059 0 0.000000
4 -0.435432 0 0.000000
5 -0.426805 0 0.000000
6 -0.418177 0 0.000000
7 -0.409550 0 0.000000
8 -0.400923 0 0.000000
9 -0.392296 0 0.000000
10 -0.383669 0 0.000000
11 -0.375042 0 0.000000
12 -0.366415 0 0.000000
13 -0.357788 0 0.000000
14 -0.349161 0 0.000000
15 -0.340534 0 0.000000
16 -0.331907 6 0.000300
17 -0.323280 1 0.000050
18 -0.314653 5 0.000250
19 -0.306026 4 0.000200
20 -0.297399 8 0.000400
21 -0.288772 19 0.000950
22 -0.280145 4 0.000200
23 -0.271518 4 0.000200
24 -0.262891 19 0.000950
25 -0.254264 17 0.000850
26 -0.245637 38 0.001900
27 -0.237010 38 0.001900
28 -0.228383 32 0.001600
29 -0.219755 23 0.001150
30 -0.211128 27 0.001350
31 -0.202501 22 0.001100
32 -0.193874 22 0.001100
33 -0.185247 52 0.002600
34 -0.176620 92 0.004600
35 -0.167993 109 0.005450
36 -0.159366 152 0.007600
37 -0.150739 177 0.008850
38 -0.142112 198 0.009900
39 -0.133485 219 0.010950
40 -0.124858 228 0.011400
41 -0.116231 191 0.009550
42 -0.107604 203 0.010150
43 -0.098977 302 0.015100
44 -0.090350 292 0.014600
45 -0.081723 367 0.018350
46 -0.073096 396 0.019800
47 -0.064469 392 0.019600
48 -0.055842 329 0.016450
49 -0.047215 299 0.014950
50 -0.038588 422 0.021100
51 -0.029960 717 0.035850
52 -0.021333 1884 0.094200
53 -0.012706 4420 0.221000
54 -0.004079 2895 0.144750
55 0.004548 1292 0.064600
56 0.013175 546 0.027300
57 0.021802 229 0.011450
58 0.030429 224 0.011200
59 0.039056 199 0.009950
60 0.047683 134 0.006700
61 0.056310 132 0.006600
62 0.064937 165 0.008250
63 0.073564 209 0.010450
64 0.082191 255 0.012750
65 0.090818 194 0.009700
66 0.099445 167 0.008350
67 0.108072 143 0.007150
68 0.116699 163 0.008150
69 0.125326 253 0.012650
70 0.133953 143 0.007150
71 0.142580 156 0.007800
72 0.151207 75 0.003750
73 0.159835 58 0.002900
74 0.168462 41 0.002050
75 0.177089 37 0.001850
76 0.185716 40 0.002000
77 0.194343 35 0.001750
78 0.202970 41 0.002050
79 0.211597 45 0.002250
80 0.220224 47 0.002350
81 0.228851 47 0.002350
82 0.237478 33 0.001650
83 0.246105 34 0.001700
84 0.254732 25 0.001250
85 0.263359 31 0.001550
86 0.271986 26 0.001300
87 0.280613 31 0.001550
88 0.289240 38 0.001900
89 0.297867 28 0.001400
90 0.306494 34 0.001700
91 0.315121 16 0.000800
92 0.323748 3 0.000150
93 0.332375 0 0.000000
94 0.341002 0 0.000000
95 0.349630 0 0.000000
96 0.358257 0 0.000000
97 0.366884 3 0.000150
98 0.375511 1 0.000050
99 0.384138 1 0.000050
