0 -0.458693 1 0.000050
1 -0.450455 0 0.000000
2 -0.442216 0 0.000000
3 -0.433978 0 0.000000
4 -0.425740 1 0.000050
5 -0.417501 0 0.000000
6 -0.409263 0 0.000000
7 -0.401025 1 0.000050
8 -0.392786 0 0.000000
9 -0.384548 0 0.000000
10 -0.376309 0 0.000000
11 -0.368071 0 0.000000
12 -0.359833 0 0.000000
13 -0.351594 0 0.000000
14 -0.343356 0 0.000000
15 -0.335118 0 0.000000
16 -0.326879 0 0.000000
17 -0.318641 0 0.000000
18 -0.310403 2 0.000100
19 -0.302164 2 0.000100
20 -0.293926 2 0.000100
21 -0.285688 2 0.000100
22 -0.277449 2 0.000100
23 -0.269211 5 0.000250
24 -0.260973 3 0.000150
25 -0.252734 1 0.000050
26 -0.244496 3 0.000150
27 -0.236258 3 0.000150
28 -0.228019 1 0.000050
29 -0.219781 6 0.000300
30 -0.211543 13 0.000650
31 -0.203304 15 0.000750
32 -0.195066 32 0.001600
33 -0.186828 64 0.003200
34 -0.178589 66 0.003300
35 -0.170351 58 0.002900
36 -0.162113 59 0.002950
37 -0.153874 159 0.007950
38 -0.145636 226 0.011300
39 -0.137397 221 0.011050
40 -0.129159 221 0.011050
41 -0.120921 177 0.008850
42 -0.112682 197 0.009850
43 -0.104444 230 0.011500
44 -0.096206 353 0.017650
45 -0.087967 751 0.037550
46 -0.079729 699 0.034950
47 -0.071491 470 0.023500
48 -0.063252 368 0.018400
49 -0.055014 560 0.028000
50 -0.046776 823 0.041150
51 -0.038537 654 0.032700
52 -0.030299 609 0.030450
53 -0.022061 862 0.043100
54 -0.013822 3375 0.168750
55 -0.005584 1027 0.051350
56 0.002654 623 0.031150
57 0.010893 980 0.049000
58 0.019131 1111 0.055550
59 0.027369 597 0.029850
60 0.035608 441 0.022050
61 0.043846 463 0.023150
62 0.052084 613 0.030650
63 0.060323 517 0.025850
64 0.068561 357 0.017850
65 0.076799 245 0.012250
66 0.085038 191 0.009550
67 0.093276 186 0.009300
68 0.101514 195 0.009750
69 0.109753 317 0.015850
70 0.117991 217 0.010850
71 0.126229 153 0.007650
72 0.134468 67 0.003350
73 0.142706 109 0.005450
74 0.150945 81 0.004050
75 0.159183 86 0.004300
76 0.167421 50 0.002500
77 0.175660 30 0.001500
78 0.183898 16 0.000800
79 0.192136 14 0.000700
80 0.200375 5 0.000250
81 0.208613 1 0.000050
82 0.216851 0 0.000000
83 0.225090 0 0.000000
84 0.233328 1 0.000050
85 0.241566 0 0.000000
86 0.249805 0 0.000000
87 0.258043 0 0.000000
88 0.266281 1 0.000050
89 0.274520 1 0.000050
90 0.282758 2 0.000100
91 0.290996 2 0.000100
92 0.299235 1 0.000050
93 0.307473 1 0.000050
94 0.315711 0 0.000000
95 0.323950 0 0.000000
96 0.332188 0 0.000000
97 0.340426 0 0.000000
98 0.348665 1 0.000050
99 0.356903 1 0.000050
