0 0.000000 40477 0.674617
1 0.002231 4786 0.079767
2 0.004461 3449 0.057483
3 0.006692 2354 0.039233
4 0.008923 1443 0.024050
5 0.011154 1203 0.020050
6 0.013384 1167 0.019450
7 0.015615 971 0.016183
8 0.017846 776 0.012933
9 0.020077 651 0.010850
10 0.022307 476 0.007933
11 0.024538 317 0.005283
12 0.026769 249 0.004150
13 0.029000 218 0.003633
14 0.031230 174 0.002900
15 0.033461 131 0.002183
16 0.035692 83 0.001383
17 0.037923 58 0.000967
18 0.040153 82 0.001367
19 0.042384 54 0.000900
20 0.044615 53 0.000883
21 0.046846 59 0.000983
22 0.049076 70 0.001167
23 0.051307 47 0.000783
24 0.053538 54 0.000900
25 0.055769 50 0.000833
26 0.057999 53 0.000883
27 0.060230 38 0.000633
28 0.062461 31 0.000517
29 0.064691 36 0.000600
30 0.066922 24 0.000400
31 0.069153 21 0.000350
32 0.071384 28 0.000467
33 0.073614 21 0.000350
34 0.075845 16 0.000267
35 0.078076 32 0.000533
36 0.080307 36 0.000600
37 0.082537 26 0.000433
38 0.084768 31 0.000517
39 0.086999 26 0.000433
40 0.089230 14 0.000233
41 0.091460 15 0.000250
42 0.093691 17 0.000283
43 0.095922 20 0.000333
44 0.098153 15 0.000250
45 0.100383 8 0.000133
46 0.102614 3 0.000050
47 0.104845 3 0.000050
48 0.107076 12 0.000200
49 0.109306 1 0.000017
50 0.111537 2 0.000033
51 0.113768 2 0.000033
52 0.115999 2 0.000033
53 0.118229 4 0.000067
54 0.120460 1 0.000017
55 0.122691 0 0.000000
56 0.124922 0 0.000000
57 0.127152 1 0.000017
58 0.129383 0 0.000000
59 0.131614 0 0.000000
60 0.133844 1 0.000017
61 0.136075 1 0.000017
62 0.138306 1 0.000017
63 0.140537 0 0.000000
64 0.142767 0 0.000000
65 0.144998 0 0.000000
66 0.147229 2 0.000033
67 0.149460 0 0.000000
68 0.151690 0 0.000000
69 0.153921 0 0.000000
70 0.156152 1 0.000017
71 0.158383 0 0.000000
72 0.160613 0 0.000000
73 0.162844 0 0.000000
74 0.165075 0 0.000000
75 0.167306 0 0.000000
76 0.169536 0 0.000000
77 0.171767 0 0.000000
78 0.173998 1 0.000017
79 0.176229 0 0.000000
80 0.178459 0 0.000000
81 0.180690 0 0.000000
82 0.182921 0 0.000000
83 0.185152 0 0.000000
84 0.187382 0 0.000000
85 0.189613 0 0.000000
86 0.191844 0 0.000000
87 0.194074 0 0.000000
88 0.196305 0 0.000000
89 0.198536 0 0.000000
90 0.200767 0 0.000000
91 0.202997 0 0.000000
92 0.205228 0 0.000000
93 0.207459 0 0.000000
94 0.209690 1 0.000017
95 0.211920 0 0.000000
96 0.214151 0 0.000000
97 0.216382 0 0.000000
98 0.218613 0 0.000000
99 0.220843 1 0.000017
