0 0.004892 1 0.000050
1 0.013752 0 0.000000
2 0.022613 0 0.000000
3 0.031473 0 0.000000
4 0.040334 0 0.000000
5 0.049194 0 0.000000
6 0.058055 0 0.000000
7 0.066916 0 0.000000
8 0.075776 0 0.000000
9 0.084637 0 0.000000
10 0.093497 0 0.000000
11 0.102358 1 0.000050
12 0.111219 0 0.000000
13 0.120079 1 0.000050
14 0.128940 0 0.000000
15 0.137800 0 0.000000
16 0.146661 0 0.000000
17 0.155521 0 0.000000
18 0.164382 0 0.000000
19 0.173243 0 0.000000
20 0.182103 0 0.000000
21 0.190964 0 0.000000
22 0.199824 2 0.000100
23 0.208685 3 0.000150
24 0.217545 6 0.000300
25 0.226406 2 0.000100
26 0.235267 3 0.000150
27 0.244127 4 0.000200
28 0.252988 0 0.000000
29 0.261848 0 0.000000
30 0.270709 3 0.000150
31 0.279569 0 0.000000
32 0.288430 5 0.000250
33 0.297291 11 0.000550
34 0.306151 21 0.001050
35 0.315012 48 0.002400
36 0.323872 75 0.003750
37 0.332733 64 0.003200
38 0.341594 43 0.002150
39 0.350454 102 0.005100
40 0.359315 147 0.007350
41 0.368175 318 0.015900
42 0.377036 218 0.010900
43 0.385896 219 0.010950
44 0.394757 185 0.009250
45 0.403618 271 0.013550
46 0.412478 375 0.018750
47 0.421339 808 0.040400
48 0.430199 784 0.039200
49 0.439060 401 0.020050
50 0.447920 412 0.020600
51 0.456781 554 0.027700
52 0.465642 899 0.044950
53 0.474502 641 0.032050
54 0.483363 625 0.031250
55 0.492223 823 0.041150
56 0.501084 4030 0.201500
57 0.509944 746 0.037300
58 0.518805 782 0.039100
59 0.527666 1236 0.061800
60 0.536526 638 0.031900
61 0.545387 478 0.023900
62 0.554247 495 0.024750
63 0.563108 564 0.028200
64 0.571968 674 0.033700
65 0.580829 346 0.017300
66 0.589690 236 0.011800
67 0.598550 233 0.011650
68 0.607411 247 0.012350
69 0.616271 214 0.010700
70 0.625132 405 0.020250
71 0.633993 108 0.005400
72 0.642853 73 0.003650
73 0.651714 111 0.005550
74 0.660574 82 0.004100
75 0.669435 104 0.005200
76 0.678295 45 0.002250
77 0.687156 25 0.001250
78 0.696017 24 0.001200
79 0.704877 13 0.000650
80 0.713738 5 0.000250
81 0.722598 0 0.000000
82 0.731459 0 0.000000
83 0.740319 0 0.000000
84 0.749180 1 0.000050
85 0.758041 0 0.000000
86 0.766901 0 0.000000
87 0.775762 0 0.000000
88 0.784622 1 0.000050
89 0.793483 2 0.000100
90 0.802343 4 0.000200
91 0.811204 1 0.000050
92 0.820065 0 0.000000
93 0.828925 0 0.000000
94 0.837786 0 0.000000
95 0.846646 0 0.000000
96 0.855507 0 0.000000
97 0.864367 0 0.000000
98 0.873228 2 0.000100
99 0.882089 0 0.000000
