0 0.060805 2 0.000033
1 0.069977 15 0.000250
2 0.079149 0 0.000000
3 0.088321 0 0.000000
4 0.097493 0 0.000000
5 0.106665 12 0.000200
6 0.115837 0 0.000000
7 0.125009 7 0.000117
8 0.134181 0 0.000000
9 0.143353 0 0.000000
10 0.152525 0 0.000000
11 0.161697 0 0.000000
12 0.170869 0 0.000000
13 0.180041 0 0.000000
14 0.189213 5 0.000083
15 0.198385 3 0.000050
16 0.207557 0 0.000000
17 0.216729 0 0.000000
18 0.225901 0 0.000000
19 0.235072 4 0.000067
20 0.244244 9 0.000150
21 0.253416 0 0.000000
22 0.262588 7 0.000117
23 0.271760 4 0.000067
24 0.280932 0 0.000000
25 0.290104 22 0.000367
26 0.299276 372 0.006200
27 0.308448 8 0.000133
28 0.317620 188 0.003133
29 0.326792 322 0.005367
30 0.335964 351 0.005850
31 0.345136 97 0.001617
32 0.354308 40 0.000667
33 0.363480 33 0.000550
34 0.372652 628 0.010467
35 0.381824 149 0.002483
36 0.390996 278 0.004633
37 0.400168 247 0.004117
38 0.409339 630 0.010500
39 0.418511 376 0.006267
40 0.427683 545 0.009083
41 0.436855 294 0.004900
42 0.446027 669 0.011150
43 0.455199 450 0.007500
44 0.464371 398 0.006633
45 0.473543 543 0.009050
46 0.482715 1138 0.018967
47 0.491887 2598 0.043300
48 0.501059 11776 0.196267
49 0.510231 10846 0.180767
50 0.519403 1727 0.028783
51 0.528575 1761 0.029350
52 0.537747 925 0.015417
53 0.546919 670 0.011167
54 0.556091 379 0.006317
55 0.565263 706 0.011767
56 0.574435 1090 0.018167
57 0.583606 1054 0.017567
58 0.592778 3799 0.063317
59 0.601950 2119 0.035317
60 0.611122 1278 0.021300
61 0.620294 783 0.013050
62 0.629466 979 0.016317
63 0.638638 400 0.006667
64 0.647810 346 0.005767
65 0.656982 588 0.009800
66 0.666154 88 0.001467
67 0.675326 1468 0.024467
68 0.684498 296 0.004933
69 0.693670 451 0.007517
70 0.702842 272 0.004533
71 0.712014 52 0.000867
72 0.721186 70 0.001167
73 0.730358 268 0.004467
74 0.739530 320 0.005333
75 0.748702 709 0.011817
76 0.757873 522 0.008700
77 0.767045 623 0.010383
78 0.776217 776 0.012933
79 0.785389 281 0.004683
80 0.794561 88 0.001467
81 0.803733 1 0.000017
82 0.812905 27 0.000450
83 0.822077 384 0.006400
84 0.831249 83 0.001383
85 0.840421 44 0.000733
86 0.849593 90 0.001500
87 0.858765 226 0.003767
88 0.867937 189 0.003150
89 0.877109 103 0.001717
90 0.886281 109 0.001817
91 0.895453 163 0.002717
92 0.904625 185 0.003083
93 0.913797 71 0.001183
94 0.922969 119 0.001983
95 0.932140 54 0.000900
96 0.941312 133 0.002217
97 0.950484 39 0.000650
98 0.959656 22 0.000367
99 0.968828 4 0.000067
