0 0.010879 5 0.000250
1 0.020867 5 0.000250
2 0.030855 2 0.000100
3 0.040843 4 0.000200
4 0.050830 6 0.000300
5 0.060818 1 0.000050
6 0.070806 6 0.000300
7 0.080794 4 0.000200
8 0.090782 4 0.000200
9 0.100770 6 0.000300
10 0.110758 4 0.000200
11 0.120746 0 0.000000
12 0.130734 3 0.000150
13 0.140721 2 0.000100
14 0.150709 6 0.000300
15 0.160697 6 0.000300
16 0.170685 2 0.000100
17 0.180673 2 0.000100
18 0.190661 4 0.000200
19 0.200649 5 0.000250
20 0.210637 9 0.000450
21 0.220625 7 0.000350
22 0.230612 7 0.000350
23 0.240600 18 0.000900
24 0.250588 32 0.001600
25 0.260576 23 0.001150
26 0.270564 31 0.001550
27 0.280552 37 0.001850
28 0.290540 34 0.001700
29 0.300528 26 0.001300
30 0.310516 118 0.005900
31 0.320503 92 0.004600
32 0.330491 193 0.009650
33 0.340479 110 0.005500
34 0.350467 36 0.001800
35 0.360455 12 0.000600
36 0.370443 20 0.001000
37 0.380431 22 0.001100
38 0.390419 18 0.000900
39 0.400407 17 0.000850
40 0.410394 34 0.001700
41 0.420382 33 0.001650
42 0.430370 20 0.001000
43 0.440358 31 0.001550
44 0.450346 49 0.002450
45 0.460334 46 0.002300
46 0.470322 69 0.003450
47 0.480310 75 0.003750
48 0.490298 108 0.005400
49 0.500286 116 0.005800
50 0.510273 121 0.006050
51 0.520261 164 0.008200
52 0.530249 251 0.012550
53 0.540237 259 0.012950
54 0.550225 437 0.021850
55 0.560213 504 0.025200
56 0.570201 880 0.044000
57 0.580189 2225 0.111250
58 0.590177 2842 0.142100
59 0.600164 1681 0.084050
60 0.610152 889 0.044450
61 0.620140 800 0.040000
62 0.630128 454 0.022700
63 0.640116 336 0.016800
64 0.650104 300 0.015000
65 0.660092 259 0.012950
66 0.670080 228 0.011400
67 0.680068 171 0.008550
68 0.690055 189 0.009450
69 0.700043 145 0.007250
70 0.710031 159 0.007950
71 0.720019 122 0.006100
72 0.730007 163 0.008150
73 0.739995 179 0.008950
74 0.749983 132 0.006600
75 0.759971 143 0.007150
76 0.769959 183 0.009150
77 0.779946 165 0.008250
78 0.789934 171 0.008550
79 0.799922 144 0.007200
80 0.809910 161 0.008050
81 0.819898 222 0.011100
82 0.829886 182 0.009100
83 0.839874 227 0.011350
84 0.849862 297 0.014850
85 0.859850 425 0.021250
86 0.869837 340 0.017000
87 0.879825 386 0.019300
88 0.889813 270 0.013500
89 0.899801 228 0.011400
90 0.909789 218 0.010900
91 0.919777 298 0.014900
92 0.929765 217 0.010850
93 0.939753 148 0.007400
94 0.949741 67 0.003350
95 0.959728 32 0.001600
96 0.969716 43 0.002150
97 0.979704 12 0.000600
98 0.989692 10 0.000500
99 0.999680 1 0.000050
