0 0.060805 2 0.000100
1 0.069977 15 0.000750
2 0.079149 0 0.000000
3 0.088321 0 0.000000
4 0.097493 0 0.000000
5 0.106665 12 0.000600
6 0.115837 0 0.000000
7 0.125009 7 0.000350
8 0.134181 0 0.000000
9 0.143353 0 0.000000
10 0.152525 0 0.000000
11 0.161697 0 0.000000
12 0.170869 0 0.000000
13 0.180041 0 0.000000
14 0.189213 0 0.000000
15 0.198385 0 0.000000
16 0.207557 0 0.000000
17 0.216729 0 0.000000
18 0.225901 0 0.000000
19 0.235072 4 0.000200
20 0.244244 0 0.000000
21 0.253416 0 0.000000
22 0.262588 7 0.000350
23 0.271760 4 0.000200
24 0.280932 0 0.000000
25 0.290104 22 0.001100
26 0.299276 15 0.000750
27 0.308448 8 0.000400
28 0.317620 188 0.009400
29 0.326792 279 0.013950
30 0.335964 2 0.000100
31 0.345136 94 0.004700
32 0.354308 16 0.000800
33 0.363480 4 0.000200
34 0.372652 2 0.000100
35 0.381824 5 0.000250
36 0.390996 221 0.011050
37 0.400168 0 0.000000
38 0.409339 203 0.010150
39 0.418511 0 0.000000
40 0.427683 0 0.000000
41 0.436855 0 0.000000
42 0.446027 0 0.000000
43 0.455199 2 0.000100
44 0.464371 11 0.000550
45 0.473543 0 0.000000
46 0.482715 14 0.000700
47 0.491887 37 0.001850
48 0.501059 24 0.001200
49 0.510231 64 0.003200
50 0.519403 38 0.001900
51 0.528575 37 0.001850
52 0.537747 89 0.004450
53 0.546919 86 0.004300
54 0.556091 251 0.012550
55 0.565263 472 0.023600
56 0.574435 625 0.031250
57 0.583606 1021 0.051050
58 0.592778 3395 0.169750
59 0.601950 1631 0.081550
60 0.611122 1276 0.063800
61 0.620294 728 0.036400
62 0.629466 388 0.019400
63 0.638638 310 0.015500
64 0.647810 35 0.001750
65 0.656982 437 0.021850
66 0.666154 83 0.004150
67 0.675326 1396 0.069800
68 0.684498 94 0.004700
69 0.693670 372 0.018600
70 0.702842 241 0.012050
71 0.712014 52 0.002600
72 0.721186 70 0.003500
73 0.730358 268 0.013400
74 0.739530 320 0.016000
75 0.748702 709 0.035450
76 0.757873 516 0.025800
77 0.767045 623 0.031150
78 0.776217 776 0.038800
79 0.785389 281 0.014050
80 0.794561 88 0.004400
81 0.803733 1 0.000050
82 0.812905 27 0.001350
83 0.822077 374 0.018700
84 0.831249 83 0.004150
85 0.840421 38 0.001900
86 0.849593 90 0.004500
87 0.858765 226 0.011300
88 0.867937 189 0.009450
89 0.877109 103 0.005150
90 0.886281 109 0.005450
91 0.895453 163 0.008150
92 0.904625 185 0.009250
93 0.913797 71 0.003550
94 0.922969 119 0.005950
95 0.932140 54 0.002700
96 0.941312 133 0.006650
97 0.950484 39 0.001950
98 0.959656 22 0.001100
99 0.968828 4 0.000200
