0 0.012610 6 0.000300
1 0.022375 5 0.000250
2 0.032140 5 0.000250
3 0.041905 9 0.000450
4 0.051670 14 0.000700
5 0.061435 8 0.000400
6 0.071200 3 0.000150
7 0.080965 5 0.000250
8 0.090730 7 0.000350
9 0.100494 6 0.000300
10 0.110259 7 0.000350
11 0.120024 4 0.000200
12 0.129789 10 0.000500
13 0.139554 11 0.000550
14 0.149319 11 0.000550
15 0.159084 18 0.000900
16 0.168849 14 0.000700
17 0.178614 21 0.001050
18 0.188378 23 0.001150
19 0.198143 19 0.000950
20 0.207908 31 0.001550
21 0.217673 28 0.001400
22 0.227438 25 0.001250
23 0.237203 18 0.000900
24 0.246968 33 0.001650
25 0.256733 34 0.001700
26 0.266498 45 0.002250
27 0.276262 50 0.002500
28 0.286027 58 0.002900
29 0.295792 68 0.003400
30 0.305557 48 0.002400
31 0.315322 67 0.003350
32 0.325087 86 0.004300
33 0.334852 92 0.004600
34 0.344617 86 0.004300
35 0.354382 82 0.004100
36 0.364146 114 0.005700
37 0.373911 126 0.006300
38 0.383676 159 0.007950
39 0.393441 199 0.009950
40 0.403206 203 0.010150
41 0.412971 264 0.013200
42 0.422736 281 0.014050
43 0.432501 349 0.017450
44 0.442266 391 0.019550
45 0.452030 524 0.026200
46 0.461795 750 0.037500
47 0.471560 1016 0.050800
48 0.481325 1829 0.091450
49 0.491090 3219 0.160950
50 0.500855 2825 0.141250
51 0.510620 1596 0.079800
52 0.520385 971 0.048550
53 0.530150 627 0.031350
54 0.539914 430 0.021500
55 0.549679 341 0.017050
56 0.559444 373 0.018650
57 0.569209 299 0.014950
58 0.578974 311 0.015550
59 0.588739 162 0.008100
60 0.598504 164 0.008200
61 0.608269 174 0.008700
62 0.618034 130 0.006500
63 0.627798 107 0.005350
64 0.637563 82 0.004100
65 0.647328 113 0.005650
66 0.657093 76 0.003800
67 0.666858 95 0.004750
68 0.676623 66 0.003300
69 0.686388 50 0.002500
70 0.696153 37 0.001850
71 0.705918 43 0.002150
72 0.715682 46 0.002300
73 0.725447 27 0.001350
74 0.735212 30 0.001500
75 0.744977 25 0.001250
76 0.754742 29 0.001450
77 0.764507 24 0.001200
78 0.774272 17 0.000850
79 0.784037 29 0.001450
80 0.793802 18 0.000900
81 0.803566 17 0.000850
82 0.813331 24 0.001200
83 0.823096 18 0.000900
84 0.832861 17 0.000850
85 0.842626 15 0.000750
86 0.852391 9 0.000450
87 0.862156 7 0.000350
88 0.871921 7 0.000350
89 0.881686 12 0.000600
90 0.891450 8 0.000400
91 0.901215 14 0.000700
92 0.910980 13 0.000650
93 0.920745 10 0.000500
94 0.930510 9 0.000450
95 0.940275 7 0.000350
96 0.950040 2 0.000100
97 0.959805 4 0.000200
98 0.969570 8 0.000400
99 0.979334 1 0.000050
