0 0.004892 7 0.000117
1 0.014940 7 0.000117
2 0.024988 12 0.000200
3 0.035037 6 0.000100
4 0.045085 16 0.000267
5 0.055133 17 0.000283
6 0.065182 11 0.000183
7 0.075230 8 0.000133
8 0.085279 7 0.000117
9 0.095327 16 0.000267
10 0.105375 11 0.000183
11 0.115424 9 0.000150
12 0.125472 9 0.000150
13 0.135520 13 0.000217
14 0.145569 14 0.000233
15 0.155617 28 0.000467
16 0.165665 16 0.000267
17 0.175714 19 0.000317
18 0.185762 29 0.000483
19 0.195811 22 0.000367
20 0.205859 43 0.000717
21 0.215907 48 0.000800
22 0.225956 29 0.000483
23 0.236004 40 0.000667
24 0.246052 67 0.001117
25 0.256101 53 0.000883
26 0.266149 71 0.001183
27 0.276198 92 0.001533
28 0.286246 96 0.001600
29 0.296294 115 0.001917
30 0.306343 166 0.002767
31 0.316391 216 0.003600
32 0.326439 375 0.006250
33 0.336488 270 0.004500
34 0.346536 238 0.003967
35 0.356584 276 0.004600
36 0.366633 452 0.007533
37 0.376681 414 0.006900
38 0.386730 438 0.007300
39 0.396778 446 0.007433
40 0.406826 628 0.010467
41 0.416875 911 0.015183
42 0.426923 1397 0.023283
43 0.436971 916 0.015267
44 0.447020 969 0.016150
45 0.457068 1343 0.022383
46 0.467117 2021 0.033683
47 0.477165 2140 0.035667
48 0.487213 3756 0.062600
49 0.497262 7522 0.125367
50 0.507310 2981 0.049683
51 0.517358 2208 0.036800
52 0.527407 2266 0.037767
53 0.537455 1425 0.023750
54 0.547503 1301 0.021683
55 0.557552 1411 0.023517
56 0.567600 1928 0.032133
57 0.577649 2579 0.042983
58 0.587697 3343 0.055717
59 0.597745 2447 0.040783
60 0.607794 1471 0.024517
61 0.617842 1249 0.020817
62 0.627890 965 0.016083
63 0.637939 543 0.009050
64 0.647987 518 0.008633
65 0.658036 449 0.007483
66 0.668084 439 0.007317
67 0.678132 300 0.005000
68 0.688181 270 0.004500
69 0.698229 213 0.003550
70 0.708277 199 0.003317
71 0.718326 195 0.003250
72 0.728374 166 0.002767
73 0.738423 218 0.003633
74 0.748471 164 0.002733
75 0.758519 171 0.002850
76 0.768568 198 0.003300
77 0.778616 193 0.003217
78 0.788664 203 0.003383
79 0.798713 162 0.002700
80 0.808761 192 0.003200
81 0.818809 221 0.003683
82 0.828858 212 0.003533
83 0.838906 234 0.003900
84 0.848955 318 0.005300
85 0.859003 438 0.007300
86 0.869051 337 0.005617
87 0.879100 418 0.006967
88 0.889148 272 0.004533
89 0.899196 241 0.004017
90 0.909245 239 0.003983
91 0.919293 301 0.005017
92 0.929341 234 0.003900
93 0.939390 160 0.002667
94 0.949438 71 0.001183
95 0.959487 37 0.000617
96 0.969535 52 0.000867
97 0.979583 12 0.000200
98 0.989632 10 0.000167
99 0.999680 1 0.000017
