0 0.463584 7 0.000350
1 0.464634 0 0.000000
2 0.465684 0 0.000000
3 0.466734 4 0.000200
4 0.467783 0 0.000000
5 0.468833 0 0.000000
6 0.469883 12 0.000600
7 0.470932 0 0.000000
8 0.471982 9 0.000450
9 0.473032 34 0.001700
10 0.474081 0 0.000000
11 0.475131 7 0.000350
12 0.476181 0 0.000000
13 0.477230 12 0.000600
14 0.478280 6 0.000300
15 0.479330 25 0.001250
16 0.480379 16 0.000800
17 0.481429 21 0.001050
18 0.482479 0 0.000000
19 0.483528 8 0.000400
20 0.484578 14 0.000700
21 0.485628 77 0.003850
22 0.486677 37 0.001850
23 0.487727 7 0.000350
24 0.488777 82 0.004100
25 0.489826 0 0.000000
26 0.490876 69 0.003450
27 0.491926 19 0.000950
28 0.492975 63 0.003150
29 0.494025 213 0.010650
30 0.495075 14 0.000700
31 0.496124 91 0.004550
32 0.497174 119 0.005950
33 0.498224 86 0.004300
34 0.499273 75 0.003750
35 0.500323 142 0.007100
36 0.501373 504 0.025200
37 0.502422 102 0.005100
38 0.503472 768 0.038400
39 0.504522 444 0.022200
40 0.505571 348 0.017400
41 0.506621 1181 0.059050
42 0.507671 959 0.047950
43 0.508720 2140 0.107000
44 0.509770 3671 0.183550
45 0.510820 1876 0.093800
46 0.511869 1379 0.068950
47 0.512919 941 0.047050
48 0.513969 1335 0.066750
49 0.515018 422 0.021100
50 0.516068 255 0.012750
51 0.517118 669 0.033450
52 0.518167 144 0.007200
53 0.519217 158 0.007900
54 0.520267 291 0.014550
55 0.521317 113 0.005650
56 0.522366 108 0.005400
57 0.523416 72 0.003600
58 0.524466 211 0.010550
59 0.525515 60 0.003000
60 0.526565 47 0.002350
61 0.527615 40 0.002000
62 0.528664 14 0.000700
63 0.529714 22 0.001100
64 0.530764 65 0.003250
65 0.531813 19 0.000950
66 0.532863 211 0.010550
67 0.533913 26 0.001300
68 0.534962 0 0.000000
69 0.536012 0 0.000000
70 0.537062 25 0.001250
71 0.538111 0 0.000000
72 0.539161 6 0.000300
73 0.540211 0 0.000000
74 0.541260 12 0.000600
75 0.542310 0 0.000000
76 0.543360 0 0.000000
77 0.544409 1 0.000050
78 0.545459 9 0.000450
79 0.546509 0 0.000000
80 0.547558 31 0.001550
81 0.548608 9 0.000450
82 0.549658 0 0.000000
83 0.550707 2 0.000100
84 0.551757 4 0.000200
85 0.552807 0 0.000000
86 0.553856 0 0.000000
87 0.554906 0 0.000000
88 0.555956 1 0.000050
89 0.557005 0 0.000000
90 0.558055 0 0.000000
91 0.559105 4 0.000200
92 0.560154 1 0.000050
93 0.561204 2 0.000100
94 0.562254 0 0.000000
95 0.563303 18 0.000900
96 0.564353 0 0.000000
97 0.565403 0 0.000000
98 0.566452 5 0.000250
99 0.567502 6 0.000300
