0 0.192159 5 0.000250
1 0.198720 0 0.000000
2 0.205281 3 0.000150
3 0.211843 0 0.000000
4 0.218404 0 0.000000
5 0.224966 0 0.000000
6 0.231527 0 0.000000
7 0.238089 0 0.000000
8 0.244650 9 0.000450
9 0.251211 0 0.000000
10 0.257773 0 0.000000
11 0.264334 0 0.000000
12 0.270896 0 0.000000
13 0.277457 0 0.000000
14 0.284018 0 0.000000
15 0.290580 0 0.000000
16 0.297141 0 0.000000
17 0.303703 357 0.017850
18 0.310264 0 0.000000
19 0.316826 0 0.000000
20 0.323387 37 0.001850
21 0.329948 6 0.000300
22 0.336510 349 0.017450
23 0.343071 3 0.000150
24 0.349633 0 0.000000
25 0.356194 24 0.001200
26 0.362755 0 0.000000
27 0.369317 359 0.017950
28 0.375878 296 0.014800
29 0.382440 144 0.007200
30 0.389001 42 0.002100
31 0.395563 25 0.001250
32 0.402124 230 0.011500
33 0.408685 287 0.014350
34 0.415247 157 0.007850
35 0.421808 394 0.019700
36 0.428370 446 0.022300
37 0.434931 93 0.004650
38 0.441492 288 0.014400
39 0.448054 648 0.032400
40 0.454615 371 0.018550
41 0.461177 177 0.008850
42 0.467738 283 0.014150
43 0.474300 273 0.013650
44 0.480861 733 0.036650
45 0.487422 404 0.020200
46 0.493984 1049 0.052450
47 0.500545 3871 0.193550
48 0.507107 1531 0.076550
49 0.513668 617 0.030850
50 0.520230 437 0.021850
51 0.526791 888 0.044400
52 0.533352 849 0.042450
53 0.539914 451 0.022550
54 0.546475 442 0.022100
55 0.553037 155 0.007750
56 0.559598 91 0.004550
57 0.566159 143 0.007150
58 0.572721 462 0.023100
59 0.579282 43 0.002150
60 0.585844 25 0.001250
61 0.592405 367 0.018350
62 0.598967 44 0.002200
63 0.605528 481 0.024050
64 0.612089 2 0.000100
65 0.618651 44 0.002200
66 0.625212 114 0.005700
67 0.631774 488 0.024400
68 0.638335 59 0.002950
69 0.644897 342 0.017100
70 0.651458 0 0.000000
71 0.658019 151 0.007550
72 0.664581 0 0.000000
73 0.671142 74 0.003700
74 0.677704 3 0.000150
75 0.684265 0 0.000000
76 0.690826 279 0.013950
77 0.697388 2 0.000100
78 0.703949 31 0.001550
79 0.710511 0 0.000000
80 0.717072 0 0.000000
81 0.723634 0 0.000000
82 0.730195 0 0.000000
83 0.736756 0 0.000000
84 0.743318 0 0.000000
85 0.749879 0 0.000000
86 0.756441 0 0.000000
87 0.763002 6 0.000300
88 0.769563 0 0.000000
89 0.776125 0 0.000000
90 0.782686 0 0.000000
91 0.789248 0 0.000000
92 0.795809 0 0.000000
93 0.802371 0 0.000000
94 0.808932 0 0.000000
95 0.815493 0 0.000000
96 0.822055 10 0.000500
97 0.828616 0 0.000000
98 0.835178 3 0.000150
99 0.841739 3 0.000150
