0 0 0.000000 0.971841 0.126460 0.969358 0.124657
0 1 0.114943 0.973477 0.126314 0.972192 0.127202
0 2 0.229885 0.973222 0.127442 0.972215 0.127676
0 3 0.344828 0.972451 0.124654 0.969824 0.125661
0 4 0.459770 0.973230 0.126063 0.967768 0.126176
0 5 0.574713 0.972142 0.125731 0.968968 0.126218
0 6 0.689655 0.971363 0.126019 0.972009 0.126116
0 7 0.804598 0.972095 0.128435 0.970913 0.127483
0 8 0.919540 0.970913 0.127416 0.971300 0.125477
0 9 1.034483 0.970177 0.125762 0.973079 0.126421
0 10 1.149425 0.971065 0.125965 0.969569 0.125565
0 11 1.264368 0.972296 0.128470 0.973056 0.124732
0 12 1.379310 0.971316 0.126070 0.972604 0.127524
0 13 1.494253 0.971821 0.127151 0.969003 0.125086
0 14 1.609195 0.971632 0.125251 0.972081 0.127025
0 15 1.724138 0.967346 0.123777 0.970447 0.126679
0 16 1.839080 0.970411 0.125777 0.970768 0.125285
0 17 1.954023 0.969930 0.126210 0.969730 0.125386
0 18 2.068965 0.973707 0.128860 0.972000 0.126982
0 19 2.183908 0.975189 0.125605 0.972108 0.125810
0 20 2.298851 0.973647 0.126752 0.972592 0.125408
0 21 2.413793 0.974414 0.126895 0.974486 0.126156
0 22 2.528736 0.970991 0.126185 0.970542 0.126168
0 23 2.643678 0.974588 0.127782 0.971495 0.128242
0 24 2.758621 0.970091 0.125438 0.971448 0.126442
0 25 2.873563 0.971293 0.126709 0.972769 0.127500
0 26 2.988506 0.973310 0.126737 0.970370 0.126675
0 27 3.103448 0.969488 0.125698 0.972157 0.125736
0 28 3.218391 0.972355 0.126499 0.971753 0.127435
0 29 3.333333 0.972587 0.127277 0.970756 0.125423
0 30 3.448276 0.972501 0.126202 0.971636 0.126584
0 31 3.563218 0.970647 0.125387 0.969762 0.126530
0 32 3.678161 0.970270 0.126400 0.968078 0.125240
0 33 3.793103 0.972081 0.126757 0.969065 0.124997
0 34 3.908046 0.971489 0.126988 0.973284 0.128266
0 35 4.022988 0.971154 0.126562 0.971083 0.125517
0 36 4.137931 0.970505 0.127477 0.969605 0.125859
0 37 4.252873 0.973950 0.128895 0.969161 0.127453
0 38 4.367816 0.971987 0.125466 0.969422 0.126586
0 39 4.482759 0.968844 0.126198 0.973016 0.128330
0 40 4.597701 0.972128 0.128054 0.971389 0.126930
0 41 4.712644 0.970398 0.127068 0.969861 0.124121
0 42 4.827586 0.970364 0.126899 0.967087 0.126262
0 43 4.942529 0.971666 0.127282 0.969744 0.124382
0 44 5.057471 0.971716 0.127646 0.971630 0.127207
0 45 5.172414 0.971675 0.125896 0.970665 0.125883
0 46 5.287356 0.972453 0.126477 0.970416 0.127031
0 47 5.402299 0.971973 0.125571 0.974372 0.126632
0 48 5.517241 0.972921 0.125835 0.971163 0.125920
0 49 5.632184 0.971742 0.128316 0.968608 0.124154
0 50 5.747127 0.970860 0.127838 0.972939 0.126058
0 51 5.862069 0.969103 0.125815 0.972994 0.125783
0 52 5.977012 0.971843 0.128216 0.973440 0.127498
0 53 6.091954 0.972796 0.126615 0.970957 0.126256
0 54 6.206897 0.971632 0.125256 0.972142 0.125729
0 55 6.321839 0.969609 0.125819 0.972688 0.128047
0 56 6.436781 0.968637 0.125966 0.972152 0.127161
0 57 6.551724 0.973454 0.126924 0.972775 0.125787
0 58 6.666667 0.974064 0.128143 0.971079 0.125800
0 59 6.781609 0.970694 0.126817 0.974664 0.127880
0 60 6.896552 0.972974 0.125393 0.969228 0.125744
0 61 7.011494 0.974592 0.126740 0.972808 0.127575
0 62 7.126437 0.975175 0.128214 0.971015 0.125137
0 63 7.241379 0.969389 0.126246 0.971436 0.126186
0 64 7.356322 0.971428 0.126490 0.969872 0.125177
0 65 7.471264 0.970406 0.126188 0.973734 0.126846
0 66 7.586207 0.971083 0.125718 0.969074 0.125297
0 67 7.701149 0.971257 0.127909 0.977166 0.128369
0 68 7.816092 0.971771 0.125994 0.968929 0.126728
0 69 7.931035 0.970540 0.126050 0.970523 0.126541
0 70 8.045977 0.973114 0.126836 0.971876 0.127458
0 71 8.160919 0.972831 0.125669 0.970831 0.126633
0 72 8.275862 0.970496 0.126822 0.972599 0.127155
0 73 8.390804 0.975127 0.127688 0.969749 0.125990
0 74 8.505747 0.971350 0.126012 0.972635 0.126631
0 75 8.620689 0.970360 0.127465 0.975622 0.127598
0 76 8.735632 0.970959 0.126725 0.971420 0.126787
0 77 8.850574 0.971802 0.127176 0.970289 0.126810
0 78 8.965517 0.971035 0.126181 0.970773 0.126872
0 79 9.080460 0.971415 0.125912 0.971087 0.125295
0 80 9.195402 0.973556 0.127770 0.973216 0.127064
0 81 9.310345 0.973565 0.126003 0.971729 0.125341
0 82 9.425287 0.970925 0.125734 0.970541 0.126500
0 83 9.540230 0.973723 0.125458 0.974975 0.128027
0 84 9.655172 0.973399 0.128025 0.972251 0.126602
0 85 9.770115 0.969382 0.126261 0.971139 0.126936
0 86 9.885057 0.974216 0.127612 0.972431 0.127458
1 0 10.000000 0.972706 0.126395 0.970368 0.127618
1 1 10.114943 0.970010 0.126910 0.969129 0.126586
1 2 10.229885 0.972152 0.126561 0.972975 0.128221
1 3 10.344828 0.972486 0.127183 0.972456 0.125696
1 4 10.459770 0.968782 0.125485 0.971134 0.126197
1 5 10.574713 0.969564 0.126286 0.972326 0.127418
1 6 10.689655 0.974181 0.126680 0.972061 0.126088
1 7 10.804598 0.971323 0.126675 0.968948 0.125566
1 8 10.919540 0.974426 0.127795 0.971134 0.125280
1 9 11.034483 0.972362 0.126904 0.969514 0.126748
1 10 11.149426 0.971740 0.127023 0.971024 0.125501
1 11 11.264368 0.972184 0.126278 0.973360 0.128198
1 12 11.379311 0.969613 0.126207 0.972890 0.127256
1 13 11.494253 0.975136 0.128363 0.972217 0.127028
1 14 11.609196 0.970813 0.126204 0.971187 0.125786
1 15 11.724138 0.969503 0.126475 0.972027 0.129053
1 16 11.839081 0.973870 0.127816 0.970398 0.125058
1 17 11.954023 0.973534 0.128398 0.969904 0.125234
1 18 12.068966 0.974791 0.127348 0.969904 0.127594
1 19 12.183908 0.969025 0.124940 0.970984 0.127456
1 20 12.298851 0.973196 0.127687 0.975056 0.127824
1 21 12.413794 0.971574 0.125405 0.970196 0.126472
1 22 12.528735 0.969703 0.127018 0.969053 0.124761
1 23 12.643678 0.970333 0.126464 0.972660 0.126260
1 24 12.758620 0.969452 0.126165 0.972770 0.126075
1 25 12.873563 0.972852 0.127792 0.972217 0.127775
1 26 12.988505 0.973267 0.126409 0.970305 0.125702
1 27 13.103448 0.971762 0.127178 0.972610 0.126471
1 28 13.218390 0.970110 0.124707 0.970764 0.125059
1 29 13.333333 0.970018 0.126509 0.972045 0.126734
1 30 13.448276 0.973670 0.126744 0.973007 0.126992
1 31 13.563218 0.973460 0.126640 0.971264 0.125174
1 32 13.678161 0.970878 0.127091 0.972958 0.126474
1 33 13.793103 0.969299 0.127512 0.971481 0.126645
1 34 13.908046 0.971729 0.126346 0.972062 0.127639
1 35 14.022988 0.971892 0.126548 0.971503 0.125046
1 36 14.137931 0.974481 0.126151 0.971057 0.125829
1 37 14.252873 0.969502 0.124524 0.970436 0.124855
1 38 14.367816 0.974006 0.126697 0.971125 0.127163
1 39 14.482759 0.970781 0.126418 0.971395 0.126781
1 40 14.597701 0.969926 0.126375 0.971613 0.126795
1 41 14.712644 0.970524 0.125850 0.969321 0.125002
1 42 14.827586 0.972407 0.127357 0.974377 0.126308
1 43 14.942529 0.971380 0.125704 0.972086 0.126585
1 44 15.057471 0.970880 0.126742 0.973022 0.125675
1 45 15.172414 0.971114 0.129045 0.974109 0.125222
1 46 15.287356 0.971360 0.127098 0.972710 0.125083
1 47 15.402299 0.971701 0.126017 0.971670 0.124736
1 48 15.517241 0.973148 0.126967 0.973039 0.126129
1 49 15.632184 0.971221 0.124567 0.973727 0.127440
1 50 15.747127 0.971231 0.125705 0.973062 0.126466
1 51 15.862069 0.969271 0.126713 0.969709 0.126170
1 52 15.977012 0.971207 0.125159 0.970106 0.126209
1 53 16.091953 0.973182 0.126688 0.968560 0.125042
1 54 16.206896 0.970093 0.126591 0.972520 0.126586
1 55 16.321838 0.973373 0.127984 0.971770 0.127670
1 56 16.436781 0.974513 0.126808 0.969009 0.124312
1 57 16.551723 0.972168 0.126833 0.970471 0.124090
1 58 16.666666 0.972528 0.126078 0.967050 0.124383
1 59 16.781609 0.972185 0.126448 0.972208 0.125527
1 60 16.896551 0.970586 0.124562 0.969937 0.125731
1 61 17.011494 0.973158 0.127199 0.972840 0.128349
1 62 17.126436 0.968475 0.125091 0.972545 0.126511
1 63 17.241379 0.970946 0.126235 0.971100 0.127158
1 64 17.356321 0.970249 0.126727 0.970650 0.124391
1 65 17.471264 0.972958 0.126594 0.970887 0.125317
1 66 17.586206 0.973419 0.127117 0.966930 0.123904
1 67 17.701149 0.969882 0.125180 0.970877 0.126668
1 68 17.816092 0.969721 0.127006 0.969462 0.127154
1 69 17.931034 0.968947 0.125142 0.971972 0.127168
1 70 18.045977 0.972822 0.126622 0.970135 0.126288
1 71 18.160919 0.973695 0.127910 0.972498 0.127336
1 72 18.275862 0.971789 0.125887 0.972093 0.127282
1 73 18.390804 0.970348 0.128129 0.971523 0.125591
1 74 18.505747 0.971747 0.125424 0.971283 0.127076
1 75 18.620689 0.970814 0.125815 0.972621 0.126377
1 76 18.735632 0.973073 0.127938 0.971336 0.125898
1 77 18.850574 0.971953 0.128267 0.973295 0.126421
1 78 18.965517 0.971001 0.126788 0.971645 0.125504
1 79 19.080460 0.971991 0.126866 0.969210 0.123918
1 80 19.195402 0.971312 0.124353 0.971700 0.124931
1 81 19.310345 0.971620 0.127237 0.972267 0.125376
1 82 19.425287 0.973409 0.125910 0.970917 0.125722
1 83 19.540230 0.969706 0.126211 0.971831 0.127309
1 84 19.655172 0.968403 0.125509 0.970760 0.126807
1 85 19.770115 0.973851 0.128164 0.972062 0.127500
1 86 19.885057 0.971757 0.126465 0.970140 0.124479
2 0 20.000000 0.972114 0.124618 0.972211 0.127515
2 1 20.114943 0.970906 0.124751 0.971399 0.125758
2 2 20.229885 0.971931 0.125303 0.971859 0.125601
2 3 20.344828 0.970483 0.124940 0.971658 0.126181
2 4 20.459770 0.971259 0.126705 0.971533 0.125834
2 5 20.574713 0.974209 0.127481 0.970816 0.126184
2 6 20.689655 0.971904 0.127011 0.972718 0.126726
2 7 20.804598 0.972557 0.126918 0.970989 0.126771
2 8 20.919540 0.969505 0.127663 0.973307 0.127415
2 9 21.034483 0.973827 0.127094 0.970840 0.126868
2 10 21.149426 0.972099 0.126965 0.970701 0.125295
2 11 21.264368 0.969266 0.125654 0.970861 0.126297
2 12 21.379311 0.973225 0.125842 0.969744 0.126244
2 13 21.494253 0.972945 0.127424 0.972803 0.125936
2 14 21.609196 0.973710 0.125639 0.973252 0.126584
2 15 21.724138 0.971682 0.127043 0.971765 0.126286
2 16 21.839081 0.972860 0.126169 0.970698 0.126373
2 17 21.954023 0.971480 0.127589 0.970755 0.125576
2 18 22.068966 0.971710 0.126400 0.972789 0.127465
2 19 22.183908 0.974227 0.126794 0.972469 0.126114
2 20 22.298851 0.972402 0.125601 0.969073 0.125081
2 21 22.413794 0.971327 0.126443 0.970653 0.126206
2 22 22.528736 0.971959 0.127041 0.969877 0.124442
2 23 22.643679 0.968264 0.125179 0.970195 0.125057
2 24 22.758621 0.972672 0.126916 0.970695 0.125418
2 25 22.873564 0.972315 0.125916 0.969899 0.125053
2 26 22.988506 0.971719 0.125931 0.972257 0.127080
2 27 23.103449 0.970086 0.126767 0.972459 0.126147
2 28 23.218391 0.972950 0.126273 0.972718 0.127175
2 29 23.333334 0.972128 0.127335 0.971528 0.126655
2 30 23.448277 0.971234 0.126651 0.970085 0.125847
2 31 23.563219 0.967985 0.124406 0.973525 0.128717
2 32 23.678162 0.969296 0.125541 0.971819 0.125488
2 33 23.793104 0.968100 0.125403 0.975402 0.128372
2 34 23.908047 0.970237 0.126112 0.969551 0.126228
2 35 24.022989 0.971789 0.125912 0.970597 0.125715
2 36 24.137932 0.971139 0.125952 0.971591 0.125910
2 37 24.252874 0.973413 0.127762 0.970906 0.126063
2 38 24.367817 0.974313 0.126015 0.970475 0.124594
2 39 24.482759 0.973046 0.126603 0.974014 0.127910
2 40 24.597702 0.973665 0.126135 0.972687 0.127667
2 41 24.712645 0.972806 0.128266 0.973158 0.126576
2 42 24.827587 0.969336 0.125550 0.970458 0.127558
2 43 24.942530 0.970380 0.127517 0.971694 0.126713
2 44 25.057470 0.971573 0.126692 0.971226 0.127589
2 45 25.172413 0.968801 0.126765 0.971444 0.127975
2 46 25.287355 0.972233 0.127461 0.971106 0.126710
2 47 25.402298 0.970344 0.125783 0.970725 0.126261
2 48 25.517241 0.971639 0.127049 0.971815 0.127012
2 49 25.632183 0.971626 0.125860 0.973611 0.127677
2 50 25.747126 0.970205 0.125912 0.973026 0.126376
2 51 25.862068 0.972683 0.126254 0.973632 0.125762
2 52 25.977011 0.974169 0.126826 0.969391 0.124712
2 53 26.091953 0.971614 0.125991 0.971487 0.125755
2 54 26.206896 0.970213 0.126279 0.970914 0.125281
2 55 26.321838 0.972100 0.127482 0.972116 0.127193
2 56 26.436781 0.975548 0.127129 0.970531 0.125970
2 57 26.551723 0.970038 0.125016 0.971806 0.126044
2 58 26.666666 0.970314 0.125373 0.972976 0.128456
2 59 26.781609 0.973411 0.127105 0.972292 0.126921
2 60 26.896551 0.971185 0.126866 0.970506 0.126519
2 61 27.011494 0.974506 0.128136 0.972134 0.126903
2 62 27.126436 0.971033 0.125416 0.970992 0.125929
2 63 27.241379 0.972863 0.127474 0.969847 0.125373
2 64 27.356321 0.973365 0.126278 0.969606 0.126784
2 65 27.471264 0.970577 0.125489 0.970614 0.127860
2 66 27.586206 0.970637 0.125207 0.971632 0.127804
2 67 27.701149 0.968691 0.125851 0.972942 0.127372
2 68 27.816092 0.969891 0.124626 0.971183 0.126470
2 69 27.931034 0.969673 0.126766 0.974140 0.127323
2 70 28.045977 0.967518 0.125995 0.972591 0.125716
2 71 28.160919 0.973062 0.126446 0.969475 0.125588
2 72 28.275862 0.972297 0.127871 0.972312 0.128484
2 73 28.390804 0.971424 0.127120 0.970634 0.126235
2 74 28.505747 0.970692 0.125888 0.976006 0.126516
2 75 28.620689 0.972705 0.126278 0.969727 0.125073
2 76 28.735632 0.970944 0.126888 0.972174 0.123751
2 77 28.850574 0.970496 0.125654 0.971481 0.126121
2 78 28.965517 0.970924 0.125194 0.969858 0.125815
2 79 29.080460 0.972446 0.127275 0.973381 0.126735
2 80 29.195402 0.971008 0.126645 0.971131 0.125105
2 81 29.310345 0.971801 0.127174 0.969546 0.124924
2 82 29.425287 0.970535 0.127092 0.971891 0.126792
2 83 29.540230 0.970061 0.126191 0.973304 0.126214
2 84 29.655172 0.970029 0.124660 0.970699 0.126864
2 85 29.770115 0.972629 0.128423 0.970479 0.125510
2 86 29.885057 0.972113 0.124930 0.970262 0.126545
3 0 30.000000 0.971678 0.125445 0.972913 0.127161
3 1 30.114943 0.970813 0.127132 0.970058 0.126144
3 2 30.229885 0.969924 0.125339 0.972938 0.126095
3 3 30.344828 0.974047 0.125542 0.968487 0.125301
3 4 30.459770 0.970126 0.127073 0.970228 0.126975
3 5 30.574713 0.969362 0.126189 0.971815 0.127170
3 6 30.689655 0.970849 0.126112 0.970058 0.125497
3 7 30.804598 0.969624 0.125983 0.971580 0.127479
3 8 30.919540 0.970534 0.126997 0.970267 0.125967
3 9 31.034483 0.970144 0.127386 0.969766 0.123852
3 10 31.149426 0.969765 0.124692 0.971646 0.125417
3 11 31.264368 0.969296 0.126255 0.968703 0.125657
3 12 31.379311 0.971714 0.127798 0.970854 0.126415
3 13 31.494253 0.972874 0.126213 0.971599 0.127047
3 14 31.609196 0.968472 0.127101 0.972474 0.128671
3 15 31.724138 0.970971 0.126018 0.969896 0.126068
3 16 31.839081 0.974496 0.126695 0.971778 0.125825
3 17 31.954023 0.973877 0.125846 0.970648 0.126595
3 18 32.068966 0.971865 0.125912 0.971186 0.125845
3 19 32.183907 0.970740 0.128407 0.971321 0.126429
3 20 32.298851 0.971705 0.126273 0.968653 0.126171
3 21 32.413792 0.973793 0.127633 0.974598 0.127884
3 22 32.528736 0.971039 0.127056 0.971017 0.126375
3 23 32.643677 0.971672 0.128443 0.971152 0.126124
3 24 32.758621 0.972409 0.127149 0.967943 0.125250
3 25 32.873562 0.969936 0.124160 0.968439 0.126116
3 26 32.988506 0.972209 0.126887 0.970867 0.126252
3 27 33.103447 0.969803 0.126957 0.971384 0.125706
3 28 33.218391 0.970511 0.125264 0.972569 0.125986
3 29 33.333332 0.972312 0.125089 0.972906 0.127919
3 30 33.448277 0.971151 0.126595 0.971328 0.126018
3 31 33.563217 0.973813 0.125359 0.973205 0.126590
3 32 33.678162 0.969678 0.125420 0.972744 0.127872
3 33 33.793102 0.971040 0.126356 0.972171 0.127106
3 34 33.908047 0.972379 0.124999 0.972429 0.126041
3 35 34.022987 0.969692 0.125918 0.969760 0.124940
3 36 34.137932 0.970692 0.126901 0.972728 0.127239
3 37 34.252872 0.973035 0.126515 0.970746 0.125604
3 38 34.367817 0.968546 0.125759 0.972906 0.125819
3 39 34.482758 0.972001 0.126873 0.969872 0.126664
3 40 34.597702 0.972038 0.126651 0.971536 0.126347
3 41 34.712643 0.970019 0.126353 0.971160 0.126700
3 42 34.827587 0.971743 0.127563 0.972838 0.128602
3 43 34.942528 0.972301 0.126767 0.971290 0.126318
3 44 35.057472 0.969511 0.126570 0.971278 0.126445
3 45 35.172413 0.970779 0.126585 0.971020 0.126217
3 46 35.287357 0.971185 0.126290 0.968270 0.124988
3 47 35.402298 0.972999 0.126003 0.971427 0.127417
3 48 35.517242 0.970977 0.125397 0.969888 0.124903
3 49 35.632183 0.970018 0.124921 0.971439 0.125616
3 50 35.747128 0.972123 0.126835 0.971606 0.126779
3 51 35.862068 0.971035 0.126320 0.970799 0.125807
3 52 35.977013 0.970655 0.125527 0.970765 0.126782
3 53 36.091953 0.972345 0.126991 0.971346 0.125893
3 54 36.206898 0.969637 0.125507 0.972674 0.127359
3 55 36.321838 0.973026 0.127349 0.968532 0.126137
3 56 36.436783 0.972787 0.128104 0.969072 0.126149
3 57 36.551723 0.969375 0.125998 0.973140 0.127109
3 58 36.666668 0.970104 0.124239 0.970345 0.124816
3 59 36.781609 0.971531 0.126513 0.968756 0.125838
3 60 36.896553 0.971045 0.126299 0.972140 0.127069
3 61 37.011494 0.971635 0.127023 0.968742 0.124477
3 62 37.126438 0.973507 0.125657 0.970826 0.126715
3 63 37.241379 0.973157 0.127733 0.974643 0.127179
3 64 37.356323 0.972223 0.126185 0.971949 0.126941
3 65 37.471264 0.972449 0.128407 0.973919 0.128297
3 66 37.586208 0.969406 0.126590 0.968812 0.125155
3 67 37.701149 0.971811 0.125793 0.971387 0.128540
3 68 37.816093 0.972783 0.125371 0.970898 0.127303
3 69 37.931034 0.972208 0.126437 0.969898 0.126427
3 70 38.045979 0.972732 0.126842 0.969403 0.125652
3 71 38.160919 0.972428 0.127960 0.971150 0.126644
3 72 38.275864 0.972231 0.127782 0.971060 0.126464
3 73 38.390804 0.973468 0.126189 0.970574 0.126506
3 74 38.505749 0.973230 0.127589 0.971490 0.126151
3 75 38.620689 0.974392 0.126571 0.969965 0.125997
3 76 38.735634 0.972628 0.127616 0.973954 0.126895
3 77 38.850574 0.969841 0.126251 0.971415 0.127436
3 78 38.965519 0.969542 0.124676 0.969306 0.126433
3 79 39.080460 0.972747 0.126628 0.974283 0.126803
3 80 39.195404 0.972817 0.127858 0.969101 0.125322
3 81 39.310345 0.973233 0.128284 0.971654 0.127206
3 82 39.425289 0.970768 0.125123 0.973189 0.125222
3 83 39.540230 0.974058 0.126511 0.970069 0.127690
3 84 39.655174 0.970449 0.124517 0.970465 0.126437
3 85 39.770115 0.972671 0.127560 0.972338 0.126042
3 86 39.885059 0.971370 0.128031 0.972082 0.126303
4 0 40.000000 0.970966 0.126371 0.970995 0.127051
4 1 40.114941 0.968093 0.125347 0.971178 0.126919
4 2 40.229885 0.971926 0.127806 0.969278 0.127442
4 3 40.344826 0.970585 0.127238 0.970070 0.125911
4 4 40.459770 0.972870 0.125912 0.971058 0.126169
4 5 40.574711 0.974323 0.127166 0.967198 0.125442
4 6 40.689655 0.971465 0.126845 0.973415 0.127680
4 7 40.804596 0.970273 0.127730 0.971500 0.126548
4 8 40.919540 0.969823 0.125391 0.968973 0.125373
4 9 41.034481 0.972488 0.126541 0.973523 0.128041
4 10 41.149426 0.971995 0.127187 0.971402 0.128083
4 11 41.264366 0.971119 0.125843 0.972030 0.125964
4 12 41.379311 0.971107 0.126902 0.968434 0.124690
4 13 41.494251 0.973218 0.128194 0.972491 0.126371
4 14 41.609196 0.972515 0.126284 0.971607 0.125984
4 15 41.724136 0.970994 0.126719 0.970924 0.127772
4 16 41.839081 0.970811 0.125943 0.970152 0.126230
4 17 41.954021 0.973067 0.126471 0.972236 0.125530
4 18 42.068966 0.974846 0.128698 0.973969 0.127147
4 19 42.183907 0.973795 0.126714 0.969143 0.127160
4 20 42.298851 0.971604 0.125908 0.972526 0.127421
4 21 42.413792 0.971781 0.126191 0.969825 0.126072
4 22 42.528736 0.974170 0.126205 0.969608 0.126972
4 23 42.643677 0.971175 0.125240 0.972029 0.125782
4 24 42.758621 0.972037 0.127423 0.972075 0.125332
4 25 42.873562 0.970363 0.127028 0.971643 0.124331
4 26 42.988506 0.969395 0.124982 0.970198 0.125693
4 27 43.103447 0.970466 0.126790 0.969952 0.126535
4 28 43.218391 0.971622 0.128547 0.970469 0.125348
4 29 43.333332 0.970314 0.125684 0.969041 0.127363
4 30 43.448277 0.970832 0.127238 0.972207 0.125901
4 31 43.563217 0.970675 0.126639 0.972617 0.127537
4 32 43.678162 0.970578 0.125119 0.971717 0.125730
4 33 43.793102 0.971721 0.126287 0.972946 0.125667
4 34 43.908047 0.974297 0.128396 0.971481 0.126227
4 35 44.022987 0.973693 0.127335 0.974433 0.126631
4 36 44.137932 0.972993 0.126753 0.969927 0.125840
4 37 44.252872 0.973764 0.124694 0.971481 0.127957
4 38 44.367817 0.971372 0.126564 0.973366 0.126604
4 39 44.482758 0.969130 0.125303 0.969725 0.124233
4 40 44.597702 0.969394 0.126534 0.970109 0.125922
4 41 44.712643 0.971909 0.126710 0.968442 0.125446
4 42 44.827587 0.970118 0.125894 0.971668 0.127089
4 43 44.942528 0.969053 0.125624 0.970639 0.125466
4 44 45.057472 0.970487 0.125905 0.972691 0.127015
4 45 45.172413 0.971512 0.128015 0.972239 0.126106
4 46 45.287357 0.971105 0.126771 0.971742 0.126399
4 47 45.402298 0.971349 0.128313 0.972125 0.125867
4 48 45.517242 0.973131 0.125386 0.971499 0.126836
4 49 45.632183 0.971264 0.125596 0.973184 0.127324
4 50 45.747128 0.970870 0.126937 0.970442 0.126951
4 51 45.862068 0.971767 0.125294 0.971531 0.126983
4 52 45.977013 0.971648 0.126510 0.973197 0.126933
4 53 46.091953 0.969008 0.126853 0.970016 0.125523
4 54 46.206898 0.971562 0.125579 0.972054 0.126414
4 55 46.321838 0.971838 0.126458 0.972430 0.127177
4 56 46.436783 0.971602 0.126625 0.973772 0.127289
4 57 46.551723 0.970732 0.126303 0.970830 0.126134
4 58 46.666668 0.976410 0.126906 0.972248 0.125883
4 59 46.781609 0.971893 0.126921 0.973455 0.126726
4 60 46.896553 0.972136 0.124823 0.972320 0.125785
4 61 47.011494 0.972564 0.126840 0.973505 0.126907
4 62 47.126438 0.970579 0.125260 0.973239 0.127133
4 63 47.241379 0.971191 0.126486 0.972348 0.125422
4 64 47.356323 0.971863 0.126074 0.973567 0.128290
4 65 47.471264 0.971640 0.126604 0.972922 0.127160
4 66 47.586208 0.970237 0.125186 0.974166 0.127398
4 67 47.701149 0.968636 0.125102 0.969982 0.125447
4 68 47.816093 0.968895 0.127434 0.970486 0.124582
4 69 47.931034 0.973827 0.127246 0.970571 0.126231
4 70 48.045979 0.972628 0.125875 0.972199 0.126200
4 71 48.160919 0.971771 0.125231 0.973606 0.127562
4 72 48.275864 0.972806 0.127070 0.969997 0.126075
4 73 48.390804 0.970676 0.125237 0.974026 0.127699
4 74 48.505749 0.973778 0.124854 0.973043 0.127695
4 75 48.620689 0.971672 0.125337 0.972122 0.128505
4 76 48.735634 0.971946 0.126466 0.974571 0.128147
4 77 48.850574 0.971150 0.124737 0.971270 0.126564
4 78 48.965519 0.974234 0.125944 0.972596 0.126256
4 79 49.080460 0.970414 0.125377 0.971380 0.126771
4 80 49.195404 0.971853 0.125134 0.970739 0.125382
4 81 49.310345 0.969203 0.127531 0.971397 0.127689
4 82 49.425289 0.971947 0.125831 0.972500 0.128119
4 83 49.540230 0.974652 0.127395 0.972751 0.127641
4 84 49.655174 0.972466 0.127998 0.971472 0.127189
4 85 49.770115 0.971976 0.127229 0.969664 0.125368
4 86 49.885059 0.970307 0.126349 0.973529 0.128082
5 0 50.000000 0.972018 0.125881 0.971272 0.126949
5 1 50.114941 0.972540 0.126512 0.973739 0.127630
5 2 50.229885 0.970834 0.126464 0.970470 0.125166
5 3 50.344826 0.970412 0.126032 0.974311 0.128189
5 4 50.459770 0.971062 0.125916 0.970627 0.125812
5 5 50.574711 0.972314 0.127128 0.972791 0.125862
5 6 50.689655 0.970076 0.125459 0.970265 0.125121
5 7 50.804596 0.971687 0.127000 0.972034 0.125987
5 8 50.919540 0.975006 0.128019 0.970847 0.125911
5 9 51.034481 0.971185 0.125565 0.969458 0.125981
5 10 51.149426 0.969089 0.124821 0.975640 0.126953
5 11 51.264366 0.970944 0.125908 0.970063 0.127557
5 12 51.379311 0.969880 0.126858 0.969798 0.124672
5 13 51.494251 0.971802 0.126645 0.973096 0.125652
5 14 51.609196 0.971112 0.125732 0.973077 0.126911
5 15 51.724136 0.973051 0.127417 0.971600 0.125887
5 16 51.839081 0.972477 0.128612 0.968998 0.126147
5 17 51.954021 0.975555 0.128061 0.973512 0.128273
5 18 52.068966 0.970194 0.126441 0.970918 0.125548
5 19 52.183907 0.969773 0.125709 0.971353 0.125354
5 20 52.298851 0.971877 0.126296 0.972508 0.126404
5 21 52.413792 0.972377 0.126141 0.971642 0.125528
5 22 52.528736 0.968549 0.125298 0.971125 0.126720
5 23 52.643677 0.971914 0.126149 0.971679 0.128221
5 24 52.758621 0.967851 0.125894 0.974561 0.128005
5 25 52.873562 0.972429 0.127812 0.974916 0.128133
5 26 52.988506 0.971404 0.126262 0.974019 0.127000
5 27 53.103447 0.971299 0.126553 0.973098 0.127486
5 28 53.218391 0.972885 0.127877 0.972396 0.126912
5 29 53.333332 0.971085 0.125316 0.971751 0.127433
5 30 53.448277 0.975154 0.128480 0.968864 0.126036
5 31 53.563217 0.973947 0.127146 0.970106 0.125626
5 32 53.678162 0.971939 0.127179 0.970637 0.126103
5 33 53.793102 0.970589 0.126202 0.970310 0.125812
5 34 53.908047 0.970251 0.125312 0.972429 0.126301
5 35 54.022987 0.970984 0.126600 0.971742 0.125880
5 36 54.137932 0.973541 0.127857 0.972216 0.127251
5 37 54.252872 0.973579 0.127958 0.970701 0.125011
5 38 54.367817 0.972315 0.126298 0.970461 0.126146
5 39 54.482758 0.970377 0.127049 0.969603 0.125859
5 40 54.597702 0.971774 0.125910 0.973799 0.126378
5 41 54.712643 0.972414 0.126767 0.973035 0.126735
5 42 54.827587 0.968177 0.124822 0.970524 0.125327
5 43 54.942528 0.973728 0.127099 0.970627 0.126871
5 44 55.057472 0.968377 0.126413 0.970712 0.126005
5 45 55.172413 0.973151 0.126204 0.971115 0.126265
5 46 55.287357 0.969456 0.125439 0.972040 0.126607
5 47 55.402298 0.973151 0.126760 0.972543 0.125463
5 48 55.517242 0.970034 0.127273 0.970015 0.124929
5 49 55.632183 0.971148 0.125393 0.971947 0.125170
5 50 55.747128 0.971505 0.125617 0.968760 0.126356
5 51 55.862068 0.970953 0.125868 0.970674 0.125479
5 52 55.977013 0.969489 0.127081 0.971804 0.127000
5 53 56.091953 0.972984 0.126017 0.972203 0.125234
5 54 56.206898 0.970777 0.127326 0.970753 0.126736
5 55 56.321838 0.970330 0.126073 0.970712 0.125694
5 56 56.436783 0.970454 0.127310 0.973906 0.126033
5 57 56.551723 0.970461 0.124859 0.970988 0.127598
5 58 56.666668 0.970399 0.125926 0.971232 0.124997
5 59 56.781609 0.968800 0.124987 0.970659 0.126721
5 60 56.896553 0.973082 0.126254 0.970970 0.127625
5 61 57.011494 0.971985 0.127228 0.970826 0.125091
5 62 57.126438 0.972988 0.126494 0.973076 0.125863
5 63 57.241379 0.968978 0.125556 0.971011 0.125831
5 64 57.356323 0.969842 0.124859 0.969410 0.124713
5 65 57.471264 0.968502 0.126184 0.973168 0.125802
5 66 57.586208 0.971555 0.126174 0.969869 0.128008
5 67 57.701149 0.971077 0.125553 0.972718 0.126763
5 68 57.816093 0.974004 0.127304 0.972610 0.127860
5 69 57.931034 0.972582 0.126972 0.971801 0.127321
5 70 58.045979 0.971003 0.126020 0.969319 0.125453
5 71 58.160919 0.972178 0.128316 0.972011 0.126617
5 72 58.275864 0.972358 0.126696 0.972830 0.125287
5 73 58.390804 0.970226 0.125697 0.972608 0.124963
5 74 58.505749 0.972776 0.126303 0.971620 0.125218
5 75 58.620689 0.971460 0.125003 0.970000 0.124740
5 76 58.735634 0.970095 0.124963 0.970130 0.125342
5 77 58.850574 0.970546 0.126596 0.970617 0.127545
5 78 58.965519 0.970436 0.124835 0.971645 0.127081
5 79 59.080460 0.971904 0.126080 0.974442 0.127529
5 80 59.195404 0.971904 0.126546 0.970295 0.125723
5 81 59.310345 0.971926 0.125336 0.971330 0.126060
5 82 59.425289 0.972940 0.127293 0.972779 0.127015
5 83 59.540230 0.973357 0.128043 0.971105 0.127547
5 84 59.655174 0.970161 0.125282 0.970896 0.126269
5 85 59.770115 0.972370 0.127053 0.971464 0.127676
5 86 59.885059 0.972133 0.127177 0.968729 0.124064
6 0 60.000000 0.970844 0.125420 0.970408 0.127801
6 1 60.114941 0.969268 0.126015 0.972057 0.125398
6 2 60.229885 0.974534 0.127788 0.967956 0.127841
6 3 60.344826 0.970278 0.126841 0.971129 0.126724
6 4 60.459770 0.972785 0.127736 0.971498 0.125637
6 5 60.574711 0.974191 0.127191 0.973129 0.127360
6 6 60.689655 0.971819 0.128018 0.969594 0.125502
6 7 60.804596 0.971622 0.125850 0.972757 0.127897
6 8 60.919540 0.973342 0.126635 0.969271 0.125593
6 9 61.034481 0.972075 0.126945 0.971624 0.125697
6 10 61.149426 0.969081 0.125612 0.970849 0.125869
6 11 61.264366 0.973982 0.127511 0.971312 0.127108
6 12 61.379311 0.973187 0.126147 0.971813 0.127439
6 13 61.494251 0.972400 0.126472 0.971608 0.126148
6 14 61.609196 0.972243 0.126748 0.973678 0.126467
6 15 61.724136 0.971892 0.125123 0.972295 0.126359
6 16 61.839081 0.967670 0.125898 0.973089 0.127038
6 17 61.954021 0.971232 0.125991 0.970762 0.126675
6 18 62.068966 0.970994 0.124616 0.971364 0.128686
6 19 62.183907 0.971119 0.126887 0.969592 0.126714
6 20 62.298851 0.971531 0.125582 0.970788 0.126344
6 21 62.413792 0.970041 0.123743 0.969515 0.126086
6 22 62.528736 0.970503 0.125883 0.974500 0.127421
6 23 62.643677 0.974353 0.126835 0.971032 0.126849
6 24 62.758621 0.971773 0.126919 0.970415 0.125953
6 25 62.873562 0.973254 0.126520 0.972159 0.127391
6 26 62.988506 0.968655 0.126225 0.972337 0.126542
6 27 63.103447 0.970116 0.126175 0.974802 0.126545
6 28 63.218391 0.972458 0.125932 0.975341 0.126802
6 29 63.333332 0.973097 0.128077 0.972531 0.124923
6 30 63.448277 0.972471 0.126914 0.971634 0.127859
6 31 63.563217 0.971230 0.126310 0.970782 0.125577
6 32 63.678162 0.973313 0.126863 0.972247 0.128306
6 33 63.793102 0.972054 0.125870 0.972634 0.126663
6 34 63.908047 0.968338 0.123749 0.973118 0.126531
6 35 64.022987 0.973884 0.125159 0.973775 0.126768
6 36 64.137932 0.971479 0.127054 0.969569 0.124909
6 37 64.252876 0.972662 0.126059 0.970293 0.126179
6 38 64.367813 0.969726 0.125078 0.971973 0.126465
6 39 64.482758 0.972702 0.127615 0.970243 0.126581
6 40 64.597702 0.971108 0.125380 0.970588 0.126899
6 41 64.712646 0.970721 0.125434 0.974223 0.128870
6 42 64.827583 0.971343 0.126605 0.970492 0.127603
6 43 64.942528 0.974410 0.128166 0.970275 0.125651
6 44 65.057472 0.972229 0.126026 0.974581 0.126857
6 45 65.172417 0.970989 0.127548 0.972181 0.127169
6 46 65.287354 0.971243 0.127467 0.970947 0.124435
6 47 65.402298 0.974626 0.128170 0.972437 0.126522
6 48 65.517242 0.972625 0.125839 0.970809 0.124844
6 49 65.632187 0.974353 0.126642 0.967527 0.126195
6 50 65.747124 0.970689 0.126308 0.970294 0.125799
6 51 65.862068 0.973653 0.126439 0.968513 0.124876
6 52 65.977013 0.971035 0.124086 0.970871 0.126779
6 53 66.091957 0.971429 0.126349 0.973192 0.125794
6 54 66.206894 0.969293 0.126500 0.973752 0.127168
6 55 66.321838 0.971667 0.127572 0.968321 0.126373
6 56 66.436783 0.971894 0.126942 0.973338 0.127502
6 57 66.551727 0.974529 0.128248 0.970920 0.126437
6 58 66.666664 0.972331 0.127689 0.971651 0.126627
6 59 66.781609 0.971121 0.126047 0.971216 0.125862
6 60 66.896553 0.970612 0.125153 0.971301 0.126997
6 61 67.011497 0.970732 0.125858 0.969858 0.127425
6 62 67.126434 0.970943 0.126310 0.971632 0.126749
6 63 67.241379 0.973188 0.126370 0.970843 0.125991
6 64 67.356323 0.973201 0.126262 0.972338 0.127213
6 65 67.471268 0.972473 0.126763 0.972581 0.125716
6 66 67.586205 0.975723 0.127673 0.973260 0.127797
6 67 67.701149 0.971282 0.128856 0.973752 0.126763
6 68 67.816093 0.969584 0.125693 0.973312 0.127649
6 69 67.931038 0.970876 0.127247 0.970599 0.127519
6 70 68.045975 0.970561 0.126776 0.967440 0.125524
6 71 68.160919 0.969629 0.124049 0.972034 0.127865
6 72 68.275864 0.972897 0.126426 0.971128 0.126758
6 73 68.390808 0.971592 0.125934 0.970610 0.126060
6 74 68.505745 0.967984 0.126739 0.972805 0.124923
6 75 68.620689 0.975978 0.127501 0.976299 0.126535
6 76 68.735634 0.972827 0.126921 0.969324 0.125725
6 77 68.850578 0.974501 0.127327 0.971357 0.126330
6 78 68.965515 0.972377 0.127313 0.972546 0.127601
6 79 69.080460 0.970429 0.126500 0.969568 0.124634
6 80 69.195404 0.971029 0.126399 0.973306 0.128056
6 81 69.310349 0.972260 0.126659 0.972509 0.128046
6 82 69.425285 0.973950 0.126395 0.970150 0.125932
6 83 69.540230 0.971830 0.126551 0.971571 0.126497
6 84 69.655174 0.970316 0.127844 0.970559 0.125587
6 85 69.770119 0.973436 0.127727 0.973496 0.126797
6 86 69.885056 0.972202 0.127087 0.969632 0.125449
7 0 70.000000 0.972808 0.125984 0.969756 0.124736
7 1 70.114944 0.969502 0.126231 0.972110 0.127945
7 2 70.229881 0.974432 0.127400 0.970713 0.126393
7 3 70.344826 0.972498 0.126854 0.970770 0.124895
7 4 70.459770 0.972137 0.125185 0.970444 0.125723
7 5 70.574715 0.972130 0.125618 0.969845 0.127011
7 6 70.689651 0.972090 0.126712 0.971315 0.126185
7 7 70.804596 0.971584 0.125285 0.969682 0.125879
7 8 70.919540 0.970056 0.127167 0.969692 0.125513
7 9 71.034485 0.970856 0.127546 0.973020 0.126021
7 10 71.149422 0.973125 0.127078 0.973326 0.127383
7 11 71.264366 0.972791 0.127281 0.973305 0.124951
7 12 71.379311 0.971494 0.126872 0.971896 0.126417
7 13 71.494255 0.972260 0.127836 0.970249 0.124325
7 14 71.609192 0.971263 0.125359 0.969112 0.126640
7 15 71.724136 0.971862 0.126881 0.972259 0.128424
7 16 71.839081 0.971236 0.127114 0.972332 0.126527
7 17 71.954025 0.971849 0.126231 0.971096 0.126162
7 18 72.068962 0.968913 0.127636 0.972357 0.126343
7 19 72.183907 0.970600 0.125977 0.971986 0.125632
7 20 72.298851 0.972575 0.126840 0.969746 0.125976
7 21 72.413795 0.972671 0.125542 0.971272 0.125393
7 22 72.528732 0.970901 0.126710 0.971360 0.126186
7 23 72.643677 0.970737 0.126138 0.971440 0.128327
7 24 72.758621 0.970342 0.125898 0.973026 0.128060
7 25 72.873566 0.969816 0.126362 0.969904 0.125212
7 26 72.988503 0.971023 0.126139 0.972847 0.125131
7 27 73.103447 0.975309 0.128032 0.972060 0.126567
7 28 73.218391 0.970217 0.126752 0.968902 0.128400
7 29 73.333336 0.972093 0.125855 0.972566 0.126034
7 30 73.448273 0.975910 0.126567 0.972651 0.127141
7 31 73.563217 0.969708 0.127235 0.972238 0.126361
7 32 73.678162 0.968675 0.125201 0.969528 0.125496
7 33 73.793106 0.970836 0.127385 0.971603 0.125659
7 34 73.908043 0.972281 0.125220 0.968865 0.126505
7 35 74.022987 0.968325 0.125104 0.972539 0.126326
7 36 74.137932 0.970862 0.125280 0.970716 0.124929
7 37 74.252876 0.973345 0.127058 0.971448 0.125652
7 38 74.367813 0.969883 0.124472 0.969496 0.126467
7 39 74.482758 0.971568 0.125463 0.973598 0.127621
7 40 74.597702 0.974427 0.128737 0.970072 0.126003
7 41 74.712646 0.973457 0.126609 0.967765 0.124645
7 42 74.827583 0.971509 0.125855 0.970576 0.127143
7 43 74.942528 0.975191 0.127301 0.970994 0.125162
7 44 75.057472 0.971267 0.126876 0.974004 0.127859
7 45 75.172417 0.970584 0.124824 0.971953 0.126623
7 46 75.287354 0.972739 0.125512 0.975101 0.127649
7 47 75.402298 0.974779 0.126472 0.972381 0.125597
7 48 75.517242 0.969802 0.125855 0.970489 0.127044
7 49 75.632187 0.971606 0.126719 0.970938 0.127766
7 50 75.747124 0.973323 0.126784 0.971273 0.125963
7 51 75.862068 0.967351 0.124446 0.972106 0.126654
7 52 75.977013 0.973039 0.126494 0.972014 0.127057
7 53 76.091957 0.974783 0.125896 0.968605 0.127732
7 54 76.206894 0.971661 0.124640 0.972682 0.127880
7 55 76.321838 0.973118 0.127286 0.969909 0.126016
7 56 76.436783 0.970286 0.126187 0.971448 0.126349
7 57 76.551727 0.973847 0.126826 0.971337 0.127393
7 58 76.666664 0.973461 0.127418 0.971114 0.127353
7 59 76.781609 0.970683 0.126351 0.970453 0.126360
7 60 76.896553 0.972741 0.126088 0.971007 0.127097
7 61 77.011497 0.972311 0.127158 0.967922 0.126245
7 62 77.126434 0.971074 0.126166 0.971573 0.127343
7 63 77.241379 0.973207 0.125955 0.972455 0.126404
7 64 77.356323 0.972082 0.125944 0.972793 0.126718
7 65 77.471268 0.972834 0.127585 0.969261 0.126798
7 66 77.586205 0.969838 0.126780 0.973195 0.128087
7 67 77.701149 0.971036 0.126989 0.973030 0.126016
7 68 77.816093 0.968675 0.124884 0.972013 0.125936
7 69 77.931038 0.971234 0.125459 0.970008 0.126687
7 70 78.045975 0.973319 0.127552 0.971019 0.124762
7 71 78.160919 0.969930 0.125336 0.969636 0.126588
7 72 78.275864 0.971411 0.127828 0.971145 0.127213
7 73 78.390808 0.971362 0.125293 0.968179 0.125117
7 74 78.505745 0.974189 0.128524 0.970431 0.125877
7 75 78.620689 0.969520 0.127003 0.972971 0.127096
7 76 78.735634 0.970700 0.125810 0.972659 0.124934
7 77 78.850578 0.970188 0.126638 0.971301 0.128063
7 78 78.965515 0.971360 0.126947 0.973483 0.125787
7 79 79.080460 0.968624 0.125364 0.969484 0.125672
7 80 79.195404 0.972018 0.127241 0.972423 0.126250
7 81 79.310349 0.970944 0.125954 0.971846 0.127546
7 82 79.425285 0.971632 0.127869 0.970602 0.125741
7 83 79.540230 0.969541 0.126708 0.971745 0.126884
7 84 79.655174 0.970687 0.125775 0.974480 0.127535
7 85 79.770119 0.973123 0.126915 0.970787 0.125429
7 86 79.885056 0.968649 0.124811 0.970867 0.127155
8 0 80.000000 0.971386 0.125863 0.970893 0.127026
8 1 80.114944 0.970049 0.127442 0.971688 0.127605
8 2 80.229881 0.971032 0.125696 0.969384 0.125455
8 3 80.344826 0.973886 0.126375 0.965906 0.124647
8 4 80.459770 0.975526 0.128172 0.970988 0.125546
8 5 80.574715 0.971682 0.126995 0.973487 0.126710
8 6 80.689651 0.970949 0.126045 0.970625 0.126114
8 7 80.804596 0.972405 0.125800 0.970654 0.126633
8 8 80.919540 0.971252 0.127109 0.972340 0.126968
8 9 81.034485 0.969918 0.125826 0.970296 0.124828
8 10 81.149422 0.970748 0.125415 0.974991 0.128419
8 11 81.264366 0.972710 0.126392 0.970226 0.127483
8 12 81.379311 0.971376 0.126001 0.970873 0.125934
8 13 81.494255 0.971555 0.125581 0.973544 0.126391
8 14 81.609192 0.970265 0.126464 0.970301 0.127141
8 15 81.724136 0.971790 0.124429 0.969321 0.126871
8 16 81.839081 0.973015 0.126444 0.969949 0.124534
8 17 81.954025 0.972836 0.126722 0.969984 0.126603
8 18 82.068962 0.971696 0.126840 0.970375 0.124459
8 19 82.183907 0.971595 0.126458 0.974009 0.125817
8 20 82.298851 0.972678 0.126812 0.971232 0.127324
8 21 82.413795 0.973266 0.126349 0.971767 0.126749
8 22 82.528732 0.972643 0.126938 0.971897 0.125689
8 23 82.643677 0.973048 0.125228 0.974187 0.128086
8 24 82.758621 0.970496 0.125277 0.972225 0.125972
8 25 82.873566 0.971348 0.127398 0.971459 0.126342
8 26 82.988503 0.970356 0.126623 0.974138 0.127233
8 27 83.103447 0.973133 0.125866 0.969882 0.126233
8 28 83.218391 0.969782 0.125497 0.974590 0.126128
8 29 83.333336 0.971899 0.126170 0.970835 0.126549
8 30 83.448273 0.973327 0.127048 0.970376 0.124803
8 31 83.563217 0.973163 0.126564 0.969050 0.127211
8 32 83.678162 0.972691 0.127379 0.971520 0.126088
8 33 83.793106 0.971304 0.128562 0.971851 0.125197
8 34 83.908043 0.970897 0.124955 0.971166 0.126431
8 35 84.022987 0.970237 0.125906 0.971447 0.126228
8 36 84.137932 0.969122 0.126518 0.972949 0.126428
8 37 84.252876 0.971271 0.126846 0.972686 0.126055
8 38 84.367813 0.973627 0.126023 0.972859 0.125794
8 39 84.482758 0.973582 0.125926 0.974013 0.128310
8 40 84.597702 0.968957 0.125086 0.970931 0.125690
8 41 84.712646 0.971870 0.128403 0.972189 0.126593
8 42 84.827583 0.970151 0.126079 0.971200 0.125351
8 43 84.942528 0.972739 0.125751 0.971958 0.125404
8 44 85.057472 0.970605 0.126952 0.968718 0.126113
8 45 85.172417 0.968101 0.124557 0.969851 0.126640
8 46 85.287354 0.970664 0.125846 0.971581 0.126205
8 47 85.402298 0.972134 0.125643 0.972043 0.127155
8 48 85.517242 0.970540 0.123864 0.969524 0.126894
8 49 85.632187 0.969978 0.125948 0.971841 0.127952
8 50 85.747124 0.971417 0.126400 0.971700 0.124804
8 51 85.862068 0.970877 0.125459 0.970076 0.126002
8 52 85.977013 0.972840 0.126135 0.970596 0.125311
8 53 86.091957 0.967645 0.126787 0.970733 0.125792
8 54 86.206894 0.971753 0.126478 0.968937 0.126648
8 55 86.321838 0.972768 0.125955 0.971264 0.126845
8 56 86.436783 0.971166 0.127730 0.971185 0.126741
8 57 86.551727 0.970823 0.124796 0.973152 0.127310
8 58 86.666664 0.967867 0.126769 0.971776 0.127823
8 59 86.781609 0.972146 0.127750 0.971067 0.127907
8 60 86.896553 0.970476 0.125445 0.971861 0.125174
8 61 87.011497 0.973181 0.127613 0.970560 0.127241
8 62 87.126434 0.974781 0.126151 0.970212 0.126677
8 63 87.241379 0.971549 0.126102 0.969943 0.125336
8 64 87.356323 0.973331 0.127316 0.970955 0.126674
8 65 87.471268 0.971023 0.126366 0.970507 0.123564
8 66 87.586205 0.971211 0.125884 0.971911 0.126864
8 67 87.701149 0.970686 0.127734 0.970550 0.125879
8 68 87.816093 0.972690 0.127332 0.973921 0.126079
8 69 87.931038 0.973801 0.127253 0.971700 0.126399
8 70 88.045975 0.971744 0.126423 0.970769 0.127360
8 71 88.160919 0.970387 0.125860 0.971801 0.124591
8 72 88.275864 0.968653 0.127246 0.970100 0.125936
8 73 88.390808 0.972195 0.126545 0.972013 0.126489
8 74 88.505745 0.970818 0.126631 0.970174 0.127094
8 75 88.620689 0.969099 0.126352 0.972161 0.126902
8 76 88.735634 0.969938 0.125553 0.970482 0.127313
8 77 88.850578 0.971100 0.126671 0.971099 0.125842
8 78 88.965515 0.970304 0.126026 0.975232 0.126946
8 79 89.080460 0.972242 0.126590 0.973282 0.125032
8 80 89.195404 0.970368 0.125782 0.971693 0.126328
8 81 89.310349 0.973897 0.127369 0.970959 0.126807
8 82 89.425285 0.969948 0.127080 0.973264 0.128250
8 83 89.540230 0.972548 0.126188 0.973428 0.126097
8 84 89.655174 0.973810 0.126243 0.969663 0.126198
8 85 89.770119 0.972084 0.126388 0.971670 0.125211
8 86 89.885056 0.974902 0.127836 0.973324 0.126023
9 0 90.000000 0.970300 0.125031 0.972229 0.128256
9 1 90.114944 0.971828 0.125648 0.974130 0.126861
9 2 90.229881 0.971188 0.127023 0.970779 0.125482
9 3 90.344826 0.971278 0.126803 0.974578 0.126771
9 4 90.459770 0.969265 0.125667 0.968315 0.126430
9 5 90.574715 0.970636 0.127034 0.968600 0.127324
9 6 90.689651 0.969088 0.125146 0.973099 0.125681
9 7 90.804596 0.970122 0.125217 0.968902 0.126428
9 8 90.919540 0.973670 0.126914 0.970639 0.126400
9 9 91.034485 0.972324 0.128434 0.971991 0.126843
9 10 91.149422 0.972964 0.127443 0.973588 0.127041
9 11 91.264366 0.973250 0.126741 0.969583 0.126448
9 12 91.379311 0.970971 0.128091 0.970893 0.125698
9 13 91.494255 0.971157 0.126824 0.969047 0.126831
9 14 91.609192 0.974807 0.128554 0.972323 0.126975
9 15 91.724136 0.966829 0.125615 0.971473 0.124640
9 16 91.839081 0.971993 0.126896 0.973725 0.126923
9 17 91.954025 0.969884 0.126152 0.972105 0.126083
9 18 92.068962 0.971023 0.127153 0.970751 0.127054
9 19 92.183907 0.971289 0.126276 0.969797 0.127440
9 20 92.298851 0.971687 0.128465 0.972013 0.126697
9 21 92.413795 0.973653 0.124622 0.972379 0.127166
9 22 92.528732 0.969764 0.124106 0.973953 0.125486
9 23 92.643677 0.969958 0.124763 0.974716 0.126788
9 24 92.758621 0.971978 0.127384 0.971703 0.127421
9 25 92.873566 0.970706 0.127059 0.972630 0.125602
9 26 92.988503 0.971129 0.125447 0.971763 0.127378
9 27 93.103447 0.972956 0.125426 0.972259 0.127765
9 28 93.218391 0.972399 0.124836 0.972964 0.127527
9 29 93.333336 0.972199 0.125326 0.975228 0.126374
9 30 93.448273 0.972375 0.125545 0.972446 0.123488
9 31 93.563217 0.973821 0.127126 0.970541 0.125382
9 32 93.678162 0.972655 0.126630 0.973593 0.126763
9 33 93.793106 0.972797 0.127174 0.974455 0.127432
9 34 93.908043 0.972406 0.126464 0.970002 0.126325
9 35 94.022987 0.971107 0.127973 0.973611 0.126716
9 36 94.137932 0.969634 0.125907 0.971632 0.125698
9 37 94.252876 0.970934 0.125775 0.975111 0.128005
9 38 94.367813 0.972168 0.125806 0.970438 0.126447
9 39 94.482758 0.974452 0.126892 0.972803 0.126489
9 40 94.597702 0.972257 0.127046 0.971500 0.127472
9 41 94.712646 0.971050 0.125346 0.970446 0.125737
9 42 94.827583 0.971802 0.126941 0.971965 0.124507
9 43 94.942528 0.970532 0.125509 0.971550 0.128218
9 44 95.057472 0.973109 0.126918 0.972367 0.125677
9 45 95.172417 0.972468 0.126319 0.971142 0.126337
9 46 95.287354 0.972128 0.127251 0.970463 0.125283
9 47 95.402298 0.972803 0.127215 0.971182 0.125962
9 48 95.517242 0.973845 0.125612 0.973530 0.126400
9 49 95.632187 0.973709 0.129055 0.971866 0.126234
9 50 95.747124 0.970203 0.123850 0.970291 0.128115
9 51 95.862068 0.969092 0.125502 0.971142 0.126769
9 52 95.977013 0.972258 0.127166 0.971935 0.127833
9 53 96.091957 0.971726 0.126161 0.972672 0.126577
9 54 96.206894 0.971234 0.126729 0.973405 0.126877
9 55 96.321838 0.971675 0.126510 0.970316 0.127467
9 56 96.436783 0.972784 0.127370 0.970133 0.125294
9 57 96.551727 0.972207 0.125239 0.973558 0.126421
9 58 96.666664 0.972140 0.125819 0.969571 0.125828
9 59 96.781609 0.971070 0.126055 0.972108 0.126646
9 60 96.896553 0.971065 0.126330 0.969354 0.124842
9 61 97.011497 0.973199 0.127865 0.970932 0.125640
9 62 97.126434 0.969203 0.125472 0.970480 0.126309
9 63 97.241379 0.972640 0.123961 0.972968 0.127926
9 64 97.356323 0.975940 0.128430 0.969866 0.125665
9 65 97.471268 0.971194 0.125486 0.972149 0.126831
9 66 97.586205 0.974247 0.127287 0.971223 0.125468
9 67 97.701149 0.970251 0.125704 0.970487 0.127072
9 68 97.816093 0.971287 0.126785 0.972836 0.125231
9 69 97.931038 0.970341 0.125165 0.970709 0.126729
9 70 98.045975 0.971838 0.127156 0.971545 0.126691
9 71 98.160919 0.971018 0.125872 0.970556 0.126125
9 72 98.275864 0.969971 0.127532 0.970053 0.126641
9 73 98.390808 0.971975 0.125847 0.970050 0.125650
9 74 98.505745 0.968633 0.125104 0.972277 0.126464
9 75 98.620689 0.973276 0.128301 0.971489 0.127285
9 76 98.735634 0.971440 0.127536 0.971953 0.126221
9 77 98.850578 0.973166 0.126404 0.972838 0.127791
9 78 98.965515 0.971302 0.125965 0.970178 0.126472
9 79 99.080460 0.971749 0.125307 0.970844 0.126652
9 80 99.195404 0.969989 0.125293 0.975039 0.127859
9 81 99.310349 0.969729 0.126699 0.973939 0.127261
9 82 99.425285 0.971974 0.126282 0.972157 0.126390
9 83 99.540230 0.972606 0.127186 0.973301 0.125888
9 84 99.655174 0.970448 0.126393 0.973681 0.126336
9 85 99.770119 0.971647 0.126318 0.971392 0.125273
9 86 99.885056 0.970715 0.124869 0.972453 0.126849
