0.000000 0 0 0.005774 0.000000 0.294902 0.005712 0.000000 0.292821
0.200000 0 1 0.005468 0.000000 0.283144 0.005408 0.000000 0.266154
0.400000 0 2 0.005184 0.000000 0.274020 0.005152 0.000000 0.267472
0.600000 0 3 0.005055 0.000000 0.268803 0.005041 0.000000 0.239354
0.800000 0 4 0.005093 0.000000 0.294769 0.005089 0.000000 0.291650
1.000000 1 0 0.005011 0.000000 0.282117 0.004950 0.000000 0.263623
1.200000 1 1 0.004949 0.000000 0.243018 0.004815 0.000000 0.237893
1.400000 1 2 0.004839 0.000000 0.220332 0.004772 0.000000 0.233727
1.600000 1 3 0.005064 0.000000 0.228884 0.004930 0.000000 0.260527
1.800000 1 4 0.004738 0.000000 0.227617 0.004720 0.000000 0.156528
2.000000 2 0 0.004735 0.000000 0.222788 0.004644 0.000000 0.198909
2.200000 2 1 0.004719 0.000000 0.218030 0.004626 0.000000 0.210526
2.400000 2 2 0.004760 0.000000 0.242871 0.004645 0.000000 0.251281
2.600000 2 3 0.004736 0.000000 0.217101 0.004688 0.000000 0.231919
2.800000 2 4 0.004890 0.000000 0.238488 0.004737 0.000000 0.220306
3.000000 3 0 0.004670 0.000000 0.253074 0.004573 0.000000 0.254686
3.200000 3 1 0.004760 0.000000 0.266960 0.004707 0.000000 0.255405
3.400000 3 2 0.004848 0.000000 0.220175 0.004741 0.000000 0.213816
3.600000 3 3 0.004647 0.000000 0.218570 0.004567 0.000000 0.244018
3.800000 3 4 0.004793 0.000000 0.213938 0.004695 0.000000 0.209732
4.000000 4 0 0.004736 0.000000 0.269079 0.004664 0.000000 0.147996
4.200000 4 1 0.004810 0.000000 0.226813 0.004759 0.000000 0.245406
4.400000 4 2 0.004737 0.000000 0.222653 0.004683 0.000000 0.239591
4.600000 4 3 0.004698 0.000000 0.217775 0.004603 0.000000 0.191747
4.800000 4 4 0.004676 0.000000 0.219811 0.004607 0.000000 0.163435
5.000000 5 0 0.004672 0.000000 0.238635 0.004602 0.000000 0.222354
5.200000 5 1 0.004686 0.000000 0.241439 0.004579 0.000000 0.233539
5.400000 5 2 0.004633 0.000000 0.213877 0.004529 0.000000 0.188756
5.600000 5 3 0.004685 0.000000 0.218025 0.004652 0.000000 0.203149
5.800000 5 4 0.004592 0.000000 0.247371 0.004571 0.000000 0.244515
6.000000 6 0 0.004751 0.000000 0.223801 0.004634 0.000000 0.207364
6.200000 6 1 0.004620 0.000000 0.229363 0.004562 0.000000 0.233473
6.400000 6 2 0.004686 0.000000 0.213866 0.004610 0.000000 0.224194
6.600000 6 3 0.004809 0.000000 0.244662 0.004648 0.000000 0.241821
6.800000 6 4 0.004617 0.000000 0.221537 0.004510 0.000000 0.241000
7.000000 7 0 0.004740 0.000000 0.217151 0.004616 0.000000 0.218909
7.200000 7 1 0.004728 0.000000 0.230807 0.004653 0.000000 0.233895
7.400000 7 2 0.004679 0.000000 0.218802 0.004644 0.000000 0.232692
7.600000 7 3 0.004727 0.000000 0.269440 0.004682 0.000000 0.271104
7.800000 7 4 0.004683 0.000000 0.226044 0.004570 0.000000 0.221102
8.000000 8 0 0.004620 0.000000 0.237528 0.004565 0.000000 0.210386
8.200000 8 1 0.004601 0.000000 0.238418 0.004494 0.000000 0.239983
8.400000 8 2 0.004715 0.000000 0.236267 0.004644 0.000000 0.235853
8.600000 8 3 0.004622 0.000000 0.235088 0.004476 0.000000 0.236502
8.800000 8 4 0.004656 0.000000 0.219237 0.004552 0.000000 0.228390
9.000000 9 0 0.004631 0.000000 0.230604 0.004627 0.000000 0.240967
9.200000 9 1 0.004670 0.000000 0.214670 0.004638 0.000000 0.208117
9.400000 9 2 0.004687 0.000000 0.216900 0.004506 0.000000 0.183157
9.600000 9 3 0.004624 0.000000 0.214893 0.004589 0.000000 0.214498
9.800000 9 4 0.004602 0.000000 0.207685 0.004477 0.000000 0.185067
