0.000000 0 0 0.002164 0.000000 0.164919 0.002105 0.000000 0.249286
0.200000 0 1 0.002000 0.000000 0.172123 0.001983 0.000000 0.180218
0.400000 0 2 0.002064 0.000000 0.174942 0.002064 0.000000 0.215674
0.600000 0 3 0.001942 0.000000 0.179886 0.001918 0.000000 0.169960
0.800000 0 4 0.001682 0.000000 0.180034 0.001650 0.000000 0.235092
1.000000 1 0 0.001807 0.000000 0.195152 0.001819 0.000000 0.187934
1.200000 1 1 0.001966 0.000000 0.202936 0.001934 0.000000 0.249135
1.400000 1 2 0.001666 0.000000 0.183000 0.001650 0.000000 0.210538
1.600000 1 3 0.001828 0.000000 0.181400 0.001841 0.000000 0.206291
1.800000 1 4 0.001621 0.000000 0.179864 0.001602 0.000000 0.183002
2.000000 2 0 0.001917 0.000000 0.177045 0.001876 0.000000 0.221663
2.200000 2 1 0.001628 0.000000 0.169097 0.001601 0.000000 0.199105
2.400000 2 2 0.001682 0.000000 0.168089 0.001654 0.000000 0.217059
2.600000 2 3 0.001703 0.000000 0.185194 0.001643 0.000000 0.253669
2.800000 2 4 0.001641 0.000000 0.182784 0.001590 0.000000 0.130122
3.000000 3 0 0.001879 0.000000 0.175383 0.001857 0.000000 0.208103
3.200000 3 1 0.001749 0.000000 0.169604 0.001692 0.000000 0.228725
3.400000 3 2 0.001926 0.000000 0.175263 0.001895 0.000000 0.268872
3.600000 3 3 0.001763 0.000000 0.176594 0.001746 0.000000 0.245811
3.800000 3 4 0.001605 0.000000 0.175517 0.001581 0.000000 0.160553
4.000000 4 0 0.001684 0.000000 0.175214 0.001650 0.000000 0.152003
4.200000 4 1 0.001691 0.000000 0.187398 0.001690 0.000000 0.255222
4.400000 4 2 0.001784 0.000000 0.163277 0.001759 0.000000 0.224309
4.600000 4 3 0.001650 0.000000 0.179867 0.001637 0.000000 0.172660
4.800000 4 4 0.001794 0.000000 0.205291 0.001721 0.000000 0.123613
5.000000 5 0 0.001719 0.000000 0.174301 0.001683 0.000000 0.238801
5.200000 5 1 0.001827 0.000000 0.175653 0.001792 0.000000 0.198698
5.400000 5 2 0.001676 0.000000 0.175679 0.001645 0.000000 0.239871
5.600000 5 3 0.001720 0.000000 0.189922 0.001679 0.000000 0.190900
5.800000 5 4 0.001636 0.000000 0.188492 0.001568 0.000000 0.243077
6.000000 6 0 0.001729 0.000000 0.165063 0.001713 0.000000 0.183630
6.200000 6 1 0.001673 0.000000 0.191091 0.001648 0.000000 0.197607
6.400000 6 2 0.001754 0.000000 0.177477 0.001722 0.000000 0.211728
6.600000 6 3 0.001692 0.000000 0.171593 0.001670 0.000000 0.214903
6.800000 6 4 0.001893 0.000000 0.175046 0.001874 0.000000 0.240127
7.000000 7 0 0.001703 0.000000 0.187321 0.001669 0.000000 0.187321
7.200000 7 1 0.001656 0.000000 0.160605 0.001644 0.000000 0.249059
7.400000 7 2 0.001749 0.000000 0.198396 0.001690 0.000000 0.176532
7.600000 7 3 0.001698 0.000000 0.189040 0.001636 0.000000 0.214380
7.800000 7 4 0.001680 0.000000 0.178233 0.001647 0.000000 0.261582
8.000000 8 0 0.001710 0.000000 0.175047 0.001705 0.000000 0.178680
8.200000 8 1 0.001648 0.000000 0.178924 0.001626 0.000000 0.179001
8.400000 8 2 0.001654 0.000000 0.173921 0.001592 0.000000 0.185500
8.600000 8 3 0.001672 0.000000 0.177505 0.001640 0.000000 0.191247
8.800000 8 4 0.001591 0.000000 0.177109 0.001577 0.000000 0.211552
9.000000 9 0 0.001658 0.000000 0.176182 0.001616 0.000000 0.235970
9.200000 9 1 0.001629 0.000000 0.184531 0.001591 0.000000 0.254019
9.400000 9 2 0.001634 0.000000 0.182742 0.001593 0.000000 0.165969
9.600000 9 3 0.001665 0.000000 0.182602 0.001622 0.000000 0.253194
9.800000 9 4 0.001622 0.000000 0.178806 0.001602 0.000000 0.254026
