0 -0.493903 1 0.000050
1 -0.484954 0 0.000000
2 -0.476006 0 0.000000
3 -0.467057 0 0.000000
4 -0.458109 0 0.000000
5 -0.449161 0 0.000000
6 -0.440212 0 0.000000
7 -0.431264 0 0.000000
8 -0.422315 0 0.000000
9 -0.413367 0 0.000000
10 -0.404419 0 0.000000
11 -0.395470 0 0.000000
12 -0.386522 0 0.000000
13 -0.377573 1 0.000050
14 -0.368625 0 0.000000
15 -0.359677 0 0.000000
16 -0.350728 1 0.000050
17 -0.341780 1 0.000050
18 -0.332831 1 0.000050
19 -0.323883 1 0.000050
20 -0.314935 0 0.000000
21 -0.305986 0 0.000000
22 -0.297038 3 0.000150
23 -0.288089 4 0.000200
24 -0.279141 5 0.000250
25 -0.270193 1 0.000050
26 -0.261244 1 0.000050
27 -0.252296 3 0.000150
28 -0.243347 3 0.000150
29 -0.234399 2 0.000100
30 -0.225450 2 0.000100
31 -0.216502 5 0.000250
32 -0.207554 13 0.000650
33 -0.198605 44 0.002200
34 -0.189657 56 0.002800
35 -0.180708 66 0.003300
36 -0.171760 69 0.003450
37 -0.162812 66 0.003300
38 -0.153863 129 0.006450
39 -0.144915 208 0.010400
40 -0.135966 334 0.016700
41 -0.127018 201 0.010050
42 -0.118070 181 0.009050
43 -0.109121 247 0.012350
44 -0.100173 330 0.016500
45 -0.091224 481 0.024050
46 -0.082276 858 0.042900
47 -0.073328 593 0.029650
48 -0.064379 424 0.021200
49 -0.055431 515 0.025750
50 -0.046482 765 0.038250
51 -0.037534 849 0.042450
52 -0.028586 642 0.032100
53 -0.019637 1242 0.062100
54 -0.010689 3133 0.156650
55 -0.001740 1173 0.058650
56 0.007208 778 0.038900
57 0.016156 1019 0.050950
58 0.025105 978 0.048900
59 0.034053 472 0.023600
60 0.043002 487 0.024350
61 0.051950 488 0.024400
62 0.060899 717 0.035850
63 0.069847 403 0.020150
64 0.078795 251 0.012550
65 0.087744 204 0.010200
66 0.096692 208 0.010400
67 0.105641 225 0.011250
68 0.114589 316 0.015800
69 0.123537 235 0.011750
70 0.132486 85 0.004250
71 0.141434 124 0.006200
72 0.150383 98 0.004900
73 0.159331 111 0.005550
74 0.168279 69 0.003450
75 0.177228 21 0.001050
76 0.186176 11 0.000550
77 0.195125 15 0.000750
78 0.204073 13 0.000650
79 0.213021 2 0.000100
80 0.221970 0 0.000000
81 0.230918 1 0.000050
82 0.239867 2 0.000100
83 0.248815 2 0.000100
84 0.257763 1 0.000050
85 0.266712 1 0.000050
86 0.275660 0 0.000000
87 0.284609 2 0.000100
88 0.293557 4 0.000200
89 0.302506 0 0.000000
90 0.311454 0 0.000000
91 0.320402 0 0.000000
92 0.329351 1 0.000050
93 0.338299 0 0.000000
94 0.347248 0 0.000000
95 0.356196 0 0.000000
96 0.365144 0 0.000000
97 0.374093 0 0.000000
98 0.383041 2 0.000100
99 0.391990 0 0.000000
