0 -0.142935 3 0.000150
1 -0.140367 1 0.000050
2 -0.137800 1 0.000050
3 -0.135233 3 0.000150
4 -0.132665 1 0.000050
5 -0.130098 0 0.000000
6 -0.127531 1 0.000050
7 -0.124963 1 0.000050
8 -0.122396 0 0.000000
9 -0.119829 0 0.000000
10 -0.117261 0 0.000000
11 -0.114694 0 0.000000
12 -0.112126 0 0.000000
13 -0.109559 0 0.000000
14 -0.106992 0 0.000000
15 -0.104424 0 0.000000
16 -0.101857 0 0.000000
17 -0.099290 0 0.000000
18 -0.096722 2 0.000100
19 -0.094155 2 0.000100
20 -0.091588 0 0.000000
21 -0.089020 2 0.000100
22 -0.086453 5 0.000250
23 -0.083885 5 0.000250
24 -0.081318 3 0.000150
25 -0.078751 4 0.000200
26 -0.076183 4 0.000200
27 -0.073616 6 0.000300
28 -0.071049 10 0.000500
29 -0.068481 20 0.001000
30 -0.065914 16 0.000800
31 -0.063347 18 0.000900
32 -0.060779 6 0.000300
33 -0.058212 16 0.000800
34 -0.055644 20 0.001000
35 -0.053077 18 0.000900
36 -0.050510 25 0.001250
37 -0.047942 25 0.001250
38 -0.045375 43 0.002150
39 -0.042808 46 0.002300
40 -0.040240 40 0.002000
41 -0.037673 60 0.003000
42 -0.035106 63 0.003150
43 -0.032538 139 0.006950
44 -0.029971 154 0.007700
45 -0.027403 238 0.011900
46 -0.024836 370 0.018500
47 -0.022269 543 0.027150
48 -0.019701 817 0.040850
49 -0.017134 1222 0.061100
50 -0.014567 1909 0.095450
51 -0.011999 2496 0.124800
52 -0.009432 2845 0.142250
53 -0.006865 2688 0.134400
54 -0.004297 1978 0.098900
55 -0.001730 1334 0.066700
56 0.000838 857 0.042850
57 0.003405 495 0.024750
58 0.005972 365 0.018250
59 0.008540 279 0.013950
60 0.011107 179 0.008950
61 0.013674 107 0.005350
62 0.016242 86 0.004300
63 0.018809 60 0.003000
64 0.021376 29 0.001450
65 0.023944 39 0.001950
66 0.026511 33 0.001650
67 0.029079 26 0.001300
68 0.031646 40 0.002000
69 0.034213 19 0.000950
70 0.036781 22 0.001100
71 0.039348 23 0.001150
72 0.041915 11 0.000550
73 0.044483 16 0.000800
74 0.047050 19 0.000950
75 0.049617 16 0.000800
76 0.052185 10 0.000500
77 0.054752 10 0.000500
78 0.057320 7 0.000350
79 0.059887 9 0.000450
80 0.062454 4 0.000200
81 0.065022 8 0.000400
82 0.067589 2 0.000100
83 0.070156 3 0.000150
84 0.072724 4 0.000200
85 0.075291 1 0.000050
86 0.077858 0 0.000000
87 0.080426 2 0.000100
88 0.082993 4 0.000200
89 0.085561 1 0.000050
90 0.088128 2 0.000100
91 0.090695 2 0.000100
92 0.093263 2 0.000100
93 0.095830 1 0.000050
94 0.098397 0 0.000000
95 0.100965 0 0.000000
96 0.103532 2 0.000100
97 0.106099 0 0.000000
98 0.108667 1 0.000050
99 0.111234 1 0.000050
