0 -0.142074 4 0.000200
1 -0.139196 1 0.000050
2 -0.136317 2 0.000100
3 -0.133438 3 0.000150
4 -0.130560 2 0.000100
5 -0.127681 0 0.000000
6 -0.124803 1 0.000050
7 -0.121924 2 0.000100
8 -0.119046 2 0.000100
9 -0.116167 1 0.000050
10 -0.113289 2 0.000100
11 -0.110410 2 0.000100
12 -0.107532 1 0.000050
13 -0.104653 2 0.000100
14 -0.101774 3 0.000150
15 -0.098896 1 0.000050
16 -0.096017 2 0.000100
17 -0.093139 1 0.000050
18 -0.090260 0 0.000000
19 -0.087382 2 0.000100
20 -0.084503 0 0.000000
21 -0.081625 3 0.000150
22 -0.078746 4 0.000200
23 -0.075868 5 0.000250
24 -0.072989 6 0.000300
25 -0.070111 5 0.000250
26 -0.067232 19 0.000950
27 -0.064353 19 0.000950
28 -0.061475 12 0.000600
29 -0.058596 16 0.000800
30 -0.055718 20 0.001000
31 -0.052839 31 0.001550
32 -0.049961 36 0.001800
33 -0.047082 35 0.001750
34 -0.044204 36 0.001800
35 -0.041325 59 0.002950
36 -0.038447 122 0.006100
37 -0.035568 164 0.008200
38 -0.032689 187 0.009350
39 -0.029811 352 0.017600
40 -0.026932 515 0.025750
41 -0.024054 654 0.032700
42 -0.021175 916 0.045800
43 -0.018297 1313 0.065650
44 -0.015418 1906 0.095300
45 -0.012540 2624 0.131200
46 -0.009661 2770 0.138500
47 -0.006783 2536 0.126800
48 -0.003904 1975 0.098750
49 -0.001026 1168 0.058400
50 0.001853 740 0.037000
51 0.004732 519 0.025950
52 0.007610 318 0.015900
53 0.010489 201 0.010050
54 0.013367 178 0.008900
55 0.016246 124 0.006200
56 0.019124 72 0.003600
57 0.022003 74 0.003700
58 0.024881 50 0.002500
59 0.027760 33 0.001650
60 0.030638 26 0.001300
61 0.033517 26 0.001300
62 0.036396 13 0.000650
63 0.039274 8 0.000400
64 0.042153 10 0.000500
65 0.045031 8 0.000400
66 0.047910 1 0.000050
67 0.050788 6 0.000300
68 0.053667 2 0.000100
69 0.056545 3 0.000150
70 0.059424 1 0.000050
71 0.062302 2 0.000100
72 0.065181 4 0.000200
73 0.068059 3 0.000150
74 0.070938 2 0.000100
75 0.073817 3 0.000150
76 0.076695 0 0.000000
77 0.079574 2 0.000100
78 0.082452 1 0.000050
79 0.085331 1 0.000050
80 0.088209 1 0.000050
81 0.091088 0 0.000000
82 0.093966 2 0.000100
83 0.096845 3 0.000150
84 0.099723 3 0.000150
85 0.102602 1 0.000050
86 0.105480 2 0.000100
87 0.108359 1 0.000050
88 0.111238 2 0.000100
89 0.114116 1 0.000050
90 0.116995 1 0.000050
91 0.119873 3 0.000150
92 0.122752 3 0.000150
93 0.125630 1 0.000050
94 0.128509 1 0.000050
95 0.131387 0 0.000000
96 0.134266 0 0.000000
97 0.137144 0 0.000000
98 0.140023 2 0.000100
99 0.142902 0 0.000000
