0 0.000000 51089 0.851483
1 0.002464 2774 0.046233
2 0.004928 2015 0.033583
3 0.007392 909 0.015150
4 0.009856 602 0.010033
5 0.012320 550 0.009167
6 0.014784 573 0.009550
7 0.017248 421 0.007017
8 0.019712 257 0.004283
9 0.022176 213 0.003550
10 0.024640 137 0.002283
11 0.027104 144 0.002400
12 0.029568 79 0.001317
13 0.032033 63 0.001050
14 0.034497 50 0.000833
15 0.036961 38 0.000633
16 0.039425 19 0.000317
17 0.041889 13 0.000217
18 0.044353 8 0.000133
19 0.046817 2 0.000033
20 0.049281 1 0.000017
21 0.051745 1 0.000017
22 0.054209 4 0.000067
23 0.056673 1 0.000017
24 0.059137 2 0.000033
25 0.061601 4 0.000067
26 0.064065 0 0.000000
27 0.066529 1 0.000017
28 0.068993 2 0.000033
29 0.071457 1 0.000017
30 0.073921 4 0.000067
31 0.076385 4 0.000067
32 0.078849 0 0.000000
33 0.081313 4 0.000067
34 0.083777 2 0.000033
35 0.086241 4 0.000067
36 0.088705 0 0.000000
37 0.091169 0 0.000000
38 0.093633 0 0.000000
39 0.096098 0 0.000000
40 0.098562 1 0.000017
41 0.101026 0 0.000000
42 0.103490 1 0.000017
43 0.105954 0 0.000000
44 0.108418 0 0.000000
45 0.110882 1 0.000017
46 0.113346 0 0.000000
47 0.115810 1 0.000017
48 0.118274 1 0.000017
49 0.120738 0 0.000000
50 0.123202 0 0.000000
51 0.125666 0 0.000000
52 0.128130 0 0.000000
53 0.130594 0 0.000000
54 0.133058 0 0.000000
55 0.135522 0 0.000000
56 0.137986 0 0.000000
57 0.140450 1 0.000017
58 0.142914 0 0.000000
59 0.145378 0 0.000000
60 0.147842 1 0.000017
61 0.150306 0 0.000000
62 0.152770 1 0.000017
63 0.155234 0 0.000000
64 0.157699 0 0.000000
65 0.160163 0 0.000000
66 0.162627 0 0.000000
67 0.165091 0 0.000000
68 0.167555 0 0.000000
69 0.170019 0 0.000000
70 0.172483 0 0.000000
71 0.174947 0 0.000000
72 0.177411 0 0.000000
73 0.179875 0 0.000000
74 0.182339 0 0.000000
75 0.184803 0 0.000000
76 0.187267 0 0.000000
77 0.189731 0 0.000000
78 0.192195 0 0.000000
79 0.194659 0 0.000000
80 0.197123 0 0.000000
81 0.199587 0 0.000000
82 0.202051 0 0.000000
83 0.204515 0 0.000000
84 0.206979 0 0.000000
85 0.209443 0 0.000000
86 0.211907 0 0.000000
87 0.214371 0 0.000000
88 0.216835 0 0.000000
89 0.219299 0 0.000000
90 0.221764 0 0.000000
91 0.224228 0 0.000000
92 0.226692 0 0.000000
93 0.229156 0 0.000000
94 0.231620 0 0.000000
95 0.234084 0 0.000000
96 0.236548 0 0.000000
97 0.239012 0 0.000000
98 0.241476 0 0.000000
99 0.243940 1 0.000017
