0 0.000000 1 0.000017
1 0.010087 9 0.000150
2 0.020174 10 0.000167
3 0.030261 11 0.000183
4 0.040348 12 0.000200
5 0.050435 16 0.000267
6 0.060522 19 0.000317
7 0.070609 8 0.000133
8 0.080696 14 0.000233
9 0.090783 10 0.000167
10 0.100870 10 0.000167
11 0.110957 6 0.000100
12 0.121044 15 0.000250
13 0.131131 12 0.000200
14 0.141218 7 0.000117
15 0.151305 11 0.000183
16 0.161392 14 0.000233
17 0.171479 19 0.000317
18 0.181566 20 0.000333
19 0.191653 24 0.000400
20 0.201740 37 0.000617
21 0.211827 25 0.000417
22 0.221914 50 0.000833
23 0.232001 33 0.000550
24 0.242088 57 0.000950
25 0.252175 66 0.001100
26 0.262262 69 0.001150
27 0.272349 79 0.001317
28 0.282436 82 0.001367
29 0.292523 109 0.001817
30 0.302610 148 0.002467
31 0.312697 241 0.004017
32 0.322784 300 0.005000
33 0.332871 294 0.004900
34 0.342958 232 0.003867
35 0.353045 248 0.004133
36 0.363132 349 0.005817
37 0.373219 514 0.008567
38 0.383306 405 0.006750
39 0.393393 415 0.006917
40 0.403480 613 0.010217
41 0.413567 718 0.011967
42 0.423654 1426 0.023767
43 0.433741 987 0.016450
44 0.443828 947 0.015783
45 0.453915 1296 0.021600
46 0.464002 1841 0.030683
47 0.474089 2105 0.035083
48 0.484176 3201 0.053350
49 0.494263 7528 0.125467
50 0.504350 3628 0.060467
51 0.514437 2224 0.037067
52 0.524524 2297 0.038283
53 0.534611 1591 0.026517
54 0.544698 1260 0.021000
55 0.554785 1396 0.023267
56 0.564872 1717 0.028617
57 0.574959 2426 0.040433
58 0.585046 3143 0.052383
59 0.595133 2989 0.049817
60 0.605220 1547 0.025783
61 0.615307 1260 0.021000
62 0.625394 1093 0.018217
63 0.635481 613 0.010217
64 0.645568 492 0.008200
65 0.655655 471 0.007850
66 0.665742 401 0.006683
67 0.675829 355 0.005917
68 0.685916 263 0.004383
69 0.696003 226 0.003767
70 0.706090 229 0.003817
71 0.716177 202 0.003367
72 0.726264 137 0.002283
73 0.736351 205 0.003417
74 0.746438 188 0.003133
75 0.756525 170 0.002833
76 0.766612 208 0.003467
77 0.776699 198 0.003300
78 0.786786 190 0.003167
79 0.796873 162 0.002700
80 0.806960 166 0.002767
81 0.817047 179 0.002983
82 0.827134 256 0.004267
83 0.837221 229 0.003817
84 0.847308 301 0.005017
85 0.857395 358 0.005967
86 0.867482 453 0.007550
87 0.877569 404 0.006733
88 0.887656 264 0.004400
89 0.897743 235 0.003917
90 0.907830 283 0.004717
91 0.917917 316 0.005267
92 0.928004 253 0.004217
93 0.938091 163 0.002717
94 0.948178 71 0.001183
95 0.958265 45 0.000750
96 0.968352 45 0.000750
97 0.978439 29 0.000483
98 0.988526 5 0.000083
99 0.998613 1 0.000017
