0 0.014398 9 0.000450
1 0.024340 6 0.000300
2 0.034282 4 0.000200
3 0.044223 5 0.000250
4 0.054165 6 0.000300
5 0.064106 3 0.000150
6 0.074048 0 0.000000
7 0.083989 5 0.000250
8 0.093931 3 0.000150
9 0.103873 3 0.000150
10 0.113814 2 0.000100
11 0.123756 1 0.000050
12 0.133697 2 0.000100
13 0.143639 2 0.000100
14 0.153580 1 0.000050
15 0.163522 3 0.000150
16 0.173464 4 0.000200
17 0.183405 1 0.000050
18 0.193347 7 0.000350
19 0.203288 7 0.000350
20 0.213230 6 0.000300
21 0.223171 7 0.000350
22 0.233113 3 0.000150
23 0.243054 21 0.001050
24 0.252996 28 0.001400
25 0.262938 32 0.001600
26 0.272879 27 0.001350
27 0.282821 30 0.001500
28 0.292762 32 0.001600
29 0.302704 46 0.002300
30 0.312645 112 0.005600
31 0.322587 128 0.006400
32 0.332529 166 0.008300
33 0.342470 70 0.003500
34 0.352412 15 0.000750
35 0.362353 18 0.000900
36 0.372295 12 0.000600
37 0.382236 15 0.000750
38 0.392178 10 0.000500
39 0.402120 19 0.000950
40 0.412061 24 0.001200
41 0.422003 36 0.001800
42 0.431944 31 0.001550
43 0.441886 34 0.001700
44 0.451827 55 0.002750
45 0.461769 60 0.003000
46 0.471710 69 0.003450
47 0.481652 96 0.004800
48 0.491594 121 0.006050
49 0.501535 125 0.006250
50 0.511477 162 0.008100
51 0.521418 180 0.009000
52 0.531360 200 0.010000
53 0.541301 252 0.012600
54 0.551243 414 0.020700
55 0.561185 521 0.026050
56 0.571126 1085 0.054250
57 0.581068 2139 0.106950
58 0.591009 2924 0.146200
59 0.600951 1588 0.079400
60 0.610892 893 0.044650
61 0.620834 726 0.036300
62 0.630776 442 0.022100
63 0.640717 361 0.018050
64 0.650659 280 0.014000
65 0.660600 217 0.010850
66 0.670542 194 0.009700
67 0.680483 192 0.009600
68 0.690425 171 0.008550
69 0.700366 172 0.008600
70 0.710308 148 0.007400
71 0.720250 149 0.007450
72 0.730191 128 0.006400
73 0.740133 179 0.008950
74 0.750074 139 0.006950
75 0.760016 169 0.008450
76 0.769957 166 0.008300
77 0.779899 166 0.008300
78 0.789841 141 0.007050
79 0.799782 142 0.007100
80 0.809724 165 0.008250
81 0.819665 191 0.009550
82 0.829607 197 0.009850
83 0.839548 241 0.012050
84 0.849490 276 0.013800
85 0.859432 400 0.020000
86 0.869373 385 0.019250
87 0.879315 385 0.019250
88 0.889256 256 0.012800
89 0.899198 220 0.011000
90 0.909139 278 0.013900
91 0.919081 306 0.015300
92 0.929022 216 0.010800
93 0.938964 149 0.007450
94 0.948906 63 0.003150
95 0.958847 41 0.002050
96 0.968789 38 0.001900
97 0.978730 25 0.001250
98 0.988672 5 0.000250
99 0.998613 1 0.000050
