0 0.473595 3 0.000150
1 0.474324 2 0.000100
2 0.475053 2 0.000100
3 0.475782 1 0.000050
4 0.476510 2 0.000100
5 0.477239 1 0.000050
6 0.477968 1 0.000050
7 0.478697 1 0.000050
8 0.479425 1 0.000050
9 0.480154 3 0.000150
10 0.480883 10 0.000500
11 0.481612 9 0.000450
12 0.482340 8 0.000400
13 0.483069 7 0.000350
14 0.483798 3 0.000150
15 0.484527 11 0.000550
16 0.485255 21 0.001050
17 0.485984 11 0.000550
18 0.486713 21 0.001050
19 0.487442 21 0.001050
20 0.488170 16 0.000800
21 0.488899 32 0.001600
22 0.489628 10 0.000500
23 0.490357 13 0.000650
24 0.491085 35 0.001750
25 0.491814 37 0.001850
26 0.492543 59 0.002950
27 0.493272 62 0.003100
28 0.494000 74 0.003700
29 0.494729 96 0.004800
30 0.495458 91 0.004550
31 0.496187 135 0.006750
32 0.496915 134 0.006700
33 0.497644 134 0.006700
34 0.498373 89 0.004450
35 0.499102 160 0.008000
36 0.499830 204 0.010200
37 0.500559 239 0.011950
38 0.501288 370 0.018500
39 0.502017 462 0.023100
40 0.502746 537 0.026850
41 0.503474 663 0.033150
42 0.504203 668 0.033400
43 0.504932 829 0.041450
44 0.505661 1105 0.055250
45 0.506389 1359 0.067950
46 0.507118 1298 0.064900
47 0.507847 1584 0.079200
48 0.508575 1285 0.064250
49 0.509304 1178 0.058900
50 0.510033 1034 0.051700
51 0.510762 857 0.042850
52 0.511491 830 0.041500
53 0.512219 651 0.032550
54 0.512948 612 0.030600
55 0.513677 508 0.025400
56 0.514406 377 0.018850
57 0.515134 273 0.013650
58 0.515863 207 0.010350
59 0.516592 152 0.007600
60 0.517321 155 0.007750
61 0.518049 177 0.008850
62 0.518778 150 0.007500
63 0.519507 124 0.006200
64 0.520236 90 0.004500
65 0.520964 94 0.004700
66 0.521693 80 0.004000
67 0.522422 72 0.003600
68 0.523151 68 0.003400
69 0.523879 51 0.002550
70 0.524608 39 0.001950
71 0.525337 34 0.001700
72 0.526066 19 0.000950
73 0.526794 39 0.001950
74 0.527523 32 0.001600
75 0.528252 26 0.001300
76 0.528981 15 0.000750
77 0.529709 19 0.000950
78 0.530438 16 0.000800
79 0.531167 11 0.000550
80 0.531896 5 0.000250
81 0.532624 8 0.000400
82 0.533353 5 0.000250
83 0.534082 6 0.000300
84 0.534811 3 0.000150
85 0.535539 5 0.000250
86 0.536268 14 0.000700
87 0.536997 6 0.000300
88 0.537726 5 0.000250
89 0.538454 12 0.000600
90 0.539183 4 0.000200
91 0.539912 5 0.000250
92 0.540641 0 0.000000
93 0.541369 4 0.000200
94 0.542098 3 0.000150
95 0.542827 1 0.000050
96 0.543556 0 0.000000
97 0.544284 0 0.000000
98 0.545013 4 0.000200
99 0.545742 1 0.000050
