0 0.045483 5 0.000083
1 0.055054 0 0.000000
2 0.064624 1 0.000017
3 0.074194 6 0.000100
4 0.083764 9 0.000150
5 0.093334 8 0.000133
6 0.102904 18 0.000300
7 0.112474 15 0.000250
8 0.122044 25 0.000417
9 0.131614 23 0.000383
10 0.141184 31 0.000517
11 0.150754 31 0.000517
12 0.160324 18 0.000300
13 0.169894 15 0.000250
14 0.179465 15 0.000250
15 0.189035 23 0.000383
16 0.198605 23 0.000383
17 0.208175 29 0.000483
18 0.217745 29 0.000483
19 0.227315 40 0.000667
20 0.236885 44 0.000733
21 0.246455 47 0.000783
22 0.256025 53 0.000883
23 0.265595 51 0.000850
24 0.275165 67 0.001117
25 0.284735 84 0.001400
26 0.294306 80 0.001333
27 0.303876 78 0.001300
28 0.313446 98 0.001633
29 0.323016 116 0.001933
30 0.332586 261 0.004350
31 0.342156 263 0.004383
32 0.351726 90 0.001500
33 0.361296 103 0.001717
34 0.370866 153 0.002550
35 0.380436 120 0.002000
36 0.390006 183 0.003050
37 0.399576 184 0.003067
38 0.409146 196 0.003267
39 0.418717 238 0.003967
40 0.428287 332 0.005533
41 0.437857 331 0.005517
42 0.447427 467 0.007783
43 0.456997 600 0.010000
44 0.466567 836 0.013933
45 0.476137 1116 0.018600
46 0.485707 2037 0.033950
47 0.495277 6468 0.107800
48 0.504847 16374 0.272900
49 0.514417 3859 0.064317
50 0.523987 1616 0.026933
51 0.533557 1079 0.017983
52 0.543128 857 0.014283
53 0.552698 807 0.013450
54 0.562268 833 0.013883
55 0.571838 880 0.014667
56 0.581408 1349 0.022483
57 0.590978 2563 0.042717
58 0.600548 2851 0.047517
59 0.610118 1650 0.027500
60 0.619688 991 0.016517
61 0.629258 760 0.012667
62 0.638828 563 0.009383
63 0.648398 382 0.006367
64 0.657969 350 0.005833
65 0.667539 277 0.004617
66 0.677109 285 0.004750
67 0.686679 264 0.004400
68 0.696249 202 0.003367
69 0.705819 207 0.003450
70 0.715389 191 0.003183
71 0.724959 188 0.003133
72 0.734529 166 0.002767
73 0.744099 179 0.002983
74 0.753669 173 0.002883
75 0.763239 165 0.002750
76 0.772810 154 0.002567
77 0.782380 161 0.002683
78 0.791950 174 0.002900
79 0.801520 179 0.002983
80 0.811090 224 0.003733
81 0.820660 205 0.003417
82 0.830230 243 0.004050
83 0.839800 258 0.004300
84 0.849370 232 0.003867
85 0.858940 257 0.004283
86 0.868510 302 0.005033
87 0.878080 365 0.006083
88 0.887650 451 0.007517
89 0.897220 268 0.004467
90 0.906791 184 0.003067
91 0.916361 223 0.003717
92 0.925931 262 0.004367
93 0.935501 328 0.005467
94 0.945071 216 0.003600
95 0.954641 91 0.001517
96 0.964211 62 0.001033
97 0.973781 30 0.000500
98 0.983351 9 0.000150
99 0.992921 1 0.000017
