0 0.011833 2 0.000100
1 0.021604 7 0.000350
2 0.031376 4 0.000200
3 0.041148 8 0.000400
4 0.050919 10 0.000500
5 0.060691 13 0.000650
6 0.070462 8 0.000400
7 0.080234 9 0.000450
8 0.090006 6 0.000300
9 0.099777 7 0.000350
10 0.109549 6 0.000300
11 0.119321 11 0.000550
12 0.129092 10 0.000500
13 0.138864 4 0.000200
14 0.148635 6 0.000300
15 0.158407 12 0.000600
16 0.168179 12 0.000600
17 0.177950 14 0.000700
18 0.187722 22 0.001100
19 0.197494 20 0.001000
20 0.207265 24 0.001200
21 0.217037 21 0.001050
22 0.226808 31 0.001550
23 0.236580 34 0.001700
24 0.246352 31 0.001550
25 0.256123 41 0.002050
26 0.265895 37 0.001850
27 0.275667 53 0.002650
28 0.285438 43 0.002150
29 0.295210 69 0.003450
30 0.304981 61 0.003050
31 0.314753 67 0.003350
32 0.324525 80 0.004000
33 0.334296 78 0.003900
34 0.344068 89 0.004450
35 0.353840 87 0.004350
36 0.363611 128 0.006400
37 0.373383 121 0.006050
38 0.383154 164 0.008200
39 0.392926 180 0.009000
40 0.402698 219 0.010950
41 0.412469 226 0.011300
42 0.422241 300 0.015000
43 0.432012 361 0.018050
44 0.441784 397 0.019850
45 0.451556 573 0.028650
46 0.461327 742 0.037100
47 0.471099 1057 0.052850
48 0.480871 1798 0.089900
49 0.490642 3183 0.159150
50 0.500414 2846 0.142300
51 0.510185 1574 0.078700
52 0.519957 957 0.047850
53 0.529729 688 0.034400
54 0.539500 466 0.023300
55 0.549272 373 0.018650
56 0.559044 376 0.018800
57 0.568815 271 0.013550
58 0.578587 273 0.013650
59 0.588358 163 0.008150
60 0.598130 174 0.008700
61 0.607902 153 0.007650
62 0.617673 130 0.006500
63 0.627445 99 0.004950
64 0.637217 108 0.005400
65 0.646988 93 0.004650
66 0.656760 80 0.004000
67 0.666531 80 0.004000
68 0.676303 65 0.003250
69 0.686075 47 0.002350
70 0.695846 30 0.001500
71 0.705618 43 0.002150
72 0.715390 40 0.002000
73 0.725161 14 0.000700
74 0.734933 26 0.001300
75 0.744704 32 0.001600
76 0.754476 18 0.000900
77 0.764248 30 0.001500
78 0.774019 30 0.001500
79 0.783791 28 0.001400
80 0.793563 20 0.001000
81 0.803334 12 0.000600
82 0.813106 19 0.000950
83 0.822877 21 0.001050
84 0.832649 8 0.000400
85 0.842421 18 0.000900
86 0.852192 14 0.000700
87 0.861964 7 0.000350
88 0.871736 10 0.000500
89 0.881507 8 0.000400
90 0.891279 2 0.000100
91 0.901050 7 0.000350
92 0.910822 12 0.000600
93 0.920594 15 0.000750
94 0.930365 12 0.000600
95 0.940137 6 0.000300
96 0.949908 3 0.000150
97 0.959680 2 0.000100
98 0.969452 9 0.000450
99 0.979223 2 0.000100
