0 0.124580 11 0.000550
1 0.133286 15 0.000750
2 0.141992 18 0.000900
3 0.150698 15 0.000750
4 0.159403 4 0.000200
5 0.168109 5 0.000250
6 0.176815 1 0.000050
7 0.185521 1 0.000050
8 0.194226 5 0.000250
9 0.202932 1 0.000050
10 0.211638 1 0.000050
11 0.220344 7 0.000350
12 0.229050 13 0.000650
13 0.237755 14 0.000700
14 0.246461 19 0.000950
15 0.255167 13 0.000650
16 0.263873 12 0.000600
17 0.272579 21 0.001050
18 0.281284 28 0.001400
19 0.289990 23 0.001150
20 0.298696 44 0.002200
21 0.307402 37 0.001850
22 0.316108 43 0.002150
23 0.324813 54 0.002700
24 0.333519 195 0.009750
25 0.342225 161 0.008050
26 0.350931 26 0.001300
27 0.359637 10 0.000500
28 0.368342 12 0.000600
29 0.377048 18 0.000900
30 0.385754 9 0.000450
31 0.394460 12 0.000600
32 0.403166 14 0.000700
33 0.411871 12 0.000600
34 0.420577 25 0.001250
35 0.429283 24 0.001200
36 0.437989 26 0.001300
37 0.446694 21 0.001050
38 0.455400 30 0.001500
39 0.464106 46 0.002300
40 0.472812 60 0.003000
41 0.481518 67 0.003350
42 0.490223 73 0.003650
43 0.498929 115 0.005750
44 0.507635 97 0.004850
45 0.516341 98 0.004900
46 0.525047 151 0.007550
47 0.533752 160 0.008000
48 0.542458 224 0.011200
49 0.551164 276 0.013800
50 0.559870 414 0.020700
51 0.568576 427 0.021350
52 0.577281 556 0.027800
53 0.585987 1483 0.074150
54 0.594693 2555 0.127750
55 0.603399 2218 0.110900
56 0.612105 1175 0.058750
57 0.620810 764 0.038200
58 0.629516 571 0.028550
59 0.638222 429 0.021450
60 0.646928 294 0.014700
61 0.655634 238 0.011900
62 0.664339 193 0.009650
63 0.673045 184 0.009200
64 0.681751 175 0.008750
65 0.690457 177 0.008850
66 0.699162 175 0.008750
67 0.707868 141 0.007050
68 0.716574 143 0.007150
69 0.725280 152 0.007600
70 0.733986 126 0.006300
71 0.742691 129 0.006450
72 0.751397 143 0.007150
73 0.760103 110 0.005500
74 0.768809 124 0.006200
75 0.777515 136 0.006800
76 0.786220 124 0.006200
77 0.794926 154 0.007700
78 0.803632 131 0.006550
79 0.812338 177 0.008850
80 0.821044 160 0.008000
81 0.829749 207 0.010350
82 0.838455 218 0.010900
83 0.847161 221 0.011050
84 0.855867 193 0.009650
85 0.864573 256 0.012800
86 0.873278 291 0.014550
87 0.881984 322 0.016100
88 0.890690 387 0.019350
89 0.899396 212 0.010600
90 0.908101 156 0.007800
91 0.916807 206 0.010300
92 0.925513 228 0.011400
93 0.934219 314 0.015700
94 0.942925 206 0.010300
95 0.951630 121 0.006050
96 0.960336 52 0.002600
97 0.969042 46 0.002300
98 0.977748 18 0.000900
99 0.986454 1 0.000050
