0 0.000000 1 0.000050
1 0.009131 0 0.000000
2 0.018262 0 0.000000
3 0.027394 0 0.000000
4 0.036525 0 0.000000
5 0.045656 0 0.000000
6 0.054787 0 0.000000
7 0.063918 0 0.000000
8 0.073049 0 0.000000
9 0.082181 0 0.000000
10 0.091312 0 0.000000
11 0.100443 0 0.000000
12 0.109574 0 0.000000
13 0.118705 0 0.000000
14 0.127837 1 0.000050
15 0.136968 1 0.000050
16 0.146099 0 0.000000
17 0.155230 0 0.000000
18 0.164361 0 0.000000
19 0.173493 0 0.000000
20 0.182624 0 0.000000
21 0.191755 0 0.000000
22 0.200886 4 0.000200
23 0.210017 2 0.000100
24 0.219148 9 0.000450
25 0.228280 2 0.000100
26 0.237411 1 0.000050
27 0.246542 2 0.000100
28 0.255673 0 0.000000
29 0.264804 0 0.000000
30 0.273936 1 0.000050
31 0.283067 3 0.000150
32 0.292198 5 0.000250
33 0.301329 27 0.001350
34 0.310460 53 0.002650
35 0.319591 66 0.003300
36 0.328723 72 0.003600
37 0.337854 49 0.002450
38 0.346985 58 0.002900
39 0.356116 152 0.007600
40 0.365247 233 0.011650
41 0.374379 324 0.016200
42 0.383510 199 0.009950
43 0.392641 194 0.009700
44 0.401772 287 0.014350
45 0.410903 398 0.019900
46 0.420034 744 0.037200
47 0.429166 840 0.042000
48 0.438297 390 0.019500
49 0.447428 420 0.021000
50 0.456559 593 0.029650
51 0.465690 940 0.047000
52 0.474822 667 0.033350
53 0.483953 626 0.031300
54 0.493084 1117 0.055850
55 0.502215 3828 0.191400
56 0.511346 741 0.037050
57 0.520478 1005 0.050250
58 0.529609 1065 0.053250
59 0.538740 513 0.025650
60 0.547871 478 0.023900
61 0.557002 518 0.025900
62 0.566133 757 0.037850
63 0.575265 482 0.024100
64 0.584396 286 0.014300
65 0.593527 223 0.011150
66 0.602658 252 0.012600
67 0.611789 211 0.010550
68 0.620921 373 0.018650
69 0.630052 205 0.010250
70 0.639183 95 0.004750
71 0.648314 74 0.003700
72 0.657445 130 0.006500
73 0.666577 106 0.005300
74 0.675708 86 0.004300
75 0.684839 25 0.001250
76 0.693970 22 0.001100
77 0.703101 20 0.001000
78 0.712232 7 0.000350
79 0.721364 1 0.000050
80 0.730495 0 0.000000
81 0.739626 1 0.000050
82 0.748757 2 0.000100
83 0.757888 0 0.000000
84 0.767020 2 0.000100
85 0.776151 0 0.000000
86 0.785282 3 0.000150
87 0.794413 2 0.000100
88 0.803544 3 0.000150
89 0.812675 0 0.000000
90 0.821807 0 0.000000
91 0.830938 0 0.000000
92 0.840069 0 0.000000
93 0.849200 0 0.000000
94 0.858331 0 0.000000
95 0.867463 1 0.000050
96 0.876594 0 0.000000
97 0.885725 0 0.000000
98 0.894856 1 0.000050
99 0.903987 1 0.000050
