0 0.045483 5 0.000250
1 0.055054 0 0.000000
2 0.064624 1 0.000050
3 0.074194 6 0.000300
4 0.083764 9 0.000450
5 0.093334 8 0.000400
6 0.102904 18 0.000900
7 0.112474 15 0.000750
8 0.122044 15 0.000750
9 0.131614 8 0.000400
10 0.141184 12 0.000600
11 0.150754 14 0.000700
12 0.160324 13 0.000650
13 0.169894 13 0.000650
14 0.179465 14 0.000700
15 0.189035 18 0.000900
16 0.198605 21 0.001050
17 0.208175 29 0.001450
18 0.217745 25 0.001250
19 0.227315 24 0.001200
20 0.236885 29 0.001450
21 0.246455 26 0.001300
22 0.256025 37 0.001850
23 0.265595 38 0.001900
24 0.275165 42 0.002100
25 0.284735 50 0.002500
26 0.294306 43 0.002150
27 0.303876 41 0.002050
28 0.313446 49 0.002450
29 0.323016 59 0.002950
30 0.332586 62 0.003100
31 0.342156 97 0.004850
32 0.351726 66 0.003300
33 0.361296 92 0.004600
34 0.370866 138 0.006900
35 0.380436 105 0.005250
36 0.390006 168 0.008400
37 0.399576 171 0.008550
38 0.409146 183 0.009150
39 0.418717 210 0.010500
40 0.428287 308 0.015400
41 0.437857 304 0.015200
42 0.447427 446 0.022300
43 0.456997 552 0.027600
44 0.466567 782 0.039100
45 0.476137 972 0.048600
46 0.485707 1478 0.073900
47 0.495277 2555 0.127750
48 0.504847 3034 0.151700
49 0.514417 1724 0.086200
50 0.523987 1154 0.057700
51 0.533557 830 0.041500
52 0.543128 588 0.029400
53 0.552698 468 0.023400
54 0.562268 409 0.020450
55 0.571838 357 0.017850
56 0.581408 242 0.012100
57 0.590978 216 0.010800
58 0.600548 155 0.007750
59 0.610118 160 0.008000
60 0.619688 125 0.006250
61 0.629258 138 0.006900
62 0.638828 119 0.005950
63 0.648398 67 0.003350
64 0.657969 95 0.004750
65 0.667539 83 0.004150
66 0.677109 94 0.004700
67 0.686679 54 0.002700
68 0.696249 25 0.001250
69 0.705819 35 0.001750
70 0.715389 35 0.001750
71 0.724959 20 0.001000
72 0.734529 28 0.001400
73 0.744099 36 0.001800
74 0.753669 25 0.001250
75 0.763239 28 0.001400
76 0.772810 26 0.001300
77 0.782380 17 0.000850
78 0.791950 22 0.001100
79 0.801520 23 0.001150
80 0.811090 30 0.001500
81 0.820660 26 0.001300
82 0.830230 17 0.000850
83 0.839800 18 0.000900
84 0.849370 9 0.000450
85 0.858940 13 0.000650
86 0.868510 14 0.000700
87 0.878080 16 0.000800
88 0.887650 20 0.001000
89 0.897220 1 0.000050
90 0.906791 6 0.000300
91 0.916361 5 0.000250
92 0.925931 4 0.000200
93 0.935501 7 0.000350
94 0.945071 3 0.000150
95 0.954641 0 0.000000
96 0.964211 2 0.000100
97 0.973781 1 0.000050
98 0.983351 4 0.000200
99 0.992921 1 0.000050
