0 0 0.000000 0.969594 0.125202 0.973207 0.125237
0 1 0.114943 0.972114 0.126851 0.975570 0.128097
0 2 0.229885 0.969834 0.126475 0.968883 0.125202
0 3 0.344828 0.972459 0.128175 0.971184 0.126489
0 4 0.459770 0.971395 0.127739 0.972643 0.126147
0 5 0.574713 0.972141 0.126347 0.972664 0.125169
0 6 0.689655 0.970948 0.128056 0.969433 0.126696
0 7 0.804598 0.969862 0.124662 0.972847 0.126568
0 8 0.919540 0.972917 0.126415 0.974380 0.126567
0 9 1.034483 0.972050 0.127306 0.974361 0.126619
0 10 1.149425 0.971460 0.126935 0.974014 0.126810
0 11 1.264368 0.971753 0.125235 0.969602 0.123335
0 12 1.379310 0.970806 0.126912 0.970465 0.127077
0 13 1.494253 0.971057 0.127460 0.969237 0.125716
0 14 1.609195 0.971481 0.125699 0.967319 0.124623
0 15 1.724138 0.968262 0.125149 0.972276 0.125800
0 16 1.839080 0.971558 0.125512 0.970073 0.126296
0 17 1.954023 0.972850 0.127000 0.970548 0.125326
0 18 2.068965 0.971112 0.125570 0.971011 0.125948
0 19 2.183908 0.973697 0.127912 0.970225 0.125376
0 20 2.298851 0.972811 0.125772 0.971972 0.125886
0 21 2.413793 0.971764 0.126434 0.970968 0.126569
0 22 2.528736 0.971844 0.126146 0.971878 0.127217
0 23 2.643678 0.971973 0.126649 0.972845 0.126629
0 24 2.758621 0.972342 0.125514 0.972696 0.126153
0 25 2.873563 0.971368 0.127027 0.973759 0.128402
0 26 2.988506 0.971207 0.126107 0.970712 0.126295
0 27 3.103448 0.970031 0.126924 0.970319 0.127617
0 28 3.218391 0.971910 0.127652 0.968671 0.125413
0 29 3.333333 0.973053 0.128286 0.973849 0.127712
0 30 3.448276 0.969698 0.126448 0.970154 0.127187
0 31 3.563218 0.972785 0.126382 0.974207 0.126093
0 32 3.678161 0.973769 0.125581 0.972770 0.127077
0 33 3.793103 0.971704 0.126974 0.970723 0.126273
0 34 3.908046 0.970936 0.125512 0.974979 0.128369
0 35 4.022988 0.969844 0.126234 0.970104 0.124266
0 36 4.137931 0.971221 0.126684 0.970365 0.126628
0 37 4.252873 0.970605 0.126679 0.970455 0.126849
0 38 4.367816 0.969526 0.125035 0.972857 0.127791
0 39 4.482759 0.973904 0.126343 0.972605 0.126496
0 40 4.597701 0.972200 0.125831 0.971227 0.125644
0 41 4.712644 0.974218 0.125380 0.972781 0.127529
0 42 4.827586 0.971717 0.126789 0.973008 0.127568
0 43 4.942529 0.970634 0.126822 0.969058 0.125780
0 44 5.057471 0.972013 0.127339 0.972577 0.126767
0 45 5.172414 0.972837 0.125367 0.970410 0.125337
0 46 5.287356 0.974757 0.127376 0.972046 0.126447
0 47 5.402299 0.973275 0.127867 0.971624 0.128208
0 48 5.517241 0.973630 0.127705 0.971821 0.127748
0 49 5.632184 0.968604 0.128597 0.973271 0.125637
0 50 5.747127 0.971930 0.126502 0.969886 0.125093
0 51 5.862069 0.971700 0.126554 0.970441 0.127818
0 52 5.977012 0.971875 0.127572 0.972512 0.126783
0 53 6.091954 0.971818 0.124983 0.973074 0.128131
0 54 6.206897 0.969942 0.125838 0.972761 0.127127
0 55 6.321839 0.972334 0.127905 0.973111 0.126732
0 56 6.436781 0.971981 0.125359 0.974871 0.127535
0 57 6.551724 0.969493 0.125335 0.970558 0.125548
0 58 6.666667 0.970926 0.125853 0.973205 0.127556
0 59 6.781609 0.970770 0.125044 0.970075 0.126842
0 60 6.896552 0.970462 0.125996 0.974389 0.126944
0 61 7.011494 0.971052 0.127854 0.970675 0.125017
0 62 7.126437 0.973416 0.126889 0.969547 0.125215
0 63 7.241379 0.972215 0.126117 0.970563 0.125379
0 64 7.356322 0.973846 0.126538 0.971507 0.126471
0 65 7.471264 0.971625 0.127677 0.969220 0.126293
0 66 7.586207 0.973670 0.127444 0.972486 0.126203
0 67 7.701149 0.972272 0.127843 0.969746 0.126029
0 68 7.816092 0.971925 0.125822 0.969553 0.127038
0 69 7.931035 0.970048 0.126792 0.968143 0.126108
0 70 8.045977 0.972804 0.126148 0.971820 0.127274
0 71 8.160919 0.972348 0.126401 0.970710 0.126379
0 72 8.275862 0.971514 0.126020 0.969108 0.125199
0 73 8.390804 0.971488 0.126025 0.975340 0.127878
0 74 8.505747 0.971087 0.127615 0.971093 0.125588
0 75 8.620689 0.971134 0.126502 0.972041 0.125658
0 76 8.735632 0.968647 0.126751 0.970184 0.124633
0 77 8.850574 0.971630 0.126826 0.971952 0.126261
0 78 8.965517 0.971394 0.124369 0.973436 0.127558
0 79 9.080460 0.972723 0.125982 0.972535 0.125629
0 80 9.195402 0.970915 0.126467 0.972860 0.126299
0 81 9.310345 0.971113 0.126875 0.973005 0.127520
0 82 9.425287 0.972441 0.127106 0.971588 0.126023
0 83 9.540230 0.969928 0.126022 0.972552 0.128108
0 84 9.655172 0.969796 0.126739 0.972039 0.127957
0 85 9.770115 0.968825 0.125821 0.972082 0.125435
0 86 9.885057 0.973874 0.128239 0.971761 0.125667
1 0 10.000000 0.972172 0.127497 0.968933 0.125752
1 1 10.114943 0.968713 0.124568 0.971401 0.126643
1 2 10.229885 0.969648 0.124507 0.972041 0.126369
1 3 10.344828 0.968925 0.126082 0.972898 0.125849
1 4 10.459770 0.973436 0.125296 0.969108 0.127068
1 5 10.574713 0.972902 0.125950 0.972863 0.126723
1 6 10.689655 0.969716 0.125597 0.975756 0.126530
1 7 10.804598 0.974145 0.127841 0.971660 0.127358
1 8 10.919540 0.970034 0.127372 0.970472 0.125378
1 9 11.034483 0.970788 0.124801 0.971455 0.127831
1 10 11.149426 0.969705 0.125570 0.974098 0.127022
1 11 11.264368 0.970664 0.124582 0.970911 0.127380
1 12 11.379311 0.972676 0.127227 0.969155 0.124752
1 13 11.494253 0.974876 0.127039 0.970964 0.125851
1 14 11.609196 0.971672 0.127850 0.974483 0.126885
1 15 11.724138 0.971340 0.127511 0.972015 0.127057
1 16 11.839081 0.973497 0.125119 0.969860 0.125612
1 17 11.954023 0.971625 0.126204 0.971273 0.126571
1 18 12.068966 0.973329 0.127278 0.971662 0.125970
1 19 12.183908 0.971718 0.125731 0.971515 0.126225
1 20 12.298851 0.972352 0.126765 0.970393 0.127128
1 21 12.413794 0.972098 0.127404 0.971816 0.126631
1 22 12.528735 0.970988 0.125888 0.971480 0.126779
1 23 12.643678 0.972585 0.127903 0.967561 0.126014
1 24 12.758620 0.972155 0.127839 0.971120 0.126080
1 25 12.873563 0.971446 0.125702 0.972873 0.126489
1 26 12.988505 0.971839 0.127647 0.971722 0.127011
1 27 13.103448 0.971801 0.126215 0.972011 0.125309
1 28 13.218390 0.970927 0.126257 0.971514 0.125323
1 29 13.333333 0.971651 0.125900 0.970513 0.126075
1 30 13.448276 0.972809 0.126894 0.972048 0.126638
1 31 13.563218 0.969899 0.124972 0.972530 0.127674
1 32 13.678161 0.970472 0.125287 0.971211 0.124851
1 33 13.793103 0.968770 0.126317 0.969708 0.125896
1 34 13.908046 0.971664 0.126502 0.966181 0.125410
1 35 14.022988 0.971351 0.126337 0.973647 0.126234
1 36 14.137931 0.971416 0.128420 0.970638 0.127352
1 37 14.252873 0.971785 0.127854 0.970029 0.126390
1 38 14.367816 0.968553 0.125412 0.974026 0.127720
1 39 14.482759 0.972118 0.126615 0.972252 0.126426
1 40 14.597701 0.972417 0.125354 0.970961 0.126201
1 41 14.712644 0.973585 0.126731 0.971042 0.126030
1 42 14.827586 0.973629 0.126398 0.973336 0.126571
1 43 14.942529 0.969470 0.124738 0.970296 0.126492
1 44 15.057471 0.969938 0.126707 0.969854 0.124673
1 45 15.172414 0.971971 0.125768 0.973247 0.128005
1 46 15.287356 0.970838 0.127041 0.973881 0.129724
1 47 15.402299 0.972386 0.127494 0.973814 0.126884
1 48 15.517241 0.974317 0.126227 0.973506 0.126832
1 49 15.632184 0.973060 0.126553 0.971700 0.126994
1 50 15.747127 0.975438 0.128416 0.970402 0.126486
1 51 15.862069 0.972036 0.126904 0.972479 0.126207
1 52 15.977012 0.970115 0.125527 0.971833 0.126777
1 53 16.091953 0.972176 0.127411 0.971621 0.126248
1 54 16.206896 0.970886 0.126303 0.970731 0.126651
1 55 16.321838 0.972820 0.125288 0.972279 0.126502
1 56 16.436781 0.974029 0.128000 0.971558 0.126419
1 57 16.551723 0.971908 0.126482 0.972736 0.128226
1 58 16.666666 0.969443 0.126233 0.973001 0.127740
1 59 16.781609 0.972239 0.126620 0.970120 0.128044
1 60 16.896551 0.971148 0.127014 0.970649 0.125150
1 61 17.011494 0.971256 0.126589 0.973240 0.128212
1 62 17.126436 0.968582 0.126476 0.970101 0.124885
1 63 17.241379 0.972395 0.125875 0.972551 0.125939
1 64 17.356321 0.971423 0.126985 0.971380 0.124632
1 65 17.471264 0.971081 0.125075 0.971620 0.126341
1 66 17.586206 0.969768 0.127461 0.971902 0.124858
1 67 17.701149 0.975618 0.128037 0.972582 0.125262
1 68 17.816092 0.970361 0.127313 0.973585 0.126331
1 69 17.931034 0.969162 0.126051 0.972631 0.125833
1 70 18.045977 0.969793 0.126341 0.973474 0.125378
1 71 18.160919 0.970155 0.124599 0.970343 0.125078
1 72 18.275862 0.971392 0.125484 0.969888 0.127030
1 73 18.390804 0.971040 0.127363 0.969809 0.126030
1 74 18.505747 0.974089 0.127510 0.973271 0.128012
1 75 18.620689 0.971301 0.125904 0.968857 0.125272
1 76 18.735632 0.969778 0.125813 0.971520 0.126888
1 77 18.850574 0.970518 0.125922 0.971088 0.126994
1 78 18.965517 0.973370 0.126087 0.973234 0.126960
1 79 19.080460 0.971366 0.126516 0.970762 0.126022
1 80 19.195402 0.974248 0.125756 0.971781 0.127700
1 81 19.310345 0.967481 0.125010 0.971660 0.126111
1 82 19.425287 0.970784 0.125142 0.973038 0.126831
1 83 19.540230 0.972851 0.125882 0.973135 0.127079
1 84 19.655172 0.976078 0.127441 0.972823 0.128226
1 85 19.770115 0.973123 0.126181 0.968978 0.125937
1 86 19.885057 0.970376 0.126762 0.968912 0.126266
2 0 20.000000 0.969766 0.126909 0.971331 0.126416
2 1 20.114943 0.970004 0.125051 0.972079 0.125688
2 2 20.229885 0.973885 0.127178 0.973468 0.125706
2 3 20.344828 0.969645 0.127051 0.971901 0.125448
2 4 20.459770 0.972501 0.128079 0.970259 0.126464
2 5 20.574713 0.973751 0.126355 0.971850 0.127601
2 6 20.689655 0.970915 0.127008 0.970492 0.126047
2 7 20.804598 0.971111 0.129124 0.972126 0.127890
2 8 20.919540 0.972446 0.127043 0.971363 0.127129
2 9 21.034483 0.973620 0.126939 0.972367 0.127431
2 10 21.149426 0.973165 0.128360 0.972737 0.127756
2 11 21.264368 0.971790 0.126851 0.970796 0.124532
2 12 21.379311 0.970946 0.125957 0.971722 0.127984
2 13 21.494253 0.974100 0.127330 0.969539 0.126015
2 14 21.609196 0.970103 0.125585 0.973891 0.126933
2 15 21.724138 0.975429 0.128125 0.970859 0.125292
2 16 21.839081 0.974559 0.125324 0.972970 0.126486
2 17 21.954023 0.971466 0.126416 0.968439 0.125783
2 18 22.068966 0.972314 0.127342 0.971133 0.126276
2 19 22.183908 0.972877 0.126455 0.970553 0.124835
2 20 22.298851 0.972305 0.127346 0.970520 0.125703
2 21 22.413794 0.970729 0.126144 0.969654 0.126547
2 22 22.528736 0.970817 0.126585 0.972093 0.126822
2 23 22.643679 0.971659 0.127868 0.971331 0.128144
2 24 22.758621 0.971265 0.124378 0.972292 0.125166
2 25 22.873564 0.972539 0.127627 0.972353 0.126492
2 26 22.988506 0.970774 0.126615 0.972953 0.125589
2 27 23.103449 0.968536 0.125489 0.972790 0.126141
2 28 23.218391 0.970501 0.126003 0.970123 0.126048
2 29 23.333334 0.974589 0.126650 0.968693 0.125707
2 30 23.448277 0.972646 0.126796 0.969535 0.124998
2 31 23.563219 0.971636 0.126515 0.970190 0.125723
2 32 23.678162 0.970890 0.126499 0.972346 0.126691
2 33 23.793104 0.970144 0.125850 0.971593 0.126894
2 34 23.908047 0.971164 0.126202 0.972168 0.126925
2 35 24.022989 0.970227 0.126998 0.969616 0.124833
2 36 24.137932 0.970539 0.127700 0.970723 0.125568
2 37 24.252874 0.971979 0.126948 0.972322 0.124594
2 38 24.367817 0.972496 0.127596 0.972796 0.126646
2 39 24.482759 0.970345 0.127189 0.971025 0.124535
2 40 24.597702 0.970320 0.125743 0.972858 0.126222
2 41 24.712645 0.974645 0.125520 0.970607 0.125827
2 42 24.827587 0.971462 0.124039 0.971800 0.126711
2 43 24.942530 0.972195 0.127338 0.970970 0.125273
2 44 25.057470 0.973728 0.127701 0.971030 0.125473
2 45 25.172413 0.973257 0.127054 0.973197 0.126252
2 46 25.287355 0.972314 0.125006 0.972890 0.125563
2 47 25.402298 0.973604 0.124861 0.969823 0.126439
2 48 25.517241 0.968456 0.126801 0.972342 0.127438
2 49 25.632183 0.970559 0.126132 0.970379 0.125781
2 50 25.747126 0.971548 0.126760 0.972368 0.126893
2 51 25.862068 0.970748 0.124942 0.970047 0.124957
2 52 25.977011 0.973502 0.127360 0.971676 0.126875
2 53 26.091953 0.971173 0.127242 0.972552 0.128888
2 54 26.206896 0.968433 0.126307 0.974872 0.127675
2 55 26.321838 0.972781 0.127050 0.968372 0.125242
2 56 26.436781 0.971012 0.124242 0.971464 0.125482
2 57 26.551723 0.975127 0.127949 0.972699 0.127285
2 58 26.666666 0.974318 0.126573 0.971023 0.125302
2 59 26.781609 0.972423 0.127655 0.969316 0.126874
2 60 26.896551 0.972264 0.125878 0.969815 0.125945
2 61 27.011494 0.971653 0.127204 0.968586 0.125131
2 62 27.126436 0.972967 0.125989 0.972073 0.126541
2 63 27.241379 0.974912 0.127416 0.970080 0.126332
2 64 27.356321 0.971533 0.125912 0.970401 0.125573
2 65 27.471264 0.971632 0.127817 0.973505 0.126655
2 66 27.586206 0.971430 0.127427 0.970490 0.125856
2 67 27.701149 0.970288 0.125692 0.973070 0.125053
2 68 27.816092 0.972485 0.126428 0.970906 0.126456
2 69 27.931034 0.970089 0.125479 0.968309 0.125706
2 70 28.045977 0.969752 0.123873 0.973811 0.126251
2 71 28.160919 0.971811 0.125971 0.971572 0.127776
2 72 28.275862 0.971320 0.127379 0.972619 0.125958
2 73 28.390804 0.973457 0.127113 0.971565 0.127026
2 74 28.505747 0.972463 0.126345 0.970088 0.127298
2 75 28.620689 0.972281 0.127070 0.970259 0.124977
2 76 28.735632 0.969772 0.127600 0.969234 0.126262
2 77 28.850574 0.968667 0.124619 0.972853 0.127510
2 78 28.965517 0.973028 0.127002 0.971246 0.127394
2 79 29.080460 0.969662 0.125064 0.972386 0.128836
2 80 29.195402 0.970414 0.126163 0.971679 0.126414
2 81 29.310345 0.972395 0.126615 0.971242 0.127703
2 82 29.425287 0.973436 0.125798 0.971049 0.126563
2 83 29.540230 0.972299 0.126199 0.971938 0.125675
2 84 29.655172 0.969406 0.126810 0.971410 0.128048
2 85 29.770115 0.970685 0.126689 0.972170 0.127339
2 86 29.885057 0.970480 0.126406 0.971751 0.126343
3 0 30.000000 0.972686 0.125493 0.971118 0.126358
3 1 30.114943 0.967380 0.125068 0.971378 0.127008
3 2 30.229885 0.969317 0.126078 0.968839 0.126476
3 3 30.344828 0.973863 0.127174 0.969813 0.126351
3 4 30.459770 0.971505 0.127061 0.970982 0.127211
3 5 30.574713 0.976168 0.127532 0.971630 0.126301
3 6 30.689655 0.972659 0.125914 0.972831 0.126804
3 7 30.804598 0.970796 0.125385 0.973794 0.127409
3 8 30.919540 0.973969 0.126242 0.972015 0.124047
3 9 31.034483 0.971122 0.125912 0.971408 0.125263
3 10 31.149426 0.972869 0.125990 0.973229 0.127486
3 11 31.264368 0.971431 0.126935 0.972209 0.126531
3 12 31.379311 0.972253 0.126582 0.972730 0.127436
3 13 31.494253 0.975272 0.128809 0.971657 0.125191
3 14 31.609196 0.973712 0.128190 0.973639 0.127179
3 15 31.724138 0.970727 0.126836 0.973272 0.126384
3 16 31.839081 0.972511 0.126742 0.970418 0.126236
3 17 31.954023 0.972516 0.127415 0.972065 0.125920
3 18 32.068966 0.972542 0.126325 0.973805 0.127463
3 19 32.183907 0.973821 0.127855 0.970136 0.126321
3 20 32.298851 0.969254 0.127520 0.972498 0.126826
3 21 32.413792 0.973903 0.126856 0.972061 0.125812
3 22 32.528736 0.972862 0.126565 0.971653 0.126658
3 23 32.643677 0.972879 0.126242 0.968910 0.124531
3 24 32.758621 0.974935 0.127631 0.970870 0.126178
3 25 32.873562 0.972321 0.127895 0.970848 0.126815
3 26 32.988506 0.970227 0.125994 0.972400 0.126938
3 27 33.103447 0.973365 0.127302 0.971313 0.127227
3 28 33.218391 0.969669 0.125737 0.975312 0.127011
3 29 33.333332 0.971519 0.125443 0.973134 0.125834
3 30 33.448277 0.970766 0.125932 0.971778 0.126860
3 31 33.563217 0.972153 0.126187 0.971583 0.127466
3 32 33.678162 0.970208 0.125864 0.974032 0.127694
3 33 33.793102 0.972776 0.126146 0.969126 0.127087
3 34 33.908047 0.973202 0.128133 0.969951 0.125857
3 35 34.022987 0.972239 0.125727 0.968567 0.125202
3 36 34.137932 0.971696 0.126322 0.971392 0.127326
3 37 34.252872 0.969591 0.127410 0.970946 0.125116
3 38 34.367817 0.974069 0.127092 0.972638 0.127015
3 39 34.482758 0.970279 0.125274 0.968590 0.126227
3 40 34.597702 0.972681 0.127243 0.969772 0.124430
3 41 34.712643 0.971002 0.127773 0.971574 0.125937
3 42 34.827587 0.969863 0.126806 0.971814 0.125792
3 43 34.942528 0.972075 0.125213 0.969998 0.126001
3 44 35.057472 0.973857 0.127966 0.969289 0.123864
3 45 35.172413 0.971340 0.125548 0.972652 0.126033
3 46 35.287357 0.972070 0.125440 0.972012 0.126147
3 47 35.402298 0.970230 0.126732 0.970341 0.127558
3 48 35.517242 0.971854 0.126048 0.971399 0.126500
3 49 35.632183 0.973619 0.126258 0.971748 0.126216
3 50 35.747128 0.968623 0.126066 0.972722 0.126312
3 51 35.862068 0.969606 0.126455 0.972048 0.125419
3 52 35.977013 0.970281 0.126135 0.971302 0.127494
3 53 36.091953 0.970990 0.127078 0.970989 0.127359
3 54 36.206898 0.969502 0.125422 0.970601 0.125869
3 55 36.321838 0.972980 0.127320 0.973162 0.127749
3 56 36.436783 0.973246 0.125558 0.969399 0.124524
3 57 36.551723 0.971435 0.127015 0.971510 0.126498
3 58 36.666668 0.971686 0.126562 0.971540 0.126550
3 59 36.781609 0.972986 0.127432 0.972041 0.125972
3 60 36.896553 0.970527 0.126486 0.972367 0.126179
3 61 37.011494 0.974057 0.126745 0.971716 0.126487
3 62 37.126438 0.972249 0.125509 0.973167 0.126734
3 63 37.241379 0.972845 0.126997 0.968911 0.126001
3 64 37.356323 0.969390 0.125649 0.973916 0.125829
3 65 37.471264 0.972971 0.126163 0.974074 0.126009
3 66 37.586208 0.970080 0.126810 0.971557 0.125597
3 67 37.701149 0.971554 0.126146 0.972744 0.126782
3 68 37.816093 0.974035 0.126870 0.971575 0.126511
3 69 37.931034 0.970208 0.128349 0.970271 0.126454
3 70 38.045979 0.972029 0.126004 0.972152 0.127227
3 71 38.160919 0.973812 0.128559 0.971581 0.126685
3 72 38.275864 0.972568 0.126527 0.967613 0.125214
3 73 38.390804 0.971852 0.127606 0.973005 0.127385
3 74 38.505749 0.970142 0.126757 0.971819 0.127783
3 75 38.620689 0.973248 0.126484 0.971564 0.126714
3 76 38.735634 0.971335 0.126777 0.970417 0.126229
3 77 38.850574 0.972132 0.126455 0.970297 0.125877
3 78 38.965519 0.966748 0.124730 0.968948 0.126311
3 79 39.080460 0.969871 0.124310 0.969970 0.125473
3 80 39.195404 0.972441 0.126875 0.970137 0.127651
3 81 39.310345 0.972901 0.126616 0.972625 0.126830
3 82 39.425289 0.970082 0.127435 0.970546 0.125506
3 83 39.540230 0.974798 0.128368 0.971845 0.126189
3 84 39.655174 0.970482 0.125297 0.971457 0.126477
3 85 39.770115 0.970494 0.126707 0.969486 0.125536
3 86 39.885059 0.972828 0.126872 0.971909 0.126417
4 0 40.000000 0.969925 0.124776 0.971665 0.126762
4 1 40.114941 0.972509 0.127728 0.969836 0.125453
4 2 40.229885 0.970913 0.126664 0.971928 0.125895
4 3 40.344826 0.971426 0.126357 0.971822 0.126645
4 4 40.459770 0.971350 0.126600 0.970569 0.126991
4 5 40.574711 0.971645 0.126399 0.968323 0.123236
4 6 40.689655 0.968766 0.124355 0.969087 0.124466
4 7 40.804596 0.971288 0.125961 0.972187 0.126483
4 8 40.919540 0.970805 0.125184 0.972073 0.125314
4 9 41.034481 0.973212 0.126611 0.970592 0.126094
4 10 41.149426 0.970295 0.127493 0.971955 0.126510
4 11 41.264366 0.969135 0.126463 0.970209 0.126162
4 12 41.379311 0.973781 0.127495 0.972464 0.125917
4 13 41.494251 0.971277 0.127033 0.971481 0.125768
4 14 41.609196 0.970425 0.126711 0.970496 0.126009
4 15 41.724136 0.971407 0.126058 0.974306 0.128097
4 16 41.839081 0.970084 0.125498 0.970184 0.125969
4 17 41.954021 0.971418 0.126423 0.971174 0.127101
4 18 42.068966 0.974700 0.126828 0.971164 0.126031
4 19 42.183907 0.976376 0.129143 0.974740 0.126874
4 20 42.298851 0.973464 0.126264 0.970671 0.127362
4 21 42.413792 0.971349 0.125816 0.969331 0.125759
4 22 42.528736 0.972798 0.126042 0.970167 0.126662
4 23 42.643677 0.974143 0.126288 0.971874 0.125699
4 24 42.758621 0.973225 0.126535 0.970808 0.125838
4 25 42.873562 0.973112 0.125611 0.972126 0.126096
4 26 42.988506 0.974172 0.126235 0.971129 0.126095
4 27 43.103447 0.970962 0.125250 0.972416 0.128140
4 28 43.218391 0.970834 0.126099 0.971169 0.125422
4 29 43.333332 0.971457 0.127316 0.973227 0.126099
4 30 43.448277 0.970921 0.125669 0.969801 0.126264
4 31 43.563217 0.973072 0.125763 0.973663 0.128246
4 32 43.678162 0.970621 0.126218 0.969716 0.125283
4 33 43.793102 0.971071 0.126826 0.968830 0.125738
4 34 43.908047 0.970781 0.126004 0.972938 0.124971
4 35 44.022987 0.973053 0.127314 0.973550 0.127780
4 36 44.137932 0.974011 0.127046 0.972732 0.127310
4 37 44.252872 0.971145 0.124753 0.969262 0.126211
4 38 44.367817 0.971685 0.126795 0.971773 0.126097
4 39 44.482758 0.972055 0.128336 0.973325 0.127553
4 40 44.597702 0.969773 0.126240 0.973165 0.128755
4 41 44.712643 0.971510 0.127033 0.972601 0.127473
4 42 44.827587 0.972379 0.127301 0.971659 0.127022
4 43 44.942528 0.970336 0.128239 0.971422 0.126152
4 44 45.057472 0.969935 0.125940 0.974108 0.127438
4 45 45.172413 0.972513 0.127423 0.973403 0.125490
4 46 45.287357 0.971339 0.128254 0.970184 0.125634
4 47 45.402298 0.971164 0.125152 0.970054 0.125696
4 48 45.517242 0.971698 0.126637 0.970466 0.125526
4 49 45.632183 0.970227 0.125616 0.972082 0.128263
4 50 45.747128 0.970962 0.124888 0.970379 0.126028
4 51 45.862068 0.970555 0.126189 0.971030 0.126132
4 52 45.977013 0.969680 0.123869 0.971328 0.126742
4 53 46.091953 0.970201 0.126304 0.973097 0.127517
4 54 46.206898 0.971903 0.126561 0.972589 0.128163
4 55 46.321838 0.969533 0.127763 0.970100 0.124866
4 56 46.436783 0.969865 0.126303 0.972196 0.126334
4 57 46.551723 0.973159 0.127527 0.971980 0.125934
4 58 46.666668 0.971050 0.125231 0.970333 0.125617
4 59 46.781609 0.969493 0.126700 0.968793 0.126411
4 60 46.896553 0.971835 0.127777 0.970630 0.125258
4 61 47.011494 0.973461 0.127929 0.969824 0.125490
4 62 47.126438 0.969767 0.126885 0.972118 0.125366
4 63 47.241379 0.973326 0.126242 0.971609 0.127736
4 64 47.356323 0.971555 0.127236 0.971167 0.125498
4 65 47.471264 0.973017 0.126639 0.972336 0.123458
4 66 47.586208 0.974030 0.130145 0.974037 0.126001
4 67 47.701149 0.968551 0.125382 0.969166 0.126367
4 68 47.816093 0.972806 0.127383 0.970841 0.126714
4 69 47.931034 0.974807 0.125923 0.971689 0.126686
4 70 48.045979 0.969280 0.126221 0.969724 0.125506
4 71 48.160919 0.972503 0.125992 0.969910 0.125500
4 72 48.275864 0.973677 0.127359 0.971581 0.125605
4 73 48.390804 0.967537 0.125922 0.971601 0.126687
4 74 48.505749 0.969965 0.125964 0.969750 0.126698
4 75 48.620689 0.969473 0.125370 0.972763 0.126837
4 76 48.735634 0.969870 0.125440 0.972148 0.125846
4 77 48.850574 0.970390 0.125581 0.969820 0.127122
4 78 48.965519 0.969871 0.127303 0.973105 0.127758
4 79 49.080460 0.975725 0.130732 0.969705 0.126640
4 80 49.195404 0.970819 0.125464 0.969789 0.125114
4 81 49.310345 0.971371 0.126396 0.970070 0.126842
4 82 49.425289 0.973346 0.125265 0.968424 0.123636
4 83 49.540230 0.971523 0.124852 0.971951 0.126255
4 84 49.655174 0.969216 0.126021 0.973809 0.126684
4 85 49.770115 0.971728 0.127747 0.971141 0.126772
4 86 49.885059 0.972728 0.125523 0.971982 0.126651
5 0 50.000000 0.971207 0.126339 0.972498 0.127633
5 1 50.114941 0.971496 0.126052 0.969081 0.125103
5 2 50.229885 0.972200 0.125143 0.973759 0.127573
5 3 50.344826 0.970235 0.125716 0.972447 0.125076
5 4 50.459770 0.971784 0.125965 0.974978 0.127545
5 5 50.574711 0.971739 0.125854 0.972093 0.127288
5 6 50.689655 0.973749 0.125902 0.972657 0.127899
5 7 50.804596 0.972397 0.127448 0.970460 0.125908
5 8 50.919540 0.969620 0.124724 0.971276 0.125883
5 9 51.034481 0.972334 0.126975 0.971821 0.125194
5 10 51.149426 0.971988 0.128323 0.969457 0.126627
5 11 51.264366 0.970535 0.126452 0.968062 0.125761
5 12 51.379311 0.971218 0.126780 0.972452 0.125968
5 13 51.494251 0.970640 0.124922 0.968810 0.127049
5 14 51.609196 0.971467 0.124822 0.974386 0.126748
5 15 51.724136 0.969336 0.125911 0.974879 0.128519
5 16 51.839081 0.970990 0.125189 0.974180 0.128199
5 17 51.954021 0.969910 0.126937 0.969871 0.125352
5 18 52.068966 0.971360 0.125710 0.972214 0.127274
5 19 52.183907 0.971568 0.126626 0.971153 0.125159
5 20 52.298851 0.972508 0.127393 0.972794 0.127102
5 21 52.413792 0.974163 0.127447 0.968694 0.126521
5 22 52.528736 0.969699 0.125093 0.970036 0.128818
5 23 52.643677 0.972063 0.127980 0.970967 0.127141
5 24 52.758621 0.975386 0.127606 0.973063 0.126239
5 25 52.873562 0.969325 0.126975 0.974845 0.127286
5 26 52.988506 0.972977 0.127199 0.970862 0.126743
5 27 53.103447 0.970462 0.125684 0.971821 0.126616
5 28 53.218391 0.971998 0.126459 0.972985 0.125811
5 29 53.333332 0.971386 0.126690 0.971987 0.127010
5 30 53.448277 0.972848 0.126170 0.971547 0.126000
5 31 53.563217 0.970190 0.124535 0.969557 0.128071
5 32 53.678162 0.969125 0.125134 0.972279 0.127718
5 33 53.793102 0.968684 0.125075 0.970655 0.125770
5 34 53.908047 0.970502 0.128291 0.969295 0.127287
5 35 54.022987 0.972795 0.127583 0.970667 0.126775
5 36 54.137932 0.970135 0.126313 0.968008 0.125967
5 37 54.252872 0.971647 0.126246 0.972815 0.125750
5 38 54.367817 0.970929 0.125998 0.971178 0.127016
5 39 54.482758 0.970986 0.126665 0.972905 0.125774
5 40 54.597702 0.970865 0.125998 0.973276 0.126868
5 41 54.712643 0.969855 0.125196 0.968309 0.124467
5 42 54.827587 0.972486 0.126133 0.972198 0.127361
5 43 54.942528 0.971393 0.126592 0.972158 0.126654
5 44 55.057472 0.971922 0.126117 0.971026 0.124018
5 45 55.172413 0.970931 0.125997 0.973583 0.128389
5 46 55.287357 0.971087 0.127300 0.968996 0.125642
5 47 55.402298 0.972474 0.127696 0.970850 0.125868
5 48 55.517242 0.971112 0.127328 0.971109 0.125699
5 49 55.632183 0.973055 0.127298 0.971069 0.125558
5 50 55.747128 0.972246 0.127941 0.971298 0.127523
5 51 55.862068 0.969623 0.126564 0.971737 0.126956
5 52 55.977013 0.972889 0.127968 0.969463 0.126027
5 53 56.091953 0.969669 0.125542 0.970552 0.126736
5 54 56.206898 0.970080 0.126574 0.970008 0.126281
5 55 56.321838 0.970609 0.124804 0.971912 0.126737
5 56 56.436783 0.970835 0.125165 0.972850 0.125668
5 57 56.551723 0.970699 0.126318 0.974192 0.127550
5 58 56.666668 0.971695 0.125568 0.973098 0.127353
5 59 56.781609 0.973087 0.127527 0.971061 0.127012
5 60 56.896553 0.972054 0.127591 0.975095 0.126254
5 61 57.011494 0.972252 0.126451 0.973808 0.126257
5 62 57.126438 0.968680 0.127304 0.971752 0.125687
5 63 57.241379 0.971242 0.126045 0.973997 0.126377
5 64 57.356323 0.968281 0.125500 0.972538 0.127435
5 65 57.471264 0.974025 0.127051 0.971499 0.126182
5 66 57.586208 0.971549 0.126986 0.973170 0.125591
5 67 57.701149 0.970266 0.126900 0.972284 0.127175
5 68 57.816093 0.972182 0.126024 0.970083 0.127317
5 69 57.931034 0.972274 0.126483 0.971743 0.126686
5 70 58.045979 0.972456 0.128088 0.972628 0.126456
5 71 58.160919 0.968998 0.124933 0.972759 0.127390
5 72 58.275864 0.974257 0.127863 0.970743 0.128065
5 73 58.390804 0.969734 0.124747 0.972834 0.126291
5 74 58.505749 0.971141 0.126891 0.972158 0.125777
5 75 58.620689 0.972936 0.127770 0.970957 0.126428
5 76 58.735634 0.973816 0.125366 0.968551 0.124924
5 77 58.850574 0.972182 0.124321 0.971976 0.126072
5 78 58.965519 0.971786 0.126557 0.971496 0.126064
5 79 59.080460 0.970220 0.126709 0.973175 0.127306
5 80 59.195404 0.971773 0.127495 0.973281 0.126041
5 81 59.310345 0.970992 0.126864 0.968693 0.124776
5 82 59.425289 0.970352 0.125229 0.970659 0.127575
5 83 59.540230 0.970397 0.125481 0.971099 0.126909
5 84 59.655174 0.969361 0.126865 0.971181 0.126918
5 85 59.770115 0.974413 0.128416 0.974154 0.126642
5 86 59.885059 0.969074 0.125930 0.973255 0.126261
6 0 60.000000 0.971853 0.127524 0.970481 0.127185
6 1 60.114941 0.972146 0.127841 0.970960 0.126101
6 2 60.229885 0.971470 0.127131 0.971205 0.127142
6 3 60.344826 0.971816 0.127339 0.970162 0.125196
6 4 60.459770 0.972292 0.126287 0.971429 0.125516
6 5 60.574711 0.968923 0.125797 0.971991 0.126101
6 6 60.689655 0.968963 0.126701 0.970973 0.125846
6 7 60.804596 0.970622 0.126763 0.970763 0.124990
6 8 60.919540 0.968592 0.125208 0.970414 0.126738
6 9 61.034481 0.971425 0.127412 0.971155 0.126621
6 10 61.149426 0.971609 0.126348 0.972853 0.127711
6 11 61.264366 0.973335 0.126720 0.971448 0.125319
6 12 61.379311 0.967651 0.125712 0.972516 0.125474
6 13 61.494251 0.971960 0.126684 0.972585 0.125586
6 14 61.609196 0.974238 0.127189 0.971339 0.125180
6 15 61.724136 0.968755 0.125785 0.973916 0.128959
6 16 61.839081 0.974232 0.126254 0.974052 0.127777
6 17 61.954021 0.970511 0.126285 0.971711 0.127701
6 18 62.068966 0.969802 0.126713 0.970718 0.125882
6 19 62.183907 0.973349 0.127920 0.972740 0.127233
6 20 62.298851 0.972169 0.126606 0.970928 0.124959
6 21 62.413792 0.972217 0.127016 0.971418 0.125805
6 22 62.528736 0.970130 0.125428 0.967459 0.126280
6 23 62.643677 0.972557 0.125258 0.970013 0.126051
6 24 62.758621 0.971765 0.125441 0.971536 0.126147
6 25 62.873562 0.974835 0.126483 0.970303 0.125502
6 26 62.988506 0.969776 0.126515 0.971016 0.126129
6 27 63.103447 0.974256 0.127007 0.973611 0.126221
6 28 63.218391 0.973874 0.126017 0.972039 0.127487
6 29 63.333332 0.972981 0.126481 0.971779 0.128132
6 30 63.448277 0.970069 0.126468 0.971349 0.126198
6 31 63.563217 0.969872 0.126351 0.970693 0.126398
6 32 63.678162 0.972774 0.127417 0.970610 0.125878
6 33 63.793102 0.973268 0.126477 0.974697 0.127710
6 34 63.908047 0.969210 0.126221 0.968748 0.126158
6 35 64.022987 0.969377 0.125827 0.972984 0.127782
6 36 64.137932 0.970782 0.127330 0.968470 0.125958
6 37 64.252876 0.970050 0.125323 0.969313 0.125283
6 38 64.367813 0.970888 0.125290 0.973067 0.125896
6 39 64.482758 0.970115 0.126486 0.972324 0.126693
6 40 64.597702 0.970171 0.126629 0.970712 0.126488
6 41 64.712646 0.973086 0.126978 0.973726 0.128125
6 42 64.827583 0.969840 0.127218 0.973660 0.124969
6 43 64.942528 0.971991 0.127526 0.969480 0.124825
6 44 65.057472 0.970265 0.127199 0.974485 0.127996
6 45 65.172417 0.970363 0.127012 0.969768 0.127054
6 46 65.287354 0.972192 0.127079 0.968993 0.127621
6 47 65.402298 0.972002 0.125872 0.973001 0.127187
6 48 65.517242 0.972611 0.126716 0.971882 0.126194
6 49 65.632187 0.972557 0.126712 0.971571 0.125740
6 50 65.747124 0.971644 0.125404 0.971572 0.126213
6 51 65.862068 0.971424 0.125942 0.971177 0.127442
6 52 65.977013 0.972620 0.127303 0.970599 0.125959
6 53 66.091957 0.970799 0.126812 0.972163 0.127354
6 54 66.206894 0.971325 0.126948 0.971997 0.126632
6 55 66.321838 0.968809 0.125185 0.970214 0.125437
6 56 66.436783 0.974977 0.127770 0.973099 0.127679
6 57 66.551727 0.972934 0.129808 0.968554 0.126250
6 58 66.666664 0.970876 0.126331 0.971316 0.124820
6 59 66.781609 0.971464 0.127594 0.972190 0.126578
6 60 66.896553 0.972259 0.127421 0.970812 0.126419
6 61 67.011497 0.967907 0.123846 0.971483 0.125054
6 62 67.126434 0.968316 0.125776 0.970015 0.125463
6 63 67.241379 0.971441 0.126667 0.971693 0.128492
6 64 67.356323 0.971735 0.128595 0.973523 0.127035
6 65 67.471268 0.973398 0.126123 0.972325 0.126030
6 66 67.586205 0.974540 0.128637 0.972506 0.126617
6 67 67.701149 0.974089 0.126246 0.973042 0.126386
6 68 67.816093 0.972112 0.127241 0.969988 0.126483
6 69 67.931038 0.973157 0.127365 0.974054 0.127503
6 70 68.045975 0.972336 0.125381 0.972960 0.126750
6 71 68.160919 0.969277 0.126362 0.973625 0.126066
6 72 68.275864 0.971435 0.124564 0.969357 0.126686
6 73 68.390808 0.971840 0.126748 0.972508 0.126682
6 74 68.505745 0.970787 0.126160 0.971750 0.124909
6 75 68.620689 0.973006 0.127865 0.972513 0.125272
6 76 68.735634 0.969648 0.125457 0.971508 0.126741
6 77 68.850578 0.972686 0.126002 0.971742 0.126182
6 78 68.965515 0.972343 0.127309 0.968309 0.125941
6 79 69.080460 0.971056 0.125944 0.971524 0.124539
6 80 69.195404 0.972729 0.125253 0.974222 0.124575
6 81 69.310349 0.972173 0.127244 0.969544 0.125155
6 82 69.425285 0.973374 0.127131 0.968931 0.126391
6 83 69.540230 0.972777 0.125807 0.975822 0.128026
6 84 69.655174 0.970905 0.126466 0.974343 0.127522
6 85 69.770119 0.972105 0.126710 0.968585 0.126196
6 86 69.885056 0.971289 0.125776 0.971332 0.125571
7 0 70.000000 0.969992 0.127483 0.973407 0.126311
7 1 70.114944 0.972463 0.127054 0.972407 0.124825
7 2 70.229881 0.973426 0.127326 0.973965 0.126603
7 3 70.344826 0.972017 0.128137 0.973152 0.127477
7 4 70.459770 0.973258 0.129085 0.971808 0.128088
7 5 70.574715 0.971766 0.126453 0.971603 0.126347
7 6 70.689651 0.970686 0.125891 0.971692 0.127543
7 7 70.804596 0.971176 0.125771 0.969683 0.127695
7 8 70.919540 0.971628 0.126190 0.970893 0.126914
7 9 71.034485 0.973472 0.127116 0.971132 0.126535
7 10 71.149422 0.972529 0.127363 0.971047 0.125688
7 11 71.264366 0.972708 0.128718 0.970639 0.127742
7 12 71.379311 0.973587 0.126463 0.971502 0.126732
7 13 71.494255 0.971800 0.127431 0.971228 0.125502
7 14 71.609192 0.973090 0.126608 0.967990 0.125519
7 15 71.724136 0.968701 0.124998 0.972770 0.125067
7 16 71.839081 0.970981 0.125240 0.969749 0.125699
7 17 71.954025 0.972147 0.127806 0.971986 0.126612
7 18 72.068962 0.973501 0.128200 0.973117 0.125796
7 19 72.183907 0.973635 0.127365 0.972469 0.127577
7 20 72.298851 0.973463 0.126871 0.971210 0.126400
7 21 72.413795 0.972607 0.126034 0.971837 0.126286
7 22 72.528732 0.970565 0.125608 0.967394 0.124447
7 23 72.643677 0.969712 0.123967 0.970480 0.126133
7 24 72.758621 0.972483 0.126508 0.971251 0.125122
7 25 72.873566 0.972401 0.126441 0.970985 0.126890
7 26 72.988503 0.972207 0.125588 0.972503 0.127481
7 27 73.103447 0.969381 0.124697 0.973473 0.125845
7 28 73.218391 0.972654 0.127181 0.970998 0.127777
7 29 73.333336 0.970568 0.126001 0.969738 0.125934
7 30 73.448273 0.971059 0.125539 0.970868 0.127294
7 31 73.563217 0.972279 0.126061 0.971246 0.127670
7 32 73.678162 0.969817 0.125003 0.970906 0.124955
7 33 73.793106 0.971481 0.125080 0.971757 0.126728
7 34 73.908043 0.971668 0.126316 0.970083 0.125559
7 35 74.022987 0.970648 0.126898 0.967665 0.125005
7 36 74.137932 0.971259 0.124751 0.971096 0.125718
7 37 74.252876 0.971486 0.127509 0.972287 0.128086
7 38 74.367813 0.973344 0.126556 0.971913 0.124429
7 39 74.482758 0.973917 0.127372 0.969557 0.125419
7 40 74.597702 0.969951 0.125665 0.973866 0.127062
7 41 74.712646 0.970503 0.124747 0.973206 0.126522
7 42 74.827583 0.970793 0.127531 0.970991 0.125265
7 43 74.942528 0.972479 0.126533 0.970893 0.125927
7 44 75.057472 0.971653 0.127165 0.969329 0.125715
7 45 75.172417 0.969645 0.126654 0.971012 0.126726
7 46 75.287354 0.970541 0.126911 0.971410 0.126890
7 47 75.402298 0.973577 0.127521 0.968580 0.124751
7 48 75.517242 0.971788 0.125650 0.974601 0.127198
7 49 75.632187 0.974302 0.127404 0.968996 0.125017
7 50 75.747124 0.968110 0.126624 0.969500 0.127362
7 51 75.862068 0.972504 0.126557 0.972375 0.125980
7 52 75.977013 0.974742 0.127389 0.970820 0.126069
7 53 76.091957 0.970319 0.127411 0.971652 0.125632
7 54 76.206894 0.970630 0.127540 0.972845 0.127212
7 55 76.321838 0.970935 0.127090 0.972410 0.126250
7 56 76.436783 0.970779 0.126105 0.971836 0.127064
7 57 76.551727 0.971068 0.126775 0.967477 0.123670
7 58 76.666664 0.973265 0.126875 0.970392 0.125166
7 59 76.781609 0.972014 0.127016 0.969359 0.126308
7 60 76.896553 0.970393 0.126090 0.972583 0.127133
7 61 77.011497 0.971576 0.127300 0.969649 0.125939
7 62 77.126434 0.971524 0.126422 0.972012 0.127336
7 63 77.241379 0.974113 0.127614 0.970255 0.127026
7 64 77.356323 0.975084 0.128782 0.972945 0.126624
7 65 77.471268 0.969801 0.125993 0.976016 0.128529
7 66 77.586205 0.970718 0.125627 0.969795 0.126616
7 67 77.701149 0.970211 0.126117 0.971548 0.126540
7 68 77.816093 0.972095 0.126569 0.968679 0.125316
7 69 77.931038 0.974106 0.126823 0.970967 0.126005
7 70 78.045975 0.972736 0.127037 0.970468 0.126222
7 71 78.160919 0.971391 0.126142 0.972968 0.127877
7 72 78.275864 0.971157 0.128400 0.970646 0.126054
7 73 78.390808 0.971916 0.126977 0.971314 0.126286
7 74 78.505745 0.971280 0.125906 0.970832 0.126139
7 75 78.620689 0.973473 0.127239 0.968993 0.124993
7 76 78.735634 0.969714 0.127116 0.971542 0.126750
7 77 78.850578 0.972993 0.125106 0.973108 0.128188
7 78 78.965515 0.971534 0.127547 0.969221 0.125601
7 79 79.080460 0.973589 0.127108 0.969879 0.126040
7 80 79.195404 0.968606 0.127620 0.972154 0.126371
7 81 79.310349 0.973657 0.127374 0.971139 0.125174
7 82 79.425285 0.973565 0.126874 0.971876 0.128189
7 83 79.540230 0.967261 0.125883 0.974929 0.127340
7 84 79.655174 0.971314 0.125562 0.971383 0.127081
7 85 79.770119 0.971486 0.127484 0.968061 0.125579
7 86 79.885056 0.972517 0.126136 0.973564 0.125179
8 0 80.000000 0.974792 0.128679 0.971175 0.126856
8 1 80.114944 0.971655 0.125814 0.972383 0.125909
8 2 80.229881 0.968106 0.125173 0.970688 0.126639
8 3 80.344826 0.973007 0.127919 0.975565 0.128179
8 4 80.459770 0.970094 0.126182 0.972266 0.126279
8 5 80.574715 0.973385 0.125090 0.971137 0.125108
8 6 80.689651 0.972080 0.125313 0.970364 0.125818
8 7 80.804596 0.974186 0.127462 0.973773 0.128280
8 8 80.919540 0.972506 0.127512 0.970720 0.126622
8 9 81.034485 0.971813 0.125905 0.972811 0.126738
8 10 81.149422 0.968497 0.125747 0.973304 0.125616
8 11 81.264366 0.972076 0.127423 0.971086 0.126040
8 12 81.379311 0.969234 0.126439 0.973195 0.126616
8 13 81.494255 0.969945 0.125214 0.972891 0.126034
8 14 81.609192 0.972785 0.124941 0.973814 0.127856
8 15 81.724136 0.973362 0.127958 0.970122 0.123376
8 16 81.839081 0.969929 0.123930 0.971160 0.125737
8 17 81.954025 0.970704 0.127353 0.971723 0.126240
8 18 82.068962 0.971165 0.127188 0.971425 0.126598
8 19 82.183907 0.972289 0.125758 0.971483 0.124799
8 20 82.298851 0.972608 0.127010 0.974046 0.127154
8 21 82.413795 0.970114 0.124506 0.971169 0.127468
8 22 82.528732 0.971567 0.127611 0.969855 0.126258
8 23 82.643677 0.972715 0.127398 0.971214 0.126244
8 24 82.758621 0.970177 0.126836 0.973818 0.128161
8 25 82.873566 0.970928 0.124913 0.968616 0.125747
8 26 82.988503 0.969038 0.124876 0.973563 0.126345
8 27 83.103447 0.970971 0.126361 0.972374 0.127654
8 28 83.218391 0.971453 0.126118 0.973841 0.126814
8 29 83.333336 0.968215 0.125485 0.972767 0.126985
8 30 83.448273 0.970531 0.125638 0.970430 0.125806
8 31 83.563217 0.970722 0.126215 0.968788 0.126864
8 32 83.678162 0.971808 0.126468 0.972728 0.127278
8 33 83.793106 0.972299 0.125945 0.971314 0.125228
8 34 83.908043 0.971764 0.125291 0.969595 0.125814
8 35 84.022987 0.972241 0.128097 0.973858 0.128250
8 36 84.137932 0.970495 0.126421 0.971570 0.126423
8 37 84.252876 0.970154 0.127331 0.971932 0.126352
8 38 84.367813 0.973981 0.126436 0.974261 0.128524
8 39 84.482758 0.969578 0.125981 0.972116 0.127589
8 40 84.597702 0.970605 0.126384 0.973951 0.127731
8 41 84.712646 0.970642 0.125088 0.967489 0.126103
8 42 84.827583 0.972586 0.126868 0.970311 0.126169
8 43 84.942528 0.971337 0.126448 0.971721 0.125888
8 44 85.057472 0.970833 0.127179 0.970600 0.126553
8 45 85.172417 0.972210 0.127762 0.972342 0.125801
8 46 85.287354 0.971226 0.127461 0.973159 0.127158
8 47 85.402298 0.970411 0.126342 0.971781 0.125490
8 48 85.517242 0.969256 0.127817 0.971591 0.127353
8 49 85.632187 0.972332 0.126392 0.970667 0.125304
8 50 85.747124 0.971016 0.126492 0.972349 0.127759
8 51 85.862068 0.973321 0.126635 0.971116 0.126306
8 52 85.977013 0.969550 0.125880 0.972956 0.127698
8 53 86.091957 0.971090 0.128695 0.971237 0.127349
8 54 86.206894 0.975275 0.126686 0.971463 0.127285
8 55 86.321838 0.970485 0.126011 0.972014 0.125690
8 56 86.436783 0.971954 0.126835 0.970905 0.125629
8 57 86.551727 0.971965 0.126420 0.971527 0.125639
8 58 86.666664 0.972847 0.125831 0.970110 0.125952
8 59 86.781609 0.970375 0.126474 0.971950 0.126495
8 60 86.896553 0.972321 0.125984 0.971303 0.125556
8 61 87.011497 0.972713 0.126766 0.971545 0.125743
8 62 87.126434 0.973324 0.129020 0.971819 0.126791
8 63 87.241379 0.971236 0.126649 0.971973 0.125474
8 64 87.356323 0.970786 0.125983 0.970896 0.128200
8 65 87.471268 0.973126 0.127603 0.972211 0.125720
8 66 87.586205 0.970084 0.126175 0.971191 0.125968
8 67 87.701149 0.969531 0.125400 0.968503 0.125623
8 68 87.816093 0.971905 0.127281 0.971018 0.126123
8 69 87.931038 0.973613 0.126943 0.974799 0.127134
8 70 88.045975 0.971730 0.128760 0.970153 0.127034
8 71 88.160919 0.970617 0.126358 0.970399 0.125651
8 72 88.275864 0.971870 0.128348 0.967899 0.125510
8 73 88.390808 0.974361 0.126628 0.969345 0.125578
8 74 88.505745 0.975456 0.126602 0.973048 0.127900
8 75 88.620689 0.973083 0.126972 0.974335 0.126479
8 76 88.735634 0.972459 0.126938 0.971048 0.125858
8 77 88.850578 0.969902 0.126833 0.973605 0.128865
8 78 88.965515 0.973534 0.126021 0.970265 0.125622
8 79 89.080460 0.969786 0.125316 0.968838 0.126107
8 80 89.195404 0.971613 0.127192 0.972471 0.124200
8 81 89.310349 0.971666 0.127652 0.969066 0.128229
8 82 89.425285 0.972560 0.126050 0.969634 0.127095
8 83 89.540230 0.971853 0.126073 0.970372 0.126994
8 84 89.655174 0.970657 0.126450 0.970356 0.124801
8 85 89.770119 0.969612 0.125900 0.967453 0.123683
8 86 89.885056 0.969013 0.125061 0.972318 0.126427
9 0 90.000000 0.971852 0.126291 0.972396 0.127852
9 1 90.114944 0.971008 0.128313 0.969974 0.125084
9 2 90.229881 0.971979 0.126254 0.971110 0.125932
9 3 90.344826 0.970098 0.126082 0.972213 0.126257
9 4 90.459770 0.971328 0.127839 0.970738 0.125987
9 5 90.574715 0.970710 0.126218 0.969778 0.125755
9 6 90.689651 0.972550 0.127900 0.971501 0.125172
9 7 90.804596 0.970694 0.124779 0.971612 0.127335
9 8 90.919540 0.970644 0.125868 0.971850 0.125927
9 9 91.034485 0.970714 0.125711 0.970114 0.124855
9 10 91.149422 0.972166 0.127858 0.971226 0.126719
9 11 91.264366 0.971825 0.126257 0.973143 0.126705
9 12 91.379311 0.971867 0.125411 0.971589 0.126473
9 13 91.494255 0.972655 0.127306 0.971662 0.127022
9 14 91.609192 0.973347 0.125563 0.972685 0.126604
9 15 91.724136 0.973897 0.125831 0.969660 0.126378
9 16 91.839081 0.969576 0.125151 0.970659 0.125904
9 17 91.954025 0.970768 0.128009 0.974064 0.126661
9 18 92.068962 0.968961 0.124500 0.971328 0.126723
9 19 92.183907 0.970073 0.126177 0.970273 0.126190
9 20 92.298851 0.973352 0.127555 0.969751 0.125570
9 21 92.413795 0.967505 0.126276 0.971972 0.126404
9 22 92.528732 0.969671 0.124026 0.968952 0.123467
9 23 92.643677 0.972813 0.125549 0.971019 0.126482
9 24 92.758621 0.970228 0.124642 0.971040 0.124433
9 25 92.873566 0.975287 0.126960 0.972761 0.126463
9 26 92.988503 0.970422 0.124008 0.970089 0.125377
9 27 93.103447 0.974395 0.127477 0.974894 0.128021
9 28 93.218391 0.971657 0.127037 0.972810 0.126122
9 29 93.333336 0.973971 0.127870 0.971669 0.125365
9 30 93.448273 0.970322 0.127229 0.975902 0.128723
9 31 93.563217 0.971157 0.126350 0.968104 0.125347
9 32 93.678162 0.972551 0.124755 0.970348 0.127616
9 33 93.793106 0.971401 0.127836 0.970087 0.125053
9 34 93.908043 0.971091 0.126313 0.971058 0.126566
9 35 94.022987 0.971047 0.124511 0.972504 0.125599
9 36 94.137932 0.974723 0.127373 0.971917 0.127275
9 37 94.252876 0.974992 0.128046 0.972062 0.125975
9 38 94.367813 0.972526 0.127119 0.974782 0.127028
9 39 94.482758 0.971368 0.125394 0.969263 0.124756
9 40 94.597702 0.975001 0.127871 0.972392 0.128162
9 41 94.712646 0.969782 0.125009 0.970419 0.126839
9 42 94.827583 0.970864 0.126525 0.972353 0.127297
9 43 94.942528 0.973647 0.127626 0.972947 0.126225
9 44 95.057472 0.971076 0.126394 0.971457 0.126012
9 45 95.172417 0.971502 0.125314 0.968184 0.125642
9 46 95.287354 0.969842 0.124029 0.971344 0.126611
9 47 95.402298 0.971753 0.127882 0.973341 0.126289
9 48 95.517242 0.970974 0.127357 0.973915 0.126954
9 49 95.632187 0.969869 0.125307 0.971503 0.126012
9 50 95.747124 0.974685 0.127626 0.971299 0.126599
9 51 95.862068 0.970623 0.127241 0.971780 0.125370
9 52 95.977013 0.971100 0.127550 0.972841 0.126826
9 53 96.091957 0.971479 0.128333 0.972213 0.128375
9 54 96.206894 0.970677 0.125465 0.972741 0.126971
9 55 96.321838 0.971051 0.126901 0.972850 0.125555
9 56 96.436783 0.971614 0.126159 0.974260 0.127860
9 57 96.551727 0.971873 0.125127 0.970793 0.126630
9 58 96.666664 0.970655 0.125384 0.972220 0.126690
9 59 96.781609 0.972294 0.127164 0.969355 0.125511
9 60 96.896553 0.973722 0.127657 0.972634 0.126567
9 61 97.011497 0.971542 0.126274 0.970979 0.126220
9 62 97.126434 0.968407 0.126925 0.973704 0.126559
9 63 97.241379 0.970914 0.126335 0.971241 0.125787
9 64 97.356323 0.971614 0.126433 0.972213 0.125512
9 65 97.471268 0.971196 0.126803 0.972219 0.125212
9 66 97.586205 0.974545 0.128388 0.970519 0.126334
9 67 97.701149 0.969685 0.125227 0.971634 0.125310
9 68 97.816093 0.970340 0.126597 0.973282 0.127076
9 69 97.931038 0.971388 0.125951 0.970759 0.125296
9 70 98.045975 0.971026 0.128183 0.971576 0.125336
9 71 98.160919 0.972936 0.125850 0.974497 0.129293
9 72 98.275864 0.970928 0.126098 0.972647 0.125688
9 73 98.390808 0.971681 0.126670 0.971192 0.126107
9 74 98.505745 0.973612 0.127025 0.970886 0.125991
9 75 98.620689 0.971152 0.127299 0.973037 0.128056
9 76 98.735634 0.971580 0.126779 0.971836 0.127061
9 77 98.850578 0.972214 0.126613 0.971841 0.125886
9 78 98.965515 0.970452 0.125663 0.974358 0.127201
9 79 99.080460 0.972738 0.126446 0.969613 0.125506
9 80 99.195404 0.972675 0.128012 0.972834 0.126342
9 81 99.310349 0.971613 0.128911 0.970161 0.126623
9 82 99.425285 0.970186 0.126101 0.974091 0.126128
9 83 99.540230 0.974113 0.126177 0.969932 0.125055
9 84 99.655174 0.969863 0.126294 0.969163 0.127325
9 85 99.770119 0.971087 0.126806 0.971258 0.125282
9 86 99.885056 0.968063 0.123976 0.971020 0.125625
