initializing
training size    : 359556
testing size     : 20000
epoch count      : 10
sub epoch size   : 5

epoch_learning_rate_decay   : 8
learning_rate_decay         : 0.250000

training



epoch [0 0] from [10 5]
training time per iterations 2.128367[ms]
testing on 20000 items
testing done
average error 0.005762
min error     0.000000
max error     0.364799
saving best net
best net saved to networks/disc8x8x3_no_gaussian_window_size_4/net_6/trained/, with error 0.005762



epoch [0 1] from [10 5]
training time per iterations 2.120594[ms]
testing on 20000 items
testing done
average error 0.005426
min error     0.000000
max error     0.266509
saving best net
best net saved to networks/disc8x8x3_no_gaussian_window_size_4/net_6/trained/, with error 0.005426



epoch [0 2] from [10 5]
training time per iterations 2.124473[ms]
testing on 20000 items
testing done
average error 0.005254
min error     0.000000
max error     0.315724
saving best net
best net saved to networks/disc8x8x3_no_gaussian_window_size_4/net_6/trained/, with error 0.005254



epoch [0 3] from [10 5]
training time per iterations 2.126212[ms]
testing on 20000 items
testing done
average error 0.004996
min error     0.000000
max error     0.306231
saving best net
best net saved to networks/disc8x8x3_no_gaussian_window_size_4/net_6/trained/, with error 0.004996



epoch [0 4] from [10 5]
training time per iterations 2.122429[ms]
testing on 20000 items
testing done
average error 0.004912
min error     0.000000
max error     0.308498
saving best net
best net saved to networks/disc8x8x3_no_gaussian_window_size_4/net_6/trained/, with error 0.004912



epoch [1 0] from [10 5]
training time per iterations 2.126309[ms]
testing on 20000 items
testing done
average error 0.004879
min error     0.000000
max error     0.269031
saving best net
best net saved to networks/disc8x8x3_no_gaussian_window_size_4/net_6/trained/, with error 0.004879



epoch [1 1] from [10 5]
training time per iterations 2.107564[ms]
testing on 20000 items
testing done
average error 0.004824
min error     0.000000
max error     0.252893
saving best net
best net saved to networks/disc8x8x3_no_gaussian_window_size_4/net_6/trained/, with error 0.004824



epoch [1 2] from [10 5]
training time per iterations 2.118188[ms]
testing on 20000 items
testing done
average error 0.005005
min error     0.000000
max error     0.261903



epoch [1 3] from [10 5]
training time per iterations 2.108495[ms]
testing on 20000 items
testing done
average error 0.004787
min error     0.000000
max error     0.271738
saving best net
best net saved to networks/disc8x8x3_no_gaussian_window_size_4/net_6/trained/, with error 0.004787



epoch [1 4] from [10 5]
training time per iterations 2.131802[ms]
testing on 20000 items
testing done
average error 0.004865
min error     0.000000
max error     0.254608



epoch [2 0] from [10 5]
training time per iterations 2.130258[ms]
testing on 20000 items
testing done
average error 0.004886
min error     0.000000
max error     0.281388



epoch [2 1] from [10 5]
training time per iterations 2.125071[ms]
testing on 20000 items
testing done
average error 0.004745
min error     0.000000
max error     0.233439
saving best net
best net saved to networks/disc8x8x3_no_gaussian_window_size_4/net_6/trained/, with error 0.004745



epoch [2 2] from [10 5]
training time per iterations 2.138296[ms]
testing on 20000 items
testing done
average error 0.004724
min error     0.000000
max error     0.205871
saving best net
best net saved to networks/disc8x8x3_no_gaussian_window_size_4/net_6/trained/, with error 0.004724



epoch [2 3] from [10 5]
training time per iterations 2.124849[ms]
testing on 20000 items
testing done
average error 0.004698
min error     0.000000
max error     0.243928
saving best net
best net saved to networks/disc8x8x3_no_gaussian_window_size_4/net_6/trained/, with error 0.004698



epoch [2 4] from [10 5]
training time per iterations 2.124056[ms]
testing on 20000 items
testing done
average error 0.004640
min error     0.000000
max error     0.210898
saving best net
best net saved to networks/disc8x8x3_no_gaussian_window_size_4/net_6/trained/, with error 0.004640



epoch [3 0] from [10 5]
training time per iterations 2.126420[ms]
testing on 20000 items
testing done
average error 0.004619
min error     0.000000
max error     0.197092
saving best net
best net saved to networks/disc8x8x3_no_gaussian_window_size_4/net_6/trained/, with error 0.004619



epoch [3 1] from [10 5]
training time per iterations 2.127783[ms]
testing on 20000 items
testing done
average error 0.004703
min error     0.000000
max error     0.227341



epoch [3 2] from [10 5]
training time per iterations 2.122999[ms]
testing on 20000 items
testing done
average error 0.004688
min error     0.000000
max error     0.253245



epoch [3 3] from [10 5]
training time per iterations 2.129201[ms]
testing on 20000 items
testing done
average error 0.004705
min error     0.000000
max error     0.264883



epoch [3 4] from [10 5]
training time per iterations 2.121219[ms]
testing on 20000 items
testing done
average error 0.004657
min error     0.000000
max error     0.272076



epoch [4 0] from [10 5]
training time per iterations 2.122137[ms]
testing on 20000 items
testing done
average error 0.004768
min error     0.000000
max error     0.237698



epoch [4 1] from [10 5]
training time per iterations 2.124863[ms]
testing on 20000 items
testing done
average error 0.004727
min error     0.000000
max error     0.243160



epoch [4 2] from [10 5]
training time per iterations 2.108690[ms]
testing on 20000 items
testing done
average error 0.004617
min error     0.000000
max error     0.253784
saving best net
best net saved to networks/disc8x8x3_no_gaussian_window_size_4/net_6/trained/, with error 0.004617



epoch [4 3] from [10 5]
training time per iterations 2.129368[ms]
testing on 20000 items
testing done
average error 0.004608
min error     0.000000
max error     0.229955
saving best net
best net saved to networks/disc8x8x3_no_gaussian_window_size_4/net_6/trained/, with error 0.004608



epoch [4 4] from [10 5]
training time per iterations 2.142941[ms]
testing on 20000 items
testing done
average error 0.004631
min error     0.000000
max error     0.263291



epoch [5 0] from [10 5]
training time per iterations 2.134361[ms]
testing on 20000 items
testing done
average error 0.004688
min error     0.000000
max error     0.194478



epoch [5 1] from [10 5]
training time per iterations 2.118522[ms]
testing on 20000 items
testing done
average error 0.004714
min error     0.000000
max error     0.242201



epoch [5 2] from [10 5]
training time per iterations 2.130522[ms]
testing on 20000 items
testing done
average error 0.004655
min error     0.000000
max error     0.253663



epoch [5 3] from [10 5]
training time per iterations 2.121442[ms]
testing on 20000 items
testing done
average error 0.004607
min error     0.000000
max error     0.214195
saving best net
best net saved to networks/disc8x8x3_no_gaussian_window_size_4/net_6/trained/, with error 0.004607



epoch [5 4] from [10 5]
training time per iterations 2.121887[ms]
testing on 20000 items
testing done
average error 0.004558
min error     0.000000
max error     0.220657
saving best net
best net saved to networks/disc8x8x3_no_gaussian_window_size_4/net_6/trained/, with error 0.004558



epoch [6 0] from [10 5]
training time per iterations 2.125544[ms]
testing on 20000 items
testing done
average error 0.004631
min error     0.000000
max error     0.258425



epoch [6 1] from [10 5]
training time per iterations 2.122610[ms]
testing on 20000 items
testing done
average error 0.004629
min error     0.000000
max error     0.253646



epoch [6 2] from [10 5]
training time per iterations 2.131593[ms]
testing on 20000 items
testing done
average error 0.004619
min error     0.000000
max error     0.255034



epoch [6 3] from [10 5]
training time per iterations 2.140410[ms]
testing on 20000 items
testing done
average error 0.004613
min error     0.000000
max error     0.235918



epoch [6 4] from [10 5]
training time per iterations 2.124320[ms]
testing on 20000 items
testing done
average error 0.004770
min error     0.000000
max error     0.265722



epoch [7 0] from [10 5]
training time per iterations 2.134986[ms]
testing on 20000 items
testing done
average error 0.004578
min error     0.000000
max error     0.211140



epoch [7 1] from [10 5]
training time per iterations 2.099470[ms]
testing on 20000 items
testing done
average error 0.004585
min error     0.000000
max error     0.173820



epoch [7 2] from [10 5]
training time per iterations 2.124598[ms]
testing on 20000 items
testing done
average error 0.004648
min error     0.000000
max error     0.186873



epoch [7 3] from [10 5]
training time per iterations 2.122429[ms]
testing on 20000 items
testing done
average error 0.004549
min error     0.000000
max error     0.253127
saving best net
best net saved to networks/disc8x8x3_no_gaussian_window_size_4/net_6/trained/, with error 0.004549



epoch [7 4] from [10 5]
training time per iterations 2.129646[ms]
testing on 20000 items
testing done
average error 0.004621
min error     0.000000
max error     0.257244
setting learning rate to 0.000050



epoch [8 0] from [10 5]
training time per iterations 2.123597[ms]
testing on 20000 items
testing done
average error 0.004597
min error     0.000000
max error     0.235002



epoch [8 1] from [10 5]
training time per iterations 2.119759[ms]
testing on 20000 items
testing done
average error 0.004618
min error     0.000000
max error     0.221579



epoch [8 2] from [10 5]
training time per iterations 2.121122[ms]
testing on 20000 items
testing done
average error 0.004596
min error     0.000000
max error     0.233296



epoch [8 3] from [10 5]
training time per iterations 2.120649[ms]
testing on 20000 items
testing done
average error 0.004679
min error     0.000000
max error     0.221203



epoch [8 4] from [10 5]
training time per iterations 2.121928[ms]
testing on 20000 items
testing done
average error 0.004596
min error     0.000000
max error     0.234180



epoch [9 0] from [10 5]
training time per iterations 2.133415[ms]
testing on 20000 items
testing done
average error 0.004640
min error     0.000000
max error     0.214165



epoch [9 1] from [10 5]
training time per iterations 2.126962[ms]
testing on 20000 items
testing done
average error 0.004609
min error     0.000000
max error     0.210431



epoch [9 2] from [10 5]
training time per iterations 2.115601[ms]
testing on 20000 items
testing done
average error 0.004564
min error     0.000000
max error     0.206056



epoch [9 3] from [10 5]
training time per iterations 2.124265[ms]
testing on 20000 items
testing done
average error 0.004512
min error     0.000000
max error     0.206075
saving best net
best net saved to networks/disc8x8x3_no_gaussian_window_size_4/net_6/trained/, with error 0.004512



epoch [9 4] from [10 5]
training time per iterations 2.136154[ms]
testing on 20000 items
testing done
average error 0.004627
min error     0.000000
max error     0.214243
training done
