0.000000 0 0 0.005762 0.000000 0.364799 0.005712 0.000000 0.347110
0.200000 0 1 0.005426 0.000000 0.266509 0.005276 0.000000 0.253673
0.400000 0 2 0.005254 0.000000 0.315724 0.005267 0.000000 0.304558
0.600000 0 3 0.004996 0.000000 0.306231 0.004836 0.000000 0.314908
0.800000 0 4 0.004912 0.000000 0.308498 0.004897 0.000000 0.308498
1.000000 1 0 0.004879 0.000000 0.269031 0.004843 0.000000 0.263746
1.200000 1 1 0.004824 0.000000 0.252893 0.004734 0.000000 0.260784
1.400000 1 2 0.005005 0.000000 0.261903 0.005011 0.000000 0.250246
1.600000 1 3 0.004787 0.000000 0.271738 0.004790 0.000000 0.272740
1.800000 1 4 0.004865 0.000000 0.254608 0.004798 0.000000 0.249808
2.000000 2 0 0.004886 0.000000 0.281388 0.004867 0.000000 0.242482
2.200000 2 1 0.004745 0.000000 0.233439 0.004725 0.000000 0.229864
2.400000 2 2 0.004724 0.000000 0.205871 0.004747 0.000000 0.233875
2.600000 2 3 0.004698 0.000000 0.243928 0.004629 0.000000 0.242035
2.800000 2 4 0.004640 0.000000 0.210898 0.004696 0.000000 0.233575
3.000000 3 0 0.004619 0.000000 0.197092 0.004613 0.000000 0.158797
3.200000 3 1 0.004703 0.000000 0.227341 0.004711 0.000000 0.230504
3.400000 3 2 0.004688 0.000000 0.253245 0.004641 0.000000 0.259075
3.600000 3 3 0.004705 0.000000 0.264883 0.004708 0.000000 0.264883
3.800000 3 4 0.004657 0.000000 0.272076 0.004619 0.000000 0.227401
4.000000 4 0 0.004768 0.000000 0.237698 0.004723 0.000000 0.186581
4.200000 4 1 0.004727 0.000000 0.243160 0.004686 0.000000 0.237409
4.400000 4 2 0.004617 0.000000 0.253784 0.004618 0.000000 0.259620
4.600000 4 3 0.004608 0.000000 0.229955 0.004617 0.000000 0.239985
4.800000 4 4 0.004631 0.000000 0.263291 0.004555 0.000000 0.258063
5.000000 5 0 0.004688 0.000000 0.194478 0.004677 0.000000 0.199972
5.200000 5 1 0.004714 0.000000 0.242201 0.004650 0.000000 0.229972
5.400000 5 2 0.004655 0.000000 0.253663 0.004619 0.000000 0.259932
5.600000 5 3 0.004607 0.000000 0.214195 0.004655 0.000000 0.225552
5.800000 5 4 0.004558 0.000000 0.220657 0.004494 0.000000 0.221560
6.000000 6 0 0.004631 0.000000 0.258425 0.004641 0.000000 0.246847
6.200000 6 1 0.004629 0.000000 0.253646 0.004639 0.000000 0.251716
6.400000 6 2 0.004619 0.000000 0.255034 0.004629 0.000000 0.153564
6.600000 6 3 0.004613 0.000000 0.235918 0.004545 0.000000 0.230971
6.800000 6 4 0.004770 0.000000 0.265722 0.004769 0.000000 0.242815
7.000000 7 0 0.004578 0.000000 0.211140 0.004533 0.000000 0.216466
7.200000 7 1 0.004585 0.000000 0.173820 0.004612 0.000000 0.169843
7.400000 7 2 0.004648 0.000000 0.186873 0.004638 0.000000 0.193478
7.600000 7 3 0.004549 0.000000 0.253127 0.004493 0.000000 0.245670
7.800000 7 4 0.004621 0.000000 0.257244 0.004635 0.000000 0.255301
8.000000 8 0 0.004597 0.000000 0.235002 0.004582 0.000000 0.235197
8.200000 8 1 0.004618 0.000000 0.221579 0.004599 0.000000 0.240256
8.400000 8 2 0.004596 0.000000 0.233296 0.004640 0.000000 0.238893
8.600000 8 3 0.004679 0.000000 0.221203 0.004674 0.000000 0.220601
8.800000 8 4 0.004596 0.000000 0.234180 0.004608 0.000000 0.241567
9.000000 9 0 0.004640 0.000000 0.214165 0.004572 0.000000 0.219528
9.200000 9 1 0.004609 0.000000 0.210431 0.004629 0.000000 0.240975
9.400000 9 2 0.004564 0.000000 0.206056 0.004631 0.000000 0.212988
9.600000 9 3 0.004512 0.000000 0.206075 0.004509 0.000000 0.182328
9.800000 9 4 0.004627 0.000000 0.214243 0.004640 0.000000 0.226905
