0 0 0.000000 0.969728 0.125769 0.972067 0.126645
0 1 0.114943 0.971879 0.125399 0.972030 0.126632
0 2 0.229885 0.969811 0.126091 0.971385 0.125602
0 3 0.344828 0.970970 0.125451 0.969248 0.125475
0 4 0.459770 0.971494 0.126666 0.971135 0.127924
0 5 0.574713 0.971019 0.126841 0.972113 0.125263
0 6 0.689655 0.971579 0.124413 0.972703 0.127000
0 7 0.804598 0.971896 0.127375 0.971948 0.126026
0 8 0.919540 0.968928 0.126513 0.970987 0.125911
0 9 1.034483 0.970479 0.126980 0.972568 0.126720
0 10 1.149425 0.972064 0.125860 0.972420 0.124566
0 11 1.264368 0.966401 0.125518 0.971967 0.125732
0 12 1.379310 0.970356 0.125940 0.972541 0.127081
0 13 1.494253 0.973598 0.127863 0.969914 0.127268
0 14 1.609195 0.972980 0.127059 0.971568 0.125920
0 15 1.724138 0.972832 0.126939 0.970328 0.127648
0 16 1.839080 0.971054 0.125641 0.969943 0.127828
0 17 1.954023 0.972172 0.126161 0.971267 0.126309
0 18 2.068965 0.972835 0.126788 0.973903 0.128347
0 19 2.183908 0.973126 0.126007 0.973282 0.127403
0 20 2.298851 0.969597 0.125015 0.971374 0.126939
0 21 2.413793 0.970896 0.126989 0.971934 0.127075
0 22 2.528736 0.973950 0.127100 0.970269 0.127673
0 23 2.643678 0.975471 0.127790 0.973368 0.127767
0 24 2.758621 0.971991 0.126542 0.972409 0.127170
0 25 2.873563 0.971661 0.127286 0.968471 0.125269
0 26 2.988506 0.974241 0.127080 0.971453 0.125041
0 27 3.103448 0.972202 0.127266 0.970697 0.126379
0 28 3.218391 0.970528 0.125791 0.969835 0.125440
0 29 3.333333 0.973085 0.125980 0.971075 0.125939
0 30 3.448276 0.970874 0.127013 0.969980 0.127510
0 31 3.563218 0.972180 0.126750 0.969203 0.125793
0 32 3.678161 0.970183 0.125881 0.972017 0.128401
0 33 3.793103 0.970518 0.126118 0.972836 0.126528
0 34 3.908046 0.974154 0.126182 0.969395 0.123991
0 35 4.022988 0.969434 0.125364 0.971559 0.125762
0 36 4.137931 0.971386 0.128500 0.972848 0.125460
0 37 4.252873 0.973010 0.124153 0.972513 0.127347
0 38 4.367816 0.972126 0.127509 0.972841 0.128326
0 39 4.482759 0.970337 0.126470 0.970952 0.126422
0 40 4.597701 0.971137 0.125711 0.970677 0.125774
0 41 4.712644 0.970695 0.125984 0.972501 0.126820
0 42 4.827586 0.974561 0.127530 0.970068 0.126405
0 43 4.942529 0.970186 0.126635 0.973888 0.127472
0 44 5.057471 0.971147 0.126943 0.968772 0.126315
0 45 5.172414 0.971543 0.126772 0.972593 0.127327
0 46 5.287356 0.971054 0.126733 0.972289 0.127007
0 47 5.402299 0.971261 0.126159 0.969774 0.125241
0 48 5.517241 0.971090 0.125284 0.972492 0.126277
0 49 5.632184 0.971328 0.126001 0.976278 0.127580
0 50 5.747127 0.971787 0.127408 0.970172 0.126112
0 51 5.862069 0.969541 0.126136 0.972804 0.126594
0 52 5.977012 0.972131 0.127317 0.968269 0.125989
0 53 6.091954 0.974601 0.127687 0.973246 0.125397
0 54 6.206897 0.969620 0.126494 0.971825 0.125616
0 55 6.321839 0.972094 0.128038 0.971921 0.126459
0 56 6.436781 0.973860 0.126731 0.973687 0.125878
0 57 6.551724 0.972522 0.127438 0.972369 0.125562
0 58 6.666667 0.971101 0.125721 0.973943 0.126011
0 59 6.781609 0.971185 0.126952 0.970883 0.126251
0 60 6.896552 0.974047 0.128321 0.972458 0.127198
0 61 7.011494 0.973837 0.127421 0.971168 0.126974
0 62 7.126437 0.968760 0.124867 0.972012 0.126699
0 63 7.241379 0.972313 0.127740 0.970580 0.126396
0 64 7.356322 0.971475 0.125109 0.973851 0.127472
0 65 7.471264 0.969487 0.127268 0.970453 0.126476
0 66 7.586207 0.967659 0.126126 0.970598 0.125850
0 67 7.701149 0.974709 0.127037 0.971907 0.127665
0 68 7.816092 0.971563 0.127513 0.974826 0.126416
0 69 7.931035 0.972902 0.126023 0.969884 0.126879
0 70 8.045977 0.972312 0.126081 0.971000 0.127165
0 71 8.160919 0.970950 0.125956 0.973896 0.126912
0 72 8.275862 0.973839 0.126714 0.970621 0.125941
0 73 8.390804 0.968547 0.125933 0.972670 0.126830
0 74 8.505747 0.971777 0.125990 0.972460 0.126018
0 75 8.620689 0.973812 0.128517 0.970116 0.126324
0 76 8.735632 0.971237 0.127046 0.970139 0.126043
0 77 8.850574 0.971543 0.126681 0.973451 0.127091
0 78 8.965517 0.970105 0.125866 0.972136 0.126923
0 79 9.080460 0.966713 0.125646 0.971345 0.124516
0 80 9.195402 0.972697 0.127546 0.972831 0.126715
0 81 9.310345 0.970754 0.125237 0.971516 0.126950
0 82 9.425287 0.970774 0.126123 0.970441 0.126811
0 83 9.540230 0.970807 0.125731 0.968840 0.126578
0 84 9.655172 0.971061 0.127839 0.966850 0.125961
0 85 9.770115 0.972606 0.126938 0.971341 0.127220
0 86 9.885057 0.969257 0.125706 0.971340 0.126791
1 0 10.000000 0.970863 0.125428 0.975137 0.127443
1 1 10.114943 0.972808 0.127765 0.970932 0.126328
1 2 10.229885 0.973572 0.126129 0.971903 0.125731
1 3 10.344828 0.972701 0.126714 0.970289 0.127657
1 4 10.459770 0.970908 0.125151 0.971893 0.126126
1 5 10.574713 0.971123 0.127289 0.971040 0.127383
1 6 10.689655 0.968913 0.125704 0.969829 0.126162
1 7 10.804598 0.972230 0.124650 0.972286 0.126559
1 8 10.919540 0.970974 0.126895 0.966434 0.126046
1 9 11.034483 0.969589 0.126679 0.971664 0.125552
1 10 11.149426 0.970574 0.126712 0.972374 0.124790
1 11 11.264368 0.972967 0.126812 0.971354 0.126645
1 12 11.379311 0.972657 0.126954 0.971527 0.126758
1 13 11.494253 0.972490 0.127655 0.970713 0.126040
1 14 11.609196 0.968796 0.125656 0.972272 0.128342
1 15 11.724138 0.972202 0.127478 0.971470 0.125781
1 16 11.839081 0.969861 0.125973 0.973416 0.126337
1 17 11.954023 0.971926 0.127245 0.973187 0.126896
1 18 12.068966 0.970686 0.126475 0.970093 0.125313
1 19 12.183908 0.968797 0.126379 0.971506 0.124037
1 20 12.298851 0.972336 0.127328 0.969332 0.124713
1 21 12.413794 0.970926 0.127478 0.971737 0.126748
1 22 12.528735 0.969108 0.126008 0.969995 0.125768
1 23 12.643678 0.971509 0.125409 0.969725 0.124511
1 24 12.758620 0.971474 0.125126 0.973180 0.128224
1 25 12.873563 0.975201 0.127683 0.970615 0.128282
1 26 12.988505 0.971428 0.125170 0.970907 0.124283
1 27 13.103448 0.973828 0.127727 0.971402 0.126493
1 28 13.218390 0.969509 0.125211 0.970705 0.126174
1 29 13.333333 0.970926 0.125386 0.973205 0.128053
1 30 13.448276 0.971864 0.127892 0.973316 0.128090
1 31 13.563218 0.969750 0.124832 0.971300 0.126758
1 32 13.678161 0.968437 0.128156 0.971203 0.124290
1 33 13.793103 0.971458 0.127471 0.970758 0.125713
1 34 13.908046 0.970656 0.127936 0.970975 0.124823
1 35 14.022988 0.967206 0.123975 0.972164 0.126895
1 36 14.137931 0.969401 0.126829 0.971447 0.127178
1 37 14.252873 0.974860 0.127834 0.973328 0.128442
1 38 14.367816 0.974406 0.125179 0.972724 0.127682
1 39 14.482759 0.970758 0.125231 0.970352 0.126410
1 40 14.597701 0.971775 0.127541 0.970247 0.126096
1 41 14.712644 0.971017 0.126399 0.970777 0.125507
1 42 14.827586 0.974396 0.127073 0.970569 0.124573
1 43 14.942529 0.973665 0.126174 0.968461 0.126919
1 44 15.057471 0.971517 0.126031 0.972793 0.128728
1 45 15.172414 0.970785 0.125103 0.972866 0.126658
1 46 15.287356 0.972212 0.125655 0.973273 0.125325
1 47 15.402299 0.970678 0.125920 0.973413 0.127622
1 48 15.517241 0.970370 0.126575 0.970872 0.126748
1 49 15.632184 0.971100 0.126148 0.972235 0.126516
1 50 15.747127 0.972523 0.126023 0.975487 0.127235
1 51 15.862069 0.972273 0.129033 0.972637 0.126672
1 52 15.977012 0.968439 0.125381 0.974011 0.126363
1 53 16.091953 0.968960 0.125578 0.972581 0.125207
1 54 16.206896 0.970150 0.126142 0.968433 0.125063
1 55 16.321838 0.973503 0.126774 0.971803 0.128397
1 56 16.436781 0.971078 0.125854 0.971542 0.127810
1 57 16.551723 0.970458 0.126700 0.971263 0.126973
1 58 16.666666 0.967540 0.126118 0.971392 0.127042
1 59 16.781609 0.972468 0.126276 0.971718 0.126336
1 60 16.896551 0.971368 0.125142 0.970629 0.126488
1 61 17.011494 0.972294 0.126800 0.971481 0.126249
1 62 17.126436 0.968594 0.125062 0.970922 0.123928
1 63 17.241379 0.973059 0.126384 0.970841 0.125822
1 64 17.356321 0.972068 0.126847 0.972710 0.127599
1 65 17.471264 0.971834 0.126264 0.973905 0.127053
1 66 17.586206 0.969821 0.126720 0.971559 0.125413
1 67 17.701149 0.970406 0.125718 0.974517 0.126730
1 68 17.816092 0.972008 0.127750 0.971998 0.124593
1 69 17.931034 0.971559 0.126171 0.973039 0.127943
1 70 18.045977 0.969755 0.127210 0.970960 0.124928
1 71 18.160919 0.971136 0.126574 0.972031 0.126119
1 72 18.275862 0.971968 0.126012 0.971714 0.126509
1 73 18.390804 0.974327 0.126236 0.972941 0.127813
1 74 18.505747 0.972996 0.127219 0.973093 0.127931
1 75 18.620689 0.971376 0.128212 0.971109 0.125791
1 76 18.735632 0.972380 0.126559 0.971891 0.126805
1 77 18.850574 0.972663 0.127176 0.969344 0.126285
1 78 18.965517 0.971154 0.125622 0.970425 0.128065
1 79 19.080460 0.970195 0.126174 0.971096 0.125859
1 80 19.195402 0.972939 0.127830 0.968883 0.125988
1 81 19.310345 0.972354 0.126761 0.972970 0.126727
1 82 19.425287 0.972201 0.126493 0.972131 0.125075
1 83 19.540230 0.969555 0.125560 0.972574 0.126114
1 84 19.655172 0.969616 0.126425 0.970440 0.127104
1 85 19.770115 0.971760 0.125406 0.971695 0.128995
1 86 19.885057 0.971290 0.125969 0.972517 0.127615
2 0 20.000000 0.970558 0.126027 0.971219 0.124901
2 1 20.114943 0.971684 0.126360 0.970143 0.124429
2 2 20.229885 0.973081 0.127318 0.971926 0.126559
2 3 20.344828 0.975044 0.126415 0.973638 0.127303
2 4 20.459770 0.969590 0.128332 0.971892 0.125853
2 5 20.574713 0.971667 0.124684 0.972861 0.127683
2 6 20.689655 0.971827 0.126867 0.969030 0.125103
2 7 20.804598 0.971213 0.125920 0.970521 0.127189
2 8 20.919540 0.973733 0.127161 0.972930 0.126290
2 9 21.034483 0.972732 0.125312 0.971873 0.125877
2 10 21.149426 0.969090 0.126945 0.974070 0.129153
2 11 21.264368 0.969655 0.124091 0.973232 0.128270
2 12 21.379311 0.970405 0.126115 0.971623 0.126424
2 13 21.494253 0.970863 0.125759 0.971060 0.126107
2 14 21.609196 0.970018 0.124915 0.971739 0.127100
2 15 21.724138 0.971649 0.126409 0.967182 0.125732
2 16 21.839081 0.971603 0.126731 0.968268 0.125365
2 17 21.954023 0.971736 0.126438 0.974741 0.128248
2 18 22.068966 0.969377 0.125164 0.972367 0.127106
2 19 22.183908 0.971161 0.126689 0.973001 0.126989
2 20 22.298851 0.970232 0.126044 0.969877 0.125514
2 21 22.413794 0.970130 0.126028 0.971800 0.126230
2 22 22.528736 0.974375 0.127851 0.972084 0.126643
2 23 22.643679 0.974979 0.126563 0.974042 0.127577
2 24 22.758621 0.971208 0.125119 0.971557 0.126226
2 25 22.873564 0.971525 0.125915 0.970912 0.125629
2 26 22.988506 0.972511 0.126161 0.971275 0.126935
2 27 23.103449 0.968739 0.126778 0.973709 0.127372
2 28 23.218391 0.971335 0.126528 0.971419 0.125311
2 29 23.333334 0.968605 0.124761 0.969675 0.126905
2 30 23.448277 0.969796 0.125566 0.973573 0.126699
2 31 23.563219 0.968616 0.125320 0.972709 0.126921
2 32 23.678162 0.971923 0.125998 0.972153 0.126599
2 33 23.793104 0.972546 0.128332 0.973028 0.127295
2 34 23.908047 0.968469 0.125415 0.972354 0.127038
2 35 24.022989 0.969789 0.126546 0.970381 0.125379
2 36 24.137932 0.973737 0.125823 0.971359 0.126997
2 37 24.252874 0.970376 0.126774 0.973661 0.127056
2 38 24.367817 0.972952 0.127912 0.970909 0.126797
2 39 24.482759 0.971696 0.126580 0.972395 0.128583
2 40 24.597702 0.969579 0.125750 0.970372 0.126829
2 41 24.712645 0.969848 0.125471 0.968487 0.125951
2 42 24.827587 0.971968 0.126766 0.972880 0.126882
2 43 24.942530 0.971621 0.126433 0.970473 0.124111
2 44 25.057470 0.969090 0.125099 0.974160 0.127051
2 45 25.172413 0.973451 0.127280 0.970204 0.125779
2 46 25.287355 0.969853 0.126195 0.970620 0.127928
2 47 25.402298 0.969479 0.126513 0.972250 0.124865
2 48 25.517241 0.971451 0.126100 0.970828 0.127022
2 49 25.632183 0.969725 0.126424 0.971194 0.127341
2 50 25.747126 0.970937 0.125616 0.972278 0.127694
2 51 25.862068 0.970482 0.126385 0.973683 0.127507
2 52 25.977011 0.971041 0.126672 0.970469 0.125403
2 53 26.091953 0.970536 0.127319 0.970409 0.126525
2 54 26.206896 0.969614 0.125944 0.970109 0.125120
2 55 26.321838 0.971041 0.127862 0.970670 0.127613
2 56 26.436781 0.973547 0.126947 0.972110 0.126465
2 57 26.551723 0.970513 0.126496 0.974322 0.127135
2 58 26.666666 0.973062 0.125895 0.973361 0.128110
2 59 26.781609 0.969961 0.127182 0.971709 0.125850
2 60 26.896551 0.969630 0.124860 0.968421 0.123886
2 61 27.011494 0.971838 0.127203 0.971206 0.127360
2 62 27.126436 0.973823 0.126540 0.973198 0.128872
2 63 27.241379 0.972428 0.126516 0.973015 0.127468
2 64 27.356321 0.971098 0.124791 0.970457 0.126193
2 65 27.471264 0.972609 0.127481 0.971734 0.129380
2 66 27.586206 0.972682 0.127332 0.969218 0.125987
2 67 27.701149 0.970952 0.127218 0.971614 0.127602
2 68 27.816092 0.968468 0.127480 0.971933 0.127468
2 69 27.931034 0.971740 0.126375 0.971379 0.126858
2 70 28.045977 0.968878 0.126483 0.972512 0.126642
2 71 28.160919 0.971870 0.125448 0.970409 0.126432
2 72 28.275862 0.971788 0.126951 0.969983 0.124827
2 73 28.390804 0.968917 0.124293 0.972679 0.127264
2 74 28.505747 0.971495 0.125859 0.977694 0.127583
2 75 28.620689 0.972047 0.124863 0.973776 0.127939
2 76 28.735632 0.969769 0.126487 0.972435 0.127985
2 77 28.850574 0.972326 0.127963 0.971586 0.125861
2 78 28.965517 0.968964 0.126888 0.972451 0.126677
2 79 29.080460 0.973671 0.127257 0.969969 0.124616
2 80 29.195402 0.970494 0.125016 0.974320 0.126952
2 81 29.310345 0.971662 0.125465 0.972711 0.126188
2 82 29.425287 0.971808 0.126269 0.972575 0.127850
2 83 29.540230 0.971892 0.124574 0.971127 0.126568
2 84 29.655172 0.969671 0.126149 0.969790 0.125090
2 85 29.770115 0.970512 0.125239 0.973576 0.127470
2 86 29.885057 0.970551 0.126590 0.973468 0.126970
3 0 30.000000 0.973055 0.126751 0.970738 0.126633
3 1 30.114943 0.969455 0.125341 0.971351 0.127026
3 2 30.229885 0.972972 0.127295 0.971922 0.126253
3 3 30.344828 0.971245 0.127031 0.972073 0.126703
3 4 30.459770 0.973874 0.127570 0.970399 0.126462
3 5 30.574713 0.968820 0.126188 0.972491 0.124898
3 6 30.689655 0.973038 0.127859 0.970657 0.126573
3 7 30.804598 0.972996 0.126887 0.969209 0.126263
3 8 30.919540 0.971256 0.125411 0.972286 0.127958
3 9 31.034483 0.973304 0.125077 0.974751 0.125245
3 10 31.149426 0.973551 0.128821 0.969570 0.124366
3 11 31.264368 0.972978 0.127306 0.975072 0.128599
3 12 31.379311 0.971340 0.125406 0.969049 0.124829
3 13 31.494253 0.972053 0.127294 0.969655 0.124683
3 14 31.609196 0.971621 0.124328 0.971213 0.126459
3 15 31.724138 0.973448 0.127539 0.970928 0.125418
3 16 31.839081 0.972498 0.126405 0.970325 0.125544
3 17 31.954023 0.969370 0.126352 0.972605 0.126319
3 18 32.068966 0.972583 0.126567 0.971192 0.127344
3 19 32.183907 0.976150 0.127156 0.968503 0.124682
3 20 32.298851 0.972772 0.126764 0.969183 0.125779
3 21 32.413792 0.970224 0.124171 0.972365 0.125939
3 22 32.528736 0.973798 0.127627 0.970542 0.126320
3 23 32.643677 0.974890 0.126559 0.972027 0.127218
3 24 32.758621 0.969587 0.124547 0.973380 0.127370
3 25 32.873562 0.971704 0.126203 0.970217 0.126718
3 26 32.988506 0.972882 0.125617 0.972915 0.126911
3 27 33.103447 0.970345 0.124797 0.970486 0.127344
3 28 33.218391 0.971422 0.125445 0.971922 0.126254
3 29 33.333332 0.973959 0.128306 0.968516 0.126416
3 30 33.448277 0.971262 0.127904 0.973003 0.127869
3 31 33.563217 0.972914 0.126977 0.971320 0.125722
3 32 33.678162 0.971546 0.127154 0.971621 0.125915
3 33 33.793102 0.969098 0.125307 0.971156 0.125373
3 34 33.908047 0.971778 0.125711 0.969254 0.126097
3 35 34.022987 0.973721 0.125257 0.972432 0.128165
3 36 34.137932 0.973262 0.127288 0.972867 0.127385
3 37 34.252872 0.973108 0.126152 0.975387 0.128777
3 38 34.367817 0.970372 0.125249 0.971364 0.127343
3 39 34.482758 0.969950 0.125820 0.973683 0.126731
3 40 34.597702 0.973079 0.126864 0.971813 0.126330
3 41 34.712643 0.974298 0.128419 0.969273 0.126151
3 42 34.827587 0.971315 0.125329 0.970305 0.126710
3 43 34.942528 0.969601 0.125271 0.972586 0.127312
3 44 35.057472 0.975257 0.128366 0.969424 0.126531
3 45 35.172413 0.972767 0.126729 0.969444 0.124088
3 46 35.287357 0.970515 0.127606 0.971782 0.128274
3 47 35.402298 0.971575 0.125598 0.971580 0.126476
3 48 35.517242 0.972239 0.125870 0.971533 0.126794
3 49 35.632183 0.973501 0.126840 0.972761 0.126894
3 50 35.747128 0.970788 0.125484 0.970570 0.127050
3 51 35.862068 0.971262 0.126848 0.972592 0.126910
3 52 35.977013 0.970638 0.126080 0.971475 0.125601
3 53 36.091953 0.973104 0.126981 0.970321 0.125172
3 54 36.206898 0.970613 0.125159 0.971863 0.126506
3 55 36.321838 0.972612 0.127336 0.970250 0.125952
3 56 36.436783 0.973365 0.128037 0.970933 0.124852
3 57 36.551723 0.972310 0.126588 0.970875 0.125689
3 58 36.666668 0.972276 0.128268 0.971933 0.127258
3 59 36.781609 0.969921 0.124074 0.970077 0.125121
3 60 36.896553 0.969504 0.126240 0.970284 0.127190
3 61 37.011494 0.973939 0.128474 0.970667 0.127654
3 62 37.126438 0.968661 0.125501 0.970599 0.125161
3 63 37.241379 0.970123 0.126164 0.970194 0.127040
3 64 37.356323 0.972990 0.125717 0.973783 0.128353
3 65 37.471264 0.971942 0.125860 0.972969 0.127838
3 66 37.586208 0.970433 0.126074 0.973447 0.126640
3 67 37.701149 0.972944 0.126248 0.972225 0.126794
3 68 37.816093 0.970963 0.126029 0.969744 0.124092
3 69 37.931034 0.969482 0.126586 0.971492 0.125403
3 70 38.045979 0.973828 0.127147 0.973335 0.128768
3 71 38.160919 0.972380 0.126044 0.970102 0.126316
3 72 38.275864 0.971695 0.125548 0.970299 0.126087
3 73 38.390804 0.971340 0.125411 0.968685 0.124997
3 74 38.505749 0.975078 0.125974 0.972572 0.126412
3 75 38.620689 0.973035 0.127036 0.972719 0.127488
3 76 38.735634 0.969986 0.124804 0.975042 0.126170
3 77 38.850574 0.973693 0.126113 0.969657 0.127529
3 78 38.965519 0.971267 0.125712 0.967815 0.124992
3 79 39.080460 0.972087 0.126564 0.975559 0.126243
3 80 39.195404 0.970363 0.127509 0.972250 0.127566
3 81 39.310345 0.971691 0.127162 0.970632 0.126830
3 82 39.425289 0.969815 0.124650 0.970732 0.125641
3 83 39.540230 0.972371 0.126889 0.970788 0.126717
3 84 39.655174 0.972396 0.127594 0.973005 0.128458
3 85 39.770115 0.974356 0.128459 0.971195 0.127784
3 86 39.885059 0.971260 0.126466 0.973108 0.125933
4 0 40.000000 0.973905 0.127257 0.973487 0.127046
4 1 40.114941 0.969255 0.124652 0.973283 0.126007
4 2 40.229885 0.969825 0.125632 0.973427 0.124752
4 3 40.344826 0.971608 0.126535 0.972516 0.126228
4 4 40.459770 0.970640 0.125669 0.972470 0.125241
4 5 40.574711 0.974005 0.126713 0.970197 0.125895
4 6 40.689655 0.971252 0.126646 0.973750 0.126801
4 7 40.804596 0.970996 0.126918 0.970360 0.126134
4 8 40.919540 0.971657 0.126570 0.972419 0.125683
4 9 41.034481 0.971868 0.127730 0.970286 0.125320
4 10 41.149426 0.971657 0.127124 0.968686 0.124811
4 11 41.264366 0.972550 0.126430 0.972022 0.127722
4 12 41.379311 0.971385 0.127186 0.969419 0.125730
4 13 41.494251 0.973887 0.127244 0.970980 0.125555
4 14 41.609196 0.970924 0.126851 0.970534 0.125547
4 15 41.724136 0.968583 0.127341 0.972431 0.126232
4 16 41.839081 0.969547 0.124899 0.971526 0.128055
4 17 41.954021 0.972758 0.126698 0.973415 0.126988
4 18 42.068966 0.972477 0.126276 0.973652 0.127938
4 19 42.183907 0.970104 0.126924 0.970965 0.125396
4 20 42.298851 0.970941 0.126896 0.972778 0.127387
4 21 42.413792 0.969569 0.127894 0.975682 0.128474
4 22 42.528736 0.971463 0.127775 0.972590 0.127158
4 23 42.643677 0.971783 0.125683 0.970936 0.126758
4 24 42.758621 0.973537 0.128148 0.971207 0.127184
4 25 42.873562 0.971982 0.127399 0.974012 0.127468
4 26 42.988506 0.969815 0.125195 0.971804 0.126261
4 27 43.103447 0.967829 0.123556 0.969186 0.124683
4 28 43.218391 0.972484 0.125952 0.971068 0.126314
4 29 43.333332 0.973332 0.126704 0.972285 0.126858
4 30 43.448277 0.973719 0.126801 0.972674 0.125277
4 31 43.563217 0.972816 0.126312 0.971224 0.126510
4 32 43.678162 0.972905 0.125935 0.973401 0.127470
4 33 43.793102 0.969215 0.125047 0.970940 0.128177
4 34 43.908047 0.968296 0.125345 0.969522 0.126051
4 35 44.022987 0.970785 0.126185 0.969700 0.126119
4 36 44.137932 0.969670 0.124048 0.973114 0.126159
4 37 44.252872 0.973373 0.126269 0.972361 0.126993
4 38 44.367817 0.969925 0.127301 0.970756 0.125988
4 39 44.482758 0.970347 0.124729 0.971139 0.127204
4 40 44.597702 0.974734 0.127121 0.969943 0.126418
4 41 44.712643 0.973458 0.126696 0.969751 0.125108
4 42 44.827587 0.973000 0.127259 0.971622 0.127861
4 43 44.942528 0.971330 0.125613 0.968490 0.126033
4 44 45.057472 0.971949 0.127163 0.970406 0.126200
4 45 45.172413 0.972693 0.126922 0.971240 0.126919
4 46 45.287357 0.970251 0.126687 0.973770 0.127978
4 47 45.402298 0.973506 0.126768 0.969172 0.126164
4 48 45.517242 0.970058 0.124767 0.970737 0.124815
4 49 45.632183 0.975112 0.126337 0.968821 0.123856
4 50 45.747128 0.969334 0.126215 0.972013 0.125885
4 51 45.862068 0.970332 0.126087 0.972238 0.126311
4 52 45.977013 0.969749 0.125457 0.969483 0.126383
4 53 46.091953 0.969990 0.124873 0.972069 0.126900
4 54 46.206898 0.969659 0.126565 0.972008 0.125930
4 55 46.321838 0.969728 0.126242 0.974867 0.127484
4 56 46.436783 0.970874 0.126317 0.970296 0.125430
4 57 46.551723 0.970441 0.126129 0.971874 0.126846
4 58 46.666668 0.970999 0.126158 0.971840 0.127913
4 59 46.781609 0.970011 0.125189 0.970973 0.125829
4 60 46.896553 0.968827 0.125403 0.971325 0.128031
4 61 47.011494 0.972032 0.125639 0.970658 0.125797
4 62 47.126438 0.974273 0.127418 0.971841 0.126651
4 63 47.241379 0.972032 0.127554 0.971949 0.126113
4 64 47.356323 0.973733 0.126926 0.969770 0.126476
4 65 47.471264 0.972272 0.126710 0.971531 0.128174
4 66 47.586208 0.975032 0.126783 0.971912 0.125236
4 67 47.701149 0.973005 0.127903 0.971150 0.126901
4 68 47.816093 0.970436 0.125482 0.974546 0.126916
4 69 47.931034 0.970581 0.125763 0.974778 0.125929
4 70 48.045979 0.972255 0.125802 0.971684 0.126935
4 71 48.160919 0.969277 0.124754 0.971367 0.126674
4 72 48.275864 0.968784 0.125050 0.971913 0.126639
4 73 48.390804 0.973630 0.126519 0.970776 0.125349
4 74 48.505749 0.970593 0.127540 0.971870 0.127365
4 75 48.620689 0.968276 0.126466 0.972733 0.127375
4 76 48.735634 0.971905 0.126893 0.970597 0.127766
4 77 48.850574 0.970597 0.125088 0.973800 0.126387
4 78 48.965519 0.973678 0.126031 0.972611 0.126443
4 79 49.080460 0.970861 0.127165 0.968828 0.125445
4 80 49.195404 0.972099 0.127116 0.973953 0.126953
4 81 49.310345 0.969650 0.127523 0.971812 0.126111
4 82 49.425289 0.971922 0.127508 0.972246 0.126432
4 83 49.540230 0.969045 0.126419 0.970870 0.126564
4 84 49.655174 0.971021 0.125069 0.970668 0.125450
4 85 49.770115 0.973137 0.127462 0.970840 0.124412
4 86 49.885059 0.972540 0.125511 0.970310 0.126259
5 0 50.000000 0.973929 0.126721 0.972346 0.126803
5 1 50.114941 0.972956 0.126129 0.970960 0.127015
5 2 50.229885 0.971222 0.126207 0.972359 0.127366
5 3 50.344826 0.970428 0.123972 0.973769 0.126970
5 4 50.459770 0.972598 0.126771 0.972263 0.127031
5 5 50.574711 0.973147 0.126101 0.970572 0.126505
5 6 50.689655 0.972820 0.126357 0.971122 0.126081
5 7 50.804596 0.972018 0.126515 0.970191 0.125763
5 8 50.919540 0.975811 0.128058 0.970940 0.126632
5 9 51.034481 0.971852 0.126569 0.969090 0.126743
5 10 51.149426 0.970994 0.126774 0.968496 0.125166
5 11 51.264366 0.970959 0.127015 0.971471 0.125313
5 12 51.379311 0.974890 0.126189 0.973752 0.126781
5 13 51.494251 0.970437 0.125827 0.973327 0.127580
5 14 51.609196 0.974457 0.128588 0.969519 0.126138
5 15 51.724136 0.971827 0.127711 0.971350 0.126676
5 16 51.839081 0.971155 0.126454 0.972137 0.127548
5 17 51.954021 0.969038 0.125283 0.973970 0.127418
5 18 52.068966 0.971960 0.128125 0.971338 0.127139
5 19 52.183907 0.970571 0.126255 0.972606 0.126345
5 20 52.298851 0.971713 0.127167 0.974539 0.127722
5 21 52.413792 0.972035 0.127858 0.973115 0.125873
5 22 52.528736 0.967554 0.125200 0.971576 0.127131
5 23 52.643677 0.968919 0.126016 0.970796 0.125750
5 24 52.758621 0.972287 0.127877 0.972568 0.127739
5 25 52.873562 0.971354 0.127359 0.972490 0.127735
5 26 52.988506 0.970365 0.126263 0.969426 0.126079
5 27 53.103447 0.968154 0.125442 0.971729 0.126155
5 28 53.218391 0.973790 0.127686 0.971883 0.126693
5 29 53.333332 0.969625 0.125605 0.969998 0.127122
5 30 53.448277 0.972736 0.125106 0.970082 0.126317
5 31 53.563217 0.970838 0.126480 0.971574 0.124815
5 32 53.678162 0.971520 0.125632 0.972507 0.128026
5 33 53.793102 0.971306 0.125815 0.968647 0.123259
5 34 53.908047 0.971325 0.125957 0.972644 0.128597
5 35 54.022987 0.968183 0.126143 0.973863 0.127919
5 36 54.137932 0.971721 0.126554 0.970782 0.125104
5 37 54.252872 0.971664 0.126821 0.969224 0.126183
5 38 54.367817 0.970393 0.126190 0.970389 0.125618
5 39 54.482758 0.972713 0.125488 0.971688 0.125884
5 40 54.597702 0.970901 0.125423 0.970688 0.126403
5 41 54.712643 0.971858 0.126779 0.972832 0.126264
5 42 54.827587 0.972086 0.126614 0.969807 0.125203
5 43 54.942528 0.974383 0.124600 0.972969 0.126451
5 44 55.057472 0.972655 0.128645 0.971408 0.126254
5 45 55.172413 0.976365 0.126950 0.972836 0.127181
5 46 55.287357 0.974177 0.128316 0.971221 0.126215
5 47 55.402298 0.970664 0.126725 0.971805 0.126179
5 48 55.517242 0.971598 0.125024 0.970448 0.125812
5 49 55.632183 0.971526 0.127388 0.969659 0.125576
5 50 55.747128 0.969874 0.125894 0.972391 0.127373
5 51 55.862068 0.970564 0.125368 0.971193 0.125821
5 52 55.977013 0.971843 0.127821 0.970580 0.125050
5 53 56.091953 0.969858 0.123727 0.972649 0.127129
5 54 56.206898 0.971582 0.126320 0.973684 0.125717
5 55 56.321838 0.971332 0.126557 0.971735 0.125791
5 56 56.436783 0.973449 0.126671 0.974932 0.127178
5 57 56.551723 0.971331 0.124637 0.971013 0.125805
5 58 56.666668 0.973892 0.127320 0.971428 0.126288
5 59 56.781609 0.971979 0.126902 0.970581 0.127836
5 60 56.896553 0.972683 0.126768 0.971368 0.126654
5 61 57.011494 0.971307 0.126120 0.969106 0.127434
5 62 57.126438 0.971752 0.126806 0.973010 0.125300
5 63 57.241379 0.970218 0.125456 0.974171 0.127833
5 64 57.356323 0.973021 0.126099 0.974492 0.128557
5 65 57.471264 0.973037 0.127435 0.971652 0.126632
5 66 57.586208 0.971742 0.125221 0.969257 0.124824
5 67 57.701149 0.972615 0.126430 0.972121 0.126793
5 68 57.816093 0.970291 0.125670 0.972660 0.129440
5 69 57.931034 0.973152 0.128376 0.970892 0.125603
5 70 58.045979 0.969259 0.127324 0.972073 0.126338
5 71 58.160919 0.969713 0.125748 0.968074 0.125336
5 72 58.275864 0.972563 0.125912 0.970088 0.125522
5 73 58.390804 0.972978 0.125586 0.973196 0.126835
5 74 58.505749 0.973067 0.126710 0.970608 0.126243
5 75 58.620689 0.971939 0.127171 0.969061 0.127075
5 76 58.735634 0.972388 0.127296 0.972979 0.128176
5 77 58.850574 0.970812 0.126218 0.974525 0.126822
5 78 58.965519 0.971619 0.126377 0.972234 0.127699
5 79 59.080460 0.972966 0.125596 0.971082 0.126143
5 80 59.195404 0.970226 0.126676 0.974393 0.127485
5 81 59.310345 0.972228 0.127177 0.971694 0.127359
5 82 59.425289 0.972138 0.126051 0.973150 0.126731
5 83 59.540230 0.971314 0.126843 0.971622 0.126092
5 84 59.655174 0.972156 0.126925 0.969297 0.126676
5 85 59.770115 0.970426 0.125616 0.969892 0.127880
5 86 59.885059 0.970633 0.125613 0.970980 0.125475
6 0 60.000000 0.971879 0.126172 0.973083 0.126495
6 1 60.114941 0.972002 0.126163 0.968786 0.126522
6 2 60.229885 0.974017 0.127189 0.971819 0.126538
6 3 60.344826 0.972568 0.128193 0.966972 0.125223
6 4 60.459770 0.972850 0.127909 0.973726 0.127877
6 5 60.574711 0.972492 0.125472 0.970204 0.127802
6 6 60.689655 0.972426 0.125566 0.972655 0.126850
6 7 60.804596 0.969046 0.124442 0.969467 0.124202
6 8 60.919540 0.971909 0.126505 0.970380 0.124842
6 9 61.034481 0.973835 0.129107 0.970862 0.126368
6 10 61.149426 0.972300 0.126127 0.971931 0.127287
6 11 61.264366 0.973521 0.126408 0.970059 0.125337
6 12 61.379311 0.970187 0.126493 0.971691 0.126728
6 13 61.494251 0.973382 0.126563 0.971652 0.128053
6 14 61.609196 0.968878 0.126426 0.974352 0.127613
6 15 61.724136 0.970741 0.126152 0.971085 0.125251
6 16 61.839081 0.970953 0.125717 0.970868 0.124601
6 17 61.954021 0.973696 0.127456 0.971805 0.125467
6 18 62.068966 0.973414 0.127113 0.970804 0.125573
6 19 62.183907 0.971873 0.124888 0.971421 0.127344
6 20 62.298851 0.971282 0.126099 0.970590 0.127029
6 21 62.413792 0.972990 0.127235 0.971494 0.125537
6 22 62.528736 0.974605 0.126552 0.969605 0.125885
6 23 62.643677 0.973819 0.127772 0.973428 0.126861
6 24 62.758621 0.971431 0.125850 0.969954 0.126372
6 25 62.873562 0.972252 0.126214 0.969215 0.126870
6 26 62.988506 0.968866 0.125159 0.972034 0.125987
6 27 63.103447 0.971909 0.125101 0.968830 0.125151
6 28 63.218391 0.972508 0.126604 0.971363 0.125752
6 29 63.333332 0.972766 0.126720 0.971313 0.128728
6 30 63.448277 0.972359 0.126270 0.971610 0.127646
6 31 63.563217 0.967810 0.125360 0.975155 0.126752
6 32 63.678162 0.972755 0.126440 0.971389 0.126951
6 33 63.793102 0.970281 0.124981 0.969208 0.126428
6 34 63.908047 0.969992 0.126182 0.974448 0.126927
6 35 64.022987 0.971882 0.125928 0.973453 0.127153
6 36 64.137932 0.973933 0.125990 0.974895 0.128116
6 37 64.252876 0.972153 0.127416 0.970889 0.126836
6 38 64.367813 0.970153 0.124792 0.969685 0.126062
6 39 64.482758 0.971725 0.127599 0.971037 0.126090
6 40 64.597702 0.973036 0.126182 0.973294 0.126377
6 41 64.712646 0.971226 0.126886 0.971878 0.127958
6 42 64.827583 0.971370 0.127506 0.969164 0.125593
6 43 64.942528 0.971629 0.127474 0.970282 0.127257
6 44 65.057472 0.971424 0.125951 0.969308 0.126045
6 45 65.172417 0.973411 0.126288 0.973013 0.126167
6 46 65.287354 0.974043 0.125107 0.970475 0.124945
6 47 65.402298 0.970495 0.125545 0.974245 0.125686
6 48 65.517242 0.968757 0.126721 0.972557 0.127809
6 49 65.632187 0.973485 0.128180 0.971227 0.126365
6 50 65.747124 0.972001 0.125827 0.972277 0.127440
6 51 65.862068 0.971142 0.125698 0.971029 0.126859
6 52 65.977013 0.972778 0.124766 0.972218 0.127480
6 53 66.091957 0.972281 0.125714 0.971124 0.127868
6 54 66.206894 0.974231 0.126364 0.971476 0.124260
6 55 66.321838 0.971274 0.126782 0.971518 0.125988
6 56 66.436783 0.971770 0.125204 0.970270 0.125655
6 57 66.551727 0.971470 0.125680 0.972265 0.126213
6 58 66.666664 0.973488 0.126370 0.970306 0.125458
6 59 66.781609 0.972082 0.125976 0.970904 0.127999
6 60 66.896553 0.968612 0.124826 0.971289 0.125853
6 61 67.011497 0.970532 0.126301 0.973311 0.127240
6 62 67.126434 0.974630 0.127206 0.970666 0.126704
6 63 67.241379 0.972333 0.128102 0.972806 0.125922
6 64 67.356323 0.973531 0.127203 0.970685 0.125940
6 65 67.471268 0.971109 0.126369 0.971715 0.126680
6 66 67.586205 0.967592 0.126459 0.972817 0.126636
6 67 67.701149 0.973410 0.126980 0.972275 0.125928
6 68 67.816093 0.973827 0.128010 0.973538 0.127295
6 69 67.931038 0.972574 0.126522 0.966807 0.124902
6 70 68.045975 0.972315 0.126661 0.971769 0.126465
6 71 68.160919 0.973532 0.127457 0.972343 0.126268
6 72 68.275864 0.970627 0.125846 0.969270 0.125208
6 73 68.390808 0.971571 0.126485 0.973004 0.127818
6 74 68.505745 0.972849 0.127395 0.970466 0.125642
6 75 68.620689 0.969870 0.125186 0.970366 0.125955
6 76 68.735634 0.971427 0.126273 0.971899 0.125327
6 77 68.850578 0.971973 0.126872 0.971231 0.125432
6 78 68.965515 0.973757 0.128098 0.973109 0.127311
6 79 69.080460 0.969200 0.125023 0.971434 0.126094
6 80 69.195404 0.975066 0.126831 0.972524 0.126991
6 81 69.310349 0.974372 0.127401 0.969672 0.126034
6 82 69.425285 0.973298 0.127183 0.973597 0.126447
6 83 69.540230 0.969984 0.124876 0.970854 0.126360
6 84 69.655174 0.968937 0.125197 0.970290 0.126724
6 85 69.770119 0.971469 0.126761 0.970693 0.126037
6 86 69.885056 0.970722 0.127034 0.971497 0.126129
7 0 70.000000 0.971779 0.127448 0.970933 0.125720
7 1 70.114944 0.967893 0.125673 0.970349 0.126098
7 2 70.229881 0.969031 0.125368 0.973749 0.126856
7 3 70.344826 0.971643 0.128432 0.973328 0.128677
7 4 70.459770 0.972462 0.125465 0.971321 0.125906
7 5 70.574715 0.970061 0.126464 0.969671 0.124691
7 6 70.689651 0.969974 0.125900 0.971680 0.126686
7 7 70.804596 0.970178 0.126371 0.971758 0.126176
7 8 70.919540 0.972100 0.125428 0.973063 0.125488
7 9 71.034485 0.974949 0.128291 0.970292 0.125201
7 10 71.149422 0.973154 0.125928 0.972735 0.128028
7 11 71.264366 0.971445 0.125361 0.970853 0.125830
7 12 71.379311 0.971013 0.128113 0.969164 0.125951
7 13 71.494255 0.970214 0.125302 0.971452 0.125095
7 14 71.609192 0.971484 0.126929 0.970750 0.126096
7 15 71.724136 0.973090 0.125646 0.968326 0.126582
7 16 71.839081 0.971590 0.126929 0.969433 0.125685
7 17 71.954025 0.971316 0.126843 0.970788 0.128858
7 18 72.068962 0.970917 0.126114 0.974459 0.126950
7 19 72.183907 0.970540 0.126675 0.970420 0.125825
7 20 72.298851 0.975722 0.127174 0.970766 0.126696
7 21 72.413795 0.972058 0.125745 0.973442 0.127907
7 22 72.528732 0.970607 0.126764 0.970997 0.126666
7 23 72.643677 0.970041 0.126590 0.973200 0.127883
7 24 72.758621 0.969575 0.126082 0.972537 0.127400
7 25 72.873566 0.968919 0.126094 0.971585 0.127140
7 26 72.988503 0.972328 0.125737 0.972605 0.125447
7 27 73.103447 0.971447 0.125817 0.971907 0.127140
7 28 73.218391 0.971749 0.127892 0.968115 0.124273
7 29 73.333336 0.971045 0.124857 0.969906 0.124359
7 30 73.448273 0.970241 0.127517 0.971142 0.127171
7 31 73.563217 0.972286 0.126861 0.969400 0.126514
7 32 73.678162 0.970721 0.127518 0.972505 0.128275
7 33 73.793106 0.969808 0.124982 0.972333 0.128359
7 34 73.908043 0.973040 0.126262 0.969767 0.126914
7 35 74.022987 0.972924 0.127127 0.971120 0.126703
7 36 74.137932 0.970952 0.123648 0.970287 0.125536
7 37 74.252876 0.970029 0.127341 0.971464 0.127927
7 38 74.367813 0.972261 0.126837 0.969650 0.125741
7 39 74.482758 0.971788 0.127702 0.974467 0.127587
7 40 74.597702 0.972520 0.126671 0.969212 0.127320
7 41 74.712646 0.970225 0.126649 0.970059 0.126717
7 42 74.827583 0.973682 0.126800 0.970321 0.127238
7 43 74.942528 0.968732 0.126553 0.972925 0.125891
7 44 75.057472 0.972585 0.126058 0.973845 0.126146
7 45 75.172417 0.973641 0.126928 0.974465 0.127541
7 46 75.287354 0.972892 0.125779 0.969362 0.125086
7 47 75.402298 0.972296 0.126517 0.970881 0.124618
7 48 75.517242 0.973804 0.126561 0.974825 0.127173
7 49 75.632187 0.969420 0.126740 0.969412 0.125222
7 50 75.747124 0.971989 0.126949 0.972519 0.128879
7 51 75.862068 0.971279 0.125004 0.972684 0.127272
7 52 75.977013 0.969960 0.125307 0.970836 0.127795
7 53 76.091957 0.972041 0.127536 0.970255 0.126615
7 54 76.206894 0.972877 0.127447 0.973452 0.126189
7 55 76.321838 0.972893 0.126999 0.969809 0.125693
7 56 76.436783 0.970627 0.126556 0.971308 0.124327
7 57 76.551727 0.973971 0.127736 0.972421 0.126576
7 58 76.666664 0.972133 0.125991 0.970407 0.127507
7 59 76.781609 0.972238 0.125079 0.972267 0.128082
7 60 76.896553 0.973283 0.126966 0.971936 0.127095
7 61 77.011497 0.973449 0.129264 0.969877 0.126220
7 62 77.126434 0.973105 0.125730 0.973596 0.127959
7 63 77.241379 0.974129 0.128305 0.972154 0.126389
7 64 77.356323 0.968838 0.124940 0.974101 0.127797
7 65 77.471268 0.972516 0.127771 0.971560 0.126083
7 66 77.586205 0.972487 0.126585 0.970839 0.126414
7 67 77.701149 0.968611 0.125960 0.971589 0.127316
7 68 77.816093 0.973037 0.127696 0.970528 0.125522
7 69 77.931038 0.971734 0.125163 0.975502 0.128125
7 70 78.045975 0.969520 0.127536 0.971325 0.124722
7 71 78.160919 0.970437 0.125927 0.969760 0.126770
7 72 78.275864 0.975204 0.126391 0.970052 0.126125
7 73 78.390808 0.970639 0.127734 0.972218 0.125403
7 74 78.505745 0.972605 0.127940 0.973145 0.127561
7 75 78.620689 0.970326 0.127548 0.974127 0.128693
7 76 78.735634 0.968703 0.126257 0.969064 0.125171
7 77 78.850578 0.973441 0.126455 0.972492 0.125403
7 78 78.965515 0.971562 0.126622 0.971709 0.125770
7 79 79.080460 0.969144 0.128128 0.971690 0.127169
7 80 79.195404 0.972568 0.125503 0.969839 0.126406
7 81 79.310349 0.974805 0.125693 0.973806 0.127214
7 82 79.425285 0.971885 0.126929 0.970607 0.127325
7 83 79.540230 0.972620 0.127119 0.972430 0.125371
7 84 79.655174 0.969680 0.124735 0.971278 0.127239
7 85 79.770119 0.971926 0.127235 0.974735 0.126927
7 86 79.885056 0.971843 0.125430 0.972579 0.126618
8 0 80.000000 0.973898 0.128428 0.970859 0.126054
8 1 80.114944 0.970552 0.125359 0.971096 0.125816
8 2 80.229881 0.970828 0.124789 0.972663 0.127673
8 3 80.344826 0.971127 0.126902 0.971796 0.126534
8 4 80.459770 0.972768 0.128881 0.969772 0.125474
8 5 80.574715 0.972221 0.127532 0.974731 0.127692
8 6 80.689651 0.968343 0.125257 0.971525 0.125558
8 7 80.804596 0.969091 0.126648 0.968498 0.125209
8 8 80.919540 0.972386 0.126770 0.972479 0.127804
8 9 81.034485 0.970428 0.125385 0.969458 0.125332
8 10 81.149422 0.976774 0.127377 0.969872 0.126272
8 11 81.264366 0.972119 0.127865 0.971897 0.126760
8 12 81.379311 0.970758 0.126195 0.971710 0.125180
8 13 81.494255 0.969277 0.126008 0.970207 0.124567
8 14 81.609192 0.969821 0.124741 0.972469 0.125661
8 15 81.724136 0.973528 0.126795 0.971747 0.125909
8 16 81.839081 0.972093 0.126685 0.971758 0.125200
8 17 81.954025 0.969871 0.125605 0.973098 0.128293
8 18 82.068962 0.971074 0.125264 0.972300 0.126801
8 19 82.183907 0.970454 0.125744 0.974390 0.125810
8 20 82.298851 0.971792 0.124313 0.973495 0.126704
8 21 82.413795 0.971068 0.126705 0.970287 0.125554
8 22 82.528732 0.972971 0.126098 0.969745 0.123807
8 23 82.643677 0.970500 0.125863 0.971573 0.127260
8 24 82.758621 0.972418 0.127385 0.969568 0.124358
8 25 82.873566 0.970954 0.126212 0.971596 0.125884
8 26 82.988503 0.971808 0.124527 0.971133 0.126115
8 27 83.103447 0.971823 0.127255 0.976696 0.128207
8 28 83.218391 0.970646 0.126852 0.970362 0.125826
8 29 83.333336 0.969778 0.126024 0.969801 0.125529
8 30 83.448273 0.971680 0.127598 0.973264 0.126741
8 31 83.563217 0.969618 0.125745 0.972812 0.128204
8 32 83.678162 0.969855 0.124232 0.972632 0.127467
8 33 83.793106 0.971885 0.127015 0.969612 0.124885
8 34 83.908043 0.970192 0.126373 0.970105 0.124918
8 35 84.022987 0.970787 0.126962 0.972269 0.128657
8 36 84.137932 0.970738 0.127068 0.971263 0.125735
8 37 84.252876 0.971629 0.126461 0.972406 0.128201
8 38 84.367813 0.972176 0.126719 0.973987 0.127711
8 39 84.482758 0.970598 0.127756 0.972811 0.126284
8 40 84.597702 0.973078 0.125658 0.972463 0.126853
8 41 84.712646 0.969997 0.124883 0.973371 0.125610
8 42 84.827583 0.973150 0.126403 0.974096 0.127147
8 43 84.942528 0.973132 0.126851 0.972562 0.127032
8 44 85.057472 0.971445 0.125961 0.970606 0.126398
8 45 85.172417 0.973750 0.126076 0.973903 0.127131
8 46 85.287354 0.973383 0.125330 0.972219 0.126449
8 47 85.402298 0.970836 0.127116 0.970578 0.125420
8 48 85.517242 0.973445 0.127735 0.974982 0.127762
8 49 85.632187 0.972590 0.126970 0.973863 0.129430
8 50 85.747124 0.969192 0.125631 0.974642 0.127232
8 51 85.862068 0.971285 0.126616 0.969657 0.125890
8 52 85.977013 0.970962 0.127334 0.973212 0.128174
8 53 86.091957 0.968800 0.125750 0.971343 0.127276
8 54 86.206894 0.971098 0.126165 0.973689 0.127377
8 55 86.321838 0.969174 0.124354 0.972616 0.126935
8 56 86.436783 0.970052 0.127091 0.971432 0.125083
8 57 86.551727 0.974638 0.127701 0.971959 0.125599
8 58 86.666664 0.973210 0.126101 0.971369 0.126648
8 59 86.781609 0.973229 0.126989 0.970558 0.126298
8 60 86.896553 0.969629 0.125300 0.967098 0.125369
8 61 87.011497 0.971977 0.125992 0.972004 0.125802
8 62 87.126434 0.971204 0.127598 0.970135 0.126666
8 63 87.241379 0.972322 0.126158 0.972494 0.125482
8 64 87.356323 0.971165 0.126667 0.972894 0.126749
8 65 87.471268 0.971137 0.125353 0.969352 0.126595
8 66 87.586205 0.973724 0.125824 0.971719 0.125001
8 67 87.701149 0.970608 0.126789 0.969491 0.126649
8 68 87.816093 0.973359 0.127170 0.975238 0.126864
8 69 87.931038 0.968332 0.125477 0.970884 0.128002
8 70 88.045975 0.972553 0.126569 0.974130 0.125815
8 71 88.160919 0.973575 0.127838 0.970896 0.126385
8 72 88.275864 0.971829 0.125923 0.971692 0.125647
8 73 88.390808 0.973653 0.126151 0.973040 0.126607
8 74 88.505745 0.971692 0.125372 0.970625 0.127318
8 75 88.620689 0.972127 0.127563 0.974370 0.128007
8 76 88.735634 0.969456 0.126436 0.970132 0.127782
8 77 88.850578 0.972798 0.126401 0.971304 0.126654
8 78 88.965515 0.972359 0.127287 0.970990 0.127133
8 79 89.080460 0.970355 0.125641 0.972327 0.125655
8 80 89.195404 0.972366 0.126531 0.969716 0.126098
8 81 89.310349 0.971485 0.126244 0.969720 0.125251
8 82 89.425285 0.969911 0.127890 0.970626 0.125013
8 83 89.540230 0.974112 0.128217 0.971428 0.128242
8 84 89.655174 0.974208 0.127226 0.972457 0.126566
8 85 89.770119 0.971399 0.126683 0.971880 0.126319
8 86 89.885056 0.971767 0.125338 0.972625 0.126005
9 0 90.000000 0.972982 0.129093 0.970319 0.125721
9 1 90.114944 0.969113 0.126652 0.971016 0.125321
9 2 90.229881 0.973765 0.127642 0.970466 0.126488
9 3 90.344826 0.972478 0.127342 0.970384 0.127155
9 4 90.459770 0.971190 0.125152 0.973408 0.127341
9 5 90.574715 0.971799 0.125217 0.973539 0.128266
9 6 90.689651 0.971408 0.125846 0.972318 0.126565
9 7 90.804596 0.971580 0.125361 0.970067 0.125269
9 8 90.919540 0.970232 0.126348 0.971192 0.127417
9 9 91.034485 0.971196 0.125574 0.974518 0.125993
9 10 91.149422 0.970881 0.125251 0.971540 0.126667
9 11 91.264366 0.971402 0.127110 0.974050 0.126361
9 12 91.379311 0.970434 0.126226 0.970142 0.125473
9 13 91.494255 0.972766 0.128150 0.972736 0.126712
9 14 91.609192 0.970422 0.126101 0.970412 0.126777
9 15 91.724136 0.970267 0.124575 0.971330 0.125777
9 16 91.839081 0.970555 0.126803 0.969374 0.126030
9 17 91.954025 0.968598 0.124917 0.974017 0.129008
9 18 92.068962 0.971638 0.126928 0.971145 0.128418
9 19 92.183907 0.973225 0.126753 0.972055 0.126867
9 20 92.298851 0.970317 0.126883 0.969848 0.124921
9 21 92.413795 0.971308 0.127140 0.971196 0.126329
9 22 92.528732 0.972097 0.128183 0.972935 0.126915
9 23 92.643677 0.969924 0.126016 0.971290 0.125418
9 24 92.758621 0.971725 0.127994 0.969963 0.126297
9 25 92.873566 0.967666 0.125233 0.975946 0.128668
9 26 92.988503 0.974375 0.126649 0.971570 0.126023
9 27 93.103447 0.968925 0.126258 0.971462 0.125740
9 28 93.218391 0.969988 0.128067 0.972496 0.126059
9 29 93.333336 0.970509 0.126754 0.970163 0.126926
9 30 93.448273 0.969587 0.125915 0.969750 0.126302
9 31 93.563217 0.970085 0.126313 0.970626 0.125994
9 32 93.678162 0.968926 0.125550 0.969768 0.126061
9 33 93.793106 0.972155 0.125901 0.969990 0.127587
9 34 93.908043 0.971874 0.127585 0.970982 0.125376
9 35 94.022987 0.968986 0.128166 0.974143 0.127112
9 36 94.137932 0.971724 0.127301 0.971819 0.128351
9 37 94.252876 0.971308 0.126436 0.971112 0.126399
9 38 94.367813 0.972056 0.126239 0.971228 0.124835
9 39 94.482758 0.970083 0.125781 0.971475 0.125020
9 40 94.597702 0.971293 0.125845 0.972227 0.127204
9 41 94.712646 0.969885 0.125736 0.971003 0.125687
9 42 94.827583 0.973678 0.127871 0.972577 0.126179
9 43 94.942528 0.971636 0.126488 0.969759 0.124227
9 44 95.057472 0.972703 0.124930 0.972666 0.126336
9 45 95.172417 0.969708 0.124976 0.969628 0.124657
9 46 95.287354 0.971265 0.127338 0.973877 0.127219
9 47 95.402298 0.971921 0.128397 0.970985 0.127099
9 48 95.517242 0.971104 0.125547 0.972467 0.127868
9 49 95.632187 0.971216 0.125459 0.974435 0.128339
9 50 95.747124 0.973100 0.127484 0.971197 0.126780
9 51 95.862068 0.973594 0.126969 0.973854 0.128549
9 52 95.977013 0.973918 0.127470 0.973837 0.126891
9 53 96.091957 0.971941 0.126815 0.971044 0.124728
9 54 96.206894 0.973392 0.126507 0.971637 0.125968
9 55 96.321838 0.969987 0.125810 0.969259 0.128367
9 56 96.436783 0.972560 0.128312 0.971634 0.127633
9 57 96.551727 0.975059 0.127947 0.974854 0.129006
9 58 96.666664 0.971519 0.125315 0.971790 0.126031
9 59 96.781609 0.970190 0.126464 0.972236 0.126011
9 60 96.896553 0.972492 0.126391 0.970863 0.126618
9 61 97.011497 0.972846 0.127337 0.973176 0.127020
9 62 97.126434 0.973854 0.127344 0.971341 0.126811
9 63 97.241379 0.970215 0.126065 0.971790 0.126475
9 64 97.356323 0.971961 0.125710 0.970536 0.127108
9 65 97.471268 0.970944 0.126063 0.970955 0.126354
9 66 97.586205 0.973212 0.127118 0.971624 0.126505
9 67 97.701149 0.973614 0.128092 0.967084 0.124461
9 68 97.816093 0.974080 0.127223 0.972425 0.126953
9 69 97.931038 0.972896 0.126265 0.972194 0.127220
9 70 98.045975 0.970947 0.125594 0.972288 0.126614
9 71 98.160919 0.970124 0.125607 0.970800 0.127432
9 72 98.275864 0.971059 0.123542 0.973556 0.126502
9 73 98.390808 0.970522 0.124797 0.971961 0.126510
9 74 98.505745 0.974411 0.125982 0.970853 0.128423
9 75 98.620689 0.972157 0.127318 0.971922 0.127761
9 76 98.735634 0.968937 0.125941 0.969819 0.124414
9 77 98.850578 0.970501 0.126986 0.973215 0.126384
9 78 98.965515 0.971813 0.127021 0.970542 0.125116
9 79 99.080460 0.972959 0.125960 0.973833 0.126193
9 80 99.195404 0.973770 0.127140 0.972362 0.126136
9 81 99.310349 0.970464 0.126677 0.971916 0.124501
9 82 99.425285 0.970616 0.126091 0.972777 0.127785
9 83 99.540230 0.970815 0.126559 0.974085 0.127893
9 84 99.655174 0.969346 0.125834 0.970932 0.126698
9 85 99.770119 0.968493 0.125277 0.970422 0.127814
9 86 99.885056 0.970457 0.125151 0.972151 0.127114
