0.000000 0 0 0.006373 0.000000 0.335783 0.006342 0.000000 0.333673
0.200000 0 1 0.004107 0.000000 0.201922 0.004106 0.000000 0.271176
0.400000 0 2 0.003354 0.000000 0.179241 0.003366 0.000000 0.166860
0.600000 0 3 0.003292 0.000000 0.204303 0.003309 0.000000 0.258488
0.800000 0 4 0.002757 0.000000 0.183491 0.002798 0.000000 0.176065
1.000000 1 0 0.002720 0.000000 0.181370 0.002731 0.000000 0.259780
1.200000 1 1 0.002487 0.000000 0.174525 0.002545 0.000000 0.266435
1.400000 1 2 0.002360 0.000000 0.167829 0.002331 0.000000 0.160939
1.600000 1 3 0.002258 0.000000 0.166913 0.002236 0.000000 0.226063
1.800000 1 4 0.002236 0.000000 0.173489 0.002238 0.000000 0.266811
2.000000 2 0 0.002202 0.000000 0.165161 0.002211 0.000000 0.159143
2.200000 2 1 0.002238 0.000000 0.199824 0.002244 0.000000 0.180669
2.400000 2 2 0.002353 0.000000 0.178169 0.002381 0.000000 0.237451
2.600000 2 3 0.002150 0.000000 0.183612 0.002119 0.000000 0.172070
2.800000 2 4 0.002086 0.000000 0.167632 0.002121 0.000000 0.223472
3.000000 3 0 0.002040 0.000000 0.166620 0.002049 0.000000 0.148443
3.200000 3 1 0.002486 0.000000 0.170479 0.002487 0.000000 0.244107
3.400000 3 2 0.002006 0.000000 0.172066 0.002007 0.000000 0.150358
3.600000 3 3 0.002010 0.000000 0.162725 0.001997 0.000000 0.237576
3.800000 3 4 0.002011 0.000000 0.168686 0.002079 0.000000 0.252988
4.000000 4 0 0.002199 0.000000 0.162169 0.002231 0.000000 0.149865
4.200000 4 1 0.002025 0.000000 0.174434 0.002051 0.000000 0.218824
4.400000 4 2 0.001989 0.000000 0.158763 0.001983 0.000000 0.243735
4.600000 4 3 0.001986 0.000000 0.155433 0.001964 0.000000 0.153696
4.800000 4 4 0.001928 0.000000 0.159994 0.001943 0.000000 0.155973
5.000000 5 0 0.002032 0.000000 0.172490 0.001995 0.000000 0.241321
5.200000 5 1 0.001933 0.000000 0.172740 0.001950 0.000000 0.254846
5.400000 5 2 0.001865 0.000000 0.166078 0.001886 0.000000 0.155539
5.600000 5 3 0.001996 0.000000 0.195849 0.001942 0.000000 0.176731
5.800000 5 4 0.002019 0.000000 0.166650 0.002010 0.000000 0.156063
6.000000 6 0 0.001942 0.000000 0.161922 0.001896 0.000000 0.160556
6.200000 6 1 0.001875 0.000000 0.160821 0.001878 0.000000 0.234682
6.400000 6 2 0.001934 0.000000 0.168450 0.001941 0.000000 0.154770
6.600000 6 3 0.001855 0.000000 0.166315 0.001845 0.000000 0.161515
6.800000 6 4 0.001870 0.000000 0.161294 0.001845 0.000000 0.235360
7.000000 7 0 0.001868 0.000000 0.165647 0.001858 0.000000 0.152038
7.200000 7 1 0.001837 0.000000 0.166933 0.001866 0.000000 0.216669
7.400000 7 2 0.001874 0.000000 0.164220 0.001856 0.000000 0.150255
7.600000 7 3 0.001848 0.000000 0.184254 0.001829 0.000000 0.183229
7.800000 7 4 0.001855 0.000000 0.158624 0.001896 0.000000 0.156308
8.000000 8 0 0.001815 0.000000 0.168213 0.001853 0.000000 0.159986
8.200000 8 1 0.001799 0.000000 0.163648 0.001799 0.000000 0.149687
8.400000 8 2 0.001787 0.000000 0.167479 0.001812 0.000000 0.177936
8.600000 8 3 0.001846 0.000000 0.162913 0.001857 0.000000 0.236388
8.800000 8 4 0.001797 0.000000 0.166919 0.001771 0.000000 0.151838
9.000000 9 0 0.001900 0.000000 0.162619 0.001908 0.000000 0.245533
9.200000 9 1 0.001807 0.000000 0.163896 0.001833 0.000000 0.180827
9.400000 9 2 0.001756 0.000000 0.163673 0.001727 0.000000 0.246160
9.600000 9 3 0.001816 0.000000 0.167492 0.001846 0.000000 0.256625
9.800000 9 4 0.001768 0.000000 0.167237 0.001777 0.000000 0.240916
