0 -0.408867 2 0.000033
1 -0.400760 0 0.000000
2 -0.392653 0 0.000000
3 -0.384546 0 0.000000
4 -0.376439 0 0.000000
5 -0.368332 0 0.000000
6 -0.360225 1 0.000017
7 -0.352118 0 0.000000
8 -0.344011 1 0.000017
9 -0.335904 0 0.000000
10 -0.327797 0 0.000000
11 -0.319690 0 0.000000
12 -0.311583 3 0.000050
13 -0.303476 3 0.000050
14 -0.295369 0 0.000000
15 -0.287262 2 0.000033
16 -0.279155 2 0.000033
17 -0.271048 5 0.000083
18 -0.262941 1 0.000017
19 -0.254834 5 0.000083
20 -0.246727 2 0.000033
21 -0.238620 2 0.000033
22 -0.230513 2 0.000033
23 -0.222406 6 0.000100
24 -0.214299 6 0.000100
25 -0.206192 6 0.000100
26 -0.198085 29 0.000483
27 -0.189978 45 0.000750
28 -0.181871 63 0.001050
29 -0.173764 71 0.001183
30 -0.165657 80 0.001333
31 -0.157550 122 0.002033
32 -0.149443 230 0.003833
33 -0.141336 233 0.003883
34 -0.133229 151 0.002517
35 -0.125123 138 0.002300
36 -0.117016 144 0.002400
37 -0.108909 190 0.003167
38 -0.100802 298 0.004967
39 -0.092695 529 0.008817
40 -0.084588 698 0.011633
41 -0.076481 494 0.008233
42 -0.068374 387 0.006450
43 -0.060267 416 0.006933
44 -0.052160 584 0.009733
45 -0.044053 610 0.010167
46 -0.035946 752 0.012533
47 -0.027839 1623 0.027050
48 -0.019732 8755 0.145917
49 -0.011625 32152 0.535867
50 -0.003518 3736 0.062267
51 0.004589 1197 0.019950
52 0.012696 943 0.015717
53 0.020803 741 0.012350
54 0.028910 524 0.008733
55 0.037017 405 0.006750
56 0.045124 482 0.008033
57 0.053231 485 0.008083
58 0.061338 424 0.007067
59 0.069445 279 0.004650
60 0.077552 219 0.003650
61 0.085659 215 0.003583
62 0.093766 189 0.003150
63 0.101873 208 0.003467
64 0.109980 266 0.004433
65 0.118087 252 0.004200
66 0.126194 141 0.002350
67 0.134301 80 0.001333
68 0.142408 89 0.001483
69 0.150515 112 0.001867
70 0.158622 73 0.001217
71 0.166729 29 0.000483
72 0.174836 13 0.000217
73 0.182943 13 0.000217
74 0.191050 7 0.000117
75 0.199156 6 0.000100
76 0.207263 5 0.000083
77 0.215370 2 0.000033
78 0.223477 1 0.000017
79 0.231584 3 0.000050
80 0.239691 2 0.000033
81 0.247798 0 0.000000
82 0.255905 5 0.000083
83 0.264012 0 0.000000
84 0.272119 1 0.000017
85 0.280226 1 0.000017
86 0.288333 1 0.000017
87 0.296440 1 0.000017
88 0.304547 2 0.000033
89 0.312654 1 0.000017
90 0.320761 2 0.000033
91 0.328868 1 0.000017
92 0.336975 0 0.000000
93 0.345082 0 0.000000
94 0.353189 0 0.000000
95 0.361296 0 0.000000
96 0.369403 0 0.000000
97 0.377510 0 0.000000
98 0.385617 0 0.000000
99 0.393724 1 0.000017
