0 -0.147543 4 0.000200
1 -0.144996 1 0.000050
2 -0.142449 2 0.000100
3 -0.139902 1 0.000050
4 -0.137355 2 0.000100
5 -0.134808 0 0.000000
6 -0.132261 3 0.000150
7 -0.129714 0 0.000000
8 -0.127167 0 0.000000
9 -0.124620 0 0.000000
10 -0.122073 0 0.000000
11 -0.119526 1 0.000050
12 -0.116979 0 0.000000
13 -0.114432 0 0.000000
14 -0.111885 0 0.000000
15 -0.109339 0 0.000000
16 -0.106792 0 0.000000
17 -0.104245 0 0.000000
18 -0.101698 0 0.000000
19 -0.099151 0 0.000000
20 -0.096604 1 0.000050
21 -0.094057 3 0.000150
22 -0.091510 0 0.000000
23 -0.088963 0 0.000000
24 -0.086416 0 0.000000
25 -0.083869 2 0.000100
26 -0.081322 1 0.000050
27 -0.078775 1 0.000050
28 -0.076228 1 0.000050
29 -0.073681 0 0.000000
30 -0.071134 0 0.000000
31 -0.068587 0 0.000000
32 -0.066040 1 0.000050
33 -0.063493 0 0.000000
34 -0.060946 1 0.000050
35 -0.058399 1 0.000050
36 -0.055853 0 0.000000
37 -0.053306 1 0.000050
38 -0.050759 5 0.000250
39 -0.048212 1 0.000050
40 -0.045665 0 0.000000
41 -0.043118 2 0.000100
42 -0.040571 6 0.000300
43 -0.038024 4 0.000200
44 -0.035477 20 0.001000
45 -0.032930 27 0.001350
46 -0.030383 49 0.002450
47 -0.027836 93 0.004650
48 -0.025289 117 0.005850
49 -0.022742 301 0.015050
50 -0.020195 558 0.027900
51 -0.017648 1138 0.056900
52 -0.015101 2568 0.128400
53 -0.012554 5302 0.265100
54 -0.010007 6017 0.300850
55 -0.007460 2235 0.111750
56 -0.004913 726 0.036300
57 -0.002366 383 0.019150
58 0.000180 182 0.009100
59 0.002727 109 0.005450
60 0.005274 45 0.002250
61 0.007821 25 0.001250
62 0.010368 16 0.000800
63 0.012915 10 0.000500
64 0.015462 4 0.000200
65 0.018009 2 0.000100
66 0.020556 1 0.000050
67 0.023103 2 0.000100
68 0.025650 2 0.000100
69 0.028197 2 0.000100
70 0.030744 1 0.000050
71 0.033291 1 0.000050
72 0.035838 0 0.000000
73 0.038385 0 0.000000
74 0.040932 0 0.000000
75 0.043479 0 0.000000
76 0.046026 0 0.000000
77 0.048573 2 0.000100
78 0.051120 1 0.000050
79 0.053666 2 0.000100
80 0.056213 1 0.000050
81 0.058760 0 0.000000
82 0.061307 0 0.000000
83 0.063854 0 0.000000
84 0.066401 1 0.000050
85 0.068948 0 0.000000
86 0.071495 0 0.000000
87 0.074042 1 0.000050
88 0.076589 0 0.000000
89 0.079136 3 0.000150
90 0.081683 1 0.000050
91 0.084230 1 0.000050
92 0.086777 0 0.000000
93 0.089324 1 0.000050
94 0.091871 1 0.000050
95 0.094418 0 0.000000
96 0.096965 0 0.000000
97 0.099512 1 0.000050
98 0.102059 2 0.000100
99 0.104606 1 0.000050
