0 0.000000 51034 0.850567
1 0.001689 2110 0.035167
2 0.003377 1298 0.021633
3 0.005066 1163 0.019383
4 0.006754 964 0.016067
5 0.008443 525 0.008750
6 0.010132 401 0.006683
7 0.011820 379 0.006317
8 0.013509 350 0.005833
9 0.015197 260 0.004333
10 0.016886 250 0.004167
11 0.018575 226 0.003767
12 0.020263 233 0.003883
13 0.021952 188 0.003133
14 0.023640 139 0.002317
15 0.025329 99 0.001650
16 0.027018 73 0.001217
17 0.028706 58 0.000967
18 0.030395 46 0.000767
19 0.032084 38 0.000633
20 0.033772 34 0.000567
21 0.035461 25 0.000417
22 0.037149 19 0.000317
23 0.038838 6 0.000100
24 0.040527 7 0.000117
25 0.042215 6 0.000100
26 0.043904 7 0.000117
27 0.045592 6 0.000100
28 0.047281 1 0.000017
29 0.048970 2 0.000033
30 0.050658 3 0.000050
31 0.052347 1 0.000017
32 0.054035 1 0.000017
33 0.055724 4 0.000067
34 0.057413 2 0.000033
35 0.059101 1 0.000017
36 0.060790 4 0.000067
37 0.062478 1 0.000017
38 0.064167 0 0.000000
39 0.065856 1 0.000017
40 0.067544 5 0.000083
41 0.069233 4 0.000067
42 0.070921 1 0.000017
43 0.072610 1 0.000017
44 0.074299 1 0.000017
45 0.075987 0 0.000000
46 0.077676 1 0.000017
47 0.079364 1 0.000017
48 0.081053 2 0.000033
49 0.082742 1 0.000017
50 0.084430 0 0.000000
51 0.086119 0 0.000000
52 0.087807 1 0.000017
53 0.089496 1 0.000017
54 0.091185 2 0.000033
55 0.092873 1 0.000017
56 0.094562 3 0.000050
57 0.096251 1 0.000017
58 0.097939 0 0.000000
59 0.099628 1 0.000017
60 0.101316 1 0.000017
61 0.103005 1 0.000017
62 0.104694 0 0.000000
63 0.106382 0 0.000000
64 0.108071 1 0.000017
65 0.109759 0 0.000000
66 0.111448 0 0.000000
67 0.113137 0 0.000000
68 0.114825 1 0.000017
69 0.116514 0 0.000000
70 0.118202 0 0.000000
71 0.119891 0 0.000000
72 0.121580 0 0.000000
73 0.123268 0 0.000000
74 0.124957 0 0.000000
75 0.126645 1 0.000017
76 0.128334 0 0.000000
77 0.130023 0 0.000000
78 0.131711 0 0.000000
79 0.133400 0 0.000000
80 0.135088 0 0.000000
81 0.136777 0 0.000000
82 0.138466 0 0.000000
83 0.140154 0 0.000000
84 0.141843 0 0.000000
85 0.143531 0 0.000000
86 0.145220 0 0.000000
87 0.146909 0 0.000000
88 0.148597 0 0.000000
89 0.150286 0 0.000000
90 0.151975 0 0.000000
91 0.153663 1 0.000017
92 0.155352 0 0.000000
93 0.157040 0 0.000000
94 0.158729 0 0.000000
95 0.160418 0 0.000000
96 0.162106 0 0.000000
97 0.163795 0 0.000000
98 0.165483 1 0.000017
99 0.167172 1 0.000017
