0 -0.408867 2 0.000100
1 -0.400760 0 0.000000
2 -0.392653 0 0.000000
3 -0.384546 0 0.000000
4 -0.376439 0 0.000000
5 -0.368332 0 0.000000
6 -0.360225 1 0.000050
7 -0.352118 0 0.000000
8 -0.344011 1 0.000050
9 -0.335904 0 0.000000
10 -0.327797 0 0.000000
11 -0.319690 0 0.000000
12 -0.311583 3 0.000150
13 -0.303476 3 0.000150
14 -0.295369 0 0.000000
15 -0.287262 2 0.000100
16 -0.279155 2 0.000100
17 -0.271048 5 0.000250
18 -0.262941 1 0.000050
19 -0.254834 5 0.000250
20 -0.246727 2 0.000100
21 -0.238620 2 0.000100
22 -0.230513 2 0.000100
23 -0.222406 6 0.000300
24 -0.214299 6 0.000300
25 -0.206192 6 0.000300
26 -0.198085 29 0.001450
27 -0.189978 45 0.002250
28 -0.181871 63 0.003150
29 -0.173764 71 0.003550
30 -0.165657 80 0.004000
31 -0.157550 122 0.006100
32 -0.149443 225 0.011250
33 -0.141336 228 0.011400
34 -0.133229 148 0.007400
35 -0.125123 137 0.006850
36 -0.117016 144 0.007200
37 -0.108909 190 0.009500
38 -0.100802 296 0.014800
39 -0.092695 527 0.026350
40 -0.084588 694 0.034700
41 -0.076481 493 0.024650
42 -0.068374 384 0.019200
43 -0.060267 400 0.020000
44 -0.052160 555 0.027750
45 -0.044053 572 0.028600
46 -0.035946 557 0.027850
47 -0.027839 674 0.033700
48 -0.019732 1130 0.056500
49 -0.011625 4215 0.210750
50 -0.003518 1164 0.058200
51 0.004589 759 0.037950
52 0.012696 835 0.041750
53 0.020803 716 0.035800
54 0.028910 513 0.025650
55 0.037017 397 0.019850
56 0.045124 476 0.023800
57 0.053231 481 0.024050
58 0.061338 423 0.021150
59 0.069445 278 0.013900
60 0.077552 214 0.010700
61 0.085659 214 0.010700
62 0.093766 188 0.009400
63 0.101873 204 0.010200
64 0.109980 266 0.013300
65 0.118087 252 0.012600
66 0.126194 141 0.007050
67 0.134301 80 0.004000
68 0.142408 89 0.004450
69 0.150515 112 0.005600
70 0.158622 73 0.003650
71 0.166729 29 0.001450
72 0.174836 13 0.000650
73 0.182943 13 0.000650
74 0.191050 7 0.000350
75 0.199156 6 0.000300
76 0.207263 5 0.000250
77 0.215370 2 0.000100
78 0.223477 1 0.000050
79 0.231584 3 0.000150
80 0.239691 2 0.000100
81 0.247798 0 0.000000
82 0.255905 5 0.000250
83 0.264012 0 0.000000
84 0.272119 1 0.000050
85 0.280226 1 0.000050
86 0.288333 1 0.000050
87 0.296440 1 0.000050
88 0.304547 2 0.000100
89 0.312654 1 0.000050
90 0.320761 2 0.000100
91 0.328868 1 0.000050
92 0.336975 0 0.000000
93 0.345082 0 0.000000
94 0.353189 0 0.000000
95 0.361296 0 0.000000
96 0.369403 0 0.000000
97 0.377510 0 0.000000
98 0.385617 0 0.000000
99 0.393724 1 0.000050
