0 -0.061475 2 0.000100
1 -0.060368 2 0.000100
2 -0.059261 0 0.000000
3 -0.058155 4 0.000200
4 -0.057048 1 0.000050
5 -0.055942 0 0.000000
6 -0.054835 3 0.000150
7 -0.053729 2 0.000100
8 -0.052622 1 0.000050
9 -0.051515 2 0.000100
10 -0.050409 2 0.000100
11 -0.049302 2 0.000100
12 -0.048196 4 0.000200
13 -0.047089 8 0.000400
14 -0.045983 4 0.000200
15 -0.044876 1 0.000050
16 -0.043770 2 0.000100
17 -0.042663 3 0.000150
18 -0.041556 3 0.000150
19 -0.040450 9 0.000450
20 -0.039343 6 0.000300
21 -0.038237 3 0.000150
22 -0.037130 2 0.000100
23 -0.036024 8 0.000400
24 -0.034917 3 0.000150
25 -0.033811 12 0.000600
26 -0.032704 11 0.000550
27 -0.031597 13 0.000650
28 -0.030491 18 0.000900
29 -0.029384 20 0.001000
30 -0.028278 36 0.001800
31 -0.027171 33 0.001650
32 -0.026065 42 0.002100
33 -0.024958 42 0.002100
34 -0.023851 47 0.002350
35 -0.022745 50 0.002500
36 -0.021638 58 0.002900
37 -0.020532 57 0.002850
38 -0.019425 83 0.004150
39 -0.018319 90 0.004500
40 -0.017212 145 0.007250
41 -0.016106 206 0.010300
42 -0.014999 324 0.016200
43 -0.013892 372 0.018600
44 -0.012786 585 0.029250
45 -0.011679 964 0.048200
46 -0.010573 1741 0.087050
47 -0.009466 2985 0.149250
48 -0.008360 3789 0.189450
49 -0.007253 2922 0.146100
50 -0.006147 1894 0.094700
51 -0.005040 996 0.049800
52 -0.003933 598 0.029900
53 -0.002827 359 0.017950
54 -0.001720 322 0.016100
55 -0.000614 185 0.009250
56 0.000493 143 0.007150
57 0.001599 130 0.006500
58 0.002706 116 0.005800
59 0.003813 111 0.005550
60 0.004919 76 0.003800
61 0.006026 59 0.002950
62 0.007132 48 0.002400
63 0.008239 34 0.001700
64 0.009345 38 0.001900
65 0.010452 19 0.000950
66 0.011558 21 0.001050
67 0.012665 23 0.001150
68 0.013772 14 0.000700
69 0.014878 13 0.000650
70 0.015985 13 0.000650
71 0.017091 11 0.000550
72 0.018198 10 0.000500
73 0.019304 5 0.000250
74 0.020411 2 0.000100
75 0.021517 3 0.000150
76 0.022624 2 0.000100
77 0.023731 3 0.000150
78 0.024837 2 0.000100
79 0.025944 3 0.000150
80 0.027050 1 0.000050
81 0.028157 3 0.000150
82 0.029263 2 0.000100
83 0.030370 1 0.000050
84 0.031477 3 0.000150
85 0.032583 0 0.000000
86 0.033690 1 0.000050
87 0.034796 1 0.000050
88 0.035903 1 0.000050
89 0.037009 5 0.000250
90 0.038116 1 0.000050
91 0.039222 0 0.000000
92 0.040329 1 0.000050
93 0.041436 1 0.000050
94 0.042542 0 0.000000
95 0.043649 0 0.000000
96 0.044755 1 0.000050
97 0.045862 0 0.000000
98 0.046968 2 0.000100
99 0.048075 1 0.000050
