0 0.013277 4 0.000200
1 0.023025 3 0.000150
2 0.032773 10 0.000500
3 0.042521 6 0.000300
4 0.052269 8 0.000400
5 0.062017 8 0.000400
6 0.071765 9 0.000450
7 0.081513 7 0.000350
8 0.091261 14 0.000700
9 0.101010 16 0.000800
10 0.110758 9 0.000450
11 0.120506 10 0.000500
12 0.130254 9 0.000450
13 0.140002 7 0.000350
14 0.149750 12 0.000600
15 0.159498 23 0.001150
16 0.169246 14 0.000700
17 0.178994 21 0.001050
18 0.188742 15 0.000750
19 0.198490 10 0.000500
20 0.208238 26 0.001300
21 0.217986 33 0.001650
22 0.227734 34 0.001700
23 0.237482 35 0.001750
24 0.247230 37 0.001850
25 0.256978 39 0.001950
26 0.266726 39 0.001950
27 0.276475 54 0.002700
28 0.286223 63 0.003150
29 0.295971 55 0.002750
30 0.305719 80 0.004000
31 0.315467 79 0.003950
32 0.325215 94 0.004700
33 0.334963 92 0.004600
34 0.344711 81 0.004050
35 0.354459 90 0.004500
36 0.364207 111 0.005550
37 0.373955 125 0.006250
38 0.383703 184 0.009200
39 0.393451 183 0.009150
40 0.403199 220 0.011000
41 0.412947 252 0.012600
42 0.422695 309 0.015450
43 0.432443 344 0.017200
44 0.442192 366 0.018300
45 0.451940 574 0.028700
46 0.461688 744 0.037200
47 0.471436 1001 0.050050
48 0.481184 1762 0.088100
49 0.490932 3128 0.156400
50 0.500680 2769 0.138450
51 0.510428 1452 0.072600
52 0.520176 966 0.048300
53 0.529924 627 0.031350
54 0.539672 477 0.023850
55 0.549420 381 0.019050
56 0.559168 377 0.018850
57 0.568916 332 0.016600
58 0.578664 296 0.014800
59 0.588412 180 0.009000
60 0.598160 163 0.008150
61 0.607908 154 0.007700
62 0.617657 164 0.008200
63 0.627405 116 0.005800
64 0.637153 104 0.005200
65 0.646901 123 0.006150
66 0.656649 71 0.003550
67 0.666397 87 0.004350
68 0.676145 94 0.004700
69 0.685893 58 0.002900
70 0.695641 50 0.002500
71 0.705389 40 0.002000
72 0.715137 43 0.002150
73 0.724885 35 0.001750
74 0.734633 24 0.001200
75 0.744381 38 0.001900
76 0.754129 30 0.001500
77 0.763877 31 0.001550
78 0.773625 26 0.001300
79 0.783373 32 0.001600
80 0.793122 19 0.000950
81 0.802870 12 0.000600
82 0.812618 16 0.000800
83 0.822366 12 0.000600
84 0.832114 19 0.000950
85 0.841862 18 0.000900
86 0.851610 15 0.000750
87 0.861358 7 0.000350
88 0.871106 10 0.000500
89 0.880854 10 0.000500
90 0.890602 10 0.000500
91 0.900350 15 0.000750
92 0.910098 6 0.000300
93 0.919846 11 0.000550
94 0.929594 13 0.000650
95 0.939342 6 0.000300
96 0.949090 4 0.000200
97 0.958838 3 0.000150
98 0.968587 4 0.000200
99 0.978335 1 0.000050
