0 0.027379 3 0.000150
1 0.036999 5 0.000250
2 0.046619 8 0.000400
3 0.056239 6 0.000300
4 0.065859 8 0.000400
5 0.075480 6 0.000300
6 0.085100 16 0.000800
7 0.094720 17 0.000850
8 0.104340 10 0.000500
9 0.113960 14 0.000700
10 0.123580 9 0.000450
11 0.133200 6 0.000300
12 0.142820 4 0.000200
13 0.152440 10 0.000500
14 0.162060 16 0.000800
15 0.171681 21 0.001050
16 0.181301 13 0.000650
17 0.190921 17 0.000850
18 0.200541 24 0.001200
19 0.210161 17 0.000850
20 0.219781 27 0.001350
21 0.229401 36 0.001800
22 0.239021 29 0.001450
23 0.248641 35 0.001750
24 0.258261 37 0.001850
25 0.267881 47 0.002350
26 0.277502 35 0.001750
27 0.287122 67 0.003350
28 0.296742 33 0.001650
29 0.306362 81 0.004050
30 0.315982 73 0.003650
31 0.325602 80 0.004000
32 0.335222 98 0.004900
33 0.344842 88 0.004400
34 0.354462 79 0.003950
35 0.364082 92 0.004600
36 0.373703 135 0.006750
37 0.383323 133 0.006650
38 0.392943 169 0.008450
39 0.402563 187 0.009350
40 0.412183 228 0.011400
41 0.421803 232 0.011600
42 0.431423 316 0.015800
43 0.441043 355 0.017750
44 0.450663 351 0.017550
45 0.460283 544 0.027200
46 0.469903 805 0.040250
47 0.479524 1000 0.050000
48 0.489144 1682 0.084100
49 0.498764 3028 0.151400
50 0.508384 2841 0.142050
51 0.518004 1467 0.073350
52 0.527624 942 0.047100
53 0.537244 603 0.030150
54 0.546864 482 0.024100
55 0.556484 389 0.019450
56 0.566104 396 0.019800
57 0.575725 368 0.018400
58 0.585345 256 0.012800
59 0.594965 199 0.009950
60 0.604585 163 0.008150
61 0.614205 184 0.009200
62 0.623825 133 0.006650
63 0.633445 124 0.006200
64 0.643065 120 0.006000
65 0.652685 96 0.004800
66 0.662305 73 0.003650
67 0.671926 92 0.004600
68 0.681546 89 0.004450
69 0.691166 78 0.003900
70 0.700786 52 0.002600
71 0.710406 50 0.002500
72 0.720026 37 0.001850
73 0.729646 30 0.001500
74 0.739266 25 0.001250
75 0.748886 28 0.001400
76 0.758506 36 0.001800
77 0.768127 32 0.001600
78 0.777747 26 0.001300
79 0.787367 26 0.001300
80 0.796987 27 0.001350
81 0.806607 24 0.001200
82 0.816227 14 0.000700
83 0.825847 12 0.000600
84 0.835467 10 0.000500
85 0.845087 10 0.000500
86 0.854707 19 0.000950
87 0.864327 16 0.000800
88 0.873948 14 0.000700
89 0.883568 10 0.000500
90 0.893188 14 0.000700
91 0.902808 10 0.000500
92 0.912428 12 0.000600
93 0.922048 13 0.000650
94 0.931668 9 0.000450
95 0.941288 5 0.000250
96 0.950908 5 0.000250
97 0.960528 1 0.000050
98 0.970149 5 0.000250
99 0.979769 1 0.000050
