0 0.106308 1 0.000050
1 0.114365 1 0.000050
2 0.122422 2 0.000100
3 0.130478 0 0.000000
4 0.138535 0 0.000000
5 0.146592 0 0.000000
6 0.154649 0 0.000000
7 0.162705 0 0.000000
8 0.170762 0 0.000000
9 0.178819 0 0.000000
10 0.186876 0 0.000000
11 0.194933 0 0.000000
12 0.202989 2 0.000100
13 0.211046 6 0.000300
14 0.219103 5 0.000250
15 0.227160 3 0.000150
16 0.235217 1 0.000050
17 0.243273 2 0.000100
18 0.251330 2 0.000100
19 0.259387 3 0.000150
20 0.267444 1 0.000050
21 0.275501 1 0.000050
22 0.283557 2 0.000100
23 0.291614 1 0.000050
24 0.299671 21 0.001050
25 0.307728 18 0.000900
26 0.315785 49 0.002450
27 0.323841 67 0.003350
28 0.331898 80 0.004000
29 0.339955 51 0.002550
30 0.348012 53 0.002650
31 0.356068 163 0.008150
32 0.364125 159 0.007950
33 0.372182 284 0.014200
34 0.380239 150 0.007500
35 0.388296 166 0.008300
36 0.396352 168 0.008400
37 0.404409 230 0.011500
38 0.412466 344 0.017200
39 0.420523 575 0.028750
40 0.428580 879 0.043950
41 0.436636 367 0.018350
42 0.444693 335 0.016750
43 0.452750 445 0.022250
44 0.460807 539 0.026950
45 0.468864 796 0.039800
46 0.476920 484 0.024200
47 0.484977 574 0.028700
48 0.493034 822 0.041100
49 0.501091 4535 0.226750
50 0.509148 718 0.035900
51 0.517204 659 0.032950
52 0.525261 986 0.049300
53 0.533318 658 0.032900
54 0.541375 443 0.022150
55 0.549432 356 0.017800
56 0.557488 483 0.024150
57 0.565545 555 0.027750
58 0.573602 465 0.023250
59 0.581659 301 0.015050
60 0.589715 258 0.012900
61 0.597772 201 0.010050
62 0.605829 240 0.012000
63 0.613886 159 0.007950
64 0.621943 358 0.017900
65 0.629999 243 0.012150
66 0.638056 85 0.004250
67 0.646113 56 0.002800
68 0.654170 100 0.005000
69 0.662227 50 0.002500
70 0.670283 107 0.005350
71 0.678340 38 0.001900
72 0.686397 29 0.001450
73 0.694454 14 0.000700
74 0.702511 22 0.001100
75 0.710567 10 0.000500
76 0.718624 0 0.000000
77 0.726681 0 0.000000
78 0.734738 0 0.000000
79 0.742795 2 0.000100
80 0.750851 0 0.000000
81 0.758908 0 0.000000
82 0.766965 1 0.000050
83 0.775022 0 0.000000
84 0.783078 0 0.000000
85 0.791135 3 0.000150
86 0.799192 8 0.000400
87 0.807249 2 0.000100
88 0.815306 0 0.000000
89 0.823362 0 0.000000
90 0.831419 0 0.000000
91 0.839476 0 0.000000
92 0.847533 0 0.000000
93 0.855590 0 0.000000
94 0.863646 0 0.000000
95 0.871703 2 0.000100
96 0.879760 0 0.000000
97 0.887817 0 0.000000
98 0.895874 0 0.000000
99 0.903930 1 0.000050
