0 0.425524 3 0.000150
1 0.427319 2 0.000100
2 0.429114 0 0.000000
3 0.430909 2 0.000100
4 0.432704 3 0.000150
5 0.434499 7 0.000350
6 0.436294 9 0.000450
7 0.438090 4 0.000200
8 0.439885 4 0.000200
9 0.441680 7 0.000350
10 0.443475 10 0.000500
11 0.445270 12 0.000600
12 0.447065 12 0.000600
13 0.448860 12 0.000600
14 0.450655 16 0.000800
15 0.452450 14 0.000700
16 0.454246 32 0.001600
17 0.456041 24 0.001200
18 0.457836 33 0.001650
19 0.459631 13 0.000650
20 0.461426 27 0.001350
21 0.463221 23 0.001150
22 0.465016 20 0.001000
23 0.466811 19 0.000950
24 0.468606 33 0.001650
25 0.470402 32 0.001600
26 0.472197 53 0.002650
27 0.473992 58 0.002900
28 0.475787 55 0.002750
29 0.477582 51 0.002550
30 0.479377 75 0.003750
31 0.481172 67 0.003350
32 0.482967 94 0.004700
33 0.484763 90 0.004500
34 0.486558 111 0.005550
35 0.488353 136 0.006800
36 0.490148 147 0.007350
37 0.491943 203 0.010150
38 0.493738 233 0.011650
39 0.495533 256 0.012800
40 0.497328 346 0.017300
41 0.499123 355 0.017750
42 0.500919 543 0.027150
43 0.502714 742 0.037100
44 0.504509 1127 0.056350
45 0.506304 1630 0.081500
46 0.508099 2339 0.116950
47 0.509894 2590 0.129500
48 0.511689 1634 0.081700
49 0.513484 1441 0.072050
50 0.515279 979 0.048950
51 0.517075 776 0.038800
52 0.518870 603 0.030150
53 0.520665 460 0.023000
54 0.522460 374 0.018700
55 0.524255 291 0.014550
56 0.526050 241 0.012050
57 0.527845 183 0.009150
58 0.529640 140 0.007000
59 0.531435 147 0.007350
60 0.533231 110 0.005500
61 0.535026 100 0.005000
62 0.536821 100 0.005000
63 0.538616 72 0.003600
64 0.540411 94 0.004700
65 0.542206 77 0.003850
66 0.544001 53 0.002650
67 0.545796 66 0.003300
68 0.547592 43 0.002150
69 0.549387 23 0.001150
70 0.551182 44 0.002200
71 0.552977 23 0.001150
72 0.554772 25 0.001250
73 0.556567 21 0.001050
74 0.558362 27 0.001350
75 0.560157 19 0.000950
76 0.561952 15 0.000750
77 0.563748 21 0.001050
78 0.565543 11 0.000550
79 0.567338 14 0.000700
80 0.569133 17 0.000850
81 0.570928 13 0.000650
82 0.572723 13 0.000650
83 0.574518 7 0.000350
84 0.576313 4 0.000200
85 0.578109 10 0.000500
86 0.579904 9 0.000450
87 0.581699 9 0.000450
88 0.583494 3 0.000150
89 0.585289 3 0.000150
90 0.587084 0 0.000000
91 0.588879 2 0.000100
92 0.590674 0 0.000000
93 0.592469 1 0.000050
94 0.594265 0 0.000000
95 0.596060 1 0.000050
96 0.597855 4 0.000200
97 0.599650 0 0.000000
98 0.601445 2 0.000100
99 0.603240 1 0.000050
