0 0.009172 9 0.000150
1 0.019172 9 0.000150
2 0.029172 20 0.000333
3 0.039172 7 0.000117
4 0.049171 15 0.000250
5 0.059171 13 0.000217
6 0.069171 11 0.000183
7 0.079171 14 0.000233
8 0.089170 16 0.000267
9 0.099170 24 0.000400
10 0.109170 16 0.000267
11 0.119170 15 0.000250
12 0.129169 11 0.000183
13 0.139169 9 0.000150
14 0.149169 17 0.000283
15 0.159168 27 0.000450
16 0.169168 19 0.000317
17 0.179168 21 0.000350
18 0.189168 19 0.000317
19 0.199167 17 0.000283
20 0.209167 35 0.000583
21 0.219167 42 0.000700
22 0.229167 36 0.000600
23 0.239166 56 0.000933
24 0.249166 76 0.001267
25 0.259166 69 0.001150
26 0.269166 68 0.001133
27 0.279165 108 0.001800
28 0.289165 84 0.001400
29 0.299165 113 0.001883
30 0.309165 234 0.003900
31 0.319164 219 0.003650
32 0.329164 387 0.006450
33 0.339164 252 0.004200
34 0.349164 233 0.003883
35 0.359163 332 0.005533
36 0.369163 478 0.007967
37 0.379163 373 0.006217
38 0.389163 415 0.006917
39 0.399162 471 0.007850
40 0.409162 673 0.011217
41 0.419162 1041 0.017350
42 0.429161 1308 0.021800
43 0.439161 849 0.014150
44 0.449161 1001 0.016683
45 0.459161 1435 0.023917
46 0.469160 1951 0.032517
47 0.479160 2293 0.038217
48 0.489160 3929 0.065483
49 0.499160 7999 0.133317
50 0.509159 2631 0.043850
51 0.519159 2154 0.035900
52 0.529159 1912 0.031867
53 0.539159 1311 0.021850
54 0.549158 1258 0.020967
55 0.559158 1402 0.023367
56 0.569158 1906 0.031767
57 0.579158 2441 0.040683
58 0.589157 3148 0.052467
59 0.599157 2031 0.033850
60 0.609157 1460 0.024333
61 0.619157 1387 0.023117
62 0.629156 985 0.016417
63 0.639156 558 0.009300
64 0.649156 508 0.008467
65 0.659156 426 0.007100
66 0.669155 449 0.007483
67 0.679155 289 0.004817
68 0.689155 277 0.004617
69 0.699154 251 0.004183
70 0.709154 216 0.003600
71 0.719154 186 0.003100
72 0.729154 175 0.002917
73 0.739153 209 0.003483
74 0.749153 213 0.003550
75 0.759153 201 0.003350
76 0.769153 202 0.003367
77 0.779152 215 0.003583
78 0.789152 227 0.003783
79 0.799152 171 0.002850
80 0.809152 184 0.003067
81 0.819151 254 0.004233
82 0.829151 261 0.004350
83 0.839151 245 0.004083
84 0.849151 333 0.005550
85 0.859150 453 0.007550
86 0.869150 431 0.007183
87 0.879150 388 0.006467
88 0.889150 279 0.004650
89 0.899149 266 0.004433
90 0.909149 281 0.004683
91 0.919149 337 0.005617
92 0.929149 260 0.004333
93 0.939148 170 0.002833
94 0.949148 54 0.000900
95 0.959148 51 0.000850
96 0.969148 56 0.000933
97 0.979147 20 0.000333
98 0.989147 8 0.000133
99 0.999147 1 0.000017
