0 0.027379 3 0.000050
1 0.037370 6 0.000100
2 0.047362 7 0.000117
3 0.057353 6 0.000100
4 0.067345 29 0.000483
5 0.077336 11 0.000183
6 0.087328 26 0.000433
7 0.097319 25 0.000417
8 0.107310 12 0.000200
9 0.117302 21 0.000350
10 0.127293 12 0.000200
11 0.137285 3 0.000050
12 0.147276 13 0.000217
13 0.157267 18 0.000300
14 0.167259 26 0.000433
15 0.177250 22 0.000367
16 0.187242 22 0.000367
17 0.197233 24 0.000400
18 0.207224 27 0.000450
19 0.217216 31 0.000517
20 0.227207 37 0.000617
21 0.237199 35 0.000583
22 0.247190 60 0.001000
23 0.257181 64 0.001067
24 0.267173 68 0.001133
25 0.277164 63 0.001050
26 0.287156 105 0.001750
27 0.297147 68 0.001133
28 0.307139 115 0.001917
29 0.317130 117 0.001950
30 0.327121 184 0.003067
31 0.337113 325 0.005417
32 0.347104 177 0.002950
33 0.357096 154 0.002567
34 0.367087 133 0.002217
35 0.377078 150 0.002500
36 0.387070 193 0.003217
37 0.397061 198 0.003300
38 0.407053 206 0.003433
39 0.417044 313 0.005217
40 0.427035 343 0.005717
41 0.437027 409 0.006817
42 0.447018 523 0.008717
43 0.457010 648 0.010800
44 0.467001 1008 0.016800
45 0.476992 1438 0.023967
46 0.486984 2595 0.043250
47 0.496975 6827 0.113783
48 0.506967 13250 0.220833
49 0.516958 4387 0.073117
50 0.526950 1970 0.032833
51 0.536941 1300 0.021667
52 0.546932 925 0.015417
53 0.556924 822 0.013700
54 0.566915 959 0.015983
55 0.576907 1133 0.018883
56 0.586898 1921 0.032017
57 0.596889 2693 0.044883
58 0.606881 1950 0.032500
59 0.616872 1312 0.021867
60 0.626864 1032 0.017200
61 0.636855 727 0.012117
62 0.646846 494 0.008233
63 0.656838 445 0.007417
64 0.666829 344 0.005733
65 0.676821 306 0.005100
66 0.686812 293 0.004883
67 0.696804 258 0.004300
68 0.706795 200 0.003333
69 0.716786 221 0.003683
70 0.726778 171 0.002850
71 0.736769 176 0.002933
72 0.746761 190 0.003167
73 0.756752 208 0.003467
74 0.766743 213 0.003550
75 0.776735 202 0.003367
76 0.786726 196 0.003267
77 0.796718 202 0.003367
78 0.806709 195 0.003250
79 0.816700 181 0.003017
80 0.826692 228 0.003800
81 0.836683 245 0.004083
82 0.846675 246 0.004100
83 0.856666 305 0.005083
84 0.866657 319 0.005317
85 0.876649 463 0.007717
86 0.886640 477 0.007950
87 0.896632 335 0.005583
88 0.906623 248 0.004133
89 0.916615 283 0.004717
90 0.926606 338 0.005633
91 0.936597 272 0.004533
92 0.946589 254 0.004233
93 0.956580 57 0.000950
94 0.966572 57 0.000950
95 0.976563 49 0.000817
96 0.986554 28 0.000467
97 0.996546 12 0.000200
98 1.006537 7 0.000117
99 1.016529 1 0.000017
