0 0.009172 5 0.000250
1 0.019172 8 0.000400
2 0.029172 10 0.000500
3 0.039172 5 0.000250
4 0.049171 5 0.000250
5 0.059171 3 0.000150
6 0.069171 3 0.000150
7 0.079171 6 0.000300
8 0.089170 4 0.000200
9 0.099170 5 0.000250
10 0.109170 5 0.000250
11 0.119170 2 0.000100
12 0.129169 4 0.000200
13 0.139169 1 0.000050
14 0.149169 5 0.000250
15 0.159168 3 0.000150
16 0.169168 5 0.000250
17 0.179168 0 0.000000
18 0.189168 3 0.000150
19 0.199167 3 0.000150
20 0.209167 3 0.000150
21 0.219167 3 0.000150
22 0.229167 2 0.000100
23 0.239166 14 0.000700
24 0.249166 33 0.001650
25 0.259166 28 0.001400
26 0.269166 24 0.001200
27 0.279165 35 0.001750
28 0.289165 29 0.001450
29 0.299165 30 0.001500
30 0.309165 123 0.006150
31 0.319164 62 0.003100
32 0.329164 182 0.009100
33 0.339164 93 0.004650
34 0.349164 71 0.003550
35 0.359163 21 0.001050
36 0.369163 23 0.001150
37 0.379163 24 0.001200
38 0.389163 20 0.001000
39 0.399162 25 0.001250
40 0.409162 33 0.001650
41 0.419162 26 0.001300
42 0.429161 36 0.001800
43 0.439161 41 0.002050
44 0.449161 43 0.002150
45 0.459161 39 0.001950
46 0.469160 65 0.003250
47 0.479160 69 0.003450
48 0.489160 106 0.005300
49 0.499160 128 0.006400
50 0.509159 142 0.007100
51 0.519159 184 0.009200
52 0.529159 202 0.010100
53 0.539159 262 0.013100
54 0.549158 388 0.019400
55 0.559158 461 0.023050
56 0.569158 819 0.040950
57 0.579158 1768 0.088400
58 0.589157 2663 0.133150
59 0.599157 1599 0.079950
60 0.609157 1049 0.052450
61 0.619157 873 0.043650
62 0.629156 571 0.028550
63 0.639156 350 0.017500
64 0.649156 304 0.015200
65 0.659156 252 0.012600
66 0.669155 233 0.011650
67 0.679155 175 0.008750
68 0.689155 196 0.009800
69 0.699154 175 0.008750
70 0.709154 154 0.007700
71 0.719154 146 0.007300
72 0.729154 149 0.007450
73 0.739153 175 0.008750
74 0.749153 179 0.008950
75 0.759153 168 0.008400
76 0.769153 177 0.008850
77 0.779152 181 0.009050
78 0.789152 197 0.009850
79 0.799152 149 0.007450
80 0.809152 165 0.008250
81 0.819151 242 0.012100
82 0.829151 246 0.012300
83 0.839151 228 0.011400
84 0.849151 312 0.015600
85 0.859150 444 0.022200
86 0.869150 421 0.021050
87 0.879150 377 0.018850
88 0.889150 268 0.013400
89 0.899149 252 0.012600
90 0.909149 273 0.013650
91 0.919149 327 0.016350
92 0.929149 246 0.012300
93 0.939148 164 0.008200
94 0.949148 50 0.002500
95 0.959148 48 0.002400
96 0.969148 51 0.002550
97 0.979147 20 0.001000
98 0.989147 8 0.000400
99 0.999147 1 0.000050
