0 0.067636 20 0.001000
1 0.077221 4 0.000200
2 0.086805 8 0.000400
3 0.096390 7 0.000350
4 0.105975 4 0.000200
5 0.115560 5 0.000250
6 0.125145 4 0.000200
7 0.134729 0 0.000000
8 0.144314 0 0.000000
9 0.153899 7 0.000350
10 0.163484 3 0.000150
11 0.173068 8 0.000400
12 0.182653 7 0.000350
13 0.192238 6 0.000300
14 0.201823 4 0.000200
15 0.211408 4 0.000200
16 0.220992 6 0.000300
17 0.230577 1 0.000050
18 0.240162 4 0.000200
19 0.249747 25 0.001250
20 0.259331 22 0.001100
21 0.268916 27 0.001350
22 0.278501 21 0.001050
23 0.288086 37 0.001850
24 0.297671 30 0.001500
25 0.307255 28 0.001400
26 0.316840 36 0.001800
27 0.326425 84 0.004200
28 0.336010 240 0.012000
29 0.345594 87 0.004350
30 0.355179 65 0.003250
31 0.364764 27 0.001350
32 0.374349 20 0.001000
33 0.383934 23 0.001150
34 0.393518 16 0.000800
35 0.403103 19 0.000950
36 0.412688 25 0.001250
37 0.422273 44 0.002200
38 0.431857 31 0.001550
39 0.441442 26 0.001300
40 0.451027 34 0.001700
41 0.460612 48 0.002400
42 0.470196 48 0.002400
43 0.479781 42 0.002100
44 0.489366 72 0.003600
45 0.498951 109 0.005450
46 0.508536 122 0.006100
47 0.518120 127 0.006350
48 0.527705 154 0.007700
49 0.537290 225 0.011250
50 0.546875 240 0.012000
51 0.556459 292 0.014600
52 0.566044 471 0.023550
53 0.575629 588 0.029400
54 0.585214 1424 0.071200
55 0.594799 2223 0.111150
56 0.604383 2048 0.102400
57 0.613968 1222 0.061100
58 0.623553 956 0.047800
59 0.633138 644 0.032200
60 0.642722 471 0.023550
61 0.652307 333 0.016650
62 0.661892 293 0.014650
63 0.671477 231 0.011550
64 0.681062 204 0.010200
65 0.690646 167 0.008350
66 0.700231 184 0.009200
67 0.709816 155 0.007750
68 0.719401 161 0.008050
69 0.728985 130 0.006500
70 0.738570 139 0.006950
71 0.748155 160 0.008000
72 0.757740 166 0.008300
73 0.767325 176 0.008800
74 0.776909 166 0.008300
75 0.786494 160 0.008000
76 0.796079 160 0.008000
77 0.805664 170 0.008500
78 0.815248 167 0.008350
79 0.824833 194 0.009700
80 0.834418 227 0.011350
81 0.844003 222 0.011100
82 0.853588 238 0.011900
83 0.863172 292 0.014600
84 0.872757 386 0.019300
85 0.882342 449 0.022450
86 0.891927 398 0.019900
87 0.901511 225 0.011250
88 0.911096 246 0.012300
89 0.920681 269 0.013450
90 0.930266 336 0.016800
91 0.939850 229 0.011450
92 0.949435 191 0.009550
93 0.959020 46 0.002300
94 0.968605 47 0.002350
95 0.978190 51 0.002550
96 0.987774 19 0.000950
97 0.997359 10 0.000500
98 1.006944 8 0.000400
99 1.016529 0 0.000000
