initializing
training size    : 359556
testing size     : 20000
epoch count      : 10
sub epoch size   : 5

epoch_learning_rate_decay   : 8
learning_rate_decay         : 0.250000

training



epoch [0 0] from [10 5]
training time per iterations 4.192196[ms]
testing on 20000 items
testing done
average error 0.002002
min error     0.000000
max error     0.260934
saving best net
best net saved to networks/disc40x20x3_window_size_4/net_7_depth/trained/, with error 0.002002



epoch [0 1] from [10 5]
training time per iterations 4.186522[ms]
testing on 20000 items
testing done
average error 0.001902
min error     0.000000
max error     0.264567
saving best net
best net saved to networks/disc40x20x3_window_size_4/net_7_depth/trained/, with error 0.001902



epoch [0 2] from [10 5]
training time per iterations 4.181836[ms]
testing on 20000 items
testing done
average error 0.002110
min error     0.000000
max error     0.259847



epoch [0 3] from [10 5]
training time per iterations 4.188427[ms]
testing on 20000 items
testing done
average error 0.001910
min error     0.000000
max error     0.217572



epoch [0 4] from [10 5]
training time per iterations 4.192794[ms]
testing on 20000 items
testing done
average error 0.001894
min error     0.000000
max error     0.227278
saving best net
best net saved to networks/disc40x20x3_window_size_4/net_7_depth/trained/, with error 0.001894



epoch [1 0] from [10 5]
training time per iterations 4.199218[ms]
testing on 20000 items
testing done
average error 0.001907
min error     0.000000
max error     0.224510



epoch [1 1] from [10 5]
training time per iterations 4.194866[ms]
testing on 20000 items
testing done
average error 0.001755
min error     0.000000
max error     0.217270
saving best net
best net saved to networks/disc40x20x3_window_size_4/net_7_depth/trained/, with error 0.001755



epoch [1 2] from [10 5]
training time per iterations 4.195728[ms]
testing on 20000 items
testing done
average error 0.001876
min error     0.000000
max error     0.261368



epoch [1 3] from [10 5]
training time per iterations 4.197188[ms]
testing on 20000 items
testing done
average error 0.001789
min error     0.000000
max error     0.222634



epoch [1 4] from [10 5]
training time per iterations 4.192043[ms]
testing on 20000 items
testing done
average error 0.001759
min error     0.000000
max error     0.231887



epoch [2 0] from [10 5]
training time per iterations 4.191195[ms]
testing on 20000 items
testing done
average error 0.001803
min error     0.000000
max error     0.218105



epoch [2 1] from [10 5]
training time per iterations 4.196994[ms]
testing on 20000 items
testing done
average error 0.001672
min error     0.000000
max error     0.227585
saving best net
best net saved to networks/disc40x20x3_window_size_4/net_7_depth/trained/, with error 0.001672



epoch [2 2] from [10 5]
training time per iterations 4.193267[ms]
testing on 20000 items
testing done
average error 0.001789
min error     0.000000
max error     0.226858



epoch [2 3] from [10 5]
training time per iterations 4.198857[ms]
testing on 20000 items
testing done
average error 0.001898
min error     0.000000
max error     0.217506



epoch [2 4] from [10 5]
training time per iterations 4.195547[ms]
testing on 20000 items
testing done
average error 0.001682
min error     0.000000
max error     0.266932



epoch [3 0] from [10 5]
training time per iterations 4.193934[ms]
testing on 20000 items
testing done
average error 0.001652
min error     0.000000
max error     0.232065
saving best net
best net saved to networks/disc40x20x3_window_size_4/net_7_depth/trained/, with error 0.001652



epoch [3 1] from [10 5]
training time per iterations 4.192530[ms]
testing on 20000 items
testing done
average error 0.001620
min error     0.000000
max error     0.204228
saving best net
best net saved to networks/disc40x20x3_window_size_4/net_7_depth/trained/, with error 0.001620



epoch [3 2] from [10 5]
training time per iterations 4.199761[ms]
testing on 20000 items
testing done
average error 0.001766
min error     0.000000
max error     0.224665



epoch [3 3] from [10 5]
training time per iterations 4.197133[ms]
testing on 20000 items
testing done
average error 0.001715
min error     0.000000
max error     0.207234



epoch [3 4] from [10 5]
training time per iterations 4.196382[ms]
testing on 20000 items
testing done
average error 0.001711
min error     0.000000
max error     0.208503



epoch [4 0] from [10 5]
training time per iterations 4.196715[ms]
testing on 20000 items
testing done
average error 0.001788
min error     0.000000
max error     0.219905



epoch [4 1] from [10 5]
training time per iterations 4.195214[ms]
testing on 20000 items
testing done
average error 0.001875
min error     0.000000
max error     0.229432



epoch [4 2] from [10 5]
training time per iterations 4.191807[ms]
testing on 20000 items
testing done
average error 0.001758
min error     0.000000
max error     0.226056



epoch [4 3] from [10 5]
training time per iterations 4.194894[ms]
testing on 20000 items
testing done
average error 0.001629
min error     0.000000
max error     0.237972



epoch [4 4] from [10 5]
training time per iterations 4.191640[ms]
testing on 20000 items
testing done
average error 0.001692
min error     0.000000
max error     0.213001



epoch [5 0] from [10 5]
training time per iterations 4.198607[ms]
testing on 20000 items
testing done
average error 0.001549
min error     0.000000
max error     0.228985
saving best net
best net saved to networks/disc40x20x3_window_size_4/net_7_depth/trained/, with error 0.001549



epoch [5 1] from [10 5]
training time per iterations 4.195839[ms]
testing on 20000 items
testing done
average error 0.001626
min error     0.000000
max error     0.226843



epoch [5 2] from [10 5]
training time per iterations 4.187120[ms]
testing on 20000 items
testing done
average error 0.001633
min error     0.000000
max error     0.201383



epoch [5 3] from [10 5]
training time per iterations 4.198301[ms]
testing on 20000 items
testing done
average error 0.001707
min error     0.000000
max error     0.218315



epoch [5 4] from [10 5]
training time per iterations 4.184422[ms]
testing on 20000 items
testing done
average error 0.001615
min error     0.000000
max error     0.207095



epoch [6 0] from [10 5]
training time per iterations 4.196243[ms]
testing on 20000 items
testing done
average error 0.001564
min error     0.000000
max error     0.217067



epoch [6 1] from [10 5]
training time per iterations 4.197870[ms]
testing on 20000 items
testing done
average error 0.001610
min error     0.000000
max error     0.201069



epoch [6 2] from [10 5]
training time per iterations 4.171406[ms]
testing on 20000 items
testing done
average error 0.001944
min error     0.000000
max error     0.249729



epoch [6 3] from [10 5]
training time per iterations 4.195283[ms]
testing on 20000 items
testing done
average error 0.001592
min error     0.000000
max error     0.210403



epoch [6 4] from [10 5]
training time per iterations 4.194699[ms]
testing on 20000 items
testing done
average error 0.001714
min error     0.000000
max error     0.238980



epoch [7 0] from [10 5]
training time per iterations 4.192877[ms]
testing on 20000 items
testing done
average error 0.001716
min error     0.000000
max error     0.249789



epoch [7 1] from [10 5]
training time per iterations 4.195742[ms]
testing on 20000 items
testing done
average error 0.001710
min error     0.000000
max error     0.221484



epoch [7 2] from [10 5]
training time per iterations 4.194490[ms]
testing on 20000 items
testing done
average error 0.001645
min error     0.000000
max error     0.220281



epoch [7 3] from [10 5]
training time per iterations 4.193030[ms]
testing on 20000 items
testing done
average error 0.001573
min error     0.000000
max error     0.221657



epoch [7 4] from [10 5]
training time per iterations 4.193892[ms]
testing on 20000 items
testing done
average error 0.001652
min error     0.000000
max error     0.227456
setting learning rate to 0.000050



epoch [8 0] from [10 5]
training time per iterations 4.185173[ms]
testing on 20000 items
testing done
average error 0.001654
min error     0.000000
max error     0.213717



epoch [8 1] from [10 5]
training time per iterations 4.190485[ms]
testing on 20000 items
testing done
average error 0.001646
min error     0.000000
max error     0.214204



epoch [8 2] from [10 5]
training time per iterations 4.197160[ms]
testing on 20000 items
testing done
average error 0.001641
min error     0.000000
max error     0.218143



epoch [8 3] from [10 5]
training time per iterations 4.191487[ms]
testing on 20000 items
testing done
average error 0.001624
min error     0.000000
max error     0.210412



epoch [8 4] from [10 5]
training time per iterations 4.194643[ms]
testing on 20000 items
testing done
average error 0.001618
min error     0.000000
max error     0.218306



epoch [9 0] from [10 5]
training time per iterations 4.196201[ms]
testing on 20000 items
testing done
average error 0.001609
min error     0.000000
max error     0.214329



epoch [9 1] from [10 5]
training time per iterations 4.195561[ms]
testing on 20000 items
testing done
average error 0.001643
min error     0.000000
max error     0.221791



epoch [9 2] from [10 5]
training time per iterations 4.189276[ms]
testing on 20000 items
testing done
average error 0.001647
min error     0.000000
max error     0.221132



epoch [9 3] from [10 5]
training time per iterations 4.191153[ms]
testing on 20000 items
testing done
average error 0.001576
min error     0.000000
max error     0.210055



epoch [9 4] from [10 5]
training time per iterations 4.188747[ms]
testing on 20000 items
testing done
average error 0.001600
min error     0.000000
max error     0.212977
training done
