0.000000 0 0 0.002002 0.000000 0.260934 0.001958 0.000000 0.155537
0.200000 0 1 0.001902 0.000000 0.264567 0.001874 0.000000 0.163924
0.400000 0 2 0.002110 0.000000 0.259847 0.002119 0.000000 0.203902
0.600000 0 3 0.001910 0.000000 0.217572 0.001921 0.000000 0.210261
0.800000 0 4 0.001894 0.000000 0.227278 0.001875 0.000000 0.213150
1.000000 1 0 0.001907 0.000000 0.224510 0.001938 0.000000 0.228623
1.200000 1 1 0.001755 0.000000 0.217270 0.001712 0.000000 0.226164
1.400000 1 2 0.001876 0.000000 0.261368 0.001882 0.000000 0.174065
1.600000 1 3 0.001789 0.000000 0.222634 0.001780 0.000000 0.159145
1.800000 1 4 0.001759 0.000000 0.231887 0.001735 0.000000 0.240485
2.000000 2 0 0.001803 0.000000 0.218105 0.001829 0.000000 0.207785
2.200000 2 1 0.001672 0.000000 0.227585 0.001662 0.000000 0.220139
2.400000 2 2 0.001789 0.000000 0.226858 0.001803 0.000000 0.179701
2.600000 2 3 0.001898 0.000000 0.217506 0.001905 0.000000 0.150091
2.800000 2 4 0.001682 0.000000 0.266932 0.001670 0.000000 0.247166
3.000000 3 0 0.001652 0.000000 0.232065 0.001626 0.000000 0.231990
3.200000 3 1 0.001620 0.000000 0.204228 0.001612 0.000000 0.160429
3.400000 3 2 0.001766 0.000000 0.224665 0.001776 0.000000 0.186050
3.600000 3 3 0.001715 0.000000 0.207234 0.001754 0.000000 0.161930
3.800000 3 4 0.001711 0.000000 0.208503 0.001713 0.000000 0.209982
4.000000 4 0 0.001788 0.000000 0.219905 0.001822 0.000000 0.253345
4.200000 4 1 0.001875 0.000000 0.229432 0.001882 0.000000 0.155591
4.400000 4 2 0.001758 0.000000 0.226056 0.001753 0.000000 0.217955
4.600000 4 3 0.001629 0.000000 0.237972 0.001622 0.000000 0.199493
4.800000 4 4 0.001692 0.000000 0.213001 0.001704 0.000000 0.242002
5.000000 5 0 0.001549 0.000000 0.228985 0.001534 0.000000 0.277833
5.200000 5 1 0.001626 0.000000 0.226843 0.001591 0.000000 0.139823
5.400000 5 2 0.001633 0.000000 0.201383 0.001630 0.000000 0.212804
5.600000 5 3 0.001707 0.000000 0.218315 0.001692 0.000000 0.216373
5.800000 5 4 0.001615 0.000000 0.207095 0.001628 0.000000 0.227479
6.000000 6 0 0.001564 0.000000 0.217067 0.001544 0.000000 0.227721
6.200000 6 1 0.001610 0.000000 0.201069 0.001627 0.000000 0.201069
6.400000 6 2 0.001944 0.000000 0.249729 0.001941 0.000000 0.242410
6.600000 6 3 0.001592 0.000000 0.210403 0.001572 0.000000 0.230530
6.800000 6 4 0.001714 0.000000 0.238980 0.001690 0.000000 0.215896
7.000000 7 0 0.001716 0.000000 0.249789 0.001748 0.000000 0.247646
7.200000 7 1 0.001710 0.000000 0.221484 0.001731 0.000000 0.239356
7.400000 7 2 0.001645 0.000000 0.220281 0.001640 0.000000 0.173565
7.600000 7 3 0.001573 0.000000 0.221657 0.001591 0.000000 0.206893
7.800000 7 4 0.001652 0.000000 0.227456 0.001649 0.000000 0.180730
8.000000 8 0 0.001654 0.000000 0.213717 0.001659 0.000000 0.146093
8.200000 8 1 0.001646 0.000000 0.214204 0.001656 0.000000 0.202214
8.400000 8 2 0.001641 0.000000 0.218143 0.001614 0.000000 0.138083
8.600000 8 3 0.001624 0.000000 0.210412 0.001645 0.000000 0.183444
8.800000 8 4 0.001618 0.000000 0.218306 0.001612 0.000000 0.130897
9.000000 9 0 0.001609 0.000000 0.214329 0.001588 0.000000 0.210897
9.200000 9 1 0.001643 0.000000 0.221791 0.001654 0.000000 0.221791
9.400000 9 2 0.001647 0.000000 0.221132 0.001639 0.000000 0.202227
9.600000 9 3 0.001576 0.000000 0.210055 0.001568 0.000000 0.159268
9.800000 9 4 0.001600 0.000000 0.212977 0.001591 0.000000 0.164689
