0 0 0.000000 0.969350 0.126690 0.972275 0.126948
0 1 0.114943 0.971044 0.125843 0.975129 0.126012
0 2 0.229885 0.971803 0.126030 0.973999 0.127096
0 3 0.344828 0.970868 0.125979 0.969428 0.126478
0 4 0.459770 0.972243 0.125974 0.972723 0.128267
0 5 0.574713 0.972218 0.127456 0.971846 0.127190
0 6 0.689655 0.972460 0.126566 0.970100 0.123480
0 7 0.804598 0.971609 0.125537 0.971760 0.125097
0 8 0.919540 0.974600 0.127900 0.973050 0.128321
0 9 1.034483 0.972171 0.127126 0.974083 0.126543
0 10 1.149425 0.972753 0.125858 0.971303 0.127142
0 11 1.264368 0.972415 0.126073 0.968813 0.126475
0 12 1.379310 0.971170 0.124418 0.971233 0.125866
0 13 1.494253 0.972212 0.126328 0.973229 0.126502
0 14 1.609195 0.970779 0.125534 0.970117 0.125990
0 15 1.724138 0.971164 0.126797 0.971646 0.127741
0 16 1.839080 0.969419 0.124575 0.971487 0.125138
0 17 1.954023 0.971551 0.126285 0.971649 0.126663
0 18 2.068965 0.970991 0.125700 0.969919 0.126039
0 19 2.183908 0.972795 0.126240 0.971402 0.126688
0 20 2.298851 0.973723 0.126588 0.972169 0.126210
0 21 2.413793 0.972598 0.126147 0.973172 0.125008
0 22 2.528736 0.971154 0.125970 0.971174 0.126246
0 23 2.643678 0.971441 0.125821 0.971249 0.126258
0 24 2.758621 0.971248 0.127163 0.972431 0.128519
0 25 2.873563 0.972315 0.127372 0.974042 0.127718
0 26 2.988506 0.972648 0.127015 0.973451 0.127428
0 27 3.103448 0.972474 0.125653 0.968085 0.125709
0 28 3.218391 0.972350 0.125843 0.970279 0.127098
0 29 3.333333 0.970894 0.126414 0.970772 0.125842
0 30 3.448276 0.970310 0.126357 0.972537 0.125889
0 31 3.563218 0.973139 0.125344 0.973352 0.127348
0 32 3.678161 0.971314 0.125795 0.970340 0.126313
0 33 3.793103 0.972267 0.127211 0.970790 0.125646
0 34 3.908046 0.971292 0.125939 0.974074 0.127093
0 35 4.022988 0.972359 0.128513 0.973018 0.127200
0 36 4.137931 0.969279 0.126291 0.971359 0.125908
0 37 4.252873 0.970517 0.125532 0.971764 0.125907
0 38 4.367816 0.971433 0.127523 0.973452 0.126867
0 39 4.482759 0.972345 0.126316 0.972490 0.129072
0 40 4.597701 0.971903 0.128389 0.970401 0.125640
0 41 4.712644 0.969778 0.127014 0.969957 0.124313
0 42 4.827586 0.970072 0.124011 0.971509 0.126712
0 43 4.942529 0.968372 0.124757 0.972463 0.126783
0 44 5.057471 0.972384 0.125658 0.968971 0.126771
0 45 5.172414 0.970063 0.127830 0.970952 0.126178
0 46 5.287356 0.971048 0.126276 0.968238 0.125127
0 47 5.402299 0.971678 0.125584 0.972278 0.127613
0 48 5.517241 0.972009 0.126603 0.973602 0.127638
0 49 5.632184 0.971855 0.126056 0.968488 0.125762
0 50 5.747127 0.973819 0.126695 0.972691 0.125382
0 51 5.862069 0.973971 0.127035 0.972823 0.126202
0 52 5.977012 0.969962 0.126340 0.973525 0.127301
0 53 6.091954 0.971928 0.126984 0.970762 0.125184
0 54 6.206897 0.969723 0.125524 0.970970 0.126424
0 55 6.321839 0.972445 0.124837 0.969176 0.126339
0 56 6.436781 0.970000 0.125690 0.970636 0.126057
0 57 6.551724 0.971076 0.128463 0.972013 0.126523
0 58 6.666667 0.973261 0.126216 0.971719 0.127186
0 59 6.781609 0.972757 0.128195 0.975377 0.130300
0 60 6.896552 0.971108 0.125796 0.970711 0.126026
0 61 7.011494 0.972134 0.126748 0.972895 0.127191
0 62 7.126437 0.972486 0.126495 0.972412 0.126802
0 63 7.241379 0.969386 0.126939 0.970967 0.126246
0 64 7.356322 0.973754 0.128117 0.970269 0.127163
0 65 7.471264 0.972571 0.125428 0.974638 0.126572
0 66 7.586207 0.970065 0.125704 0.972872 0.127427
0 67 7.701149 0.974248 0.127324 0.973090 0.124120
0 68 7.816092 0.973714 0.126949 0.972618 0.125713
0 69 7.931035 0.972878 0.128022 0.973485 0.125083
0 70 8.045977 0.973765 0.127982 0.972732 0.127748
0 71 8.160919 0.970129 0.126108 0.970594 0.126218
0 72 8.275862 0.969844 0.126649 0.972726 0.125942
0 73 8.390804 0.970845 0.127024 0.971769 0.125348
0 74 8.505747 0.970734 0.125553 0.971720 0.128271
0 75 8.620689 0.972111 0.125306 0.972523 0.127868
0 76 8.735632 0.971799 0.126834 0.974870 0.126935
0 77 8.850574 0.973121 0.126576 0.968979 0.125495
0 78 8.965517 0.968076 0.125143 0.971131 0.125834
0 79 9.080460 0.972142 0.126801 0.972097 0.126634
0 80 9.195402 0.972686 0.126179 0.971948 0.127741
0 81 9.310345 0.972934 0.125459 0.971116 0.125036
0 82 9.425287 0.971773 0.126338 0.968929 0.125280
0 83 9.540230 0.974191 0.125705 0.970888 0.126915
0 84 9.655172 0.972551 0.126582 0.972975 0.127531
0 85 9.770115 0.969229 0.127020 0.972605 0.125939
0 86 9.885057 0.969801 0.128314 0.972781 0.127278
1 0 10.000000 0.972323 0.126340 0.969418 0.126693
1 1 10.114943 0.972364 0.125220 0.972270 0.126241
1 2 10.229885 0.972053 0.126981 0.972974 0.126942
1 3 10.344828 0.972242 0.127255 0.972246 0.125393
1 4 10.459770 0.973555 0.126353 0.972564 0.127154
1 5 10.574713 0.973943 0.127865 0.971709 0.127853
1 6 10.689655 0.971598 0.128488 0.969819 0.127453
1 7 10.804598 0.970257 0.125170 0.967189 0.125344
1 8 10.919540 0.973398 0.127031 0.972531 0.125490
1 9 11.034483 0.971631 0.125702 0.970525 0.125901
1 10 11.149426 0.970728 0.127077 0.972996 0.127988
1 11 11.264368 0.969514 0.125543 0.969957 0.126561
1 12 11.379311 0.973864 0.127956 0.972416 0.126835
1 13 11.494253 0.970358 0.124942 0.971216 0.127233
1 14 11.609196 0.971578 0.126660 0.969429 0.126507
1 15 11.724138 0.972987 0.126163 0.970781 0.126606
1 16 11.839081 0.970355 0.126157 0.971008 0.125343
1 17 11.954023 0.969279 0.124941 0.970983 0.126763
1 18 12.068966 0.971979 0.125509 0.972955 0.126825
1 19 12.183908 0.972075 0.127215 0.972328 0.126359
1 20 12.298851 0.970708 0.125293 0.969616 0.126335
1 21 12.413794 0.971136 0.126776 0.971583 0.126726
1 22 12.528735 0.972253 0.126229 0.971057 0.127517
1 23 12.643678 0.970900 0.126006 0.973671 0.126737
1 24 12.758620 0.974906 0.128419 0.969509 0.125474
1 25 12.873563 0.972645 0.126906 0.972513 0.127641
1 26 12.988505 0.973248 0.127652 0.970696 0.127657
1 27 13.103448 0.972600 0.125941 0.969023 0.125721
1 28 13.218390 0.970940 0.126679 0.973313 0.125851
1 29 13.333333 0.968766 0.124927 0.973238 0.126487
1 30 13.448276 0.971252 0.125851 0.970178 0.125522
1 31 13.563218 0.969522 0.126313 0.969354 0.125279
1 32 13.678161 0.972338 0.126377 0.969358 0.126899
1 33 13.793103 0.973457 0.125993 0.972458 0.127662
1 34 13.908046 0.970783 0.126163 0.973893 0.127599
1 35 14.022988 0.971436 0.126726 0.972013 0.125762
1 36 14.137931 0.970584 0.126410 0.969229 0.126244
1 37 14.252873 0.974774 0.126020 0.971364 0.127476
1 38 14.367816 0.970361 0.126892 0.973206 0.126784
1 39 14.482759 0.970506 0.125652 0.971161 0.126645
1 40 14.597701 0.971220 0.126462 0.971132 0.126469
1 41 14.712644 0.970892 0.126526 0.971693 0.126825
1 42 14.827586 0.971351 0.127185 0.969912 0.127457
1 43 14.942529 0.968756 0.126018 0.970456 0.127299
1 44 15.057471 0.969812 0.126441 0.972254 0.126562
1 45 15.172414 0.969778 0.127023 0.974420 0.127983
1 46 15.287356 0.969716 0.126694 0.973227 0.127374
1 47 15.402299 0.970204 0.126466 0.971265 0.126181
1 48 15.517241 0.974326 0.128151 0.972117 0.126683
1 49 15.632184 0.972307 0.125803 0.970556 0.125394
1 50 15.747127 0.972004 0.127629 0.972120 0.125961
1 51 15.862069 0.967021 0.124446 0.970440 0.127020
1 52 15.977012 0.970870 0.126244 0.973908 0.126248
1 53 16.091953 0.973457 0.127073 0.967796 0.125179
1 54 16.206896 0.972585 0.127439 0.971395 0.128156
1 55 16.321838 0.972160 0.126211 0.971133 0.126665
1 56 16.436781 0.970977 0.123990 0.972907 0.127052
1 57 16.551723 0.972053 0.126427 0.972498 0.126082
1 58 16.666666 0.972610 0.126818 0.968036 0.127121
1 59 16.781609 0.973482 0.128235 0.972214 0.126670
1 60 16.896551 0.968314 0.124950 0.972741 0.125512
1 61 17.011494 0.974739 0.127703 0.969748 0.126636
1 62 17.126436 0.973600 0.126618 0.972120 0.125697
1 63 17.241379 0.970273 0.124153 0.973057 0.126983
1 64 17.356321 0.969926 0.126065 0.967838 0.123880
1 65 17.471264 0.972929 0.126607 0.969168 0.124704
1 66 17.586206 0.970897 0.127063 0.971719 0.125675
1 67 17.701149 0.973568 0.127875 0.970609 0.126259
1 68 17.816092 0.973621 0.127098 0.969130 0.126899
1 69 17.931034 0.969753 0.127066 0.972967 0.128076
1 70 18.045977 0.973899 0.125801 0.972364 0.126577
1 71 18.160919 0.968771 0.126186 0.970877 0.125631
1 72 18.275862 0.970759 0.126204 0.970679 0.124752
1 73 18.390804 0.971970 0.124980 0.971280 0.128055
1 74 18.505747 0.970402 0.126564 0.972181 0.128049
1 75 18.620689 0.969195 0.128194 0.973801 0.125991
1 76 18.735632 0.972110 0.126341 0.972407 0.126365
1 77 18.850574 0.973254 0.126649 0.972319 0.125933
1 78 18.965517 0.971361 0.125944 0.970020 0.126735
1 79 19.080460 0.973748 0.128483 0.972921 0.126942
1 80 19.195402 0.974122 0.127206 0.973673 0.128548
1 81 19.310345 0.972455 0.125311 0.973903 0.127837
1 82 19.425287 0.969984 0.126087 0.972915 0.127959
1 83 19.540230 0.972959 0.125677 0.973055 0.127988
1 84 19.655172 0.970595 0.125250 0.971924 0.123933
1 85 19.770115 0.973933 0.126827 0.970317 0.126849
1 86 19.885057 0.971866 0.125991 0.968809 0.124737
2 0 20.000000 0.974260 0.127519 0.971978 0.126510
2 1 20.114943 0.973342 0.126565 0.972853 0.125988
2 2 20.229885 0.968365 0.124679 0.973603 0.127168
2 3 20.344828 0.971625 0.125935 0.972636 0.125856
2 4 20.459770 0.974534 0.128075 0.972909 0.126837
2 5 20.574713 0.970560 0.128132 0.974488 0.128733
2 6 20.689655 0.971095 0.127233 0.970930 0.125637
2 7 20.804598 0.971160 0.126989 0.971332 0.126257
2 8 20.919540 0.971031 0.126234 0.972163 0.125654
2 9 21.034483 0.971999 0.125952 0.974410 0.127650
2 10 21.149426 0.972285 0.127647 0.974003 0.126990
2 11 21.264368 0.972356 0.124851 0.974658 0.125957
2 12 21.379311 0.969585 0.125366 0.973315 0.126336
2 13 21.494253 0.972329 0.127090 0.973878 0.129350
2 14 21.609196 0.970223 0.126296 0.971922 0.125856
2 15 21.724138 0.970897 0.128045 0.967714 0.125733
2 16 21.839081 0.971172 0.126523 0.972269 0.126209
2 17 21.954023 0.973041 0.127502 0.973516 0.125953
2 18 22.068966 0.971169 0.125633 0.973343 0.127948
2 19 22.183908 0.973142 0.127003 0.972580 0.128300
2 20 22.298851 0.972535 0.127083 0.972502 0.126580
2 21 22.413794 0.971138 0.126570 0.971770 0.126431
2 22 22.528736 0.969676 0.125815 0.971115 0.125729
2 23 22.643679 0.970153 0.124450 0.970814 0.127409
2 24 22.758621 0.971365 0.127582 0.970183 0.125998
2 25 22.873564 0.970538 0.125598 0.971626 0.126989
2 26 22.988506 0.972488 0.126454 0.970210 0.126216
2 27 23.103449 0.969842 0.126123 0.972027 0.127664
2 28 23.218391 0.970913 0.126713 0.969474 0.124703
2 29 23.333334 0.972134 0.125392 0.972166 0.127007
2 30 23.448277 0.971974 0.126148 0.971781 0.126377
2 31 23.563219 0.971302 0.126925 0.969102 0.127031
2 32 23.678162 0.969695 0.126481 0.970253 0.125762
2 33 23.793104 0.972552 0.125900 0.973261 0.126789
2 34 23.908047 0.967634 0.124266 0.970850 0.127017
2 35 24.022989 0.971085 0.124562 0.972689 0.127638
2 36 24.137932 0.967992 0.127250 0.971260 0.127412
2 37 24.252874 0.972435 0.127389 0.970526 0.125395
2 38 24.367817 0.969317 0.125043 0.971728 0.126274
2 39 24.482759 0.970054 0.126400 0.972545 0.127912
2 40 24.597702 0.972132 0.126141 0.969503 0.126682
2 41 24.712645 0.973719 0.127288 0.970347 0.125704
2 42 24.827587 0.974306 0.128921 0.969213 0.126104
2 43 24.942530 0.969914 0.125969 0.975202 0.128540
2 44 25.057470 0.968386 0.125661 0.972911 0.126359
2 45 25.172413 0.972388 0.126893 0.971123 0.129133
2 46 25.287355 0.971485 0.126056 0.969724 0.125244
2 47 25.402298 0.971174 0.126397 0.971111 0.125101
2 48 25.517241 0.972522 0.125871 0.974040 0.127567
2 49 25.632183 0.969378 0.125945 0.972867 0.126460
2 50 25.747126 0.970976 0.125052 0.972326 0.126850
2 51 25.862068 0.970452 0.126172 0.972517 0.126979
2 52 25.977011 0.972852 0.125587 0.973278 0.127202
2 53 26.091953 0.969417 0.125101 0.971504 0.125159
2 54 26.206896 0.971303 0.127004 0.971613 0.126670
2 55 26.321838 0.973689 0.127596 0.970250 0.125763
2 56 26.436781 0.971363 0.125788 0.971321 0.125650
2 57 26.551723 0.972062 0.126240 0.971224 0.126690
2 58 26.666666 0.972496 0.126313 0.973350 0.125869
2 59 26.781609 0.970249 0.125827 0.973314 0.127368
2 60 26.896551 0.971769 0.127133 0.975039 0.127021
2 61 27.011494 0.970911 0.126860 0.971460 0.125790
2 62 27.126436 0.971827 0.125464 0.970954 0.124743
2 63 27.241379 0.970594 0.125087 0.970447 0.125419
2 64 27.356321 0.970269 0.126149 0.970998 0.125944
2 65 27.471264 0.972467 0.126709 0.970459 0.125907
2 66 27.586206 0.972147 0.128352 0.969228 0.127186
2 67 27.701149 0.972149 0.127170 0.971080 0.125742
2 68 27.816092 0.972783 0.127916 0.970930 0.125587
2 69 27.931034 0.971012 0.124907 0.971259 0.126745
2 70 28.045977 0.971174 0.127331 0.971064 0.125597
2 71 28.160919 0.971609 0.126048 0.972291 0.126626
2 72 28.275862 0.973125 0.126886 0.973640 0.127328
2 73 28.390804 0.972000 0.126552 0.971595 0.125612
2 74 28.505747 0.970793 0.126215 0.972082 0.126065
2 75 28.620689 0.972221 0.126939 0.972218 0.125530
2 76 28.735632 0.970805 0.126397 0.971316 0.125899
2 77 28.850574 0.973875 0.126776 0.968742 0.126209
2 78 28.965517 0.971799 0.128113 0.971277 0.126091
2 79 29.080460 0.967454 0.125852 0.975157 0.127422
2 80 29.195402 0.969996 0.125295 0.974090 0.126061
2 81 29.310345 0.972391 0.126104 0.971387 0.126819
2 82 29.425287 0.971869 0.126375 0.970659 0.124871
2 83 29.540230 0.972522 0.126676 0.971473 0.126637
2 84 29.655172 0.968325 0.125437 0.973305 0.128176
2 85 29.770115 0.972360 0.127728 0.971020 0.126881
2 86 29.885057 0.970501 0.124002 0.973019 0.126528
3 0 30.000000 0.974096 0.128301 0.973712 0.127121
3 1 30.114943 0.970135 0.126928 0.971681 0.126672
3 2 30.229885 0.974099 0.127846 0.972185 0.125696
3 3 30.344828 0.969479 0.127287 0.973697 0.126612
3 4 30.459770 0.972194 0.124251 0.972342 0.127117
3 5 30.574713 0.969266 0.126001 0.968924 0.125089
3 6 30.689655 0.972892 0.126771 0.970405 0.126388
3 7 30.804598 0.971020 0.125707 0.973999 0.126916
3 8 30.919540 0.970424 0.126886 0.972614 0.126606
3 9 31.034483 0.974053 0.126484 0.973405 0.126022
3 10 31.149426 0.970929 0.125630 0.973426 0.127245
3 11 31.264368 0.972044 0.126510 0.973376 0.127163
3 12 31.379311 0.972177 0.125456 0.971959 0.128376
3 13 31.494253 0.970921 0.125475 0.975720 0.128679
3 14 31.609196 0.973527 0.126504 0.973897 0.126236
3 15 31.724138 0.971836 0.127255 0.973133 0.125855
3 16 31.839081 0.970984 0.125069 0.972144 0.125754
3 17 31.954023 0.973693 0.126708 0.968736 0.125430
3 18 32.068966 0.972694 0.126681 0.968476 0.126187
3 19 32.183907 0.971197 0.127404 0.970279 0.126679
3 20 32.298851 0.972083 0.125683 0.972267 0.124796
3 21 32.413792 0.967657 0.125084 0.969591 0.125927
3 22 32.528736 0.970230 0.126896 0.972478 0.126989
3 23 32.643677 0.970658 0.126507 0.972062 0.124910
3 24 32.758621 0.970203 0.127157 0.970887 0.127101
3 25 32.873562 0.972975 0.125878 0.971715 0.125727
3 26 32.988506 0.970618 0.127409 0.969590 0.126643
3 27 33.103447 0.973976 0.127479 0.970368 0.124386
3 28 33.218391 0.968187 0.125796 0.971495 0.126794
3 29 33.333332 0.971284 0.126566 0.970038 0.124730
3 30 33.448277 0.969084 0.124941 0.971195 0.127403
3 31 33.563217 0.975364 0.127025 0.969609 0.125424
3 32 33.678162 0.973265 0.126735 0.971242 0.126629
3 33 33.793102 0.971216 0.125730 0.968680 0.124810
3 34 33.908047 0.976725 0.127640 0.971337 0.124489
3 35 34.022987 0.972019 0.127760 0.973488 0.127456
3 36 34.137932 0.972385 0.126798 0.971017 0.127222
3 37 34.252872 0.969534 0.126719 0.971881 0.125431
3 38 34.367817 0.973011 0.126775 0.971902 0.125975
3 39 34.482758 0.971785 0.127241 0.971351 0.125642
3 40 34.597702 0.973617 0.127457 0.971162 0.125861
3 41 34.712643 0.970811 0.125254 0.974084 0.126544
3 42 34.827587 0.970390 0.125139 0.972092 0.127832
3 43 34.942528 0.972622 0.124916 0.971825 0.125888
3 44 35.057472 0.971353 0.126939 0.971836 0.126984
3 45 35.172413 0.971442 0.127431 0.970506 0.126115
3 46 35.287357 0.970776 0.126511 0.968616 0.125278
3 47 35.402298 0.971350 0.127251 0.973966 0.127807
3 48 35.517242 0.972807 0.127526 0.974845 0.129561
3 49 35.632183 0.972285 0.127000 0.969222 0.125415
3 50 35.747128 0.969932 0.126909 0.974249 0.124914
3 51 35.862068 0.971433 0.124789 0.970143 0.124001
3 52 35.977013 0.972562 0.126519 0.975111 0.128211
3 53 36.091953 0.971144 0.125046 0.969102 0.125667
3 54 36.206898 0.973152 0.126979 0.972795 0.127281
3 55 36.321838 0.974483 0.126973 0.971657 0.126022
3 56 36.436783 0.972434 0.126934 0.972289 0.126789
3 57 36.551723 0.972544 0.126631 0.974249 0.126227
3 58 36.666668 0.970791 0.126625 0.972523 0.128247
3 59 36.781609 0.972191 0.126857 0.974099 0.127692
3 60 36.896553 0.971760 0.126647 0.971666 0.125062
3 61 37.011494 0.971680 0.127728 0.972790 0.126644
3 62 37.126438 0.972984 0.127434 0.971250 0.125037
3 63 37.241379 0.972817 0.127021 0.973038 0.126892
3 64 37.356323 0.974995 0.126805 0.971228 0.127416
3 65 37.471264 0.969178 0.125211 0.969736 0.126466
3 66 37.586208 0.971674 0.127618 0.971577 0.127299
3 67 37.701149 0.973044 0.126692 0.970569 0.126879
3 68 37.816093 0.974237 0.126729 0.973562 0.126402
3 69 37.931034 0.972444 0.126284 0.973024 0.126024
3 70 38.045979 0.972490 0.126200 0.973750 0.127436
3 71 38.160919 0.972890 0.126437 0.969577 0.125802
3 72 38.275864 0.971014 0.125061 0.970312 0.127076
3 73 38.390804 0.970082 0.125961 0.972956 0.125889
3 74 38.505749 0.971205 0.125947 0.970052 0.126073
3 75 38.620689 0.971575 0.128078 0.971342 0.125683
3 76 38.735634 0.974204 0.127583 0.971424 0.128345
3 77 38.850574 0.969989 0.127306 0.972209 0.126576
3 78 38.965519 0.973870 0.127876 0.971093 0.125778
3 79 39.080460 0.972830 0.125958 0.970744 0.124861
3 80 39.195404 0.970838 0.126280 0.972892 0.127841
3 81 39.310345 0.971367 0.126896 0.972374 0.126930
3 82 39.425289 0.971304 0.125976 0.973303 0.126066
3 83 39.540230 0.973275 0.126361 0.972900 0.126867
3 84 39.655174 0.973491 0.128526 0.970913 0.125227
3 85 39.770115 0.970237 0.126189 0.970918 0.125930
3 86 39.885059 0.975805 0.127478 0.966903 0.124574
4 0 40.000000 0.971720 0.126329 0.972830 0.126484
4 1 40.114941 0.970627 0.126344 0.970334 0.126813
4 2 40.229885 0.970230 0.125496 0.971849 0.128780
4 3 40.344826 0.972905 0.127113 0.971141 0.126183
4 4 40.459770 0.971515 0.126943 0.970135 0.126429
4 5 40.574711 0.972516 0.127636 0.972130 0.125982
4 6 40.689655 0.968847 0.125918 0.972055 0.128534
4 7 40.804596 0.972833 0.126160 0.970764 0.124728
4 8 40.919540 0.972092 0.127376 0.970181 0.125239
4 9 41.034481 0.971797 0.127086 0.971899 0.126512
4 10 41.149426 0.972381 0.127085 0.971075 0.127148
4 11 41.264366 0.970747 0.125573 0.968603 0.125481
4 12 41.379311 0.971457 0.125798 0.972182 0.124884
4 13 41.494251 0.973576 0.126787 0.970988 0.126418
4 14 41.609196 0.971999 0.127207 0.970044 0.124912
4 15 41.724136 0.970643 0.124466 0.973125 0.126264
4 16 41.839081 0.971310 0.125344 0.974265 0.125693
4 17 41.954021 0.974755 0.126394 0.972530 0.126885
4 18 42.068966 0.973904 0.127947 0.973080 0.128370
4 19 42.183907 0.973746 0.126675 0.972558 0.127404
4 20 42.298851 0.971933 0.127000 0.970967 0.125435
4 21 42.413792 0.972429 0.128106 0.972482 0.125771
4 22 42.528736 0.973037 0.127353 0.973949 0.126732
4 23 42.643677 0.971695 0.126047 0.969407 0.126738
4 24 42.758621 0.972271 0.125265 0.970285 0.126369
4 25 42.873562 0.970912 0.125822 0.970591 0.126884
4 26 42.988506 0.972885 0.126057 0.971243 0.125339
4 27 43.103447 0.973916 0.125917 0.974668 0.126663
4 28 43.218391 0.972407 0.126326 0.973410 0.126633
4 29 43.333332 0.974268 0.127930 0.972149 0.126385
4 30 43.448277 0.970389 0.126398 0.971146 0.126445
4 31 43.563217 0.970940 0.126149 0.969417 0.124673
4 32 43.678162 0.972921 0.126919 0.971868 0.125568
4 33 43.793102 0.970580 0.126702 0.974078 0.128068
4 34 43.908047 0.972054 0.126528 0.968359 0.126523
4 35 44.022987 0.967028 0.125370 0.970814 0.125343
4 36 44.137932 0.970004 0.125748 0.969545 0.127491
4 37 44.252872 0.970397 0.126551 0.971806 0.127445
4 38 44.367817 0.970481 0.125430 0.969467 0.126388
4 39 44.482758 0.971729 0.124759 0.973992 0.127124
4 40 44.597702 0.971440 0.127235 0.973787 0.127784
4 41 44.712643 0.971701 0.128047 0.971364 0.126106
4 42 44.827587 0.972860 0.127494 0.973045 0.127429
4 43 44.942528 0.970672 0.126596 0.967051 0.124270
4 44 45.057472 0.971528 0.124686 0.972338 0.125927
4 45 45.172413 0.971290 0.125589 0.970390 0.126733
4 46 45.287357 0.970633 0.124439 0.970307 0.125263
4 47 45.402298 0.970674 0.126981 0.972104 0.125756
4 48 45.517242 0.973135 0.128240 0.973225 0.126587
4 49 45.632183 0.975566 0.127333 0.971662 0.125259
4 50 45.747128 0.969655 0.126865 0.969848 0.123186
4 51 45.862068 0.970770 0.126929 0.974365 0.127801
4 52 45.977013 0.966695 0.123618 0.968593 0.124908
4 53 46.091953 0.970151 0.126484 0.972633 0.125485
4 54 46.206898 0.971791 0.127308 0.970593 0.125899
4 55 46.321838 0.972735 0.127408 0.971491 0.125780
4 56 46.436783 0.972830 0.126051 0.972851 0.127389
4 57 46.551723 0.972037 0.127756 0.974368 0.126315
4 58 46.666668 0.971583 0.124465 0.970762 0.126937
4 59 46.781609 0.971219 0.126219 0.970951 0.125774
4 60 46.896553 0.974667 0.127206 0.974665 0.126134
4 61 47.011494 0.971871 0.126963 0.968583 0.126085
4 62 47.126438 0.972067 0.125849 0.973694 0.127135
4 63 47.241379 0.968835 0.125204 0.971791 0.125367
4 64 47.356323 0.969861 0.124003 0.971636 0.126285
4 65 47.471264 0.971358 0.126633 0.971157 0.127055
4 66 47.586208 0.972281 0.126669 0.970589 0.125172
4 67 47.701149 0.972703 0.127632 0.970228 0.126661
4 68 47.816093 0.970030 0.126720 0.972056 0.128176
4 69 47.931034 0.971823 0.126072 0.972479 0.126227
4 70 48.045979 0.970793 0.125355 0.971052 0.126562
4 71 48.160919 0.971353 0.124662 0.972957 0.125054
4 72 48.275864 0.972621 0.126391 0.971036 0.125880
4 73 48.390804 0.973178 0.126042 0.974014 0.128058
4 74 48.505749 0.972800 0.125486 0.969326 0.126065
4 75 48.620689 0.969825 0.125016 0.969560 0.126122
4 76 48.735634 0.972577 0.127061 0.968666 0.123934
4 77 48.850574 0.970816 0.125191 0.968759 0.126026
4 78 48.965519 0.973569 0.125734 0.968637 0.128199
4 79 49.080460 0.972099 0.125581 0.971124 0.128363
4 80 49.195404 0.970316 0.126988 0.970046 0.125384
4 81 49.310345 0.972487 0.127042 0.970955 0.126616
4 82 49.425289 0.970500 0.126563 0.971355 0.125828
4 83 49.540230 0.971904 0.126954 0.969319 0.125169
4 84 49.655174 0.970876 0.126487 0.974759 0.129192
4 85 49.770115 0.974446 0.126453 0.972240 0.126346
4 86 49.885059 0.968049 0.125918 0.971615 0.126490
5 0 50.000000 0.971843 0.126528 0.974050 0.126828
5 1 50.114941 0.971848 0.125777 0.971356 0.126361
5 2 50.229885 0.969166 0.125976 0.972902 0.127309
5 3 50.344826 0.969541 0.125944 0.973161 0.125744
5 4 50.459770 0.971780 0.126364 0.972013 0.127318
5 5 50.574711 0.971519 0.127510 0.971702 0.125602
5 6 50.689655 0.972034 0.128126 0.973499 0.128185
5 7 50.804596 0.972625 0.127205 0.971905 0.125344
5 8 50.919540 0.972811 0.125716 0.974238 0.126773
5 9 51.034481 0.971812 0.125567 0.971777 0.124878
5 10 51.149426 0.973706 0.127886 0.969945 0.125965
5 11 51.264366 0.973235 0.127214 0.970888 0.124228
5 12 51.379311 0.972586 0.125956 0.967634 0.125019
5 13 51.494251 0.971042 0.127041 0.973298 0.127500
5 14 51.609196 0.970266 0.127153 0.971226 0.127628
5 15 51.724136 0.970055 0.125990 0.971988 0.125018
5 16 51.839081 0.970446 0.124814 0.971929 0.125761
5 17 51.954021 0.968886 0.124913 0.971440 0.127326
5 18 52.068966 0.972852 0.127020 0.970245 0.126561
5 19 52.183907 0.973215 0.125958 0.970946 0.125344
5 20 52.298851 0.971582 0.126195 0.972713 0.126751
5 21 52.413792 0.972871 0.125950 0.970390 0.126423
5 22 52.528736 0.976896 0.126718 0.972849 0.126883
5 23 52.643677 0.970981 0.126812 0.972123 0.125637
5 24 52.758621 0.975012 0.127287 0.973867 0.127326
5 25 52.873562 0.971519 0.125280 0.970943 0.126210
5 26 52.988506 0.969977 0.126688 0.970228 0.127305
5 27 53.103447 0.970432 0.125043 0.969698 0.126457
5 28 53.218391 0.972904 0.125870 0.972980 0.127922
5 29 53.333332 0.970289 0.125279 0.973930 0.126305
5 30 53.448277 0.969619 0.127296 0.971970 0.126892
5 31 53.563217 0.970393 0.126025 0.973494 0.127698
5 32 53.678162 0.972826 0.126541 0.973702 0.126379
5 33 53.793102 0.974021 0.126748 0.970616 0.125821
5 34 53.908047 0.971659 0.127494 0.969743 0.125977
5 35 54.022987 0.969529 0.123944 0.974156 0.126579
5 36 54.137932 0.971156 0.127574 0.970447 0.125070
5 37 54.252872 0.971165 0.125427 0.970486 0.124994
5 38 54.367817 0.972097 0.129415 0.972278 0.127238
5 39 54.482758 0.972335 0.127747 0.971253 0.126274
5 40 54.597702 0.971762 0.125923 0.970291 0.125254
5 41 54.712643 0.968930 0.125737 0.970358 0.126584
5 42 54.827587 0.968688 0.126933 0.969398 0.126965
5 43 54.942528 0.972225 0.125821 0.971291 0.126427
5 44 55.057472 0.971438 0.124989 0.970991 0.127031
5 45 55.172413 0.972679 0.126928 0.971185 0.124045
5 46 55.287357 0.971246 0.125167 0.968243 0.126906
5 47 55.402298 0.971560 0.125899 0.971860 0.125665
5 48 55.517242 0.975758 0.129449 0.971373 0.127796
5 49 55.632183 0.970624 0.126092 0.970933 0.125862
5 50 55.747128 0.975401 0.126936 0.970661 0.125923
5 51 55.862068 0.972378 0.126804 0.972116 0.124687
5 52 55.977013 0.973064 0.125958 0.971469 0.126535
5 53 56.091953 0.973020 0.127349 0.974318 0.128054
5 54 56.206898 0.971021 0.126070 0.971598 0.125769
5 55 56.321838 0.971631 0.127088 0.970362 0.126702
5 56 56.436783 0.970363 0.127067 0.971161 0.127531
5 57 56.551723 0.972245 0.127377 0.969365 0.125472
5 58 56.666668 0.971100 0.126255 0.969094 0.127562
5 59 56.781609 0.975590 0.127777 0.971268 0.128175
5 60 56.896553 0.969933 0.126145 0.971665 0.125852
5 61 57.011494 0.971341 0.128279 0.971411 0.126954
5 62 57.126438 0.971411 0.126035 0.969698 0.125941
5 63 57.241379 0.971270 0.126580 0.971721 0.125888
5 64 57.356323 0.970605 0.125231 0.972156 0.126211
5 65 57.471264 0.972058 0.125527 0.971967 0.128174
5 66 57.586208 0.972035 0.127477 0.971685 0.126916
5 67 57.701149 0.969653 0.124937 0.973220 0.127392
5 68 57.816093 0.970438 0.126907 0.972060 0.127610
5 69 57.931034 0.970135 0.127034 0.972173 0.125966
5 70 58.045979 0.968585 0.124323 0.970565 0.125756
5 71 58.160919 0.973080 0.128975 0.973021 0.127634
5 72 58.275864 0.973221 0.126275 0.973443 0.126114
5 73 58.390804 0.971267 0.126339 0.973463 0.125928
5 74 58.505749 0.969491 0.124915 0.972406 0.124984
5 75 58.620689 0.971588 0.128496 0.972218 0.127152
5 76 58.735634 0.970058 0.125262 0.972290 0.125693
5 77 58.850574 0.973903 0.127319 0.969849 0.126348
5 78 58.965519 0.973041 0.126753 0.972355 0.127002
5 79 59.080460 0.968938 0.126369 0.969205 0.125044
5 80 59.195404 0.969682 0.124710 0.970032 0.124511
5 81 59.310345 0.971424 0.126653 0.973957 0.126727
5 82 59.425289 0.971283 0.128227 0.972994 0.126790
5 83 59.540230 0.970714 0.126471 0.972100 0.126085
5 84 59.655174 0.973279 0.126020 0.970610 0.125005
5 85 59.770115 0.971970 0.128179 0.967775 0.124308
5 86 59.885059 0.969896 0.124207 0.970872 0.127787
6 0 60.000000 0.972705 0.126485 0.970857 0.126790
6 1 60.114941 0.970968 0.125756 0.969451 0.125544
6 2 60.229885 0.972238 0.125168 0.970946 0.124841
6 3 60.344826 0.971628 0.125999 0.974684 0.127670
6 4 60.459770 0.972553 0.126357 0.968784 0.125007
6 5 60.574711 0.971615 0.128293 0.969669 0.124147
6 6 60.689655 0.971856 0.127613 0.970609 0.127021
6 7 60.804596 0.969616 0.125160 0.970979 0.127272
6 8 60.919540 0.971624 0.125376 0.972701 0.125973
6 9 61.034481 0.972354 0.126490 0.970502 0.126348
6 10 61.149426 0.970640 0.125914 0.974496 0.127559
6 11 61.264366 0.974013 0.126368 0.971111 0.126204
6 12 61.379311 0.972918 0.125717 0.970052 0.124586
6 13 61.494251 0.972626 0.126369 0.970406 0.128172
6 14 61.609196 0.970092 0.123987 0.972157 0.125436
6 15 61.724136 0.971102 0.125596 0.971937 0.125258
6 16 61.839081 0.970701 0.125600 0.972746 0.126564
6 17 61.954021 0.971173 0.125610 0.971965 0.126304
6 18 62.068966 0.969253 0.127764 0.972982 0.127170
6 19 62.183907 0.972410 0.127000 0.970307 0.126496
6 20 62.298851 0.971849 0.126517 0.974292 0.127338
6 21 62.413792 0.971218 0.126049 0.967790 0.126644
6 22 62.528736 0.973273 0.126187 0.968582 0.125104
6 23 62.643677 0.973458 0.125735 0.972800 0.126765
6 24 62.758621 0.971733 0.127104 0.975185 0.128065
6 25 62.873562 0.972936 0.127043 0.972601 0.127303
6 26 62.988506 0.972432 0.127021 0.968785 0.126597
6 27 63.103447 0.970314 0.124762 0.972829 0.126258
6 28 63.218391 0.970668 0.125021 0.968047 0.123220
6 29 63.333332 0.970981 0.126958 0.972399 0.128247
6 30 63.448277 0.970022 0.127359 0.971240 0.125262
6 31 63.563217 0.972947 0.127544 0.968944 0.124685
6 32 63.678162 0.972953 0.125870 0.975670 0.129145
6 33 63.793102 0.970510 0.126961 0.969766 0.126531
6 34 63.908047 0.971578 0.127566 0.972349 0.126191
6 35 64.022987 0.971303 0.125730 0.972011 0.127270
6 36 64.137932 0.972197 0.125219 0.970816 0.124648
6 37 64.252876 0.969484 0.127070 0.971105 0.126827
6 38 64.367813 0.971719 0.126047 0.969642 0.128157
6 39 64.482758 0.970563 0.125643 0.973379 0.126068
6 40 64.597702 0.969372 0.126159 0.970912 0.126909
6 41 64.712646 0.973091 0.128631 0.973169 0.127733
6 42 64.827583 0.972634 0.127009 0.969668 0.124528
6 43 64.942528 0.973676 0.127180 0.970634 0.125546
6 44 65.057472 0.971499 0.128347 0.975100 0.128203
6 45 65.172417 0.970712 0.126309 0.971869 0.124684
6 46 65.287354 0.974037 0.128016 0.971226 0.126671
6 47 65.402298 0.971019 0.125023 0.971983 0.125926
6 48 65.517242 0.970775 0.127223 0.971377 0.127144
6 49 65.632187 0.972654 0.126884 0.970588 0.125729
6 50 65.747124 0.971517 0.126337 0.970319 0.124261
6 51 65.862068 0.971080 0.126382 0.971698 0.125515
6 52 65.977013 0.971231 0.124575 0.971738 0.125383
6 53 66.091957 0.969003 0.126916 0.968709 0.127447
6 54 66.206894 0.968472 0.126625 0.969934 0.125151
6 55 66.321838 0.972000 0.126264 0.971652 0.125885
6 56 66.436783 0.973117 0.125387 0.969625 0.128080
6 57 66.551727 0.973905 0.129445 0.969379 0.126831
6 58 66.666664 0.970265 0.125919 0.971591 0.125353
6 59 66.781609 0.971639 0.125336 0.971436 0.126186
6 60 66.896553 0.972500 0.126461 0.970122 0.125355
6 61 67.011497 0.970954 0.126239 0.969715 0.126567
6 62 67.126434 0.973711 0.127727 0.971839 0.125794
6 63 67.241379 0.973496 0.126457 0.973329 0.127649
6 64 67.356323 0.972820 0.127056 0.972748 0.127233
6 65 67.471268 0.971054 0.125970 0.973299 0.126209
6 66 67.586205 0.972714 0.126771 0.970835 0.126920
6 67 67.701149 0.971018 0.125954 0.971761 0.126492
6 68 67.816093 0.969886 0.125507 0.971599 0.127021
6 69 67.931038 0.970200 0.127092 0.973096 0.125867
6 70 68.045975 0.969805 0.125784 0.970420 0.125446
6 71 68.160919 0.973090 0.127128 0.971343 0.126449
6 72 68.275864 0.974050 0.127464 0.972208 0.128888
6 73 68.390808 0.971412 0.126695 0.969623 0.126262
6 74 68.505745 0.971141 0.126966 0.972576 0.127394
6 75 68.620689 0.972093 0.125960 0.972264 0.126548
6 76 68.735634 0.973605 0.126741 0.970753 0.125869
6 77 68.850578 0.973595 0.128000 0.973860 0.127580
6 78 68.965515 0.972746 0.126858 0.971593 0.125772
6 79 69.080460 0.971067 0.126946 0.971490 0.126189
6 80 69.195404 0.969356 0.125898 0.972832 0.128057
6 81 69.310349 0.971681 0.127776 0.971615 0.125766
6 82 69.425285 0.974057 0.127796 0.971093 0.125291
6 83 69.540230 0.970580 0.125441 0.969574 0.125090
6 84 69.655174 0.974021 0.128654 0.972328 0.126381
6 85 69.770119 0.969781 0.126937 0.971582 0.127127
6 86 69.885056 0.971038 0.127667 0.971028 0.127399
7 0 70.000000 0.972571 0.127411 0.976856 0.128105
7 1 70.114944 0.972925 0.127713 0.970733 0.127213
7 2 70.229881 0.972525 0.125246 0.969534 0.126057
7 3 70.344826 0.971695 0.124359 0.970085 0.126001
7 4 70.459770 0.973283 0.128466 0.975197 0.126549
7 5 70.574715 0.970520 0.125602 0.969518 0.124525
7 6 70.689651 0.973028 0.125337 0.972052 0.125585
7 7 70.804596 0.975010 0.126205 0.972381 0.127159
7 8 70.919540 0.969406 0.125169 0.973295 0.128013
7 9 71.034485 0.973626 0.127103 0.971026 0.128052
7 10 71.149422 0.971400 0.126504 0.972321 0.127486
7 11 71.264366 0.972399 0.126014 0.973226 0.127218
7 12 71.379311 0.970727 0.126125 0.970484 0.125802
7 13 71.494255 0.973115 0.126088 0.969890 0.125479
7 14 71.609192 0.971958 0.126473 0.973260 0.127230
7 15 71.724136 0.973872 0.127203 0.971311 0.127348
7 16 71.839081 0.971817 0.126831 0.972084 0.127699
7 17 71.954025 0.972471 0.127580 0.968777 0.125860
7 18 72.068962 0.972045 0.126945 0.971833 0.128014
7 19 72.183907 0.973185 0.127766 0.970856 0.125567
7 20 72.298851 0.974044 0.127671 0.972221 0.125534
7 21 72.413795 0.970417 0.125981 0.971800 0.126423
7 22 72.528732 0.971046 0.125335 0.967942 0.125632
7 23 72.643677 0.971936 0.125992 0.973985 0.125945
7 24 72.758621 0.970223 0.124797 0.971867 0.126318
7 25 72.873566 0.971446 0.125788 0.974535 0.127731
7 26 72.988503 0.972196 0.126485 0.972633 0.127621
7 27 73.103447 0.972953 0.126542 0.972555 0.127140
7 28 73.218391 0.969722 0.125882 0.969484 0.124774
7 29 73.333336 0.971622 0.126528 0.970662 0.125702
7 30 73.448273 0.971878 0.126232 0.968853 0.125157
7 31 73.563217 0.972856 0.126321 0.971231 0.126273
7 32 73.678162 0.974499 0.127825 0.974822 0.126299
7 33 73.793106 0.973331 0.126932 0.969451 0.126051
7 34 73.908043 0.973929 0.126869 0.971380 0.126112
7 35 74.022987 0.969256 0.126955 0.969392 0.126454
7 36 74.137932 0.970966 0.126937 0.971089 0.126462
7 37 74.252876 0.973196 0.125860 0.971039 0.126063
7 38 74.367813 0.972174 0.127986 0.971066 0.125522
7 39 74.482758 0.969572 0.126300 0.968435 0.125356
7 40 74.597702 0.972632 0.126858 0.973015 0.125646
7 41 74.712646 0.970526 0.126311 0.968729 0.126248
7 42 74.827583 0.972337 0.126790 0.971667 0.125064
7 43 74.942528 0.971470 0.125984 0.969058 0.124473
7 44 75.057472 0.969985 0.125308 0.972668 0.127262
7 45 75.172417 0.970972 0.127718 0.968487 0.125675
7 46 75.287354 0.973238 0.127339 0.970503 0.126803
7 47 75.402298 0.968304 0.124364 0.968826 0.126624
7 48 75.517242 0.973999 0.126019 0.973339 0.126076
7 49 75.632187 0.971664 0.125867 0.972288 0.126737
7 50 75.747124 0.971027 0.126513 0.969560 0.125413
7 51 75.862068 0.973633 0.127061 0.969711 0.126308
7 52 75.977013 0.971804 0.125863 0.970998 0.125477
7 53 76.091957 0.971418 0.125802 0.974699 0.128188
7 54 76.206894 0.971382 0.125760 0.972855 0.125619
7 55 76.321838 0.969176 0.125536 0.972604 0.126711
7 56 76.436783 0.971773 0.125896 0.970238 0.125206
7 57 76.551727 0.971218 0.127491 0.972906 0.127160
7 58 76.666664 0.972585 0.127267 0.970245 0.125695
7 59 76.781609 0.970008 0.124361 0.971166 0.125425
7 60 76.896553 0.972793 0.125080 0.974518 0.125804
7 61 77.011497 0.972982 0.126314 0.969948 0.126001
7 62 77.126434 0.974351 0.127624 0.972777 0.126037
7 63 77.241379 0.972405 0.125437 0.975025 0.127854
7 64 77.356323 0.972480 0.125507 0.969712 0.127102
7 65 77.471268 0.970177 0.126472 0.973105 0.129226
7 66 77.586205 0.969089 0.126322 0.971229 0.126195
7 67 77.701149 0.971107 0.125661 0.972707 0.127196
7 68 77.816093 0.971054 0.126939 0.972671 0.126273
7 69 77.931038 0.970320 0.125410 0.973746 0.127548
7 70 78.045975 0.970713 0.125700 0.971672 0.126664
7 71 78.160919 0.971036 0.126775 0.974405 0.127162
7 72 78.275864 0.971571 0.126454 0.969264 0.125582
7 73 78.390808 0.970612 0.125846 0.975080 0.125450
7 74 78.505745 0.972930 0.125886 0.972149 0.127572
7 75 78.620689 0.969792 0.125694 0.971173 0.124181
7 76 78.735634 0.972030 0.128795 0.972313 0.128583
7 77 78.850578 0.972782 0.127586 0.972162 0.125484
7 78 78.965515 0.969174 0.126700 0.970883 0.126107
7 79 79.080460 0.972754 0.124977 0.970819 0.126551
7 80 79.195404 0.970026 0.126284 0.973190 0.127071
7 81 79.310349 0.972896 0.125199 0.971277 0.125726
7 82 79.425285 0.971942 0.126740 0.972419 0.125582
7 83 79.540230 0.972689 0.126611 0.973021 0.127058
7 84 79.655174 0.970687 0.126181 0.969029 0.125861
7 85 79.770119 0.970687 0.126033 0.970167 0.126680
7 86 79.885056 0.972537 0.128000 0.968694 0.125426
8 0 80.000000 0.972569 0.127608 0.973458 0.126206
8 1 80.114944 0.971218 0.126354 0.971874 0.125947
8 2 80.229881 0.973629 0.127249 0.972596 0.127171
8 3 80.344826 0.970674 0.126912 0.971448 0.128384
8 4 80.459770 0.970171 0.126994 0.971792 0.127579
8 5 80.574715 0.973024 0.126202 0.971995 0.127264
8 6 80.689651 0.972914 0.127141 0.970489 0.125525
8 7 80.804596 0.971190 0.127538 0.973084 0.128154
8 8 80.919540 0.969981 0.126474 0.970740 0.125844
8 9 81.034485 0.970992 0.125733 0.972437 0.127456
8 10 81.149422 0.971490 0.126601 0.971059 0.125114
8 11 81.264366 0.971260 0.125920 0.971885 0.126856
8 12 81.379311 0.969477 0.126141 0.972284 0.126010
8 13 81.494255 0.970297 0.126464 0.972874 0.126569
8 14 81.609192 0.973205 0.128048 0.971262 0.126806
8 15 81.724136 0.970308 0.125244 0.969350 0.126452
8 16 81.839081 0.970515 0.126045 0.972754 0.127043
8 17 81.954025 0.974514 0.127056 0.971871 0.126193
8 18 82.068962 0.972985 0.126922 0.973174 0.127352
8 19 82.183907 0.971868 0.126523 0.969382 0.127523
8 20 82.298851 0.972546 0.126342 0.970343 0.126504
8 21 82.413795 0.971566 0.125890 0.972927 0.126556
8 22 82.528732 0.971457 0.126413 0.970697 0.126455
8 23 82.643677 0.973448 0.125031 0.972504 0.125026
8 24 82.758621 0.969477 0.125249 0.972154 0.125882
8 25 82.873566 0.970804 0.126783 0.968728 0.125204
8 26 82.988503 0.970798 0.126985 0.973555 0.126766
8 27 83.103447 0.971528 0.126566 0.969415 0.126037
8 28 83.218391 0.972270 0.125822 0.970755 0.126005
8 29 83.333336 0.971233 0.126071 0.972663 0.126363
8 30 83.448273 0.972177 0.125859 0.972696 0.126786
8 31 83.563217 0.968855 0.125593 0.972340 0.125107
8 32 83.678162 0.972119 0.126723 0.969926 0.126079
8 33 83.793106 0.972206 0.126696 0.973630 0.127352
8 34 83.908043 0.973097 0.127168 0.970705 0.126726
8 35 84.022987 0.971035 0.127297 0.972271 0.126990
8 36 84.137932 0.968587 0.124837 0.970717 0.126040
8 37 84.252876 0.972183 0.128141 0.972059 0.126909
8 38 84.367813 0.973374 0.127338 0.972574 0.125330
8 39 84.482758 0.972878 0.126561 0.971891 0.126200
8 40 84.597702 0.972911 0.127083 0.971049 0.127357
8 41 84.712646 0.967764 0.125956 0.971186 0.125808
8 42 84.827583 0.970571 0.126646 0.969334 0.125105
8 43 84.942528 0.971001 0.127196 0.973478 0.126684
8 44 85.057472 0.969714 0.125645 0.970677 0.126780
8 45 85.172417 0.974245 0.127454 0.970818 0.126404
8 46 85.287354 0.971593 0.125592 0.970144 0.126069
8 47 85.402298 0.973446 0.126516 0.971028 0.125394
8 48 85.517242 0.972220 0.125812 0.972746 0.126460
8 49 85.632187 0.975235 0.127499 0.971993 0.126250
8 50 85.747124 0.972409 0.127036 0.973458 0.127404
8 51 85.862068 0.971988 0.127055 0.969009 0.126433
8 52 85.977013 0.970392 0.126588 0.971331 0.126415
8 53 86.091957 0.972469 0.126231 0.971182 0.125874
8 54 86.206894 0.972189 0.126355 0.968674 0.124449
8 55 86.321838 0.976140 0.127306 0.972849 0.125611
8 56 86.436783 0.971644 0.125538 0.970488 0.125739
8 57 86.551727 0.972751 0.125029 0.974648 0.125860
8 58 86.666664 0.971996 0.126804 0.973456 0.126586
8 59 86.781609 0.971707 0.127185 0.971300 0.127736
8 60 86.896553 0.971591 0.126139 0.971797 0.125867
8 61 87.011497 0.973072 0.127664 0.969356 0.124671
8 62 87.126434 0.968211 0.125513 0.970656 0.126543
8 63 87.241379 0.972393 0.125785 0.969346 0.126586
8 64 87.356323 0.971678 0.126787 0.971383 0.126669
8 65 87.471268 0.969955 0.126348 0.970425 0.126477
8 66 87.586205 0.968845 0.124390 0.973763 0.126327
8 67 87.701149 0.969507 0.125108 0.970429 0.126687
8 68 87.816093 0.972339 0.126244 0.972929 0.126070
8 69 87.931038 0.968547 0.124973 0.969770 0.125284
8 70 88.045975 0.969159 0.124922 0.969875 0.126271
8 71 88.160919 0.973252 0.125890 0.970431 0.126160
8 72 88.275864 0.972563 0.127291 0.970724 0.125543
8 73 88.390808 0.968445 0.126437 0.972895 0.127416
8 74 88.505745 0.974662 0.126571 0.971688 0.126164
8 75 88.620689 0.970866 0.126641 0.971234 0.125819
8 76 88.735634 0.973456 0.126589 0.972749 0.126800
8 77 88.850578 0.968861 0.126025 0.968535 0.125232
8 78 88.965515 0.971410 0.127121 0.971602 0.126021
8 79 89.080460 0.971148 0.126772 0.972349 0.126580
8 80 89.195404 0.974702 0.126917 0.972052 0.127077
8 81 89.310349 0.973107 0.127345 0.971131 0.127384
8 82 89.425285 0.971077 0.126389 0.971871 0.126324
8 83 89.540230 0.972991 0.128429 0.974337 0.126645
8 84 89.655174 0.971157 0.125347 0.972879 0.126537
8 85 89.770119 0.974657 0.128931 0.970171 0.125941
8 86 89.885056 0.972829 0.127038 0.969756 0.126639
9 0 90.000000 0.970196 0.125665 0.973284 0.126714
9 1 90.114944 0.970929 0.127105 0.970412 0.124807
9 2 90.229881 0.970735 0.126335 0.972066 0.125675
9 3 90.344826 0.972538 0.127980 0.970704 0.125432
9 4 90.459770 0.973931 0.125737 0.970223 0.125881
9 5 90.574715 0.970420 0.126371 0.969073 0.124775
9 6 90.689651 0.972696 0.127065 0.973179 0.127333
9 7 90.804596 0.975076 0.127818 0.970798 0.126924
9 8 90.919540 0.972332 0.126425 0.974996 0.127750
9 9 91.034485 0.974120 0.127329 0.974383 0.126240
9 10 91.149422 0.973040 0.128554 0.970070 0.125855
9 11 91.264366 0.971648 0.125768 0.971017 0.125374
9 12 91.379311 0.970913 0.126363 0.969660 0.127863
9 13 91.494255 0.970864 0.127030 0.970918 0.124775
9 14 91.609192 0.972376 0.125249 0.971845 0.126024
9 15 91.724136 0.971597 0.126757 0.972213 0.127325
9 16 91.839081 0.972835 0.126428 0.971566 0.127964
9 17 91.954025 0.971783 0.126264 0.971831 0.126460
9 18 92.068962 0.971275 0.125578 0.971751 0.126249
9 19 92.183907 0.970956 0.126931 0.971365 0.126697
9 20 92.298851 0.973894 0.127180 0.968536 0.125085
9 21 92.413795 0.971044 0.125923 0.972701 0.125839
9 22 92.528732 0.971814 0.126602 0.970987 0.126315
9 23 92.643677 0.972611 0.126601 0.975627 0.127340
9 24 92.758621 0.973620 0.127907 0.971977 0.124719
9 25 92.873566 0.971362 0.126415 0.974109 0.127667
9 26 92.988503 0.970101 0.126018 0.970604 0.126552
9 27 93.103447 0.974378 0.126542 0.971651 0.126356
9 28 93.218391 0.971498 0.127170 0.970950 0.125100
9 29 93.333336 0.970520 0.126833 0.970861 0.127825
9 30 93.448273 0.972277 0.126497 0.970346 0.127117
9 31 93.563217 0.970285 0.125633 0.975095 0.126376
9 32 93.678162 0.971689 0.126775 0.969421 0.126287
9 33 93.793106 0.970024 0.126096 0.969884 0.126491
9 34 93.908043 0.972695 0.125269 0.969608 0.126402
9 35 94.022987 0.970975 0.126401 0.970272 0.126451
9 36 94.137932 0.970529 0.125743 0.972483 0.126695
9 37 94.252876 0.970171 0.126324 0.969038 0.124517
9 38 94.367813 0.969821 0.126025 0.970971 0.127597
9 39 94.482758 0.971906 0.126887 0.973106 0.126622
9 40 94.597702 0.972523 0.127748 0.971654 0.126196
9 41 94.712646 0.971122 0.127045 0.972196 0.126698
9 42 94.827583 0.971302 0.125871 0.973085 0.127071
9 43 94.942528 0.971344 0.125515 0.971116 0.126520
9 44 95.057472 0.971259 0.125415 0.972508 0.125475
9 45 95.172417 0.969750 0.125795 0.970202 0.125767
9 46 95.287354 0.970523 0.124284 0.972244 0.126315
9 47 95.402298 0.972446 0.126542 0.971280 0.126636
9 48 95.517242 0.972772 0.126898 0.971554 0.128042
9 49 95.632187 0.971068 0.125642 0.970985 0.125100
9 50 95.747124 0.970902 0.125186 0.972230 0.125330
9 51 95.862068 0.971898 0.126789 0.970506 0.126186
9 52 95.977013 0.968481 0.125728 0.971712 0.126194
9 53 96.091957 0.970688 0.127064 0.969415 0.127287
9 54 96.206894 0.970847 0.126974 0.974284 0.128099
9 55 96.321838 0.968487 0.124735 0.968814 0.126053
9 56 96.436783 0.971067 0.125407 0.972240 0.126120
9 57 96.551727 0.973633 0.127983 0.972729 0.127149
9 58 96.666664 0.969464 0.125166 0.972408 0.126136
9 59 96.781609 0.976060 0.127465 0.970547 0.126259
9 60 96.896553 0.972408 0.127518 0.972941 0.127056
9 61 97.011497 0.969853 0.125831 0.968350 0.125912
9 62 97.126434 0.969902 0.124870 0.968865 0.125808
9 63 97.241379 0.968289 0.127008 0.969631 0.126259
9 64 97.356323 0.971582 0.127078 0.971862 0.126359
9 65 97.471268 0.967258 0.124498 0.971666 0.127561
9 66 97.586205 0.973173 0.127065 0.970269 0.126818
9 67 97.701149 0.973783 0.127582 0.973648 0.126969
9 68 97.816093 0.972626 0.126947 0.975060 0.126671
9 69 97.931038 0.969329 0.126354 0.973074 0.127360
9 70 98.045975 0.970671 0.125140 0.971737 0.125623
9 71 98.160919 0.972123 0.127141 0.973628 0.126517
9 72 98.275864 0.971677 0.128005 0.969840 0.126524
9 73 98.390808 0.971699 0.126627 0.972942 0.127035
9 74 98.505745 0.972272 0.125943 0.971233 0.127076
9 75 98.620689 0.971681 0.125379 0.971634 0.125856
9 76 98.735634 0.973719 0.126092 0.972811 0.127155
9 77 98.850578 0.970390 0.125135 0.970063 0.127591
9 78 98.965515 0.970098 0.125853 0.972420 0.126873
9 79 99.080460 0.970354 0.125643 0.972264 0.127838
9 80 99.195404 0.971797 0.127728 0.970415 0.125749
9 81 99.310349 0.971735 0.126716 0.970464 0.128718
9 82 99.425285 0.973618 0.126052 0.971338 0.126339
9 83 99.540230 0.968265 0.126743 0.970686 0.126095
9 84 99.655174 0.972834 0.126888 0.967830 0.124550
9 85 99.770119 0.971093 0.126566 0.969258 0.125455
9 86 99.885056 0.969702 0.124970 0.971786 0.125398
