0 -0.148159 1 0.000050
1 -0.145458 0 0.000000
2 -0.142757 1 0.000050
3 -0.140057 2 0.000100
4 -0.137356 1 0.000050
5 -0.134655 1 0.000050
6 -0.131954 2 0.000100
7 -0.129253 2 0.000100
8 -0.126553 2 0.000100
9 -0.123852 2 0.000100
10 -0.121151 1 0.000050
11 -0.118450 0 0.000000
12 -0.115749 0 0.000000
13 -0.113049 1 0.000050
14 -0.110348 0 0.000000
15 -0.107647 0 0.000000
16 -0.104946 1 0.000050
17 -0.102245 0 0.000000
18 -0.099545 1 0.000050
19 -0.096844 0 0.000000
20 -0.094143 1 0.000050
21 -0.091442 2 0.000100
22 -0.088741 0 0.000000
23 -0.086040 0 0.000000
24 -0.083340 2 0.000100
25 -0.080639 1 0.000050
26 -0.077938 2 0.000100
27 -0.075237 1 0.000050
28 -0.072536 2 0.000100
29 -0.069836 3 0.000150
30 -0.067135 4 0.000200
31 -0.064434 5 0.000250
32 -0.061733 3 0.000150
33 -0.059032 6 0.000300
34 -0.056332 3 0.000150
35 -0.053631 17 0.000850
36 -0.050930 7 0.000350
37 -0.048229 19 0.000950
38 -0.045528 32 0.001600
39 -0.042828 39 0.001950
40 -0.040127 51 0.002550
41 -0.037426 62 0.003100
42 -0.034725 81 0.004050
43 -0.032024 149 0.007450
44 -0.029323 237 0.011850
45 -0.026623 315 0.015750
46 -0.023922 437 0.021850
47 -0.021221 815 0.040750
48 -0.018520 1227 0.061350
49 -0.015819 2014 0.100700
50 -0.013119 3675 0.183750
51 -0.010418 4528 0.226400
52 -0.007717 2959 0.147950
53 -0.005016 1215 0.060750
54 -0.002315 701 0.035050
55 0.000385 530 0.026500
56 0.003086 313 0.015650
57 0.005787 162 0.008100
58 0.008488 88 0.004400
59 0.011189 66 0.003300
60 0.013889 36 0.001800
61 0.016590 33 0.001650
62 0.019291 28 0.001400
63 0.021992 19 0.000950
64 0.024693 12 0.000600
65 0.027394 9 0.000450
66 0.030094 15 0.000750
67 0.032795 2 0.000100
68 0.035496 7 0.000350
69 0.038197 7 0.000350
70 0.040898 5 0.000250
71 0.043598 2 0.000100
72 0.046299 3 0.000150
73 0.049000 1 0.000050
74 0.051701 2 0.000100
75 0.054402 0 0.000000
76 0.057102 2 0.000100
77 0.059803 2 0.000100
78 0.062504 1 0.000050
79 0.065205 0 0.000000
80 0.067906 2 0.000100
81 0.070606 1 0.000050
82 0.073307 1 0.000050
83 0.076008 1 0.000050
84 0.078709 0 0.000000
85 0.081410 1 0.000050
86 0.084111 1 0.000050
87 0.086811 2 0.000100
88 0.089512 0 0.000000
89 0.092213 1 0.000050
90 0.094914 1 0.000050
91 0.097615 0 0.000000
92 0.100315 2 0.000100
93 0.103016 0 0.000000
94 0.105717 1 0.000050
95 0.108418 1 0.000050
96 0.111119 1 0.000050
97 0.113819 0 0.000000
98 0.116520 5 0.000250
99 0.119221 1 0.000050
