0 -0.403421 1 0.000050
1 -0.395140 1 0.000050
2 -0.386860 1 0.000050
3 -0.378579 0 0.000000
4 -0.370299 0 0.000000
5 -0.362018 3 0.000150
6 -0.353738 0 0.000000
7 -0.345457 0 0.000000
8 -0.337177 1 0.000050
9 -0.328896 1 0.000050
10 -0.320616 0 0.000000
11 -0.312335 0 0.000000
12 -0.304055 0 0.000000
13 -0.295774 1 0.000050
14 -0.287494 0 0.000000
15 -0.279213 1 0.000050
16 -0.270933 4 0.000200
17 -0.262652 1 0.000050
18 -0.254372 1 0.000050
19 -0.246091 0 0.000000
20 -0.237811 3 0.000150
21 -0.229530 4 0.000200
22 -0.221250 2 0.000100
23 -0.212969 8 0.000400
24 -0.204689 8 0.000400
25 -0.196408 9 0.000450
26 -0.188128 35 0.001750
27 -0.179847 26 0.001300
28 -0.171567 76 0.003800
29 -0.163286 56 0.002800
30 -0.155006 71 0.003550
31 -0.146725 152 0.007600
32 -0.138445 188 0.009400
33 -0.130164 239 0.011950
34 -0.121884 182 0.009100
35 -0.113603 141 0.007050
36 -0.105323 207 0.010350
37 -0.097042 220 0.011000
38 -0.088762 328 0.016400
39 -0.080481 616 0.030800
40 -0.072201 744 0.037200
41 -0.063920 451 0.022550
42 -0.055640 383 0.019150
43 -0.047359 539 0.026950
44 -0.039079 667 0.033350
45 -0.030798 772 0.038600
46 -0.022518 772 0.038600
47 -0.014237 956 0.047800
48 -0.005957 3648 0.182400
49 0.002324 1144 0.057200
50 0.010605 740 0.037000
51 0.018885 878 0.043900
52 0.027166 982 0.049100
53 0.035446 548 0.027400
54 0.043727 435 0.021750
55 0.052007 490 0.024500
56 0.060288 489 0.024450
57 0.068568 521 0.026050
58 0.076849 361 0.018050
59 0.085129 220 0.011000
60 0.093410 193 0.009650
61 0.101690 161 0.008050
62 0.109971 159 0.007950
63 0.118251 296 0.014800
64 0.126532 250 0.012500
65 0.134812 146 0.007300
66 0.143093 76 0.003800
67 0.151373 106 0.005300
68 0.159654 98 0.004900
69 0.167934 70 0.003500
70 0.176215 39 0.001950
71 0.184495 22 0.001100
72 0.192776 9 0.000450
73 0.201056 8 0.000400
74 0.209337 5 0.000250
75 0.217617 8 0.000400
76 0.225898 4 0.000200
77 0.234178 2 0.000100
78 0.242459 1 0.000050
79 0.250739 2 0.000100
80 0.259020 1 0.000050
81 0.267300 3 0.000150
82 0.275581 0 0.000000
83 0.283861 1 0.000050
84 0.292142 0 0.000000
85 0.300422 0 0.000000
86 0.308703 4 0.000200
87 0.316983 4 0.000200
88 0.325264 0 0.000000
89 0.333544 0 0.000000
90 0.341825 1 0.000050
91 0.350105 0 0.000000
92 0.358386 2 0.000100
93 0.366666 0 0.000000
94 0.374947 1 0.000050
95 0.383227 0 0.000000
96 0.391508 0 0.000000
97 0.399788 0 0.000000
98 0.408069 0 0.000000
99 0.416349 1 0.000050
