0 0.000000 50813 0.846883
1 0.001751 2120 0.035333
2 0.003502 1892 0.031533
3 0.005253 1372 0.022867
4 0.007004 571 0.009517
5 0.008755 443 0.007383
6 0.010506 344 0.005733
7 0.012257 290 0.004833
8 0.014008 440 0.007333
9 0.015759 428 0.007133
10 0.017510 299 0.004983
11 0.019261 196 0.003267
12 0.021012 123 0.002050
13 0.022763 106 0.001767
14 0.024514 108 0.001800
15 0.026265 107 0.001783
16 0.028016 100 0.001667
17 0.029767 48 0.000800
18 0.031518 46 0.000767
19 0.033269 28 0.000467
20 0.035020 20 0.000333
21 0.036771 16 0.000267
22 0.038521 3 0.000050
23 0.040272 11 0.000183
24 0.042023 9 0.000150
25 0.043774 3 0.000050
26 0.045525 5 0.000083
27 0.047276 8 0.000133
28 0.049027 4 0.000067
29 0.050778 4 0.000067
30 0.052529 3 0.000050
31 0.054280 1 0.000017
32 0.056031 1 0.000017
33 0.057782 1 0.000017
34 0.059533 1 0.000017
35 0.061284 0 0.000000
36 0.063035 2 0.000033
37 0.064786 1 0.000017
38 0.066537 2 0.000033
39 0.068288 1 0.000017
40 0.070039 1 0.000017
41 0.071790 3 0.000050
42 0.073541 2 0.000033
43 0.075292 0 0.000000
44 0.077043 1 0.000017
45 0.078794 0 0.000000
46 0.080545 0 0.000000
47 0.082296 1 0.000017
48 0.084047 1 0.000017
49 0.085798 0 0.000000
50 0.087549 0 0.000000
51 0.089300 0 0.000000
52 0.091051 0 0.000000
53 0.092802 0 0.000000
54 0.094553 1 0.000017
55 0.096304 0 0.000000
56 0.098055 3 0.000050
57 0.099806 1 0.000017
58 0.101557 1 0.000017
59 0.103308 1 0.000017
60 0.105059 2 0.000033
61 0.106810 0 0.000000
62 0.108561 1 0.000017
63 0.110312 0 0.000000
64 0.112062 0 0.000000
65 0.113813 0 0.000000
66 0.115564 0 0.000000
67 0.117315 0 0.000000
68 0.119066 0 0.000000
69 0.120817 1 0.000017
70 0.122568 0 0.000000
71 0.124319 2 0.000033
72 0.126070 0 0.000000
73 0.127821 1 0.000017
74 0.129572 0 0.000000
75 0.131323 2 0.000033
76 0.133074 0 0.000000
77 0.134825 0 0.000000
78 0.136576 0 0.000000
79 0.138327 0 0.000000
80 0.140078 1 0.000017
81 0.141829 0 0.000000
82 0.143580 0 0.000000
83 0.145331 1 0.000017
84 0.147082 0 0.000000
85 0.148833 0 0.000000
86 0.150584 0 0.000000
87 0.152335 0 0.000000
88 0.154086 1 0.000017
89 0.155837 0 0.000000
90 0.157588 0 0.000000
91 0.159339 0 0.000000
92 0.161090 1 0.000017
93 0.162841 0 0.000000
94 0.164592 0 0.000000
95 0.166343 0 0.000000
96 0.168094 0 0.000000
97 0.169845 0 0.000000
98 0.171596 0 0.000000
99 0.173347 1 0.000017
