0 -0.403421 1 0.000017
1 -0.395140 1 0.000017
2 -0.386860 1 0.000017
3 -0.378579 0 0.000000
4 -0.370299 0 0.000000
5 -0.362018 3 0.000050
6 -0.353738 0 0.000000
7 -0.345457 0 0.000000
8 -0.337177 1 0.000017
9 -0.328896 1 0.000017
10 -0.320616 0 0.000000
11 -0.312335 0 0.000000
12 -0.304055 0 0.000000
13 -0.295774 1 0.000017
14 -0.287494 0 0.000000
15 -0.279213 1 0.000017
16 -0.270933 4 0.000067
17 -0.262652 1 0.000017
18 -0.254372 1 0.000017
19 -0.246091 0 0.000000
20 -0.237811 3 0.000050
21 -0.229530 4 0.000067
22 -0.221250 2 0.000033
23 -0.212969 8 0.000133
24 -0.204689 8 0.000133
25 -0.196408 9 0.000150
26 -0.188128 35 0.000583
27 -0.179847 26 0.000433
28 -0.171567 76 0.001267
29 -0.163286 56 0.000933
30 -0.155006 72 0.001200
31 -0.146725 156 0.002600
32 -0.138445 193 0.003217
33 -0.130164 246 0.004100
34 -0.121884 185 0.003083
35 -0.113603 146 0.002433
36 -0.105323 212 0.003533
37 -0.097042 230 0.003833
38 -0.088762 334 0.005567
39 -0.080481 625 0.010417
40 -0.072201 760 0.012667
41 -0.063920 496 0.008267
42 -0.055640 440 0.007333
43 -0.047359 722 0.012033
44 -0.039079 1030 0.017167
45 -0.030798 2135 0.035583
46 -0.022518 5596 0.093267
47 -0.014237 23258 0.387633
48 -0.005957 12072 0.201200
49 0.002324 2701 0.045017
50 0.010605 1169 0.019483
51 0.018885 1032 0.017200
52 0.027166 1055 0.017583
53 0.035446 601 0.010017
54 0.043727 476 0.007933
55 0.052007 513 0.008550
56 0.060288 497 0.008283
57 0.068568 530 0.008833
58 0.076849 364 0.006067
59 0.085129 225 0.003750
60 0.093410 195 0.003250
61 0.101690 164 0.002733
62 0.109971 166 0.002767
63 0.118251 297 0.004950
64 0.126532 250 0.004167
65 0.134812 146 0.002433
66 0.143093 76 0.001267
67 0.151373 106 0.001767
68 0.159654 98 0.001633
69 0.167934 70 0.001167
70 0.176215 39 0.000650
71 0.184495 22 0.000367
72 0.192776 9 0.000150
73 0.201056 8 0.000133
74 0.209337 5 0.000083
75 0.217617 8 0.000133
76 0.225898 4 0.000067
77 0.234178 2 0.000033
78 0.242459 1 0.000017
79 0.250739 2 0.000033
80 0.259020 1 0.000017
81 0.267300 3 0.000050
82 0.275581 0 0.000000
83 0.283861 1 0.000017
84 0.292142 0 0.000000
85 0.300422 0 0.000000
86 0.308703 4 0.000067
87 0.316983 4 0.000067
88 0.325264 0 0.000000
89 0.333544 0 0.000000
90 0.341825 1 0.000017
91 0.350105 0 0.000000
92 0.358386 2 0.000033
93 0.366666 0 0.000000
94 0.374947 1 0.000017
95 0.383227 0 0.000000
96 0.391508 0 0.000000
97 0.399788 0 0.000000
98 0.408069 0 0.000000
99 0.416349 1 0.000017
