0 -0.139627 1 0.000050
1 -0.137280 0 0.000000
2 -0.134932 0 0.000000
3 -0.132585 1 0.000050
4 -0.130238 1 0.000050
5 -0.127891 1 0.000050
6 -0.125544 1 0.000050
7 -0.123196 0 0.000000
8 -0.120849 0 0.000000
9 -0.118502 0 0.000000
10 -0.116155 0 0.000000
11 -0.113808 0 0.000000
12 -0.111461 3 0.000150
13 -0.109113 0 0.000000
14 -0.106766 1 0.000050
15 -0.104419 1 0.000050
16 -0.102072 2 0.000100
17 -0.099725 0 0.000000
18 -0.097377 1 0.000050
19 -0.095030 3 0.000150
20 -0.092683 3 0.000150
21 -0.090336 0 0.000000
22 -0.087989 1 0.000050
23 -0.085642 2 0.000100
24 -0.083294 1 0.000050
25 -0.080947 0 0.000000
26 -0.078600 3 0.000150
27 -0.076253 1 0.000050
28 -0.073906 1 0.000050
29 -0.071558 2 0.000100
30 -0.069211 2 0.000100
31 -0.066864 2 0.000100
32 -0.064517 6 0.000300
33 -0.062170 8 0.000400
34 -0.059823 12 0.000600
35 -0.057475 6 0.000300
36 -0.055128 11 0.000550
37 -0.052781 14 0.000700
38 -0.050434 3 0.000150
39 -0.048087 10 0.000500
40 -0.045739 23 0.001150
41 -0.043392 22 0.001100
42 -0.041045 34 0.001700
43 -0.038698 22 0.001100
44 -0.036351 33 0.001650
45 -0.034003 52 0.002600
46 -0.031656 70 0.003500
47 -0.029309 122 0.006100
48 -0.026962 128 0.006400
49 -0.024615 239 0.011950
50 -0.022268 256 0.012800
51 -0.019920 345 0.017250
52 -0.017573 530 0.026500
53 -0.015226 957 0.047850
54 -0.012879 1752 0.087600
55 -0.010532 3656 0.182800
56 -0.008184 5098 0.254900
57 -0.005837 2968 0.148400
58 -0.003490 1271 0.063550
59 -0.001143 683 0.034150
60 0.001204 444 0.022200
61 0.003551 300 0.015000
62 0.005899 206 0.010300
63 0.008246 160 0.008000
64 0.010593 113 0.005650
65 0.012940 90 0.004500
66 0.015287 50 0.002500
67 0.017635 57 0.002850
68 0.019982 24 0.001200
69 0.022329 22 0.001100
70 0.024676 21 0.001050
71 0.027023 13 0.000650
72 0.029370 14 0.000700
73 0.031718 12 0.000600
74 0.034065 11 0.000550
75 0.036412 8 0.000400
76 0.038759 10 0.000500
77 0.041106 12 0.000600
78 0.043454 11 0.000550
79 0.045801 8 0.000400
80 0.048148 15 0.000750
81 0.050495 4 0.000200
82 0.052842 3 0.000150
83 0.055189 10 0.000500
84 0.057537 4 0.000200
85 0.059884 2 0.000100
86 0.062231 2 0.000100
87 0.064578 0 0.000000
88 0.066925 2 0.000100
89 0.069273 4 0.000200
90 0.071620 0 0.000000
91 0.073967 0 0.000000
92 0.076314 0 0.000000
93 0.078661 0 0.000000
94 0.081008 0 0.000000
95 0.083356 1 0.000050
96 0.085703 0 0.000000
97 0.088050 0 0.000000
98 0.090397 1 0.000050
99 0.092744 1 0.000050
