0 0.046896 9 0.000450
1 0.056455 9 0.000450
2 0.066015 8 0.000400
3 0.075574 7 0.000350
4 0.085133 1 0.000050
5 0.094693 5 0.000250
6 0.104252 15 0.000750
7 0.113812 20 0.001000
8 0.123371 14 0.000700
9 0.132931 14 0.000700
10 0.142490 16 0.000800
11 0.152050 13 0.000650
12 0.161609 13 0.000650
13 0.171169 17 0.000850
14 0.180728 25 0.001250
15 0.190288 17 0.000850
16 0.199847 27 0.001350
17 0.209407 22 0.001100
18 0.218966 28 0.001400
19 0.228525 24 0.001200
20 0.238085 28 0.001400
21 0.247644 45 0.002250
22 0.257204 35 0.001750
23 0.266763 27 0.001350
24 0.276323 54 0.002700
25 0.285882 58 0.002900
26 0.295442 61 0.003050
27 0.305001 72 0.003600
28 0.314561 85 0.004250
29 0.324120 77 0.003850
30 0.333680 91 0.004550
31 0.343239 85 0.004250
32 0.352799 95 0.004750
33 0.362358 97 0.004850
34 0.371917 109 0.005450
35 0.381477 117 0.005850
36 0.391036 192 0.009600
37 0.400596 158 0.007900
38 0.410155 225 0.011250
39 0.419715 269 0.013450
40 0.429274 314 0.015700
41 0.438834 301 0.015050
42 0.448393 362 0.018100
43 0.457953 521 0.026050
44 0.467512 646 0.032300
45 0.477072 946 0.047300
46 0.486631 1425 0.071250
47 0.496191 2796 0.139800
48 0.505750 3135 0.156750
49 0.515309 1652 0.082600
50 0.524869 1053 0.052650
51 0.534428 691 0.034550
52 0.543988 501 0.025050
53 0.553547 408 0.020400
54 0.563107 356 0.017800
55 0.572666 359 0.017950
56 0.582226 331 0.016550
57 0.591785 184 0.009200
58 0.601345 139 0.006950
59 0.610904 159 0.007950
60 0.620464 130 0.006500
61 0.630023 127 0.006350
62 0.639583 87 0.004350
63 0.649142 95 0.004750
64 0.658701 94 0.004700
65 0.668261 122 0.006100
66 0.677820 88 0.004400
67 0.687380 72 0.003600
68 0.696939 59 0.002950
69 0.706499 50 0.002500
70 0.716058 39 0.001950
71 0.725618 27 0.001350
72 0.735177 30 0.001500
73 0.744737 29 0.001450
74 0.754296 31 0.001550
75 0.763856 26 0.001300
76 0.773415 30 0.001500
77 0.782974 29 0.001450
78 0.792534 31 0.001550
79 0.802093 27 0.001350
80 0.811653 20 0.001000
81 0.821212 13 0.000650
82 0.830772 17 0.000850
83 0.840331 19 0.000950
84 0.849891 27 0.001350
85 0.859450 20 0.001000
86 0.869010 12 0.000600
87 0.878569 14 0.000700
88 0.888129 4 0.000200
89 0.897688 12 0.000600
90 0.907248 11 0.000550
91 0.916807 13 0.000650
92 0.926366 7 0.000350
93 0.935926 10 0.000500
94 0.945485 8 0.000400
95 0.955045 3 0.000150
96 0.964604 2 0.000100
97 0.974164 0 0.000000
98 0.983723 2 0.000100
99 0.993283 0 0.000000
