0 0.080719 13 0.000650
1 0.090140 8 0.000400
2 0.099561 5 0.000250
3 0.108982 6 0.000300
4 0.118402 3 0.000150
5 0.127823 6 0.000300
6 0.137244 2 0.000100
7 0.146665 6 0.000300
8 0.156085 5 0.000250
9 0.165506 3 0.000150
10 0.174927 11 0.000550
11 0.184347 18 0.000900
12 0.193768 5 0.000250
13 0.203189 4 0.000200
14 0.212610 4 0.000200
15 0.222030 4 0.000200
16 0.231451 3 0.000150
17 0.240872 17 0.000850
18 0.250293 17 0.000850
19 0.259713 26 0.001300
20 0.269134 42 0.002100
21 0.278555 29 0.001450
22 0.287975 40 0.002000
23 0.297396 52 0.002600
24 0.306817 32 0.001600
25 0.316238 53 0.002650
26 0.325658 101 0.005050
27 0.335079 250 0.012500
28 0.344500 65 0.003250
29 0.353920 22 0.001100
30 0.363341 9 0.000450
31 0.372762 9 0.000450
32 0.382183 19 0.000950
33 0.391603 12 0.000600
34 0.401024 17 0.000850
35 0.410445 35 0.001750
36 0.419866 26 0.001300
37 0.429286 36 0.001800
38 0.438707 25 0.001250
39 0.448128 25 0.001250
40 0.457548 38 0.001900
41 0.466969 73 0.003650
42 0.476390 63 0.003150
43 0.485811 76 0.003800
44 0.495231 102 0.005100
45 0.504652 108 0.005400
46 0.514073 103 0.005150
47 0.523494 142 0.007100
48 0.532914 167 0.008350
49 0.542335 244 0.012200
50 0.551756 239 0.011950
51 0.561176 360 0.018000
52 0.570597 458 0.022900
53 0.580018 666 0.033300
54 0.589439 2040 0.102000
55 0.598859 2592 0.129600
56 0.608280 1698 0.084900
57 0.617701 956 0.047800
58 0.627122 660 0.033000
59 0.636542 590 0.029500
60 0.645963 388 0.019400
61 0.655384 313 0.015650
62 0.664804 243 0.012150
63 0.674225 193 0.009650
64 0.683646 210 0.010500
65 0.693067 190 0.009500
66 0.702487 166 0.008300
67 0.711908 145 0.007250
68 0.721329 145 0.007250
69 0.730749 161 0.008050
70 0.740170 121 0.006050
71 0.749591 169 0.008450
72 0.759012 154 0.007700
73 0.768432 157 0.007850
74 0.777853 152 0.007600
75 0.787274 157 0.007850
76 0.796695 189 0.009450
77 0.806115 127 0.006350
78 0.815536 155 0.007750
79 0.824957 191 0.009550
80 0.834377 207 0.010350
81 0.843798 221 0.011050
82 0.853219 244 0.012200
83 0.862640 265 0.013250
84 0.872060 329 0.016450
85 0.881481 362 0.018100
86 0.890902 392 0.019600
87 0.900322 278 0.013900
88 0.909743 201 0.010050
89 0.919164 249 0.012450
90 0.928585 341 0.017050
91 0.938005 267 0.013350
92 0.947426 200 0.010000
93 0.956847 111 0.005550
94 0.966268 69 0.003450
95 0.975688 33 0.001650
96 0.985109 26 0.001300
97 0.994530 21 0.001050
98 1.003950 17 0.000850
99 1.013371 1 0.000050
