0 0.124509 6 0.000300
1 0.132382 0 0.000000
2 0.140255 0 0.000000
3 0.148128 0 0.000000
4 0.156001 0 0.000000
5 0.163874 0 0.000000
6 0.171747 0 0.000000
7 0.179620 0 0.000000
8 0.187493 0 0.000000
9 0.195366 0 0.000000
10 0.203239 2 0.000100
11 0.211112 1 0.000050
12 0.218985 4 0.000200
13 0.226858 1 0.000050
14 0.234731 2 0.000100
15 0.242603 0 0.000000
16 0.250476 0 0.000000
17 0.258349 1 0.000050
18 0.266222 2 0.000100
19 0.274095 4 0.000200
20 0.281968 1 0.000050
21 0.289841 10 0.000500
22 0.297714 15 0.000750
23 0.305587 24 0.001200
24 0.313460 34 0.001700
25 0.321333 58 0.002900
26 0.329206 58 0.002900
27 0.337079 39 0.001950
28 0.344952 44 0.002200
29 0.352825 103 0.005150
30 0.360698 118 0.005900
31 0.368571 269 0.013450
32 0.376443 192 0.009600
33 0.384316 163 0.008150
34 0.392189 156 0.007800
35 0.400062 198 0.009900
36 0.407935 274 0.013700
37 0.415808 375 0.018750
38 0.423681 848 0.042400
39 0.431554 596 0.029800
40 0.439427 339 0.016950
41 0.447300 335 0.016750
42 0.455173 503 0.025150
43 0.463046 589 0.029450
44 0.470919 783 0.039150
45 0.478792 499 0.024950
46 0.486665 592 0.029600
47 0.494538 1301 0.065050
48 0.502410 3878 0.193900
49 0.510283 659 0.032950
50 0.518156 569 0.028450
51 0.526029 1020 0.051000
52 0.533902 660 0.033000
53 0.541775 421 0.021050
54 0.549648 423 0.021150
55 0.557521 487 0.024350
56 0.565394 577 0.028850
57 0.573267 518 0.025900
58 0.581140 303 0.015150
59 0.589013 222 0.011100
60 0.596886 179 0.008950
61 0.604759 204 0.010200
62 0.612632 160 0.008000
63 0.620505 306 0.015300
64 0.628377 304 0.015200
65 0.636250 83 0.004150
66 0.644123 78 0.003900
67 0.651996 99 0.004950
68 0.659869 55 0.002750
69 0.667742 90 0.004500
70 0.675615 59 0.002950
71 0.683488 33 0.001650
72 0.691361 18 0.000900
73 0.699234 18 0.000900
74 0.707107 14 0.000700
75 0.714980 0 0.000000
76 0.722853 1 0.000050
77 0.730726 2 0.000100
78 0.738599 1 0.000050
79 0.746472 0 0.000000
80 0.754345 1 0.000050
81 0.762217 0 0.000000
82 0.770090 2 0.000100
83 0.777963 1 0.000050
84 0.785836 3 0.000150
85 0.793709 3 0.000150
86 0.801582 4 0.000200
87 0.809455 1 0.000050
88 0.817328 0 0.000000
89 0.825201 0 0.000000
90 0.833074 0 0.000000
91 0.840947 0 0.000000
92 0.848820 0 0.000000
93 0.856693 0 0.000000
94 0.864566 0 0.000000
95 0.872439 2 0.000100
96 0.880312 1 0.000050
97 0.888184 0 0.000000
98 0.896057 1 0.000050
99 0.903930 1 0.000050
