0 0.046896 9 0.000150
1 0.056658 9 0.000150
2 0.066420 9 0.000150
3 0.076183 17 0.000283
4 0.085945 4 0.000067
5 0.095708 16 0.000267
6 0.105470 22 0.000367
7 0.115232 24 0.000400
8 0.124995 19 0.000317
9 0.134757 19 0.000317
10 0.144519 21 0.000350
11 0.154282 18 0.000300
12 0.164044 15 0.000250
13 0.173807 31 0.000517
14 0.183569 44 0.000733
15 0.193331 25 0.000417
16 0.203094 28 0.000467
17 0.212856 27 0.000450
18 0.222618 33 0.000550
19 0.232381 34 0.000567
20 0.242143 57 0.000950
21 0.251906 58 0.000967
22 0.261668 66 0.001100
23 0.271430 67 0.001117
24 0.281193 109 0.001817
25 0.290955 98 0.001633
26 0.300718 113 0.001883
27 0.310480 119 0.001983
28 0.320242 164 0.002733
29 0.330005 298 0.004967
30 0.339767 227 0.003783
31 0.349529 119 0.001983
32 0.359292 115 0.001917
33 0.369054 128 0.002133
34 0.378817 139 0.002317
35 0.388579 189 0.003150
36 0.398341 178 0.002967
37 0.408104 256 0.004267
38 0.417866 299 0.004983
39 0.427628 350 0.005833
40 0.437391 334 0.005567
41 0.447153 438 0.007300
42 0.456916 735 0.012250
43 0.466678 1049 0.017483
44 0.476440 1879 0.031317
45 0.486203 3700 0.061667
46 0.495965 12957 0.215950
47 0.505728 7691 0.128183
48 0.515490 2959 0.049317
49 0.525252 1696 0.028267
50 0.535015 990 0.016500
51 0.544777 814 0.013567
52 0.554539 761 0.012683
53 0.564302 795 0.013250
54 0.574064 888 0.014800
55 0.583827 1543 0.025717
56 0.593589 2684 0.044733
57 0.603351 2449 0.040817
58 0.613114 1490 0.024833
59 0.622876 924 0.015400
60 0.632638 763 0.012717
61 0.642401 537 0.008950
62 0.652163 434 0.007233
63 0.661926 365 0.006083
64 0.671688 352 0.005867
65 0.681450 281 0.004683
66 0.691213 255 0.004250
67 0.700975 243 0.004050
68 0.710737 209 0.003483
69 0.720500 177 0.002950
70 0.730262 198 0.003300
71 0.740025 151 0.002517
72 0.749787 211 0.003517
73 0.759549 189 0.003150
74 0.769312 183 0.003050
75 0.779074 192 0.003200
76 0.788837 204 0.003400
77 0.798599 206 0.003433
78 0.808361 163 0.002717
79 0.818124 185 0.003083
80 0.827886 237 0.003950
81 0.837648 218 0.003633
82 0.847411 280 0.004667
83 0.857173 291 0.004850
84 0.866936 294 0.004900
85 0.876698 347 0.005783
86 0.886460 408 0.006800
87 0.896223 389 0.006483
88 0.905985 234 0.003900
89 0.915747 248 0.004133
90 0.925510 333 0.005550
91 0.935272 332 0.005533
92 0.945035 234 0.003900
93 0.954797 117 0.001950
94 0.964559 81 0.001350
95 0.974322 39 0.000650
96 0.984084 29 0.000483
97 0.993847 24 0.000400
98 1.003609 18 0.000300
99 1.013371 0 0.000000
