0 0.017172 8 0.000400
1 0.027086 7 0.000350
2 0.037001 8 0.000400
3 0.046915 4 0.000200
4 0.056830 3 0.000150
5 0.066745 1 0.000050
6 0.076659 7 0.000350
7 0.086574 0 0.000000
8 0.096489 8 0.000400
9 0.106403 8 0.000400
10 0.116318 3 0.000150
11 0.126232 6 0.000300
12 0.136147 2 0.000100
13 0.146062 1 0.000050
14 0.155976 6 0.000300
15 0.165891 6 0.000300
16 0.175806 2 0.000100
17 0.185720 1 0.000050
18 0.195635 4 0.000200
19 0.205550 4 0.000200
20 0.215464 5 0.000250
21 0.225379 2 0.000100
22 0.235293 3 0.000150
23 0.245208 20 0.001000
24 0.255123 31 0.001550
25 0.265037 42 0.002100
26 0.274952 40 0.002000
27 0.284867 32 0.001600
28 0.294781 29 0.001450
29 0.304696 68 0.003400
30 0.314610 96 0.004800
31 0.324525 151 0.007550
32 0.334440 137 0.006850
33 0.344354 97 0.004850
34 0.354269 11 0.000550
35 0.364184 14 0.000700
36 0.374098 21 0.001050
37 0.384013 12 0.000600
38 0.393928 17 0.000850
39 0.403842 37 0.001850
40 0.413757 35 0.001750
41 0.423671 32 0.001600
42 0.433586 23 0.001150
43 0.443501 41 0.002050
44 0.453415 67 0.003350
45 0.463330 58 0.002900
46 0.473245 68 0.003400
47 0.483159 91 0.004550
48 0.493074 124 0.006200
49 0.502988 124 0.006200
50 0.512903 139 0.006950
51 0.522818 166 0.008300
52 0.532732 227 0.011350
53 0.542647 268 0.013400
54 0.552562 427 0.021350
55 0.562476 535 0.026750
56 0.572391 1069 0.053450
57 0.582306 2224 0.111200
58 0.592220 2575 0.128750
59 0.602135 1343 0.067150
60 0.612049 892 0.044600
61 0.621964 736 0.036800
62 0.631879 463 0.023150
63 0.641793 332 0.016600
64 0.651708 323 0.016150
65 0.661623 239 0.011950
66 0.671537 200 0.010000
67 0.681452 195 0.009750
68 0.691366 190 0.009500
69 0.701281 155 0.007750
70 0.711196 169 0.008450
71 0.721110 137 0.006850
72 0.731025 141 0.007050
73 0.740940 171 0.008550
74 0.750854 175 0.008750
75 0.760769 166 0.008300
76 0.770684 193 0.009650
77 0.780598 137 0.006850
78 0.790513 174 0.008700
79 0.800427 153 0.007650
80 0.810342 188 0.009400
81 0.820257 237 0.011850
82 0.830171 251 0.012550
83 0.840086 222 0.011100
84 0.850001 304 0.015200
85 0.859915 417 0.020850
86 0.869830 373 0.018650
87 0.879744 368 0.018400
88 0.889659 288 0.014400
89 0.899574 243 0.012150
90 0.909488 275 0.013750
91 0.919403 324 0.016200
92 0.929318 238 0.011900
93 0.939232 147 0.007350
94 0.949147 66 0.003300
95 0.959062 46 0.002300
96 0.968976 52 0.002600
97 0.978891 18 0.000900
98 0.988805 11 0.000550
99 0.998720 1 0.000050
