0 0.426441 2 0.000100
1 0.428131 3 0.000150
2 0.429820 1 0.000050
3 0.431509 0 0.000000
4 0.433198 0 0.000000
5 0.434888 0 0.000000
6 0.436577 1 0.000050
7 0.438266 0 0.000000
8 0.439956 0 0.000000
9 0.441645 5 0.000250
10 0.443334 1 0.000050
11 0.445023 4 0.000200
12 0.446713 6 0.000300
13 0.448402 6 0.000300
14 0.450091 2 0.000100
15 0.451781 14 0.000700
16 0.453470 9 0.000450
17 0.455159 18 0.000900
18 0.456849 32 0.001600
19 0.458538 27 0.001350
20 0.460227 19 0.000950
21 0.461916 28 0.001400
22 0.463606 33 0.001650
23 0.465295 56 0.002800
24 0.466984 46 0.002300
25 0.468674 47 0.002350
26 0.470363 66 0.003300
27 0.472052 54 0.002700
28 0.473741 43 0.002150
29 0.475431 76 0.003800
30 0.477120 108 0.005400
31 0.478809 146 0.007300
32 0.480499 149 0.007450
33 0.482188 189 0.009450
34 0.483877 185 0.009250
35 0.485566 207 0.010350
36 0.487256 268 0.013400
37 0.488945 301 0.015050
38 0.490634 368 0.018400
39 0.492324 482 0.024100
40 0.494013 553 0.027650
41 0.495702 659 0.032950
42 0.497392 920 0.046000
43 0.499081 1427 0.071350
44 0.500770 2412 0.120600
45 0.502459 2897 0.144850
46 0.504149 1874 0.093700
47 0.505838 1356 0.067800
48 0.507527 1110 0.055500
49 0.509217 695 0.034750
50 0.510906 473 0.023650
51 0.512595 445 0.022250
52 0.514284 348 0.017400
53 0.515974 293 0.014650
54 0.517663 263 0.013150
55 0.519352 188 0.009400
56 0.521042 161 0.008050
57 0.522731 98 0.004900
58 0.524420 106 0.005300
59 0.526110 99 0.004950
60 0.527799 86 0.004300
61 0.529488 100 0.005000
62 0.531177 71 0.003550
63 0.532867 43 0.002150
64 0.534556 58 0.002900
65 0.536245 23 0.001150
66 0.537935 13 0.000650
67 0.539624 19 0.000950
68 0.541313 16 0.000800
69 0.543002 23 0.001150
70 0.544692 17 0.000850
71 0.546381 28 0.001400
72 0.548070 17 0.000850
73 0.549760 4 0.000200
74 0.551449 5 0.000250
75 0.553138 11 0.000550
76 0.554828 4 0.000200
77 0.556517 3 0.000150
78 0.558206 7 0.000350
79 0.559895 16 0.000800
80 0.561585 18 0.000900
81 0.563274 4 0.000200
82 0.564963 8 0.000400
83 0.566653 2 0.000100
84 0.568342 2 0.000100
85 0.570031 2 0.000100
86 0.571720 0 0.000000
87 0.573410 1 0.000050
88 0.575099 3 0.000150
89 0.576788 1 0.000050
90 0.578478 3 0.000150
91 0.580167 0 0.000000
92 0.581856 0 0.000000
93 0.583545 0 0.000000
94 0.585235 1 0.000050
95 0.586924 3 0.000150
96 0.588613 6 0.000300
97 0.590303 0 0.000000
98 0.591992 2 0.000100
99 0.593681 1 0.000050
