0 0.012166 4 0.000200
1 0.021923 8 0.000400
2 0.031680 3 0.000150
3 0.041437 9 0.000450
4 0.051194 14 0.000700
5 0.060951 7 0.000350
6 0.070708 6 0.000300
7 0.080465 8 0.000400
8 0.090222 9 0.000450
9 0.099979 15 0.000750
10 0.109736 7 0.000350
11 0.119493 9 0.000450
12 0.129250 12 0.000600
13 0.139007 6 0.000300
14 0.148764 18 0.000900
15 0.158522 14 0.000700
16 0.168279 13 0.000650
17 0.178036 12 0.000600
18 0.187793 22 0.001100
19 0.197550 21 0.001050
20 0.207307 38 0.001900
21 0.217064 28 0.001400
22 0.226821 26 0.001300
23 0.236578 18 0.000900
24 0.246335 36 0.001800
25 0.256092 43 0.002150
26 0.265849 51 0.002550
27 0.275606 63 0.003150
28 0.285363 69 0.003450
29 0.295120 57 0.002850
30 0.304877 71 0.003550
31 0.314634 91 0.004550
32 0.324391 94 0.004700
33 0.334148 89 0.004450
34 0.343905 82 0.004100
35 0.353662 91 0.004550
36 0.363419 128 0.006400
37 0.373176 127 0.006350
38 0.382933 154 0.007700
39 0.392690 166 0.008300
40 0.402447 244 0.012200
41 0.412204 258 0.012900
42 0.421961 310 0.015500
43 0.431718 336 0.016800
44 0.441476 402 0.020100
45 0.451233 554 0.027700
46 0.460990 691 0.034550
47 0.470747 1050 0.052500
48 0.480504 1612 0.080600
49 0.490261 3013 0.150650
50 0.500018 2881 0.144050
51 0.509775 1562 0.078100
52 0.519532 980 0.049000
53 0.529289 688 0.034400
54 0.539046 485 0.024250
55 0.548803 397 0.019850
56 0.558560 358 0.017900
57 0.568317 321 0.016050
58 0.578074 274 0.013700
59 0.587831 185 0.009250
60 0.597588 157 0.007850
61 0.607345 144 0.007200
62 0.617102 149 0.007450
63 0.626859 115 0.005750
64 0.636616 80 0.004000
65 0.646373 113 0.005650
66 0.656130 82 0.004100
67 0.665887 86 0.004300
68 0.675644 102 0.005100
69 0.685401 65 0.003250
70 0.695158 52 0.002600
71 0.704915 41 0.002050
72 0.714672 37 0.001850
73 0.724429 37 0.001850
74 0.734187 23 0.001150
75 0.743944 30 0.001500
76 0.753701 29 0.001450
77 0.763458 31 0.001550
78 0.773215 23 0.001150
79 0.782972 30 0.001500
80 0.792729 21 0.001050
81 0.802486 11 0.000550
82 0.812243 21 0.001050
83 0.822000 25 0.001250
84 0.831757 12 0.000600
85 0.841514 28 0.001400
86 0.851271 16 0.000800
87 0.861028 4 0.000200
88 0.870785 10 0.000500
89 0.880542 6 0.000300
90 0.890299 11 0.000550
91 0.900056 15 0.000750
92 0.909813 10 0.000500
93 0.919570 13 0.000650
94 0.929327 15 0.000750
95 0.939084 6 0.000300
96 0.948841 2 0.000100
97 0.958598 2 0.000100
98 0.968355 5 0.000250
99 0.978112 1 0.000050
