0 0.012166 6 0.000100
1 0.022131 16 0.000267
2 0.032096 13 0.000217
3 0.042062 15 0.000250
4 0.052027 17 0.000283
5 0.061992 9 0.000150
6 0.071957 13 0.000217
7 0.081922 9 0.000150
8 0.091888 16 0.000267
9 0.101853 20 0.000333
10 0.111818 15 0.000250
11 0.121783 19 0.000317
12 0.131748 17 0.000283
13 0.141714 7 0.000117
14 0.151679 26 0.000433
15 0.161644 18 0.000300
16 0.171609 14 0.000233
17 0.181574 21 0.000350
18 0.191539 20 0.000333
19 0.201505 44 0.000733
20 0.211470 35 0.000583
21 0.221435 32 0.000533
22 0.231400 30 0.000500
23 0.241365 32 0.000533
24 0.251331 68 0.001133
25 0.261296 98 0.001633
26 0.271261 100 0.001667
27 0.281226 113 0.001883
28 0.291191 101 0.001683
29 0.301157 133 0.002217
30 0.311122 234 0.003900
31 0.321087 270 0.004500
32 0.331052 337 0.005617
33 0.341017 239 0.003983
34 0.350983 251 0.004183
35 0.360948 311 0.005183
36 0.370913 474 0.007900
37 0.380878 378 0.006300
38 0.390843 361 0.006017
39 0.400809 548 0.009133
40 0.410774 740 0.012333
41 0.420739 1200 0.020000
42 0.430704 1122 0.018700
43 0.440669 876 0.014600
44 0.450634 1135 0.018917
45 0.460600 1472 0.024533
46 0.470565 2076 0.034600
47 0.480530 2405 0.040083
48 0.490495 4126 0.068767
49 0.500460 7603 0.126717
50 0.510426 2496 0.041600
51 0.520391 2104 0.035067
52 0.530356 1910 0.031833
53 0.540321 1258 0.020967
54 0.550286 1366 0.022767
55 0.560252 1472 0.024533
56 0.570217 1888 0.031467
57 0.580182 2710 0.045167
58 0.590147 3121 0.052017
59 0.600112 1985 0.033083
60 0.610078 1278 0.021300
61 0.620043 1362 0.022700
62 0.630008 833 0.013883
63 0.639973 541 0.009017
64 0.649938 547 0.009117
65 0.659904 406 0.006767
66 0.669869 403 0.006717
67 0.679834 338 0.005633
68 0.689799 291 0.004850
69 0.699764 219 0.003650
70 0.709729 211 0.003517
71 0.719695 189 0.003150
72 0.729660 164 0.002733
73 0.739625 204 0.003400
74 0.749590 213 0.003550
75 0.759555 188 0.003133
76 0.769521 230 0.003833
77 0.779486 170 0.002833
78 0.789451 206 0.003433
79 0.799416 164 0.002733
80 0.809381 213 0.003550
81 0.819347 238 0.003967
82 0.829312 280 0.004667
83 0.839277 244 0.004067
84 0.849242 328 0.005467
85 0.859207 421 0.007017
86 0.869173 382 0.006367
87 0.879138 389 0.006483
88 0.889103 293 0.004883
89 0.899068 265 0.004417
90 0.909033 286 0.004767
91 0.918999 325 0.005417
92 0.928964 265 0.004417
93 0.938929 162 0.002700
94 0.948894 70 0.001167
95 0.958859 49 0.000817
96 0.968825 58 0.000967
97 0.978790 18 0.000300
98 0.988755 11 0.000183
99 0.998720 1 0.000017
