0 -0.217330 2 0.000100
1 -0.212849 0 0.000000
2 -0.208367 1 0.000050
3 -0.203885 7 0.000350
4 -0.199403 5 0.000250
5 -0.194922 2 0.000100
6 -0.190440 3 0.000150
7 -0.185958 6 0.000300
8 -0.181476 3 0.000150
9 -0.176995 4 0.000200
10 -0.172513 9 0.000450
11 -0.168031 7 0.000350
12 -0.163549 4 0.000200
13 -0.159068 5 0.000250
14 -0.154586 6 0.000300
15 -0.150104 6 0.000300
16 -0.145622 7 0.000350
17 -0.141141 10 0.000500
18 -0.136659 11 0.000550
19 -0.132177 11 0.000550
20 -0.127695 17 0.000850
21 -0.123214 19 0.000950
22 -0.118732 21 0.001050
23 -0.114250 25 0.001250
24 -0.109768 14 0.000700
25 -0.105287 22 0.001100
26 -0.100805 31 0.001550
27 -0.096323 18 0.000900
28 -0.091841 26 0.001300
29 -0.087360 38 0.001900
30 -0.082878 26 0.001300
31 -0.078396 26 0.001300
32 -0.073914 39 0.001950
33 -0.069433 48 0.002400
34 -0.064951 50 0.002500
35 -0.060469 45 0.002250
36 -0.055987 68 0.003400
37 -0.051506 90 0.004500
38 -0.047024 81 0.004050
39 -0.042542 96 0.004800
40 -0.038060 154 0.007700
41 -0.033579 218 0.010900
42 -0.029097 273 0.013650
43 -0.024615 477 0.023850
44 -0.020133 756 0.037800
45 -0.015652 1279 0.063950
46 -0.011170 2334 0.116700
47 -0.006688 4904 0.245200
48 -0.002206 3873 0.193650
49 0.002275 1638 0.081900
50 0.006757 800 0.040000
51 0.011239 586 0.029300
52 0.015721 337 0.016850
53 0.020202 241 0.012050
54 0.024684 189 0.009450
55 0.029166 141 0.007050
56 0.033648 91 0.004550
57 0.038129 102 0.005100
58 0.042611 70 0.003500
59 0.047093 88 0.004400
60 0.051575 64 0.003200
61 0.056056 61 0.003050
62 0.060538 38 0.001900
63 0.065020 46 0.002300
64 0.069502 44 0.002200
65 0.073983 32 0.001600
66 0.078465 39 0.001950
67 0.082947 35 0.001750
68 0.087429 13 0.000650
69 0.091910 20 0.001000
70 0.096392 15 0.000750
71 0.100874 13 0.000650
72 0.105356 6 0.000300
73 0.109837 12 0.000600
74 0.114319 13 0.000650
75 0.118801 8 0.000400
76 0.123283 7 0.000350
77 0.127764 7 0.000350
78 0.132246 9 0.000450
79 0.136728 5 0.000250
80 0.141210 4 0.000200
81 0.145691 6 0.000300
82 0.150173 7 0.000350
83 0.154655 6 0.000300
84 0.159137 1 0.000050
85 0.163618 3 0.000150
86 0.168100 1 0.000050
87 0.172582 0 0.000000
88 0.177064 3 0.000150
89 0.181545 4 0.000200
90 0.186027 1 0.000050
91 0.190509 2 0.000100
92 0.194991 5 0.000250
93 0.199472 2 0.000100
94 0.203954 0 0.000000
95 0.208436 1 0.000050
96 0.212918 2 0.000100
97 0.217399 2 0.000100
98 0.221881 2 0.000100
99 0.226363 1 0.000050
