0 0.000000 49345 0.822417
1 0.002739 3537 0.058950
2 0.005477 2334 0.038900
3 0.008216 1159 0.019317
4 0.010954 834 0.013900
5 0.013693 679 0.011317
6 0.016431 464 0.007733
7 0.019170 465 0.007750
8 0.021908 320 0.005333
9 0.024647 202 0.003367
10 0.027385 165 0.002750
11 0.030124 112 0.001867
12 0.032863 85 0.001417
13 0.035601 57 0.000950
14 0.038340 46 0.000767
15 0.041078 25 0.000417
16 0.043817 11 0.000183
17 0.046555 12 0.000200
18 0.049294 16 0.000267
19 0.052032 10 0.000167
20 0.054771 3 0.000050
21 0.057509 4 0.000067
22 0.060248 4 0.000067
23 0.062987 5 0.000083
24 0.065725 2 0.000033
25 0.068464 3 0.000050
26 0.071202 4 0.000067
27 0.073941 4 0.000067
28 0.076679 3 0.000050
29 0.079418 7 0.000117
30 0.082156 13 0.000217
31 0.084895 1 0.000017
32 0.087633 6 0.000100
33 0.090372 3 0.000050
34 0.093111 4 0.000067
35 0.095849 5 0.000083
36 0.098588 4 0.000067
37 0.101326 0 0.000000
38 0.104065 1 0.000017
39 0.106803 1 0.000017
40 0.109542 4 0.000067
41 0.112280 2 0.000033
42 0.115019 2 0.000033
43 0.117757 0 0.000000
44 0.120496 1 0.000017
45 0.123235 0 0.000000
46 0.125973 1 0.000017
47 0.128712 0 0.000000
48 0.131450 1 0.000017
49 0.134189 1 0.000017
50 0.136927 0 0.000000
51 0.139666 0 0.000000
52 0.142404 1 0.000017
53 0.145143 1 0.000017
54 0.147881 2 0.000033
55 0.150620 2 0.000033
56 0.153359 0 0.000000
57 0.156097 0 0.000000
58 0.158836 0 0.000000
59 0.161574 0 0.000000
60 0.164313 0 0.000000
61 0.167051 0 0.000000
62 0.169790 0 0.000000
63 0.172528 0 0.000000
64 0.175267 0 0.000000
65 0.178005 0 0.000000
66 0.180744 0 0.000000
67 0.183483 1 0.000017
68 0.186221 0 0.000000
69 0.188960 0 0.000000
70 0.191698 0 0.000000
71 0.194437 3 0.000050
72 0.197175 3 0.000050
73 0.199914 1 0.000017
74 0.202652 1 0.000017
75 0.205391 2 0.000033
76 0.208129 1 0.000017
77 0.210868 0 0.000000
78 0.213607 2 0.000033
79 0.216345 0 0.000000
80 0.219084 3 0.000050
81 0.221822 2 0.000033
82 0.224561 0 0.000000
83 0.227299 1 0.000017
84 0.230038 0 0.000000
85 0.232776 0 0.000000
86 0.235515 0 0.000000
87 0.238253 1 0.000017
88 0.240992 0 0.000000
89 0.243731 1 0.000017
90 0.246469 0 0.000000
91 0.249208 1 0.000017
92 0.251946 0 0.000000
93 0.254685 1 0.000017
94 0.257423 0 0.000000
95 0.260162 0 0.000000
96 0.262900 1 0.000017
97 0.265639 1 0.000017
98 0.268377 0 0.000000
99 0.271116 1 0.000017
