0 -0.391023 3 0.000050
1 -0.381813 0 0.000000
2 -0.372604 2 0.000033
3 -0.363395 0 0.000000
4 -0.354186 0 0.000000
5 -0.344977 0 0.000000
6 -0.335767 0 0.000000
7 -0.326558 1 0.000017
8 -0.317349 2 0.000033
9 -0.308140 2 0.000033
10 -0.298931 7 0.000117
11 -0.289721 7 0.000117
12 -0.280512 3 0.000050
13 -0.271303 6 0.000100
14 -0.262094 4 0.000067
15 -0.252885 5 0.000083
16 -0.243675 2 0.000033
17 -0.234466 10 0.000167
18 -0.225257 9 0.000150
19 -0.216048 9 0.000150
20 -0.206839 29 0.000483
21 -0.197629 45 0.000750
22 -0.188420 90 0.001500
23 -0.179211 98 0.001633
24 -0.170002 114 0.001900
25 -0.160793 140 0.002333
26 -0.151583 272 0.004533
27 -0.142374 347 0.005783
28 -0.133165 284 0.004733
29 -0.123956 224 0.003733
30 -0.114747 267 0.004450
31 -0.105537 421 0.007017
32 -0.096328 601 0.010017
33 -0.087119 1041 0.017350
34 -0.077910 809 0.013483
35 -0.068701 721 0.012017
36 -0.059491 839 0.013983
37 -0.050282 1338 0.022300
38 -0.041073 1477 0.024617
39 -0.031864 2235 0.037250
40 -0.022655 4744 0.079067
41 -0.013445 14961 0.249350
42 -0.004236 14492 0.241533
43 0.004973 4071 0.067850
44 0.014182 2411 0.040183
45 0.023391 1563 0.026050
46 0.032601 905 0.015083
47 0.041810 800 0.013333
48 0.051019 935 0.015583
49 0.060228 753 0.012550
50 0.069437 437 0.007283
51 0.078647 321 0.005350
52 0.087856 325 0.005417
53 0.097065 258 0.004300
54 0.106274 331 0.005517
55 0.115483 398 0.006633
56 0.124692 141 0.002350
57 0.133902 109 0.001817
58 0.143111 142 0.002367
59 0.152320 124 0.002067
60 0.161529 104 0.001733
61 0.170739 29 0.000483
62 0.179948 26 0.000433
63 0.189157 29 0.000483
64 0.198366 18 0.000300
65 0.207575 13 0.000217
66 0.216784 10 0.000167
67 0.225994 8 0.000133
68 0.235203 4 0.000067
69 0.244412 2 0.000033
70 0.253621 1 0.000017
71 0.262830 1 0.000017
72 0.272040 4 0.000067
73 0.281249 9 0.000150
74 0.290458 4 0.000067
75 0.299667 3 0.000050
76 0.308877 8 0.000133
77 0.318086 1 0.000017
78 0.327295 5 0.000083
79 0.336504 4 0.000067
80 0.345713 1 0.000017
81 0.354922 1 0.000017
82 0.364132 0 0.000000
83 0.373341 1 0.000017
84 0.382550 2 0.000033
85 0.391759 0 0.000000
86 0.400968 0 0.000000
87 0.410178 0 0.000000
88 0.419387 0 0.000000
89 0.428596 1 0.000017
90 0.437805 6 0.000100
91 0.447015 4 0.000067
92 0.456224 3 0.000050
93 0.465433 5 0.000083
94 0.474642 1 0.000017
95 0.483851 1 0.000017
96 0.493060 2 0.000033
97 0.502270 1 0.000017
98 0.511479 3 0.000050
99 0.520688 0 0.000000
