0 -0.391023 3 0.000150
1 -0.382336 0 0.000000
2 -0.373649 2 0.000100
3 -0.364963 0 0.000000
4 -0.356276 0 0.000000
5 -0.347589 0 0.000000
6 -0.338903 0 0.000000
7 -0.330216 1 0.000050
8 -0.321529 0 0.000000
9 -0.312843 2 0.000100
10 -0.304156 4 0.000200
11 -0.295469 10 0.000500
12 -0.286782 2 0.000100
13 -0.278096 0 0.000000
14 -0.269409 1 0.000050
15 -0.260722 1 0.000050
16 -0.252036 1 0.000050
17 -0.243349 0 0.000000
18 -0.234662 9 0.000450
19 -0.225976 7 0.000350
20 -0.217289 3 0.000150
21 -0.208602 15 0.000750
22 -0.199916 27 0.001350
23 -0.191229 35 0.001750
24 -0.182542 78 0.003900
25 -0.173856 68 0.003400
26 -0.165169 59 0.002950
27 -0.156482 164 0.008200
28 -0.147795 262 0.013100
29 -0.139109 268 0.013400
30 -0.130422 184 0.009200
31 -0.121735 142 0.007100
32 -0.113049 190 0.009500
33 -0.104362 302 0.015100
34 -0.095675 449 0.022450
35 -0.086989 776 0.038800
36 -0.078302 595 0.029750
37 -0.069615 404 0.020200
38 -0.060929 466 0.023300
39 -0.052242 762 0.038100
40 -0.043555 775 0.038750
41 -0.034869 722 0.036100
42 -0.026182 927 0.046350
43 -0.017495 2855 0.142750
44 -0.008808 2043 0.102150
45 -0.000122 770 0.038500
46 0.008565 811 0.040550
47 0.017252 939 0.046950
48 0.025938 666 0.033300
49 0.034625 394 0.019700
50 0.043312 487 0.024350
51 0.051998 644 0.032200
52 0.060685 519 0.025950
53 0.069372 254 0.012700
54 0.078058 179 0.008950
55 0.086745 230 0.011500
56 0.095432 203 0.010150
57 0.104118 228 0.011400
58 0.112805 364 0.018200
59 0.121492 188 0.009400
60 0.130178 83 0.004150
61 0.138865 93 0.004650
62 0.147552 98 0.004900
63 0.156239 108 0.005400
64 0.164925 55 0.002750
65 0.173612 15 0.000750
66 0.182299 13 0.000650
67 0.190985 14 0.000700
68 0.199672 7 0.000350
69 0.208359 1 0.000050
70 0.217045 0 0.000000
71 0.225732 0 0.000000
72 0.234419 3 0.000150
73 0.243105 2 0.000100
74 0.251792 1 0.000050
75 0.260479 1 0.000050
76 0.269165 1 0.000050
77 0.277852 4 0.000200
78 0.286539 2 0.000100
79 0.295226 1 0.000050
80 0.303912 1 0.000050
81 0.312599 0 0.000000
82 0.321286 0 0.000000
83 0.329972 0 0.000000
84 0.338659 0 0.000000
85 0.347346 1 0.000050
86 0.356032 1 0.000050
87 0.364719 0 0.000000
88 0.373406 1 0.000050
89 0.382092 2 0.000100
90 0.390779 0 0.000000
91 0.399466 0 0.000000
92 0.408152 0 0.000000
93 0.416839 0 0.000000
94 0.425526 0 0.000000
95 0.434213 0 0.000000
96 0.442899 0 0.000000
97 0.451586 0 0.000000
98 0.460273 1 0.000050
99 0.468959 1 0.000050
