0 -0.295332 1 0.000050
1 -0.287089 0 0.000000
2 -0.278846 3 0.000150
3 -0.270604 4 0.000200
4 -0.262361 4 0.000200
5 -0.254118 3 0.000150
6 -0.245876 0 0.000000
7 -0.237633 2 0.000100
8 -0.229391 0 0.000000
9 -0.221148 1 0.000050
10 -0.212905 4 0.000200
11 -0.204663 2 0.000100
12 -0.196420 4 0.000200
13 -0.188177 18 0.000900
14 -0.179935 18 0.000900
15 -0.171692 30 0.001500
16 -0.163450 21 0.001050
17 -0.155207 20 0.001000
18 -0.146964 22 0.001100
19 -0.138722 16 0.000800
20 -0.130479 30 0.001500
21 -0.122236 37 0.001850
22 -0.113994 30 0.001500
23 -0.105751 52 0.002600
24 -0.097509 78 0.003900
25 -0.089266 121 0.006050
26 -0.081023 128 0.006400
27 -0.072781 140 0.007000
28 -0.064538 176 0.008800
29 -0.056295 188 0.009400
30 -0.048053 259 0.012950
31 -0.039810 403 0.020150
32 -0.031568 701 0.035050
33 -0.023325 1642 0.082100
34 -0.015082 3904 0.195200
35 -0.006840 6784 0.339200
36 0.001403 2430 0.121500
37 0.009645 858 0.042900
38 0.017888 533 0.026650
39 0.026131 339 0.016950
40 0.034373 193 0.009650
41 0.042616 148 0.007400
42 0.050859 111 0.005550
43 0.059101 100 0.005000
44 0.067344 85 0.004250
45 0.075586 61 0.003050
46 0.083829 58 0.002900
47 0.092072 21 0.001050
48 0.100314 19 0.000950
49 0.108557 26 0.001300
50 0.116800 14 0.000700
51 0.125042 5 0.000250
52 0.133285 15 0.000750
53 0.141527 10 0.000500
54 0.149770 10 0.000500
55 0.158013 7 0.000350
56 0.166255 6 0.000300
57 0.174498 9 0.000450
58 0.182741 7 0.000350
59 0.190983 7 0.000350
60 0.199226 7 0.000350
61 0.207468 6 0.000300
62 0.215711 7 0.000350
63 0.223954 7 0.000350
64 0.232196 1 0.000050
65 0.240439 0 0.000000
66 0.248681 0 0.000000
67 0.256924 0 0.000000
68 0.265167 0 0.000000
69 0.273409 3 0.000150
70 0.281652 3 0.000150
71 0.289895 0 0.000000
72 0.298137 5 0.000250
73 0.306380 6 0.000300
74 0.314622 3 0.000150
75 0.322865 1 0.000050
76 0.331108 6 0.000300
77 0.339350 2 0.000100
78 0.347593 0 0.000000
79 0.355836 0 0.000000
80 0.364078 0 0.000000
81 0.372321 0 0.000000
82 0.380563 0 0.000000
83 0.388806 0 0.000000
84 0.397049 0 0.000000
85 0.405291 0 0.000000
86 0.413534 0 0.000000
87 0.421777 0 0.000000
88 0.430019 1 0.000050
89 0.438262 6 0.000300
90 0.446504 3 0.000150
91 0.454747 4 0.000200
92 0.462990 1 0.000050
93 0.471232 3 0.000150
94 0.479475 0 0.000000
95 0.487718 2 0.000100
96 0.495960 1 0.000050
97 0.504203 1 0.000050
98 0.512445 2 0.000100
99 0.520688 1 0.000050
