0 0.019388 3 0.000150
1 0.029064 5 0.000250
2 0.038740 4 0.000200
3 0.048417 12 0.000600
4 0.058093 7 0.000350
5 0.067769 9 0.000450
6 0.077445 11 0.000550
7 0.087121 13 0.000650
8 0.096798 10 0.000500
9 0.106474 14 0.000700
10 0.116150 9 0.000450
11 0.125826 12 0.000600
12 0.135503 8 0.000400
13 0.145179 10 0.000500
14 0.154855 15 0.000750
15 0.164531 19 0.000950
16 0.174208 15 0.000750
17 0.183884 18 0.000900
18 0.193560 21 0.001050
19 0.203236 30 0.001500
20 0.212912 26 0.001300
21 0.222589 41 0.002050
22 0.232265 21 0.001050
23 0.241941 31 0.001550
24 0.251617 47 0.002350
25 0.261294 44 0.002200
26 0.270970 49 0.002450
27 0.280646 44 0.002200
28 0.290322 50 0.002500
29 0.299999 59 0.002950
30 0.309675 70 0.003500
31 0.319351 73 0.003650
32 0.329027 105 0.005250
33 0.338703 84 0.004200
34 0.348380 78 0.003900
35 0.358056 115 0.005750
36 0.367732 108 0.005400
37 0.377408 167 0.008350
38 0.387085 158 0.007900
39 0.396761 197 0.009850
40 0.406437 260 0.013000
41 0.416113 246 0.012300
42 0.425790 315 0.015750
43 0.435466 358 0.017900
44 0.445142 425 0.021250
45 0.454818 567 0.028350
46 0.464494 796 0.039800
47 0.474171 1195 0.059750
48 0.483847 2119 0.105950
49 0.493523 3229 0.161450
50 0.503199 2455 0.122750
51 0.512876 1304 0.065200
52 0.522552 889 0.044450
53 0.532228 624 0.031200
54 0.541904 398 0.019900
55 0.551580 373 0.018650
56 0.561257 375 0.018750
57 0.570933 279 0.013950
58 0.580609 240 0.012000
59 0.590285 195 0.009750
60 0.599962 157 0.007850
61 0.609638 158 0.007900
62 0.619314 128 0.006400
63 0.628990 100 0.005000
64 0.638667 107 0.005350
65 0.648343 102 0.005100
66 0.658019 74 0.003700
67 0.667695 78 0.003900
68 0.677372 104 0.005200
69 0.687048 39 0.001950
70 0.696724 43 0.002150
71 0.706400 31 0.001550
72 0.716076 40 0.002000
73 0.725753 30 0.001500
74 0.735429 32 0.001600
75 0.745105 22 0.001100
76 0.754781 19 0.000950
77 0.764458 27 0.001350
78 0.774134 19 0.000950
79 0.783810 25 0.001250
80 0.793486 20 0.001000
81 0.803162 19 0.000950
82 0.812839 20 0.001000
83 0.822515 14 0.000700
84 0.832191 10 0.000500
85 0.841867 16 0.000800
86 0.851544 13 0.000650
87 0.861220 9 0.000450
88 0.870896 13 0.000650
89 0.880572 4 0.000200
90 0.890249 5 0.000250
91 0.899925 10 0.000500
92 0.909601 14 0.000700
93 0.919277 15 0.000750
94 0.928953 8 0.000400
95 0.938630 6 0.000300
96 0.948306 2 0.000100
97 0.957982 2 0.000100
98 0.967658 10 0.000500
99 0.977335 1 0.000050
