0 0.000000 1 0.000017
1 0.010099 8 0.000133
2 0.020198 8 0.000133
3 0.030297 12 0.000200
4 0.040395 8 0.000133
5 0.050494 16 0.000267
6 0.060593 10 0.000167
7 0.070692 15 0.000250
8 0.080791 23 0.000383
9 0.090890 13 0.000217
10 0.100989 17 0.000283
11 0.111087 12 0.000200
12 0.121186 19 0.000317
13 0.131285 12 0.000200
14 0.141384 16 0.000267
15 0.151483 16 0.000267
16 0.161582 21 0.000350
17 0.171681 20 0.000333
18 0.181779 21 0.000350
19 0.191878 24 0.000400
20 0.201977 38 0.000633
21 0.212076 32 0.000533
22 0.222175 57 0.000950
23 0.232274 28 0.000467
24 0.242373 54 0.000900
25 0.252471 79 0.001317
26 0.262570 91 0.001517
27 0.272669 88 0.001467
28 0.282768 87 0.001450
29 0.292867 109 0.001817
30 0.302966 127 0.002117
31 0.313065 243 0.004050
32 0.323163 300 0.005000
33 0.333262 321 0.005350
34 0.343361 225 0.003750
35 0.353460 282 0.004700
36 0.363559 339 0.005650
37 0.373658 505 0.008417
38 0.383757 445 0.007417
39 0.393855 408 0.006800
40 0.403954 606 0.010100
41 0.414053 768 0.012800
42 0.424152 1417 0.023617
43 0.434251 914 0.015233
44 0.444350 937 0.015617
45 0.454448 1289 0.021483
46 0.464547 1837 0.030617
47 0.474646 2112 0.035200
48 0.484745 3243 0.054050
49 0.494844 7975 0.132917
50 0.504943 3349 0.055817
51 0.515042 2172 0.036200
52 0.525140 2264 0.037733
53 0.535239 1445 0.024083
54 0.545338 1300 0.021667
55 0.555437 1389 0.023150
56 0.565536 1756 0.029267
57 0.575635 2187 0.036450
58 0.585734 3146 0.052433
59 0.595832 2670 0.044500
60 0.605931 1546 0.025767
61 0.616030 1270 0.021167
62 0.626129 1196 0.019933
63 0.636228 627 0.010450
64 0.646327 532 0.008867
65 0.656426 499 0.008317
66 0.666524 421 0.007017
67 0.676623 340 0.005667
68 0.686722 240 0.004000
69 0.696821 249 0.004150
70 0.706920 198 0.003300
71 0.717019 194 0.003233
72 0.727118 173 0.002883
73 0.737216 204 0.003400
74 0.747315 203 0.003383
75 0.757414 185 0.003083
76 0.767513 208 0.003467
77 0.777612 208 0.003467
78 0.787711 190 0.003167
79 0.797810 145 0.002417
80 0.807908 208 0.003467
81 0.818007 270 0.004500
82 0.828106 242 0.004033
83 0.838205 229 0.003817
84 0.848304 331 0.005517
85 0.858403 354 0.005900
86 0.868502 457 0.007617
87 0.878600 421 0.007017
88 0.888699 245 0.004083
89 0.898798 245 0.004083
90 0.908897 301 0.005017
91 0.918996 309 0.005150
92 0.929095 268 0.004467
93 0.939193 170 0.002833
94 0.949292 61 0.001017
95 0.959391 47 0.000783
96 0.969490 53 0.000883
97 0.979589 23 0.000383
98 0.989688 11 0.000183
99 0.999787 1 0.000017
