0 0.020820 3 0.000050
1 0.030941 0 0.000000
2 0.041062 0 0.000000
3 0.051183 8 0.000133
4 0.061304 0 0.000000
5 0.071426 0 0.000000
6 0.081547 8 0.000133
7 0.091668 5 0.000083
8 0.101789 4 0.000067
9 0.111910 4 0.000067
10 0.122031 0 0.000000
11 0.132152 26 0.000433
12 0.142273 84 0.001400
13 0.152395 5 0.000083
14 0.162516 24 0.000400
15 0.172637 0 0.000000
16 0.182758 32 0.000533
17 0.192879 18 0.000300
18 0.203000 127 0.002117
19 0.213121 9 0.000150
20 0.223243 25 0.000417
21 0.233364 61 0.001017
22 0.243485 27 0.000450
23 0.253606 47 0.000783
24 0.263727 95 0.001583
25 0.273848 46 0.000767
26 0.283969 132 0.002200
27 0.294091 99 0.001650
28 0.304212 136 0.002267
29 0.314333 294 0.004900
30 0.324454 297 0.004950
31 0.334575 76 0.001267
32 0.344696 22 0.000367
33 0.354817 156 0.002600
34 0.364938 248 0.004133
35 0.375060 181 0.003017
36 0.385181 130 0.002167
37 0.395302 253 0.004217
38 0.405423 280 0.004667
39 0.415544 329 0.005483
40 0.425665 339 0.005650
41 0.435786 473 0.007883
42 0.445908 514 0.008567
43 0.456029 528 0.008800
44 0.466150 814 0.013567
45 0.476271 1612 0.026867
46 0.486392 3007 0.050117
47 0.496513 6148 0.102467
48 0.506634 13662 0.227700
49 0.516756 5029 0.083817
50 0.526877 2184 0.036400
51 0.536998 1146 0.019100
52 0.547119 903 0.015050
53 0.557240 751 0.012517
54 0.567361 1024 0.017067
55 0.577482 1184 0.019733
56 0.587604 2688 0.044800
57 0.597725 2745 0.045750
58 0.607846 1324 0.022067
59 0.617967 957 0.015950
60 0.628088 658 0.010967
61 0.638209 640 0.010667
62 0.648330 408 0.006800
63 0.658451 636 0.010600
64 0.668573 348 0.005800
65 0.678694 392 0.006533
66 0.688815 184 0.003067
67 0.698936 159 0.002650
68 0.709057 104 0.001733
69 0.719178 185 0.003083
70 0.729299 106 0.001767
71 0.739421 164 0.002733
72 0.749542 298 0.004967
73 0.759663 320 0.005333
74 0.769784 407 0.006783
75 0.779905 209 0.003483
76 0.790026 277 0.004617
77 0.800147 284 0.004733
78 0.810269 137 0.002283
79 0.820390 111 0.001850
80 0.830511 170 0.002833
81 0.840632 196 0.003267
82 0.850753 334 0.005567
83 0.860874 202 0.003367
84 0.870995 395 0.006583
85 0.881116 353 0.005883
86 0.891238 431 0.007183
87 0.901359 216 0.003600
88 0.911480 292 0.004867
89 0.921601 226 0.003767
90 0.931722 366 0.006100
91 0.941843 216 0.003600
92 0.951964 90 0.001500
93 0.962086 74 0.001233
94 0.972207 34 0.000567
95 0.982328 31 0.000517
96 0.992449 17 0.000283
97 1.002570 4 0.000067
98 1.012691 2 0.000033
99 1.022812 1 0.000017
