0 0.441621 11 0.000550
1 0.443386 2 0.000100
2 0.445150 0 0.000000
3 0.446915 0 0.000000
4 0.448680 0 0.000000
5 0.450445 12 0.000600
6 0.452210 3 0.000150
7 0.453975 0 0.000000
8 0.455739 11 0.000550
9 0.457504 13 0.000650
10 0.459269 21 0.001050
11 0.461034 4 0.000200
12 0.462799 38 0.001900
13 0.464564 22 0.001100
14 0.466328 0 0.000000
15 0.468093 8 0.000400
16 0.469858 7 0.000350
17 0.471623 36 0.001800
18 0.473388 11 0.000550
19 0.475153 52 0.002600
20 0.476917 79 0.003950
21 0.478682 80 0.004000
22 0.480447 0 0.000000
23 0.482212 36 0.001800
24 0.483977 70 0.003500
25 0.485742 94 0.004700
26 0.487506 102 0.005100
27 0.489271 39 0.001950
28 0.491036 102 0.005100
29 0.492801 206 0.010300
30 0.494566 100 0.005000
31 0.496331 264 0.013200
32 0.498095 180 0.009000
33 0.499860 337 0.016850
34 0.501625 411 0.020550
35 0.503390 614 0.030700
36 0.505155 967 0.048350
37 0.506920 1276 0.063800
38 0.508684 1881 0.094050
39 0.510449 2518 0.125900
40 0.512214 2901 0.145050
41 0.513979 1743 0.087150
42 0.515744 1117 0.055850
43 0.517509 1026 0.051300
44 0.519273 637 0.031850
45 0.521038 577 0.028850
46 0.522803 345 0.017250
47 0.524568 278 0.013900
48 0.526333 288 0.014400
49 0.528097 154 0.007700
50 0.529862 200 0.010000
51 0.531627 216 0.010800
52 0.533392 203 0.010150
53 0.535157 109 0.005450
54 0.536922 30 0.001500
55 0.538686 116 0.005800
56 0.540451 23 0.001150
57 0.542216 51 0.002550
58 0.543981 85 0.004250
59 0.545746 44 0.002200
60 0.547511 78 0.003900
61 0.549275 24 0.001200
62 0.551040 26 0.001300
63 0.552805 7 0.000350
64 0.554570 2 0.000100
65 0.556335 8 0.000400
66 0.558100 10 0.000500
67 0.559864 18 0.000900
68 0.561629 5 0.000250
69 0.563394 3 0.000150
70 0.565159 3 0.000150
71 0.566924 14 0.000700
72 0.568689 5 0.000250
73 0.570453 0 0.000000
74 0.572218 9 0.000450
75 0.573983 2 0.000100
76 0.575748 8 0.000400
77 0.577513 5 0.000250
78 0.579278 4 0.000200
79 0.581042 1 0.000050
80 0.582807 1 0.000050
81 0.584572 0 0.000000
82 0.586337 0 0.000000
83 0.588102 6 0.000300
84 0.589866 1 0.000050
85 0.591631 6 0.000300
86 0.593396 0 0.000000
87 0.595161 0 0.000000
88 0.596926 0 0.000000
89 0.598691 0 0.000000
90 0.600455 0 0.000000
91 0.602220 0 0.000000
92 0.603985 0 0.000000
93 0.605750 0 0.000000
94 0.607515 0 0.000000
95 0.609280 0 0.000000
96 0.611044 0 0.000000
97 0.612809 0 0.000000
98 0.614574 3 0.000150
99 0.616339 1 0.000050
