0 0.000000 1 0.000050
1 0.010099 7 0.000350
2 0.020198 5 0.000250
3 0.030297 7 0.000350
4 0.040395 2 0.000100
5 0.050494 5 0.000250
6 0.060593 4 0.000200
7 0.070692 3 0.000150
8 0.080791 8 0.000400
9 0.090890 5 0.000250
10 0.100989 5 0.000250
11 0.111087 2 0.000100
12 0.121186 0 0.000000
13 0.131285 4 0.000200
14 0.141384 2 0.000100
15 0.151483 4 0.000200
16 0.161582 1 0.000050
17 0.171681 5 0.000250
18 0.181779 1 0.000050
19 0.191878 3 0.000150
20 0.201977 2 0.000100
21 0.212076 3 0.000150
22 0.222175 3 0.000150
23 0.232274 5 0.000250
24 0.242373 21 0.001050
25 0.252471 33 0.001650
26 0.262570 40 0.002000
27 0.272669 37 0.001850
28 0.282768 37 0.001850
29 0.292867 41 0.002050
30 0.302966 43 0.002150
31 0.313065 124 0.006200
32 0.323163 128 0.006400
33 0.333262 143 0.007150
34 0.343361 82 0.004100
35 0.353460 27 0.001350
36 0.363559 9 0.000450
37 0.373658 18 0.000900
38 0.383757 23 0.001150
39 0.393855 16 0.000800
40 0.403954 30 0.001500
41 0.414053 37 0.001850
42 0.424152 30 0.001500
43 0.434251 29 0.001450
44 0.444350 59 0.002950
45 0.454448 58 0.002900
46 0.464547 68 0.003400
47 0.474646 74 0.003700
48 0.484745 112 0.005600
49 0.494844 149 0.007450
50 0.504943 112 0.005600
51 0.515042 157 0.007850
52 0.525140 183 0.009150
53 0.535239 228 0.011400
54 0.545338 368 0.018400
55 0.555437 445 0.022250
56 0.565536 617 0.030850
57 0.575635 1457 0.072850
58 0.585734 2579 0.128950
59 0.595832 2237 0.111850
60 0.605931 1136 0.056800
61 0.616030 867 0.043350
62 0.626129 621 0.031050
63 0.636228 406 0.020300
64 0.646327 334 0.016700
65 0.656426 297 0.014850
66 0.666524 238 0.011900
67 0.676623 158 0.007900
68 0.686722 172 0.008600
69 0.696821 176 0.008800
70 0.706920 148 0.007400
71 0.717019 150 0.007500
72 0.727118 143 0.007150
73 0.737216 174 0.008700
74 0.747315 175 0.008750
75 0.757414 162 0.008100
76 0.767513 185 0.009250
77 0.777612 181 0.009050
78 0.787711 163 0.008150
79 0.797810 123 0.006150
80 0.807908 185 0.009250
81 0.818007 252 0.012600
82 0.828106 227 0.011350
83 0.838205 214 0.010700
84 0.848304 317 0.015850
85 0.858403 346 0.017300
86 0.868502 445 0.022250
87 0.878600 413 0.020650
88 0.888699 240 0.012000
89 0.898798 231 0.011550
90 0.908897 287 0.014350
91 0.918996 293 0.014650
92 0.929095 259 0.012950
93 0.939193 164 0.008200
94 0.949292 60 0.003000
95 0.959391 44 0.002200
96 0.969490 43 0.002150
97 0.979589 21 0.001050
98 0.989688 11 0.000550
99 0.999787 1 0.000050
