0 0.020820 3 0.000150
1 0.030250 0 0.000000
2 0.039680 0 0.000000
3 0.049109 0 0.000000
4 0.058539 8 0.000400
5 0.067969 0 0.000000
6 0.077399 8 0.000400
7 0.086829 0 0.000000
8 0.096259 5 0.000250
9 0.105689 8 0.000400
10 0.115119 0 0.000000
11 0.124549 0 0.000000
12 0.133978 26 0.001300
13 0.143408 15 0.000750
14 0.152838 5 0.000250
15 0.162268 24 0.001200
16 0.171698 0 0.000000
17 0.181128 26 0.001300
18 0.190558 24 0.001200
19 0.199988 2 0.000100
20 0.209417 113 0.005650
21 0.218847 0 0.000000
22 0.228277 46 0.002300
23 0.237707 15 0.000750
24 0.247137 15 0.000750
25 0.256567 13 0.000650
26 0.265997 45 0.002250
27 0.275427 27 0.001350
28 0.284856 115 0.005750
29 0.294286 93 0.004650
30 0.303716 101 0.005050
31 0.313146 6 0.000300
32 0.322576 219 0.010950
33 0.332006 68 0.003400
34 0.341436 13 0.000650
35 0.350866 76 0.003800
36 0.360296 91 0.004550
37 0.369725 115 0.005750
38 0.379155 203 0.010150
39 0.388585 211 0.010550
40 0.398015 126 0.006300
41 0.407445 187 0.009350
42 0.416875 219 0.010950
43 0.426305 339 0.016950
44 0.435735 441 0.022050
45 0.445164 403 0.020150
46 0.454594 392 0.019600
47 0.464024 435 0.021750
48 0.473454 1295 0.064750
49 0.482884 1452 0.072600
50 0.492314 2434 0.121700
51 0.501744 3313 0.165650
52 0.511174 1375 0.068750
53 0.520604 1471 0.073550
54 0.530033 675 0.033750
55 0.539463 456 0.022800
56 0.548893 389 0.019450
57 0.558323 404 0.020200
58 0.567753 216 0.010800
59 0.577183 278 0.013900
60 0.586613 126 0.006300
61 0.596043 211 0.010550
62 0.605473 127 0.006350
63 0.614902 102 0.005100
64 0.624332 99 0.004950
65 0.633762 73 0.003650
66 0.643192 46 0.002300
67 0.652622 188 0.009400
68 0.662052 242 0.012100
69 0.671482 44 0.002200
70 0.680912 209 0.010450
71 0.690341 15 0.000750
72 0.699771 17 0.000850
73 0.709201 0 0.000000
74 0.718631 113 0.005650
75 0.728061 22 0.001100
76 0.737491 0 0.000000
77 0.746921 44 0.002200
78 0.756351 24 0.001200
79 0.765780 50 0.002500
80 0.775210 4 0.000200
81 0.784640 10 0.000500
82 0.794070 10 0.000500
83 0.803500 34 0.001700
84 0.812930 12 0.000600
85 0.822360 4 0.000200
86 0.831790 35 0.001750
87 0.841220 27 0.001350
88 0.850649 10 0.000500
89 0.860079 24 0.001200
90 0.869509 0 0.000000
91 0.878939 8 0.000400
92 0.888369 0 0.000000
93 0.897799 4 0.000200
94 0.907229 13 0.000650
95 0.916659 0 0.000000
96 0.926088 0 0.000000
97 0.935518 0 0.000000
98 0.944948 11 0.000550
99 0.954378 3 0.000150
