0 0.146113 69 0.003450
1 0.154969 0 0.000000
2 0.163824 0 0.000000
3 0.172680 0 0.000000
4 0.181536 0 0.000000
5 0.190391 0 0.000000
6 0.199247 21 0.001050
7 0.208102 0 0.000000
8 0.216958 0 0.000000
9 0.225813 17 0.000850
10 0.234669 8 0.000400
11 0.243524 17 0.000850
12 0.252380 29 0.001450
13 0.261235 29 0.001450
14 0.270091 40 0.002000
15 0.278947 9 0.000450
16 0.287802 8 0.000400
17 0.296658 11 0.000550
18 0.305513 30 0.001500
19 0.314369 254 0.012700
20 0.323224 84 0.004200
21 0.332080 33 0.001650
22 0.340935 8 0.000400
23 0.349791 25 0.001250
24 0.358646 49 0.002450
25 0.367502 79 0.003950
26 0.376358 4 0.000200
27 0.385213 4 0.000200
28 0.394069 2 0.000100
29 0.402924 12 0.000600
30 0.411780 171 0.008550
31 0.420635 7 0.000350
32 0.429491 0 0.000000
33 0.438346 3 0.000150
34 0.447202 16 0.000800
35 0.456057 51 0.002550
36 0.464913 27 0.001350
37 0.473769 28 0.001400
38 0.482624 192 0.009600
39 0.491480 32 0.001600
40 0.500335 170 0.008500
41 0.509191 106 0.005300
42 0.518046 202 0.010100
43 0.526902 191 0.009550
44 0.535757 158 0.007900
45 0.544613 349 0.017450
46 0.553468 284 0.014200
47 0.562324 396 0.019800
48 0.571180 631 0.031550
49 0.580035 866 0.043300
50 0.588891 2362 0.118100
51 0.597746 2284 0.114200
52 0.606602 1303 0.065150
53 0.615457 762 0.038100
54 0.624313 633 0.031650
55 0.633168 349 0.017450
56 0.642024 502 0.025100
57 0.650879 200 0.010000
58 0.659735 305 0.015250
59 0.668591 291 0.014550
60 0.677446 155 0.007750
61 0.686302 126 0.006300
62 0.695157 110 0.005500
63 0.704013 180 0.009000
64 0.712868 76 0.003800
65 0.721724 51 0.002550
66 0.730579 59 0.002950
67 0.739435 138 0.006900
68 0.748290 221 0.011050
69 0.757146 254 0.012700
70 0.766002 274 0.013700
71 0.774857 320 0.016000
72 0.783713 59 0.002950
73 0.792568 282 0.014100
74 0.801424 237 0.011850
75 0.810279 115 0.005750
76 0.819135 97 0.004850
77 0.827990 127 0.006350
78 0.836846 98 0.004900
79 0.845701 182 0.009100
80 0.854557 258 0.012900
81 0.863413 197 0.009850
82 0.872268 357 0.017850
83 0.881124 319 0.015950
84 0.889979 397 0.019850
85 0.898835 198 0.009900
86 0.907690 195 0.009750
87 0.916546 183 0.009150
88 0.925401 246 0.012300
89 0.934257 333 0.016650
90 0.943112 204 0.010200
91 0.951968 73 0.003650
92 0.960824 75 0.003750
93 0.969679 32 0.001600
94 0.978535 5 0.000250
95 0.987390 47 0.002350
96 0.996246 0 0.000000
97 1.005101 4 0.000200
98 1.013957 2 0.000100
99 1.022812 1 0.000050
