0 0.124509 5 0.000250
1 0.133171 0 0.000000
2 0.141833 0 0.000000
3 0.150495 0 0.000000
4 0.159157 0 0.000000
5 0.167818 0 0.000000
6 0.176480 0 0.000000
7 0.185142 0 0.000000
8 0.193804 1 0.000050
9 0.202465 3 0.000150
10 0.211127 3 0.000150
11 0.219789 12 0.000600
12 0.228451 2 0.000100
13 0.237113 0 0.000000
14 0.245774 1 0.000050
15 0.254436 0 0.000000
16 0.263098 0 0.000000
17 0.271760 2 0.000100
18 0.280421 4 0.000200
19 0.289083 6 0.000300
20 0.297745 14 0.000700
21 0.306407 27 0.001350
22 0.315069 32 0.001600
23 0.323730 70 0.003500
24 0.332392 72 0.003600
25 0.341054 51 0.002550
26 0.349716 80 0.004000
27 0.358378 159 0.007950
28 0.367039 264 0.013200
29 0.375701 248 0.012400
30 0.384363 213 0.010650
31 0.393025 173 0.008650
32 0.401686 234 0.011700
33 0.410348 331 0.016550
34 0.419010 572 0.028600
35 0.427672 902 0.045100
36 0.436334 405 0.020250
37 0.444995 389 0.019450
38 0.453657 545 0.027250
39 0.462319 640 0.032000
40 0.470981 843 0.042150
41 0.479643 559 0.027950
42 0.488304 637 0.031850
43 0.496966 4418 0.220900
44 0.505628 849 0.042450
45 0.514290 658 0.032900
46 0.522951 989 0.049450
47 0.531613 834 0.041700
48 0.540275 471 0.023550
49 0.548937 411 0.020550
50 0.557599 487 0.024350
51 0.566260 700 0.035000
52 0.574922 434 0.021700
53 0.583584 329 0.016450
54 0.592246 213 0.010650
55 0.600908 235 0.011750
56 0.609569 201 0.010050
57 0.618231 250 0.012500
58 0.626893 408 0.020400
59 0.635555 113 0.005650
60 0.644216 73 0.003650
61 0.652878 101 0.005050
62 0.661540 73 0.003650
63 0.670202 110 0.005500
64 0.678864 50 0.002500
65 0.687525 22 0.001100
66 0.696187 19 0.000950
67 0.704849 26 0.001300
68 0.713511 4 0.000200
69 0.722172 0 0.000000
70 0.730834 0 0.000000
71 0.739496 0 0.000000
72 0.748158 1 0.000050
73 0.756820 0 0.000000
74 0.765481 1 0.000050
75 0.774143 1 0.000050
76 0.782805 4 0.000200
77 0.791467 3 0.000150
78 0.800129 4 0.000200
79 0.808790 2 0.000100
80 0.817452 0 0.000000
81 0.826114 0 0.000000
82 0.834776 0 0.000000
83 0.843437 0 0.000000
84 0.852099 0 0.000000
85 0.860761 0 0.000000
86 0.869423 0 0.000000
87 0.878085 1 0.000050
88 0.886746 1 0.000050
89 0.895408 3 0.000150
90 0.904070 0 0.000000
91 0.912732 0 0.000000
92 0.921394 0 0.000000
93 0.930055 0 0.000000
94 0.938717 0 0.000000
95 0.947379 0 0.000000
96 0.956041 0 0.000000
97 0.964702 0 0.000000
98 0.973364 0 0.000000
99 0.982026 2 0.000100
