network init start

hyperparameters
init_weight_range 0.000000 ,xavier
learning_rate 0.000050
lambda1 0.000000
lambda2 0.000000
dropout 0.020000
minibatch size 32

   DENSE CONVOLUTION  [   40    20    12] [    3     3     8] [   40    20    20] [       864          8][    697600]
                RELU  [   40    20    20] [    1     1     1] [   40    20    20] [         0          0][     32000]
   DENSE CONVOLUTION  [   40    20    20] [    3     3     8] [   40    20    28] [      1440          8][   1158400]
                RELU  [   40    20    28] [    1     1     1] [   40    20    28] [         0          0][     44800]
   DENSE CONVOLUTION  [   40    20    28] [    3     3     8] [   40    20    36] [      2016          8][   1619200]
                RELU  [   40    20    36] [    1     1     1] [   40    20    36] [         0          0][     57600]
   DENSE CONVOLUTION  [   40    20    36] [    3     3     8] [   40    20    44] [      2592          8][   2080000]
                RELU  [   40    20    44] [    1     1     1] [   40    20    44] [         0          0][     70400]
         CONVOLUTION  [   40    20    44] [    1     1    16] [   40    20    16] [       704         16][    576000]
                RELU  [   40    20    16] [    1     1     1] [   40    20    16] [         0          0][     25600]
   DENSE CONVOLUTION  [   40    20    16] [    3     3     8] [   40    20    24] [      1152          8][    928000]
                RELU  [   40    20    24] [    1     1     1] [   40    20    24] [         0          0][     38400]
   DENSE CONVOLUTION  [   40    20    24] [    3     3     8] [   40    20    32] [      1728          8][   1388800]
                RELU  [   40    20    32] [    1     1     1] [   40    20    32] [         0          0][     51200]
   DENSE CONVOLUTION  [   40    20    32] [    3     3     8] [   40    20    40] [      2304          8][   1849600]
                RELU  [   40    20    40] [    1     1     1] [   40    20    40] [         0          0][     64000]
   DENSE CONVOLUTION  [   40    20    40] [    3     3     8] [   40    20    48] [      2880          8][   2310400]
                RELU  [   40    20    48] [    1     1     1] [   40    20    48] [         0          0][     76800]
         CONVOLUTION  [   40    20    48] [    1     1    32] [   40    20    32] [      1536         32][   1254400]
                RELU  [   40    20    32] [    1     1     1] [   40    20    32] [         0          0][     51200]
             DROPOUT  [   40    20    32] [    1     1     1] [   40    20    32] [         0          0][     51200]
                  FC  [   40    20    32] [    1     1     3] [    1     1     3] [     76800          3][    153606]

input_geometry  [40 20 12]
output_geometry [1 1 3]
network flops operations 14579206 FLOPS, 0.014579 GFLOPS
init DONE

network destructor done
