0.000000 0 0 0.002220 0.000000 0.257875 0.002214 0.000000 0.223969
0.200000 0 1 0.002000 0.000000 0.256253 0.002039 0.000000 0.256253
0.400000 0 2 0.001894 0.000000 0.251095 0.001884 0.000000 0.181306
0.600000 0 3 0.002164 0.000000 0.241009 0.002176 0.000000 0.218831
0.800000 0 4 0.001903 0.000000 0.233459 0.001895 0.000000 0.143201
1.000000 1 0 0.001867 0.000000 0.248713 0.001858 0.000000 0.137977
1.200000 1 1 0.001808 0.000000 0.250818 0.001854 0.000000 0.271634
1.400000 1 2 0.001747 0.000000 0.241567 0.001782 0.000000 0.232253
1.600000 1 3 0.001740 0.000000 0.234422 0.001737 0.000000 0.161855
1.800000 1 4 0.001779 0.000000 0.237742 0.001812 0.000000 0.232765
2.000000 2 0 0.001780 0.000000 0.229305 0.001820 0.000000 0.229305
2.200000 2 1 0.001797 0.000000 0.219246 0.001810 0.000000 0.223532
2.400000 2 2 0.001657 0.000000 0.252060 0.001663 0.000000 0.250170
2.600000 2 3 0.001797 0.000000 0.232563 0.001827 0.000000 0.226696
2.800000 2 4 0.001665 0.000000 0.204913 0.001673 0.000000 0.145230
3.000000 3 0 0.001653 0.000000 0.209674 0.001671 0.000000 0.213470
3.200000 3 1 0.001649 0.000000 0.244294 0.001658 0.000000 0.160870
3.400000 3 2 0.001814 0.000000 0.241849 0.001839 0.000000 0.160785
3.600000 3 3 0.001679 0.000000 0.241675 0.001697 0.000000 0.223198
3.800000 3 4 0.001836 0.000000 0.227908 0.001825 0.000000 0.240417
4.000000 4 0 0.001846 0.000000 0.224523 0.001855 0.000000 0.227251
4.200000 4 1 0.001679 0.000000 0.233493 0.001661 0.000000 0.225341
4.400000 4 2 0.001702 0.000000 0.217938 0.001702 0.000000 0.230500
4.600000 4 3 0.001786 0.000000 0.221362 0.001822 0.000000 0.194380
4.800000 4 4 0.001723 0.000000 0.214669 0.001718 0.000000 0.165266
5.000000 5 0 0.001593 0.000000 0.230160 0.001551 0.000000 0.230807
5.200000 5 1 0.001650 0.000000 0.234519 0.001642 0.000000 0.234519
5.400000 5 2 0.001695 0.000000 0.228440 0.001680 0.000000 0.232440
5.600000 5 3 0.001931 0.000000 0.241743 0.001900 0.000000 0.241744
5.800000 5 4 0.001689 0.000000 0.224830 0.001703 0.000000 0.171049
6.000000 6 0 0.001616 0.000000 0.221265 0.001616 0.000000 0.224124
6.200000 6 1 0.001743 0.000000 0.220635 0.001745 0.000000 0.152387
6.400000 6 2 0.001795 0.000000 0.208394 0.001782 0.000000 0.151449
6.600000 6 3 0.001616 0.000000 0.206484 0.001650 0.000000 0.252502
6.800000 6 4 0.001660 0.000000 0.239888 0.001702 0.000000 0.223345
7.000000 7 0 0.001703 0.000000 0.202538 0.001711 0.000000 0.168573
7.200000 7 1 0.001600 0.000000 0.216799 0.001596 0.000000 0.205817
7.400000 7 2 0.001829 0.000000 0.207565 0.001854 0.000000 0.239979
7.600000 7 3 0.001616 0.000000 0.206684 0.001626 0.000000 0.182148
7.800000 7 4 0.001750 0.000000 0.228022 0.001756 0.000000 0.215307
8.000000 8 0 0.001594 0.000000 0.222310 0.001588 0.000000 0.165421
8.200000 8 1 0.001644 0.000000 0.215229 0.001668 0.000000 0.151132
8.400000 8 2 0.001615 0.000000 0.217765 0.001643 0.000000 0.237057
8.600000 8 3 0.001623 0.000000 0.218350 0.001620 0.000000 0.219121
8.800000 8 4 0.001615 0.000000 0.211148 0.001578 0.000000 0.211148
9.000000 9 0 0.001652 0.000000 0.209367 0.001652 0.000000 0.233416
9.200000 9 1 0.001593 0.000000 0.214254 0.001608 0.000000 0.159425
9.400000 9 2 0.001654 0.000000 0.214323 0.001668 0.000000 0.225623
9.600000 9 3 0.001571 0.000000 0.211583 0.001578 0.000000 0.206912
9.800000 9 4 0.001625 0.000000 0.223336 0.001632 0.000000 0.198879
