0 0 0.000000 0.138367 0.095238 0.135105 0.093467
0 1 0.114943 0.102884 0.072459 0.105064 0.073829
0 2 0.229885 0.086320 0.059944 0.084806 0.058723
0 3 0.344828 0.079141 0.053932 0.078375 0.053562
0 4 0.459770 0.077015 0.051760 0.075317 0.050563
0 5 0.574713 0.069409 0.047471 0.072242 0.049576
0 6 0.689655 0.071632 0.048454 0.070377 0.047697
0 7 0.804598 0.070818 0.047421 0.070519 0.047031
0 8 0.919540 0.065212 0.045709 0.065203 0.045409
0 9 1.034483 0.065274 0.045616 0.064765 0.045332
0 10 1.149425 0.065193 0.044425 0.067199 0.046108
0 11 1.264368 0.062877 0.044396 0.063521 0.044927
0 12 1.379310 0.062915 0.043764 0.063965 0.044295
0 13 1.494253 0.063543 0.044253 0.063490 0.044092
0 14 1.609195 0.062677 0.043652 0.063388 0.044590
0 15 1.724138 0.062427 0.043877 0.061121 0.043123
0 16 1.839080 0.062429 0.043206 0.062256 0.042634
0 17 1.954023 0.061264 0.043225 0.062439 0.043927
0 18 2.068965 0.059066 0.042238 0.059435 0.042541
0 19 2.183908 0.061027 0.042965 0.060956 0.043076
0 20 2.298851 0.060508 0.043252 0.060328 0.042638
0 21 2.413793 0.061129 0.043164 0.060874 0.042912
0 22 2.528736 0.059552 0.042614 0.058822 0.041764
0 23 2.643678 0.061552 0.043508 0.060965 0.043109
0 24 2.758621 0.061224 0.042304 0.060359 0.041792
0 25 2.873563 0.061452 0.041551 0.061569 0.041807
0 26 2.988506 0.058929 0.041775 0.059703 0.042430
0 27 3.103448 0.058608 0.042474 0.058542 0.042249
0 28 3.218391 0.061255 0.042690 0.059847 0.041809
0 29 3.333333 0.058198 0.041863 0.057173 0.041461
0 30 3.448276 0.060884 0.042519 0.060199 0.042443
0 31 3.563218 0.058154 0.042100 0.057835 0.041552
0 32 3.678161 0.058490 0.041708 0.059617 0.042540
0 33 3.793103 0.058018 0.042347 0.057414 0.041434
0 34 3.908046 0.059095 0.042336 0.058663 0.041951
0 35 4.022988 0.058040 0.041925 0.055835 0.040192
0 36 4.137931 0.057219 0.041478 0.057167 0.041390
0 37 4.252873 0.057348 0.041411 0.056331 0.041003
0 38 4.367816 0.061098 0.042556 0.059944 0.041415
0 39 4.482759 0.059146 0.042403 0.059215 0.042122
0 40 4.597701 0.059251 0.040901 0.060593 0.042083
0 41 4.712644 0.058058 0.041099 0.057910 0.041272
0 42 4.827586 0.057977 0.042041 0.057878 0.041863
0 43 4.942529 0.057922 0.041630 0.058467 0.042355
0 44 5.057471 0.059878 0.041271 0.058276 0.040585
0 45 5.172414 0.057225 0.041358 0.057883 0.041593
0 46 5.287356 0.055957 0.040714 0.056873 0.041819
0 47 5.402299 0.056690 0.040973 0.056601 0.041070
0 48 5.517241 0.056609 0.041192 0.056212 0.041102
0 49 5.632184 0.057713 0.041068 0.058430 0.041613
0 50 5.747127 0.056138 0.040995 0.056839 0.041134
0 51 5.862069 0.056404 0.040931 0.058511 0.042596
0 52 5.977012 0.057104 0.041315 0.057418 0.041855
0 53 6.091954 0.056207 0.040600 0.056852 0.041165
0 54 6.206897 0.056679 0.041630 0.055390 0.040585
0 55 6.321839 0.056075 0.040611 0.056449 0.041081
0 56 6.436781 0.056760 0.040932 0.057599 0.041291
0 57 6.551724 0.056639 0.041955 0.055342 0.040681
0 58 6.666667 0.055691 0.041096 0.055554 0.040869
0 59 6.781609 0.056041 0.041340 0.056060 0.041001
0 60 6.896552 0.056762 0.041487 0.057369 0.041050
0 61 7.011494 0.055847 0.041578 0.054354 0.040116
0 62 7.126437 0.056172 0.041678 0.054320 0.040461
0 63 7.241379 0.057807 0.041920 0.057684 0.041472
0 64 7.356322 0.056684 0.040298 0.057733 0.041082
0 65 7.471264 0.055140 0.040614 0.056034 0.040855
0 66 7.586207 0.054829 0.040439 0.055481 0.040842
0 67 7.701149 0.055126 0.040168 0.055537 0.040951
0 68 7.816092 0.055039 0.040412 0.054916 0.040371
0 69 7.931035 0.054975 0.040745 0.055247 0.040721
0 70 8.045977 0.055739 0.040402 0.056017 0.040369
0 71 8.160919 0.055064 0.040776 0.054341 0.040518
0 72 8.275862 0.055385 0.041124 0.054406 0.040419
0 73 8.390804 0.054955 0.040378 0.055137 0.041011
0 74 8.505747 0.058362 0.040503 0.059190 0.040908
0 75 8.620689 0.056080 0.040803 0.056361 0.040733
0 76 8.735632 0.053734 0.039717 0.054312 0.040400
0 77 8.850574 0.057190 0.040473 0.057505 0.041544
0 78 8.965517 0.054856 0.040714 0.054651 0.040607
0 79 9.080460 0.054565 0.040589 0.055434 0.040813
0 80 9.195402 0.056444 0.040653 0.057201 0.041547
0 81 9.310345 0.054925 0.040168 0.054981 0.040294
0 82 9.425287 0.054014 0.040203 0.054174 0.040072
0 83 9.540230 0.054519 0.040740 0.054162 0.040398
0 84 9.655172 0.055194 0.040395 0.055705 0.040751
0 85 9.770115 0.055117 0.041111 0.054891 0.040962
0 86 9.885057 0.054683 0.040400 0.054468 0.040544
1 0 10.000000 0.053323 0.039974 0.053581 0.040438
1 1 10.114943 0.053313 0.039397 0.054109 0.040051
1 2 10.229885 0.054564 0.039814 0.055997 0.041296
1 3 10.344828 0.055101 0.040250 0.055034 0.039950
1 4 10.459770 0.054059 0.039965 0.053823 0.039998
1 5 10.574713 0.054596 0.040280 0.054796 0.040321
1 6 10.689655 0.054611 0.041101 0.054155 0.040108
1 7 10.804598 0.054607 0.040277 0.055568 0.041302
1 8 10.919540 0.054264 0.040207 0.054127 0.040327
1 9 11.034483 0.053321 0.039934 0.054663 0.041242
1 10 11.149426 0.053427 0.040035 0.053610 0.039645
1 11 11.264368 0.054439 0.040915 0.053927 0.040538
1 12 11.379311 0.054360 0.040125 0.054962 0.040802
1 13 11.494253 0.054738 0.040630 0.054480 0.040449
1 14 11.609196 0.053985 0.040162 0.053887 0.039872
1 15 11.724138 0.055241 0.041241 0.054349 0.040319
1 16 11.839081 0.054656 0.040675 0.054003 0.040298
1 17 11.954023 0.053492 0.039663 0.052837 0.039769
1 18 12.068966 0.054465 0.040656 0.054068 0.040427
1 19 12.183908 0.054076 0.040559 0.053994 0.040354
1 20 12.298851 0.055061 0.040336 0.055372 0.040600
1 21 12.413794 0.053871 0.040056 0.054528 0.040359
1 22 12.528735 0.052973 0.039307 0.053159 0.039541
1 23 12.643678 0.052471 0.039400 0.053526 0.040233
1 24 12.758620 0.053219 0.039770 0.053335 0.039970
1 25 12.873563 0.053137 0.040163 0.053971 0.040698
1 26 12.988505 0.053292 0.039905 0.053953 0.040487
1 27 13.103448 0.054462 0.040652 0.054287 0.040765
1 28 13.218390 0.053227 0.039654 0.054585 0.040176
1 29 13.333333 0.055290 0.039967 0.055427 0.040545
1 30 13.448276 0.054408 0.040760 0.053680 0.040177
1 31 13.563218 0.054399 0.040569 0.053873 0.040308
1 32 13.678161 0.055689 0.040928 0.055262 0.041097
1 33 13.793103 0.052755 0.038904 0.054509 0.039949
1 34 13.908046 0.053463 0.039942 0.053882 0.039987
1 35 14.022988 0.052727 0.038923 0.053516 0.039531
1 36 14.137931 0.055639 0.041236 0.055508 0.040852
1 37 14.252873 0.053292 0.040019 0.052694 0.039610
1 38 14.367816 0.052203 0.038693 0.053490 0.039976
1 39 14.482759 0.056182 0.041524 0.054500 0.039939
1 40 14.597701 0.053061 0.039895 0.054320 0.040655
1 41 14.712644 0.052451 0.039854 0.052862 0.039821
1 42 14.827586 0.053281 0.039520 0.053690 0.039796
1 43 14.942529 0.053567 0.039688 0.053684 0.040228
1 44 15.057471 0.054415 0.040605 0.052245 0.039583
1 45 15.172414 0.053572 0.040099 0.053176 0.040089
1 46 15.287356 0.052986 0.040021 0.052291 0.039671
1 47 15.402299 0.053794 0.039763 0.054104 0.039926
1 48 15.517241 0.053322 0.039279 0.053326 0.039768
1 49 15.632184 0.053613 0.040039 0.053666 0.040282
1 50 15.747127 0.052617 0.039710 0.052987 0.039846
1 51 15.862069 0.054094 0.040279 0.053230 0.039358
1 52 15.977012 0.053056 0.040174 0.051981 0.039264
1 53 16.091953 0.055943 0.039825 0.056369 0.040053
1 54 16.206896 0.053483 0.041028 0.052419 0.040032
1 55 16.321838 0.052947 0.039630 0.052572 0.039264
1 56 16.436781 0.052216 0.039586 0.052955 0.039706
1 57 16.551723 0.053348 0.040164 0.053508 0.040226
1 58 16.666666 0.053498 0.040546 0.051110 0.038893
1 59 16.781609 0.053620 0.039950 0.053369 0.039873
1 60 16.896551 0.054726 0.041042 0.053941 0.040390
1 61 17.011494 0.053517 0.039859 0.052792 0.039915
1 62 17.126436 0.053528 0.039939 0.052370 0.039507
1 63 17.241379 0.053225 0.039724 0.053866 0.040107
1 64 17.356321 0.054837 0.040687 0.053046 0.039021
1 65 17.471264 0.053065 0.039965 0.052603 0.039851
1 66 17.586206 0.052199 0.039373 0.052032 0.039816
1 67 17.701149 0.051923 0.039632 0.051424 0.039054
1 68 17.816092 0.052698 0.039811 0.052632 0.039669
1 69 17.931034 0.054766 0.039784 0.053610 0.039605
1 70 18.045977 0.051967 0.039408 0.053651 0.039940
1 71 18.160919 0.054291 0.039478 0.054499 0.039492
1 72 18.275862 0.052099 0.039734 0.052992 0.040390
1 73 18.390804 0.051585 0.038782 0.053200 0.039913
1 74 18.505747 0.052930 0.040423 0.052568 0.039734
1 75 18.620689 0.055065 0.040424 0.054239 0.039395
1 76 18.735632 0.052419 0.039538 0.052732 0.039925
1 77 18.850574 0.053497 0.039823 0.053331 0.039728
1 78 18.965517 0.052890 0.039731 0.053955 0.040298
1 79 19.080460 0.052554 0.039980 0.052443 0.039930
1 80 19.195402 0.053387 0.040530 0.050819 0.038770
1 81 19.310345 0.053126 0.040117 0.053013 0.040001
1 82 19.425287 0.054270 0.040604 0.055486 0.041649
1 83 19.540230 0.051968 0.039594 0.051679 0.039637
1 84 19.655172 0.052745 0.040115 0.052730 0.039859
1 85 19.770115 0.050565 0.038688 0.052880 0.040568
1 86 19.885057 0.050298 0.038455 0.051482 0.039438
2 0 20.000000 0.052861 0.039875 0.051488 0.038996
2 1 20.114943 0.053560 0.040642 0.052983 0.040078
2 2 20.229885 0.052067 0.039424 0.052686 0.040045
2 3 20.344828 0.052424 0.039511 0.052954 0.039838
2 4 20.459770 0.052258 0.039383 0.053208 0.040276
2 5 20.574713 0.053326 0.040008 0.052855 0.039636
2 6 20.689655 0.052379 0.039678 0.051750 0.039174
2 7 20.804598 0.054095 0.039142 0.055953 0.040623
2 8 20.919540 0.053307 0.039756 0.053139 0.040108
2 9 21.034483 0.053119 0.039782 0.052833 0.039965
2 10 21.149426 0.052288 0.039618 0.053010 0.039604
2 11 21.264368 0.051439 0.039464 0.052304 0.040091
2 12 21.379311 0.054280 0.040932 0.052251 0.039530
2 13 21.494253 0.053147 0.040001 0.052679 0.039741
2 14 21.609196 0.054257 0.039549 0.055449 0.040287
2 15 21.724138 0.055114 0.040884 0.054685 0.040501
2 16 21.839081 0.053294 0.039287 0.052893 0.039419
2 17 21.954023 0.053713 0.040403 0.053215 0.040227
2 18 22.068966 0.051788 0.039480 0.051428 0.039050
2 19 22.183908 0.053483 0.040075 0.052429 0.039134
2 20 22.298851 0.052369 0.039739 0.052578 0.039984
2 21 22.413794 0.051825 0.039410 0.051802 0.039392
2 22 22.528736 0.052843 0.039389 0.052144 0.039318
2 23 22.643679 0.050781 0.038992 0.050637 0.039057
2 24 22.758621 0.053291 0.039982 0.053626 0.040256
2 25 22.873564 0.051934 0.039494 0.053099 0.040461
2 26 22.988506 0.051139 0.039081 0.051513 0.039562
2 27 23.103449 0.054070 0.040685 0.054479 0.040671
2 28 23.218391 0.051583 0.039424 0.051863 0.039450
2 29 23.333334 0.052656 0.039441 0.053987 0.040569
2 30 23.448277 0.052648 0.038972 0.053635 0.039900
2 31 23.563219 0.050880 0.039121 0.051674 0.039510
2 32 23.678162 0.052979 0.039556 0.053053 0.039607
2 33 23.793104 0.052617 0.039807 0.051931 0.039397
2 34 23.908047 0.052065 0.040023 0.051466 0.039412
2 35 24.022989 0.053614 0.039731 0.053490 0.039724
2 36 24.137932 0.051914 0.039987 0.052609 0.040013
2 37 24.252874 0.051764 0.039170 0.052741 0.039880
2 38 24.367817 0.052041 0.039699 0.051395 0.039082
2 39 24.482759 0.053787 0.040779 0.052302 0.039981
2 40 24.597702 0.053092 0.040305 0.051892 0.039115
2 41 24.712645 0.052936 0.039488 0.054183 0.040436
2 42 24.827587 0.051131 0.039321 0.051682 0.039207
2 43 24.942530 0.052434 0.040195 0.050622 0.038765
2 44 25.057470 0.053490 0.040328 0.051410 0.038933
2 45 25.172413 0.052470 0.039698 0.051041 0.038993
2 46 25.287355 0.052709 0.039940 0.052581 0.039749
2 47 25.402298 0.051703 0.039141 0.051598 0.039490
2 48 25.517241 0.052750 0.040255 0.052059 0.039754
2 49 25.632183 0.051902 0.039363 0.052342 0.039917
2 50 25.747126 0.051558 0.039670 0.050741 0.039078
2 51 25.862068 0.052670 0.039760 0.052200 0.039710
2 52 25.977011 0.051812 0.039542 0.051905 0.040220
2 53 26.091953 0.053548 0.039957 0.054162 0.040044
2 54 26.206896 0.051695 0.039501 0.052010 0.039339
2 55 26.321838 0.050858 0.039099 0.051148 0.038872
2 56 26.436781 0.052259 0.039478 0.052624 0.040453
2 57 26.551723 0.051061 0.038620 0.052707 0.040497
2 58 26.666666 0.051544 0.039605 0.052306 0.040012
2 59 26.781609 0.050583 0.038806 0.051494 0.039357
2 60 26.896551 0.053489 0.039718 0.052753 0.039421
2 61 27.011494 0.054191 0.040185 0.053908 0.040080
2 62 27.126436 0.051753 0.039205 0.052711 0.039713
2 63 27.241379 0.052568 0.039598 0.052533 0.040186
2 64 27.356321 0.052058 0.039783 0.051245 0.038912
2 65 27.471264 0.053148 0.039793 0.052690 0.039378
2 66 27.586206 0.053446 0.040184 0.050588 0.038544
2 67 27.701149 0.052674 0.040003 0.052080 0.039525
2 68 27.816092 0.051181 0.039061 0.051257 0.038667
2 69 27.931034 0.055177 0.040653 0.054481 0.040012
2 70 28.045977 0.052434 0.039893 0.052805 0.039754
2 71 28.160919 0.052114 0.039515 0.052827 0.039924
2 72 28.275862 0.052576 0.039442 0.053169 0.039586
2 73 28.390804 0.053020 0.040308 0.053460 0.040513
2 74 28.505747 0.051285 0.039029 0.051197 0.039282
2 75 28.620689 0.052362 0.039575 0.051680 0.039687
2 76 28.735632 0.053404 0.039201 0.053065 0.039022
2 77 28.850574 0.051919 0.039744 0.050670 0.038943
2 78 28.965517 0.051553 0.039483 0.050774 0.038952
2 79 29.080460 0.052063 0.039872 0.050273 0.038849
2 80 29.195402 0.050941 0.039107 0.051215 0.039323
2 81 29.310345 0.053295 0.039791 0.053036 0.039706
2 82 29.425287 0.051410 0.039839 0.050847 0.039143
2 83 29.540230 0.051908 0.039167 0.052195 0.039440
2 84 29.655172 0.052625 0.039982 0.051876 0.039323
2 85 29.770115 0.050886 0.038677 0.051526 0.039225
2 86 29.885057 0.050712 0.039067 0.051166 0.039225
3 0 30.000000 0.051554 0.038757 0.052079 0.039377
3 1 30.114943 0.049997 0.038533 0.051037 0.039328
3 2 30.229885 0.052430 0.039892 0.051611 0.039206
3 3 30.344828 0.052271 0.039227 0.051999 0.039146
3 4 30.459770 0.052740 0.040260 0.052647 0.040038
3 5 30.574713 0.052340 0.040109 0.051578 0.039321
3 6 30.689655 0.052109 0.039333 0.051441 0.038706
3 7 30.804598 0.051371 0.039341 0.052225 0.039804
3 8 30.919540 0.051144 0.039335 0.050732 0.039085
3 9 31.034483 0.051615 0.039095 0.052331 0.039576
3 10 31.149426 0.051817 0.039858 0.049898 0.038545
3 11 31.264368 0.049753 0.038973 0.049838 0.038566
3 12 31.379311 0.051655 0.039346 0.050476 0.038397
3 13 31.494253 0.051352 0.039719 0.051564 0.039960
3 14 31.609196 0.051494 0.039480 0.052287 0.040077
3 15 31.724138 0.052648 0.040327 0.050883 0.038580
3 16 31.839081 0.052748 0.040033 0.051400 0.039069
3 17 31.954023 0.051959 0.040058 0.051246 0.039500
3 18 32.068966 0.049966 0.038497 0.050422 0.038611
3 19 32.183907 0.051154 0.039273 0.052731 0.040637
3 20 32.298851 0.049853 0.038395 0.051139 0.039509
3 21 32.413792 0.051493 0.039764 0.051039 0.039181
3 22 32.528736 0.051633 0.039710 0.049977 0.038914
3 23 32.643677 0.051843 0.040044 0.050940 0.039263
3 24 32.758621 0.051482 0.039197 0.052627 0.039947
3 25 32.873562 0.051503 0.039629 0.051273 0.039536
3 26 32.988506 0.051629 0.039281 0.053052 0.040183
3 27 33.103447 0.052744 0.039980 0.051483 0.039683
3 28 33.218391 0.051398 0.039067 0.052369 0.039482
3 29 33.333332 0.052495 0.039845 0.052619 0.040780
3 30 33.448277 0.052638 0.040105 0.051497 0.039500
3 31 33.563217 0.051080 0.039052 0.051333 0.039315
3 32 33.678162 0.052477 0.039772 0.052210 0.039656
3 33 33.793102 0.050861 0.039174 0.049903 0.038526
3 34 33.908047 0.051695 0.039470 0.052919 0.039781
3 35 34.022987 0.051814 0.039774 0.051639 0.039838
3 36 34.137932 0.051643 0.039896 0.050899 0.038871
3 37 34.252872 0.052152 0.039697 0.051138 0.038950
3 38 34.367817 0.050956 0.039332 0.051684 0.039937
3 39 34.482758 0.052533 0.040018 0.051137 0.038947
3 40 34.597702 0.050156 0.038842 0.050346 0.038993
3 41 34.712643 0.052337 0.040045 0.051921 0.039530
3 42 34.827587 0.052283 0.039913 0.053003 0.040643
3 43 34.942528 0.052141 0.039441 0.052854 0.039572
3 44 35.057472 0.049632 0.038734 0.051036 0.039691
3 45 35.172413 0.051639 0.039560 0.051216 0.039409
3 46 35.287357 0.052279 0.039474 0.051732 0.038947
3 47 35.402298 0.052462 0.039657 0.051370 0.038926
3 48 35.517242 0.051350 0.039958 0.049669 0.038393
3 49 35.632183 0.050331 0.038766 0.051406 0.039643
3 50 35.747128 0.050886 0.039086 0.051389 0.039412
3 51 35.862068 0.052287 0.040227 0.050785 0.039225
3 52 35.977013 0.051346 0.038809 0.051417 0.039305
3 53 36.091953 0.051204 0.039408 0.051627 0.039539
3 54 36.206898 0.052546 0.039841 0.052601 0.039887
3 55 36.321838 0.052428 0.040299 0.051605 0.039400
3 56 36.436783 0.052044 0.040224 0.051139 0.039169
3 57 36.551723 0.051793 0.039711 0.051848 0.039846
3 58 36.666668 0.052597 0.040608 0.051075 0.039583
3 59 36.781609 0.051375 0.039813 0.050676 0.039045
3 60 36.896553 0.050663 0.039285 0.051104 0.039457
3 61 37.011494 0.050994 0.038836 0.051534 0.039386
3 62 37.126438 0.050281 0.038517 0.050721 0.039029
3 63 37.241379 0.051682 0.039085 0.052378 0.040119
3 64 37.356323 0.051533 0.039013 0.051685 0.039336
3 65 37.471264 0.053113 0.039840 0.052965 0.039902
3 66 37.586208 0.050654 0.039060 0.052284 0.040422
3 67 37.701149 0.051010 0.039658 0.051057 0.039102
3 68 37.816093 0.050359 0.038844 0.049474 0.038060
3 69 37.931034 0.050326 0.038681 0.051142 0.039080
3 70 38.045979 0.051595 0.039295 0.050633 0.038998
3 71 38.160919 0.050470 0.039517 0.050129 0.039012
3 72 38.275864 0.053190 0.040272 0.052074 0.039511
3 73 38.390804 0.050823 0.038698 0.051499 0.039369
3 74 38.505749 0.050939 0.038517 0.051913 0.039048
3 75 38.620689 0.052208 0.040279 0.051591 0.039717
3 76 38.735634 0.050281 0.039117 0.051136 0.039359
3 77 38.850574 0.052578 0.040499 0.050990 0.039286
3 78 38.965519 0.050167 0.038763 0.050915 0.038445
3 79 39.080460 0.051405 0.039297 0.051188 0.039065
3 80 39.195404 0.051658 0.039153 0.052073 0.039655
3 81 39.310345 0.052860 0.039929 0.053445 0.040019
3 82 39.425289 0.051657 0.039784 0.051307 0.039867
3 83 39.540230 0.052103 0.039902 0.051285 0.039056
3 84 39.655174 0.050851 0.039012 0.051636 0.039560
3 85 39.770115 0.050681 0.038916 0.049822 0.038474
3 86 39.885059 0.049826 0.038761 0.051088 0.039481
4 0 40.000000 0.051632 0.039817 0.050160 0.038687
4 1 40.114941 0.050734 0.038627 0.050902 0.038822
4 2 40.229885 0.051083 0.038963 0.051883 0.039583
4 3 40.344826 0.050932 0.039435 0.051401 0.039826
4 4 40.459770 0.052121 0.040172 0.051549 0.039499
4 5 40.574711 0.052028 0.040000 0.050768 0.039447
4 6 40.689655 0.050861 0.038925 0.051076 0.038932
4 7 40.804596 0.051209 0.039823 0.051864 0.039707
4 8 40.919540 0.051189 0.039205 0.052882 0.040834
4 9 41.034481 0.051171 0.039451 0.050588 0.038684
4 10 41.149426 0.052081 0.039670 0.051782 0.039288
4 11 41.264366 0.050308 0.039287 0.051072 0.039274
4 12 41.379311 0.050709 0.039002 0.052097 0.040187
4 13 41.494251 0.051405 0.038978 0.053009 0.040215
4 14 41.609196 0.049734 0.038717 0.050896 0.039203
4 15 41.724136 0.052394 0.039647 0.051035 0.038737
4 16 41.839081 0.050682 0.039357 0.051866 0.039766
4 17 41.954021 0.051626 0.039808 0.050276 0.038699
4 18 42.068966 0.053028 0.040217 0.051580 0.038896
4 19 42.183907 0.050909 0.039551 0.050485 0.039040
4 20 42.298851 0.050457 0.038717 0.052632 0.040637
4 21 42.413792 0.052950 0.040471 0.051922 0.039916
4 22 42.528736 0.052385 0.039573 0.051179 0.038865
4 23 42.643677 0.051795 0.039727 0.051101 0.039582
4 24 42.758621 0.051046 0.039454 0.050177 0.039125
4 25 42.873562 0.050593 0.039109 0.050826 0.039430
4 26 42.988506 0.049682 0.038675 0.051615 0.039359
4 27 43.103447 0.051543 0.039632 0.050958 0.039427
4 28 43.218391 0.051246 0.039314 0.051760 0.039698
4 29 43.333332 0.050266 0.039362 0.049941 0.039053
4 30 43.448277 0.050788 0.039213 0.050326 0.038807
4 31 43.563217 0.051256 0.038993 0.050802 0.038866
4 32 43.678162 0.050785 0.039792 0.050583 0.039283
4 33 43.793102 0.049934 0.038326 0.049628 0.038773
4 34 43.908047 0.051083 0.039351 0.051525 0.040296
4 35 44.022987 0.052008 0.039596 0.051692 0.039810
4 36 44.137932 0.051058 0.039424 0.050516 0.039371
4 37 44.252872 0.049522 0.038060 0.049856 0.038800
4 38 44.367817 0.050836 0.039691 0.050463 0.039235
4 39 44.482758 0.051484 0.038896 0.052202 0.039545
4 40 44.597702 0.051181 0.039578 0.050662 0.038922
4 41 44.712643 0.050948 0.038825 0.050707 0.038863
4 42 44.827587 0.050029 0.039093 0.049597 0.038707
4 43 44.942528 0.050660 0.039125 0.049917 0.038412
4 44 45.057472 0.050390 0.039223 0.050312 0.038864
4 45 45.172413 0.050560 0.039164 0.050557 0.039041
4 46 45.287357 0.051944 0.040129 0.050997 0.039254
4 47 45.402298 0.052812 0.040241 0.053363 0.040619
4 48 45.517242 0.050242 0.038440 0.050131 0.039197
4 49 45.632183 0.050947 0.039693 0.049851 0.038425
4 50 45.747128 0.049762 0.038959 0.050231 0.039208
4 51 45.862068 0.050894 0.039405 0.050567 0.039131
4 52 45.977013 0.051399 0.039729 0.050817 0.039570
4 53 46.091953 0.050741 0.039014 0.050334 0.039108
4 54 46.206898 0.051443 0.039589 0.051633 0.039552
4 55 46.321838 0.051575 0.039545 0.050797 0.039474
4 56 46.436783 0.051534 0.039388 0.050348 0.038477
4 57 46.551723 0.050430 0.038894 0.050133 0.038920
4 58 46.666668 0.051998 0.039484 0.050727 0.038845
4 59 46.781609 0.050347 0.038921 0.050231 0.039075
4 60 46.896553 0.051520 0.039569 0.050992 0.039266
4 61 47.011494 0.049946 0.038689 0.049852 0.038610
4 62 47.126438 0.050011 0.038355 0.050651 0.039031
4 63 47.241379 0.050277 0.038888 0.050058 0.038980
4 64 47.356323 0.050076 0.038790 0.050537 0.039220
4 65 47.471264 0.050769 0.039164 0.050550 0.039033
4 66 47.586208 0.051132 0.039238 0.050508 0.039235
4 67 47.701149 0.050554 0.039288 0.050572 0.039107
4 68 47.816093 0.050100 0.038268 0.050277 0.038678
4 69 47.931034 0.050682 0.039266 0.051246 0.039734
4 70 48.045979 0.050209 0.038391 0.050910 0.039680
4 71 48.160919 0.049640 0.038587 0.050863 0.039378
4 72 48.275864 0.049820 0.038550 0.050440 0.039091
4 73 48.390804 0.051231 0.039497 0.052300 0.040051
4 74 48.505749 0.051168 0.039387 0.050236 0.039015
4 75 48.620689 0.050986 0.039150 0.050635 0.039549
4 76 48.735634 0.050436 0.039213 0.049919 0.038750
4 77 48.850574 0.050325 0.039471 0.050036 0.039031
4 78 48.965519 0.051320 0.039388 0.050718 0.039112
4 79 49.080460 0.051155 0.039640 0.051153 0.039221
4 80 49.195404 0.051983 0.039895 0.053018 0.039940
4 81 49.310345 0.050138 0.038748 0.049703 0.038542
4 82 49.425289 0.050371 0.038717 0.049145 0.038145
4 83 49.540230 0.050821 0.039474 0.051125 0.039884
4 84 49.655174 0.051213 0.039642 0.050635 0.039213
4 85 49.770115 0.050537 0.038998 0.050359 0.038843
4 86 49.885059 0.051428 0.039549 0.051915 0.039508
5 0 50.000000 0.052335 0.039571 0.052229 0.039600
5 1 50.114941 0.052539 0.040249 0.050812 0.039165
5 2 50.229885 0.050253 0.038908 0.051313 0.039628
5 3 50.344826 0.049951 0.038354 0.050757 0.039042
5 4 50.459770 0.050764 0.039088 0.050281 0.038829
5 5 50.574711 0.051396 0.039561 0.051895 0.039703
5 6 50.689655 0.050365 0.039099 0.052480 0.040554
5 7 50.804596 0.050168 0.038854 0.050933 0.039426
5 8 50.919540 0.050548 0.039315 0.051427 0.039466
5 9 51.034481 0.051211 0.039249 0.051409 0.039584
5 10 51.149426 0.051420 0.039317 0.050731 0.039049
5 11 51.264366 0.051921 0.039439 0.050493 0.039495
5 12 51.379311 0.052381 0.040067 0.052154 0.039741
5 13 51.494251 0.050590 0.039463 0.050055 0.039235
5 14 51.609196 0.051093 0.039247 0.051054 0.039560
5 15 51.724136 0.050532 0.038593 0.050538 0.038868
5 16 51.839081 0.051624 0.040166 0.050270 0.039116
5 17 51.954021 0.050859 0.038974 0.050675 0.039071
5 18 52.068966 0.049904 0.039085 0.050635 0.039005
5 19 52.183907 0.050231 0.039225 0.052313 0.040651
5 20 52.298851 0.050551 0.039354 0.050842 0.039847
5 21 52.413792 0.049777 0.038914 0.050996 0.039812
5 22 52.528736 0.051200 0.039643 0.051124 0.039458
5 23 52.643677 0.052261 0.039788 0.051841 0.040183
5 24 52.758621 0.051376 0.039225 0.050133 0.038347
5 25 52.873562 0.051554 0.039200 0.051049 0.038849
5 26 52.988506 0.050643 0.038927 0.050478 0.038929
5 27 53.103447 0.052024 0.039450 0.051909 0.039558
5 28 53.218391 0.051063 0.039507 0.050912 0.039647
5 29 53.333332 0.051261 0.038849 0.052796 0.040157
5 30 53.448277 0.049901 0.039031 0.049390 0.038209
5 31 53.563217 0.049950 0.038484 0.049153 0.038009
5 32 53.678162 0.050074 0.038686 0.050730 0.038864
5 33 53.793102 0.051210 0.039463 0.050150 0.038672
5 34 53.908047 0.050570 0.039145 0.050061 0.038861
5 35 54.022987 0.052606 0.040419 0.050694 0.039257
5 36 54.137932 0.050754 0.039155 0.050263 0.039011
5 37 54.252872 0.050440 0.039226 0.050081 0.039085
5 38 54.367817 0.051683 0.039119 0.052907 0.039897
5 39 54.482758 0.052453 0.039645 0.051389 0.039013
5 40 54.597702 0.051282 0.039825 0.050344 0.039385
5 41 54.712643 0.049441 0.038269 0.050399 0.039159
5 42 54.827587 0.050668 0.039378 0.050508 0.039281
5 43 54.942528 0.049286 0.038428 0.051299 0.039591
5 44 55.057472 0.051207 0.038820 0.051889 0.039577
5 45 55.172413 0.049659 0.038388 0.051223 0.039514
5 46 55.287357 0.050633 0.039357 0.050179 0.039231
5 47 55.402298 0.050418 0.039151 0.050870 0.039347
5 48 55.517242 0.049878 0.039140 0.050972 0.039818
5 49 55.632183 0.052976 0.040333 0.052206 0.039589
5 50 55.747128 0.050748 0.039157 0.050913 0.039448
5 51 55.862068 0.050166 0.039333 0.050176 0.039206
5 52 55.977013 0.051373 0.039528 0.050582 0.038891
5 53 56.091953 0.049888 0.038728 0.050172 0.039224
5 54 56.206898 0.050664 0.039389 0.050327 0.039035
5 55 56.321838 0.050147 0.039023 0.050187 0.039012
5 56 56.436783 0.051952 0.039948 0.051608 0.038979
5 57 56.551723 0.050563 0.039455 0.049183 0.038365
5 58 56.666668 0.050336 0.039214 0.050911 0.039613
5 59 56.781609 0.050843 0.039410 0.049532 0.038556
5 60 56.896553 0.050159 0.039036 0.050037 0.039025
5 61 57.011494 0.050574 0.038977 0.051579 0.039967
5 62 57.126438 0.051689 0.040021 0.050029 0.039130
5 63 57.241379 0.050845 0.039208 0.049958 0.038396
5 64 57.356323 0.050571 0.038944 0.050761 0.039486
5 65 57.471264 0.050844 0.039005 0.051802 0.039531
5 66 57.586208 0.050901 0.038689 0.049903 0.038172
5 67 57.701149 0.050342 0.038704 0.051215 0.038848
5 68 57.816093 0.050757 0.038934 0.050612 0.038903
5 69 57.931034 0.051874 0.039581 0.050648 0.038959
5 70 58.045979 0.050449 0.039286 0.049765 0.038577
5 71 58.160919 0.050613 0.039348 0.051845 0.040183
5 72 58.275864 0.049784 0.038560 0.051061 0.039730
5 73 58.390804 0.050440 0.038495 0.050460 0.038743
5 74 58.505749 0.049398 0.038447 0.049719 0.038729
5 75 58.620689 0.050518 0.039568 0.050671 0.039349
5 76 58.735634 0.049727 0.038524 0.050709 0.039209
5 77 58.850574 0.049683 0.039012 0.050940 0.039572
5 78 58.965519 0.050968 0.039380 0.050497 0.039517
5 79 59.080460 0.051128 0.039124 0.050656 0.039194
5 80 59.195404 0.049908 0.038887 0.050249 0.038710
5 81 59.310345 0.049646 0.038944 0.050284 0.039228
5 82 59.425289 0.049097 0.038265 0.050135 0.038940
5 83 59.540230 0.049754 0.038831 0.052249 0.040251
5 84 59.655174 0.049825 0.038799 0.050538 0.039127
5 85 59.770115 0.050195 0.039311 0.050030 0.039020
5 86 59.885059 0.051072 0.039709 0.051235 0.039461
6 0 60.000000 0.050611 0.038904 0.050101 0.038704
6 1 60.114941 0.051593 0.039611 0.051251 0.039252
6 2 60.229885 0.050831 0.039533 0.050732 0.039398
6 3 60.344826 0.050803 0.039765 0.050490 0.039348
6 4 60.459770 0.049155 0.037961 0.050079 0.038806
6 5 60.574711 0.051519 0.039480 0.050299 0.038652
6 6 60.689655 0.051494 0.039489 0.049892 0.038475
6 7 60.804596 0.052022 0.039923 0.051105 0.039281
6 8 60.919540 0.050710 0.039560 0.051745 0.039814
6 9 61.034481 0.049094 0.038349 0.050636 0.039314
6 10 61.149426 0.052203 0.039516 0.052645 0.040360
6 11 61.264366 0.050251 0.039018 0.050235 0.039139
6 12 61.379311 0.050135 0.039096 0.050350 0.039574
6 13 61.494251 0.050872 0.038995 0.051558 0.039423
6 14 61.609196 0.051183 0.039691 0.050031 0.039026
6 15 61.724136 0.050452 0.039194 0.050141 0.038949
6 16 61.839081 0.050240 0.039321 0.051588 0.040237
6 17 61.954021 0.049471 0.038638 0.050529 0.039431
6 18 62.068966 0.049976 0.038938 0.049842 0.039040
6 19 62.183907 0.050909 0.039351 0.049789 0.038753
6 20 62.298851 0.050117 0.039641 0.049951 0.039101
6 21 62.413792 0.049305 0.038158 0.050395 0.039438
6 22 62.528736 0.048966 0.038267 0.050322 0.038945
6 23 62.643677 0.049660 0.038593 0.049906 0.038778
6 24 62.758621 0.051311 0.039635 0.050567 0.038679
6 25 62.873562 0.050827 0.039359 0.050936 0.039430
6 26 62.988506 0.050954 0.038934 0.049284 0.037681
6 27 63.103447 0.050921 0.039626 0.051131 0.039889
6 28 63.218391 0.050552 0.039576 0.050709 0.039252
6 29 63.333332 0.050765 0.039364 0.050463 0.039144
6 30 63.448277 0.050718 0.039290 0.050903 0.039032
6 31 63.563217 0.050502 0.039064 0.049718 0.038692
6 32 63.678162 0.051493 0.039694 0.050864 0.039381
6 33 63.793102 0.049825 0.038545 0.051906 0.039967
6 34 63.908047 0.050876 0.039596 0.050519 0.038645
6 35 64.022987 0.048439 0.038198 0.051085 0.040011
6 36 64.137932 0.050039 0.039040 0.049926 0.038903
6 37 64.252876 0.050079 0.039324 0.051541 0.040448
6 38 64.367813 0.050184 0.039069 0.049989 0.038727
6 39 64.482758 0.052550 0.040416 0.051028 0.039489
6 40 64.597702 0.049785 0.038660 0.052172 0.040064
6 41 64.712646 0.049857 0.038666 0.050258 0.038854
6 42 64.827583 0.051674 0.040123 0.051760 0.039876
6 43 64.942528 0.050729 0.039214 0.049894 0.038651
6 44 65.057472 0.049078 0.038435 0.048407 0.038359
6 45 65.172417 0.050933 0.039059 0.050612 0.038927
6 46 65.287354 0.050733 0.038872 0.050755 0.039100
6 47 65.402298 0.051100 0.040134 0.049420 0.038704
6 48 65.517242 0.050007 0.038900 0.049900 0.038642
6 49 65.632187 0.051339 0.039599 0.051185 0.039352
6 50 65.747124 0.051136 0.039740 0.050932 0.039366
6 51 65.862068 0.050498 0.039206 0.050368 0.038741
6 52 65.977013 0.049194 0.038146 0.049400 0.038706
6 53 66.091957 0.050927 0.039550 0.050727 0.039229
6 54 66.206894 0.049676 0.038972 0.049905 0.039145
6 55 66.321838 0.049436 0.038696 0.050121 0.038789
6 56 66.436783 0.049538 0.038595 0.049815 0.039173
6 57 66.551727 0.049943 0.038586 0.050998 0.039738
6 58 66.666664 0.050747 0.039509 0.050191 0.038958
6 59 66.781609 0.050468 0.039280 0.049899 0.039125
6 60 66.896553 0.049807 0.038937 0.050788 0.039540
6 61 67.011497 0.049292 0.038443 0.049726 0.038974
6 62 67.126434 0.049388 0.038773 0.051524 0.040238
6 63 67.241379 0.048737 0.037835 0.049739 0.038716
6 64 67.356323 0.050328 0.039027 0.049101 0.038444
6 65 67.471268 0.050185 0.039127 0.049874 0.038784
6 66 67.586205 0.051313 0.039917 0.048967 0.038485
6 67 67.701149 0.051339 0.039359 0.051615 0.039171
6 68 67.816093 0.050307 0.039317 0.049389 0.038215
6 69 67.931038 0.049185 0.038590 0.050248 0.039125
6 70 68.045975 0.051170 0.039761 0.050418 0.039107
6 71 68.160919 0.050440 0.039278 0.050057 0.039055
6 72 68.275864 0.050349 0.039653 0.051528 0.039780
6 73 68.390808 0.050365 0.039072 0.050775 0.039469
6 74 68.505745 0.052214 0.039793 0.049955 0.038462
6 75 68.620689 0.050267 0.039220 0.049476 0.038610
6 76 68.735634 0.050957 0.039679 0.049934 0.038931
6 77 68.850578 0.051119 0.039853 0.050130 0.039335
6 78 68.965515 0.050256 0.038696 0.050673 0.039227
6 79 69.080460 0.049656 0.038735 0.049697 0.038689
6 80 69.195404 0.050526 0.039851 0.049885 0.038947
6 81 69.310349 0.052119 0.040646 0.051003 0.039868
6 82 69.425285 0.050288 0.039617 0.050431 0.039267
6 83 69.540230 0.049781 0.039045 0.050388 0.039458
6 84 69.655174 0.050352 0.038756 0.050866 0.039215
6 85 69.770119 0.050175 0.039003 0.050923 0.039635
6 86 69.885056 0.050608 0.039268 0.049792 0.038937
7 0 70.000000 0.051149 0.039633 0.050069 0.038673
7 1 70.114944 0.049627 0.038336 0.049696 0.038292
7 2 70.229881 0.050306 0.039574 0.050163 0.039456
7 3 70.344826 0.050516 0.038926 0.049963 0.038903
7 4 70.459770 0.051692 0.039485 0.050824 0.038985
7 5 70.574715 0.049630 0.038708 0.051829 0.039917
7 6 70.689651 0.051929 0.040406 0.051171 0.039476
7 7 70.804596 0.050849 0.039214 0.050079 0.038510
7 8 70.919540 0.051140 0.039485 0.050709 0.039449
7 9 71.034485 0.049611 0.038604 0.050163 0.039313
7 10 71.149422 0.051837 0.039734 0.051332 0.039158
7 11 71.264366 0.050570 0.039443 0.050239 0.039400
7 12 71.379311 0.050355 0.038803 0.050322 0.038415
7 13 71.494255 0.050914 0.038942 0.051256 0.039621
7 14 71.609192 0.050370 0.039167 0.049503 0.038696
7 15 71.724136 0.049973 0.039577 0.049684 0.039313
7 16 71.839081 0.050432 0.038992 0.049879 0.039104
7 17 71.954025 0.049619 0.038730 0.050232 0.039251
7 18 72.068962 0.049932 0.038576 0.050730 0.039301
7 19 72.183907 0.048956 0.038309 0.051820 0.039877
7 20 72.298851 0.049914 0.038906 0.050659 0.039615
7 21 72.413795 0.049342 0.038510 0.050853 0.039606
7 22 72.528732 0.049712 0.038826 0.049932 0.038530
7 23 72.643677 0.050083 0.038969 0.051751 0.040035
7 24 72.758621 0.049857 0.038202 0.049899 0.038557
7 25 72.873566 0.052022 0.039807 0.052912 0.040601
7 26 72.988503 0.051764 0.039931 0.049718 0.038319
7 27 73.103447 0.051027 0.040041 0.048746 0.038296
7 28 73.218391 0.052283 0.040563 0.051027 0.039421
7 29 73.333336 0.051423 0.039346 0.050644 0.038986
7 30 73.448273 0.050884 0.039493 0.050288 0.039210
7 31 73.563217 0.050623 0.039757 0.049520 0.038971
7 32 73.678162 0.050794 0.039800 0.049842 0.039074
7 33 73.793106 0.050943 0.039263 0.048328 0.037542
7 34 73.908043 0.051717 0.039457 0.052195 0.039770
7 35 74.022987 0.050080 0.039142 0.049206 0.038461
7 36 74.137932 0.050735 0.039463 0.050820 0.039753
7 37 74.252876 0.049563 0.038857 0.049015 0.038784
7 38 74.367813 0.049784 0.038957 0.048907 0.037986
7 39 74.482758 0.049962 0.038588 0.050449 0.038796
7 40 74.597702 0.048785 0.038343 0.050505 0.039287
7 41 74.712646 0.051845 0.040009 0.050929 0.039273
7 42 74.827583 0.050328 0.039279 0.050893 0.039920
7 43 74.942528 0.049374 0.038639 0.050124 0.039568
7 44 75.057472 0.050124 0.039328 0.049117 0.038576
7 45 75.172417 0.050282 0.038840 0.051385 0.039571
7 46 75.287354 0.050841 0.039806 0.049163 0.038749
7 47 75.402298 0.049425 0.038595 0.050166 0.039250
7 48 75.517242 0.050939 0.039626 0.051072 0.039907
7 49 75.632187 0.050690 0.039465 0.050650 0.039453
7 50 75.747124 0.051010 0.039386 0.049881 0.038765
7 51 75.862068 0.050057 0.039032 0.049801 0.039115
7 52 75.977013 0.050046 0.039006 0.050210 0.039083
7 53 76.091957 0.049633 0.038367 0.049439 0.038708
7 54 76.206894 0.050541 0.039683 0.049555 0.038809
7 55 76.321838 0.050122 0.039635 0.050118 0.039243
7 56 76.436783 0.049185 0.038251 0.048921 0.038854
7 57 76.551727 0.049836 0.038937 0.050443 0.039470
7 58 76.666664 0.049418 0.038848 0.049635 0.038844
7 59 76.781609 0.048981 0.038334 0.050260 0.039003
7 60 76.896553 0.051216 0.039802 0.050220 0.038626
7 61 77.011497 0.050958 0.039267 0.050293 0.039256
7 62 77.126434 0.051220 0.039430 0.050256 0.039218
7 63 77.241379 0.052348 0.039804 0.051169 0.039069
7 64 77.356323 0.049987 0.039029 0.049537 0.038713
7 65 77.471268 0.050110 0.038771 0.049157 0.038384
7 66 77.586205 0.049607 0.038461 0.050049 0.038787
7 67 77.701149 0.050816 0.039289 0.049679 0.038976
7 68 77.816093 0.049632 0.038888 0.051317 0.039807
7 69 77.931038 0.049814 0.038776 0.050984 0.039704
7 70 78.045975 0.051036 0.039517 0.050904 0.039666
7 71 78.160919 0.049576 0.038375 0.049007 0.038620
7 72 78.275864 0.050114 0.039172 0.050677 0.039307
7 73 78.390808 0.050750 0.039555 0.049532 0.038701
7 74 78.505745 0.050659 0.039193 0.049898 0.038603
7 75 78.620689 0.050787 0.039172 0.050150 0.039522
7 76 78.735634 0.049640 0.038602 0.050352 0.039039
7 77 78.850578 0.050502 0.039231 0.051666 0.040379
7 78 78.965515 0.050286 0.039095 0.049088 0.038616
7 79 79.080460 0.049053 0.038399 0.049974 0.038922
7 80 79.195404 0.049554 0.038951 0.048467 0.038079
7 81 79.310349 0.049212 0.038739 0.049102 0.038672
7 82 79.425285 0.051873 0.039309 0.052036 0.039419
7 83 79.540230 0.051397 0.039858 0.049385 0.038976
7 84 79.655174 0.052305 0.040309 0.051434 0.039727
7 85 79.770119 0.050712 0.039232 0.049304 0.038599
7 86 79.885056 0.049967 0.039146 0.050735 0.039477
8 0 80.000000 0.050517 0.039577 0.049814 0.038964
8 1 80.114944 0.051713 0.040206 0.049887 0.039024
8 2 80.229881 0.050361 0.039267 0.050372 0.039133
8 3 80.344826 0.051180 0.039440 0.050808 0.039365
8 4 80.459770 0.049679 0.038806 0.049336 0.038544
8 5 80.574715 0.050206 0.039110 0.049532 0.038893
8 6 80.689651 0.049664 0.038648 0.049669 0.039191
8 7 80.804596 0.051101 0.039640 0.050353 0.038724
8 8 80.919540 0.048781 0.038102 0.049618 0.038836
8 9 81.034485 0.049553 0.038513 0.050744 0.039355
8 10 81.149422 0.051020 0.039702 0.049271 0.038342
8 11 81.264366 0.050345 0.039269 0.051341 0.040070
8 12 81.379311 0.050170 0.039077 0.050667 0.039411
8 13 81.494255 0.049687 0.038953 0.050102 0.038847
8 14 81.609192 0.049379 0.038723 0.049511 0.038723
8 15 81.724136 0.050184 0.039238 0.050292 0.039231
8 16 81.839081 0.048802 0.038422 0.050884 0.039979
8 17 81.954025 0.050940 0.039446 0.052773 0.040487
8 18 82.068962 0.050537 0.038878 0.050714 0.039349
8 19 82.183907 0.049180 0.038271 0.050541 0.039098
8 20 82.298851 0.049918 0.039003 0.049525 0.038954
8 21 82.413795 0.049459 0.038805 0.050316 0.039068
8 22 82.528732 0.049392 0.038810 0.049635 0.038735
8 23 82.643677 0.050758 0.039918 0.050202 0.039215
8 24 82.758621 0.051425 0.038784 0.052216 0.039673
8 25 82.873566 0.050720 0.039620 0.050293 0.039180
8 26 82.988503 0.050545 0.039180 0.050255 0.038982
8 27 83.103447 0.050505 0.039464 0.050248 0.039070
8 28 83.218391 0.049729 0.039101 0.050221 0.039309
8 29 83.333336 0.049552 0.038961 0.050514 0.039473
8 30 83.448273 0.049887 0.039112 0.048998 0.038434
8 31 83.563217 0.049951 0.039124 0.051362 0.040098
8 32 83.678162 0.050207 0.039120 0.050006 0.039233
8 33 83.793106 0.050411 0.038912 0.049435 0.038366
8 34 83.908043 0.049206 0.038739 0.050687 0.039842
8 35 84.022987 0.050329 0.039020 0.050252 0.039293
8 36 84.137932 0.049818 0.038971 0.049437 0.038445
8 37 84.252876 0.050511 0.039207 0.050318 0.039014
8 38 84.367813 0.049435 0.038730 0.050476 0.039451
8 39 84.482758 0.049863 0.039110 0.049516 0.038876
8 40 84.597702 0.050109 0.039143 0.050311 0.039238
8 41 84.712646 0.049753 0.038991 0.049488 0.038516
8 42 84.827583 0.049292 0.038620 0.048920 0.038084
8 43 84.942528 0.049705 0.039247 0.050268 0.039670
8 44 85.057472 0.050037 0.039022 0.050948 0.039574
8 45 85.172417 0.049171 0.038852 0.049830 0.039229
8 46 85.287354 0.050791 0.039092 0.050236 0.038999
8 47 85.402298 0.049635 0.038896 0.050519 0.039460
8 48 85.517242 0.050082 0.039454 0.049791 0.038703
8 49 85.632187 0.051395 0.040117 0.049422 0.038342
8 50 85.747124 0.050559 0.039914 0.049626 0.039021
8 51 85.862068 0.050374 0.038714 0.050949 0.039309
8 52 85.977013 0.050018 0.039077 0.050313 0.039256
8 53 86.091957 0.049664 0.039012 0.050606 0.039595
8 54 86.206894 0.049206 0.038799 0.050144 0.039120
8 55 86.321838 0.049710 0.038909 0.049506 0.038971
8 56 86.436783 0.049087 0.038721 0.049203 0.038679
8 57 86.551727 0.049994 0.038985 0.049392 0.038861
8 58 86.666664 0.051133 0.039701 0.049884 0.039052
8 59 86.781609 0.050300 0.039483 0.050555 0.039376
8 60 86.896553 0.049665 0.038807 0.048239 0.037927
8 61 87.011497 0.050929 0.039820 0.051492 0.040116
8 62 87.126434 0.051172 0.039636 0.051434 0.039687
8 63 87.241379 0.050096 0.038781 0.051399 0.039913
8 64 87.356323 0.049054 0.038883 0.050918 0.039842
8 65 87.471268 0.049319 0.038701 0.051231 0.040074
8 66 87.586205 0.049557 0.038188 0.049825 0.039045
8 67 87.701149 0.049686 0.039045 0.049473 0.039126
8 68 87.816093 0.048889 0.038146 0.049887 0.039110
8 69 87.931038 0.049467 0.038642 0.049425 0.039226
8 70 88.045975 0.050042 0.038661 0.050736 0.039214
8 71 88.160919 0.049884 0.039104 0.049529 0.038991
8 72 88.275864 0.050423 0.039204 0.050360 0.039094
8 73 88.390808 0.049780 0.038863 0.050400 0.039613
8 74 88.505745 0.051302 0.039545 0.050450 0.038867
8 75 88.620689 0.050823 0.039066 0.049254 0.038562
8 76 88.735634 0.050139 0.038974 0.050127 0.039352
8 77 88.850578 0.050669 0.038659 0.051645 0.039590
8 78 88.965515 0.050844 0.039399 0.050626 0.039391
8 79 89.080460 0.049815 0.039289 0.049171 0.038772
8 80 89.195404 0.050010 0.039356 0.049303 0.038599
8 81 89.310349 0.050824 0.039547 0.050796 0.039449
8 82 89.425285 0.049666 0.039129 0.049706 0.038823
8 83 89.540230 0.049167 0.038903 0.047780 0.037996
8 84 89.655174 0.050052 0.039080 0.050860 0.040041
8 85 89.770119 0.049492 0.039044 0.050091 0.039268
8 86 89.885056 0.050700 0.038865 0.050838 0.039417
9 0 90.000000 0.049600 0.038937 0.050101 0.039200
9 1 90.114944 0.050439 0.039526 0.049912 0.038999
9 2 90.229881 0.050063 0.039181 0.049387 0.038811
9 3 90.344826 0.050303 0.039536 0.048477 0.038336
9 4 90.459770 0.050050 0.039350 0.050461 0.039877
9 5 90.574715 0.050475 0.039325 0.050366 0.039124
9 6 90.689651 0.051735 0.039757 0.051128 0.039324
9 7 90.804596 0.049487 0.038772 0.050196 0.039256
9 8 90.919540 0.049880 0.039181 0.050258 0.039458
9 9 91.034485 0.049107 0.038686 0.050047 0.039387
9 10 91.149422 0.050022 0.039373 0.049142 0.038516
9 11 91.264366 0.049250 0.038562 0.050502 0.039848
9 12 91.379311 0.050029 0.038830 0.050798 0.039759
9 13 91.494255 0.051263 0.039696 0.049444 0.038689
9 14 91.609192 0.051003 0.039742 0.050665 0.039236
9 15 91.724136 0.050203 0.038838 0.050498 0.038912
9 16 91.839081 0.050175 0.038985 0.050619 0.039596
9 17 91.954025 0.050309 0.039237 0.048739 0.038500
9 18 92.068962 0.050059 0.039227 0.050705 0.039481
9 19 92.183907 0.050802 0.038933 0.049695 0.038445
9 20 92.298851 0.050045 0.038902 0.049577 0.038555
9 21 92.413795 0.050234 0.039512 0.049732 0.038831
9 22 92.528732 0.049110 0.038419 0.051370 0.039992
9 23 92.643677 0.050768 0.039427 0.048937 0.038276
9 24 92.758621 0.049384 0.038528 0.049349 0.038294
9 25 92.873566 0.049876 0.039172 0.050081 0.039199
9 26 92.988503 0.051202 0.039804 0.049745 0.038607
9 27 93.103447 0.049733 0.039119 0.049489 0.038825
9 28 93.218391 0.050218 0.038932 0.050874 0.039087
9 29 93.333336 0.050641 0.039403 0.048837 0.038462
9 30 93.448273 0.050323 0.038621 0.050958 0.039584
9 31 93.563217 0.050695 0.039560 0.049611 0.038698
9 32 93.678162 0.049870 0.039436 0.050467 0.039719
9 33 93.793106 0.050914 0.039650 0.049791 0.038707
9 34 93.908043 0.050839 0.040031 0.050055 0.039208
9 35 94.022987 0.050012 0.039028 0.049405 0.038756
9 36 94.137932 0.052973 0.040255 0.052270 0.039290
9 37 94.252876 0.049665 0.039054 0.048532 0.038205
9 38 94.367813 0.050346 0.039368 0.050361 0.038948
9 39 94.482758 0.049505 0.038747 0.049496 0.038415
9 40 94.597702 0.049835 0.039509 0.050440 0.039339
9 41 94.712646 0.048932 0.038775 0.049440 0.038533
9 42 94.827583 0.051596 0.039665 0.050726 0.038828
9 43 94.942528 0.050650 0.039592 0.050168 0.039346
9 44 95.057472 0.050999 0.040058 0.049424 0.038888
9 45 95.172417 0.048127 0.037919 0.049185 0.038630
9 46 95.287354 0.050324 0.039261 0.049894 0.038740
9 47 95.402298 0.049665 0.038738 0.049968 0.038769
9 48 95.517242 0.049219 0.038664 0.050873 0.039756
9 49 95.632187 0.050346 0.038890 0.051532 0.039832
9 50 95.747124 0.050179 0.039232 0.048636 0.038505
9 51 95.862068 0.050107 0.039415 0.049937 0.038558
9 52 95.977013 0.050049 0.039267 0.049621 0.038852
9 53 96.091957 0.049285 0.038694 0.050097 0.039043
9 54 96.206894 0.050432 0.038471 0.050805 0.038771
9 55 96.321838 0.049598 0.038653 0.049858 0.039058
9 56 96.436783 0.049330 0.038787 0.049633 0.039004
9 57 96.551727 0.047921 0.038139 0.049575 0.038996
9 58 96.666664 0.049694 0.038713 0.049806 0.038995
9 59 96.781609 0.049504 0.038647 0.050546 0.039462
9 60 96.896553 0.049980 0.039157 0.050516 0.039178
9 61 97.011497 0.049465 0.038556 0.049567 0.038564
9 62 97.126434 0.050074 0.038786 0.050167 0.039214
9 63 97.241379 0.050115 0.039378 0.050233 0.039273
9 64 97.356323 0.050301 0.039003 0.050332 0.039262
9 65 97.471268 0.050540 0.038716 0.051170 0.039597
9 66 97.586205 0.050877 0.039580 0.050045 0.038602
9 67 97.701149 0.050540 0.039333 0.051018 0.039573
9 68 97.816093 0.050950 0.039332 0.049375 0.038717
9 69 97.931038 0.049954 0.038791 0.050836 0.039558
9 70 98.045975 0.050198 0.038951 0.051612 0.039644
9 71 98.160919 0.050045 0.038813 0.051013 0.039738
9 72 98.275864 0.049718 0.039291 0.050888 0.040025
9 73 98.390808 0.051648 0.039591 0.050886 0.038918
9 74 98.505745 0.049325 0.038768 0.050173 0.039371
9 75 98.620689 0.050548 0.039292 0.051154 0.039725
9 76 98.735634 0.049884 0.038784 0.048526 0.037712
9 77 98.850578 0.050100 0.038802 0.050546 0.038755
9 78 98.965515 0.050423 0.039331 0.049808 0.039013
9 79 99.080460 0.050326 0.038945 0.049179 0.038301
9 80 99.195404 0.050130 0.039075 0.050603 0.039349
9 81 99.310349 0.048778 0.038651 0.049553 0.038971
9 82 99.425285 0.050296 0.038976 0.050233 0.039308
9 83 99.540230 0.051593 0.039738 0.050171 0.039186
9 84 99.655174 0.050773 0.039731 0.049103 0.038528
9 85 99.770119 0.051482 0.039653 0.051342 0.039533
9 86 99.885056 0.050831 0.039746 0.049217 0.038266
