0 0 0.000000 0.971213 0.126697 0.971170 0.125253
0 1 0.114943 0.971403 0.126067 0.970955 0.126341
0 2 0.229885 0.967482 0.123103 0.968817 0.126431
0 3 0.344828 0.973278 0.126901 0.972876 0.126083
0 4 0.459770 0.972503 0.124795 0.974279 0.126169
0 5 0.574713 0.971113 0.126660 0.971423 0.126700
0 6 0.689655 0.972903 0.126612 0.973372 0.125938
0 7 0.804598 0.970439 0.124950 0.969093 0.126202
0 8 0.919540 0.973383 0.128825 0.972138 0.126928
0 9 1.034483 0.972247 0.125762 0.970053 0.127107
0 10 1.149425 0.970149 0.126793 0.970462 0.127955
0 11 1.264368 0.972319 0.127218 0.974439 0.127955
0 12 1.379310 0.971108 0.126369 0.968814 0.126854
0 13 1.494253 0.971913 0.126544 0.970438 0.125144
0 14 1.609195 0.969289 0.126373 0.972018 0.128592
0 15 1.724138 0.971109 0.126577 0.973565 0.126171
0 16 1.839080 0.971777 0.127000 0.970557 0.126768
0 17 1.954023 0.968080 0.125840 0.970870 0.125512
0 18 2.068965 0.969485 0.128262 0.970744 0.126984
0 19 2.183908 0.972634 0.128322 0.974681 0.128067
0 20 2.298851 0.973383 0.126917 0.970931 0.127126
0 21 2.413793 0.972660 0.127717 0.970351 0.126251
0 22 2.528736 0.970298 0.125837 0.971770 0.124595
0 23 2.643678 0.972339 0.127973 0.970853 0.125792
0 24 2.758621 0.972528 0.126163 0.972018 0.125860
0 25 2.873563 0.973215 0.127218 0.970383 0.124491
0 26 2.988506 0.969698 0.124465 0.970204 0.126778
0 27 3.103448 0.972740 0.126828 0.973418 0.127220
0 28 3.218391 0.972852 0.126439 0.973322 0.128224
0 29 3.333333 0.970078 0.127102 0.973330 0.125677
0 30 3.448276 0.973440 0.127301 0.970955 0.124634
0 31 3.563218 0.969962 0.124353 0.972273 0.125917
0 32 3.678161 0.970648 0.125702 0.970789 0.125339
0 33 3.793103 0.972161 0.126654 0.970955 0.125581
0 34 3.908046 0.970153 0.125197 0.971843 0.126705
0 35 4.022988 0.970727 0.127408 0.968689 0.125793
0 36 4.137931 0.972611 0.126205 0.971771 0.126485
0 37 4.252873 0.968516 0.125945 0.970751 0.126170
0 38 4.367816 0.971245 0.125642 0.973521 0.125784
0 39 4.482759 0.970444 0.126381 0.968327 0.124467
0 40 4.597701 0.968899 0.126834 0.972381 0.124887
0 41 4.712644 0.972871 0.126634 0.968224 0.127307
0 42 4.827586 0.968784 0.126370 0.968362 0.126840
0 43 4.942529 0.972924 0.127104 0.971086 0.127834
0 44 5.057471 0.973209 0.128095 0.973362 0.124741
0 45 5.172414 0.974432 0.128068 0.975373 0.127286
0 46 5.287356 0.971022 0.125891 0.971637 0.127292
0 47 5.402299 0.974701 0.126580 0.972936 0.125699
0 48 5.517241 0.974820 0.126806 0.972066 0.127328
0 49 5.632184 0.974348 0.127055 0.973976 0.127803
0 50 5.747127 0.971645 0.126913 0.971297 0.126332
0 51 5.862069 0.972423 0.125728 0.971244 0.127654
0 52 5.977012 0.970470 0.125748 0.972506 0.126163
0 53 6.091954 0.971135 0.127070 0.973750 0.128224
0 54 6.206897 0.970300 0.126375 0.972564 0.126547
0 55 6.321839 0.972867 0.127288 0.973502 0.127463
0 56 6.436781 0.973160 0.124911 0.969331 0.125559
0 57 6.551724 0.971236 0.125801 0.970583 0.126104
0 58 6.666667 0.972889 0.128368 0.971808 0.126323
0 59 6.781609 0.974520 0.127809 0.971577 0.125645
0 60 6.896552 0.970591 0.126404 0.970071 0.126302
0 61 7.011494 0.970047 0.126630 0.970675 0.126751
0 62 7.126437 0.972174 0.127518 0.977034 0.127385
0 63 7.241379 0.972109 0.127883 0.971142 0.125356
0 64 7.356322 0.971470 0.125921 0.969177 0.123414
0 65 7.471264 0.973412 0.127247 0.974364 0.126925
0 66 7.586207 0.972493 0.125776 0.970966 0.126334
0 67 7.701149 0.970139 0.126569 0.972753 0.127466
0 68 7.816092 0.972625 0.124787 0.971940 0.126876
0 69 7.931035 0.970250 0.126746 0.971331 0.127262
0 70 8.045977 0.971880 0.125631 0.971965 0.127621
0 71 8.160919 0.969755 0.127229 0.969734 0.126400
0 72 8.275862 0.971878 0.128054 0.972043 0.127451
0 73 8.390804 0.969973 0.126462 0.972057 0.126595
0 74 8.505747 0.973897 0.126150 0.973556 0.126560
0 75 8.620689 0.970505 0.125699 0.970661 0.126303
0 76 8.735632 0.970665 0.125006 0.973378 0.126065
0 77 8.850574 0.968181 0.123069 0.969491 0.124471
0 78 8.965517 0.971084 0.127528 0.971999 0.127832
0 79 9.080460 0.969642 0.126932 0.972192 0.127219
0 80 9.195402 0.971390 0.126961 0.971744 0.127173
0 81 9.310345 0.970547 0.125712 0.971684 0.126299
0 82 9.425287 0.974916 0.128143 0.973429 0.126270
0 83 9.540230 0.969941 0.126075 0.970947 0.126165
0 84 9.655172 0.969348 0.126594 0.972261 0.127398
0 85 9.770115 0.974183 0.127410 0.973987 0.127037
0 86 9.885057 0.972549 0.125683 0.972383 0.126006
1 0 10.000000 0.969908 0.125789 0.971469 0.126830
1 1 10.114943 0.970451 0.125829 0.971963 0.128472
1 2 10.229885 0.974294 0.127440 0.971515 0.125645
1 3 10.344828 0.970782 0.126320 0.969582 0.126363
1 4 10.459770 0.973843 0.127382 0.972761 0.125477
1 5 10.574713 0.972940 0.125636 0.972356 0.126197
1 6 10.689655 0.971485 0.126542 0.970944 0.126448
1 7 10.804598 0.970723 0.127677 0.967273 0.122820
1 8 10.919540 0.971226 0.125578 0.971329 0.126083
1 9 11.034483 0.971323 0.126017 0.970810 0.126000
1 10 11.149426 0.971844 0.126982 0.974188 0.127314
1 11 11.264368 0.972104 0.125124 0.970780 0.126888
1 12 11.379311 0.971804 0.125797 0.970962 0.128162
1 13 11.494253 0.973726 0.126605 0.972830 0.126746
1 14 11.609196 0.971259 0.126625 0.971627 0.126005
1 15 11.724138 0.970549 0.125543 0.972088 0.126800
1 16 11.839081 0.972488 0.126624 0.972211 0.126892
1 17 11.954023 0.973405 0.128021 0.971456 0.126729
1 18 12.068966 0.970794 0.127015 0.971483 0.126528
1 19 12.183908 0.970223 0.126878 0.972667 0.125749
1 20 12.298851 0.971464 0.124946 0.973614 0.127013
1 21 12.413794 0.969432 0.125297 0.971684 0.127426
1 22 12.528735 0.970955 0.127958 0.971262 0.126287
1 23 12.643678 0.973305 0.126563 0.971980 0.126820
1 24 12.758620 0.972348 0.126416 0.972862 0.128036
1 25 12.873563 0.969083 0.126216 0.968350 0.124374
1 26 12.988505 0.968331 0.126552 0.973485 0.128087
1 27 13.103448 0.973090 0.126745 0.976055 0.127558
1 28 13.218390 0.969761 0.124116 0.972747 0.124960
1 29 13.333333 0.972737 0.127541 0.967688 0.125627
1 30 13.448276 0.973467 0.127258 0.973096 0.125200
1 31 13.563218 0.973979 0.125278 0.971812 0.126898
1 32 13.678161 0.972480 0.126179 0.973332 0.127845
1 33 13.793103 0.972285 0.127469 0.970579 0.126908
1 34 13.908046 0.971023 0.125993 0.969908 0.127771
1 35 14.022988 0.971731 0.126243 0.970616 0.124827
1 36 14.137931 0.973418 0.128311 0.969352 0.126534
1 37 14.252873 0.972322 0.125334 0.974217 0.126720
1 38 14.367816 0.970331 0.127678 0.973660 0.125994
1 39 14.482759 0.970289 0.126792 0.972567 0.128148
1 40 14.597701 0.970617 0.126109 0.972591 0.126780
1 41 14.712644 0.972357 0.127255 0.971984 0.124842
1 42 14.827586 0.971603 0.126142 0.970702 0.125382
1 43 14.942529 0.972183 0.127671 0.973311 0.127377
1 44 15.057471 0.971910 0.127056 0.971165 0.125931
1 45 15.172414 0.973367 0.125119 0.970814 0.125351
1 46 15.287356 0.972136 0.127948 0.971733 0.127578
1 47 15.402299 0.972120 0.127195 0.973841 0.124881
1 48 15.517241 0.972947 0.126984 0.971255 0.124353
1 49 15.632184 0.972864 0.127028 0.970445 0.125975
1 50 15.747127 0.970675 0.126690 0.970095 0.124512
1 51 15.862069 0.973268 0.127234 0.972249 0.128202
1 52 15.977012 0.972234 0.126403 0.971124 0.127932
1 53 16.091953 0.971751 0.126590 0.970849 0.126004
1 54 16.206896 0.972120 0.124808 0.970844 0.125463
1 55 16.321838 0.972506 0.127029 0.972612 0.125384
1 56 16.436781 0.972651 0.127438 0.972790 0.127910
1 57 16.551723 0.973312 0.126987 0.973334 0.126561
1 58 16.666666 0.969873 0.125711 0.974241 0.126083
1 59 16.781609 0.972262 0.125701 0.972173 0.126868
1 60 16.896551 0.973608 0.128419 0.970248 0.125905
1 61 17.011494 0.970852 0.128519 0.971590 0.126123
1 62 17.126436 0.975449 0.129376 0.970774 0.126491
1 63 17.241379 0.973915 0.128248 0.972206 0.125191
1 64 17.356321 0.972028 0.127267 0.969237 0.126695
1 65 17.471264 0.972076 0.126223 0.974541 0.127012
1 66 17.586206 0.975058 0.126055 0.972428 0.125495
1 67 17.701149 0.971076 0.125783 0.971394 0.126948
1 68 17.816092 0.971134 0.126144 0.971876 0.126319
1 69 17.931034 0.973735 0.125550 0.973886 0.126963
1 70 18.045977 0.970232 0.125613 0.973463 0.127333
1 71 18.160919 0.971580 0.126363 0.972791 0.127476
1 72 18.275862 0.970793 0.126136 0.970578 0.125784
1 73 18.390804 0.972784 0.124519 0.971012 0.126563
1 74 18.505747 0.972974 0.126521 0.972965 0.126778
1 75 18.620689 0.968872 0.124395 0.970460 0.127008
1 76 18.735632 0.970580 0.125938 0.972030 0.125143
1 77 18.850574 0.972337 0.126944 0.969677 0.126658
1 78 18.965517 0.967671 0.126373 0.970770 0.126698
1 79 19.080460 0.971263 0.124535 0.971989 0.126932
1 80 19.195402 0.971818 0.127220 0.972586 0.125475
1 81 19.310345 0.970538 0.128086 0.971714 0.126041
1 82 19.425287 0.971373 0.127498 0.971685 0.126742
1 83 19.540230 0.971297 0.128281 0.971800 0.127116
1 84 19.655172 0.968725 0.127461 0.969863 0.125507
1 85 19.770115 0.970874 0.125891 0.972406 0.126450
1 86 19.885057 0.972418 0.125702 0.970886 0.126331
2 0 20.000000 0.973507 0.128228 0.971846 0.127514
2 1 20.114943 0.970329 0.125562 0.972834 0.126916
2 2 20.229885 0.973234 0.126904 0.973911 0.125232
2 3 20.344828 0.973156 0.125514 0.971716 0.127317
2 4 20.459770 0.970933 0.126120 0.972837 0.125542
2 5 20.574713 0.970715 0.126326 0.972876 0.125645
2 6 20.689655 0.971762 0.125177 0.975193 0.127533
2 7 20.804598 0.970687 0.126811 0.971098 0.126652
2 8 20.919540 0.971506 0.127982 0.970847 0.126934
2 9 21.034483 0.974100 0.126417 0.973198 0.126856
2 10 21.149426 0.972155 0.124699 0.971345 0.126973
2 11 21.264368 0.971782 0.126257 0.972029 0.125861
2 12 21.379311 0.970633 0.124692 0.972919 0.128793
2 13 21.494253 0.972206 0.125109 0.971119 0.126621
2 14 21.609196 0.971671 0.127408 0.972878 0.127187
2 15 21.724138 0.971348 0.126530 0.971132 0.124931
2 16 21.839081 0.972261 0.127950 0.970372 0.125600
2 17 21.954023 0.971808 0.125393 0.971750 0.124824
2 18 22.068966 0.971583 0.127666 0.973277 0.126797
2 19 22.183908 0.971773 0.125889 0.972595 0.127927
2 20 22.298851 0.969296 0.125910 0.971806 0.127696
2 21 22.413794 0.972228 0.125445 0.970507 0.125800
2 22 22.528736 0.970481 0.126362 0.969390 0.125982
2 23 22.643679 0.972444 0.124878 0.972240 0.125362
2 24 22.758621 0.970974 0.125495 0.973770 0.125777
2 25 22.873564 0.971459 0.124859 0.971186 0.126700
2 26 22.988506 0.970511 0.126716 0.971826 0.125833
2 27 23.103449 0.971942 0.126182 0.972933 0.127837
2 28 23.218391 0.971663 0.125546 0.971914 0.126351
2 29 23.333334 0.972546 0.126956 0.972620 0.126190
2 30 23.448277 0.970788 0.127067 0.971298 0.126762
2 31 23.563219 0.970991 0.125311 0.971545 0.128023
2 32 23.678162 0.970981 0.125904 0.972001 0.127755
2 33 23.793104 0.971437 0.127292 0.971418 0.126441
2 34 23.908047 0.970500 0.125403 0.972809 0.126061
2 35 24.022989 0.971663 0.124736 0.968280 0.127047
2 36 24.137932 0.970372 0.126515 0.972407 0.127004
2 37 24.252874 0.969763 0.124325 0.971426 0.126210
2 38 24.367817 0.970128 0.125793 0.974590 0.127212
2 39 24.482759 0.972653 0.126781 0.974345 0.126722
2 40 24.597702 0.970347 0.125685 0.973003 0.128172
2 41 24.712645 0.971410 0.125524 0.975893 0.129279
2 42 24.827587 0.970205 0.125128 0.973531 0.125514
2 43 24.942530 0.971736 0.125261 0.974579 0.127407
2 44 25.057470 0.971421 0.126322 0.970783 0.126582
2 45 25.172413 0.971983 0.126461 0.974173 0.126664
2 46 25.287355 0.970449 0.125315 0.973958 0.127845
2 47 25.402298 0.970392 0.125599 0.973600 0.126696
2 48 25.517241 0.973423 0.127792 0.972413 0.126151
2 49 25.632183 0.969985 0.126552 0.973527 0.127776
2 50 25.747126 0.971207 0.125563 0.972120 0.126296
2 51 25.862068 0.972836 0.126857 0.971992 0.127309
2 52 25.977011 0.971289 0.126425 0.971809 0.124715
2 53 26.091953 0.972833 0.125507 0.967807 0.126110
2 54 26.206896 0.970533 0.125540 0.970234 0.125964
2 55 26.321838 0.975661 0.127596 0.971889 0.126292
2 56 26.436781 0.968779 0.124491 0.974677 0.126653
2 57 26.551723 0.971890 0.126784 0.970381 0.126021
2 58 26.666666 0.973050 0.127238 0.971392 0.125917
2 59 26.781609 0.973305 0.128169 0.972929 0.127754
2 60 26.896551 0.971455 0.124968 0.970234 0.126611
2 61 27.011494 0.970600 0.125077 0.969742 0.125880
2 62 27.126436 0.970218 0.126266 0.970342 0.126118
2 63 27.241379 0.974011 0.126749 0.974131 0.127718
2 64 27.356321 0.972879 0.126818 0.972477 0.127035
2 65 27.471264 0.970820 0.126373 0.973155 0.126133
2 66 27.586206 0.972400 0.126764 0.973127 0.127669
2 67 27.701149 0.971701 0.126138 0.971046 0.126578
2 68 27.816092 0.971351 0.124658 0.970379 0.126919
2 69 27.931034 0.968630 0.126188 0.971007 0.125859
2 70 28.045977 0.972176 0.126252 0.972396 0.125234
2 71 28.160919 0.972606 0.125533 0.971615 0.125742
2 72 28.275862 0.972946 0.126366 0.970526 0.126920
2 73 28.390804 0.972052 0.125410 0.973027 0.127828
2 74 28.505747 0.969256 0.125167 0.970947 0.125760
2 75 28.620689 0.969728 0.125628 0.971853 0.125926
2 76 28.735632 0.969824 0.125374 0.973089 0.127450
2 77 28.850574 0.969928 0.125590 0.971864 0.126257
2 78 28.965517 0.970853 0.124838 0.971732 0.125575
2 79 29.080460 0.973405 0.127863 0.971528 0.125262
2 80 29.195402 0.970521 0.125283 0.972420 0.126962
2 81 29.310345 0.970515 0.128032 0.970177 0.126216
2 82 29.425287 0.971816 0.126495 0.973417 0.126759
2 83 29.540230 0.972572 0.125361 0.973856 0.127610
2 84 29.655172 0.968775 0.124685 0.968720 0.125365
2 85 29.770115 0.971209 0.126888 0.973088 0.125906
2 86 29.885057 0.968952 0.126747 0.971626 0.126242
3 0 30.000000 0.970696 0.126286 0.972433 0.128340
3 1 30.114943 0.970773 0.125774 0.972168 0.126291
3 2 30.229885 0.970884 0.125596 0.970416 0.125265
3 3 30.344828 0.971973 0.125395 0.972443 0.127904
3 4 30.459770 0.971343 0.125252 0.970492 0.125849
3 5 30.574713 0.971065 0.125521 0.969848 0.126433
3 6 30.689655 0.968997 0.125931 0.972041 0.126088
3 7 30.804598 0.970242 0.126148 0.971683 0.125470
3 8 30.919540 0.973092 0.126078 0.968967 0.126364
3 9 31.034483 0.969254 0.126816 0.972016 0.127997
3 10 31.149426 0.971498 0.126218 0.968123 0.125761
3 11 31.264368 0.969416 0.125356 0.971747 0.126604
3 12 31.379311 0.972234 0.126320 0.971642 0.126472
3 13 31.494253 0.972378 0.126666 0.976710 0.128301
3 14 31.609196 0.968775 0.124317 0.971305 0.126756
3 15 31.724138 0.974909 0.127385 0.971182 0.125763
3 16 31.839081 0.972494 0.126860 0.973488 0.125794
3 17 31.954023 0.968278 0.125900 0.972278 0.126095
3 18 32.068966 0.971655 0.126025 0.970216 0.125563
3 19 32.183907 0.971789 0.125995 0.971914 0.126494
3 20 32.298851 0.970949 0.125294 0.974305 0.128210
3 21 32.413792 0.970346 0.126690 0.971174 0.124277
3 22 32.528736 0.972868 0.127085 0.972889 0.125226
3 23 32.643677 0.969424 0.124407 0.972344 0.126426
3 24 32.758621 0.968868 0.125788 0.972738 0.127173
3 25 32.873562 0.971123 0.125540 0.975384 0.126964
3 26 32.988506 0.971190 0.127625 0.973727 0.128684
3 27 33.103447 0.970100 0.124818 0.973291 0.126188
3 28 33.218391 0.972899 0.125007 0.967703 0.125267
3 29 33.333332 0.973831 0.127766 0.968879 0.125274
3 30 33.448277 0.970567 0.126361 0.971963 0.127398
3 31 33.563217 0.971414 0.127224 0.972633 0.128458
3 32 33.678162 0.972089 0.125118 0.972153 0.126777
3 33 33.793102 0.969486 0.124890 0.971784 0.126115
3 34 33.908047 0.971796 0.126784 0.971464 0.127677
3 35 34.022987 0.973510 0.128162 0.973998 0.127975
3 36 34.137932 0.972488 0.126109 0.972508 0.128056
3 37 34.252872 0.972159 0.125966 0.969932 0.126245
3 38 34.367817 0.972765 0.127332 0.969575 0.124357
3 39 34.482758 0.972083 0.126338 0.970384 0.124846
3 40 34.597702 0.970559 0.124941 0.969423 0.123929
3 41 34.712643 0.971111 0.125802 0.972110 0.125550
3 42 34.827587 0.972310 0.128867 0.974245 0.126506
3 43 34.942528 0.973006 0.126456 0.973030 0.126633
3 44 35.057472 0.972329 0.127836 0.970221 0.125722
3 45 35.172413 0.971154 0.126527 0.970219 0.124769
3 46 35.287357 0.973139 0.127312 0.970641 0.125852
3 47 35.402298 0.971752 0.126597 0.972529 0.126738
3 48 35.517242 0.969969 0.125950 0.970916 0.126991
3 49 35.632183 0.973106 0.126337 0.973028 0.127487
3 50 35.747128 0.972117 0.126570 0.972124 0.126565
3 51 35.862068 0.974073 0.125962 0.973764 0.126177
3 52 35.977013 0.972610 0.127303 0.972548 0.127109
3 53 36.091953 0.972637 0.127109 0.972592 0.126740
3 54 36.206898 0.971731 0.124522 0.970440 0.126323
3 55 36.321838 0.971784 0.125700 0.972966 0.126615
3 56 36.436783 0.970372 0.125153 0.971368 0.125485
3 57 36.551723 0.971363 0.125663 0.969340 0.125259
3 58 36.666668 0.969577 0.126132 0.971020 0.126366
3 59 36.781609 0.974874 0.126650 0.970905 0.127458
3 60 36.896553 0.972249 0.127136 0.970310 0.125687
3 61 37.011494 0.972675 0.125629 0.970671 0.125219
3 62 37.126438 0.972328 0.126657 0.971432 0.126229
3 63 37.241379 0.972180 0.126775 0.969628 0.124986
3 64 37.356323 0.970373 0.126080 0.973762 0.127215
3 65 37.471264 0.971102 0.126249 0.972507 0.126535
3 66 37.586208 0.971280 0.125664 0.973855 0.127937
3 67 37.701149 0.969046 0.126873 0.972626 0.127486
3 68 37.816093 0.971844 0.125270 0.971851 0.124606
3 69 37.931034 0.968667 0.124003 0.970629 0.126177
3 70 38.045979 0.972238 0.127645 0.971295 0.125992
3 71 38.160919 0.973575 0.126684 0.972519 0.126506
3 72 38.275864 0.971503 0.126769 0.973330 0.126442
3 73 38.390804 0.974548 0.127471 0.971263 0.126047
3 74 38.505749 0.968754 0.127970 0.971689 0.126062
3 75 38.620689 0.968917 0.126315 0.969049 0.126833
3 76 38.735634 0.974470 0.126819 0.972186 0.125691
3 77 38.850574 0.971263 0.126414 0.970083 0.126949
3 78 38.965519 0.973317 0.126254 0.973906 0.126553
3 79 39.080460 0.970442 0.123604 0.971051 0.125425
3 80 39.195404 0.973299 0.127287 0.969974 0.127260
3 81 39.310345 0.968787 0.127048 0.973829 0.125533
3 82 39.425289 0.975020 0.127399 0.972463 0.127294
3 83 39.540230 0.971219 0.126639 0.969841 0.125733
3 84 39.655174 0.970058 0.124275 0.971225 0.124823
3 85 39.770115 0.973207 0.127381 0.971831 0.127138
3 86 39.885059 0.972114 0.125907 0.974155 0.126819
4 0 40.000000 0.970379 0.127765 0.974410 0.128294
4 1 40.114941 0.972073 0.125843 0.971528 0.126256
4 2 40.229885 0.973244 0.126459 0.974080 0.127173
4 3 40.344826 0.969896 0.126082 0.973822 0.126213
4 4 40.459770 0.972591 0.125862 0.974096 0.127583
4 5 40.574711 0.970569 0.126524 0.973259 0.126917
4 6 40.689655 0.974242 0.126292 0.973998 0.128780
4 7 40.804596 0.971720 0.125894 0.973717 0.127244
4 8 40.919540 0.971598 0.126970 0.966548 0.127390
4 9 41.034481 0.970907 0.124744 0.970739 0.126632
4 10 41.149426 0.971874 0.126154 0.974905 0.126833
4 11 41.264366 0.970777 0.126675 0.971409 0.126507
4 12 41.379311 0.972039 0.126636 0.969906 0.126360
4 13 41.494251 0.972453 0.127766 0.972068 0.125165
4 14 41.609196 0.967824 0.124021 0.969879 0.127228
4 15 41.724136 0.971243 0.125077 0.972402 0.126775
4 16 41.839081 0.967439 0.123985 0.973301 0.127073
4 17 41.954021 0.970997 0.124404 0.970532 0.126755
4 18 42.068966 0.972509 0.126523 0.973128 0.127329
4 19 42.183907 0.971983 0.126596 0.970257 0.125997
4 20 42.298851 0.971657 0.125799 0.974699 0.127515
4 21 42.413792 0.971192 0.126225 0.971895 0.125396
4 22 42.528736 0.969485 0.124985 0.971077 0.126560
4 23 42.643677 0.967555 0.124494 0.970452 0.125460
4 24 42.758621 0.971784 0.125115 0.969006 0.125976
4 25 42.873562 0.971264 0.126879 0.971151 0.125650
4 26 42.988506 0.971166 0.125708 0.970143 0.127284
4 27 43.103447 0.971254 0.126859 0.971396 0.127256
4 28 43.218391 0.972704 0.126976 0.969178 0.125257
4 29 43.333332 0.975508 0.127365 0.973163 0.126511
4 30 43.448277 0.971375 0.127073 0.971127 0.127149
4 31 43.563217 0.972266 0.126224 0.969367 0.125447
4 32 43.678162 0.973510 0.126983 0.970533 0.125696
4 33 43.793102 0.970069 0.124940 0.971470 0.125640
4 34 43.908047 0.972193 0.126533 0.971085 0.127159
4 35 44.022987 0.971719 0.126518 0.972131 0.126383
4 36 44.137932 0.971068 0.128735 0.973670 0.126300
4 37 44.252872 0.973797 0.127508 0.972282 0.125733
4 38 44.367817 0.970896 0.126600 0.974538 0.124384
4 39 44.482758 0.974347 0.127279 0.975306 0.127192
4 40 44.597702 0.972182 0.125604 0.969527 0.125023
4 41 44.712643 0.973588 0.127690 0.974724 0.128034
4 42 44.827587 0.968110 0.124326 0.973154 0.126412
4 43 44.942528 0.972859 0.125588 0.971909 0.127006
4 44 45.057472 0.972277 0.125497 0.971422 0.128991
4 45 45.172413 0.969761 0.125886 0.972670 0.128113
4 46 45.287357 0.973676 0.128175 0.969651 0.128091
4 47 45.402298 0.969187 0.127131 0.971379 0.125655
4 48 45.517242 0.972153 0.126829 0.968892 0.124619
4 49 45.632183 0.971524 0.126437 0.974403 0.125481
4 50 45.747128 0.970243 0.124943 0.972827 0.126173
4 51 45.862068 0.970794 0.127397 0.973665 0.127227
4 52 45.977013 0.970210 0.125345 0.974528 0.129807
4 53 46.091953 0.973047 0.128728 0.970699 0.127128
4 54 46.206898 0.972826 0.127050 0.969798 0.125551
4 55 46.321838 0.973417 0.125937 0.972772 0.127198
4 56 46.436783 0.970938 0.126925 0.969923 0.126340
4 57 46.551723 0.972190 0.125211 0.971420 0.126811
4 58 46.666668 0.972867 0.127002 0.971622 0.126944
4 59 46.781609 0.973677 0.126414 0.974742 0.127126
4 60 46.896553 0.971243 0.125812 0.972529 0.126666
4 61 47.011494 0.971499 0.125967 0.973432 0.127006
4 62 47.126438 0.971811 0.127054 0.972678 0.127000
4 63 47.241379 0.969606 0.126046 0.973823 0.126514
4 64 47.356323 0.969692 0.124825 0.971007 0.126378
4 65 47.471264 0.970460 0.126280 0.970622 0.126548
4 66 47.586208 0.971644 0.126784 0.972195 0.126504
4 67 47.701149 0.972507 0.128103 0.972459 0.127014
4 68 47.816093 0.971886 0.126756 0.973960 0.126347
4 69 47.931034 0.972655 0.127390 0.970702 0.126868
4 70 48.045979 0.970580 0.126172 0.969831 0.124613
4 71 48.160919 0.970672 0.126683 0.969074 0.126967
4 72 48.275864 0.970373 0.126880 0.971755 0.126354
4 73 48.390804 0.969358 0.126111 0.970429 0.127436
4 74 48.505749 0.970745 0.125883 0.970794 0.126404
4 75 48.620689 0.970535 0.124380 0.973043 0.125831
4 76 48.735634 0.972128 0.127087 0.970338 0.124475
4 77 48.850574 0.970309 0.126059 0.973612 0.128590
4 78 48.965519 0.969210 0.126180 0.973024 0.125969
4 79 49.080460 0.972367 0.126949 0.975051 0.128274
4 80 49.195404 0.967072 0.124276 0.973850 0.127375
4 81 49.310345 0.969898 0.127217 0.971813 0.127226
4 82 49.425289 0.969966 0.125738 0.969033 0.125957
4 83 49.540230 0.972429 0.127042 0.973633 0.128491
4 84 49.655174 0.974877 0.125697 0.973053 0.126300
4 85 49.770115 0.973682 0.127119 0.972835 0.127673
4 86 49.885059 0.971143 0.125648 0.972112 0.127825
5 0 50.000000 0.970932 0.125698 0.968972 0.127161
5 1 50.114941 0.972144 0.127352 0.971187 0.124807
5 2 50.229885 0.969353 0.125118 0.971704 0.126051
5 3 50.344826 0.970573 0.127308 0.970758 0.125887
5 4 50.459770 0.970054 0.124605 0.970248 0.126035
5 5 50.574711 0.970490 0.125242 0.974630 0.126953
5 6 50.689655 0.971676 0.127324 0.971236 0.125475
5 7 50.804596 0.968699 0.124880 0.971463 0.127713
5 8 50.919540 0.971183 0.126323 0.971827 0.127824
5 9 51.034481 0.970058 0.127189 0.972295 0.126904
5 10 51.149426 0.971259 0.126605 0.970206 0.124942
5 11 51.264366 0.971342 0.126514 0.973655 0.127884
5 12 51.379311 0.973415 0.125361 0.970635 0.124669
5 13 51.494251 0.969144 0.125525 0.971777 0.126026
5 14 51.609196 0.972406 0.126787 0.973891 0.123675
5 15 51.724136 0.970235 0.125647 0.969485 0.124918
5 16 51.839081 0.974085 0.127155 0.970387 0.125326
5 17 51.954021 0.970670 0.126406 0.971682 0.125189
5 18 52.068966 0.968380 0.125232 0.972938 0.126089
5 19 52.183907 0.972433 0.126735 0.970562 0.126545
5 20 52.298851 0.971793 0.125593 0.970662 0.126394
5 21 52.413792 0.970126 0.125841 0.972274 0.125476
5 22 52.528736 0.973211 0.127348 0.971033 0.126382
5 23 52.643677 0.972891 0.126567 0.974186 0.127095
5 24 52.758621 0.972041 0.124358 0.974697 0.126948
5 25 52.873562 0.973342 0.125546 0.970691 0.126167
5 26 52.988506 0.971456 0.126031 0.972356 0.126270
5 27 53.103447 0.973511 0.127280 0.970290 0.125983
5 28 53.218391 0.969969 0.127892 0.970188 0.126183
5 29 53.333332 0.972876 0.127491 0.970064 0.125121
5 30 53.448277 0.968787 0.127091 0.973162 0.126201
5 31 53.563217 0.972042 0.127168 0.975124 0.126621
5 32 53.678162 0.971572 0.127759 0.971505 0.126085
5 33 53.793102 0.972084 0.126325 0.969750 0.125280
5 34 53.908047 0.971306 0.126665 0.972627 0.126592
5 35 54.022987 0.976582 0.128808 0.969240 0.124845
5 36 54.137932 0.971945 0.126100 0.969147 0.125578
5 37 54.252872 0.973650 0.127494 0.971142 0.128235
5 38 54.367817 0.972770 0.128111 0.969182 0.124990
5 39 54.482758 0.969205 0.124998 0.969159 0.125693
5 40 54.597702 0.968657 0.125508 0.971099 0.125373
5 41 54.712643 0.969657 0.126013 0.974243 0.127298
5 42 54.827587 0.972097 0.125358 0.972624 0.124970
5 43 54.942528 0.970757 0.125528 0.970946 0.128312
5 44 55.057472 0.971352 0.127748 0.968117 0.124413
5 45 55.172413 0.972081 0.125798 0.971343 0.126931
5 46 55.287357 0.972810 0.127658 0.971371 0.125864
5 47 55.402298 0.974596 0.128140 0.973133 0.125409
5 48 55.517242 0.969800 0.126202 0.969705 0.126993
5 49 55.632183 0.971514 0.126619 0.971639 0.127736
5 50 55.747128 0.971968 0.126297 0.971002 0.126486
5 51 55.862068 0.973726 0.126464 0.972417 0.126243
5 52 55.977013 0.968572 0.126007 0.973405 0.127840
5 53 56.091953 0.970632 0.124879 0.971826 0.125411
5 54 56.206898 0.971517 0.125452 0.971541 0.126895
5 55 56.321838 0.972005 0.126314 0.971827 0.129151
5 56 56.436783 0.973759 0.126999 0.972530 0.125111
5 57 56.551723 0.973109 0.127003 0.971628 0.125518
5 58 56.666668 0.971348 0.126642 0.973051 0.127378
5 59 56.781609 0.972393 0.125992 0.972032 0.126633
5 60 56.896553 0.971602 0.124642 0.971461 0.127802
5 61 57.011494 0.969663 0.126047 0.971922 0.126134
5 62 57.126438 0.969208 0.124883 0.969961 0.125274
5 63 57.241379 0.973297 0.124713 0.971671 0.126827
5 64 57.356323 0.972657 0.127778 0.970463 0.125588
5 65 57.471264 0.975040 0.128861 0.970556 0.125890
5 66 57.586208 0.973302 0.126835 0.970787 0.126605
5 67 57.701149 0.972899 0.125201 0.968632 0.126345
5 68 57.816093 0.971389 0.125843 0.969954 0.125698
5 69 57.931034 0.970524 0.126789 0.970228 0.125515
5 70 58.045979 0.970088 0.126216 0.971551 0.126971
5 71 58.160919 0.968534 0.124635 0.972178 0.124490
5 72 58.275864 0.970887 0.125687 0.972838 0.127209
5 73 58.390804 0.970906 0.126349 0.969041 0.126118
5 74 58.505749 0.974118 0.125809 0.971638 0.127065
5 75 58.620689 0.972326 0.127313 0.972125 0.128028
5 76 58.735634 0.971613 0.127385 0.970857 0.126959
5 77 58.850574 0.970172 0.124964 0.970515 0.125603
5 78 58.965519 0.969884 0.128059 0.973602 0.128630
5 79 59.080460 0.973529 0.126519 0.969122 0.128264
5 80 59.195404 0.971765 0.125012 0.971902 0.125630
5 81 59.310345 0.969253 0.125178 0.974156 0.127554
5 82 59.425289 0.971033 0.126923 0.971984 0.125654
5 83 59.540230 0.971539 0.126629 0.969139 0.124817
5 84 59.655174 0.968921 0.124485 0.970808 0.125559
5 85 59.770115 0.969776 0.125479 0.973349 0.125942
5 86 59.885059 0.973192 0.126638 0.970384 0.125856
6 0 60.000000 0.974550 0.125866 0.969821 0.126281
6 1 60.114941 0.971729 0.126891 0.972644 0.125834
6 2 60.229885 0.972025 0.127300 0.971336 0.125727
6 3 60.344826 0.972691 0.127723 0.972517 0.128318
6 4 60.459770 0.972187 0.126839 0.971939 0.126942
6 5 60.574711 0.969411 0.124778 0.973956 0.128668
6 6 60.689655 0.973298 0.126651 0.973242 0.126818
6 7 60.804596 0.968914 0.123646 0.971084 0.125671
6 8 60.919540 0.971088 0.126028 0.974538 0.125575
6 9 61.034481 0.973596 0.127521 0.972111 0.126949
6 10 61.149426 0.971529 0.125527 0.973449 0.127017
6 11 61.264366 0.970982 0.126185 0.969465 0.125082
6 12 61.379311 0.972868 0.127275 0.974329 0.126076
6 13 61.494251 0.970885 0.126100 0.971490 0.127015
6 14 61.609196 0.970472 0.127033 0.973834 0.127958
6 15 61.724136 0.967774 0.125768 0.970955 0.125040
6 16 61.839081 0.968767 0.123941 0.971145 0.126677
6 17 61.954021 0.974887 0.128127 0.973308 0.126688
6 18 62.068966 0.972061 0.126767 0.969894 0.125308
6 19 62.183907 0.974544 0.129339 0.969545 0.126122
6 20 62.298851 0.972682 0.127788 0.971025 0.126676
6 21 62.413792 0.970332 0.126995 0.970840 0.126239
6 22 62.528736 0.971941 0.127190 0.972791 0.126737
6 23 62.643677 0.971199 0.125827 0.973024 0.126854
6 24 62.758621 0.970007 0.125382 0.971914 0.125354
6 25 62.873562 0.972087 0.127017 0.972449 0.127449
6 26 62.988506 0.968855 0.126023 0.970747 0.127109
6 27 63.103447 0.971830 0.128076 0.972107 0.126290
6 28 63.218391 0.968218 0.124151 0.972924 0.128477
6 29 63.333332 0.972058 0.128274 0.973504 0.128269
6 30 63.448277 0.972318 0.124617 0.970586 0.127469
6 31 63.563217 0.972403 0.125644 0.970793 0.126837
6 32 63.678162 0.974320 0.129779 0.970135 0.125359
6 33 63.793102 0.973195 0.127514 0.970809 0.126659
6 34 63.908047 0.975050 0.126523 0.971979 0.124924
6 35 64.022987 0.972148 0.125406 0.970853 0.125261
6 36 64.137932 0.974007 0.126755 0.974079 0.127170
6 37 64.252876 0.970200 0.127073 0.972449 0.125975
6 38 64.367813 0.970496 0.126333 0.969189 0.126213
6 39 64.482758 0.970846 0.126799 0.973254 0.126524
6 40 64.597702 0.971565 0.127471 0.969419 0.124587
6 41 64.712646 0.968451 0.125632 0.970593 0.125511
6 42 64.827583 0.970884 0.124527 0.972531 0.124835
6 43 64.942528 0.969401 0.125459 0.967304 0.124920
6 44 65.057472 0.972990 0.124974 0.971212 0.126216
6 45 65.172417 0.970613 0.124444 0.969486 0.126233
6 46 65.287354 0.972354 0.127244 0.973075 0.127475
6 47 65.402298 0.970345 0.124578 0.973830 0.126582
6 48 65.517242 0.972541 0.126981 0.970937 0.125712
6 49 65.632187 0.970797 0.126858 0.971249 0.127322
6 50 65.747124 0.970707 0.126004 0.971920 0.126636
6 51 65.862068 0.970646 0.126971 0.972100 0.127153
6 52 65.977013 0.970137 0.126441 0.970903 0.125710
6 53 66.091957 0.969746 0.126916 0.972701 0.126984
6 54 66.206894 0.968071 0.124918 0.973452 0.126768
6 55 66.321838 0.967491 0.125478 0.968633 0.127327
6 56 66.436783 0.970354 0.124479 0.970542 0.126505
6 57 66.551727 0.972772 0.128445 0.969499 0.126068
6 58 66.666664 0.971149 0.127437 0.973395 0.127836
6 59 66.781609 0.971565 0.127049 0.969797 0.125066
6 60 66.896553 0.969703 0.125903 0.971827 0.127342
6 61 67.011497 0.969661 0.126522 0.972165 0.126412
6 62 67.126434 0.971804 0.125942 0.973509 0.127119
6 63 67.241379 0.971703 0.126590 0.967166 0.125557
6 64 67.356323 0.971233 0.129091 0.970933 0.125133
6 65 67.471268 0.972051 0.127503 0.973044 0.127730
6 66 67.586205 0.971691 0.125751 0.975002 0.126510
6 67 67.701149 0.968846 0.125007 0.971294 0.126155
6 68 67.816093 0.970796 0.126898 0.970738 0.127246
6 69 67.931038 0.972985 0.126375 0.973956 0.125911
6 70 68.045975 0.971628 0.125894 0.972484 0.127249
6 71 68.160919 0.971914 0.126077 0.972298 0.127426
6 72 68.275864 0.970682 0.126751 0.971327 0.127050
6 73 68.390808 0.969864 0.126401 0.969608 0.126423
6 74 68.505745 0.970192 0.127407 0.971144 0.126298
6 75 68.620689 0.971696 0.128065 0.972181 0.126339
6 76 68.735634 0.972301 0.126540 0.971268 0.126686
6 77 68.850578 0.971388 0.126554 0.969653 0.127041
6 78 68.965515 0.970178 0.127752 0.971172 0.125230
6 79 69.080460 0.971382 0.125765 0.973724 0.126365
6 80 69.195404 0.968947 0.125007 0.973852 0.127728
6 81 69.310349 0.973252 0.127392 0.969472 0.124303
6 82 69.425285 0.971462 0.128374 0.972922 0.126365
6 83 69.540230 0.972636 0.125744 0.973400 0.126819
6 84 69.655174 0.972676 0.127003 0.971936 0.126459
6 85 69.770119 0.974486 0.127727 0.973457 0.126997
6 86 69.885056 0.969724 0.125936 0.969788 0.125030
7 0 70.000000 0.968951 0.125691 0.973087 0.126791
7 1 70.114944 0.972149 0.126127 0.972142 0.126330
7 2 70.229881 0.972339 0.127308 0.972024 0.126741
7 3 70.344826 0.968582 0.126162 0.970632 0.126761
7 4 70.459770 0.970801 0.126255 0.973918 0.126692
7 5 70.574715 0.969906 0.125393 0.972431 0.126841
7 6 70.689651 0.971862 0.125779 0.971746 0.127551
7 7 70.804596 0.973115 0.127773 0.971170 0.126416
7 8 70.919540 0.973151 0.126345 0.969981 0.124000
7 9 71.034485 0.972332 0.126224 0.968925 0.124996
7 10 71.149422 0.970151 0.127911 0.968719 0.126052
7 11 71.264366 0.971352 0.126971 0.972856 0.126130
7 12 71.379311 0.972591 0.128157 0.971725 0.126512
7 13 71.494255 0.971450 0.126593 0.972908 0.126866
7 14 71.609192 0.970910 0.125621 0.971244 0.127209
7 15 71.724136 0.971180 0.127001 0.973000 0.126790
7 16 71.839081 0.971632 0.126551 0.971566 0.127174
7 17 71.954025 0.972637 0.125978 0.970606 0.127594
7 18 72.068962 0.973419 0.127015 0.971547 0.126396
7 19 72.183907 0.972536 0.125643 0.972003 0.125399
7 20 72.298851 0.972068 0.126995 0.973045 0.127234
7 21 72.413795 0.972053 0.127030 0.971136 0.126292
7 22 72.528732 0.969921 0.126144 0.971036 0.126416
7 23 72.643677 0.974686 0.128800 0.971250 0.124557
7 24 72.758621 0.968898 0.125964 0.971680 0.124836
7 25 72.873566 0.973208 0.125965 0.972302 0.125926
7 26 72.988503 0.971057 0.126776 0.970554 0.126661
7 27 73.103447 0.971370 0.125489 0.970253 0.126678
7 28 73.218391 0.972404 0.125693 0.970928 0.126131
7 29 73.333336 0.970760 0.126147 0.969766 0.124279
7 30 73.448273 0.971814 0.125316 0.972355 0.127699
7 31 73.563217 0.970999 0.125797 0.969721 0.125608
7 32 73.678162 0.968224 0.125418 0.972273 0.127560
7 33 73.793106 0.973865 0.127292 0.971227 0.127033
7 34 73.908043 0.970759 0.125465 0.973134 0.125550
7 35 74.022987 0.973553 0.126792 0.969009 0.125269
7 36 74.137932 0.971971 0.125311 0.975308 0.128105
7 37 74.252876 0.972269 0.126569 0.969878 0.126379
7 38 74.367813 0.971128 0.128139 0.973216 0.127802
7 39 74.482758 0.972250 0.126387 0.969625 0.125573
7 40 74.597702 0.968649 0.125441 0.972292 0.126169
7 41 74.712646 0.971298 0.125879 0.972249 0.124917
7 42 74.827583 0.968557 0.123899 0.970031 0.125455
7 43 74.942528 0.971551 0.127458 0.970762 0.126306
7 44 75.057472 0.974341 0.126679 0.973305 0.127236
7 45 75.172417 0.972255 0.128379 0.972212 0.125633
7 46 75.287354 0.971497 0.127675 0.970902 0.126157
7 47 75.402298 0.970230 0.126702 0.971856 0.127384
7 48 75.517242 0.971414 0.125872 0.971854 0.125861
7 49 75.632187 0.973609 0.127373 0.969707 0.126444
7 50 75.747124 0.972077 0.126303 0.973793 0.125697
7 51 75.862068 0.971707 0.125033 0.972346 0.126988
7 52 75.977013 0.972554 0.128606 0.973101 0.127735
7 53 76.091957 0.973003 0.127493 0.970308 0.125538
7 54 76.206894 0.970662 0.126620 0.969359 0.126504
7 55 76.321838 0.974239 0.127712 0.971064 0.126463
7 56 76.436783 0.973538 0.126593 0.971475 0.124640
7 57 76.551727 0.970378 0.124008 0.972872 0.128741
7 58 76.666664 0.975030 0.127698 0.970563 0.125521
7 59 76.781609 0.971621 0.124502 0.971631 0.127087
7 60 76.896553 0.973866 0.128020 0.969046 0.125031
7 61 77.011497 0.973057 0.126667 0.969698 0.126167
7 62 77.126434 0.971272 0.127296 0.972996 0.127772
7 63 77.241379 0.971530 0.127265 0.970364 0.126594
7 64 77.356323 0.971049 0.126338 0.971352 0.126188
7 65 77.471268 0.972669 0.126792 0.971388 0.125255
7 66 77.586205 0.971082 0.126567 0.970503 0.126071
7 67 77.701149 0.972756 0.127388 0.973715 0.127371
7 68 77.816093 0.969788 0.125256 0.969865 0.124807
7 69 77.931038 0.971921 0.127483 0.971010 0.126505
7 70 78.045975 0.971500 0.125173 0.972579 0.126452
7 71 78.160919 0.970813 0.125436 0.971843 0.128748
7 72 78.275864 0.970161 0.126098 0.973994 0.127022
7 73 78.390808 0.972154 0.126055 0.970443 0.126921
7 74 78.505745 0.972795 0.126366 0.969812 0.126223
7 75 78.620689 0.973433 0.126246 0.970354 0.126490
7 76 78.735634 0.969660 0.126012 0.971048 0.127320
7 77 78.850578 0.969170 0.127156 0.971076 0.125947
7 78 78.965515 0.970878 0.126904 0.972216 0.127389
7 79 79.080460 0.972932 0.126822 0.973169 0.126055
7 80 79.195404 0.973719 0.127947 0.972299 0.126799
7 81 79.310349 0.973104 0.126423 0.973296 0.127407
7 82 79.425285 0.972988 0.127266 0.970339 0.126652
7 83 79.540230 0.968696 0.123479 0.974150 0.126561
7 84 79.655174 0.972102 0.126112 0.971548 0.127111
7 85 79.770119 0.971345 0.126288 0.969744 0.125079
7 86 79.885056 0.971903 0.125492 0.969729 0.127390
8 0 80.000000 0.971800 0.127953 0.973111 0.124927
8 1 80.114944 0.975183 0.127323 0.973986 0.127924
8 2 80.229881 0.970576 0.125381 0.973768 0.124919
8 3 80.344826 0.972923 0.125951 0.973777 0.125843
8 4 80.459770 0.972862 0.127933 0.970229 0.127742
8 5 80.574715 0.967632 0.127389 0.973067 0.127376
8 6 80.689651 0.970821 0.126615 0.970384 0.125440
8 7 80.804596 0.971782 0.126559 0.974116 0.127433
8 8 80.919540 0.973925 0.128229 0.971340 0.127053
8 9 81.034485 0.969930 0.127951 0.974338 0.126989
8 10 81.149422 0.970721 0.126703 0.970042 0.125822
8 11 81.264366 0.972437 0.126025 0.973792 0.127909
8 12 81.379311 0.973440 0.127491 0.970745 0.126090
8 13 81.494255 0.968970 0.125673 0.969825 0.125868
8 14 81.609192 0.970291 0.126831 0.974110 0.128359
8 15 81.724136 0.974247 0.127075 0.973580 0.126294
8 16 81.839081 0.973616 0.126527 0.970178 0.125035
8 17 81.954025 0.969138 0.126692 0.969486 0.126123
8 18 82.068962 0.971638 0.125680 0.970080 0.126714
8 19 82.183907 0.971733 0.125295 0.970102 0.125948
8 20 82.298851 0.970373 0.125492 0.972734 0.127236
8 21 82.413795 0.972495 0.126623 0.971868 0.126429
8 22 82.528732 0.969497 0.125714 0.970851 0.125710
8 23 82.643677 0.970007 0.124495 0.972648 0.127233
8 24 82.758621 0.972036 0.126250 0.972995 0.125739
8 25 82.873566 0.970091 0.127606 0.969493 0.126441
8 26 82.988503 0.971478 0.126042 0.971629 0.125470
8 27 83.103447 0.968453 0.126590 0.971080 0.126361
8 28 83.218391 0.969920 0.126341 0.972354 0.127910
8 29 83.333336 0.971812 0.126325 0.973662 0.126416
8 30 83.448273 0.966775 0.124412 0.967912 0.125078
8 31 83.563217 0.973507 0.127057 0.970659 0.126482
8 32 83.678162 0.972891 0.126350 0.973843 0.127944
8 33 83.793106 0.972003 0.127151 0.969755 0.126325
8 34 83.908043 0.972513 0.125659 0.971467 0.125880
8 35 84.022987 0.971665 0.125559 0.969833 0.126413
8 36 84.137932 0.973933 0.127283 0.973221 0.127465
8 37 84.252876 0.970793 0.125762 0.974081 0.129477
8 38 84.367813 0.971632 0.127970 0.971942 0.127264
8 39 84.482758 0.974733 0.128589 0.969334 0.123837
8 40 84.597702 0.970981 0.126849 0.970294 0.126592
8 41 84.712646 0.969593 0.124362 0.969509 0.127148
8 42 84.827583 0.968524 0.124264 0.971562 0.126915
8 43 84.942528 0.971307 0.125362 0.971605 0.127414
8 44 85.057472 0.971583 0.125677 0.971835 0.126707
8 45 85.172417 0.973530 0.126521 0.971032 0.126616
8 46 85.287354 0.970014 0.127477 0.970184 0.126011
8 47 85.402298 0.971519 0.125806 0.972513 0.127722
8 48 85.517242 0.972723 0.127514 0.971583 0.128249
8 49 85.632187 0.972468 0.127439 0.969172 0.124692
8 50 85.747124 0.970123 0.126242 0.974782 0.127976
8 51 85.862068 0.968903 0.124043 0.971452 0.127950
8 52 85.977013 0.972597 0.126873 0.972319 0.126015
8 53 86.091957 0.968619 0.124870 0.969042 0.127534
8 54 86.206894 0.971338 0.124543 0.970937 0.126765
8 55 86.321838 0.968512 0.125515 0.973340 0.126009
8 56 86.436783 0.972049 0.126734 0.973386 0.125954
8 57 86.551727 0.971421 0.127026 0.970765 0.126216
8 58 86.666664 0.970201 0.126587 0.972522 0.126453
8 59 86.781609 0.973060 0.126908 0.969000 0.126216
8 60 86.896553 0.971716 0.127979 0.972149 0.126930
8 61 87.011497 0.971803 0.124946 0.970172 0.124219
8 62 87.126434 0.974066 0.126966 0.969576 0.124192
8 63 87.241379 0.970804 0.125502 0.971127 0.127182
8 64 87.356323 0.972743 0.125620 0.971808 0.128145
8 65 87.471268 0.974140 0.127789 0.971798 0.126351
8 66 87.586205 0.971204 0.125477 0.968951 0.126256
8 67 87.701149 0.971105 0.128031 0.972122 0.127294
8 68 87.816093 0.972764 0.126081 0.968445 0.126255
8 69 87.931038 0.968730 0.124654 0.973834 0.127079
8 70 88.045975 0.972128 0.127156 0.970260 0.125835
8 71 88.160919 0.969063 0.126661 0.976916 0.128667
8 72 88.275864 0.972104 0.127985 0.973435 0.127129
8 73 88.390808 0.970475 0.126051 0.974028 0.127975
8 74 88.505745 0.971730 0.127673 0.969983 0.125406
8 75 88.620689 0.970415 0.126679 0.971055 0.127003
8 76 88.735634 0.971095 0.125103 0.971890 0.126471
8 77 88.850578 0.967553 0.127011 0.970502 0.126078
8 78 88.965515 0.973750 0.125975 0.972096 0.127912
8 79 89.080460 0.972377 0.126096 0.970664 0.126977
8 80 89.195404 0.970850 0.126652 0.969810 0.124967
8 81 89.310349 0.972063 0.127681 0.970158 0.125350
8 82 89.425285 0.971487 0.125071 0.971991 0.126693
8 83 89.540230 0.971990 0.127932 0.973119 0.126577
8 84 89.655174 0.970860 0.126264 0.971319 0.125884
8 85 89.770119 0.974065 0.126456 0.973943 0.126338
8 86 89.885056 0.970932 0.126483 0.969057 0.125446
9 0 90.000000 0.971890 0.126897 0.971000 0.126142
9 1 90.114944 0.970728 0.128038 0.970456 0.124884
9 2 90.229881 0.973907 0.126704 0.970774 0.126649
9 3 90.344826 0.972596 0.124954 0.969638 0.126642
9 4 90.459770 0.975912 0.127934 0.973463 0.126993
9 5 90.574715 0.971313 0.126762 0.971714 0.125819
9 6 90.689651 0.972898 0.126094 0.970730 0.126287
9 7 90.804596 0.970898 0.126372 0.971587 0.126551
9 8 90.919540 0.971273 0.126769 0.971035 0.127433
9 9 91.034485 0.970297 0.126243 0.970772 0.126226
9 10 91.149422 0.973322 0.125948 0.971999 0.127483
9 11 91.264366 0.972108 0.127240 0.974034 0.126401
9 12 91.379311 0.970734 0.125752 0.972314 0.126042
9 13 91.494255 0.972983 0.127591 0.968687 0.126329
9 14 91.609192 0.972211 0.126029 0.969492 0.125970
9 15 91.724136 0.970204 0.125059 0.973498 0.126756
9 16 91.839081 0.974015 0.126181 0.971495 0.126249
9 17 91.954025 0.972980 0.127224 0.971999 0.127945
9 18 92.068962 0.972353 0.125200 0.970839 0.126781
9 19 92.183907 0.970444 0.124727 0.971478 0.124870
9 20 92.298851 0.969836 0.126704 0.971751 0.127149
9 21 92.413795 0.973205 0.126940 0.970512 0.126542
9 22 92.528732 0.970815 0.126310 0.975145 0.127267
9 23 92.643677 0.972371 0.127127 0.972825 0.127115
9 24 92.758621 0.970813 0.125872 0.969746 0.125570
9 25 92.873566 0.970774 0.126113 0.973910 0.126847
9 26 92.988503 0.970108 0.125154 0.971840 0.127683
9 27 93.103447 0.969390 0.127407 0.969698 0.125084
9 28 93.218391 0.973187 0.125237 0.972539 0.126584
9 29 93.333336 0.969279 0.127071 0.970612 0.126976
9 30 93.448273 0.972060 0.125949 0.969034 0.126261
9 31 93.563217 0.974050 0.127078 0.972701 0.127039
9 32 93.678162 0.972688 0.127256 0.973238 0.128303
9 33 93.793106 0.970981 0.126601 0.972681 0.126398
9 34 93.908043 0.973008 0.127450 0.974951 0.126908
9 35 94.022987 0.972513 0.126493 0.972080 0.126084
9 36 94.137932 0.971471 0.125594 0.970839 0.125948
9 37 94.252876 0.972004 0.125806 0.970446 0.124434
9 38 94.367813 0.972253 0.126392 0.973704 0.128039
9 39 94.482758 0.970861 0.125920 0.969287 0.127137
9 40 94.597702 0.972944 0.126866 0.973299 0.127819
9 41 94.712646 0.973884 0.128066 0.971025 0.126948
9 42 94.827583 0.970369 0.125653 0.969216 0.126454
9 43 94.942528 0.966094 0.124531 0.971008 0.126278
9 44 95.057472 0.972037 0.126113 0.971463 0.124918
9 45 95.172417 0.969940 0.125772 0.969514 0.125613
9 46 95.287354 0.970258 0.125826 0.969076 0.126139
9 47 95.402298 0.972011 0.126417 0.971175 0.126699
9 48 95.517242 0.974111 0.126964 0.970912 0.125957
9 49 95.632187 0.969057 0.125134 0.971209 0.127029
9 50 95.747124 0.972298 0.128673 0.971893 0.125421
9 51 95.862068 0.972326 0.126020 0.972742 0.126569
9 52 95.977013 0.972686 0.125469 0.972141 0.126010
9 53 96.091957 0.971558 0.124470 0.973285 0.128934
9 54 96.206894 0.968030 0.125732 0.970968 0.127164
9 55 96.321838 0.972688 0.126835 0.969970 0.125829
9 56 96.436783 0.973961 0.127122 0.971647 0.126025
9 57 96.551727 0.971177 0.126635 0.969192 0.123965
9 58 96.666664 0.972590 0.127184 0.970846 0.126612
9 59 96.781609 0.969051 0.126549 0.969820 0.126169
9 60 96.896553 0.970658 0.127184 0.973521 0.126699
9 61 97.011497 0.972159 0.126997 0.972552 0.126901
9 62 97.126434 0.971595 0.127533 0.971974 0.127438
9 63 97.241379 0.970067 0.127904 0.974234 0.126572
9 64 97.356323 0.971105 0.125283 0.970615 0.124667
9 65 97.471268 0.974610 0.127425 0.972428 0.125886
9 66 97.586205 0.970401 0.125983 0.970323 0.124996
9 67 97.701149 0.971526 0.127220 0.970235 0.125768
9 68 97.816093 0.973468 0.126881 0.970841 0.126353
9 69 97.931038 0.972807 0.128141 0.973405 0.127367
9 70 98.045975 0.974703 0.127228 0.971002 0.125007
9 71 98.160919 0.972670 0.125263 0.969259 0.126418
9 72 98.275864 0.972122 0.125862 0.972392 0.127351
9 73 98.390808 0.971913 0.126782 0.971144 0.126571
9 74 98.505745 0.974298 0.128015 0.970095 0.125128
9 75 98.620689 0.974110 0.126944 0.971480 0.125826
9 76 98.735634 0.970863 0.126932 0.971621 0.126658
9 77 98.850578 0.971618 0.125193 0.973662 0.126083
9 78 98.965515 0.969126 0.126041 0.974526 0.126449
9 79 99.080460 0.972250 0.126579 0.970383 0.126766
9 80 99.195404 0.970714 0.127175 0.973116 0.128006
9 81 99.310349 0.973499 0.128265 0.971497 0.127649
9 82 99.425285 0.969607 0.126707 0.973631 0.127400
9 83 99.540230 0.970194 0.126650 0.970438 0.127053
9 84 99.655174 0.972779 0.126783 0.973371 0.126617
9 85 99.770119 0.971617 0.126534 0.971670 0.125568
9 86 99.885056 0.969691 0.125109 0.967479 0.126403
