0 -0.260263 1 0.000050
1 -0.255748 1 0.000050
2 -0.251233 0 0.000000
3 -0.246718 0 0.000000
4 -0.242203 0 0.000000
5 -0.237689 0 0.000000
6 -0.233174 0 0.000000
7 -0.228659 0 0.000000
8 -0.224144 0 0.000000
9 -0.219629 0 0.000000
10 -0.215115 0 0.000000
11 -0.210600 0 0.000000
12 -0.206085 0 0.000000
13 -0.201570 0 0.000000
14 -0.197055 0 0.000000
15 -0.192541 0 0.000000
16 -0.188026 0 0.000000
17 -0.183511 0 0.000000
18 -0.178996 0 0.000000
19 -0.174481 0 0.000000
20 -0.169967 0 0.000000
21 -0.165452 0 0.000000
22 -0.160937 0 0.000000
23 -0.156422 2 0.000100
24 -0.151907 0 0.000000
25 -0.147392 7 0.000350
26 -0.142878 5 0.000250
27 -0.138363 4 0.000200
28 -0.133848 4 0.000200
29 -0.129333 4 0.000200
30 -0.124818 3 0.000150
31 -0.120304 6 0.000300
32 -0.115789 5 0.000250
33 -0.111274 9 0.000450
34 -0.106759 5 0.000250
35 -0.102244 11 0.000550
36 -0.097730 15 0.000750
37 -0.093215 13 0.000650
38 -0.088700 8 0.000400
39 -0.084185 8 0.000400
40 -0.079670 18 0.000900
41 -0.075156 17 0.000850
42 -0.070641 23 0.001150
43 -0.066126 46 0.002300
44 -0.061611 43 0.002150
45 -0.057096 66 0.003300
46 -0.052582 64 0.003200
47 -0.048067 87 0.004350
48 -0.043552 83 0.004150
49 -0.039037 134 0.006700
50 -0.034522 189 0.009450
51 -0.030008 283 0.014150
52 -0.025493 604 0.030200
53 -0.020978 986 0.049300
54 -0.016463 1825 0.091250
55 -0.011948 4444 0.222200
56 -0.007434 5878 0.293900
57 -0.002919 2471 0.123550
58 0.001596 1067 0.053350
59 0.006111 523 0.026150
60 0.010626 311 0.015550
61 0.015141 180 0.009000
62 0.019655 115 0.005750
63 0.024170 72 0.003600
64 0.028685 64 0.003200
65 0.033200 53 0.002650
66 0.037715 35 0.001750
67 0.042229 31 0.001550
68 0.046744 14 0.000700
69 0.051259 18 0.000900
70 0.055774 16 0.000800
71 0.060289 22 0.001100
72 0.064803 18 0.000900
73 0.069318 6 0.000300
74 0.073833 4 0.000200
75 0.078348 11 0.000550
76 0.082863 6 0.000300
77 0.087377 8 0.000400
78 0.091892 8 0.000400
79 0.096407 4 0.000200
80 0.100922 4 0.000200
81 0.105437 6 0.000300
82 0.109951 7 0.000350
83 0.114466 8 0.000400
84 0.118981 3 0.000150
85 0.123496 0 0.000000
86 0.128011 0 0.000000
87 0.132525 0 0.000000
88 0.137040 2 0.000100
89 0.141555 6 0.000300
90 0.146070 4 0.000200
91 0.150585 1 0.000050
92 0.155100 0 0.000000
93 0.159614 0 0.000000
94 0.164129 0 0.000000
95 0.168644 0 0.000000
96 0.173159 0 0.000000
97 0.177674 0 0.000000
98 0.182188 0 0.000000
99 0.186703 1 0.000050
