0 -0.147311 1 0.000050
1 -0.144503 1 0.000050
2 -0.141696 1 0.000050
3 -0.138888 0 0.000000
4 -0.136080 1 0.000050
5 -0.133272 0 0.000000
6 -0.130464 1 0.000050
7 -0.127656 3 0.000150
8 -0.124848 3 0.000150
9 -0.122041 6 0.000300
10 -0.119233 1 0.000050
11 -0.116425 2 0.000100
12 -0.113617 3 0.000150
13 -0.110809 7 0.000350
14 -0.108001 2 0.000100
15 -0.105193 5 0.000250
16 -0.102385 1 0.000050
17 -0.099578 3 0.000150
18 -0.096770 4 0.000200
19 -0.093962 7 0.000350
20 -0.091154 11 0.000550
21 -0.088346 10 0.000500
22 -0.085538 9 0.000450
23 -0.082730 10 0.000500
24 -0.079923 14 0.000700
25 -0.077115 5 0.000250
26 -0.074307 13 0.000650
27 -0.071499 11 0.000550
28 -0.068691 13 0.000650
29 -0.065883 26 0.001300
30 -0.063075 16 0.000800
31 -0.060268 27 0.001350
32 -0.057460 30 0.001500
33 -0.054652 29 0.001450
34 -0.051844 53 0.002650
35 -0.049036 65 0.003250
36 -0.046228 44 0.002200
37 -0.043420 62 0.003100
38 -0.040613 68 0.003400
39 -0.037805 113 0.005650
40 -0.034997 121 0.006050
41 -0.032189 148 0.007400
42 -0.029381 215 0.010750
43 -0.026573 286 0.014300
44 -0.023765 373 0.018650
45 -0.020957 637 0.031850
46 -0.018150 921 0.046050
47 -0.015342 1722 0.086100
48 -0.012534 3882 0.194100
49 -0.009726 4528 0.226400
50 -0.006918 2476 0.123800
51 -0.004110 1167 0.058350
52 -0.001302 711 0.035550
53 0.001505 585 0.029250
54 0.004313 353 0.017650
55 0.007121 234 0.011700
56 0.009929 178 0.008900
57 0.012737 133 0.006650
58 0.015545 104 0.005200
59 0.018353 71 0.003550
60 0.021160 61 0.003050
61 0.023968 41 0.002050
62 0.026776 39 0.001950
63 0.029584 35 0.001750
64 0.032392 30 0.001500
65 0.035200 34 0.001700
66 0.038008 28 0.001400
67 0.040816 16 0.000800
68 0.043623 19 0.000950
69 0.046431 20 0.001000
70 0.049239 15 0.000750
71 0.052047 8 0.000400
72 0.054855 16 0.000800
73 0.057663 16 0.000800
74 0.060471 6 0.000300
75 0.063278 8 0.000400
76 0.066086 12 0.000600
77 0.068894 7 0.000350
78 0.071702 14 0.000700
79 0.074510 7 0.000350
80 0.077318 0 0.000000
81 0.080126 3 0.000150
82 0.082934 4 0.000200
83 0.085741 3 0.000150
84 0.088549 4 0.000200
85 0.091357 4 0.000200
86 0.094165 5 0.000250
87 0.096973 1 0.000050
88 0.099781 0 0.000000
89 0.102589 2 0.000100
90 0.105396 3 0.000150
91 0.108204 2 0.000100
92 0.111012 2 0.000100
93 0.113820 1 0.000050
94 0.116628 4 0.000200
95 0.119436 0 0.000000
96 0.122244 0 0.000000
97 0.125051 2 0.000100
98 0.127859 1 0.000050
99 0.130667 1 0.000050
