0 0.000000 49333 0.822217
1 0.001578 2751 0.045850
2 0.003156 1783 0.029717
3 0.004735 1458 0.024300
4 0.006313 853 0.014217
5 0.007891 571 0.009517
6 0.009469 369 0.006150
7 0.011048 400 0.006667
8 0.012626 395 0.006583
9 0.014204 410 0.006833
10 0.015782 300 0.005000
11 0.017360 228 0.003800
12 0.018939 198 0.003300
13 0.020517 157 0.002617
14 0.022095 140 0.002333
15 0.023673 116 0.001933
16 0.025251 91 0.001517
17 0.026830 80 0.001333
18 0.028408 59 0.000983
19 0.029986 71 0.001183
20 0.031564 43 0.000717
21 0.033143 29 0.000483
22 0.034721 20 0.000333
23 0.036299 14 0.000233
24 0.037877 25 0.000417
25 0.039455 9 0.000150
26 0.041034 9 0.000150
27 0.042612 3 0.000050
28 0.044190 11 0.000183
29 0.045768 3 0.000050
30 0.047346 9 0.000150
31 0.048925 1 0.000017
32 0.050503 2 0.000033
33 0.052081 2 0.000033
34 0.053659 2 0.000033
35 0.055238 2 0.000033
36 0.056816 2 0.000033
37 0.058394 2 0.000033
38 0.059972 1 0.000017
39 0.061550 0 0.000000
40 0.063129 3 0.000050
41 0.064707 3 0.000050
42 0.066285 3 0.000050
43 0.067863 1 0.000017
44 0.069442 5 0.000083
45 0.071020 1 0.000017
46 0.072598 4 0.000067
47 0.074176 1 0.000017
48 0.075754 1 0.000017
49 0.077333 1 0.000017
50 0.078911 2 0.000033
51 0.080489 1 0.000017
52 0.082067 1 0.000017
53 0.083645 0 0.000000
54 0.085224 0 0.000000
55 0.086802 2 0.000033
56 0.088380 2 0.000033
57 0.089958 1 0.000017
58 0.091537 3 0.000050
59 0.093115 1 0.000017
60 0.094693 0 0.000000
61 0.096271 0 0.000000
62 0.097849 1 0.000017
63 0.099428 1 0.000017
64 0.101006 1 0.000017
65 0.102584 0 0.000000
66 0.104162 1 0.000017
67 0.105741 0 0.000000
68 0.107319 0 0.000000
69 0.108897 0 0.000000
70 0.110475 0 0.000000
71 0.112053 2 0.000033
72 0.113632 0 0.000000
73 0.115210 0 0.000000
74 0.116788 0 0.000000
75 0.118366 0 0.000000
76 0.119944 0 0.000000
77 0.121523 0 0.000000
78 0.123101 0 0.000000
79 0.124679 1 0.000017
80 0.126257 0 0.000000
81 0.127836 0 0.000000
82 0.129414 0 0.000000
83 0.130992 0 0.000000
84 0.132570 0 0.000000
85 0.134148 1 0.000017
86 0.135727 1 0.000017
87 0.137305 0 0.000000
88 0.138883 0 0.000000
89 0.140461 0 0.000000
90 0.142039 0 0.000000
91 0.143618 0 0.000000
92 0.145196 0 0.000000
93 0.146774 0 0.000000
94 0.148352 0 0.000000
95 0.149931 1 0.000017
96 0.151509 1 0.000017
97 0.153087 0 0.000000
98 0.154665 0 0.000000
99 0.156243 1 0.000017
