0 -0.395276 2 0.000033
1 -0.387355 0 0.000000
2 -0.379433 0 0.000000
3 -0.371512 2 0.000033
4 -0.363590 0 0.000000
5 -0.355669 0 0.000000
6 -0.347747 0 0.000000
7 -0.339826 0 0.000000
8 -0.331904 0 0.000000
9 -0.323983 1 0.000017
10 -0.316061 0 0.000000
11 -0.308140 2 0.000033
12 -0.300218 3 0.000050
13 -0.292297 1 0.000017
14 -0.284375 1 0.000017
15 -0.276453 4 0.000067
16 -0.268532 6 0.000100
17 -0.260610 5 0.000083
18 -0.252689 0 0.000000
19 -0.244767 3 0.000050
20 -0.236846 2 0.000033
21 -0.228924 2 0.000033
22 -0.221003 9 0.000150
23 -0.213081 7 0.000117
24 -0.205160 16 0.000267
25 -0.197238 28 0.000467
26 -0.189317 34 0.000567
27 -0.181395 73 0.001217
28 -0.173474 56 0.000933
29 -0.165552 74 0.001233
30 -0.157631 130 0.002167
31 -0.149709 147 0.002450
32 -0.141788 203 0.003383
33 -0.133866 197 0.003283
34 -0.125944 182 0.003033
35 -0.118023 191 0.003183
36 -0.110101 240 0.004000
37 -0.102180 232 0.003867
38 -0.094258 376 0.006267
39 -0.086337 524 0.008733
40 -0.078415 749 0.012483
41 -0.070494 558 0.009300
42 -0.062572 580 0.009667
43 -0.054651 743 0.012383
44 -0.046729 870 0.014500
45 -0.038808 1222 0.020367
46 -0.030886 1934 0.032233
47 -0.022965 4584 0.076400
48 -0.015043 17889 0.298150
49 -0.007122 15295 0.254917
50 0.000800 3671 0.061183
51 0.008721 1799 0.029983
52 0.016643 1203 0.020050
53 0.024565 956 0.015933
54 0.032486 734 0.012233
55 0.040408 581 0.009683
56 0.048329 473 0.007883
57 0.056251 568 0.009467
58 0.064172 505 0.008417
59 0.072094 340 0.005667
60 0.080015 246 0.004100
61 0.087937 221 0.003683
62 0.095858 160 0.002667
63 0.103780 184 0.003067
64 0.111701 275 0.004583
65 0.119623 299 0.004983
66 0.127544 159 0.002650
67 0.135466 68 0.001133
68 0.143387 82 0.001367
69 0.151309 81 0.001350
70 0.159230 77 0.001283
71 0.167152 48 0.000800
72 0.175073 25 0.000417
73 0.182995 14 0.000233
74 0.190917 7 0.000117
75 0.198838 8 0.000133
76 0.206760 5 0.000083
77 0.214681 6 0.000100
78 0.222603 3 0.000050
79 0.230524 2 0.000033
80 0.238446 1 0.000017
81 0.246367 3 0.000050
82 0.254289 2 0.000033
83 0.262210 1 0.000017
84 0.270132 2 0.000033
85 0.278053 3 0.000050
86 0.285975 0 0.000000
87 0.293896 1 0.000017
88 0.301818 3 0.000050
89 0.309739 2 0.000033
90 0.317661 1 0.000017
91 0.325582 0 0.000000
92 0.333504 2 0.000033
93 0.341426 0 0.000000
94 0.349347 1 0.000017
95 0.357269 0 0.000000
96 0.365190 0 0.000000
97 0.373112 0 0.000000
98 0.381033 0 0.000000
99 0.388955 1 0.000017
