0 -0.395276 2 0.000100
1 -0.387355 0 0.000000
2 -0.379433 0 0.000000
3 -0.371512 2 0.000100
4 -0.363590 0 0.000000
5 -0.355669 0 0.000000
6 -0.347747 0 0.000000
7 -0.339826 0 0.000000
8 -0.331904 0 0.000000
9 -0.323983 1 0.000050
10 -0.316061 0 0.000000
11 -0.308140 2 0.000100
12 -0.300218 3 0.000150
13 -0.292297 1 0.000050
14 -0.284375 1 0.000050
15 -0.276453 4 0.000200
16 -0.268532 6 0.000300
17 -0.260610 3 0.000150
18 -0.252689 0 0.000000
19 -0.244767 3 0.000150
20 -0.236846 2 0.000100
21 -0.228924 2 0.000100
22 -0.221003 9 0.000450
23 -0.213081 7 0.000350
24 -0.205160 16 0.000800
25 -0.197238 28 0.001400
26 -0.189317 34 0.001700
27 -0.181395 73 0.003650
28 -0.173474 56 0.002800
29 -0.165552 74 0.003700
30 -0.157631 128 0.006400
31 -0.149709 136 0.006800
32 -0.141788 194 0.009700
33 -0.133866 186 0.009300
34 -0.125944 165 0.008250
35 -0.118023 175 0.008750
36 -0.110101 214 0.010700
37 -0.102180 201 0.010050
38 -0.094258 329 0.016450
39 -0.086337 479 0.023950
40 -0.078415 692 0.034600
41 -0.070494 452 0.022600
42 -0.062572 421 0.021050
43 -0.054651 489 0.024450
44 -0.046729 559 0.027950
45 -0.038808 625 0.031250
46 -0.030886 653 0.032650
47 -0.022965 808 0.040400
48 -0.015043 1969 0.098450
49 -0.007122 3186 0.159300
50 0.000800 730 0.036500
51 0.008721 787 0.039350
52 0.016643 783 0.039150
53 0.024565 719 0.035950
54 0.032486 562 0.028100
55 0.040408 478 0.023900
56 0.048329 407 0.020350
57 0.056251 503 0.025150
58 0.064172 456 0.022800
59 0.072094 310 0.015500
60 0.080015 223 0.011150
61 0.087937 193 0.009650
62 0.095858 149 0.007450
63 0.103780 168 0.008400
64 0.111701 256 0.012800
65 0.119623 294 0.014700
66 0.127544 157 0.007850
67 0.135466 66 0.003300
68 0.143387 72 0.003600
69 0.151309 80 0.004000
70 0.159230 77 0.003850
71 0.167152 48 0.002400
72 0.175073 25 0.001250
73 0.182995 13 0.000650
74 0.190917 7 0.000350
75 0.198838 8 0.000400
76 0.206760 5 0.000250
77 0.214681 6 0.000300
78 0.222603 3 0.000150
79 0.230524 2 0.000100
80 0.238446 1 0.000050
81 0.246367 3 0.000150
82 0.254289 2 0.000100
83 0.262210 1 0.000050
84 0.270132 2 0.000100
85 0.278053 3 0.000150
86 0.285975 0 0.000000
87 0.293896 1 0.000050
88 0.301818 3 0.000150
89 0.309739 2 0.000100
90 0.317661 1 0.000050
91 0.325582 0 0.000000
92 0.333504 2 0.000100
93 0.341426 0 0.000000
94 0.349347 1 0.000050
95 0.357269 0 0.000000
96 0.365190 0 0.000000
97 0.373112 0 0.000000
98 0.381033 0 0.000000
99 0.388955 1 0.000050
