0 0.016425 5 0.000250
1 0.026360 7 0.000350
2 0.036295 3 0.000150
3 0.046230 7 0.000350
4 0.056165 3 0.000150
5 0.066100 2 0.000100
6 0.076036 7 0.000350
7 0.085971 4 0.000200
8 0.095906 8 0.000400
9 0.105841 5 0.000250
10 0.115776 2 0.000100
11 0.125711 3 0.000150
12 0.135646 5 0.000250
13 0.145581 2 0.000100
14 0.155516 4 0.000200
15 0.165451 2 0.000100
16 0.175387 1 0.000050
17 0.185322 2 0.000100
18 0.195257 5 0.000250
19 0.205192 0 0.000000
20 0.215127 0 0.000000
21 0.225062 5 0.000250
22 0.234997 1 0.000050
23 0.244932 17 0.000850
24 0.254867 27 0.001350
25 0.264802 23 0.001150
26 0.274738 42 0.002100
27 0.284673 34 0.001700
28 0.294608 43 0.002150
29 0.304543 78 0.003900
30 0.314478 107 0.005350
31 0.324413 163 0.008150
32 0.334348 149 0.007450
33 0.344283 72 0.003600
34 0.354218 19 0.000950
35 0.364154 19 0.000950
36 0.374089 17 0.000850
37 0.384024 15 0.000750
38 0.393959 7 0.000350
39 0.403894 33 0.001650
40 0.413829 19 0.000950
41 0.423764 30 0.001500
42 0.433699 27 0.001350
43 0.443634 43 0.002150
44 0.453569 56 0.002800
45 0.463505 55 0.002750
46 0.473440 57 0.002850
47 0.483375 89 0.004450
48 0.493310 147 0.007350
49 0.503245 127 0.006350
50 0.513180 150 0.007500
51 0.523115 178 0.008900
52 0.533050 218 0.010900
53 0.542985 344 0.017200
54 0.552920 401 0.020050
55 0.562856 544 0.027200
56 0.572791 1116 0.055800
57 0.582726 2148 0.107400
58 0.592661 2399 0.119950
59 0.602596 1241 0.062050
60 0.612531 988 0.049400
61 0.622466 719 0.035950
62 0.632401 447 0.022350
63 0.642336 297 0.014850
64 0.652271 315 0.015750
65 0.662207 234 0.011700
66 0.672142 245 0.012250
67 0.682077 207 0.010350
68 0.692012 164 0.008200
69 0.701947 175 0.008750
70 0.711882 169 0.008450
71 0.721817 149 0.007450
72 0.731752 187 0.009350
73 0.741687 162 0.008100
74 0.751622 164 0.008200
75 0.761558 145 0.007250
76 0.771493 195 0.009750
77 0.781428 190 0.009500
78 0.791363 195 0.009750
79 0.801298 165 0.008250
80 0.811233 186 0.009300
81 0.821168 254 0.012700
82 0.831103 227 0.011350
83 0.841038 241 0.012050
84 0.850973 304 0.015200
85 0.860909 474 0.023700
86 0.870844 349 0.017450
87 0.880779 393 0.019650
88 0.890714 255 0.012750
89 0.900649 287 0.014350
90 0.910584 281 0.014050
91 0.920519 342 0.017100
92 0.930454 236 0.011800
93 0.940389 161 0.008050
94 0.950324 54 0.002700
95 0.960260 39 0.001950
96 0.970195 40 0.002000
97 0.980130 15 0.000750
98 0.990065 12 0.000600
99 1.000000 1 0.000050
