0 0.074737 30 0.000500
1 0.084264 0 0.000000
2 0.093791 11 0.000183
3 0.103319 3 0.000050
4 0.112846 18 0.000300
5 0.122373 58 0.000967
6 0.131900 32 0.000533
7 0.141427 11 0.000183
8 0.150954 12 0.000200
9 0.160482 19 0.000317
10 0.170009 45 0.000750
11 0.179536 39 0.000650
12 0.189063 37 0.000617
13 0.198590 33 0.000550
14 0.208118 35 0.000583
15 0.217645 21 0.000350
16 0.227172 7 0.000117
17 0.236699 53 0.000883
18 0.246226 29 0.000483
19 0.255753 57 0.000950
20 0.265281 87 0.001450
21 0.274808 77 0.001283
22 0.284335 105 0.001750
23 0.293862 124 0.002067
24 0.303389 59 0.000983
25 0.312917 104 0.001733
26 0.322444 100 0.001667
27 0.331971 435 0.007250
28 0.341498 110 0.001833
29 0.351025 143 0.002383
30 0.360552 155 0.002583
31 0.370080 61 0.001017
32 0.379607 182 0.003033
33 0.389134 194 0.003233
34 0.398661 201 0.003350
35 0.408188 242 0.004033
36 0.417715 200 0.003333
37 0.427243 258 0.004300
38 0.436770 411 0.006850
39 0.446297 480 0.008000
40 0.455824 670 0.011167
41 0.465351 770 0.012833
42 0.474879 1100 0.018333
43 0.484406 2239 0.037317
44 0.493933 5607 0.093450
45 0.503460 12111 0.201850
46 0.512987 6232 0.103867
47 0.522514 2571 0.042850
48 0.532042 1647 0.027450
49 0.541569 1113 0.018550
50 0.551096 898 0.014967
51 0.560623 702 0.011700
52 0.570150 1081 0.018017
53 0.579678 1402 0.023367
54 0.589205 2225 0.037083
55 0.598732 2477 0.041283
56 0.608259 1566 0.026100
57 0.617786 1104 0.018400
58 0.627313 852 0.014200
59 0.636841 570 0.009500
60 0.646368 480 0.008000
61 0.655895 345 0.005750
62 0.665422 470 0.007833
63 0.674949 229 0.003817
64 0.684477 252 0.004200
65 0.694004 211 0.003517
66 0.703531 206 0.003433
67 0.713058 189 0.003150
68 0.722585 187 0.003117
69 0.732112 267 0.004450
70 0.741640 162 0.002700
71 0.751167 212 0.003533
72 0.760694 150 0.002500
73 0.770221 215 0.003583
74 0.779748 246 0.004100
75 0.789276 205 0.003417
76 0.798803 174 0.002900
77 0.808330 136 0.002267
78 0.817857 226 0.003767
79 0.827384 223 0.003717
80 0.836911 250 0.004167
81 0.846439 293 0.004883
82 0.855966 252 0.004200
83 0.865493 416 0.006933
84 0.875020 380 0.006333
85 0.884547 458 0.007633
86 0.894074 335 0.005583
87 0.903602 283 0.004717
88 0.913129 232 0.003867
89 0.922656 368 0.006133
90 0.932183 193 0.003217
91 0.941710 188 0.003133
92 0.951238 208 0.003467
93 0.960765 58 0.000967
94 0.970292 28 0.000467
95 0.979819 37 0.000617
96 0.989346 1 0.000017
97 0.998874 19 0.000317
98 1.008401 0 0.000000
99 1.017928 1 0.000017
