0 0.426262 11 0.000550
1 0.427964 0 0.000000
2 0.429666 0 0.000000
3 0.431368 0 0.000000
4 0.433070 2 0.000100
5 0.434773 2 0.000100
6 0.436475 10 0.000500
7 0.438177 5 0.000250
8 0.439879 18 0.000900
9 0.441581 4 0.000200
10 0.443284 6 0.000300
11 0.444986 15 0.000750
12 0.446688 0 0.000000
13 0.448390 11 0.000550
14 0.450093 14 0.000700
15 0.451795 3 0.000150
16 0.453497 7 0.000350
17 0.455199 3 0.000150
18 0.456901 16 0.000800
19 0.458604 10 0.000500
20 0.460306 23 0.001150
21 0.462008 63 0.003150
22 0.463710 20 0.001000
23 0.465412 29 0.001450
24 0.467115 18 0.000900
25 0.468817 31 0.001550
26 0.470519 48 0.002400
27 0.472221 59 0.002950
28 0.473924 26 0.001300
29 0.475626 75 0.003750
30 0.477328 45 0.002250
31 0.479030 32 0.001600
32 0.480732 62 0.003100
33 0.482435 96 0.004800
34 0.484137 91 0.004550
35 0.485839 138 0.006900
36 0.487541 168 0.008400
37 0.489244 227 0.011350
38 0.490946 172 0.008600
39 0.492648 224 0.011200
40 0.494350 335 0.016750
41 0.496052 496 0.024800
42 0.497755 634 0.031700
43 0.499457 619 0.030950
44 0.501159 969 0.048450
45 0.502861 1135 0.056750
46 0.504563 1368 0.068400
47 0.506266 1896 0.094800
48 0.507968 1906 0.095300
49 0.509670 1663 0.083150
50 0.511372 1254 0.062700
51 0.513075 938 0.046900
52 0.514777 983 0.049150
53 0.516479 728 0.036400
54 0.518181 473 0.023650
55 0.519883 401 0.020050
56 0.521586 292 0.014600
57 0.523288 344 0.017200
58 0.524990 218 0.010900
59 0.526692 244 0.012200
60 0.528394 203 0.010150
61 0.530097 106 0.005300
62 0.531799 152 0.007600
63 0.533501 145 0.007250
64 0.535203 95 0.004750
65 0.536906 39 0.001950
66 0.538608 97 0.004850
67 0.540310 38 0.001900
68 0.542012 29 0.001450
69 0.543714 73 0.003650
70 0.545417 70 0.003500
71 0.547119 32 0.001600
72 0.548821 33 0.001650
73 0.550523 29 0.001450
74 0.552226 29 0.001450
75 0.553928 18 0.000900
76 0.555630 15 0.000750
77 0.557332 24 0.001200
78 0.559034 6 0.000300
79 0.560737 5 0.000250
80 0.562439 9 0.000450
81 0.564141 33 0.001650
82 0.565843 0 0.000000
83 0.567545 0 0.000000
84 0.569248 6 0.000300
85 0.570950 1 0.000050
86 0.572652 11 0.000550
87 0.574354 0 0.000000
88 0.576057 0 0.000000
89 0.577759 4 0.000200
90 0.579461 5 0.000250
91 0.581163 0 0.000000
92 0.582865 12 0.000600
93 0.584568 0 0.000000
94 0.586270 0 0.000000
95 0.587972 0 0.000000
96 0.589674 0 0.000000
97 0.591376 0 0.000000
98 0.593079 0 0.000000
99 0.594781 1 0.000050
