0 0.074737 14 0.000700
1 0.084264 0 0.000000
2 0.093791 0 0.000000
3 0.103319 0 0.000000
4 0.112846 0 0.000000
5 0.122373 11 0.000550
6 0.131900 32 0.001600
7 0.141427 0 0.000000
8 0.150954 0 0.000000
9 0.160482 0 0.000000
10 0.170009 8 0.000400
11 0.179536 0 0.000000
12 0.189063 16 0.000800
13 0.198590 33 0.001650
14 0.208118 0 0.000000
15 0.217645 2 0.000100
16 0.227172 0 0.000000
17 0.236699 0 0.000000
18 0.246226 2 0.000100
19 0.255753 13 0.000650
20 0.265281 23 0.001150
21 0.274808 45 0.002250
22 0.284335 68 0.003400
23 0.293862 30 0.001500
24 0.303389 29 0.001450
25 0.312917 41 0.002050
26 0.322444 77 0.003850
27 0.331971 299 0.014950
28 0.341498 47 0.002350
29 0.351025 35 0.001750
30 0.360552 34 0.001700
31 0.370080 8 0.000400
32 0.379607 20 0.001000
33 0.389134 16 0.000800
34 0.398661 25 0.001250
35 0.408188 6 0.000300
36 0.417715 17 0.000850
37 0.427243 11 0.000550
38 0.436770 25 0.001250
39 0.446297 15 0.000750
40 0.455824 56 0.002800
41 0.465351 12 0.000600
42 0.474879 56 0.002800
43 0.484406 69 0.003450
44 0.493933 102 0.005100
45 0.503460 150 0.007500
46 0.512987 168 0.008400
47 0.522514 153 0.007650
48 0.532042 165 0.008250
49 0.541569 315 0.015750
50 0.551096 294 0.014700
51 0.560623 392 0.019600
52 0.570150 606 0.030300
53 0.579678 1052 0.052600
54 0.589205 2025 0.101250
55 0.598732 2270 0.113500
56 0.608259 1382 0.069100
57 0.617786 912 0.045600
58 0.627313 742 0.037100
59 0.636841 394 0.019700
60 0.646368 386 0.019300
61 0.655895 297 0.014850
62 0.665422 300 0.015000
63 0.674949 163 0.008150
64 0.684477 150 0.007500
65 0.694004 180 0.009000
66 0.703531 193 0.009650
67 0.713058 134 0.006700
68 0.722585 148 0.007400
69 0.732112 241 0.012050
70 0.741640 122 0.006100
71 0.751167 137 0.006850
72 0.760694 130 0.006500
73 0.770221 181 0.009050
74 0.779748 240 0.012000
75 0.789276 169 0.008450
76 0.798803 173 0.008650
77 0.808330 112 0.005600
78 0.817857 181 0.009050
79 0.827384 200 0.010000
80 0.836911 223 0.011150
81 0.846439 275 0.013750
82 0.855966 251 0.012550
83 0.865493 408 0.020400
84 0.875020 364 0.018200
85 0.884547 438 0.021900
86 0.894074 304 0.015200
87 0.903602 280 0.014000
88 0.913129 225 0.011250
89 0.922656 355 0.017750
90 0.932183 192 0.009600
91 0.941710 188 0.009400
92 0.951238 201 0.010050
93 0.960765 58 0.002900
94 0.970292 28 0.001400
95 0.979819 35 0.001750
96 0.989346 1 0.000050
97 0.998874 19 0.000950
98 1.008401 0 0.000000
99 1.017928 1 0.000050
