0 0.012055 9 0.000150
1 0.022034 8 0.000133
2 0.032013 12 0.000200
3 0.041993 15 0.000250
4 0.051972 25 0.000417
5 0.061951 7 0.000117
6 0.071930 15 0.000250
7 0.081910 22 0.000367
8 0.091889 19 0.000317
9 0.101868 12 0.000200
10 0.111847 22 0.000367
11 0.121827 14 0.000233
12 0.131806 12 0.000200
13 0.141785 19 0.000317
14 0.151764 22 0.000367
15 0.161744 26 0.000433
16 0.171723 12 0.000200
17 0.181702 23 0.000383
18 0.191681 23 0.000383
19 0.201661 32 0.000533
20 0.211640 37 0.000617
21 0.221619 48 0.000800
22 0.231598 26 0.000433
23 0.241578 37 0.000617
24 0.251557 77 0.001283
25 0.261536 71 0.001183
26 0.271515 85 0.001417
27 0.281494 108 0.001800
28 0.291474 109 0.001817
29 0.301453 143 0.002383
30 0.311432 267 0.004450
31 0.321411 279 0.004650
32 0.331391 343 0.005717
33 0.341370 191 0.003183
34 0.351349 252 0.004200
35 0.361328 298 0.004967
36 0.371308 492 0.008200
37 0.381287 417 0.006950
38 0.391266 416 0.006933
39 0.401245 512 0.008533
40 0.411225 698 0.011633
41 0.421204 1208 0.020133
42 0.431183 1079 0.017983
43 0.441162 859 0.014317
44 0.451142 1136 0.018933
45 0.461121 1533 0.025550
46 0.471100 1860 0.031000
47 0.481079 2549 0.042483
48 0.491059 4353 0.072550
49 0.501038 7550 0.125833
50 0.511017 2483 0.041383
51 0.520996 2117 0.035283
52 0.530976 1755 0.029250
53 0.540955 1254 0.020900
54 0.550934 1306 0.021767
55 0.560913 1466 0.024433
56 0.570893 2073 0.034550
57 0.580872 2524 0.042067
58 0.590851 3104 0.051733
59 0.600830 1784 0.029733
60 0.610810 1389 0.023150
61 0.620789 1416 0.023600
62 0.630768 807 0.013450
63 0.640747 493 0.008217
64 0.650726 524 0.008733
65 0.660706 419 0.006983
66 0.670685 447 0.007450
67 0.680664 355 0.005917
68 0.690643 235 0.003917
69 0.700623 224 0.003733
70 0.710602 229 0.003817
71 0.720581 187 0.003117
72 0.730560 214 0.003567
73 0.740540 201 0.003350
74 0.750519 192 0.003200
75 0.760498 174 0.002900
76 0.770477 233 0.003883
77 0.780457 222 0.003700
78 0.790436 224 0.003733
79 0.800415 186 0.003100
80 0.810394 207 0.003450
81 0.820374 267 0.004450
82 0.830353 250 0.004167
83 0.840332 267 0.004450
84 0.850311 325 0.005417
85 0.860291 460 0.007667
86 0.870270 380 0.006333
87 0.880249 405 0.006750
88 0.890228 272 0.004533
89 0.900208 297 0.004950
90 0.910187 289 0.004817
91 0.920166 371 0.006183
92 0.930145 249 0.004150
93 0.940125 166 0.002767
94 0.950104 58 0.000967
95 0.960083 46 0.000767
96 0.970062 44 0.000733
97 0.980042 15 0.000250
98 0.990021 12 0.000200
99 1.000000 1 0.000017
