0 0.074987 16 0.000800
1 0.084131 0 0.000000
2 0.093275 11 0.000550
3 0.102419 3 0.000150
4 0.111563 18 0.000900
5 0.120708 45 0.002250
6 0.129852 2 0.000100
7 0.138996 5 0.000250
8 0.148140 12 0.000600
9 0.157284 6 0.000300
10 0.166429 33 0.001650
11 0.175573 46 0.002300
12 0.184717 16 0.000800
13 0.193861 21 0.001050
14 0.203005 32 0.001600
15 0.212149 7 0.000350
16 0.221294 20 0.001000
17 0.230438 6 0.000300
18 0.239582 49 0.002450
19 0.248726 31 0.001550
20 0.257870 63 0.003150
21 0.267015 51 0.002550
22 0.276159 34 0.001700
23 0.285303 31 0.001550
24 0.294447 88 0.004400
25 0.303591 30 0.001500
26 0.312736 63 0.003150
27 0.321880 16 0.000800
28 0.331024 143 0.007150
29 0.340168 62 0.003100
30 0.349312 96 0.004800
31 0.358456 113 0.005650
32 0.367601 60 0.003000
33 0.376745 120 0.006000
34 0.385889 154 0.007700
35 0.395033 175 0.008750
36 0.404177 220 0.011000
37 0.413322 184 0.009200
38 0.422466 181 0.009050
39 0.431610 238 0.011900
40 0.440754 381 0.019050
41 0.449898 408 0.020400
42 0.459043 551 0.027550
43 0.468187 533 0.026650
44 0.477331 720 0.036000
45 0.486475 1332 0.066600
46 0.495619 2095 0.104750
47 0.504763 3108 0.155400
48 0.513908 2087 0.104350
49 0.523052 1104 0.055200
50 0.532196 923 0.046150
51 0.541340 543 0.027150
52 0.550484 437 0.021850
53 0.559629 267 0.013350
54 0.568773 396 0.019800
55 0.577917 385 0.019250
56 0.587061 204 0.010200
57 0.596205 199 0.009950
58 0.605350 162 0.008100
59 0.614494 196 0.009800
60 0.623638 143 0.007150
61 0.632782 135 0.006750
62 0.641926 126 0.006300
63 0.651070 71 0.003550
64 0.660215 124 0.006200
65 0.669359 95 0.004750
66 0.678503 130 0.006500
67 0.687647 22 0.001100
68 0.696791 35 0.001750
69 0.705936 22 0.001100
70 0.715080 42 0.002100
71 0.724224 45 0.002250
72 0.733368 20 0.001000
73 0.742512 40 0.002000
74 0.751657 75 0.003750
75 0.760801 20 0.001000
76 0.769945 34 0.001700
77 0.779089 6 0.000300
78 0.788233 36 0.001800
79 0.797377 1 0.000050
80 0.806522 24 0.001200
81 0.815666 45 0.002250
82 0.824810 23 0.001150
83 0.833954 11 0.000550
84 0.843098 30 0.001500
85 0.852243 4 0.000200
86 0.861387 5 0.000250
87 0.870531 4 0.000200
88 0.879675 36 0.001800
89 0.888819 19 0.000950
90 0.897964 12 0.000600
91 0.907108 8 0.000400
92 0.916252 4 0.000200
93 0.925396 11 0.000550
94 0.934540 1 0.000050
95 0.943684 0 0.000000
96 0.952829 7 0.000350
97 0.961973 0 0.000000
98 0.971117 2 0.000100
99 0.980261 0 0.000000
