0 0.122462 4 0.000200
1 0.130356 0 0.000000
2 0.138250 0 0.000000
3 0.146144 0 0.000000
4 0.154039 0 0.000000
5 0.161933 0 0.000000
6 0.169827 0 0.000000
7 0.177721 0 0.000000
8 0.185615 0 0.000000
9 0.193510 0 0.000000
10 0.201404 1 0.000050
11 0.209298 3 0.000150
12 0.217192 6 0.000300
13 0.225086 7 0.000350
14 0.232981 2 0.000100
15 0.240875 1 0.000050
16 0.248769 1 0.000050
17 0.256663 0 0.000000
18 0.264557 0 0.000000
19 0.272451 1 0.000050
20 0.280346 0 0.000000
21 0.288240 5 0.000250
22 0.296134 9 0.000450
23 0.304028 34 0.001700
24 0.311922 35 0.001750
25 0.319817 45 0.002250
26 0.327711 76 0.003800
27 0.335605 49 0.002450
28 0.343499 32 0.001600
29 0.351393 82 0.004100
30 0.359288 135 0.006750
31 0.367182 243 0.012150
32 0.375076 221 0.011050
33 0.382970 184 0.009200
34 0.390864 178 0.008900
35 0.398759 181 0.009050
36 0.406653 265 0.013250
37 0.414547 323 0.016150
38 0.422441 739 0.036950
39 0.430335 652 0.032600
40 0.438230 348 0.017400
41 0.446124 316 0.015800
42 0.454018 491 0.024550
43 0.461912 558 0.027900
44 0.469806 802 0.040100
45 0.477701 458 0.022900
46 0.485595 601 0.030050
47 0.493489 856 0.042800
48 0.501383 4467 0.223350
49 0.509277 691 0.034550
50 0.517172 627 0.031350
51 0.525066 903 0.045150
52 0.532960 682 0.034100
53 0.540854 408 0.020400
54 0.548748 379 0.018950
55 0.556643 465 0.023250
56 0.564537 519 0.025950
57 0.572431 553 0.027650
58 0.580325 364 0.018200
59 0.588219 246 0.012300
60 0.596114 208 0.010400
61 0.604008 213 0.010650
62 0.611902 182 0.009100
63 0.619796 286 0.014300
64 0.627690 317 0.015850
65 0.635585 96 0.004800
66 0.643479 52 0.002600
67 0.651373 69 0.003450
68 0.659267 63 0.003150
69 0.667161 85 0.004250
70 0.675056 72 0.003600
71 0.682950 35 0.001750
72 0.690844 13 0.000650
73 0.698738 14 0.000700
74 0.706632 17 0.000850
75 0.714527 2 0.000100
76 0.722421 0 0.000000
77 0.730315 0 0.000000
78 0.738209 0 0.000000
79 0.746103 1 0.000050
80 0.753998 3 0.000150
81 0.761892 0 0.000000
82 0.769786 1 0.000050
83 0.777680 1 0.000050
84 0.785574 4 0.000200
85 0.793469 7 0.000350
86 0.801363 4 0.000200
87 0.809257 3 0.000150
88 0.817151 0 0.000000
89 0.825045 0 0.000000
90 0.832940 0 0.000000
91 0.840834 0 0.000000
92 0.848728 0 0.000000
93 0.856622 0 0.000000
94 0.864516 2 0.000100
95 0.872410 0 0.000000
96 0.880305 0 0.000000
97 0.888199 1 0.000050
98 0.896093 0 0.000000
99 0.903987 1 0.000050
