0 0.012055 4 0.000200
1 0.021824 3 0.000150
2 0.031594 7 0.000350
3 0.041363 11 0.000550
4 0.051132 15 0.000750
5 0.060902 8 0.000400
6 0.070671 12 0.000600
7 0.080441 16 0.000800
8 0.090210 8 0.000400
9 0.099979 10 0.000500
10 0.109749 14 0.000700
11 0.119518 10 0.000500
12 0.129287 10 0.000500
13 0.139057 14 0.000700
14 0.148826 12 0.000600
15 0.158596 23 0.001150
16 0.168365 16 0.000800
17 0.178134 18 0.000900
18 0.187904 20 0.001000
19 0.197673 18 0.000900
20 0.207442 37 0.001850
21 0.217212 34 0.001700
22 0.226981 26 0.001300
23 0.236751 15 0.000750
24 0.246520 45 0.002250
25 0.256289 42 0.002100
26 0.266059 48 0.002400
27 0.275828 63 0.003150
28 0.285598 56 0.002800
29 0.295367 61 0.003050
30 0.305136 69 0.003450
31 0.314906 83 0.004150
32 0.324675 90 0.004500
33 0.334444 80 0.004000
34 0.344214 73 0.003650
35 0.353983 81 0.004050
36 0.363753 122 0.006100
37 0.373522 118 0.005900
38 0.383291 180 0.009000
39 0.393061 218 0.010900
40 0.402830 205 0.010250
41 0.412599 264 0.013200
42 0.422369 283 0.014150
43 0.432138 374 0.018700
44 0.441908 383 0.019150
45 0.451677 536 0.026800
46 0.461446 722 0.036100
47 0.471216 924 0.046200
48 0.480985 1714 0.085700
49 0.490754 3116 0.155800
50 0.500524 2766 0.138300
51 0.510293 1552 0.077600
52 0.520063 978 0.048900
53 0.529832 631 0.031550
54 0.539601 451 0.022550
55 0.549371 364 0.018200
56 0.559140 374 0.018700
57 0.568909 337 0.016850
58 0.578679 321 0.016050
59 0.588448 190 0.009500
60 0.598218 180 0.009000
61 0.607987 141 0.007050
62 0.617756 160 0.008000
63 0.627526 100 0.005000
64 0.637295 107 0.005350
65 0.647065 129 0.006450
66 0.656834 91 0.004550
67 0.666603 91 0.004550
68 0.676373 107 0.005350
69 0.686142 50 0.002500
70 0.695911 45 0.002250
71 0.705681 31 0.001550
72 0.715450 45 0.002250
73 0.725220 39 0.001950
74 0.734989 30 0.001500
75 0.744758 28 0.001400
76 0.754528 27 0.001350
77 0.764297 26 0.001300
78 0.774066 27 0.001350
79 0.783836 31 0.001550
80 0.793605 20 0.001000
81 0.803375 17 0.000850
82 0.813144 20 0.001000
83 0.822913 22 0.001100
84 0.832683 19 0.000950
85 0.842452 20 0.001000
86 0.852221 14 0.000700
87 0.861991 9 0.000450
88 0.871760 5 0.000250
89 0.881530 12 0.000600
90 0.891299 14 0.000700
91 0.901068 15 0.000750
92 0.910838 10 0.000500
93 0.920607 13 0.000650
94 0.930376 14 0.000700
95 0.940146 4 0.000200
96 0.949915 1 0.000050
97 0.959685 7 0.000350
98 0.969454 3 0.000150
99 0.979223 1 0.000050
