0 0.000000 49430 0.823833
1 0.001467 2468 0.041133
2 0.002934 1622 0.027033
3 0.004400 1141 0.019017
4 0.005867 1195 0.019917
5 0.007334 668 0.011133
6 0.008801 449 0.007483
7 0.010268 355 0.005917
8 0.011735 387 0.006450
9 0.013201 345 0.005750
10 0.014668 274 0.004567
11 0.016135 205 0.003417
12 0.017602 303 0.005050
13 0.019069 190 0.003167
14 0.020536 156 0.002600
15 0.022002 162 0.002700
16 0.023469 95 0.001583
17 0.024936 93 0.001550
18 0.026403 70 0.001167
19 0.027870 69 0.001150
20 0.029336 45 0.000750
21 0.030803 43 0.000717
22 0.032270 40 0.000667
23 0.033737 38 0.000633
24 0.035204 31 0.000517
25 0.036671 23 0.000383
26 0.038137 21 0.000350
27 0.039604 14 0.000233
28 0.041071 8 0.000133
29 0.042538 1 0.000017
30 0.044005 3 0.000050
31 0.045472 2 0.000033
32 0.046938 2 0.000033
33 0.048405 0 0.000000
34 0.049872 4 0.000067
35 0.051339 1 0.000017
36 0.052806 0 0.000000
37 0.054272 1 0.000017
38 0.055739 1 0.000017
39 0.057206 0 0.000000
40 0.058673 2 0.000033
41 0.060140 2 0.000033
42 0.061607 0 0.000000
43 0.063073 3 0.000050
44 0.064540 1 0.000017
45 0.066007 0 0.000000
46 0.067474 1 0.000017
47 0.068941 1 0.000017
48 0.070407 1 0.000017
49 0.071874 0 0.000000
50 0.073341 0 0.000000
51 0.074808 1 0.000017
52 0.076275 1 0.000017
53 0.077742 2 0.000033
54 0.079208 6 0.000100
55 0.080675 5 0.000083
56 0.082142 5 0.000083
57 0.083609 4 0.000067
58 0.085076 3 0.000050
59 0.086543 2 0.000033
60 0.088009 0 0.000000
61 0.089476 0 0.000000
62 0.090943 0 0.000000
63 0.092410 0 0.000000
64 0.093877 0 0.000000
65 0.095343 0 0.000000
66 0.096810 0 0.000000
67 0.098277 0 0.000000
68 0.099744 0 0.000000
69 0.101211 0 0.000000
70 0.102678 1 0.000017
71 0.104144 0 0.000000
72 0.105611 0 0.000000
73 0.107078 0 0.000000
74 0.108545 0 0.000000
75 0.110012 0 0.000000
76 0.111479 0 0.000000
77 0.112945 0 0.000000
78 0.114412 0 0.000000
79 0.115879 0 0.000000
80 0.117346 0 0.000000
81 0.118813 0 0.000000
82 0.120279 0 0.000000
83 0.121746 0 0.000000
84 0.123213 0 0.000000
85 0.124680 1 0.000017
86 0.126147 1 0.000017
87 0.127614 0 0.000000
88 0.129080 0 0.000000
89 0.130547 0 0.000000
90 0.132014 0 0.000000
91 0.133481 0 0.000000
92 0.134948 0 0.000000
93 0.136415 0 0.000000
94 0.137881 0 0.000000
95 0.139348 0 0.000000
96 0.140815 0 0.000000
97 0.142282 1 0.000017
98 0.143749 0 0.000000
99 0.145215 1 0.000017
