0 -0.141476 1 0.000050
1 -0.139164 0 0.000000
2 -0.136853 0 0.000000
3 -0.134542 0 0.000000
4 -0.132230 0 0.000000
5 -0.129919 0 0.000000
6 -0.127608 0 0.000000
7 -0.125296 1 0.000050
8 -0.122985 0 0.000000
9 -0.120674 0 0.000000
10 -0.118362 0 0.000000
11 -0.116051 0 0.000000
12 -0.113740 0 0.000000
13 -0.111428 1 0.000050
14 -0.109117 0 0.000000
15 -0.106806 3 0.000150
16 -0.104495 1 0.000050
17 -0.102183 0 0.000000
18 -0.099872 0 0.000000
19 -0.097561 0 0.000000
20 -0.095249 0 0.000000
21 -0.092938 0 0.000000
22 -0.090627 1 0.000050
23 -0.088315 2 0.000100
24 -0.086004 0 0.000000
25 -0.083693 1 0.000050
26 -0.081381 1 0.000050
27 -0.079070 2 0.000100
28 -0.076759 8 0.000400
29 -0.074447 8 0.000400
30 -0.072136 4 0.000200
31 -0.069825 2 0.000100
32 -0.067513 8 0.000400
33 -0.065202 9 0.000450
34 -0.062891 6 0.000300
35 -0.060579 8 0.000400
36 -0.058268 8 0.000400
37 -0.055957 13 0.000650
38 -0.053645 11 0.000550
39 -0.051334 22 0.001100
40 -0.049023 14 0.000700
41 -0.046712 21 0.001050
42 -0.044400 20 0.001000
43 -0.042089 41 0.002050
44 -0.039778 43 0.002150
45 -0.037466 70 0.003500
46 -0.035155 96 0.004800
47 -0.032844 65 0.003250
48 -0.030532 107 0.005350
49 -0.028221 130 0.006500
50 -0.025910 169 0.008450
51 -0.023598 329 0.016450
52 -0.021287 357 0.017850
53 -0.018976 618 0.030900
54 -0.016664 960 0.048000
55 -0.014353 1376 0.068800
56 -0.012042 1793 0.089650
57 -0.009730 2510 0.125500
58 -0.007419 2788 0.139400
59 -0.005108 2669 0.133450
60 -0.002796 2141 0.107050
61 -0.000485 1291 0.064550
62 0.001826 701 0.035050
63 0.004138 463 0.023150
64 0.006449 281 0.014050
65 0.008760 174 0.008700
66 0.011071 128 0.006400
67 0.013383 95 0.004750
68 0.015694 64 0.003200
69 0.018005 66 0.003300
70 0.020317 26 0.001300
71 0.022628 26 0.001300
72 0.024939 24 0.001200
73 0.027251 16 0.000800
74 0.029562 18 0.000900
75 0.031873 18 0.000900
76 0.034185 16 0.000800
77 0.036496 20 0.001000
78 0.038807 8 0.000400
79 0.041119 11 0.000550
80 0.043430 14 0.000700
81 0.045741 10 0.000500
82 0.048053 10 0.000500
83 0.050364 13 0.000650
84 0.052675 18 0.000900
85 0.054987 6 0.000300
86 0.057298 10 0.000500
87 0.059609 8 0.000400
88 0.061920 5 0.000250
89 0.064232 5 0.000250
90 0.066543 3 0.000150
91 0.068854 3 0.000150
92 0.071166 2 0.000100
93 0.073477 2 0.000100
94 0.075788 1 0.000050
95 0.078100 3 0.000150
96 0.080411 1 0.000050
97 0.082722 0 0.000000
98 0.085034 1 0.000050
99 0.087345 1 0.000050
