0 -0.378088 1 0.000017
1 -0.370420 0 0.000000
2 -0.362752 0 0.000000
3 -0.355083 0 0.000000
4 -0.347415 0 0.000000
5 -0.339747 0 0.000000
6 -0.332078 0 0.000000
7 -0.324410 1 0.000017
8 -0.316742 0 0.000000
9 -0.309074 0 0.000000
10 -0.301405 2 0.000033
11 -0.293737 7 0.000117
12 -0.286069 8 0.000133
13 -0.278400 0 0.000000
14 -0.270732 1 0.000017
15 -0.263064 2 0.000033
16 -0.255396 0 0.000000
17 -0.247727 2 0.000033
18 -0.240059 1 0.000017
19 -0.232391 2 0.000033
20 -0.224723 2 0.000033
21 -0.217054 5 0.000083
22 -0.209386 9 0.000150
23 -0.201718 31 0.000517
24 -0.194049 40 0.000667
25 -0.186381 52 0.000867
26 -0.178713 65 0.001083
27 -0.171045 43 0.000717
28 -0.163376 57 0.000950
29 -0.155708 106 0.001767
30 -0.148040 163 0.002717
31 -0.140371 324 0.005400
32 -0.132703 192 0.003200
33 -0.125035 160 0.002667
34 -0.117367 153 0.002550
35 -0.109698 217 0.003617
36 -0.102030 274 0.004567
37 -0.094362 410 0.006833
38 -0.086694 734 0.012233
39 -0.079025 671 0.011183
40 -0.071357 410 0.006833
41 -0.063689 395 0.006583
42 -0.056020 543 0.009050
43 -0.048352 805 0.013417
44 -0.040684 1331 0.022183
45 -0.033016 1801 0.030017
46 -0.025347 4423 0.073717
47 -0.017679 12650 0.210833
48 -0.010011 17106 0.285100
49 -0.002342 6929 0.115483
50 0.005326 2086 0.034767
51 0.012994 1625 0.027083
52 0.020662 1093 0.018217
53 0.028331 545 0.009083
54 0.035999 492 0.008200
55 0.043667 442 0.007367
56 0.051335 490 0.008167
57 0.059004 656 0.010933
58 0.066672 351 0.005850
59 0.074340 258 0.004300
60 0.082009 210 0.003500
61 0.089677 179 0.002983
62 0.097345 186 0.003100
63 0.105013 189 0.003150
64 0.112682 309 0.005150
65 0.120350 177 0.002950
66 0.128018 79 0.001317
67 0.135687 65 0.001083
68 0.143355 98 0.001633
69 0.151023 111 0.001850
70 0.158691 105 0.001750
71 0.166360 46 0.000767
72 0.174028 13 0.000217
73 0.181696 17 0.000283
74 0.189364 21 0.000350
75 0.197033 3 0.000050
76 0.204701 1 0.000017
77 0.212369 0 0.000000
78 0.220038 3 0.000050
79 0.227706 0 0.000000
80 0.235374 1 0.000017
81 0.243042 2 0.000033
82 0.250711 3 0.000050
83 0.258379 1 0.000017
84 0.266047 0 0.000000
85 0.273716 3 0.000050
86 0.281384 4 0.000067
87 0.289052 5 0.000083
88 0.296720 0 0.000000
89 0.304389 0 0.000000
90 0.312057 0 0.000000
91 0.319725 0 0.000000
92 0.327394 0 0.000000
93 0.335062 0 0.000000
94 0.342730 0 0.000000
95 0.350398 2 0.000033
96 0.358067 0 0.000000
97 0.365735 0 0.000000
98 0.373403 0 0.000000
99 0.381071 1 0.000017
