0 -0.153981 1 0.000050
1 -0.150844 0 0.000000
2 -0.147707 1 0.000050
3 -0.144570 0 0.000000
4 -0.141433 0 0.000000
5 -0.138296 1 0.000050
6 -0.135159 0 0.000000
7 -0.132022 0 0.000000
8 -0.128885 3 0.000150
9 -0.125747 1 0.000050
10 -0.122610 1 0.000050
11 -0.119473 1 0.000050
12 -0.116336 2 0.000100
13 -0.113199 1 0.000050
14 -0.110062 3 0.000150
15 -0.106925 0 0.000000
16 -0.103788 0 0.000000
17 -0.100651 2 0.000100
18 -0.097514 0 0.000000
19 -0.094376 0 0.000000
20 -0.091239 2 0.000100
21 -0.088102 1 0.000050
22 -0.084965 3 0.000150
23 -0.081828 4 0.000200
24 -0.078691 0 0.000000
25 -0.075554 2 0.000100
26 -0.072417 11 0.000550
27 -0.069280 4 0.000200
28 -0.066143 9 0.000450
29 -0.063005 6 0.000300
30 -0.059868 11 0.000550
31 -0.056731 19 0.000950
32 -0.053594 25 0.001250
33 -0.050457 24 0.001200
34 -0.047320 40 0.002000
35 -0.044183 73 0.003650
36 -0.041046 95 0.004750
37 -0.037909 150 0.007500
38 -0.034772 247 0.012350
39 -0.031635 250 0.012500
40 -0.028497 491 0.024550
41 -0.025360 741 0.037050
42 -0.022223 1050 0.052500
43 -0.019086 1856 0.092800
44 -0.015949 2723 0.136150
45 -0.012812 3332 0.166600
46 -0.009675 2961 0.148050
47 -0.006538 1974 0.098700
48 -0.003401 1341 0.067050
49 -0.000264 795 0.039750
50 0.002874 534 0.026700
51 0.006011 353 0.017650
52 0.009148 220 0.011000
53 0.012285 161 0.008050
54 0.015422 135 0.006750
55 0.018559 91 0.004550
56 0.021696 47 0.002350
57 0.024833 30 0.001500
58 0.027970 31 0.001550
59 0.031107 13 0.000650
60 0.034245 10 0.000500
61 0.037382 20 0.001000
62 0.040519 21 0.001050
63 0.043656 15 0.000750
64 0.046793 7 0.000350
65 0.049930 6 0.000300
66 0.053067 2 0.000100
67 0.056204 3 0.000150
68 0.059341 4 0.000200
69 0.062478 6 0.000300
70 0.065616 7 0.000350
71 0.068753 4 0.000200
72 0.071890 4 0.000200
73 0.075027 4 0.000200
74 0.078164 1 0.000050
75 0.081301 0 0.000000
76 0.084438 0 0.000000
77 0.087575 4 0.000200
78 0.090712 1 0.000050
79 0.093849 0 0.000000
80 0.096987 1 0.000050
81 0.100124 1 0.000050
82 0.103261 0 0.000000
83 0.106398 0 0.000000
84 0.109535 1 0.000050
85 0.112672 0 0.000000
86 0.115809 0 0.000000
87 0.118946 0 0.000000
88 0.122083 0 0.000000
89 0.125220 0 0.000000
90 0.128358 1 0.000050
91 0.131495 0 0.000000
92 0.134632 0 0.000000
93 0.137769 0 0.000000
94 0.140906 1 0.000050
95 0.144043 0 0.000000
96 0.147180 1 0.000050
97 0.150317 1 0.000050
98 0.153454 1 0.000050
99 0.156591 1 0.000050
