0 -0.378088 1 0.000050
1 -0.370420 0 0.000000
2 -0.362752 0 0.000000
3 -0.355083 0 0.000000
4 -0.347415 0 0.000000
5 -0.339747 0 0.000000
6 -0.332078 0 0.000000
7 -0.324410 1 0.000050
8 -0.316742 0 0.000000
9 -0.309074 0 0.000000
10 -0.301405 2 0.000100
11 -0.293737 7 0.000350
12 -0.286069 8 0.000400
13 -0.278400 0 0.000000
14 -0.270732 1 0.000050
15 -0.263064 2 0.000100
16 -0.255396 0 0.000000
17 -0.247727 2 0.000100
18 -0.240059 1 0.000050
19 -0.232391 2 0.000100
20 -0.224723 2 0.000100
21 -0.217054 5 0.000250
22 -0.209386 9 0.000450
23 -0.201718 31 0.001550
24 -0.194049 40 0.002000
25 -0.186381 52 0.002600
26 -0.178713 65 0.003250
27 -0.171045 43 0.002150
28 -0.163376 57 0.002850
29 -0.155708 105 0.005250
30 -0.148040 161 0.008050
31 -0.140371 323 0.016150
32 -0.132703 189 0.009450
33 -0.125035 156 0.007800
34 -0.117367 150 0.007500
35 -0.109698 209 0.010450
36 -0.102030 272 0.013600
37 -0.094362 406 0.020300
38 -0.086694 723 0.036150
39 -0.079025 642 0.032100
40 -0.071357 375 0.018750
41 -0.063689 350 0.017500
42 -0.056020 439 0.021950
43 -0.048352 592 0.029600
44 -0.040684 764 0.038200
45 -0.033016 590 0.029500
46 -0.025347 826 0.041300
47 -0.017679 1590 0.079500
48 -0.010011 2548 0.127400
49 -0.002342 990 0.049500
50 0.005326 619 0.030950
51 0.012994 1063 0.053150
52 0.020662 904 0.045200
53 0.028331 443 0.022150
54 0.035999 398 0.019900
55 0.043667 379 0.018950
56 0.051335 445 0.022250
57 0.059004 624 0.031200
58 0.066672 330 0.016500
59 0.074340 246 0.012300
60 0.082009 205 0.010250
61 0.089677 177 0.008850
62 0.097345 184 0.009200
63 0.105013 188 0.009400
64 0.112682 309 0.015450
65 0.120350 177 0.008850
66 0.128018 78 0.003900
67 0.135687 64 0.003200
68 0.143355 97 0.004850
69 0.151023 108 0.005400
70 0.158691 105 0.005250
71 0.166360 46 0.002300
72 0.174028 13 0.000650
73 0.181696 17 0.000850
74 0.189364 21 0.001050
75 0.197033 3 0.000150
76 0.204701 1 0.000050
77 0.212369 0 0.000000
78 0.220038 3 0.000150
79 0.227706 0 0.000000
80 0.235374 1 0.000050
81 0.243042 2 0.000100
82 0.250711 3 0.000150
83 0.258379 1 0.000050
84 0.266047 0 0.000000
85 0.273716 3 0.000150
86 0.281384 4 0.000200
87 0.289052 5 0.000250
88 0.296720 0 0.000000
89 0.304389 0 0.000000
90 0.312057 0 0.000000
91 0.319725 0 0.000000
92 0.327394 0 0.000000
93 0.335062 0 0.000000
94 0.342730 0 0.000000
95 0.350398 2 0.000100
96 0.358067 0 0.000000
97 0.365735 0 0.000000
98 0.373403 0 0.000000
99 0.381071 1 0.000050
