0 0.015610 1 0.000050
1 0.025344 5 0.000250
2 0.035077 7 0.000350
3 0.044811 10 0.000500
4 0.054544 10 0.000500
5 0.064278 10 0.000500
6 0.074011 6 0.000300
7 0.083745 10 0.000500
8 0.093478 10 0.000500
9 0.103211 6 0.000300
10 0.112945 8 0.000400
11 0.122678 7 0.000350
12 0.132412 9 0.000450
13 0.142145 11 0.000550
14 0.151879 11 0.000550
15 0.161612 17 0.000850
16 0.171346 17 0.000850
17 0.181079 20 0.001000
18 0.190813 19 0.000950
19 0.200546 29 0.001450
20 0.210280 30 0.001500
21 0.220013 28 0.001400
22 0.229747 21 0.001050
23 0.239480 26 0.001300
24 0.249213 36 0.001800
25 0.258947 28 0.001400
26 0.268680 38 0.001900
27 0.278414 56 0.002800
28 0.288147 60 0.003000
29 0.297881 63 0.003150
30 0.307614 73 0.003650
31 0.317348 71 0.003550
32 0.327081 72 0.003600
33 0.336815 93 0.004650
34 0.346548 93 0.004650
35 0.356282 78 0.003900
36 0.366015 116 0.005800
37 0.375749 125 0.006250
38 0.385482 152 0.007600
39 0.395215 183 0.009150
40 0.404949 234 0.011700
41 0.414682 205 0.010250
42 0.424416 259 0.012950
43 0.434149 353 0.017650
44 0.443883 434 0.021700
45 0.453616 579 0.028950
46 0.463350 754 0.037700
47 0.473083 1141 0.057050
48 0.482817 1984 0.099200
49 0.492550 3238 0.161900
50 0.502284 2616 0.130800
51 0.512017 1497 0.074850
52 0.521751 851 0.042550
53 0.531484 654 0.032700
54 0.541217 465 0.023250
55 0.550951 370 0.018500
56 0.560684 344 0.017200
57 0.570418 296 0.014800
58 0.580151 292 0.014600
59 0.589885 189 0.009450
60 0.599618 177 0.008850
61 0.609352 156 0.007800
62 0.619085 125 0.006250
63 0.628819 123 0.006150
64 0.638552 106 0.005300
65 0.648286 99 0.004950
66 0.658019 72 0.003600
67 0.667752 64 0.003200
68 0.677486 74 0.003700
69 0.687219 35 0.001750
70 0.696953 44 0.002200
71 0.706686 37 0.001850
72 0.716420 36 0.001800
73 0.726153 36 0.001800
74 0.735887 32 0.001600
75 0.745620 25 0.001250
76 0.755354 25 0.001250
77 0.765087 26 0.001300
78 0.774821 25 0.001250
79 0.784554 25 0.001250
80 0.794288 15 0.000750
81 0.804021 21 0.001050
82 0.813754 22 0.001100
83 0.823488 22 0.001100
84 0.833221 20 0.001000
85 0.842955 19 0.000950
86 0.852688 12 0.000600
87 0.862422 8 0.000400
88 0.872155 7 0.000350
89 0.881889 11 0.000550
90 0.891622 15 0.000750
91 0.901356 12 0.000600
92 0.911089 11 0.000550
93 0.920823 11 0.000550
94 0.930556 15 0.000750
95 0.940289 4 0.000200
96 0.950023 1 0.000050
97 0.959756 6 0.000300
98 0.969490 5 0.000250
99 0.979223 1 0.000050
