0 0.076010 4 0.000200
1 0.085389 10 0.000500
2 0.094768 8 0.000400
3 0.104147 8 0.000400
4 0.113527 2 0.000100
5 0.122906 6 0.000300
6 0.132285 5 0.000250
7 0.141664 2 0.000100
8 0.151043 6 0.000300
9 0.160423 8 0.000400
10 0.169802 5 0.000250
11 0.179181 7 0.000350
12 0.188560 5 0.000250
13 0.197939 6 0.000300
14 0.207319 2 0.000100
15 0.216698 17 0.000850
16 0.226077 11 0.000550
17 0.235456 6 0.000300
18 0.244835 14 0.000700
19 0.254215 31 0.001550
20 0.263594 19 0.000950
21 0.272973 33 0.001650
22 0.282352 25 0.001250
23 0.291731 27 0.001350
24 0.301111 42 0.002100
25 0.310490 75 0.003750
26 0.319869 98 0.004900
27 0.329248 202 0.010100
28 0.338627 95 0.004750
29 0.348007 14 0.000700
30 0.357386 11 0.000550
31 0.366765 8 0.000400
32 0.376144 20 0.001000
33 0.385523 17 0.000850
34 0.394903 17 0.000850
35 0.404282 24 0.001200
36 0.413661 32 0.001600
37 0.423040 28 0.001400
38 0.432419 18 0.000900
39 0.441799 22 0.001100
40 0.451178 22 0.001100
41 0.460557 58 0.002900
42 0.469936 39 0.001950
43 0.479315 71 0.003550
44 0.488695 99 0.004950
45 0.498074 104 0.005200
46 0.507453 97 0.004850
47 0.516832 116 0.005800
48 0.526211 141 0.007050
49 0.535591 175 0.008750
50 0.544970 251 0.012550
51 0.554349 313 0.015650
52 0.563728 469 0.023450
53 0.573107 561 0.028050
54 0.582487 816 0.040800
55 0.591866 2354 0.117700
56 0.601245 2736 0.136800
57 0.610624 1578 0.078900
58 0.620003 918 0.045900
59 0.629383 557 0.027850
60 0.638762 487 0.024350
61 0.648141 366 0.018300
62 0.657520 281 0.014050
63 0.666900 226 0.011300
64 0.676279 200 0.010000
65 0.685658 210 0.010500
66 0.695037 203 0.010150
67 0.704416 188 0.009400
68 0.713796 140 0.007000
69 0.723175 111 0.005550
70 0.732554 119 0.005950
71 0.741933 131 0.006550
72 0.751312 151 0.007550
73 0.760692 143 0.007150
74 0.770071 129 0.006450
75 0.779450 135 0.006750
76 0.788829 160 0.008000
77 0.798208 185 0.009250
78 0.807588 191 0.009550
79 0.816967 172 0.008600
80 0.826346 165 0.008250
81 0.835725 209 0.010450
82 0.845104 186 0.009300
83 0.854484 218 0.010900
84 0.863863 245 0.012250
85 0.873242 352 0.017600
86 0.882621 319 0.015950
87 0.892000 368 0.018400
88 0.901380 197 0.009850
89 0.910759 175 0.008750
90 0.920138 205 0.010250
91 0.929517 235 0.011750
92 0.938896 251 0.012550
93 0.948276 180 0.009000
94 0.957655 128 0.006400
95 0.967034 86 0.004300
96 0.976413 42 0.002100
97 0.985792 32 0.001600
98 0.995172 13 0.000650
99 1.004551 1 0.000050
