0 0.015610 9 0.000150
1 0.025547 14 0.000233
2 0.035484 8 0.000133
3 0.045421 12 0.000200
4 0.055358 13 0.000217
5 0.065295 14 0.000233
6 0.075231 9 0.000150
7 0.085168 11 0.000183
8 0.095105 15 0.000250
9 0.105042 11 0.000183
10 0.114979 15 0.000250
11 0.124916 9 0.000150
12 0.134853 14 0.000233
13 0.144790 15 0.000250
14 0.154726 14 0.000233
15 0.164663 19 0.000317
16 0.174600 16 0.000267
17 0.184537 26 0.000433
18 0.194474 23 0.000383
19 0.204411 50 0.000833
20 0.214348 45 0.000750
21 0.224284 37 0.000617
22 0.234221 29 0.000483
23 0.244158 66 0.001100
24 0.254095 58 0.000967
25 0.264032 67 0.001117
26 0.273969 92 0.001533
27 0.283906 88 0.001467
28 0.293843 107 0.001783
29 0.303779 133 0.002217
30 0.313716 224 0.003733
31 0.323653 314 0.005233
32 0.333590 301 0.005017
33 0.343527 244 0.004067
34 0.353464 247 0.004117
35 0.363401 299 0.004983
36 0.373337 532 0.008867
37 0.383274 395 0.006583
38 0.393211 394 0.006567
39 0.403148 589 0.009817
40 0.413085 672 0.011200
41 0.423022 1327 0.022117
42 0.432959 1020 0.017000
43 0.442896 896 0.014933
44 0.452832 1191 0.019850
45 0.462769 1660 0.027667
46 0.472706 2000 0.033333
47 0.482643 2824 0.047067
48 0.492580 6577 0.109617
49 0.502517 4765 0.079417
50 0.512454 2414 0.040233
51 0.522390 2153 0.035883
52 0.532327 1887 0.031450
53 0.542264 1288 0.021467
54 0.552201 1384 0.023067
55 0.562138 1478 0.024633
56 0.572075 2278 0.037967
57 0.582012 2870 0.047833
58 0.591949 3291 0.054850
59 0.601885 1896 0.031600
60 0.611822 1209 0.020150
61 0.621759 1292 0.021533
62 0.631696 712 0.011867
63 0.641633 519 0.008650
64 0.651570 497 0.008283
65 0.661507 402 0.006700
66 0.671443 396 0.006600
67 0.681380 271 0.004517
68 0.691317 267 0.004450
69 0.701254 216 0.003600
70 0.711191 180 0.003000
71 0.721128 181 0.003017
72 0.731065 168 0.002800
73 0.741002 177 0.002950
74 0.750938 176 0.002933
75 0.760875 172 0.002867
76 0.770812 216 0.003600
77 0.780749 182 0.003033
78 0.790686 206 0.003433
79 0.800623 167 0.002783
80 0.810560 183 0.003050
81 0.820496 252 0.004200
82 0.830433 221 0.003683
83 0.840370 255 0.004250
84 0.850307 309 0.005150
85 0.860244 426 0.007100
86 0.870181 364 0.006067
87 0.880118 376 0.006267
88 0.890055 238 0.003967
89 0.899991 236 0.003933
90 0.909928 242 0.004033
91 0.919865 311 0.005183
92 0.929802 225 0.003750
93 0.939739 137 0.002283
94 0.949676 57 0.000950
95 0.959613 46 0.000767
96 0.969549 42 0.000700
97 0.979486 18 0.000300
98 0.989423 5 0.000083
99 0.999360 2 0.000033
