0 0.467717 4 0.000200
1 0.468562 1 0.000050
2 0.469407 1 0.000050
3 0.470253 2 0.000100
4 0.471098 3 0.000150
5 0.471943 2 0.000100
6 0.472788 4 0.000200
7 0.473633 3 0.000150
8 0.474479 3 0.000150
9 0.475324 9 0.000450
10 0.476169 12 0.000600
11 0.477014 7 0.000350
12 0.477860 12 0.000600
13 0.478705 1 0.000050
14 0.479550 10 0.000500
15 0.480395 6 0.000300
16 0.481240 18 0.000900
17 0.482086 9 0.000450
18 0.482931 7 0.000350
19 0.483776 10 0.000500
20 0.484621 10 0.000500
21 0.485466 17 0.000850
22 0.486312 12 0.000600
23 0.487157 13 0.000650
24 0.488002 13 0.000650
25 0.488847 23 0.001150
26 0.489692 22 0.001100
27 0.490538 16 0.000800
28 0.491383 18 0.000900
29 0.492228 35 0.001750
30 0.493073 52 0.002600
31 0.493919 59 0.002950
32 0.494764 68 0.003400
33 0.495609 69 0.003450
34 0.496454 95 0.004750
35 0.497299 116 0.005800
36 0.498145 117 0.005850
37 0.498990 124 0.006200
38 0.499835 172 0.008600
39 0.500680 197 0.009850
40 0.501525 248 0.012400
41 0.502371 278 0.013900
42 0.503216 371 0.018550
43 0.504061 364 0.018200
44 0.504906 391 0.019550
45 0.505751 577 0.028850
46 0.506597 803 0.040150
47 0.507442 837 0.041850
48 0.508287 879 0.043950
49 0.509132 1261 0.063050
50 0.509978 1624 0.081200
51 0.510823 1782 0.089100
52 0.511668 1584 0.079200
53 0.512513 1364 0.068200
54 0.513358 1102 0.055100
55 0.514204 1077 0.053850
56 0.515049 759 0.037950
57 0.515894 518 0.025900
58 0.516739 471 0.023550
59 0.517584 392 0.019600
60 0.518430 319 0.015950
61 0.519275 217 0.010850
62 0.520120 181 0.009050
63 0.520965 144 0.007200
64 0.521810 122 0.006100
65 0.522656 97 0.004850
66 0.523501 111 0.005550
67 0.524346 104 0.005200
68 0.525191 88 0.004400
69 0.526037 68 0.003400
70 0.526882 83 0.004150
71 0.527727 72 0.003600
72 0.528572 67 0.003350
73 0.529417 51 0.002550
74 0.530263 41 0.002050
75 0.531108 34 0.001700
76 0.531953 16 0.000800
77 0.532798 14 0.000700
78 0.533643 12 0.000600
79 0.534489 17 0.000850
80 0.535334 11 0.000550
81 0.536179 12 0.000600
82 0.537024 10 0.000500
83 0.537869 7 0.000350
84 0.538715 11 0.000550
85 0.539560 8 0.000400
86 0.540405 6 0.000300
87 0.541250 7 0.000350
88 0.542096 5 0.000250
89 0.542941 2 0.000100
90 0.543786 0 0.000000
91 0.544631 2 0.000100
92 0.545476 3 0.000150
93 0.546322 1 0.000050
94 0.547167 0 0.000000
95 0.548012 1 0.000050
96 0.548857 0 0.000000
97 0.549702 1 0.000050
98 0.550548 0 0.000000
99 0.551393 1 0.000050
