0 0.029413 4 0.000067
1 0.039263 2 0.000033
2 0.049113 9 0.000150
3 0.058963 11 0.000183
4 0.068813 7 0.000117
5 0.078663 11 0.000183
6 0.088513 21 0.000350
7 0.098362 19 0.000317
8 0.108212 14 0.000233
9 0.118062 12 0.000200
10 0.127912 22 0.000367
11 0.137762 17 0.000283
12 0.147612 23 0.000383
13 0.157462 26 0.000433
14 0.167312 21 0.000350
15 0.177161 22 0.000367
16 0.187011 25 0.000417
17 0.196861 25 0.000417
18 0.206711 31 0.000517
19 0.216561 43 0.000717
20 0.226411 37 0.000617
21 0.236261 43 0.000717
22 0.246111 50 0.000833
23 0.255960 74 0.001233
24 0.265810 49 0.000817
25 0.275660 71 0.001183
26 0.285510 57 0.000950
27 0.295360 94 0.001567
28 0.305210 120 0.002000
29 0.315060 153 0.002550
30 0.324910 231 0.003850
31 0.334759 270 0.004500
32 0.344609 95 0.001583
33 0.354459 123 0.002050
34 0.364309 124 0.002067
35 0.374159 126 0.002100
36 0.384009 163 0.002717
37 0.393859 177 0.002950
38 0.403709 199 0.003317
39 0.413558 265 0.004417
40 0.423408 280 0.004667
41 0.433258 318 0.005300
42 0.443108 409 0.006817
43 0.452958 499 0.008317
44 0.462808 730 0.012167
45 0.472658 1017 0.016950
46 0.482508 1566 0.026100
47 0.492357 3762 0.062700
48 0.502207 13178 0.219633
49 0.512057 9696 0.161600
50 0.521907 2304 0.038400
51 0.531757 1094 0.018233
52 0.541607 865 0.014417
53 0.551457 712 0.011867
54 0.561306 868 0.014467
55 0.571156 964 0.016067
56 0.581006 1071 0.017850
57 0.590856 2590 0.043167
58 0.600706 3065 0.051083
59 0.610556 1771 0.029517
60 0.620406 1097 0.018283
61 0.630256 710 0.011833
62 0.640105 586 0.009767
63 0.649955 473 0.007883
64 0.659805 390 0.006500
65 0.669655 295 0.004917
66 0.679505 287 0.004783
67 0.689355 243 0.004050
68 0.699205 265 0.004417
69 0.709055 207 0.003450
70 0.718904 178 0.002967
71 0.728754 162 0.002700
72 0.738604 155 0.002583
73 0.748454 191 0.003183
74 0.758304 186 0.003100
75 0.768154 154 0.002567
76 0.778004 157 0.002617
77 0.787854 191 0.003183
78 0.797703 213 0.003550
79 0.807553 216 0.003600
80 0.817403 209 0.003483
81 0.827253 196 0.003267
82 0.837103 231 0.003850
83 0.846953 224 0.003733
84 0.856803 257 0.004283
85 0.866653 328 0.005467
86 0.876502 317 0.005283
87 0.886352 413 0.006883
88 0.896202 343 0.005717
89 0.906052 196 0.003267
90 0.915902 222 0.003700
91 0.925752 229 0.003817
92 0.935602 251 0.004183
93 0.945452 228 0.003800
94 0.955301 155 0.002583
95 0.965151 104 0.001733
96 0.975001 44 0.000733
97 0.984851 36 0.000600
98 0.994701 15 0.000250
99 1.004551 1 0.000017
