0 0.124737 1 0.000050
1 0.132580 0 0.000000
2 0.140423 0 0.000000
3 0.148266 0 0.000000
4 0.156109 0 0.000000
5 0.163952 0 0.000000
6 0.171795 0 0.000000
7 0.179638 0 0.000000
8 0.187481 0 0.000000
9 0.195324 0 0.000000
10 0.203168 3 0.000150
11 0.211011 5 0.000250
12 0.218854 8 0.000400
13 0.226697 1 0.000050
14 0.234540 3 0.000150
15 0.242383 3 0.000150
16 0.250226 1 0.000050
17 0.258069 0 0.000000
18 0.265912 1 0.000050
19 0.273755 1 0.000050
20 0.281598 0 0.000000
21 0.289441 1 0.000050
22 0.297284 7 0.000350
23 0.305127 24 0.001200
24 0.312970 42 0.002100
25 0.320813 50 0.002500
26 0.328657 80 0.004000
27 0.336500 44 0.002200
28 0.344343 55 0.002750
29 0.352186 94 0.004700
30 0.360029 121 0.006050
31 0.367872 262 0.013100
32 0.375715 252 0.012600
33 0.383558 183 0.009150
34 0.391401 143 0.007150
35 0.399244 198 0.009900
36 0.407087 284 0.014200
37 0.414930 339 0.016950
38 0.422773 770 0.038500
39 0.430616 752 0.037600
40 0.438459 332 0.016600
41 0.446303 353 0.017650
42 0.454146 453 0.022650
43 0.461989 558 0.027900
44 0.469832 821 0.041050
45 0.477675 484 0.024200
46 0.485518 577 0.028850
47 0.493361 810 0.040500
48 0.501204 3989 0.199450
49 0.509047 658 0.032900
50 0.516890 635 0.031750
51 0.524733 998 0.049900
52 0.532576 858 0.042900
53 0.540419 432 0.021600
54 0.548262 450 0.022500
55 0.556105 459 0.022950
56 0.563948 463 0.023150
57 0.571792 626 0.031300
58 0.579635 286 0.014300
59 0.587478 257 0.012850
60 0.595321 191 0.009550
61 0.603164 200 0.010000
62 0.611007 158 0.007900
63 0.618850 253 0.012650
64 0.626693 355 0.017750
65 0.634536 89 0.004450
66 0.642379 65 0.003250
67 0.650222 83 0.004150
68 0.658065 109 0.005450
69 0.665908 72 0.003600
70 0.673751 94 0.004700
71 0.681594 24 0.001200
72 0.689437 18 0.000900
73 0.697281 18 0.000900
74 0.705124 15 0.000750
75 0.712967 4 0.000200
76 0.720810 0 0.000000
77 0.728653 3 0.000150
78 0.736496 1 0.000050
79 0.744339 1 0.000050
80 0.752182 0 0.000000
81 0.760025 0 0.000000
82 0.767868 0 0.000000
83 0.775711 7 0.000350
84 0.783554 0 0.000000
85 0.791397 5 0.000250
86 0.799240 4 0.000200
87 0.807083 1 0.000050
88 0.814926 0 0.000000
89 0.822770 0 0.000000
90 0.830613 0 0.000000
91 0.838456 0 0.000000
92 0.846299 0 0.000000
93 0.854142 0 0.000000
94 0.861985 0 0.000000
95 0.869828 2 0.000100
96 0.877671 0 0.000000
97 0.885514 0 0.000000
98 0.893357 0 0.000000
99 0.901200 1 0.000050
