0 0.017065 9 0.000450
1 0.026987 7 0.000350
2 0.036909 2 0.000100
3 0.046831 2 0.000100
4 0.056754 2 0.000100
5 0.066676 4 0.000200
6 0.076598 2 0.000100
7 0.086520 2 0.000100
8 0.096442 4 0.000200
9 0.106364 7 0.000350
10 0.116287 5 0.000250
11 0.126209 2 0.000100
12 0.136131 4 0.000200
13 0.146053 3 0.000150
14 0.155975 2 0.000100
15 0.165897 1 0.000050
16 0.175820 3 0.000150
17 0.185742 0 0.000000
18 0.195664 7 0.000350
19 0.205586 9 0.000450
20 0.215508 7 0.000350
21 0.225431 5 0.000250
22 0.235353 7 0.000350
23 0.245275 34 0.001700
24 0.255197 26 0.001300
25 0.265119 24 0.001200
26 0.275041 48 0.002400
27 0.284964 29 0.001450
28 0.294886 23 0.001150
29 0.304808 54 0.002700
30 0.314730 103 0.005150
31 0.324652 130 0.006500
32 0.334574 150 0.007500
33 0.344497 82 0.004100
34 0.354419 16 0.000800
35 0.364341 15 0.000750
36 0.374263 19 0.000950
37 0.384185 20 0.001000
38 0.394107 17 0.000850
39 0.404030 30 0.001500
40 0.413952 37 0.001850
41 0.423874 25 0.001250
42 0.433796 18 0.000900
43 0.443718 43 0.002150
44 0.453641 48 0.002400
45 0.463563 54 0.002700
46 0.473485 63 0.003150
47 0.483407 110 0.005500
48 0.493329 125 0.006250
49 0.503251 119 0.005950
50 0.513174 131 0.006550
51 0.523096 169 0.008450
52 0.533018 222 0.011100
53 0.542940 287 0.014350
54 0.552862 434 0.021700
55 0.562784 606 0.030300
56 0.572707 1352 0.067600
57 0.582629 2270 0.113500
58 0.592551 2832 0.141600
59 0.602473 1358 0.067900
60 0.612395 876 0.043800
61 0.622317 643 0.032150
62 0.632240 438 0.021900
63 0.642162 325 0.016250
64 0.652084 273 0.013650
65 0.662006 231 0.011550
66 0.671928 207 0.010350
67 0.681850 191 0.009550
68 0.691773 204 0.010200
69 0.701695 142 0.007100
70 0.711617 147 0.007350
71 0.721539 142 0.007100
72 0.731461 127 0.006350
73 0.741384 147 0.007350
74 0.751306 147 0.007350
75 0.761228 148 0.007400
76 0.771150 180 0.009000
77 0.781072 165 0.008250
78 0.790994 171 0.008550
79 0.800917 147 0.007350
80 0.810839 162 0.008100
81 0.820761 234 0.011700
82 0.830683 200 0.010000
83 0.840605 226 0.011300
84 0.850527 298 0.014900
85 0.860450 431 0.021550
86 0.870372 356 0.017800
87 0.880294 352 0.017600
88 0.890216 219 0.010950
89 0.900138 227 0.011350
90 0.910061 227 0.011350
91 0.919983 302 0.015100
92 0.929905 206 0.010300
93 0.939827 133 0.006650
94 0.949749 56 0.002800
95 0.959671 40 0.002000
96 0.969594 36 0.001800
97 0.979516 18 0.000900
98 0.989438 5 0.000250
99 0.999360 2 0.000100
