0 0.029413 4 0.000200
1 0.039089 2 0.000100
2 0.048764 9 0.000450
3 0.058440 10 0.000500
4 0.068115 7 0.000350
5 0.077791 6 0.000300
6 0.087466 9 0.000450
7 0.097142 10 0.000500
8 0.106817 9 0.000450
9 0.116493 10 0.000500
10 0.126168 9 0.000450
11 0.135844 17 0.000850
12 0.145519 13 0.000650
13 0.155195 20 0.001000
14 0.164870 16 0.000800
15 0.174546 14 0.000700
16 0.184221 19 0.000950
17 0.193897 16 0.000800
18 0.203572 28 0.001400
19 0.213248 25 0.001250
20 0.222923 26 0.001300
21 0.232599 34 0.001700
22 0.242274 32 0.001600
23 0.251950 29 0.001450
24 0.261625 43 0.002150
25 0.271301 32 0.001600
26 0.280976 32 0.001600
27 0.290652 40 0.002000
28 0.300327 68 0.003400
29 0.310003 65 0.003250
30 0.319678 70 0.003500
31 0.329354 78 0.003900
32 0.339029 80 0.004000
33 0.348705 69 0.003450
34 0.358380 128 0.006400
35 0.368056 96 0.004800
36 0.377731 122 0.006100
37 0.387407 159 0.007950
38 0.397082 150 0.007500
39 0.406758 181 0.009050
40 0.416433 239 0.011950
41 0.426109 263 0.013150
42 0.435784 298 0.014900
43 0.445460 406 0.020300
44 0.455135 513 0.025650
45 0.464811 644 0.032200
46 0.474486 967 0.048350
47 0.484162 1342 0.067100
48 0.493837 2484 0.124200
49 0.503513 3099 0.154950
50 0.513188 1934 0.096700
51 0.522863 1232 0.061600
52 0.532539 737 0.036850
53 0.542214 603 0.030150
54 0.551890 384 0.019200
55 0.561565 421 0.021050
56 0.571241 388 0.019400
57 0.580916 284 0.014200
58 0.590592 232 0.011600
59 0.600267 201 0.010050
60 0.609943 149 0.007450
61 0.619618 143 0.007150
62 0.629294 120 0.006000
63 0.638969 122 0.006100
64 0.648645 107 0.005350
65 0.658320 114 0.005700
66 0.667996 75 0.003750
67 0.677671 69 0.003450
68 0.687347 43 0.002150
69 0.697022 41 0.002050
70 0.706698 40 0.002000
71 0.716373 41 0.002050
72 0.726049 43 0.002150
73 0.735724 39 0.001950
74 0.745400 29 0.001450
75 0.755075 30 0.001500
76 0.764751 21 0.001050
77 0.774426 19 0.000950
78 0.784102 24 0.001200
79 0.793777 23 0.001150
80 0.803453 21 0.001050
81 0.813128 20 0.001000
82 0.822804 31 0.001550
83 0.832479 17 0.000850
84 0.842155 11 0.000550
85 0.851830 15 0.000750
86 0.861506 23 0.001150
87 0.871181 18 0.000900
88 0.880857 14 0.000700
89 0.890532 15 0.000750
90 0.900208 15 0.000750
91 0.909883 18 0.000900
92 0.919559 10 0.000500
93 0.929234 12 0.000600
94 0.938910 4 0.000200
95 0.948585 1 0.000050
96 0.958261 1 0.000050
97 0.967936 1 0.000050
98 0.977612 2 0.000100
99 0.987287 1 0.000050
