0 -0.373353 2 0.000100
1 -0.364617 2 0.000100
2 -0.355882 1 0.000050
3 -0.347146 0 0.000000
4 -0.338411 0 0.000000
5 -0.329675 0 0.000000
6 -0.320940 0 0.000000
7 -0.312205 2 0.000100
8 -0.303469 2 0.000100
9 -0.294734 2 0.000100
10 -0.285998 1 0.000050
11 -0.277263 4 0.000200
12 -0.268528 6 0.000300
13 -0.259792 4 0.000200
14 -0.251057 2 0.000100
15 -0.242321 1 0.000050
16 -0.233586 3 0.000150
17 -0.224851 1 0.000050
18 -0.216115 2 0.000100
19 -0.207380 4 0.000200
20 -0.198644 8 0.000400
21 -0.189909 15 0.000750
22 -0.181174 55 0.002750
23 -0.172438 77 0.003850
24 -0.163703 62 0.003100
25 -0.154967 75 0.003750
26 -0.146232 148 0.007400
27 -0.137497 224 0.011200
28 -0.128761 224 0.011200
29 -0.120026 147 0.007350
30 -0.111290 193 0.009650
31 -0.102555 203 0.010150
32 -0.093820 225 0.011250
33 -0.085084 475 0.023750
34 -0.076349 685 0.034250
35 -0.067613 563 0.028150
36 -0.058878 374 0.018700
37 -0.050143 444 0.022200
38 -0.041407 564 0.028200
39 -0.032672 756 0.037800
40 -0.023936 752 0.037600
41 -0.015201 769 0.038450
42 -0.006466 3184 0.159200
43 0.002270 2417 0.120850
44 0.011005 759 0.037950
45 0.019741 839 0.041950
46 0.028476 959 0.047950
47 0.037211 598 0.029900
48 0.045947 439 0.021950
49 0.054682 430 0.021500
50 0.063418 507 0.025350
51 0.072153 518 0.025900
52 0.080888 312 0.015600
53 0.089624 236 0.011800
54 0.098359 222 0.011100
55 0.107095 193 0.009650
56 0.115830 290 0.014500
57 0.124565 286 0.014300
58 0.133301 180 0.009000
59 0.142036 117 0.005850
60 0.150772 95 0.004750
61 0.159507 119 0.005950
62 0.168242 87 0.004350
63 0.176978 54 0.002700
64 0.185713 14 0.000700
65 0.194449 4 0.000200
66 0.203184 19 0.000950
67 0.211919 15 0.000750
68 0.220655 7 0.000350
69 0.229390 1 0.000050
70 0.238126 2 0.000100
71 0.246861 0 0.000000
72 0.255597 0 0.000000
73 0.264332 0 0.000000
74 0.273067 2 0.000100
75 0.281803 1 0.000050
76 0.290538 0 0.000000
77 0.299274 5 0.000250
78 0.308009 3 0.000150
79 0.316744 3 0.000150
80 0.325480 1 0.000050
81 0.334215 0 0.000000
82 0.342951 0 0.000000
83 0.351686 0 0.000000
84 0.360421 0 0.000000
85 0.369157 1 0.000050
86 0.377892 0 0.000000
87 0.386628 2 0.000100
88 0.395363 0 0.000000
89 0.404098 0 0.000000
90 0.412834 1 0.000050
91 0.421569 0 0.000000
92 0.430305 0 0.000000
93 0.439040 0 0.000000
94 0.447775 0 0.000000
95 0.456511 0 0.000000
96 0.465246 0 0.000000
97 0.473982 0 0.000000
98 0.482717 0 0.000000
99 0.491452 1 0.000050
