0 -0.373353 2 0.000033
1 -0.364617 2 0.000033
2 -0.355882 1 0.000017
3 -0.347146 0 0.000000
4 -0.338411 0 0.000000
5 -0.329675 0 0.000000
6 -0.320940 0 0.000000
7 -0.312205 2 0.000033
8 -0.303469 2 0.000033
9 -0.294734 2 0.000033
10 -0.285998 1 0.000017
11 -0.277263 4 0.000067
12 -0.268528 6 0.000100
13 -0.259792 4 0.000067
14 -0.251057 2 0.000033
15 -0.242321 1 0.000017
16 -0.233586 3 0.000050
17 -0.224851 1 0.000017
18 -0.216115 2 0.000033
19 -0.207380 4 0.000067
20 -0.198644 8 0.000133
21 -0.189909 15 0.000250
22 -0.181174 55 0.000917
23 -0.172438 80 0.001333
24 -0.163703 65 0.001083
25 -0.154967 75 0.001250
26 -0.146232 151 0.002517
27 -0.137497 229 0.003817
28 -0.128761 231 0.003850
29 -0.120026 162 0.002700
30 -0.111290 212 0.003533
31 -0.102555 226 0.003767
32 -0.093820 259 0.004317
33 -0.085084 512 0.008533
34 -0.076349 749 0.012483
35 -0.067613 651 0.010850
36 -0.058878 522 0.008700
37 -0.050143 697 0.011617
38 -0.041407 921 0.015350
39 -0.032672 1578 0.026300
40 -0.023936 3027 0.050450
41 -0.015201 9629 0.160483
42 -0.006466 23368 0.389467
43 0.002270 6537 0.108950
44 0.011005 2024 0.033733
45 0.019741 1407 0.023450
46 0.028476 1226 0.020433
47 0.037211 755 0.012583
48 0.045947 557 0.009283
49 0.054682 509 0.008483
50 0.063418 556 0.009267
51 0.072153 564 0.009400
52 0.080888 348 0.005800
53 0.089624 261 0.004350
54 0.098359 245 0.004083
55 0.107095 212 0.003533
56 0.115830 302 0.005033
57 0.124565 293 0.004883
58 0.133301 182 0.003033
59 0.142036 121 0.002017
60 0.150772 97 0.001617
61 0.159507 119 0.001983
62 0.168242 87 0.001450
63 0.176978 54 0.000900
64 0.185713 14 0.000233
65 0.194449 4 0.000067
66 0.203184 19 0.000317
67 0.211919 15 0.000250
68 0.220655 7 0.000117
69 0.229390 1 0.000017
70 0.238126 3 0.000050
71 0.246861 0 0.000000
72 0.255597 0 0.000000
73 0.264332 0 0.000000
74 0.273067 2 0.000033
75 0.281803 1 0.000017
76 0.290538 0 0.000000
77 0.299274 5 0.000083
78 0.308009 3 0.000050
79 0.316744 3 0.000050
80 0.325480 1 0.000017
81 0.334215 0 0.000000
82 0.342951 0 0.000000
83 0.351686 0 0.000000
84 0.360421 0 0.000000
85 0.369157 1 0.000017
86 0.377892 0 0.000000
87 0.386628 2 0.000033
88 0.395363 0 0.000000
89 0.404098 0 0.000000
90 0.412834 1 0.000017
91 0.421569 0 0.000000
92 0.430305 0 0.000000
93 0.439040 0 0.000000
94 0.447775 0 0.000000
95 0.456511 0 0.000000
96 0.465246 0 0.000000
97 0.473982 0 0.000000
98 0.482717 0 0.000000
99 0.491452 1 0.000017
