0 0.000000 51361 0.856017
1 0.002440 2637 0.043950
2 0.004879 2031 0.033850
3 0.007319 763 0.012717
4 0.009759 594 0.009900
5 0.012198 530 0.008833
6 0.014638 588 0.009800
7 0.017078 464 0.007733
8 0.019517 247 0.004117
9 0.021957 145 0.002417
10 0.024397 164 0.002733
11 0.026836 157 0.002617
12 0.029276 110 0.001833
13 0.031715 72 0.001200
14 0.034155 17 0.000283
15 0.036595 13 0.000217
16 0.039034 8 0.000133
17 0.041474 12 0.000200
18 0.043914 14 0.000233
19 0.046353 10 0.000167
20 0.048793 6 0.000100
21 0.051233 4 0.000067
22 0.053672 1 0.000017
23 0.056112 3 0.000050
24 0.058552 2 0.000033
25 0.060991 3 0.000050
26 0.063431 2 0.000033
27 0.065871 0 0.000000
28 0.068310 4 0.000067
29 0.070750 2 0.000033
30 0.073190 2 0.000033
31 0.075629 5 0.000083
32 0.078069 0 0.000000
33 0.080509 0 0.000000
34 0.082948 3 0.000050
35 0.085388 1 0.000017
36 0.087827 0 0.000000
37 0.090267 4 0.000067
38 0.092707 4 0.000067
39 0.095146 1 0.000017
40 0.097586 2 0.000033
41 0.100026 2 0.000033
42 0.102465 1 0.000017
43 0.104905 1 0.000017
44 0.107345 0 0.000000
45 0.109784 0 0.000000
46 0.112224 0 0.000000
47 0.114664 0 0.000000
48 0.117103 0 0.000000
49 0.119543 0 0.000000
50 0.121983 0 0.000000
51 0.124422 1 0.000017
52 0.126862 2 0.000033
53 0.129302 0 0.000000
54 0.131741 0 0.000000
55 0.134181 0 0.000000
56 0.136620 1 0.000017
57 0.139060 2 0.000033
58 0.141500 0 0.000000
59 0.143939 0 0.000000
60 0.146379 0 0.000000
61 0.148819 1 0.000017
62 0.151258 0 0.000000
63 0.153698 1 0.000017
64 0.156138 0 0.000000
65 0.158577 0 0.000000
66 0.161017 0 0.000000
67 0.163457 0 0.000000
68 0.165896 0 0.000000
69 0.168336 0 0.000000
70 0.170776 0 0.000000
71 0.173215 1 0.000017
72 0.175655 0 0.000000
73 0.178095 0 0.000000
74 0.180534 0 0.000000
75 0.182974 0 0.000000
76 0.185414 0 0.000000
77 0.187853 0 0.000000
78 0.190293 0 0.000000
79 0.192732 0 0.000000
80 0.195172 0 0.000000
81 0.197612 0 0.000000
82 0.200051 0 0.000000
83 0.202491 0 0.000000
84 0.204931 0 0.000000
85 0.207370 0 0.000000
86 0.209810 0 0.000000
87 0.212250 0 0.000000
88 0.214689 0 0.000000
89 0.217129 0 0.000000
90 0.219569 0 0.000000
91 0.222008 0 0.000000
92 0.224448 0 0.000000
93 0.226888 0 0.000000
94 0.229327 0 0.000000
95 0.231767 0 0.000000
96 0.234207 0 0.000000
97 0.236646 0 0.000000
98 0.239086 0 0.000000
99 0.241526 1 0.000017
