0 -0.158751 1 0.000050
1 -0.155655 0 0.000000
2 -0.152558 0 0.000000
3 -0.149462 0 0.000000
4 -0.146366 0 0.000000
5 -0.143270 0 0.000000
6 -0.140174 0 0.000000
7 -0.137078 1 0.000050
8 -0.133981 2 0.000100
9 -0.130885 1 0.000050
10 -0.127789 1 0.000050
11 -0.124693 2 0.000100
12 -0.121597 2 0.000100
13 -0.118500 3 0.000150
14 -0.115404 2 0.000100
15 -0.112308 1 0.000050
16 -0.109212 7 0.000350
17 -0.106116 2 0.000100
18 -0.103019 8 0.000400
19 -0.099923 6 0.000300
20 -0.096827 5 0.000250
21 -0.093731 8 0.000400
22 -0.090635 7 0.000350
23 -0.087539 6 0.000300
24 -0.084442 7 0.000350
25 -0.081346 5 0.000250
26 -0.078250 11 0.000550
27 -0.075154 15 0.000750
28 -0.072058 5 0.000250
29 -0.068961 12 0.000600
30 -0.065865 16 0.000800
31 -0.062769 20 0.001000
32 -0.059673 18 0.000900
33 -0.056577 28 0.001400
34 -0.053480 19 0.000950
35 -0.050384 35 0.001750
36 -0.047288 39 0.001950
37 -0.044192 33 0.001650
38 -0.041096 43 0.002150
39 -0.037999 60 0.003000
40 -0.034903 80 0.004000
41 -0.031807 78 0.003900
42 -0.028711 134 0.006700
43 -0.025615 202 0.010100
44 -0.022519 194 0.009700
45 -0.019422 305 0.015250
46 -0.016326 487 0.024350
47 -0.013230 714 0.035700
48 -0.010134 1335 0.066750
49 -0.007038 3253 0.162650
50 -0.003941 5610 0.280500
51 -0.000845 3182 0.159100
52 0.002251 1371 0.068550
53 0.005347 759 0.037950
54 0.008443 503 0.025150
55 0.011540 325 0.016250
56 0.014636 187 0.009350
57 0.017732 148 0.007400
58 0.020828 140 0.007000
59 0.023924 103 0.005150
60 0.027020 61 0.003050
61 0.030117 53 0.002650
62 0.033213 44 0.002200
63 0.036309 42 0.002100
64 0.039405 28 0.001400
65 0.042501 19 0.000950
66 0.045598 26 0.001300
67 0.048694 24 0.001200
68 0.051790 15 0.000750
69 0.054886 16 0.000800
70 0.057982 18 0.000900
71 0.061079 15 0.000750
72 0.064175 13 0.000650
73 0.067271 7 0.000350
74 0.070367 9 0.000450
75 0.073463 8 0.000400
76 0.076559 11 0.000550
77 0.079656 5 0.000250
78 0.082752 3 0.000150
79 0.085848 6 0.000300
80 0.088944 7 0.000350
81 0.092040 0 0.000000
82 0.095137 4 0.000200
83 0.098233 3 0.000150
84 0.101329 2 0.000100
85 0.104425 3 0.000150
86 0.107521 4 0.000200
87 0.110618 1 0.000050
88 0.113714 2 0.000100
89 0.116810 2 0.000100
90 0.119906 2 0.000100
91 0.123002 3 0.000150
92 0.126098 1 0.000050
93 0.129195 0 0.000000
94 0.132291 0 0.000000
95 0.135387 0 0.000000
96 0.138483 0 0.000000
97 0.141579 1 0.000050
98 0.144676 0 0.000000
99 0.147772 1 0.000050
