0 0.046863 5 0.000250
1 0.056256 0 0.000000
2 0.065649 0 0.000000
3 0.075042 0 0.000000
4 0.084435 14 0.000700
5 0.093828 2 0.000100
6 0.103221 7 0.000350
7 0.112614 26 0.001300
8 0.122007 18 0.000900
9 0.131400 5 0.000250
10 0.140793 10 0.000500
11 0.150186 35 0.001750
12 0.159579 15 0.000750
13 0.168972 32 0.001600
14 0.178365 23 0.001150
15 0.187758 9 0.000450
16 0.197151 17 0.000850
17 0.206544 22 0.001100
18 0.215937 15 0.000750
19 0.225330 13 0.000650
20 0.234723 5 0.000250
21 0.244116 97 0.004850
22 0.253509 26 0.001300
23 0.262902 42 0.002100
24 0.272295 31 0.001550
25 0.281688 32 0.001600
26 0.291081 56 0.002800
27 0.300474 63 0.003150
28 0.309867 50 0.002500
29 0.319260 30 0.001500
30 0.328653 101 0.005050
31 0.338046 111 0.005550
32 0.347439 132 0.006600
33 0.356832 117 0.005850
34 0.366225 98 0.004900
35 0.375618 116 0.005800
36 0.385011 169 0.008450
37 0.394404 183 0.009150
38 0.403797 206 0.010300
39 0.413190 208 0.010400
40 0.422583 232 0.011600
41 0.431976 284 0.014200
42 0.441369 466 0.023300
43 0.450762 484 0.024200
44 0.460155 627 0.031350
45 0.469548 746 0.037300
46 0.478941 1205 0.060250
47 0.488334 2338 0.116900
48 0.497727 3351 0.167550
49 0.507120 2007 0.100350
50 0.516513 1112 0.055600
51 0.525906 826 0.041300
52 0.535299 522 0.026100
53 0.544692 439 0.021950
54 0.554085 343 0.017150
55 0.563478 409 0.020450
56 0.572871 344 0.017200
57 0.582264 226 0.011300
58 0.591657 177 0.008850
59 0.601050 176 0.008800
60 0.610443 213 0.010650
61 0.619836 116 0.005800
62 0.629229 114 0.005700
63 0.638623 139 0.006950
64 0.648015 79 0.003950
65 0.657408 92 0.004600
66 0.666802 79 0.003950
67 0.676195 118 0.005900
68 0.685588 2 0.000100
69 0.694981 31 0.001550
70 0.704374 62 0.003100
71 0.713767 52 0.002600
72 0.723160 12 0.000600
73 0.732553 45 0.002250
74 0.741946 35 0.001750
75 0.751339 65 0.003250
76 0.760732 9 0.000450
77 0.770125 30 0.001500
78 0.779518 1 0.000050
79 0.788911 14 0.000700
80 0.798304 39 0.001950
81 0.807697 25 0.001250
82 0.817090 20 0.001000
83 0.826483 13 0.000650
84 0.835876 22 0.001100
85 0.845269 8 0.000400
86 0.854662 10 0.000500
87 0.864055 0 0.000000
88 0.873448 13 0.000650
89 0.882841 9 0.000450
90 0.892234 43 0.002150
91 0.901627 11 0.000550
92 0.911020 3 0.000150
93 0.920413 7 0.000350
94 0.929806 0 0.000000
95 0.939199 1 0.000050
96 0.948592 5 0.000250
97 0.957985 0 0.000000
98 0.967378 8 0.000400
99 0.976771 0 0.000000
