0 0.046863 5 0.000083
1 0.056563 0 0.000000
2 0.066263 13 0.000217
3 0.075963 0 0.000000
4 0.085663 14 0.000233
5 0.095363 2 0.000033
6 0.105063 7 0.000117
7 0.114763 43 0.000717
8 0.124463 11 0.000183
9 0.134162 37 0.000617
10 0.143862 10 0.000167
11 0.153562 50 0.000833
12 0.163262 1 0.000017
13 0.172962 54 0.000900
14 0.182662 18 0.000300
15 0.192362 44 0.000733
16 0.202062 28 0.000467
17 0.211762 2 0.000033
18 0.221462 35 0.000583
19 0.231162 5 0.000083
20 0.240862 78 0.001300
21 0.250562 44 0.000733
22 0.260262 65 0.001083
23 0.269962 39 0.000650
24 0.279661 93 0.001550
25 0.289361 112 0.001867
26 0.299061 91 0.001517
27 0.308761 70 0.001167
28 0.318461 91 0.001517
29 0.328161 241 0.004017
30 0.337861 320 0.005333
31 0.347561 187 0.003117
32 0.357261 143 0.002383
33 0.366961 98 0.001633
34 0.376661 172 0.002867
35 0.386361 160 0.002667
36 0.396061 236 0.003933
37 0.405761 248 0.004133
38 0.415460 261 0.004350
39 0.425160 284 0.004733
40 0.434860 467 0.007783
41 0.444560 582 0.009700
42 0.454260 932 0.015533
43 0.463960 1008 0.016800
44 0.473660 1901 0.031683
45 0.483360 4470 0.074500
46 0.493060 11365 0.189417
47 0.502760 8131 0.135517
48 0.512460 3075 0.051250
49 0.522160 1527 0.025450
50 0.531860 1066 0.017767
51 0.541560 743 0.012383
52 0.551260 798 0.013300
53 0.560959 813 0.013550
54 0.570659 1146 0.019100
55 0.580359 1338 0.022300
56 0.590059 2490 0.041500
57 0.599759 2250 0.037500
58 0.609459 1567 0.026117
59 0.619159 929 0.015483
60 0.628859 768 0.012800
61 0.638559 604 0.010067
62 0.648259 477 0.007950
63 0.657959 415 0.006917
64 0.667659 314 0.005233
65 0.677359 277 0.004617
66 0.687059 208 0.003467
67 0.696759 205 0.003417
68 0.706458 261 0.004350
69 0.716158 249 0.004150
70 0.725858 217 0.003617
71 0.735558 177 0.002950
72 0.745258 215 0.003583
73 0.754958 133 0.002217
74 0.764658 167 0.002783
75 0.774358 253 0.004217
76 0.784058 201 0.003350
77 0.793758 222 0.003700
78 0.803458 149 0.002483
79 0.813158 208 0.003467
80 0.822858 241 0.004017
81 0.832557 250 0.004167
82 0.842257 271 0.004517
83 0.851957 396 0.006600
84 0.861657 364 0.006067
85 0.871357 412 0.006867
86 0.881057 370 0.006167
87 0.890757 408 0.006800
88 0.900457 226 0.003767
89 0.910157 320 0.005333
90 0.919857 307 0.005117
91 0.929557 240 0.004000
92 0.939257 178 0.002967
93 0.948957 104 0.001733
94 0.958657 74 0.001233
95 0.968357 17 0.000283
96 0.978056 48 0.000800
97 0.987756 18 0.000300
98 0.997456 25 0.000417
99 1.007156 1 0.000017
