0 0.012055 4 0.000200
1 0.021825 3 0.000150
2 0.031596 1 0.000050
3 0.041366 5 0.000250
4 0.051137 10 0.000500
5 0.060907 9 0.000450
6 0.070678 5 0.000250
7 0.080448 15 0.000750
8 0.090219 7 0.000350
9 0.099989 11 0.000550
10 0.109760 6 0.000300
11 0.119530 8 0.000400
12 0.129301 7 0.000350
13 0.139071 11 0.000550
14 0.148842 12 0.000600
15 0.158612 18 0.000900
16 0.168383 7 0.000350
17 0.178153 24 0.001200
18 0.187924 28 0.001400
19 0.197694 27 0.001350
20 0.207465 40 0.002000
21 0.217235 27 0.001350
22 0.227006 25 0.001250
23 0.236776 22 0.001100
24 0.246547 26 0.001300
25 0.256317 33 0.001650
26 0.266088 36 0.001800
27 0.275858 51 0.002550
28 0.285629 70 0.003500
29 0.295399 61 0.003050
30 0.305170 68 0.003400
31 0.314940 84 0.004200
32 0.324711 91 0.004550
33 0.334481 86 0.004300
34 0.344252 79 0.003950
35 0.354022 89 0.004450
36 0.363793 155 0.007750
37 0.373563 122 0.006100
38 0.383334 175 0.008750
39 0.393104 178 0.008900
40 0.402875 225 0.011250
41 0.412645 235 0.011750
42 0.422416 287 0.014350
43 0.432186 364 0.018200
44 0.441957 381 0.019050
45 0.451727 586 0.029300
46 0.461498 739 0.036950
47 0.471268 986 0.049300
48 0.481039 1757 0.087850
49 0.490809 3053 0.152650
50 0.500580 2812 0.140600
51 0.510350 1568 0.078400
52 0.520121 895 0.044750
53 0.529891 645 0.032250
54 0.539662 452 0.022600
55 0.549432 385 0.019250
56 0.559203 398 0.019900
57 0.568973 333 0.016650
58 0.578744 280 0.014000
59 0.588514 173 0.008650
60 0.598285 170 0.008500
61 0.608055 149 0.007450
62 0.617826 167 0.008350
63 0.627596 132 0.006600
64 0.637367 105 0.005250
65 0.647137 109 0.005450
66 0.656908 84 0.004200
67 0.666678 76 0.003800
68 0.676449 108 0.005400
69 0.686219 69 0.003450
70 0.695990 42 0.002100
71 0.705760 49 0.002450
72 0.715531 30 0.001500
73 0.725301 32 0.001600
74 0.735072 28 0.001400
75 0.744842 34 0.001700
76 0.754613 24 0.001200
77 0.764383 32 0.001600
78 0.774154 32 0.001600
79 0.783924 31 0.001550
80 0.793695 20 0.001000
81 0.803465 15 0.000750
82 0.813236 14 0.000700
83 0.823006 8 0.000400
84 0.832777 16 0.000800
85 0.842547 18 0.000900
86 0.852318 5 0.000250
87 0.862088 8 0.000400
88 0.871859 5 0.000250
89 0.881629 11 0.000550
90 0.891400 12 0.000600
91 0.901170 13 0.000650
92 0.910941 9 0.000450
93 0.920711 17 0.000850
94 0.930482 13 0.000650
95 0.940252 5 0.000250
96 0.950023 4 0.000200
97 0.959793 7 0.000350
98 0.969564 6 0.000300
99 0.979334 1 0.000050
