0 0.000000 2 0.000033
1 0.010086 7 0.000117
2 0.020172 9 0.000150
3 0.030258 2 0.000033
4 0.040344 10 0.000167
5 0.050430 12 0.000200
6 0.060516 12 0.000200
7 0.070602 9 0.000150
8 0.080687 22 0.000367
9 0.090773 8 0.000133
10 0.100859 14 0.000233
11 0.110945 12 0.000200
12 0.121031 12 0.000200
13 0.131117 7 0.000117
14 0.141203 14 0.000233
15 0.151289 23 0.000383
16 0.161375 13 0.000217
17 0.171461 18 0.000300
18 0.181547 25 0.000417
19 0.191633 37 0.000617
20 0.201719 43 0.000717
21 0.211805 50 0.000833
22 0.221890 29 0.000483
23 0.231976 28 0.000467
24 0.242062 45 0.000750
25 0.252148 66 0.001100
26 0.262234 57 0.000950
27 0.272320 76 0.001267
28 0.282406 109 0.001817
29 0.292492 103 0.001717
30 0.302578 128 0.002133
31 0.312664 228 0.003800
32 0.322750 320 0.005333
33 0.332836 306 0.005100
34 0.342922 241 0.004017
35 0.353007 261 0.004350
36 0.363093 369 0.006150
37 0.373179 486 0.008100
38 0.383265 447 0.007450
39 0.393351 394 0.006567
40 0.403437 574 0.009567
41 0.413523 673 0.011217
42 0.423609 1406 0.023433
43 0.433695 942 0.015700
44 0.443781 880 0.014667
45 0.453867 1301 0.021683
46 0.463953 1796 0.029933
47 0.474039 1999 0.033317
48 0.484125 3068 0.051133
49 0.494210 8184 0.136400
50 0.504296 3568 0.059467
51 0.514382 2110 0.035167
52 0.524468 2202 0.036700
53 0.534554 1415 0.023583
54 0.544640 1230 0.020500
55 0.554726 1386 0.023100
56 0.564812 1695 0.028250
57 0.574898 2187 0.036450
58 0.584984 2790 0.046500
59 0.595070 2696 0.044933
60 0.605156 1627 0.027117
61 0.615242 1284 0.021400
62 0.625327 1264 0.021067
63 0.635413 707 0.011783
64 0.645499 522 0.008700
65 0.655585 516 0.008600
66 0.665671 411 0.006850
67 0.675757 400 0.006667
68 0.685843 295 0.004917
69 0.695929 264 0.004400
70 0.706015 239 0.003983
71 0.716101 228 0.003800
72 0.726187 167 0.002783
73 0.736273 215 0.003583
74 0.746359 199 0.003317
75 0.756445 210 0.003500
76 0.766530 253 0.004217
77 0.776616 208 0.003467
78 0.786702 206 0.003433
79 0.796788 167 0.002783
80 0.806874 184 0.003067
81 0.816960 243 0.004050
82 0.827046 279 0.004650
83 0.837132 274 0.004567
84 0.847218 312 0.005200
85 0.857304 407 0.006783
86 0.867390 428 0.007133
87 0.877476 440 0.007333
88 0.887562 297 0.004950
89 0.897648 284 0.004733
90 0.907733 286 0.004767
91 0.917819 328 0.005467
92 0.927905 282 0.004700
93 0.937991 192 0.003200
94 0.948077 82 0.001367
95 0.958163 56 0.000933
96 0.968249 55 0.000917
97 0.978335 24 0.000400
98 0.988421 8 0.000133
99 0.998507 1 0.000017
