0 0.413771 2 0.000100
1 0.415553 0 0.000000
2 0.417335 9 0.000450
3 0.419117 2 0.000100
4 0.420899 6 0.000300
5 0.422680 0 0.000000
6 0.424462 20 0.001000
7 0.426244 9 0.000450
8 0.428026 0 0.000000
9 0.429808 7 0.000350
10 0.431590 0 0.000000
11 0.433372 32 0.001600
12 0.435154 6 0.000300
13 0.436936 10 0.000500
14 0.438718 5 0.000250
15 0.440500 11 0.000550
16 0.442282 25 0.001250
17 0.444064 19 0.000950
18 0.445846 15 0.000750
19 0.447628 20 0.001000
20 0.449410 30 0.001500
21 0.451192 20 0.001000
22 0.452973 23 0.001150
23 0.454755 24 0.001200
24 0.456537 53 0.002650
25 0.458319 41 0.002050
26 0.460101 34 0.001700
27 0.461883 86 0.004300
28 0.463665 21 0.001050
29 0.465447 39 0.001950
30 0.467229 42 0.002100
31 0.469011 65 0.003250
32 0.470793 84 0.004200
33 0.472575 101 0.005050
34 0.474357 152 0.007600
35 0.476139 219 0.010950
36 0.477921 196 0.009800
37 0.479703 128 0.006400
38 0.481485 239 0.011950
39 0.483267 178 0.008900
40 0.485048 455 0.022750
41 0.486830 360 0.018000
42 0.488612 522 0.026100
43 0.490394 719 0.035950
44 0.492176 756 0.037800
45 0.493958 1102 0.055100
46 0.495740 1353 0.067650
47 0.497522 1566 0.078300
48 0.499304 1932 0.096600
49 0.501086 1833 0.091650
50 0.502868 1603 0.080150
51 0.504650 1098 0.054900
52 0.506432 879 0.043950
53 0.508214 676 0.033800
54 0.509996 604 0.030200
55 0.511778 405 0.020250
56 0.513560 340 0.017000
57 0.515341 353 0.017650
58 0.517123 281 0.014050
59 0.518905 173 0.008650
60 0.520687 137 0.006850
61 0.522469 83 0.004150
62 0.524251 183 0.009150
63 0.526033 109 0.005450
64 0.527815 34 0.001700
65 0.529597 66 0.003300
66 0.531379 38 0.001900
67 0.533161 44 0.002200
68 0.534943 30 0.001500
69 0.536725 40 0.002000
70 0.538507 59 0.002950
71 0.540289 17 0.000850
72 0.542071 36 0.001800
73 0.543853 4 0.000200
74 0.545635 8 0.000400
75 0.547416 0 0.000000
76 0.549198 27 0.001350
77 0.550980 13 0.000650
78 0.552762 13 0.000650
79 0.554544 2 0.000100
80 0.556326 23 0.001150
81 0.558108 14 0.000700
82 0.559890 11 0.000550
83 0.561672 4 0.000200
84 0.563454 0 0.000000
85 0.565236 4 0.000200
86 0.567018 0 0.000000
87 0.568800 1 0.000050
88 0.570582 1 0.000050
89 0.572364 0 0.000000
90 0.574146 15 0.000750
91 0.575927 0 0.000000
92 0.577709 0 0.000000
93 0.579491 0 0.000000
94 0.581273 0 0.000000
95 0.583055 0 0.000000
96 0.584837 0 0.000000
97 0.586619 0 0.000000
98 0.588401 0 0.000000
99 0.590183 1 0.000050
