0 0.000000 2 0.000100
1 0.010086 3 0.000150
2 0.020172 6 0.000300
3 0.030258 1 0.000050
4 0.040344 5 0.000250
5 0.050430 2 0.000100
6 0.060516 3 0.000150
7 0.070602 4 0.000200
8 0.080687 7 0.000350
9 0.090773 1 0.000050
10 0.100859 3 0.000150
11 0.110945 3 0.000150
12 0.121031 1 0.000050
13 0.131117 1 0.000050
14 0.141203 4 0.000200
15 0.151289 2 0.000100
16 0.161375 1 0.000050
17 0.171461 4 0.000200
18 0.181547 2 0.000100
19 0.191633 7 0.000350
20 0.201719 5 0.000250
21 0.211805 5 0.000250
22 0.221890 0 0.000000
23 0.231976 3 0.000150
24 0.242062 14 0.000700
25 0.252148 29 0.001450
26 0.262234 20 0.001000
27 0.272320 30 0.001500
28 0.282406 47 0.002350
29 0.292492 31 0.001550
30 0.302578 36 0.001800
31 0.312664 115 0.005750
32 0.322750 129 0.006450
33 0.332836 159 0.007950
34 0.342922 86 0.004300
35 0.353007 18 0.000900
36 0.363093 14 0.000700
37 0.373179 12 0.000600
38 0.383265 23 0.001150
39 0.393351 17 0.000850
40 0.403437 23 0.001150
41 0.413523 33 0.001650
42 0.423609 22 0.001100
43 0.433695 31 0.001550
44 0.443781 37 0.001850
45 0.453867 57 0.002850
46 0.463953 63 0.003150
47 0.474039 71 0.003550
48 0.484125 91 0.004550
49 0.494210 126 0.006300
50 0.504296 100 0.005000
51 0.514382 157 0.007850
52 0.524468 195 0.009750
53 0.534554 214 0.010700
54 0.544640 328 0.016400
55 0.554726 417 0.020850
56 0.564812 593 0.029650
57 0.574898 1415 0.070750
58 0.584984 2244 0.112200
59 0.595070 2281 0.114050
60 0.605156 1177 0.058850
61 0.615242 892 0.044600
62 0.625327 640 0.032000
63 0.635413 478 0.023900
64 0.645499 329 0.016450
65 0.655585 295 0.014750
66 0.665671 226 0.011300
67 0.675757 201 0.010050
68 0.685843 198 0.009900
69 0.695929 198 0.009900
70 0.706015 171 0.008550
71 0.716101 194 0.009700
72 0.726187 132 0.006600
73 0.736273 184 0.009200
74 0.746359 167 0.008350
75 0.756445 182 0.009100
76 0.766530 216 0.010800
77 0.776616 175 0.008750
78 0.786702 180 0.009000
79 0.796788 145 0.007250
80 0.806874 161 0.008050
81 0.816960 231 0.011550
82 0.827046 270 0.013500
83 0.837132 252 0.012600
84 0.847218 301 0.015050
85 0.857304 400 0.020000
86 0.867390 421 0.021050
87 0.877476 433 0.021650
88 0.887562 282 0.014100
89 0.897648 267 0.013350
90 0.907733 279 0.013950
91 0.917819 313 0.015650
92 0.927905 266 0.013300
93 0.937991 186 0.009300
94 0.948077 76 0.003800
95 0.958163 51 0.002550
96 0.968249 47 0.002350
97 0.978335 22 0.001100
98 0.988421 8 0.000400
99 0.998507 1 0.000050
