0 0.119959 4 0.000200
1 0.128706 0 0.000000
2 0.137454 0 0.000000
3 0.146201 0 0.000000
4 0.154949 0 0.000000
5 0.163696 0 0.000000
6 0.172443 0 0.000000
7 0.181191 0 0.000000
8 0.189938 0 0.000000
9 0.198686 3 0.000150
10 0.207433 4 0.000200
11 0.216180 6 0.000300
12 0.224928 5 0.000250
13 0.233675 3 0.000150
14 0.242423 6 0.000300
15 0.251170 0 0.000000
16 0.259917 0 0.000000
17 0.268665 1 0.000050
18 0.277412 0 0.000000
19 0.286159 1 0.000050
20 0.294907 4 0.000200
21 0.303654 25 0.001250
22 0.312402 30 0.001500
23 0.321149 51 0.002550
24 0.329896 82 0.004100
25 0.338644 59 0.002950
26 0.347391 64 0.003200
27 0.356139 145 0.007250
28 0.364886 202 0.010100
29 0.373633 306 0.015300
30 0.382381 192 0.009600
31 0.391128 180 0.009000
32 0.399876 222 0.011100
33 0.408623 289 0.014450
34 0.417370 476 0.023800
35 0.426118 996 0.049800
36 0.434865 403 0.020150
37 0.443613 376 0.018800
38 0.452360 498 0.024900
39 0.461107 628 0.031400
40 0.469855 858 0.042900
41 0.478602 555 0.027750
42 0.487349 683 0.034150
43 0.496097 4652 0.232600
44 0.504844 913 0.045650
45 0.513592 669 0.033450
46 0.522339 907 0.045350
47 0.531086 832 0.041600
48 0.539834 461 0.023050
49 0.548581 410 0.020500
50 0.557329 513 0.025650
51 0.566076 629 0.031450
52 0.574823 428 0.021400
53 0.583571 316 0.015800
54 0.592318 197 0.009850
55 0.601066 258 0.012900
56 0.609813 214 0.010700
57 0.618560 250 0.012500
58 0.627308 391 0.019550
59 0.636055 102 0.005100
60 0.644802 63 0.003150
61 0.653550 113 0.005650
62 0.662297 72 0.003600
63 0.671045 123 0.006150
64 0.679792 45 0.002250
65 0.688540 22 0.001100
66 0.697287 18 0.000900
67 0.706034 20 0.001000
68 0.714782 4 0.000200
69 0.723529 0 0.000000
70 0.732276 0 0.000000
71 0.741024 0 0.000000
72 0.749771 0 0.000000
73 0.758519 0 0.000000
74 0.767266 1 0.000050
75 0.776013 1 0.000050
76 0.784761 1 0.000050
77 0.793508 4 0.000200
78 0.802256 5 0.000250
79 0.811003 3 0.000150
80 0.819750 0 0.000000
81 0.828498 0 0.000000
82 0.837245 0 0.000000
83 0.845993 0 0.000000
84 0.854740 0 0.000000
85 0.863487 0 0.000000
86 0.872235 1 0.000050
87 0.880982 1 0.000050
88 0.889729 1 0.000050
89 0.898477 2 0.000100
90 0.907224 0 0.000000
91 0.915972 0 0.000000
92 0.924719 0 0.000000
93 0.933466 0 0.000000
94 0.942214 0 0.000000
95 0.950961 0 0.000000
96 0.959709 0 0.000000
97 0.968456 0 0.000000
98 0.977203 1 0.000050
99 0.985951 0 0.000000
