0 0.072191 13 0.000650
1 0.081635 0 0.000000
2 0.091079 0 0.000000
3 0.100523 0 0.000000
4 0.109967 10 0.000500
5 0.119412 0 0.000000
6 0.128856 5 0.000250
7 0.138300 27 0.001350
8 0.147744 0 0.000000
9 0.157188 0 0.000000
10 0.166632 0 0.000000
11 0.176076 9 0.000450
12 0.185520 0 0.000000
13 0.194964 30 0.001500
14 0.204408 3 0.000150
15 0.213852 0 0.000000
16 0.223297 9 0.000450
17 0.232741 4 0.000200
18 0.242185 0 0.000000
19 0.251629 0 0.000000
20 0.261073 23 0.001150
21 0.270517 12 0.000600
22 0.279961 60 0.003000
23 0.289405 50 0.002500
24 0.298849 26 0.001300
25 0.308293 22 0.001100
26 0.317737 57 0.002850
27 0.327182 135 0.006750
28 0.336626 201 0.010050
29 0.346070 63 0.003150
30 0.355514 18 0.000900
31 0.364958 14 0.000700
32 0.374402 12 0.000600
33 0.383846 5 0.000250
34 0.393290 40 0.002000
35 0.402734 15 0.000750
36 0.412178 26 0.001300
37 0.421622 8 0.000400
38 0.431067 5 0.000250
39 0.440511 24 0.001200
40 0.449955 42 0.002100
41 0.459399 47 0.002350
42 0.468843 32 0.001600
43 0.478287 89 0.004450
44 0.487731 60 0.003000
45 0.497175 154 0.007700
46 0.506619 152 0.007600
47 0.516063 73 0.003650
48 0.525508 220 0.011000
49 0.534952 193 0.009650
50 0.544396 260 0.013000
51 0.553840 294 0.014700
52 0.563284 421 0.021050
53 0.572728 762 0.038100
54 0.582172 1377 0.068850
55 0.591616 2113 0.105650
56 0.601060 2062 0.103100
57 0.610504 1254 0.062700
58 0.619948 739 0.036950
59 0.629393 649 0.032450
60 0.638837 426 0.021300
61 0.648281 390 0.019500
62 0.657725 302 0.015100
63 0.667169 173 0.008650
64 0.676613 240 0.012000
65 0.686057 173 0.008650
66 0.695501 207 0.010350
67 0.704945 162 0.008100
68 0.714389 232 0.011600
69 0.723833 145 0.007250
70 0.733277 177 0.008850
71 0.742722 131 0.006550
72 0.752166 108 0.005400
73 0.761610 130 0.006500
74 0.771054 201 0.010050
75 0.780498 224 0.011200
76 0.789942 186 0.009300
77 0.799386 157 0.007850
78 0.808830 135 0.006750
79 0.818274 204 0.010200
80 0.827718 223 0.011150
81 0.837163 214 0.010700
82 0.846607 283 0.014150
83 0.856051 403 0.020150
84 0.865495 377 0.018850
85 0.874939 375 0.018750
86 0.884383 311 0.015550
87 0.893827 346 0.017300
88 0.903271 190 0.009500
89 0.912715 320 0.016000
90 0.922159 300 0.015000
91 0.931603 220 0.011000
92 0.941048 160 0.008000
93 0.950492 81 0.004050
94 0.959936 79 0.003950
95 0.969380 9 0.000450
96 0.978824 43 0.002150
97 0.988268 18 0.000900
98 0.997712 25 0.001250
99 1.007156 1 0.000050
