initializing
training size    : 359556
testing size     : 20000
epoch count      : 10
sub epoch size   : 5

epoch_learning_rate_decay   : 8
learning_rate_decay         : 0.250000

training



epoch [0 0] from [10 5]
training time per iterations 2.311162[ms]
testing on 20000 items
testing done
average error 0.003096
min error     0.000000
max error     0.183046
saving best net
best net saved to networks/disc16x16x3_no_gaussian_window_size_4/net_6_depth/trained/, with error 0.003096



epoch [0 1] from [10 5]
training time per iterations 2.326988[ms]
testing on 20000 items
testing done
average error 0.003163
min error     0.000000
max error     0.194172



epoch [0 2] from [10 5]
training time per iterations 2.323581[ms]
testing on 20000 items
testing done
average error 0.002832
min error     0.000000
max error     0.188916
saving best net
best net saved to networks/disc16x16x3_no_gaussian_window_size_4/net_6_depth/trained/, with error 0.002832



epoch [0 3] from [10 5]
training time per iterations 2.320521[ms]
testing on 20000 items
testing done
average error 0.002687
min error     0.000000
max error     0.276123
saving best net
best net saved to networks/disc16x16x3_no_gaussian_window_size_4/net_6_depth/trained/, with error 0.002687



epoch [0 4] from [10 5]
training time per iterations 2.305544[ms]
testing on 20000 items
testing done
average error 0.002694
min error     0.000000
max error     0.193555



epoch [1 0] from [10 5]
training time per iterations 2.312289[ms]
testing on 20000 items
testing done
average error 0.002524
min error     0.000000
max error     0.216420
saving best net
best net saved to networks/disc16x16x3_no_gaussian_window_size_4/net_6_depth/trained/, with error 0.002524



epoch [1 1] from [10 5]
training time per iterations 2.312525[ms]
testing on 20000 items
testing done
average error 0.002578
min error     0.000000
max error     0.213263



epoch [1 2] from [10 5]
training time per iterations 2.311663[ms]
testing on 20000 items
testing done
average error 0.002682
min error     0.000000
max error     0.219101



epoch [1 3] from [10 5]
training time per iterations 2.314389[ms]
testing on 20000 items
testing done
average error 0.002538
min error     0.000000
max error     0.208754



epoch [1 4] from [10 5]
training time per iterations 2.306615[ms]
testing on 20000 items
testing done
average error 0.002488
min error     0.000000
max error     0.240391
saving best net
best net saved to networks/disc16x16x3_no_gaussian_window_size_4/net_6_depth/trained/, with error 0.002488



epoch [2 0] from [10 5]
training time per iterations 2.317434[ms]
testing on 20000 items
testing done
average error 0.002507
min error     0.000000
max error     0.216110



epoch [2 1] from [10 5]
training time per iterations 2.314542[ms]
testing on 20000 items
testing done
average error 0.002381
min error     0.000000
max error     0.267696
saving best net
best net saved to networks/disc16x16x3_no_gaussian_window_size_4/net_6_depth/trained/, with error 0.002381



epoch [2 2] from [10 5]
training time per iterations 2.285130[ms]
testing on 20000 items
testing done
average error 0.002534
min error     0.000000
max error     0.194803



epoch [2 3] from [10 5]
training time per iterations 2.321884[ms]
testing on 20000 items
testing done
average error 0.002429
min error     0.000000
max error     0.256509



epoch [2 4] from [10 5]
training time per iterations 2.297896[ms]
testing on 20000 items
testing done
average error 0.002551
min error     0.000000
max error     0.215555



epoch [3 0] from [10 5]
training time per iterations 2.317170[ms]
testing on 20000 items
testing done
average error 0.002577
min error     0.000000
max error     0.248292



epoch [3 1] from [10 5]
training time per iterations 2.309855[ms]
testing on 20000 items
testing done
average error 0.002399
min error     0.000000
max error     0.256872



epoch [3 2] from [10 5]
training time per iterations 2.320785[ms]
testing on 20000 items
testing done
average error 0.002439
min error     0.000000
max error     0.229041



epoch [3 3] from [10 5]
training time per iterations 2.317406[ms]
testing on 20000 items
testing done
average error 0.002513
min error     0.000000
max error     0.247534



epoch [3 4] from [10 5]
training time per iterations 2.318686[ms]
testing on 20000 items
testing done
average error 0.002403
min error     0.000000
max error     0.255975



epoch [4 0] from [10 5]
training time per iterations 2.315348[ms]
testing on 20000 items
testing done
average error 0.002539
min error     0.000000
max error     0.190264



epoch [4 1] from [10 5]
training time per iterations 2.320994[ms]
testing on 20000 items
testing done
average error 0.002463
min error     0.000000
max error     0.199993



epoch [4 2] from [10 5]
training time per iterations 2.315362[ms]
testing on 20000 items
testing done
average error 0.002477
min error     0.000000
max error     0.279497



epoch [4 3] from [10 5]
training time per iterations 2.313290[ms]
testing on 20000 items
testing done
average error 0.002444
min error     0.000000
max error     0.262726



epoch [4 4] from [10 5]
training time per iterations 2.315710[ms]
testing on 20000 items
testing done
average error 0.002481
min error     0.000000
max error     0.217738



epoch [5 0] from [10 5]
training time per iterations 2.307491[ms]
testing on 20000 items
testing done
average error 0.002521
min error     0.000000
max error     0.189902



epoch [5 1] from [10 5]
training time per iterations 2.319186[ms]
testing on 20000 items
testing done
average error 0.002632
min error     0.000000
max error     0.235443



epoch [5 2] from [10 5]
training time per iterations 2.314277[ms]
testing on 20000 items
testing done
average error 0.002462
min error     0.000000
max error     0.209057



epoch [5 3] from [10 5]
training time per iterations 2.309605[ms]
testing on 20000 items
testing done
average error 0.002444
min error     0.000000
max error     0.213602



epoch [5 4] from [10 5]
training time per iterations 2.313930[ms]
testing on 20000 items
testing done
average error 0.002334
min error     0.000000
max error     0.243013
saving best net
best net saved to networks/disc16x16x3_no_gaussian_window_size_4/net_6_depth/trained/, with error 0.002334



epoch [6 0] from [10 5]
training time per iterations 2.306768[ms]
testing on 20000 items
testing done
average error 0.002400
min error     0.000000
max error     0.215300



epoch [6 1] from [10 5]
training time per iterations 2.315320[ms]
testing on 20000 items
testing done
average error 0.002381
min error     0.000000
max error     0.242242



epoch [6 2] from [10 5]
training time per iterations 2.312692[ms]
testing on 20000 items
testing done
average error 0.002508
min error     0.000000
max error     0.201580



epoch [6 3] from [10 5]
training time per iterations 2.318088[ms]
testing on 20000 items
testing done
average error 0.002490
min error     0.000000
max error     0.248112



epoch [6 4] from [10 5]
training time per iterations 2.315195[ms]
testing on 20000 items
testing done
average error 0.002600
min error     0.000000
max error     0.236052



epoch [7 0] from [10 5]
training time per iterations 2.318366[ms]
testing on 20000 items
testing done
average error 0.002407
min error     0.000000
max error     0.263378



epoch [7 1] from [10 5]
training time per iterations 2.317170[ms]
testing on 20000 items
testing done
average error 0.002461
min error     0.000000
max error     0.227783



epoch [7 2] from [10 5]
training time per iterations 2.316099[ms]
testing on 20000 items
testing done
average error 0.002428
min error     0.000000
max error     0.247504



epoch [7 3] from [10 5]
training time per iterations 2.318324[ms]
testing on 20000 items
testing done
average error 0.002331
min error     0.000000
max error     0.223200
saving best net
best net saved to networks/disc16x16x3_no_gaussian_window_size_4/net_6_depth/trained/, with error 0.002331



epoch [7 4] from [10 5]
training time per iterations 2.313707[ms]
testing on 20000 items
testing done
average error 0.002423
min error     0.000000
max error     0.228912
setting learning rate to 0.000050



epoch [8 0] from [10 5]
training time per iterations 2.312470[ms]
testing on 20000 items
testing done
average error 0.002367
min error     0.000000
max error     0.220039



epoch [8 1] from [10 5]
training time per iterations 2.314583[ms]
testing on 20000 items
testing done
average error 0.002448
min error     0.000000
max error     0.227456



epoch [8 2] from [10 5]
training time per iterations 2.319729[ms]
testing on 20000 items
testing done
average error 0.002323
min error     0.000000
max error     0.243662
saving best net
best net saved to networks/disc16x16x3_no_gaussian_window_size_4/net_6_depth/trained/, with error 0.002323



epoch [8 3] from [10 5]
training time per iterations 2.317281[ms]
testing on 20000 items
testing done
average error 0.002409
min error     0.000000
max error     0.223210



epoch [8 4] from [10 5]
training time per iterations 2.308353[ms]
testing on 20000 items
testing done
average error 0.002322
min error     0.000000
max error     0.225723
saving best net
best net saved to networks/disc16x16x3_no_gaussian_window_size_4/net_6_depth/trained/, with error 0.002322



epoch [9 0] from [10 5]
training time per iterations 2.315376[ms]
testing on 20000 items
testing done
average error 0.002398
min error     0.000000
max error     0.229900



epoch [9 1] from [10 5]
training time per iterations 2.316099[ms]
testing on 20000 items
testing done
average error 0.002352
min error     0.000000
max error     0.238238



epoch [9 2] from [10 5]
training time per iterations 2.312803[ms]
testing on 20000 items
testing done
average error 0.002383
min error     0.000000
max error     0.236428



epoch [9 3] from [10 5]
training time per iterations 2.319506[ms]
testing on 20000 items
testing done
average error 0.002354
min error     0.000000
max error     0.250501



epoch [9 4] from [10 5]
training time per iterations 2.316961[ms]
testing on 20000 items
testing done
average error 0.002381
min error     0.000000
max error     0.239519
training done
