0.000000 0 0 0.003096 0.000000 0.183046 0.003165 0.000000 0.257634
0.200000 0 1 0.003163 0.000000 0.194172 0.003218 0.000000 0.206074
0.400000 0 2 0.002832 0.000000 0.188916 0.002868 0.000000 0.216760
0.600000 0 3 0.002687 0.000000 0.276123 0.002694 0.000000 0.302975
0.800000 0 4 0.002694 0.000000 0.193555 0.002693 0.000000 0.233045
1.000000 1 0 0.002524 0.000000 0.216420 0.002555 0.000000 0.241101
1.200000 1 1 0.002578 0.000000 0.213263 0.002672 0.000000 0.240690
1.400000 1 2 0.002682 0.000000 0.219101 0.002730 0.000000 0.247525
1.600000 1 3 0.002538 0.000000 0.208754 0.002597 0.000000 0.238807
1.800000 1 4 0.002488 0.000000 0.240391 0.002521 0.000000 0.266807
2.000000 2 0 0.002507 0.000000 0.216110 0.002532 0.000000 0.243292
2.200000 2 1 0.002381 0.000000 0.267696 0.002379 0.000000 0.299257
2.400000 2 2 0.002534 0.000000 0.194803 0.002536 0.000000 0.264315
2.600000 2 3 0.002429 0.000000 0.256509 0.002427 0.000000 0.286051
2.800000 2 4 0.002551 0.000000 0.215555 0.002516 0.000000 0.242073
3.000000 3 0 0.002577 0.000000 0.248292 0.002636 0.000000 0.276472
3.200000 3 1 0.002399 0.000000 0.256872 0.002424 0.000000 0.290099
3.400000 3 2 0.002439 0.000000 0.229041 0.002437 0.000000 0.257433
3.600000 3 3 0.002513 0.000000 0.247534 0.002544 0.000000 0.278817
3.800000 3 4 0.002403 0.000000 0.255975 0.002435 0.000000 0.284349
4.000000 4 0 0.002539 0.000000 0.190264 0.002556 0.000000 0.261695
4.200000 4 1 0.002463 0.000000 0.199993 0.002467 0.000000 0.222334
4.400000 4 2 0.002477 0.000000 0.279497 0.002446 0.000000 0.311726
4.600000 4 3 0.002444 0.000000 0.262726 0.002508 0.000000 0.292615
4.800000 4 4 0.002481 0.000000 0.217738 0.002514 0.000000 0.247560
5.000000 5 0 0.002521 0.000000 0.189902 0.002539 0.000000 0.252654
5.200000 5 1 0.002632 0.000000 0.235443 0.002644 0.000000 0.263780
5.400000 5 2 0.002462 0.000000 0.209057 0.002426 0.000000 0.237881
5.600000 5 3 0.002444 0.000000 0.213602 0.002482 0.000000 0.233362
5.800000 5 4 0.002334 0.000000 0.243013 0.002365 0.000000 0.271567
6.000000 6 0 0.002400 0.000000 0.215300 0.002418 0.000000 0.245383
6.200000 6 1 0.002381 0.000000 0.242242 0.002374 0.000000 0.266770
6.400000 6 2 0.002508 0.000000 0.201580 0.002539 0.000000 0.229083
6.600000 6 3 0.002490 0.000000 0.248112 0.002539 0.000000 0.279882
6.800000 6 4 0.002600 0.000000 0.236052 0.002625 0.000000 0.232335
7.000000 7 0 0.002407 0.000000 0.263378 0.002411 0.000000 0.292379
7.200000 7 1 0.002461 0.000000 0.227783 0.002493 0.000000 0.258697
7.400000 7 2 0.002428 0.000000 0.247504 0.002483 0.000000 0.280138
7.600000 7 3 0.002331 0.000000 0.223200 0.002340 0.000000 0.254241
7.800000 7 4 0.002423 0.000000 0.228912 0.002430 0.000000 0.254445
8.000000 8 0 0.002367 0.000000 0.220039 0.002389 0.000000 0.248735
8.200000 8 1 0.002448 0.000000 0.227456 0.002430 0.000000 0.255753
8.400000 8 2 0.002323 0.000000 0.243662 0.002322 0.000000 0.270918
8.600000 8 3 0.002409 0.000000 0.223210 0.002461 0.000000 0.253822
8.800000 8 4 0.002322 0.000000 0.225723 0.002385 0.000000 0.256934
9.000000 9 0 0.002398 0.000000 0.229900 0.002447 0.000000 0.259430
9.200000 9 1 0.002352 0.000000 0.238238 0.002358 0.000000 0.270275
9.400000 9 2 0.002383 0.000000 0.236428 0.002421 0.000000 0.263726
9.600000 9 3 0.002354 0.000000 0.250501 0.002370 0.000000 0.281966
9.800000 9 4 0.002381 0.000000 0.239519 0.002424 0.000000 0.264570
