0 -0.468539 1 0.000017
1 -0.460053 0 0.000000
2 -0.451567 0 0.000000
3 -0.443082 0 0.000000
4 -0.434596 1 0.000017
5 -0.426110 0 0.000000
6 -0.417624 1 0.000017
7 -0.409138 0 0.000000
8 -0.400652 0 0.000000
9 -0.392166 0 0.000000
10 -0.383681 0 0.000000
11 -0.375195 0 0.000000
12 -0.366709 2 0.000033
13 -0.358223 0 0.000000
14 -0.349737 0 0.000000
15 -0.341251 1 0.000017
16 -0.332765 1 0.000017
17 -0.324280 1 0.000017
18 -0.315794 0 0.000000
19 -0.307308 2 0.000033
20 -0.298822 1 0.000017
21 -0.290336 0 0.000000
22 -0.281850 0 0.000000
23 -0.273364 5 0.000083
24 -0.264879 2 0.000033
25 -0.256393 1 0.000017
26 -0.247907 1 0.000017
27 -0.239421 3 0.000050
28 -0.230935 3 0.000050
29 -0.222449 6 0.000100
30 -0.213963 6 0.000100
31 -0.205478 6 0.000100
32 -0.196992 16 0.000267
33 -0.188506 37 0.000617
34 -0.180020 72 0.001200
35 -0.171534 76 0.001267
36 -0.163048 50 0.000833
37 -0.154562 147 0.002450
38 -0.146077 195 0.003250
39 -0.137591 234 0.003900
40 -0.129105 193 0.003217
41 -0.120619 159 0.002650
42 -0.112133 165 0.002750
43 -0.103647 210 0.003500
44 -0.095161 299 0.004983
45 -0.086676 589 0.009817
46 -0.078190 866 0.014433
47 -0.069704 451 0.007517
48 -0.061218 408 0.006800
49 -0.052732 614 0.010233
50 -0.044246 881 0.014683
51 -0.035760 1280 0.021333
52 -0.027275 3354 0.055900
53 -0.018789 11611 0.193517
54 -0.010303 25380 0.423000
55 -0.001817 4138 0.068967
56 0.006669 1455 0.024250
57 0.015155 1133 0.018883
58 0.023641 1191 0.019850
59 0.032126 592 0.009867
60 0.040612 462 0.007700
61 0.049098 529 0.008817
62 0.057584 540 0.009000
63 0.066070 406 0.006767
64 0.074556 281 0.004683
65 0.083042 232 0.003867
66 0.091527 202 0.003367
67 0.100013 189 0.003150
68 0.108499 244 0.004067
69 0.116985 354 0.005900
70 0.125471 208 0.003467
71 0.133957 76 0.001267
72 0.142443 110 0.001833
73 0.150928 116 0.001933
74 0.159414 99 0.001650
75 0.167900 48 0.000800
76 0.176386 10 0.000167
77 0.184872 13 0.000217
78 0.193358 8 0.000133
79 0.201844 5 0.000083
80 0.210329 6 0.000100
81 0.218815 1 0.000017
82 0.227301 3 0.000050
83 0.235787 3 0.000050
84 0.244273 0 0.000000
85 0.252759 4 0.000067
86 0.261245 2 0.000033
87 0.269731 0 0.000000
88 0.278216 1 0.000017
89 0.286702 1 0.000017
90 0.295188 1 0.000017
91 0.303674 3 0.000050
92 0.312160 0 0.000000
93 0.320646 0 0.000000
94 0.329131 0 0.000000
95 0.337617 1 0.000017
96 0.346103 0 0.000000
97 0.354589 0 0.000000
98 0.363075 2 0.000033
99 0.371561 0 0.000000
