0 -0.102770 1 0.000050
1 -0.101123 1 0.000050
2 -0.099475 0 0.000000
3 -0.097828 0 0.000000
4 -0.096180 1 0.000050
5 -0.094533 0 0.000000
6 -0.092885 0 0.000000
7 -0.091238 0 0.000000
8 -0.089590 0 0.000000
9 -0.087943 0 0.000000
10 -0.086295 1 0.000050
11 -0.084648 0 0.000000
12 -0.083000 0 0.000000
13 -0.081353 0 0.000000
14 -0.079705 0 0.000000
15 -0.078058 0 0.000000
16 -0.076410 0 0.000000
17 -0.074763 2 0.000100
18 -0.073115 4 0.000200
19 -0.071468 2 0.000100
20 -0.069820 3 0.000150
21 -0.068173 0 0.000000
22 -0.066525 3 0.000150
23 -0.064878 5 0.000250
24 -0.063230 3 0.000150
25 -0.061583 4 0.000200
26 -0.059935 3 0.000150
27 -0.058288 2 0.000100
28 -0.056640 2 0.000100
29 -0.054993 6 0.000300
30 -0.053345 3 0.000150
31 -0.051698 5 0.000250
32 -0.050050 8 0.000400
33 -0.048403 7 0.000350
34 -0.046755 13 0.000650
35 -0.045108 8 0.000400
36 -0.043460 6 0.000300
37 -0.041813 19 0.000950
38 -0.040165 18 0.000900
39 -0.038518 20 0.001000
40 -0.036871 27 0.001350
41 -0.035223 41 0.002050
42 -0.033576 27 0.001350
43 -0.031928 48 0.002400
44 -0.030281 69 0.003450
45 -0.028633 76 0.003800
46 -0.026986 123 0.006150
47 -0.025338 159 0.007950
48 -0.023691 199 0.009950
49 -0.022043 212 0.010600
50 -0.020396 252 0.012600
51 -0.018748 323 0.016150
52 -0.017101 426 0.021300
53 -0.015453 605 0.030250
54 -0.013806 875 0.043750
55 -0.012158 1419 0.070950
56 -0.010511 2460 0.123000
57 -0.008863 3732 0.186600
58 -0.007216 3223 0.161150
59 -0.005568 1940 0.097000
60 -0.003921 994 0.049700
61 -0.002273 580 0.029000
62 -0.000626 455 0.022750
63 0.001022 337 0.016850
64 0.002669 236 0.011800
65 0.004317 160 0.008000
66 0.005964 133 0.006650
67 0.007612 121 0.006050
68 0.009259 124 0.006200
69 0.010907 84 0.004200
70 0.012554 68 0.003400
71 0.014202 50 0.002500
72 0.015849 41 0.002050
73 0.017497 27 0.001350
74 0.019144 20 0.001000
75 0.020792 18 0.000900
76 0.022439 18 0.000900
77 0.024087 15 0.000750
78 0.025734 8 0.000400
79 0.027382 13 0.000650
80 0.029029 14 0.000700
81 0.030677 6 0.000300
82 0.032324 11 0.000550
83 0.033972 7 0.000350
84 0.035619 8 0.000400
85 0.037267 11 0.000550
86 0.038914 11 0.000550
87 0.040562 8 0.000400
88 0.042209 9 0.000450
89 0.043857 6 0.000300
90 0.045504 6 0.000300
91 0.047152 4 0.000200
92 0.048799 1 0.000050
93 0.050447 2 0.000100
94 0.052094 1 0.000050
95 0.053741 4 0.000200
96 0.055389 1 0.000050
97 0.057036 0 0.000000
98 0.058684 1 0.000050
99 0.060331 1 0.000050
