0 0.000000 51613 0.860217
1 0.002217 2229 0.037150
2 0.004435 1962 0.032700
3 0.006652 925 0.015417
4 0.008870 535 0.008917
5 0.011087 445 0.007417
6 0.013305 555 0.009250
7 0.015522 456 0.007600
8 0.017740 295 0.004917
9 0.019957 229 0.003817
10 0.022175 214 0.003567
11 0.024392 127 0.002117
12 0.026610 133 0.002217
13 0.028827 91 0.001517
14 0.031044 51 0.000850
15 0.033262 31 0.000517
16 0.035479 24 0.000400
17 0.037697 11 0.000183
18 0.039914 4 0.000067
19 0.042132 9 0.000150
20 0.044349 7 0.000117
21 0.046567 4 0.000067
22 0.048784 3 0.000050
23 0.051002 3 0.000050
24 0.053219 4 0.000067
25 0.055437 4 0.000067
26 0.057654 1 0.000017
27 0.059872 1 0.000017
28 0.062089 1 0.000017
29 0.064306 3 0.000050
30 0.066524 1 0.000017
31 0.068741 5 0.000083
32 0.070959 3 0.000050
33 0.073176 1 0.000017
34 0.075394 0 0.000000
35 0.077611 1 0.000017
36 0.079829 0 0.000000
37 0.082046 0 0.000000
38 0.084264 1 0.000017
39 0.086481 0 0.000000
40 0.088699 3 0.000050
41 0.090916 1 0.000017
42 0.093133 0 0.000000
43 0.095351 3 0.000050
44 0.097568 0 0.000000
45 0.099786 0 0.000000
46 0.102003 1 0.000017
47 0.104221 0 0.000000
48 0.106438 1 0.000017
49 0.108656 0 0.000000
50 0.110873 0 0.000000
51 0.113091 2 0.000033
52 0.115308 0 0.000000
53 0.117526 0 0.000000
54 0.119743 0 0.000000
55 0.121961 0 0.000000
56 0.124178 0 0.000000
57 0.126395 1 0.000017
58 0.128613 0 0.000000
59 0.130830 0 0.000000
60 0.133048 1 0.000017
61 0.135265 1 0.000017
62 0.137483 1 0.000017
63 0.139700 0 0.000000
64 0.141918 0 0.000000
65 0.144135 0 0.000000
66 0.146353 0 0.000000
67 0.148570 0 0.000000
68 0.150788 0 0.000000
69 0.153005 0 0.000000
70 0.155222 0 0.000000
71 0.157440 0 0.000000
72 0.159657 0 0.000000
73 0.161875 0 0.000000
74 0.164092 0 0.000000
75 0.166310 0 0.000000
76 0.168527 1 0.000017
77 0.170745 0 0.000000
78 0.172962 0 0.000000
79 0.175180 0 0.000000
80 0.177397 0 0.000000
81 0.179615 0 0.000000
82 0.181832 0 0.000000
83 0.184050 0 0.000000
84 0.186267 1 0.000017
85 0.188484 0 0.000000
86 0.190702 0 0.000000
87 0.192919 0 0.000000
88 0.195137 0 0.000000
89 0.197354 0 0.000000
90 0.199572 0 0.000000
91 0.201789 0 0.000000
92 0.204007 0 0.000000
93 0.206224 0 0.000000
94 0.208442 0 0.000000
95 0.210659 0 0.000000
96 0.212877 0 0.000000
97 0.215094 0 0.000000
98 0.217311 0 0.000000
99 0.219529 1 0.000017
