0 -0.468539 1 0.000050
1 -0.460053 0 0.000000
2 -0.451567 0 0.000000
3 -0.443082 0 0.000000
4 -0.434596 1 0.000050
5 -0.426110 0 0.000000
6 -0.417624 1 0.000050
7 -0.409138 0 0.000000
8 -0.400652 0 0.000000
9 -0.392166 0 0.000000
10 -0.383681 0 0.000000
11 -0.375195 0 0.000000
12 -0.366709 2 0.000100
13 -0.358223 0 0.000000
14 -0.349737 0 0.000000
15 -0.341251 1 0.000050
16 -0.332765 1 0.000050
17 -0.324280 1 0.000050
18 -0.315794 0 0.000000
19 -0.307308 2 0.000100
20 -0.298822 1 0.000050
21 -0.290336 0 0.000000
22 -0.281850 0 0.000000
23 -0.273364 5 0.000250
24 -0.264879 2 0.000100
25 -0.256393 1 0.000050
26 -0.247907 1 0.000050
27 -0.239421 3 0.000150
28 -0.230935 3 0.000150
29 -0.222449 6 0.000300
30 -0.213963 6 0.000300
31 -0.205478 6 0.000300
32 -0.196992 16 0.000800
33 -0.188506 37 0.001850
34 -0.180020 72 0.003600
35 -0.171534 76 0.003800
36 -0.163048 50 0.002500
37 -0.154562 147 0.007350
38 -0.146077 194 0.009700
39 -0.137591 231 0.011550
40 -0.129105 186 0.009300
41 -0.120619 155 0.007750
42 -0.112133 165 0.008250
43 -0.103647 204 0.010200
44 -0.095161 297 0.014850
45 -0.086676 586 0.029300
46 -0.078190 855 0.042750
47 -0.069704 435 0.021750
48 -0.061218 376 0.018800
49 -0.052732 544 0.027200
50 -0.044246 732 0.036600
51 -0.035760 682 0.034100
52 -0.027275 777 0.038850
53 -0.018789 1037 0.051850
54 -0.010303 3630 0.181500
55 -0.001817 1189 0.059450
56 0.006669 660 0.033000
57 0.015155 927 0.046350
58 0.023641 1095 0.054750
59 0.032126 526 0.026300
60 0.040612 420 0.021000
61 0.049098 511 0.025550
62 0.057584 536 0.026800
63 0.066070 405 0.020250
64 0.074556 277 0.013850
65 0.083042 229 0.011450
66 0.091527 200 0.010000
67 0.100013 184 0.009200
68 0.108499 241 0.012050
69 0.116985 352 0.017600
70 0.125471 207 0.010350
71 0.133957 76 0.003800
72 0.142443 110 0.005500
73 0.150928 116 0.005800
74 0.159414 99 0.004950
75 0.167900 48 0.002400
76 0.176386 10 0.000500
77 0.184872 13 0.000650
78 0.193358 8 0.000400
79 0.201844 5 0.000250
80 0.210329 6 0.000300
81 0.218815 1 0.000050
82 0.227301 3 0.000150
83 0.235787 3 0.000150
84 0.244273 0 0.000000
85 0.252759 4 0.000200
86 0.261245 2 0.000100
87 0.269731 0 0.000000
88 0.278216 1 0.000050
89 0.286702 1 0.000050
90 0.295188 1 0.000050
91 0.303674 3 0.000150
92 0.312160 0 0.000000
93 0.320646 0 0.000000
94 0.329131 0 0.000000
95 0.337617 1 0.000050
96 0.346103 0 0.000000
97 0.354589 0 0.000000
98 0.363075 2 0.000100
99 0.371561 0 0.000000
