0 -0.139671 1 0.000050
1 -0.136985 1 0.000050
2 -0.134299 2 0.000100
3 -0.131614 0 0.000000
4 -0.128928 2 0.000100
5 -0.126242 3 0.000150
6 -0.123557 2 0.000100
7 -0.120871 4 0.000200
8 -0.118185 0 0.000000
9 -0.115500 0 0.000000
10 -0.112814 0 0.000000
11 -0.110128 0 0.000000
12 -0.107443 0 0.000000
13 -0.104757 1 0.000050
14 -0.102071 0 0.000000
15 -0.099386 1 0.000050
16 -0.096700 1 0.000050
17 -0.094014 0 0.000000
18 -0.091329 1 0.000050
19 -0.088643 1 0.000050
20 -0.085958 2 0.000100
21 -0.083272 0 0.000000
22 -0.080586 0 0.000000
23 -0.077901 2 0.000100
24 -0.075215 1 0.000050
25 -0.072529 0 0.000000
26 -0.069844 0 0.000000
27 -0.067158 0 0.000000
28 -0.064472 1 0.000050
29 -0.061787 3 0.000150
30 -0.059101 2 0.000100
31 -0.056415 7 0.000350
32 -0.053730 8 0.000400
33 -0.051044 9 0.000450
34 -0.048358 13 0.000650
35 -0.045673 11 0.000550
36 -0.042987 12 0.000600
37 -0.040301 24 0.001200
38 -0.037616 34 0.001700
39 -0.034930 76 0.003800
40 -0.032245 130 0.006500
41 -0.029559 158 0.007900
42 -0.026873 304 0.015200
43 -0.024188 444 0.022200
44 -0.021502 832 0.041600
45 -0.018816 1234 0.061700
46 -0.016131 1823 0.091150
47 -0.013445 2902 0.145100
48 -0.010759 4694 0.234700
49 -0.008074 3502 0.175100
50 -0.005388 1615 0.080750
51 -0.002702 821 0.041050
52 -0.000017 472 0.023600
53 0.002669 301 0.015050
54 0.005355 145 0.007250
55 0.008040 130 0.006500
56 0.010726 68 0.003400
57 0.013412 42 0.002100
58 0.016097 32 0.001600
59 0.018783 21 0.001050
60 0.021469 11 0.000550
61 0.024154 12 0.000600
62 0.026840 10 0.000500
63 0.029525 15 0.000750
64 0.032211 4 0.000200
65 0.034897 7 0.000350
66 0.037582 4 0.000200
67 0.040268 2 0.000100
68 0.042954 6 0.000300
69 0.045639 2 0.000100
70 0.048325 7 0.000350
71 0.051011 1 0.000050
72 0.053696 1 0.000050
73 0.056382 1 0.000050
74 0.059068 1 0.000050
75 0.061753 0 0.000000
76 0.064439 0 0.000000
77 0.067125 1 0.000050
78 0.069810 0 0.000000
79 0.072496 0 0.000000
80 0.075182 0 0.000000
81 0.077867 2 0.000100
82 0.080553 2 0.000100
83 0.083239 2 0.000100
84 0.085924 1 0.000050
85 0.088610 0 0.000000
86 0.091295 1 0.000050
87 0.093981 1 0.000050
88 0.096667 0 0.000000
89 0.099352 3 0.000150
90 0.102038 0 0.000000
91 0.104724 2 0.000100
92 0.107409 0 0.000000
93 0.110095 2 0.000100
94 0.112781 1 0.000050
95 0.115466 1 0.000050
96 0.118152 1 0.000050
97 0.120838 0 0.000000
98 0.123523 0 0.000000
99 0.126209 1 0.000050
