0 0.025589 6 0.000300
1 0.035415 5 0.000250
2 0.045240 6 0.000300
3 0.055066 12 0.000600
4 0.064891 2 0.000100
5 0.074717 7 0.000350
6 0.084543 11 0.000550
7 0.094368 19 0.000950
8 0.104194 14 0.000700
9 0.114020 12 0.000600
10 0.123845 8 0.000400
11 0.133671 15 0.000750
12 0.143497 13 0.000650
13 0.153322 12 0.000600
14 0.163148 13 0.000650
15 0.172974 15 0.000750
16 0.182799 19 0.000950
17 0.192625 27 0.001350
18 0.202450 24 0.001200
19 0.212276 22 0.001100
20 0.222102 32 0.001600
21 0.231927 29 0.001450
22 0.241753 27 0.001350
23 0.251579 40 0.002000
24 0.261404 35 0.001750
25 0.271230 36 0.001800
26 0.281056 77 0.003850
27 0.290881 66 0.003300
28 0.300707 60 0.003000
29 0.310533 75 0.003750
30 0.320358 85 0.004250
31 0.330184 87 0.004350
32 0.340009 95 0.004750
33 0.349835 77 0.003850
34 0.359661 108 0.005400
35 0.369486 102 0.005100
36 0.379312 130 0.006500
37 0.389138 159 0.007950
38 0.398963 179 0.008950
39 0.408789 220 0.011000
40 0.418615 247 0.012350
41 0.428440 304 0.015200
42 0.438266 376 0.018800
43 0.448092 340 0.017000
44 0.457917 506 0.025300
45 0.467743 695 0.034750
46 0.477569 970 0.048500
47 0.487394 1570 0.078500
48 0.497220 2972 0.148600
49 0.507045 2949 0.147450
50 0.516871 1587 0.079350
51 0.526697 996 0.049800
52 0.536522 649 0.032450
53 0.546348 538 0.026900
54 0.556174 417 0.020850
55 0.565999 393 0.019650
56 0.575825 363 0.018150
57 0.585651 246 0.012300
58 0.595476 176 0.008800
59 0.605302 162 0.008100
60 0.615128 145 0.007250
61 0.624953 157 0.007850
62 0.634779 141 0.007050
63 0.644604 127 0.006350
64 0.654430 97 0.004850
65 0.664256 86 0.004300
66 0.674081 105 0.005250
67 0.683907 78 0.003900
68 0.693733 40 0.002000
69 0.703558 44 0.002200
70 0.713384 46 0.002300
71 0.723210 44 0.002200
72 0.733035 36 0.001800
73 0.742861 27 0.001350
74 0.752687 31 0.001550
75 0.762512 30 0.001500
76 0.772338 20 0.001000
77 0.782163 34 0.001700
78 0.791989 31 0.001550
79 0.801815 23 0.001150
80 0.811640 32 0.001600
81 0.821466 23 0.001150
82 0.831292 16 0.000800
83 0.841117 11 0.000550
84 0.850943 10 0.000500
85 0.860769 20 0.001000
86 0.870594 18 0.000900
87 0.880420 13 0.000650
88 0.890246 10 0.000500
89 0.900071 15 0.000750
90 0.909897 9 0.000450
91 0.919722 12 0.000600
92 0.929548 9 0.000450
93 0.939374 5 0.000250
94 0.949199 5 0.000250
95 0.959025 5 0.000250
96 0.968851 2 0.000100
97 0.978676 4 0.000200
98 0.988502 1 0.000050
99 0.998328 1 0.000050
