0 0.005290 1 0.000050
1 0.014228 0 0.000000
2 0.023167 0 0.000000
3 0.032106 0 0.000000
4 0.041045 0 0.000000
5 0.049983 0 0.000000
6 0.058922 0 0.000000
7 0.067861 0 0.000000
8 0.076799 0 0.000000
9 0.085738 1 0.000050
10 0.094677 0 0.000000
11 0.103616 0 0.000000
12 0.112554 1 0.000050
13 0.121493 2 0.000100
14 0.130432 0 0.000000
15 0.139370 0 0.000000
16 0.148309 0 0.000000
17 0.157248 0 0.000000
18 0.166187 0 0.000000
19 0.175125 0 0.000000
20 0.184064 0 0.000000
21 0.193003 0 0.000000
22 0.201941 3 0.000150
23 0.210880 4 0.000200
24 0.219819 4 0.000200
25 0.228758 3 0.000150
26 0.237696 3 0.000150
27 0.246635 0 0.000000
28 0.255574 1 0.000050
29 0.264512 0 0.000000
30 0.273451 1 0.000050
31 0.282390 1 0.000050
32 0.291329 7 0.000350
33 0.300267 18 0.000900
34 0.309206 30 0.001500
35 0.318145 53 0.002650
36 0.327083 83 0.004150
37 0.336022 49 0.002450
38 0.344961 57 0.002850
39 0.353900 164 0.008200
40 0.362838 157 0.007850
41 0.371777 317 0.015850
42 0.380716 189 0.009450
43 0.389654 181 0.009050
44 0.398593 196 0.009800
45 0.407532 315 0.015750
46 0.416471 438 0.021900
47 0.425409 983 0.049150
48 0.434348 473 0.023650
49 0.443287 396 0.019800
50 0.452225 484 0.024200
51 0.461164 669 0.033450
52 0.470103 836 0.041800
53 0.479042 573 0.028650
54 0.487980 707 0.035350
55 0.496919 4448 0.222400
56 0.505858 826 0.041300
57 0.514796 693 0.034650
58 0.523735 1035 0.051750
59 0.532674 856 0.042800
60 0.541613 534 0.026700
61 0.550551 506 0.025300
62 0.559490 506 0.025300
63 0.568429 707 0.035350
64 0.577367 387 0.019350
65 0.586306 312 0.015600
66 0.595245 195 0.009750
67 0.604184 246 0.012300
68 0.613122 193 0.009650
69 0.622061 438 0.021900
70 0.631000 182 0.009100
71 0.639938 88 0.004400
72 0.648877 82 0.004100
73 0.657816 96 0.004800
74 0.666755 105 0.005250
75 0.675693 75 0.003750
76 0.684632 21 0.001050
77 0.693571 22 0.001100
78 0.702509 23 0.001150
79 0.711448 5 0.000250
80 0.720387 0 0.000000
81 0.729326 0 0.000000
82 0.738264 1 0.000050
83 0.747203 0 0.000000
84 0.756142 0 0.000000
85 0.765080 0 0.000000
86 0.774019 2 0.000100
87 0.782958 2 0.000100
88 0.791897 6 0.000300
89 0.800835 3 0.000150
90 0.809774 2 0.000100
91 0.818713 0 0.000000
92 0.827652 0 0.000000
93 0.836590 0 0.000000
94 0.845529 0 0.000000
95 0.854468 0 0.000000
96 0.863406 1 0.000050
97 0.872345 0 0.000000
98 0.881284 1 0.000050
99 0.890222 1 0.000050
