0 0.068318 17 0.000850
1 0.077914 7 0.000350
2 0.087509 5 0.000250
3 0.097105 5 0.000250
4 0.106700 7 0.000350
5 0.116296 4 0.000200
6 0.125891 2 0.000100
7 0.135486 0 0.000000
8 0.145082 2 0.000100
9 0.154677 3 0.000150
10 0.164273 11 0.000550
11 0.173868 7 0.000350
12 0.183463 2 0.000100
13 0.193059 5 0.000250
14 0.202654 8 0.000400
15 0.212250 1 0.000050
16 0.221845 3 0.000150
17 0.231440 9 0.000450
18 0.241036 12 0.000600
19 0.250631 17 0.000850
20 0.260227 46 0.002300
21 0.269822 52 0.002600
22 0.279418 31 0.001550
23 0.289013 28 0.001400
24 0.298608 33 0.001650
25 0.308204 24 0.001200
26 0.317799 58 0.002900
27 0.327395 223 0.011150
28 0.336990 98 0.004900
29 0.346585 54 0.002700
30 0.356181 28 0.001400
31 0.365776 12 0.000600
32 0.375372 25 0.001250
33 0.384967 21 0.001050
34 0.394563 20 0.001000
35 0.404158 23 0.001150
36 0.413753 23 0.001150
37 0.423349 32 0.001600
38 0.432944 45 0.002250
39 0.442540 22 0.001100
40 0.452135 37 0.001850
41 0.461730 68 0.003400
42 0.471326 43 0.002150
43 0.480921 62 0.003100
44 0.490517 111 0.005550
45 0.500112 106 0.005300
46 0.509708 98 0.004900
47 0.519303 131 0.006550
48 0.528898 147 0.007350
49 0.538494 222 0.011100
50 0.548089 281 0.014050
51 0.557685 350 0.017500
52 0.567280 459 0.022950
53 0.576875 631 0.031550
54 0.586471 1730 0.086500
55 0.596066 2649 0.132450
56 0.605662 1862 0.093100
57 0.615257 1109 0.055450
58 0.624853 796 0.039800
59 0.634448 553 0.027650
60 0.644043 378 0.018900
61 0.653639 303 0.015150
62 0.663234 266 0.013300
63 0.672830 235 0.011750
64 0.682425 182 0.009100
65 0.692020 198 0.009900
66 0.701616 173 0.008650
67 0.711211 196 0.009800
68 0.720807 145 0.007250
69 0.730402 142 0.007100
70 0.739998 160 0.008000
71 0.749593 149 0.007450
72 0.759188 142 0.007100
73 0.768784 174 0.008700
74 0.778379 157 0.007850
75 0.787975 179 0.008950
76 0.797570 166 0.008300
77 0.807165 132 0.006600
78 0.816761 151 0.007550
79 0.826356 197 0.009850
80 0.835952 190 0.009500
81 0.845547 205 0.010250
82 0.855142 237 0.011850
83 0.864738 263 0.013150
84 0.874333 353 0.017650
85 0.883929 384 0.019200
86 0.893524 425 0.021250
87 0.903120 252 0.012600
88 0.912715 203 0.010150
89 0.922310 228 0.011400
90 0.931906 283 0.014150
91 0.941501 218 0.010900
92 0.951097 228 0.011400
93 0.960692 93 0.004650
94 0.970288 51 0.002550
95 0.979883 35 0.001750
96 0.989478 39 0.001950
97 0.999074 12 0.000600
98 1.008669 5 0.000250
99 1.018265 1 0.000050
