0 0.005290 3 0.000050
1 0.015337 7 0.000117
2 0.025385 10 0.000167
3 0.035432 14 0.000233
4 0.045480 10 0.000167
5 0.055528 16 0.000267
6 0.065575 17 0.000283
7 0.075623 17 0.000283
8 0.085670 16 0.000267
9 0.095718 15 0.000250
10 0.105766 15 0.000250
11 0.115813 15 0.000250
12 0.125861 13 0.000217
13 0.135908 15 0.000250
14 0.145956 17 0.000283
15 0.156003 20 0.000333
16 0.166051 20 0.000333
17 0.176099 21 0.000350
18 0.186146 33 0.000550
19 0.196194 27 0.000450
20 0.206241 31 0.000517
21 0.216289 36 0.000600
22 0.226336 41 0.000683
23 0.236384 47 0.000783
24 0.246432 54 0.000900
25 0.256479 76 0.001267
26 0.266527 61 0.001017
27 0.276574 108 0.001800
28 0.286622 106 0.001767
29 0.296670 114 0.001900
30 0.306717 207 0.003450
31 0.316765 211 0.003517
32 0.326812 356 0.005933
33 0.336860 234 0.003900
34 0.346907 234 0.003900
35 0.356955 313 0.005217
36 0.367003 473 0.007883
37 0.377050 399 0.006650
38 0.387098 397 0.006617
39 0.397145 429 0.007150
40 0.407193 623 0.010383
41 0.417240 867 0.014450
42 0.427288 1441 0.024017
43 0.437336 879 0.014650
44 0.447383 994 0.016567
45 0.457431 1387 0.023117
46 0.467478 1961 0.032683
47 0.477526 2152 0.035867
48 0.487574 3674 0.061233
49 0.497621 7858 0.130967
50 0.507669 2848 0.047467
51 0.517716 2041 0.034017
52 0.527764 2267 0.037783
53 0.537811 1384 0.023067
54 0.547859 1355 0.022583
55 0.557907 1483 0.024717
56 0.567954 1867 0.031117
57 0.578002 2517 0.041950
58 0.588049 3096 0.051600
59 0.598097 2300 0.038333
60 0.608144 1477 0.024617
61 0.618192 1311 0.021850
62 0.628240 1033 0.017217
63 0.638287 552 0.009200
64 0.648335 501 0.008350
65 0.658382 458 0.007633
66 0.668430 433 0.007217
67 0.678478 325 0.005417
68 0.688525 273 0.004550
69 0.698573 284 0.004733
70 0.708620 181 0.003017
71 0.718668 207 0.003450
72 0.728715 168 0.002800
73 0.738763 219 0.003650
74 0.748811 173 0.002883
75 0.758858 218 0.003633
76 0.768906 193 0.003217
77 0.778953 216 0.003600
78 0.789001 195 0.003250
79 0.799048 175 0.002917
80 0.809096 200 0.003333
81 0.819144 221 0.003683
82 0.829191 259 0.004317
83 0.839239 234 0.003900
84 0.849286 304 0.005067
85 0.859334 434 0.007233
86 0.869382 412 0.006867
87 0.879429 402 0.006700
88 0.889477 280 0.004667
89 0.899524 228 0.003800
90 0.909572 268 0.004467
91 0.919619 312 0.005200
92 0.929667 251 0.004183
93 0.939715 156 0.002600
94 0.949762 68 0.001133
95 0.959810 63 0.001050
96 0.969857 50 0.000833
97 0.979905 17 0.000283
98 0.989952 6 0.000100
99 1.000000 1 0.000017
