0 0.012610 3 0.000150
1 0.022332 5 0.000250
2 0.032053 4 0.000200
3 0.041774 6 0.000300
4 0.051495 14 0.000700
5 0.061216 12 0.000600
6 0.070937 9 0.000450
7 0.080658 10 0.000500
8 0.090379 10 0.000500
9 0.100101 13 0.000650
10 0.109822 8 0.000400
11 0.119543 9 0.000450
12 0.129264 10 0.000500
13 0.138985 9 0.000450
14 0.148706 15 0.000750
15 0.158427 16 0.000800
16 0.168148 17 0.000850
17 0.177869 19 0.000950
18 0.187591 30 0.001500
19 0.197312 16 0.000800
20 0.207033 20 0.001000
21 0.216754 30 0.001500
22 0.226475 27 0.001350
23 0.236196 34 0.001700
24 0.245917 24 0.001200
25 0.255638 42 0.002100
26 0.265360 41 0.002050
27 0.275081 58 0.002900
28 0.284802 59 0.002950
29 0.294523 76 0.003800
30 0.304244 71 0.003550
31 0.313965 76 0.003800
32 0.323686 79 0.003950
33 0.333407 100 0.005000
34 0.343129 88 0.004400
35 0.352850 88 0.004400
36 0.362571 117 0.005850
37 0.372292 115 0.005750
38 0.382013 167 0.008350
39 0.391734 170 0.008500
40 0.401455 218 0.010900
41 0.411176 225 0.011250
42 0.420898 296 0.014800
43 0.430619 394 0.019700
44 0.440340 368 0.018400
45 0.450061 538 0.026900
46 0.459782 692 0.034600
47 0.469503 910 0.045500
48 0.479224 1518 0.075900
49 0.488945 2841 0.142050
50 0.498666 2984 0.149200
51 0.508388 1735 0.086750
52 0.518109 1023 0.051150
53 0.527830 730 0.036500
54 0.537551 533 0.026650
55 0.547272 390 0.019500
56 0.556993 362 0.018100
57 0.566714 354 0.017700
58 0.576435 281 0.014050
59 0.586157 200 0.010000
60 0.595878 161 0.008050
61 0.605599 147 0.007350
62 0.615320 171 0.008550
63 0.625041 135 0.006750
64 0.634762 98 0.004900
65 0.644483 107 0.005350
66 0.654204 91 0.004550
67 0.663926 82 0.004100
68 0.673647 83 0.004150
69 0.683368 62 0.003100
70 0.693089 43 0.002150
71 0.702810 43 0.002150
72 0.712531 35 0.001750
73 0.722252 36 0.001800
74 0.731973 28 0.001400
75 0.741695 29 0.001450
76 0.751416 25 0.001250
77 0.761137 27 0.001350
78 0.770858 20 0.001000
79 0.780579 30 0.001500
80 0.790300 33 0.001650
81 0.800021 18 0.000900
82 0.809742 19 0.000950
83 0.819463 15 0.000750
84 0.829185 23 0.001150
85 0.838906 16 0.000800
86 0.848627 19 0.000950
87 0.858348 7 0.000350
88 0.868069 7 0.000350
89 0.877790 6 0.000300
90 0.887511 14 0.000700
91 0.897232 11 0.000550
92 0.906954 12 0.000600
93 0.916675 8 0.000400
94 0.926396 10 0.000500
95 0.936117 10 0.000500
96 0.945838 2 0.000100
97 0.955559 0 0.000000
98 0.965280 7 0.000350
99 0.975001 1 0.000050
