0 0.025589 6 0.000100
1 0.035616 5 0.000083
2 0.045643 7 0.000117
3 0.055670 11 0.000183
4 0.065697 20 0.000333
5 0.075724 13 0.000217
6 0.085751 17 0.000283
7 0.095778 25 0.000417
8 0.105805 18 0.000300
9 0.115832 18 0.000300
10 0.125859 13 0.000217
11 0.135886 13 0.000217
12 0.145913 16 0.000267
13 0.155940 20 0.000333
14 0.165967 23 0.000383
15 0.175994 19 0.000317
16 0.186021 25 0.000417
17 0.196048 34 0.000567
18 0.206075 32 0.000533
19 0.216102 32 0.000533
20 0.226129 35 0.000583
21 0.236156 32 0.000533
22 0.246183 55 0.000917
23 0.256211 63 0.001050
24 0.266238 102 0.001700
25 0.276265 93 0.001550
26 0.286292 103 0.001717
27 0.296319 94 0.001567
28 0.306346 112 0.001867
29 0.316373 129 0.002150
30 0.326400 309 0.005150
31 0.336427 195 0.003250
32 0.346454 136 0.002267
33 0.356481 141 0.002350
34 0.366508 113 0.001883
35 0.376535 140 0.002333
36 0.386562 210 0.003500
37 0.396589 170 0.002833
38 0.406616 242 0.004033
39 0.416643 271 0.004517
40 0.426670 341 0.005683
41 0.436697 423 0.007050
42 0.446724 415 0.006917
43 0.456751 642 0.010700
44 0.466778 955 0.015917
45 0.476805 1544 0.025733
46 0.486832 3163 0.052717
47 0.496859 9857 0.164283
48 0.506886 11040 0.184000
49 0.516913 3578 0.059633
50 0.526940 1760 0.029333
51 0.536967 1188 0.019800
52 0.546994 945 0.015750
53 0.557021 822 0.013700
54 0.567048 923 0.015383
55 0.577075 1038 0.017300
56 0.587102 2214 0.036900
57 0.597129 2900 0.048333
58 0.607156 1912 0.031867
59 0.617183 1198 0.019967
60 0.627210 912 0.015200
61 0.637237 638 0.010633
62 0.647265 485 0.008083
63 0.657292 383 0.006383
64 0.667319 374 0.006233
65 0.677346 323 0.005383
66 0.687373 258 0.004300
67 0.697400 228 0.003800
68 0.707427 233 0.003883
69 0.717454 218 0.003633
70 0.727481 195 0.003250
71 0.737508 196 0.003267
72 0.747535 185 0.003083
73 0.757562 172 0.002867
74 0.767589 208 0.003467
75 0.777616 196 0.003267
76 0.787643 224 0.003733
77 0.797670 198 0.003300
78 0.807697 157 0.002617
79 0.817724 200 0.003333
80 0.827751 221 0.003683
81 0.837778 198 0.003300
82 0.847805 238 0.003967
83 0.857832 306 0.005100
84 0.867859 291 0.004850
85 0.877886 408 0.006800
86 0.887913 414 0.006900
87 0.897940 423 0.007050
88 0.907967 217 0.003617
89 0.917994 250 0.004167
90 0.928021 271 0.004517
91 0.938048 266 0.004433
92 0.948075 251 0.004183
93 0.958102 124 0.002067
94 0.968129 64 0.001067
95 0.978156 42 0.000700
96 0.988183 41 0.000683
97 0.998210 16 0.000267
98 1.008237 5 0.000083
99 1.018265 1 0.000017
