0 0.436112 3 0.000150
1 0.437623 3 0.000150
2 0.439133 1 0.000050
3 0.440644 1 0.000050
4 0.442154 0 0.000000
5 0.443665 1 0.000050
6 0.445176 0 0.000000
7 0.446686 7 0.000350
8 0.448197 4 0.000200
9 0.449707 4 0.000200
10 0.451218 5 0.000250
11 0.452728 11 0.000550
12 0.454239 5 0.000250
13 0.455750 4 0.000200
14 0.457260 1 0.000050
15 0.458771 12 0.000600
16 0.460281 21 0.001050
17 0.461792 21 0.001050
18 0.463303 13 0.000650
19 0.464813 20 0.001000
20 0.466324 15 0.000750
21 0.467834 25 0.001250
22 0.469345 22 0.001100
23 0.470856 28 0.001400
24 0.472366 40 0.002000
25 0.473877 44 0.002200
26 0.475387 45 0.002250
27 0.476898 31 0.001550
28 0.478409 50 0.002500
29 0.479919 64 0.003200
30 0.481430 74 0.003700
31 0.482940 98 0.004900
32 0.484451 136 0.006800
33 0.485962 113 0.005650
34 0.487472 120 0.006000
35 0.488983 161 0.008050
36 0.490493 231 0.011550
37 0.492004 259 0.012950
38 0.493514 265 0.013250
39 0.495025 344 0.017200
40 0.496536 379 0.018950
41 0.498046 400 0.020000
42 0.499557 629 0.031450
43 0.501067 858 0.042900
44 0.502578 1319 0.065950
45 0.504089 1540 0.077000
46 0.505599 2008 0.100400
47 0.507110 2246 0.112300
48 0.508620 1597 0.079850
49 0.510131 1152 0.057600
50 0.511642 921 0.046050
51 0.513152 867 0.043350
52 0.514663 618 0.030900
53 0.516173 453 0.022650
54 0.517684 337 0.016850
55 0.519195 334 0.016700
56 0.520705 272 0.013600
57 0.522216 235 0.011750
58 0.523726 229 0.011450
59 0.525237 186 0.009300
60 0.526748 169 0.008450
61 0.528258 139 0.006950
62 0.529769 76 0.003800
63 0.531279 85 0.004250
64 0.532790 59 0.002950
65 0.534301 63 0.003150
66 0.535811 60 0.003000
67 0.537322 47 0.002350
68 0.538832 65 0.003250
69 0.540343 44 0.002200
70 0.541853 39 0.001950
71 0.543364 26 0.001300
72 0.544875 32 0.001600
73 0.546385 34 0.001700
74 0.547896 26 0.001300
75 0.549406 30 0.001500
76 0.550917 16 0.000800
77 0.552428 6 0.000300
78 0.553938 14 0.000700
79 0.555449 10 0.000500
80 0.556959 5 0.000250
81 0.558470 8 0.000400
82 0.559981 14 0.000700
83 0.561491 11 0.000550
84 0.563002 2 0.000100
85 0.564512 7 0.000350
86 0.566023 1 0.000050
87 0.567533 5 0.000250
88 0.569044 3 0.000150
89 0.570555 7 0.000350
90 0.572065 7 0.000350
91 0.573576 5 0.000250
92 0.575086 2 0.000100
93 0.576597 0 0.000000
94 0.578108 0 0.000000
95 0.579618 0 0.000000
96 0.581129 0 0.000000
97 0.582639 0 0.000000
98 0.584150 0 0.000000
99 0.585661 1 0.000050
