0 0.016318 7 0.000350
1 0.026254 7 0.000350
2 0.036191 4 0.000200
3 0.046127 3 0.000150
4 0.056063 6 0.000300
5 0.065999 2 0.000100
6 0.075935 6 0.000300
7 0.085872 5 0.000250
8 0.095808 3 0.000150
9 0.105744 5 0.000250
10 0.115680 4 0.000200
11 0.125616 3 0.000150
12 0.135552 4 0.000200
13 0.145489 2 0.000100
14 0.155425 2 0.000100
15 0.165361 4 0.000200
16 0.175297 4 0.000200
17 0.185233 4 0.000200
18 0.195170 6 0.000300
19 0.205106 6 0.000300
20 0.215042 1 0.000050
21 0.224978 9 0.000450
22 0.234914 6 0.000300
23 0.244850 27 0.001350
24 0.254787 31 0.001550
25 0.264723 21 0.001050
26 0.274659 43 0.002150
27 0.284595 36 0.001800
28 0.294531 30 0.001500
29 0.304467 48 0.002400
30 0.314404 111 0.005550
31 0.324340 128 0.006400
32 0.334276 127 0.006350
33 0.344212 79 0.003950
34 0.354148 24 0.001200
35 0.364085 16 0.000800
36 0.374021 21 0.001050
37 0.383957 18 0.000900
38 0.393893 21 0.001050
39 0.403829 23 0.001150
40 0.413765 33 0.001650
41 0.423702 37 0.001850
42 0.433638 39 0.001950
43 0.443574 43 0.002150
44 0.453510 43 0.002150
45 0.463446 68 0.003400
46 0.473383 71 0.003550
47 0.483319 95 0.004750
48 0.493255 139 0.006950
49 0.503191 109 0.005450
50 0.513127 139 0.006950
51 0.523063 155 0.007750
52 0.533000 232 0.011600
53 0.542936 293 0.014650
54 0.552872 477 0.023850
55 0.562808 590 0.029500
56 0.572744 1144 0.057200
57 0.582680 2273 0.113650
58 0.592617 2488 0.124400
59 0.602553 1358 0.067900
60 0.612489 942 0.047100
61 0.622425 683 0.034150
62 0.632361 451 0.022550
63 0.642298 316 0.015800
64 0.652234 298 0.014900
65 0.662170 244 0.012200
66 0.672106 204 0.010200
67 0.682042 192 0.009600
68 0.691978 207 0.010350
69 0.701915 175 0.008750
70 0.711851 150 0.007500
71 0.721787 147 0.007350
72 0.731723 161 0.008050
73 0.741659 170 0.008500
74 0.751595 154 0.007700
75 0.761532 174 0.008700
76 0.771468 186 0.009300
77 0.781404 178 0.008900
78 0.791340 142 0.007100
79 0.801276 162 0.008100
80 0.811213 169 0.008450
81 0.821149 235 0.011750
82 0.831085 209 0.010450
83 0.841021 228 0.011400
84 0.850957 273 0.013650
85 0.860893 475 0.023750
86 0.870830 367 0.018350
87 0.880766 371 0.018550
88 0.890702 272 0.013600
89 0.900638 209 0.010450
90 0.910574 258 0.012900
91 0.920511 292 0.014600
92 0.930447 242 0.012100
93 0.940383 143 0.007150
94 0.950319 59 0.002950
95 0.960255 60 0.003000
96 0.970191 46 0.002300
97 0.980128 16 0.000800
98 0.990064 6 0.000300
99 1.000000 1 0.000050
