initializing
training size    : 359556
testing size     : 20000
epoch count      : 10
sub epoch size   : 5

epoch_learning_rate_decay   : 8
learning_rate_decay         : 0.250000

training



epoch [0 0] from [10 5]
training time per iterations 3.279178[ms]
testing on 20000 items
testing done
average error 0.002433
min error     0.000000
max error     0.240835
saving best net
best net saved to networks/disc40x20x3_no_gaussian_window_size_4/net_6/trained/, with error 0.002433



epoch [0 1] from [10 5]
training time per iterations 3.279596[ms]
testing on 20000 items
testing done
average error 0.002058
min error     0.000000
max error     0.253167
saving best net
best net saved to networks/disc40x20x3_no_gaussian_window_size_4/net_6/trained/, with error 0.002058



epoch [0 2] from [10 5]
training time per iterations 3.282266[ms]
testing on 20000 items
testing done
average error 0.002255
min error     0.000000
max error     0.203936



epoch [0 3] from [10 5]
training time per iterations 3.283948[ms]
testing on 20000 items
testing done
average error 0.001907
min error     0.000000
max error     0.253755
saving best net
best net saved to networks/disc40x20x3_no_gaussian_window_size_4/net_6/trained/, with error 0.001907



epoch [0 4] from [10 5]
training time per iterations 3.273588[ms]
testing on 20000 items
testing done
average error 0.002063
min error     0.000000
max error     0.244046



epoch [1 0] from [10 5]
training time per iterations 3.279234[ms]
testing on 20000 items
testing done
average error 0.001918
min error     0.000000
max error     0.213212



epoch [1 1] from [10 5]
training time per iterations 3.274367[ms]
testing on 20000 items
testing done
average error 0.001986
min error     0.000000
max error     0.246503



epoch [1 2] from [10 5]
training time per iterations 3.276842[ms]
testing on 20000 items
testing done
average error 0.001982
min error     0.000000
max error     0.240482



epoch [1 3] from [10 5]
training time per iterations 3.282488[ms]
testing on 20000 items
testing done
average error 0.001854
min error     0.000000
max error     0.234757
saving best net
best net saved to networks/disc40x20x3_no_gaussian_window_size_4/net_6/trained/, with error 0.001854



epoch [1 4] from [10 5]
training time per iterations 3.279665[ms]
testing on 20000 items
testing done
average error 0.001798
min error     0.000000
max error     0.225404
saving best net
best net saved to networks/disc40x20x3_no_gaussian_window_size_4/net_6/trained/, with error 0.001798



epoch [2 0] from [10 5]
training time per iterations 3.277371[ms]
testing on 20000 items
testing done
average error 0.001935
min error     0.000000
max error     0.229459



epoch [2 1] from [10 5]
training time per iterations 3.273908[ms]
testing on 20000 items
testing done
average error 0.001957
min error     0.000000
max error     0.234779



epoch [2 2] from [10 5]
training time per iterations 3.274965[ms]
testing on 20000 items
testing done
average error 0.001893
min error     0.000000
max error     0.238177



epoch [2 3] from [10 5]
training time per iterations 3.277663[ms]
testing on 20000 items
testing done
average error 0.001860
min error     0.000000
max error     0.260481



epoch [2 4] from [10 5]
training time per iterations 3.282154[ms]
testing on 20000 items
testing done
average error 0.001812
min error     0.000000
max error     0.264385



epoch [3 0] from [10 5]
training time per iterations 3.283392[ms]
testing on 20000 items
testing done
average error 0.001951
min error     0.000000
max error     0.251267



epoch [3 1] from [10 5]
training time per iterations 3.284157[ms]
testing on 20000 items
testing done
average error 0.001902
min error     0.000000
max error     0.243109



epoch [3 2] from [10 5]
training time per iterations 3.279081[ms]
testing on 20000 items
testing done
average error 0.001792
min error     0.000000
max error     0.238280
saving best net
best net saved to networks/disc40x20x3_no_gaussian_window_size_4/net_6/trained/, with error 0.001792



epoch [3 3] from [10 5]
training time per iterations 3.277454[ms]
testing on 20000 items
testing done
average error 0.001766
min error     0.000000
max error     0.226663
saving best net
best net saved to networks/disc40x20x3_no_gaussian_window_size_4/net_6/trained/, with error 0.001766



epoch [3 4] from [10 5]
training time per iterations 3.274798[ms]
testing on 20000 items
testing done
average error 0.001914
min error     0.000000
max error     0.231569



epoch [4 0] from [10 5]
training time per iterations 3.279943[ms]
testing on 20000 items
testing done
average error 0.001716
min error     0.000000
max error     0.245681
saving best net
best net saved to networks/disc40x20x3_no_gaussian_window_size_4/net_6/trained/, with error 0.001716



epoch [4 1] from [10 5]
training time per iterations 3.275563[ms]
testing on 20000 items
testing done
average error 0.001815
min error     0.000000
max error     0.220293



epoch [4 2] from [10 5]
training time per iterations 3.285325[ms]
testing on 20000 items
testing done
average error 0.001767
min error     0.000000
max error     0.240536



epoch [4 3] from [10 5]
training time per iterations 3.273936[ms]
testing on 20000 items
testing done
average error 0.001965
min error     0.000000
max error     0.225262



epoch [4 4] from [10 5]
training time per iterations 3.274673[ms]
testing on 20000 items
testing done
average error 0.001913
min error     0.000000
max error     0.241217



epoch [5 0] from [10 5]
training time per iterations 3.277176[ms]
testing on 20000 items
testing done
average error 0.001840
min error     0.000000
max error     0.238757



epoch [5 1] from [10 5]
training time per iterations 3.271113[ms]
testing on 20000 items
testing done
average error 0.001911
min error     0.000000
max error     0.235816



epoch [5 2] from [10 5]
training time per iterations 3.279915[ms]
testing on 20000 items
testing done
average error 0.001919
min error     0.000000
max error     0.225013



epoch [5 3] from [10 5]
training time per iterations 3.279345[ms]
testing on 20000 items
testing done
average error 0.001715
min error     0.000000
max error     0.237891
saving best net
best net saved to networks/disc40x20x3_no_gaussian_window_size_4/net_6/trained/, with error 0.001715



epoch [5 4] from [10 5]
training time per iterations 3.276981[ms]
testing on 20000 items
testing done
average error 0.001776
min error     0.000000
max error     0.238192



epoch [6 0] from [10 5]
training time per iterations 3.281348[ms]
testing on 20000 items
testing done
average error 0.001778
min error     0.000000
max error     0.235732



epoch [6 1] from [10 5]
training time per iterations 3.264480[ms]
testing on 20000 items
testing done
average error 0.001821
min error     0.000000
max error     0.248544



epoch [6 2] from [10 5]
training time per iterations 3.278358[ms]
testing on 20000 items
testing done
average error 0.001692
min error     0.000000
max error     0.241525
saving best net
best net saved to networks/disc40x20x3_no_gaussian_window_size_4/net_6/trained/, with error 0.001692



epoch [6 3] from [10 5]
training time per iterations 3.282891[ms]
testing on 20000 items
testing done
average error 0.001936
min error     0.000000
max error     0.210870



epoch [6 4] from [10 5]
training time per iterations 3.282780[ms]
testing on 20000 items
testing done
average error 0.001860
min error     0.000000
max error     0.231614



epoch [7 0] from [10 5]
training time per iterations 3.278163[ms]
testing on 20000 items
testing done
average error 0.001863
min error     0.000000
max error     0.231820



epoch [7 1] from [10 5]
training time per iterations 3.277746[ms]
testing on 20000 items
testing done
average error 0.001767
min error     0.000000
max error     0.243734



epoch [7 2] from [10 5]
training time per iterations 3.276926[ms]
testing on 20000 items
testing done
average error 0.001827
min error     0.000000
max error     0.211791



epoch [7 3] from [10 5]
training time per iterations 3.279359[ms]
testing on 20000 items
testing done
average error 0.001762
min error     0.000000
max error     0.250271



epoch [7 4] from [10 5]
training time per iterations 3.274854[ms]
testing on 20000 items
testing done
average error 0.001769
min error     0.000000
max error     0.244705
setting learning rate to 0.000050



epoch [8 0] from [10 5]
training time per iterations 3.278803[ms]
testing on 20000 items
testing done
average error 0.001738
min error     0.000000
max error     0.238349



epoch [8 1] from [10 5]
training time per iterations 3.279985[ms]
testing on 20000 items
testing done
average error 0.001741
min error     0.000000
max error     0.236199



epoch [8 2] from [10 5]
training time per iterations 3.274854[ms]
testing on 20000 items
testing done
average error 0.001800
min error     0.000000
max error     0.236561



epoch [8 3] from [10 5]
training time per iterations 3.277579[ms]
testing on 20000 items
testing done
average error 0.001773
min error     0.000000
max error     0.232665



epoch [8 4] from [10 5]
training time per iterations 3.280277[ms]
testing on 20000 items
testing done
average error 0.001748
min error     0.000000
max error     0.246086



epoch [9 0] from [10 5]
training time per iterations 3.287453[ms]
testing on 20000 items
testing done
average error 0.001754
min error     0.000000
max error     0.236887



epoch [9 1] from [10 5]
training time per iterations 3.277663[ms]
testing on 20000 items
testing done
average error 0.001758
min error     0.000000
max error     0.237350



epoch [9 2] from [10 5]
training time per iterations 3.278275[ms]
testing on 20000 items
testing done
average error 0.001758
min error     0.000000
max error     0.233171



epoch [9 3] from [10 5]
training time per iterations 3.280166[ms]
testing on 20000 items
testing done
average error 0.001735
min error     0.000000
max error     0.234219



epoch [9 4] from [10 5]
training time per iterations 3.280430[ms]
testing on 20000 items
testing done
average error 0.001758
min error     0.000000
max error     0.222120
training done
