0.000000 0 0 0.002433 0.000000 0.240835 0.002400 0.000000 0.247324
0.200000 0 1 0.002058 0.000000 0.253167 0.002050 0.000000 0.192968
0.400000 0 2 0.002255 0.000000 0.203936 0.002247 0.000000 0.192296
0.600000 0 3 0.001907 0.000000 0.253755 0.001936 0.000000 0.253755
0.800000 0 4 0.002063 0.000000 0.244046 0.002058 0.000000 0.176848
1.000000 1 0 0.001918 0.000000 0.213212 0.001933 0.000000 0.186329
1.200000 1 1 0.001986 0.000000 0.246503 0.002031 0.000000 0.257510
1.400000 1 2 0.001982 0.000000 0.240482 0.001962 0.000000 0.194315
1.600000 1 3 0.001854 0.000000 0.234757 0.001874 0.000000 0.234757
1.800000 1 4 0.001798 0.000000 0.225404 0.001808 0.000000 0.229159
2.000000 2 0 0.001935 0.000000 0.229459 0.001921 0.000000 0.203083
2.200000 2 1 0.001957 0.000000 0.234779 0.001930 0.000000 0.219013
2.400000 2 2 0.001893 0.000000 0.238177 0.001896 0.000000 0.179368
2.600000 2 3 0.001860 0.000000 0.260481 0.001826 0.000000 0.225681
2.800000 2 4 0.001812 0.000000 0.264385 0.001789 0.000000 0.171243
3.000000 3 0 0.001951 0.000000 0.251267 0.001948 0.000000 0.162017
3.200000 3 1 0.001902 0.000000 0.243109 0.001893 0.000000 0.166156
3.400000 3 2 0.001792 0.000000 0.238280 0.001813 0.000000 0.203768
3.600000 3 3 0.001766 0.000000 0.226663 0.001796 0.000000 0.201667
3.800000 3 4 0.001914 0.000000 0.231569 0.001906 0.000000 0.233731
4.000000 4 0 0.001716 0.000000 0.245681 0.001689 0.000000 0.184578
4.200000 4 1 0.001815 0.000000 0.220293 0.001790 0.000000 0.231396
4.400000 4 2 0.001767 0.000000 0.240536 0.001735 0.000000 0.113494
4.600000 4 3 0.001965 0.000000 0.225262 0.001962 0.000000 0.244309
4.800000 4 4 0.001913 0.000000 0.241217 0.001929 0.000000 0.189088
5.000000 5 0 0.001840 0.000000 0.238757 0.001867 0.000000 0.238757
5.200000 5 1 0.001911 0.000000 0.235816 0.001914 0.000000 0.220035
5.400000 5 2 0.001919 0.000000 0.225013 0.001913 0.000000 0.207103
5.600000 5 3 0.001715 0.000000 0.237891 0.001720 0.000000 0.146766
5.800000 5 4 0.001776 0.000000 0.238192 0.001743 0.000000 0.170239
6.000000 6 0 0.001778 0.000000 0.235732 0.001767 0.000000 0.164314
6.200000 6 1 0.001821 0.000000 0.248544 0.001829 0.000000 0.144827
6.400000 6 2 0.001692 0.000000 0.241525 0.001692 0.000000 0.241526
6.600000 6 3 0.001936 0.000000 0.210870 0.001921 0.000000 0.210870
6.800000 6 4 0.001860 0.000000 0.231614 0.001871 0.000000 0.185229
7.000000 7 0 0.001863 0.000000 0.231820 0.001862 0.000000 0.222780
7.200000 7 1 0.001767 0.000000 0.243734 0.001768 0.000000 0.169476
7.400000 7 2 0.001827 0.000000 0.211791 0.001854 0.000000 0.163646
7.600000 7 3 0.001762 0.000000 0.250271 0.001754 0.000000 0.229677
7.800000 7 4 0.001769 0.000000 0.244705 0.001801 0.000000 0.174284
8.000000 8 0 0.001738 0.000000 0.238349 0.001735 0.000000 0.211382
8.200000 8 1 0.001741 0.000000 0.236199 0.001719 0.000000 0.173335
8.400000 8 2 0.001800 0.000000 0.236561 0.001782 0.000000 0.162668
8.600000 8 3 0.001773 0.000000 0.232665 0.001795 0.000000 0.183441
8.800000 8 4 0.001748 0.000000 0.246086 0.001736 0.000000 0.189687
9.000000 9 0 0.001754 0.000000 0.236887 0.001758 0.000000 0.232983
9.200000 9 1 0.001758 0.000000 0.237350 0.001790 0.000000 0.217423
9.400000 9 2 0.001758 0.000000 0.233171 0.001774 0.000000 0.175556
9.600000 9 3 0.001735 0.000000 0.234219 0.001711 0.000000 0.233187
9.800000 9 4 0.001758 0.000000 0.222120 0.001743 0.000000 0.232494
