0 -0.095713 1 0.000050
1 -0.094077 1 0.000050
2 -0.092441 0 0.000000
3 -0.090805 0 0.000000
4 -0.089169 2 0.000100
5 -0.087533 0 0.000000
6 -0.085897 0 0.000000
7 -0.084261 0 0.000000
8 -0.082625 0 0.000000
9 -0.080989 1 0.000050
10 -0.079353 1 0.000050
11 -0.077717 0 0.000000
12 -0.076081 0 0.000000
13 -0.074445 0 0.000000
14 -0.072809 1 0.000050
15 -0.071174 2 0.000100
16 -0.069538 0 0.000000
17 -0.067902 2 0.000100
18 -0.066266 3 0.000150
19 -0.064630 1 0.000050
20 -0.062994 4 0.000200
21 -0.061358 3 0.000150
22 -0.059722 2 0.000100
23 -0.058086 6 0.000300
24 -0.056450 2 0.000100
25 -0.054814 10 0.000500
26 -0.053178 4 0.000200
27 -0.051542 6 0.000300
28 -0.049906 3 0.000150
29 -0.048270 14 0.000700
30 -0.046634 12 0.000600
31 -0.044998 8 0.000400
32 -0.043362 12 0.000600
33 -0.041726 11 0.000550
34 -0.040090 18 0.000900
35 -0.038454 14 0.000700
36 -0.036819 14 0.000700
37 -0.035183 18 0.000900
38 -0.033547 19 0.000950
39 -0.031911 36 0.001800
40 -0.030275 43 0.002150
41 -0.028639 70 0.003500
42 -0.027003 101 0.005050
43 -0.025367 125 0.006250
44 -0.023731 197 0.009850
45 -0.022095 251 0.012550
46 -0.020459 354 0.017700
47 -0.018823 474 0.023700
48 -0.017187 761 0.038050
49 -0.015551 929 0.046450
50 -0.013915 1108 0.055400
51 -0.012279 1469 0.073450
52 -0.010643 2486 0.124300
53 -0.009007 3925 0.196250
54 -0.007371 3122 0.156100
55 -0.005735 1573 0.078650
56 -0.004100 853 0.042650
57 -0.002464 499 0.024950
58 -0.000828 357 0.017850
59 0.000808 237 0.011850
60 0.002444 181 0.009050
61 0.004080 158 0.007900
62 0.005716 93 0.004650
63 0.007352 73 0.003650
64 0.008988 44 0.002200
65 0.010624 52 0.002600
66 0.012260 24 0.001200
67 0.013896 29 0.001450
68 0.015532 19 0.000950
69 0.017168 23 0.001150
70 0.018804 15 0.000750
71 0.020440 23 0.001150
72 0.022076 12 0.000600
73 0.023712 6 0.000300
74 0.025348 10 0.000500
75 0.026984 11 0.000550
76 0.028620 10 0.000500
77 0.030255 5 0.000250
78 0.031891 9 0.000450
79 0.033527 6 0.000300
80 0.035163 7 0.000350
81 0.036799 1 0.000050
82 0.038435 2 0.000100
83 0.040071 3 0.000150
84 0.041707 7 0.000350
85 0.043343 2 0.000100
86 0.044979 2 0.000100
87 0.046615 2 0.000100
88 0.048251 1 0.000050
89 0.049887 0 0.000000
90 0.051523 1 0.000050
91 0.053159 0 0.000000
92 0.054795 0 0.000000
93 0.056431 3 0.000150
94 0.058067 0 0.000000
95 0.059703 0 0.000000
96 0.061339 0 0.000000
97 0.062974 0 0.000000
98 0.064610 0 0.000000
99 0.066246 1 0.000050
