0 -0.459948 1 0.000017
1 -0.451380 0 0.000000
2 -0.442811 0 0.000000
3 -0.434243 0 0.000000
4 -0.425674 0 0.000000
5 -0.417106 0 0.000000
6 -0.408537 0 0.000000
7 -0.399969 0 0.000000
8 -0.391401 0 0.000000
9 -0.382832 3 0.000050
10 -0.374264 2 0.000033
11 -0.365695 0 0.000000
12 -0.357127 0 0.000000
13 -0.348558 0 0.000000
14 -0.339990 1 0.000017
15 -0.331421 0 0.000000
16 -0.322853 0 0.000000
17 -0.314284 1 0.000017
18 -0.305716 2 0.000033
19 -0.297147 2 0.000033
20 -0.288579 2 0.000033
21 -0.280010 4 0.000067
22 -0.271442 2 0.000033
23 -0.262873 4 0.000067
24 -0.254305 1 0.000017
25 -0.245736 5 0.000083
26 -0.237168 2 0.000033
27 -0.228599 4 0.000067
28 -0.220031 6 0.000100
29 -0.211463 7 0.000117
30 -0.202894 13 0.000217
31 -0.194326 17 0.000283
32 -0.185757 35 0.000583
33 -0.177189 71 0.001183
34 -0.168620 89 0.001483
35 -0.160052 78 0.001300
36 -0.151483 148 0.002467
37 -0.142915 244 0.004067
38 -0.134346 216 0.003600
39 -0.125778 135 0.002250
40 -0.117209 172 0.002867
41 -0.108641 187 0.003117
42 -0.100072 250 0.004167
43 -0.091504 444 0.007400
44 -0.082935 739 0.012317
45 -0.074367 627 0.010450
46 -0.065798 456 0.007600
47 -0.057230 429 0.007150
48 -0.048662 622 0.010367
49 -0.040093 915 0.015250
50 -0.031525 1337 0.022283
51 -0.022956 4470 0.074500
52 -0.014388 27669 0.461150
53 -0.005819 11789 0.196483
54 0.002749 1810 0.030167
55 0.011318 954 0.015900
56 0.019886 1005 0.016750
57 0.028455 728 0.012133
58 0.037023 498 0.008300
59 0.045592 439 0.007317
60 0.054160 560 0.009333
61 0.062729 483 0.008050
62 0.071297 346 0.005767
63 0.079866 228 0.003800
64 0.088434 214 0.003567
65 0.097003 185 0.003083
66 0.105571 191 0.003183
67 0.114140 276 0.004600
68 0.122708 295 0.004917
69 0.131277 131 0.002183
70 0.139845 89 0.001483
71 0.148413 102 0.001700
72 0.156982 121 0.002017
73 0.165550 72 0.001200
74 0.174119 21 0.000350
75 0.182687 11 0.000183
76 0.191256 4 0.000067
77 0.199824 9 0.000150
78 0.208393 6 0.000100
79 0.216961 2 0.000033
80 0.225530 3 0.000050
81 0.234098 1 0.000017
82 0.242667 3 0.000050
83 0.251235 1 0.000017
84 0.259804 0 0.000000
85 0.268372 1 0.000017
86 0.276941 2 0.000033
87 0.285509 1 0.000017
88 0.294078 2 0.000033
89 0.302646 1 0.000017
90 0.311214 2 0.000033
91 0.319783 1 0.000017
92 0.328351 0 0.000000
93 0.336920 0 0.000000
94 0.345488 0 0.000000
95 0.354057 0 0.000000
96 0.362625 0 0.000000
97 0.371194 0 0.000000
98 0.379762 0 0.000000
99 0.388331 1 0.000017
