0 -0.459948 1 0.000050
1 -0.451380 0 0.000000
2 -0.442811 0 0.000000
3 -0.434243 0 0.000000
4 -0.425674 0 0.000000
5 -0.417106 0 0.000000
6 -0.408537 0 0.000000
7 -0.399969 0 0.000000
8 -0.391401 0 0.000000
9 -0.382832 3 0.000150
10 -0.374264 2 0.000100
11 -0.365695 0 0.000000
12 -0.357127 0 0.000000
13 -0.348558 0 0.000000
14 -0.339990 1 0.000050
15 -0.331421 0 0.000000
16 -0.322853 0 0.000000
17 -0.314284 1 0.000050
18 -0.305716 2 0.000100
19 -0.297147 2 0.000100
20 -0.288579 2 0.000100
21 -0.280010 4 0.000200
22 -0.271442 2 0.000100
23 -0.262873 4 0.000200
24 -0.254305 1 0.000050
25 -0.245736 5 0.000250
26 -0.237168 2 0.000100
27 -0.228599 4 0.000200
28 -0.220031 6 0.000300
29 -0.211463 7 0.000350
30 -0.202894 13 0.000650
31 -0.194326 17 0.000850
32 -0.185757 35 0.001750
33 -0.177189 71 0.003550
34 -0.168620 89 0.004450
35 -0.160052 78 0.003900
36 -0.151483 148 0.007400
37 -0.142915 244 0.012200
38 -0.134346 216 0.010800
39 -0.125778 135 0.006750
40 -0.117209 172 0.008600
41 -0.108641 186 0.009300
42 -0.100072 243 0.012150
43 -0.091504 433 0.021650
44 -0.082935 728 0.036400
45 -0.074367 604 0.030200
46 -0.065798 424 0.021200
47 -0.057230 378 0.018900
48 -0.048662 522 0.026100
49 -0.040093 715 0.035750
50 -0.031525 560 0.028000
51 -0.022956 600 0.030000
52 -0.014388 2773 0.138650
53 -0.005819 3505 0.175250
54 0.002749 656 0.032800
55 0.011318 655 0.032750
56 0.019886 855 0.042750
57 0.028455 668 0.033400
58 0.037023 471 0.023550
59 0.045592 421 0.021050
60 0.054160 542 0.027100
61 0.062729 480 0.024000
62 0.071297 344 0.017200
63 0.079866 225 0.011250
64 0.088434 212 0.010600
65 0.097003 185 0.009250
66 0.105571 191 0.009550
67 0.114140 276 0.013800
68 0.122708 294 0.014700
69 0.131277 131 0.006550
70 0.139845 89 0.004450
71 0.148413 102 0.005100
72 0.156982 121 0.006050
73 0.165550 72 0.003600
74 0.174119 21 0.001050
75 0.182687 11 0.000550
76 0.191256 4 0.000200
77 0.199824 9 0.000450
78 0.208393 6 0.000300
79 0.216961 2 0.000100
80 0.225530 3 0.000150
81 0.234098 1 0.000050
82 0.242667 3 0.000150
83 0.251235 1 0.000050
84 0.259804 0 0.000000
85 0.268372 1 0.000050
86 0.276941 2 0.000100
87 0.285509 1 0.000050
88 0.294078 2 0.000100
89 0.302646 1 0.000050
90 0.311214 2 0.000100
91 0.319783 1 0.000050
92 0.328351 0 0.000000
93 0.336920 0 0.000000
94 0.345488 0 0.000000
95 0.354057 0 0.000000
96 0.362625 0 0.000000
97 0.371194 0 0.000000
98 0.379762 0 0.000000
99 0.388331 1 0.000050
