0 0.000000 51661 0.861017
1 0.002137 2145 0.035750
2 0.004274 1856 0.030933
3 0.006411 1025 0.017083
4 0.008548 548 0.009133
5 0.010684 411 0.006850
6 0.012821 438 0.007300
7 0.014958 476 0.007933
8 0.017095 347 0.005783
9 0.019232 261 0.004350
10 0.021369 177 0.002950
11 0.023506 173 0.002883
12 0.025643 139 0.002317
13 0.027780 121 0.002017
14 0.029917 61 0.001017
15 0.032053 33 0.000550
16 0.034190 19 0.000317
17 0.036327 9 0.000150
18 0.038464 21 0.000350
19 0.040601 5 0.000083
20 0.042738 9 0.000150
21 0.044875 4 0.000067
22 0.047012 7 0.000117
23 0.049149 3 0.000050
24 0.051285 1 0.000017
25 0.053422 4 0.000067
26 0.055559 3 0.000050
27 0.057696 3 0.000050
28 0.059833 2 0.000033
29 0.061970 2 0.000033
30 0.064107 3 0.000050
31 0.066244 2 0.000033
32 0.068381 1 0.000017
33 0.070517 0 0.000000
34 0.072654 2 0.000033
35 0.074791 1 0.000017
36 0.076928 4 0.000067
37 0.079065 3 0.000050
38 0.081202 0 0.000000
39 0.083339 3 0.000050
40 0.085476 0 0.000000
41 0.087613 3 0.000050
42 0.089750 1 0.000017
43 0.091886 0 0.000000
44 0.094023 2 0.000033
45 0.096160 0 0.000000
46 0.098297 0 0.000000
47 0.100434 2 0.000033
48 0.102571 1 0.000017
49 0.104708 0 0.000000
50 0.106845 0 0.000000
51 0.108982 1 0.000017
52 0.111118 0 0.000000
53 0.113255 0 0.000000
54 0.115392 0 0.000000
55 0.117529 0 0.000000
56 0.119666 0 0.000000
57 0.121803 0 0.000000
58 0.123940 0 0.000000
59 0.126077 0 0.000000
60 0.128214 0 0.000000
61 0.130351 0 0.000000
62 0.132487 0 0.000000
63 0.134624 0 0.000000
64 0.136761 2 0.000033
65 0.138898 2 0.000033
66 0.141035 1 0.000017
67 0.143172 0 0.000000
68 0.145309 0 0.000000
69 0.147446 0 0.000000
70 0.149583 1 0.000017
71 0.151719 0 0.000000
72 0.153856 0 0.000000
73 0.155993 0 0.000000
74 0.158130 0 0.000000
75 0.160267 0 0.000000
76 0.162404 0 0.000000
77 0.164541 0 0.000000
78 0.166678 0 0.000000
79 0.168815 0 0.000000
80 0.170951 0 0.000000
81 0.173088 0 0.000000
82 0.175225 0 0.000000
83 0.177362 0 0.000000
84 0.179499 0 0.000000
85 0.181636 0 0.000000
86 0.183773 0 0.000000
87 0.185910 0 0.000000
88 0.188047 0 0.000000
89 0.190184 0 0.000000
90 0.192320 0 0.000000
91 0.194457 0 0.000000
92 0.196594 0 0.000000
93 0.198731 0 0.000000
94 0.200868 0 0.000000
95 0.203005 0 0.000000
96 0.205142 0 0.000000
97 0.207279 0 0.000000
98 0.209416 0 0.000000
99 0.211552 1 0.000017
