0 -0.107220 1 0.000050
1 -0.104822 0 0.000000
2 -0.102424 0 0.000000
3 -0.100026 2 0.000100
4 -0.097628 0 0.000000
5 -0.095231 1 0.000050
6 -0.092833 3 0.000150
7 -0.090435 0 0.000000
8 -0.088037 0 0.000000
9 -0.085639 5 0.000250
10 -0.083241 4 0.000200
11 -0.080843 3 0.000150
12 -0.078445 2 0.000100
13 -0.076047 4 0.000200
14 -0.073650 6 0.000300
15 -0.071252 6 0.000300
16 -0.068854 2 0.000100
17 -0.066456 3 0.000150
18 -0.064058 2 0.000100
19 -0.061660 7 0.000350
20 -0.059262 7 0.000350
21 -0.056864 7 0.000350
22 -0.054467 5 0.000250
23 -0.052069 8 0.000400
24 -0.049671 5 0.000250
25 -0.047273 8 0.000400
26 -0.044875 19 0.000950
27 -0.042477 14 0.000700
28 -0.040079 26 0.001300
29 -0.037681 34 0.001700
30 -0.035284 26 0.001300
31 -0.032886 52 0.002600
32 -0.030488 75 0.003750
33 -0.028090 86 0.004300
34 -0.025692 128 0.006400
35 -0.023294 154 0.007700
36 -0.020896 272 0.013600
37 -0.018498 414 0.020700
38 -0.016101 639 0.031950
39 -0.013703 1198 0.059900
40 -0.011305 2625 0.131250
41 -0.008907 7058 0.352900
42 -0.006509 3732 0.186600
43 -0.004111 1319 0.065950
44 -0.001713 730 0.036500
45 0.000685 424 0.021200
46 0.003082 204 0.010200
47 0.005480 181 0.009050
48 0.007878 135 0.006750
49 0.010276 97 0.004850
50 0.012674 47 0.002350
51 0.015072 41 0.002050
52 0.017470 24 0.001200
53 0.019868 29 0.001450
54 0.022265 28 0.001400
55 0.024663 20 0.001000
56 0.027061 11 0.000550
57 0.029459 10 0.000500
58 0.031857 3 0.000150
59 0.034255 5 0.000250
60 0.036653 4 0.000200
61 0.039051 3 0.000150
62 0.041449 2 0.000100
63 0.043846 3 0.000150
64 0.046244 3 0.000150
65 0.048642 6 0.000300
66 0.051040 2 0.000100
67 0.053438 1 0.000050
68 0.055836 8 0.000400
69 0.058234 3 0.000150
70 0.060632 4 0.000200
71 0.063029 0 0.000000
72 0.065427 2 0.000100
73 0.067825 0 0.000000
74 0.070223 1 0.000050
75 0.072621 0 0.000000
76 0.075019 0 0.000000
77 0.077417 1 0.000050
78 0.079815 2 0.000100
79 0.082212 1 0.000050
80 0.084610 0 0.000000
81 0.087008 1 0.000050
82 0.089406 0 0.000000
83 0.091804 0 0.000000
84 0.094202 1 0.000050
85 0.096600 0 0.000000
86 0.098998 0 0.000000
87 0.101395 0 0.000000
88 0.103793 0 0.000000
89 0.106191 0 0.000000
90 0.108589 0 0.000000
91 0.110987 0 0.000000
92 0.113385 0 0.000000
93 0.115783 0 0.000000
94 0.118181 0 0.000000
95 0.120578 0 0.000000
96 0.122976 0 0.000000
97 0.125374 0 0.000000
98 0.127772 0 0.000000
99 0.130170 1 0.000050
