0 0.006348 13 0.000217
1 0.016550 6 0.000100
2 0.026751 5 0.000083
3 0.036952 12 0.000200
4 0.047154 18 0.000300
5 0.057355 14 0.000233
6 0.067556 5 0.000083
7 0.077757 8 0.000133
8 0.087959 21 0.000350
9 0.098160 14 0.000233
10 0.108361 37 0.000617
11 0.118563 10 0.000167
12 0.128764 18 0.000300
13 0.138965 21 0.000350
14 0.149167 13 0.000217
15 0.159368 19 0.000317
16 0.169569 11 0.000183
17 0.179771 19 0.000317
18 0.189972 27 0.000450
19 0.200173 43 0.000717
20 0.210374 31 0.000517
21 0.220576 23 0.000383
22 0.230777 19 0.000317
23 0.240978 41 0.000683
24 0.251180 43 0.000717
25 0.261381 98 0.001633
26 0.271582 79 0.001317
27 0.281784 100 0.001667
28 0.291985 102 0.001700
29 0.302186 105 0.001750
30 0.312387 130 0.002167
31 0.322589 189 0.003150
32 0.332790 273 0.004550
33 0.342991 203 0.003383
34 0.353193 141 0.002350
35 0.363394 111 0.001850
36 0.373595 197 0.003283
37 0.383797 164 0.002733
38 0.393998 172 0.002867
39 0.404199 233 0.003883
40 0.414401 292 0.004867
41 0.424602 329 0.005483
42 0.434803 407 0.006783
43 0.445004 584 0.009733
44 0.455206 787 0.013117
45 0.465407 1105 0.018417
46 0.475608 1420 0.023667
47 0.485810 2435 0.040583
48 0.496011 8566 0.142767
49 0.506212 12709 0.211817
50 0.516414 3348 0.055800
51 0.526615 1697 0.028283
52 0.536816 1265 0.021083
53 0.547018 891 0.014850
54 0.557219 914 0.015233
55 0.567420 968 0.016133
56 0.577621 1297 0.021617
57 0.587823 2297 0.038283
58 0.598024 2821 0.047017
59 0.608225 1640 0.027333
60 0.618427 1223 0.020383
61 0.628628 881 0.014683
62 0.638829 701 0.011683
63 0.649031 484 0.008067
64 0.659232 384 0.006400
65 0.669433 397 0.006617
66 0.679635 286 0.004767
67 0.689836 276 0.004600
68 0.700037 215 0.003583
69 0.710238 222 0.003700
70 0.720440 216 0.003600
71 0.730641 198 0.003300
72 0.740842 221 0.003683
73 0.751044 201 0.003350
74 0.761245 213 0.003550
75 0.771446 168 0.002800
76 0.781648 258 0.004300
77 0.791849 246 0.004100
78 0.802050 135 0.002250
79 0.812251 193 0.003217
80 0.822453 192 0.003200
81 0.832654 237 0.003950
82 0.842855 232 0.003867
83 0.853057 290 0.004833
84 0.863258 373 0.006217
85 0.873459 465 0.007750
86 0.883661 436 0.007267
87 0.893862 389 0.006483
88 0.904063 231 0.003850
89 0.914265 265 0.004417
90 0.924466 344 0.005733
91 0.934667 303 0.005050
92 0.944868 219 0.003650
93 0.955070 174 0.002900
94 0.965271 64 0.001067
95 0.975472 39 0.000650
96 0.985674 38 0.000633
97 0.995875 29 0.000483
98 1.006076 1 0.000017
99 1.016278 1 0.000017
