0 0.006348 6 0.000300
1 0.016550 6 0.000300
2 0.026751 5 0.000250
3 0.036952 2 0.000100
4 0.047154 15 0.000750
5 0.057355 2 0.000100
6 0.067556 2 0.000100
7 0.077757 0 0.000000
8 0.087959 13 0.000650
9 0.098160 0 0.000000
10 0.108361 8 0.000400
11 0.118563 0 0.000000
12 0.128764 0 0.000000
13 0.138965 8 0.000400
14 0.149167 0 0.000000
15 0.159368 8 0.000400
16 0.169569 5 0.000250
17 0.179771 0 0.000000
18 0.189972 0 0.000000
19 0.200173 7 0.000350
20 0.210374 5 0.000250
21 0.220576 0 0.000000
22 0.230777 7 0.000350
23 0.240978 7 0.000350
24 0.251180 5 0.000250
25 0.261381 32 0.001600
26 0.271582 22 0.001100
27 0.281784 44 0.002200
28 0.291985 41 0.002050
29 0.302186 39 0.001950
30 0.312387 80 0.004000
31 0.322589 106 0.005300
32 0.332790 193 0.009650
33 0.342991 89 0.004450
34 0.353193 53 0.002650
35 0.363394 2 0.000100
36 0.373595 31 0.001550
37 0.383797 12 0.000600
38 0.393998 16 0.000800
39 0.404199 3 0.000150
40 0.414401 39 0.001950
41 0.424602 22 0.001100
42 0.434803 39 0.001950
43 0.445004 39 0.001950
44 0.455206 61 0.003050
45 0.465407 59 0.002950
46 0.475608 63 0.003150
47 0.485810 80 0.004000
48 0.496011 134 0.006700
49 0.506212 124 0.006200
50 0.516414 137 0.006850
51 0.526615 152 0.007600
52 0.536816 228 0.011400
53 0.547018 258 0.012900
54 0.557219 350 0.017500
55 0.567420 507 0.025350
56 0.577621 904 0.045200
57 0.587823 1949 0.097450
58 0.598024 2623 0.131150
59 0.608225 1458 0.072900
60 0.618427 1070 0.053500
61 0.628628 745 0.037250
62 0.638829 506 0.025300
63 0.649031 384 0.019200
64 0.659232 282 0.014100
65 0.669433 295 0.014750
66 0.679635 190 0.009500
67 0.689836 220 0.011000
68 0.700037 173 0.008650
69 0.710238 182 0.009100
70 0.720440 163 0.008150
71 0.730641 151 0.007550
72 0.740842 174 0.008700
73 0.751044 172 0.008600
74 0.761245 193 0.009650
75 0.771446 130 0.006500
76 0.781648 223 0.011150
77 0.791849 215 0.010750
78 0.802050 125 0.006250
79 0.812251 164 0.008200
80 0.822453 169 0.008450
81 0.832654 229 0.011450
82 0.842855 224 0.011200
83 0.853057 277 0.013850
84 0.863258 350 0.017500
85 0.873459 456 0.022800
86 0.883661 425 0.021250
87 0.893862 382 0.019100
88 0.904063 227 0.011350
89 0.914265 247 0.012350
90 0.924466 330 0.016500
91 0.934667 288 0.014400
92 0.944868 213 0.010650
93 0.955070 167 0.008350
94 0.965271 64 0.003200
95 0.975472 37 0.001850
96 0.985674 33 0.001650
97 0.995875 23 0.001150
98 1.006076 1 0.000050
99 1.016278 1 0.000050
