0 0.009604 7 0.000350
1 0.019656 0 0.000000
2 0.029708 2 0.000100
3 0.039759 8 0.000400
4 0.049811 6 0.000300
5 0.059863 10 0.000500
6 0.069915 5 0.000250
7 0.079966 9 0.000450
8 0.090018 8 0.000400
9 0.100070 19 0.000950
10 0.110121 20 0.001000
11 0.120173 10 0.000500
12 0.130225 18 0.000900
13 0.140276 13 0.000650
14 0.150328 13 0.000650
15 0.160380 11 0.000550
16 0.170432 6 0.000300
17 0.180483 19 0.000950
18 0.190535 27 0.001350
19 0.200587 36 0.001800
20 0.210638 26 0.001300
21 0.220690 23 0.001150
22 0.230742 12 0.000600
23 0.240794 34 0.001700
24 0.250845 38 0.001900
25 0.260897 64 0.003200
26 0.270949 48 0.002400
27 0.281000 55 0.002750
28 0.291052 66 0.003300
29 0.301104 68 0.003400
30 0.311155 53 0.002650
31 0.321207 54 0.002700
32 0.331259 103 0.005150
33 0.341311 96 0.004800
34 0.351362 100 0.005000
35 0.361414 108 0.005400
36 0.371466 139 0.006950
37 0.381517 151 0.007550
38 0.391569 161 0.008050
39 0.401621 195 0.009750
40 0.411672 223 0.011150
41 0.421724 227 0.011350
42 0.431776 311 0.015550
43 0.441828 398 0.019900
44 0.451879 476 0.023800
45 0.461931 672 0.033600
46 0.471983 850 0.042500
47 0.482034 1123 0.056150
48 0.492086 2080 0.104000
49 0.502138 3583 0.179150
50 0.512190 2096 0.104800
51 0.522241 1204 0.060200
52 0.532293 857 0.042850
53 0.542345 559 0.027950
54 0.552396 453 0.022650
55 0.562448 302 0.015100
56 0.572500 394 0.019700
57 0.582551 288 0.014400
58 0.592603 256 0.012800
59 0.602655 184 0.009200
60 0.612707 152 0.007600
61 0.622758 151 0.007550
62 0.632810 178 0.008900
63 0.642862 128 0.006400
64 0.652913 104 0.005200
65 0.662965 86 0.004300
66 0.673017 99 0.004950
67 0.683069 101 0.005050
68 0.693120 39 0.001950
69 0.703172 39 0.001950
70 0.713224 38 0.001900
71 0.723275 71 0.003550
72 0.733327 25 0.001250
73 0.743379 46 0.002300
74 0.753430 24 0.001200
75 0.763482 34 0.001700
76 0.773534 24 0.001200
77 0.783586 46 0.002300
78 0.793637 20 0.001000
79 0.803689 12 0.000600
80 0.813741 27 0.001350
81 0.823792 23 0.001150
82 0.833844 12 0.000600
83 0.843896 9 0.000450
84 0.853947 8 0.000400
85 0.863999 23 0.001150
86 0.874051 9 0.000450
87 0.884103 12 0.000600
88 0.894154 6 0.000300
89 0.904206 4 0.000200
90 0.914258 18 0.000900
91 0.924309 14 0.000700
92 0.934361 15 0.000750
93 0.944413 4 0.000200
94 0.954464 9 0.000450
95 0.964516 0 0.000000
96 0.974568 2 0.000100
97 0.984620 5 0.000250
98 0.994671 1 0.000050
99 1.004723 5 0.000250
