0 0.004892 1 0.000050
1 0.013782 0 0.000000
2 0.022673 0 0.000000
3 0.031563 0 0.000000
4 0.040453 0 0.000000
5 0.049344 0 0.000000
6 0.058234 0 0.000000
7 0.067125 0 0.000000
8 0.076015 0 0.000000
9 0.084906 0 0.000000
10 0.093796 0 0.000000
11 0.102687 0 0.000000
12 0.111577 0 0.000000
13 0.120467 1 0.000050
14 0.129358 3 0.000150
15 0.138248 0 0.000000
16 0.147139 0 0.000000
17 0.156029 0 0.000000
18 0.164920 0 0.000000
19 0.173810 0 0.000000
20 0.182701 0 0.000000
21 0.191591 1 0.000050
22 0.200482 6 0.000300
23 0.209372 2 0.000100
24 0.218262 7 0.000350
25 0.227153 3 0.000150
26 0.236043 1 0.000050
27 0.244934 0 0.000000
28 0.253824 0 0.000000
29 0.262715 0 0.000000
30 0.271605 0 0.000000
31 0.280496 5 0.000250
32 0.289386 5 0.000250
33 0.298277 17 0.000850
34 0.307167 23 0.001150
35 0.316057 45 0.002250
36 0.324948 86 0.004300
37 0.333838 45 0.002250
38 0.342729 73 0.003650
39 0.351619 122 0.006100
40 0.360510 140 0.007000
41 0.369400 303 0.015150
42 0.378291 175 0.008750
43 0.387181 208 0.010400
44 0.396071 184 0.009200
45 0.404962 260 0.013000
46 0.413852 427 0.021350
47 0.422743 839 0.041950
48 0.431633 631 0.031550
49 0.440524 378 0.018900
50 0.449414 405 0.020250
51 0.458305 595 0.029750
52 0.467195 929 0.046450
53 0.476086 587 0.029350
54 0.484976 651 0.032550
55 0.493866 3959 0.197950
56 0.502757 1412 0.070600
57 0.511647 730 0.036500
58 0.520538 889 0.044450
59 0.529428 965 0.048250
60 0.538319 462 0.023100
61 0.547209 460 0.023000
62 0.556100 551 0.027550
63 0.564990 633 0.031650
64 0.573881 482 0.024100
65 0.582771 343 0.017150
66 0.591661 223 0.011150
67 0.600552 260 0.013000
68 0.609442 223 0.011150
69 0.618333 242 0.012100
70 0.627223 400 0.020000
71 0.636114 107 0.005350
72 0.645004 72 0.003600
73 0.653895 118 0.005900
74 0.662785 68 0.003400
75 0.671675 124 0.006200
76 0.680566 40 0.002000
77 0.689456 27 0.001350
78 0.698347 12 0.000600
79 0.707237 21 0.001050
80 0.716128 0 0.000000
81 0.725018 0 0.000000
82 0.733909 0 0.000000
83 0.742799 0 0.000000
84 0.751690 1 0.000050
85 0.760580 0 0.000000
86 0.769470 1 0.000050
87 0.778361 4 0.000200
88 0.787251 1 0.000050
89 0.796142 7 0.000350
90 0.805032 3 0.000150
91 0.813923 0 0.000000
92 0.822813 0 0.000000
93 0.831704 0 0.000000
94 0.840594 0 0.000000
95 0.849485 0 0.000000
96 0.858375 0 0.000000
97 0.867265 0 0.000000
98 0.876156 1 0.000050
99 0.885046 1 0.000050
