0 0.004892 6 0.000100
1 0.014935 13 0.000217
2 0.024978 18 0.000300
3 0.035021 7 0.000117
4 0.045064 12 0.000200
5 0.055107 14 0.000233
6 0.065149 20 0.000333
7 0.075192 15 0.000250
8 0.085235 16 0.000267
9 0.095278 17 0.000283
10 0.105321 19 0.000317
11 0.115364 12 0.000200
12 0.125407 19 0.000317
13 0.135450 8 0.000133
14 0.145493 13 0.000217
15 0.155536 15 0.000250
16 0.165579 21 0.000350
17 0.175622 15 0.000250
18 0.185665 25 0.000417
19 0.195708 26 0.000433
20 0.205751 45 0.000750
21 0.215794 43 0.000717
22 0.225837 43 0.000717
23 0.235880 32 0.000533
24 0.245923 46 0.000767
25 0.255966 73 0.001217
26 0.266009 71 0.001183
27 0.276052 114 0.001900
28 0.286095 98 0.001633
29 0.296138 125 0.002083
30 0.306181 149 0.002483
31 0.316224 230 0.003833
32 0.326267 374 0.006233
33 0.336310 261 0.004350
34 0.346353 244 0.004067
35 0.356396 295 0.004917
36 0.366439 417 0.006950
37 0.376482 391 0.006517
38 0.386525 420 0.007000
39 0.396568 435 0.007250
40 0.406611 598 0.009967
41 0.416654 874 0.014567
42 0.426697 1389 0.023150
43 0.436740 876 0.014600
44 0.446783 1011 0.016850
45 0.456826 1418 0.023633
46 0.466869 1962 0.032700
47 0.476912 2016 0.033600
48 0.486955 3482 0.058033
49 0.496998 8116 0.135267
50 0.507041 2948 0.049133
51 0.517084 2098 0.034967
52 0.527127 2149 0.035817
53 0.537170 1322 0.022033
54 0.547213 1258 0.020967
55 0.557256 1443 0.024050
56 0.567299 1798 0.029967
57 0.577342 2349 0.039150
58 0.587384 3051 0.050850
59 0.597427 2278 0.037967
60 0.607471 1540 0.025667
61 0.617513 1300 0.021667
62 0.627556 1178 0.019633
63 0.637599 605 0.010083
64 0.647642 514 0.008567
65 0.657685 438 0.007300
66 0.667728 455 0.007583
67 0.677771 370 0.006167
68 0.687814 279 0.004650
69 0.697857 235 0.003917
70 0.707900 213 0.003550
71 0.717943 224 0.003733
72 0.727986 189 0.003150
73 0.738029 212 0.003533
74 0.748072 194 0.003233
75 0.758115 185 0.003083
76 0.768158 273 0.004550
77 0.778201 215 0.003583
78 0.788244 204 0.003400
79 0.798287 171 0.002850
80 0.808330 183 0.003050
81 0.818373 232 0.003867
82 0.828416 259 0.004317
83 0.838459 264 0.004400
84 0.848502 327 0.005450
85 0.858545 425 0.007083
86 0.868588 449 0.007483
87 0.878631 410 0.006833
88 0.888674 273 0.004550
89 0.898717 271 0.004517
90 0.908760 315 0.005250
91 0.918803 302 0.005033
92 0.928846 259 0.004317
93 0.938889 175 0.002917
94 0.948932 63 0.001050
95 0.958975 61 0.001017
96 0.969018 51 0.000850
97 0.979061 25 0.000417
98 0.989104 8 0.000133
99 0.999147 1 0.000017
