0 0.014612 8 0.000400
1 0.024557 12 0.000600
2 0.034501 4 0.000200
3 0.044446 4 0.000200
4 0.054391 3 0.000150
5 0.064336 1 0.000050
6 0.074281 6 0.000300
7 0.084225 5 0.000250
8 0.094170 6 0.000300
9 0.104115 8 0.000400
10 0.114060 2 0.000100
11 0.124005 1 0.000050
12 0.133949 2 0.000100
13 0.143894 3 0.000150
14 0.153839 6 0.000300
15 0.163784 3 0.000150
16 0.173729 5 0.000250
17 0.183673 4 0.000200
18 0.193618 4 0.000200
19 0.203563 0 0.000000
20 0.213508 5 0.000250
21 0.223453 3 0.000150
22 0.233397 2 0.000100
23 0.243342 9 0.000450
24 0.253287 21 0.001050
25 0.263232 21 0.001050
26 0.273177 42 0.002100
27 0.283121 39 0.001950
28 0.293066 32 0.001600
29 0.303011 42 0.002100
30 0.312956 116 0.005800
31 0.322901 118 0.005900
32 0.332845 149 0.007450
33 0.342790 100 0.005000
34 0.352735 26 0.001300
35 0.362680 17 0.000850
36 0.372625 14 0.000700
37 0.382569 15 0.000750
38 0.392514 15 0.000750
39 0.402459 19 0.000950
40 0.412404 22 0.001100
41 0.422348 39 0.001950
42 0.432293 27 0.001350
43 0.442238 42 0.002100
44 0.452183 70 0.003500
45 0.462128 48 0.002400
46 0.472072 72 0.003600
47 0.482017 88 0.004400
48 0.491962 131 0.006550
49 0.501907 128 0.006400
50 0.511852 150 0.007500
51 0.521796 172 0.008600
52 0.531741 215 0.010750
53 0.541686 275 0.013750
54 0.551631 407 0.020350
55 0.561576 491 0.024550
56 0.571520 1029 0.051450
57 0.581465 1952 0.097600
58 0.591410 2633 0.131650
59 0.601355 1312 0.065600
60 0.611300 995 0.049750
61 0.621244 790 0.039500
62 0.631189 497 0.024850
63 0.641134 367 0.018350
64 0.651079 288 0.014400
65 0.661024 228 0.011400
66 0.670968 248 0.012400
67 0.680913 183 0.009150
68 0.690858 201 0.010050
69 0.700803 156 0.007800
70 0.710748 161 0.008050
71 0.720692 168 0.008400
72 0.730637 160 0.008000
73 0.740582 168 0.008400
74 0.750527 162 0.008100
75 0.760472 170 0.008500
76 0.770416 233 0.011650
77 0.780361 163 0.008150
78 0.790306 177 0.008850
79 0.800251 155 0.007750
80 0.810196 173 0.008650
81 0.820140 235 0.011750
82 0.830085 238 0.011900
83 0.840030 238 0.011900
84 0.849975 301 0.015050
85 0.859920 449 0.022450
86 0.869864 403 0.020150
87 0.879809 396 0.019800
88 0.889754 266 0.013300
89 0.899699 254 0.012700
90 0.909644 301 0.015050
91 0.919588 298 0.014900
92 0.929533 235 0.011750
93 0.939478 159 0.007950
94 0.949423 58 0.002900
95 0.959368 55 0.002750
96 0.969312 43 0.002150
97 0.979257 24 0.001200
98 0.989202 8 0.000400
99 0.999147 1 0.000050
