0 0.011722 8 0.000400
1 0.021494 7 0.000350
2 0.031267 3 0.000150
3 0.041040 5 0.000250
4 0.050813 12 0.000600
5 0.060585 13 0.000650
6 0.070358 13 0.000650
7 0.080131 7 0.000350
8 0.089904 10 0.000500
9 0.099676 15 0.000750
10 0.109449 9 0.000450
11 0.119222 10 0.000500
12 0.128995 12 0.000600
13 0.138767 7 0.000350
14 0.148540 9 0.000450
15 0.158313 11 0.000550
16 0.168086 14 0.000700
17 0.177858 15 0.000750
18 0.187631 17 0.000850
19 0.197404 22 0.001100
20 0.207176 35 0.001750
21 0.216949 35 0.001750
22 0.226722 36 0.001800
23 0.236495 27 0.001350
24 0.246267 31 0.001550
25 0.256040 50 0.002500
26 0.265813 47 0.002350
27 0.275586 58 0.002900
28 0.285358 60 0.003000
29 0.295131 69 0.003450
30 0.304904 52 0.002600
31 0.314677 79 0.003950
32 0.324449 101 0.005050
33 0.334222 87 0.004350
34 0.343995 89 0.004450
35 0.353768 68 0.003400
36 0.363540 127 0.006350
37 0.373313 123 0.006150
38 0.383086 183 0.009150
39 0.392859 181 0.009050
40 0.402631 208 0.010400
41 0.412404 238 0.011900
42 0.422177 304 0.015200
43 0.431950 357 0.017850
44 0.441722 422 0.021100
45 0.451495 594 0.029700
46 0.461268 759 0.037950
47 0.471041 984 0.049200
48 0.480813 1599 0.079950
49 0.490586 3039 0.151950
50 0.500359 2798 0.139900
51 0.510132 1593 0.079650
52 0.519904 945 0.047250
53 0.529677 679 0.033950
54 0.539450 468 0.023400
55 0.549223 366 0.018300
56 0.558995 382 0.019100
57 0.568768 303 0.015150
58 0.578541 290 0.014500
59 0.588314 198 0.009900
60 0.598086 197 0.009850
61 0.607859 123 0.006150
62 0.617632 157 0.007850
63 0.627405 144 0.007200
64 0.637177 115 0.005750
65 0.646950 112 0.005600
66 0.656723 85 0.004250
67 0.666495 84 0.004200
68 0.676268 91 0.004550
69 0.686041 51 0.002550
70 0.695814 49 0.002450
71 0.705586 50 0.002500
72 0.715359 37 0.001850
73 0.725132 31 0.001550
74 0.734905 38 0.001900
75 0.744677 27 0.001350
76 0.754450 31 0.001550
77 0.764223 33 0.001650
78 0.773996 31 0.001550
79 0.783768 21 0.001050
80 0.793541 18 0.000900
81 0.803314 17 0.000850
82 0.813087 11 0.000550
83 0.822859 14 0.000700
84 0.832632 14 0.000700
85 0.842405 20 0.001000
86 0.852178 20 0.001000
87 0.861950 4 0.000200
88 0.871723 10 0.000500
89 0.881496 5 0.000250
90 0.891269 12 0.000600
91 0.901041 12 0.000600
92 0.910814 11 0.000550
93 0.920587 8 0.000400
94 0.930360 15 0.000750
95 0.940132 4 0.000200
96 0.949905 1 0.000050
97 0.959678 5 0.000250
98 0.969451 8 0.000400
99 0.979223 1 0.000050
