0.000000 0 0 0.005457 0.000000 0.243653 0.005562 0.000000 0.245446
0.200000 0 1 0.004976 0.000000 0.233880 0.004977 0.000000 0.233880
0.400000 0 2 0.004990 0.000000 0.232106 0.005050 0.000000 0.226503
0.600000 0 3 0.004758 0.000000 0.216947 0.004772 0.000000 0.252513
0.800000 0 4 0.004701 0.000000 0.227895 0.004700 0.000000 0.158613
1.000000 1 0 0.004687 0.000000 0.231668 0.004760 0.000000 0.193361
1.200000 1 1 0.004610 0.000000 0.219218 0.004641 0.000000 0.205743
1.400000 1 2 0.004764 0.000000 0.216171 0.004719 0.000000 0.251623
1.600000 1 3 0.004621 0.000000 0.242364 0.004692 0.000000 0.188892
1.800000 1 4 0.004736 0.000000 0.237764 0.004788 0.000000 0.250849
2.000000 2 0 0.004634 0.000000 0.232674 0.004669 0.000000 0.213779
2.200000 2 1 0.004576 0.000000 0.232514 0.004681 0.000000 0.246871
2.400000 2 2 0.004606 0.000000 0.231344 0.004697 0.000000 0.239811
2.600000 2 3 0.004649 0.000000 0.229917 0.004747 0.000000 0.281784
2.800000 2 4 0.004540 0.000000 0.222866 0.004634 0.000000 0.227480
3.000000 3 0 0.004734 0.000000 0.235135 0.004712 0.000000 0.198104
3.200000 3 1 0.004706 0.000000 0.232523 0.004826 0.000000 0.148487
3.400000 3 2 0.004598 0.000000 0.226366 0.004660 0.000000 0.190902
3.600000 3 3 0.004507 0.000000 0.219336 0.004509 0.000000 0.238849
3.800000 3 4 0.004611 0.000000 0.229824 0.004681 0.000000 0.230195
4.000000 4 0 0.004755 0.000000 0.240749 0.004854 0.000000 0.259340
4.200000 4 1 0.004592 0.000000 0.219710 0.004619 0.000000 0.206220
4.400000 4 2 0.004497 0.000000 0.218671 0.004585 0.000000 0.239545
4.600000 4 3 0.004559 0.000000 0.223767 0.004546 0.000000 0.226109
4.800000 4 4 0.004670 0.000000 0.231244 0.004665 0.000000 0.239645
5.000000 5 0 0.004703 0.000000 0.236623 0.004805 0.000000 0.245762
5.200000 5 1 0.004581 0.000000 0.229619 0.004665 0.000000 0.167701
5.400000 5 2 0.004448 0.000000 0.224466 0.004513 0.000000 0.226292
5.600000 5 3 0.004503 0.000000 0.218812 0.004568 0.000000 0.278177
5.800000 5 4 0.004681 0.000000 0.230651 0.004701 0.000000 0.169541
6.000000 6 0 0.004470 0.000000 0.212999 0.004529 0.000000 0.179569
6.200000 6 1 0.004485 0.000000 0.220174 0.004548 0.000000 0.231706
6.400000 6 2 0.004485 0.000000 0.230313 0.004576 0.000000 0.233937
6.600000 6 3 0.004573 0.000000 0.227206 0.004588 0.000000 0.219830
6.800000 6 4 0.004449 0.000000 0.232763 0.004473 0.000000 0.208341
7.000000 7 0 0.004519 0.000000 0.234083 0.004590 0.000000 0.218434
7.200000 7 1 0.004486 0.000000 0.227158 0.004595 0.000000 0.266448
7.400000 7 2 0.004670 0.000000 0.234781 0.004695 0.000000 0.188016
7.600000 7 3 0.004470 0.000000 0.228205 0.004517 0.000000 0.197884
7.800000 7 4 0.004466 0.000000 0.226185 0.004540 0.000000 0.182513
8.000000 8 0 0.004520 0.000000 0.233079 0.004536 0.000000 0.236049
8.200000 8 1 0.004504 0.000000 0.233112 0.004606 0.000000 0.238826
8.400000 8 2 0.004560 0.000000 0.231909 0.004544 0.000000 0.239717
8.600000 8 3 0.004480 0.000000 0.233263 0.004544 0.000000 0.233263
8.800000 8 4 0.004478 0.000000 0.229874 0.004535 0.000000 0.235788
9.000000 9 0 0.004551 0.000000 0.234342 0.004658 0.000000 0.274172
9.200000 9 1 0.004456 0.000000 0.224315 0.004539 0.000000 0.228171
9.400000 9 2 0.004503 0.000000 0.227694 0.004605 0.000000 0.237181
9.600000 9 3 0.004525 0.000000 0.235050 0.004655 0.000000 0.258246
9.800000 9 4 0.004485 0.000000 0.230776 0.004546 0.000000 0.238064
