initializing
training size    : 359556
testing size     : 20000
epoch count      : 10
sub epoch size   : 5

epoch_learning_rate_decay   : 8
learning_rate_decay         : 0.250000

training



epoch [0 0] from [10 5]
training time per iterations 4.198481[ms]
testing on 20000 items
testing done
average error 0.002250
min error     0.000000
max error     0.246842
saving best net
best net saved to networks/disc40x20x3_no_gaussian_window_size_4/net_7_depth/trained/, with error 0.002250



epoch [0 1] from [10 5]
training time per iterations 4.192140[ms]
testing on 20000 items
testing done
average error 0.001971
min error     0.000000
max error     0.227725
saving best net
best net saved to networks/disc40x20x3_no_gaussian_window_size_4/net_7_depth/trained/, with error 0.001971



epoch [0 2] from [10 5]
training time per iterations 4.192377[ms]
testing on 20000 items
testing done
average error 0.001896
min error     0.000000
max error     0.228173
saving best net
best net saved to networks/disc40x20x3_no_gaussian_window_size_4/net_7_depth/trained/, with error 0.001896



epoch [0 3] from [10 5]
training time per iterations 4.189665[ms]
testing on 20000 items
testing done
average error 0.001936
min error     0.000000
max error     0.241022



epoch [0 4] from [10 5]
training time per iterations 4.193378[ms]
testing on 20000 items
testing done
average error 0.002124
min error     0.000000
max error     0.242188



epoch [1 0] from [10 5]
training time per iterations 4.190638[ms]
testing on 20000 items
testing done
average error 0.001911
min error     0.000000
max error     0.244314



epoch [1 1] from [10 5]
training time per iterations 4.182156[ms]
testing on 20000 items
testing done
average error 0.001860
min error     0.000000
max error     0.209510
saving best net
best net saved to networks/disc40x20x3_no_gaussian_window_size_4/net_7_depth/trained/, with error 0.001860



epoch [1 2] from [10 5]
training time per iterations 4.194004[ms]
testing on 20000 items
testing done
average error 0.001892
min error     0.000000
max error     0.217801



epoch [1 3] from [10 5]
training time per iterations 4.192669[ms]
testing on 20000 items
testing done
average error 0.001828
min error     0.000000
max error     0.231310
saving best net
best net saved to networks/disc40x20x3_no_gaussian_window_size_4/net_7_depth/trained/, with error 0.001828



epoch [1 4] from [10 5]
training time per iterations 4.192099[ms]
testing on 20000 items
testing done
average error 0.001821
min error     0.000000
max error     0.220525
saving best net
best net saved to networks/disc40x20x3_no_gaussian_window_size_4/net_7_depth/trained/, with error 0.001821



epoch [2 0] from [10 5]
training time per iterations 4.197383[ms]
testing on 20000 items
testing done
average error 0.001788
min error     0.000000
max error     0.212699
saving best net
best net saved to networks/disc40x20x3_no_gaussian_window_size_4/net_7_depth/trained/, with error 0.001788



epoch [2 1] from [10 5]
training time per iterations 4.190235[ms]
testing on 20000 items
testing done
average error 0.001754
min error     0.000000
max error     0.200938
saving best net
best net saved to networks/disc40x20x3_no_gaussian_window_size_4/net_7_depth/trained/, with error 0.001754



epoch [2 2] from [10 5]
training time per iterations 4.190374[ms]
testing on 20000 items
testing done
average error 0.001899
min error     0.000000
max error     0.215129



epoch [2 3] from [10 5]
training time per iterations 4.191348[ms]
testing on 20000 items
testing done
average error 0.001820
min error     0.000000
max error     0.229006



epoch [2 4] from [10 5]
training time per iterations 4.189206[ms]
testing on 20000 items
testing done
average error 0.001800
min error     0.000000
max error     0.225835



epoch [3 0] from [10 5]
training time per iterations 4.197355[ms]
testing on 20000 items
testing done
average error 0.001962
min error     0.000000
max error     0.261746



epoch [3 1] from [10 5]
training time per iterations 4.179361[ms]
testing on 20000 items
testing done
average error 0.001891
min error     0.000000
max error     0.238779



epoch [3 2] from [10 5]
training time per iterations 4.197133[ms]
testing on 20000 items
testing done
average error 0.001761
min error     0.000000
max error     0.212235



epoch [3 3] from [10 5]
training time per iterations 4.191834[ms]
testing on 20000 items
testing done
average error 0.001848
min error     0.000000
max error     0.221223



epoch [3 4] from [10 5]
training time per iterations 4.195019[ms]
testing on 20000 items
testing done
average error 0.001882
min error     0.000000
max error     0.226437



epoch [4 0] from [10 5]
training time per iterations 4.191167[ms]
testing on 20000 items
testing done
average error 0.001743
min error     0.000000
max error     0.219352
saving best net
best net saved to networks/disc40x20x3_no_gaussian_window_size_4/net_7_depth/trained/, with error 0.001743



epoch [4 1] from [10 5]
training time per iterations 4.187009[ms]
testing on 20000 items
testing done
average error 0.001858
min error     0.000000
max error     0.214438



epoch [4 2] from [10 5]
training time per iterations 4.184075[ms]
testing on 20000 items
testing done
average error 0.001871
min error     0.000000
max error     0.211611



epoch [4 3] from [10 5]
training time per iterations 4.193072[ms]
testing on 20000 items
testing done
average error 0.001776
min error     0.000000
max error     0.217851



epoch [4 4] from [10 5]
training time per iterations 4.190722[ms]
testing on 20000 items
testing done
average error 0.001795
min error     0.000000
max error     0.219639



epoch [5 0] from [10 5]
training time per iterations 4.191848[ms]
testing on 20000 items
testing done
average error 0.001812
min error     0.000000
max error     0.217381



epoch [5 1] from [10 5]
training time per iterations 4.190680[ms]
testing on 20000 items
testing done
average error 0.001805
min error     0.000000
max error     0.219263



epoch [5 2] from [10 5]
training time per iterations 4.189623[ms]
testing on 20000 items
testing done
average error 0.001833
min error     0.000000
max error     0.203662



epoch [5 3] from [10 5]
training time per iterations 4.191417[ms]
testing on 20000 items
testing done
average error 0.001906
min error     0.000000
max error     0.211836



epoch [5 4] from [10 5]
training time per iterations 4.192766[ms]
testing on 20000 items
testing done
average error 0.001716
min error     0.000000
max error     0.196993
saving best net
best net saved to networks/disc40x20x3_no_gaussian_window_size_4/net_7_depth/trained/, with error 0.001716



epoch [6 0] from [10 5]
training time per iterations 4.194949[ms]
testing on 20000 items
testing done
average error 0.001773
min error     0.000000
max error     0.192672



epoch [6 1] from [10 5]
training time per iterations 4.191654[ms]
testing on 20000 items
testing done
average error 0.001698
min error     0.000000
max error     0.207946
saving best net
best net saved to networks/disc40x20x3_no_gaussian_window_size_4/net_7_depth/trained/, with error 0.001698



epoch [6 2] from [10 5]
training time per iterations 4.191056[ms]
testing on 20000 items
testing done
average error 0.001683
min error     0.000000
max error     0.210297
saving best net
best net saved to networks/disc40x20x3_no_gaussian_window_size_4/net_7_depth/trained/, with error 0.001683



epoch [6 3] from [10 5]
training time per iterations 4.191570[ms]
testing on 20000 items
testing done
average error 0.001825
min error     0.000000
max error     0.198147



epoch [6 4] from [10 5]
training time per iterations 4.190027[ms]
testing on 20000 items
testing done
average error 0.001860
min error     0.000000
max error     0.221250



epoch [7 0] from [10 5]
training time per iterations 4.186063[ms]
testing on 20000 items
testing done
average error 0.001868
min error     0.000000
max error     0.201254



epoch [7 1] from [10 5]
training time per iterations 4.192405[ms]
testing on 20000 items
testing done
average error 0.001746
min error     0.000000
max error     0.199838



epoch [7 2] from [10 5]
training time per iterations 4.189637[ms]
testing on 20000 items
testing done
average error 0.001778
min error     0.000000
max error     0.190898



epoch [7 3] from [10 5]
training time per iterations 4.188163[ms]
testing on 20000 items
testing done
average error 0.001816
min error     0.000000
max error     0.230583



epoch [7 4] from [10 5]
training time per iterations 4.195631[ms]
testing on 20000 items
testing done
average error 0.001808
min error     0.000000
max error     0.203443
setting learning rate to 0.000050



epoch [8 0] from [10 5]
training time per iterations 4.193281[ms]
testing on 20000 items
testing done
average error 0.001743
min error     0.000000
max error     0.203814



epoch [8 1] from [10 5]
training time per iterations 4.190166[ms]
testing on 20000 items
testing done
average error 0.001745
min error     0.000000
max error     0.203266



epoch [8 2] from [10 5]
training time per iterations 4.190374[ms]
testing on 20000 items
testing done
average error 0.001782
min error     0.000000
max error     0.205450



epoch [8 3] from [10 5]
training time per iterations 4.189818[ms]
testing on 20000 items
testing done
average error 0.001760
min error     0.000000
max error     0.202967



epoch [8 4] from [10 5]
training time per iterations 4.188288[ms]
testing on 20000 items
testing done
average error 0.001746
min error     0.000000
max error     0.202253



epoch [9 0] from [10 5]
training time per iterations 4.192849[ms]
testing on 20000 items
testing done
average error 0.001810
min error     0.000000
max error     0.208912



epoch [9 1] from [10 5]
training time per iterations 4.190861[ms]
testing on 20000 items
testing done
average error 0.001755
min error     0.000000
max error     0.207080



epoch [9 2] from [10 5]
training time per iterations 4.195283[ms]
testing on 20000 items
testing done
average error 0.001713
min error     0.000000
max error     0.205593



epoch [9 3] from [10 5]
training time per iterations 4.194588[ms]
testing on 20000 items
testing done
average error 0.001756
min error     0.000000
max error     0.201569



epoch [9 4] from [10 5]
training time per iterations 4.190972[ms]
testing on 20000 items
testing done
average error 0.001771
min error     0.000000
max error     0.211983
training done
