0.000000 0 0 0.002250 0.000000 0.246842 0.002267 0.000000 0.174494
0.200000 0 1 0.001971 0.000000 0.227725 0.001956 0.000000 0.234084
0.400000 0 2 0.001896 0.000000 0.228173 0.001909 0.000000 0.238112
0.600000 0 3 0.001936 0.000000 0.241022 0.001904 0.000000 0.244605
0.800000 0 4 0.002124 0.000000 0.242188 0.002130 0.000000 0.255235
1.000000 1 0 0.001911 0.000000 0.244314 0.001903 0.000000 0.185700
1.200000 1 1 0.001860 0.000000 0.209510 0.001835 0.000000 0.165981
1.400000 1 2 0.001892 0.000000 0.217801 0.001869 0.000000 0.183176
1.600000 1 3 0.001828 0.000000 0.231310 0.001867 0.000000 0.226629
1.800000 1 4 0.001821 0.000000 0.220525 0.001815 0.000000 0.190218
2.000000 2 0 0.001788 0.000000 0.212699 0.001788 0.000000 0.189201
2.200000 2 1 0.001754 0.000000 0.200938 0.001743 0.000000 0.175038
2.400000 2 2 0.001899 0.000000 0.215129 0.001886 0.000000 0.178416
2.600000 2 3 0.001820 0.000000 0.229006 0.001843 0.000000 0.213972
2.800000 2 4 0.001800 0.000000 0.225835 0.001805 0.000000 0.225835
3.000000 3 0 0.001962 0.000000 0.261746 0.001948 0.000000 0.186952
3.200000 3 1 0.001891 0.000000 0.238779 0.001900 0.000000 0.156543
3.400000 3 2 0.001761 0.000000 0.212235 0.001761 0.000000 0.182752
3.600000 3 3 0.001848 0.000000 0.221223 0.001802 0.000000 0.236998
3.800000 3 4 0.001882 0.000000 0.226437 0.001855 0.000000 0.226437
4.000000 4 0 0.001743 0.000000 0.219352 0.001722 0.000000 0.167983
4.200000 4 1 0.001858 0.000000 0.214438 0.001830 0.000000 0.160402
4.400000 4 2 0.001871 0.000000 0.211611 0.001870 0.000000 0.227236
4.600000 4 3 0.001776 0.000000 0.217851 0.001759 0.000000 0.222758
4.800000 4 4 0.001795 0.000000 0.219639 0.001778 0.000000 0.228936
5.000000 5 0 0.001812 0.000000 0.217381 0.001798 0.000000 0.234155
5.200000 5 1 0.001805 0.000000 0.219263 0.001772 0.000000 0.163239
5.400000 5 2 0.001833 0.000000 0.203662 0.001846 0.000000 0.242847
5.600000 5 3 0.001906 0.000000 0.211836 0.001904 0.000000 0.234335
5.800000 5 4 0.001716 0.000000 0.196993 0.001759 0.000000 0.146403
6.000000 6 0 0.001773 0.000000 0.192672 0.001782 0.000000 0.234253
6.200000 6 1 0.001698 0.000000 0.207946 0.001675 0.000000 0.212729
6.400000 6 2 0.001683 0.000000 0.210297 0.001696 0.000000 0.197012
6.600000 6 3 0.001825 0.000000 0.198147 0.001843 0.000000 0.198147
6.800000 6 4 0.001860 0.000000 0.221250 0.001861 0.000000 0.231840
7.000000 7 0 0.001868 0.000000 0.201254 0.001889 0.000000 0.196889
7.200000 7 1 0.001746 0.000000 0.199838 0.001716 0.000000 0.179018
7.400000 7 2 0.001778 0.000000 0.190898 0.001760 0.000000 0.210411
7.600000 7 3 0.001816 0.000000 0.230583 0.001826 0.000000 0.170526
7.800000 7 4 0.001808 0.000000 0.203443 0.001810 0.000000 0.214712
8.000000 8 0 0.001743 0.000000 0.203814 0.001708 0.000000 0.195637
8.200000 8 1 0.001745 0.000000 0.203266 0.001779 0.000000 0.198879
8.400000 8 2 0.001782 0.000000 0.205450 0.001741 0.000000 0.230563
8.600000 8 3 0.001760 0.000000 0.202967 0.001745 0.000000 0.199597
8.800000 8 4 0.001746 0.000000 0.202253 0.001721 0.000000 0.167173
9.000000 9 0 0.001810 0.000000 0.208912 0.001796 0.000000 0.227513
9.200000 9 1 0.001755 0.000000 0.207080 0.001746 0.000000 0.168958
9.400000 9 2 0.001713 0.000000 0.205593 0.001712 0.000000 0.229997
9.600000 9 3 0.001756 0.000000 0.201569 0.001752 0.000000 0.236829
9.800000 9 4 0.001771 0.000000 0.211983 0.001760 0.000000 0.234681
