0 -0.133503 1 0.000050
1 -0.131396 0 0.000000
2 -0.129289 0 0.000000
3 -0.127182 0 0.000000
4 -0.125075 1 0.000050
5 -0.122968 0 0.000000
6 -0.120861 1 0.000050
7 -0.118754 0 0.000000
8 -0.116647 2 0.000100
9 -0.114540 0 0.000000
10 -0.112433 0 0.000000
11 -0.110326 0 0.000000
12 -0.108219 0 0.000000
13 -0.106112 1 0.000050
14 -0.104005 1 0.000050
15 -0.101898 0 0.000000
16 -0.099791 5 0.000250
17 -0.097684 0 0.000000
18 -0.095577 1 0.000050
19 -0.093470 0 0.000000
20 -0.091363 4 0.000200
21 -0.089256 2 0.000100
22 -0.087149 0 0.000000
23 -0.085042 3 0.000150
24 -0.082935 1 0.000050
25 -0.080828 2 0.000100
26 -0.078721 0 0.000000
27 -0.076614 0 0.000000
28 -0.074507 0 0.000000
29 -0.072400 2 0.000100
30 -0.070293 0 0.000000
31 -0.068186 1 0.000050
32 -0.066079 1 0.000050
33 -0.063972 4 0.000200
34 -0.061865 6 0.000300
35 -0.059758 1 0.000050
36 -0.057651 2 0.000100
37 -0.055544 4 0.000200
38 -0.053437 9 0.000450
39 -0.051330 17 0.000850
40 -0.049223 12 0.000600
41 -0.047116 18 0.000900
42 -0.045009 10 0.000500
43 -0.042902 12 0.000600
44 -0.040795 25 0.001250
45 -0.038688 29 0.001450
46 -0.036581 32 0.001600
47 -0.034474 58 0.002900
48 -0.032367 79 0.003950
49 -0.030260 106 0.005300
50 -0.028153 131 0.006550
51 -0.026046 142 0.007100
52 -0.023939 201 0.010050
53 -0.021832 239 0.011950
54 -0.019725 364 0.018200
55 -0.017618 550 0.027500
56 -0.015511 952 0.047600
57 -0.013404 1571 0.078550
58 -0.011297 3433 0.171650
59 -0.009190 4407 0.220350
60 -0.007083 3043 0.152150
61 -0.004976 1484 0.074200
62 -0.002869 909 0.045450
63 -0.000762 602 0.030100
64 0.001345 399 0.019950
65 0.003452 286 0.014300
66 0.005559 180 0.009000
67 0.007666 147 0.007350
68 0.009773 112 0.005600
69 0.011880 96 0.004800
70 0.013987 46 0.002300
71 0.016094 45 0.002250
72 0.018201 32 0.001600
73 0.020308 25 0.001250
74 0.022415 17 0.000850
75 0.024522 28 0.001400
76 0.026629 24 0.001200
77 0.028736 9 0.000450
78 0.030843 10 0.000500
79 0.032950 6 0.000300
80 0.035057 7 0.000350
81 0.037164 7 0.000350
82 0.039271 7 0.000350
83 0.041378 4 0.000200
84 0.043485 4 0.000200
85 0.045592 14 0.000700
86 0.047699 6 0.000300
87 0.049806 0 0.000000
88 0.051913 2 0.000100
89 0.054020 1 0.000050
90 0.056127 1 0.000050
91 0.058234 1 0.000050
92 0.060341 0 0.000000
93 0.062448 0 0.000000
94 0.064555 2 0.000100
95 0.066662 0 0.000000
96 0.068769 0 0.000000
97 0.070876 0 0.000000
98 0.072983 0 0.000000
99 0.075090 1 0.000050
