0 -0.477002 1 0.000017
1 -0.467261 0 0.000000
2 -0.457521 0 0.000000
3 -0.447780 0 0.000000
4 -0.438039 0 0.000000
5 -0.428298 0 0.000000
6 -0.418558 0 0.000000
7 -0.408817 0 0.000000
8 -0.399076 0 0.000000
9 -0.389335 0 0.000000
10 -0.379594 0 0.000000
11 -0.369854 1 0.000017
12 -0.360113 2 0.000033
13 -0.350372 0 0.000000
14 -0.340631 1 0.000017
15 -0.330890 1 0.000017
16 -0.321150 0 0.000000
17 -0.311409 0 0.000000
18 -0.301668 1 0.000017
19 -0.291927 1 0.000017
20 -0.282186 5 0.000083
21 -0.272446 4 0.000067
22 -0.262705 6 0.000100
23 -0.252964 3 0.000050
24 -0.243223 0 0.000000
25 -0.233482 5 0.000083
26 -0.223742 7 0.000117
27 -0.214001 9 0.000150
28 -0.204260 13 0.000217
29 -0.194519 35 0.000583
30 -0.184778 62 0.001033
31 -0.175038 88 0.001467
32 -0.165297 97 0.001617
33 -0.155556 132 0.002200
34 -0.145815 227 0.003783
35 -0.136074 261 0.004350
36 -0.126334 211 0.003517
37 -0.116593 190 0.003167
38 -0.106852 257 0.004283
39 -0.097111 390 0.006500
40 -0.087370 648 0.010800
41 -0.077630 790 0.013167
42 -0.067889 590 0.009833
43 -0.058148 552 0.009200
44 -0.048407 842 0.014033
45 -0.038666 1316 0.021933
46 -0.028926 2654 0.044233
47 -0.019185 13222 0.220367
48 -0.009444 24630 0.410500
49 0.000297 4476 0.074600
50 0.010038 1881 0.031350
51 0.019778 1277 0.021283
52 0.029519 785 0.013083
53 0.039260 530 0.008833
54 0.049001 614 0.010233
55 0.058741 602 0.010033
56 0.068482 494 0.008233
57 0.078223 272 0.004533
58 0.087964 237 0.003950
59 0.097705 255 0.004250
60 0.107445 294 0.004900
61 0.117186 309 0.005150
62 0.126927 224 0.003733
63 0.136668 114 0.001900
64 0.146409 106 0.001767
65 0.156149 110 0.001833
66 0.165890 77 0.001283
67 0.175631 28 0.000467
68 0.185372 11 0.000183
69 0.195113 5 0.000083
70 0.204853 7 0.000117
71 0.214594 3 0.000050
72 0.224335 10 0.000167
73 0.234076 2 0.000033
74 0.243817 3 0.000050
75 0.253557 4 0.000067
76 0.263298 1 0.000017
77 0.273039 1 0.000017
78 0.282780 1 0.000017
79 0.292521 0 0.000000
80 0.302261 2 0.000033
81 0.312002 2 0.000033
82 0.321743 2 0.000033
83 0.331484 1 0.000017
84 0.341225 1 0.000017
85 0.350965 0 0.000000
86 0.360706 0 0.000000
87 0.370447 0 0.000000
88 0.380188 1 0.000017
89 0.389929 1 0.000017
90 0.399669 1 0.000017
91 0.409410 1 0.000017
92 0.419151 0 0.000000
93 0.428892 0 0.000000
94 0.438633 0 0.000000
95 0.448373 0 0.000000
96 0.458114 0 0.000000
97 0.467855 0 0.000000
98 0.477596 0 0.000000
99 0.487336 1 0.000017
