0 -0.171271 1 0.000050
1 -0.168523 0 0.000000
2 -0.165774 1 0.000050
3 -0.163025 0 0.000000
4 -0.160276 0 0.000000
5 -0.157528 0 0.000000
6 -0.154779 5 0.000250
7 -0.152030 3 0.000150
8 -0.149281 2 0.000100
9 -0.146533 3 0.000150
10 -0.143784 1 0.000050
11 -0.141035 1 0.000050
12 -0.138286 2 0.000100
13 -0.135538 2 0.000100
14 -0.132789 0 0.000000
15 -0.130040 1 0.000050
16 -0.127292 1 0.000050
17 -0.124543 2 0.000100
18 -0.121794 1 0.000050
19 -0.119045 1 0.000050
20 -0.116297 1 0.000050
21 -0.113548 1 0.000050
22 -0.110799 1 0.000050
23 -0.108050 2 0.000100
24 -0.105302 1 0.000050
25 -0.102553 1 0.000050
26 -0.099804 2 0.000100
27 -0.097055 2 0.000100
28 -0.094307 0 0.000000
29 -0.091558 3 0.000150
30 -0.088809 0 0.000000
31 -0.086060 0 0.000000
32 -0.083312 0 0.000000
33 -0.080563 1 0.000050
34 -0.077814 2 0.000100
35 -0.075066 0 0.000000
36 -0.072317 1 0.000050
37 -0.069568 0 0.000000
38 -0.066819 0 0.000000
39 -0.064071 0 0.000000
40 -0.061322 4 0.000200
41 -0.058573 1 0.000050
42 -0.055824 2 0.000100
43 -0.053076 4 0.000200
44 -0.050327 7 0.000350
45 -0.047578 7 0.000350
46 -0.044829 6 0.000300
47 -0.042081 25 0.001250
48 -0.039332 22 0.001100
49 -0.036583 45 0.002250
50 -0.033834 55 0.002750
51 -0.031086 64 0.003200
52 -0.028337 125 0.006250
53 -0.025588 203 0.010150
54 -0.022840 339 0.016950
55 -0.020091 626 0.031300
56 -0.017342 1109 0.055450
57 -0.014593 1683 0.084150
58 -0.011845 2993 0.149650
59 -0.009096 3845 0.192250
60 -0.006347 3403 0.170150
61 -0.003598 2125 0.106250
62 -0.000850 1126 0.056300
63 0.001899 666 0.033300
64 0.004648 462 0.023100
65 0.007397 333 0.016650
66 0.010145 229 0.011450
67 0.012894 135 0.006750
68 0.015643 68 0.003400
69 0.018392 47 0.002350
70 0.021140 35 0.001750
71 0.023889 37 0.001850
72 0.026638 23 0.001150
73 0.029386 28 0.001400
74 0.032135 14 0.000700
75 0.034884 7 0.000350
76 0.037633 9 0.000450
77 0.040381 5 0.000250
78 0.043130 9 0.000450
79 0.045879 2 0.000100
80 0.048628 1 0.000050
81 0.051376 5 0.000250
82 0.054125 1 0.000050
83 0.056874 6 0.000300
84 0.059623 0 0.000000
85 0.062371 1 0.000050
86 0.065120 2 0.000100
87 0.067869 0 0.000000
88 0.070618 0 0.000000
89 0.073366 0 0.000000
90 0.076115 0 0.000000
91 0.078864 0 0.000000
92 0.081612 0 0.000000
93 0.084361 3 0.000150
94 0.087110 0 0.000000
95 0.089859 1 0.000050
96 0.092607 3 0.000150
97 0.095356 2 0.000100
98 0.098105 2 0.000100
99 0.100854 0 0.000000
