0 0.011944 4 0.000067
1 0.021912 16 0.000267
2 0.031881 14 0.000233
3 0.041849 11 0.000183
4 0.051818 11 0.000183
5 0.061786 13 0.000217
6 0.071755 14 0.000233
7 0.081723 11 0.000183
8 0.091692 10 0.000167
9 0.101660 22 0.000367
10 0.111629 9 0.000150
11 0.121597 13 0.000217
12 0.131566 17 0.000283
13 0.141535 7 0.000117
14 0.151503 15 0.000250
15 0.161472 17 0.000283
16 0.171440 19 0.000317
17 0.181409 32 0.000533
18 0.191377 25 0.000417
19 0.201346 33 0.000550
20 0.211314 36 0.000600
21 0.221283 47 0.000783
22 0.231251 31 0.000517
23 0.241220 40 0.000667
24 0.251188 83 0.001383
25 0.261157 63 0.001050
26 0.271125 79 0.001317
27 0.281094 100 0.001667
28 0.291062 102 0.001700
29 0.301031 115 0.001917
30 0.310999 222 0.003700
31 0.320968 264 0.004400
32 0.330936 350 0.005833
33 0.340905 267 0.004450
34 0.350873 240 0.004000
35 0.360842 309 0.005150
36 0.370810 514 0.008567
37 0.380779 376 0.006267
38 0.390747 397 0.006617
39 0.400716 492 0.008200
40 0.410684 682 0.011367
41 0.420653 1194 0.019900
42 0.430621 1227 0.020450
43 0.440590 848 0.014133
44 0.450558 1151 0.019183
45 0.460527 1519 0.025317
46 0.470495 1942 0.032367
47 0.480464 2478 0.041300
48 0.490433 4220 0.070333
49 0.500401 7378 0.122967
50 0.510370 2599 0.043317
51 0.520338 2205 0.036750
52 0.530307 1907 0.031783
53 0.540275 1242 0.020700
54 0.550244 1295 0.021583
55 0.560212 1452 0.024200
56 0.570181 1946 0.032433
57 0.580149 2726 0.045433
58 0.590118 3156 0.052600
59 0.600086 2013 0.033550
60 0.610055 1372 0.022867
61 0.620023 1356 0.022600
62 0.629992 909 0.015150
63 0.639960 532 0.008867
64 0.649929 503 0.008383
65 0.659897 394 0.006567
66 0.669866 456 0.007600
67 0.679834 277 0.004617
68 0.689803 234 0.003900
69 0.699771 217 0.003617
70 0.709740 215 0.003583
71 0.719708 214 0.003567
72 0.729677 174 0.002900
73 0.739645 201 0.003350
74 0.749614 166 0.002767
75 0.759582 180 0.003000
76 0.769551 236 0.003933
77 0.779519 199 0.003317
78 0.789488 189 0.003150
79 0.799456 159 0.002650
80 0.809425 194 0.003233
81 0.819394 244 0.004067
82 0.829362 222 0.003700
83 0.839331 256 0.004267
84 0.849299 339 0.005650
85 0.859268 435 0.007250
86 0.869236 365 0.006083
87 0.879205 419 0.006983
88 0.889173 281 0.004683
89 0.899142 252 0.004200
90 0.909110 277 0.004617
91 0.919079 315 0.005250
92 0.929047 275 0.004583
93 0.939016 139 0.002317
94 0.948984 60 0.001000
95 0.958953 49 0.000817
96 0.968921 46 0.000767
97 0.978890 24 0.000400
98 0.988858 4 0.000067
99 0.998827 1 0.000017
