0 0.040001 2 0.000033
1 0.049751 4 0.000067
2 0.059502 5 0.000083
3 0.069252 8 0.000133
4 0.079002 17 0.000283
5 0.088753 17 0.000283
6 0.098503 18 0.000300
7 0.108253 15 0.000250
8 0.118004 19 0.000317
9 0.127754 13 0.000217
10 0.137504 17 0.000283
11 0.147255 15 0.000250
12 0.157005 18 0.000300
13 0.166755 18 0.000300
14 0.176506 23 0.000383
15 0.186256 19 0.000317
16 0.196006 35 0.000583
17 0.205757 27 0.000450
18 0.215507 25 0.000417
19 0.225257 34 0.000567
20 0.235008 44 0.000733
21 0.244758 52 0.000867
22 0.254508 45 0.000750
23 0.264259 55 0.000917
24 0.274009 100 0.001667
25 0.283759 80 0.001333
26 0.293510 100 0.001667
27 0.303260 90 0.001500
28 0.313010 125 0.002083
29 0.322761 235 0.003917
30 0.332511 263 0.004383
31 0.342261 176 0.002933
32 0.352012 129 0.002150
33 0.361762 111 0.001850
34 0.371512 131 0.002183
35 0.381263 174 0.002900
36 0.391013 205 0.003417
37 0.400763 179 0.002983
38 0.410514 221 0.003683
39 0.420264 288 0.004800
40 0.430014 377 0.006283
41 0.439765 419 0.006983
42 0.449515 461 0.007683
43 0.459265 730 0.012167
44 0.469016 1040 0.017333
45 0.478766 1618 0.026967
46 0.488516 3488 0.058133
47 0.498267 10755 0.179250
48 0.508017 9754 0.162567
49 0.517767 3570 0.059500
50 0.527517 1835 0.030583
51 0.537268 1132 0.018867
52 0.547018 859 0.014317
53 0.556768 742 0.012367
54 0.566519 898 0.014967
55 0.576269 1129 0.018817
56 0.586019 2125 0.035417
57 0.595770 2738 0.045633
58 0.605520 1951 0.032517
59 0.615270 1207 0.020117
60 0.625021 913 0.015217
61 0.634771 641 0.010683
62 0.644521 499 0.008317
63 0.654272 397 0.006617
64 0.664022 364 0.006067
65 0.673772 325 0.005417
66 0.683523 260 0.004333
67 0.693273 207 0.003450
68 0.703023 192 0.003200
69 0.712774 194 0.003233
70 0.722524 209 0.003483
71 0.732274 201 0.003350
72 0.742025 196 0.003267
73 0.751775 171 0.002850
74 0.761525 170 0.002833
75 0.771276 175 0.002917
76 0.781026 193 0.003217
77 0.790776 210 0.003500
78 0.800527 212 0.003533
79 0.810277 185 0.003083
80 0.820027 169 0.002817
81 0.829778 245 0.004083
82 0.839528 288 0.004800
83 0.849278 267 0.004450
84 0.859029 302 0.005033
85 0.868779 401 0.006683
86 0.878529 401 0.006683
87 0.888280 375 0.006250
88 0.898030 272 0.004533
89 0.907780 222 0.003700
90 0.917531 277 0.004617
91 0.927281 356 0.005933
92 0.937031 296 0.004933
93 0.946782 96 0.001600
94 0.956532 71 0.001183
95 0.966282 36 0.000600
96 0.976033 17 0.000283
97 0.985783 9 0.000150
98 0.995533 5 0.000083
99 1.005284 1 0.000017
