0 0.028895 1 0.000050
1 0.038522 0 0.000000
2 0.048150 0 0.000000
3 0.057778 0 0.000000
4 0.067405 0 0.000000
5 0.077033 0 0.000000
6 0.086660 0 0.000000
7 0.096288 0 0.000000
8 0.105916 0 0.000000
9 0.115543 1 0.000050
10 0.125171 0 0.000000
11 0.134798 2 0.000100
12 0.144426 0 0.000000
13 0.154053 0 0.000000
14 0.163681 0 0.000000
15 0.173309 0 0.000000
16 0.182936 0 0.000000
17 0.192564 2 0.000100
18 0.202191 1 0.000050
19 0.211819 5 0.000250
20 0.221447 8 0.000400
21 0.231074 2 0.000100
22 0.240702 1 0.000050
23 0.250329 3 0.000150
24 0.259957 3 0.000150
25 0.269585 1 0.000050
26 0.279212 3 0.000150
27 0.288840 7 0.000350
28 0.298467 21 0.001050
29 0.308095 31 0.001550
30 0.317722 56 0.002800
31 0.327350 101 0.005050
32 0.336978 65 0.003250
33 0.346605 67 0.003350
34 0.356233 168 0.008400
35 0.365860 254 0.012700
36 0.375488 255 0.012750
37 0.385116 222 0.011100
38 0.394743 199 0.009950
39 0.404371 305 0.015250
40 0.413998 431 0.021550
41 0.423626 978 0.048900
42 0.433253 621 0.031050
43 0.442881 397 0.019850
44 0.452509 561 0.028050
45 0.462136 746 0.037300
46 0.471764 838 0.041900
47 0.481391 705 0.035250
48 0.491019 867 0.043350
49 0.500647 4431 0.221550
50 0.510274 772 0.038600
51 0.519902 903 0.045150
52 0.529529 1112 0.055600
53 0.539157 493 0.024650
54 0.548785 496 0.024800
55 0.558412 582 0.029100
56 0.568040 786 0.039300
57 0.577667 408 0.020400
58 0.587295 328 0.016400
59 0.596923 224 0.011200
60 0.606550 248 0.012400
61 0.616178 247 0.012350
62 0.625805 467 0.023350
63 0.635433 111 0.005550
64 0.645060 68 0.003400
65 0.654688 114 0.005700
66 0.664316 69 0.003450
67 0.673943 108 0.005400
68 0.683571 31 0.001550
69 0.693198 21 0.001050
70 0.702826 21 0.001050
71 0.712454 6 0.000300
72 0.722081 2 0.000100
73 0.731709 0 0.000000
74 0.741336 1 0.000050
75 0.750964 0 0.000000
76 0.760592 0 0.000000
77 0.770219 1 0.000050
78 0.779847 1 0.000050
79 0.789474 4 0.000200
80 0.799102 7 0.000350
81 0.808729 3 0.000150
82 0.818357 0 0.000000
83 0.827985 0 0.000000
84 0.837612 0 0.000000
85 0.847240 0 0.000000
86 0.856867 0 0.000000
87 0.866495 0 0.000000
88 0.876123 1 0.000050
89 0.885750 2 0.000100
90 0.895378 2 0.000100
91 0.905005 1 0.000050
92 0.914633 0 0.000000
93 0.924260 0 0.000000
94 0.933888 0 0.000000
95 0.943516 0 0.000000
96 0.953143 0 0.000000
97 0.962771 0 0.000000
98 0.972398 0 0.000000
99 0.982026 1 0.000050
