0 0.011944 2 0.000100
1 0.021715 3 0.000150
2 0.031487 5 0.000250
3 0.041259 3 0.000150
4 0.051030 6 0.000300
5 0.060802 10 0.000500
6 0.070574 8 0.000400
7 0.080345 7 0.000350
8 0.090117 10 0.000500
9 0.099888 8 0.000400
10 0.109660 8 0.000400
11 0.119432 9 0.000450
12 0.129203 9 0.000450
13 0.138975 5 0.000250
14 0.148747 12 0.000600
15 0.158518 9 0.000450
16 0.168290 20 0.001000
17 0.178061 18 0.000900
18 0.187833 22 0.001100
19 0.197605 21 0.001050
20 0.207376 37 0.001850
21 0.217148 34 0.001700
22 0.226920 32 0.001600
23 0.236691 25 0.001250
24 0.246463 42 0.002100
25 0.256234 47 0.002350
26 0.266006 31 0.001550
27 0.275778 55 0.002750
28 0.285549 54 0.002700
29 0.295321 63 0.003150
30 0.305093 64 0.003200
31 0.314864 63 0.003150
32 0.324636 84 0.004200
33 0.334407 112 0.005600
34 0.344179 79 0.003950
35 0.353951 90 0.004500
36 0.363722 141 0.007050
37 0.373494 132 0.006600
38 0.383265 151 0.007550
39 0.393037 168 0.008400
40 0.402809 201 0.010050
41 0.412580 265 0.013250
42 0.422352 330 0.016500
43 0.432124 388 0.019400
44 0.441895 383 0.019150
45 0.451667 579 0.028950
46 0.461438 748 0.037400
47 0.471210 968 0.048400
48 0.480982 1722 0.086100
49 0.490753 3163 0.158150
50 0.500525 2735 0.136750
51 0.510297 1647 0.082350
52 0.520068 993 0.049650
53 0.529840 644 0.032200
54 0.539611 477 0.023850
55 0.549383 371 0.018550
56 0.559155 365 0.018250
57 0.568926 275 0.013750
58 0.578698 270 0.013500
59 0.588470 180 0.009000
60 0.598241 163 0.008150
61 0.608013 148 0.007400
62 0.617784 108 0.005400
63 0.627556 111 0.005550
64 0.637328 108 0.005400
65 0.647099 99 0.004950
66 0.656871 84 0.004200
67 0.666643 78 0.003900
68 0.676414 79 0.003950
69 0.686186 57 0.002850
70 0.695957 50 0.002500
71 0.705729 33 0.001650
72 0.715501 44 0.002200
73 0.725272 38 0.001900
74 0.735044 29 0.001450
75 0.744816 28 0.001400
76 0.754587 28 0.001400
77 0.764359 28 0.001400
78 0.774130 25 0.001250
79 0.783902 21 0.001050
80 0.793674 23 0.001150
81 0.803445 18 0.000900
82 0.813217 25 0.001250
83 0.822989 22 0.001100
84 0.832760 15 0.000750
85 0.842532 16 0.000800
86 0.852303 8 0.000400
87 0.862075 7 0.000350
88 0.871847 11 0.000550
89 0.881618 11 0.000550
90 0.891390 12 0.000600
91 0.901161 6 0.000300
92 0.910933 19 0.000950
93 0.920705 14 0.000700
94 0.930476 15 0.000750
95 0.940248 1 0.000050
96 0.950020 3 0.000150
97 0.959791 3 0.000150
98 0.969563 8 0.000400
99 0.979334 1 0.000050
