0 0.040001 2 0.000100
1 0.049485 4 0.000200
2 0.058969 3 0.000150
3 0.068453 6 0.000300
4 0.077938 7 0.000350
5 0.087422 9 0.000450
6 0.096906 16 0.000800
7 0.106390 9 0.000450
8 0.115874 12 0.000600
9 0.125358 9 0.000450
10 0.134842 12 0.000600
11 0.144326 6 0.000300
12 0.153810 13 0.000650
13 0.163294 11 0.000550
14 0.172779 16 0.000800
15 0.182263 16 0.000800
16 0.191747 22 0.001100
17 0.201231 26 0.001300
18 0.210715 24 0.001200
19 0.220199 19 0.000950
20 0.229683 35 0.001750
21 0.239167 37 0.001850
22 0.248651 48 0.002400
23 0.258135 32 0.001600
24 0.267620 29 0.001450
25 0.277104 48 0.002400
26 0.286588 58 0.002900
27 0.296072 48 0.002400
28 0.305556 59 0.002950
29 0.315040 61 0.003050
30 0.324524 77 0.003850
31 0.334008 91 0.004550
32 0.343492 93 0.004650
33 0.352976 90 0.004500
34 0.362461 87 0.004350
35 0.371945 108 0.005400
36 0.381429 149 0.007450
37 0.390913 181 0.009050
38 0.400397 147 0.007350
39 0.409881 189 0.009450
40 0.419365 245 0.012250
41 0.428849 322 0.016100
42 0.438333 337 0.016850
43 0.447817 359 0.017950
44 0.457302 498 0.024900
45 0.466786 709 0.035450
46 0.476270 780 0.039000
47 0.485754 1347 0.067350
48 0.495238 2359 0.117950
49 0.504722 3231 0.161550
50 0.514206 2037 0.101850
51 0.523690 1262 0.063100
52 0.533174 740 0.037000
53 0.542658 557 0.027850
54 0.552143 410 0.020500
55 0.561627 344 0.017200
56 0.571111 344 0.017200
57 0.580595 267 0.013350
58 0.590079 194 0.009700
59 0.599563 152 0.007600
60 0.609047 140 0.007000
61 0.618531 149 0.007450
62 0.628015 127 0.006350
63 0.637499 112 0.005600
64 0.646984 99 0.004950
65 0.656468 85 0.004250
66 0.665952 68 0.003400
67 0.675436 111 0.005550
68 0.684920 74 0.003700
69 0.694404 49 0.002450
70 0.703888 37 0.001850
71 0.713372 37 0.001850
72 0.722856 52 0.002600
73 0.732340 36 0.001800
74 0.741825 31 0.001550
75 0.751309 32 0.001600
76 0.760793 29 0.001450
77 0.770277 22 0.001100
78 0.779761 20 0.001000
79 0.789245 27 0.001350
80 0.798729 28 0.001400
81 0.808213 35 0.001750
82 0.817697 20 0.001000
83 0.827181 23 0.001150
84 0.836666 18 0.000900
85 0.846150 9 0.000450
86 0.855634 10 0.000500
87 0.865118 19 0.000950
88 0.874602 12 0.000600
89 0.884086 17 0.000850
90 0.893570 15 0.000750
91 0.903054 15 0.000750
92 0.912538 9 0.000450
93 0.922022 5 0.000250
94 0.931507 7 0.000350
95 0.940991 6 0.000300
96 0.950475 4 0.000200
97 0.959959 5 0.000250
98 0.969443 2 0.000100
99 0.978927 1 0.000050
