0 0.075280 9 0.000450
1 0.084674 7 0.000350
2 0.094068 4 0.000200
3 0.103462 4 0.000200
4 0.112856 4 0.000200
5 0.122250 5 0.000250
6 0.131644 8 0.000400
7 0.141038 5 0.000250
8 0.150432 7 0.000350
9 0.159826 2 0.000100
10 0.169220 7 0.000350
11 0.178614 4 0.000200
12 0.188008 2 0.000100
13 0.197401 7 0.000350
14 0.206795 6 0.000300
15 0.216189 3 0.000150
16 0.225583 4 0.000200
17 0.234977 2 0.000100
18 0.244371 9 0.000450
19 0.253765 13 0.000650
20 0.263159 17 0.000850
21 0.272553 49 0.002450
22 0.281947 37 0.001850
23 0.291341 36 0.001800
24 0.300735 31 0.001550
25 0.310129 51 0.002550
26 0.319523 68 0.003400
27 0.328917 246 0.012300
28 0.338311 83 0.004150
29 0.347705 58 0.002900
30 0.357099 22 0.001100
31 0.366493 25 0.001250
32 0.375887 16 0.000800
33 0.385281 23 0.001150
34 0.394675 18 0.000900
35 0.404069 26 0.001300
36 0.413463 28 0.001400
37 0.422857 23 0.001150
38 0.432251 33 0.001650
39 0.441645 25 0.001250
40 0.451039 27 0.001350
41 0.460433 55 0.002750
42 0.469827 35 0.001750
43 0.479221 55 0.002750
44 0.488615 86 0.004300
45 0.498009 85 0.004250
46 0.507403 118 0.005900
47 0.516797 161 0.008050
48 0.526191 157 0.007850
49 0.535585 206 0.010300
50 0.544979 240 0.012000
51 0.554373 296 0.014800
52 0.563767 459 0.022950
53 0.573161 660 0.033000
54 0.582555 1306 0.065300
55 0.591949 2405 0.120250
56 0.601343 2169 0.108450
57 0.610736 1296 0.064800
58 0.620130 951 0.047550
59 0.629524 548 0.027400
60 0.638918 447 0.022350
61 0.648312 337 0.016850
62 0.657706 297 0.014850
63 0.667100 258 0.012900
64 0.676494 210 0.010500
65 0.685888 159 0.007950
66 0.695282 152 0.007600
67 0.704676 146 0.007300
68 0.714070 146 0.007300
69 0.723464 154 0.007700
70 0.732858 158 0.007900
71 0.742252 157 0.007850
72 0.751646 136 0.006800
73 0.761040 136 0.006800
74 0.770434 146 0.007300
75 0.779828 152 0.007600
76 0.789222 180 0.009000
77 0.798616 175 0.008750
78 0.808010 145 0.007250
79 0.817404 149 0.007450
80 0.826798 200 0.010000
81 0.836192 245 0.012250
82 0.845586 246 0.012300
83 0.854980 259 0.012950
84 0.864374 296 0.014800
85 0.873768 419 0.020950
86 0.883162 383 0.019150
87 0.892556 289 0.014450
88 0.901950 220 0.011000
89 0.911344 209 0.010450
90 0.920738 303 0.015150
91 0.930132 326 0.016300
92 0.939526 223 0.011150
93 0.948920 82 0.004100
94 0.958314 61 0.003050
95 0.967708 28 0.001400
96 0.977102 17 0.000850
97 0.986496 8 0.000400
98 0.995890 3 0.000150
99 1.005284 1 0.000050
