0 0.015038 6 0.000300
1 0.024976 11 0.000550
2 0.034913 9 0.000450
3 0.044850 6 0.000300
4 0.054787 3 0.000150
5 0.064725 5 0.000250
6 0.074662 6 0.000300
7 0.084599 2 0.000100
8 0.094536 3 0.000150
9 0.104474 11 0.000550
10 0.114411 1 0.000050
11 0.124348 6 0.000300
12 0.134285 2 0.000100
13 0.144223 3 0.000150
14 0.154160 3 0.000150
15 0.164097 2 0.000100
16 0.174035 6 0.000300
17 0.183972 3 0.000150
18 0.193909 4 0.000200
19 0.203846 1 0.000050
20 0.213784 0 0.000000
21 0.223721 1 0.000050
22 0.233658 2 0.000100
23 0.243595 22 0.001100
24 0.253533 12 0.000600
25 0.263470 26 0.001300
26 0.273407 48 0.002400
27 0.283344 35 0.001750
28 0.293282 24 0.001200
29 0.303219 45 0.002250
30 0.313156 116 0.005800
31 0.323093 125 0.006250
32 0.333031 150 0.007500
33 0.342968 97 0.004850
34 0.352905 23 0.001150
35 0.362842 21 0.001050
36 0.372780 21 0.001050
37 0.382717 18 0.000900
38 0.392654 16 0.000800
39 0.402591 21 0.001050
40 0.412529 39 0.001950
41 0.422466 34 0.001700
42 0.432403 25 0.001250
43 0.442340 33 0.001650
44 0.452278 57 0.002850
45 0.462215 50 0.002500
46 0.472152 50 0.002500
47 0.482089 84 0.004200
48 0.492027 116 0.005800
49 0.501964 123 0.006150
50 0.511901 159 0.007950
51 0.521838 205 0.010250
52 0.531776 197 0.009850
53 0.541713 284 0.014200
54 0.551650 415 0.020750
55 0.561588 490 0.024500
56 0.571525 1039 0.051950
57 0.581462 2091 0.104550
58 0.591399 2736 0.136800
59 0.601337 1498 0.074900
60 0.611274 929 0.046450
61 0.621211 764 0.038200
62 0.631148 496 0.024800
63 0.641086 345 0.017250
64 0.651023 298 0.014900
65 0.660960 251 0.012550
66 0.670897 225 0.011250
67 0.680835 164 0.008200
68 0.690772 156 0.007800
69 0.700709 150 0.007500
70 0.710646 176 0.008800
71 0.720584 153 0.007650
72 0.730521 149 0.007450
73 0.740458 154 0.007700
74 0.750395 148 0.007400
75 0.760333 162 0.008100
76 0.770270 196 0.009800
77 0.780207 182 0.009100
78 0.790144 152 0.007600
79 0.800082 138 0.006900
80 0.810019 164 0.008200
81 0.819956 223 0.011150
82 0.829893 209 0.010450
83 0.839831 228 0.011400
84 0.849768 342 0.017100
85 0.859705 430 0.021500
86 0.869642 347 0.017350
87 0.879580 402 0.020100
88 0.889517 270 0.013500
89 0.899454 240 0.012000
90 0.909392 254 0.012700
91 0.919329 312 0.015600
92 0.929266 244 0.012200
93 0.939203 140 0.007000
94 0.949141 56 0.002800
95 0.959078 45 0.002250
96 0.969015 38 0.001900
97 0.978952 22 0.001100
98 0.988890 4 0.000200
99 0.998827 1 0.000050
