0 0.430980 1 0.000050
1 0.432425 3 0.000150
2 0.433871 3 0.000150
3 0.435317 2 0.000100
4 0.436762 1 0.000050
5 0.438208 0 0.000000
6 0.439654 1 0.000050
7 0.441100 1 0.000050
8 0.442545 5 0.000250
9 0.443991 5 0.000250
10 0.445437 1 0.000050
11 0.446883 6 0.000300
12 0.448328 13 0.000650
13 0.449774 5 0.000250
14 0.451220 5 0.000250
15 0.452665 2 0.000100
16 0.454111 7 0.000350
17 0.455557 15 0.000750
18 0.457003 9 0.000450
19 0.458448 23 0.001150
20 0.459894 14 0.000700
21 0.461340 11 0.000550
22 0.462786 22 0.001100
23 0.464231 15 0.000750
24 0.465677 19 0.000950
25 0.467123 32 0.001600
26 0.468568 26 0.001300
27 0.470014 23 0.001150
28 0.471460 38 0.001900
29 0.472906 39 0.001950
30 0.474351 47 0.002350
31 0.475797 38 0.001900
32 0.477243 43 0.002150
33 0.478689 58 0.002900
34 0.480134 71 0.003550
35 0.481580 94 0.004700
36 0.483026 88 0.004400
37 0.484471 100 0.005000
38 0.485917 111 0.005550
39 0.487363 156 0.007800
40 0.488809 166 0.008300
41 0.490254 231 0.011550
42 0.491700 264 0.013200
43 0.493146 278 0.013900
44 0.494592 272 0.013600
45 0.496037 361 0.018050
46 0.497483 519 0.025950
47 0.498929 544 0.027200
48 0.500374 771 0.038550
49 0.501820 936 0.046800
50 0.503266 1176 0.058800
51 0.504712 1697 0.084850
52 0.506157 1768 0.088400
53 0.507603 1663 0.083150
54 0.509049 1276 0.063800
55 0.510494 1157 0.057850
56 0.511940 1041 0.052050
57 0.513386 882 0.044100
58 0.514832 677 0.033850
59 0.516277 415 0.020750
60 0.517723 410 0.020500
61 0.519169 338 0.016900
62 0.520615 352 0.017600
63 0.522060 239 0.011950
64 0.523506 151 0.007550
65 0.524952 143 0.007150
66 0.526397 137 0.006850
67 0.527843 111 0.005550
68 0.529289 109 0.005450
69 0.530735 102 0.005100
70 0.532180 82 0.004100
71 0.533626 63 0.003150
72 0.535072 55 0.002750
73 0.536518 60 0.003000
74 0.537963 53 0.002650
75 0.539409 42 0.002100
76 0.540855 36 0.001800
77 0.542300 36 0.001800
78 0.543746 30 0.001500
79 0.545192 35 0.001750
80 0.546638 25 0.001250
81 0.548083 24 0.001200
82 0.549529 14 0.000700
83 0.550975 15 0.000750
84 0.552421 16 0.000800
85 0.553866 7 0.000350
86 0.555312 10 0.000500
87 0.556758 12 0.000600
88 0.558203 8 0.000400
89 0.559649 6 0.000300
90 0.561095 2 0.000100
91 0.562541 8 0.000400
92 0.563986 4 0.000200
93 0.565432 3 0.000150
94 0.566878 1 0.000050
95 0.568324 6 0.000300
96 0.569769 6 0.000300
97 0.571215 0 0.000000
98 0.572661 1 0.000050
99 0.574106 1 0.000050
