0 0.000000 48591 0.809850
1 0.002511 3822 0.063700
2 0.005022 2413 0.040217
3 0.007533 1320 0.022000
4 0.010044 826 0.013767
5 0.012555 675 0.011250
6 0.015066 566 0.009433
7 0.017577 418 0.006967
8 0.020088 262 0.004367
9 0.022599 212 0.003533
10 0.025110 249 0.004150
11 0.027621 170 0.002833
12 0.030132 91 0.001517
13 0.032643 67 0.001117
14 0.035154 55 0.000917
15 0.037665 41 0.000683
16 0.040176 24 0.000400
17 0.042687 19 0.000317
18 0.045198 23 0.000383
19 0.047709 22 0.000367
20 0.050220 9 0.000150
21 0.052731 11 0.000183
22 0.055242 3 0.000050
23 0.057753 3 0.000050
24 0.060264 8 0.000133
25 0.062775 0 0.000000
26 0.065286 5 0.000083
27 0.067797 7 0.000117
28 0.070308 3 0.000050
29 0.072819 9 0.000150
30 0.075330 6 0.000100
31 0.077841 4 0.000067
32 0.080352 3 0.000050
33 0.082863 9 0.000150
34 0.085374 5 0.000083
35 0.087885 4 0.000067
36 0.090396 7 0.000117
37 0.092907 4 0.000067
38 0.095418 6 0.000100
39 0.097929 1 0.000017
40 0.100440 1 0.000017
41 0.102951 2 0.000033
42 0.105462 1 0.000017
43 0.107973 0 0.000000
44 0.110484 0 0.000000
45 0.112995 0 0.000000
46 0.115506 0 0.000000
47 0.118017 0 0.000000
48 0.120528 0 0.000000
49 0.123039 0 0.000000
50 0.125550 0 0.000000
51 0.128061 0 0.000000
52 0.130572 0 0.000000
53 0.133083 0 0.000000
54 0.135594 0 0.000000
55 0.138105 0 0.000000
56 0.140616 0 0.000000
57 0.143127 0 0.000000
58 0.145638 0 0.000000
59 0.148149 0 0.000000
60 0.150660 0 0.000000
61 0.153171 0 0.000000
62 0.155682 1 0.000017
63 0.158193 0 0.000000
64 0.160704 0 0.000000
65 0.163215 0 0.000000
66 0.165726 0 0.000000
67 0.168237 0 0.000000
68 0.170748 0 0.000000
69 0.173259 0 0.000000
70 0.175770 1 0.000017
71 0.178281 0 0.000000
72 0.180792 3 0.000050
73 0.183303 4 0.000067
74 0.185814 2 0.000033
75 0.188325 1 0.000017
76 0.190836 0 0.000000
77 0.193347 0 0.000000
78 0.195858 3 0.000050
79 0.198369 1 0.000017
80 0.200880 0 0.000000
81 0.203391 1 0.000017
82 0.205902 0 0.000000
83 0.208413 0 0.000000
84 0.210924 0 0.000000
85 0.213435 0 0.000000
86 0.215946 2 0.000033
87 0.218457 1 0.000017
88 0.220968 0 0.000000
89 0.223479 0 0.000000
90 0.225990 0 0.000000
91 0.228501 0 0.000000
92 0.231012 0 0.000000
93 0.233523 1 0.000017
94 0.236034 0 0.000000
95 0.238545 0 0.000000
96 0.241056 0 0.000000
97 0.243567 0 0.000000
98 0.246078 2 0.000033
99 0.248589 0 0.000000
