0 -0.421043 1 0.000050
1 -0.413482 0 0.000000
2 -0.405921 0 0.000000
3 -0.398359 0 0.000000
4 -0.390798 0 0.000000
5 -0.383237 0 0.000000
6 -0.375675 0 0.000000
7 -0.368114 0 0.000000
8 -0.360553 0 0.000000
9 -0.352991 0 0.000000
10 -0.345430 0 0.000000
11 -0.337869 0 0.000000
12 -0.330307 0 0.000000
13 -0.322746 3 0.000150
14 -0.315185 2 0.000100
15 -0.307623 1 0.000050
16 -0.300062 1 0.000050
17 -0.292501 2 0.000100
18 -0.284939 2 0.000100
19 -0.277378 6 0.000300
20 -0.269817 1 0.000050
21 -0.262255 2 0.000100
22 -0.254694 0 0.000000
23 -0.247133 0 0.000000
24 -0.239571 1 0.000050
25 -0.232010 6 0.000300
26 -0.224449 8 0.000400
27 -0.216887 12 0.000600
28 -0.209326 4 0.000200
29 -0.201765 13 0.000650
30 -0.194203 27 0.001350
31 -0.186642 43 0.002150
32 -0.179081 66 0.003300
33 -0.171519 76 0.003800
34 -0.163958 68 0.003400
35 -0.156397 87 0.004350
36 -0.148835 140 0.007000
37 -0.141274 217 0.010850
38 -0.133713 197 0.009850
39 -0.126151 149 0.007450
40 -0.118590 121 0.006050
41 -0.111029 150 0.007500
42 -0.103467 191 0.009550
43 -0.095906 373 0.018650
44 -0.088345 502 0.025100
45 -0.080783 608 0.030400
46 -0.073222 525 0.026250
47 -0.065661 326 0.016300
48 -0.058099 391 0.019550
49 -0.050538 467 0.023350
50 -0.042976 704 0.035200
51 -0.035415 644 0.032200
52 -0.027854 806 0.040300
53 -0.020292 1032 0.051600
54 -0.012731 3254 0.162700
55 -0.005170 926 0.046300
56 0.002392 790 0.039500
57 0.009953 711 0.035550
58 0.017514 830 0.041500
59 0.025076 828 0.041400
60 0.032637 517 0.025850
61 0.040198 363 0.018150
62 0.047760 356 0.017800
63 0.055321 529 0.026450
64 0.062882 505 0.025250
65 0.070444 359 0.017950
66 0.078005 214 0.010700
67 0.085566 183 0.009150
68 0.093128 168 0.008400
69 0.100689 223 0.011150
70 0.108250 285 0.014250
71 0.115812 250 0.012500
72 0.123373 192 0.009600
73 0.130934 115 0.005750
74 0.138496 44 0.002200
75 0.146057 49 0.002450
76 0.153618 113 0.005650
77 0.161180 92 0.004600
78 0.168741 45 0.002250
79 0.176302 11 0.000550
80 0.183864 16 0.000800
81 0.191425 12 0.000600
82 0.198986 6 0.000300
83 0.206548 10 0.000500
84 0.214109 5 0.000250
85 0.221670 1 0.000050
86 0.229232 2 0.000100
87 0.236793 1 0.000050
88 0.244354 1 0.000050
89 0.251916 0 0.000000
90 0.259477 5 0.000250
91 0.267038 1 0.000050
92 0.274600 2 0.000100
93 0.282161 1 0.000050
94 0.289722 2 0.000100
95 0.297284 2 0.000100
96 0.304845 4 0.000200
97 0.312406 0 0.000000
98 0.319968 1 0.000050
99 0.327529 1 0.000050
