0 -0.421043 1 0.000017
1 -0.411754 0 0.000000
2 -0.402465 0 0.000000
3 -0.393176 0 0.000000
4 -0.383887 0 0.000000
5 -0.374597 0 0.000000
6 -0.365308 0 0.000000
7 -0.356019 0 0.000000
8 -0.346730 0 0.000000
9 -0.337441 0 0.000000
10 -0.328151 2 0.000033
11 -0.318862 5 0.000083
12 -0.309573 1 0.000017
13 -0.300284 5 0.000083
14 -0.290995 7 0.000117
15 -0.281705 10 0.000167
16 -0.272416 5 0.000083
17 -0.263127 7 0.000117
18 -0.253838 8 0.000133
19 -0.244549 2 0.000033
20 -0.235259 8 0.000133
21 -0.225970 19 0.000317
22 -0.216681 16 0.000267
23 -0.207392 25 0.000417
24 -0.198103 46 0.000767
25 -0.188813 59 0.000983
26 -0.179524 99 0.001650
27 -0.170235 156 0.002600
28 -0.160946 118 0.001967
29 -0.151657 197 0.003283
30 -0.142367 290 0.004833
31 -0.133078 280 0.004667
32 -0.123789 228 0.003800
33 -0.114500 257 0.004283
34 -0.105211 387 0.006450
35 -0.095922 696 0.011600
36 -0.086632 894 0.014900
37 -0.077343 984 0.016400
38 -0.068054 848 0.014133
39 -0.058765 862 0.014367
40 -0.049476 1198 0.019967
41 -0.040186 1969 0.032817
42 -0.030897 3347 0.055783
43 -0.021608 7452 0.124200
44 -0.012319 18668 0.311133
45 -0.003030 7739 0.128983
46 0.006260 3096 0.051600
47 0.015549 1989 0.033150
48 0.024838 1610 0.026833
49 0.034127 964 0.016067
50 0.043416 701 0.011683
51 0.052706 857 0.014283
52 0.061995 847 0.014117
53 0.071284 539 0.008983
54 0.080573 353 0.005883
55 0.089862 301 0.005017
56 0.099152 317 0.005283
57 0.108441 398 0.006633
58 0.117730 301 0.005017
59 0.127019 217 0.003617
60 0.136308 88 0.001467
61 0.145598 84 0.001400
62 0.154887 144 0.002400
63 0.164176 114 0.001900
64 0.173465 23 0.000383
65 0.182754 32 0.000533
66 0.192044 19 0.000317
67 0.201333 20 0.000333
68 0.210622 15 0.000250
69 0.219911 7 0.000117
70 0.229200 8 0.000133
71 0.238489 4 0.000067
72 0.247779 0 0.000000
73 0.257068 5 0.000083
74 0.266357 3 0.000050
75 0.275646 3 0.000050
76 0.284935 6 0.000100
77 0.294225 9 0.000150
78 0.303514 7 0.000117
79 0.312803 1 0.000017
80 0.322092 1 0.000017
81 0.331381 0 0.000000
82 0.340671 0 0.000000
83 0.349960 0 0.000000
84 0.359249 0 0.000000
85 0.368538 0 0.000000
86 0.377827 0 0.000000
87 0.387117 0 0.000000
88 0.396406 1 0.000017
89 0.405695 0 0.000000
90 0.414984 0 0.000000
91 0.424273 9 0.000150
92 0.433563 1 0.000017
93 0.442852 4 0.000067
94 0.452141 1 0.000017
95 0.461430 3 0.000050
96 0.470719 0 0.000000
97 0.480009 1 0.000017
98 0.489298 2 0.000033
99 0.498587 0 0.000000
