0 -0.311830 2 0.000100
1 -0.303644 0 0.000000
2 -0.295458 6 0.000300
3 -0.287272 5 0.000250
4 -0.279086 3 0.000150
5 -0.270900 1 0.000050
6 -0.262713 5 0.000250
7 -0.254527 2 0.000100
8 -0.246341 2 0.000100
9 -0.238155 0 0.000000
10 -0.229969 2 0.000100
11 -0.221783 6 0.000300
12 -0.213597 0 0.000000
13 -0.205411 13 0.000650
14 -0.197225 11 0.000550
15 -0.189039 5 0.000250
16 -0.180853 6 0.000300
17 -0.172667 22 0.001100
18 -0.164481 32 0.001600
19 -0.156295 17 0.000850
20 -0.148109 20 0.001000
21 -0.139923 19 0.000950
22 -0.131737 18 0.000900
23 -0.123551 34 0.001700
24 -0.115365 40 0.002000
25 -0.107179 53 0.002650
26 -0.098993 148 0.007400
27 -0.090807 114 0.005700
28 -0.082621 125 0.006250
29 -0.074435 207 0.010350
30 -0.066249 235 0.011750
31 -0.058063 210 0.010500
32 -0.049877 285 0.014250
33 -0.041691 510 0.025500
34 -0.033505 995 0.049750
35 -0.025319 2062 0.103100
36 -0.017133 5623 0.281150
37 -0.008947 5192 0.259600
38 -0.000761 1500 0.075000
39 0.007425 730 0.036500
40 0.015611 397 0.019850
41 0.023797 301 0.015050
42 0.031983 229 0.011450
43 0.040169 135 0.006750
44 0.048355 117 0.005850
45 0.056541 128 0.006400
46 0.064727 91 0.004550
47 0.072913 65 0.003250
48 0.081100 53 0.002650
49 0.089286 32 0.001600
50 0.097472 28 0.001400
51 0.105658 19 0.000950
52 0.113844 10 0.000500
53 0.122030 9 0.000450
54 0.130216 17 0.000850
55 0.138402 10 0.000500
56 0.146588 7 0.000350
57 0.154774 8 0.000400
58 0.162960 13 0.000650
59 0.171146 3 0.000150
60 0.179332 6 0.000300
61 0.187518 5 0.000250
62 0.195704 4 0.000200
63 0.203890 3 0.000150
64 0.212076 2 0.000100
65 0.220262 4 0.000200
66 0.228448 6 0.000300
67 0.236634 0 0.000000
68 0.244820 0 0.000000
69 0.253006 0 0.000000
70 0.261192 1 0.000050
71 0.269378 2 0.000100
72 0.277564 1 0.000050
73 0.285750 2 0.000100
74 0.293936 7 0.000350
75 0.302122 3 0.000150
76 0.310308 0 0.000000
77 0.318494 0 0.000000
78 0.326680 0 0.000000
79 0.334866 0 0.000000
80 0.343052 0 0.000000
81 0.351238 0 0.000000
82 0.359424 0 0.000000
83 0.367610 0 0.000000
84 0.375796 0 0.000000
85 0.383982 0 0.000000
86 0.392168 1 0.000050
87 0.400354 0 0.000000
88 0.408541 0 0.000000
89 0.416727 0 0.000000
90 0.424913 9 0.000450
91 0.433099 1 0.000050
92 0.441285 4 0.000200
93 0.449471 1 0.000050
94 0.457657 1 0.000050
95 0.465843 2 0.000100
96 0.474029 0 0.000000
97 0.482215 1 0.000050
98 0.490401 1 0.000050
99 0.498587 1 0.000050
