0 -0.249720 5 0.000250
1 -0.244718 0 0.000000
2 -0.239717 1 0.000050
3 -0.234715 1 0.000050
4 -0.229714 1 0.000050
5 -0.224712 2 0.000100
6 -0.219710 1 0.000050
7 -0.214709 2 0.000100
8 -0.209707 1 0.000050
9 -0.204706 5 0.000250
10 -0.199704 1 0.000050
11 -0.194702 5 0.000250
12 -0.189701 2 0.000100
13 -0.184699 4 0.000200
14 -0.179697 7 0.000350
15 -0.174696 3 0.000150
16 -0.169694 7 0.000350
17 -0.164693 12 0.000600
18 -0.159691 7 0.000350
19 -0.154689 8 0.000400
20 -0.149688 8 0.000400
21 -0.144686 8 0.000400
22 -0.139685 13 0.000650
23 -0.134683 10 0.000500
24 -0.129681 12 0.000600
25 -0.124680 19 0.000950
26 -0.119678 15 0.000750
27 -0.114677 25 0.001250
28 -0.109675 21 0.001050
29 -0.104673 33 0.001650
30 -0.099672 33 0.001650
31 -0.094670 33 0.001650
32 -0.089668 51 0.002550
33 -0.084667 40 0.002000
34 -0.079665 46 0.002300
35 -0.074664 48 0.002400
36 -0.069662 57 0.002850
37 -0.064660 60 0.003000
38 -0.059659 74 0.003700
39 -0.054657 89 0.004450
40 -0.049656 97 0.004850
41 -0.044654 152 0.007600
42 -0.039652 191 0.009550
43 -0.034651 333 0.016650
44 -0.029649 426 0.021300
45 -0.024648 711 0.035550
46 -0.019646 1154 0.057700
47 -0.014644 2219 0.110950
48 -0.009643 4520 0.226000
49 -0.004641 4498 0.224900
50 0.000360 1721 0.086050
51 0.005362 904 0.045200
52 0.010364 542 0.027100
53 0.015365 351 0.017550
54 0.020367 245 0.012250
55 0.025369 204 0.010200
56 0.030370 121 0.006050
57 0.035372 105 0.005250
58 0.040373 88 0.004400
59 0.045375 70 0.003500
60 0.050377 77 0.003850
61 0.055378 77 0.003850
62 0.060380 51 0.002550
63 0.065381 56 0.002800
64 0.070383 39 0.001950
65 0.075385 36 0.001800
66 0.080386 37 0.001850
67 0.085388 25 0.001250
68 0.090389 26 0.001300
69 0.095391 18 0.000900
70 0.100393 15 0.000750
71 0.105394 19 0.000950
72 0.110396 16 0.000800
73 0.115398 10 0.000500
74 0.120399 8 0.000400
75 0.125401 8 0.000400
76 0.130402 9 0.000450
77 0.135404 7 0.000350
78 0.140406 2 0.000100
79 0.145407 3 0.000150
80 0.150409 3 0.000150
81 0.155410 0 0.000000
82 0.160412 4 0.000200
83 0.165414 6 0.000300
84 0.170415 1 0.000050
85 0.175417 3 0.000150
86 0.180418 3 0.000150
87 0.185420 4 0.000200
88 0.190422 4 0.000200
89 0.195423 1 0.000050
90 0.200425 1 0.000050
91 0.205427 0 0.000000
92 0.210428 2 0.000100
93 0.215430 3 0.000150
94 0.220431 2 0.000100
95 0.225433 0 0.000000
96 0.230435 0 0.000000
97 0.235436 1 0.000050
98 0.240438 0 0.000000
99 0.245439 1 0.000050
