0 0.013499 6 0.000300
1 0.023226 2 0.000100
2 0.032953 6 0.000300
3 0.042679 4 0.000200
4 0.052406 12 0.000600
5 0.062133 7 0.000350
6 0.071860 12 0.000600
7 0.081586 9 0.000450
8 0.091313 11 0.000550
9 0.101040 9 0.000450
10 0.110767 13 0.000650
11 0.120493 8 0.000400
12 0.130220 9 0.000450
13 0.139947 10 0.000500
14 0.149674 12 0.000600
15 0.159400 16 0.000800
16 0.169127 11 0.000550
17 0.178854 19 0.000950
18 0.188580 18 0.000900
19 0.198307 17 0.000850
20 0.208034 27 0.001350
21 0.217761 30 0.001500
22 0.227487 28 0.001400
23 0.237214 26 0.001300
24 0.246941 31 0.001550
25 0.256668 46 0.002300
26 0.266394 38 0.001900
27 0.276121 46 0.002300
28 0.285848 70 0.003500
29 0.295574 59 0.002950
30 0.305301 61 0.003050
31 0.315028 78 0.003900
32 0.324755 89 0.004450
33 0.334481 94 0.004700
34 0.344208 85 0.004250
35 0.353935 90 0.004500
36 0.363662 133 0.006650
37 0.373388 119 0.005950
38 0.383115 171 0.008550
39 0.392842 170 0.008500
40 0.402569 208 0.010400
41 0.412295 248 0.012400
42 0.422022 289 0.014450
43 0.431749 341 0.017050
44 0.441475 386 0.019300
45 0.451202 558 0.027900
46 0.460929 671 0.033550
47 0.470656 1002 0.050100
48 0.480382 1570 0.078500
49 0.490109 3028 0.151400
50 0.499836 2976 0.148800
51 0.509563 1634 0.081700
52 0.519289 1021 0.051050
53 0.529016 703 0.035150
54 0.538743 534 0.026700
55 0.548470 388 0.019400
56 0.558196 358 0.017900
57 0.567923 363 0.018150
58 0.577650 269 0.013450
59 0.587376 174 0.008700
60 0.597103 146 0.007300
61 0.606830 124 0.006200
62 0.616557 147 0.007350
63 0.626283 104 0.005200
64 0.636010 92 0.004600
65 0.645737 106 0.005300
66 0.655464 90 0.004500
67 0.665190 76 0.003800
68 0.674917 96 0.004800
69 0.684644 58 0.002900
70 0.694371 50 0.002500
71 0.704097 48 0.002400
72 0.713824 39 0.001950
73 0.723551 31 0.001550
74 0.733277 31 0.001550
75 0.743004 33 0.001650
76 0.752731 33 0.001650
77 0.762458 28 0.001400
78 0.772184 33 0.001650
79 0.781911 24 0.001200
80 0.791638 15 0.000750
81 0.801365 18 0.000900
82 0.811091 10 0.000500
83 0.820818 18 0.000900
84 0.830545 14 0.000700
85 0.840271 13 0.000650
86 0.849998 11 0.000550
87 0.859725 12 0.000600
88 0.869452 6 0.000300
89 0.879178 7 0.000350
90 0.888905 6 0.000300
91 0.898632 12 0.000600
92 0.908359 14 0.000700
93 0.918085 10 0.000500
94 0.927812 10 0.000500
95 0.937539 2 0.000100
96 0.947266 5 0.000250
97 0.956992 0 0.000000
98 0.966719 4 0.000200
99 0.976446 1 0.000050
