0 0.074735 1 0.000050
1 0.083366 0 0.000000
2 0.091998 1 0.000050
3 0.100630 0 0.000000
4 0.109261 3 0.000150
5 0.117893 6 0.000300
6 0.126524 4 0.000200
7 0.135156 7 0.000350
8 0.143787 0 0.000000
9 0.152419 36 0.001800
10 0.161051 38 0.001900
11 0.169682 19 0.000950
12 0.178314 14 0.000700
13 0.186945 0 0.000000
14 0.195577 9 0.000450
15 0.204208 5 0.000250
16 0.212840 6 0.000300
17 0.221472 0 0.000000
18 0.230103 93 0.004650
19 0.238735 44 0.002200
20 0.247366 16 0.000800
21 0.255998 12 0.000600
22 0.264629 18 0.000900
23 0.273261 30 0.001500
24 0.281892 42 0.002100
25 0.290524 165 0.008250
26 0.299156 13 0.000650
27 0.307787 21 0.001050
28 0.316419 98 0.004900
29 0.325050 112 0.005600
30 0.333682 124 0.006200
31 0.342313 38 0.001900
32 0.350945 110 0.005500
33 0.359577 35 0.001750
34 0.368208 78 0.003900
35 0.376840 137 0.006850
36 0.385471 178 0.008900
37 0.394103 51 0.002550
38 0.402734 290 0.014500
39 0.411366 170 0.008500
40 0.419998 138 0.006900
41 0.428629 376 0.018800
42 0.437261 178 0.008900
43 0.445892 433 0.021650
44 0.454524 533 0.026650
45 0.463155 379 0.018950
46 0.471787 671 0.033550
47 0.480419 1212 0.060600
48 0.489050 1433 0.071650
49 0.497682 3237 0.161850
50 0.506313 2429 0.121450
51 0.514945 1442 0.072100
52 0.523576 1056 0.052800
53 0.532208 644 0.032200
54 0.540839 573 0.028650
55 0.549471 300 0.015000
56 0.558103 279 0.013950
57 0.566734 360 0.018000
58 0.575366 210 0.010500
59 0.583997 198 0.009900
60 0.592629 173 0.008650
61 0.601260 113 0.005650
62 0.609892 143 0.007150
63 0.618524 71 0.003550
64 0.627155 37 0.001850
65 0.635787 116 0.005800
66 0.644418 30 0.001500
67 0.653050 201 0.010050
68 0.661681 256 0.012800
69 0.670313 77 0.003850
70 0.678945 189 0.009450
71 0.687576 79 0.003950
72 0.696208 12 0.000600
73 0.704839 2 0.000100
74 0.713471 9 0.000450
75 0.722102 1 0.000050
76 0.730734 108 0.005400
77 0.739366 6 0.000300
78 0.747997 33 0.001650
79 0.756629 0 0.000000
80 0.765260 23 0.001150
81 0.773892 0 0.000000
82 0.782523 82 0.004100
83 0.791155 1 0.000050
84 0.799786 1 0.000050
85 0.808418 6 0.000300
86 0.817050 8 0.000400
87 0.825681 13 0.000650
88 0.834313 59 0.002950
89 0.842944 13 0.000650
90 0.851576 4 0.000200
91 0.860207 0 0.000000
92 0.868839 0 0.000000
93 0.877471 10 0.000500
94 0.886102 4 0.000200
95 0.894734 0 0.000000
96 0.903365 0 0.000000
97 0.911997 0 0.000000
98 0.920628 14 0.000700
99 0.929260 1 0.000050
