0 0.184258 70 0.003500
1 0.192655 0 0.000000
2 0.201052 0 0.000000
3 0.209449 0 0.000000
4 0.217846 0 0.000000
5 0.226243 4 0.000200
6 0.234640 18 0.000900
7 0.243037 5 0.000250
8 0.251434 12 0.000600
9 0.259831 22 0.001100
10 0.268228 10 0.000500
11 0.276625 10 0.000500
12 0.285022 30 0.001500
13 0.293419 16 0.000800
14 0.301816 10 0.000500
15 0.310213 15 0.000750
16 0.318610 19 0.000950
17 0.327007 38 0.001900
18 0.335404 313 0.015650
19 0.343801 21 0.001050
20 0.352198 13 0.000650
21 0.360595 42 0.002100
22 0.368992 123 0.006150
23 0.377389 16 0.000800
24 0.385786 0 0.000000
25 0.394183 4 0.000200
26 0.402580 0 0.000000
27 0.410977 17 0.000850
28 0.419374 8 0.000400
29 0.427771 152 0.007600
30 0.436168 0 0.000000
31 0.444565 0 0.000000
32 0.452962 11 0.000550
33 0.461359 19 0.000950
34 0.469756 54 0.002700
35 0.478153 44 0.002200
36 0.486550 18 0.000900
37 0.494947 52 0.002600
38 0.503345 172 0.008600
39 0.511742 73 0.003650
40 0.520139 227 0.011350
41 0.528536 207 0.010350
42 0.536933 140 0.007000
43 0.545330 340 0.017000
44 0.553727 214 0.010700
45 0.562124 163 0.008150
46 0.570521 331 0.016550
47 0.578918 761 0.038050
48 0.587315 1349 0.067450
49 0.595712 2030 0.101500
50 0.604109 2388 0.119400
51 0.612506 971 0.048550
52 0.620903 890 0.044500
53 0.629300 479 0.023950
54 0.637697 476 0.023800
55 0.646094 528 0.026400
56 0.654491 229 0.011450
57 0.662888 182 0.009100
58 0.671285 258 0.012900
59 0.679682 171 0.008550
60 0.688079 152 0.007600
61 0.696476 248 0.012400
62 0.704873 57 0.002850
63 0.713270 91 0.004550
64 0.721667 47 0.002350
65 0.730064 94 0.004700
66 0.738461 48 0.002400
67 0.746858 140 0.007000
68 0.755255 191 0.009550
69 0.763652 453 0.022650
70 0.772049 143 0.007150
71 0.780446 165 0.008250
72 0.788843 284 0.014200
73 0.797240 328 0.016400
74 0.805637 43 0.002150
75 0.814034 114 0.005700
76 0.822431 119 0.005950
77 0.830828 84 0.004200
78 0.839226 162 0.008100
79 0.847623 248 0.012400
80 0.856020 211 0.010550
81 0.864417 205 0.010250
82 0.872814 244 0.012200
83 0.881211 391 0.019550
84 0.889608 284 0.014200
85 0.898005 215 0.010750
86 0.906402 186 0.009300
87 0.914799 180 0.009000
88 0.923196 337 0.016850
89 0.931593 161 0.008050
90 0.939990 241 0.012050
91 0.948387 140 0.007000
92 0.956784 86 0.004300
93 0.965181 58 0.002900
94 0.973578 4 0.000200
95 0.981975 44 0.002200
96 0.990372 30 0.001500
97 0.998769 0 0.000000
98 1.007166 5 0.000250
99 1.015563 2 0.000100
