0 0.016425 4 0.000200
1 0.026355 6 0.000300
2 0.036284 4 0.000200
3 0.046214 4 0.000200
4 0.056144 3 0.000150
5 0.066074 0 0.000000
6 0.076003 4 0.000200
7 0.085933 7 0.000350
8 0.095863 3 0.000150
9 0.105792 8 0.000400
10 0.115722 4 0.000200
11 0.125652 4 0.000200
12 0.135582 8 0.000400
13 0.145511 3 0.000150
14 0.155441 3 0.000150
15 0.165371 4 0.000200
16 0.175300 6 0.000300
17 0.185230 2 0.000100
18 0.195160 3 0.000150
19 0.205090 2 0.000100
20 0.215019 2 0.000100
21 0.224949 2 0.000100
22 0.234879 3 0.000150
23 0.244808 31 0.001550
24 0.254738 21 0.001050
25 0.264668 27 0.001350
26 0.274598 39 0.001950
27 0.284527 37 0.001850
28 0.294457 26 0.001300
29 0.304387 77 0.003850
30 0.314316 108 0.005400
31 0.324246 129 0.006450
32 0.334176 151 0.007550
33 0.344106 101 0.005050
34 0.354035 18 0.000900
35 0.363965 12 0.000600
36 0.373895 17 0.000850
37 0.383824 14 0.000700
38 0.393754 10 0.000500
39 0.403684 21 0.001050
40 0.413614 30 0.001500
41 0.423543 29 0.001450
42 0.433473 24 0.001200
43 0.443403 60 0.003000
44 0.453332 65 0.003250
45 0.463262 57 0.002850
46 0.473192 66 0.003300
47 0.483122 102 0.005100
48 0.493051 131 0.006550
49 0.502981 117 0.005850
50 0.512911 168 0.008400
51 0.522840 170 0.008500
52 0.532770 211 0.010550
53 0.542700 278 0.013900
54 0.552630 415 0.020750
55 0.562559 550 0.027500
56 0.572489 1138 0.056900
57 0.582419 2175 0.108750
58 0.592348 2654 0.132700
59 0.602278 1375 0.068750
60 0.612208 884 0.044200
61 0.622138 725 0.036250
62 0.632067 466 0.023300
63 0.641997 334 0.016700
64 0.651927 265 0.013250
65 0.661856 229 0.011450
66 0.671786 230 0.011500
67 0.681716 194 0.009700
68 0.691646 176 0.008800
69 0.701575 142 0.007100
70 0.711505 160 0.008000
71 0.721435 143 0.007150
72 0.731364 153 0.007650
73 0.741294 161 0.008050
74 0.751224 152 0.007600
75 0.761154 159 0.007950
76 0.771083 204 0.010200
77 0.781013 174 0.008700
78 0.790943 162 0.008100
79 0.800872 130 0.006500
80 0.810802 162 0.008100
81 0.820732 230 0.011500
82 0.830662 204 0.010200
83 0.840591 249 0.012450
84 0.850521 303 0.015150
85 0.860451 456 0.022800
86 0.870380 361 0.018050
87 0.880310 406 0.020300
88 0.890240 247 0.012350
89 0.900170 278 0.013900
90 0.910099 266 0.013300
91 0.920029 304 0.015200
92 0.929959 220 0.011000
93 0.939888 166 0.008300
94 0.949818 51 0.002550
95 0.959748 36 0.001800
96 0.969678 44 0.002200
97 0.979607 22 0.001100
98 0.989537 8 0.000400
99 0.999467 1 0.000050
