0 0.074735 1 0.000017
1 0.084238 0 0.000000
2 0.093742 1 0.000017
3 0.103245 0 0.000000
4 0.112748 3 0.000050
5 0.122251 10 0.000167
6 0.131755 0 0.000000
7 0.141258 7 0.000117
8 0.150761 5 0.000083
9 0.160265 69 0.001150
10 0.169768 19 0.000317
11 0.179271 84 0.001400
12 0.188775 0 0.000000
13 0.198278 13 0.000217
14 0.207781 7 0.000117
15 0.217285 0 0.000000
16 0.226788 97 0.001617
17 0.236291 65 0.001083
18 0.245795 7 0.000117
19 0.255298 48 0.000800
20 0.264801 31 0.000517
21 0.274305 58 0.000967
22 0.283808 80 0.001333
23 0.293311 161 0.002683
24 0.302814 44 0.000733
25 0.312318 115 0.001917
26 0.321821 145 0.002417
27 0.331324 429 0.007150
28 0.340828 82 0.001367
29 0.350331 130 0.002167
30 0.359834 77 0.001283
31 0.369338 237 0.003950
32 0.378841 226 0.003767
33 0.388344 101 0.001683
34 0.397848 244 0.004067
35 0.407351 146 0.002433
36 0.416854 234 0.003900
37 0.426358 470 0.007833
38 0.435861 265 0.004417
39 0.445364 453 0.007550
40 0.454867 689 0.011483
41 0.464371 609 0.010150
42 0.473874 1362 0.022700
43 0.483377 2063 0.034383
44 0.492881 5510 0.091833
45 0.502384 12430 0.207167
46 0.511887 6576 0.109600
47 0.521391 2929 0.048817
48 0.530894 1562 0.026033
49 0.540397 836 0.013933
50 0.549901 752 0.012533
51 0.559404 633 0.010550
52 0.568907 765 0.012750
53 0.578411 1007 0.016783
54 0.587914 1789 0.029817
55 0.597417 2679 0.044650
56 0.606920 2121 0.035350
57 0.616424 1273 0.021217
58 0.625927 758 0.012633
59 0.635430 607 0.010117
60 0.644934 616 0.010267
61 0.654437 541 0.009017
62 0.663940 340 0.005667
63 0.673444 536 0.008933
64 0.682947 269 0.004483
65 0.692450 215 0.003583
66 0.701954 179 0.002983
67 0.711457 116 0.001933
68 0.720960 48 0.000800
69 0.730464 208 0.003467
70 0.739967 82 0.001367
71 0.749470 264 0.004400
72 0.758973 363 0.006050
73 0.768477 288 0.004800
74 0.777980 262 0.004367
75 0.787483 304 0.005067
76 0.796987 329 0.005483
77 0.806490 63 0.001050
78 0.815993 150 0.002500
79 0.825497 172 0.002867
80 0.835000 131 0.002183
81 0.844503 229 0.003817
82 0.854007 328 0.005467
83 0.863510 216 0.003600
84 0.873013 319 0.005317
85 0.882517 429 0.007150
86 0.892020 297 0.004950
87 0.901523 212 0.003533
88 0.911027 224 0.003733
89 0.920530 321 0.005350
90 0.930033 200 0.003333
91 0.939536 296 0.004933
92 0.949040 181 0.003017
93 0.958543 38 0.000633
94 0.968046 39 0.000650
95 0.977550 25 0.000417
96 0.987053 49 0.000817
97 0.996556 0 0.000000
98 1.006060 5 0.000083
99 1.015563 2 0.000033
