0 0.013499 9 0.000150
1 0.023459 7 0.000117
2 0.033418 11 0.000183
3 0.043377 10 0.000167
4 0.053336 15 0.000250
5 0.063296 7 0.000117
6 0.073255 16 0.000267
7 0.083214 15 0.000250
8 0.093173 18 0.000300
9 0.103133 16 0.000267
10 0.113092 17 0.000283
11 0.123051 12 0.000200
12 0.133010 13 0.000217
13 0.142970 16 0.000267
14 0.152929 24 0.000400
15 0.162888 13 0.000217
16 0.172848 19 0.000317
17 0.182807 24 0.000400
18 0.192766 22 0.000367
19 0.202725 27 0.000450
20 0.212685 39 0.000650
21 0.222644 41 0.000683
22 0.232603 29 0.000483
23 0.242562 49 0.000817
24 0.252522 65 0.001083
25 0.262481 76 0.001267
26 0.272440 77 0.001283
27 0.282399 105 0.001750
28 0.292359 96 0.001600
29 0.302318 137 0.002283
30 0.312277 251 0.004183
31 0.322237 306 0.005100
32 0.332196 332 0.005533
33 0.342155 237 0.003950
34 0.352114 296 0.004933
35 0.362074 312 0.005200
36 0.372033 449 0.007483
37 0.381992 386 0.006433
38 0.391951 364 0.006067
39 0.401911 493 0.008217
40 0.411870 680 0.011333
41 0.421829 1279 0.021317
42 0.431789 1080 0.018000
43 0.441748 855 0.014250
44 0.451707 1198 0.019967
45 0.461666 1503 0.025050
46 0.471626 1988 0.033133
47 0.481585 2560 0.042667
48 0.491544 4320 0.072000
49 0.501503 7382 0.123033
50 0.511463 2478 0.041300
51 0.521422 2184 0.036400
52 0.531381 1871 0.031183
53 0.541340 1346 0.022433
54 0.551300 1367 0.022783
55 0.561259 1397 0.023283
56 0.571218 2080 0.034667
57 0.581178 2672 0.044533
58 0.591137 3183 0.053050
59 0.601096 1921 0.032017
60 0.611055 1310 0.021833
61 0.621015 1374 0.022900
62 0.630974 799 0.013317
63 0.640933 524 0.008733
64 0.650892 499 0.008317
65 0.660852 388 0.006467
66 0.670811 419 0.006983
67 0.680770 317 0.005283
68 0.690729 252 0.004200
69 0.700689 221 0.003683
70 0.710648 205 0.003417
71 0.720607 181 0.003017
72 0.730567 185 0.003083
73 0.740526 194 0.003233
74 0.750485 188 0.003133
75 0.760444 187 0.003117
76 0.770404 233 0.003883
77 0.780363 204 0.003400
78 0.790322 193 0.003217
79 0.800281 152 0.002533
80 0.810241 174 0.002900
81 0.820200 233 0.003883
82 0.830159 232 0.003867
83 0.840118 257 0.004283
84 0.850078 317 0.005283
85 0.860037 459 0.007650
86 0.869996 378 0.006300
87 0.879956 416 0.006933
88 0.889915 262 0.004367
89 0.899874 282 0.004700
90 0.909833 280 0.004667
91 0.919793 318 0.005300
92 0.929752 230 0.003833
93 0.939711 172 0.002867
94 0.949670 54 0.000900
95 0.959630 38 0.000633
96 0.969589 47 0.000783
97 0.979548 22 0.000367
98 0.989507 8 0.000133
99 0.999467 1 0.000017
