0 0.433892 4 0.000200
1 0.435564 1 0.000050
2 0.437236 0 0.000000
3 0.438908 6 0.000300
4 0.440579 0 0.000000
5 0.442251 0 0.000000
6 0.443923 0 0.000000
7 0.445595 0 0.000000
8 0.447267 0 0.000000
9 0.448939 0 0.000000
10 0.450611 4 0.000200
11 0.452283 5 0.000250
12 0.453955 7 0.000350
13 0.455627 0 0.000000
14 0.457299 5 0.000250
15 0.458971 30 0.001500
16 0.460642 21 0.001050
17 0.462314 19 0.000950
18 0.463986 25 0.001250
19 0.465658 24 0.001200
20 0.467330 11 0.000550
21 0.469002 13 0.000650
22 0.470674 24 0.001200
23 0.472346 62 0.003100
24 0.474018 51 0.002550
25 0.475690 27 0.001350
26 0.477362 51 0.002550
27 0.479033 101 0.005050
28 0.480705 90 0.004500
29 0.482377 58 0.002900
30 0.484049 119 0.005950
31 0.485721 46 0.002300
32 0.487393 113 0.005650
33 0.489065 143 0.007150
34 0.490737 172 0.008600
35 0.492409 250 0.012500
36 0.494081 219 0.010950
37 0.495753 437 0.021850
38 0.497425 614 0.030700
39 0.499096 713 0.035650
40 0.500768 786 0.039300
41 0.502440 966 0.048300
42 0.504112 1006 0.050300
43 0.505784 1177 0.058850
44 0.507456 2141 0.107050
45 0.509128 2273 0.113650
46 0.510800 1962 0.098100
47 0.512472 1272 0.063600
48 0.514144 748 0.037400
49 0.515816 862 0.043100
50 0.517488 537 0.026850
51 0.519159 399 0.019950
52 0.520831 407 0.020350
53 0.522503 366 0.018300
54 0.524175 260 0.013000
55 0.525847 228 0.011400
56 0.527519 208 0.010400
57 0.529191 219 0.010950
58 0.530863 78 0.003900
59 0.532535 54 0.002700
60 0.534207 163 0.008150
61 0.535879 134 0.006700
62 0.537551 40 0.002000
63 0.539222 11 0.000550
64 0.540894 41 0.002050
65 0.542566 15 0.000750
66 0.544238 18 0.000900
67 0.545910 28 0.001400
68 0.547582 24 0.001200
69 0.549254 18 0.000900
70 0.550926 9 0.000450
71 0.552598 10 0.000500
72 0.554270 23 0.001150
73 0.555942 1 0.000050
74 0.557614 6 0.000300
75 0.559285 13 0.000650
76 0.560957 0 0.000000
77 0.562629 13 0.000650
78 0.564301 0 0.000000
79 0.565973 11 0.000550
80 0.567645 0 0.000000
81 0.569317 0 0.000000
82 0.570989 2 0.000100
83 0.572661 0 0.000000
84 0.574333 0 0.000000
85 0.576005 0 0.000000
86 0.577677 0 0.000000
87 0.579348 0 0.000000
88 0.581020 4 0.000200
89 0.582692 0 0.000000
90 0.584364 0 0.000000
91 0.586036 0 0.000000
92 0.587708 0 0.000000
93 0.589380 0 0.000000
94 0.591052 0 0.000000
95 0.592724 0 0.000000
96 0.594396 0 0.000000
97 0.596068 0 0.000000
98 0.597740 1 0.000050
99 0.599411 1 0.000050
