0 0.102781 1 0.000050
1 0.109953 0 0.000000
2 0.117124 0 0.000000
3 0.124296 0 0.000000
4 0.131467 0 0.000000
5 0.138638 0 0.000000
6 0.145810 0 0.000000
7 0.152981 0 0.000000
8 0.160153 0 0.000000
9 0.167324 0 0.000000
10 0.174496 0 0.000000
11 0.181667 0 0.000000
12 0.188838 0 0.000000
13 0.196010 1 0.000050
14 0.203181 4 0.000200
15 0.210353 2 0.000100
16 0.217524 5 0.000250
17 0.224696 6 0.000300
18 0.231867 0 0.000000
19 0.239038 4 0.000200
20 0.246210 0 0.000000
21 0.253381 1 0.000050
22 0.260553 0 0.000000
23 0.267724 0 0.000000
24 0.274896 2 0.000100
25 0.282067 0 0.000000
26 0.289238 0 0.000000
27 0.296410 14 0.000700
28 0.303581 19 0.000950
29 0.310753 26 0.001300
30 0.317924 31 0.001550
31 0.325096 90 0.004500
32 0.332267 44 0.002200
33 0.339438 52 0.002600
34 0.346610 52 0.002600
35 0.353781 119 0.005950
36 0.360953 127 0.006350
37 0.368124 196 0.009800
38 0.375295 196 0.009800
39 0.382467 147 0.007350
40 0.389638 129 0.006450
41 0.396810 140 0.007000
42 0.403981 197 0.009850
43 0.411153 292 0.014600
44 0.418324 342 0.017100
45 0.425495 833 0.041650
46 0.432667 521 0.026050
47 0.439838 314 0.015700
48 0.447010 277 0.013850
49 0.454181 443 0.022150
50 0.461353 476 0.023800
51 0.468524 717 0.035850
52 0.475695 488 0.024400
53 0.482867 498 0.024900
54 0.490038 520 0.026000
55 0.497210 4173 0.208650
56 0.504381 818 0.040900
57 0.511553 614 0.030700
58 0.518724 547 0.027350
59 0.525895 920 0.046000
60 0.533067 754 0.037700
61 0.540238 379 0.018950
62 0.547410 426 0.021300
63 0.554581 419 0.020950
64 0.561752 369 0.018450
65 0.568924 654 0.032700
66 0.576095 305 0.015250
67 0.583267 298 0.014900
68 0.590438 225 0.011250
69 0.597610 173 0.008650
70 0.604781 207 0.010350
71 0.611952 174 0.008700
72 0.619124 205 0.010250
73 0.626295 395 0.019750
74 0.633467 112 0.005600
75 0.640638 59 0.002950
76 0.647810 74 0.003700
77 0.654981 82 0.004100
78 0.662152 51 0.002550
79 0.669324 87 0.004350
80 0.676495 53 0.002650
81 0.683667 30 0.001500
82 0.690838 12 0.000600
83 0.698009 15 0.000750
84 0.705181 19 0.000950
85 0.712352 4 0.000200
86 0.719524 0 0.000000
87 0.726695 1 0.000050
88 0.733867 0 0.000000
89 0.741038 0 0.000000
90 0.748209 0 0.000000
91 0.755381 0 0.000000
92 0.762552 1 0.000050
93 0.769724 0 0.000000
94 0.776895 0 0.000000
95 0.784067 3 0.000150
96 0.791238 5 0.000250
97 0.798409 7 0.000350
98 0.805581 3 0.000150
99 0.812752 1 0.000050
