0 0 0.000000 0.139338 0.097253 0.139588 0.097369
0 1 0.114943 0.104142 0.069992 0.103840 0.069484
0 2 0.229885 0.085268 0.056579 0.083073 0.055103
0 3 0.344828 0.077151 0.051204 0.075342 0.050356
0 4 0.459770 0.072925 0.049620 0.071815 0.048438
0 5 0.574713 0.076764 0.049178 0.076705 0.049047
0 6 0.689655 0.066785 0.046381 0.065941 0.045467
0 7 0.804598 0.068894 0.046526 0.071704 0.048168
0 8 0.919540 0.066308 0.046416 0.064943 0.045332
0 9 1.034483 0.065886 0.044770 0.064738 0.043753
0 10 1.149425 0.065160 0.045220 0.065088 0.045269
0 11 1.264368 0.065408 0.044406 0.067026 0.045315
0 12 1.379310 0.063226 0.044044 0.062327 0.043268
0 13 1.494253 0.064782 0.043859 0.064353 0.043997
0 14 1.609195 0.061351 0.043261 0.061464 0.043450
0 15 1.724138 0.063198 0.043516 0.062197 0.043182
0 16 1.839080 0.060719 0.042907 0.060593 0.042964
0 17 1.954023 0.060110 0.042780 0.061442 0.043581
0 18 2.068965 0.061674 0.042599 0.062153 0.043288
0 19 2.183908 0.061559 0.042647 0.062203 0.043197
0 20 2.298851 0.061010 0.043095 0.060655 0.043132
0 21 2.413793 0.062464 0.044138 0.061824 0.043740
0 22 2.528736 0.061497 0.042700 0.061534 0.043078
0 23 2.643678 0.058783 0.042228 0.060625 0.042960
0 24 2.758621 0.061676 0.042390 0.062325 0.042556
0 25 2.873563 0.061097 0.043042 0.060780 0.042473
0 26 2.988506 0.060289 0.043323 0.060010 0.042760
0 27 3.103448 0.057843 0.041674 0.058320 0.041930
0 28 3.218391 0.057698 0.041562 0.059834 0.042815
0 29 3.333333 0.060153 0.043170 0.058355 0.041595
0 30 3.448276 0.057134 0.041245 0.057735 0.041419
0 31 3.563218 0.059753 0.042652 0.059356 0.041956
0 32 3.678161 0.059721 0.042647 0.058675 0.042237
0 33 3.793103 0.057931 0.041753 0.058394 0.042065
0 34 3.908046 0.057563 0.041557 0.057702 0.041672
0 35 4.022988 0.058831 0.042390 0.056448 0.040366
0 36 4.137931 0.057551 0.041556 0.057699 0.041792
0 37 4.252873 0.059488 0.042440 0.059035 0.042036
0 38 4.367816 0.057380 0.041796 0.057567 0.041638
0 39 4.482759 0.057464 0.041427 0.058146 0.041854
0 40 4.597701 0.058024 0.041623 0.056995 0.040682
0 41 4.712644 0.057275 0.041889 0.055673 0.040461
0 42 4.827586 0.059983 0.042661 0.059246 0.042261
0 43 4.942529 0.057059 0.041288 0.055370 0.040380
0 44 5.057471 0.057064 0.041551 0.056263 0.040828
0 45 5.172414 0.057970 0.041775 0.057574 0.041528
0 46 5.287356 0.056336 0.041320 0.056864 0.041465
0 47 5.402299 0.059131 0.042779 0.058539 0.042497
0 48 5.517241 0.055782 0.040872 0.056707 0.041384
0 49 5.632184 0.056011 0.041294 0.055344 0.040867
0 50 5.747127 0.056738 0.041608 0.055571 0.040459
0 51 5.862069 0.055048 0.039999 0.056272 0.041183
0 52 5.977012 0.054732 0.040466 0.055848 0.041471
0 53 6.091954 0.056054 0.040898 0.055841 0.040652
0 54 6.206897 0.057867 0.042650 0.058020 0.041879
0 55 6.321839 0.059537 0.042134 0.059162 0.041891
0 56 6.436781 0.059612 0.043151 0.058499 0.042364
0 57 6.551724 0.058115 0.042081 0.057098 0.041845
0 58 6.666667 0.056179 0.040949 0.056867 0.041314
0 59 6.781609 0.055951 0.041484 0.055612 0.041147
0 60 6.896552 0.056653 0.041403 0.057517 0.041724
0 61 7.011494 0.060661 0.042197 0.061027 0.042094
0 62 7.126437 0.054213 0.040343 0.053393 0.039478
0 63 7.241379 0.055555 0.040897 0.055139 0.040688
0 64 7.356322 0.056735 0.040391 0.057448 0.041083
0 65 7.471264 0.056124 0.040359 0.057253 0.041429
0 66 7.586207 0.055634 0.040731 0.055114 0.040572
0 67 7.701149 0.056833 0.041154 0.055986 0.040213
0 68 7.816092 0.055277 0.040141 0.056440 0.040443
0 69 7.931035 0.054672 0.040531 0.054133 0.039949
0 70 8.045977 0.057020 0.040729 0.056735 0.041318
0 71 8.160919 0.057155 0.041288 0.054849 0.039838
0 72 8.275862 0.056271 0.041240 0.056972 0.041640
0 73 8.390804 0.055166 0.041097 0.055268 0.041463
0 74 8.505747 0.056238 0.040971 0.054975 0.040457
0 75 8.620689 0.056330 0.041772 0.056021 0.041300
0 76 8.735632 0.056364 0.040940 0.055502 0.040396
0 77 8.850574 0.053652 0.040128 0.055395 0.041509
0 78 8.965517 0.055820 0.041023 0.055959 0.040885
0 79 9.080460 0.055155 0.040547 0.055924 0.040712
0 80 9.195402 0.055209 0.041396 0.053571 0.040339
0 81 9.310345 0.058873 0.041952 0.058973 0.042136
0 82 9.425287 0.054673 0.040354 0.054190 0.040142
0 83 9.540230 0.053717 0.039873 0.055257 0.040730
0 84 9.655172 0.054447 0.040164 0.055229 0.040998
0 85 9.770115 0.055452 0.040476 0.055216 0.040537
0 86 9.885057 0.054761 0.039828 0.055111 0.040104
1 0 10.000000 0.054791 0.040627 0.054506 0.040759
1 1 10.114943 0.054395 0.040333 0.054673 0.040426
1 2 10.229885 0.055092 0.039847 0.055440 0.039994
1 3 10.344828 0.054919 0.040443 0.054160 0.039974
1 4 10.459770 0.057194 0.041656 0.055904 0.040563
1 5 10.574713 0.053838 0.039966 0.054511 0.040978
1 6 10.689655 0.058045 0.041746 0.056975 0.040560
1 7 10.804598 0.055713 0.041545 0.053815 0.039905
1 8 10.919540 0.054032 0.040404 0.054430 0.040612
1 9 11.034483 0.056424 0.040773 0.057333 0.041748
1 10 11.149426 0.054075 0.039746 0.055177 0.040359
1 11 11.264368 0.053612 0.040130 0.053620 0.040317
1 12 11.379311 0.054238 0.040098 0.055076 0.040867
1 13 11.494253 0.057607 0.040632 0.058174 0.041361
1 14 11.609196 0.055258 0.040586 0.055048 0.040385
1 15 11.724138 0.054679 0.040797 0.053904 0.039960
1 16 11.839081 0.054241 0.040382 0.055812 0.041444
1 17 11.954023 0.054565 0.040398 0.054692 0.040456
1 18 12.068966 0.054137 0.040442 0.054384 0.040761
1 19 12.183908 0.054176 0.040789 0.053362 0.039751
1 20 12.298851 0.053621 0.040521 0.053656 0.040245
1 21 12.413794 0.054232 0.040799 0.054027 0.040364
1 22 12.528735 0.053992 0.040294 0.053353 0.039685
1 23 12.643678 0.056035 0.041570 0.055184 0.040784
1 24 12.758620 0.056098 0.040854 0.054232 0.039507
1 25 12.873563 0.053794 0.039309 0.054600 0.040319
1 26 12.988505 0.054339 0.040267 0.053839 0.040092
1 27 13.103448 0.053685 0.040222 0.053454 0.040119
1 28 13.218390 0.056780 0.041945 0.055599 0.041197
1 29 13.333333 0.054914 0.040638 0.053807 0.039734
1 30 13.448276 0.053508 0.040368 0.054716 0.041081
1 31 13.563218 0.053573 0.040582 0.052975 0.039900
1 32 13.678161 0.054047 0.039911 0.053875 0.039904
1 33 13.793103 0.054795 0.040589 0.054087 0.040095
1 34 13.908046 0.056088 0.039803 0.057868 0.041300
1 35 14.022988 0.053216 0.039606 0.054069 0.040388
1 36 14.137931 0.054847 0.040711 0.054490 0.039996
1 37 14.252873 0.053184 0.040057 0.052548 0.039710
1 38 14.367816 0.052018 0.039469 0.053158 0.039654
1 39 14.482759 0.052823 0.039823 0.053386 0.040311
1 40 14.597701 0.054028 0.040021 0.054930 0.040914
1 41 14.712644 0.051907 0.038851 0.053452 0.039974
1 42 14.827586 0.055128 0.041174 0.054539 0.041087
1 43 14.942529 0.054053 0.040524 0.053514 0.039761
1 44 15.057471 0.052851 0.039827 0.053228 0.040377
1 45 15.172414 0.054220 0.039885 0.052907 0.039241
1 46 15.287356 0.053817 0.040158 0.054040 0.040599
1 47 15.402299 0.056548 0.040555 0.054714 0.039296
1 48 15.517241 0.054209 0.040689 0.053946 0.040189
1 49 15.632184 0.052678 0.039573 0.053289 0.039978
1 50 15.747127 0.052791 0.039774 0.053686 0.040777
1 51 15.862069 0.053775 0.040059 0.054877 0.040843
1 52 15.977012 0.052864 0.039851 0.053420 0.040147
1 53 16.091953 0.054319 0.040240 0.054410 0.040352
1 54 16.206896 0.054452 0.040556 0.055082 0.040829
1 55 16.321838 0.052498 0.039834 0.053195 0.040200
1 56 16.436781 0.053118 0.040273 0.052343 0.039433
1 57 16.551723 0.056952 0.041605 0.055964 0.041038
1 58 16.666666 0.053981 0.040215 0.053458 0.039942
1 59 16.781609 0.053157 0.039337 0.054870 0.040955
1 60 16.896551 0.053964 0.040512 0.052852 0.039941
1 61 17.011494 0.054058 0.040250 0.052396 0.039144
1 62 17.126436 0.052383 0.039801 0.053364 0.039947
1 63 17.241379 0.054044 0.040504 0.053529 0.040054
1 64 17.356321 0.053497 0.039993 0.053852 0.040760
1 65 17.471264 0.056467 0.041109 0.055339 0.040261
1 66 17.586206 0.053324 0.040069 0.052962 0.039550
1 67 17.701149 0.055281 0.040736 0.054326 0.039830
1 68 17.816092 0.052206 0.039223 0.052592 0.039663
1 69 17.931034 0.053185 0.039759 0.053856 0.040271
1 70 18.045977 0.052726 0.039771 0.052478 0.039808
1 71 18.160919 0.052970 0.039930 0.052789 0.039377
1 72 18.275862 0.051830 0.039664 0.053385 0.040506
1 73 18.390804 0.053362 0.040283 0.052371 0.039008
1 74 18.505747 0.051990 0.039432 0.053784 0.040854
1 75 18.620689 0.052128 0.039378 0.052455 0.039647
1 76 18.735632 0.053964 0.040437 0.053279 0.039913
1 77 18.850574 0.052495 0.039828 0.052829 0.040222
1 78 18.965517 0.053038 0.040037 0.053473 0.040037
1 79 19.080460 0.056744 0.041454 0.056135 0.041414
1 80 19.195402 0.053660 0.039881 0.053326 0.039515
1 81 19.310345 0.052757 0.039869 0.052719 0.039813
1 82 19.425287 0.053764 0.040641 0.053564 0.040552
1 83 19.540230 0.052753 0.040455 0.052278 0.040052
1 84 19.655172 0.053659 0.040468 0.052160 0.039109
1 85 19.770115 0.052742 0.039745 0.052462 0.039607
1 86 19.885057 0.053390 0.040361 0.052821 0.040198
2 0 20.000000 0.053569 0.040200 0.052159 0.039097
2 1 20.114943 0.053231 0.039973 0.053122 0.039790
2 2 20.229885 0.053261 0.040234 0.054216 0.040902
2 3 20.344828 0.053411 0.040198 0.052842 0.039995
2 4 20.459770 0.052786 0.040573 0.052200 0.039753
2 5 20.574713 0.053406 0.040382 0.052824 0.039841
2 6 20.689655 0.052064 0.039628 0.054378 0.041347
2 7 20.804598 0.053891 0.040558 0.053323 0.040056
2 8 20.919540 0.055671 0.041016 0.055738 0.040671
2 9 21.034483 0.052993 0.040044 0.052081 0.039259
2 10 21.149426 0.054597 0.039616 0.055026 0.040013
2 11 21.264368 0.053200 0.040092 0.052854 0.039878
2 12 21.379311 0.052111 0.039521 0.052754 0.039936
2 13 21.494253 0.052128 0.039244 0.052982 0.039808
2 14 21.609196 0.054404 0.040927 0.053937 0.040402
2 15 21.724138 0.053154 0.040315 0.052536 0.039887
2 16 21.839081 0.051405 0.039344 0.051885 0.039556
2 17 21.954023 0.054428 0.041123 0.051937 0.039376
2 18 22.068966 0.052893 0.039810 0.052672 0.039369
2 19 22.183908 0.052695 0.039480 0.054273 0.040992
2 20 22.298851 0.052879 0.040439 0.051555 0.039532
2 21 22.413794 0.053617 0.040307 0.053702 0.040244
2 22 22.528736 0.052577 0.039895 0.053575 0.040846
2 23 22.643679 0.053179 0.040141 0.054170 0.040323
2 24 22.758621 0.054050 0.040462 0.052736 0.039473
2 25 22.873564 0.052810 0.040349 0.052879 0.040156
2 26 22.988506 0.052629 0.039895 0.052732 0.040134
2 27 23.103449 0.052265 0.039387 0.053343 0.040025
2 28 23.218391 0.052402 0.040052 0.051951 0.039451
2 29 23.333334 0.052819 0.039504 0.053239 0.039598
2 30 23.448277 0.051848 0.039274 0.052650 0.040306
2 31 23.563219 0.052303 0.039696 0.052372 0.039599
2 32 23.678162 0.051914 0.039323 0.052812 0.039904
2 33 23.793104 0.052632 0.039692 0.052810 0.040191
2 34 23.908047 0.055401 0.039609 0.055916 0.039933
2 35 24.022989 0.051531 0.039338 0.052701 0.040173
2 36 24.137932 0.053160 0.040047 0.052578 0.039955
2 37 24.252874 0.052152 0.039565 0.052608 0.039848
2 38 24.367817 0.051872 0.039492 0.051893 0.039429
2 39 24.482759 0.052446 0.040197 0.051805 0.039172
2 40 24.597702 0.054233 0.040228 0.054450 0.040275
2 41 24.712645 0.052460 0.039691 0.052538 0.039749
2 42 24.827587 0.051908 0.039739 0.051942 0.039403
2 43 24.942530 0.054138 0.039866 0.055321 0.040903
2 44 25.057470 0.052650 0.040046 0.053028 0.040164
2 45 25.172413 0.053268 0.040448 0.051529 0.039057
2 46 25.287355 0.053327 0.040207 0.052717 0.039420
2 47 25.402298 0.051869 0.039518 0.053999 0.040752
2 48 25.517241 0.053042 0.040015 0.053492 0.040119
2 49 25.632183 0.051803 0.039333 0.052217 0.039673
2 50 25.747126 0.053764 0.040871 0.052705 0.040027
2 51 25.862068 0.051596 0.038962 0.052546 0.039977
2 52 25.977011 0.052974 0.040262 0.052154 0.039476
2 53 26.091953 0.052564 0.039857 0.051471 0.039315
2 54 26.206896 0.050517 0.038968 0.051808 0.039744
2 55 26.321838 0.053188 0.040248 0.052637 0.039722
2 56 26.436781 0.051309 0.039373 0.051664 0.039318
2 57 26.551723 0.052441 0.039956 0.052291 0.039863
2 58 26.666666 0.051241 0.039534 0.052019 0.039988
2 59 26.781609 0.051795 0.039736 0.053206 0.040617
2 60 26.896551 0.053283 0.040141 0.054388 0.040837
2 61 27.011494 0.052375 0.039246 0.052155 0.039401
2 62 27.126436 0.051396 0.039305 0.051581 0.039028
2 63 27.241379 0.052553 0.039916 0.051699 0.039492
2 64 27.356321 0.051258 0.038627 0.053480 0.040641
2 65 27.471264 0.051569 0.039523 0.052970 0.040588
2 66 27.586206 0.053076 0.039878 0.052689 0.039656
2 67 27.701149 0.053111 0.040103 0.052439 0.039579
2 68 27.816092 0.052100 0.039802 0.052104 0.039694
2 69 27.931034 0.052170 0.040136 0.052264 0.039846
2 70 28.045977 0.052615 0.039993 0.052686 0.039978
2 71 28.160919 0.051566 0.039311 0.051453 0.039602
2 72 28.275862 0.051703 0.039570 0.053279 0.040290
2 73 28.390804 0.052271 0.039951 0.052290 0.039894
2 74 28.505747 0.051620 0.039885 0.052480 0.040186
2 75 28.620689 0.051358 0.039367 0.052026 0.039706
2 76 28.735632 0.052229 0.039747 0.051423 0.039372
2 77 28.850574 0.052300 0.039322 0.052381 0.039670
2 78 28.965517 0.051882 0.039759 0.051528 0.039148
2 79 29.080460 0.052727 0.040399 0.051732 0.039348
2 80 29.195402 0.050463 0.038967 0.051709 0.039237
2 81 29.310345 0.052001 0.039365 0.050938 0.038498
2 82 29.425287 0.053866 0.040376 0.052776 0.039902
2 83 29.540230 0.051444 0.038915 0.053193 0.039975
2 84 29.655172 0.050056 0.038677 0.050724 0.038676
2 85 29.770115 0.052411 0.039716 0.051354 0.039155
2 86 29.885057 0.053386 0.040780 0.051356 0.039297
3 0 30.000000 0.052346 0.039315 0.052305 0.039460
3 1 30.114943 0.053903 0.039945 0.053663 0.039758
3 2 30.229885 0.051623 0.039114 0.054726 0.041060
3 3 30.344828 0.053595 0.040284 0.052689 0.039823
3 4 30.459770 0.051905 0.039365 0.053424 0.040553
3 5 30.574713 0.050926 0.039101 0.050925 0.039064
3 6 30.689655 0.050490 0.038683 0.050660 0.039040
3 7 30.804598 0.051658 0.039543 0.052442 0.039971
3 8 30.919540 0.051515 0.039116 0.051447 0.038971
3 9 31.034483 0.052894 0.039289 0.054134 0.040098
3 10 31.149426 0.051012 0.039328 0.050791 0.039062
3 11 31.264368 0.051889 0.039757 0.051944 0.039802
3 12 31.379311 0.052972 0.039496 0.052066 0.039000
3 13 31.494253 0.051306 0.039154 0.051814 0.039316
3 14 31.609196 0.052817 0.040112 0.050974 0.038834
3 15 31.724138 0.051571 0.039173 0.052090 0.039452
3 16 31.839081 0.051749 0.039568 0.052047 0.039912
3 17 31.954023 0.052593 0.040261 0.051924 0.039506
3 18 32.068966 0.050973 0.038966 0.051976 0.039468
3 19 32.183907 0.053225 0.040495 0.052773 0.040174
3 20 32.298851 0.051403 0.039704 0.052069 0.040208
3 21 32.413792 0.051442 0.039799 0.052329 0.040341
3 22 32.528736 0.053048 0.040343 0.052166 0.039634
3 23 32.643677 0.052852 0.040088 0.052968 0.040577
3 24 32.758621 0.051449 0.039233 0.052997 0.040087
3 25 32.873562 0.051017 0.039093 0.051358 0.039319
3 26 32.988506 0.052263 0.040086 0.051180 0.039841
3 27 33.103447 0.052693 0.040324 0.051593 0.039815
3 28 33.218391 0.051213 0.039444 0.051641 0.039812
3 29 33.333332 0.052150 0.039933 0.052275 0.040341
3 30 33.448277 0.052131 0.039816 0.051696 0.039744
3 31 33.563217 0.051011 0.038901 0.052244 0.039971
3 32 33.678162 0.051589 0.039335 0.052432 0.040042
3 33 33.793102 0.051016 0.039220 0.049838 0.038699
3 34 33.908047 0.052279 0.040209 0.052273 0.040181
3 35 34.022987 0.052340 0.040010 0.051075 0.039161
3 36 34.137932 0.051782 0.039371 0.052126 0.039642
3 37 34.252872 0.051349 0.039256 0.052545 0.039909
3 38 34.367817 0.051936 0.039162 0.053141 0.040072
3 39 34.482758 0.051062 0.038969 0.050582 0.039399
3 40 34.597702 0.052044 0.039910 0.052025 0.039657
3 41 34.712643 0.052314 0.039423 0.051634 0.039139
3 42 34.827587 0.050509 0.038590 0.052450 0.040125
3 43 34.942528 0.052600 0.040687 0.051808 0.039704
3 44 35.057472 0.052227 0.039934 0.052234 0.040175
3 45 35.172413 0.052000 0.039720 0.049750 0.038428
3 46 35.287357 0.051214 0.038956 0.051682 0.039352
3 47 35.402298 0.050373 0.039132 0.051781 0.039909
3 48 35.517242 0.052231 0.039686 0.051663 0.039581
3 49 35.632183 0.051198 0.038714 0.051116 0.038978
3 50 35.747128 0.051362 0.039542 0.051400 0.039339
3 51 35.862068 0.051388 0.039832 0.050889 0.039080
3 52 35.977013 0.051588 0.039363 0.052687 0.040228
3 53 36.091953 0.051771 0.039426 0.052452 0.039916
3 54 36.206898 0.052164 0.040125 0.051523 0.039282
3 55 36.321838 0.051283 0.039603 0.051604 0.039462
3 56 36.436783 0.051648 0.039282 0.052240 0.039962
3 57 36.551723 0.050923 0.039026 0.051697 0.039640
3 58 36.666668 0.051590 0.039361 0.051173 0.039327
3 59 36.781609 0.050594 0.038870 0.051480 0.039781
3 60 36.896553 0.052216 0.040200 0.051848 0.039625
3 61 37.011494 0.052378 0.040069 0.050995 0.039105
3 62 37.126438 0.051944 0.039659 0.053337 0.040482
3 63 37.241379 0.050655 0.039071 0.049558 0.038328
3 64 37.356323 0.050313 0.038637 0.050728 0.038837
3 65 37.471264 0.051581 0.039704 0.050374 0.038504
3 66 37.586208 0.052032 0.040036 0.051298 0.039428
3 67 37.701149 0.050654 0.039043 0.051707 0.039726
3 68 37.816093 0.051209 0.038830 0.053013 0.040269
3 69 37.931034 0.051301 0.039421 0.051652 0.039754
3 70 38.045979 0.050826 0.038899 0.051389 0.039501
3 71 38.160919 0.051428 0.039207 0.052232 0.039480
3 72 38.275864 0.051953 0.040090 0.051430 0.040253
3 73 38.390804 0.051680 0.039623 0.052194 0.039819
3 74 38.505749 0.051806 0.039381 0.052667 0.040322
3 75 38.620689 0.050589 0.038992 0.050384 0.038676
3 76 38.735634 0.051064 0.039021 0.052351 0.039652
3 77 38.850574 0.050862 0.038978 0.049947 0.038764
3 78 38.965519 0.052351 0.039823 0.052353 0.039888
3 79 39.080460 0.051392 0.039330 0.052141 0.039692
3 80 39.195404 0.050528 0.038671 0.051821 0.039597
3 81 39.310345 0.051383 0.039411 0.051335 0.039709
3 82 39.425289 0.053279 0.040115 0.052909 0.039934
3 83 39.540230 0.050920 0.039882 0.051218 0.039301
3 84 39.655174 0.050369 0.038912 0.051446 0.039905
3 85 39.770115 0.050427 0.038863 0.050065 0.038791
3 86 39.885059 0.050809 0.039200 0.050713 0.039277
4 0 40.000000 0.051911 0.039972 0.052372 0.040417
4 1 40.114941 0.051413 0.039739 0.050702 0.038916
4 2 40.229885 0.051705 0.039680 0.052356 0.039912
4 3 40.344826 0.050716 0.039273 0.051241 0.039558
4 4 40.459770 0.053438 0.040069 0.052571 0.039620
4 5 40.574711 0.051326 0.039478 0.051670 0.039941
4 6 40.689655 0.050105 0.038692 0.051052 0.039225
4 7 40.804596 0.050874 0.039188 0.052316 0.039990
4 8 40.919540 0.049846 0.038940 0.050337 0.039116
4 9 41.034481 0.051047 0.039394 0.051146 0.039541
4 10 41.149426 0.051672 0.039824 0.051497 0.039718
4 11 41.264366 0.050479 0.039097 0.051401 0.039490
4 12 41.379311 0.050384 0.039174 0.050024 0.039087
4 13 41.494251 0.051974 0.040005 0.050148 0.038935
4 14 41.609196 0.052297 0.039910 0.050779 0.039012
4 15 41.724136 0.051766 0.039572 0.051487 0.039741
4 16 41.839081 0.050200 0.038554 0.050508 0.038660
4 17 41.954021 0.050068 0.038777 0.050374 0.038633
4 18 42.068966 0.051112 0.039466 0.050845 0.039184
4 19 42.183907 0.050664 0.039504 0.050474 0.039144
4 20 42.298851 0.051744 0.039852 0.051285 0.039399
4 21 42.413792 0.051679 0.039349 0.051743 0.039630
4 22 42.528736 0.051560 0.039782 0.051146 0.039075
4 23 42.643677 0.050827 0.039114 0.050843 0.039375
4 24 42.758621 0.051963 0.039614 0.051391 0.039207
4 25 42.873562 0.050804 0.039109 0.052086 0.040140
4 26 42.988506 0.051175 0.039082 0.050310 0.038775
4 27 43.103447 0.052177 0.039968 0.051314 0.039357
4 28 43.218391 0.051456 0.039629 0.051577 0.039626
4 29 43.333332 0.051045 0.039507 0.050969 0.039302
4 30 43.448277 0.051376 0.039354 0.051324 0.039512
4 31 43.563217 0.049552 0.038696 0.050026 0.038523
4 32 43.678162 0.051062 0.039580 0.050019 0.038719
4 33 43.793102 0.051676 0.039628 0.051982 0.039955
4 34 43.908047 0.051279 0.039528 0.050135 0.038776
4 35 44.022987 0.051322 0.039454 0.050709 0.038576
4 36 44.137932 0.050171 0.038851 0.050565 0.038913
4 37 44.252872 0.050488 0.039121 0.049034 0.037898
4 38 44.367817 0.051219 0.039441 0.051769 0.039607
4 39 44.482758 0.050410 0.038907 0.051708 0.039512
4 40 44.597702 0.052105 0.039995 0.053292 0.040412
4 41 44.712643 0.051093 0.039035 0.051842 0.039887
4 42 44.827587 0.054112 0.039803 0.053824 0.039855
4 43 44.942528 0.050290 0.038985 0.051555 0.040095
4 44 45.057472 0.051115 0.039504 0.050682 0.039437
4 45 45.172413 0.050845 0.039266 0.051868 0.040085
4 46 45.287357 0.050448 0.038747 0.050943 0.039097
4 47 45.402298 0.051140 0.039363 0.051440 0.039798
4 48 45.517242 0.051369 0.039937 0.050440 0.038923
4 49 45.632183 0.050805 0.039531 0.051221 0.039071
4 50 45.747128 0.050413 0.038597 0.051551 0.039103
4 51 45.862068 0.051931 0.040064 0.050417 0.039043
4 52 45.977013 0.052131 0.039680 0.051359 0.038961
4 53 46.091953 0.051870 0.039795 0.052204 0.040042
4 54 46.206898 0.050373 0.039040 0.051746 0.039900
4 55 46.321838 0.050884 0.038834 0.051003 0.039138
4 56 46.436783 0.050838 0.039452 0.051019 0.039188
4 57 46.551723 0.051794 0.039707 0.051855 0.040158
4 58 46.666668 0.052253 0.040128 0.051705 0.039490
4 59 46.781609 0.050534 0.038999 0.050602 0.039243
4 60 46.896553 0.052373 0.040198 0.051696 0.039579
4 61 47.011494 0.051878 0.040251 0.050482 0.039148
4 62 47.126438 0.052173 0.039661 0.050739 0.039058
4 63 47.241379 0.051996 0.040196 0.051571 0.039816
4 64 47.356323 0.051312 0.039282 0.050697 0.038502
4 65 47.471264 0.051192 0.039480 0.049893 0.038689
4 66 47.586208 0.052706 0.040357 0.051591 0.039576
4 67 47.701149 0.050951 0.039156 0.050994 0.039006
4 68 47.816093 0.050662 0.039251 0.049845 0.038301
4 69 47.931034 0.050096 0.039198 0.049284 0.038281
4 70 48.045979 0.051089 0.039666 0.050736 0.038962
4 71 48.160919 0.050730 0.039286 0.051828 0.039901
4 72 48.275864 0.049523 0.038289 0.051435 0.039764
4 73 48.390804 0.050595 0.039034 0.050830 0.039176
4 74 48.505749 0.050368 0.039187 0.050937 0.039418
4 75 48.620689 0.051413 0.039436 0.051850 0.039868
4 76 48.735634 0.051182 0.039482 0.050634 0.039069
4 77 48.850574 0.050775 0.039195 0.051431 0.040037
4 78 48.965519 0.050628 0.039084 0.050778 0.039271
4 79 49.080460 0.051351 0.039427 0.050897 0.039199
4 80 49.195404 0.051076 0.039473 0.051786 0.039911
4 81 49.310345 0.051319 0.039280 0.050095 0.038842
4 82 49.425289 0.050617 0.039031 0.050661 0.038960
4 83 49.540230 0.051257 0.039298 0.050439 0.038788
4 84 49.655174 0.052273 0.040070 0.051505 0.039224
4 85 49.770115 0.050734 0.039503 0.050498 0.038923
4 86 49.885059 0.050434 0.038940 0.050060 0.039376
5 0 50.000000 0.049825 0.038758 0.050187 0.038981
5 1 50.114941 0.050422 0.039342 0.050333 0.039081
5 2 50.229885 0.050129 0.038791 0.051233 0.039297
5 3 50.344826 0.051299 0.039228 0.052005 0.039806
5 4 50.459770 0.051356 0.039734 0.050549 0.039198
5 5 50.574711 0.050935 0.039205 0.050234 0.039089
5 6 50.689655 0.050227 0.038693 0.051601 0.039763
5 7 50.804596 0.049258 0.038828 0.048917 0.038175
5 8 50.919540 0.050920 0.039204 0.050438 0.039038
5 9 51.034481 0.050626 0.039086 0.051729 0.039432
5 10 51.149426 0.049789 0.038391 0.051232 0.039344
5 11 51.264366 0.051727 0.039847 0.052069 0.039855
5 12 51.379311 0.051843 0.040110 0.052217 0.040508
5 13 51.494251 0.051565 0.039913 0.052313 0.040524
5 14 51.609196 0.051863 0.039547 0.050931 0.039267
5 15 51.724136 0.050541 0.039043 0.050830 0.039551
5 16 51.839081 0.051371 0.039210 0.050304 0.038330
5 17 51.954021 0.052826 0.040044 0.052062 0.039394
5 18 52.068966 0.050617 0.039306 0.051439 0.039671
5 19 52.183907 0.050783 0.039489 0.050455 0.039101
5 20 52.298851 0.049908 0.039014 0.050013 0.038770
5 21 52.413792 0.050723 0.039620 0.051549 0.039788
5 22 52.528736 0.051324 0.039624 0.050426 0.039120
5 23 52.643677 0.051143 0.039483 0.050791 0.039411
5 24 52.758621 0.051302 0.039445 0.050801 0.039074
5 25 52.873562 0.051506 0.039178 0.051457 0.039706
5 26 52.988506 0.051046 0.039595 0.050368 0.039007
5 27 53.103447 0.051037 0.039567 0.052702 0.040434
5 28 53.218391 0.051050 0.039428 0.051230 0.039450
5 29 53.333332 0.051780 0.039885 0.050711 0.039299
5 30 53.448277 0.051173 0.039588 0.049347 0.038262
5 31 53.563217 0.050599 0.039085 0.051401 0.039432
5 32 53.678162 0.051159 0.039553 0.049869 0.038714
5 33 53.793102 0.049873 0.038875 0.050382 0.039172
5 34 53.908047 0.051855 0.039182 0.053198 0.040736
5 35 54.022987 0.049676 0.038589 0.049401 0.038384
5 36 54.137932 0.050478 0.039327 0.050175 0.039077
5 37 54.252872 0.050946 0.039375 0.049897 0.038535
5 38 54.367817 0.050916 0.039344 0.051649 0.039949
5 39 54.482758 0.050035 0.038390 0.050653 0.038847
5 40 54.597702 0.049644 0.038374 0.050775 0.039582
5 41 54.712643 0.049703 0.038616 0.050348 0.039049
5 42 54.827587 0.051616 0.039737 0.051653 0.039990
5 43 54.942528 0.051930 0.039711 0.050410 0.038722
5 44 55.057472 0.050665 0.039176 0.051246 0.039687
5 45 55.172413 0.051780 0.038654 0.051897 0.039145
5 46 55.287357 0.049977 0.038513 0.050766 0.039539
5 47 55.402298 0.051672 0.039877 0.050538 0.038873
5 48 55.517242 0.050614 0.039481 0.051146 0.039666
5 49 55.632183 0.051485 0.039555 0.049843 0.039195
5 50 55.747128 0.050621 0.039287 0.052182 0.040091
5 51 55.862068 0.049908 0.038308 0.051305 0.040066
5 52 55.977013 0.050938 0.039368 0.051747 0.039303
5 53 56.091953 0.051875 0.040091 0.051115 0.039199
5 54 56.206898 0.050860 0.039180 0.049668 0.038455
5 55 56.321838 0.051493 0.039629 0.050851 0.039665
5 56 56.436783 0.051895 0.039908 0.051668 0.039734
5 57 56.551723 0.051903 0.039850 0.051955 0.039880
5 58 56.666668 0.050860 0.039087 0.051487 0.039825
5 59 56.781609 0.050282 0.039116 0.048971 0.038477
5 60 56.896553 0.050391 0.038995 0.050962 0.039557
5 61 57.011494 0.051521 0.039607 0.052174 0.039866
5 62 57.126438 0.051114 0.039947 0.051088 0.039664
5 63 57.241379 0.050562 0.038785 0.051160 0.039027
5 64 57.356323 0.050258 0.039040 0.050924 0.039686
5 65 57.471264 0.051942 0.039741 0.051832 0.039814
5 66 57.586208 0.049907 0.039117 0.050213 0.039246
5 67 57.701149 0.050895 0.039400 0.049058 0.038136
5 68 57.816093 0.050925 0.039763 0.050326 0.038885
5 69 57.931034 0.049752 0.038444 0.050875 0.039973
5 70 58.045979 0.050389 0.039320 0.050140 0.039202
5 71 58.160919 0.051377 0.039510 0.051121 0.039231
5 72 58.275864 0.051306 0.039741 0.051890 0.040100
5 73 58.390804 0.049509 0.038430 0.050732 0.039317
5 74 58.505749 0.052597 0.040207 0.051742 0.040111
5 75 58.620689 0.050621 0.039241 0.048918 0.037981
5 76 58.735634 0.050542 0.039092 0.050899 0.039132
5 77 58.850574 0.050610 0.038645 0.051776 0.039764
5 78 58.965519 0.051460 0.039956 0.051306 0.039586
5 79 59.080460 0.050452 0.039491 0.050367 0.039086
5 80 59.195404 0.050826 0.038949 0.051256 0.039383
5 81 59.310345 0.050286 0.039023 0.050761 0.039218
5 82 59.425289 0.050712 0.039492 0.050242 0.039105
5 83 59.540230 0.051249 0.039418 0.051849 0.040128
5 84 59.655174 0.049908 0.038571 0.051399 0.039834
5 85 59.770115 0.050803 0.038816 0.051214 0.039478
5 86 59.885059 0.050154 0.039038 0.049939 0.038900
6 0 60.000000 0.050411 0.039035 0.050759 0.039484
6 1 60.114941 0.051220 0.039733 0.051650 0.039964
6 2 60.229885 0.050404 0.039212 0.051484 0.039743
6 3 60.344826 0.050518 0.039005 0.050920 0.039400
6 4 60.459770 0.048889 0.038031 0.051222 0.039823
6 5 60.574711 0.050246 0.038838 0.049235 0.038518
6 6 60.689655 0.050251 0.039009 0.050015 0.038930
6 7 60.804596 0.050369 0.039134 0.051237 0.040334
6 8 60.919540 0.050685 0.039174 0.049970 0.038980
6 9 61.034481 0.049017 0.038200 0.050461 0.039311
6 10 61.149426 0.052138 0.039587 0.051752 0.039378
6 11 61.264366 0.051201 0.039692 0.050363 0.039160
6 12 61.379311 0.051451 0.039558 0.050364 0.039064
6 13 61.494251 0.051967 0.040042 0.050652 0.039358
6 14 61.609196 0.049731 0.038321 0.050994 0.039598
6 15 61.724136 0.052180 0.040262 0.050333 0.038623
6 16 61.839081 0.049885 0.038695 0.049886 0.039141
6 17 61.954021 0.051858 0.039879 0.050370 0.039003
6 18 62.068966 0.049518 0.038162 0.050824 0.039352
6 19 62.183907 0.052574 0.040256 0.050884 0.038644
6 20 62.298851 0.050295 0.039175 0.051371 0.040203
6 21 62.413792 0.051363 0.039722 0.050442 0.039332
6 22 62.528736 0.050215 0.038694 0.050579 0.039417
6 23 62.643677 0.051360 0.039841 0.050508 0.039159
6 24 62.758621 0.050493 0.038789 0.049833 0.038148
6 25 62.873562 0.050601 0.038682 0.051765 0.039296
6 26 62.988506 0.050420 0.039322 0.051014 0.039787
6 27 63.103447 0.051705 0.039529 0.051489 0.039341
6 28 63.218391 0.051256 0.039486 0.050408 0.038999
6 29 63.333332 0.050356 0.039279 0.050399 0.038982
6 30 63.448277 0.051183 0.039789 0.050617 0.039426
6 31 63.563217 0.050230 0.039155 0.051898 0.039920
6 32 63.678162 0.051399 0.039664 0.050699 0.038899
6 33 63.793102 0.049238 0.038071 0.051106 0.039712
6 34 63.908047 0.050867 0.039275 0.049817 0.038995
6 35 64.022987 0.051034 0.039282 0.050862 0.039244
6 36 64.137932 0.051198 0.039648 0.051604 0.039931
6 37 64.252876 0.051070 0.039330 0.051253 0.039325
6 38 64.367813 0.049681 0.038733 0.050242 0.039225
6 39 64.482758 0.050557 0.038916 0.050890 0.038846
6 40 64.597702 0.050996 0.039125 0.053178 0.040536
6 41 64.712646 0.051132 0.039866 0.051002 0.039274
6 42 64.827583 0.051767 0.039352 0.051081 0.039073
6 43 64.942528 0.051513 0.039466 0.051588 0.039322
6 44 65.057472 0.050855 0.039656 0.052380 0.040243
6 45 65.172417 0.050796 0.039359 0.050599 0.039073
6 46 65.287354 0.049574 0.038635 0.049274 0.038117
6 47 65.402298 0.050744 0.039343 0.050437 0.039207
6 48 65.517242 0.050832 0.039606 0.050401 0.038831
6 49 65.632187 0.050062 0.038593 0.050652 0.039360
6 50 65.747124 0.049713 0.038726 0.050261 0.038894
6 51 65.862068 0.050540 0.039106 0.051183 0.039838
6 52 65.977013 0.051275 0.039629 0.051018 0.038895
6 53 66.091957 0.050261 0.039240 0.050187 0.038861
6 54 66.206894 0.050865 0.039379 0.051261 0.039610
6 55 66.321838 0.050669 0.039332 0.050148 0.038757
6 56 66.436783 0.051578 0.039516 0.051104 0.039137
6 57 66.551727 0.049777 0.038658 0.051006 0.039429
6 58 66.666664 0.049055 0.037992 0.049647 0.038384
6 59 66.781609 0.050546 0.039494 0.049895 0.039060
6 60 66.896553 0.050922 0.039088 0.052084 0.039967
6 61 67.011497 0.052283 0.040271 0.052453 0.040252
6 62 67.126434 0.050034 0.039066 0.051182 0.039899
6 63 67.241379 0.050938 0.039599 0.050746 0.039798
6 64 67.356323 0.050247 0.038853 0.049773 0.039166
6 65 67.471268 0.051027 0.039642 0.051529 0.040043
6 66 67.586205 0.051671 0.039853 0.051963 0.039590
6 67 67.701149 0.049070 0.038493 0.050231 0.039107
6 68 67.816093 0.050058 0.038987 0.050208 0.039118
6 69 67.931038 0.049841 0.038343 0.049844 0.038818
6 70 68.045975 0.049978 0.038960 0.050637 0.039648
6 71 68.160919 0.052199 0.040032 0.050419 0.038813
6 72 68.275864 0.051324 0.039663 0.051570 0.040528
6 73 68.390808 0.051169 0.039743 0.050693 0.039399
6 74 68.505745 0.050066 0.039262 0.050040 0.039066
6 75 68.620689 0.049683 0.039066 0.049458 0.038683
6 76 68.735634 0.050797 0.039596 0.050818 0.039448
6 77 68.850578 0.051021 0.039333 0.051382 0.039400
6 78 68.965515 0.049084 0.038637 0.049780 0.038959
6 79 69.080460 0.051055 0.039594 0.050402 0.038833
6 80 69.195404 0.052455 0.039717 0.052124 0.039396
6 81 69.310349 0.050754 0.039708 0.051039 0.039532
6 82 69.425285 0.049924 0.038802 0.050956 0.039496
6 83 69.540230 0.049554 0.039009 0.050469 0.039369
6 84 69.655174 0.050878 0.039194 0.050278 0.039134
6 85 69.770119 0.050355 0.038859 0.050039 0.039109
6 86 69.885056 0.051227 0.039366 0.051253 0.039345
7 0 70.000000 0.049635 0.038844 0.049247 0.038292
7 1 70.114944 0.051460 0.039846 0.050225 0.039029
7 2 70.229881 0.051066 0.039261 0.050104 0.038890
7 3 70.344826 0.051310 0.039966 0.051169 0.039887
7 4 70.459770 0.050470 0.039114 0.052669 0.040179
7 5 70.574715 0.050333 0.038962 0.050499 0.038961
7 6 70.689651 0.051031 0.039230 0.051587 0.039984
7 7 70.804596 0.050512 0.039296 0.050833 0.039370
7 8 70.919540 0.050618 0.039082 0.050604 0.038960
7 9 71.034485 0.051974 0.039943 0.051017 0.039615
7 10 71.149422 0.050986 0.039319 0.050857 0.039075
7 11 71.264366 0.050402 0.038919 0.050849 0.039350
7 12 71.379311 0.051523 0.040240 0.050049 0.038970
7 13 71.494255 0.050326 0.039282 0.050444 0.039324
7 14 71.609192 0.051292 0.039466 0.050272 0.038627
7 15 71.724136 0.051398 0.039617 0.051204 0.039647
7 16 71.839081 0.050401 0.039017 0.050048 0.038857
7 17 71.954025 0.051154 0.039192 0.051326 0.039625
7 18 72.068962 0.050660 0.039472 0.050660 0.039013
7 19 72.183907 0.050262 0.039205 0.051220 0.039851
7 20 72.298851 0.051782 0.039745 0.051184 0.039527
7 21 72.413795 0.049852 0.038863 0.049549 0.038732
7 22 72.528732 0.051101 0.039331 0.051141 0.039449
7 23 72.643677 0.051265 0.039613 0.050554 0.039084
7 24 72.758621 0.049403 0.038586 0.050762 0.038893
7 25 72.873566 0.051337 0.039533 0.050736 0.039609
7 26 72.988503 0.050200 0.038910 0.051604 0.039938
7 27 73.103447 0.051034 0.039277 0.050768 0.039231
7 28 73.218391 0.050176 0.038797 0.050137 0.039105
7 29 73.333336 0.049813 0.038421 0.050379 0.039384
7 30 73.448273 0.050916 0.039299 0.050827 0.039626
7 31 73.563217 0.051248 0.039434 0.051146 0.039109
7 32 73.678162 0.051099 0.039333 0.051643 0.039485
7 33 73.793106 0.050963 0.039692 0.050965 0.039535
7 34 73.908043 0.050703 0.039262 0.051316 0.039714
7 35 74.022987 0.051122 0.039373 0.050069 0.039352
7 36 74.137932 0.050202 0.038745 0.050486 0.038877
7 37 74.252876 0.051339 0.039808 0.050930 0.039391
7 38 74.367813 0.049434 0.038670 0.051168 0.039830
7 39 74.482758 0.049674 0.039306 0.049874 0.039010
7 40 74.597702 0.050220 0.039230 0.051539 0.039760
7 41 74.712646 0.050683 0.039285 0.050774 0.039347
7 42 74.827583 0.050117 0.039780 0.048812 0.038110
7 43 74.942528 0.051291 0.039549 0.049865 0.038558
7 44 75.057472 0.051195 0.039508 0.049643 0.038881
7 45 75.172417 0.050754 0.039310 0.050117 0.038891
7 46 75.287354 0.051519 0.039819 0.051240 0.039643
7 47 75.402298 0.049571 0.038508 0.049137 0.038418
7 48 75.517242 0.051008 0.039177 0.050856 0.039408
7 49 75.632187 0.049741 0.038425 0.049288 0.037972
7 50 75.747124 0.050935 0.039184 0.051427 0.039623
7 51 75.862068 0.050945 0.039276 0.051145 0.039688
7 52 75.977013 0.050787 0.039406 0.051018 0.039568
7 53 76.091957 0.048331 0.037607 0.049887 0.039039
7 54 76.206894 0.050737 0.039016 0.051840 0.040278
7 55 76.321838 0.050948 0.039818 0.050359 0.039136
7 56 76.436783 0.049718 0.038832 0.050383 0.039288
7 57 76.551727 0.049889 0.038782 0.050611 0.039590
7 58 76.666664 0.049908 0.038718 0.049170 0.038037
7 59 76.781609 0.050666 0.039298 0.050766 0.039186
7 60 76.896553 0.051231 0.039896 0.050904 0.039394
7 61 77.011497 0.052107 0.039539 0.052789 0.039789
7 62 77.126434 0.049961 0.038633 0.051065 0.039375
7 63 77.241379 0.050792 0.039727 0.051000 0.039418
7 64 77.356323 0.050392 0.039239 0.050857 0.039457
7 65 77.471268 0.049935 0.039263 0.050151 0.038965
7 66 77.586205 0.049563 0.038950 0.050789 0.039711
7 67 77.701149 0.050036 0.039040 0.050791 0.039737
7 68 77.816093 0.049467 0.038665 0.050955 0.039804
7 69 77.931038 0.050428 0.038800 0.051865 0.039661
7 70 78.045975 0.049935 0.039115 0.049560 0.038664
7 71 78.160919 0.049962 0.038766 0.050700 0.039116
7 72 78.275864 0.050292 0.039250 0.049418 0.038808
7 73 78.390808 0.050135 0.039117 0.049996 0.038821
7 74 78.505745 0.051495 0.039462 0.051619 0.039173
7 75 78.620689 0.050650 0.039238 0.050658 0.039013
7 76 78.735634 0.048359 0.038006 0.051137 0.040180
7 77 78.850578 0.050363 0.039391 0.049634 0.038868
7 78 78.965515 0.051579 0.039931 0.050207 0.039378
7 79 79.080460 0.050895 0.039499 0.050988 0.039151
7 80 79.195404 0.050657 0.039035 0.051106 0.039812
7 81 79.310349 0.049684 0.038896 0.050095 0.039048
7 82 79.425285 0.050106 0.038959 0.050344 0.039023
7 83 79.540230 0.050971 0.039205 0.050828 0.039006
7 84 79.655174 0.050929 0.039558 0.051173 0.039482
7 85 79.770119 0.049750 0.038665 0.050394 0.039464
7 86 79.885056 0.050657 0.038674 0.051623 0.039422
8 0 80.000000 0.050532 0.039353 0.049782 0.038388
8 1 80.114944 0.050658 0.039773 0.048882 0.038024
8 2 80.229881 0.050855 0.039398 0.049635 0.038930
8 3 80.344826 0.049883 0.038978 0.048528 0.037741
8 4 80.459770 0.049991 0.039099 0.050276 0.039075
8 5 80.574715 0.050294 0.038912 0.050613 0.039199
8 6 80.689651 0.049778 0.038758 0.050893 0.039864
8 7 80.804596 0.051056 0.040055 0.050461 0.039258
8 8 80.919540 0.050718 0.039556 0.050044 0.038825
8 9 81.034485 0.050152 0.039015 0.051400 0.039803
8 10 81.149422 0.050129 0.038795 0.049577 0.038338
8 11 81.264366 0.049984 0.038859 0.050202 0.039405
8 12 81.379311 0.051716 0.039308 0.051415 0.039064
8 13 81.494255 0.050044 0.039030 0.049807 0.039145
8 14 81.609192 0.050875 0.039051 0.050415 0.038889
8 15 81.724136 0.050481 0.039608 0.050011 0.038801
8 16 81.839081 0.050019 0.038652 0.052358 0.040305
8 17 81.954025 0.050309 0.039023 0.049706 0.039193
8 18 82.068962 0.049925 0.038884 0.050252 0.038849
8 19 82.183907 0.050164 0.039430 0.049508 0.038862
8 20 82.298851 0.049720 0.038412 0.049818 0.038853
8 21 82.413795 0.051010 0.039542 0.051429 0.039714
8 22 82.528732 0.051026 0.039350 0.050639 0.039487
8 23 82.643677 0.050657 0.039967 0.049058 0.038521
8 24 82.758621 0.050183 0.038465 0.049900 0.038564
8 25 82.873566 0.051516 0.040016 0.050462 0.039259
8 26 82.988503 0.050554 0.039137 0.050914 0.039329
8 27 83.103447 0.050974 0.039908 0.049794 0.039486
8 28 83.218391 0.050458 0.039645 0.049696 0.038918
8 29 83.333336 0.050649 0.039192 0.051206 0.039610
8 30 83.448273 0.049256 0.038161 0.051340 0.039905
8 31 83.563217 0.050662 0.039549 0.050852 0.039464
8 32 83.678162 0.050376 0.038913 0.049207 0.038468
8 33 83.793106 0.050264 0.038968 0.050524 0.039062
8 34 83.908043 0.049859 0.038835 0.049788 0.038826
8 35 84.022987 0.050724 0.039485 0.050821 0.039141
8 36 84.137932 0.052077 0.040281 0.050954 0.039787
8 37 84.252876 0.050342 0.039476 0.050577 0.039211
8 38 84.367813 0.050041 0.038793 0.050490 0.039160
8 39 84.482758 0.050081 0.038578 0.050039 0.038512
8 40 84.597702 0.049327 0.038604 0.050926 0.039413
8 41 84.712646 0.049772 0.038799 0.051958 0.040056
8 42 84.827583 0.049156 0.038547 0.050236 0.039364
8 43 84.942528 0.051110 0.039625 0.051140 0.039692
8 44 85.057472 0.049231 0.038362 0.050080 0.038864
8 45 85.172417 0.050004 0.039173 0.050908 0.039464
8 46 85.287354 0.049582 0.038242 0.049420 0.038419
8 47 85.402298 0.049747 0.039107 0.049901 0.038484
8 48 85.517242 0.049715 0.038893 0.050083 0.039070
8 49 85.632187 0.050487 0.039266 0.049918 0.038690
8 50 85.747124 0.051257 0.039896 0.051535 0.039417
8 51 85.862068 0.050199 0.038908 0.050444 0.039184
8 52 85.977013 0.050382 0.039056 0.051324 0.039469
8 53 86.091957 0.050490 0.039405 0.049168 0.038860
8 54 86.206894 0.049973 0.038508 0.050435 0.038912
8 55 86.321838 0.050889 0.039558 0.049183 0.038126
8 56 86.436783 0.051319 0.039833 0.050422 0.039767
8 57 86.551727 0.050950 0.039504 0.050390 0.038920
8 58 86.666664 0.050310 0.039073 0.050787 0.039338
8 59 86.781609 0.048951 0.038800 0.051377 0.040002
8 60 86.896553 0.050945 0.039496 0.051901 0.039900
8 61 87.011497 0.051087 0.039716 0.050007 0.039052
8 62 87.126434 0.051148 0.039574 0.049762 0.038466
8 63 87.241379 0.050464 0.039167 0.050197 0.038923
8 64 87.356323 0.050356 0.039387 0.050120 0.038841
8 65 87.471268 0.051498 0.039845 0.050928 0.039011
8 66 87.586205 0.051766 0.039384 0.051847 0.039722
8 67 87.701149 0.051577 0.039710 0.050534 0.038872
8 68 87.816093 0.051964 0.039624 0.051267 0.039436
8 69 87.931038 0.051207 0.039777 0.051027 0.039612
8 70 88.045975 0.051990 0.039469 0.051516 0.039412
8 71 88.160919 0.050839 0.039404 0.050261 0.039103
8 72 88.275864 0.050175 0.039007 0.050628 0.039686
8 73 88.390808 0.051245 0.039269 0.050279 0.039202
8 74 88.505745 0.050376 0.038791 0.050696 0.039296
8 75 88.620689 0.049351 0.038463 0.050544 0.039250
8 76 88.735634 0.049743 0.038462 0.049755 0.038769
8 77 88.850578 0.051309 0.039647 0.049720 0.038508
8 78 88.965515 0.050718 0.039174 0.051493 0.039964
8 79 89.080460 0.049915 0.038667 0.050340 0.039409
8 80 89.195404 0.051560 0.039250 0.052970 0.039618
8 81 89.310349 0.050768 0.039246 0.051262 0.039612
8 82 89.425285 0.051955 0.039885 0.051369 0.039148
8 83 89.540230 0.051321 0.039854 0.049691 0.038854
8 84 89.655174 0.050235 0.039325 0.050052 0.039182
8 85 89.770119 0.049355 0.038673 0.048447 0.038003
8 86 89.885056 0.050541 0.039346 0.049782 0.039029
9 0 90.000000 0.050258 0.039267 0.049627 0.038802
9 1 90.114944 0.050331 0.039252 0.050746 0.039558
9 2 90.229881 0.051230 0.039588 0.050975 0.039479
9 3 90.344826 0.050743 0.039718 0.050495 0.039568
9 4 90.459770 0.050672 0.039281 0.050857 0.039531
9 5 90.574715 0.050210 0.039132 0.050903 0.039518
9 6 90.689651 0.049994 0.038818 0.050842 0.039230
9 7 90.804596 0.051452 0.039769 0.049899 0.038760
9 8 90.919540 0.050440 0.039053 0.051593 0.040022
9 9 91.034485 0.051075 0.039835 0.050686 0.039155
9 10 91.149422 0.049849 0.039006 0.050498 0.039561
9 11 91.264366 0.048798 0.038285 0.049781 0.039352
9 12 91.379311 0.050325 0.039373 0.051865 0.040151
9 13 91.494255 0.050874 0.039464 0.049379 0.038229
9 14 91.609192 0.050024 0.038840 0.050409 0.039150
9 15 91.724136 0.049670 0.038743 0.049911 0.038801
9 16 91.839081 0.049480 0.038705 0.051164 0.039734
9 17 91.954025 0.049875 0.039116 0.051661 0.040120
9 18 92.068962 0.050851 0.039277 0.050058 0.038935
9 19 92.183907 0.051161 0.039310 0.051131 0.039199
9 20 92.298851 0.050468 0.039124 0.049645 0.038303
9 21 92.413795 0.050398 0.039078 0.050412 0.039402
9 22 92.528732 0.050395 0.039473 0.049933 0.039003
9 23 92.643677 0.050176 0.038809 0.052070 0.040398
9 24 92.758621 0.050210 0.039179 0.050137 0.038955
9 25 92.873566 0.051599 0.040013 0.050128 0.039145
9 26 92.988503 0.051593 0.040076 0.050347 0.039135
9 27 93.103447 0.051658 0.040275 0.049831 0.038641
9 28 93.218391 0.049801 0.038340 0.051262 0.039317
9 29 93.333336 0.050961 0.039869 0.049620 0.038701
9 30 93.448273 0.049437 0.038573 0.050070 0.038995
9 31 93.563217 0.049489 0.038495 0.049486 0.038787
9 32 93.678162 0.050463 0.039677 0.051612 0.039768
9 33 93.793106 0.050371 0.039462 0.050102 0.038890
9 34 93.908043 0.051187 0.040022 0.050036 0.039358
9 35 94.022987 0.050188 0.038878 0.050015 0.038846
9 36 94.137932 0.049702 0.038890 0.050040 0.039042
9 37 94.252876 0.052139 0.039741 0.050936 0.039568
9 38 94.367813 0.049195 0.038205 0.049966 0.039119
9 39 94.482758 0.049688 0.038835 0.050203 0.039320
9 40 94.597702 0.050679 0.038947 0.050348 0.038913
9 41 94.712646 0.050623 0.039299 0.050078 0.038968
9 42 94.827583 0.049759 0.038335 0.051249 0.039655
9 43 94.942528 0.049739 0.038601 0.050550 0.038850
9 44 95.057472 0.050358 0.039462 0.051475 0.039898
9 45 95.172417 0.050817 0.039210 0.050134 0.038780
9 46 95.287354 0.052035 0.040587 0.050422 0.039262
9 47 95.402298 0.051002 0.039508 0.050300 0.039267
9 48 95.517242 0.052668 0.039469 0.052361 0.039942
9 49 95.632187 0.049543 0.038431 0.050293 0.038887
9 50 95.747124 0.049773 0.038824 0.049693 0.038898
9 51 95.862068 0.050192 0.038807 0.051232 0.039660
9 52 95.977013 0.050323 0.039442 0.049554 0.039497
9 53 96.091957 0.051065 0.039595 0.050913 0.039243
9 54 96.206894 0.049866 0.038889 0.049013 0.038108
9 55 96.321838 0.050788 0.039911 0.050763 0.039329
9 56 96.436783 0.049724 0.039049 0.049965 0.039007
9 57 96.551727 0.050410 0.039291 0.050479 0.039313
9 58 96.666664 0.050377 0.039528 0.051202 0.039775
9 59 96.781609 0.051513 0.039438 0.050931 0.039329
9 60 96.896553 0.051337 0.039609 0.050457 0.039108
9 61 97.011497 0.050379 0.038799 0.049708 0.038535
9 62 97.126434 0.052210 0.040015 0.050253 0.039238
9 63 97.241379 0.050934 0.039072 0.051076 0.039486
9 64 97.356323 0.050402 0.039486 0.050101 0.039136
9 65 97.471268 0.049479 0.038405 0.049317 0.038203
9 66 97.586205 0.048844 0.038063 0.050354 0.038896
9 67 97.701149 0.049160 0.038458 0.049375 0.038878
9 68 97.816093 0.050595 0.039388 0.050588 0.039156
9 69 97.931038 0.050042 0.038633 0.050015 0.038936
9 70 98.045975 0.050086 0.038680 0.050460 0.039507
9 71 98.160919 0.050449 0.039507 0.051001 0.039933
9 72 98.275864 0.050710 0.039249 0.050666 0.039284
9 73 98.390808 0.049791 0.038727 0.049304 0.038424
9 74 98.505745 0.050653 0.039465 0.050144 0.038980
9 75 98.620689 0.050283 0.039082 0.049329 0.038253
9 76 98.735634 0.050420 0.038649 0.050279 0.038936
9 77 98.850578 0.049494 0.038556 0.050283 0.039398
9 78 98.965515 0.051037 0.039902 0.049123 0.038348
9 79 99.080460 0.050448 0.039168 0.050647 0.039348
9 80 99.195404 0.049309 0.038749 0.049996 0.039217
9 81 99.310349 0.050733 0.039680 0.050609 0.038986
9 82 99.425285 0.049722 0.038968 0.049903 0.038801
9 83 99.540230 0.049791 0.039051 0.050339 0.039282
9 84 99.655174 0.052703 0.040108 0.051085 0.039124
9 85 99.770119 0.049726 0.038868 0.049836 0.039221
9 86 99.885056 0.050939 0.039320 0.050057 0.039087
