0 0 0.000000 0.157975 0.104710 0.158326 0.104485
0 1 0.114943 0.138145 0.096639 0.138418 0.096667
0 2 0.229885 0.111120 0.077193 0.109672 0.075992
0 3 0.344828 0.093544 0.062907 0.093633 0.062683
0 4 0.459770 0.082384 0.056948 0.084337 0.058661
0 5 0.574713 0.080360 0.055406 0.079934 0.055034
0 6 0.689655 0.080041 0.054749 0.079170 0.054233
0 7 0.804598 0.075806 0.052286 0.075410 0.052026
0 8 0.919540 0.072031 0.049364 0.072932 0.049964
0 9 1.034483 0.070503 0.048933 0.071552 0.049591
0 10 1.149425 0.069983 0.048538 0.070415 0.048717
0 11 1.264368 0.071402 0.048224 0.071134 0.048008
0 12 1.379310 0.068153 0.047177 0.069723 0.048433
0 13 1.494253 0.068578 0.047801 0.069064 0.048017
0 14 1.609195 0.068641 0.046816 0.069271 0.047655
0 15 1.724138 0.066738 0.046020 0.065226 0.044836
0 16 1.839080 0.065761 0.046050 0.067037 0.046808
0 17 1.954023 0.064635 0.044860 0.065145 0.045094
0 18 2.068965 0.067935 0.046657 0.067923 0.047105
0 19 2.183908 0.064815 0.045594 0.064035 0.044959
0 20 2.298851 0.063756 0.044465 0.063914 0.044888
0 21 2.413793 0.062759 0.043934 0.063318 0.044860
0 22 2.528736 0.062255 0.043832 0.063436 0.044611
0 23 2.643678 0.066786 0.044243 0.068691 0.045117
0 24 2.758621 0.062955 0.044632 0.062672 0.044160
0 25 2.873563 0.060484 0.043093 0.062227 0.044217
0 26 2.988506 0.062094 0.044120 0.062312 0.044082
0 27 3.103448 0.061771 0.043663 0.062354 0.044157
0 28 3.218391 0.062905 0.043770 0.061177 0.042551
0 29 3.333333 0.058907 0.041746 0.060183 0.043036
0 30 3.448276 0.061613 0.042675 0.062001 0.043270
0 31 3.563218 0.061826 0.043556 0.061656 0.043525
0 32 3.678161 0.061733 0.043384 0.061387 0.042948
0 33 3.793103 0.060173 0.043054 0.061450 0.044264
0 34 3.908046 0.060866 0.043153 0.060597 0.042973
0 35 4.022988 0.060502 0.043103 0.060512 0.042938
0 36 4.137931 0.060754 0.043238 0.058376 0.041859
0 37 4.252873 0.060477 0.043328 0.060024 0.042206
0 38 4.367816 0.060895 0.042701 0.061363 0.043058
0 39 4.482759 0.062051 0.043813 0.061209 0.043454
0 40 4.597701 0.059846 0.042053 0.059307 0.041986
0 41 4.712644 0.060076 0.042788 0.060686 0.043153
0 42 4.827586 0.059402 0.042722 0.059965 0.042872
0 43 4.942529 0.058031 0.041983 0.059137 0.042646
0 44 5.057471 0.060261 0.043336 0.058180 0.041979
0 45 5.172414 0.059355 0.042490 0.059724 0.042674
0 46 5.287356 0.059008 0.042430 0.059966 0.042964
0 47 5.402299 0.058313 0.041862 0.059036 0.042845
0 48 5.517241 0.058105 0.042083 0.057372 0.041740
0 49 5.632184 0.063084 0.043547 0.061225 0.042217
0 50 5.747127 0.057737 0.041434 0.058876 0.042219
0 51 5.862069 0.058245 0.041862 0.058774 0.042302
0 52 5.977012 0.060527 0.042824 0.059730 0.041973
0 53 6.091954 0.059734 0.042240 0.059496 0.042338
0 54 6.206897 0.061766 0.044031 0.059139 0.042078
0 55 6.321839 0.058939 0.042286 0.059432 0.042682
0 56 6.436781 0.057793 0.041827 0.059154 0.043480
0 57 6.551724 0.057720 0.041460 0.059444 0.042342
0 58 6.666667 0.058672 0.042597 0.057294 0.040970
0 59 6.781609 0.063538 0.044531 0.062361 0.043846
0 60 6.896552 0.058021 0.041481 0.058884 0.041936
0 61 7.011494 0.058356 0.041434 0.058847 0.041403
0 62 7.126437 0.059965 0.042995 0.060035 0.042781
0 63 7.241379 0.058676 0.042233 0.057900 0.041535
0 64 7.356322 0.057204 0.041438 0.057117 0.041207
0 65 7.471264 0.057155 0.041685 0.056758 0.041514
0 66 7.586207 0.057753 0.041425 0.058817 0.041914
0 67 7.701149 0.057711 0.042015 0.057907 0.041797
0 68 7.816092 0.056812 0.041435 0.056165 0.041083
0 69 7.931035 0.058334 0.042590 0.057325 0.041898
0 70 8.045977 0.057341 0.041814 0.057711 0.042087
0 71 8.160919 0.055426 0.040543 0.057406 0.042204
0 72 8.275862 0.056318 0.041394 0.056968 0.041262
0 73 8.390804 0.057624 0.041013 0.058275 0.041756
0 74 8.505747 0.059122 0.042055 0.057275 0.041158
0 75 8.620689 0.058045 0.041570 0.058216 0.041640
0 76 8.735632 0.059254 0.042448 0.058825 0.042195
0 77 8.850574 0.058908 0.042675 0.058504 0.042034
0 78 8.965517 0.056629 0.041578 0.055596 0.040750
0 79 9.080460 0.057293 0.041269 0.057158 0.041136
0 80 9.195402 0.056363 0.040892 0.057537 0.041771
0 81 9.310345 0.056357 0.041350 0.056419 0.040913
0 82 9.425287 0.056720 0.041407 0.055642 0.041070
0 83 9.540230 0.059369 0.041459 0.057826 0.040814
0 84 9.655172 0.056813 0.040988 0.056980 0.041300
0 85 9.770115 0.057478 0.041827 0.056085 0.041180
0 86 9.885057 0.056927 0.040774 0.057555 0.041453
1 0 10.000000 0.055691 0.040766 0.057179 0.042082
1 1 10.114943 0.057047 0.041697 0.056077 0.041204
1 2 10.229885 0.056197 0.041298 0.055809 0.040752
1 3 10.344828 0.055476 0.040775 0.055164 0.040282
1 4 10.459770 0.055752 0.040751 0.057078 0.041671
1 5 10.574713 0.058233 0.041872 0.058612 0.041902
1 6 10.689655 0.056613 0.041367 0.056539 0.041329
1 7 10.804598 0.057268 0.041415 0.057781 0.041498
1 8 10.919540 0.055583 0.040700 0.055774 0.040644
1 9 11.034483 0.056274 0.040891 0.057354 0.041364
1 10 11.149426 0.055921 0.040147 0.057204 0.041076
1 11 11.264368 0.057510 0.041672 0.057983 0.041640
1 12 11.379311 0.056892 0.041064 0.057380 0.041326
1 13 11.494253 0.057710 0.041551 0.057388 0.040981
1 14 11.609196 0.056371 0.041110 0.057396 0.041716
1 15 11.724138 0.055753 0.040984 0.055701 0.040942
1 16 11.839081 0.056451 0.040711 0.057231 0.041817
1 17 11.954023 0.056129 0.041210 0.056548 0.041493
1 18 12.068966 0.055787 0.041055 0.055152 0.040466
1 19 12.183908 0.057339 0.041487 0.056649 0.040583
1 20 12.298851 0.055784 0.040837 0.055429 0.040755
1 21 12.413794 0.055837 0.041163 0.056029 0.041817
1 22 12.528735 0.056488 0.041203 0.056180 0.040812
1 23 12.643678 0.055138 0.040796 0.055320 0.040731
1 24 12.758620 0.056620 0.041824 0.056083 0.041277
1 25 12.873563 0.056209 0.040004 0.057425 0.041141
1 26 12.988505 0.056950 0.040843 0.057042 0.040829
1 27 13.103448 0.056036 0.040713 0.056102 0.041236
1 28 13.218390 0.056274 0.041169 0.057186 0.041510
1 29 13.333333 0.056267 0.041551 0.055347 0.040601
1 30 13.448276 0.056669 0.041347 0.056034 0.040525
1 31 13.563218 0.056183 0.041155 0.056191 0.041127
1 32 13.678161 0.054769 0.040472 0.054877 0.040403
1 33 13.793103 0.055102 0.041204 0.054614 0.040111
1 34 13.908046 0.057208 0.041648 0.056275 0.041469
1 35 14.022988 0.055863 0.041602 0.054974 0.040598
1 36 14.137931 0.055589 0.040614 0.055116 0.040492
1 37 14.252873 0.054294 0.040808 0.054819 0.040805
1 38 14.367816 0.054484 0.040645 0.055294 0.041208
1 39 14.482759 0.056471 0.040283 0.057164 0.040882
1 40 14.597701 0.055980 0.040933 0.055420 0.040683
1 41 14.712644 0.055951 0.040717 0.055751 0.040788
1 42 14.827586 0.053786 0.040305 0.054990 0.040874
1 43 14.942529 0.058549 0.041617 0.056749 0.040766
1 44 15.057471 0.055621 0.040976 0.055692 0.040547
1 45 15.172414 0.055096 0.040746 0.055446 0.040834
1 46 15.287356 0.055410 0.041188 0.056089 0.041663
1 47 15.402299 0.054529 0.040365 0.054869 0.040878
1 48 15.517241 0.056639 0.041088 0.055670 0.040335
1 49 15.632184 0.058931 0.042179 0.059250 0.042370
1 50 15.747127 0.055785 0.041712 0.055184 0.040788
1 51 15.862069 0.054629 0.040420 0.055290 0.040810
1 52 15.977012 0.055458 0.040864 0.056841 0.041971
1 53 16.091953 0.058852 0.040917 0.058448 0.040792
1 54 16.206896 0.056502 0.040298 0.056931 0.040562
1 55 16.321838 0.054672 0.040240 0.054580 0.039567
1 56 16.436781 0.057375 0.040870 0.057406 0.041146
1 57 16.551723 0.054827 0.040221 0.055446 0.040540
1 58 16.666666 0.054011 0.040146 0.053737 0.039808
1 59 16.781609 0.054641 0.040406 0.055105 0.041142
1 60 16.896551 0.058662 0.041094 0.059097 0.041372
1 61 17.011494 0.056456 0.040579 0.056271 0.040834
1 62 17.126436 0.054706 0.040926 0.055878 0.041193
1 63 17.241379 0.055893 0.041002 0.055520 0.040559
1 64 17.356321 0.055185 0.040779 0.053952 0.040500
1 65 17.471264 0.054667 0.040991 0.054024 0.040271
1 66 17.586206 0.052813 0.039254 0.053914 0.040883
1 67 17.701149 0.056209 0.040546 0.055545 0.040896
1 68 17.816092 0.056241 0.040805 0.056487 0.041045
1 69 17.931034 0.054876 0.040542 0.054301 0.040288
1 70 18.045977 0.053382 0.039635 0.053380 0.040268
1 71 18.160919 0.053227 0.039844 0.053617 0.040013
1 72 18.275862 0.054347 0.040252 0.054602 0.040670
1 73 18.390804 0.054859 0.040911 0.055122 0.040762
1 74 18.505747 0.054568 0.040406 0.054849 0.040369
1 75 18.620689 0.055809 0.040417 0.055469 0.040022
1 76 18.735632 0.054250 0.041093 0.054657 0.040595
1 77 18.850574 0.056126 0.040695 0.055630 0.040496
1 78 18.965517 0.055509 0.041090 0.053846 0.040081
1 79 19.080460 0.054234 0.040462 0.054490 0.040476
1 80 19.195402 0.054510 0.040712 0.054260 0.040041
1 81 19.310345 0.054711 0.040521 0.054388 0.040451
1 82 19.425287 0.054751 0.040544 0.054525 0.040475
1 83 19.540230 0.055167 0.040316 0.055870 0.040901
1 84 19.655172 0.058316 0.040452 0.058632 0.041338
1 85 19.770115 0.054757 0.040634 0.053758 0.040234
1 86 19.885057 0.053455 0.040236 0.053093 0.039585
2 0 20.000000 0.055377 0.041132 0.054818 0.040819
2 1 20.114943 0.052913 0.039593 0.053632 0.040316
2 2 20.229885 0.053275 0.039981 0.053895 0.040555
2 3 20.344828 0.054377 0.040452 0.052304 0.039207
2 4 20.459770 0.054675 0.040495 0.054023 0.040473
2 5 20.574713 0.054136 0.039632 0.055049 0.040082
2 6 20.689655 0.053303 0.039527 0.053471 0.040208
2 7 20.804598 0.054632 0.040737 0.053930 0.039743
2 8 20.919540 0.054671 0.040768 0.054556 0.040947
2 9 21.034483 0.053936 0.040050 0.054591 0.040472
2 10 21.149426 0.054380 0.040093 0.054693 0.040919
2 11 21.264368 0.055576 0.040332 0.056292 0.041267
2 12 21.379311 0.054506 0.040734 0.053014 0.039706
2 13 21.494253 0.055577 0.040043 0.055806 0.040494
2 14 21.609196 0.054272 0.040654 0.054154 0.040403
2 15 21.724138 0.054264 0.039817 0.054266 0.040382
2 16 21.839081 0.055004 0.040728 0.054470 0.039977
2 17 21.954023 0.055018 0.040874 0.054531 0.040247
2 18 22.068966 0.054381 0.040215 0.054174 0.039670
2 19 22.183908 0.054586 0.040584 0.053735 0.040069
2 20 22.298851 0.053713 0.040228 0.054042 0.040303
2 21 22.413794 0.056046 0.041642 0.055530 0.040729
2 22 22.528736 0.054383 0.040757 0.053574 0.040302
2 23 22.643679 0.054571 0.040674 0.054092 0.039752
2 24 22.758621 0.053099 0.040025 0.054012 0.040173
2 25 22.873564 0.053097 0.039649 0.053196 0.040172
2 26 22.988506 0.056135 0.040482 0.055693 0.040284
2 27 23.103449 0.054094 0.040457 0.053525 0.039525
2 28 23.218391 0.054643 0.041106 0.054561 0.040435
2 29 23.333334 0.053375 0.039989 0.052884 0.039724
2 30 23.448277 0.054502 0.040472 0.053980 0.040759
2 31 23.563219 0.053562 0.040187 0.053146 0.040043
2 32 23.678162 0.054250 0.039965 0.054000 0.039975
2 33 23.793104 0.053540 0.040551 0.052106 0.039223
2 34 23.908047 0.052399 0.039326 0.054413 0.040867
2 35 24.022989 0.054873 0.040835 0.054025 0.040009
2 36 24.137932 0.054682 0.040717 0.052752 0.039540
2 37 24.252874 0.053688 0.040676 0.052692 0.039544
2 38 24.367817 0.053693 0.039597 0.055234 0.040551
2 39 24.482759 0.053786 0.040446 0.053278 0.040007
2 40 24.597702 0.056560 0.041065 0.056632 0.041134
2 41 24.712645 0.054700 0.040717 0.054847 0.040830
2 42 24.827587 0.054039 0.040457 0.054009 0.040241
2 43 24.942530 0.053491 0.040540 0.054186 0.041074
2 44 25.057470 0.054201 0.040473 0.052927 0.039809
2 45 25.172413 0.054083 0.040380 0.054088 0.040802
2 46 25.287355 0.056112 0.040829 0.054840 0.040048
2 47 25.402298 0.053880 0.040372 0.053452 0.040151
2 48 25.517241 0.052749 0.039985 0.053856 0.040790
2 49 25.632183 0.052589 0.039386 0.053554 0.040349
2 50 25.747126 0.052966 0.039348 0.052946 0.039525
2 51 25.862068 0.054891 0.040770 0.053852 0.039958
2 52 25.977011 0.053372 0.040185 0.054633 0.040947
2 53 26.091953 0.053611 0.040162 0.053240 0.039985
2 54 26.206896 0.052275 0.039132 0.052656 0.039686
2 55 26.321838 0.054895 0.039853 0.054099 0.039296
2 56 26.436781 0.054332 0.040198 0.054239 0.039735
2 57 26.551723 0.053734 0.039754 0.054120 0.040241
2 58 26.666666 0.054251 0.040234 0.054281 0.040520
2 59 26.781609 0.051679 0.039376 0.052629 0.039907
2 60 26.896551 0.052827 0.039589 0.054232 0.040659
2 61 27.011494 0.054826 0.040725 0.054936 0.040561
2 62 27.126436 0.054320 0.040775 0.053923 0.040423
2 63 27.241379 0.052904 0.039965 0.053745 0.040398
2 64 27.356321 0.054176 0.040741 0.054846 0.041039
2 65 27.471264 0.052995 0.039931 0.053108 0.039894
2 66 27.586206 0.054333 0.040312 0.054221 0.040264
2 67 27.701149 0.052666 0.039410 0.054273 0.040564
2 68 27.816092 0.053869 0.040342 0.052263 0.039133
2 69 27.931034 0.052919 0.039580 0.053576 0.040262
2 70 28.045977 0.053260 0.040341 0.053711 0.040397
2 71 28.160919 0.053566 0.040099 0.053348 0.040116
2 72 28.275862 0.053755 0.040394 0.054381 0.040504
2 73 28.390804 0.056100 0.041329 0.055102 0.040773
2 74 28.505747 0.053838 0.040468 0.053698 0.040076
2 75 28.620689 0.053543 0.040725 0.053171 0.040084
2 76 28.735632 0.053032 0.039936 0.053039 0.040348
2 77 28.850574 0.051423 0.039080 0.052259 0.039340
2 78 28.965517 0.052875 0.039426 0.052938 0.039800
2 79 29.080460 0.054545 0.040407 0.054400 0.040334
2 80 29.195402 0.053531 0.040205 0.053140 0.040207
2 81 29.310345 0.052701 0.039906 0.052245 0.039577
2 82 29.425287 0.054424 0.040446 0.054260 0.040221
2 83 29.540230 0.055274 0.041451 0.055245 0.041270
2 84 29.655172 0.054526 0.040806 0.054018 0.040321
2 85 29.770115 0.052878 0.039580 0.051559 0.038774
2 86 29.885057 0.053929 0.040595 0.052857 0.039426
3 0 30.000000 0.053854 0.040387 0.053620 0.040601
3 1 30.114943 0.054698 0.039978 0.053608 0.038674
3 2 30.229885 0.052645 0.039894 0.053259 0.040233
3 3 30.344828 0.053988 0.040410 0.053316 0.039954
3 4 30.459770 0.052163 0.038979 0.054107 0.040364
3 5 30.574713 0.054676 0.039800 0.054728 0.039904
3 6 30.689655 0.052494 0.040266 0.052072 0.039945
3 7 30.804598 0.052605 0.039596 0.051430 0.038514
3 8 30.919540 0.053499 0.039978 0.053576 0.040076
3 9 31.034483 0.052748 0.039603 0.052372 0.039238
3 10 31.149426 0.055076 0.040914 0.056728 0.041561
3 11 31.264368 0.052521 0.039988 0.053067 0.040155
3 12 31.379311 0.055637 0.040795 0.055263 0.040647
3 13 31.494253 0.054651 0.040764 0.054965 0.041268
3 14 31.609196 0.053151 0.040097 0.052323 0.039331
3 15 31.724138 0.053138 0.040705 0.052486 0.039512
3 16 31.839081 0.053425 0.040103 0.053774 0.040481
3 17 31.954023 0.053059 0.040167 0.052444 0.039630
3 18 32.068966 0.053742 0.041044 0.053811 0.040397
3 19 32.183907 0.053738 0.040590 0.052992 0.039865
3 20 32.298851 0.052469 0.039700 0.053932 0.040850
3 21 32.413792 0.054418 0.040076 0.053738 0.039518
3 22 32.528736 0.052361 0.039191 0.054245 0.040942
3 23 32.643677 0.053528 0.040535 0.053623 0.040387
3 24 32.758621 0.053076 0.039983 0.053717 0.040534
3 25 32.873562 0.054799 0.039284 0.055780 0.040083
3 26 32.988506 0.055399 0.040300 0.055718 0.040536
3 27 33.103447 0.053993 0.040413 0.052250 0.039138
3 28 33.218391 0.051966 0.039418 0.052336 0.039655
3 29 33.333332 0.052818 0.040067 0.051990 0.039417
3 30 33.448277 0.052337 0.039694 0.053213 0.040286
3 31 33.563217 0.052584 0.039667 0.053821 0.040637
3 32 33.678162 0.053702 0.040342 0.052615 0.039642
3 33 33.793102 0.053552 0.040199 0.053180 0.039815
3 34 33.908047 0.054128 0.039971 0.054827 0.040491
3 35 34.022987 0.053783 0.040498 0.054072 0.040893
3 36 34.137932 0.053144 0.040126 0.052218 0.039770
3 37 34.252872 0.053213 0.039862 0.053550 0.039574
3 38 34.367817 0.053367 0.040344 0.053101 0.040454
3 39 34.482758 0.051922 0.039277 0.051669 0.039111
3 40 34.597702 0.054862 0.040228 0.053985 0.039633
3 41 34.712643 0.053685 0.040280 0.052758 0.039851
3 42 34.827587 0.052948 0.039743 0.053004 0.039755
3 43 34.942528 0.053163 0.039991 0.052659 0.039698
3 44 35.057472 0.052880 0.040384 0.052367 0.040032
3 45 35.172413 0.052841 0.040060 0.052959 0.039676
3 46 35.287357 0.054362 0.040022 0.053986 0.039910
3 47 35.402298 0.052940 0.039242 0.052460 0.039197
3 48 35.517242 0.052265 0.039696 0.053100 0.040308
3 49 35.632183 0.051628 0.039815 0.052995 0.040392
3 50 35.747128 0.052328 0.039684 0.053336 0.040307
3 51 35.862068 0.053217 0.040048 0.054247 0.040689
3 52 35.977013 0.052074 0.038859 0.054427 0.040427
3 53 36.091953 0.053279 0.040097 0.054001 0.040483
3 54 36.206898 0.055260 0.042221 0.052940 0.040006
3 55 36.321838 0.051451 0.039435 0.052546 0.040072
3 56 36.436783 0.052660 0.039608 0.051507 0.039135
3 57 36.551723 0.053393 0.039811 0.052935 0.040026
3 58 36.666668 0.051462 0.039172 0.052222 0.039683
3 59 36.781609 0.052550 0.040068 0.051678 0.039277
3 60 36.896553 0.051863 0.039323 0.051880 0.039390
3 61 37.011494 0.052907 0.040236 0.052962 0.040509
3 62 37.126438 0.053672 0.040515 0.052633 0.039791
3 63 37.241379 0.052199 0.040101 0.052553 0.040147
3 64 37.356323 0.051783 0.039610 0.052127 0.039284
3 65 37.471264 0.052849 0.040137 0.051978 0.039176
3 66 37.586208 0.052658 0.039341 0.053881 0.040275
3 67 37.701149 0.053727 0.040132 0.052249 0.039437
3 68 37.816093 0.051421 0.039110 0.051546 0.039017
3 69 37.931034 0.053776 0.040219 0.054078 0.040298
3 70 38.045979 0.052723 0.039933 0.053021 0.040161
3 71 38.160919 0.052872 0.039476 0.052832 0.039572
3 72 38.275864 0.052979 0.039845 0.053348 0.039746
3 73 38.390804 0.051899 0.039116 0.052819 0.039738
3 74 38.505749 0.052100 0.039538 0.052455 0.039278
3 75 38.620689 0.052489 0.039659 0.053352 0.040191
3 76 38.735634 0.052838 0.039806 0.052186 0.039553
3 77 38.850574 0.052833 0.039970 0.052206 0.039264
3 78 38.965519 0.052214 0.039920 0.052620 0.040199
3 79 39.080460 0.052000 0.039277 0.053432 0.040560
3 80 39.195404 0.054758 0.041067 0.052672 0.039284
3 81 39.310345 0.053272 0.040467 0.052503 0.040029
3 82 39.425289 0.051823 0.039230 0.050957 0.038862
3 83 39.540230 0.051567 0.039217 0.051989 0.039513
3 84 39.655174 0.052525 0.039754 0.052838 0.040333
3 85 39.770115 0.052532 0.039724 0.053154 0.040297
3 86 39.885059 0.052785 0.040159 0.051389 0.039641
4 0 40.000000 0.050838 0.038468 0.052461 0.039811
4 1 40.114941 0.053025 0.039550 0.052813 0.039543
4 2 40.229885 0.052585 0.040129 0.051791 0.039576
4 3 40.344826 0.052198 0.039331 0.051947 0.039170
4 4 40.459770 0.052992 0.040128 0.051437 0.039153
4 5 40.574711 0.051704 0.039180 0.052417 0.039687
4 6 40.689655 0.052500 0.039686 0.051406 0.039119
4 7 40.804596 0.051643 0.038924 0.052942 0.040443
4 8 40.919540 0.051556 0.039065 0.052251 0.040077
4 9 41.034481 0.051341 0.039233 0.052297 0.039242
4 10 41.149426 0.052329 0.040137 0.051901 0.039277
4 11 41.264366 0.052798 0.039390 0.052340 0.039732
4 12 41.379311 0.053740 0.040540 0.052652 0.039179
4 13 41.494251 0.053220 0.040008 0.052476 0.039412
4 14 41.609196 0.051627 0.039370 0.052477 0.040124
4 15 41.724136 0.053042 0.040798 0.053304 0.040831
4 16 41.839081 0.052535 0.040051 0.052260 0.039701
4 17 41.954021 0.052546 0.039575 0.052883 0.039871
4 18 42.068966 0.053036 0.039300 0.053066 0.039671
4 19 42.183907 0.053087 0.039939 0.052493 0.039776
4 20 42.298851 0.051765 0.039148 0.051875 0.039442
4 21 42.413792 0.052811 0.039903 0.052934 0.040437
4 22 42.528736 0.052654 0.040106 0.051504 0.039438
4 23 42.643677 0.052206 0.039986 0.052041 0.039789
4 24 42.758621 0.051979 0.039366 0.054056 0.040735
4 25 42.873562 0.051908 0.039484 0.051687 0.039218
4 26 42.988506 0.053833 0.040563 0.053107 0.039582
4 27 43.103447 0.052229 0.039740 0.052915 0.040297
4 28 43.218391 0.052359 0.039817 0.052640 0.039842
4 29 43.333332 0.052038 0.039667 0.052087 0.039850
4 30 43.448277 0.052577 0.039846 0.052062 0.039590
4 31 43.563217 0.052007 0.039880 0.053670 0.041217
4 32 43.678162 0.051872 0.039710 0.051024 0.038889
4 33 43.793102 0.050644 0.038833 0.052036 0.039946
4 34 43.908047 0.052641 0.040202 0.052170 0.039896
4 35 44.022987 0.051260 0.038861 0.052467 0.039672
4 36 44.137932 0.053241 0.039847 0.053863 0.040081
4 37 44.252872 0.052873 0.039713 0.052759 0.039703
4 38 44.367817 0.052062 0.039671 0.052642 0.040105
4 39 44.482758 0.051701 0.039258 0.053134 0.040329
4 40 44.597702 0.053150 0.040022 0.053328 0.040420
4 41 44.712643 0.052028 0.039577 0.050968 0.038880
4 42 44.827587 0.054240 0.040382 0.052877 0.039745
4 43 44.942528 0.052562 0.039328 0.051650 0.039240
4 44 45.057472 0.052325 0.040225 0.052263 0.039681
4 45 45.172413 0.052191 0.039538 0.053153 0.039773
4 46 45.287357 0.051514 0.038955 0.051401 0.038996
4 47 45.402298 0.052982 0.040093 0.052847 0.039958
4 48 45.517242 0.052468 0.040001 0.053075 0.040484
4 49 45.632183 0.053212 0.040186 0.051524 0.038923
4 50 45.747128 0.052742 0.040020 0.054018 0.040784
4 51 45.862068 0.052505 0.039923 0.052712 0.039886
4 52 45.977013 0.052675 0.040054 0.052478 0.040160
4 53 46.091953 0.051869 0.039284 0.052900 0.040182
4 54 46.206898 0.052877 0.040288 0.051641 0.039390
4 55 46.321838 0.050711 0.038777 0.052558 0.040143
4 56 46.436783 0.051966 0.039424 0.051905 0.039418
4 57 46.551723 0.052134 0.039721 0.052319 0.039991
4 58 46.666668 0.052188 0.039231 0.052027 0.039220
4 59 46.781609 0.052963 0.040571 0.051405 0.039313
4 60 46.896553 0.051467 0.039052 0.052273 0.039640
4 61 47.011494 0.052340 0.039869 0.052999 0.040194
4 62 47.126438 0.052831 0.040288 0.053548 0.040788
4 63 47.241379 0.051973 0.039477 0.051591 0.038618
4 64 47.356323 0.052576 0.039728 0.053528 0.040404
4 65 47.471264 0.053148 0.040318 0.053297 0.040473
4 66 47.586208 0.052522 0.039840 0.053017 0.040162
4 67 47.701149 0.052098 0.039152 0.052678 0.039954
4 68 47.816093 0.051171 0.039135 0.052605 0.040136
4 69 47.931034 0.052305 0.039789 0.052494 0.039713
4 70 48.045979 0.053383 0.040126 0.052474 0.039362
4 71 48.160919 0.051670 0.039490 0.053211 0.040492
4 72 48.275864 0.051508 0.039770 0.052553 0.040228
4 73 48.390804 0.053620 0.040371 0.053413 0.039888
4 74 48.505749 0.051641 0.039335 0.052372 0.039899
4 75 48.620689 0.052110 0.039760 0.051812 0.039778
4 76 48.735634 0.053051 0.040186 0.052059 0.039071
4 77 48.850574 0.051465 0.039212 0.052745 0.040114
4 78 48.965519 0.052777 0.039846 0.053102 0.040143
4 79 49.080460 0.052216 0.039248 0.054560 0.040261
4 80 49.195404 0.053289 0.040131 0.052508 0.039369
4 81 49.310345 0.051039 0.038644 0.053139 0.040797
4 82 49.425289 0.051561 0.039473 0.051856 0.039809
4 83 49.540230 0.051406 0.039230 0.051166 0.038853
4 84 49.655174 0.051370 0.039067 0.051470 0.039269
4 85 49.770115 0.051833 0.039436 0.052160 0.039874
4 86 49.885059 0.051615 0.039534 0.052423 0.040107
5 0 50.000000 0.052072 0.039646 0.053754 0.040518
5 1 50.114941 0.052924 0.039924 0.052540 0.039796
5 2 50.229885 0.052718 0.040108 0.052756 0.040075
5 3 50.344826 0.052594 0.039819 0.052524 0.039398
5 4 50.459770 0.051425 0.038978 0.051983 0.039759
5 5 50.574711 0.052301 0.039609 0.052252 0.039650
5 6 50.689655 0.052424 0.040038 0.051676 0.039412
5 7 50.804596 0.052084 0.040075 0.051409 0.039013
5 8 50.919540 0.050797 0.039030 0.051530 0.039783
5 9 51.034481 0.050708 0.038764 0.052768 0.040237
5 10 51.149426 0.051794 0.039330 0.052242 0.039734
5 11 51.264366 0.051971 0.040145 0.051369 0.039743
5 12 51.379311 0.052191 0.039808 0.052078 0.039440
5 13 51.494251 0.052236 0.039466 0.051069 0.038805
5 14 51.609196 0.051527 0.039336 0.052894 0.040689
5 15 51.724136 0.050510 0.038959 0.051753 0.039478
5 16 51.839081 0.052230 0.039968 0.051763 0.039429
5 17 51.954021 0.052191 0.039902 0.051917 0.039206
5 18 52.068966 0.052219 0.039466 0.054116 0.040793
5 19 52.183907 0.053934 0.040669 0.052730 0.039849
5 20 52.298851 0.051768 0.039489 0.052001 0.039741
5 21 52.413792 0.052552 0.039791 0.051806 0.039286
5 22 52.528736 0.052845 0.040221 0.052246 0.039961
5 23 52.643677 0.052089 0.039497 0.051957 0.039755
5 24 52.758621 0.051337 0.039121 0.051971 0.039362
5 25 52.873562 0.051773 0.039542 0.052227 0.040215
5 26 52.988506 0.052516 0.040375 0.051826 0.039674
5 27 53.103447 0.051974 0.040042 0.051319 0.039131
5 28 53.218391 0.053325 0.040638 0.052180 0.039939
5 29 53.333332 0.052884 0.040604 0.051688 0.039426
5 30 53.448277 0.051834 0.039474 0.053059 0.039996
5 31 53.563217 0.052716 0.040015 0.052493 0.040121
5 32 53.678162 0.053703 0.040630 0.051222 0.038504
5 33 53.793102 0.052899 0.039625 0.052541 0.039511
5 34 53.908047 0.051987 0.039434 0.052053 0.039476
5 35 54.022987 0.051790 0.039009 0.052153 0.039495
5 36 54.137932 0.051764 0.039886 0.051944 0.039613
5 37 54.252872 0.051843 0.039495 0.052499 0.040095
5 38 54.367817 0.051960 0.038953 0.051590 0.038864
5 39 54.482758 0.052033 0.039184 0.052823 0.039811
5 40 54.597702 0.052447 0.039567 0.052918 0.039718
5 41 54.712643 0.052552 0.040103 0.051942 0.039714
5 42 54.827587 0.051307 0.039135 0.050721 0.039191
5 43 54.942528 0.051437 0.039774 0.051205 0.039280
5 44 55.057472 0.052844 0.039789 0.052450 0.040005
5 45 55.172413 0.051456 0.039752 0.052810 0.040588
5 46 55.287357 0.050069 0.038686 0.051416 0.039346
5 47 55.402298 0.052231 0.040127 0.051875 0.040135
5 48 55.517242 0.053249 0.040336 0.051871 0.039128
5 49 55.632183 0.052311 0.040115 0.050663 0.039317
5 50 55.747128 0.051003 0.039066 0.051944 0.039905
5 51 55.862068 0.050062 0.038678 0.051533 0.039277
5 52 55.977013 0.051993 0.039345 0.053599 0.040516
5 53 56.091953 0.052100 0.039216 0.052498 0.039066
5 54 56.206898 0.052422 0.039369 0.053834 0.040505
5 55 56.321838 0.052433 0.039761 0.051692 0.039129
5 56 56.436783 0.051759 0.039594 0.050840 0.039203
5 57 56.551723 0.051576 0.038911 0.051595 0.039303
5 58 56.666668 0.051669 0.039180 0.052293 0.039804
5 59 56.781609 0.050594 0.038698 0.051236 0.039173
5 60 56.896553 0.051333 0.039408 0.051548 0.039674
5 61 57.011494 0.052149 0.039820 0.051364 0.039388
5 62 57.126438 0.051258 0.039503 0.050670 0.039230
5 63 57.241379 0.051608 0.039485 0.050817 0.039113
5 64 57.356323 0.052156 0.039812 0.051421 0.039321
5 65 57.471264 0.052357 0.039436 0.052251 0.039231
5 66 57.586208 0.051922 0.039681 0.051146 0.039097
5 67 57.701149 0.051018 0.038848 0.051251 0.039601
5 68 57.816093 0.052975 0.040401 0.053059 0.039895
5 69 57.931034 0.052259 0.039929 0.053066 0.040802
5 70 58.045979 0.050418 0.039070 0.053034 0.040809
5 71 58.160919 0.051350 0.039213 0.051762 0.039382
5 72 58.275864 0.052302 0.039565 0.051781 0.039320
5 73 58.390804 0.051288 0.039001 0.051675 0.039312
5 74 58.505749 0.051596 0.039339 0.051252 0.039287
5 75 58.620689 0.053437 0.040967 0.051987 0.039844
5 76 58.735634 0.052369 0.039608 0.052626 0.039966
5 77 58.850574 0.052483 0.040199 0.051645 0.039596
5 78 58.965519 0.052272 0.039860 0.052270 0.039830
5 79 59.080460 0.050973 0.039258 0.051752 0.039881
5 80 59.195404 0.050475 0.039177 0.050561 0.038783
5 81 59.310345 0.053071 0.040524 0.052820 0.040293
5 82 59.425289 0.051290 0.039066 0.051106 0.038679
5 83 59.540230 0.051887 0.039432 0.051081 0.038879
5 84 59.655174 0.052155 0.039315 0.052951 0.040183
5 85 59.770115 0.051516 0.039559 0.052558 0.040143
5 86 59.885059 0.050775 0.039434 0.050443 0.038848
6 0 60.000000 0.051715 0.039471 0.051315 0.039202
6 1 60.114941 0.052051 0.039266 0.054363 0.040618
6 2 60.229885 0.051081 0.039153 0.051651 0.039800
6 3 60.344826 0.051256 0.039634 0.051114 0.039181
6 4 60.459770 0.050485 0.038989 0.050660 0.038686
6 5 60.574711 0.051177 0.039288 0.050939 0.039635
6 6 60.689655 0.051054 0.038935 0.051877 0.039402
6 7 60.804596 0.051291 0.039222 0.050900 0.039373
6 8 60.919540 0.051864 0.040037 0.051292 0.039632
6 9 61.034481 0.050575 0.038805 0.052641 0.040170
6 10 61.149426 0.052237 0.039548 0.051241 0.039165
6 11 61.264366 0.052072 0.039388 0.052146 0.040023
6 12 61.379311 0.052181 0.040194 0.051594 0.039736
6 13 61.494251 0.051965 0.039899 0.052159 0.039868
6 14 61.609196 0.050771 0.039066 0.051347 0.039198
6 15 61.724136 0.052787 0.039951 0.052335 0.039864
6 16 61.839081 0.051692 0.039978 0.051784 0.039995
6 17 61.954021 0.050862 0.038872 0.051449 0.039247
6 18 62.068966 0.051285 0.039403 0.050254 0.038629
6 19 62.183907 0.052411 0.039722 0.052043 0.039180
6 20 62.298851 0.051257 0.039934 0.051213 0.039394
6 21 62.413792 0.051808 0.039616 0.051191 0.039139
6 22 62.528736 0.051899 0.039781 0.051496 0.039524
6 23 62.643677 0.051745 0.039434 0.051362 0.039089
6 24 62.758621 0.051407 0.039296 0.052199 0.039927
6 25 62.873562 0.050704 0.039319 0.051880 0.039956
6 26 62.988506 0.051882 0.040250 0.051320 0.039672
6 27 63.103447 0.051652 0.039779 0.052073 0.040558
6 28 63.218391 0.050016 0.038567 0.052450 0.040295
6 29 63.333332 0.051436 0.039772 0.051935 0.039957
6 30 63.448277 0.052024 0.039346 0.051346 0.039274
6 31 63.563217 0.052381 0.039868 0.051479 0.039406
6 32 63.678162 0.052739 0.040132 0.051696 0.039405
6 33 63.793102 0.050412 0.038433 0.051136 0.039534
6 34 63.908047 0.052576 0.040003 0.051467 0.039588
6 35 64.022987 0.052366 0.039842 0.051130 0.039604
6 36 64.137932 0.051148 0.039039 0.053115 0.040747
6 37 64.252876 0.051216 0.039519 0.050785 0.039175
6 38 64.367813 0.051828 0.039726 0.051867 0.039575
6 39 64.482758 0.051090 0.039595 0.051687 0.039593
6 40 64.597702 0.051348 0.039315 0.051496 0.039649
6 41 64.712646 0.050842 0.039034 0.051004 0.039187
6 42 64.827583 0.052595 0.040134 0.051260 0.039466
6 43 64.942528 0.051896 0.040073 0.051472 0.040009
6 44 65.057472 0.053078 0.040401 0.051311 0.039207
6 45 65.172417 0.051631 0.039808 0.050834 0.039005
6 46 65.287354 0.051591 0.039509 0.051799 0.039759
6 47 65.402298 0.051532 0.039170 0.051881 0.039677
6 48 65.517242 0.051014 0.039427 0.051372 0.039443
6 49 65.632187 0.051190 0.039639 0.052032 0.039808
6 50 65.747124 0.052445 0.039454 0.053134 0.039951
6 51 65.862068 0.051065 0.039314 0.052096 0.039858
6 52 65.977013 0.052470 0.040217 0.052329 0.039739
6 53 66.091957 0.051914 0.039815 0.050905 0.039371
6 54 66.206894 0.052088 0.039445 0.052557 0.039948
6 55 66.321838 0.052255 0.039682 0.051012 0.038705
6 56 66.436783 0.051878 0.039246 0.051364 0.039509
6 57 66.551727 0.051463 0.039476 0.051256 0.039329
6 58 66.666664 0.052679 0.040004 0.053116 0.040111
6 59 66.781609 0.051915 0.039714 0.051862 0.039407
6 60 66.896553 0.052144 0.039952 0.051940 0.039673
6 61 67.011497 0.051380 0.039848 0.050698 0.039174
6 62 67.126434 0.050601 0.038924 0.051422 0.039444
6 63 67.241379 0.051245 0.039420 0.051325 0.039204
6 64 67.356323 0.051110 0.039442 0.051250 0.039668
6 65 67.471268 0.051668 0.039464 0.052116 0.039899
6 66 67.586205 0.051341 0.039417 0.051603 0.039365
6 67 67.701149 0.051071 0.039130 0.050909 0.038976
6 68 67.816093 0.052506 0.040507 0.052389 0.040200
6 69 67.931038 0.051541 0.038681 0.053051 0.039959
6 70 68.045975 0.051585 0.039574 0.050697 0.038799
6 71 68.160919 0.052371 0.039638 0.051711 0.039096
6 72 68.275864 0.050563 0.038940 0.051246 0.040017
6 73 68.390808 0.050542 0.039194 0.050475 0.039460
6 74 68.505745 0.051290 0.040073 0.050573 0.039004
6 75 68.620689 0.051004 0.039606 0.051002 0.039009
6 76 68.735634 0.050428 0.038897 0.050830 0.039575
6 77 68.850578 0.052881 0.040376 0.051463 0.039244
6 78 68.965515 0.051949 0.039548 0.051358 0.039427
6 79 69.080460 0.052597 0.040790 0.051326 0.039617
6 80 69.195404 0.050882 0.038952 0.050281 0.038600
6 81 69.310349 0.051289 0.039505 0.052024 0.039459
6 82 69.425285 0.050096 0.038550 0.053836 0.041092
6 83 69.540230 0.051133 0.039525 0.051799 0.039723
6 84 69.655174 0.050513 0.038757 0.051518 0.039731
6 85 69.770119 0.051177 0.039323 0.050930 0.038982
6 86 69.885056 0.051484 0.039417 0.051098 0.039341
7 0 70.000000 0.051035 0.039243 0.051222 0.039430
7 1 70.114944 0.052511 0.039658 0.052110 0.039971
7 2 70.229881 0.051421 0.039720 0.051229 0.039515
7 3 70.344826 0.050073 0.038681 0.050548 0.038883
7 4 70.459770 0.051256 0.039329 0.051926 0.039609
7 5 70.574715 0.051633 0.039388 0.053145 0.040315
7 6 70.689651 0.052112 0.039888 0.051966 0.040054
7 7 70.804596 0.052008 0.040279 0.052434 0.040290
7 8 70.919540 0.051186 0.039585 0.052152 0.040624
7 9 71.034485 0.051476 0.039401 0.050894 0.039244
7 10 71.149422 0.050631 0.039122 0.051231 0.039515
7 11 71.264366 0.052098 0.039968 0.051699 0.039432
7 12 71.379311 0.051744 0.040379 0.050787 0.039454
7 13 71.494255 0.051075 0.039543 0.050546 0.039028
7 14 71.609192 0.051758 0.039667 0.051867 0.039662
7 15 71.724136 0.050388 0.038950 0.050863 0.039123
7 16 71.839081 0.051196 0.039250 0.051286 0.039347
7 17 71.954025 0.050995 0.039412 0.051932 0.040036
7 18 72.068962 0.051129 0.039621 0.052189 0.040162
7 19 72.183907 0.051640 0.039344 0.050659 0.039442
7 20 72.298851 0.052096 0.040249 0.052203 0.040254
7 21 72.413795 0.050517 0.039067 0.051582 0.039503
7 22 72.528732 0.050758 0.038999 0.051645 0.039605
7 23 72.643677 0.051266 0.039565 0.049892 0.038559
7 24 72.758621 0.052479 0.040279 0.052801 0.039823
7 25 72.873566 0.051086 0.039109 0.051968 0.039969
7 26 72.988503 0.050803 0.039069 0.050726 0.039141
7 27 73.103447 0.052183 0.039765 0.051509 0.039324
7 28 73.218391 0.050939 0.039131 0.051949 0.039831
7 29 73.333336 0.051628 0.039336 0.050941 0.039287
7 30 73.448273 0.050886 0.038653 0.051965 0.039393
7 31 73.563217 0.051944 0.039727 0.050956 0.039147
7 32 73.678162 0.051594 0.039769 0.052309 0.040218
7 33 73.793106 0.051554 0.039407 0.052058 0.039762
7 34 73.908043 0.050937 0.039609 0.049756 0.038572
7 35 74.022987 0.050968 0.039173 0.051181 0.039378
7 36 74.137932 0.050712 0.039054 0.051323 0.039337
7 37 74.252876 0.051842 0.039858 0.052619 0.039923
7 38 74.367813 0.051103 0.039201 0.050331 0.039001
7 39 74.482758 0.051873 0.039578 0.051045 0.038977
7 40 74.597702 0.051884 0.039658 0.052437 0.039778
7 41 74.712646 0.051033 0.038988 0.051198 0.039323
7 42 74.827583 0.052784 0.040146 0.051434 0.039183
7 43 74.942528 0.052515 0.040286 0.052028 0.040232
7 44 75.057472 0.051754 0.039928 0.050240 0.038812
7 45 75.172417 0.051251 0.039373 0.051741 0.039555
7 46 75.287354 0.051350 0.039646 0.053038 0.040482
7 47 75.402298 0.051704 0.039751 0.051148 0.039235
7 48 75.517242 0.051907 0.039619 0.051859 0.039913
7 49 75.632187 0.052971 0.040064 0.053201 0.040007
7 50 75.747124 0.052485 0.040539 0.052177 0.040537
7 51 75.862068 0.052688 0.039819 0.051171 0.039227
7 52 75.977013 0.052198 0.040218 0.050640 0.038737
7 53 76.091957 0.052087 0.039866 0.052746 0.039860
7 54 76.206894 0.051941 0.039570 0.052160 0.039375
7 55 76.321838 0.050460 0.038714 0.050998 0.039149
7 56 76.436783 0.050380 0.039091 0.050503 0.038771
7 57 76.551727 0.052176 0.039922 0.053145 0.040703
7 58 76.666664 0.051218 0.039477 0.051372 0.039710
7 59 76.781609 0.051322 0.039443 0.052358 0.040577
7 60 76.896553 0.050803 0.039221 0.051329 0.039634
7 61 77.011497 0.051628 0.039214 0.052969 0.040485
7 62 77.126434 0.052079 0.040362 0.051162 0.039842
7 63 77.241379 0.052255 0.039935 0.052329 0.039776
7 64 77.356323 0.051827 0.039595 0.052193 0.039885
7 65 77.471268 0.052023 0.039473 0.051608 0.039405
7 66 77.586205 0.050565 0.039065 0.052263 0.040263
7 67 77.701149 0.051248 0.039029 0.050336 0.038661
7 68 77.816093 0.051772 0.039768 0.051775 0.039613
7 69 77.931038 0.051172 0.039323 0.051013 0.039522
7 70 78.045975 0.051638 0.039760 0.050632 0.038697
7 71 78.160919 0.051324 0.039514 0.051764 0.039921
7 72 78.275864 0.051142 0.039545 0.052048 0.040198
7 73 78.390808 0.050605 0.038855 0.051151 0.039047
7 74 78.505745 0.051063 0.039169 0.050771 0.039193
7 75 78.620689 0.050266 0.038753 0.051193 0.039390
7 76 78.735634 0.050238 0.038933 0.050822 0.039675
7 77 78.850578 0.051589 0.039330 0.051036 0.039521
7 78 78.965515 0.050659 0.038884 0.052094 0.040012
7 79 79.080460 0.051545 0.039583 0.051362 0.039193
7 80 79.195404 0.052040 0.039834 0.051802 0.039565
7 81 79.310349 0.052139 0.039695 0.051255 0.039308
7 82 79.425285 0.051472 0.039861 0.051038 0.039321
7 83 79.540230 0.050963 0.039555 0.050879 0.039361
7 84 79.655174 0.052812 0.040412 0.051512 0.039559
7 85 79.770119 0.050899 0.038896 0.049931 0.038462
7 86 79.885056 0.051220 0.039439 0.049808 0.038600
8 0 80.000000 0.050568 0.038673 0.051788 0.040088
8 1 80.114944 0.049747 0.038549 0.050534 0.039207
8 2 80.229881 0.051939 0.040070 0.051648 0.039601
8 3 80.344826 0.052889 0.040421 0.052963 0.040395
8 4 80.459770 0.050095 0.038654 0.050805 0.039673
8 5 80.574715 0.050736 0.039227 0.050272 0.039188
8 6 80.689651 0.051455 0.039856 0.049635 0.038595
8 7 80.804596 0.051069 0.039624 0.052108 0.040105
8 8 80.919540 0.049798 0.038738 0.050837 0.039530
8 9 81.034485 0.051767 0.039877 0.051551 0.039596
8 10 81.149422 0.051575 0.039732 0.051166 0.038831
8 11 81.264366 0.050691 0.039333 0.050295 0.038719
8 12 81.379311 0.051512 0.039715 0.052534 0.040580
8 13 81.494255 0.051005 0.039329 0.051399 0.039395
8 14 81.609192 0.050764 0.038707 0.052273 0.040016
8 15 81.724136 0.051796 0.039829 0.051881 0.040137
8 16 81.839081 0.050515 0.039158 0.051148 0.039449
8 17 81.954025 0.051825 0.039817 0.052382 0.040173
8 18 82.068962 0.050930 0.039154 0.051607 0.039667
8 19 82.183907 0.052861 0.040206 0.052224 0.039882
8 20 82.298851 0.050521 0.039287 0.051090 0.039181
8 21 82.413795 0.051543 0.039358 0.050278 0.038608
8 22 82.528732 0.052325 0.040395 0.051037 0.039235
8 23 82.643677 0.050865 0.039141 0.049839 0.038966
8 24 82.758621 0.051369 0.039744 0.050852 0.039289
8 25 82.873566 0.052333 0.040185 0.051718 0.039417
8 26 82.988503 0.050579 0.039209 0.051200 0.039596
8 27 83.103447 0.050928 0.038905 0.050669 0.038862
8 28 83.218391 0.050456 0.039093 0.051155 0.039769
8 29 83.333336 0.050744 0.039103 0.050578 0.039193
8 30 83.448273 0.052027 0.039795 0.051525 0.039390
8 31 83.563217 0.050685 0.039223 0.052097 0.040392
8 32 83.678162 0.050378 0.038677 0.051055 0.039287
8 33 83.793106 0.051022 0.039329 0.051522 0.039597
8 34 83.908043 0.051541 0.039296 0.052056 0.040071
8 35 84.022987 0.051744 0.039936 0.051666 0.039785
8 36 84.137932 0.051003 0.038995 0.051475 0.039215
8 37 84.252876 0.051254 0.039889 0.050962 0.039155
8 38 84.367813 0.051668 0.039835 0.051252 0.039496
8 39 84.482758 0.050820 0.039254 0.051129 0.039350
8 40 84.597702 0.052195 0.040704 0.051353 0.039414
8 41 84.712646 0.051556 0.039181 0.051669 0.039721
8 42 84.827583 0.050826 0.040127 0.051004 0.039617
8 43 84.942528 0.050434 0.038745 0.049885 0.038237
8 44 85.057472 0.050487 0.039061 0.050922 0.039330
8 45 85.172417 0.050849 0.039450 0.050311 0.039328
8 46 85.287354 0.050905 0.039301 0.052111 0.039826
8 47 85.402298 0.050919 0.039793 0.051129 0.039656
8 48 85.517242 0.051907 0.039860 0.050465 0.039218
8 49 85.632187 0.051113 0.039756 0.051008 0.039468
8 50 85.747124 0.052248 0.040596 0.050450 0.038561
8 51 85.862068 0.051259 0.039270 0.050888 0.039393
8 52 85.977013 0.050916 0.039517 0.049727 0.038761
8 53 86.091957 0.050928 0.038790 0.051965 0.039685
8 54 86.206894 0.051064 0.039236 0.051026 0.039433
8 55 86.321838 0.051817 0.039818 0.051388 0.039557
8 56 86.436783 0.051534 0.040042 0.050734 0.038986
8 57 86.551727 0.050522 0.039585 0.050565 0.039651
8 58 86.666664 0.050952 0.039839 0.051320 0.039935
8 59 86.781609 0.051708 0.040049 0.051037 0.039376
8 60 86.896553 0.051494 0.040076 0.051104 0.039463
8 61 87.011497 0.050094 0.038692 0.050218 0.039292
8 62 87.126434 0.050463 0.038891 0.051135 0.039612
8 63 87.241379 0.052215 0.039532 0.051243 0.039422
8 64 87.356323 0.052091 0.040282 0.050573 0.038959
8 65 87.471268 0.051768 0.040183 0.049835 0.038611
8 66 87.586205 0.050361 0.039294 0.050478 0.039055
8 67 87.701149 0.051095 0.039182 0.051565 0.039088
8 68 87.816093 0.050070 0.038942 0.050451 0.039422
8 69 87.931038 0.051992 0.039610 0.052870 0.040334
8 70 88.045975 0.050443 0.039292 0.050836 0.039332
8 71 88.160919 0.051744 0.039655 0.052316 0.040048
8 72 88.275864 0.050374 0.038724 0.052645 0.040663
8 73 88.390808 0.051567 0.039793 0.050460 0.039252
8 74 88.505745 0.052043 0.040146 0.051997 0.039886
8 75 88.620689 0.051444 0.039453 0.052423 0.039852
8 76 88.735634 0.050668 0.039055 0.050031 0.038731
8 77 88.850578 0.051541 0.039532 0.051940 0.040005
8 78 88.965515 0.051287 0.039281 0.052253 0.040056
8 79 89.080460 0.050926 0.038942 0.051885 0.039867
8 80 89.195404 0.051180 0.039065 0.051836 0.039902
8 81 89.310349 0.050537 0.039026 0.051911 0.040382
8 82 89.425285 0.051353 0.039906 0.050770 0.038728
8 83 89.540230 0.051547 0.039052 0.050826 0.038855
8 84 89.655174 0.051962 0.039823 0.051500 0.039242
8 85 89.770119 0.051220 0.039490 0.051379 0.039411
8 86 89.885056 0.051660 0.040034 0.050103 0.038836
9 0 90.000000 0.051447 0.039642 0.051285 0.039691
9 1 90.114944 0.051835 0.039438 0.052574 0.040190
9 2 90.229881 0.052082 0.040516 0.050941 0.039396
9 3 90.344826 0.051629 0.039699 0.051571 0.039549
9 4 90.459770 0.050470 0.038638 0.050203 0.038673
9 5 90.574715 0.052756 0.040255 0.050641 0.039089
9 6 90.689651 0.051183 0.039227 0.051562 0.039770
9 7 90.804596 0.049587 0.038399 0.051723 0.040078
9 8 90.919540 0.051874 0.039309 0.051494 0.039071
9 9 91.034485 0.051201 0.039368 0.052456 0.040228
9 10 91.149422 0.051796 0.039522 0.052173 0.040047
9 11 91.264366 0.051375 0.039646 0.050933 0.039388
9 12 91.379311 0.053006 0.040404 0.049780 0.038693
9 13 91.494255 0.049849 0.038156 0.051085 0.039481
9 14 91.609192 0.051164 0.039335 0.050535 0.039290
9 15 91.724136 0.049861 0.038570 0.051890 0.040420
9 16 91.839081 0.050279 0.039170 0.050418 0.039230
9 17 91.954025 0.050338 0.038641 0.050873 0.039480
9 18 92.068962 0.051275 0.039949 0.050397 0.039334
9 19 92.183907 0.051615 0.038857 0.053224 0.040489
9 20 92.298851 0.050837 0.038599 0.050091 0.038249
9 21 92.413795 0.050308 0.038726 0.050529 0.038678
9 22 92.528732 0.052554 0.040461 0.051856 0.039534
9 23 92.643677 0.051022 0.039787 0.051373 0.039776
9 24 92.758621 0.050705 0.039275 0.050861 0.039363
9 25 92.873566 0.050559 0.039546 0.050171 0.038865
9 26 92.988503 0.049770 0.038384 0.052107 0.040304
9 27 93.103447 0.050814 0.038994 0.051790 0.039543
9 28 93.218391 0.050729 0.039275 0.051537 0.039719
9 29 93.333336 0.052665 0.039735 0.051958 0.039644
9 30 93.448273 0.050129 0.038928 0.051073 0.039570
9 31 93.563217 0.052065 0.040116 0.050692 0.039317
9 32 93.678162 0.050634 0.039134 0.050598 0.039133
9 33 93.793106 0.050243 0.038735 0.051535 0.039716
9 34 93.908043 0.051506 0.039489 0.052388 0.039956
9 35 94.022987 0.051320 0.039696 0.049698 0.038369
9 36 94.137932 0.050765 0.039037 0.051471 0.039883
9 37 94.252876 0.051243 0.039727 0.050975 0.039460
9 38 94.367813 0.051000 0.039262 0.050933 0.039153
9 39 94.482758 0.052440 0.040324 0.051363 0.039985
9 40 94.597702 0.050534 0.038933 0.050876 0.039292
9 41 94.712646 0.051837 0.040281 0.050453 0.039158
9 42 94.827583 0.051106 0.039522 0.050730 0.039278
9 43 94.942528 0.051683 0.040037 0.049356 0.038684
9 44 95.057472 0.050718 0.039213 0.050007 0.038695
9 45 95.172417 0.050476 0.039066 0.050084 0.038816
9 46 95.287354 0.051699 0.039562 0.051799 0.039823
9 47 95.402298 0.050889 0.039435 0.051030 0.039144
9 48 95.517242 0.050839 0.039325 0.050617 0.039592
9 49 95.632187 0.050863 0.039265 0.052165 0.040688
9 50 95.747124 0.049740 0.038348 0.051605 0.039304
9 51 95.862068 0.051020 0.039669 0.052065 0.040103
9 52 95.977013 0.052332 0.039946 0.051098 0.039343
9 53 96.091957 0.050597 0.039171 0.051657 0.039849
9 54 96.206894 0.050220 0.038492 0.050481 0.039038
9 55 96.321838 0.049927 0.039127 0.050625 0.039610
9 56 96.436783 0.049589 0.038336 0.051871 0.039970
9 57 96.551727 0.051547 0.039891 0.050356 0.039183
9 58 96.666664 0.051365 0.039865 0.050870 0.039046
9 59 96.781609 0.051230 0.039577 0.049591 0.038577
9 60 96.896553 0.051491 0.039421 0.051570 0.039708
9 61 97.011497 0.049007 0.038154 0.050633 0.039571
9 62 97.126434 0.050080 0.038791 0.050899 0.039559
9 63 97.241379 0.051693 0.039889 0.050371 0.038648
9 64 97.356323 0.051373 0.039396 0.052220 0.040454
9 65 97.471268 0.052114 0.039972 0.052253 0.040061
9 66 97.586205 0.051100 0.039247 0.050956 0.039674
9 67 97.701149 0.051728 0.039725 0.050233 0.038743
9 68 97.816093 0.050787 0.039113 0.050068 0.038573
9 69 97.931038 0.051362 0.039833 0.050201 0.038804
9 70 98.045975 0.050764 0.039311 0.050349 0.039080
9 71 98.160919 0.051898 0.039572 0.052692 0.040322
9 72 98.275864 0.049880 0.038777 0.050276 0.039220
9 73 98.390808 0.051415 0.039492 0.050887 0.039187
9 74 98.505745 0.051283 0.039470 0.051096 0.039304
9 75 98.620689 0.051046 0.038834 0.051467 0.039174
9 76 98.735634 0.051347 0.039300 0.051386 0.039762
9 77 98.850578 0.051456 0.039433 0.051016 0.039006
9 78 98.965515 0.052341 0.040044 0.052034 0.040004
9 79 99.080460 0.050038 0.038918 0.051614 0.039891
9 80 99.195404 0.051054 0.039413 0.051458 0.039516
9 81 99.310349 0.051236 0.039413 0.050770 0.039055
9 82 99.425285 0.051289 0.038927 0.052487 0.039942
9 83 99.540230 0.050855 0.039040 0.051781 0.040026
9 84 99.655174 0.051270 0.039699 0.050482 0.039048
9 85 99.770119 0.049479 0.038795 0.050611 0.039319
9 86 99.885056 0.050684 0.038965 0.051720 0.039152
