0 0 0.000000 0.139239 0.097119 0.141794 0.098058
0 1 0.114943 0.122847 0.077675 0.124337 0.078818
0 2 0.229885 0.089677 0.060609 0.091180 0.062054
0 3 0.344828 0.083727 0.055692 0.084138 0.055712
0 4 0.459770 0.076209 0.052748 0.075999 0.052729
0 5 0.574713 0.072305 0.050078 0.071766 0.049595
0 6 0.689655 0.074020 0.049196 0.074928 0.049519
0 7 0.804598 0.070380 0.048537 0.070468 0.048865
0 8 0.919540 0.069500 0.048501 0.067752 0.046767
0 9 1.034483 0.067922 0.046865 0.067972 0.046923
0 10 1.149425 0.067402 0.046543 0.067333 0.046201
0 11 1.264368 0.066297 0.046084 0.065819 0.045710
0 12 1.379310 0.067470 0.045705 0.069111 0.046710
0 13 1.494253 0.065983 0.044630 0.065768 0.044693
0 14 1.609195 0.064323 0.045055 0.064228 0.044815
0 15 1.724138 0.062888 0.044403 0.062616 0.043318
0 16 1.839080 0.062941 0.043873 0.062807 0.043544
0 17 1.954023 0.066336 0.045504 0.066976 0.045935
0 18 2.068965 0.061893 0.043464 0.061627 0.043234
0 19 2.183908 0.063577 0.043103 0.066338 0.045201
0 20 2.298851 0.062128 0.043693 0.061430 0.043443
0 21 2.413793 0.061947 0.043642 0.061215 0.042904
0 22 2.528736 0.061736 0.043453 0.061124 0.043047
0 23 2.643678 0.059468 0.042440 0.060315 0.042939
0 24 2.758621 0.059164 0.042205 0.059254 0.042519
0 25 2.873563 0.060548 0.043098 0.058977 0.042078
0 26 2.988506 0.060142 0.043088 0.059374 0.042589
0 27 3.103448 0.060893 0.042669 0.060712 0.042978
0 28 3.218391 0.060375 0.042955 0.061361 0.043457
0 29 3.333333 0.059628 0.042661 0.058581 0.041646
0 30 3.448276 0.058463 0.042367 0.057529 0.041498
0 31 3.563218 0.063156 0.043752 0.062229 0.043163
0 32 3.678161 0.060468 0.043026 0.058836 0.041657
0 33 3.793103 0.059448 0.042327 0.059498 0.042508
0 34 3.908046 0.057271 0.041276 0.056459 0.041040
0 35 4.022988 0.059120 0.042535 0.057903 0.041971
0 36 4.137931 0.060427 0.042601 0.058481 0.040965
0 37 4.252873 0.058335 0.042298 0.058263 0.042166
0 38 4.367816 0.058442 0.042200 0.058977 0.042576
0 39 4.482759 0.057196 0.041425 0.058102 0.042265
0 40 4.597701 0.057111 0.041266 0.058098 0.042074
0 41 4.712644 0.057209 0.041668 0.056766 0.041194
0 42 4.827586 0.058397 0.041603 0.058946 0.042150
0 43 4.942529 0.058142 0.042094 0.057120 0.041062
0 44 5.057471 0.057754 0.041388 0.058439 0.041855
0 45 5.172414 0.056777 0.040564 0.058370 0.042134
0 46 5.287356 0.056095 0.041217 0.058014 0.042230
0 47 5.402299 0.059272 0.042417 0.059561 0.042398
0 48 5.517241 0.057816 0.041812 0.057955 0.041847
0 49 5.632184 0.056739 0.040848 0.057478 0.041768
0 50 5.747127 0.060233 0.042878 0.058718 0.041770
0 51 5.862069 0.057464 0.041103 0.057186 0.040861
0 52 5.977012 0.058034 0.041401 0.058055 0.041454
0 53 6.091954 0.057337 0.041345 0.058133 0.041752
0 54 6.206897 0.056880 0.041141 0.059023 0.042453
0 55 6.321839 0.056049 0.041174 0.056968 0.041753
0 56 6.436781 0.057807 0.041134 0.057646 0.040823
0 57 6.551724 0.058891 0.041272 0.058269 0.041076
0 58 6.666667 0.056000 0.040788 0.056453 0.041077
0 59 6.781609 0.056914 0.041856 0.057832 0.042547
0 60 6.896552 0.056657 0.041499 0.055816 0.041038
0 61 7.011494 0.057048 0.041506 0.055965 0.040786
0 62 7.126437 0.057306 0.041453 0.057382 0.041395
0 63 7.241379 0.057464 0.041683 0.057591 0.041497
0 64 7.356322 0.055955 0.041138 0.054105 0.040045
0 65 7.471264 0.056690 0.041269 0.057253 0.041357
0 66 7.586207 0.058075 0.042192 0.056219 0.040841
0 67 7.701149 0.056609 0.041529 0.055921 0.041119
0 68 7.816092 0.056195 0.041499 0.055709 0.041246
0 69 7.931035 0.054211 0.040251 0.055350 0.041144
0 70 8.045977 0.055860 0.041056 0.056062 0.040930
0 71 8.160919 0.055275 0.040767 0.055216 0.040541
0 72 8.275862 0.055997 0.041558 0.054614 0.040183
0 73 8.390804 0.057500 0.041289 0.056755 0.040655
0 74 8.505747 0.057332 0.041151 0.057597 0.041274
0 75 8.620689 0.056376 0.041291 0.055824 0.041322
0 76 8.735632 0.056980 0.040977 0.056301 0.040491
0 77 8.850574 0.055135 0.040394 0.055398 0.041035
0 78 8.965517 0.056669 0.040984 0.056811 0.041145
0 79 9.080460 0.060387 0.041581 0.059608 0.041321
0 80 9.195402 0.055424 0.040851 0.055352 0.040820
0 81 9.310345 0.056319 0.041169 0.056551 0.041639
0 82 9.425287 0.056768 0.041513 0.056721 0.041319
0 83 9.540230 0.056419 0.040039 0.057444 0.040998
0 84 9.655172 0.055060 0.040534 0.054300 0.040241
0 85 9.770115 0.053403 0.039918 0.054044 0.040093
0 86 9.885057 0.055788 0.040694 0.056927 0.041368
1 0 10.000000 0.055734 0.040928 0.055840 0.041103
1 1 10.114943 0.055552 0.040909 0.055015 0.040044
1 2 10.229885 0.057245 0.041532 0.056768 0.040792
1 3 10.344828 0.056799 0.041254 0.056672 0.041114
1 4 10.459770 0.054621 0.040460 0.054361 0.040253
1 5 10.574713 0.053137 0.039631 0.055223 0.040814
1 6 10.689655 0.053324 0.039878 0.054756 0.040402
1 7 10.804598 0.056451 0.040638 0.056815 0.040948
1 8 10.919540 0.056742 0.041114 0.056675 0.041141
1 9 11.034483 0.054175 0.040634 0.055236 0.041275
1 10 11.149426 0.054879 0.040871 0.054051 0.040570
1 11 11.264368 0.054660 0.040334 0.055147 0.040881
1 12 11.379311 0.055279 0.040784 0.055229 0.040566
1 13 11.494253 0.055482 0.040945 0.054312 0.040170
1 14 11.609196 0.054618 0.040394 0.054323 0.039945
1 15 11.724138 0.054895 0.040595 0.054604 0.040393
1 16 11.839081 0.053996 0.039860 0.055019 0.040245
1 17 11.954023 0.057580 0.040912 0.057721 0.041085
1 18 12.068966 0.052522 0.039141 0.055277 0.041149
1 19 12.183908 0.055825 0.040304 0.055599 0.040513
1 20 12.298851 0.054863 0.040460 0.054893 0.040281
1 21 12.413794 0.053278 0.039464 0.054421 0.040452
1 22 12.528735 0.054149 0.040054 0.054201 0.040324
1 23 12.643678 0.055063 0.040281 0.054656 0.040329
1 24 12.758620 0.054528 0.040721 0.053785 0.040105
1 25 12.873563 0.056822 0.040403 0.056003 0.040041
1 26 12.988505 0.054988 0.040883 0.054798 0.040863
1 27 13.103448 0.053960 0.040354 0.053244 0.040132
1 28 13.218390 0.054470 0.040130 0.054332 0.040353
1 29 13.333333 0.053778 0.040300 0.053304 0.040092
1 30 13.448276 0.055949 0.041500 0.054687 0.040649
1 31 13.563218 0.053664 0.040457 0.052972 0.040099
1 32 13.678161 0.054884 0.039658 0.055357 0.040073
1 33 13.793103 0.053310 0.040248 0.053392 0.039924
1 34 13.908046 0.054995 0.040104 0.054299 0.040455
1 35 14.022988 0.056292 0.041292 0.055407 0.040868
1 36 14.137931 0.054661 0.040211 0.054669 0.040635
1 37 14.252873 0.053570 0.040561 0.053262 0.040018
1 38 14.367816 0.053983 0.039960 0.054909 0.041102
1 39 14.482759 0.054532 0.041024 0.053850 0.040473
1 40 14.597701 0.054588 0.040619 0.054788 0.040611
1 41 14.712644 0.053798 0.040721 0.052880 0.040022
1 42 14.827586 0.055111 0.040567 0.054865 0.040060
1 43 14.942529 0.054512 0.040425 0.053811 0.040208
1 44 15.057471 0.053527 0.039610 0.055371 0.040510
1 45 15.172414 0.052001 0.039212 0.054050 0.040729
1 46 15.287356 0.055035 0.040371 0.055035 0.040534
1 47 15.402299 0.052631 0.039681 0.053102 0.039858
1 48 15.517241 0.052888 0.040046 0.053036 0.040230
1 49 15.632184 0.053387 0.040460 0.052830 0.039942
1 50 15.747127 0.057043 0.041486 0.056133 0.040535
1 51 15.862069 0.055237 0.040404 0.054140 0.039581
1 52 15.977012 0.053030 0.039969 0.053536 0.040271
1 53 16.091953 0.051989 0.038970 0.054556 0.040751
1 54 16.206896 0.053382 0.039735 0.054241 0.040334
1 55 16.321838 0.051944 0.038611 0.053605 0.039910
1 56 16.436781 0.054583 0.040846 0.054417 0.040536
1 57 16.551723 0.054310 0.040482 0.053436 0.040548
1 58 16.666666 0.055993 0.039925 0.056445 0.039996
1 59 16.781609 0.053305 0.039966 0.054349 0.040488
1 60 16.896551 0.052961 0.039939 0.052630 0.039510
1 61 17.011494 0.054645 0.040547 0.054840 0.041062
1 62 17.126436 0.054918 0.040728 0.055371 0.041074
1 63 17.241379 0.052864 0.039787 0.053215 0.039695
1 64 17.356321 0.054921 0.040512 0.054489 0.040745
1 65 17.471264 0.055119 0.039841 0.054503 0.039491
1 66 17.586206 0.055958 0.041226 0.053989 0.040033
1 67 17.701149 0.053463 0.039750 0.053105 0.040043
1 68 17.816092 0.053579 0.040289 0.053947 0.040547
1 69 17.931034 0.052963 0.039823 0.053431 0.040020
1 70 18.045977 0.052821 0.039955 0.052704 0.039865
1 71 18.160919 0.052974 0.039792 0.054220 0.040901
1 72 18.275862 0.053797 0.040664 0.054480 0.040680
1 73 18.390804 0.053230 0.040225 0.052479 0.039729
1 74 18.505747 0.055349 0.040487 0.054892 0.040513
1 75 18.620689 0.053047 0.039749 0.053290 0.040259
1 76 18.735632 0.054656 0.040178 0.054050 0.039863
1 77 18.850574 0.052879 0.040202 0.052103 0.039415
1 78 18.965517 0.053617 0.039342 0.054041 0.039714
1 79 19.080460 0.054480 0.040156 0.054449 0.040385
1 80 19.195402 0.052773 0.039778 0.054027 0.040555
1 81 19.310345 0.053881 0.040381 0.053588 0.040282
1 82 19.425287 0.051938 0.039546 0.052748 0.040028
1 83 19.540230 0.053850 0.041203 0.052399 0.039682
1 84 19.655172 0.052843 0.039501 0.052542 0.039641
1 85 19.770115 0.052560 0.039670 0.052775 0.040071
1 86 19.885057 0.051615 0.039291 0.052966 0.040559
2 0 20.000000 0.051113 0.038647 0.054262 0.040795
2 1 20.114943 0.052800 0.040142 0.052963 0.040588
2 2 20.229885 0.051949 0.039517 0.051776 0.039644
2 3 20.344828 0.053807 0.039975 0.053535 0.039962
2 4 20.459770 0.052462 0.039961 0.052067 0.039405
2 5 20.574713 0.052661 0.039703 0.051716 0.038979
2 6 20.689655 0.054647 0.039152 0.056779 0.040414
2 7 20.804598 0.053124 0.039637 0.054184 0.040409
2 8 20.919540 0.052788 0.040207 0.052391 0.039843
2 9 21.034483 0.052375 0.039608 0.053592 0.040412
2 10 21.149426 0.052984 0.040045 0.053051 0.040052
2 11 21.264368 0.054748 0.039742 0.054078 0.039827
2 12 21.379311 0.054761 0.039790 0.055232 0.040210
2 13 21.494253 0.052941 0.039941 0.053680 0.040400
2 14 21.609196 0.052303 0.039756 0.052700 0.039828
2 15 21.724138 0.052113 0.039257 0.052585 0.039837
2 16 21.839081 0.052116 0.039455 0.053173 0.040196
2 17 21.954023 0.052919 0.039732 0.051712 0.039511
2 18 22.068966 0.052999 0.040311 0.052512 0.039639
2 19 22.183908 0.052195 0.039645 0.051878 0.039668
2 20 22.298851 0.053776 0.040057 0.053819 0.039824
2 21 22.413794 0.054179 0.040331 0.053115 0.039596
2 22 22.528736 0.054702 0.040504 0.055003 0.040364
2 23 22.643679 0.052456 0.039597 0.052584 0.039353
2 24 22.758621 0.052695 0.039491 0.052463 0.039363
2 25 22.873564 0.054200 0.040431 0.054704 0.040325
2 26 22.988506 0.052412 0.039292 0.052575 0.039610
2 27 23.103449 0.053387 0.038779 0.054276 0.039937
2 28 23.218391 0.051450 0.038602 0.052908 0.039674
2 29 23.333334 0.052679 0.039416 0.052574 0.039586
2 30 23.448277 0.052946 0.039742 0.052623 0.039567
2 31 23.563219 0.052354 0.039994 0.052550 0.039914
2 32 23.678162 0.051772 0.039444 0.052118 0.039268
2 33 23.793104 0.053085 0.040041 0.053582 0.040674
2 34 23.908047 0.051858 0.039362 0.052691 0.039903
2 35 24.022989 0.054005 0.040395 0.052591 0.039366
2 36 24.137932 0.052482 0.039153 0.053459 0.039764
2 37 24.252874 0.052674 0.039516 0.051561 0.039117
2 38 24.367817 0.054680 0.040500 0.054034 0.040295
2 39 24.482759 0.050913 0.038644 0.051961 0.039438
2 40 24.597702 0.052471 0.039393 0.054401 0.040896
2 41 24.712645 0.052650 0.039965 0.052576 0.040012
2 42 24.827587 0.051571 0.039168 0.052418 0.039876
2 43 24.942530 0.053358 0.039977 0.053142 0.040040
2 44 25.057470 0.051957 0.039560 0.052077 0.039418
2 45 25.172413 0.052940 0.039398 0.053730 0.039828
2 46 25.287355 0.051704 0.039150 0.051567 0.039736
2 47 25.402298 0.054228 0.040332 0.052895 0.039404
2 48 25.517241 0.052718 0.040005 0.052055 0.039017
2 49 25.632183 0.053886 0.039987 0.054766 0.040551
2 50 25.747126 0.051941 0.039649 0.051297 0.039189
2 51 25.862068 0.052525 0.039651 0.052671 0.039730
2 52 25.977011 0.053695 0.040417 0.053281 0.040620
2 53 26.091953 0.053076 0.039976 0.053544 0.040350
2 54 26.206896 0.052108 0.040151 0.051285 0.039262
2 55 26.321838 0.051438 0.039540 0.053520 0.040579
2 56 26.436781 0.052705 0.039879 0.053498 0.040445
2 57 26.551723 0.051300 0.038865 0.051927 0.039333
2 58 26.666666 0.051504 0.039557 0.052767 0.040530
2 59 26.781609 0.051775 0.039494 0.052837 0.040162
2 60 26.896551 0.052763 0.039847 0.052623 0.039564
2 61 27.011494 0.052350 0.039550 0.054641 0.040987
2 62 27.126436 0.051995 0.039355 0.052266 0.039405
2 63 27.241379 0.052833 0.039663 0.052432 0.039400
2 64 27.356321 0.055697 0.041499 0.054182 0.040421
2 65 27.471264 0.051759 0.039682 0.051068 0.039279
2 66 27.586206 0.052731 0.040009 0.052093 0.039432
2 67 27.701149 0.053122 0.040109 0.052592 0.039727
2 68 27.816092 0.051798 0.039516 0.052624 0.040243
2 69 27.931034 0.053694 0.040571 0.052451 0.039602
2 70 28.045977 0.053310 0.039797 0.054569 0.040439
2 71 28.160919 0.050811 0.038407 0.052766 0.039835
2 72 28.275862 0.055391 0.040934 0.055462 0.040778
2 73 28.390804 0.053637 0.040392 0.052327 0.039561
2 74 28.505747 0.052434 0.040081 0.052439 0.039740
2 75 28.620689 0.051359 0.039751 0.051645 0.040009
2 76 28.735632 0.051246 0.038579 0.052766 0.039808
2 77 28.850574 0.051615 0.039561 0.052339 0.039760
2 78 28.965517 0.051489 0.039670 0.051093 0.039058
2 79 29.080460 0.052165 0.039634 0.051526 0.038864
2 80 29.195402 0.052133 0.039596 0.051193 0.039041
2 81 29.310345 0.053935 0.039821 0.054952 0.040801
2 82 29.425287 0.051459 0.039125 0.052614 0.040309
2 83 29.540230 0.054208 0.040642 0.053321 0.040073
2 84 29.655172 0.051509 0.039393 0.052633 0.039879
2 85 29.770115 0.050719 0.039072 0.051614 0.039825
2 86 29.885057 0.053049 0.040567 0.051757 0.039786
3 0 30.000000 0.051486 0.039040 0.052384 0.039760
3 1 30.114943 0.051188 0.039300 0.051757 0.039785
3 2 30.229885 0.054190 0.040572 0.054231 0.040491
3 3 30.344828 0.054491 0.040607 0.054317 0.040340
3 4 30.459770 0.051735 0.039861 0.051550 0.039324
3 5 30.574713 0.050955 0.039018 0.051312 0.039043
3 6 30.689655 0.052284 0.039730 0.051903 0.039678
3 7 30.804598 0.051153 0.039116 0.051766 0.039381
3 8 30.919540 0.053338 0.040139 0.053925 0.040256
3 9 31.034483 0.051810 0.039746 0.050791 0.038860
3 10 31.149426 0.051992 0.039699 0.051906 0.039362
3 11 31.264368 0.053664 0.040735 0.052503 0.039369
3 12 31.379311 0.052594 0.040401 0.051762 0.040002
3 13 31.494253 0.051479 0.038788 0.053008 0.039606
3 14 31.609196 0.052750 0.040258 0.052327 0.039525
3 15 31.724138 0.053549 0.040336 0.051727 0.039018
3 16 31.839081 0.052071 0.039445 0.052927 0.040206
3 17 31.954023 0.052372 0.039791 0.052171 0.040058
3 18 32.068966 0.051217 0.039357 0.052078 0.039906
3 19 32.183907 0.052285 0.039226 0.053268 0.040053
3 20 32.298851 0.052123 0.039619 0.051841 0.039311
3 21 32.413792 0.052382 0.039660 0.052888 0.039958
3 22 32.528736 0.051880 0.039354 0.053396 0.040747
3 23 32.643677 0.053266 0.039905 0.052511 0.039146
3 24 32.758621 0.052185 0.039807 0.051703 0.039879
3 25 32.873562 0.050870 0.038799 0.052532 0.040149
3 26 32.988506 0.051078 0.038817 0.051082 0.038866
3 27 33.103447 0.051685 0.038901 0.053243 0.040064
3 28 33.218391 0.050677 0.038878 0.052132 0.040044
3 29 33.333332 0.053072 0.039548 0.053607 0.040510
3 30 33.448277 0.052700 0.039742 0.053947 0.040417
3 31 33.563217 0.052430 0.040225 0.051738 0.039421
3 32 33.678162 0.050978 0.039267 0.052122 0.039678
3 33 33.793102 0.052807 0.039574 0.052541 0.039452
3 34 33.908047 0.052317 0.040272 0.051357 0.039302
3 35 34.022987 0.052853 0.040512 0.051899 0.039449
3 36 34.137932 0.051142 0.039493 0.049804 0.038423
3 37 34.252872 0.052873 0.039859 0.052592 0.039580
3 38 34.367817 0.051790 0.039283 0.052902 0.040272
3 39 34.482758 0.051412 0.038955 0.052795 0.039738
3 40 34.597702 0.051294 0.039422 0.051305 0.039607
3 41 34.712643 0.051500 0.039366 0.052268 0.039834
3 42 34.827587 0.051137 0.039542 0.050697 0.038769
3 43 34.942528 0.053345 0.040331 0.052544 0.039976
3 44 35.057472 0.050808 0.039028 0.051546 0.039293
3 45 35.172413 0.053029 0.039928 0.052209 0.039268
3 46 35.287357 0.052432 0.039528 0.053092 0.040120
3 47 35.402298 0.051915 0.039373 0.051160 0.038968
3 48 35.517242 0.052721 0.039746 0.053438 0.039624
3 49 35.632183 0.052215 0.040032 0.051359 0.039686
3 50 35.747128 0.051171 0.039243 0.051478 0.039520
3 51 35.862068 0.051768 0.039024 0.053263 0.040061
3 52 35.977013 0.050846 0.039080 0.050722 0.038810
3 53 36.091953 0.051871 0.038919 0.052303 0.039825
3 54 36.206898 0.052303 0.040285 0.052009 0.040005
3 55 36.321838 0.053382 0.040038 0.051748 0.039318
3 56 36.436783 0.050699 0.038965 0.051587 0.039174
3 57 36.551723 0.050627 0.039023 0.050456 0.038584
3 58 36.666668 0.051918 0.039468 0.052724 0.040014
3 59 36.781609 0.050963 0.039398 0.051803 0.039982
3 60 36.896553 0.052042 0.039417 0.052105 0.039747
3 61 37.011494 0.052317 0.040164 0.051357 0.039942
3 62 37.126438 0.052157 0.039743 0.050688 0.038832
3 63 37.241379 0.050447 0.038290 0.052262 0.039419
3 64 37.356323 0.051185 0.039255 0.051751 0.039508
3 65 37.471264 0.051605 0.039172 0.052141 0.039859
3 66 37.586208 0.051726 0.039554 0.051615 0.039651
3 67 37.701149 0.051367 0.039462 0.050329 0.038932
3 68 37.816093 0.052699 0.040291 0.051948 0.039462
3 69 37.931034 0.052797 0.039897 0.051715 0.039648
3 70 38.045979 0.051161 0.039483 0.052434 0.040096
3 71 38.160919 0.051089 0.039027 0.051888 0.040014
3 72 38.275864 0.051089 0.039570 0.050680 0.038999
3 73 38.390804 0.054038 0.040485 0.053073 0.039716
3 74 38.505749 0.051364 0.039576 0.051144 0.039326
3 75 38.620689 0.052093 0.040539 0.053027 0.040670
3 76 38.735634 0.051211 0.039347 0.051141 0.039164
3 77 38.850574 0.052532 0.040732 0.051361 0.039382
3 78 38.965519 0.052164 0.039567 0.052539 0.039843
3 79 39.080460 0.051544 0.039320 0.050943 0.038949
3 80 39.195404 0.050578 0.039235 0.052713 0.040313
3 81 39.310345 0.052786 0.039664 0.052938 0.039971
3 82 39.425289 0.052015 0.039314 0.052075 0.039564
3 83 39.540230 0.050567 0.038872 0.051989 0.040326
3 84 39.655174 0.050666 0.039035 0.051002 0.039285
3 85 39.770115 0.050358 0.038504 0.052052 0.040011
3 86 39.885059 0.053439 0.039292 0.054085 0.039917
4 0 40.000000 0.051485 0.039015 0.052862 0.040268
4 1 40.114941 0.051519 0.039451 0.052929 0.040200
4 2 40.229885 0.052625 0.039740 0.052120 0.039622
4 3 40.344826 0.051654 0.039384 0.052644 0.040314
4 4 40.459770 0.051042 0.039355 0.052062 0.039461
4 5 40.574711 0.052613 0.039877 0.052389 0.039720
4 6 40.689655 0.051664 0.039939 0.051651 0.039621
4 7 40.804596 0.051150 0.039263 0.051976 0.039851
4 8 40.919540 0.050923 0.039104 0.051517 0.039415
4 9 41.034481 0.050881 0.039342 0.050598 0.039021
4 10 41.149426 0.051343 0.039584 0.051588 0.039469
4 11 41.264366 0.053246 0.040637 0.051358 0.039032
4 12 41.379311 0.052269 0.039869 0.052144 0.040295
4 13 41.494251 0.050832 0.039415 0.052331 0.040141
4 14 41.609196 0.051589 0.039643 0.050348 0.038653
4 15 41.724136 0.049847 0.038888 0.050785 0.039612
4 16 41.839081 0.051368 0.039041 0.051361 0.039054
4 17 41.954021 0.050605 0.039223 0.051564 0.039802
4 18 42.068966 0.050899 0.039074 0.051747 0.039723
4 19 42.183907 0.052657 0.039087 0.052960 0.039333
4 20 42.298851 0.052891 0.040037 0.051619 0.039920
4 21 42.413792 0.051485 0.039602 0.051057 0.039527
4 22 42.528736 0.050600 0.039051 0.050039 0.038438
4 23 42.643677 0.051284 0.038876 0.051649 0.039149
4 24 42.758621 0.051273 0.039152 0.050149 0.038703
4 25 42.873562 0.052559 0.040422 0.051317 0.039222
4 26 42.988506 0.050801 0.039390 0.051129 0.039745
4 27 43.103447 0.050552 0.039064 0.051346 0.039895
4 28 43.218391 0.052426 0.040124 0.051652 0.039651
4 29 43.333332 0.051379 0.039101 0.052427 0.040237
4 30 43.448277 0.052024 0.039518 0.052899 0.039463
4 31 43.563217 0.050438 0.038894 0.051732 0.039762
4 32 43.678162 0.052209 0.039865 0.051651 0.039411
4 33 43.793102 0.051349 0.039085 0.051468 0.039568
4 34 43.908047 0.050516 0.038540 0.052672 0.039818
4 35 44.022987 0.050640 0.039053 0.052014 0.040493
4 36 44.137932 0.050295 0.038707 0.051133 0.039128
4 37 44.252872 0.051311 0.039561 0.050320 0.038707
4 38 44.367817 0.051545 0.039483 0.050781 0.039067
4 39 44.482758 0.051643 0.039593 0.051663 0.039720
4 40 44.597702 0.050222 0.039093 0.050868 0.039269
4 41 44.712643 0.050668 0.038827 0.051441 0.039530
4 42 44.827587 0.051702 0.039566 0.051568 0.039852
4 43 44.942528 0.051576 0.039671 0.051504 0.039559
4 44 45.057472 0.051466 0.039300 0.050979 0.039003
4 45 45.172413 0.052163 0.039611 0.052028 0.039698
4 46 45.287357 0.053106 0.040387 0.052905 0.039864
4 47 45.402298 0.052283 0.039307 0.052405 0.039518
4 48 45.517242 0.052122 0.039792 0.052202 0.039699
4 49 45.632183 0.049970 0.038845 0.050091 0.038720
4 50 45.747128 0.052137 0.039652 0.051525 0.039293
4 51 45.862068 0.052430 0.039955 0.052069 0.039659
4 52 45.977013 0.052570 0.039709 0.051982 0.039223
4 53 46.091953 0.051396 0.039789 0.051526 0.039557
4 54 46.206898 0.051663 0.039361 0.051470 0.039102
4 55 46.321838 0.050865 0.039021 0.050526 0.038743
4 56 46.436783 0.052091 0.039858 0.050828 0.039294
4 57 46.551723 0.051299 0.039345 0.051955 0.039978
4 58 46.666668 0.051753 0.039743 0.050319 0.038882
4 59 46.781609 0.050406 0.038751 0.051122 0.039615
4 60 46.896553 0.052212 0.040075 0.051413 0.039381
4 61 47.011494 0.052511 0.040211 0.051382 0.039217
4 62 47.126438 0.051853 0.039479 0.050306 0.038658
4 63 47.241379 0.051733 0.040225 0.052053 0.040016
4 64 47.356323 0.051818 0.039846 0.051689 0.039422
4 65 47.471264 0.051217 0.039454 0.051942 0.039595
4 66 47.586208 0.051906 0.039823 0.051685 0.039846
4 67 47.701149 0.052898 0.040162 0.050999 0.038701
4 68 47.816093 0.052365 0.039890 0.051499 0.039462
4 69 47.931034 0.050180 0.039484 0.051680 0.039877
4 70 48.045979 0.051276 0.039339 0.051799 0.039753
4 71 48.160919 0.051390 0.039288 0.051970 0.039929
4 72 48.275864 0.051082 0.039433 0.052749 0.040057
4 73 48.390804 0.052531 0.039857 0.052225 0.039718
4 74 48.505749 0.051644 0.039468 0.050617 0.038858
4 75 48.620689 0.049600 0.038577 0.050875 0.039027
4 76 48.735634 0.051067 0.039438 0.049936 0.039190
4 77 48.850574 0.052569 0.040445 0.050836 0.039146
4 78 48.965519 0.051813 0.039795 0.050350 0.039175
4 79 49.080460 0.050024 0.038884 0.049828 0.038483
4 80 49.195404 0.049731 0.038943 0.051316 0.039624
4 81 49.310345 0.051200 0.039187 0.050715 0.039423
4 82 49.425289 0.051154 0.038864 0.052044 0.039856
4 83 49.540230 0.051862 0.039734 0.051237 0.039355
4 84 49.655174 0.051760 0.040023 0.052456 0.040097
4 85 49.770115 0.051275 0.039058 0.052050 0.039486
4 86 49.885059 0.051014 0.039209 0.051586 0.039522
5 0 50.000000 0.051257 0.039650 0.050811 0.039425
5 1 50.114941 0.051899 0.039651 0.051487 0.039378
5 2 50.229885 0.049604 0.038432 0.051716 0.039918
5 3 50.344826 0.051694 0.039931 0.052046 0.039814
5 4 50.459770 0.050987 0.039384 0.051034 0.039473
5 5 50.574711 0.052834 0.039782 0.052499 0.039447
5 6 50.689655 0.049850 0.038781 0.051313 0.039636
5 7 50.804596 0.051483 0.039292 0.051746 0.039440
5 8 50.919540 0.050302 0.039024 0.051019 0.039133
5 9 51.034481 0.050833 0.039212 0.050372 0.039094
5 10 51.149426 0.051363 0.039692 0.050799 0.039037
5 11 51.264366 0.051764 0.039478 0.051020 0.039111
5 12 51.379311 0.051428 0.039886 0.050185 0.038760
5 13 51.494251 0.051319 0.039822 0.050082 0.039350
5 14 51.609196 0.050205 0.038961 0.050756 0.039257
5 15 51.724136 0.051217 0.039626 0.050382 0.038954
5 16 51.839081 0.049921 0.038431 0.051680 0.039589
5 17 51.954021 0.050636 0.039053 0.050851 0.039201
5 18 52.068966 0.051865 0.039606 0.051846 0.039940
5 19 52.183907 0.051051 0.039592 0.050962 0.039503
5 20 52.298851 0.051590 0.039403 0.050947 0.039190
5 21 52.413792 0.051971 0.040319 0.050304 0.038938
5 22 52.528736 0.050851 0.039105 0.051155 0.039595
5 23 52.643677 0.050018 0.038785 0.051031 0.039263
5 24 52.758621 0.051533 0.039665 0.050536 0.038960
5 25 52.873562 0.051642 0.039903 0.051432 0.039658
5 26 52.988506 0.051424 0.039607 0.050868 0.039316
5 27 53.103447 0.049993 0.038931 0.050539 0.039050
5 28 53.218391 0.051176 0.039346 0.051402 0.039496
5 29 53.333332 0.051649 0.039674 0.051300 0.039801
5 30 53.448277 0.050691 0.039491 0.050357 0.039185
5 31 53.563217 0.051466 0.039981 0.051392 0.039684
5 32 53.678162 0.051153 0.039203 0.051491 0.039567
5 33 53.793102 0.050660 0.039519 0.051008 0.039653
5 34 53.908047 0.052029 0.039881 0.051057 0.039198
5 35 54.022987 0.050411 0.038969 0.050662 0.039074
5 36 54.137932 0.052533 0.040203 0.051066 0.039456
5 37 54.252872 0.051012 0.038766 0.050779 0.038481
5 38 54.367817 0.050022 0.038717 0.050913 0.038849
5 39 54.482758 0.050359 0.039064 0.050864 0.039734
5 40 54.597702 0.052395 0.039999 0.051987 0.039518
5 41 54.712643 0.052420 0.040339 0.051723 0.039403
5 42 54.827587 0.051625 0.040323 0.050335 0.038723
5 43 54.942528 0.050510 0.039266 0.051653 0.039528
5 44 55.057472 0.051757 0.040125 0.050922 0.039346
5 45 55.172413 0.050608 0.039479 0.051882 0.040444
5 46 55.287357 0.051227 0.039702 0.050094 0.039282
5 47 55.402298 0.051095 0.039192 0.052417 0.040311
5 48 55.517242 0.051311 0.039599 0.050350 0.038763
5 49 55.632183 0.051537 0.039675 0.051992 0.039667
5 50 55.747128 0.052139 0.040124 0.050257 0.038715
5 51 55.862068 0.049959 0.039016 0.051734 0.039983
5 52 55.977013 0.053654 0.040226 0.052530 0.039524
5 53 56.091953 0.051404 0.039728 0.051117 0.039611
5 54 56.206898 0.049625 0.038543 0.051125 0.039504
5 55 56.321838 0.051914 0.039927 0.050305 0.039003
5 56 56.436783 0.051282 0.039753 0.050820 0.039423
5 57 56.551723 0.051184 0.039740 0.050747 0.039069
5 58 56.666668 0.051533 0.039616 0.051385 0.039560
5 59 56.781609 0.050741 0.039154 0.050437 0.038881
5 60 56.896553 0.051045 0.039386 0.050636 0.039181
5 61 57.011494 0.051117 0.039192 0.050882 0.039369
5 62 57.126438 0.049826 0.038840 0.052850 0.040796
5 63 57.241379 0.050091 0.039060 0.050306 0.039261
5 64 57.356323 0.051553 0.039086 0.051707 0.039702
5 65 57.471264 0.049839 0.038650 0.050465 0.039007
5 66 57.586208 0.052093 0.040024 0.050815 0.039145
5 67 57.701149 0.051942 0.040105 0.050427 0.039090
5 68 57.816093 0.052288 0.040095 0.051351 0.039157
5 69 57.931034 0.052941 0.040236 0.051266 0.038898
5 70 58.045979 0.050330 0.039196 0.051698 0.040157
5 71 58.160919 0.050367 0.038891 0.050997 0.039796
5 72 58.275864 0.052554 0.040383 0.050989 0.038703
5 73 58.390804 0.051952 0.039752 0.051104 0.039112
5 74 58.505749 0.050938 0.039346 0.049798 0.038949
5 75 58.620689 0.051976 0.040541 0.050785 0.039505
5 76 58.735634 0.051135 0.039491 0.050499 0.038682
5 77 58.850574 0.050755 0.039031 0.050856 0.039155
5 78 58.965519 0.049854 0.038666 0.051342 0.039313
5 79 59.080460 0.051369 0.039472 0.050805 0.039368
5 80 59.195404 0.050925 0.038983 0.051209 0.039182
5 81 59.310345 0.050695 0.039158 0.051976 0.040231
5 82 59.425289 0.051123 0.039609 0.051758 0.040006
5 83 59.540230 0.052018 0.040401 0.050583 0.038799
5 84 59.655174 0.051366 0.039803 0.051340 0.039406
5 85 59.770115 0.051574 0.039950 0.050906 0.039167
5 86 59.885059 0.051070 0.038930 0.050323 0.038694
6 0 60.000000 0.050012 0.038649 0.050792 0.039468
6 1 60.114941 0.051672 0.039619 0.051370 0.039512
6 2 60.229885 0.049996 0.038419 0.050688 0.039216
6 3 60.344826 0.050599 0.038991 0.050900 0.039340
6 4 60.459770 0.051323 0.039915 0.051531 0.039563
6 5 60.574711 0.050591 0.038615 0.052249 0.039556
6 6 60.689655 0.050242 0.039064 0.050365 0.039181
6 7 60.804596 0.050333 0.039196 0.049923 0.039127
6 8 60.919540 0.051548 0.040009 0.051017 0.039501
6 9 61.034481 0.050282 0.039373 0.049115 0.038138
6 10 61.149426 0.051300 0.039435 0.050920 0.039345
6 11 61.264366 0.049802 0.039113 0.049864 0.038819
6 12 61.379311 0.052663 0.040249 0.050477 0.038385
6 13 61.494251 0.051769 0.040035 0.050519 0.039376
6 14 61.609196 0.050966 0.038710 0.050517 0.038660
6 15 61.724136 0.050852 0.039247 0.050407 0.039351
6 16 61.839081 0.051379 0.039292 0.050767 0.038998
6 17 61.954021 0.050775 0.039347 0.049506 0.038466
6 18 62.068966 0.050773 0.039301 0.050881 0.039838
6 19 62.183907 0.050144 0.039073 0.050215 0.038742
6 20 62.298851 0.050810 0.039093 0.050656 0.039365
6 21 62.413792 0.051127 0.039388 0.049129 0.037688
6 22 62.528736 0.051193 0.039453 0.051274 0.039525
6 23 62.643677 0.049826 0.038665 0.050686 0.039113
6 24 62.758621 0.049559 0.038855 0.050007 0.039016
6 25 62.873562 0.049250 0.037992 0.049347 0.038075
6 26 62.988506 0.051507 0.039336 0.051372 0.039346
6 27 63.103447 0.050021 0.038544 0.050213 0.039080
6 28 63.218391 0.050862 0.039146 0.050361 0.038689
6 29 63.333332 0.050096 0.038860 0.050361 0.038997
6 30 63.448277 0.049577 0.038584 0.050690 0.039094
6 31 63.563217 0.050873 0.039180 0.051421 0.039429
6 32 63.678162 0.049934 0.038708 0.051676 0.040045
6 33 63.793102 0.051209 0.039574 0.051674 0.039761
6 34 63.908047 0.051523 0.039516 0.050818 0.038760
6 35 64.022987 0.051135 0.039481 0.051060 0.039443
6 36 64.137932 0.050658 0.039522 0.049985 0.038887
6 37 64.252876 0.050942 0.039206 0.050440 0.038999
6 38 64.367813 0.049721 0.038323 0.052564 0.040403
6 39 64.482758 0.052079 0.039687 0.050936 0.038632
6 40 64.597702 0.049460 0.038476 0.051629 0.039863
6 41 64.712646 0.050418 0.039481 0.050889 0.039776
6 42 64.827583 0.051570 0.039663 0.049314 0.038451
6 43 64.942528 0.051292 0.039600 0.051471 0.039629
6 44 65.057472 0.050535 0.038957 0.051363 0.040131
6 45 65.172417 0.051085 0.039256 0.051457 0.039580
6 46 65.287354 0.050716 0.038990 0.051977 0.039705
6 47 65.402298 0.050669 0.039577 0.049921 0.039176
6 48 65.517242 0.050308 0.038981 0.050524 0.039363
6 49 65.632187 0.051958 0.039663 0.049562 0.038259
6 50 65.747124 0.051181 0.039647 0.050787 0.039889
6 51 65.862068 0.050702 0.038715 0.051803 0.039830
6 52 65.977013 0.050667 0.039208 0.051609 0.040009
6 53 66.091957 0.051303 0.039282 0.051907 0.039931
6 54 66.206894 0.050941 0.039129 0.051755 0.039860
6 55 66.321838 0.051855 0.039865 0.050002 0.038987
6 56 66.436783 0.051306 0.039714 0.050800 0.039137
6 57 66.551727 0.049641 0.038623 0.051249 0.039715
6 58 66.666664 0.050917 0.039323 0.050384 0.039259
6 59 66.781609 0.051133 0.039604 0.050023 0.038793
6 60 66.896553 0.049201 0.038556 0.050186 0.038908
6 61 67.011497 0.050312 0.038727 0.051596 0.040219
6 62 67.126434 0.049775 0.038786 0.050554 0.039232
6 63 67.241379 0.051455 0.039543 0.050717 0.039490
6 64 67.356323 0.049922 0.038566 0.049591 0.038496
6 65 67.471268 0.050778 0.039493 0.050856 0.039426
6 66 67.586205 0.049605 0.038938 0.050807 0.039437
6 67 67.701149 0.051220 0.039417 0.050369 0.038848
6 68 67.816093 0.049702 0.038759 0.049018 0.038424
6 69 67.931038 0.050916 0.039279 0.051055 0.039692
6 70 68.045975 0.050408 0.039280 0.049843 0.038616
6 71 68.160919 0.049252 0.038477 0.050790 0.039622
6 72 68.275864 0.050946 0.039454 0.052082 0.040181
6 73 68.390808 0.050870 0.039351 0.049527 0.038288
6 74 68.505745 0.051632 0.039984 0.049890 0.038733
6 75 68.620689 0.050129 0.038857 0.049680 0.038945
6 76 68.735634 0.049753 0.038750 0.049925 0.038865
6 77 68.850578 0.052059 0.039684 0.051373 0.039440
6 78 68.965515 0.052237 0.040558 0.051427 0.039523
6 79 69.080460 0.050777 0.039152 0.050778 0.039468
6 80 69.195404 0.050996 0.038835 0.052062 0.039914
6 81 69.310349 0.052149 0.040203 0.050746 0.039298
6 82 69.425285 0.051203 0.039145 0.049660 0.038678
6 83 69.540230 0.051932 0.040065 0.051582 0.039563
6 84 69.655174 0.051887 0.039780 0.050666 0.039309
6 85 69.770119 0.049336 0.038248 0.050800 0.039322
6 86 69.885056 0.049494 0.038697 0.050000 0.039068
7 0 70.000000 0.049617 0.038365 0.051743 0.039498
7 1 70.114944 0.051363 0.039100 0.050939 0.039154
7 2 70.229881 0.050640 0.038789 0.050755 0.039154
7 3 70.344826 0.051348 0.039236 0.051442 0.039672
7 4 70.459770 0.050524 0.039248 0.049936 0.038815
7 5 70.574715 0.050647 0.039160 0.050578 0.039191
7 6 70.689651 0.052104 0.040078 0.052114 0.039442
7 7 70.804596 0.050458 0.038930 0.050774 0.039060
7 8 70.919540 0.051326 0.039887 0.050532 0.039310
7 9 71.034485 0.050408 0.039138 0.050058 0.039089
7 10 71.149422 0.050468 0.039399 0.051640 0.039898
7 11 71.264366 0.051239 0.039466 0.050526 0.039095
7 12 71.379311 0.049884 0.038990 0.050301 0.039128
7 13 71.494255 0.049897 0.038963 0.050060 0.039096
7 14 71.609192 0.051323 0.039326 0.050836 0.039128
7 15 71.724136 0.051200 0.039015 0.050391 0.038288
7 16 71.839081 0.049882 0.038849 0.051172 0.039512
7 17 71.954025 0.050212 0.038642 0.051483 0.039394
7 18 72.068962 0.050854 0.039328 0.050057 0.039274
7 19 72.183907 0.050927 0.039579 0.050358 0.039302
7 20 72.298851 0.050543 0.039224 0.050667 0.039142
7 21 72.413795 0.050155 0.038549 0.052025 0.039862
7 22 72.528732 0.050308 0.039003 0.051506 0.039840
7 23 72.643677 0.050163 0.038863 0.050412 0.038969
7 24 72.758621 0.050843 0.039427 0.049968 0.039060
7 25 72.873566 0.050925 0.039644 0.050326 0.039177
7 26 72.988503 0.050794 0.038868 0.050834 0.039039
7 27 73.103447 0.049522 0.038630 0.049742 0.039091
7 28 73.218391 0.051716 0.039604 0.050230 0.038681
7 29 73.333336 0.052301 0.039910 0.051770 0.039421
7 30 73.448273 0.051539 0.039149 0.052204 0.039889
7 31 73.563217 0.050414 0.039287 0.049691 0.039018
7 32 73.678162 0.051746 0.039534 0.052132 0.040169
7 33 73.793106 0.050257 0.039399 0.049296 0.038645
7 34 73.908043 0.050542 0.039495 0.051548 0.040109
7 35 74.022987 0.051068 0.039930 0.050286 0.039216
7 36 74.137932 0.050549 0.038972 0.049775 0.038739
7 37 74.252876 0.050125 0.038803 0.050749 0.039417
7 38 74.367813 0.050223 0.039086 0.051443 0.039863
7 39 74.482758 0.051330 0.039539 0.051078 0.039271
7 40 74.597702 0.050966 0.039467 0.050703 0.039931
7 41 74.712646 0.049416 0.038798 0.050377 0.039276
7 42 74.827583 0.050559 0.039147 0.051876 0.039800
7 43 74.942528 0.051116 0.039307 0.051327 0.039860
7 44 75.057472 0.051228 0.039533 0.050767 0.038817
7 45 75.172417 0.050357 0.039501 0.049502 0.038471
7 46 75.287354 0.050914 0.039318 0.051394 0.039432
7 47 75.402298 0.050001 0.038556 0.051878 0.040283
7 48 75.517242 0.051475 0.039393 0.049802 0.039144
7 49 75.632187 0.050628 0.039374 0.049894 0.038632
7 50 75.747124 0.050961 0.039697 0.050542 0.039130
7 51 75.862068 0.050859 0.039601 0.050284 0.038737
7 52 75.977013 0.050328 0.038556 0.051406 0.039953
7 53 76.091957 0.049861 0.039125 0.049802 0.038697
7 54 76.206894 0.050666 0.039508 0.050310 0.038825
7 55 76.321838 0.051341 0.039148 0.050865 0.039374
7 56 76.436783 0.050639 0.039320 0.049954 0.038755
7 57 76.551727 0.051045 0.039624 0.049930 0.039096
7 58 76.666664 0.051198 0.039786 0.050041 0.039012
7 59 76.781609 0.050992 0.039318 0.051477 0.039818
7 60 76.896553 0.051408 0.039565 0.051016 0.039488
7 61 77.011497 0.050360 0.039214 0.051040 0.039941
7 62 77.126434 0.050561 0.038846 0.050567 0.039336
7 63 77.241379 0.050844 0.039834 0.049081 0.038253
7 64 77.356323 0.050257 0.039031 0.049874 0.038705
7 65 77.471268 0.051595 0.039683 0.050878 0.039084
7 66 77.586205 0.050651 0.038981 0.050794 0.039284
7 67 77.701149 0.051221 0.039747 0.050652 0.039422
7 68 77.816093 0.049214 0.038251 0.049631 0.038640
7 69 77.931038 0.049308 0.038093 0.051325 0.039571
7 70 78.045975 0.050965 0.039762 0.051098 0.039910
7 71 78.160919 0.049489 0.038492 0.050041 0.039125
7 72 78.275864 0.050100 0.039157 0.049749 0.039275
7 73 78.390808 0.050834 0.039452 0.051215 0.039382
7 74 78.505745 0.050318 0.039198 0.049690 0.038770
7 75 78.620689 0.050858 0.039603 0.051135 0.039809
7 76 78.735634 0.050641 0.039297 0.050219 0.039096
7 77 78.850578 0.050912 0.039264 0.050759 0.039050
7 78 78.965515 0.050124 0.039013 0.050850 0.039636
7 79 79.080460 0.051844 0.039812 0.051563 0.039819
7 80 79.195404 0.051412 0.039348 0.052159 0.039443
7 81 79.310349 0.052696 0.040517 0.050799 0.039067
7 82 79.425285 0.050660 0.038928 0.051432 0.039416
7 83 79.540230 0.050598 0.039426 0.050634 0.039307
7 84 79.655174 0.050456 0.038968 0.051120 0.039627
7 85 79.770119 0.049664 0.038895 0.050353 0.038942
7 86 79.885056 0.050702 0.039069 0.050317 0.038622
8 0 80.000000 0.050385 0.039294 0.051255 0.039288
8 1 80.114944 0.049901 0.039010 0.049299 0.038624
8 2 80.229881 0.051744 0.040028 0.050607 0.039226
8 3 80.344826 0.051137 0.040012 0.050738 0.039458
8 4 80.459770 0.050914 0.039622 0.049412 0.038269
8 5 80.574715 0.050443 0.038940 0.050428 0.039192
8 6 80.689651 0.052061 0.039905 0.050993 0.039367
8 7 80.804596 0.050585 0.038731 0.051831 0.040044
8 8 80.919540 0.050328 0.039484 0.051039 0.040011
8 9 81.034485 0.050275 0.038912 0.050675 0.039299
8 10 81.149422 0.051281 0.039796 0.050335 0.039292
8 11 81.264366 0.049720 0.038555 0.050562 0.038761
8 12 81.379311 0.049806 0.038725 0.049848 0.038847
8 13 81.494255 0.050913 0.039241 0.049746 0.038796
8 14 81.609192 0.050985 0.039394 0.051396 0.039893
8 15 81.724136 0.050715 0.039573 0.049797 0.038610
8 16 81.839081 0.049578 0.038690 0.049882 0.039067
8 17 81.954025 0.051074 0.039963 0.050603 0.039345
8 18 82.068962 0.051233 0.039593 0.050958 0.039602
8 19 82.183907 0.050203 0.039281 0.051144 0.040128
8 20 82.298851 0.050091 0.038626 0.051300 0.039535
8 21 82.413795 0.050835 0.038943 0.050958 0.039140
8 22 82.528732 0.050152 0.039670 0.049727 0.038864
8 23 82.643677 0.050012 0.038902 0.050648 0.039559
8 24 82.758621 0.050791 0.039711 0.050851 0.039460
8 25 82.873566 0.049964 0.038908 0.050816 0.039232
8 26 82.988503 0.051515 0.039942 0.049792 0.038818
8 27 83.103447 0.051090 0.039815 0.050329 0.039619
8 28 83.218391 0.051870 0.039502 0.050292 0.038944
8 29 83.333336 0.050787 0.039571 0.051130 0.040105
8 30 83.448273 0.050980 0.039986 0.050389 0.039287
8 31 83.563217 0.051482 0.039668 0.049201 0.038526
8 32 83.678162 0.050662 0.038869 0.051135 0.039236
8 33 83.793106 0.051170 0.039416 0.051690 0.039405
8 34 83.908043 0.051335 0.039925 0.050005 0.038707
8 35 84.022987 0.050628 0.039658 0.050321 0.039925
8 36 84.137932 0.049926 0.038614 0.050568 0.039076
8 37 84.252876 0.051643 0.039785 0.049927 0.038291
8 38 84.367813 0.050906 0.039537 0.049523 0.038501
8 39 84.482758 0.050883 0.039335 0.051863 0.040123
8 40 84.597702 0.050967 0.039669 0.050534 0.039299
8 41 84.712646 0.050913 0.039678 0.050501 0.039448
8 42 84.827583 0.050109 0.038866 0.050785 0.039818
8 43 84.942528 0.049805 0.038802 0.050721 0.039704
8 44 85.057472 0.051315 0.039492 0.050217 0.038707
8 45 85.172417 0.050811 0.039551 0.049522 0.038676
8 46 85.287354 0.050434 0.039053 0.049859 0.038853
8 47 85.402298 0.049455 0.038869 0.051007 0.039809
8 48 85.517242 0.051210 0.039772 0.051326 0.039496
8 49 85.632187 0.049817 0.038849 0.049917 0.038932
8 50 85.747124 0.050538 0.039049 0.050014 0.038624
8 51 85.862068 0.051478 0.039793 0.051396 0.039613
8 52 85.977013 0.050648 0.039552 0.051909 0.040305
8 53 86.091957 0.050598 0.039403 0.050529 0.039069
8 54 86.206894 0.050399 0.039209 0.050643 0.039654
8 55 86.321838 0.051761 0.040023 0.050014 0.038810
8 56 86.436783 0.050541 0.039305 0.050120 0.038873
8 57 86.551727 0.050231 0.039345 0.050460 0.039289
8 58 86.666664 0.050982 0.039580 0.049963 0.038904
8 59 86.781609 0.050478 0.039046 0.050621 0.039114
8 60 86.896553 0.050347 0.039416 0.050965 0.040074
8 61 87.011497 0.050969 0.039222 0.050139 0.039213
8 62 87.126434 0.050707 0.039333 0.051139 0.039324
8 63 87.241379 0.050886 0.039256 0.051392 0.039694
8 64 87.356323 0.050277 0.039007 0.050719 0.039373
8 65 87.471268 0.052372 0.039999 0.051398 0.039095
8 66 87.586205 0.050599 0.039354 0.051194 0.039864
8 67 87.701149 0.050050 0.039155 0.050798 0.039642
8 68 87.816093 0.050423 0.038915 0.050263 0.038727
8 69 87.931038 0.050723 0.039916 0.049808 0.038888
8 70 88.045975 0.049936 0.039040 0.050502 0.038955
8 71 88.160919 0.050371 0.038791 0.050656 0.039332
8 72 88.275864 0.050077 0.039156 0.050839 0.039516
8 73 88.390808 0.050289 0.038906 0.049373 0.038376
8 74 88.505745 0.050152 0.038737 0.050056 0.038962
8 75 88.620689 0.050403 0.039108 0.050423 0.039361
8 76 88.735634 0.049729 0.038496 0.050663 0.039484
8 77 88.850578 0.050326 0.038939 0.050517 0.039093
8 78 88.965515 0.050244 0.039101 0.051132 0.039604
8 79 89.080460 0.050793 0.039754 0.050208 0.039182
8 80 89.195404 0.050908 0.039484 0.050921 0.039805
8 81 89.310349 0.050599 0.039152 0.050503 0.039245
8 82 89.425285 0.050390 0.038847 0.050224 0.039611
8 83 89.540230 0.049682 0.038760 0.050849 0.039319
8 84 89.655174 0.050870 0.039703 0.051257 0.039510
8 85 89.770119 0.049751 0.039355 0.049729 0.038655
8 86 89.885056 0.049023 0.038241 0.049776 0.038754
9 0 90.000000 0.050111 0.039284 0.050935 0.039839
9 1 90.114944 0.049399 0.038242 0.051727 0.040277
9 2 90.229881 0.050582 0.039525 0.050168 0.039363
9 3 90.344826 0.050588 0.039337 0.049460 0.038506
9 4 90.459770 0.050202 0.038851 0.051943 0.040234
9 5 90.574715 0.049759 0.039042 0.049337 0.038600
9 6 90.689651 0.051038 0.039333 0.051202 0.039406
9 7 90.804596 0.051073 0.039566 0.050826 0.039656
9 8 90.919540 0.051856 0.040168 0.050970 0.039484
9 9 91.034485 0.051495 0.039450 0.050983 0.039516
9 10 91.149422 0.050301 0.039136 0.050334 0.039661
9 11 91.264366 0.049963 0.038956 0.049982 0.038989
9 12 91.379311 0.049747 0.039292 0.049770 0.038866
9 13 91.494255 0.050489 0.039312 0.049960 0.039201
9 14 91.609192 0.050473 0.038987 0.051142 0.039196
9 15 91.724136 0.050964 0.038986 0.052120 0.040059
9 16 91.839081 0.050199 0.038823 0.050270 0.038699
9 17 91.954025 0.049859 0.038928 0.050190 0.039031
9 18 92.068962 0.050281 0.039526 0.050667 0.039786
9 19 92.183907 0.051090 0.039499 0.051736 0.040278
9 20 92.298851 0.049334 0.038365 0.049630 0.038882
9 21 92.413795 0.049543 0.038918 0.050398 0.039327
9 22 92.528732 0.050515 0.039215 0.050241 0.039029
9 23 92.643677 0.049963 0.038872 0.049794 0.038983
9 24 92.758621 0.050466 0.039748 0.049974 0.038617
9 25 92.873566 0.050987 0.039318 0.048932 0.037928
9 26 92.988503 0.050644 0.039369 0.050337 0.038920
9 27 93.103447 0.050935 0.040170 0.049631 0.039014
9 28 93.218391 0.051054 0.039598 0.049885 0.038754
9 29 93.333336 0.048756 0.038544 0.049690 0.038723
9 30 93.448273 0.050418 0.038962 0.049919 0.038643
9 31 93.563217 0.050113 0.039444 0.050362 0.039690
9 32 93.678162 0.049241 0.038622 0.050956 0.039811
9 33 93.793106 0.049766 0.039121 0.049724 0.039183
9 34 93.908043 0.050683 0.039153 0.050376 0.039075
9 35 94.022987 0.050050 0.039072 0.049458 0.038718
9 36 94.137932 0.049252 0.038637 0.050706 0.039696
9 37 94.252876 0.049960 0.038942 0.050044 0.039149
9 38 94.367813 0.049663 0.038653 0.049520 0.038845
9 39 94.482758 0.050125 0.039285 0.049383 0.038732
9 40 94.597702 0.050757 0.039674 0.049810 0.038800
9 41 94.712646 0.049930 0.039076 0.050680 0.039099
9 42 94.827583 0.050548 0.039371 0.051073 0.039462
9 43 94.942528 0.051812 0.040350 0.049495 0.038029
9 44 95.057472 0.049051 0.038183 0.049615 0.038786
9 45 95.172417 0.048970 0.038311 0.049466 0.038534
9 46 95.287354 0.050026 0.038936 0.050658 0.039865
9 47 95.402298 0.049590 0.038870 0.049773 0.038805
9 48 95.517242 0.051056 0.039377 0.050685 0.039333
9 49 95.632187 0.050051 0.039049 0.049872 0.038822
9 50 95.747124 0.052666 0.040284 0.052219 0.039634
9 51 95.862068 0.050163 0.039334 0.049286 0.038982
9 52 95.977013 0.049489 0.038844 0.050272 0.039328
9 53 96.091957 0.049965 0.038762 0.049802 0.038901
9 54 96.206894 0.050746 0.039155 0.050593 0.039238
9 55 96.321838 0.050448 0.039416 0.050062 0.039038
9 56 96.436783 0.052500 0.039599 0.051491 0.038830
9 57 96.551727 0.050925 0.039738 0.050087 0.038873
9 58 96.666664 0.050031 0.038701 0.051319 0.039650
9 59 96.781609 0.049632 0.038325 0.050747 0.039206
9 60 96.896553 0.049574 0.038689 0.050515 0.039249
9 61 97.011497 0.049530 0.038632 0.050011 0.038877
9 62 97.126434 0.049932 0.038873 0.050177 0.039120
9 63 97.241379 0.050392 0.039340 0.049636 0.038462
9 64 97.356323 0.051191 0.039228 0.049952 0.038808
9 65 97.471268 0.049997 0.039006 0.050495 0.039144
9 66 97.586205 0.048821 0.038216 0.050533 0.039104
9 67 97.701149 0.049982 0.038825 0.049695 0.038745
9 68 97.816093 0.050833 0.038983 0.050552 0.038944
9 69 97.931038 0.050337 0.039185 0.050875 0.039733
9 70 98.045975 0.050676 0.039087 0.051362 0.039798
9 71 98.160919 0.049675 0.039353 0.049799 0.039274
9 72 98.275864 0.049750 0.038829 0.049460 0.038792
9 73 98.390808 0.049947 0.038741 0.050660 0.039430
9 74 98.505745 0.050697 0.038961 0.050411 0.038947
9 75 98.620689 0.049970 0.039026 0.050872 0.039490
9 76 98.735634 0.050318 0.039356 0.049218 0.038312
9 77 98.850578 0.049580 0.038551 0.049034 0.038425
9 78 98.965515 0.051368 0.040153 0.049844 0.039187
9 79 99.080460 0.050191 0.039138 0.050808 0.039773
9 80 99.195404 0.050653 0.039317 0.049930 0.039255
9 81 99.310349 0.051293 0.040216 0.049000 0.038405
9 82 99.425285 0.050243 0.039513 0.050768 0.039466
9 83 99.540230 0.049176 0.038661 0.050455 0.039475
9 84 99.655174 0.051981 0.040093 0.050982 0.039552
9 85 99.770119 0.050463 0.039455 0.048611 0.038633
9 86 99.885056 0.051247 0.039417 0.050889 0.039220
