0 0 0.000000 0.972640 0.125972 0.972613 0.127888
0 1 0.114943 0.970771 0.126110 0.970977 0.126052
0 2 0.229885 0.971657 0.127489 0.971573 0.127537
0 3 0.344828 0.970986 0.126156 0.969629 0.124775
0 4 0.459770 0.969919 0.125578 0.970816 0.125642
0 5 0.574713 0.970717 0.126472 0.969359 0.125459
0 6 0.689655 0.972060 0.126669 0.973293 0.126443
0 7 0.804598 0.970778 0.125585 0.967555 0.125646
0 8 0.919540 0.971922 0.126494 0.972017 0.126340
0 9 1.034483 0.971105 0.127540 0.971122 0.125914
0 10 1.149425 0.971443 0.127230 0.969420 0.125575
0 11 1.264368 0.972348 0.127185 0.973108 0.124547
0 12 1.379310 0.968097 0.124673 0.970908 0.126562
0 13 1.494253 0.973261 0.128083 0.974150 0.127058
0 14 1.609195 0.970203 0.126149 0.969267 0.124901
0 15 1.724138 0.972598 0.125191 0.971405 0.127140
0 16 1.839080 0.966477 0.124602 0.972950 0.126213
0 17 1.954023 0.968399 0.125477 0.971677 0.125778
0 18 2.068965 0.972788 0.127812 0.972484 0.127424
0 19 2.183908 0.972317 0.126679 0.972954 0.125928
0 20 2.298851 0.968861 0.127969 0.969309 0.125653
0 21 2.413793 0.970470 0.125686 0.975674 0.128115
0 22 2.528736 0.973468 0.127147 0.970113 0.125931
0 23 2.643678 0.971496 0.126811 0.969444 0.126302
0 24 2.758621 0.968519 0.124909 0.973464 0.126444
0 25 2.873563 0.971406 0.126567 0.971738 0.125415
0 26 2.988506 0.971236 0.127021 0.972565 0.127059
0 27 3.103448 0.974423 0.125876 0.969999 0.124900
0 28 3.218391 0.971337 0.125669 0.974406 0.127567
0 29 3.333333 0.971506 0.126643 0.970739 0.125711
0 30 3.448276 0.972559 0.126571 0.971952 0.125521
0 31 3.563218 0.969282 0.125512 0.968686 0.125108
0 32 3.678161 0.971822 0.126834 0.971165 0.125569
0 33 3.793103 0.970705 0.125721 0.967437 0.125452
0 34 3.908046 0.973124 0.127307 0.970805 0.125825
0 35 4.022988 0.973515 0.126730 0.972680 0.127338
0 36 4.137931 0.970579 0.125679 0.971492 0.126586
0 37 4.252873 0.970802 0.127937 0.971079 0.126565
0 38 4.367816 0.973352 0.127257 0.970612 0.126108
0 39 4.482759 0.971800 0.127540 0.969377 0.126084
0 40 4.597701 0.974132 0.127158 0.973683 0.127758
0 41 4.712644 0.971735 0.125741 0.972242 0.126515
0 42 4.827586 0.973260 0.128294 0.968471 0.124329
0 43 4.942529 0.972679 0.126433 0.971826 0.126602
0 44 5.057471 0.972799 0.127484 0.967881 0.124444
0 45 5.172414 0.969375 0.126358 0.971872 0.126792
0 46 5.287356 0.972660 0.124989 0.969203 0.124940
0 47 5.402299 0.972075 0.126919 0.974326 0.127801
0 48 5.517241 0.969869 0.124124 0.968323 0.125564
0 49 5.632184 0.970417 0.124872 0.973244 0.128572
0 50 5.747127 0.971359 0.127001 0.971319 0.125749
0 51 5.862069 0.973159 0.127942 0.972534 0.126786
0 52 5.977012 0.971555 0.126806 0.971957 0.126801
0 53 6.091954 0.971763 0.126178 0.973791 0.127654
0 54 6.206897 0.971496 0.126970 0.970421 0.125376
0 55 6.321839 0.971209 0.125934 0.972645 0.126768
0 56 6.436781 0.974152 0.126943 0.971053 0.124729
0 57 6.551724 0.971540 0.126633 0.970814 0.124955
0 58 6.666667 0.971449 0.127484 0.972665 0.127626
0 59 6.781609 0.970875 0.126256 0.974071 0.127229
0 60 6.896552 0.971825 0.126085 0.970165 0.125240
0 61 7.011494 0.971471 0.126137 0.972054 0.126158
0 62 7.126437 0.971787 0.126133 0.971751 0.128411
0 63 7.241379 0.969609 0.122970 0.970655 0.123988
0 64 7.356322 0.969263 0.124712 0.972022 0.127138
0 65 7.471264 0.974765 0.127634 0.974905 0.127284
0 66 7.586207 0.970679 0.127143 0.970501 0.125164
0 67 7.701149 0.970420 0.127912 0.972211 0.125678
0 68 7.816092 0.971538 0.125742 0.972819 0.125839
0 69 7.931035 0.972680 0.126773 0.967177 0.126133
0 70 8.045977 0.971096 0.127062 0.973404 0.126434
0 71 8.160919 0.973198 0.126712 0.973502 0.126982
0 72 8.275862 0.972460 0.127519 0.970586 0.125694
0 73 8.390804 0.971394 0.126539 0.973070 0.127669
0 74 8.505747 0.971956 0.126691 0.976044 0.128408
0 75 8.620689 0.972062 0.126240 0.974101 0.126477
0 76 8.735632 0.971630 0.126855 0.971354 0.125855
0 77 8.850574 0.973448 0.126905 0.971680 0.125929
0 78 8.965517 0.971364 0.127253 0.969660 0.126355
0 79 9.080460 0.971601 0.125813 0.972957 0.126531
0 80 9.195402 0.973075 0.126227 0.973882 0.126855
0 81 9.310345 0.969526 0.126263 0.971973 0.126113
0 82 9.425287 0.970324 0.125372 0.972243 0.127454
0 83 9.540230 0.970994 0.126839 0.969143 0.125890
0 84 9.655172 0.970046 0.126736 0.970106 0.125769
0 85 9.770115 0.971271 0.127533 0.970775 0.127215
0 86 9.885057 0.970520 0.125909 0.970741 0.126935
1 0 10.000000 0.975134 0.126555 0.973064 0.128666
1 1 10.114943 0.972099 0.124807 0.969825 0.125888
1 2 10.229885 0.971390 0.125854 0.972734 0.127046
1 3 10.344828 0.971909 0.127314 0.971008 0.127045
1 4 10.459770 0.968349 0.125552 0.973202 0.128095
1 5 10.574713 0.972185 0.125479 0.972332 0.128022
1 6 10.689655 0.970426 0.127357 0.972764 0.127419
1 7 10.804598 0.970980 0.125956 0.974380 0.126921
1 8 10.919540 0.972289 0.125490 0.970834 0.125016
1 9 11.034483 0.971265 0.126972 0.970053 0.125344
1 10 11.149426 0.970071 0.126525 0.975721 0.128428
1 11 11.264368 0.970400 0.127791 0.973161 0.127431
1 12 11.379311 0.972260 0.126066 0.974124 0.127963
1 13 11.494253 0.971138 0.125848 0.974915 0.127986
1 14 11.609196 0.970522 0.127812 0.971328 0.127325
1 15 11.724138 0.975811 0.127382 0.973940 0.127399
1 16 11.839081 0.971364 0.125973 0.971521 0.128349
1 17 11.954023 0.971711 0.126374 0.975775 0.129718
1 18 12.068966 0.972321 0.128050 0.972333 0.125869
1 19 12.183908 0.971913 0.125757 0.971097 0.126529
1 20 12.298851 0.967237 0.125119 0.971666 0.126922
1 21 12.413794 0.969612 0.125406 0.972314 0.126908
1 22 12.528735 0.970540 0.125340 0.972713 0.127343
1 23 12.643678 0.971836 0.125519 0.971693 0.127244
1 24 12.758620 0.971812 0.126731 0.973360 0.126618
1 25 12.873563 0.973153 0.125883 0.971393 0.127328
1 26 12.988505 0.970016 0.124807 0.971095 0.127390
1 27 13.103448 0.969470 0.125176 0.971217 0.127365
1 28 13.218390 0.974455 0.129227 0.971130 0.126566
1 29 13.333333 0.972038 0.125910 0.973056 0.125386
1 30 13.448276 0.970602 0.126981 0.973606 0.126924
1 31 13.563218 0.973440 0.126491 0.970867 0.127118
1 32 13.678161 0.973222 0.126205 0.973714 0.125395
1 33 13.793103 0.974440 0.127810 0.970611 0.125478
1 34 13.908046 0.970695 0.125902 0.972941 0.125991
1 35 14.022988 0.970487 0.127422 0.971755 0.124716
1 36 14.137931 0.970447 0.126317 0.968975 0.126804
1 37 14.252873 0.969702 0.125313 0.972532 0.125131
1 38 14.367816 0.966071 0.123113 0.971788 0.128576
1 39 14.482759 0.966076 0.124603 0.969449 0.125329
1 40 14.597701 0.969849 0.125262 0.970540 0.126773
1 41 14.712644 0.972075 0.126700 0.970924 0.126650
1 42 14.827586 0.975245 0.127509 0.972148 0.125950
1 43 14.942529 0.970496 0.128500 0.969752 0.126094
1 44 15.057471 0.971299 0.125727 0.971369 0.126432
1 45 15.172414 0.970683 0.125883 0.971020 0.127076
1 46 15.287356 0.971959 0.126819 0.970998 0.127035
1 47 15.402299 0.969277 0.125068 0.971424 0.127729
1 48 15.517241 0.972664 0.125176 0.971942 0.126109
1 49 15.632184 0.972368 0.126808 0.973136 0.127465
1 50 15.747127 0.973637 0.126711 0.972581 0.125652
1 51 15.862069 0.971081 0.126860 0.972582 0.124958
1 52 15.977012 0.972125 0.126386 0.971753 0.126879
1 53 16.091953 0.976020 0.127218 0.974188 0.126803
1 54 16.206896 0.969422 0.125553 0.972023 0.126724
1 55 16.321838 0.970292 0.125486 0.972368 0.125482
1 56 16.436781 0.972254 0.126585 0.972024 0.127105
1 57 16.551723 0.969665 0.127245 0.970982 0.127120
1 58 16.666666 0.973044 0.125268 0.973654 0.128800
1 59 16.781609 0.972363 0.126323 0.971114 0.124675
1 60 16.896551 0.970926 0.125446 0.971289 0.124127
1 61 17.011494 0.969879 0.125453 0.969077 0.124992
1 62 17.126436 0.970225 0.125867 0.970398 0.124392
1 63 17.241379 0.969788 0.126162 0.971702 0.126501
1 64 17.356321 0.972191 0.126624 0.973200 0.128259
1 65 17.471264 0.971916 0.126928 0.968829 0.125752
1 66 17.586206 0.970022 0.126257 0.973361 0.125635
1 67 17.701149 0.973059 0.126945 0.973055 0.127687
1 68 17.816092 0.970734 0.126609 0.971144 0.125763
1 69 17.931034 0.970104 0.125775 0.970942 0.127098
1 70 18.045977 0.972401 0.127303 0.969323 0.124832
1 71 18.160919 0.971472 0.125693 0.973157 0.128051
1 72 18.275862 0.972411 0.125948 0.972993 0.128313
1 73 18.390804 0.973088 0.127220 0.971416 0.125435
1 74 18.505747 0.973665 0.125904 0.972439 0.127075
1 75 18.620689 0.971568 0.126025 0.971765 0.126013
1 76 18.735632 0.971363 0.124596 0.970318 0.125398
1 77 18.850574 0.970146 0.123617 0.967604 0.123682
1 78 18.965517 0.970487 0.124827 0.972474 0.127137
1 79 19.080460 0.971574 0.126365 0.970680 0.124952
1 80 19.195402 0.971744 0.126605 0.972099 0.128277
1 81 19.310345 0.974881 0.124734 0.972355 0.126362
1 82 19.425287 0.970098 0.125577 0.969040 0.124947
1 83 19.540230 0.968718 0.125711 0.973571 0.126859
1 84 19.655172 0.970404 0.125867 0.972135 0.126100
1 85 19.770115 0.971462 0.127132 0.971127 0.125601
1 86 19.885057 0.971098 0.126779 0.969340 0.125188
2 0 20.000000 0.975866 0.126412 0.974098 0.127114
2 1 20.114943 0.971521 0.127305 0.970304 0.125099
2 2 20.229885 0.972070 0.125175 0.974158 0.128209
2 3 20.344828 0.972962 0.125018 0.973334 0.127476
2 4 20.459770 0.974301 0.125568 0.973460 0.126710
2 5 20.574713 0.973157 0.126362 0.971853 0.124942
2 6 20.689655 0.968535 0.126434 0.973745 0.126868
2 7 20.804598 0.970888 0.125127 0.973218 0.126634
2 8 20.919540 0.972062 0.125033 0.971750 0.126812
2 9 21.034483 0.970812 0.125113 0.969617 0.125610
2 10 21.149426 0.972976 0.126896 0.973245 0.127087
2 11 21.264368 0.973109 0.125304 0.969535 0.125390
2 12 21.379311 0.967787 0.125626 0.971927 0.126092
2 13 21.494253 0.970087 0.125909 0.972441 0.127822
2 14 21.609196 0.972964 0.126324 0.972173 0.126100
2 15 21.724138 0.972513 0.127523 0.971825 0.126218
2 16 21.839081 0.969782 0.126730 0.970725 0.127227
2 17 21.954023 0.972040 0.128927 0.968093 0.124955
2 18 22.068966 0.974314 0.127650 0.972662 0.127102
2 19 22.183908 0.970361 0.124609 0.972071 0.124963
2 20 22.298851 0.970851 0.125776 0.970453 0.126130
2 21 22.413794 0.972618 0.126493 0.972990 0.127417
2 22 22.528736 0.971284 0.128157 0.971676 0.125955
2 23 22.643679 0.973050 0.127401 0.974282 0.128113
2 24 22.758621 0.972618 0.127500 0.972241 0.125012
2 25 22.873564 0.972070 0.127210 0.972723 0.127508
2 26 22.988506 0.969390 0.125276 0.968265 0.126545
2 27 23.103449 0.971082 0.127400 0.973340 0.127707
2 28 23.218391 0.970515 0.126336 0.969527 0.126391
2 29 23.333334 0.970814 0.127325 0.970356 0.124903
2 30 23.448277 0.969303 0.126688 0.971648 0.126254
2 31 23.563219 0.971818 0.125709 0.972069 0.125964
2 32 23.678162 0.972521 0.126755 0.970654 0.125471
2 33 23.793104 0.969090 0.126465 0.971503 0.126955
2 34 23.908047 0.971524 0.124872 0.972769 0.126719
2 35 24.022989 0.971080 0.125382 0.970502 0.126605
2 36 24.137932 0.970601 0.125570 0.972627 0.127553
2 37 24.252874 0.970848 0.126436 0.972127 0.125486
2 38 24.367817 0.970763 0.127057 0.972007 0.125446
2 39 24.482759 0.974070 0.128189 0.972773 0.126833
2 40 24.597702 0.971666 0.126310 0.972562 0.127245
2 41 24.712645 0.970384 0.126617 0.972025 0.127366
2 42 24.827587 0.973008 0.128380 0.973644 0.128615
2 43 24.942530 0.973210 0.126143 0.972661 0.125764
2 44 25.057470 0.971459 0.124935 0.971926 0.125498
2 45 25.172413 0.970675 0.125260 0.970558 0.126782
2 46 25.287355 0.969666 0.126896 0.971214 0.127972
2 47 25.402298 0.974491 0.127144 0.973693 0.126636
2 48 25.517241 0.972394 0.126343 0.971115 0.125785
2 49 25.632183 0.976160 0.127508 0.972860 0.127071
2 50 25.747126 0.971194 0.128288 0.970495 0.128184
2 51 25.862068 0.972227 0.126903 0.973512 0.128138
2 52 25.977011 0.966756 0.125486 0.969650 0.126756
2 53 26.091953 0.969766 0.125944 0.968170 0.124985
2 54 26.206896 0.970188 0.125328 0.973433 0.126947
2 55 26.321838 0.969260 0.124665 0.969732 0.126048
2 56 26.436781 0.971836 0.126870 0.971767 0.126333
2 57 26.551723 0.969689 0.126147 0.969220 0.125226
2 58 26.666666 0.973279 0.126914 0.973362 0.127021
2 59 26.781609 0.972175 0.126538 0.971449 0.125755
2 60 26.896551 0.970395 0.126707 0.971383 0.125492
2 61 27.011494 0.971954 0.125822 0.970943 0.125633
2 62 27.126436 0.971882 0.125237 0.972547 0.126232
2 63 27.241379 0.970783 0.126522 0.970584 0.125583
2 64 27.356321 0.971685 0.126498 0.973102 0.124582
2 65 27.471264 0.972641 0.125509 0.971579 0.125431
2 66 27.586206 0.971352 0.127023 0.974319 0.127319
2 67 27.701149 0.968811 0.125477 0.971383 0.126930
2 68 27.816092 0.970766 0.127251 0.970414 0.127479
2 69 27.931034 0.971126 0.125401 0.972194 0.126276
2 70 28.045977 0.971024 0.126545 0.972615 0.126904
2 71 28.160919 0.974072 0.126955 0.972190 0.125603
2 72 28.275862 0.968213 0.125616 0.974746 0.127706
2 73 28.390804 0.970970 0.124979 0.971891 0.125758
2 74 28.505747 0.971200 0.125759 0.971076 0.127820
2 75 28.620689 0.971508 0.127208 0.968494 0.125553
2 76 28.735632 0.973074 0.127174 0.972147 0.126406
2 77 28.850574 0.969392 0.124438 0.969986 0.126695
2 78 28.965517 0.973433 0.128986 0.970064 0.126980
2 79 29.080460 0.972998 0.129374 0.973490 0.126949
2 80 29.195402 0.971582 0.126144 0.972733 0.125564
2 81 29.310345 0.971192 0.124778 0.970750 0.125238
2 82 29.425287 0.973088 0.126550 0.972723 0.126237
2 83 29.540230 0.972899 0.126827 0.969486 0.124406
2 84 29.655172 0.970809 0.126796 0.970625 0.124281
2 85 29.770115 0.973088 0.125503 0.971947 0.125834
2 86 29.885057 0.974021 0.127590 0.970669 0.126171
3 0 30.000000 0.970281 0.126304 0.971233 0.127310
3 1 30.114943 0.968883 0.126942 0.973367 0.126369
3 2 30.229885 0.972145 0.124901 0.971883 0.126167
3 3 30.344828 0.970368 0.126637 0.972052 0.125644
3 4 30.459770 0.971359 0.126641 0.970459 0.125458
3 5 30.574713 0.973696 0.125108 0.975522 0.126982
3 6 30.689655 0.970085 0.126000 0.971071 0.126381
3 7 30.804598 0.971997 0.126347 0.971494 0.125998
3 8 30.919540 0.972471 0.125981 0.972293 0.125783
3 9 31.034483 0.971038 0.125028 0.970344 0.125434
3 10 31.149426 0.975182 0.127840 0.971675 0.127064
3 11 31.264368 0.970760 0.126636 0.970851 0.127285
3 12 31.379311 0.970164 0.125600 0.971262 0.125954
3 13 31.494253 0.973043 0.124830 0.972595 0.127531
3 14 31.609196 0.973198 0.124833 0.972054 0.125675
3 15 31.724138 0.974153 0.127318 0.971173 0.126144
3 16 31.839081 0.972085 0.127133 0.973466 0.127924
3 17 31.954023 0.973405 0.126229 0.972938 0.128130
3 18 32.068966 0.970591 0.127320 0.975431 0.128840
3 19 32.183907 0.970170 0.127044 0.973321 0.126026
3 20 32.298851 0.970569 0.125055 0.973015 0.128201
3 21 32.413792 0.972481 0.127946 0.973060 0.127984
3 22 32.528736 0.972004 0.125785 0.972553 0.127048
3 23 32.643677 0.973429 0.126617 0.971560 0.126999
3 24 32.758621 0.969693 0.125961 0.969168 0.126190
3 25 32.873562 0.974634 0.127392 0.971048 0.125682
3 26 32.988506 0.969983 0.124812 0.971046 0.126486
3 27 33.103447 0.970661 0.126782 0.972150 0.125000
3 28 33.218391 0.966689 0.123602 0.971729 0.125460
3 29 33.333332 0.971377 0.124504 0.972030 0.127638
3 30 33.448277 0.970575 0.125643 0.971948 0.126830
3 31 33.563217 0.971649 0.127625 0.971870 0.126153
3 32 33.678162 0.970838 0.126259 0.971117 0.126465
3 33 33.793102 0.971594 0.126947 0.970215 0.127362
3 34 33.908047 0.969696 0.126568 0.971117 0.126334
3 35 34.022987 0.971024 0.125940 0.969792 0.125275
3 36 34.137932 0.970108 0.124751 0.968679 0.125670
3 37 34.252872 0.971106 0.126068 0.971172 0.124623
3 38 34.367817 0.973317 0.126744 0.973161 0.124982
3 39 34.482758 0.970925 0.126373 0.971350 0.126883
3 40 34.597702 0.970473 0.127405 0.972216 0.126425
3 41 34.712643 0.972571 0.125692 0.970230 0.125903
3 42 34.827587 0.973755 0.127333 0.971244 0.127176
3 43 34.942528 0.973630 0.127299 0.970169 0.127462
3 44 35.057472 0.973077 0.126579 0.972312 0.126018
3 45 35.172413 0.972183 0.126223 0.973473 0.127321
3 46 35.287357 0.974469 0.127861 0.973711 0.125651
3 47 35.402298 0.969213 0.125404 0.971322 0.126408
3 48 35.517242 0.972838 0.127720 0.970127 0.126570
3 49 35.632183 0.969135 0.124981 0.970380 0.124974
3 50 35.747128 0.969846 0.124980 0.973403 0.127345
3 51 35.862068 0.972527 0.126250 0.971917 0.126526
3 52 35.977013 0.974219 0.128887 0.972031 0.125253
3 53 36.091953 0.971272 0.124760 0.973976 0.126576
3 54 36.206898 0.971540 0.127053 0.972175 0.126611
3 55 36.321838 0.970883 0.125311 0.968946 0.124060
3 56 36.436783 0.970943 0.126392 0.971414 0.125979
3 57 36.551723 0.971975 0.125631 0.972838 0.125797
3 58 36.666668 0.970715 0.125422 0.972270 0.127751
3 59 36.781609 0.970658 0.125823 0.974245 0.126320
3 60 36.896553 0.970391 0.126790 0.969217 0.124836
3 61 37.011494 0.970800 0.125410 0.970822 0.126939
3 62 37.126438 0.970584 0.127208 0.969698 0.126519
3 63 37.241379 0.973787 0.127738 0.971288 0.127614
3 64 37.356323 0.969518 0.124712 0.971888 0.126888
3 65 37.471264 0.969288 0.125097 0.971211 0.125799
3 66 37.586208 0.972309 0.126863 0.972402 0.126680
3 67 37.701149 0.971953 0.126443 0.970201 0.125894
3 68 37.816093 0.974934 0.127155 0.972552 0.126484
3 69 37.931034 0.973325 0.127579 0.970630 0.126079
3 70 38.045979 0.970392 0.127701 0.970628 0.125776
3 71 38.160919 0.968592 0.125905 0.971577 0.125965
3 72 38.275864 0.972081 0.125975 0.970858 0.126499
3 73 38.390804 0.969880 0.125088 0.970438 0.125337
3 74 38.505749 0.971902 0.126338 0.972360 0.125600
3 75 38.620689 0.973062 0.126479 0.969727 0.126591
3 76 38.735634 0.970841 0.126373 0.967612 0.125137
3 77 38.850574 0.972132 0.126037 0.972846 0.126020
3 78 38.965519 0.970855 0.127719 0.970245 0.127671
3 79 39.080460 0.971869 0.125106 0.971294 0.125466
3 80 39.195404 0.971164 0.126449 0.969481 0.125450
3 81 39.310345 0.968916 0.126225 0.972923 0.127135
3 82 39.425289 0.973136 0.125973 0.973556 0.127554
3 83 39.540230 0.974129 0.127587 0.972879 0.126343
3 84 39.655174 0.974101 0.128137 0.970529 0.125469
3 85 39.770115 0.969859 0.126907 0.971194 0.126864
3 86 39.885059 0.971697 0.126925 0.968202 0.125601
4 0 40.000000 0.969544 0.126274 0.973623 0.125278
4 1 40.114941 0.973386 0.127849 0.971897 0.126104
4 2 40.229885 0.971265 0.125279 0.973573 0.125933
4 3 40.344826 0.973184 0.127176 0.972043 0.126361
4 4 40.459770 0.971229 0.125638 0.970690 0.124858
4 5 40.574711 0.973806 0.127939 0.969852 0.125850
4 6 40.689655 0.971836 0.126936 0.970447 0.124956
4 7 40.804596 0.971807 0.127666 0.971169 0.126521
4 8 40.919540 0.970984 0.126457 0.970872 0.125797
4 9 41.034481 0.970711 0.126552 0.974112 0.126397
4 10 41.149426 0.968821 0.125144 0.969891 0.125837
4 11 41.264366 0.967933 0.126087 0.972309 0.125392
4 12 41.379311 0.971643 0.126134 0.973197 0.127045
4 13 41.494251 0.969745 0.128178 0.970687 0.126095
4 14 41.609196 0.975358 0.126575 0.972423 0.127372
4 15 41.724136 0.973821 0.127105 0.969961 0.125774
4 16 41.839081 0.969440 0.126055 0.969949 0.124903
4 17 41.954021 0.971003 0.126590 0.973081 0.125409
4 18 42.068966 0.971073 0.126323 0.971242 0.124748
4 19 42.183907 0.969209 0.126588 0.968418 0.124456
4 20 42.298851 0.971643 0.126558 0.968413 0.125890
4 21 42.413792 0.970694 0.126418 0.971694 0.126124
4 22 42.528736 0.970996 0.126724 0.972885 0.125920
4 23 42.643677 0.972672 0.127043 0.972851 0.126290
4 24 42.758621 0.974396 0.127310 0.969742 0.126396
4 25 42.873562 0.969351 0.126069 0.973754 0.125936
4 26 42.988506 0.971706 0.126446 0.971243 0.127356
4 27 43.103447 0.972237 0.126947 0.970841 0.126320
4 28 43.218391 0.970997 0.125828 0.969033 0.125699
4 29 43.333332 0.971104 0.126162 0.972004 0.125143
4 30 43.448277 0.972464 0.126560 0.971705 0.126657
4 31 43.563217 0.969454 0.124524 0.970730 0.127552
4 32 43.678162 0.970901 0.124641 0.973339 0.126183
4 33 43.793102 0.970808 0.126970 0.971650 0.126960
4 34 43.908047 0.969405 0.125035 0.973475 0.126709
4 35 44.022987 0.969753 0.125998 0.973866 0.127971
4 36 44.137932 0.974929 0.126210 0.972535 0.127664
4 37 44.252872 0.973130 0.125548 0.971794 0.125053
4 38 44.367817 0.969377 0.126341 0.972673 0.127160
4 39 44.482758 0.969992 0.125912 0.970865 0.125646
4 40 44.597702 0.972417 0.126819 0.974212 0.126753
4 41 44.712643 0.969779 0.124975 0.970487 0.127424
4 42 44.827587 0.970976 0.125792 0.969399 0.126437
4 43 44.942528 0.971299 0.126694 0.972175 0.126595
4 44 45.057472 0.972153 0.125351 0.971013 0.126772
4 45 45.172413 0.972166 0.123900 0.971490 0.125433
4 46 45.287357 0.970800 0.126624 0.971059 0.126393
4 47 45.402298 0.970421 0.127751 0.973113 0.126407
4 48 45.517242 0.973680 0.128241 0.973916 0.127359
4 49 45.632183 0.970405 0.127030 0.968182 0.124319
4 50 45.747128 0.971839 0.129353 0.971011 0.127485
4 51 45.862068 0.967265 0.125203 0.970446 0.125738
4 52 45.977013 0.975365 0.127626 0.971428 0.127260
4 53 46.091953 0.972710 0.126894 0.973114 0.127284
4 54 46.206898 0.971814 0.126868 0.972647 0.127358
4 55 46.321838 0.974615 0.127976 0.970686 0.127077
4 56 46.436783 0.970576 0.126547 0.972384 0.125756
4 57 46.551723 0.969620 0.125748 0.969474 0.125326
4 58 46.666668 0.972597 0.126876 0.971357 0.126588
4 59 46.781609 0.974100 0.127670 0.972606 0.126984
4 60 46.896553 0.972517 0.127340 0.971246 0.127281
4 61 47.011494 0.972048 0.126716 0.970902 0.124580
4 62 47.126438 0.970364 0.124790 0.968655 0.124743
4 63 47.241379 0.970250 0.125844 0.968737 0.125149
4 64 47.356323 0.969258 0.126190 0.972083 0.125347
4 65 47.471264 0.971181 0.125669 0.971467 0.126970
4 66 47.586208 0.971531 0.127987 0.972567 0.126521
4 67 47.701149 0.974296 0.127763 0.971899 0.126970
4 68 47.816093 0.970151 0.127395 0.969832 0.125516
4 69 47.931034 0.971871 0.127422 0.970402 0.125935
4 70 48.045979 0.971491 0.126385 0.970316 0.125384
4 71 48.160919 0.970720 0.125696 0.973710 0.128305
4 72 48.275864 0.972929 0.126106 0.969897 0.125666
4 73 48.390804 0.972321 0.126681 0.973410 0.127719
4 74 48.505749 0.971642 0.126025 0.972717 0.127128
4 75 48.620689 0.971041 0.125961 0.971352 0.127220
4 76 48.735634 0.971710 0.126599 0.973359 0.127547
4 77 48.850574 0.974056 0.127344 0.973890 0.127912
4 78 48.965519 0.974693 0.126677 0.969621 0.127452
4 79 49.080460 0.968564 0.124346 0.971075 0.127034
4 80 49.195404 0.971666 0.126781 0.974310 0.127375
4 81 49.310345 0.973244 0.127606 0.972596 0.128352
4 82 49.425289 0.970430 0.125937 0.973473 0.125896
4 83 49.540230 0.974169 0.126931 0.967889 0.124469
4 84 49.655174 0.973024 0.126763 0.972156 0.127219
4 85 49.770115 0.973507 0.126213 0.970219 0.125713
4 86 49.885059 0.971937 0.126779 0.971585 0.125876
5 0 50.000000 0.973227 0.127164 0.970752 0.125646
5 1 50.114941 0.971924 0.127326 0.970505 0.126418
5 2 50.229885 0.970921 0.126860 0.973493 0.128035
5 3 50.344826 0.971123 0.124773 0.975813 0.128395
5 4 50.459770 0.973833 0.127687 0.969395 0.124167
5 5 50.574711 0.971377 0.126570 0.972831 0.128595
5 6 50.689655 0.967924 0.125710 0.971055 0.125614
5 7 50.804596 0.972564 0.127085 0.972679 0.126339
5 8 50.919540 0.970627 0.126810 0.970207 0.125862
5 9 51.034481 0.971314 0.124879 0.970906 0.125420
5 10 51.149426 0.972454 0.127496 0.972525 0.127324
5 11 51.264366 0.972683 0.127936 0.972511 0.126144
5 12 51.379311 0.970912 0.127018 0.971751 0.126790
5 13 51.494251 0.974112 0.128889 0.972040 0.127927
5 14 51.609196 0.971570 0.128063 0.969633 0.126349
5 15 51.724136 0.972290 0.127065 0.971327 0.128100
5 16 51.839081 0.970977 0.126695 0.970753 0.124618
5 17 51.954021 0.973909 0.126906 0.969139 0.125739
5 18 52.068966 0.971638 0.124919 0.971604 0.127047
5 19 52.183907 0.968320 0.125505 0.972214 0.127744
5 20 52.298851 0.968580 0.126996 0.970450 0.127121
5 21 52.413792 0.973286 0.126633 0.971211 0.126799
5 22 52.528736 0.973497 0.126992 0.971967 0.127747
5 23 52.643677 0.973228 0.127078 0.969656 0.126921
5 24 52.758621 0.972478 0.125928 0.972300 0.127149
5 25 52.873562 0.971674 0.128099 0.973266 0.127659
5 26 52.988506 0.970420 0.125873 0.970818 0.126136
5 27 53.103447 0.971162 0.125471 0.970721 0.125163
5 28 53.218391 0.971467 0.125726 0.973911 0.126006
5 29 53.333332 0.974183 0.127012 0.970563 0.126433
5 30 53.448277 0.973460 0.127682 0.974654 0.127614
5 31 53.563217 0.972882 0.126168 0.968864 0.125418
5 32 53.678162 0.971252 0.128948 0.971111 0.125936
5 33 53.793102 0.971020 0.125606 0.971551 0.124784
5 34 53.908047 0.970281 0.125092 0.970287 0.127188
5 35 54.022987 0.971807 0.125410 0.971233 0.127275
5 36 54.137932 0.972942 0.126595 0.972946 0.127660
5 37 54.252872 0.972842 0.125947 0.971292 0.126388
5 38 54.367817 0.974690 0.126032 0.970508 0.127130
5 39 54.482758 0.970368 0.125452 0.972399 0.127646
5 40 54.597702 0.972827 0.126844 0.970957 0.127535
5 41 54.712643 0.973096 0.126778 0.971689 0.127039
5 42 54.827587 0.972153 0.127691 0.974867 0.127553
5 43 54.942528 0.970020 0.126352 0.970496 0.127142
5 44 55.057472 0.971253 0.127577 0.974562 0.127583
5 45 55.172413 0.971183 0.125408 0.970978 0.124503
5 46 55.287357 0.971788 0.126945 0.970126 0.126508
5 47 55.402298 0.971698 0.127165 0.971060 0.126268
5 48 55.517242 0.971195 0.126322 0.971380 0.125165
5 49 55.632183 0.972142 0.126858 0.976311 0.126387
5 50 55.747128 0.969241 0.126788 0.971759 0.127111
5 51 55.862068 0.973480 0.126120 0.975084 0.127298
5 52 55.977013 0.973584 0.126502 0.972318 0.126691
5 53 56.091953 0.974312 0.126819 0.970578 0.126678
5 54 56.206898 0.970872 0.125662 0.972378 0.127272
5 55 56.321838 0.970084 0.126360 0.973585 0.126198
5 56 56.436783 0.970624 0.127599 0.973582 0.127203
5 57 56.551723 0.972541 0.127317 0.972796 0.125238
5 58 56.666668 0.969673 0.124486 0.972800 0.125500
5 59 56.781609 0.969499 0.126388 0.972801 0.124260
5 60 56.896553 0.974123 0.124790 0.974818 0.126025
5 61 57.011494 0.969694 0.125684 0.970932 0.125457
5 62 57.126438 0.973922 0.127060 0.970259 0.126695
5 63 57.241379 0.970596 0.127148 0.973670 0.127025
5 64 57.356323 0.971808 0.126398 0.969074 0.124579
5 65 57.471264 0.971905 0.127577 0.971164 0.127982
5 66 57.586208 0.970391 0.127035 0.974331 0.126166
5 67 57.701149 0.969496 0.124528 0.970976 0.127377
5 68 57.816093 0.971875 0.126231 0.973017 0.125310
5 69 57.931034 0.972340 0.126911 0.971499 0.125871
5 70 58.045979 0.973201 0.128093 0.972594 0.127262
5 71 58.160919 0.970023 0.125833 0.972911 0.125296
5 72 58.275864 0.972167 0.125879 0.970851 0.126895
5 73 58.390804 0.972166 0.126355 0.970688 0.125686
5 74 58.505749 0.970305 0.125310 0.975227 0.128740
5 75 58.620689 0.969518 0.125795 0.973167 0.128169
5 76 58.735634 0.971147 0.125663 0.974775 0.127794
5 77 58.850574 0.974592 0.127844 0.970066 0.124897
5 78 58.965519 0.971364 0.124465 0.974164 0.126730
5 79 59.080460 0.971935 0.126190 0.969884 0.125318
5 80 59.195404 0.968637 0.125608 0.970852 0.125000
5 81 59.310345 0.968605 0.125377 0.971621 0.127660
5 82 59.425289 0.970649 0.127028 0.970178 0.125593
5 83 59.540230 0.969150 0.125862 0.973672 0.126134
5 84 59.655174 0.970174 0.126960 0.974371 0.127465
5 85 59.770115 0.970358 0.124729 0.971956 0.126902
5 86 59.885059 0.972216 0.127671 0.972030 0.127282
6 0 60.000000 0.971146 0.126045 0.973345 0.126040
6 1 60.114941 0.972596 0.125225 0.971059 0.124727
6 2 60.229885 0.976500 0.127532 0.972641 0.125900
6 3 60.344826 0.973280 0.125280 0.971776 0.126927
6 4 60.459770 0.974596 0.127541 0.972483 0.126512
6 5 60.574711 0.971082 0.125044 0.971820 0.126170
6 6 60.689655 0.970059 0.127384 0.972856 0.126532
6 7 60.804596 0.971135 0.127054 0.971513 0.124780
6 8 60.919540 0.973931 0.128216 0.972906 0.127558
6 9 61.034481 0.974107 0.127152 0.970642 0.126720
6 10 61.149426 0.970910 0.125949 0.972650 0.125739
6 11 61.264366 0.971211 0.125674 0.972626 0.127985
6 12 61.379311 0.970369 0.125319 0.972395 0.124805
6 13 61.494251 0.971764 0.125984 0.972475 0.127156
6 14 61.609196 0.972281 0.124851 0.972183 0.125943
6 15 61.724136 0.972583 0.126059 0.971865 0.126249
6 16 61.839081 0.972614 0.124637 0.970006 0.125549
6 17 61.954021 0.972076 0.125430 0.974429 0.125319
6 18 62.068966 0.970966 0.126570 0.971241 0.127195
6 19 62.183907 0.971999 0.125956 0.969524 0.126405
6 20 62.298851 0.970275 0.126466 0.971261 0.126387
6 21 62.413792 0.970975 0.126568 0.973077 0.127865
6 22 62.528736 0.971579 0.125852 0.968684 0.124637
6 23 62.643677 0.972098 0.127088 0.971588 0.127214
6 24 62.758621 0.972947 0.127238 0.973415 0.128809
6 25 62.873562 0.970723 0.126710 0.971395 0.125313
6 26 62.988506 0.970728 0.124296 0.970181 0.125543
6 27 63.103447 0.971204 0.126047 0.971718 0.127539
6 28 63.218391 0.972825 0.127068 0.971853 0.127651
6 29 63.333332 0.967865 0.127861 0.970073 0.127031
6 30 63.448277 0.973143 0.126484 0.969851 0.125587
6 31 63.563217 0.973485 0.126765 0.975165 0.127754
6 32 63.678162 0.971964 0.125106 0.970262 0.125947
6 33 63.793102 0.969674 0.125372 0.974299 0.127232
6 34 63.908047 0.970696 0.126791 0.975821 0.127626
6 35 64.022987 0.973014 0.126568 0.970866 0.125952
6 36 64.137932 0.971553 0.124697 0.969368 0.126305
6 37 64.252876 0.975169 0.127157 0.968073 0.126617
6 38 64.367813 0.970735 0.127583 0.971563 0.124043
6 39 64.482758 0.971525 0.127809 0.971664 0.126295
6 40 64.597702 0.971725 0.125895 0.969750 0.126939
6 41 64.712646 0.971822 0.126466 0.973214 0.125832
6 42 64.827583 0.971216 0.125903 0.970751 0.126408
6 43 64.942528 0.972312 0.126095 0.972928 0.127623
6 44 65.057472 0.970901 0.126929 0.970976 0.124533
6 45 65.172417 0.973762 0.126893 0.970278 0.126192
6 46 65.287354 0.970480 0.125337 0.970905 0.125478
6 47 65.402298 0.971515 0.127937 0.971423 0.127342
6 48 65.517242 0.971694 0.126033 0.969139 0.126250
6 49 65.632187 0.969205 0.125890 0.970613 0.125892
6 50 65.747124 0.971648 0.125736 0.970869 0.124641
6 51 65.862068 0.973295 0.127885 0.974019 0.126479
6 52 65.977013 0.972801 0.126894 0.968766 0.125337
6 53 66.091957 0.968741 0.126128 0.972465 0.125172
6 54 66.206894 0.970234 0.127280 0.969216 0.127933
6 55 66.321838 0.970469 0.125215 0.969790 0.126436
6 56 66.436783 0.972161 0.126870 0.970404 0.127707
6 57 66.551727 0.973445 0.127036 0.972210 0.127595
6 58 66.666664 0.970723 0.126179 0.972139 0.126629
6 59 66.781609 0.972745 0.128021 0.968640 0.126834
6 60 66.896553 0.973327 0.125922 0.968588 0.125150
6 61 67.011497 0.972364 0.125704 0.972880 0.127854
6 62 67.126434 0.973560 0.126237 0.970512 0.125988
6 63 67.241379 0.973057 0.126946 0.971929 0.128084
6 64 67.356323 0.968544 0.126074 0.969947 0.127389
6 65 67.471268 0.969137 0.127263 0.969086 0.124547
6 66 67.586205 0.968603 0.126680 0.970913 0.126838
6 67 67.701149 0.971100 0.126820 0.973009 0.125858
6 68 67.816093 0.969551 0.125557 0.971281 0.125204
6 69 67.931038 0.972473 0.126221 0.971130 0.125497
6 70 68.045975 0.974591 0.127465 0.972308 0.125683
6 71 68.160919 0.971178 0.126264 0.971474 0.126446
6 72 68.275864 0.969772 0.125819 0.972575 0.127429
6 73 68.390808 0.969662 0.125489 0.973482 0.127379
6 74 68.505745 0.974137 0.127094 0.974531 0.127306
6 75 68.620689 0.969361 0.125669 0.971074 0.125061
6 76 68.735634 0.971975 0.127453 0.968809 0.125531
6 77 68.850578 0.969248 0.126513 0.970986 0.127268
6 78 68.965515 0.969820 0.125908 0.974283 0.126522
6 79 69.080460 0.969315 0.126658 0.971363 0.126776
6 80 69.195404 0.973354 0.127394 0.972310 0.125460
6 81 69.310349 0.969221 0.125410 0.971265 0.126578
6 82 69.425285 0.971898 0.126897 0.971963 0.124568
6 83 69.540230 0.971783 0.125748 0.972511 0.125948
6 84 69.655174 0.973941 0.127033 0.970765 0.127438
6 85 69.770119 0.970875 0.126791 0.970902 0.125402
6 86 69.885056 0.968661 0.125534 0.970716 0.127053
7 0 70.000000 0.971824 0.127953 0.972026 0.127200
7 1 70.114944 0.968650 0.125623 0.971647 0.126290
7 2 70.229881 0.972636 0.126584 0.972794 0.126735
7 3 70.344826 0.972600 0.128212 0.972525 0.126673
7 4 70.459770 0.972262 0.125284 0.971808 0.126176
7 5 70.574715 0.973315 0.128637 0.974615 0.128102
7 6 70.689651 0.970400 0.124701 0.969808 0.124444
7 7 70.804596 0.975846 0.128395 0.974292 0.126461
7 8 70.919540 0.971386 0.124910 0.968807 0.124795
7 9 71.034485 0.971185 0.126933 0.971533 0.126731
7 10 71.149422 0.971127 0.125403 0.971020 0.126776
7 11 71.264366 0.970185 0.124293 0.971772 0.125000
7 12 71.379311 0.970813 0.126332 0.973070 0.127724
7 13 71.494255 0.976500 0.128490 0.971366 0.126871
7 14 71.609192 0.970921 0.126788 0.973142 0.127049
7 15 71.724136 0.969860 0.126124 0.972225 0.125665
7 16 71.839081 0.972382 0.126305 0.973206 0.127248
7 17 71.954025 0.970809 0.126438 0.970751 0.125385
7 18 72.068962 0.972841 0.127151 0.970939 0.127424
7 19 72.183907 0.969605 0.125176 0.970101 0.126047
7 20 72.298851 0.971381 0.126290 0.974051 0.126223
7 21 72.413795 0.973529 0.126717 0.971698 0.125753
7 22 72.528732 0.971113 0.126861 0.968971 0.126105
7 23 72.643677 0.974040 0.127201 0.972669 0.128042
7 24 72.758621 0.971738 0.127097 0.972652 0.126432
7 25 72.873566 0.971637 0.127131 0.972269 0.126977
7 26 72.988503 0.969766 0.127387 0.971803 0.128021
7 27 73.103447 0.974758 0.127156 0.972865 0.126708
7 28 73.218391 0.970165 0.126722 0.972109 0.128283
7 29 73.333336 0.970809 0.126222 0.973163 0.127912
7 30 73.448273 0.969877 0.126082 0.971929 0.127191
7 31 73.563217 0.969403 0.126965 0.971752 0.127454
7 32 73.678162 0.973597 0.127077 0.973325 0.126950
7 33 73.793106 0.969923 0.125116 0.973854 0.128147
7 34 73.908043 0.971802 0.127201 0.973514 0.128130
7 35 74.022987 0.969566 0.126421 0.970188 0.126266
7 36 74.137932 0.972502 0.126302 0.973633 0.127233
7 37 74.252876 0.968550 0.125699 0.974309 0.127658
7 38 74.367813 0.971649 0.127467 0.973762 0.127355
7 39 74.482758 0.972085 0.127389 0.971831 0.127031
7 40 74.597702 0.971927 0.125494 0.971582 0.127603
7 41 74.712646 0.968305 0.125395 0.972661 0.125963
7 42 74.827583 0.969222 0.125885 0.971253 0.125033
7 43 74.942528 0.970762 0.124931 0.972527 0.126807
7 44 75.057472 0.970559 0.124060 0.970371 0.125428
7 45 75.172417 0.972944 0.125476 0.972162 0.125212
7 46 75.287354 0.972742 0.126212 0.973894 0.126632
7 47 75.402298 0.972993 0.125559 0.972534 0.127441
7 48 75.517242 0.972255 0.126790 0.970594 0.125574
7 49 75.632187 0.971675 0.126612 0.969617 0.127916
7 50 75.747124 0.973490 0.126092 0.969485 0.124842
7 51 75.862068 0.970641 0.124721 0.969956 0.126553
7 52 75.977013 0.970408 0.126584 0.972255 0.127270
7 53 76.091957 0.970736 0.125917 0.973898 0.127057
7 54 76.206894 0.969249 0.125926 0.971992 0.127571
7 55 76.321838 0.967522 0.125631 0.971316 0.126714
7 56 76.436783 0.971038 0.125240 0.971794 0.125900
7 57 76.551727 0.972121 0.127358 0.971361 0.126026
7 58 76.666664 0.970322 0.127185 0.971121 0.126149
7 59 76.781609 0.970291 0.125321 0.970683 0.125975
7 60 76.896553 0.972304 0.126716 0.972613 0.126271
7 61 77.011497 0.969307 0.126419 0.972119 0.126475
7 62 77.126434 0.969561 0.124334 0.973292 0.126830
7 63 77.241379 0.971941 0.127282 0.973320 0.127128
7 64 77.356323 0.973717 0.126112 0.969640 0.124769
7 65 77.471268 0.971623 0.126461 0.969780 0.126732
7 66 77.586205 0.974486 0.125525 0.972566 0.126673
7 67 77.701149 0.972756 0.126387 0.972594 0.127160
7 68 77.816093 0.971195 0.126145 0.970742 0.127673
7 69 77.931038 0.972225 0.127322 0.971267 0.127078
7 70 78.045975 0.973126 0.127183 0.970441 0.125752
7 71 78.160919 0.971590 0.128152 0.972202 0.126808
7 72 78.275864 0.971042 0.127155 0.971899 0.127320
7 73 78.390808 0.971038 0.124991 0.971620 0.126778
7 74 78.505745 0.971475 0.126167 0.970143 0.126231
7 75 78.620689 0.971648 0.125164 0.970721 0.127260
7 76 78.735634 0.973200 0.126896 0.976134 0.127773
7 77 78.850578 0.971755 0.127058 0.973084 0.127151
7 78 78.965515 0.971751 0.126193 0.972260 0.126838
7 79 79.080460 0.971767 0.125871 0.970081 0.125913
7 80 79.195404 0.970596 0.126676 0.969396 0.126208
7 81 79.310349 0.970130 0.126634 0.970855 0.125480
7 82 79.425285 0.972686 0.125532 0.972065 0.126589
7 83 79.540230 0.972717 0.124798 0.970696 0.125912
7 84 79.655174 0.969357 0.126261 0.972744 0.126906
7 85 79.770119 0.971928 0.126069 0.970336 0.126029
7 86 79.885056 0.972001 0.128248 0.972055 0.126138
8 0 80.000000 0.971229 0.126041 0.971748 0.124815
8 1 80.114944 0.969955 0.124856 0.972848 0.127253
8 2 80.229881 0.973611 0.126636 0.968989 0.125833
8 3 80.344826 0.969538 0.126792 0.968207 0.125575
8 4 80.459770 0.973774 0.127527 0.972989 0.127690
8 5 80.574715 0.970078 0.124872 0.972265 0.126450
8 6 80.689651 0.973576 0.127077 0.973847 0.126335
8 7 80.804596 0.971050 0.127665 0.970356 0.125410
8 8 80.919540 0.972245 0.127169 0.970342 0.125968
8 9 81.034485 0.971399 0.126563 0.972771 0.126715
8 10 81.149422 0.972781 0.126624 0.970411 0.126759
8 11 81.264366 0.973727 0.126836 0.970758 0.125651
8 12 81.379311 0.971320 0.125720 0.971759 0.128553
8 13 81.494255 0.971699 0.127036 0.970778 0.125755
8 14 81.609192 0.970351 0.126289 0.971008 0.126011
8 15 81.724136 0.971406 0.125559 0.971055 0.126664
8 16 81.839081 0.969921 0.126943 0.973032 0.126675
8 17 81.954025 0.969843 0.126400 0.970437 0.125017
8 18 82.068962 0.973954 0.127208 0.973330 0.126502
8 19 82.183907 0.973378 0.127082 0.971947 0.124697
8 20 82.298851 0.971985 0.126746 0.971493 0.126828
8 21 82.413795 0.972533 0.125922 0.967327 0.125278
8 22 82.528732 0.971660 0.127004 0.972936 0.127670
8 23 82.643677 0.971333 0.125420 0.968535 0.125818
8 24 82.758621 0.970877 0.125457 0.970653 0.125057
8 25 82.873566 0.974224 0.127276 0.969967 0.126786
8 26 82.988503 0.974168 0.127677 0.970960 0.127234
8 27 83.103447 0.972499 0.125785 0.971975 0.127609
8 28 83.218391 0.972450 0.126814 0.973595 0.127115
8 29 83.333336 0.970808 0.127431 0.970364 0.127437
8 30 83.448273 0.972199 0.126195 0.968819 0.126142
8 31 83.563217 0.970704 0.126473 0.972761 0.126530
8 32 83.678162 0.971874 0.126813 0.972435 0.126380
8 33 83.793106 0.971838 0.128314 0.972759 0.127785
8 34 83.908043 0.971067 0.125671 0.969600 0.124625
8 35 84.022987 0.969328 0.126761 0.971401 0.125999
8 36 84.137932 0.970843 0.126792 0.970668 0.125942
8 37 84.252876 0.967682 0.123982 0.970475 0.125773
8 38 84.367813 0.970425 0.127122 0.970358 0.125619
8 39 84.482758 0.971817 0.128435 0.974233 0.128662
8 40 84.597702 0.971627 0.126461 0.971291 0.126932
8 41 84.712646 0.969316 0.126226 0.973561 0.128755
8 42 84.827583 0.974230 0.126228 0.972848 0.126644
8 43 84.942528 0.972758 0.128522 0.973307 0.128374
8 44 85.057472 0.972949 0.128628 0.971106 0.125751
8 45 85.172417 0.970936 0.125092 0.967767 0.125877
8 46 85.287354 0.969673 0.125648 0.973329 0.128349
8 47 85.402298 0.972147 0.127463 0.971101 0.126279
8 48 85.517242 0.970521 0.126123 0.966957 0.125689
8 49 85.632187 0.970593 0.125098 0.971307 0.128521
8 50 85.747124 0.973053 0.127340 0.971033 0.124784
8 51 85.862068 0.971391 0.125022 0.969020 0.126512
8 52 85.977013 0.972235 0.126769 0.971035 0.126919
8 53 86.091957 0.972670 0.127315 0.971774 0.126750
8 54 86.206894 0.971712 0.123821 0.972297 0.128411
8 55 86.321838 0.970780 0.126880 0.970204 0.126849
8 56 86.436783 0.971073 0.126495 0.973133 0.126884
8 57 86.551727 0.970889 0.123868 0.970684 0.126767
8 58 86.666664 0.969995 0.127862 0.972097 0.126479
8 59 86.781609 0.971640 0.126922 0.972373 0.126382
8 60 86.896553 0.970452 0.125998 0.975291 0.126392
8 61 87.011497 0.968673 0.125386 0.973284 0.127338
8 62 87.126434 0.969788 0.125935 0.972161 0.126732
8 63 87.241379 0.971007 0.125792 0.973010 0.126252
8 64 87.356323 0.972030 0.126812 0.971873 0.127368
8 65 87.471268 0.971832 0.126091 0.973352 0.127535
8 66 87.586205 0.969703 0.126394 0.969727 0.124898
8 67 87.701149 0.973114 0.127420 0.974242 0.126021
8 68 87.816093 0.972692 0.126196 0.973209 0.125895
8 69 87.931038 0.971194 0.126827 0.971415 0.125499
8 70 88.045975 0.972707 0.126549 0.971571 0.125534
8 71 88.160919 0.970649 0.128615 0.971567 0.127364
8 72 88.275864 0.969786 0.125313 0.972430 0.126353
8 73 88.390808 0.970269 0.126365 0.970230 0.125293
8 74 88.505745 0.972308 0.125721 0.970166 0.125836
8 75 88.620689 0.972760 0.127362 0.972008 0.125239
8 76 88.735634 0.971516 0.125112 0.970016 0.126389
8 77 88.850578 0.969467 0.124069 0.971702 0.127466
8 78 88.965515 0.971075 0.125099 0.974553 0.128508
8 79 89.080460 0.969414 0.125876 0.970961 0.126848
8 80 89.195404 0.972393 0.127952 0.971153 0.126461
8 81 89.310349 0.972376 0.127197 0.970803 0.126240
8 82 89.425285 0.970491 0.125228 0.971877 0.127002
8 83 89.540230 0.969435 0.125496 0.969384 0.127369
8 84 89.655174 0.969302 0.125991 0.973656 0.127840
8 85 89.770119 0.972415 0.126331 0.975267 0.127052
8 86 89.885056 0.973178 0.124894 0.970052 0.128611
9 0 90.000000 0.971986 0.126608 0.972455 0.126434
9 1 90.114944 0.970260 0.126515 0.972570 0.126068
9 2 90.229881 0.972251 0.125335 0.968417 0.124502
9 3 90.344826 0.970920 0.126613 0.972981 0.127504
9 4 90.459770 0.973861 0.127450 0.971020 0.126085
9 5 90.574715 0.974725 0.126919 0.970111 0.127535
9 6 90.689651 0.970494 0.126809 0.972594 0.126128
9 7 90.804596 0.972979 0.127511 0.973796 0.127938
9 8 90.919540 0.974728 0.127684 0.973072 0.127707
9 9 91.034485 0.970663 0.126497 0.972142 0.126292
9 10 91.149422 0.976128 0.128060 0.972784 0.125833
9 11 91.264366 0.968706 0.125516 0.971651 0.127302
9 12 91.379311 0.970517 0.126829 0.973917 0.125926
9 13 91.494255 0.970776 0.125770 0.974250 0.128785
9 14 91.609192 0.971710 0.126081 0.973944 0.127271
9 15 91.724136 0.972024 0.126922 0.971960 0.126391
9 16 91.839081 0.972922 0.126731 0.969885 0.127104
9 17 91.954025 0.971534 0.126373 0.969409 0.125690
9 18 92.068962 0.974906 0.126820 0.973650 0.127184
9 19 92.183907 0.970232 0.126738 0.973363 0.125959
9 20 92.298851 0.972986 0.126865 0.971519 0.126011
9 21 92.413795 0.971892 0.126502 0.973188 0.127923
9 22 92.528732 0.970712 0.125593 0.971715 0.126010
9 23 92.643677 0.972375 0.127282 0.970448 0.127065
9 24 92.758621 0.971725 0.125441 0.973923 0.126267
9 25 92.873566 0.970664 0.125473 0.973528 0.126496
9 26 92.988503 0.973517 0.125176 0.971188 0.126526
9 27 93.103447 0.968970 0.127095 0.968717 0.126183
9 28 93.218391 0.969880 0.125628 0.970773 0.125880
9 29 93.333336 0.974347 0.127448 0.972856 0.126859
9 30 93.448273 0.971548 0.127308 0.973626 0.126101
9 31 93.563217 0.972517 0.127867 0.972374 0.127143
9 32 93.678162 0.972607 0.127420 0.973402 0.124234
9 33 93.793106 0.975139 0.129954 0.970503 0.125019
9 34 93.908043 0.971492 0.127405 0.969393 0.125313
9 35 94.022987 0.973370 0.127096 0.969091 0.124970
9 36 94.137932 0.972950 0.125571 0.973178 0.127457
9 37 94.252876 0.972981 0.127582 0.971437 0.127207
9 38 94.367813 0.971199 0.125963 0.971381 0.126283
9 39 94.482758 0.971363 0.125213 0.969725 0.127203
9 40 94.597702 0.971667 0.126387 0.971539 0.125629
9 41 94.712646 0.969492 0.125637 0.971779 0.126465
9 42 94.827583 0.971876 0.126703 0.971790 0.126276
9 43 94.942528 0.972231 0.127216 0.968793 0.127308
9 44 95.057472 0.972301 0.128193 0.973256 0.126328
9 45 95.172417 0.972974 0.126467 0.973123 0.126196
9 46 95.287354 0.973394 0.128216 0.968936 0.125070
9 47 95.402298 0.973273 0.126849 0.972260 0.127055
9 48 95.517242 0.970739 0.125493 0.971383 0.127842
9 49 95.632187 0.970945 0.127477 0.970684 0.125996
9 50 95.747124 0.971353 0.128117 0.973079 0.126344
9 51 95.862068 0.973136 0.128171 0.976756 0.129567
9 52 95.977013 0.972296 0.127053 0.971699 0.126479
9 53 96.091957 0.971911 0.125919 0.970781 0.124997
9 54 96.206894 0.973201 0.125609 0.970701 0.126687
9 55 96.321838 0.967972 0.125496 0.968580 0.126499
9 56 96.436783 0.970946 0.126398 0.970400 0.127572
9 57 96.551727 0.968970 0.125017 0.971240 0.124836
9 58 96.666664 0.971441 0.127097 0.970539 0.126300
9 59 96.781609 0.973058 0.125988 0.971743 0.124781
9 60 96.896553 0.972995 0.126214 0.971112 0.125835
9 61 97.011497 0.972981 0.126045 0.970326 0.125803
9 62 97.126434 0.973257 0.126986 0.971291 0.125623
9 63 97.241379 0.970204 0.126224 0.968971 0.125350
9 64 97.356323 0.972459 0.125931 0.971528 0.127302
9 65 97.471268 0.971992 0.126381 0.970682 0.126829
9 66 97.586205 0.972693 0.128313 0.970097 0.125290
9 67 97.701149 0.971361 0.126443 0.974928 0.126262
9 68 97.816093 0.974007 0.127139 0.972425 0.125523
9 69 97.931038 0.973611 0.126319 0.973434 0.126419
9 70 98.045975 0.971597 0.128540 0.974535 0.126817
9 71 98.160919 0.971830 0.125802 0.971449 0.125956
9 72 98.275864 0.972514 0.126296 0.972493 0.126918
9 73 98.390808 0.974728 0.125590 0.969112 0.126229
9 74 98.505745 0.973287 0.125218 0.969790 0.126334
9 75 98.620689 0.971705 0.126681 0.970812 0.128325
9 76 98.735634 0.971660 0.125908 0.973280 0.126878
9 77 98.850578 0.971275 0.126485 0.971184 0.127013
9 78 98.965515 0.971819 0.127241 0.970293 0.125513
9 79 99.080460 0.969480 0.127633 0.969677 0.125997
9 80 99.195404 0.971756 0.128755 0.972322 0.126779
9 81 99.310349 0.975410 0.128416 0.970734 0.125195
9 82 99.425285 0.971241 0.126060 0.975091 0.128676
9 83 99.540230 0.969984 0.125878 0.969372 0.126109
9 84 99.655174 0.970604 0.124998 0.969742 0.125633
9 85 99.770119 0.970355 0.125680 0.972212 0.126539
9 86 99.885056 0.970843 0.125374 0.970747 0.126082
