0 0 0.000000 0.126871 0.088052 0.126299 0.087481
0 1 0.114943 0.106736 0.073616 0.106348 0.072820
0 2 0.229885 0.085387 0.058322 0.086921 0.059136
0 3 0.344828 0.084278 0.056747 0.083832 0.055297
0 4 0.459770 0.074682 0.051334 0.075871 0.051798
0 5 0.574713 0.073134 0.049963 0.072726 0.050034
0 6 0.689655 0.071659 0.047769 0.071189 0.047184
0 7 0.804598 0.069087 0.047271 0.068373 0.046825
0 8 0.919540 0.066837 0.046318 0.067348 0.046490
0 9 1.034483 0.065591 0.045500 0.066148 0.046390
0 10 1.149425 0.065366 0.045232 0.065022 0.044794
0 11 1.264368 0.070981 0.046026 0.070863 0.045926
0 12 1.379310 0.063989 0.044991 0.062779 0.043682
0 13 1.494253 0.062766 0.044159 0.063218 0.044132
0 14 1.609195 0.064155 0.045052 0.062913 0.044221
0 15 1.724138 0.064723 0.043930 0.063876 0.043324
0 16 1.839080 0.061761 0.043625 0.061527 0.043336
0 17 1.954023 0.061329 0.042925 0.061487 0.043306
0 18 2.068965 0.060718 0.042546 0.061556 0.043284
0 19 2.183908 0.062364 0.043769 0.061702 0.042822
0 20 2.298851 0.062923 0.043421 0.062524 0.043066
0 21 2.413793 0.061294 0.043290 0.061342 0.042805
0 22 2.528736 0.060378 0.042506 0.061206 0.043117
0 23 2.643678 0.058924 0.042603 0.058859 0.042232
0 24 2.758621 0.057766 0.041637 0.058735 0.041777
0 25 2.873563 0.059844 0.042255 0.059971 0.042408
0 26 2.988506 0.058840 0.041935 0.058692 0.041995
0 27 3.103448 0.061697 0.041941 0.062181 0.041914
0 28 3.218391 0.058903 0.042511 0.058141 0.042267
0 29 3.333333 0.057907 0.041444 0.059339 0.042717
0 30 3.448276 0.060312 0.043055 0.059790 0.042512
0 31 3.563218 0.062275 0.043162 0.061499 0.042412
0 32 3.678161 0.058120 0.041850 0.057946 0.042121
0 33 3.793103 0.058478 0.041737 0.058472 0.042092
0 34 3.908046 0.059686 0.041340 0.060461 0.041374
0 35 4.022988 0.059894 0.042480 0.059124 0.042208
0 36 4.137931 0.057660 0.042119 0.057483 0.041929
0 37 4.252873 0.057826 0.042146 0.058062 0.042000
0 38 4.367816 0.058070 0.041910 0.057282 0.041322
0 39 4.482759 0.058881 0.042833 0.057895 0.041890
0 40 4.597701 0.057784 0.041700 0.057153 0.041388
0 41 4.712644 0.059405 0.042568 0.057518 0.041331
0 42 4.827586 0.056282 0.041313 0.055899 0.040735
0 43 4.942529 0.055986 0.040905 0.056728 0.041105
0 44 5.057471 0.057435 0.040767 0.058333 0.041705
0 45 5.172414 0.057472 0.041667 0.057744 0.041993
0 46 5.287356 0.057245 0.040868 0.057993 0.041450
0 47 5.402299 0.055505 0.041235 0.056184 0.041168
0 48 5.517241 0.057984 0.041429 0.057576 0.041526
0 49 5.632184 0.060325 0.042797 0.059554 0.042207
0 50 5.747127 0.055909 0.040931 0.056566 0.041472
0 51 5.862069 0.057475 0.041081 0.058193 0.041647
0 52 5.977012 0.055871 0.040680 0.056907 0.041478
0 53 6.091954 0.056988 0.040759 0.057364 0.041343
0 54 6.206897 0.056693 0.040356 0.057325 0.040710
0 55 6.321839 0.056064 0.041214 0.055818 0.041115
0 56 6.436781 0.056595 0.041451 0.055537 0.040620
0 57 6.551724 0.055915 0.041130 0.055675 0.040904
0 58 6.666667 0.057748 0.041022 0.057133 0.040424
0 59 6.781609 0.058106 0.041895 0.058136 0.041852
0 60 6.896552 0.056905 0.041708 0.055930 0.040660
0 61 7.011494 0.054900 0.040365 0.056099 0.041094
0 62 7.126437 0.055723 0.041085 0.055625 0.040630
0 63 7.241379 0.058078 0.041846 0.057855 0.041618
0 64 7.356322 0.057630 0.040413 0.057806 0.040626
0 65 7.471264 0.055510 0.041039 0.055259 0.040495
0 66 7.586207 0.054681 0.040295 0.055587 0.040764
0 67 7.701149 0.056005 0.040910 0.056928 0.041278
0 68 7.816092 0.054254 0.040240 0.055715 0.041219
0 69 7.931035 0.056748 0.041042 0.056842 0.041202
0 70 8.045977 0.054790 0.040109 0.054402 0.040448
0 71 8.160919 0.056257 0.040602 0.058207 0.042372
0 72 8.275862 0.056770 0.040850 0.055473 0.039899
0 73 8.390804 0.055435 0.040849 0.055358 0.040848
0 74 8.505747 0.055432 0.040536 0.055615 0.041129
0 75 8.620689 0.056275 0.041165 0.056412 0.041321
0 76 8.735632 0.054551 0.040271 0.053489 0.040016
0 77 8.850574 0.056739 0.041201 0.057801 0.041045
0 78 8.965517 0.054324 0.040315 0.054572 0.040202
0 79 9.080460 0.056005 0.040982 0.055263 0.040938
0 80 9.195402 0.056274 0.041584 0.056167 0.041239
0 81 9.310345 0.054835 0.040690 0.055250 0.040765
0 82 9.425287 0.057457 0.041977 0.055953 0.041306
0 83 9.540230 0.055989 0.041410 0.055981 0.041196
0 84 9.655172 0.057086 0.040863 0.056329 0.040466
0 85 9.770115 0.053782 0.040000 0.053366 0.039601
0 86 9.885057 0.055077 0.040676 0.054337 0.040212
1 0 10.000000 0.055047 0.040751 0.055773 0.041160
1 1 10.114943 0.055189 0.041170 0.054019 0.040047
1 2 10.229885 0.055741 0.040461 0.056287 0.040993
1 3 10.344828 0.054672 0.040710 0.053870 0.039658
1 4 10.459770 0.053523 0.039894 0.055054 0.041010
1 5 10.574713 0.054508 0.040492 0.053798 0.040200
1 6 10.689655 0.056603 0.040348 0.056290 0.040524
1 7 10.804598 0.054292 0.039223 0.055651 0.040560
1 8 10.919540 0.055129 0.040919 0.054308 0.040277
1 9 11.034483 0.054392 0.039453 0.054444 0.040023
1 10 11.149426 0.054666 0.039807 0.056044 0.040860
1 11 11.264368 0.056440 0.041327 0.055206 0.040385
1 12 11.379311 0.053709 0.040415 0.053399 0.039908
1 13 11.494253 0.054746 0.040455 0.055478 0.040677
1 14 11.609196 0.052271 0.039223 0.052863 0.039841
1 15 11.724138 0.053974 0.040107 0.054813 0.040476
1 16 11.839081 0.054163 0.040463 0.053672 0.040288
1 17 11.954023 0.054946 0.040673 0.053941 0.039949
1 18 12.068966 0.055094 0.040260 0.054349 0.039555
1 19 12.183908 0.052507 0.039571 0.053777 0.040410
1 20 12.298851 0.055632 0.040321 0.055991 0.040411
1 21 12.413794 0.052298 0.039085 0.053374 0.040065
1 22 12.528735 0.052839 0.039392 0.054406 0.040302
1 23 12.643678 0.053186 0.040018 0.053049 0.040201
1 24 12.758620 0.052820 0.039332 0.053616 0.039654
1 25 12.873563 0.053395 0.040122 0.054629 0.041028
1 26 12.988505 0.053613 0.040345 0.053359 0.039749
1 27 13.103448 0.054302 0.040550 0.055307 0.041398
1 28 13.218390 0.054184 0.040315 0.053953 0.040364
1 29 13.333333 0.054230 0.040195 0.054039 0.040294
1 30 13.448276 0.052811 0.039933 0.052737 0.039976
1 31 13.563218 0.053047 0.040165 0.052477 0.039623
1 32 13.678161 0.054285 0.039957 0.054552 0.039828
1 33 13.793103 0.053774 0.040131 0.053558 0.040032
1 34 13.908046 0.053063 0.039777 0.053261 0.039654
1 35 14.022988 0.054387 0.040175 0.053598 0.039603
1 36 14.137931 0.055579 0.040487 0.054444 0.039787
1 37 14.252873 0.055748 0.040665 0.055625 0.040229
1 38 14.367816 0.053251 0.040166 0.053388 0.040481
1 39 14.482759 0.052815 0.039805 0.053241 0.040036
1 40 14.597701 0.056007 0.040632 0.055727 0.040578
1 41 14.712644 0.054364 0.039389 0.055007 0.039932
1 42 14.827586 0.056502 0.039599 0.056667 0.039832
1 43 14.942529 0.053887 0.040287 0.053109 0.039242
1 44 15.057471 0.053366 0.039555 0.053578 0.040191
1 45 15.172414 0.053363 0.039764 0.053515 0.039705
1 46 15.287356 0.054624 0.040942 0.054285 0.041208
1 47 15.402299 0.052993 0.040073 0.054192 0.041099
1 48 15.517241 0.053700 0.039896 0.052728 0.039754
1 49 15.632184 0.053615 0.040412 0.053776 0.039995
1 50 15.747127 0.054030 0.039988 0.053281 0.039593
1 51 15.862069 0.054500 0.040103 0.055204 0.040637
1 52 15.977012 0.053802 0.039941 0.053145 0.039799
1 53 16.091953 0.053202 0.039996 0.052981 0.040221
1 54 16.206896 0.052706 0.039657 0.051925 0.039301
1 55 16.321838 0.052467 0.039507 0.052396 0.039993
1 56 16.436781 0.051849 0.039546 0.052911 0.040368
1 57 16.551723 0.053182 0.040128 0.053029 0.039864
1 58 16.666666 0.054237 0.040422 0.053887 0.040064
1 59 16.781609 0.053002 0.040224 0.052690 0.039967
1 60 16.896551 0.053695 0.039877 0.053747 0.039983
1 61 17.011494 0.053218 0.039156 0.054958 0.040279
1 62 17.126436 0.052023 0.039040 0.052422 0.039805
1 63 17.241379 0.053827 0.040280 0.053610 0.040198
1 64 17.356321 0.052771 0.039179 0.052996 0.039256
1 65 17.471264 0.052353 0.039541 0.052538 0.039462
1 66 17.586206 0.052936 0.039760 0.053447 0.039922
1 67 17.701149 0.053132 0.039731 0.053353 0.039904
1 68 17.816092 0.052435 0.039781 0.052801 0.040128
1 69 17.931034 0.052593 0.038885 0.051976 0.038436
1 70 18.045977 0.052617 0.039736 0.053242 0.040525
1 71 18.160919 0.056484 0.040067 0.057481 0.040901
1 72 18.275862 0.053083 0.039853 0.053983 0.040393
1 73 18.390804 0.052461 0.039746 0.051785 0.038917
1 74 18.505747 0.051804 0.039371 0.051827 0.039224
1 75 18.620689 0.052054 0.039385 0.051900 0.039229
1 76 18.735632 0.052589 0.039931 0.054444 0.041098
1 77 18.850574 0.052019 0.039037 0.052941 0.039903
1 78 18.965517 0.052413 0.039419 0.052752 0.039858
1 79 19.080460 0.053215 0.038816 0.054728 0.040384
1 80 19.195402 0.050819 0.039474 0.052370 0.039905
1 81 19.310345 0.051931 0.039332 0.051936 0.039324
1 82 19.425287 0.054379 0.040138 0.054820 0.040535
1 83 19.540230 0.053828 0.039502 0.053724 0.039305
1 84 19.655172 0.052048 0.039762 0.052551 0.040271
1 85 19.770115 0.054051 0.040518 0.052060 0.039342
1 86 19.885057 0.053612 0.039656 0.053459 0.039761
2 0 20.000000 0.052376 0.039794 0.052865 0.039837
2 1 20.114943 0.052303 0.039686 0.052698 0.039575
2 2 20.229885 0.053697 0.040095 0.053772 0.040365
2 3 20.344828 0.051982 0.039767 0.051471 0.039259
2 4 20.459770 0.051997 0.039564 0.052996 0.040082
2 5 20.574713 0.051874 0.039489 0.052423 0.039672
2 6 20.689655 0.050401 0.038440 0.051376 0.039543
2 7 20.804598 0.052645 0.039390 0.053142 0.040036
2 8 20.919540 0.055066 0.040913 0.054917 0.040530
2 9 21.034483 0.053152 0.040077 0.053178 0.040075
2 10 21.149426 0.053681 0.040190 0.051945 0.039700
2 11 21.264368 0.052635 0.040129 0.052691 0.040017
2 12 21.379311 0.053520 0.039754 0.052543 0.039835
2 13 21.494253 0.051284 0.038928 0.052035 0.039604
2 14 21.609196 0.053298 0.039705 0.052963 0.039089
2 15 21.724138 0.052390 0.039589 0.053147 0.040829
2 16 21.839081 0.052809 0.039678 0.054065 0.040293
2 17 21.954023 0.053057 0.039404 0.052582 0.039543
2 18 22.068966 0.051880 0.039744 0.052479 0.039937
2 19 22.183908 0.052499 0.040142 0.051075 0.039106
2 20 22.298851 0.052335 0.040122 0.051544 0.039217
2 21 22.413794 0.050850 0.039013 0.052839 0.040130
2 22 22.528736 0.052780 0.039745 0.052496 0.039594
2 23 22.643679 0.054836 0.041008 0.052811 0.039612
2 24 22.758621 0.053355 0.040210 0.053148 0.040293
2 25 22.873564 0.052078 0.039378 0.052853 0.039785
2 26 22.988506 0.051694 0.039470 0.051565 0.039494
2 27 23.103449 0.053820 0.040359 0.052922 0.039457
2 28 23.218391 0.052240 0.039541 0.051169 0.038590
2 29 23.333334 0.051090 0.038933 0.053003 0.040151
2 30 23.448277 0.053408 0.039953 0.051236 0.038773
2 31 23.563219 0.053395 0.039324 0.053990 0.039631
2 32 23.678162 0.052132 0.039159 0.052099 0.039323
2 33 23.793104 0.052869 0.040160 0.052899 0.040021
2 34 23.908047 0.052739 0.039227 0.052743 0.039227
2 35 24.022989 0.051826 0.039409 0.051942 0.039777
2 36 24.137932 0.052138 0.039725 0.051925 0.039825
2 37 24.252874 0.053080 0.039582 0.052099 0.039175
2 38 24.367817 0.053140 0.039853 0.052920 0.039863
2 39 24.482759 0.052061 0.039646 0.052331 0.039977
2 40 24.597702 0.052513 0.040035 0.052175 0.039515
2 41 24.712645 0.054042 0.040558 0.053434 0.039824
2 42 24.827587 0.052313 0.039697 0.051759 0.038841
2 43 24.942530 0.052551 0.040401 0.051761 0.039827
2 44 25.057470 0.052810 0.039968 0.052246 0.039608
2 45 25.172413 0.050685 0.038760 0.052989 0.040532
2 46 25.287355 0.052812 0.039834 0.052629 0.039579
2 47 25.402298 0.052955 0.040422 0.052820 0.040524
2 48 25.517241 0.055218 0.041207 0.054581 0.041326
2 49 25.632183 0.053106 0.040332 0.052216 0.039550
2 50 25.747126 0.053084 0.040038 0.052301 0.039415
2 51 25.862068 0.053219 0.039809 0.052007 0.038909
2 52 25.977011 0.052974 0.039524 0.053267 0.039623
2 53 26.091953 0.051372 0.039343 0.051884 0.039445
2 54 26.206896 0.052387 0.039256 0.052839 0.039685
2 55 26.321838 0.051224 0.038673 0.051789 0.039213
2 56 26.436781 0.052911 0.039583 0.053194 0.040292
2 57 26.551723 0.051329 0.038945 0.051208 0.038887
2 58 26.666666 0.050619 0.038909 0.052080 0.040029
2 59 26.781609 0.053344 0.040400 0.051396 0.039022
2 60 26.896551 0.052254 0.039546 0.054261 0.040768
2 61 27.011494 0.052684 0.039890 0.052729 0.039987
2 62 27.126436 0.052121 0.039597 0.051239 0.038950
2 63 27.241379 0.052180 0.039743 0.051090 0.039117
2 64 27.356321 0.052411 0.039551 0.051694 0.038884
2 65 27.471264 0.050855 0.039096 0.051883 0.040013
2 66 27.586206 0.052716 0.038582 0.052518 0.038906
2 67 27.701149 0.054381 0.040534 0.054557 0.040714
2 68 27.816092 0.052378 0.039729 0.052386 0.039981
2 69 27.931034 0.053424 0.040171 0.053301 0.040368
2 70 28.045977 0.051034 0.039303 0.051291 0.039113
2 71 28.160919 0.051042 0.038566 0.051120 0.039489
2 72 28.275862 0.052529 0.039441 0.052643 0.039287
2 73 28.390804 0.051954 0.039550 0.052420 0.039597
2 74 28.505747 0.051431 0.039332 0.052109 0.039505
2 75 28.620689 0.053756 0.040541 0.052846 0.039513
2 76 28.735632 0.053005 0.039517 0.052496 0.039556
2 77 28.850574 0.052296 0.040015 0.052147 0.039833
2 78 28.965517 0.052390 0.039304 0.053400 0.039766
2 79 29.080460 0.051630 0.039776 0.051641 0.039752
2 80 29.195402 0.050519 0.038239 0.052493 0.040141
2 81 29.310345 0.052087 0.039836 0.051361 0.039615
2 82 29.425287 0.050931 0.039282 0.051385 0.039415
2 83 29.540230 0.052949 0.039920 0.051532 0.038910
2 84 29.655172 0.052066 0.040379 0.051577 0.039296
2 85 29.770115 0.053783 0.039368 0.052866 0.038669
2 86 29.885057 0.052288 0.040132 0.052065 0.039377
3 0 30.000000 0.053179 0.039631 0.052251 0.039531
3 1 30.114943 0.051951 0.039851 0.051978 0.039996
3 2 30.229885 0.052569 0.039560 0.054274 0.040726
3 3 30.344828 0.052042 0.039943 0.052021 0.040036
3 4 30.459770 0.051807 0.039860 0.051811 0.039518
3 5 30.574713 0.050886 0.039158 0.051699 0.039892
3 6 30.689655 0.051856 0.039707 0.051090 0.039442
3 7 30.804598 0.051239 0.039067 0.051940 0.039643
3 8 30.919540 0.051665 0.039798 0.052156 0.039667
3 9 31.034483 0.052344 0.039452 0.052017 0.039983
3 10 31.149426 0.051356 0.039371 0.051452 0.039438
3 11 31.264368 0.051451 0.039090 0.051004 0.038731
3 12 31.379311 0.050834 0.038650 0.050722 0.038626
3 13 31.494253 0.052230 0.039805 0.051484 0.039224
3 14 31.609196 0.051251 0.039405 0.050850 0.038900
3 15 31.724138 0.051644 0.039363 0.052073 0.039642
3 16 31.839081 0.052046 0.039828 0.051745 0.039376
3 17 31.954023 0.054522 0.040775 0.052742 0.039485
3 18 32.068966 0.052037 0.040045 0.051003 0.038976
3 19 32.183907 0.052537 0.040016 0.051820 0.039585
3 20 32.298851 0.051440 0.038997 0.052129 0.039551
3 21 32.413792 0.050798 0.038865 0.050842 0.038695
3 22 32.528736 0.050975 0.038628 0.051835 0.039177
3 23 32.643677 0.052488 0.040040 0.052231 0.039801
3 24 32.758621 0.050729 0.038823 0.052809 0.040012
3 25 32.873562 0.051457 0.039174 0.051146 0.039267
3 26 32.988506 0.051582 0.039960 0.051713 0.040062
3 27 33.103447 0.053494 0.039486 0.052820 0.038969
3 28 33.218391 0.052311 0.040160 0.051033 0.039432
3 29 33.333332 0.052808 0.040129 0.052787 0.040220
3 30 33.448277 0.051861 0.038920 0.052507 0.039471
3 31 33.563217 0.052965 0.039647 0.053310 0.039951
3 32 33.678162 0.051057 0.039633 0.051485 0.039405
3 33 33.793102 0.051907 0.039714 0.051523 0.039562
3 34 33.908047 0.053589 0.040098 0.053510 0.040219
3 35 34.022987 0.051794 0.039404 0.052308 0.040090
3 36 34.137932 0.054153 0.040846 0.052447 0.039706
3 37 34.252872 0.052151 0.039195 0.052087 0.039568
3 38 34.367817 0.050815 0.039294 0.051794 0.039573
3 39 34.482758 0.051526 0.039102 0.052655 0.040102
3 40 34.597702 0.050888 0.039325 0.050299 0.039023
3 41 34.712643 0.050967 0.039667 0.051324 0.039523
3 42 34.827587 0.052036 0.039711 0.052111 0.039803
3 43 34.942528 0.051221 0.039489 0.051397 0.039644
3 44 35.057472 0.051304 0.038538 0.052244 0.039595
3 45 35.172413 0.052002 0.039280 0.052347 0.039488
3 46 35.287357 0.053386 0.040249 0.053017 0.039802
3 47 35.402298 0.051709 0.039729 0.051099 0.038991
3 48 35.517242 0.051256 0.039259 0.050437 0.038849
3 49 35.632183 0.052124 0.039343 0.052358 0.039220
3 50 35.747128 0.052452 0.039639 0.053064 0.039987
3 51 35.862068 0.052029 0.040104 0.051121 0.039115
3 52 35.977013 0.052311 0.039942 0.051184 0.039204
3 53 36.091953 0.053328 0.040151 0.052598 0.039747
3 54 36.206898 0.052661 0.039962 0.051323 0.039100
3 55 36.321838 0.051358 0.039478 0.052975 0.040272
3 56 36.436783 0.050813 0.039092 0.051117 0.039149
3 57 36.551723 0.052341 0.039233 0.053638 0.040212
3 58 36.666668 0.051260 0.039061 0.050561 0.038382
3 59 36.781609 0.052555 0.040173 0.050562 0.038996
3 60 36.896553 0.051088 0.038867 0.052180 0.039980
3 61 37.011494 0.050863 0.038967 0.050462 0.039088
3 62 37.126438 0.051240 0.039138 0.052021 0.039974
3 63 37.241379 0.051016 0.039325 0.051223 0.039606
3 64 37.356323 0.050534 0.039225 0.050566 0.038874
3 65 37.471264 0.051306 0.039583 0.049980 0.038568
3 66 37.586208 0.051019 0.038766 0.050328 0.038370
3 67 37.701149 0.051330 0.039300 0.051072 0.039751
3 68 37.816093 0.051728 0.039151 0.052822 0.039798
3 69 37.931034 0.052272 0.040112 0.051767 0.039265
3 70 38.045979 0.050904 0.039036 0.051605 0.039518
3 71 38.160919 0.054943 0.040065 0.055471 0.040165
3 72 38.275864 0.051009 0.039727 0.052183 0.040043
3 73 38.390804 0.051856 0.039636 0.051696 0.039492
3 74 38.505749 0.051970 0.039711 0.050799 0.038807
3 75 38.620689 0.051730 0.039830 0.052027 0.039753
3 76 38.735634 0.051155 0.038730 0.050125 0.038615
3 77 38.850574 0.051951 0.039435 0.051460 0.039554
3 78 38.965519 0.050242 0.039088 0.051662 0.040249
3 79 39.080460 0.051341 0.038781 0.051515 0.039441
3 80 39.195404 0.051656 0.039415 0.052578 0.039993
3 81 39.310345 0.050330 0.038998 0.050678 0.039153
3 82 39.425289 0.052475 0.040051 0.051531 0.039299
3 83 39.540230 0.051583 0.039732 0.051292 0.039272
3 84 39.655174 0.051109 0.038856 0.052914 0.040322
3 85 39.770115 0.051264 0.039497 0.051289 0.039782
3 86 39.885059 0.051389 0.039984 0.052051 0.039681
4 0 40.000000 0.052836 0.040432 0.051634 0.039624
4 1 40.114941 0.052909 0.040510 0.052361 0.040120
4 2 40.229885 0.050310 0.038727 0.050931 0.039160
4 3 40.344826 0.052009 0.039910 0.051447 0.039755
4 4 40.459770 0.050625 0.039229 0.050613 0.039410
4 5 40.574711 0.051623 0.039506 0.051956 0.039892
4 6 40.689655 0.051906 0.039887 0.051736 0.039371
4 7 40.804596 0.051093 0.039593 0.051358 0.039857
4 8 40.919540 0.052524 0.039840 0.051778 0.039134
4 9 41.034481 0.052191 0.039948 0.051474 0.039415
4 10 41.149426 0.051717 0.039937 0.051124 0.039368
4 11 41.264366 0.050846 0.039025 0.051672 0.039793
4 12 41.379311 0.051052 0.039237 0.051317 0.039745
4 13 41.494251 0.051619 0.039094 0.051954 0.039739
4 14 41.609196 0.051764 0.039385 0.050236 0.038379
4 15 41.724136 0.051905 0.039790 0.052061 0.039526
4 16 41.839081 0.051478 0.039439 0.051722 0.039600
4 17 41.954021 0.050298 0.038599 0.050042 0.038690
4 18 42.068966 0.052493 0.040026 0.051859 0.039900
4 19 42.183907 0.051917 0.039652 0.051734 0.039991
4 20 42.298851 0.051161 0.039595 0.050609 0.039024
4 21 42.413792 0.053478 0.039953 0.054982 0.041177
4 22 42.528736 0.050698 0.039059 0.051691 0.039954
4 23 42.643677 0.052214 0.039601 0.052186 0.040147
4 24 42.758621 0.051339 0.039368 0.050399 0.038602
4 25 42.873562 0.050205 0.039063 0.049919 0.038562
4 26 42.988506 0.050467 0.039210 0.051841 0.040172
4 27 43.103447 0.052573 0.040210 0.050943 0.039309
4 28 43.218391 0.051251 0.039321 0.050894 0.038822
4 29 43.333332 0.052397 0.040045 0.051677 0.039374
4 30 43.448277 0.051132 0.039379 0.051816 0.039505
4 31 43.563217 0.050817 0.038724 0.051323 0.039555
4 32 43.678162 0.052003 0.039452 0.052381 0.039992
4 33 43.793102 0.052455 0.039631 0.050540 0.038247
4 34 43.908047 0.052360 0.039992 0.051098 0.039282
4 35 44.022987 0.051187 0.039604 0.050848 0.039238
4 36 44.137932 0.051997 0.039994 0.050152 0.038759
4 37 44.252872 0.051085 0.038669 0.052193 0.039894
4 38 44.367817 0.050428 0.039165 0.050885 0.039382
4 39 44.482758 0.051255 0.039656 0.051555 0.039389
4 40 44.597702 0.050488 0.039304 0.052248 0.040876
4 41 44.712643 0.051013 0.039714 0.050421 0.038763
4 42 44.827587 0.051796 0.039750 0.050700 0.038923
4 43 44.942528 0.050402 0.038991 0.051480 0.039512
4 44 45.057472 0.050653 0.039093 0.050063 0.038632
4 45 45.172413 0.050811 0.039337 0.051219 0.039230
4 46 45.287357 0.050576 0.038673 0.050862 0.038907
4 47 45.402298 0.051975 0.039534 0.051357 0.039292
4 48 45.517242 0.051997 0.039493 0.050998 0.038904
4 49 45.632183 0.049801 0.038429 0.050473 0.038961
4 50 45.747128 0.050693 0.039489 0.050280 0.038903
4 51 45.862068 0.050635 0.038441 0.052070 0.039820
4 52 45.977013 0.050970 0.039533 0.052081 0.040042
4 53 46.091953 0.050199 0.038753 0.050203 0.038801
4 54 46.206898 0.050041 0.038541 0.050891 0.039564
4 55 46.321838 0.052920 0.040394 0.051165 0.039017
4 56 46.436783 0.051576 0.039820 0.050692 0.039579
4 57 46.551723 0.049845 0.038705 0.049508 0.038651
4 58 46.666668 0.053739 0.040763 0.052653 0.039657
4 59 46.781609 0.051862 0.039978 0.051187 0.039191
4 60 46.896553 0.050321 0.038551 0.051624 0.039799
4 61 47.011494 0.050784 0.039416 0.051006 0.039396
4 62 47.126438 0.051315 0.039558 0.050527 0.038749
4 63 47.241379 0.049555 0.038784 0.050280 0.038912
4 64 47.356323 0.050584 0.039271 0.050979 0.039313
4 65 47.471264 0.050969 0.039520 0.050384 0.038986
4 66 47.586208 0.051151 0.039581 0.050155 0.038981
4 67 47.701149 0.052152 0.040005 0.051255 0.039255
4 68 47.816093 0.051873 0.040012 0.050828 0.039236
4 69 47.931034 0.050208 0.038987 0.050355 0.039079
4 70 48.045979 0.050773 0.039222 0.049901 0.039028
4 71 48.160919 0.051872 0.040080 0.051386 0.039384
4 72 48.275864 0.050699 0.039258 0.052285 0.039983
4 73 48.390804 0.050316 0.038758 0.050893 0.039144
4 74 48.505749 0.050418 0.039550 0.050396 0.038829
4 75 48.620689 0.050960 0.039282 0.051721 0.039668
4 76 48.735634 0.052351 0.040448 0.050780 0.039157
4 77 48.850574 0.051011 0.039188 0.051699 0.039734
4 78 48.965519 0.051452 0.039750 0.051353 0.039544
4 79 49.080460 0.051308 0.039356 0.050917 0.039550
4 80 49.195404 0.052343 0.039621 0.052281 0.039787
4 81 49.310345 0.050147 0.038999 0.049446 0.038299
4 82 49.425289 0.051227 0.039394 0.050679 0.038678
4 83 49.540230 0.051404 0.039448 0.051187 0.039469
4 84 49.655174 0.050339 0.039060 0.051035 0.039235
4 85 49.770115 0.049774 0.038460 0.050876 0.039522
4 86 49.885059 0.051343 0.039155 0.051073 0.038864
5 0 50.000000 0.052016 0.040084 0.050441 0.038989
5 1 50.114941 0.050583 0.039233 0.051176 0.039599
5 2 50.229885 0.052308 0.039960 0.052164 0.039587
5 3 50.344826 0.050340 0.038560 0.051217 0.039498
5 4 50.459770 0.051834 0.039640 0.052012 0.039540
5 5 50.574711 0.050889 0.038979 0.050038 0.038192
5 6 50.689655 0.050117 0.039070 0.051680 0.040385
5 7 50.804596 0.050202 0.038713 0.050257 0.038567
5 8 50.919540 0.052813 0.039874 0.053099 0.039925
5 9 51.034481 0.051315 0.039841 0.049737 0.039160
5 10 51.149426 0.051186 0.039610 0.051307 0.039692
5 11 51.264366 0.050681 0.039337 0.051575 0.039846
5 12 51.379311 0.050836 0.038978 0.051115 0.038939
5 13 51.494251 0.051361 0.038933 0.050018 0.038022
5 14 51.609196 0.051028 0.039412 0.051278 0.039611
5 15 51.724136 0.051055 0.038917 0.050952 0.039187
5 16 51.839081 0.049829 0.038450 0.050550 0.038668
5 17 51.954021 0.050358 0.038853 0.050338 0.039050
5 18 52.068966 0.049434 0.037888 0.050466 0.038825
5 19 52.183907 0.050834 0.039314 0.050070 0.038935
5 20 52.298851 0.051681 0.040204 0.050192 0.038912
5 21 52.413792 0.051499 0.039605 0.051653 0.039608
5 22 52.528736 0.051113 0.039661 0.050932 0.039092
5 23 52.643677 0.050383 0.039137 0.051017 0.039345
5 24 52.758621 0.051019 0.039403 0.050625 0.039346
5 25 52.873562 0.049804 0.038822 0.051826 0.039943
5 26 52.988506 0.051155 0.039812 0.050417 0.038936
5 27 53.103447 0.050944 0.039061 0.050336 0.038619
5 28 53.218391 0.051519 0.039245 0.052371 0.040243
5 29 53.333332 0.049553 0.038440 0.049381 0.038751
5 30 53.448277 0.050489 0.038994 0.051517 0.039883
5 31 53.563217 0.051481 0.040222 0.052555 0.040072
5 32 53.678162 0.051090 0.039603 0.050651 0.038888
5 33 53.793102 0.050080 0.038946 0.051549 0.040057
5 34 53.908047 0.049660 0.038786 0.048802 0.038325
5 35 54.022987 0.050392 0.039196 0.049785 0.038887
5 36 54.137932 0.052897 0.040236 0.052068 0.039648
5 37 54.252872 0.051021 0.039522 0.051425 0.039343
5 38 54.367817 0.051660 0.039832 0.051566 0.039616
5 39 54.482758 0.051073 0.039520 0.050517 0.038987
5 40 54.597702 0.051841 0.040149 0.050106 0.038731
5 41 54.712643 0.050441 0.038999 0.051038 0.039559
5 42 54.827587 0.050998 0.039444 0.050077 0.039323
5 43 54.942528 0.052558 0.039891 0.051733 0.039253
5 44 55.057472 0.050046 0.039068 0.050810 0.039048
5 45 55.172413 0.050464 0.038595 0.051726 0.039503
5 46 55.287357 0.051047 0.039493 0.050678 0.039138
5 47 55.402298 0.050811 0.039965 0.049191 0.038537
5 48 55.517242 0.049843 0.038791 0.049910 0.038612
5 49 55.632183 0.051223 0.039749 0.050858 0.039280
5 50 55.747128 0.051588 0.039333 0.051992 0.039225
5 51 55.862068 0.049877 0.038579 0.050697 0.039185
5 52 55.977013 0.051295 0.039005 0.050164 0.038569
5 53 56.091953 0.050742 0.039739 0.050168 0.039093
5 54 56.206898 0.050375 0.039229 0.050707 0.039567
5 55 56.321838 0.049794 0.038718 0.050009 0.039466
5 56 56.436783 0.052232 0.040455 0.052403 0.039941
5 57 56.551723 0.050967 0.039402 0.050609 0.039519
5 58 56.666668 0.050459 0.039281 0.050191 0.039242
5 59 56.781609 0.051780 0.039422 0.051127 0.039118
5 60 56.896553 0.051339 0.039681 0.050644 0.039033
5 61 57.011494 0.051435 0.039703 0.051525 0.039258
5 62 57.126438 0.050198 0.038779 0.050037 0.038962
5 63 57.241379 0.051430 0.039291 0.052022 0.039879
5 64 57.356323 0.050715 0.038854 0.051836 0.039362
5 65 57.471264 0.052253 0.040012 0.051838 0.039631
5 66 57.586208 0.050995 0.039778 0.050129 0.038670
5 67 57.701149 0.050735 0.039626 0.051145 0.039488
5 68 57.816093 0.050472 0.039596 0.049751 0.038507
5 69 57.931034 0.049804 0.038755 0.050171 0.038964
5 70 58.045979 0.052016 0.040048 0.051401 0.039555
5 71 58.160919 0.050615 0.039354 0.051042 0.039462
5 72 58.275864 0.051516 0.039399 0.051205 0.039201
5 73 58.390804 0.051186 0.039506 0.049520 0.038176
5 74 58.505749 0.051772 0.040206 0.050986 0.038960
5 75 58.620689 0.050128 0.039389 0.051349 0.039908
5 76 58.735634 0.051343 0.039560 0.049924 0.038689
5 77 58.850574 0.050330 0.039072 0.049693 0.038725
5 78 58.965519 0.050748 0.039229 0.050287 0.039314
5 79 59.080460 0.050371 0.039186 0.050617 0.038896
5 80 59.195404 0.049792 0.038621 0.050369 0.039252
5 81 59.310345 0.051089 0.039155 0.050524 0.039214
5 82 59.425289 0.051287 0.039689 0.051274 0.039282
5 83 59.540230 0.049535 0.038620 0.051424 0.039959
5 84 59.655174 0.052384 0.040346 0.052625 0.040716
5 85 59.770115 0.050394 0.039286 0.050296 0.039203
5 86 59.885059 0.050223 0.039215 0.050615 0.039322
6 0 60.000000 0.051027 0.039340 0.050073 0.038696
6 1 60.114941 0.050754 0.039365 0.050788 0.039267
6 2 60.229885 0.050672 0.039737 0.049850 0.039196
6 3 60.344826 0.050212 0.039630 0.050469 0.039273
6 4 60.459770 0.048505 0.037840 0.050444 0.039436
6 5 60.574711 0.051228 0.039293 0.049670 0.038617
6 6 60.689655 0.050953 0.040018 0.049395 0.038852
6 7 60.804596 0.051267 0.039673 0.050550 0.039204
6 8 60.919540 0.050520 0.039494 0.050086 0.038943
6 9 61.034481 0.051077 0.038906 0.051311 0.038893
6 10 61.149426 0.051294 0.039373 0.051178 0.039717
6 11 61.264366 0.051305 0.039790 0.051863 0.039808
6 12 61.379311 0.051114 0.039597 0.051028 0.039541
6 13 61.494251 0.050540 0.038963 0.051193 0.039431
6 14 61.609196 0.050409 0.039278 0.050000 0.038586
6 15 61.724136 0.050535 0.038794 0.052412 0.040002
6 16 61.839081 0.050452 0.039439 0.050077 0.039177
6 17 61.954021 0.049919 0.038565 0.049675 0.038416
6 18 62.068966 0.050863 0.039413 0.051064 0.039639
6 19 62.183907 0.050343 0.039320 0.050037 0.038882
6 20 62.298851 0.050993 0.039457 0.051937 0.040165
6 21 62.413792 0.049963 0.038621 0.051822 0.039971
6 22 62.528736 0.050510 0.039198 0.049929 0.038989
6 23 62.643677 0.050591 0.039500 0.051860 0.040263
6 24 62.758621 0.052020 0.039685 0.052011 0.040327
6 25 62.873562 0.050505 0.039282 0.049320 0.038398
6 26 62.988506 0.050508 0.039107 0.052133 0.040004
6 27 63.103447 0.050514 0.039267 0.051147 0.039483
6 28 63.218391 0.049946 0.038916 0.050214 0.038956
6 29 63.333332 0.049958 0.039147 0.049903 0.038845
6 30 63.448277 0.050265 0.039014 0.050728 0.040132
6 31 63.563217 0.049703 0.038717 0.050889 0.039384
6 32 63.678162 0.050322 0.038989 0.050351 0.039167
6 33 63.793102 0.051310 0.039575 0.050780 0.039354
6 34 63.908047 0.050878 0.039691 0.050865 0.039459
6 35 64.022987 0.051025 0.039823 0.050602 0.039179
6 36 64.137932 0.051104 0.039607 0.050670 0.039435
6 37 64.252876 0.050386 0.038713 0.051057 0.039185
6 38 64.367813 0.051598 0.039892 0.051826 0.040090
6 39 64.482758 0.049924 0.038731 0.050009 0.039010
6 40 64.597702 0.050646 0.039653 0.049937 0.038858
6 41 64.712646 0.050022 0.038884 0.050149 0.039099
6 42 64.827583 0.050259 0.039029 0.050077 0.038881
6 43 64.942528 0.048899 0.038590 0.051204 0.039762
6 44 65.057472 0.049580 0.039204 0.050226 0.039036
6 45 65.172417 0.050607 0.039635 0.049848 0.038951
6 46 65.287354 0.049706 0.038945 0.050359 0.039324
6 47 65.402298 0.051473 0.039791 0.050418 0.038948
6 48 65.517242 0.050478 0.039575 0.050090 0.039223
6 49 65.632187 0.051679 0.039538 0.050531 0.039022
6 50 65.747124 0.051352 0.039269 0.052333 0.040167
6 51 65.862068 0.052277 0.039756 0.051093 0.039320
6 52 65.977013 0.049657 0.038025 0.049322 0.038377
6 53 66.091957 0.049492 0.039060 0.049479 0.038726
6 54 66.206894 0.050376 0.039269 0.049640 0.038994
6 55 66.321838 0.049644 0.038556 0.050699 0.039290
6 56 66.436783 0.049677 0.038924 0.050849 0.039301
6 57 66.551727 0.050199 0.039276 0.049945 0.038617
6 58 66.666664 0.050822 0.039610 0.049763 0.038952
6 59 66.781609 0.051126 0.039866 0.048637 0.038265
6 60 66.896553 0.051555 0.039833 0.050583 0.039183
6 61 67.011497 0.050592 0.039458 0.050573 0.039442
6 62 67.126434 0.049765 0.038923 0.049432 0.038513
6 63 67.241379 0.049359 0.038671 0.050253 0.038758
6 64 67.356323 0.051873 0.040149 0.051161 0.039541
6 65 67.471268 0.049596 0.038531 0.050196 0.038816
6 66 67.586205 0.051321 0.039484 0.050584 0.039060
6 67 67.701149 0.050270 0.039102 0.050685 0.039415
6 68 67.816093 0.050476 0.038820 0.050927 0.039280
6 69 67.931038 0.050847 0.039698 0.050868 0.039856
6 70 68.045975 0.050133 0.038873 0.051185 0.039819
6 71 68.160919 0.050259 0.038477 0.051101 0.039095
6 72 68.275864 0.051562 0.039961 0.049990 0.039088
6 73 68.390808 0.049296 0.038703 0.050468 0.038944
6 74 68.505745 0.050451 0.039129 0.051544 0.039447
6 75 68.620689 0.050737 0.039299 0.049218 0.038579
6 76 68.735634 0.050308 0.039125 0.049862 0.038810
6 77 68.850578 0.051043 0.039834 0.050026 0.038969
6 78 68.965515 0.050630 0.039542 0.049743 0.038555
6 79 69.080460 0.051516 0.039327 0.051649 0.039594
6 80 69.195404 0.051115 0.039645 0.052567 0.040396
6 81 69.310349 0.051249 0.039355 0.050233 0.038949
6 82 69.425285 0.049417 0.038544 0.050790 0.039901
6 83 69.540230 0.050642 0.038525 0.050754 0.038712
6 84 69.655174 0.050986 0.039239 0.050370 0.038908
6 85 69.770119 0.049894 0.038646 0.051202 0.040182
6 86 69.885056 0.049927 0.038898 0.050440 0.039005
7 0 70.000000 0.050550 0.038953 0.050339 0.038641
7 1 70.114944 0.051167 0.039483 0.051861 0.039610
7 2 70.229881 0.050550 0.039707 0.050226 0.039297
7 3 70.344826 0.049818 0.038730 0.050851 0.039541
7 4 70.459770 0.050509 0.038929 0.049871 0.038633
7 5 70.574715 0.051487 0.039799 0.050979 0.039898
7 6 70.689651 0.050766 0.039647 0.051404 0.039722
7 7 70.804596 0.049958 0.039218 0.050044 0.039024
7 8 70.919540 0.050796 0.039322 0.050497 0.039522
7 9 71.034485 0.051227 0.039852 0.050882 0.039512
7 10 71.149422 0.050456 0.039370 0.050053 0.039036
7 11 71.264366 0.051813 0.039635 0.051590 0.039486
7 12 71.379311 0.050937 0.039478 0.050403 0.039654
7 13 71.494255 0.051560 0.040291 0.050921 0.039682
7 14 71.609192 0.050196 0.039462 0.050772 0.039392
7 15 71.724136 0.050943 0.039269 0.050688 0.039134
7 16 71.839081 0.050326 0.039155 0.051406 0.039704
7 17 71.954025 0.049828 0.039040 0.050444 0.039419
7 18 72.068962 0.050438 0.038815 0.050440 0.039056
7 19 72.183907 0.049857 0.038816 0.049134 0.037980
7 20 72.298851 0.052334 0.039847 0.051706 0.039501
7 21 72.413795 0.050628 0.039293 0.051042 0.039957
7 22 72.528732 0.050479 0.038692 0.051701 0.039297
7 23 72.643677 0.052195 0.040543 0.051123 0.039401
7 24 72.758621 0.050648 0.038860 0.051977 0.040055
7 25 72.873566 0.050099 0.038983 0.048900 0.038285
7 26 72.988503 0.050414 0.039314 0.049852 0.038491
7 27 73.103447 0.050960 0.040030 0.050909 0.039451
7 28 73.218391 0.049874 0.039011 0.051164 0.040105
7 29 73.333336 0.050093 0.039494 0.050368 0.039174
7 30 73.448273 0.051212 0.039450 0.049160 0.038490
7 31 73.563217 0.050433 0.038954 0.050526 0.039231
7 32 73.678162 0.049771 0.039021 0.051411 0.039847
7 33 73.793106 0.050296 0.039349 0.050438 0.039738
7 34 73.908043 0.050082 0.038637 0.051730 0.039647
7 35 74.022987 0.050907 0.039309 0.050705 0.039405
7 36 74.137932 0.050609 0.039219 0.049693 0.038693
7 37 74.252876 0.052207 0.039653 0.052127 0.039769
7 38 74.367813 0.050013 0.039131 0.050300 0.039405
7 39 74.482758 0.050919 0.039480 0.051554 0.040138
7 40 74.597702 0.049628 0.038634 0.049762 0.039061
7 41 74.712646 0.049942 0.038894 0.050253 0.039595
7 42 74.827583 0.050864 0.039524 0.050631 0.039450
7 43 74.942528 0.051040 0.039388 0.051406 0.039574
7 44 75.057472 0.051205 0.039536 0.050600 0.039226
7 45 75.172417 0.050571 0.039702 0.049875 0.038815
7 46 75.287354 0.049757 0.038821 0.051512 0.039654
7 47 75.402298 0.050464 0.039021 0.050587 0.039339
7 48 75.517242 0.050228 0.039126 0.049714 0.038802
7 49 75.632187 0.051015 0.039672 0.049887 0.039153
7 50 75.747124 0.051337 0.039986 0.050995 0.039442
7 51 75.862068 0.048631 0.038504 0.049271 0.038581
7 52 75.977013 0.050735 0.039604 0.050021 0.039072
7 53 76.091957 0.048862 0.038241 0.050357 0.039097
7 54 76.206894 0.050336 0.039362 0.050209 0.039126
7 55 76.321838 0.049172 0.038424 0.049558 0.038974
7 56 76.436783 0.050512 0.039211 0.049946 0.038931
7 57 76.551727 0.051418 0.039899 0.050047 0.039677
7 58 76.666664 0.050556 0.039559 0.050495 0.039571
7 59 76.781609 0.049782 0.038699 0.049636 0.038793
7 60 76.896553 0.050236 0.038867 0.049954 0.038835
7 61 77.011497 0.049906 0.038724 0.050114 0.038781
7 62 77.126434 0.050749 0.039783 0.049438 0.038411
7 63 77.241379 0.050932 0.039527 0.050836 0.039816
7 64 77.356323 0.050239 0.038815 0.050022 0.039128
7 65 77.471268 0.049839 0.038772 0.051880 0.039824
7 66 77.586205 0.050705 0.039697 0.049726 0.038823
7 67 77.701149 0.051287 0.039653 0.050905 0.039158
7 68 77.816093 0.048001 0.037387 0.049810 0.038872
7 69 77.931038 0.051348 0.039209 0.051811 0.039492
7 70 78.045975 0.050765 0.039488 0.050679 0.039329
7 71 78.160919 0.049324 0.038304 0.048829 0.038201
7 72 78.275864 0.050762 0.039387 0.049530 0.038579
7 73 78.390808 0.050987 0.039491 0.049662 0.039029
7 74 78.505745 0.049849 0.038486 0.048890 0.038058
7 75 78.620689 0.050052 0.038929 0.048729 0.038223
7 76 78.735634 0.051290 0.039712 0.049719 0.038681
7 77 78.850578 0.050940 0.039465 0.049652 0.038827
7 78 78.965515 0.049309 0.038588 0.050634 0.039613
7 79 79.080460 0.051267 0.039535 0.051604 0.039801
7 80 79.195404 0.050500 0.039196 0.050726 0.039646
7 81 79.310349 0.049859 0.038993 0.049834 0.039012
7 82 79.425285 0.051641 0.040179 0.049947 0.038484
7 83 79.540230 0.050730 0.039432 0.050771 0.039336
7 84 79.655174 0.051567 0.040322 0.051642 0.040250
7 85 79.770119 0.050047 0.038668 0.050294 0.039256
7 86 79.885056 0.051513 0.040101 0.049841 0.038669
8 0 80.000000 0.051127 0.039723 0.050328 0.038385
8 1 80.114944 0.051432 0.039298 0.050846 0.038961
8 2 80.229881 0.050708 0.039370 0.050669 0.039675
8 3 80.344826 0.049628 0.038905 0.050866 0.039532
8 4 80.459770 0.049872 0.038920 0.050068 0.039262
8 5 80.574715 0.050678 0.039916 0.049339 0.038985
8 6 80.689651 0.050928 0.039824 0.050299 0.039371
8 7 80.804596 0.049046 0.038514 0.049820 0.038961
8 8 80.919540 0.048947 0.038109 0.051884 0.040420
8 9 81.034485 0.049579 0.038946 0.050253 0.039261
8 10 81.149422 0.049679 0.038803 0.049719 0.039206
8 11 81.264366 0.050632 0.039842 0.049749 0.039487
8 12 81.379311 0.048742 0.037928 0.051511 0.040037
8 13 81.494255 0.050071 0.038923 0.052410 0.040021
8 14 81.609192 0.050224 0.039296 0.050465 0.039500
8 15 81.724136 0.050058 0.039166 0.049783 0.038858
8 16 81.839081 0.049580 0.039046 0.049961 0.039304
8 17 81.954025 0.049612 0.038566 0.050702 0.039513
8 18 82.068962 0.050639 0.039027 0.051176 0.039857
8 19 82.183907 0.050565 0.038816 0.051075 0.038985
8 20 82.298851 0.051495 0.040001 0.049748 0.038513
8 21 82.413795 0.050032 0.038864 0.049738 0.039042
8 22 82.528732 0.051442 0.039908 0.051135 0.039639
8 23 82.643677 0.049562 0.038649 0.050176 0.039242
8 24 82.758621 0.050737 0.038995 0.049859 0.038368
8 25 82.873566 0.050512 0.039324 0.049973 0.038797
8 26 82.988503 0.049393 0.038199 0.051125 0.039879
8 27 83.103447 0.050924 0.039687 0.049593 0.038895
8 28 83.218391 0.050244 0.039395 0.049379 0.038870
8 29 83.333336 0.049919 0.039175 0.050685 0.039516
8 30 83.448273 0.050501 0.039151 0.050426 0.039144
8 31 83.563217 0.050472 0.039324 0.049457 0.038636
8 32 83.678162 0.050329 0.039317 0.051158 0.040355
8 33 83.793106 0.051060 0.039540 0.049754 0.038834
8 34 83.908043 0.050131 0.039048 0.049531 0.038350
8 35 84.022987 0.050088 0.038929 0.050634 0.039164
8 36 84.137932 0.050164 0.039228 0.049690 0.038687
8 37 84.252876 0.050098 0.038635 0.050542 0.039195
8 38 84.367813 0.051224 0.039697 0.050061 0.038981
8 39 84.482758 0.051730 0.039591 0.051832 0.040098
8 40 84.597702 0.050368 0.039274 0.049924 0.038855
8 41 84.712646 0.050862 0.039335 0.050629 0.039599
8 42 84.827583 0.050995 0.039796 0.049953 0.039285
8 43 84.942528 0.049863 0.039009 0.049949 0.039396
8 44 85.057472 0.049819 0.038439 0.050897 0.039565
8 45 85.172417 0.050870 0.039531 0.050968 0.039220
8 46 85.287354 0.048932 0.038389 0.049709 0.038914
8 47 85.402298 0.050007 0.039523 0.050436 0.039301
8 48 85.517242 0.051173 0.039269 0.050070 0.038552
8 49 85.632187 0.050013 0.039034 0.049663 0.038609
8 50 85.747124 0.050866 0.039681 0.050381 0.039163
8 51 85.862068 0.050361 0.039265 0.051127 0.039833
8 52 85.977013 0.049423 0.038752 0.049203 0.038345
8 53 86.091957 0.049976 0.038643 0.048733 0.038480
8 54 86.206894 0.049924 0.039026 0.049740 0.039070
8 55 86.321838 0.051063 0.039703 0.050239 0.039875
8 56 86.436783 0.048817 0.037845 0.050759 0.039397
8 57 86.551727 0.050151 0.039153 0.049164 0.038323
8 58 86.666664 0.050207 0.039384 0.051346 0.040072
8 59 86.781609 0.049245 0.038427 0.050008 0.039353
8 60 86.896553 0.051258 0.039728 0.049369 0.038247
8 61 87.011497 0.048867 0.038396 0.049463 0.039039
8 62 87.126434 0.050594 0.039237 0.051350 0.039925
8 63 87.241379 0.050555 0.039492 0.049266 0.039140
8 64 87.356323 0.050479 0.039484 0.049579 0.038891
8 65 87.471268 0.050535 0.039781 0.050186 0.039006
8 66 87.586205 0.050225 0.038908 0.050499 0.039353
8 67 87.701149 0.050526 0.039409 0.049946 0.038892
8 68 87.816093 0.050512 0.039162 0.050560 0.039559
8 69 87.931038 0.050439 0.039000 0.049932 0.039055
8 70 88.045975 0.050380 0.038852 0.051774 0.040009
8 71 88.160919 0.050163 0.039125 0.051427 0.040101
8 72 88.275864 0.049702 0.038832 0.050050 0.039232
8 73 88.390808 0.052034 0.040435 0.050858 0.039221
8 74 88.505745 0.051314 0.039622 0.050162 0.038759
8 75 88.620689 0.050322 0.039344 0.049122 0.038527
8 76 88.735634 0.050283 0.039297 0.049741 0.038836
8 77 88.850578 0.049170 0.038785 0.049840 0.039232
8 78 88.965515 0.050341 0.039511 0.050005 0.039208
8 79 89.080460 0.049125 0.038347 0.051143 0.039755
8 80 89.195404 0.050992 0.039160 0.050697 0.039375
8 81 89.310349 0.049904 0.038752 0.050610 0.039599
8 82 89.425285 0.049179 0.038905 0.049042 0.038564
8 83 89.540230 0.048255 0.037931 0.050001 0.039047
8 84 89.655174 0.050399 0.039127 0.051523 0.039858
8 85 89.770119 0.048607 0.038445 0.050018 0.039173
8 86 89.885056 0.051527 0.039630 0.050246 0.038972
9 0 90.000000 0.050162 0.038859 0.049695 0.038957
9 1 90.114944 0.049662 0.039105 0.050521 0.039633
9 2 90.229881 0.049348 0.038961 0.050071 0.039228
9 3 90.344826 0.049992 0.039035 0.050000 0.038637
9 4 90.459770 0.050675 0.039298 0.050187 0.038817
9 5 90.574715 0.051914 0.040174 0.050491 0.039185
9 6 90.689651 0.052157 0.039822 0.052309 0.039795
9 7 90.804596 0.050877 0.039246 0.050908 0.039461
9 8 90.919540 0.050447 0.038862 0.050174 0.038788
9 9 91.034485 0.050739 0.039398 0.050695 0.039350
9 10 91.149422 0.050381 0.039345 0.049353 0.038298
9 11 91.264366 0.050794 0.039363 0.049727 0.039047
9 12 91.379311 0.049624 0.038847 0.050460 0.039389
9 13 91.494255 0.051382 0.039327 0.051970 0.039495
9 14 91.609192 0.050136 0.039301 0.050455 0.039183
9 15 91.724136 0.050528 0.039377 0.050156 0.039257
9 16 91.839081 0.050699 0.039365 0.050077 0.039214
9 17 91.954025 0.050420 0.039148 0.051406 0.039826
9 18 92.068962 0.051229 0.039575 0.050730 0.039134
9 19 92.183907 0.049572 0.038830 0.049357 0.038820
9 20 92.298851 0.049628 0.038661 0.050147 0.038877
9 21 92.413795 0.050493 0.039484 0.049491 0.038608
9 22 92.528732 0.049878 0.039062 0.050001 0.039140
9 23 92.643677 0.050203 0.039593 0.049968 0.038718
9 24 92.758621 0.050846 0.039466 0.049707 0.039175
9 25 92.873566 0.050033 0.038667 0.050556 0.039620
9 26 92.988503 0.050233 0.039265 0.048232 0.037700
9 27 93.103447 0.050345 0.039257 0.050736 0.039657
9 28 93.218391 0.050326 0.038900 0.049911 0.038765
9 29 93.333336 0.049854 0.038923 0.050360 0.039469
9 30 93.448273 0.050554 0.039161 0.050550 0.038621
9 31 93.563217 0.050996 0.039816 0.050407 0.039277
9 32 93.678162 0.049483 0.038734 0.050272 0.039336
9 33 93.793106 0.050531 0.039172 0.049771 0.038723
9 34 93.908043 0.048763 0.038229 0.050380 0.039586
9 35 94.022987 0.050953 0.039541 0.050146 0.039025
9 36 94.137932 0.050233 0.038682 0.051030 0.039418
9 37 94.252876 0.050874 0.039814 0.049635 0.038848
9 38 94.367813 0.050312 0.039133 0.051013 0.039381
9 39 94.482758 0.050112 0.039054 0.050645 0.039588
9 40 94.597702 0.051194 0.039370 0.050479 0.039228
9 41 94.712646 0.050321 0.039576 0.049602 0.039042
9 42 94.827583 0.050072 0.039122 0.049208 0.038482
9 43 94.942528 0.050227 0.039332 0.050099 0.039281
9 44 95.057472 0.050642 0.039414 0.049466 0.038789
9 45 95.172417 0.048455 0.038485 0.049608 0.039033
9 46 95.287354 0.049932 0.039299 0.050722 0.039559
9 47 95.402298 0.050591 0.039218 0.050706 0.039192
9 48 95.517242 0.048805 0.038275 0.050629 0.039504
9 49 95.632187 0.050529 0.039127 0.050603 0.039146
9 50 95.747124 0.050759 0.039690 0.050029 0.038851
9 51 95.862068 0.050297 0.039328 0.049398 0.038759
9 52 95.977013 0.049663 0.038791 0.049188 0.038633
9 53 96.091957 0.050977 0.038910 0.049592 0.038248
9 54 96.206894 0.050464 0.039047 0.051453 0.039742
9 55 96.321838 0.050300 0.039662 0.049929 0.039182
9 56 96.436783 0.049297 0.038663 0.049165 0.038553
9 57 96.551727 0.050289 0.038578 0.051322 0.039590
9 58 96.666664 0.049556 0.039087 0.049855 0.039238
9 59 96.781609 0.050134 0.039058 0.051313 0.039911
9 60 96.896553 0.051163 0.039274 0.051271 0.039500
9 61 97.011497 0.050071 0.038814 0.050183 0.039409
9 62 97.126434 0.049696 0.039202 0.050157 0.039111
9 63 97.241379 0.049304 0.038222 0.050771 0.039389
9 64 97.356323 0.051117 0.039384 0.050695 0.039050
9 65 97.471268 0.049758 0.038590 0.050259 0.039135
9 66 97.586205 0.050574 0.038960 0.049023 0.038350
9 67 97.701149 0.050913 0.039192 0.050785 0.039253
9 68 97.816093 0.050133 0.038926 0.049103 0.038735
9 69 97.931038 0.050208 0.039092 0.050092 0.038986
9 70 98.045975 0.049765 0.038789 0.050363 0.039159
9 71 98.160919 0.048860 0.038309 0.049538 0.038614
9 72 98.275864 0.050030 0.039168 0.048827 0.038390
9 73 98.390808 0.048776 0.038658 0.049363 0.038841
9 74 98.505745 0.048439 0.038538 0.049863 0.039093
9 75 98.620689 0.050920 0.039913 0.051186 0.039666
9 76 98.735634 0.049931 0.038998 0.050545 0.039416
9 77 98.850578 0.050628 0.039388 0.051871 0.039757
9 78 98.965515 0.049694 0.038919 0.049142 0.038425
9 79 99.080460 0.051859 0.040129 0.049738 0.038308
9 80 99.195404 0.050306 0.038759 0.049557 0.038469
9 81 99.310349 0.050278 0.039359 0.049237 0.038825
9 82 99.425285 0.051274 0.039674 0.050769 0.039228
9 83 99.540230 0.050083 0.038754 0.050841 0.039285
9 84 99.655174 0.050403 0.039062 0.049423 0.038996
9 85 99.770119 0.049831 0.039247 0.049575 0.039259
9 86 99.885056 0.049800 0.039168 0.050394 0.039300
