0 -0.294779 3 0.000150
1 -0.286586 2 0.000100
2 -0.278393 4 0.000200
3 -0.270200 5 0.000250
4 -0.262008 1 0.000050
5 -0.253815 1 0.000050
6 -0.245622 4 0.000200
7 -0.237429 0 0.000000
8 -0.229236 5 0.000250
9 -0.221044 5 0.000250
10 -0.212851 4 0.000200
11 -0.204658 6 0.000300
12 -0.196465 5 0.000250
13 -0.188272 20 0.001000
14 -0.180080 16 0.000800
15 -0.171887 30 0.001500
16 -0.163694 19 0.000950
17 -0.155501 25 0.001250
18 -0.147309 21 0.001050
19 -0.139116 22 0.001100
20 -0.130923 29 0.001450
21 -0.122730 37 0.001850
22 -0.114537 26 0.001300
23 -0.106345 50 0.002500
24 -0.098152 72 0.003600
25 -0.089959 116 0.005800
26 -0.081766 181 0.009050
27 -0.073573 192 0.009600
28 -0.065381 171 0.008550
29 -0.057188 238 0.011900
30 -0.048995 299 0.014950
31 -0.040802 441 0.022050
32 -0.032609 845 0.042250
33 -0.024417 1994 0.099700
34 -0.016224 6371 0.318550
35 -0.008031 5051 0.252550
36 0.000162 1449 0.072450
37 0.008354 650 0.032500
38 0.016547 416 0.020800
39 0.024740 211 0.010550
40 0.032933 205 0.010250
41 0.041126 110 0.005500
42 0.049318 119 0.005950
43 0.057511 95 0.004750
44 0.065704 93 0.004650
45 0.073897 56 0.002800
46 0.082090 31 0.001550
47 0.090282 42 0.002100
48 0.098475 36 0.001800
49 0.106668 14 0.000700
50 0.114861 18 0.000900
51 0.123054 6 0.000300
52 0.131246 9 0.000450
53 0.139439 11 0.000550
54 0.147632 6 0.000300
55 0.155825 4 0.000200
56 0.164017 7 0.000350
57 0.172210 16 0.000800
58 0.180403 7 0.000350
59 0.188596 12 0.000600
60 0.196789 1 0.000050
61 0.204981 3 0.000150
62 0.213174 0 0.000000
63 0.221367 3 0.000150
64 0.229560 0 0.000000
65 0.237753 0 0.000000
66 0.245945 0 0.000000
67 0.254138 1 0.000050
68 0.262331 1 0.000050
69 0.270524 1 0.000050
70 0.278717 3 0.000150
71 0.286909 0 0.000000
72 0.295102 1 0.000050
73 0.303295 11 0.000550
74 0.311488 6 0.000300
75 0.319681 2 0.000100
76 0.327873 0 0.000000
77 0.336066 0 0.000000
78 0.344259 0 0.000000
79 0.352452 0 0.000000
80 0.360645 0 0.000000
81 0.368837 0 0.000000
82 0.377030 0 0.000000
83 0.385223 1 0.000050
84 0.393416 3 0.000150
85 0.401608 0 0.000000
86 0.409801 0 0.000000
87 0.417994 0 0.000000
88 0.426187 0 0.000000
89 0.434380 0 0.000000
90 0.442572 5 0.000250
91 0.450765 5 0.000250
92 0.458958 1 0.000050
93 0.467151 8 0.000400
94 0.475344 2 0.000100
95 0.483536 1 0.000050
96 0.491729 3 0.000150
97 0.499922 1 0.000050
98 0.508115 2 0.000100
99 0.516308 1 0.000050
