0 -0.484282 1 0.000017
1 -0.474175 1 0.000017
2 -0.464068 0 0.000000
3 -0.453961 0 0.000000
4 -0.443854 1 0.000017
5 -0.433747 1 0.000017
6 -0.423640 0 0.000000
7 -0.413533 1 0.000017
8 -0.403426 0 0.000000
9 -0.393319 0 0.000000
10 -0.383212 2 0.000033
11 -0.373105 0 0.000000
12 -0.362998 0 0.000000
13 -0.352891 0 0.000000
14 -0.342784 1 0.000017
15 -0.332677 2 0.000033
16 -0.322571 0 0.000000
17 -0.312464 4 0.000067
18 -0.302357 3 0.000050
19 -0.292250 6 0.000100
20 -0.282143 15 0.000250
21 -0.272036 9 0.000150
22 -0.261929 1 0.000017
23 -0.251822 3 0.000050
24 -0.241715 5 0.000083
25 -0.231608 7 0.000117
26 -0.221501 16 0.000267
27 -0.211394 19 0.000317
28 -0.201287 34 0.000567
29 -0.191180 101 0.001683
30 -0.181073 111 0.001850
31 -0.170966 124 0.002067
32 -0.160859 202 0.003367
33 -0.150752 276 0.004600
34 -0.140645 392 0.006533
35 -0.130538 275 0.004583
36 -0.120431 252 0.004200
37 -0.110324 345 0.005750
38 -0.100217 466 0.007767
39 -0.090110 1107 0.018450
40 -0.080003 1151 0.019183
41 -0.069896 792 0.013200
42 -0.059789 958 0.015967
43 -0.049682 1534 0.025567
44 -0.039575 1994 0.033233
45 -0.029469 3734 0.062233
46 -0.019362 11423 0.190383
47 -0.009255 19518 0.325300
48 0.000852 4497 0.074950
49 0.010959 2518 0.041967
50 0.021066 1813 0.030217
51 0.031173 958 0.015967
52 0.041280 826 0.013767
53 0.051387 958 0.015967
54 0.061494 725 0.012083
55 0.071601 488 0.008133
56 0.081708 339 0.005650
57 0.091815 334 0.005567
58 0.101922 265 0.004417
59 0.112029 452 0.007533
60 0.122136 239 0.003983
61 0.132243 125 0.002083
62 0.142350 135 0.002250
63 0.152457 121 0.002017
64 0.162564 114 0.001900
65 0.172671 35 0.000583
66 0.182778 33 0.000550
67 0.192885 17 0.000283
68 0.202992 23 0.000383
69 0.213099 8 0.000133
70 0.223206 5 0.000083
71 0.233313 6 0.000100
72 0.243420 4 0.000067
73 0.253527 8 0.000133
74 0.263633 3 0.000050
75 0.273740 4 0.000067
76 0.283847 0 0.000000
77 0.293954 3 0.000050
78 0.304061 14 0.000233
79 0.314168 6 0.000100
80 0.324275 1 0.000017
81 0.334382 0 0.000000
82 0.344489 2 0.000033
83 0.354596 0 0.000000
84 0.364703 0 0.000000
85 0.374810 0 0.000000
86 0.384917 2 0.000033
87 0.395024 2 0.000033
88 0.405131 0 0.000000
89 0.415238 0 0.000000
90 0.425345 0 0.000000
91 0.435452 0 0.000000
92 0.445559 9 0.000150
93 0.455666 2 0.000033
94 0.465773 8 0.000133
95 0.475880 4 0.000067
96 0.485987 2 0.000033
97 0.496094 2 0.000033
98 0.506201 2 0.000033
99 0.516308 1 0.000017
