0 0.000000 49095 0.818250
1 0.002693 3595 0.059917
2 0.005385 2559 0.042650
3 0.008078 1050 0.017500
4 0.010771 768 0.012800
5 0.013463 696 0.011600
6 0.016156 498 0.008300
7 0.018849 466 0.007767
8 0.021541 316 0.005267
9 0.024234 231 0.003850
10 0.026927 192 0.003200
11 0.029619 110 0.001833
12 0.032312 103 0.001717
13 0.035005 61 0.001017
14 0.037697 37 0.000617
15 0.040390 32 0.000533
16 0.043083 15 0.000250
17 0.045775 21 0.000350
18 0.048468 7 0.000117
19 0.051161 6 0.000100
20 0.053853 7 0.000117
21 0.056546 6 0.000100
22 0.059239 4 0.000067
23 0.061931 2 0.000033
24 0.064624 5 0.000083
25 0.067317 7 0.000117
26 0.070009 4 0.000067
27 0.072702 9 0.000150
28 0.075395 8 0.000133
29 0.078087 7 0.000117
30 0.080780 4 0.000067
31 0.083472 2 0.000033
32 0.086165 3 0.000050
33 0.088858 2 0.000033
34 0.091550 7 0.000117
35 0.094243 9 0.000150
36 0.096936 3 0.000050
37 0.099628 5 0.000083
38 0.102321 3 0.000050
39 0.105014 1 0.000017
40 0.107706 0 0.000000
41 0.110399 0 0.000000
42 0.113092 1 0.000017
43 0.115784 0 0.000000
44 0.118477 0 0.000000
45 0.121170 2 0.000033
46 0.123862 0 0.000000
47 0.126555 0 0.000000
48 0.129248 0 0.000000
49 0.131940 0 0.000000
50 0.134633 0 0.000000
51 0.137326 0 0.000000
52 0.140018 1 0.000017
53 0.142711 1 0.000017
54 0.145404 0 0.000000
55 0.148096 0 0.000000
56 0.150789 1 0.000017
57 0.153482 1 0.000017
58 0.156174 2 0.000033
59 0.158867 0 0.000000
60 0.161560 0 0.000000
61 0.164252 1 0.000017
62 0.166945 0 0.000000
63 0.169638 0 0.000000
64 0.172330 0 0.000000
65 0.175023 0 0.000000
66 0.177716 0 0.000000
67 0.180408 1 0.000017
68 0.183101 0 0.000000
69 0.185794 0 0.000000
70 0.188486 0 0.000000
71 0.191179 1 0.000017
72 0.193872 0 0.000000
73 0.196564 0 0.000000
74 0.199257 3 0.000050
75 0.201950 4 0.000067
76 0.204642 1 0.000017
77 0.207335 2 0.000033
78 0.210028 0 0.000000
79 0.212720 1 0.000017
80 0.215413 0 0.000000
81 0.218106 4 0.000067
82 0.220798 4 0.000067
83 0.223491 1 0.000017
84 0.226184 0 0.000000
85 0.228876 1 0.000017
86 0.231569 2 0.000033
87 0.234262 2 0.000033
88 0.236954 0 0.000000
89 0.239647 0 0.000000
90 0.242340 1 0.000017
91 0.245032 2 0.000033
92 0.247725 0 0.000000
93 0.250418 0 0.000000
94 0.253110 1 0.000017
95 0.255803 0 0.000000
96 0.258495 0 0.000000
97 0.261188 0 0.000000
98 0.263881 2 0.000033
99 0.266573 1 0.000017
