0 -0.484282 1 0.000050
1 -0.474550 1 0.000050
2 -0.464818 0 0.000000
3 -0.455085 0 0.000000
4 -0.445353 1 0.000050
5 -0.435621 0 0.000000
6 -0.425889 1 0.000050
7 -0.416157 1 0.000050
8 -0.406424 0 0.000000
9 -0.396692 0 0.000000
10 -0.386960 1 0.000050
11 -0.377228 1 0.000050
12 -0.367496 0 0.000000
13 -0.357763 0 0.000000
14 -0.348031 1 0.000050
15 -0.338299 0 0.000000
16 -0.328567 2 0.000100
17 -0.318835 1 0.000050
18 -0.309102 4 0.000200
19 -0.299370 1 0.000050
20 -0.289638 5 0.000250
21 -0.279906 10 0.000500
22 -0.270174 2 0.000100
23 -0.260441 0 0.000000
24 -0.250709 0 0.000000
25 -0.240977 3 0.000150
26 -0.231245 0 0.000000
27 -0.221513 8 0.000400
28 -0.211781 7 0.000350
29 -0.202048 19 0.000950
30 -0.192316 57 0.002850
31 -0.182584 75 0.003750
32 -0.172852 74 0.003700
33 -0.163120 110 0.005500
34 -0.153387 198 0.009900
35 -0.143655 348 0.017400
36 -0.133923 223 0.011150
37 -0.124191 150 0.007500
38 -0.114459 221 0.011050
39 -0.104726 253 0.012650
40 -0.094994 461 0.023050
41 -0.085262 1040 0.052000
42 -0.075530 619 0.030950
43 -0.065798 372 0.018600
44 -0.056065 634 0.031700
45 -0.046333 908 0.045400
46 -0.036601 770 0.038500
47 -0.026869 995 0.049750
48 -0.017137 3517 0.175850
49 -0.007404 1400 0.070000
50 0.002328 927 0.046350
51 0.012060 1225 0.061250
52 0.021792 989 0.049450
53 0.031524 480 0.024000
54 0.041257 509 0.025450
55 0.050989 648 0.032400
56 0.060721 537 0.026850
57 0.070453 328 0.016400
58 0.080185 220 0.011000
59 0.089917 257 0.012850
60 0.099650 203 0.010150
61 0.109382 370 0.018500
62 0.119114 274 0.013700
63 0.128846 124 0.006200
64 0.138578 104 0.005200
65 0.148311 90 0.004500
66 0.158043 122 0.006100
67 0.167775 37 0.001850
68 0.177507 12 0.000600
69 0.187239 5 0.000250
70 0.196972 11 0.000550
71 0.206704 8 0.000400
72 0.216436 1 0.000050
73 0.226168 1 0.000050
74 0.235900 5 0.000250
75 0.245633 3 0.000150
76 0.255365 5 0.000250
77 0.265097 3 0.000150
78 0.274829 0 0.000000
79 0.284561 0 0.000000
80 0.294294 2 0.000100
81 0.304026 0 0.000000
82 0.313758 2 0.000100
83 0.323490 0 0.000000
84 0.333222 0 0.000000
85 0.342955 2 0.000100
86 0.352687 0 0.000000
87 0.362419 0 0.000000
88 0.372151 0 0.000000
89 0.381883 0 0.000000
90 0.391616 0 0.000000
91 0.401348 0 0.000000
92 0.411080 0 0.000000
93 0.420812 0 0.000000
94 0.430544 0 0.000000
95 0.440277 0 0.000000
96 0.450009 0 0.000000
97 0.459741 0 0.000000
98 0.469473 0 0.000000
99 0.479205 1 0.000050
