0 0.441366 15 0.000750
1 0.443051 0 0.000000
2 0.444736 2 0.000100
3 0.446420 9 0.000450
4 0.448105 2 0.000100
5 0.449790 6 0.000300
6 0.451475 0 0.000000
7 0.453160 2 0.000100
8 0.454845 8 0.000400
9 0.456529 8 0.000400
10 0.458214 32 0.001600
11 0.459899 32 0.001600
12 0.461584 5 0.000250
13 0.463269 17 0.000850
14 0.464953 12 0.000600
15 0.466638 11 0.000550
16 0.468323 27 0.001350
17 0.470008 17 0.000850
18 0.471693 10 0.000500
19 0.473377 0 0.000000
20 0.475062 4 0.000200
21 0.476747 89 0.004450
22 0.478432 80 0.004000
23 0.480117 81 0.004050
24 0.481802 50 0.002500
25 0.483486 79 0.003950
26 0.485171 113 0.005650
27 0.486856 27 0.001350
28 0.488541 60 0.003000
29 0.490226 153 0.007650
30 0.491910 100 0.005000
31 0.493595 197 0.009850
32 0.495280 346 0.017300
33 0.496965 307 0.015350
34 0.498650 271 0.013550
35 0.500335 365 0.018250
36 0.502019 415 0.020750
37 0.503704 649 0.032450
38 0.505389 950 0.047500
39 0.507074 1474 0.073700
40 0.508759 2544 0.127200
41 0.510443 3333 0.166650
42 0.512128 1618 0.080900
43 0.513813 1680 0.084000
44 0.515498 1108 0.055400
45 0.517183 535 0.026750
46 0.518867 450 0.022500
47 0.520552 650 0.032500
48 0.522237 213 0.010650
49 0.523922 240 0.012000
50 0.525607 375 0.018750
51 0.527292 194 0.009700
52 0.528976 129 0.006450
53 0.530661 90 0.004500
54 0.532346 113 0.005650
55 0.534031 146 0.007300
56 0.535716 138 0.006900
57 0.537400 34 0.001700
58 0.539085 51 0.002550
59 0.540770 40 0.002000
60 0.542455 29 0.001450
61 0.544140 74 0.003700
62 0.545825 14 0.000700
63 0.547509 14 0.000700
64 0.549194 27 0.001350
65 0.550879 0 0.000000
66 0.552564 13 0.000650
67 0.554249 16 0.000800
68 0.555933 7 0.000350
69 0.557618 7 0.000350
70 0.559303 5 0.000250
71 0.560988 17 0.000850
72 0.562673 11 0.000550
73 0.564358 3 0.000150
74 0.566042 6 0.000300
75 0.567727 11 0.000550
76 0.569412 0 0.000000
77 0.571097 0 0.000000
78 0.572782 15 0.000750
79 0.574466 0 0.000000
80 0.576151 1 0.000050
81 0.577836 6 0.000300
82 0.579521 0 0.000000
83 0.581206 0 0.000000
84 0.582891 3 0.000150
85 0.584575 9 0.000450
86 0.586260 0 0.000000
87 0.587945 0 0.000000
88 0.589630 0 0.000000
89 0.591315 0 0.000000
90 0.592999 0 0.000000
91 0.594684 0 0.000000
92 0.596369 0 0.000000
93 0.598054 3 0.000150
94 0.599739 0 0.000000
95 0.601423 0 0.000000
96 0.603108 0 0.000000
97 0.604793 0 0.000000
98 0.606478 2 0.000100
99 0.608163 1 0.000050
