0 0.009706 7 0.000350
1 0.019700 7 0.000350
2 0.029694 9 0.000450
3 0.039689 6 0.000300
4 0.049683 2 0.000100
5 0.059677 2 0.000100
6 0.069672 5 0.000250
7 0.079666 2 0.000100
8 0.089660 4 0.000200
9 0.099655 5 0.000250
10 0.109649 5 0.000250
11 0.119644 2 0.000100
12 0.129638 4 0.000200
13 0.139632 8 0.000400
14 0.149627 2 0.000100
15 0.159621 4 0.000200
16 0.169615 3 0.000150
17 0.179610 3 0.000150
18 0.189604 4 0.000200
19 0.199598 5 0.000250
20 0.209593 5 0.000250
21 0.219587 2 0.000100
22 0.229581 3 0.000150
23 0.239576 11 0.000550
24 0.249570 23 0.001150
25 0.259565 22 0.001100
26 0.269559 19 0.000950
27 0.279553 42 0.002100
28 0.289548 32 0.001600
29 0.299542 27 0.001350
30 0.309536 120 0.006000
31 0.319531 76 0.003800
32 0.329525 211 0.010550
33 0.339519 111 0.005550
34 0.349514 51 0.002550
35 0.359508 12 0.000600
36 0.369502 24 0.001200
37 0.379497 17 0.000850
38 0.389491 17 0.000850
39 0.399485 23 0.001150
40 0.409480 40 0.002000
41 0.419474 26 0.001300
42 0.429469 28 0.001400
43 0.439463 37 0.001850
44 0.449457 46 0.002300
45 0.459452 59 0.002950
46 0.469446 79 0.003950
47 0.479440 82 0.004100
48 0.489435 152 0.007600
49 0.499429 128 0.006400
50 0.509423 130 0.006500
51 0.519418 150 0.007500
52 0.529412 224 0.011200
53 0.539406 240 0.012000
54 0.549401 391 0.019550
55 0.559395 476 0.023800
56 0.569389 875 0.043750
57 0.579384 1919 0.095950
58 0.589378 2636 0.131800
59 0.599373 1759 0.087950
60 0.609367 1007 0.050350
61 0.619361 848 0.042400
62 0.629356 458 0.022900
63 0.639350 379 0.018950
64 0.649344 307 0.015350
65 0.659339 253 0.012650
66 0.669333 227 0.011350
67 0.679327 201 0.010050
68 0.689322 169 0.008450
69 0.699316 150 0.007500
70 0.709310 160 0.008000
71 0.719305 144 0.007200
72 0.729299 147 0.007350
73 0.739294 164 0.008200
74 0.749288 175 0.008750
75 0.759282 166 0.008300
76 0.769277 185 0.009250
77 0.779271 163 0.008150
78 0.789265 202 0.010100
79 0.799260 146 0.007300
80 0.809254 202 0.010100
81 0.819248 214 0.010700
82 0.829243 245 0.012250
83 0.839237 221 0.011050
84 0.849231 281 0.014050
85 0.859226 430 0.021500
86 0.869220 384 0.019200
87 0.879214 393 0.019650
88 0.889209 236 0.011800
89 0.899203 230 0.011500
90 0.909198 279 0.013950
91 0.919192 303 0.015150
92 0.929186 202 0.010100
93 0.939181 136 0.006800
94 0.949175 63 0.003150
95 0.959169 37 0.001850
96 0.969164 42 0.002100
97 0.979158 23 0.001150
98 0.989152 13 0.000650
99 0.999147 1 0.000050
