0 0.013721 1 0.000050
1 0.023474 4 0.000200
2 0.033227 4 0.000200
3 0.042979 7 0.000350
4 0.052732 3 0.000150
5 0.062484 8 0.000400
6 0.072237 10 0.000500
7 0.081989 11 0.000550
8 0.091742 7 0.000350
9 0.101494 10 0.000500
10 0.111247 6 0.000300
11 0.120999 11 0.000550
12 0.130752 8 0.000400
13 0.140505 10 0.000500
14 0.150257 21 0.001050
15 0.160010 11 0.000550
16 0.169762 16 0.000800
17 0.179515 23 0.001150
18 0.189267 13 0.000650
19 0.199020 15 0.000750
20 0.208772 41 0.002050
21 0.218525 36 0.001800
22 0.228277 24 0.001200
23 0.238030 34 0.001700
24 0.247783 29 0.001450
25 0.257535 32 0.001600
26 0.267288 40 0.002000
27 0.277040 55 0.002750
28 0.286793 61 0.003050
29 0.296545 59 0.002950
30 0.306298 52 0.002600
31 0.316050 90 0.004500
32 0.325803 97 0.004850
33 0.335555 95 0.004750
34 0.345308 69 0.003450
35 0.355061 91 0.004550
36 0.364813 146 0.007300
37 0.374566 127 0.006350
38 0.384318 162 0.008100
39 0.394071 203 0.010150
40 0.403823 235 0.011750
41 0.413576 254 0.012700
42 0.423328 294 0.014700
43 0.433081 361 0.018050
44 0.442833 406 0.020300
45 0.452586 589 0.029450
46 0.462339 727 0.036350
47 0.472091 1045 0.052250
48 0.481844 1823 0.091150
49 0.491596 3254 0.162700
50 0.501349 2653 0.132650
51 0.511101 1498 0.074900
52 0.520854 936 0.046800
53 0.530606 681 0.034050
54 0.540359 456 0.022800
55 0.550111 367 0.018350
56 0.559864 392 0.019600
57 0.569617 325 0.016250
58 0.579369 257 0.012850
59 0.589122 183 0.009150
60 0.598874 132 0.006600
61 0.608627 143 0.007150
62 0.618379 162 0.008100
63 0.628132 103 0.005150
64 0.637884 103 0.005150
65 0.647637 75 0.003750
66 0.657389 81 0.004050
67 0.667142 81 0.004050
68 0.676895 79 0.003950
69 0.686647 37 0.001850
70 0.696400 37 0.001850
71 0.706152 37 0.001850
72 0.715905 51 0.002550
73 0.725657 26 0.001300
74 0.735410 26 0.001300
75 0.745162 32 0.001600
76 0.754915 30 0.001500
77 0.764667 26 0.001300
78 0.774420 31 0.001550
79 0.784173 26 0.001300
80 0.793925 14 0.000700
81 0.803678 18 0.000900
82 0.813430 19 0.000950
83 0.823183 19 0.000950
84 0.832935 16 0.000800
85 0.842688 10 0.000500
86 0.852440 7 0.000350
87 0.862193 5 0.000250
88 0.871945 12 0.000600
89 0.881698 4 0.000200
90 0.891451 10 0.000500
91 0.901203 13 0.000650
92 0.910956 13 0.000650
93 0.920708 14 0.000700
94 0.930461 16 0.000800
95 0.940213 4 0.000200
96 0.949966 2 0.000100
97 0.959718 2 0.000100
98 0.969471 4 0.000200
99 0.979223 2 0.000100
