0 0.014233 1 0.000050
1 0.023560 0 0.000000
2 0.032887 0 0.000000
3 0.042214 0 0.000000
4 0.051541 0 0.000000
5 0.060867 0 0.000000
6 0.070194 4 0.000200
7 0.079521 0 0.000000
8 0.088848 0 0.000000
9 0.098174 6 0.000300
10 0.107501 0 0.000000
11 0.116828 5 0.000250
12 0.126155 12 0.000600
13 0.135482 0 0.000000
14 0.144808 3 0.000150
15 0.154135 28 0.001400
16 0.163462 40 0.002000
17 0.172789 4 0.000200
18 0.182115 7 0.000350
19 0.191442 25 0.001250
20 0.200769 0 0.000000
21 0.210096 6 0.000300
22 0.219422 107 0.005350
23 0.228749 18 0.000900
24 0.238076 21 0.001050
25 0.247403 10 0.000500
26 0.256730 26 0.001300
27 0.266056 24 0.001200
28 0.275383 33 0.001650
29 0.284710 89 0.004450
30 0.294037 62 0.003100
31 0.303363 78 0.003900
32 0.312690 137 0.006850
33 0.322017 48 0.002400
34 0.331344 152 0.007600
35 0.340671 105 0.005250
36 0.349997 15 0.000750
37 0.359324 93 0.004650
38 0.368651 141 0.007050
39 0.377978 141 0.007050
40 0.387304 185 0.009250
41 0.396631 179 0.008950
42 0.405958 192 0.009600
43 0.415285 161 0.008050
44 0.424612 144 0.007200
45 0.433938 413 0.020650
46 0.443265 365 0.018250
47 0.452592 583 0.029150
48 0.461919 385 0.019250
49 0.471245 715 0.035750
50 0.480572 1188 0.059400
51 0.489899 1916 0.095800
52 0.499226 3078 0.153900
53 0.508552 2437 0.121850
54 0.517879 1276 0.063800
55 0.527206 1196 0.059800
56 0.536533 592 0.029600
57 0.545860 441 0.022050
58 0.555186 319 0.015950
59 0.564513 381 0.019050
60 0.573840 287 0.014350
61 0.583167 208 0.010400
62 0.592493 151 0.007550
63 0.601820 148 0.007400
64 0.611147 188 0.009400
65 0.620474 61 0.003050
66 0.629801 84 0.004200
67 0.639127 94 0.004700
68 0.648454 36 0.001800
69 0.657781 169 0.008450
70 0.667108 260 0.013000
71 0.676434 191 0.009550
72 0.685761 14 0.000700
73 0.695088 36 0.001800
74 0.704415 1 0.000050
75 0.713742 74 0.003700
76 0.723068 57 0.002850
77 0.732395 0 0.000000
78 0.741722 49 0.002450
79 0.751049 27 0.001350
80 0.760375 23 0.001150
81 0.769702 0 0.000000
82 0.779029 59 0.002950
83 0.788356 46 0.002300
84 0.797683 2 0.000100
85 0.807009 6 0.000300
86 0.816336 3 0.000150
87 0.825663 25 0.001250
88 0.834990 54 0.002700
89 0.844316 0 0.000000
90 0.853643 23 0.001150
91 0.862970 0 0.000000
92 0.872297 0 0.000000
93 0.881624 0 0.000000
94 0.890950 17 0.000850
95 0.900277 5 0.000250
96 0.909604 0 0.000000
97 0.918931 0 0.000000
98 0.928257 15 0.000750
99 0.937584 0 0.000000
