0 0.014233 1 0.000017
1 0.024251 0 0.000000
2 0.034268 0 0.000000
3 0.044285 0 0.000000
4 0.054302 0 0.000000
5 0.064319 0 0.000000
6 0.074336 4 0.000067
7 0.084353 0 0.000000
8 0.094371 3 0.000050
9 0.104388 3 0.000050
10 0.114405 5 0.000083
11 0.124422 12 0.000200
12 0.134439 0 0.000000
13 0.144456 3 0.000050
14 0.154473 28 0.000467
15 0.164490 116 0.001933
16 0.174508 0 0.000000
17 0.184525 14 0.000233
18 0.194542 18 0.000300
19 0.204559 6 0.000100
20 0.214576 0 0.000000
21 0.224593 125 0.002083
22 0.234610 47 0.000783
23 0.244628 29 0.000483
24 0.254645 44 0.000733
25 0.264662 29 0.000483
26 0.274679 62 0.001033
27 0.284696 103 0.001717
28 0.294713 105 0.001750
29 0.304730 85 0.001417
30 0.314748 143 0.002383
31 0.324765 462 0.007700
32 0.334782 196 0.003267
33 0.344799 96 0.001600
34 0.354816 23 0.000383
35 0.364833 220 0.003667
36 0.374850 245 0.004083
37 0.384867 152 0.002533
38 0.394885 209 0.003483
39 0.404902 363 0.006050
40 0.414919 171 0.002850
41 0.424936 229 0.003817
42 0.434953 483 0.008050
43 0.444970 408 0.006800
44 0.454987 681 0.011350
45 0.465005 591 0.009850
46 0.475022 1526 0.025433
47 0.485039 1982 0.033033
48 0.495056 5732 0.095533
49 0.505073 14462 0.241033
50 0.515090 5095 0.084917
51 0.525107 2715 0.045250
52 0.535125 1274 0.021233
53 0.545142 950 0.015833
54 0.555159 643 0.010717
55 0.565176 666 0.011100
56 0.575193 1149 0.019150
57 0.585210 1763 0.029383
58 0.595227 2878 0.047967
59 0.605245 2105 0.035083
60 0.615262 1295 0.021583
61 0.625279 874 0.014567
62 0.635296 573 0.009550
63 0.645313 606 0.010100
64 0.655330 430 0.007167
65 0.665347 539 0.008983
66 0.675364 557 0.009283
67 0.685382 163 0.002717
68 0.695399 158 0.002633
69 0.705416 172 0.002867
70 0.715433 193 0.003217
71 0.725450 108 0.001800
72 0.735467 95 0.001583
73 0.745484 236 0.003933
74 0.755502 287 0.004783
75 0.765519 241 0.004017
76 0.775536 385 0.006417
77 0.785553 313 0.005217
78 0.795570 298 0.004967
79 0.805587 292 0.004867
80 0.815604 84 0.001400
81 0.825621 214 0.003567
82 0.835639 189 0.003150
83 0.845656 184 0.003067
84 0.855673 247 0.004117
85 0.865690 298 0.004967
86 0.875707 346 0.005767
87 0.885724 432 0.007200
88 0.895741 273 0.004550
89 0.905759 342 0.005700
90 0.915776 136 0.002267
91 0.925793 360 0.006000
92 0.935810 281 0.004683
93 0.945827 154 0.002567
94 0.955844 79 0.001317
95 0.965861 52 0.000867
96 0.975878 50 0.000833
97 0.985896 8 0.000133
98 0.995913 1 0.000017
99 1.005930 1 0.000017
