0 0.000000 1 0.000050
1 0.009959 1 0.000050
2 0.019918 0 0.000000
3 0.029877 0 0.000000
4 0.039836 0 0.000000
5 0.049795 0 0.000000
6 0.059755 0 0.000000
7 0.069714 0 0.000000
8 0.079673 0 0.000000
9 0.089632 1 0.000050
10 0.099591 1 0.000050
11 0.109550 0 0.000000
12 0.119509 2 0.000100
13 0.129468 1 0.000050
14 0.139427 0 0.000000
15 0.149386 0 0.000000
16 0.159346 0 0.000000
17 0.169305 0 0.000000
18 0.179264 0 0.000000
19 0.189223 1 0.000050
20 0.199182 6 0.000300
21 0.209141 6 0.000300
22 0.219100 9 0.000450
23 0.229059 4 0.000200
24 0.239018 0 0.000000
25 0.248977 0 0.000000
26 0.258937 0 0.000000
27 0.268896 1 0.000050
28 0.278855 0 0.000000
29 0.288814 5 0.000250
30 0.298773 10 0.000500
31 0.308732 44 0.002200
32 0.318691 75 0.003750
33 0.328650 80 0.004000
34 0.338609 58 0.002900
35 0.348568 104 0.005200
36 0.358528 174 0.008700
37 0.368487 385 0.019250
38 0.378446 208 0.010400
39 0.388405 216 0.010800
40 0.398364 235 0.011750
41 0.408323 356 0.017800
42 0.418282 694 0.034700
43 0.428241 1003 0.050150
44 0.438200 429 0.021450
45 0.448159 490 0.024500
46 0.458118 702 0.035100
47 0.468078 935 0.046750
48 0.478037 575 0.028750
49 0.487996 750 0.037500
50 0.497955 4559 0.227950
51 0.507914 850 0.042500
52 0.517873 847 0.042350
53 0.527832 1250 0.062500
54 0.537791 614 0.030700
55 0.547750 496 0.024800
56 0.557709 576 0.028800
57 0.567669 786 0.039300
58 0.577628 383 0.019150
59 0.587587 326 0.016300
60 0.597546 258 0.012900
61 0.607505 257 0.012850
62 0.617464 283 0.014150
63 0.627423 387 0.019350
64 0.637382 121 0.006050
65 0.647341 83 0.004150
66 0.657300 106 0.005300
67 0.667260 114 0.005700
68 0.677219 63 0.003150
69 0.687178 23 0.001150
70 0.697137 14 0.000700
71 0.707096 16 0.000800
72 0.717055 1 0.000050
73 0.727014 0 0.000000
74 0.736973 2 0.000100
75 0.746932 3 0.000150
76 0.756891 0 0.000000
77 0.766851 3 0.000150
78 0.776810 4 0.000200
79 0.786769 1 0.000050
80 0.796728 6 0.000300
81 0.806687 3 0.000150
82 0.816646 0 0.000000
83 0.826605 0 0.000000
84 0.836564 0 0.000000
85 0.846523 0 0.000000
86 0.856482 0 0.000000
87 0.866442 2 0.000100
88 0.876401 0 0.000000
89 0.886360 0 0.000000
90 0.896319 0 0.000000
91 0.906278 0 0.000000
92 0.916237 0 0.000000
93 0.926196 0 0.000000
94 0.936155 0 0.000000
95 0.946114 0 0.000000
96 0.956073 0 0.000000
97 0.966033 0 0.000000
98 0.975992 0 0.000000
99 0.985951 1 0.000050
