0 0.000000 2 0.000033
1 0.010092 8 0.000133
2 0.020185 10 0.000167
3 0.030277 15 0.000250
4 0.040370 10 0.000167
5 0.050462 7 0.000117
6 0.060554 8 0.000133
7 0.070647 15 0.000250
8 0.080739 14 0.000233
9 0.090832 14 0.000233
10 0.100924 16 0.000267
11 0.111016 10 0.000167
12 0.121109 15 0.000250
13 0.131201 15 0.000250
14 0.141293 16 0.000267
15 0.151386 26 0.000433
16 0.161478 17 0.000283
17 0.171571 19 0.000317
18 0.181663 27 0.000450
19 0.191755 18 0.000300
20 0.201848 47 0.000783
21 0.211940 45 0.000750
22 0.222033 39 0.000650
23 0.232125 32 0.000533
24 0.242217 54 0.000900
25 0.252310 54 0.000900
26 0.262402 66 0.001100
27 0.272495 65 0.001083
28 0.282587 99 0.001650
29 0.292679 92 0.001533
30 0.302772 133 0.002217
31 0.312864 254 0.004233
32 0.322957 324 0.005400
33 0.333049 348 0.005800
34 0.343141 229 0.003817
35 0.353234 271 0.004517
36 0.363326 385 0.006417
37 0.373418 487 0.008117
38 0.383511 429 0.007150
39 0.393603 428 0.007133
40 0.403696 582 0.009700
41 0.413788 739 0.012317
42 0.423880 1505 0.025083
43 0.433973 920 0.015333
44 0.444065 951 0.015850
45 0.454158 1258 0.020967
46 0.464250 1809 0.030150
47 0.474342 1982 0.033033
48 0.484435 3151 0.052517
49 0.494527 8034 0.133900
50 0.504620 3323 0.055383
51 0.514712 2214 0.036900
52 0.524804 2305 0.038417
53 0.534897 1563 0.026050
54 0.544989 1256 0.020933
55 0.555082 1388 0.023133
56 0.565174 1792 0.029867
57 0.575266 2224 0.037067
58 0.585359 3098 0.051633
59 0.595451 2698 0.044967
60 0.605543 1580 0.026333
61 0.615636 1310 0.021833
62 0.625728 1143 0.019050
63 0.635821 645 0.010750
64 0.645913 490 0.008167
65 0.656005 487 0.008117
66 0.666098 388 0.006467
67 0.676190 391 0.006517
68 0.686283 252 0.004200
69 0.696375 203 0.003383
70 0.706467 196 0.003267
71 0.716560 220 0.003667
72 0.726652 159 0.002650
73 0.736745 198 0.003300
74 0.746837 220 0.003667
75 0.756929 191 0.003183
76 0.767022 218 0.003633
77 0.777114 197 0.003283
78 0.787207 235 0.003917
79 0.797299 177 0.002950
80 0.807391 205 0.003417
81 0.817484 231 0.003850
82 0.827576 270 0.004500
83 0.837668 230 0.003833
84 0.847761 284 0.004733
85 0.857853 400 0.006667
86 0.867946 448 0.007467
87 0.878038 404 0.006733
88 0.888130 249 0.004150
89 0.898223 248 0.004133
90 0.908315 281 0.004683
91 0.918408 317 0.005283
92 0.928500 235 0.003917
93 0.938592 148 0.002467
94 0.948685 67 0.001117
95 0.958777 42 0.000700
96 0.968870 45 0.000750
97 0.978962 27 0.000450
98 0.989054 13 0.000217
99 0.999147 1 0.000017
