0 -0.198167 1 0.000050
1 -0.191682 0 0.000000
2 -0.185197 0 0.000000
3 -0.178711 0 0.000000
4 -0.172226 1 0.000050
5 -0.165741 1 0.000050
6 -0.159256 3 0.000150
7 -0.152771 1 0.000050
8 -0.146286 1 0.000050
9 -0.139801 8 0.000400
10 -0.133316 3 0.000150
11 -0.126830 6 0.000300
12 -0.120345 6 0.000300
13 -0.113860 4 0.000200
14 -0.107375 3 0.000150
15 -0.100890 11 0.000550
16 -0.094405 7 0.000350
17 -0.087920 12 0.000600
18 -0.081435 12 0.000600
19 -0.074950 22 0.001100
20 -0.068464 34 0.001700
21 -0.061979 50 0.002500
22 -0.055494 51 0.002550
23 -0.049009 80 0.004000
24 -0.042524 119 0.005950
25 -0.036039 124 0.006200
26 -0.029554 215 0.010750
27 -0.023069 526 0.026300
28 -0.016583 1326 0.066300
29 -0.010098 4441 0.222050
30 -0.003613 8697 0.434850
31 0.002872 2506 0.125300
32 0.009357 793 0.039650
33 0.015842 338 0.016900
34 0.022327 176 0.008800
35 0.028812 120 0.006000
36 0.035297 71 0.003550
37 0.041783 41 0.002050
38 0.048268 37 0.001850
39 0.054753 30 0.001500
40 0.061238 18 0.000900
41 0.067723 22 0.001100
42 0.074208 25 0.001250
43 0.080693 4 0.000200
44 0.087178 8 0.000400
45 0.093664 8 0.000400
46 0.100149 11 0.000550
47 0.106634 15 0.000750
48 0.113119 1 0.000050
49 0.119604 3 0.000150
50 0.126089 2 0.000100
51 0.132574 1 0.000050
52 0.139059 1 0.000050
53 0.145545 1 0.000050
54 0.152030 1 0.000050
55 0.158515 1 0.000050
56 0.165000 0 0.000000
57 0.171485 0 0.000000
58 0.177970 0 0.000000
59 0.184455 0 0.000000
60 0.190940 0 0.000000
61 0.197425 0 0.000000
62 0.203911 0 0.000000
63 0.210396 0 0.000000
64 0.216881 0 0.000000
65 0.223366 0 0.000000
66 0.229851 0 0.000000
67 0.236336 0 0.000000
68 0.242821 0 0.000000
69 0.249306 0 0.000000
70 0.255792 0 0.000000
71 0.262277 0 0.000000
72 0.268762 0 0.000000
73 0.275247 0 0.000000
74 0.281732 0 0.000000
75 0.288217 0 0.000000
76 0.294702 0 0.000000
77 0.301187 0 0.000000
78 0.307673 0 0.000000
79 0.314158 0 0.000000
80 0.320643 0 0.000000
81 0.327128 0 0.000000
82 0.333613 0 0.000000
83 0.340098 0 0.000000
84 0.346583 0 0.000000
85 0.353068 0 0.000000
86 0.359554 0 0.000000
87 0.366039 0 0.000000
88 0.372524 0 0.000000
89 0.379009 0 0.000000
90 0.385494 0 0.000000
91 0.391979 0 0.000000
92 0.398464 0 0.000000
93 0.404949 0 0.000000
94 0.411434 0 0.000000
95 0.417920 0 0.000000
96 0.424405 0 0.000000
97 0.430890 0 0.000000
98 0.437375 1 0.000050
99 0.443860 0 0.000000
