0 -0.363166 3 0.000050
1 -0.355014 2 0.000033
2 -0.346862 0 0.000000
3 -0.338710 0 0.000000
4 -0.330559 0 0.000000
5 -0.322407 3 0.000050
6 -0.314255 3 0.000050
7 -0.306103 7 0.000117
8 -0.297952 1 0.000017
9 -0.289800 3 0.000050
10 -0.281648 3 0.000050
11 -0.273496 1 0.000017
12 -0.265345 1 0.000017
13 -0.257193 1 0.000017
14 -0.249041 2 0.000033
15 -0.240889 2 0.000033
16 -0.232737 1 0.000017
17 -0.224586 3 0.000050
18 -0.216434 10 0.000167
19 -0.208282 26 0.000433
20 -0.200130 12 0.000200
21 -0.191979 51 0.000850
22 -0.183827 64 0.001067
23 -0.175675 71 0.001183
24 -0.167523 88 0.001467
25 -0.159371 110 0.001833
26 -0.151220 182 0.003033
27 -0.143068 191 0.003183
28 -0.134916 210 0.003500
29 -0.126764 180 0.003000
30 -0.118613 215 0.003583
31 -0.110461 225 0.003750
32 -0.102309 261 0.004350
33 -0.094157 474 0.007900
34 -0.086005 686 0.011433
35 -0.077854 610 0.010167
36 -0.069702 441 0.007350
37 -0.061550 533 0.008883
38 -0.053398 735 0.012250
39 -0.045247 873 0.014550
40 -0.037095 986 0.016433
41 -0.028943 1372 0.022867
42 -0.020791 2850 0.047500
43 -0.012639 10938 0.182300
44 -0.004488 23185 0.386417
45 0.003664 5307 0.088450
46 0.011816 2132 0.035533
47 0.019968 1297 0.021617
48 0.028119 820 0.013667
49 0.036271 607 0.010117
50 0.044423 653 0.010883
51 0.052575 598 0.009967
52 0.060727 478 0.007967
53 0.068878 388 0.006467
54 0.077030 303 0.005050
55 0.085182 283 0.004717
56 0.093334 185 0.003083
57 0.101485 179 0.002983
58 0.109637 272 0.004533
59 0.117789 269 0.004483
60 0.125941 110 0.001833
61 0.134093 99 0.001650
62 0.142244 88 0.001467
63 0.150396 102 0.001700
64 0.158548 68 0.001133
65 0.166700 42 0.000700
66 0.174851 47 0.000783
67 0.183003 18 0.000300
68 0.191155 8 0.000133
69 0.199307 3 0.000050
70 0.207459 9 0.000150
71 0.215610 3 0.000050
72 0.223762 2 0.000033
73 0.231914 2 0.000033
74 0.240066 2 0.000033
75 0.248217 2 0.000033
76 0.256369 1 0.000017
77 0.264521 0 0.000000
78 0.272673 1 0.000017
79 0.280825 3 0.000050
80 0.288976 2 0.000033
81 0.297128 0 0.000000
82 0.305280 1 0.000017
83 0.313432 0 0.000000
84 0.321583 0 0.000000
85 0.329735 0 0.000000
86 0.337887 0 0.000000
87 0.346039 0 0.000000
88 0.354190 0 0.000000
89 0.362342 0 0.000000
90 0.370494 0 0.000000
91 0.378646 0 0.000000
92 0.386798 0 0.000000
93 0.394949 0 0.000000
94 0.403101 0 0.000000
95 0.411253 0 0.000000
96 0.419405 0 0.000000
97 0.427556 0 0.000000
98 0.435708 0 0.000000
99 0.443860 1 0.000017
