0 -0.363166 3 0.000150
1 -0.356339 1 0.000050
2 -0.349511 1 0.000050
3 -0.342684 0 0.000000
4 -0.335857 0 0.000000
5 -0.329029 0 0.000000
6 -0.322202 3 0.000150
7 -0.315375 1 0.000050
8 -0.308548 6 0.000300
9 -0.301720 4 0.000200
10 -0.294893 0 0.000000
11 -0.288066 3 0.000150
12 -0.281239 3 0.000150
13 -0.274411 0 0.000000
14 -0.267584 2 0.000100
15 -0.260757 1 0.000050
16 -0.253929 0 0.000000
17 -0.247102 2 0.000100
18 -0.240275 2 0.000100
19 -0.233448 1 0.000050
20 -0.226620 1 0.000050
21 -0.219793 4 0.000200
22 -0.212966 13 0.000650
23 -0.206139 22 0.001100
24 -0.199311 9 0.000450
25 -0.192484 41 0.002050
26 -0.185657 46 0.002300
27 -0.178829 64 0.003200
28 -0.172002 56 0.002800
29 -0.165175 79 0.003950
30 -0.158348 90 0.004500
31 -0.151520 141 0.007050
32 -0.144693 162 0.008100
33 -0.137866 150 0.007500
34 -0.131039 186 0.009300
35 -0.124211 129 0.006450
36 -0.117384 172 0.008600
37 -0.110557 173 0.008650
38 -0.103729 198 0.009900
39 -0.096902 253 0.012650
40 -0.090075 499 0.024950
41 -0.083248 517 0.025850
42 -0.076420 450 0.022500
43 -0.069593 316 0.015800
44 -0.062766 309 0.015450
45 -0.055939 449 0.022450
46 -0.049111 532 0.026600
47 -0.042284 519 0.025950
48 -0.035457 567 0.028350
49 -0.028629 611 0.030550
50 -0.021802 796 0.039800
51 -0.014975 1871 0.093550
52 -0.008148 3079 0.153950
53 -0.001320 645 0.032250
54 0.005507 609 0.030450
55 0.012334 696 0.034800
56 0.019162 656 0.032800
57 0.025989 475 0.023750
58 0.032816 408 0.020400
59 0.039643 345 0.017250
60 0.046471 451 0.022550
61 0.053298 438 0.021900
62 0.060125 368 0.018400
63 0.066952 291 0.014550
64 0.073780 240 0.012000
65 0.080607 216 0.010800
66 0.087434 202 0.010100
67 0.094262 133 0.006650
68 0.101089 114 0.005700
69 0.107916 208 0.010400
70 0.114743 239 0.011950
71 0.121571 164 0.008200
72 0.128398 83 0.004150
73 0.135225 80 0.004000
74 0.142052 74 0.003700
75 0.148880 83 0.004150
76 0.155707 61 0.003050
77 0.162534 54 0.002700
78 0.169362 35 0.001750
79 0.176189 38 0.001900
80 0.183016 16 0.000800
81 0.189843 8 0.000400
82 0.196671 5 0.000250
83 0.203498 2 0.000100
84 0.210325 9 0.000450
85 0.217152 1 0.000050
86 0.223980 1 0.000050
87 0.230807 2 0.000100
88 0.237634 3 0.000150
89 0.244462 2 0.000100
90 0.251289 0 0.000000
91 0.258116 1 0.000050
92 0.264943 0 0.000000
93 0.271771 0 0.000000
94 0.278598 2 0.000100
95 0.285425 2 0.000100
96 0.292252 2 0.000100
97 0.299080 0 0.000000
98 0.305907 0 0.000000
99 0.312734 1 0.000050
