0 0.000000 50315 0.838583
1 0.001990 2801 0.046683
2 0.003980 1650 0.027500
3 0.005970 1407 0.023450
4 0.007960 698 0.011633
5 0.009950 497 0.008283
6 0.011940 511 0.008517
7 0.013930 445 0.007417
8 0.015920 304 0.005067
9 0.017910 246 0.004100
10 0.019900 265 0.004417
11 0.021890 188 0.003133
12 0.023880 141 0.002350
13 0.025870 110 0.001833
14 0.027860 88 0.001467
15 0.029850 74 0.001233
16 0.031840 71 0.001183
17 0.033830 48 0.000800
18 0.035820 26 0.000433
19 0.037810 10 0.000167
20 0.039800 19 0.000317
21 0.041790 13 0.000217
22 0.043780 14 0.000233
23 0.045770 7 0.000117
24 0.047760 2 0.000033
25 0.049750 0 0.000000
26 0.051740 3 0.000050
27 0.053730 2 0.000033
28 0.055720 2 0.000033
29 0.057711 3 0.000050
30 0.059701 1 0.000017
31 0.061691 2 0.000033
32 0.063681 0 0.000000
33 0.065671 1 0.000017
34 0.067661 0 0.000000
35 0.069651 3 0.000050
36 0.071641 0 0.000000
37 0.073631 0 0.000000
38 0.075621 0 0.000000
39 0.077611 5 0.000083
40 0.079601 4 0.000067
41 0.081591 1 0.000017
42 0.083581 1 0.000017
43 0.085571 2 0.000033
44 0.087561 2 0.000033
45 0.089551 1 0.000017
46 0.091541 4 0.000067
47 0.093531 3 0.000050
48 0.095521 0 0.000000
49 0.097511 1 0.000017
50 0.099501 2 0.000033
51 0.101491 1 0.000017
52 0.103481 0 0.000000
53 0.105471 0 0.000000
54 0.107461 0 0.000000
55 0.109451 0 0.000000
56 0.111441 0 0.000000
57 0.113431 0 0.000000
58 0.115421 0 0.000000
59 0.117411 0 0.000000
60 0.119401 0 0.000000
61 0.121391 1 0.000017
62 0.123381 0 0.000000
63 0.125371 1 0.000017
64 0.127361 1 0.000017
65 0.129351 0 0.000000
66 0.131341 2 0.000033
67 0.133331 0 0.000000
68 0.135321 0 0.000000
69 0.137311 0 0.000000
70 0.139301 0 0.000000
71 0.141291 0 0.000000
72 0.143281 0 0.000000
73 0.145271 0 0.000000
74 0.147261 0 0.000000
75 0.149251 0 0.000000
76 0.151241 0 0.000000
77 0.153231 0 0.000000
78 0.155221 0 0.000000
79 0.157211 0 0.000000
80 0.159201 0 0.000000
81 0.161191 0 0.000000
82 0.163181 0 0.000000
83 0.165171 0 0.000000
84 0.167161 0 0.000000
85 0.169151 0 0.000000
86 0.171142 0 0.000000
87 0.173132 0 0.000000
88 0.175122 0 0.000000
89 0.177112 0 0.000000
90 0.179102 0 0.000000
91 0.181092 0 0.000000
92 0.183082 0 0.000000
93 0.185072 0 0.000000
94 0.187062 0 0.000000
95 0.189052 0 0.000000
96 0.191042 0 0.000000
97 0.193032 0 0.000000
98 0.195022 0 0.000000
99 0.197012 1 0.000017
