0 -0.136753 1 0.000050
1 -0.134044 0 0.000000
2 -0.131335 0 0.000000
3 -0.128625 1 0.000050
4 -0.125916 1 0.000050
5 -0.123207 2 0.000100
6 -0.120498 1 0.000050
7 -0.117789 1 0.000050
8 -0.115079 2 0.000100
9 -0.112370 5 0.000250
10 -0.109661 3 0.000150
11 -0.106952 2 0.000100
12 -0.104243 5 0.000250
13 -0.101534 9 0.000450
14 -0.098824 8 0.000400
15 -0.096115 6 0.000300
16 -0.093406 2 0.000100
17 -0.090697 4 0.000200
18 -0.087988 12 0.000600
19 -0.085278 9 0.000450
20 -0.082569 14 0.000700
21 -0.079860 10 0.000500
22 -0.077151 10 0.000500
23 -0.074442 8 0.000400
24 -0.071733 9 0.000450
25 -0.069023 8 0.000400
26 -0.066314 10 0.000500
27 -0.063605 14 0.000700
28 -0.060896 15 0.000750
29 -0.058187 20 0.001000
30 -0.055478 15 0.000750
31 -0.052768 20 0.001000
32 -0.050059 23 0.001150
33 -0.047350 29 0.001450
34 -0.044641 33 0.001650
35 -0.041932 36 0.001800
36 -0.039222 41 0.002050
37 -0.036513 45 0.002250
38 -0.033804 50 0.002500
39 -0.031095 76 0.003800
40 -0.028386 86 0.004300
41 -0.025677 109 0.005450
42 -0.022967 138 0.006900
43 -0.020258 188 0.009400
44 -0.017549 285 0.014250
45 -0.014840 386 0.019300
46 -0.012131 598 0.029900
47 -0.009421 885 0.044250
48 -0.006712 1980 0.099000
49 -0.004003 4373 0.218650
50 -0.001294 4651 0.232550
51 0.001415 2312 0.115600
52 0.004124 999 0.049950
53 0.006834 633 0.031650
54 0.009543 373 0.018650
55 0.012252 271 0.013550
56 0.014961 206 0.010300
57 0.017670 163 0.008150
58 0.020380 112 0.005600
59 0.023089 85 0.004250
60 0.025798 78 0.003900
61 0.028507 66 0.003300
62 0.031216 50 0.002500
63 0.033925 49 0.002450
64 0.036635 45 0.002250
65 0.039344 31 0.001550
66 0.042053 29 0.001450
67 0.044762 25 0.001250
68 0.047471 31 0.001550
69 0.050181 23 0.001150
70 0.052890 11 0.000550
71 0.055599 19 0.000950
72 0.058308 17 0.000850
73 0.061017 13 0.000650
74 0.063726 11 0.000550
75 0.066436 11 0.000550
76 0.069145 10 0.000500
77 0.071854 7 0.000350
78 0.074563 14 0.000700
79 0.077272 4 0.000200
80 0.079981 4 0.000200
81 0.082691 11 0.000550
82 0.085400 8 0.000400
83 0.088109 8 0.000400
84 0.090818 4 0.000200
85 0.093527 3 0.000150
86 0.096237 5 0.000250
87 0.098946 4 0.000200
88 0.101655 1 0.000050
89 0.104364 1 0.000050
90 0.107073 5 0.000250
91 0.109782 1 0.000050
92 0.112492 2 0.000100
93 0.115201 1 0.000050
94 0.117910 1 0.000050
95 0.120619 0 0.000000
96 0.123328 1 0.000050
97 0.126038 1 0.000050
98 0.128747 1 0.000050
99 0.131456 1 0.000050
