0 0.416792 4 0.000200
1 0.418575 0 0.000000
2 0.420358 0 0.000000
3 0.422141 0 0.000000
4 0.423924 3 0.000150
5 0.425707 4 0.000200
6 0.427489 0 0.000000
7 0.429272 0 0.000000
8 0.431055 6 0.000300
9 0.432838 6 0.000300
10 0.434621 0 0.000000
11 0.436404 21 0.001050
12 0.438186 9 0.000450
13 0.439969 10 0.000500
14 0.441752 0 0.000000
15 0.443535 2 0.000100
16 0.445318 6 0.000300
17 0.447101 13 0.000650
18 0.448884 19 0.000950
19 0.450666 18 0.000900
20 0.452449 18 0.000900
21 0.454232 26 0.001300
22 0.456015 9 0.000450
23 0.457798 14 0.000700
24 0.459581 6 0.000300
25 0.461363 31 0.001550
26 0.463146 42 0.002100
27 0.464929 48 0.002400
28 0.466712 38 0.001900
29 0.468495 25 0.001250
30 0.470278 39 0.001950
31 0.472061 50 0.002500
32 0.473843 14 0.000700
33 0.475626 32 0.001600
34 0.477409 58 0.002900
35 0.479192 87 0.004350
36 0.480975 75 0.003750
37 0.482758 127 0.006350
38 0.484540 108 0.005400
39 0.486323 180 0.009000
40 0.488106 82 0.004100
41 0.489889 165 0.008250
42 0.491672 242 0.012100
43 0.493455 306 0.015300
44 0.495237 229 0.011450
45 0.497020 348 0.017400
46 0.498803 561 0.028050
47 0.500586 549 0.027450
48 0.502369 724 0.036200
49 0.504152 1184 0.059200
50 0.505934 1521 0.076050
51 0.507717 1939 0.096950
52 0.509500 2142 0.107100
53 0.511283 1757 0.087850
54 0.513066 1265 0.063250
55 0.514849 1179 0.058950
56 0.516632 774 0.038700
57 0.518414 520 0.026000
58 0.520197 485 0.024250
59 0.521980 332 0.016600
60 0.523763 410 0.020500
61 0.525546 370 0.018500
62 0.527329 243 0.012150
63 0.529111 206 0.010300
64 0.530894 215 0.010750
65 0.532677 134 0.006700
66 0.534460 110 0.005500
67 0.536243 135 0.006750
68 0.538026 103 0.005150
69 0.539809 40 0.002000
70 0.541591 75 0.003750
71 0.543374 23 0.001150
72 0.545157 82 0.004100
73 0.546940 23 0.001150
74 0.548723 80 0.004000
75 0.550506 45 0.002250
76 0.552288 22 0.001100
77 0.554071 16 0.000800
78 0.555854 24 0.001200
79 0.557637 22 0.001100
80 0.559420 15 0.000750
81 0.561203 20 0.001000
82 0.562985 3 0.000150
83 0.564768 30 0.001500
84 0.566551 24 0.001200
85 0.568334 16 0.000800
86 0.570117 18 0.000900
87 0.571900 0 0.000000
88 0.573683 14 0.000700
89 0.575465 7 0.000350
90 0.577248 1 0.000050
91 0.579031 0 0.000000
92 0.580814 12 0.000600
93 0.582597 0 0.000000
94 0.584380 0 0.000000
95 0.586162 0 0.000000
96 0.587945 4 0.000200
97 0.589728 0 0.000000
98 0.591511 2 0.000100
99 0.593294 4 0.000200
