0 0.063781 13 0.000650
1 0.073138 0 0.000000
2 0.082494 0 0.000000
3 0.091851 5 0.000250
4 0.101207 0 0.000000
5 0.110564 0 0.000000
6 0.119921 11 0.000550
7 0.129277 0 0.000000
8 0.138634 36 0.001800
9 0.147990 0 0.000000
10 0.157347 0 0.000000
11 0.166703 1 0.000050
12 0.176060 11 0.000550
13 0.185417 20 0.001000
14 0.194773 0 0.000000
15 0.204130 0 0.000000
16 0.213486 0 0.000000
17 0.222843 7 0.000350
18 0.232200 0 0.000000
19 0.241556 9 0.000450
20 0.250913 17 0.000850
21 0.260269 0 0.000000
22 0.269626 32 0.001600
23 0.278982 71 0.003550
24 0.288339 34 0.001700
25 0.297696 31 0.001550
26 0.307052 34 0.001700
27 0.316409 60 0.003000
28 0.325765 301 0.015050
29 0.335122 95 0.004750
30 0.344478 12 0.000600
31 0.353835 4 0.000200
32 0.363192 39 0.001950
33 0.372548 0 0.000000
34 0.381905 38 0.001900
35 0.391261 9 0.000450
36 0.400618 15 0.000750
37 0.409974 13 0.000650
38 0.419331 16 0.000800
39 0.428688 11 0.000550
40 0.438044 38 0.001900
41 0.447401 26 0.001300
42 0.456757 61 0.003050
43 0.466114 60 0.003000
44 0.475471 77 0.003850
45 0.484827 58 0.002900
46 0.494184 145 0.007250
47 0.503540 142 0.007100
48 0.512897 159 0.007950
49 0.522253 122 0.006100
50 0.531610 281 0.014050
51 0.540967 243 0.012150
52 0.550323 290 0.014500
53 0.559680 452 0.022600
54 0.569036 680 0.034000
55 0.578393 1311 0.065550
56 0.587749 2298 0.114900
57 0.597106 1960 0.098000
58 0.606463 1325 0.066250
59 0.615819 845 0.042250
60 0.625176 655 0.032750
61 0.634532 396 0.019800
62 0.643889 311 0.015550
63 0.653246 255 0.012750
64 0.662602 266 0.013300
65 0.671959 233 0.011650
66 0.681315 139 0.006950
67 0.690672 148 0.007400
68 0.700028 166 0.008300
69 0.709385 149 0.007450
70 0.718742 197 0.009850
71 0.728098 127 0.006350
72 0.737455 120 0.006000
73 0.746811 165 0.008250
74 0.756168 105 0.005250
75 0.765525 157 0.007850
76 0.774881 287 0.014350
77 0.784238 153 0.007650
78 0.793594 188 0.009400
79 0.802951 101 0.005050
80 0.812307 146 0.007300
81 0.821664 184 0.009200
82 0.831021 204 0.010200
83 0.840377 218 0.010900
84 0.849734 330 0.016500
85 0.859090 353 0.017650
86 0.868447 463 0.023150
87 0.877803 428 0.021400
88 0.887160 225 0.011250
89 0.896517 174 0.008700
90 0.905873 384 0.019200
91 0.915230 269 0.013450
92 0.924586 247 0.012350
93 0.933943 224 0.011200
94 0.943299 151 0.007550
95 0.952656 81 0.004050
96 0.962013 27 0.001350
97 0.971369 36 0.001800
98 0.980726 19 0.000950
99 0.990082 1 0.000050
