0 0.036592 4 0.000067
1 0.046223 5 0.000083
2 0.055855 4 0.000067
3 0.065486 11 0.000183
4 0.075117 11 0.000183
5 0.084748 5 0.000083
6 0.094379 5 0.000083
7 0.104011 14 0.000233
8 0.113642 0 0.000000
9 0.123273 29 0.000483
10 0.132904 49 0.000817
11 0.142535 66 0.001100
12 0.152167 43 0.000717
13 0.161798 20 0.000333
14 0.171429 16 0.000267
15 0.181060 23 0.000383
16 0.190692 44 0.000733
17 0.200323 2 0.000033
18 0.209954 22 0.000367
19 0.219585 34 0.000567
20 0.229216 12 0.000200
21 0.238848 55 0.000917
22 0.248479 44 0.000733
23 0.258110 75 0.001250
24 0.267741 83 0.001383
25 0.277372 94 0.001567
26 0.287004 82 0.001367
27 0.296635 127 0.002117
28 0.306266 84 0.001400
29 0.315897 70 0.001167
30 0.325529 420 0.007000
31 0.335160 210 0.003500
32 0.344791 139 0.002317
33 0.354422 94 0.001567
34 0.364053 153 0.002550
35 0.373685 82 0.001367
36 0.383316 211 0.003517
37 0.392947 220 0.003667
38 0.402578 252 0.004200
39 0.412210 240 0.004000
40 0.421841 262 0.004367
41 0.431472 400 0.006667
42 0.441103 497 0.008283
43 0.450734 704 0.011733
44 0.460366 864 0.014400
45 0.469997 1215 0.020250
46 0.479628 2220 0.037000
47 0.489259 3930 0.065500
48 0.498890 8769 0.146150
49 0.508522 9821 0.163683
50 0.518153 3474 0.057900
51 0.527784 1921 0.032017
52 0.537415 1128 0.018800
53 0.547046 917 0.015283
54 0.556678 840 0.014000
55 0.566309 1007 0.016783
56 0.575940 1523 0.025383
57 0.585571 2405 0.040083
58 0.595203 2403 0.040050
59 0.604834 1525 0.025417
60 0.614465 1095 0.018250
61 0.624096 833 0.013883
62 0.633727 561 0.009350
63 0.643359 442 0.007367
64 0.652990 349 0.005817
65 0.662621 378 0.006300
66 0.672252 356 0.005933
67 0.681884 154 0.002567
68 0.691515 215 0.003583
69 0.701146 190 0.003167
70 0.710777 227 0.003783
71 0.720408 203 0.003383
72 0.730040 206 0.003433
73 0.739671 204 0.003400
74 0.749302 199 0.003317
75 0.758933 147 0.002450
76 0.768564 229 0.003817
77 0.778196 226 0.003767
78 0.787827 229 0.003817
79 0.797458 155 0.002583
80 0.807089 141 0.002350
81 0.816720 204 0.003400
82 0.826352 216 0.003600
83 0.835983 244 0.004067
84 0.845614 312 0.005200
85 0.855245 390 0.006500
86 0.864877 448 0.007467
87 0.874508 427 0.007117
88 0.884139 341 0.005683
89 0.893770 203 0.003383
90 0.903401 333 0.005550
91 0.913033 302 0.005033
92 0.922664 242 0.004033
93 0.932295 256 0.004267
94 0.941926 190 0.003167
95 0.951558 85 0.001417
96 0.961189 30 0.000500
97 0.970820 39 0.000650
98 0.980451 19 0.000317
99 0.990082 1 0.000017
