0 0.016318 10 0.000167
1 0.026254 17 0.000283
2 0.036191 5 0.000083
3 0.046127 11 0.000183
4 0.056063 16 0.000267
5 0.065999 8 0.000133
6 0.075935 15 0.000250
7 0.085872 24 0.000400
8 0.095808 18 0.000300
9 0.105744 13 0.000217
10 0.115680 12 0.000200
11 0.125616 19 0.000317
12 0.135552 18 0.000300
13 0.145489 13 0.000217
14 0.155425 23 0.000383
15 0.165361 21 0.000350
16 0.175297 21 0.000350
17 0.185233 34 0.000567
18 0.195170 18 0.000300
19 0.205106 45 0.000750
20 0.215042 43 0.000717
21 0.224978 46 0.000767
22 0.234914 42 0.000700
23 0.244850 47 0.000783
24 0.254787 61 0.001017
25 0.264723 69 0.001150
26 0.274659 104 0.001733
27 0.284595 100 0.001667
28 0.294531 94 0.001567
29 0.304467 175 0.002917
30 0.314404 254 0.004233
31 0.324340 318 0.005300
32 0.334276 289 0.004817
33 0.344212 233 0.003883
34 0.354148 285 0.004750
35 0.364085 375 0.006250
36 0.374021 431 0.007183
37 0.383957 443 0.007383
38 0.393893 418 0.006967
39 0.403829 558 0.009300
40 0.413765 776 0.012933
41 0.423702 1383 0.023050
42 0.433638 908 0.015133
43 0.443574 848 0.014133
44 0.453510 1295 0.021583
45 0.463446 1710 0.028500
46 0.473383 1924 0.032067
47 0.483319 2941 0.049017
48 0.493255 7777 0.129617
49 0.503191 3860 0.064333
50 0.513127 2178 0.036300
51 0.523063 2078 0.034633
52 0.533000 1619 0.026983
53 0.542936 1225 0.020417
54 0.552872 1367 0.022783
55 0.562808 1579 0.026317
56 0.572744 2163 0.036050
57 0.582680 2633 0.043883
58 0.592617 2870 0.047833
59 0.602553 1679 0.027983
60 0.612489 1375 0.022917
61 0.622425 1374 0.022900
62 0.632361 740 0.012333
63 0.642298 473 0.007883
64 0.652234 464 0.007733
65 0.662170 462 0.007700
66 0.672106 425 0.007083
67 0.682042 301 0.005017
68 0.691978 245 0.004083
69 0.701915 242 0.004033
70 0.711851 223 0.003717
71 0.721787 183 0.003050
72 0.731723 191 0.003183
73 0.741659 201 0.003350
74 0.751595 178 0.002967
75 0.761532 203 0.003383
76 0.771468 223 0.003717
77 0.781404 194 0.003233
78 0.791340 209 0.003483
79 0.801276 176 0.002933
80 0.811213 198 0.003300
81 0.821149 297 0.004950
82 0.831085 225 0.003750
83 0.841021 253 0.004217
84 0.850957 322 0.005367
85 0.860893 452 0.007533
86 0.870830 419 0.006983
87 0.880766 386 0.006433
88 0.890702 272 0.004533
89 0.900638 260 0.004333
90 0.910574 306 0.005100
91 0.920511 345 0.005750
92 0.930447 261 0.004350
93 0.940383 174 0.002900
94 0.950319 61 0.001017
95 0.960255 55 0.000917
96 0.970191 46 0.000767
97 0.980128 19 0.000317
98 0.990064 7 0.000117
99 1.000000 1 0.000017
