0 0.018610 7 0.000350
1 0.028313 5 0.000250
2 0.038016 5 0.000250
3 0.047720 8 0.000400
4 0.057423 11 0.000550
5 0.067126 5 0.000250
6 0.076829 11 0.000550
7 0.086532 17 0.000850
8 0.096235 12 0.000600
9 0.105939 7 0.000350
10 0.115642 10 0.000500
11 0.125345 15 0.000750
12 0.135048 15 0.000750
13 0.144751 12 0.000600
14 0.154454 18 0.000900
15 0.164158 14 0.000700
16 0.173861 15 0.000750
17 0.183564 24 0.001200
18 0.193267 21 0.001050
19 0.202970 39 0.001950
20 0.212673 23 0.001150
21 0.222377 40 0.002000
22 0.232080 32 0.001600
23 0.241783 32 0.001600
24 0.251486 34 0.001700
25 0.261189 40 0.002000
26 0.270892 64 0.003200
27 0.280596 51 0.002550
28 0.290299 61 0.003050
29 0.300002 56 0.002800
30 0.309705 71 0.003550
31 0.319408 74 0.003700
32 0.329111 72 0.003600
33 0.338814 83 0.004150
34 0.348518 88 0.004400
35 0.358221 115 0.005750
36 0.367924 122 0.006100
37 0.377627 170 0.008500
38 0.387330 159 0.007950
39 0.397033 191 0.009550
40 0.406737 243 0.012150
41 0.416440 278 0.013900
42 0.426143 328 0.016400
43 0.435846 335 0.016750
44 0.445549 441 0.022050
45 0.455252 623 0.031150
46 0.464956 794 0.039700
47 0.474659 1162 0.058100
48 0.484362 2215 0.110750
49 0.494065 3152 0.157600
50 0.503768 2361 0.118050
51 0.513471 1252 0.062600
52 0.523175 776 0.038800
53 0.532878 587 0.029350
54 0.542581 431 0.021550
55 0.552284 364 0.018200
56 0.561987 364 0.018200
57 0.571690 318 0.015900
58 0.581394 251 0.012550
59 0.591097 187 0.009350
60 0.600800 165 0.008250
61 0.610503 165 0.008250
62 0.620206 131 0.006550
63 0.629909 113 0.005650
64 0.639613 115 0.005750
65 0.649316 99 0.004950
66 0.659019 82 0.004100
67 0.668722 95 0.004750
68 0.678425 90 0.004500
69 0.688128 51 0.002550
70 0.697832 47 0.002350
71 0.707535 42 0.002100
72 0.717238 56 0.002800
73 0.726941 33 0.001650
74 0.736644 24 0.001200
75 0.746347 36 0.001800
76 0.756051 28 0.001400
77 0.765754 30 0.001500
78 0.775457 28 0.001400
79 0.785160 34 0.001700
80 0.794863 17 0.000850
81 0.804566 18 0.000900
82 0.814270 20 0.001000
83 0.823973 18 0.000900
84 0.833676 8 0.000400
85 0.843379 18 0.000900
86 0.853082 12 0.000600
87 0.862785 8 0.000400
88 0.872488 9 0.000450
89 0.882192 14 0.000700
90 0.891895 7 0.000350
91 0.901598 18 0.000900
92 0.911301 11 0.000550
93 0.921004 15 0.000750
94 0.930707 12 0.000600
95 0.940411 6 0.000300
96 0.950114 0 0.000000
97 0.959817 6 0.000300
98 0.969520 7 0.000350
99 0.979223 1 0.000050
