0 0.016318 7 0.000350
1 0.026254 8 0.000400
2 0.036191 1 0.000050
3 0.046127 4 0.000200
4 0.056063 4 0.000200
5 0.065999 2 0.000100
6 0.075935 5 0.000250
7 0.085872 7 0.000350
8 0.095808 5 0.000250
9 0.105744 6 0.000300
10 0.115680 0 0.000000
11 0.125616 3 0.000150
12 0.135552 3 0.000150
13 0.145489 1 0.000050
14 0.155425 5 0.000250
15 0.165361 5 0.000250
16 0.175297 4 0.000200
17 0.185233 4 0.000200
18 0.195170 1 0.000050
19 0.205106 0 0.000000
20 0.215042 2 0.000100
21 0.224978 2 0.000100
22 0.234914 5 0.000250
23 0.244850 16 0.000800
24 0.254787 26 0.001300
25 0.264723 26 0.001300
26 0.274659 37 0.001850
27 0.284595 33 0.001650
28 0.294531 30 0.001500
29 0.304467 78 0.003900
30 0.314404 124 0.006200
31 0.324340 136 0.006800
32 0.334276 132 0.006600
33 0.344212 84 0.004200
34 0.354148 15 0.000750
35 0.364085 18 0.000900
36 0.374021 17 0.000850
37 0.383957 20 0.001000
38 0.393893 9 0.000450
39 0.403829 25 0.001250
40 0.413765 37 0.001850
41 0.423702 25 0.001250
42 0.433638 32 0.001600
43 0.443574 46 0.002300
44 0.453510 56 0.002800
45 0.463446 61 0.003050
46 0.473383 75 0.003750
47 0.483319 108 0.005400
48 0.493255 140 0.007000
49 0.503191 120 0.006000
50 0.513127 132 0.006600
51 0.523063 180 0.009000
52 0.533000 235 0.011750
53 0.542936 283 0.014150
54 0.552872 431 0.021550
55 0.562808 577 0.028850
56 0.572744 1222 0.061100
57 0.582680 2029 0.101450
58 0.592617 2443 0.122150
59 0.602553 1258 0.062900
60 0.612489 968 0.048400
61 0.622425 774 0.038700
62 0.632361 472 0.023600
63 0.642298 308 0.015400
64 0.652234 265 0.013250
65 0.662170 271 0.013550
66 0.672106 223 0.011150
67 0.682042 189 0.009450
68 0.691978 166 0.008300
69 0.701915 169 0.008450
70 0.711851 162 0.008100
71 0.721787 137 0.006850
72 0.731723 167 0.008350
73 0.741659 166 0.008300
74 0.751595 144 0.007200
75 0.761532 169 0.008450
76 0.771468 192 0.009600
77 0.781404 165 0.008250
78 0.791340 175 0.008750
79 0.801276 155 0.007750
80 0.811213 178 0.008900
81 0.821149 277 0.013850
82 0.831085 215 0.010750
83 0.841021 239 0.011950
84 0.850957 305 0.015250
85 0.860893 443 0.022150
86 0.870830 412 0.020600
87 0.880766 372 0.018600
88 0.890702 263 0.013150
89 0.900638 244 0.012200
90 0.910574 294 0.014700
91 0.920511 329 0.016450
92 0.930447 249 0.012450
93 0.940383 168 0.008400
94 0.950319 61 0.003050
95 0.960255 48 0.002400
96 0.970191 39 0.001950
97 0.980128 19 0.000950
98 0.990064 7 0.000350
99 1.000000 1 0.000050
