0 0.036592 4 0.000200
1 0.046048 5 0.000250
2 0.055503 0 0.000000
3 0.064959 2 0.000100
4 0.074414 11 0.000550
5 0.083870 5 0.000250
6 0.093326 0 0.000000
7 0.102781 0 0.000000
8 0.112237 14 0.000700
9 0.121692 3 0.000150
10 0.131148 59 0.002950
11 0.140603 35 0.001750
12 0.150059 43 0.002150
13 0.159515 3 0.000150
14 0.168970 17 0.000850
15 0.178426 27 0.001350
16 0.187881 24 0.001200
17 0.197337 2 0.000100
18 0.206792 13 0.000650
19 0.216248 30 0.001500
20 0.225704 12 0.000600
21 0.235159 44 0.002200
22 0.244615 19 0.000950
23 0.254070 47 0.002350
24 0.263526 85 0.004250
25 0.272981 49 0.002450
26 0.282437 17 0.000850
27 0.291892 61 0.003050
28 0.301348 80 0.004000
29 0.310804 26 0.001300
30 0.320259 16 0.000800
31 0.329715 159 0.007950
32 0.339170 126 0.006300
33 0.348626 94 0.004700
34 0.358081 97 0.004850
35 0.367537 94 0.004700
36 0.376993 105 0.005250
37 0.386448 206 0.010300
38 0.395904 200 0.010000
39 0.405359 250 0.012500
40 0.414815 183 0.009150
41 0.424270 265 0.013250
42 0.433726 373 0.018650
43 0.443182 399 0.019950
44 0.452637 579 0.028950
45 0.462093 679 0.033950
46 0.471548 961 0.048050
47 0.481004 1591 0.079550
48 0.490459 2579 0.128950
49 0.499915 3174 0.158700
50 0.509371 1438 0.071900
51 0.518826 946 0.047300
52 0.528282 760 0.038000
53 0.537737 487 0.024350
54 0.547193 412 0.020600
55 0.556648 341 0.017050
56 0.566104 315 0.015750
57 0.575560 345 0.017250
58 0.585015 253 0.012650
59 0.594471 166 0.008300
60 0.603926 179 0.008950
61 0.613382 116 0.005800
62 0.622837 152 0.007600
63 0.632293 112 0.005600
64 0.641749 147 0.007350
65 0.651204 66 0.003300
66 0.660660 126 0.006300
67 0.670115 111 0.005550
68 0.679571 27 0.001350
69 0.689026 13 0.000650
70 0.698482 59 0.002950
71 0.707938 75 0.003750
72 0.717393 19 0.000950
73 0.726849 22 0.001100
74 0.736304 86 0.004300
75 0.745760 55 0.002750
76 0.755215 18 0.000900
77 0.764671 8 0.000400
78 0.774127 15 0.000750
79 0.783582 35 0.001750
80 0.793038 23 0.001150
81 0.802493 9 0.000450
82 0.811949 7 0.000350
83 0.821404 51 0.002550
84 0.830860 11 0.000550
85 0.840316 25 0.001250
86 0.849771 12 0.000600
87 0.859227 0 0.000000
88 0.868682 12 0.000600
89 0.878138 27 0.001350
90 0.887593 13 0.000650
91 0.897049 4 0.000200
92 0.906505 4 0.000200
93 0.915960 6 0.000300
94 0.925416 13 0.000650
95 0.934871 2 0.000100
96 0.944327 0 0.000000
97 0.953782 7 0.000350
98 0.963238 1 0.000050
99 0.972693 2 0.000100
