0 0.131107 2 0.000100
1 0.137951 0 0.000000
2 0.144794 0 0.000000
3 0.151637 0 0.000000
4 0.158481 0 0.000000
5 0.165324 0 0.000000
6 0.172168 1 0.000050
7 0.179011 0 0.000000
8 0.185854 0 0.000000
9 0.192698 1 0.000050
10 0.199541 0 0.000000
11 0.206384 3 0.000150
12 0.213228 8 0.000400
13 0.220071 9 0.000450
14 0.226914 3 0.000150
15 0.233758 1 0.000050
16 0.240601 2 0.000100
17 0.247445 0 0.000000
18 0.254288 0 0.000000
19 0.261131 0 0.000000
20 0.267975 1 0.000050
21 0.274818 0 0.000000
22 0.281661 0 0.000000
23 0.288505 3 0.000150
24 0.295348 8 0.000400
25 0.302191 17 0.000850
26 0.309035 26 0.001300
27 0.315878 41 0.002050
28 0.322722 56 0.002800
29 0.329565 68 0.003400
30 0.336408 52 0.002600
31 0.343252 50 0.002500
32 0.350095 52 0.002600
33 0.356938 143 0.007150
34 0.363782 117 0.005850
35 0.370625 256 0.012800
36 0.377468 139 0.006950
37 0.384312 166 0.008300
38 0.391155 156 0.007800
39 0.397999 156 0.007800
40 0.404842 212 0.010600
41 0.411685 280 0.014000
42 0.418529 373 0.018650
43 0.425372 770 0.038500
44 0.432215 506 0.025300
45 0.439059 267 0.013350
46 0.445902 265 0.013250
47 0.452745 420 0.021000
48 0.459589 432 0.021600
49 0.466432 640 0.032000
50 0.473275 555 0.027750
51 0.480119 460 0.023000
52 0.486962 513 0.025650
53 0.493806 667 0.033350
54 0.500649 4444 0.222200
55 0.507492 568 0.028400
56 0.514336 550 0.027500
57 0.521179 590 0.029500
58 0.528022 887 0.044350
59 0.534866 459 0.022950
60 0.541709 378 0.018900
61 0.548552 324 0.016200
62 0.555396 413 0.020650
63 0.562239 373 0.018650
64 0.569082 620 0.031000
65 0.575926 297 0.014850
66 0.582769 264 0.013200
67 0.589613 213 0.010650
68 0.596456 144 0.007200
69 0.603299 165 0.008250
70 0.610143 183 0.009150
71 0.616986 149 0.007450
72 0.623829 355 0.017750
73 0.630673 191 0.009550
74 0.637516 69 0.003450
75 0.644359 30 0.001500
76 0.651203 56 0.002800
77 0.658046 92 0.004600
78 0.664890 59 0.002950
79 0.671733 87 0.004350
80 0.678576 31 0.001550
81 0.685420 25 0.001250
82 0.692263 18 0.000900
83 0.699106 22 0.001100
84 0.705950 21 0.001050
85 0.712793 8 0.000400
86 0.719636 0 0.000000
87 0.726480 0 0.000000
88 0.733323 0 0.000000
89 0.740167 1 0.000050
90 0.747010 0 0.000000
91 0.753853 2 0.000100
92 0.760697 0 0.000000
93 0.767540 2 0.000100
94 0.774383 1 0.000050
95 0.781227 1 0.000050
96 0.788070 1 0.000050
97 0.794913 5 0.000250
98 0.801757 4 0.000200
99 0.808600 1 0.000050
