0.000000 0 0 0.003363 0.000000 0.238919 0.003382 0.000000 0.182542
0.200000 0 1 0.002656 0.000000 0.244048 0.002712 0.000000 0.247205
0.400000 0 2 0.002715 0.000000 0.263965 0.002738 0.000000 0.253102
0.600000 0 3 0.002746 0.000000 0.253776 0.002759 0.000000 0.253776
0.800000 0 4 0.002679 0.000000 0.269120 0.002687 0.000000 0.268015
1.000000 1 0 0.002638 0.000000 0.273141 0.002659 0.000000 0.219783
1.200000 1 1 0.002487 0.000000 0.260183 0.002447 0.000000 0.251979
1.400000 1 2 0.002503 0.000000 0.283670 0.002436 0.000000 0.286176
1.600000 1 3 0.002488 0.000000 0.284823 0.002522 0.000000 0.285278
1.800000 1 4 0.002643 0.000000 0.257610 0.002691 0.000000 0.236256
2.000000 2 0 0.002493 0.000000 0.263048 0.002486 0.000000 0.262829
2.200000 2 1 0.002554 0.000000 0.261541 0.002546 0.000000 0.244029
2.400000 2 2 0.002501 0.000000 0.282803 0.002492 0.000000 0.273132
2.600000 2 3 0.002511 0.000000 0.273050 0.002537 0.000000 0.275508
2.800000 2 4 0.002414 0.000000 0.238009 0.002444 0.000000 0.233773
3.000000 3 0 0.002430 0.000000 0.264815 0.002404 0.000000 0.263061
3.200000 3 1 0.002460 0.000000 0.250410 0.002423 0.000000 0.250837
3.400000 3 2 0.002653 0.000000 0.252189 0.002617 0.000000 0.247013
3.600000 3 3 0.002406 0.000000 0.291764 0.002360 0.000000 0.287631
3.800000 3 4 0.002353 0.000000 0.293713 0.002393 0.000000 0.295333
4.000000 4 0 0.002352 0.000000 0.286225 0.002289 0.000000 0.282811
4.200000 4 1 0.002406 0.000000 0.245420 0.002306 0.000000 0.212769
4.400000 4 2 0.002353 0.000000 0.270306 0.002310 0.000000 0.266328
4.600000 4 3 0.002513 0.000000 0.247052 0.002528 0.000000 0.245993
4.800000 4 4 0.002403 0.000000 0.265016 0.002357 0.000000 0.258902
5.000000 5 0 0.002450 0.000000 0.262405 0.002443 0.000000 0.263499
5.200000 5 1 0.002429 0.000000 0.254884 0.002427 0.000000 0.225461
5.400000 5 2 0.002326 0.000000 0.295184 0.002248 0.000000 0.295648
5.600000 5 3 0.002440 0.000000 0.261638 0.002486 0.000000 0.263168
5.800000 5 4 0.002413 0.000000 0.254255 0.002435 0.000000 0.256194
6.000000 6 0 0.002464 0.000000 0.261111 0.002438 0.000000 0.260458
6.200000 6 1 0.002418 0.000000 0.255851 0.002434 0.000000 0.257797
6.400000 6 2 0.002472 0.000000 0.241903 0.002416 0.000000 0.241634
6.600000 6 3 0.002335 0.000000 0.229460 0.002340 0.000000 0.228235
6.800000 6 4 0.002476 0.000000 0.249876 0.002499 0.000000 0.248811
7.000000 7 0 0.002522 0.000000 0.257654 0.002477 0.000000 0.255493
7.200000 7 1 0.002454 0.000000 0.272607 0.002468 0.000000 0.273498
7.400000 7 2 0.002588 0.000000 0.263874 0.002546 0.000000 0.263570
7.600000 7 3 0.002381 0.000000 0.293801 0.002369 0.000000 0.285991
7.800000 7 4 0.002340 0.000000 0.294395 0.002348 0.000000 0.296018
8.000000 8 0 0.002403 0.000000 0.250766 0.002426 0.000000 0.249699
8.200000 8 1 0.002340 0.000000 0.249129 0.002319 0.000000 0.247428
8.400000 8 2 0.002358 0.000000 0.257850 0.002308 0.000000 0.257850
8.600000 8 3 0.002415 0.000000 0.260287 0.002390 0.000000 0.262250
8.800000 8 4 0.002341 0.000000 0.273306 0.002347 0.000000 0.273752
9.000000 9 0 0.002392 0.000000 0.266356 0.002359 0.000000 0.255030
9.200000 9 1 0.002349 0.000000 0.277791 0.002328 0.000000 0.280270
9.400000 9 2 0.002326 0.000000 0.268678 0.002331 0.000000 0.271116
9.600000 9 3 0.002352 0.000000 0.271545 0.002346 0.000000 0.269326
9.800000 9 4 0.002522 0.000000 0.278133 0.002462 0.000000 0.280613
