initializing
training size    : 359556
testing size     : 20000
epoch count      : 10
sub epoch size   : 5

epoch_learning_rate_decay   : 8
learning_rate_decay         : 0.250000

training



epoch [0 0] from [10 5]
training time per iterations 2.562849[ms]
testing on 20000 items
testing done
average error 0.002576
min error     0.000000
max error     0.255664
saving best net
best net saved to networks/disc16x16x3_window_size_4/net_7_depth/trained/, with error 0.002576



epoch [0 1] from [10 5]
training time per iterations 2.567535[ms]
testing on 20000 items
testing done
average error 0.002204
min error     0.000000
max error     0.242660
saving best net
best net saved to networks/disc16x16x3_window_size_4/net_7_depth/trained/, with error 0.002204



epoch [0 2] from [10 5]
training time per iterations 2.559734[ms]
testing on 20000 items
testing done
average error 0.002072
min error     0.000000
max error     0.259773
saving best net
best net saved to networks/disc16x16x3_window_size_4/net_7_depth/trained/, with error 0.002072



epoch [0 3] from [10 5]
training time per iterations 2.561333[ms]
testing on 20000 items
testing done
average error 0.001956
min error     0.000000
max error     0.260332
saving best net
best net saved to networks/disc16x16x3_window_size_4/net_7_depth/trained/, with error 0.001956



epoch [0 4] from [10 5]
training time per iterations 2.562264[ms]
testing on 20000 items
testing done
average error 0.001969
min error     0.000000
max error     0.257136



epoch [1 0] from [10 5]
training time per iterations 2.566770[ms]
testing on 20000 items
testing done
average error 0.001877
min error     0.000000
max error     0.262767
saving best net
best net saved to networks/disc16x16x3_window_size_4/net_7_depth/trained/, with error 0.001877



epoch [1 1] from [10 5]
training time per iterations 2.566492[ms]
testing on 20000 items
testing done
average error 0.002016
min error     0.000000
max error     0.270127



epoch [1 2] from [10 5]
training time per iterations 2.566075[ms]
testing on 20000 items
testing done
average error 0.001804
min error     0.000000
max error     0.271128
saving best net
best net saved to networks/disc16x16x3_window_size_4/net_7_depth/trained/, with error 0.001804



epoch [1 3] from [10 5]
training time per iterations 2.560484[ms]
testing on 20000 items
testing done
average error 0.001956
min error     0.000000
max error     0.255958



epoch [1 4] from [10 5]
training time per iterations 2.566283[ms]
testing on 20000 items
testing done
average error 0.001773
min error     0.000000
max error     0.253478
saving best net
best net saved to networks/disc16x16x3_window_size_4/net_7_depth/trained/, with error 0.001773



epoch [2 0] from [10 5]
training time per iterations 2.555868[ms]
testing on 20000 items
testing done
average error 0.001790
min error     0.000000
max error     0.255804



epoch [2 1] from [10 5]
training time per iterations 2.564253[ms]
testing on 20000 items
testing done
average error 0.001979
min error     0.000000
max error     0.262365



epoch [2 2] from [10 5]
training time per iterations 2.560429[ms]
testing on 20000 items
testing done
average error 0.001784
min error     0.000000
max error     0.245062



epoch [2 3] from [10 5]
training time per iterations 2.569134[ms]
testing on 20000 items
testing done
average error 0.001815
min error     0.000000
max error     0.257733



epoch [2 4] from [10 5]
training time per iterations 2.566561[ms]
testing on 20000 items
testing done
average error 0.001796
min error     0.000000
max error     0.248095



epoch [3 0] from [10 5]
training time per iterations 2.561277[ms]
testing on 20000 items
testing done
average error 0.001728
min error     0.000000
max error     0.252624
saving best net
best net saved to networks/disc16x16x3_window_size_4/net_7_depth/trained/, with error 0.001728



epoch [3 1] from [10 5]
training time per iterations 2.563294[ms]
testing on 20000 items
testing done
average error 0.001656
min error     0.000000
max error     0.250186
saving best net
best net saved to networks/disc16x16x3_window_size_4/net_7_depth/trained/, with error 0.001656



epoch [3 2] from [10 5]
training time per iterations 2.565560[ms]
testing on 20000 items
testing done
average error 0.001770
min error     0.000000
max error     0.248651



epoch [3 3] from [10 5]
training time per iterations 2.566228[ms]
testing on 20000 items
testing done
average error 0.001722
min error     0.000000
max error     0.241626



epoch [3 4] from [10 5]
training time per iterations 2.561082[ms]
testing on 20000 items
testing done
average error 0.001799
min error     0.000000
max error     0.240994



epoch [4 0] from [10 5]
training time per iterations 2.567980[ms]
testing on 20000 items
testing done
average error 0.001704
min error     0.000000
max error     0.231489



epoch [4 1] from [10 5]
training time per iterations 2.565950[ms]
testing on 20000 items
testing done
average error 0.001904
min error     0.000000
max error     0.249142



epoch [4 2] from [10 5]
training time per iterations 2.561778[ms]
testing on 20000 items
testing done
average error 0.001693
min error     0.000000
max error     0.253106



epoch [4 3] from [10 5]
training time per iterations 2.567855[ms]
testing on 20000 items
testing done
average error 0.001728
min error     0.000000
max error     0.233216



epoch [4 4] from [10 5]
training time per iterations 2.559428[ms]
testing on 20000 items
testing done
average error 0.001648
min error     0.000000
max error     0.238360
saving best net
best net saved to networks/disc16x16x3_window_size_4/net_7_depth/trained/, with error 0.001648



epoch [5 0] from [10 5]
training time per iterations 2.563001[ms]
testing on 20000 items
testing done
average error 0.001750
min error     0.000000
max error     0.245814



epoch [5 1] from [10 5]
training time per iterations 2.572958[ms]
testing on 20000 items
testing done
average error 0.001703
min error     0.000000
max error     0.224318



epoch [5 2] from [10 5]
training time per iterations 2.566103[ms]
testing on 20000 items
testing done
average error 0.001673
min error     0.000000
max error     0.217081



epoch [5 3] from [10 5]
training time per iterations 2.564239[ms]
testing on 20000 items
testing done
average error 0.001664
min error     0.000000
max error     0.233608



epoch [5 4] from [10 5]
training time per iterations 2.561319[ms]
testing on 20000 items
testing done
average error 0.001664
min error     0.000000
max error     0.252147



epoch [6 0] from [10 5]
training time per iterations 2.567549[ms]
testing on 20000 items
testing done
average error 0.001604
min error     0.000000
max error     0.233091
saving best net
best net saved to networks/disc16x16x3_window_size_4/net_7_depth/trained/, with error 0.001604



epoch [6 1] from [10 5]
training time per iterations 2.567549[ms]
testing on 20000 items
testing done
average error 0.001667
min error     0.000000
max error     0.206908



epoch [6 2] from [10 5]
training time per iterations 2.564656[ms]
testing on 20000 items
testing done
average error 0.001621
min error     0.000000
max error     0.244706



epoch [6 3] from [10 5]
training time per iterations 2.566881[ms]
testing on 20000 items
testing done
average error 0.001873
min error     0.000000
max error     0.233739



epoch [6 4] from [10 5]
training time per iterations 2.569162[ms]
testing on 20000 items
testing done
average error 0.001732
min error     0.000000
max error     0.218933



epoch [7 0] from [10 5]
training time per iterations 2.561986[ms]
testing on 20000 items
testing done
average error 0.001636
min error     0.000000
max error     0.238185



epoch [7 1] from [10 5]
training time per iterations 2.567285[ms]
testing on 20000 items
testing done
average error 0.001678
min error     0.000000
max error     0.219688



epoch [7 2] from [10 5]
training time per iterations 2.562139[ms]
testing on 20000 items
testing done
average error 0.001808
min error     0.000000
max error     0.234014



epoch [7 3] from [10 5]
training time per iterations 2.566951[ms]
testing on 20000 items
testing done
average error 0.001711
min error     0.000000
max error     0.225668



epoch [7 4] from [10 5]
training time per iterations 2.566311[ms]
testing on 20000 items
testing done
average error 0.001651
min error     0.000000
max error     0.246635
setting learning rate to 0.000050



epoch [8 0] from [10 5]
training time per iterations 2.566214[ms]
testing on 20000 items
testing done
average error 0.001703
min error     0.000000
max error     0.235308



epoch [8 1] from [10 5]
training time per iterations 2.564754[ms]
testing on 20000 items
testing done
average error 0.001692
min error     0.000000
max error     0.216044



epoch [8 2] from [10 5]
training time per iterations 2.565352[ms]
testing on 20000 items
testing done
average error 0.001668
min error     0.000000
max error     0.221076



epoch [8 3] from [10 5]
training time per iterations 2.564406[ms]
testing on 20000 items
testing done
average error 0.001627
min error     0.000000
max error     0.220463



epoch [8 4] from [10 5]
training time per iterations 2.565171[ms]
testing on 20000 items
testing done
average error 0.001652
min error     0.000000
max error     0.218990



epoch [9 0] from [10 5]
training time per iterations 2.564003[ms]
testing on 20000 items
testing done
average error 0.001803
min error     0.000000
max error     0.233613



epoch [9 1] from [10 5]
training time per iterations 2.564990[ms]
testing on 20000 items
testing done
average error 0.001668
min error     0.000000
max error     0.215402



epoch [9 2] from [10 5]
training time per iterations 2.573292[ms]
testing on 20000 items
testing done
average error 0.001663
min error     0.000000
max error     0.221202



epoch [9 3] from [10 5]
training time per iterations 2.564281[ms]
testing on 20000 items
testing done
average error 0.001641
min error     0.000000
max error     0.234241



epoch [9 4] from [10 5]
training time per iterations 2.564364[ms]
testing on 20000 items
testing done
average error 0.001686
min error     0.000000
max error     0.232744
training done
