0.000000 0 0 0.002576 0.000000 0.255664 0.002559 0.000000 0.175324
0.200000 0 1 0.002204 0.000000 0.242660 0.002221 0.000000 0.241220
0.400000 0 2 0.002072 0.000000 0.259773 0.002073 0.000000 0.201816
0.600000 0 3 0.001956 0.000000 0.260332 0.001935 0.000000 0.240553
0.800000 0 4 0.001969 0.000000 0.257136 0.001937 0.000000 0.238491
1.000000 1 0 0.001877 0.000000 0.262767 0.001884 0.000000 0.247129
1.200000 1 1 0.002016 0.000000 0.270127 0.002012 0.000000 0.163961
1.400000 1 2 0.001804 0.000000 0.271128 0.001787 0.000000 0.203462
1.600000 1 3 0.001956 0.000000 0.255958 0.001975 0.000000 0.164756
1.800000 1 4 0.001773 0.000000 0.253478 0.001798 0.000000 0.161686
2.000000 2 0 0.001790 0.000000 0.255804 0.001796 0.000000 0.255803
2.200000 2 1 0.001979 0.000000 0.262365 0.001987 0.000000 0.262365
2.400000 2 2 0.001784 0.000000 0.245062 0.001764 0.000000 0.244023
2.600000 2 3 0.001815 0.000000 0.257733 0.001809 0.000000 0.198694
2.800000 2 4 0.001796 0.000000 0.248095 0.001781 0.000000 0.239695
3.000000 3 0 0.001728 0.000000 0.252624 0.001690 0.000000 0.196337
3.200000 3 1 0.001656 0.000000 0.250186 0.001656 0.000000 0.222297
3.400000 3 2 0.001770 0.000000 0.248651 0.001753 0.000000 0.144269
3.600000 3 3 0.001722 0.000000 0.241626 0.001700 0.000000 0.157235
3.800000 3 4 0.001799 0.000000 0.240994 0.001751 0.000000 0.230945
4.000000 4 0 0.001704 0.000000 0.231489 0.001672 0.000000 0.192144
4.200000 4 1 0.001904 0.000000 0.249142 0.001901 0.000000 0.249142
4.400000 4 2 0.001693 0.000000 0.253106 0.001669 0.000000 0.243269
4.600000 4 3 0.001728 0.000000 0.233216 0.001751 0.000000 0.151662
4.800000 4 4 0.001648 0.000000 0.238360 0.001643 0.000000 0.150413
5.000000 5 0 0.001750 0.000000 0.245814 0.001752 0.000000 0.165821
5.200000 5 1 0.001703 0.000000 0.224318 0.001695 0.000000 0.187204
5.400000 5 2 0.001673 0.000000 0.217081 0.001702 0.000000 0.249895
5.600000 5 3 0.001664 0.000000 0.233608 0.001650 0.000000 0.187483
5.800000 5 4 0.001664 0.000000 0.252147 0.001650 0.000000 0.234524
6.000000 6 0 0.001604 0.000000 0.233091 0.001604 0.000000 0.145102
6.200000 6 1 0.001667 0.000000 0.206908 0.001642 0.000000 0.165556
6.400000 6 2 0.001621 0.000000 0.244706 0.001585 0.000000 0.151910
6.600000 6 3 0.001873 0.000000 0.233739 0.001877 0.000000 0.261079
6.800000 6 4 0.001732 0.000000 0.218933 0.001737 0.000000 0.160693
7.000000 7 0 0.001636 0.000000 0.238185 0.001632 0.000000 0.238185
7.200000 7 1 0.001678 0.000000 0.219688 0.001667 0.000000 0.262431
7.400000 7 2 0.001808 0.000000 0.234014 0.001799 0.000000 0.221297
7.600000 7 3 0.001711 0.000000 0.225668 0.001693 0.000000 0.149188
7.800000 7 4 0.001651 0.000000 0.246635 0.001652 0.000000 0.205978
8.000000 8 0 0.001703 0.000000 0.235308 0.001710 0.000000 0.238071
8.200000 8 1 0.001692 0.000000 0.216044 0.001677 0.000000 0.181356
8.400000 8 2 0.001668 0.000000 0.221076 0.001685 0.000000 0.160890
8.600000 8 3 0.001627 0.000000 0.220463 0.001630 0.000000 0.219915
8.800000 8 4 0.001652 0.000000 0.218990 0.001620 0.000000 0.198429
9.000000 9 0 0.001803 0.000000 0.233613 0.001812 0.000000 0.205436
9.200000 9 1 0.001668 0.000000 0.215402 0.001651 0.000000 0.205306
9.400000 9 2 0.001663 0.000000 0.221202 0.001665 0.000000 0.181095
9.600000 9 3 0.001641 0.000000 0.234241 0.001653 0.000000 0.234241
9.800000 9 4 0.001686 0.000000 0.232744 0.001663 0.000000 0.206053
