0 0 0.000000 0.969649 0.125624 0.971235 0.126237
0 1 0.114943 0.972149 0.125390 0.968788 0.125823
0 2 0.229885 0.969550 0.126044 0.970832 0.126486
0 3 0.344828 0.970514 0.127083 0.970854 0.127350
0 4 0.459770 0.974690 0.126669 0.972148 0.125983
0 5 0.574713 0.969758 0.126416 0.969900 0.126190
0 6 0.689655 0.972799 0.126308 0.972946 0.126485
0 7 0.804598 0.971320 0.126691 0.970464 0.126771
0 8 0.919540 0.970179 0.129069 0.968630 0.126094
0 9 1.034483 0.972381 0.127549 0.973155 0.127466
0 10 1.149425 0.970810 0.127098 0.973169 0.126692
0 11 1.264368 0.972508 0.127921 0.971419 0.125750
0 12 1.379310 0.970186 0.128204 0.973637 0.126894
0 13 1.494253 0.970748 0.126826 0.970801 0.125879
0 14 1.609195 0.972158 0.126917 0.971435 0.127113
0 15 1.724138 0.970675 0.127243 0.971032 0.126742
0 16 1.839080 0.971954 0.125352 0.969984 0.125417
0 17 1.954023 0.972362 0.126683 0.970397 0.125591
0 18 2.068965 0.970854 0.128768 0.967840 0.123287
0 19 2.183908 0.970167 0.125673 0.973707 0.127967
0 20 2.298851 0.972840 0.125890 0.969831 0.124326
0 21 2.413793 0.969765 0.126907 0.973447 0.127249
0 22 2.528736 0.970797 0.126336 0.972194 0.126037
0 23 2.643678 0.973820 0.126077 0.967819 0.125136
0 24 2.758621 0.971379 0.125177 0.971955 0.125234
0 25 2.873563 0.971217 0.127237 0.968301 0.126385
0 26 2.988506 0.970702 0.126191 0.971771 0.126145
0 27 3.103448 0.969113 0.125487 0.972009 0.127104
0 28 3.218391 0.971518 0.126400 0.969386 0.123686
0 29 3.333333 0.973069 0.126546 0.972654 0.126751
0 30 3.448276 0.972433 0.126760 0.974977 0.127562
0 31 3.563218 0.968571 0.124411 0.971298 0.124787
0 32 3.678161 0.971537 0.125065 0.973016 0.126671
0 33 3.793103 0.972678 0.127926 0.972964 0.126794
0 34 3.908046 0.971930 0.127108 0.972337 0.126571
0 35 4.022988 0.968122 0.124748 0.973646 0.126663
0 36 4.137931 0.970843 0.128141 0.972888 0.126330
0 37 4.252873 0.972978 0.126426 0.973546 0.127502
0 38 4.367816 0.973430 0.127323 0.971299 0.126708
0 39 4.482759 0.972975 0.127945 0.971086 0.126286
0 40 4.597701 0.974320 0.126632 0.969837 0.125399
0 41 4.712644 0.971451 0.127186 0.970183 0.126033
0 42 4.827586 0.974312 0.127940 0.969811 0.125208
0 43 4.942529 0.974894 0.129058 0.970513 0.125067
0 44 5.057471 0.973173 0.126654 0.975081 0.128517
0 45 5.172414 0.971899 0.125611 0.968888 0.125837
0 46 5.287356 0.972736 0.124887 0.971704 0.127242
0 47 5.402299 0.974492 0.126329 0.971919 0.126301
0 48 5.517241 0.970958 0.125235 0.968317 0.126574
0 49 5.632184 0.973681 0.126020 0.969716 0.126283
0 50 5.747127 0.969872 0.127398 0.970023 0.127252
0 51 5.862069 0.971931 0.125702 0.970747 0.127449
0 52 5.977012 0.971268 0.127656 0.970906 0.126708
0 53 6.091954 0.974246 0.127262 0.969282 0.125210
0 54 6.206897 0.970411 0.125561 0.970928 0.125955
0 55 6.321839 0.970991 0.125401 0.970503 0.124964
0 56 6.436781 0.972345 0.125903 0.972698 0.127974
0 57 6.551724 0.971996 0.127828 0.972305 0.126547
0 58 6.666667 0.973070 0.125368 0.972446 0.127501
0 59 6.781609 0.970741 0.125921 0.969861 0.125672
0 60 6.896552 0.969895 0.126100 0.970939 0.126728
0 61 7.011494 0.972171 0.127926 0.971990 0.125756
0 62 7.126437 0.972024 0.127234 0.972404 0.127602
0 63 7.241379 0.973541 0.127256 0.974026 0.126119
0 64 7.356322 0.970039 0.126533 0.973710 0.127950
0 65 7.471264 0.970743 0.126055 0.971264 0.125433
0 66 7.586207 0.970460 0.124693 0.969159 0.125264
0 67 7.701149 0.971134 0.125003 0.973877 0.128095
0 68 7.816092 0.972391 0.127690 0.970320 0.126726
0 69 7.931035 0.970669 0.126344 0.969965 0.125640
0 70 8.045977 0.972999 0.126879 0.972095 0.127673
0 71 8.160919 0.970994 0.126403 0.972316 0.126798
0 72 8.275862 0.973827 0.127247 0.973840 0.128051
0 73 8.390804 0.972609 0.125753 0.970736 0.127548
0 74 8.505747 0.969978 0.126866 0.970338 0.126877
0 75 8.620689 0.971956 0.127048 0.969220 0.124811
0 76 8.735632 0.975073 0.127245 0.973288 0.128138
0 77 8.850574 0.971401 0.127235 0.975211 0.126555
0 78 8.965517 0.971181 0.126946 0.970833 0.127812
0 79 9.080460 0.971609 0.127132 0.972019 0.124364
0 80 9.195402 0.974589 0.128553 0.969918 0.125479
0 81 9.310345 0.972630 0.126786 0.969288 0.125244
0 82 9.425287 0.969304 0.126214 0.973210 0.124840
0 83 9.540230 0.973312 0.128083 0.968600 0.125962
0 84 9.655172 0.973182 0.125358 0.970499 0.125914
0 85 9.770115 0.971412 0.126828 0.971474 0.127008
0 86 9.885057 0.969313 0.125595 0.967546 0.126075
1 0 10.000000 0.971044 0.128055 0.972424 0.126896
1 1 10.114943 0.971349 0.125832 0.973072 0.126062
1 2 10.229885 0.970197 0.124576 0.971788 0.127621
1 3 10.344828 0.971179 0.125246 0.971350 0.127341
1 4 10.459770 0.972291 0.125937 0.971265 0.126245
1 5 10.574713 0.974960 0.128130 0.974295 0.126479
1 6 10.689655 0.971379 0.127175 0.972712 0.127256
1 7 10.804598 0.972251 0.125635 0.969774 0.125518
1 8 10.919540 0.973212 0.126202 0.970444 0.125696
1 9 11.034483 0.973649 0.126384 0.973171 0.127836
1 10 11.149426 0.972564 0.127510 0.970436 0.125839
1 11 11.264368 0.971490 0.126094 0.971585 0.126445
1 12 11.379311 0.972025 0.128085 0.970328 0.127578
1 13 11.494253 0.970338 0.127020 0.970861 0.125506
1 14 11.609196 0.973495 0.127679 0.971068 0.127863
1 15 11.724138 0.972753 0.126765 0.973805 0.126849
1 16 11.839081 0.971273 0.126961 0.971736 0.126809
1 17 11.954023 0.974042 0.128899 0.971556 0.126349
1 18 12.068966 0.971014 0.125616 0.971457 0.126263
1 19 12.183908 0.974356 0.127407 0.970979 0.126911
1 20 12.298851 0.969877 0.127331 0.971194 0.128045
1 21 12.413794 0.972605 0.127951 0.969785 0.125262
1 22 12.528735 0.970800 0.126734 0.970665 0.126559
1 23 12.643678 0.969140 0.125615 0.970504 0.125988
1 24 12.758620 0.971297 0.126876 0.974298 0.126117
1 25 12.873563 0.972295 0.126467 0.972507 0.127389
1 26 12.988505 0.974971 0.126623 0.973310 0.127054
1 27 13.103448 0.972738 0.126983 0.970137 0.126170
1 28 13.218390 0.972334 0.127426 0.972603 0.127527
1 29 13.333333 0.972083 0.126054 0.973576 0.129578
1 30 13.448276 0.970785 0.124669 0.970279 0.124848
1 31 13.563218 0.970392 0.125811 0.970989 0.125640
1 32 13.678161 0.973100 0.126398 0.974569 0.125548
1 33 13.793103 0.967755 0.124680 0.970736 0.127208
1 34 13.908046 0.968306 0.124860 0.972427 0.126239
1 35 14.022988 0.972264 0.128086 0.968899 0.127169
1 36 14.137931 0.970301 0.126071 0.974803 0.128272
1 37 14.252873 0.970274 0.127886 0.968182 0.125111
1 38 14.367816 0.970708 0.126466 0.972969 0.125387
1 39 14.482759 0.973858 0.126787 0.974141 0.128212
1 40 14.597701 0.975296 0.126988 0.972719 0.127415
1 41 14.712644 0.970492 0.127550 0.971537 0.128009
1 42 14.827586 0.969218 0.124595 0.971208 0.128428
1 43 14.942529 0.972055 0.128232 0.973671 0.125927
1 44 15.057471 0.969380 0.125955 0.971221 0.125531
1 45 15.172414 0.971562 0.126394 0.972943 0.126600
1 46 15.287356 0.973157 0.127665 0.974722 0.128704
1 47 15.402299 0.970614 0.125385 0.972597 0.128948
1 48 15.517241 0.971607 0.125039 0.971650 0.125558
1 49 15.632184 0.969500 0.125787 0.971984 0.126591
1 50 15.747127 0.970408 0.124842 0.972557 0.126816
1 51 15.862069 0.972575 0.125872 0.972010 0.125439
1 52 15.977012 0.973478 0.127387 0.974904 0.127692
1 53 16.091953 0.970082 0.125354 0.971691 0.127075
1 54 16.206896 0.971286 0.126324 0.967910 0.125835
1 55 16.321838 0.970353 0.127366 0.971800 0.125189
1 56 16.436781 0.971559 0.126409 0.971654 0.126303
1 57 16.551723 0.973766 0.127077 0.973552 0.126716
1 58 16.666666 0.971139 0.125706 0.969636 0.125199
1 59 16.781609 0.970283 0.125144 0.971709 0.126766
1 60 16.896551 0.971173 0.126337 0.970138 0.126890
1 61 17.011494 0.970043 0.124537 0.969547 0.124316
1 62 17.126436 0.970553 0.126677 0.969918 0.124930
1 63 17.241379 0.972244 0.127595 0.972203 0.125842
1 64 17.356321 0.972653 0.126264 0.971797 0.126793
1 65 17.471264 0.970459 0.126560 0.971419 0.126505
1 66 17.586206 0.973826 0.126911 0.972199 0.126881
1 67 17.701149 0.972558 0.127879 0.972305 0.126481
1 68 17.816092 0.968376 0.125503 0.971409 0.126547
1 69 17.931034 0.969107 0.124160 0.972440 0.126250
1 70 18.045977 0.969255 0.126037 0.973182 0.126543
1 71 18.160919 0.972355 0.126586 0.969420 0.124702
1 72 18.275862 0.970558 0.127084 0.968399 0.124930
1 73 18.390804 0.970234 0.126751 0.971579 0.125455
1 74 18.505747 0.969443 0.125988 0.973212 0.126301
1 75 18.620689 0.973429 0.126197 0.971181 0.125503
1 76 18.735632 0.969863 0.126330 0.973041 0.124996
1 77 18.850574 0.974336 0.127233 0.971718 0.126845
1 78 18.965517 0.971424 0.125715 0.971706 0.126549
1 79 19.080460 0.973474 0.126223 0.972305 0.125760
1 80 19.195402 0.969000 0.124625 0.970135 0.125647
1 81 19.310345 0.971152 0.127856 0.973415 0.128353
1 82 19.425287 0.971300 0.127184 0.968989 0.124833
1 83 19.540230 0.972871 0.127635 0.972211 0.127713
1 84 19.655172 0.971429 0.125832 0.969353 0.125157
1 85 19.770115 0.971240 0.127742 0.969655 0.126675
1 86 19.885057 0.968036 0.124063 0.971480 0.127168
2 0 20.000000 0.972915 0.128072 0.971243 0.127503
2 1 20.114943 0.969022 0.125630 0.972487 0.128861
2 2 20.229885 0.970020 0.125237 0.971305 0.125706
2 3 20.344828 0.971498 0.126657 0.970915 0.127346
2 4 20.459770 0.973589 0.127083 0.970565 0.126382
2 5 20.574713 0.968534 0.126279 0.971531 0.127136
2 6 20.689655 0.970889 0.126818 0.971425 0.127509
2 7 20.804598 0.971152 0.127093 0.969592 0.124566
2 8 20.919540 0.970482 0.125695 0.971442 0.126511
2 9 21.034483 0.971361 0.125780 0.974099 0.127382
2 10 21.149426 0.970064 0.125549 0.971650 0.126760
2 11 21.264368 0.976249 0.127929 0.972437 0.125149
2 12 21.379311 0.970046 0.125834 0.972388 0.125728
2 13 21.494253 0.972574 0.125548 0.972111 0.126137
2 14 21.609196 0.972175 0.125895 0.971924 0.126970
2 15 21.724138 0.972429 0.127206 0.968773 0.125421
2 16 21.839081 0.972391 0.127228 0.969307 0.124864
2 17 21.954023 0.970060 0.124484 0.971552 0.125481
2 18 22.068966 0.970359 0.126834 0.973143 0.127629
2 19 22.183908 0.971736 0.127734 0.971916 0.127601
2 20 22.298851 0.974028 0.127929 0.969557 0.125028
2 21 22.413794 0.971341 0.125490 0.975437 0.126619
2 22 22.528736 0.972958 0.128062 0.971692 0.127197
2 23 22.643679 0.969397 0.125042 0.967374 0.125157
2 24 22.758621 0.971579 0.125765 0.972038 0.127248
2 25 22.873564 0.971890 0.127389 0.974192 0.126556
2 26 22.988506 0.971127 0.126038 0.968072 0.125692
2 27 23.103449 0.974128 0.126928 0.970538 0.125832
2 28 23.218391 0.972963 0.126041 0.969305 0.126362
2 29 23.333334 0.973354 0.125262 0.972592 0.128350
2 30 23.448277 0.972027 0.126253 0.969778 0.125738
2 31 23.563219 0.969602 0.125622 0.972414 0.125653
2 32 23.678162 0.970292 0.126430 0.972481 0.127302
2 33 23.793104 0.970842 0.126445 0.970764 0.125878
2 34 23.908047 0.969272 0.125127 0.969367 0.124996
2 35 24.022989 0.971905 0.126610 0.973177 0.127411
2 36 24.137932 0.973152 0.125837 0.971228 0.128047
2 37 24.252874 0.970671 0.127837 0.970857 0.124844
2 38 24.367817 0.969512 0.125207 0.971886 0.125782
2 39 24.482759 0.970012 0.125244 0.973658 0.125858
2 40 24.597702 0.970602 0.126199 0.970524 0.125348
2 41 24.712645 0.972931 0.126654 0.973547 0.127043
2 42 24.827587 0.974871 0.127797 0.971975 0.124864
2 43 24.942530 0.970056 0.123835 0.970304 0.125968
2 44 25.057470 0.970898 0.126697 0.972112 0.127162
2 45 25.172413 0.972957 0.127028 0.973481 0.128014
2 46 25.287355 0.970972 0.126685 0.971865 0.127886
2 47 25.402298 0.968006 0.126714 0.973915 0.126996
2 48 25.517241 0.971225 0.126015 0.972784 0.127089
2 49 25.632183 0.972804 0.125929 0.971049 0.126649
2 50 25.747126 0.970842 0.127492 0.971621 0.126170
2 51 25.862068 0.973487 0.126504 0.969012 0.124226
2 52 25.977011 0.971875 0.125488 0.974202 0.126993
2 53 26.091953 0.970837 0.127026 0.975158 0.125758
2 54 26.206896 0.974606 0.125754 0.972953 0.127566
2 55 26.321838 0.970573 0.125792 0.971757 0.126616
2 56 26.436781 0.970917 0.127094 0.969992 0.125267
2 57 26.551723 0.968840 0.126008 0.972552 0.126139
2 58 26.666666 0.972345 0.126473 0.972286 0.125885
2 59 26.781609 0.971057 0.127578 0.974039 0.128424
2 60 26.896551 0.971138 0.127032 0.972691 0.126268
2 61 27.011494 0.970517 0.124393 0.973750 0.127663
2 62 27.126436 0.969565 0.126243 0.972650 0.127842
2 63 27.241379 0.969442 0.127339 0.968337 0.125705
2 64 27.356321 0.971421 0.126320 0.969391 0.124558
2 65 27.471264 0.970140 0.124342 0.971840 0.126813
2 66 27.586206 0.971175 0.125788 0.972058 0.127307
2 67 27.701149 0.972952 0.126395 0.973361 0.126669
2 68 27.816092 0.971306 0.126087 0.973142 0.128528
2 69 27.931034 0.971153 0.125368 0.971986 0.127031
2 70 28.045977 0.972973 0.126182 0.974066 0.126395
2 71 28.160919 0.972065 0.126927 0.970137 0.126428
2 72 28.275862 0.971980 0.126810 0.973142 0.127391
2 73 28.390804 0.972008 0.126290 0.971944 0.125688
2 74 28.505747 0.972479 0.127079 0.968400 0.125911
2 75 28.620689 0.970267 0.126354 0.972152 0.126971
2 76 28.735632 0.972239 0.126324 0.972144 0.125960
2 77 28.850574 0.973012 0.125242 0.971485 0.126056
2 78 28.965517 0.971853 0.127391 0.973325 0.127306
2 79 29.080460 0.970263 0.128162 0.970966 0.126710
2 80 29.195402 0.971931 0.125740 0.972170 0.125829
2 81 29.310345 0.972370 0.126980 0.970502 0.126939
2 82 29.425287 0.972523 0.127008 0.971639 0.127105
2 83 29.540230 0.970721 0.126242 0.971770 0.126446
2 84 29.655172 0.972048 0.126782 0.969668 0.126251
2 85 29.770115 0.972403 0.127387 0.972499 0.125888
2 86 29.885057 0.971862 0.125381 0.970934 0.126292
3 0 30.000000 0.970670 0.126431 0.969255 0.125191
3 1 30.114943 0.973417 0.126062 0.972822 0.126865
3 2 30.229885 0.971620 0.126441 0.970149 0.125519
3 3 30.344828 0.973705 0.127126 0.972678 0.126513
3 4 30.459770 0.971860 0.125969 0.971353 0.125200
3 5 30.574713 0.972873 0.125747 0.973516 0.127621
3 6 30.689655 0.971477 0.125586 0.971579 0.125728
3 7 30.804598 0.970837 0.127586 0.971979 0.125800
3 8 30.919540 0.973534 0.126542 0.970575 0.125995
3 9 31.034483 0.971322 0.125470 0.972465 0.126443
3 10 31.149426 0.969954 0.125452 0.972406 0.127748
3 11 31.264368 0.971774 0.126515 0.973619 0.127756
3 12 31.379311 0.970805 0.127028 0.972737 0.125366
3 13 31.494253 0.973245 0.128149 0.972472 0.126225
3 14 31.609196 0.972064 0.126403 0.969836 0.126389
3 15 31.724138 0.975218 0.126576 0.969667 0.126409
3 16 31.839081 0.970554 0.125208 0.971983 0.126516
3 17 31.954023 0.969746 0.126159 0.970014 0.126316
3 18 32.068966 0.969753 0.125406 0.972126 0.126712
3 19 32.183907 0.969215 0.126136 0.968966 0.124819
3 20 32.298851 0.971542 0.126043 0.970567 0.124683
3 21 32.413792 0.970045 0.126237 0.975588 0.128470
3 22 32.528736 0.968491 0.125364 0.973906 0.128295
3 23 32.643677 0.970298 0.127066 0.970718 0.125421
3 24 32.758621 0.970284 0.125783 0.971471 0.126293
3 25 32.873562 0.970930 0.126814 0.970687 0.126853
3 26 32.988506 0.968699 0.124503 0.974252 0.125159
3 27 33.103447 0.970502 0.125332 0.970000 0.127795
3 28 33.218391 0.972866 0.125454 0.970268 0.125168
3 29 33.333332 0.970951 0.127054 0.969787 0.127483
3 30 33.448277 0.969050 0.126261 0.967642 0.125104
3 31 33.563217 0.969718 0.127887 0.970217 0.127392
3 32 33.678162 0.975314 0.126414 0.974247 0.127303
3 33 33.793102 0.973510 0.126309 0.973399 0.127891
3 34 33.908047 0.971299 0.125503 0.973208 0.126617
3 35 34.022987 0.970512 0.125394 0.971016 0.123790
3 36 34.137932 0.975525 0.125798 0.970124 0.126473
3 37 34.252872 0.970683 0.126556 0.971973 0.126549
3 38 34.367817 0.972671 0.127457 0.975986 0.127844
3 39 34.482758 0.972849 0.124894 0.971688 0.127924
3 40 34.597702 0.969938 0.126767 0.972327 0.123991
3 41 34.712643 0.971317 0.126695 0.971964 0.126659
3 42 34.827587 0.971932 0.127208 0.970426 0.126130
3 43 34.942528 0.969828 0.127089 0.969764 0.125923
3 44 35.057472 0.969756 0.126303 0.969662 0.125608
3 45 35.172413 0.970340 0.127584 0.968670 0.126475
3 46 35.287357 0.970122 0.125419 0.970854 0.124873
3 47 35.402298 0.971333 0.127347 0.970811 0.125612
3 48 35.517242 0.971776 0.125132 0.971781 0.126558
3 49 35.632183 0.972201 0.126363 0.971004 0.125870
3 50 35.747128 0.970990 0.126859 0.974945 0.128905
3 51 35.862068 0.973087 0.126419 0.969751 0.126558
3 52 35.977013 0.973140 0.126879 0.972946 0.127277
3 53 36.091953 0.972440 0.126242 0.973809 0.127231
3 54 36.206898 0.970659 0.125389 0.972547 0.126514
3 55 36.321838 0.970862 0.126737 0.974053 0.127139
3 56 36.436783 0.971584 0.127044 0.971395 0.126408
3 57 36.551723 0.972524 0.126538 0.971370 0.127490
3 58 36.666668 0.974043 0.127896 0.971251 0.125649
3 59 36.781609 0.972834 0.126422 0.971296 0.125277
3 60 36.896553 0.971025 0.126800 0.973300 0.125533
3 61 37.011494 0.972073 0.127473 0.972103 0.126566
3 62 37.126438 0.968338 0.124745 0.970608 0.126485
3 63 37.241379 0.972267 0.127526 0.971593 0.125311
3 64 37.356323 0.972911 0.126645 0.972683 0.126378
3 65 37.471264 0.973646 0.127675 0.972248 0.127002
3 66 37.586208 0.971109 0.125790 0.971166 0.126373
3 67 37.701149 0.971301 0.126379 0.970937 0.125577
3 68 37.816093 0.969158 0.124707 0.972139 0.126729
3 69 37.931034 0.970915 0.127541 0.970740 0.126285
3 70 38.045979 0.969409 0.125899 0.970612 0.126351
3 71 38.160919 0.970731 0.126954 0.971136 0.126523
3 72 38.275864 0.971276 0.126680 0.972741 0.127798
3 73 38.390804 0.972468 0.125657 0.972448 0.126462
3 74 38.505749 0.971746 0.127518 0.971536 0.127370
3 75 38.620689 0.971848 0.126124 0.972105 0.126856
3 76 38.735634 0.970079 0.125160 0.970658 0.126667
3 77 38.850574 0.972991 0.125914 0.972370 0.126044
3 78 38.965519 0.970818 0.126985 0.971308 0.125011
3 79 39.080460 0.971045 0.127537 0.972361 0.126952
3 80 39.195404 0.974297 0.128742 0.970126 0.126101
3 81 39.310345 0.969679 0.124467 0.972451 0.126760
3 82 39.425289 0.972426 0.126715 0.971456 0.125870
3 83 39.540230 0.971191 0.126098 0.971715 0.125239
3 84 39.655174 0.968997 0.124770 0.973616 0.127128
3 85 39.770115 0.971217 0.125484 0.973039 0.125917
3 86 39.885059 0.971535 0.126211 0.968706 0.124791
4 0 40.000000 0.969901 0.125602 0.972205 0.127189
4 1 40.114941 0.973334 0.127193 0.970294 0.125085
4 2 40.229885 0.971685 0.127258 0.972746 0.127416
4 3 40.344826 0.973071 0.127464 0.974302 0.128238
4 4 40.459770 0.972265 0.125326 0.970658 0.126681
4 5 40.574711 0.970381 0.126304 0.968946 0.124711
4 6 40.689655 0.972944 0.126232 0.970549 0.125459
4 7 40.804596 0.971766 0.126837 0.968226 0.126248
4 8 40.919540 0.971387 0.126910 0.971626 0.126336
4 9 41.034481 0.970100 0.125963 0.971852 0.125697
4 10 41.149426 0.970372 0.126464 0.972107 0.125022
4 11 41.264366 0.969767 0.125889 0.969860 0.124601
4 12 41.379311 0.969701 0.124919 0.972055 0.126497
4 13 41.494251 0.972537 0.128049 0.970050 0.125921
4 14 41.609196 0.974777 0.127459 0.969383 0.125667
4 15 41.724136 0.973036 0.127221 0.971146 0.126428
4 16 41.839081 0.969428 0.125582 0.969712 0.125298
4 17 41.954021 0.970453 0.127382 0.970975 0.127644
4 18 42.068966 0.969028 0.124212 0.973056 0.127876
4 19 42.183907 0.972572 0.127770 0.972466 0.125662
4 20 42.298851 0.970783 0.125736 0.970976 0.127141
4 21 42.413792 0.971423 0.127272 0.972740 0.126516
4 22 42.528736 0.969943 0.125946 0.973648 0.126418
4 23 42.643677 0.972518 0.128062 0.972354 0.126096
4 24 42.758621 0.969962 0.125562 0.971840 0.126657
4 25 42.873562 0.972421 0.127105 0.972126 0.126808
4 26 42.988506 0.970843 0.127446 0.972244 0.127245
4 27 43.103447 0.972884 0.126710 0.972237 0.126909
4 28 43.218391 0.974007 0.126721 0.970340 0.125476
4 29 43.333332 0.969903 0.125658 0.971126 0.125757
4 30 43.448277 0.973692 0.126830 0.968838 0.126681
4 31 43.563217 0.969924 0.126120 0.971744 0.126512
4 32 43.678162 0.973754 0.126911 0.971677 0.126942
4 33 43.793102 0.971987 0.124860 0.969514 0.126153
4 34 43.908047 0.973313 0.127636 0.970002 0.126870
4 35 44.022987 0.966539 0.125554 0.971486 0.125193
4 36 44.137932 0.970220 0.126561 0.972097 0.125580
4 37 44.252872 0.970450 0.126453 0.971824 0.126825
4 38 44.367817 0.969171 0.125476 0.973373 0.127934
4 39 44.482758 0.971300 0.126541 0.974955 0.126701
4 40 44.597702 0.973486 0.127300 0.971200 0.126031
4 41 44.712643 0.972765 0.125577 0.974672 0.127002
4 42 44.827587 0.971389 0.125237 0.970837 0.125267
4 43 44.942528 0.971544 0.126102 0.972913 0.126921
4 44 45.057472 0.973210 0.127285 0.969580 0.126422
4 45 45.172413 0.972174 0.126772 0.971033 0.125430
4 46 45.287357 0.969723 0.126212 0.973277 0.126266
4 47 45.402298 0.971594 0.125213 0.970325 0.127118
4 48 45.517242 0.972924 0.127801 0.971932 0.126492
4 49 45.632183 0.973863 0.125965 0.968247 0.124137
4 50 45.747128 0.971537 0.125280 0.969270 0.124915
4 51 45.862068 0.973016 0.127707 0.972194 0.125946
4 52 45.977013 0.972236 0.125153 0.971498 0.125837
4 53 46.091953 0.969846 0.125635 0.972177 0.125341
4 54 46.206898 0.971748 0.126694 0.969758 0.124958
4 55 46.321838 0.970985 0.125129 0.973921 0.126567
4 56 46.436783 0.972233 0.125483 0.971991 0.126167
4 57 46.551723 0.972231 0.126558 0.972728 0.127407
4 58 46.666668 0.970452 0.126456 0.973634 0.125674
4 59 46.781609 0.971999 0.126711 0.972668 0.127113
4 60 46.896553 0.971413 0.126161 0.970028 0.126312
4 61 47.011494 0.972544 0.125398 0.972688 0.126265
4 62 47.126438 0.971475 0.126141 0.969651 0.125377
4 63 47.241379 0.971532 0.127195 0.969350 0.126157
4 64 47.356323 0.971978 0.127158 0.972570 0.126292
4 65 47.471264 0.969160 0.122827 0.969164 0.126385
4 66 47.586208 0.972391 0.126835 0.971536 0.126948
4 67 47.701149 0.972455 0.125394 0.970596 0.127403
4 68 47.816093 0.969267 0.125380 0.971383 0.125512
4 69 47.931034 0.970635 0.126812 0.970385 0.125967
4 70 48.045979 0.971218 0.125755 0.971501 0.125384
4 71 48.160919 0.970964 0.126755 0.973399 0.127776
4 72 48.275864 0.971489 0.125756 0.973865 0.127358
4 73 48.390804 0.973642 0.127852 0.973314 0.128253
4 74 48.505749 0.972840 0.126611 0.970641 0.126195
4 75 48.620689 0.972069 0.126282 0.971866 0.126272
4 76 48.735634 0.969762 0.125217 0.973118 0.125500
4 77 48.850574 0.971792 0.125992 0.971894 0.126242
4 78 48.965519 0.967880 0.125023 0.971451 0.126333
4 79 49.080460 0.973651 0.129059 0.969396 0.126203
4 80 49.195404 0.972665 0.127300 0.972748 0.127938
4 81 49.310345 0.973474 0.127488 0.969073 0.124648
4 82 49.425289 0.972016 0.127077 0.970887 0.125080
4 83 49.540230 0.969579 0.125056 0.970966 0.126499
4 84 49.655174 0.968603 0.127180 0.971575 0.126130
4 85 49.770115 0.972340 0.126833 0.972440 0.126802
4 86 49.885059 0.971966 0.125818 0.970291 0.126795
5 0 50.000000 0.972790 0.125131 0.973459 0.126732
5 1 50.114941 0.970521 0.126256 0.969313 0.125308
5 2 50.229885 0.971397 0.126744 0.969065 0.126819
5 3 50.344826 0.970279 0.126174 0.973799 0.127547
5 4 50.459770 0.973045 0.126478 0.969170 0.126801
5 5 50.574711 0.969906 0.124556 0.972787 0.125217
5 6 50.689655 0.971337 0.125482 0.968161 0.125845
5 7 50.804596 0.970683 0.127087 0.972184 0.126264
5 8 50.919540 0.972366 0.126179 0.970183 0.125165
5 9 51.034481 0.972054 0.127030 0.971110 0.125004
5 10 51.149426 0.969559 0.125489 0.972537 0.125861
5 11 51.264366 0.975765 0.126422 0.970535 0.127694
5 12 51.379311 0.971945 0.125570 0.972266 0.126231
5 13 51.494251 0.973596 0.126285 0.970487 0.126351
5 14 51.609196 0.973201 0.127729 0.971398 0.125792
5 15 51.724136 0.971567 0.127138 0.973970 0.127162
5 16 51.839081 0.972161 0.125453 0.970679 0.126745
5 17 51.954021 0.969907 0.126470 0.970777 0.126087
5 18 52.068966 0.971027 0.127640 0.970155 0.127270
5 19 52.183907 0.971653 0.127850 0.970814 0.124640
5 20 52.298851 0.972164 0.127754 0.971056 0.125885
5 21 52.413792 0.973479 0.126389 0.973287 0.126903
5 22 52.528736 0.976393 0.128537 0.973737 0.127333
5 23 52.643677 0.971480 0.124998 0.973456 0.126654
5 24 52.758621 0.973371 0.126781 0.970628 0.124373
5 25 52.873562 0.970964 0.127313 0.970484 0.126150
5 26 52.988506 0.971926 0.126075 0.973149 0.126571
5 27 53.103447 0.972465 0.126428 0.971222 0.127450
5 28 53.218391 0.973096 0.127270 0.970254 0.126538
5 29 53.333332 0.970351 0.124601 0.970921 0.126845
5 30 53.448277 0.971446 0.127772 0.970844 0.126380
5 31 53.563217 0.970893 0.125486 0.975687 0.128437
5 32 53.678162 0.972958 0.127713 0.973290 0.126257
5 33 53.793102 0.971699 0.125942 0.973260 0.125806
5 34 53.908047 0.971553 0.125531 0.971822 0.126997
5 35 54.022987 0.972933 0.125862 0.972181 0.126541
5 36 54.137932 0.971605 0.127963 0.972313 0.126578
5 37 54.252872 0.971160 0.127506 0.970009 0.126872
5 38 54.367817 0.967333 0.126456 0.970964 0.126168
5 39 54.482758 0.975276 0.126135 0.970688 0.124480
5 40 54.597702 0.970251 0.126189 0.971097 0.125229
5 41 54.712643 0.969234 0.126239 0.968450 0.125535
5 42 54.827587 0.972524 0.126130 0.971912 0.125840
5 43 54.942528 0.972184 0.126467 0.970094 0.124971
5 44 55.057472 0.971979 0.125651 0.971512 0.125512
5 45 55.172413 0.972055 0.126587 0.969605 0.126416
5 46 55.287357 0.971054 0.127594 0.973299 0.126014
5 47 55.402298 0.973409 0.126315 0.972856 0.127571
5 48 55.517242 0.970425 0.128597 0.970125 0.126087
5 49 55.632183 0.970809 0.125857 0.968334 0.124635
5 50 55.747128 0.973678 0.126265 0.971743 0.128209
5 51 55.862068 0.972041 0.127079 0.974384 0.127504
5 52 55.977013 0.972746 0.127584 0.972192 0.126003
5 53 56.091953 0.970933 0.125130 0.969907 0.125165
5 54 56.206898 0.967990 0.125870 0.971311 0.126419
5 55 56.321838 0.971072 0.127159 0.970635 0.127712
5 56 56.436783 0.968571 0.125222 0.972770 0.126424
5 57 56.551723 0.973826 0.127517 0.972037 0.126838
5 58 56.666668 0.970093 0.126274 0.970504 0.127518
5 59 56.781609 0.970651 0.126388 0.972525 0.126601
5 60 56.896553 0.970683 0.125220 0.970305 0.126886
5 61 57.011494 0.972860 0.125941 0.971413 0.126468
5 62 57.126438 0.974026 0.126074 0.970375 0.126494
5 63 57.241379 0.970004 0.127819 0.971358 0.125639
5 64 57.356323 0.971299 0.127732 0.971683 0.127250
5 65 57.471264 0.971115 0.125796 0.971060 0.126835
5 66 57.586208 0.971471 0.128023 0.973922 0.124532
5 67 57.701149 0.974449 0.126237 0.971704 0.125691
5 68 57.816093 0.970247 0.127197 0.974000 0.127104
5 69 57.931034 0.971100 0.125026 0.968972 0.124060
5 70 58.045979 0.967680 0.124608 0.973102 0.125227
5 71 58.160919 0.972177 0.126988 0.974442 0.128018
5 72 58.275864 0.973565 0.126226 0.972934 0.126625
5 73 58.390804 0.971613 0.124890 0.971499 0.126893
5 74 58.505749 0.972236 0.126160 0.970990 0.126744
5 75 58.620689 0.970022 0.126134 0.971825 0.124830
5 76 58.735634 0.970368 0.126033 0.968811 0.125573
5 77 58.850574 0.969810 0.124991 0.971333 0.126204
5 78 58.965519 0.971579 0.126374 0.973825 0.127294
5 79 59.080460 0.972431 0.125687 0.970139 0.127349
5 80 59.195404 0.973957 0.128049 0.973450 0.126270
5 81 59.310345 0.973050 0.126785 0.972101 0.124313
5 82 59.425289 0.972719 0.127197 0.973409 0.126935
5 83 59.540230 0.969073 0.125013 0.971098 0.126756
5 84 59.655174 0.970440 0.126248 0.971043 0.126422
5 85 59.770115 0.970756 0.127295 0.972529 0.126900
5 86 59.885059 0.971980 0.126893 0.974089 0.127819
6 0 60.000000 0.972614 0.126770 0.970917 0.127189
6 1 60.114941 0.971176 0.125363 0.971187 0.123751
6 2 60.229885 0.971863 0.127529 0.972789 0.125809
6 3 60.344826 0.970795 0.124778 0.969753 0.124828
6 4 60.459770 0.972187 0.125836 0.971745 0.127654
6 5 60.574711 0.970470 0.126702 0.968649 0.127007
6 6 60.689655 0.971271 0.127722 0.972088 0.127104
6 7 60.804596 0.972320 0.126773 0.968694 0.127312
6 8 60.919540 0.974368 0.128104 0.970735 0.125640
6 9 61.034481 0.971130 0.127073 0.971859 0.125793
6 10 61.149426 0.969114 0.125533 0.971348 0.125604
6 11 61.264366 0.972885 0.126323 0.967908 0.123949
6 12 61.379311 0.972663 0.126653 0.970693 0.126144
6 13 61.494251 0.970691 0.125512 0.972964 0.127808
6 14 61.609196 0.971997 0.126544 0.971307 0.126283
6 15 61.724136 0.974571 0.128348 0.971641 0.124978
6 16 61.839081 0.971081 0.126041 0.965132 0.124436
6 17 61.954021 0.971717 0.126152 0.972982 0.127829
6 18 62.068966 0.970560 0.125332 0.971354 0.124992
6 19 62.183907 0.974496 0.126842 0.971407 0.125781
6 20 62.298851 0.972247 0.126431 0.970234 0.126480
6 21 62.413792 0.974145 0.127337 0.973229 0.125865
6 22 62.528736 0.974083 0.127612 0.972745 0.127267
6 23 62.643677 0.971237 0.127948 0.971795 0.126628
6 24 62.758621 0.970338 0.125579 0.969678 0.126129
6 25 62.873562 0.969472 0.126105 0.972283 0.126283
6 26 62.988506 0.972047 0.127326 0.972957 0.128322
6 27 63.103447 0.973728 0.125780 0.973037 0.127892
6 28 63.218391 0.973971 0.128109 0.972659 0.125558
6 29 63.333332 0.972905 0.127271 0.971015 0.125869
6 30 63.448277 0.970928 0.126941 0.969514 0.123790
6 31 63.563217 0.970855 0.125312 0.969896 0.124520
6 32 63.678162 0.975061 0.128058 0.973177 0.127176
6 33 63.793102 0.971043 0.125655 0.970684 0.125582
6 34 63.908047 0.972001 0.126527 0.971712 0.127638
6 35 64.022987 0.967676 0.125757 0.971078 0.126621
6 36 64.137932 0.971395 0.125815 0.970263 0.125485
6 37 64.252876 0.970748 0.127306 0.972418 0.127751
6 38 64.367813 0.970539 0.125688 0.969714 0.125259
6 39 64.482758 0.970911 0.126456 0.970975 0.125938
6 40 64.597702 0.969503 0.126939 0.973642 0.128051
6 41 64.712646 0.970994 0.124854 0.971196 0.126925
6 42 64.827583 0.971606 0.127606 0.971845 0.126335
6 43 64.942528 0.974420 0.128150 0.971570 0.125734
6 44 65.057472 0.973927 0.127071 0.970636 0.125599
6 45 65.172417 0.974747 0.128258 0.971530 0.126577
6 46 65.287354 0.970438 0.125374 0.967466 0.124165
6 47 65.402298 0.971095 0.127138 0.969310 0.124355
6 48 65.517242 0.970566 0.126170 0.970080 0.125763
6 49 65.632187 0.969497 0.125407 0.969587 0.124780
6 50 65.747124 0.974954 0.128281 0.971815 0.127197
6 51 65.862068 0.970492 0.126930 0.972733 0.127212
6 52 65.977013 0.973144 0.126850 0.972242 0.125443
6 53 66.091957 0.974391 0.127439 0.971198 0.127873
6 54 66.206894 0.975393 0.127554 0.972502 0.128246
6 55 66.321838 0.974667 0.127891 0.971370 0.126280
6 56 66.436783 0.970810 0.125608 0.972890 0.125798
6 57 66.551727 0.969944 0.125124 0.972088 0.126545
6 58 66.666664 0.972349 0.126960 0.970217 0.125787
6 59 66.781609 0.973178 0.128120 0.971256 0.126130
6 60 66.896553 0.971895 0.126171 0.971524 0.127450
6 61 67.011497 0.972066 0.126337 0.971337 0.125914
6 62 67.126434 0.971836 0.128036 0.972796 0.127393
6 63 67.241379 0.970290 0.126381 0.969381 0.125367
6 64 67.356323 0.972684 0.127248 0.972236 0.126829
6 65 67.471268 0.972257 0.125779 0.971476 0.125609
6 66 67.586205 0.970596 0.126017 0.969829 0.125314
6 67 67.701149 0.972964 0.128212 0.971792 0.127122
6 68 67.816093 0.972506 0.126226 0.971742 0.126537
6 69 67.931038 0.967458 0.125982 0.972963 0.126262
6 70 68.045975 0.973466 0.126906 0.972432 0.125803
6 71 68.160919 0.974915 0.127576 0.973152 0.127009
6 72 68.275864 0.971669 0.127930 0.973427 0.126823
6 73 68.390808 0.972050 0.125319 0.971971 0.126629
6 74 68.505745 0.967579 0.126784 0.971033 0.126981
6 75 68.620689 0.972537 0.126169 0.972393 0.125460
6 76 68.735634 0.970609 0.125788 0.970823 0.125248
6 77 68.850578 0.970647 0.125794 0.972064 0.125784
6 78 68.965515 0.970827 0.125135 0.973252 0.127250
6 79 69.080460 0.972790 0.126641 0.969000 0.126765
6 80 69.195404 0.972424 0.127259 0.970970 0.125953
6 81 69.310349 0.969963 0.125167 0.972582 0.127444
6 82 69.425285 0.969882 0.126136 0.970354 0.125208
6 83 69.540230 0.968619 0.125544 0.971364 0.125021
6 84 69.655174 0.969643 0.125708 0.968151 0.123301
6 85 69.770119 0.970879 0.127037 0.971578 0.126670
6 86 69.885056 0.971936 0.125953 0.971088 0.127251
7 0 70.000000 0.970763 0.126954 0.970382 0.124693
7 1 70.114944 0.972249 0.126629 0.972185 0.127259
7 2 70.229881 0.972909 0.126897 0.972612 0.126455
7 3 70.344826 0.968559 0.125031 0.970018 0.126086
7 4 70.459770 0.970190 0.127006 0.969997 0.126188
7 5 70.574715 0.972265 0.125787 0.972773 0.124540
7 6 70.689651 0.968174 0.125422 0.975090 0.129033
7 7 70.804596 0.972697 0.127704 0.971213 0.126534
7 8 70.919540 0.970319 0.126803 0.974216 0.126483
7 9 71.034485 0.971549 0.125949 0.970764 0.126263
7 10 71.149422 0.971042 0.123741 0.974967 0.127419
7 11 71.264366 0.974761 0.127626 0.970976 0.125580
7 12 71.379311 0.969863 0.126556 0.971343 0.125687
7 13 71.494255 0.973258 0.125903 0.971978 0.126293
7 14 71.609192 0.970575 0.127388 0.971154 0.126465
7 15 71.724136 0.970697 0.124699 0.971409 0.128025
7 16 71.839081 0.971035 0.127432 0.969134 0.126000
7 17 71.954025 0.972214 0.126977 0.972119 0.126071
7 18 72.068962 0.972665 0.127371 0.973815 0.126446
7 19 72.183907 0.972068 0.126257 0.970251 0.126625
7 20 72.298851 0.970311 0.125933 0.969263 0.126178
7 21 72.413795 0.974607 0.127372 0.971034 0.126074
7 22 72.528732 0.969815 0.125374 0.971173 0.125200
7 23 72.643677 0.974229 0.127171 0.969141 0.126836
7 24 72.758621 0.970013 0.124659 0.970599 0.126551
7 25 72.873566 0.973465 0.127994 0.969575 0.125284
7 26 72.988503 0.973423 0.127215 0.973008 0.124941
7 27 73.103447 0.973081 0.126080 0.973284 0.127437
7 28 73.218391 0.971471 0.126164 0.972518 0.125836
7 29 73.333336 0.968425 0.125595 0.972065 0.126759
7 30 73.448273 0.970382 0.126440 0.968952 0.126073
7 31 73.563217 0.971769 0.126668 0.970930 0.128568
7 32 73.678162 0.969751 0.125012 0.970569 0.127703
7 33 73.793106 0.970771 0.125760 0.971624 0.126928
7 34 73.908043 0.972422 0.125436 0.970962 0.126548
7 35 74.022987 0.973483 0.126706 0.971664 0.128658
7 36 74.137932 0.975304 0.127620 0.972488 0.126520
7 37 74.252876 0.973145 0.126899 0.968750 0.126145
7 38 74.367813 0.969965 0.126275 0.971938 0.127153
7 39 74.482758 0.971650 0.126250 0.973943 0.125737
7 40 74.597702 0.972670 0.126639 0.971633 0.126756
7 41 74.712646 0.972310 0.126609 0.972240 0.127399
7 42 74.827583 0.972633 0.126285 0.972826 0.126244
7 43 74.942528 0.967773 0.124083 0.969243 0.125969
7 44 75.057472 0.973095 0.125027 0.971141 0.126498
7 45 75.172417 0.969962 0.124542 0.972673 0.126758
7 46 75.287354 0.968181 0.126767 0.968587 0.124765
7 47 75.402298 0.970505 0.125388 0.973610 0.126962
7 48 75.517242 0.971920 0.128601 0.970664 0.125500
7 49 75.632187 0.971710 0.125308 0.969717 0.126676
7 50 75.747124 0.973019 0.126244 0.967711 0.124666
7 51 75.862068 0.968355 0.124693 0.969641 0.126247
7 52 75.977013 0.971739 0.126981 0.968056 0.125114
7 53 76.091957 0.972512 0.127634 0.971762 0.125989
7 54 76.206894 0.970423 0.126199 0.975311 0.126889
7 55 76.321838 0.968948 0.126669 0.972925 0.126754
7 56 76.436783 0.970641 0.125747 0.970461 0.126191
7 57 76.551727 0.970797 0.126670 0.974026 0.127321
7 58 76.666664 0.970499 0.126608 0.971603 0.125110
7 59 76.781609 0.972136 0.124445 0.971850 0.125644
7 60 76.896553 0.970161 0.127170 0.970388 0.125476
7 61 77.011497 0.969582 0.126101 0.970775 0.125639
7 62 77.126434 0.970390 0.126229 0.973493 0.127655
7 63 77.241379 0.970786 0.127704 0.969960 0.124877
7 64 77.356323 0.974140 0.126581 0.969143 0.125112
7 65 77.471268 0.970326 0.125901 0.971788 0.127086
7 66 77.586205 0.971913 0.126766 0.974257 0.126318
7 67 77.701149 0.972055 0.128213 0.974065 0.125829
7 68 77.816093 0.975047 0.127021 0.972363 0.125920
7 69 77.931038 0.969097 0.126660 0.969032 0.125767
7 70 78.045975 0.969367 0.124631 0.968848 0.124509
7 71 78.160919 0.970638 0.126840 0.972481 0.126875
7 72 78.275864 0.968459 0.124721 0.971137 0.127846
7 73 78.390808 0.970370 0.125500 0.969642 0.126539
7 74 78.505745 0.971015 0.126147 0.970531 0.126885
7 75 78.620689 0.970291 0.125866 0.971338 0.125358
7 76 78.735634 0.973946 0.126249 0.970672 0.127231
7 77 78.850578 0.971544 0.125659 0.972936 0.126316
7 78 78.965515 0.969418 0.125224 0.971465 0.126732
7 79 79.080460 0.968784 0.126355 0.974322 0.128050
7 80 79.195404 0.971349 0.127789 0.973320 0.127374
7 81 79.310349 0.971144 0.125653 0.973822 0.126886
7 82 79.425285 0.972178 0.126554 0.973929 0.126815
7 83 79.540230 0.969760 0.124868 0.970738 0.126728
7 84 79.655174 0.974457 0.127864 0.973352 0.125097
7 85 79.770119 0.970735 0.125547 0.972257 0.126627
7 86 79.885056 0.971764 0.125824 0.969807 0.125734
8 0 80.000000 0.973273 0.126135 0.973371 0.126043
8 1 80.114944 0.970847 0.123937 0.971047 0.126740
8 2 80.229881 0.971312 0.127548 0.972192 0.124545
8 3 80.344826 0.970396 0.125498 0.970417 0.125498
8 4 80.459770 0.972497 0.127269 0.972072 0.127715
8 5 80.574715 0.972847 0.126432 0.970685 0.125660
8 6 80.689651 0.970966 0.126260 0.970672 0.124726
8 7 80.804596 0.968500 0.126181 0.973891 0.127186
8 8 80.919540 0.968876 0.127677 0.972412 0.125015
8 9 81.034485 0.971775 0.126922 0.969352 0.126502
8 10 81.149422 0.972881 0.128268 0.972556 0.128182
8 11 81.264366 0.974063 0.127549 0.971060 0.127709
8 12 81.379311 0.970485 0.125567 0.971387 0.127113
8 13 81.494255 0.971592 0.126695 0.971718 0.126769
8 14 81.609192 0.973384 0.126829 0.970918 0.128085
8 15 81.724136 0.972245 0.126032 0.972052 0.126474
8 16 81.839081 0.971486 0.126884 0.974231 0.128659
8 17 81.954025 0.972578 0.125919 0.969890 0.126175
8 18 82.068962 0.968532 0.124773 0.971420 0.127383
8 19 82.183907 0.972400 0.127752 0.971525 0.125153
8 20 82.298851 0.971229 0.126618 0.974866 0.126517
8 21 82.413795 0.972245 0.126800 0.972423 0.125561
8 22 82.528732 0.972873 0.127002 0.970793 0.126145
8 23 82.643677 0.970595 0.126518 0.971996 0.127354
8 24 82.758621 0.972780 0.127985 0.971265 0.125503
8 25 82.873566 0.972387 0.126736 0.972190 0.126208
8 26 82.988503 0.970524 0.126760 0.973092 0.126294
8 27 83.103447 0.971881 0.126022 0.974257 0.127711
8 28 83.218391 0.969345 0.125517 0.971498 0.125439
8 29 83.333336 0.968580 0.125999 0.971725 0.126762
8 30 83.448273 0.970908 0.126578 0.972860 0.127031
8 31 83.563217 0.975280 0.128483 0.974202 0.128053
8 32 83.678162 0.972113 0.126304 0.973230 0.125842
8 33 83.793106 0.973214 0.126732 0.969836 0.126776
8 34 83.908043 0.975906 0.127741 0.972666 0.126326
8 35 84.022987 0.971358 0.126040 0.971162 0.128921
8 36 84.137932 0.970693 0.126998 0.970302 0.125511
8 37 84.252876 0.971695 0.128358 0.972334 0.125367
8 38 84.367813 0.970240 0.124974 0.972203 0.125279
8 39 84.482758 0.968655 0.126862 0.969059 0.125021
8 40 84.597702 0.973507 0.126242 0.970088 0.125795
8 41 84.712646 0.971159 0.126580 0.971967 0.125494
8 42 84.827583 0.972783 0.126901 0.971226 0.127454
8 43 84.942528 0.972441 0.125076 0.970891 0.126680
8 44 85.057472 0.972018 0.126913 0.971791 0.125499
8 45 85.172417 0.971985 0.126104 0.971003 0.127622
8 46 85.287354 0.971796 0.125033 0.972321 0.126802
8 47 85.402298 0.974020 0.127448 0.971615 0.127237
8 48 85.517242 0.974245 0.125995 0.972253 0.125819
8 49 85.632187 0.971085 0.126784 0.970689 0.127113
8 50 85.747124 0.970789 0.126857 0.969878 0.125940
8 51 85.862068 0.970421 0.126507 0.971707 0.127024
8 52 85.977013 0.971945 0.126454 0.969290 0.125982
8 53 86.091957 0.971689 0.126259 0.973114 0.126647
8 54 86.206894 0.968980 0.125206 0.971077 0.125481
8 55 86.321838 0.972127 0.125366 0.974352 0.129002
8 56 86.436783 0.971261 0.125962 0.971993 0.125399
8 57 86.551727 0.973174 0.127119 0.972649 0.126394
8 58 86.666664 0.971392 0.126530 0.970621 0.124581
8 59 86.781609 0.973364 0.127361 0.969857 0.125304
8 60 86.896553 0.970729 0.126000 0.970300 0.126904
8 61 87.011497 0.971538 0.126778 0.974111 0.128206
8 62 87.126434 0.972390 0.126611 0.971934 0.126425
8 63 87.241379 0.974634 0.128422 0.971798 0.126392
8 64 87.356323 0.968992 0.124973 0.972203 0.126040
8 65 87.471268 0.970009 0.125196 0.970054 0.125589
8 66 87.586205 0.974638 0.127084 0.972936 0.127096
8 67 87.701149 0.968947 0.126609 0.970859 0.124693
8 68 87.816093 0.970159 0.126836 0.970490 0.125148
8 69 87.931038 0.974272 0.126537 0.972104 0.125748
8 70 88.045975 0.970431 0.125611 0.972536 0.126410
8 71 88.160919 0.968976 0.125226 0.971075 0.127633
8 72 88.275864 0.970708 0.126017 0.973035 0.126905
8 73 88.390808 0.972377 0.126869 0.971290 0.127706
8 74 88.505745 0.971769 0.126064 0.971812 0.125955
8 75 88.620689 0.971748 0.125842 0.972494 0.128291
8 76 88.735634 0.972489 0.126107 0.971572 0.127142
8 77 88.850578 0.970850 0.126333 0.969539 0.125230
8 78 88.965515 0.969434 0.125225 0.970993 0.127529
8 79 89.080460 0.969244 0.124802 0.970672 0.127484
8 80 89.195404 0.971093 0.125709 0.970771 0.126420
8 81 89.310349 0.973232 0.127744 0.974293 0.126631
8 82 89.425285 0.969590 0.126474 0.970757 0.125466
8 83 89.540230 0.971935 0.125787 0.968491 0.124703
8 84 89.655174 0.971304 0.126599 0.970785 0.125598
8 85 89.770119 0.970087 0.127746 0.970489 0.127023
8 86 89.885056 0.968765 0.125063 0.970577 0.124852
9 0 90.000000 0.970109 0.127336 0.972326 0.126066
9 1 90.114944 0.971718 0.126564 0.973853 0.128050
9 2 90.229881 0.971324 0.126248 0.972258 0.126336
9 3 90.344826 0.969854 0.125425 0.972056 0.127596
9 4 90.459770 0.970779 0.126982 0.970892 0.126982
9 5 90.574715 0.969561 0.126501 0.970360 0.126542
9 6 90.689651 0.970935 0.125266 0.972618 0.127257
9 7 90.804596 0.972374 0.126998 0.969948 0.126576
9 8 90.919540 0.972678 0.126808 0.972598 0.126094
9 9 91.034485 0.973229 0.126214 0.972413 0.127225
9 10 91.149422 0.974274 0.127174 0.969912 0.127167
9 11 91.264366 0.970942 0.125557 0.971672 0.125061
9 12 91.379311 0.976147 0.126559 0.971083 0.126135
9 13 91.494255 0.969822 0.126634 0.969981 0.127079
9 14 91.609192 0.971436 0.126309 0.969056 0.125686
9 15 91.724136 0.968820 0.125834 0.968863 0.124870
9 16 91.839081 0.972386 0.128005 0.969979 0.125883
9 17 91.954025 0.971922 0.127016 0.971989 0.127572
9 18 92.068962 0.970899 0.125669 0.970341 0.126069
9 19 92.183907 0.971960 0.124917 0.973010 0.128155
9 20 92.298851 0.971483 0.126730 0.970994 0.124953
9 21 92.413795 0.973039 0.127016 0.973279 0.127905
9 22 92.528732 0.972163 0.127052 0.970034 0.126277
9 23 92.643677 0.971617 0.127931 0.973869 0.128410
9 24 92.758621 0.972768 0.126453 0.972937 0.126060
9 25 92.873566 0.971103 0.125732 0.972294 0.127242
9 26 92.988503 0.972300 0.126726 0.971035 0.126175
9 27 93.103447 0.970705 0.126766 0.970707 0.127125
9 28 93.218391 0.969229 0.126006 0.973301 0.127488
9 29 93.333336 0.970122 0.126418 0.971991 0.128123
9 30 93.448273 0.973379 0.126653 0.971092 0.124961
9 31 93.563217 0.972573 0.127664 0.974227 0.126005
9 32 93.678162 0.969628 0.125676 0.972615 0.126547
9 33 93.793106 0.972538 0.127674 0.969815 0.125904
9 34 93.908043 0.970336 0.127561 0.971723 0.125783
9 35 94.022987 0.973367 0.125863 0.973665 0.127366
9 36 94.137932 0.972258 0.126320 0.971017 0.127330
9 37 94.252876 0.971335 0.125280 0.973140 0.126731
9 38 94.367813 0.973811 0.128014 0.968769 0.125201
9 39 94.482758 0.973169 0.125841 0.972132 0.126706
9 40 94.597702 0.973951 0.125835 0.973421 0.127341
9 41 94.712646 0.970555 0.127335 0.972259 0.126039
9 42 94.827583 0.970432 0.125656 0.971050 0.126173
9 43 94.942528 0.971785 0.127084 0.967495 0.125903
9 44 95.057472 0.973319 0.126391 0.969753 0.126271
9 45 95.172417 0.970806 0.124795 0.973720 0.126738
9 46 95.287354 0.969036 0.125489 0.972065 0.127682
9 47 95.402298 0.970820 0.126829 0.971703 0.125464
9 48 95.517242 0.970170 0.126745 0.973341 0.126252
9 49 95.632187 0.969733 0.125344 0.972995 0.127855
9 50 95.747124 0.971281 0.124389 0.971667 0.126619
9 51 95.862068 0.970734 0.125248 0.970833 0.126152
9 52 95.977013 0.973309 0.127455 0.970796 0.126770
9 53 96.091957 0.972981 0.128420 0.966784 0.125872
9 54 96.206894 0.970018 0.126452 0.968631 0.125882
9 55 96.321838 0.970592 0.126287 0.969606 0.125014
9 56 96.436783 0.970532 0.125423 0.971859 0.126936
9 57 96.551727 0.971935 0.127188 0.971115 0.127954
9 58 96.666664 0.971455 0.126732 0.973224 0.127077
9 59 96.781609 0.972579 0.126170 0.969228 0.126801
9 60 96.896553 0.970311 0.126542 0.971578 0.125959
9 61 97.011497 0.971429 0.126628 0.972605 0.127330
9 62 97.126434 0.969232 0.125447 0.972412 0.126585
9 63 97.241379 0.971512 0.126918 0.973309 0.126751
9 64 97.356323 0.972582 0.126688 0.970550 0.126594
9 65 97.471268 0.970361 0.125832 0.971738 0.125013
9 66 97.586205 0.969955 0.126078 0.972182 0.126333
9 67 97.701149 0.973639 0.127812 0.971319 0.128043
9 68 97.816093 0.972316 0.126417 0.972271 0.125640
9 69 97.931038 0.972475 0.126696 0.970999 0.127374
9 70 98.045975 0.972106 0.127150 0.970793 0.126417
9 71 98.160919 0.969853 0.125253 0.972454 0.125771
9 72 98.275864 0.970838 0.126506 0.972126 0.126073
9 73 98.390808 0.973369 0.127237 0.970929 0.125488
9 74 98.505745 0.972123 0.126481 0.972308 0.127643
9 75 98.620689 0.972443 0.126144 0.969380 0.125223
9 76 98.735634 0.968852 0.123480 0.969840 0.127187
9 77 98.850578 0.968781 0.125560 0.971761 0.126777
9 78 98.965515 0.976243 0.126782 0.971181 0.126720
9 79 99.080460 0.970956 0.127452 0.972598 0.126124
9 80 99.195404 0.969636 0.126373 0.970894 0.125345
9 81 99.310349 0.972363 0.127042 0.972708 0.126976
9 82 99.425285 0.973878 0.128771 0.970478 0.127321
9 83 99.540230 0.973785 0.129061 0.969269 0.127211
9 84 99.655174 0.973048 0.126513 0.972597 0.127958
9 85 99.770119 0.968096 0.124785 0.971969 0.127173
9 86 99.885056 0.972192 0.126581 0.970925 0.124385
