0 0 0.000000 0.145104 0.098418 0.148735 0.101070
0 1 0.114943 0.124151 0.087045 0.122489 0.085691
0 2 0.229885 0.103713 0.073045 0.102256 0.071560
0 3 0.344828 0.093999 0.062110 0.094553 0.062272
0 4 0.459770 0.080951 0.055970 0.079564 0.054846
0 5 0.574713 0.078894 0.053998 0.077357 0.052699
0 6 0.689655 0.075099 0.051337 0.073902 0.050114
0 7 0.804598 0.073168 0.049813 0.072367 0.048995
0 8 0.919540 0.069890 0.048206 0.068354 0.046900
0 9 1.034483 0.068407 0.047730 0.067323 0.046811
0 10 1.149425 0.068126 0.046629 0.067507 0.046431
0 11 1.264368 0.068182 0.046137 0.066604 0.045184
0 12 1.379310 0.065420 0.045139 0.064614 0.044522
0 13 1.494253 0.064542 0.044946 0.063883 0.044695
0 14 1.609195 0.067816 0.046582 0.067046 0.046155
0 15 1.724138 0.064426 0.044911 0.064387 0.044935
0 16 1.839080 0.063560 0.044595 0.061916 0.043512
0 17 1.954023 0.061508 0.043663 0.062710 0.044244
0 18 2.068965 0.064262 0.044774 0.064680 0.045273
0 19 2.183908 0.063131 0.044231 0.063563 0.044429
0 20 2.298851 0.062972 0.043885 0.064367 0.045124
0 21 2.413793 0.061798 0.043471 0.062190 0.043919
0 22 2.528736 0.060359 0.042762 0.061473 0.043136
0 23 2.643678 0.060965 0.043206 0.061521 0.043864
0 24 2.758621 0.060045 0.042810 0.060991 0.043362
0 25 2.873563 0.067815 0.046922 0.067515 0.046778
0 26 2.988506 0.059291 0.042558 0.060445 0.043414
0 27 3.103448 0.060733 0.043034 0.061038 0.043385
0 28 3.218391 0.063114 0.043392 0.061840 0.042523
0 29 3.333333 0.059661 0.042989 0.059016 0.042467
0 30 3.448276 0.058869 0.041782 0.058319 0.041856
0 31 3.563218 0.059505 0.042870 0.059719 0.042639
0 32 3.678161 0.061451 0.042851 0.062213 0.043538
0 33 3.793103 0.058844 0.042561 0.058959 0.042779
0 34 3.908046 0.060270 0.043062 0.059059 0.041921
0 35 4.022988 0.059236 0.042342 0.057458 0.041277
0 36 4.137931 0.059430 0.042783 0.058371 0.041662
0 37 4.252873 0.063508 0.043494 0.063303 0.043347
0 38 4.367816 0.059725 0.041488 0.060713 0.042323
0 39 4.482759 0.057590 0.041950 0.058313 0.042068
0 40 4.597701 0.059794 0.042661 0.059012 0.042226
0 41 4.712644 0.060147 0.041734 0.060035 0.041689
0 42 4.827586 0.061342 0.043002 0.062418 0.043649
0 43 4.942529 0.060166 0.041921 0.059171 0.041544
0 44 5.057471 0.059005 0.042165 0.058664 0.042170
0 45 5.172414 0.056922 0.041289 0.058176 0.042153
0 46 5.287356 0.060649 0.042934 0.060923 0.043208
0 47 5.402299 0.056546 0.041155 0.056229 0.040871
0 48 5.517241 0.057856 0.041404 0.057762 0.041491
0 49 5.632184 0.058459 0.042251 0.057335 0.041309
0 50 5.747127 0.058015 0.042118 0.056760 0.041096
0 51 5.862069 0.058564 0.040531 0.060424 0.041822
0 52 5.977012 0.058399 0.041532 0.058046 0.041501
0 53 6.091954 0.057680 0.041656 0.058815 0.042145
0 54 6.206897 0.057978 0.041945 0.058413 0.041719
0 55 6.321839 0.055779 0.040943 0.056987 0.041566
0 56 6.436781 0.059151 0.041978 0.058180 0.041916
0 57 6.551724 0.055779 0.040646 0.056195 0.041048
0 58 6.666667 0.055475 0.040658 0.056195 0.041238
0 59 6.781609 0.056817 0.041486 0.057478 0.041833
0 60 6.896552 0.056930 0.041599 0.057000 0.041390
0 61 7.011494 0.056346 0.040975 0.056200 0.041174
0 62 7.126437 0.056802 0.041448 0.056728 0.041548
0 63 7.241379 0.058526 0.040879 0.058429 0.040747
0 64 7.356322 0.060358 0.042155 0.060072 0.041476
0 65 7.471264 0.056747 0.040862 0.055969 0.040761
0 66 7.586207 0.058441 0.041068 0.058134 0.041145
0 67 7.701149 0.055453 0.040728 0.055832 0.041227
0 68 7.816092 0.057427 0.041728 0.056526 0.041350
0 69 7.931035 0.057910 0.041809 0.057439 0.041757
0 70 8.045977 0.056138 0.040830 0.056848 0.041149
0 71 8.160919 0.055517 0.040547 0.056055 0.041041
0 72 8.275862 0.055877 0.041198 0.054928 0.040639
0 73 8.390804 0.056387 0.041616 0.056021 0.040999
0 74 8.505747 0.057931 0.041410 0.056848 0.041032
0 75 8.620689 0.057935 0.041858 0.056672 0.040774
0 76 8.735632 0.055629 0.041001 0.055615 0.041298
0 77 8.850574 0.056708 0.041094 0.057756 0.042226
0 78 8.965517 0.058068 0.040907 0.058335 0.041396
0 79 9.080460 0.056594 0.040932 0.056895 0.041274
0 80 9.195402 0.058953 0.042423 0.058625 0.042092
0 81 9.310345 0.055531 0.040587 0.055308 0.040269
0 82 9.425287 0.055152 0.040646 0.056029 0.041221
0 83 9.540230 0.054845 0.040502 0.055170 0.040770
0 84 9.655172 0.056003 0.040829 0.057233 0.041219
0 85 9.770115 0.053850 0.040134 0.055327 0.041326
0 86 9.885057 0.056047 0.041153 0.055216 0.040215
1 0 10.000000 0.055107 0.040613 0.054596 0.040514
1 1 10.114943 0.057498 0.041397 0.057208 0.040639
1 2 10.229885 0.053693 0.039668 0.055097 0.040815
1 3 10.344828 0.055322 0.041185 0.053731 0.039887
1 4 10.459770 0.055158 0.041428 0.053767 0.040185
1 5 10.574713 0.055593 0.040398 0.055765 0.040494
1 6 10.689655 0.055420 0.041042 0.054390 0.040372
1 7 10.804598 0.056957 0.041502 0.058221 0.042393
1 8 10.919540 0.057193 0.040028 0.056459 0.039934
1 9 11.034483 0.055889 0.040645 0.055612 0.040271
1 10 11.149426 0.057379 0.040790 0.056714 0.040621
1 11 11.264368 0.055639 0.041158 0.054912 0.040346
1 12 11.379311 0.054414 0.039971 0.054005 0.040254
1 13 11.494253 0.057632 0.040819 0.057371 0.040555
1 14 11.609196 0.056029 0.040897 0.055183 0.040267
1 15 11.724138 0.054222 0.040107 0.054939 0.040746
1 16 11.839081 0.053662 0.039884 0.054194 0.040130
1 17 11.954023 0.053971 0.040337 0.054477 0.040672
1 18 12.068966 0.055302 0.040509 0.055775 0.040755
1 19 12.183908 0.054213 0.040131 0.053601 0.040300
1 20 12.298851 0.054291 0.040210 0.054344 0.040579
1 21 12.413794 0.052367 0.039290 0.053187 0.040022
1 22 12.528735 0.053953 0.039850 0.054218 0.040088
1 23 12.643678 0.053472 0.039346 0.054771 0.040164
1 24 12.758620 0.055152 0.041052 0.054914 0.040596
1 25 12.873563 0.055766 0.041331 0.056265 0.041109
1 26 12.988505 0.054144 0.040292 0.053985 0.040455
1 27 13.103448 0.054477 0.040510 0.054562 0.040653
1 28 13.218390 0.054413 0.040665 0.055982 0.041431
1 29 13.333333 0.053469 0.040227 0.054228 0.040120
1 30 13.448276 0.057762 0.041120 0.056639 0.040398
1 31 13.563218 0.053874 0.039991 0.055436 0.040926
1 32 13.678161 0.054623 0.040592 0.055276 0.040944
1 33 13.793103 0.054788 0.040735 0.054835 0.040768
1 34 13.908046 0.054418 0.040526 0.054178 0.040566
1 35 14.022988 0.054806 0.041173 0.052528 0.039381
1 36 14.137931 0.052699 0.039558 0.053547 0.040134
1 37 14.252873 0.053169 0.039531 0.053451 0.039814
1 38 14.367816 0.055732 0.040286 0.056153 0.040325
1 39 14.482759 0.052897 0.039525 0.053956 0.040445
1 40 14.597701 0.054034 0.039525 0.053975 0.039962
1 41 14.712644 0.055486 0.040779 0.054836 0.040368
1 42 14.827586 0.054290 0.040731 0.054017 0.040571
1 43 14.942529 0.056517 0.040685 0.057689 0.041631
1 44 15.057471 0.055680 0.041021 0.054836 0.040097
1 45 15.172414 0.054435 0.040653 0.055542 0.041233
1 46 15.287356 0.056524 0.041210 0.055072 0.040371
1 47 15.402299 0.054238 0.040264 0.054098 0.039931
1 48 15.517241 0.055548 0.040110 0.055874 0.040359
1 49 15.632184 0.054153 0.040830 0.052677 0.040180
1 50 15.747127 0.053887 0.040548 0.053943 0.040136
1 51 15.862069 0.052713 0.039767 0.053534 0.040095
1 52 15.977012 0.056092 0.040835 0.055670 0.040286
1 53 16.091953 0.054380 0.040481 0.053745 0.040339
1 54 16.206896 0.053319 0.039669 0.053518 0.039911
1 55 16.321838 0.054458 0.040080 0.054328 0.039703
1 56 16.436781 0.054210 0.040804 0.052996 0.040019
1 57 16.551723 0.054343 0.040047 0.055257 0.040690
1 58 16.666666 0.053933 0.040663 0.052852 0.039908
1 59 16.781609 0.054179 0.039988 0.055073 0.040581
1 60 16.896551 0.054519 0.040339 0.053026 0.040083
1 61 17.011494 0.053323 0.039958 0.052624 0.039232
1 62 17.126436 0.054752 0.041009 0.054170 0.040484
1 63 17.241379 0.056588 0.040849 0.055123 0.040140
1 64 17.356321 0.054532 0.040879 0.054470 0.040320
1 65 17.471264 0.053417 0.040207 0.053094 0.039835
1 66 17.586206 0.053339 0.039902 0.052694 0.039620
1 67 17.701149 0.054352 0.040436 0.053864 0.040027
1 68 17.816092 0.053261 0.040184 0.052407 0.039427
1 69 17.931034 0.053718 0.039924 0.053205 0.039665
1 70 18.045977 0.054151 0.040415 0.054850 0.041235
1 71 18.160919 0.054543 0.040402 0.052942 0.039727
1 72 18.275862 0.054926 0.040786 0.054156 0.040178
1 73 18.390804 0.053809 0.039791 0.055312 0.040870
1 74 18.505747 0.053425 0.039561 0.053702 0.039928
1 75 18.620689 0.053833 0.040068 0.054003 0.039962
1 76 18.735632 0.055837 0.040893 0.055310 0.041070
1 77 18.850574 0.052766 0.040164 0.054091 0.040596
1 78 18.965517 0.056141 0.040972 0.056366 0.041416
1 79 19.080460 0.055612 0.040676 0.055404 0.041217
1 80 19.195402 0.053200 0.040036 0.052750 0.039426
1 81 19.310345 0.055012 0.040524 0.054525 0.040157
1 82 19.425287 0.053919 0.039920 0.053412 0.039567
1 83 19.540230 0.053342 0.040191 0.051779 0.038945
1 84 19.655172 0.053535 0.039875 0.053197 0.039363
1 85 19.770115 0.053688 0.040189 0.053000 0.039572
1 86 19.885057 0.054281 0.040631 0.054225 0.040739
2 0 20.000000 0.054296 0.040496 0.052873 0.039289
2 1 20.114943 0.053557 0.039982 0.051535 0.039257
2 2 20.229885 0.054334 0.040855 0.054108 0.039955
2 3 20.344828 0.053375 0.039915 0.054378 0.040374
2 4 20.459770 0.051819 0.039330 0.052215 0.039459
2 5 20.574713 0.053147 0.039496 0.053303 0.039974
2 6 20.689655 0.052010 0.039260 0.052959 0.039802
2 7 20.804598 0.053193 0.039948 0.052589 0.039665
2 8 20.919540 0.052608 0.039314 0.052047 0.039482
2 9 21.034483 0.053841 0.039897 0.053826 0.039620
2 10 21.149426 0.052325 0.039847 0.053346 0.040425
2 11 21.264368 0.053907 0.040473 0.054095 0.040491
2 12 21.379311 0.055273 0.041084 0.054014 0.039766
2 13 21.494253 0.053171 0.040687 0.052990 0.039683
2 14 21.609196 0.052331 0.039911 0.052169 0.039639
2 15 21.724138 0.052363 0.039355 0.052167 0.039106
2 16 21.839081 0.053362 0.039877 0.052896 0.039486
2 17 21.954023 0.054122 0.040118 0.054356 0.040534
2 18 22.068966 0.056147 0.039620 0.056897 0.040387
2 19 22.183908 0.052853 0.039835 0.052426 0.039907
2 20 22.298851 0.051398 0.039237 0.051974 0.039688
2 21 22.413794 0.052741 0.038823 0.053238 0.039221
2 22 22.528736 0.052971 0.039730 0.053888 0.039907
2 23 22.643679 0.051945 0.039745 0.052845 0.039743
2 24 22.758621 0.053522 0.040238 0.053667 0.040094
2 25 22.873564 0.052916 0.039882 0.053461 0.040195
2 26 22.988506 0.053272 0.040040 0.052756 0.039909
2 27 23.103449 0.053687 0.040682 0.054130 0.040955
2 28 23.218391 0.051897 0.039437 0.051603 0.039181
2 29 23.333334 0.055044 0.041166 0.053530 0.040190
2 30 23.448277 0.052255 0.038758 0.052783 0.039529
2 31 23.563219 0.052162 0.039738 0.052555 0.039841
2 32 23.678162 0.053381 0.040229 0.051967 0.038894
2 33 23.793104 0.053289 0.039468 0.053510 0.039249
2 34 23.908047 0.053082 0.040060 0.053195 0.039980
2 35 24.022989 0.052402 0.039033 0.054086 0.040744
2 36 24.137932 0.053951 0.040238 0.052917 0.039542
2 37 24.252874 0.055051 0.040639 0.053906 0.039909
2 38 24.367817 0.053238 0.040598 0.052571 0.040206
2 39 24.482759 0.055555 0.040148 0.054644 0.039306
2 40 24.597702 0.052960 0.039735 0.052578 0.039856
2 41 24.712645 0.052059 0.039473 0.053004 0.040161
2 42 24.827587 0.053834 0.040065 0.053352 0.039751
2 43 24.942530 0.053077 0.039802 0.053430 0.040014
2 44 25.057470 0.053464 0.040383 0.053339 0.039785
2 45 25.172413 0.052536 0.039845 0.052819 0.039702
2 46 25.287355 0.052815 0.039984 0.051413 0.039221
2 47 25.402298 0.053545 0.040916 0.053204 0.040682
2 48 25.517241 0.051259 0.038733 0.052002 0.039097
2 49 25.632183 0.053089 0.039857 0.050987 0.038617
2 50 25.747126 0.052325 0.039159 0.053420 0.040210
2 51 25.862068 0.053095 0.039793 0.053833 0.039908
2 52 25.977011 0.053057 0.039591 0.053440 0.040088
2 53 26.091953 0.052516 0.039898 0.051880 0.039719
2 54 26.206896 0.052849 0.039978 0.052883 0.039945
2 55 26.321838 0.051646 0.039548 0.052501 0.039693
2 56 26.436781 0.052515 0.039638 0.052873 0.040308
2 57 26.551723 0.051788 0.039028 0.052546 0.039920
2 58 26.666666 0.054034 0.040318 0.053142 0.039896
2 59 26.781609 0.052284 0.039455 0.051545 0.039008
2 60 26.896551 0.051863 0.039082 0.052619 0.039963
2 61 27.011494 0.052773 0.040459 0.051749 0.039545
2 62 27.126436 0.052957 0.039584 0.052989 0.039513
2 63 27.241379 0.053372 0.040096 0.053184 0.039762
2 64 27.356321 0.052834 0.039543 0.053671 0.040363
2 65 27.471264 0.052371 0.039551 0.051431 0.038686
2 66 27.586206 0.052118 0.039123 0.052235 0.039163
2 67 27.701149 0.054231 0.040400 0.052426 0.039459
2 68 27.816092 0.053139 0.040138 0.052754 0.039652
2 69 27.931034 0.051806 0.039673 0.052652 0.040308
2 70 28.045977 0.052527 0.039713 0.052816 0.039911
2 71 28.160919 0.051623 0.039477 0.051630 0.038988
2 72 28.275862 0.053230 0.039607 0.053711 0.039977
2 73 28.390804 0.052620 0.040133 0.053137 0.040238
2 74 28.505747 0.054669 0.040186 0.055129 0.041065
2 75 28.620689 0.054286 0.040662 0.053606 0.039882
2 76 28.735632 0.052920 0.040393 0.051563 0.039507
2 77 28.850574 0.052842 0.039895 0.051945 0.039247
2 78 28.965517 0.051799 0.038851 0.052669 0.039622
2 79 29.080460 0.052645 0.040168 0.050944 0.038789
2 80 29.195402 0.051378 0.039106 0.052308 0.039851
2 81 29.310345 0.053919 0.040092 0.052650 0.039002
2 82 29.425287 0.051851 0.039858 0.051028 0.039001
2 83 29.540230 0.050955 0.039164 0.051894 0.039467
2 84 29.655172 0.053182 0.040316 0.052010 0.039782
2 85 29.770115 0.052974 0.040238 0.052006 0.039539
2 86 29.885057 0.053607 0.040024 0.053421 0.039917
3 0 30.000000 0.053224 0.041022 0.051322 0.039017
3 1 30.114943 0.052385 0.039536 0.052399 0.039314
3 2 30.229885 0.053804 0.039801 0.053560 0.039765
3 3 30.344828 0.053017 0.039515 0.053234 0.039795
3 4 30.459770 0.053125 0.039981 0.053383 0.040442
3 5 30.574713 0.054376 0.040605 0.053264 0.039885
3 6 30.689655 0.053233 0.039347 0.055230 0.040961
3 7 30.804598 0.053561 0.040036 0.052304 0.039176
3 8 30.919540 0.053198 0.040153 0.052411 0.039388
3 9 31.034483 0.051812 0.039184 0.052680 0.039859
3 10 31.149426 0.051492 0.039226 0.051402 0.038917
3 11 31.264368 0.052118 0.040181 0.050906 0.039183
3 12 31.379311 0.051572 0.039577 0.051142 0.039072
3 13 31.494253 0.052171 0.040090 0.052255 0.039906
3 14 31.609196 0.051947 0.039468 0.052499 0.040110
3 15 31.724138 0.052808 0.039815 0.052463 0.039292
3 16 31.839081 0.052585 0.040186 0.052008 0.040034
3 17 31.954023 0.050648 0.038987 0.051916 0.039782
3 18 32.068966 0.051554 0.039344 0.052022 0.039837
3 19 32.183907 0.053438 0.039614 0.052987 0.039399
3 20 32.298851 0.052487 0.040049 0.052978 0.040114
3 21 32.413792 0.051972 0.039678 0.052340 0.039869
3 22 32.528736 0.049927 0.038312 0.051968 0.039906
3 23 32.643677 0.051368 0.039079 0.052447 0.039798
3 24 32.758621 0.051116 0.039363 0.050827 0.039018
3 25 32.873562 0.051663 0.039640 0.052295 0.039756
3 26 32.988506 0.055662 0.040309 0.056092 0.040463
3 27 33.103447 0.053588 0.040403 0.052666 0.039510
3 28 33.218391 0.051685 0.039535 0.051950 0.039369
3 29 33.333332 0.052256 0.039641 0.052526 0.040040
3 30 33.448277 0.053188 0.040191 0.051373 0.038901
3 31 33.563217 0.052208 0.039970 0.051157 0.038935
3 32 33.678162 0.051151 0.039029 0.051231 0.039539
3 33 33.793102 0.052062 0.039611 0.052373 0.039611
3 34 33.908047 0.052066 0.039393 0.053040 0.040757
3 35 34.022987 0.053019 0.040604 0.052030 0.039439
3 36 34.137932 0.051227 0.039813 0.051028 0.038995
3 37 34.252872 0.050318 0.038755 0.051223 0.039451
3 38 34.367817 0.051736 0.039674 0.051717 0.039844
3 39 34.482758 0.051667 0.039288 0.051996 0.039824
3 40 34.597702 0.051839 0.039611 0.052565 0.040070
3 41 34.712643 0.051394 0.039634 0.050743 0.039013
3 42 34.827587 0.051895 0.039566 0.052098 0.039891
3 43 34.942528 0.050868 0.039020 0.052195 0.039518
3 44 35.057472 0.050465 0.038554 0.051465 0.039238
3 45 35.172413 0.053604 0.040757 0.052616 0.039799
3 46 35.287357 0.051622 0.038739 0.052961 0.039945
3 47 35.402298 0.051916 0.039719 0.052016 0.039552
3 48 35.517242 0.053199 0.040579 0.051005 0.039046
3 49 35.632183 0.052697 0.039901 0.052593 0.039655
3 50 35.747128 0.053694 0.039785 0.053630 0.039843
3 51 35.862068 0.052007 0.039432 0.051792 0.039481
3 52 35.977013 0.051429 0.039148 0.051603 0.039513
3 53 36.091953 0.050747 0.038959 0.051325 0.039114
3 54 36.206898 0.051420 0.039489 0.051518 0.039920
3 55 36.321838 0.052900 0.040784 0.051747 0.039795
3 56 36.436783 0.052786 0.039946 0.052965 0.039987
3 57 36.551723 0.052435 0.039870 0.051158 0.038965
3 58 36.666668 0.051266 0.039531 0.051714 0.039347
3 59 36.781609 0.052227 0.040038 0.051047 0.039366
3 60 36.896553 0.052278 0.039408 0.051496 0.038578
3 61 37.011494 0.052284 0.039771 0.051911 0.039325
3 62 37.126438 0.052098 0.039958 0.052405 0.039780
3 63 37.241379 0.052256 0.039611 0.051847 0.039307
3 64 37.356323 0.052030 0.039300 0.052764 0.039697
3 65 37.471264 0.051815 0.039650 0.053336 0.040897
3 66 37.586208 0.052567 0.040307 0.051228 0.039239
3 67 37.701149 0.051781 0.039467 0.050938 0.039257
3 68 37.816093 0.050370 0.038817 0.051796 0.039667
3 69 37.931034 0.052395 0.040112 0.051930 0.040285
3 70 38.045979 0.051559 0.039204 0.051862 0.039509
3 71 38.160919 0.051570 0.038798 0.052077 0.039489
3 72 38.275864 0.051189 0.038716 0.051344 0.039062
3 73 38.390804 0.052892 0.040439 0.051832 0.040121
3 74 38.505749 0.051125 0.038788 0.051968 0.039517
3 75 38.620689 0.051522 0.039382 0.051388 0.039108
3 76 38.735634 0.052917 0.040284 0.052262 0.039458
3 77 38.850574 0.052027 0.040088 0.051955 0.039835
3 78 38.965519 0.052599 0.039741 0.051852 0.039626
3 79 39.080460 0.053253 0.040410 0.052678 0.040113
3 80 39.195404 0.051256 0.039468 0.051763 0.039854
3 81 39.310345 0.053708 0.040216 0.051670 0.038836
3 82 39.425289 0.052073 0.039953 0.051810 0.039575
3 83 39.540230 0.052250 0.039704 0.051627 0.039184
3 84 39.655174 0.051238 0.039395 0.051125 0.039221
3 85 39.770115 0.050289 0.038764 0.051069 0.039333
3 86 39.885059 0.051605 0.039443 0.051731 0.039898
4 0 40.000000 0.052239 0.039875 0.051878 0.039194
4 1 40.114941 0.050549 0.039046 0.050271 0.038423
4 2 40.229885 0.051925 0.039614 0.052453 0.039855
4 3 40.344826 0.050890 0.038913 0.051663 0.039472
4 4 40.459770 0.052132 0.039956 0.051511 0.039520
4 5 40.574711 0.051412 0.039458 0.051100 0.039089
4 6 40.689655 0.051178 0.039242 0.052338 0.039980
4 7 40.804596 0.050164 0.038569 0.050220 0.038974
4 8 40.919540 0.049551 0.038364 0.051974 0.039884
4 9 41.034481 0.052638 0.040052 0.052672 0.040010
4 10 41.149426 0.052029 0.039626 0.052394 0.039954
4 11 41.264366 0.052578 0.039694 0.052265 0.039639
4 12 41.379311 0.051214 0.039580 0.049852 0.038451
4 13 41.494251 0.052290 0.039969 0.052156 0.039799
4 14 41.609196 0.051848 0.040211 0.052147 0.039840
4 15 41.724136 0.051494 0.039233 0.052033 0.040051
4 16 41.839081 0.050598 0.039085 0.050997 0.039213
4 17 41.954021 0.051144 0.039340 0.051813 0.040434
4 18 42.068966 0.051274 0.039740 0.050516 0.039244
4 19 42.183907 0.051368 0.039150 0.052435 0.040410
4 20 42.298851 0.050317 0.038613 0.051105 0.039384
4 21 42.413792 0.051047 0.038940 0.051408 0.039450
4 22 42.528736 0.052379 0.039972 0.054065 0.040965
4 23 42.643677 0.051067 0.039380 0.051406 0.039709
4 24 42.758621 0.052702 0.040001 0.052393 0.039786
4 25 42.873562 0.052439 0.039586 0.050983 0.038623
4 26 42.988506 0.050966 0.038923 0.051028 0.039365
4 27 43.103447 0.051763 0.039292 0.052346 0.040001
4 28 43.218391 0.051990 0.039834 0.051457 0.039220
4 29 43.333332 0.050938 0.038956 0.053455 0.040620
4 30 43.448277 0.052026 0.039736 0.052362 0.040207
4 31 43.563217 0.050642 0.038837 0.051990 0.039986
4 32 43.678162 0.051918 0.039787 0.051568 0.039230
4 33 43.793102 0.051223 0.039121 0.051707 0.039683
4 34 43.908047 0.051413 0.039559 0.051483 0.039301
4 35 44.022987 0.051038 0.039152 0.052201 0.039951
4 36 44.137932 0.050737 0.038953 0.050450 0.039107
4 37 44.252872 0.051165 0.038489 0.053501 0.040786
4 38 44.367817 0.051348 0.039265 0.052099 0.040037
4 39 44.482758 0.050574 0.038823 0.052852 0.040243
4 40 44.597702 0.050778 0.039327 0.050346 0.039283
4 41 44.712643 0.050672 0.038870 0.051159 0.039275
4 42 44.827587 0.051100 0.039169 0.052412 0.040368
4 43 44.942528 0.051298 0.039404 0.053350 0.041228
4 44 45.057472 0.052169 0.039536 0.052305 0.040066
4 45 45.172413 0.050813 0.039213 0.050555 0.038858
4 46 45.287357 0.051831 0.039600 0.051640 0.039493
4 47 45.402298 0.052262 0.040332 0.050184 0.038409
4 48 45.517242 0.051024 0.038998 0.050460 0.038666
4 49 45.632183 0.051055 0.039359 0.051559 0.040021
4 50 45.747128 0.052101 0.039938 0.051771 0.040070
4 51 45.862068 0.052159 0.039898 0.052576 0.039752
4 52 45.977013 0.052054 0.039817 0.051839 0.039186
4 53 46.091953 0.050453 0.039121 0.051300 0.039308
4 54 46.206898 0.051370 0.039479 0.051775 0.039483
4 55 46.321838 0.050643 0.039180 0.051449 0.039698
4 56 46.436783 0.050022 0.038830 0.051549 0.039395
4 57 46.551723 0.050559 0.038927 0.052183 0.039847
4 58 46.666668 0.051419 0.039084 0.051416 0.039154
4 59 46.781609 0.049698 0.038663 0.051401 0.039522
4 60 46.896553 0.051225 0.039394 0.050224 0.039005
4 61 47.011494 0.050668 0.039010 0.050194 0.038739
4 62 47.126438 0.051122 0.039256 0.050580 0.038798
4 63 47.241379 0.050022 0.038713 0.051045 0.039346
4 64 47.356323 0.051895 0.040273 0.050683 0.039561
4 65 47.471264 0.052345 0.039740 0.051347 0.039102
4 66 47.586208 0.051956 0.039351 0.050908 0.038978
4 67 47.701149 0.051368 0.039340 0.052468 0.039752
4 68 47.816093 0.051690 0.039661 0.050011 0.038657
4 69 47.931034 0.051895 0.039722 0.050438 0.038740
4 70 48.045979 0.050963 0.039223 0.050258 0.039000
4 71 48.160919 0.050888 0.039065 0.052375 0.040160
4 72 48.275864 0.052738 0.039632 0.052409 0.039617
4 73 48.390804 0.052122 0.039415 0.051645 0.039379
4 74 48.505749 0.051842 0.040021 0.051853 0.039980
4 75 48.620689 0.051252 0.039563 0.052116 0.040041
4 76 48.735634 0.051924 0.039875 0.050569 0.039258
4 77 48.850574 0.050764 0.039029 0.050536 0.038702
4 78 48.965519 0.050303 0.038658 0.051533 0.039862
4 79 49.080460 0.050299 0.038984 0.050558 0.039212
4 80 49.195404 0.050432 0.038774 0.051207 0.039438
4 81 49.310345 0.050129 0.038749 0.050465 0.038939
4 82 49.425289 0.052215 0.039615 0.052289 0.039802
4 83 49.540230 0.051536 0.039644 0.051891 0.040566
4 84 49.655174 0.051384 0.039559 0.050525 0.039442
4 85 49.770115 0.052864 0.040516 0.052427 0.039555
4 86 49.885059 0.050824 0.039134 0.052105 0.040272
5 0 50.000000 0.052181 0.040039 0.052098 0.039586
5 1 50.114941 0.051608 0.039486 0.050272 0.038689
5 2 50.229885 0.051766 0.039635 0.051210 0.039383
5 3 50.344826 0.051333 0.038954 0.052746 0.040201
5 4 50.459770 0.050233 0.039261 0.050854 0.039184
5 5 50.574711 0.050845 0.039447 0.050826 0.039662
5 6 50.689655 0.049444 0.038589 0.050838 0.039294
5 7 50.804596 0.050522 0.038724 0.050895 0.039520
5 8 50.919540 0.050473 0.038545 0.051937 0.039487
5 9 51.034481 0.050663 0.039081 0.050635 0.039380
5 10 51.149426 0.050824 0.039493 0.050755 0.039047
5 11 51.264366 0.050736 0.039617 0.050643 0.039084
5 12 51.379311 0.051979 0.039589 0.051564 0.039467
5 13 51.494251 0.051979 0.039946 0.051998 0.039945
5 14 51.609196 0.050252 0.038835 0.051577 0.039615
5 15 51.724136 0.051308 0.039779 0.052214 0.039970
5 16 51.839081 0.050175 0.039060 0.051182 0.039413
5 17 51.954021 0.050581 0.038958 0.051166 0.039557
5 18 52.068966 0.051402 0.039643 0.050732 0.039437
5 19 52.183907 0.051872 0.040356 0.051209 0.039454
5 20 52.298851 0.050725 0.039224 0.050988 0.039598
5 21 52.413792 0.050563 0.039297 0.050770 0.038876
5 22 52.528736 0.050651 0.038899 0.051431 0.039613
5 23 52.643677 0.051252 0.039315 0.052008 0.039503
5 24 52.758621 0.051809 0.039532 0.050407 0.038508
5 25 52.873562 0.051160 0.038584 0.050974 0.038841
5 26 52.988506 0.052259 0.040113 0.050965 0.038921
5 27 53.103447 0.051689 0.039862 0.050445 0.038806
5 28 53.218391 0.050995 0.038957 0.052000 0.039805
5 29 53.333332 0.052587 0.039625 0.051730 0.039344
5 30 53.448277 0.051903 0.039618 0.051586 0.039271
5 31 53.563217 0.050826 0.039556 0.050427 0.038810
5 32 53.678162 0.051748 0.039813 0.052018 0.040547
5 33 53.793102 0.051527 0.039737 0.051373 0.039139
5 34 53.908047 0.050195 0.038834 0.051192 0.039627
5 35 54.022987 0.052061 0.039034 0.051622 0.038899
5 36 54.137932 0.051775 0.039423 0.051138 0.038927
5 37 54.252872 0.050700 0.039176 0.051371 0.039632
5 38 54.367817 0.051480 0.039417 0.050182 0.038754
5 39 54.482758 0.050279 0.038976 0.051368 0.039714
5 40 54.597702 0.051314 0.039524 0.051333 0.039557
5 41 54.712643 0.051303 0.039412 0.050639 0.038763
5 42 54.827587 0.051171 0.039640 0.051847 0.039613
5 43 54.942528 0.051292 0.039137 0.050810 0.039503
5 44 55.057472 0.052010 0.039978 0.051172 0.039273
5 45 55.172413 0.051032 0.039395 0.050568 0.038819
5 46 55.287357 0.050027 0.038574 0.050646 0.038818
5 47 55.402298 0.052179 0.039422 0.051226 0.039316
5 48 55.517242 0.052001 0.039861 0.051175 0.039058
5 49 55.632183 0.050738 0.039377 0.051045 0.039372
5 50 55.747128 0.050852 0.039035 0.050874 0.039064
5 51 55.862068 0.050594 0.039090 0.049710 0.038995
5 52 55.977013 0.050073 0.038981 0.050564 0.038751
5 53 56.091953 0.051652 0.039621 0.051226 0.039766
5 54 56.206898 0.050863 0.039074 0.051382 0.039256
5 55 56.321838 0.052593 0.040223 0.051682 0.039805
5 56 56.436783 0.050794 0.039073 0.050894 0.038492
5 57 56.551723 0.051098 0.039305 0.051113 0.038944
5 58 56.666668 0.051338 0.039379 0.051605 0.039231
5 59 56.781609 0.052756 0.039929 0.051460 0.038449
5 60 56.896553 0.051152 0.038900 0.050715 0.038682
5 61 57.011494 0.051332 0.039683 0.050677 0.039052
5 62 57.126438 0.050126 0.039047 0.050537 0.039482
5 63 57.241379 0.050091 0.039229 0.051197 0.039603
5 64 57.356323 0.051249 0.039747 0.051865 0.039830
5 65 57.471264 0.051257 0.039969 0.050598 0.038998
5 66 57.586208 0.052688 0.039984 0.052045 0.039499
5 67 57.701149 0.052687 0.040621 0.052163 0.039674
5 68 57.816093 0.052245 0.039727 0.051361 0.039504
5 69 57.931034 0.051079 0.039793 0.051441 0.039925
5 70 58.045979 0.051282 0.039434 0.049868 0.038480
5 71 58.160919 0.050415 0.038612 0.052248 0.040303
5 72 58.275864 0.051976 0.039982 0.051595 0.039340
5 73 58.390804 0.050501 0.038576 0.051175 0.039243
5 74 58.505749 0.050877 0.039258 0.051021 0.039746
5 75 58.620689 0.052297 0.040578 0.051018 0.039480
5 76 58.735634 0.051075 0.039679 0.050569 0.038998
5 77 58.850574 0.051641 0.039638 0.050786 0.039355
5 78 58.965519 0.050270 0.039057 0.050553 0.039492
5 79 59.080460 0.051005 0.039000 0.050695 0.038863
5 80 59.195404 0.050512 0.039360 0.050825 0.039485
5 81 59.310345 0.051335 0.039485 0.051374 0.039413
5 82 59.425289 0.050579 0.039215 0.051079 0.039236
5 83 59.540230 0.050978 0.039506 0.050453 0.038980
5 84 59.655174 0.048744 0.037974 0.050453 0.038986
5 85 59.770115 0.050436 0.038868 0.050532 0.039146
5 86 59.885059 0.049413 0.038464 0.050752 0.039148
6 0 60.000000 0.052234 0.040131 0.050677 0.039011
6 1 60.114941 0.050619 0.039069 0.049644 0.038699
6 2 60.229885 0.051309 0.040083 0.050225 0.039476
6 3 60.344826 0.050984 0.039879 0.050792 0.039255
6 4 60.459770 0.050026 0.039062 0.051255 0.039666
6 5 60.574711 0.050204 0.038371 0.051602 0.039331
6 6 60.689655 0.051194 0.039406 0.050523 0.039474
6 7 60.804596 0.050179 0.038860 0.051867 0.040325
6 8 60.919540 0.050226 0.039082 0.050266 0.038980
6 9 61.034481 0.051969 0.039879 0.051083 0.039082
6 10 61.149426 0.051345 0.039512 0.051355 0.039686
6 11 61.264366 0.051022 0.039347 0.052389 0.040251
6 12 61.379311 0.051900 0.039377 0.051342 0.039429
6 13 61.494251 0.052587 0.039946 0.051537 0.039665
6 14 61.609196 0.051688 0.039805 0.050294 0.038907
6 15 61.724136 0.051965 0.039661 0.051932 0.039969
6 16 61.839081 0.052094 0.039679 0.050901 0.039641
6 17 61.954021 0.050626 0.039014 0.051207 0.039600
6 18 62.068966 0.050391 0.038886 0.051047 0.039468
6 19 62.183907 0.049869 0.038667 0.050254 0.038931
6 20 62.298851 0.050231 0.038921 0.049875 0.038610
6 21 62.413792 0.050011 0.038560 0.050414 0.039315
6 22 62.528736 0.049848 0.038835 0.050224 0.039157
6 23 62.643677 0.051249 0.039581 0.050632 0.039206
6 24 62.758621 0.050999 0.039973 0.050646 0.039265
6 25 62.873562 0.050451 0.039100 0.049690 0.038467
6 26 62.988506 0.051183 0.039131 0.051936 0.039188
6 27 63.103447 0.050914 0.038712 0.052529 0.040067
6 28 63.218391 0.050295 0.039156 0.050491 0.039779
6 29 63.333332 0.050754 0.039008 0.053044 0.040659
6 30 63.448277 0.051516 0.039550 0.050545 0.039181
6 31 63.563217 0.051585 0.039964 0.050094 0.039056
6 32 63.678162 0.051626 0.039779 0.051599 0.039634
6 33 63.793102 0.049623 0.038874 0.050931 0.039328
6 34 63.908047 0.051015 0.039173 0.050694 0.039230
6 35 64.022987 0.051303 0.039608 0.049339 0.038914
6 36 64.137932 0.051264 0.039807 0.051249 0.039624
6 37 64.252876 0.050239 0.038604 0.050914 0.039536
6 38 64.367813 0.051648 0.039653 0.051610 0.040109
6 39 64.482758 0.049483 0.038419 0.050670 0.039330
6 40 64.597702 0.051692 0.040090 0.051453 0.039905
6 41 64.712646 0.051889 0.040073 0.050883 0.039053
6 42 64.827583 0.051524 0.039499 0.050724 0.038848
6 43 64.942528 0.050929 0.039315 0.051645 0.039766
6 44 65.057472 0.050968 0.039408 0.051420 0.039859
6 45 65.172417 0.051329 0.039501 0.050321 0.038989
6 46 65.287354 0.051183 0.040227 0.049830 0.038793
6 47 65.402298 0.050603 0.039354 0.051468 0.039869
6 48 65.517242 0.051202 0.039592 0.050810 0.039124
6 49 65.632187 0.050311 0.038763 0.051603 0.039392
6 50 65.747124 0.050679 0.039453 0.049163 0.038492
6 51 65.862068 0.050475 0.039732 0.050403 0.039274
6 52 65.977013 0.051078 0.039492 0.051662 0.039641
6 53 66.091957 0.051215 0.039599 0.052923 0.040255
6 54 66.206894 0.051507 0.039972 0.049564 0.038979
6 55 66.321838 0.051534 0.039696 0.050533 0.039135
6 56 66.436783 0.049966 0.038537 0.049453 0.038309
6 57 66.551727 0.051238 0.040202 0.051639 0.040475
6 58 66.666664 0.050978 0.038956 0.051143 0.039249
6 59 66.781609 0.051518 0.039512 0.050664 0.039118
6 60 66.896553 0.050588 0.038742 0.049722 0.038628
6 61 67.011497 0.051609 0.039451 0.051756 0.040115
6 62 67.126434 0.050903 0.039123 0.051558 0.039998
6 63 67.241379 0.050470 0.039042 0.051718 0.039847
6 64 67.356323 0.051981 0.039804 0.051326 0.038818
6 65 67.471268 0.050616 0.039385 0.051469 0.039539
6 66 67.586205 0.049777 0.038573 0.050370 0.038574
6 67 67.701149 0.051616 0.039668 0.049711 0.038654
6 68 67.816093 0.051345 0.039529 0.050279 0.038407
6 69 67.931038 0.050934 0.039229 0.049920 0.038381
6 70 68.045975 0.051445 0.039461 0.050902 0.038728
6 71 68.160919 0.052670 0.040111 0.050209 0.038792
6 72 68.275864 0.051798 0.039159 0.051799 0.039727
6 73 68.390808 0.051168 0.038975 0.051468 0.039197
6 74 68.505745 0.050290 0.038980 0.050601 0.039451
6 75 68.620689 0.050310 0.038880 0.050798 0.039248
6 76 68.735634 0.050774 0.039269 0.050129 0.039119
6 77 68.850578 0.050225 0.039107 0.051180 0.039703
6 78 68.965515 0.049192 0.038614 0.050866 0.039845
6 79 69.080460 0.050403 0.038994 0.050729 0.039113
6 80 69.195404 0.051213 0.039758 0.051259 0.039574
6 81 69.310349 0.050474 0.039089 0.051217 0.038882
6 82 69.425285 0.050881 0.039576 0.051035 0.039658
6 83 69.540230 0.051207 0.039712 0.050015 0.039256
6 84 69.655174 0.052138 0.040126 0.051573 0.039954
6 85 69.770119 0.051133 0.039228 0.051231 0.039439
6 86 69.885056 0.049986 0.038811 0.050949 0.039289
7 0 70.000000 0.050805 0.039357 0.050833 0.039491
7 1 70.114944 0.050250 0.039011 0.050502 0.038811
7 2 70.229881 0.050590 0.039448 0.051178 0.039507
7 3 70.344826 0.050252 0.039079 0.048213 0.037583
7 4 70.459770 0.050372 0.039355 0.050039 0.039106
7 5 70.574715 0.050660 0.038823 0.052246 0.039580
7 6 70.689651 0.049638 0.038803 0.050041 0.038675
7 7 70.804596 0.052444 0.039787 0.052645 0.040018
7 8 70.919540 0.052595 0.040099 0.051678 0.039781
7 9 71.034485 0.049608 0.038444 0.051252 0.040283
7 10 71.149422 0.050097 0.039018 0.049825 0.038670
7 11 71.264366 0.051347 0.039756 0.050262 0.039258
7 12 71.379311 0.049876 0.039140 0.050635 0.039252
7 13 71.494255 0.051908 0.040325 0.049996 0.038548
7 14 71.609192 0.050848 0.039314 0.049929 0.038879
7 15 71.724136 0.049325 0.038601 0.051030 0.039378
7 16 71.839081 0.051521 0.039620 0.050614 0.039307
7 17 71.954025 0.050606 0.038966 0.051845 0.040087
7 18 72.068962 0.052698 0.040559 0.050166 0.038610
7 19 72.183907 0.051119 0.039636 0.050531 0.039271
7 20 72.298851 0.050618 0.038970 0.051776 0.039597
7 21 72.413795 0.053052 0.039996 0.051624 0.039207
7 22 72.528732 0.049998 0.038730 0.050520 0.039063
7 23 72.643677 0.050746 0.039390 0.051077 0.039612
7 24 72.758621 0.050700 0.039179 0.050541 0.039207
7 25 72.873566 0.049928 0.039242 0.049837 0.039320
7 26 72.988503 0.052228 0.039897 0.050781 0.038997
7 27 73.103447 0.051654 0.039252 0.051027 0.038717
7 28 73.218391 0.049150 0.038763 0.050046 0.039198
7 29 73.333336 0.050512 0.038838 0.051162 0.039364
7 30 73.448273 0.049852 0.038759 0.050603 0.039262
7 31 73.563217 0.050754 0.039490 0.049618 0.038664
7 32 73.678162 0.051849 0.039838 0.051049 0.039527
7 33 73.793106 0.051219 0.039654 0.050428 0.038845
7 34 73.908043 0.050129 0.038897 0.050440 0.039037
7 35 74.022987 0.050191 0.038819 0.051055 0.039412
7 36 74.137932 0.050256 0.038926 0.049795 0.038688
7 37 74.252876 0.049418 0.038230 0.049756 0.038696
7 38 74.367813 0.050903 0.039480 0.049897 0.038672
7 39 74.482758 0.050327 0.038847 0.051239 0.039551
7 40 74.597702 0.049322 0.038393 0.050748 0.039380
7 41 74.712646 0.049987 0.038841 0.051163 0.039576
7 42 74.827583 0.050557 0.039031 0.050550 0.039074
7 43 74.942528 0.050464 0.039165 0.049819 0.038775
7 44 75.057472 0.051831 0.039628 0.051512 0.039148
7 45 75.172417 0.050481 0.038996 0.050686 0.038918
7 46 75.287354 0.050811 0.039586 0.050704 0.039063
7 47 75.402298 0.050942 0.039664 0.050701 0.038852
7 48 75.517242 0.049565 0.038927 0.050166 0.038326
7 49 75.632187 0.050779 0.038898 0.050837 0.039016
7 50 75.747124 0.050509 0.039222 0.051494 0.039970
7 51 75.862068 0.050317 0.039049 0.050658 0.039642
7 52 75.977013 0.051293 0.039244 0.051336 0.039441
7 53 76.091957 0.051309 0.039712 0.050165 0.039176
7 54 76.206894 0.050653 0.039530 0.050127 0.039052
7 55 76.321838 0.049013 0.038309 0.050140 0.038826
7 56 76.436783 0.049676 0.038823 0.051917 0.040352
7 57 76.551727 0.051117 0.039340 0.050494 0.038822
7 58 76.666664 0.048819 0.038256 0.049689 0.038773
7 59 76.781609 0.049699 0.038417 0.049816 0.038325
7 60 76.896553 0.051144 0.039345 0.051530 0.039830
7 61 77.011497 0.051034 0.039586 0.051407 0.039680
7 62 77.126434 0.049652 0.038686 0.050016 0.038824
7 63 77.241379 0.049115 0.038209 0.050333 0.038982
7 64 77.356323 0.049673 0.038438 0.051278 0.039386
7 65 77.471268 0.049642 0.038281 0.050771 0.039341
7 66 77.586205 0.050438 0.039404 0.051486 0.039726
7 67 77.701149 0.049880 0.038452 0.051343 0.039464
7 68 77.816093 0.050035 0.038786 0.049671 0.038586
7 69 77.931038 0.049229 0.038300 0.050708 0.039361
7 70 78.045975 0.050857 0.039208 0.051861 0.040195
7 71 78.160919 0.050946 0.039365 0.050633 0.039044
7 72 78.275864 0.050377 0.039113 0.051469 0.039418
7 73 78.390808 0.050011 0.038468 0.050502 0.039709
7 74 78.505745 0.051842 0.039640 0.051202 0.039784
7 75 78.620689 0.050808 0.038909 0.050672 0.039095
7 76 78.735634 0.050765 0.039429 0.051971 0.040121
7 77 78.850578 0.050469 0.039175 0.050736 0.039109
7 78 78.965515 0.050410 0.039533 0.049990 0.038785
7 79 79.080460 0.052105 0.040083 0.050955 0.039158
7 80 79.195404 0.050201 0.039123 0.049921 0.039011
7 81 79.310349 0.050485 0.039204 0.050550 0.039044
7 82 79.425285 0.050660 0.039173 0.050004 0.038973
7 83 79.540230 0.050674 0.039138 0.051720 0.039920
7 84 79.655174 0.050165 0.038438 0.050164 0.038796
7 85 79.770119 0.051051 0.039652 0.050061 0.038922
7 86 79.885056 0.049582 0.038921 0.050861 0.039895
8 0 80.000000 0.049982 0.038729 0.050336 0.039185
8 1 80.114944 0.050081 0.039253 0.050013 0.039120
8 2 80.229881 0.050160 0.039057 0.049646 0.038708
8 3 80.344826 0.050337 0.038935 0.051242 0.039845
8 4 80.459770 0.050821 0.039465 0.050852 0.039609
8 5 80.574715 0.049173 0.038173 0.050586 0.039239
8 6 80.689651 0.049092 0.038330 0.049358 0.038384
8 7 80.804596 0.049089 0.037902 0.049743 0.038517
8 8 80.919540 0.051223 0.039661 0.050429 0.039105
8 9 81.034485 0.050832 0.039322 0.050276 0.039092
8 10 81.149422 0.049820 0.038636 0.050568 0.040044
8 11 81.264366 0.049985 0.038563 0.050724 0.039454
8 12 81.379311 0.049902 0.039083 0.050567 0.039075
8 13 81.494255 0.049966 0.038806 0.050810 0.039476
8 14 81.609192 0.050264 0.039357 0.050790 0.039901
8 15 81.724136 0.050230 0.039061 0.050272 0.038886
8 16 81.839081 0.051033 0.039413 0.050426 0.039049
8 17 81.954025 0.049703 0.038586 0.050364 0.039431
8 18 82.068962 0.049873 0.038459 0.051851 0.040168
8 19 82.183907 0.050337 0.038942 0.051184 0.039933
8 20 82.298851 0.052372 0.040037 0.050645 0.039310
8 21 82.413795 0.048951 0.037972 0.049811 0.038535
8 22 82.528732 0.050769 0.039355 0.049909 0.038913
8 23 82.643677 0.051788 0.039527 0.051449 0.039869
8 24 82.758621 0.050707 0.039420 0.051149 0.039619
8 25 82.873566 0.051485 0.039707 0.051720 0.039880
8 26 82.988503 0.050435 0.039346 0.049390 0.038784
8 27 83.103447 0.052687 0.039467 0.052104 0.039261
8 28 83.218391 0.050953 0.039541 0.052018 0.040060
8 29 83.333336 0.048826 0.038229 0.049889 0.038664
8 30 83.448273 0.051750 0.039935 0.050329 0.038633
8 31 83.563217 0.051193 0.039994 0.050336 0.039293
8 32 83.678162 0.049751 0.038704 0.051340 0.039795
8 33 83.793106 0.051042 0.039932 0.051395 0.039962
8 34 83.908043 0.051279 0.039592 0.050489 0.038945
8 35 84.022987 0.049613 0.038543 0.050984 0.039547
8 36 84.137932 0.049956 0.038329 0.051681 0.039825
8 37 84.252876 0.050477 0.038990 0.050517 0.038978
8 38 84.367813 0.050415 0.039033 0.050570 0.039490
8 39 84.482758 0.050038 0.038768 0.050506 0.039271
8 40 84.597702 0.051254 0.039849 0.051302 0.039781
8 41 84.712646 0.050588 0.039150 0.051248 0.039273
8 42 84.827583 0.050709 0.039181 0.052284 0.040538
8 43 84.942528 0.052144 0.040209 0.050836 0.039101
8 44 85.057472 0.050395 0.038869 0.051422 0.039655
8 45 85.172417 0.050046 0.039061 0.051374 0.039886
8 46 85.287354 0.051085 0.039272 0.050542 0.038713
8 47 85.402298 0.050594 0.039228 0.050327 0.039301
8 48 85.517242 0.050689 0.039286 0.049996 0.038978
8 49 85.632187 0.051160 0.039772 0.050284 0.039209
8 50 85.747124 0.049977 0.038919 0.051023 0.039594
8 51 85.862068 0.050730 0.039646 0.050365 0.039172
8 52 85.977013 0.050701 0.039349 0.050835 0.039166
8 53 86.091957 0.049680 0.038800 0.050912 0.039444
8 54 86.206894 0.050204 0.038860 0.050368 0.039434
8 55 86.321838 0.051098 0.039107 0.050066 0.038775
8 56 86.436783 0.049691 0.038236 0.049744 0.038488
8 57 86.551727 0.051075 0.039544 0.051470 0.039922
8 58 86.666664 0.050081 0.039074 0.050104 0.038922
8 59 86.781609 0.052190 0.040340 0.051453 0.039938
8 60 86.896553 0.051837 0.039689 0.051479 0.038955
8 61 87.011497 0.049119 0.038420 0.049705 0.038942
8 62 87.126434 0.050116 0.039493 0.049999 0.038894
8 63 87.241379 0.050746 0.039412 0.051220 0.039908
8 64 87.356323 0.049507 0.038743 0.049537 0.038515
8 65 87.471268 0.049787 0.038892 0.050031 0.038545
8 66 87.586205 0.050547 0.039453 0.050977 0.039620
8 67 87.701149 0.050478 0.039329 0.050102 0.039092
8 68 87.816093 0.049715 0.038901 0.048617 0.038263
8 69 87.931038 0.050408 0.039617 0.049583 0.038894
8 70 88.045975 0.051089 0.039446 0.051294 0.039846
8 71 88.160919 0.050720 0.039019 0.049972 0.038507
8 72 88.275864 0.050160 0.039060 0.050660 0.039048
8 73 88.390808 0.051306 0.039862 0.049728 0.038447
8 74 88.505745 0.049874 0.038313 0.049924 0.039155
8 75 88.620689 0.050556 0.039279 0.050648 0.039551
8 76 88.735634 0.050908 0.039505 0.050339 0.039065
8 77 88.850578 0.050402 0.038820 0.050583 0.039149
8 78 88.965515 0.050107 0.039189 0.050721 0.039121
8 79 89.080460 0.051010 0.039714 0.051333 0.040330
8 80 89.195404 0.051360 0.039322 0.050867 0.039061
8 81 89.310349 0.050435 0.039630 0.048879 0.038328
8 82 89.425285 0.049671 0.038926 0.050465 0.039370
8 83 89.540230 0.049767 0.038803 0.050593 0.039344
8 84 89.655174 0.049034 0.038434 0.050004 0.038915
8 85 89.770119 0.048401 0.037718 0.049518 0.038928
8 86 89.885056 0.051417 0.039557 0.051037 0.039454
9 0 90.000000 0.048746 0.038192 0.050157 0.039763
9 1 90.114944 0.049845 0.038735 0.051274 0.039751
9 2 90.229881 0.049563 0.038729 0.050801 0.039838
9 3 90.344826 0.051818 0.039970 0.051926 0.040017
9 4 90.459770 0.050814 0.039380 0.050065 0.038828
9 5 90.574715 0.050191 0.039145 0.050218 0.039535
9 6 90.689651 0.049904 0.038904 0.050498 0.039182
9 7 90.804596 0.050843 0.039677 0.051462 0.040014
9 8 90.919540 0.050024 0.039189 0.050089 0.039111
9 9 91.034485 0.049158 0.038391 0.050496 0.038987
9 10 91.149422 0.051274 0.040176 0.049622 0.038861
9 11 91.264366 0.050256 0.039303 0.050781 0.039547
9 12 91.379311 0.050233 0.039387 0.051009 0.039644
9 13 91.494255 0.049493 0.038992 0.049526 0.038612
9 14 91.609192 0.051425 0.039954 0.051252 0.039434
9 15 91.724136 0.051278 0.039922 0.050095 0.039432
9 16 91.839081 0.051117 0.039700 0.050797 0.039667
9 17 91.954025 0.051453 0.039560 0.050590 0.039203
9 18 92.068962 0.049213 0.038595 0.049370 0.038450
9 19 92.183907 0.051327 0.039469 0.050681 0.038878
9 20 92.298851 0.050645 0.039066 0.050771 0.039076
9 21 92.413795 0.051945 0.039762 0.050269 0.038586
9 22 92.528732 0.049783 0.038820 0.049704 0.038833
9 23 92.643677 0.049881 0.038988 0.049933 0.038915
9 24 92.758621 0.049923 0.038613 0.049663 0.038613
9 25 92.873566 0.050543 0.039270 0.049573 0.038810
9 26 92.988503 0.049537 0.038711 0.049701 0.038971
9 27 93.103447 0.050036 0.038818 0.051734 0.039631
9 28 93.218391 0.050255 0.039269 0.051246 0.039889
9 29 93.333336 0.050692 0.038604 0.051169 0.039243
9 30 93.448273 0.051669 0.039956 0.049727 0.038899
9 31 93.563217 0.051131 0.039762 0.050138 0.039094
9 32 93.678162 0.051144 0.039193 0.051476 0.039892
9 33 93.793106 0.050583 0.039551 0.050326 0.039046
9 34 93.908043 0.050570 0.038943 0.050589 0.039171
9 35 94.022987 0.049899 0.038308 0.052122 0.039919
9 36 94.137932 0.048714 0.038038 0.050203 0.039466
9 37 94.252876 0.051110 0.039709 0.051038 0.039541
9 38 94.367813 0.051740 0.039884 0.050797 0.038721
9 39 94.482758 0.050056 0.039076 0.049858 0.038908
9 40 94.597702 0.051202 0.039146 0.051488 0.039650
9 41 94.712646 0.051283 0.039129 0.049792 0.038061
9 42 94.827583 0.049210 0.038789 0.050175 0.039340
9 43 94.942528 0.051158 0.039893 0.049261 0.038781
9 44 95.057472 0.050229 0.039374 0.050644 0.039568
9 45 95.172417 0.049753 0.038784 0.049653 0.038412
9 46 95.287354 0.051226 0.039623 0.050613 0.039751
9 47 95.402298 0.049826 0.038573 0.050067 0.038933
9 48 95.517242 0.049543 0.038808 0.049743 0.038898
9 49 95.632187 0.050936 0.038836 0.051850 0.039823
9 50 95.747124 0.050244 0.038659 0.051792 0.039349
9 51 95.862068 0.050148 0.039122 0.051500 0.039824
9 52 95.977013 0.049732 0.038715 0.051510 0.039882
9 53 96.091957 0.049790 0.038715 0.050171 0.038997
9 54 96.206894 0.050741 0.039347 0.051240 0.039834
9 55 96.321838 0.051054 0.039134 0.049430 0.038275
9 56 96.436783 0.051170 0.039510 0.049936 0.038848
9 57 96.551727 0.049329 0.038647 0.051299 0.040026
9 58 96.666664 0.049589 0.038958 0.049827 0.039101
9 59 96.781609 0.051382 0.039982 0.050305 0.039163
9 60 96.896553 0.050171 0.038921 0.049524 0.038705
9 61 97.011497 0.049712 0.038666 0.049502 0.038459
9 62 97.126434 0.050658 0.039836 0.050875 0.039503
9 63 97.241379 0.049054 0.037993 0.050785 0.039219
9 64 97.356323 0.050948 0.039639 0.050071 0.038677
9 65 97.471268 0.050588 0.039374 0.049892 0.038879
9 66 97.586205 0.049918 0.039080 0.051321 0.040187
9 67 97.701149 0.051114 0.040142 0.050728 0.039560
9 68 97.816093 0.049874 0.038655 0.048810 0.038447
9 69 97.931038 0.050601 0.039663 0.049023 0.038165
9 70 98.045975 0.052811 0.040123 0.052991 0.040160
9 71 98.160919 0.050582 0.039172 0.050330 0.038826
9 72 98.275864 0.050380 0.039381 0.050562 0.039427
9 73 98.390808 0.050661 0.039274 0.050178 0.039219
9 74 98.505745 0.050319 0.039105 0.049319 0.038685
9 75 98.620689 0.050337 0.039034 0.050837 0.039524
9 76 98.735634 0.051460 0.039471 0.050665 0.039117
9 77 98.850578 0.049575 0.038677 0.050355 0.039345
9 78 98.965515 0.050776 0.039436 0.050600 0.039740
9 79 99.080460 0.049800 0.039092 0.051581 0.040262
9 80 99.195404 0.050633 0.039271 0.049770 0.038787
9 81 99.310349 0.051701 0.039707 0.050800 0.039098
9 82 99.425285 0.051478 0.039760 0.051269 0.039459
9 83 99.540230 0.049218 0.038441 0.050723 0.039774
9 84 99.655174 0.049960 0.039210 0.049828 0.038960
9 85 99.770119 0.049912 0.038367 0.050159 0.038772
9 86 99.885056 0.049015 0.038193 0.049709 0.038705
