0 -0.161626 1 0.000050
1 -0.158829 2 0.000100
2 -0.156032 3 0.000150
3 -0.153235 3 0.000150
4 -0.150437 1 0.000050
5 -0.147640 3 0.000150
6 -0.144843 1 0.000050
7 -0.142046 0 0.000000
8 -0.139249 1 0.000050
9 -0.136452 1 0.000050
10 -0.133655 1 0.000050
11 -0.130857 1 0.000050
12 -0.128060 0 0.000000
13 -0.125263 1 0.000050
14 -0.122466 2 0.000100
15 -0.119669 0 0.000000
16 -0.116872 2 0.000100
17 -0.114075 0 0.000000
18 -0.111277 1 0.000050
19 -0.108480 1 0.000050
20 -0.105683 0 0.000000
21 -0.102886 1 0.000050
22 -0.100089 0 0.000000
23 -0.097292 0 0.000000
24 -0.094495 1 0.000050
25 -0.091697 2 0.000100
26 -0.088900 0 0.000000
27 -0.086103 1 0.000050
28 -0.083306 0 0.000000
29 -0.080509 0 0.000000
30 -0.077712 1 0.000050
31 -0.074915 1 0.000050
32 -0.072117 2 0.000100
33 -0.069320 2 0.000100
34 -0.066523 1 0.000050
35 -0.063726 0 0.000000
36 -0.060929 1 0.000050
37 -0.058132 1 0.000050
38 -0.055335 1 0.000050
39 -0.052537 2 0.000100
40 -0.049740 4 0.000200
41 -0.046943 5 0.000250
42 -0.044146 3 0.000150
43 -0.041349 14 0.000700
44 -0.038552 4 0.000200
45 -0.035755 14 0.000700
46 -0.032957 20 0.001000
47 -0.030160 61 0.003050
48 -0.027363 55 0.002750
49 -0.024566 124 0.006200
50 -0.021769 150 0.007500
51 -0.018972 364 0.018200
52 -0.016175 668 0.033400
53 -0.013378 1712 0.085600
54 -0.010580 4245 0.212250
55 -0.007783 5501 0.275050
56 -0.004986 2988 0.149400
57 -0.002189 1551 0.077550
58 0.000608 1001 0.050050
59 0.003405 538 0.026900
60 0.006203 350 0.017500
61 0.009000 192 0.009600
62 0.011797 140 0.007000
63 0.014594 77 0.003850
64 0.017391 37 0.001850
65 0.020188 31 0.001550
66 0.022985 24 0.001200
67 0.025782 20 0.001000
68 0.028580 9 0.000450
69 0.031377 17 0.000850
70 0.034174 3 0.000150
71 0.036971 1 0.000050
72 0.039768 3 0.000150
73 0.042565 2 0.000100
74 0.045362 4 0.000200
75 0.048160 4 0.000200
76 0.050957 1 0.000050
77 0.053754 0 0.000000
78 0.056551 0 0.000000
79 0.059348 1 0.000050
80 0.062145 0 0.000000
81 0.064942 1 0.000050
82 0.067740 3 0.000150
83 0.070537 1 0.000050
84 0.073334 2 0.000100
85 0.076131 0 0.000000
86 0.078928 1 0.000050
87 0.081725 1 0.000050
88 0.084522 1 0.000050
89 0.087320 0 0.000000
90 0.090117 1 0.000050
91 0.092914 3 0.000150
92 0.095711 0 0.000000
93 0.098508 2 0.000100
94 0.101305 0 0.000000
95 0.104102 0 0.000000
96 0.106900 1 0.000050
97 0.109697 1 0.000050
98 0.112494 1 0.000050
99 0.115291 1 0.000050
