0 -0.082270 3 0.000150
1 -0.080842 0 0.000000
2 -0.079413 0 0.000000
3 -0.077985 2 0.000100
4 -0.076556 0 0.000000
5 -0.075128 0 0.000000
6 -0.073699 0 0.000000
7 -0.072271 0 0.000000
8 -0.070842 3 0.000150
9 -0.069414 3 0.000150
10 -0.067985 1 0.000050
11 -0.066557 2 0.000100
12 -0.065128 4 0.000200
13 -0.063700 1 0.000050
14 -0.062271 1 0.000050
15 -0.060843 2 0.000100
16 -0.059414 3 0.000150
17 -0.057986 1 0.000050
18 -0.056557 3 0.000150
19 -0.055129 5 0.000250
20 -0.053700 7 0.000350
21 -0.052272 8 0.000400
22 -0.050843 3 0.000150
23 -0.049415 9 0.000450
24 -0.047987 7 0.000350
25 -0.046558 5 0.000250
26 -0.045130 7 0.000350
27 -0.043701 17 0.000850
28 -0.042273 10 0.000500
29 -0.040844 17 0.000850
30 -0.039416 10 0.000500
31 -0.037987 7 0.000350
32 -0.036559 7 0.000350
33 -0.035130 18 0.000900
34 -0.033702 26 0.001300
35 -0.032273 22 0.001100
36 -0.030845 19 0.000950
37 -0.029416 32 0.001600
38 -0.027988 35 0.001750
39 -0.026559 53 0.002650
40 -0.025131 62 0.003100
41 -0.023702 61 0.003050
42 -0.022274 78 0.003900
43 -0.020845 92 0.004600
44 -0.019417 107 0.005350
45 -0.017989 118 0.005900
46 -0.016560 178 0.008900
47 -0.015132 226 0.011300
48 -0.013703 316 0.015800
49 -0.012275 437 0.021850
50 -0.010846 715 0.035750
51 -0.009418 1029 0.051450
52 -0.007989 2247 0.112350
53 -0.006561 3269 0.163450
54 -0.005132 3224 0.161200
55 -0.003704 2538 0.126900
56 -0.002275 1496 0.074800
57 -0.000847 904 0.045200
58 0.000582 548 0.027400
59 0.002010 445 0.022250
60 0.003439 331 0.016550
61 0.004867 283 0.014150
62 0.006296 206 0.010300
63 0.007724 142 0.007100
64 0.009153 89 0.004450
65 0.010581 94 0.004700
66 0.012010 62 0.003100
67 0.013438 39 0.001950
68 0.014866 42 0.002100
69 0.016295 31 0.001550
70 0.017723 31 0.001550
71 0.019152 40 0.002000
72 0.020580 23 0.001150
73 0.022009 19 0.000950
74 0.023437 20 0.001000
75 0.024866 8 0.000400
76 0.026294 11 0.000550
77 0.027723 9 0.000450
78 0.029151 10 0.000500
79 0.030580 5 0.000250
80 0.032008 11 0.000550
81 0.033437 15 0.000750
82 0.034865 7 0.000350
83 0.036294 11 0.000550
84 0.037722 4 0.000200
85 0.039151 3 0.000150
86 0.040579 0 0.000000
87 0.042008 3 0.000150
88 0.043436 1 0.000050
89 0.044865 2 0.000100
90 0.046293 0 0.000000
91 0.047721 0 0.000000
92 0.049150 1 0.000050
93 0.050578 0 0.000000
94 0.052007 1 0.000050
95 0.053435 0 0.000000
96 0.054864 0 0.000000
97 0.056292 0 0.000000
98 0.057721 2 0.000100
99 0.059149 1 0.000050
