0 -0.439983 1 0.000017
1 -0.431448 0 0.000000
2 -0.422912 0 0.000000
3 -0.414377 0 0.000000
4 -0.405842 0 0.000000
5 -0.397307 0 0.000000
6 -0.388772 0 0.000000
7 -0.380237 1 0.000017
8 -0.371701 0 0.000000
9 -0.363166 1 0.000017
10 -0.354631 1 0.000017
11 -0.346096 1 0.000017
12 -0.337561 0 0.000000
13 -0.329026 0 0.000000
14 -0.320490 1 0.000017
15 -0.311955 1 0.000017
16 -0.303420 0 0.000000
17 -0.294885 0 0.000000
18 -0.286350 4 0.000067
19 -0.277814 5 0.000083
20 -0.269279 4 0.000067
21 -0.260744 1 0.000017
22 -0.252209 4 0.000067
23 -0.243674 5 0.000083
24 -0.235139 3 0.000050
25 -0.226603 0 0.000000
26 -0.218068 4 0.000067
27 -0.209533 10 0.000167
28 -0.200998 18 0.000300
29 -0.192463 40 0.000667
30 -0.183928 81 0.001350
31 -0.175392 54 0.000900
32 -0.166857 77 0.001283
33 -0.158322 101 0.001683
34 -0.149787 195 0.003250
35 -0.141252 265 0.004417
36 -0.132716 181 0.003017
37 -0.124181 187 0.003117
38 -0.115646 206 0.003433
39 -0.107111 260 0.004333
40 -0.098576 404 0.006733
41 -0.090041 574 0.009567
42 -0.081505 573 0.009550
43 -0.072970 476 0.007933
44 -0.064435 441 0.007350
45 -0.055900 448 0.007467
46 -0.047365 700 0.011667
47 -0.038830 825 0.013750
48 -0.030294 1190 0.019833
49 -0.021759 3124 0.052067
50 -0.013224 22586 0.376433
51 -0.004689 16776 0.279600
52 0.003846 3066 0.051100
53 0.012381 1359 0.022650
54 0.020917 917 0.015283
55 0.029452 676 0.011267
56 0.037987 448 0.007467
57 0.046522 449 0.007483
58 0.055057 569 0.009483
59 0.063593 452 0.007533
60 0.072128 340 0.005667
61 0.080663 251 0.004183
62 0.089198 214 0.003567
63 0.097733 213 0.003550
64 0.106268 309 0.005150
65 0.114804 238 0.003967
66 0.123339 136 0.002267
67 0.131874 100 0.001667
68 0.140409 66 0.001100
69 0.148944 96 0.001600
70 0.157479 98 0.001633
71 0.166015 76 0.001267
72 0.174550 31 0.000517
73 0.183085 14 0.000233
74 0.191620 9 0.000150
75 0.200155 12 0.000200
76 0.208691 10 0.000167
77 0.217226 0 0.000000
78 0.225761 4 0.000067
79 0.234296 2 0.000033
80 0.242831 2 0.000033
81 0.251366 3 0.000050
82 0.259902 1 0.000017
83 0.268437 1 0.000017
84 0.276972 0 0.000000
85 0.285507 1 0.000017
86 0.294042 0 0.000000
87 0.302577 0 0.000000
88 0.311113 4 0.000067
89 0.319648 1 0.000017
90 0.328183 1 0.000017
91 0.336718 0 0.000000
92 0.345253 0 0.000000
93 0.353789 0 0.000000
94 0.362324 0 0.000000
95 0.370859 0 0.000000
96 0.379394 0 0.000000
97 0.387929 1 0.000017
98 0.396464 1 0.000017
99 0.405000 0 0.000000
