0 0.000000 51328 0.855467
1 0.001955 2072 0.034533
2 0.003911 1524 0.025400
3 0.005866 1182 0.019700
4 0.007822 785 0.013083
5 0.009777 536 0.008933
6 0.011732 510 0.008500
7 0.013688 382 0.006367
8 0.015643 279 0.004650
9 0.017599 314 0.005233
10 0.019554 221 0.003683
11 0.021509 161 0.002683
12 0.023465 149 0.002483
13 0.025420 134 0.002233
14 0.027376 90 0.001500
15 0.029331 69 0.001150
16 0.031286 76 0.001267
17 0.033242 45 0.000750
18 0.035197 28 0.000467
19 0.037153 15 0.000250
20 0.039108 15 0.000250
21 0.041063 9 0.000150
22 0.043019 14 0.000233
23 0.044974 7 0.000117
24 0.046930 0 0.000000
25 0.048885 0 0.000000
26 0.050840 2 0.000033
27 0.052796 4 0.000067
28 0.054751 5 0.000083
29 0.056707 0 0.000000
30 0.058662 3 0.000050
31 0.060617 4 0.000067
32 0.062573 4 0.000067
33 0.064528 2 0.000033
34 0.066484 0 0.000000
35 0.068439 2 0.000033
36 0.070394 2 0.000033
37 0.072350 3 0.000050
38 0.074305 4 0.000067
39 0.076261 0 0.000000
40 0.078216 3 0.000050
41 0.080172 1 0.000017
42 0.082127 0 0.000000
43 0.084082 1 0.000017
44 0.086038 0 0.000000
45 0.087993 0 0.000000
46 0.089949 0 0.000000
47 0.091904 1 0.000017
48 0.093859 0 0.000000
49 0.095815 2 0.000033
50 0.097770 1 0.000017
51 0.099726 1 0.000017
52 0.101681 1 0.000017
53 0.103636 1 0.000017
54 0.105592 0 0.000000
55 0.107547 0 0.000000
56 0.109503 0 0.000000
57 0.111458 1 0.000017
58 0.113413 0 0.000000
59 0.115369 1 0.000017
60 0.117324 0 0.000000
61 0.119280 0 0.000000
62 0.121235 0 0.000000
63 0.123190 1 0.000017
64 0.125146 0 0.000000
65 0.127101 1 0.000017
66 0.129057 0 0.000000
67 0.131012 0 0.000000
68 0.132967 0 0.000000
69 0.134923 0 0.000000
70 0.136878 0 0.000000
71 0.138834 1 0.000017
72 0.140789 0 0.000000
73 0.142744 0 0.000000
74 0.144700 0 0.000000
75 0.146655 0 0.000000
76 0.148611 0 0.000000
77 0.150566 0 0.000000
78 0.152521 1 0.000017
79 0.154477 0 0.000000
80 0.156432 0 0.000000
81 0.158388 0 0.000000
82 0.160343 0 0.000000
83 0.162298 1 0.000017
84 0.164254 0 0.000000
85 0.166209 0 0.000000
86 0.168165 0 0.000000
87 0.170120 0 0.000000
88 0.172075 0 0.000000
89 0.174031 0 0.000000
90 0.175986 0 0.000000
91 0.177942 0 0.000000
92 0.179897 0 0.000000
93 0.181852 0 0.000000
94 0.183808 0 0.000000
95 0.185763 0 0.000000
96 0.187719 0 0.000000
97 0.189674 0 0.000000
98 0.191629 0 0.000000
99 0.193585 1 0.000017
