0 -0.439983 1 0.000050
1 -0.431448 0 0.000000
2 -0.422912 0 0.000000
3 -0.414377 0 0.000000
4 -0.405842 0 0.000000
5 -0.397307 0 0.000000
6 -0.388772 0 0.000000
7 -0.380237 1 0.000050
8 -0.371701 0 0.000000
9 -0.363166 1 0.000050
10 -0.354631 1 0.000050
11 -0.346096 1 0.000050
12 -0.337561 0 0.000000
13 -0.329026 0 0.000000
14 -0.320490 1 0.000050
15 -0.311955 1 0.000050
16 -0.303420 0 0.000000
17 -0.294885 0 0.000000
18 -0.286350 4 0.000200
19 -0.277814 5 0.000250
20 -0.269279 4 0.000200
21 -0.260744 1 0.000050
22 -0.252209 4 0.000200
23 -0.243674 5 0.000250
24 -0.235139 3 0.000150
25 -0.226603 0 0.000000
26 -0.218068 4 0.000200
27 -0.209533 10 0.000500
28 -0.200998 18 0.000900
29 -0.192463 40 0.002000
30 -0.183928 81 0.004050
31 -0.175392 54 0.002700
32 -0.166857 75 0.003750
33 -0.158322 93 0.004650
34 -0.149787 191 0.009550
35 -0.141252 263 0.013150
36 -0.132716 179 0.008950
37 -0.124181 182 0.009100
38 -0.115646 204 0.010200
39 -0.107111 259 0.012950
40 -0.098576 401 0.020050
41 -0.090041 572 0.028600
42 -0.081505 567 0.028350
43 -0.072970 462 0.023100
44 -0.064435 427 0.021350
45 -0.055900 402 0.020100
46 -0.047365 618 0.030900
47 -0.038830 691 0.034550
48 -0.030294 667 0.033350
49 -0.021759 1019 0.050950
50 -0.013224 1778 0.088900
51 -0.004689 3366 0.168300
52 0.003846 993 0.049650
53 0.012381 892 0.044600
54 0.020917 768 0.038400
55 0.029452 591 0.029550
56 0.037987 428 0.021400
57 0.046522 440 0.022000
58 0.055057 565 0.028250
59 0.063593 448 0.022400
60 0.072128 336 0.016800
61 0.080663 249 0.012450
62 0.089198 210 0.010500
63 0.097733 211 0.010550
64 0.106268 307 0.015350
65 0.114804 236 0.011800
66 0.123339 136 0.006800
67 0.131874 100 0.005000
68 0.140409 66 0.003300
69 0.148944 96 0.004800
70 0.157479 98 0.004900
71 0.166015 76 0.003800
72 0.174550 31 0.001550
73 0.183085 14 0.000700
74 0.191620 9 0.000450
75 0.200155 12 0.000600
76 0.208691 10 0.000500
77 0.217226 0 0.000000
78 0.225761 4 0.000200
79 0.234296 2 0.000100
80 0.242831 2 0.000100
81 0.251366 3 0.000150
82 0.259902 1 0.000050
83 0.268437 1 0.000050
84 0.276972 0 0.000000
85 0.285507 1 0.000050
86 0.294042 0 0.000000
87 0.302577 0 0.000000
88 0.311113 4 0.000200
89 0.319648 1 0.000050
90 0.328183 1 0.000050
91 0.336718 0 0.000000
92 0.345253 0 0.000000
93 0.353789 0 0.000000
94 0.362324 0 0.000000
95 0.370859 0 0.000000
96 0.379394 0 0.000000
97 0.387929 1 0.000050
98 0.396464 1 0.000050
99 0.405000 0 0.000000
