0 0.010452 8 0.000133
1 0.020446 12 0.000200
2 0.030439 8 0.000133
3 0.040432 15 0.000250
4 0.050425 16 0.000267
5 0.060419 12 0.000200
6 0.070412 14 0.000233
7 0.080405 14 0.000233
8 0.090398 13 0.000217
9 0.100392 19 0.000317
10 0.110385 19 0.000317
11 0.120378 10 0.000167
12 0.130372 16 0.000267
13 0.140365 12 0.000200
14 0.150358 19 0.000317
15 0.160351 16 0.000267
16 0.170345 20 0.000333
17 0.180338 28 0.000467
18 0.190331 37 0.000617
19 0.200324 37 0.000617
20 0.210318 45 0.000750
21 0.220311 53 0.000883
22 0.230304 41 0.000683
23 0.240298 35 0.000583
24 0.250291 55 0.000917
25 0.260284 59 0.000983
26 0.270277 76 0.001267
27 0.280271 97 0.001617
28 0.290264 109 0.001817
29 0.300257 122 0.002033
30 0.310251 234 0.003900
31 0.320244 271 0.004517
32 0.330237 343 0.005717
33 0.340230 246 0.004100
34 0.350224 260 0.004333
35 0.360217 310 0.005167
36 0.370210 490 0.008167
37 0.380203 425 0.007083
38 0.390197 437 0.007283
39 0.400190 480 0.008000
40 0.410183 682 0.011367
41 0.420177 1145 0.019083
42 0.430170 1151 0.019183
43 0.440163 854 0.014233
44 0.450156 1122 0.018700
45 0.460150 1432 0.023867
46 0.470143 1981 0.033017
47 0.480136 2433 0.040550
48 0.490130 4086 0.068100
49 0.500123 7657 0.127617
50 0.510116 2591 0.043183
51 0.520109 2194 0.036567
52 0.530103 1820 0.030333
53 0.540096 1318 0.021967
54 0.550089 1295 0.021583
55 0.560082 1437 0.023950
56 0.570076 2007 0.033450
57 0.580069 2563 0.042717
58 0.590062 3028 0.050467
59 0.600056 1875 0.031250
60 0.610049 1374 0.022900
61 0.620042 1373 0.022883
62 0.630035 863 0.014383
63 0.640029 541 0.009017
64 0.650022 516 0.008600
65 0.660015 454 0.007567
66 0.670009 420 0.007000
67 0.680002 320 0.005333
68 0.689995 241 0.004017
69 0.699988 260 0.004333
70 0.709982 199 0.003317
71 0.719975 184 0.003067
72 0.729968 187 0.003117
73 0.739961 206 0.003433
74 0.749955 215 0.003583
75 0.759948 194 0.003233
76 0.769941 234 0.003900
77 0.779935 206 0.003433
78 0.789928 179 0.002983
79 0.799921 167 0.002783
80 0.809914 215 0.003583
81 0.819908 240 0.004000
82 0.829901 281 0.004683
83 0.839894 289 0.004817
84 0.849887 309 0.005150
85 0.859881 446 0.007433
86 0.869874 402 0.006700
87 0.879867 386 0.006433
88 0.889861 318 0.005300
89 0.899854 268 0.004467
90 0.909847 320 0.005333
91 0.919840 333 0.005550
92 0.929834 265 0.004417
93 0.939827 184 0.003067
94 0.949820 65 0.001083
95 0.959814 52 0.000867
96 0.969807 58 0.000967
97 0.979800 20 0.000333
98 0.989793 11 0.000183
99 0.999787 1 0.000017
