0 0.036022 2 0.000100
1 0.045503 1 0.000050
2 0.054985 8 0.000400
3 0.064466 10 0.000500
4 0.073948 7 0.000350
5 0.083429 4 0.000200
6 0.092911 5 0.000250
7 0.102393 13 0.000650
8 0.111874 20 0.001000
9 0.121356 12 0.000600
10 0.130837 14 0.000700
11 0.140319 13 0.000650
12 0.149800 8 0.000400
13 0.159282 9 0.000450
14 0.168764 12 0.000600
15 0.178245 20 0.001000
16 0.187727 17 0.000850
17 0.197208 26 0.001300
18 0.206690 33 0.001650
19 0.216171 44 0.002200
20 0.225653 37 0.001850
21 0.235134 35 0.001750
22 0.244616 33 0.001650
23 0.254098 36 0.001800
24 0.263579 39 0.001950
25 0.273061 31 0.001550
26 0.282542 43 0.002150
27 0.292024 59 0.002950
28 0.301505 44 0.002200
29 0.310987 69 0.003450
30 0.320469 74 0.003700
31 0.329950 83 0.004150
32 0.339432 81 0.004050
33 0.348913 99 0.004950
34 0.358395 98 0.004900
35 0.367876 107 0.005350
36 0.377358 131 0.006550
37 0.386839 163 0.008150
38 0.396321 195 0.009750
39 0.405803 204 0.010200
40 0.415284 236 0.011800
41 0.424766 247 0.012350
42 0.434247 342 0.017100
43 0.443729 391 0.019550
44 0.453210 474 0.023700
45 0.462692 613 0.030650
46 0.472174 857 0.042850
47 0.481655 1300 0.065000
48 0.491137 2263 0.113150
49 0.500618 3501 0.175050
50 0.510100 1906 0.095300
51 0.519581 1123 0.056150
52 0.529063 765 0.038250
53 0.538544 512 0.025600
54 0.548026 431 0.021550
55 0.557508 379 0.018950
56 0.566989 378 0.018900
57 0.576471 342 0.017100
58 0.585952 198 0.009900
59 0.595434 167 0.008350
60 0.604915 150 0.007500
61 0.614397 162 0.008100
62 0.623879 122 0.006100
63 0.633360 112 0.005600
64 0.642842 111 0.005550
65 0.652323 114 0.005700
66 0.661805 73 0.003650
67 0.671286 112 0.005600
68 0.680768 66 0.003300
69 0.690249 56 0.002800
70 0.699731 41 0.002050
71 0.709213 44 0.002200
72 0.718694 32 0.001600
73 0.728176 32 0.001600
74 0.737657 30 0.001500
75 0.747139 23 0.001150
76 0.756620 25 0.001250
77 0.766102 31 0.001550
78 0.775584 33 0.001650
79 0.785065 24 0.001200
80 0.794547 18 0.000900
81 0.804028 20 0.001000
82 0.813510 27 0.001350
83 0.822991 23 0.001150
84 0.832473 16 0.000800
85 0.841954 11 0.000550
86 0.851436 13 0.000650
87 0.860918 14 0.000700
88 0.870399 6 0.000300
89 0.879881 12 0.000600
90 0.889362 9 0.000450
91 0.898844 12 0.000600
92 0.908325 19 0.000950
93 0.917807 16 0.000800
94 0.927289 11 0.000550
95 0.936770 11 0.000550
96 0.946252 2 0.000100
97 0.955733 2 0.000100
98 0.965215 1 0.000050
99 0.974696 0 0.000000
