0 0.099824 3 0.000150
1 0.107946 0 0.000000
2 0.116068 0 0.000000
3 0.124191 1 0.000050
4 0.132313 0 0.000000
5 0.140435 0 0.000000
6 0.148557 0 0.000000
7 0.156680 0 0.000000
8 0.164802 0 0.000000
9 0.172924 0 0.000000
10 0.181047 0 0.000000
11 0.189169 0 0.000000
12 0.197291 3 0.000150
13 0.205413 2 0.000100
14 0.213536 4 0.000200
15 0.221658 9 0.000450
16 0.229780 1 0.000050
17 0.237903 1 0.000050
18 0.246025 1 0.000050
19 0.254147 0 0.000000
20 0.262269 0 0.000000
21 0.270392 0 0.000000
22 0.278514 3 0.000150
23 0.286636 7 0.000350
24 0.294759 9 0.000450
25 0.302881 22 0.001100
26 0.311003 34 0.001700
27 0.319126 53 0.002650
28 0.327248 92 0.004600
29 0.335370 42 0.002100
30 0.343492 57 0.002850
31 0.351615 91 0.004550
32 0.359737 130 0.006500
33 0.367859 257 0.012850
34 0.375982 217 0.010850
35 0.384104 194 0.009700
36 0.392226 203 0.010150
37 0.400348 181 0.009050
38 0.408471 297 0.014850
39 0.416593 385 0.019250
40 0.424715 896 0.044800
41 0.432838 487 0.024350
42 0.440960 341 0.017050
43 0.449082 354 0.017700
44 0.457204 493 0.024650
45 0.465327 676 0.033800
46 0.473449 657 0.032850
47 0.481571 548 0.027400
48 0.489694 657 0.032850
49 0.497816 4643 0.232150
50 0.505938 745 0.037250
51 0.514060 635 0.031750
52 0.522183 900 0.045000
53 0.530305 848 0.042400
54 0.538427 464 0.023200
55 0.546550 400 0.020000
56 0.554672 492 0.024600
57 0.562794 435 0.021750
58 0.570917 638 0.031900
59 0.579039 333 0.016650
60 0.587161 284 0.014200
61 0.595283 188 0.009400
62 0.603406 234 0.011700
63 0.611528 166 0.008300
64 0.619650 286 0.014300
65 0.627773 337 0.016850
66 0.635895 86 0.004300
67 0.644017 49 0.002450
68 0.652139 85 0.004250
69 0.660262 88 0.004400
70 0.668384 102 0.005100
71 0.676506 59 0.002950
72 0.684629 21 0.001050
73 0.692751 21 0.001050
74 0.700873 24 0.001200
75 0.708995 9 0.000450
76 0.717118 2 0.000100
77 0.725240 0 0.000000
78 0.733362 0 0.000000
79 0.741485 0 0.000000
80 0.749607 2 0.000100
81 0.757729 0 0.000000
82 0.765851 1 0.000050
83 0.773974 3 0.000150
84 0.782096 2 0.000100
85 0.790218 1 0.000050
86 0.798341 2 0.000100
87 0.806463 4 0.000200
88 0.814585 0 0.000000
89 0.822708 0 0.000000
90 0.830830 0 0.000000
91 0.838952 0 0.000000
92 0.847074 0 0.000000
93 0.855197 0 0.000000
94 0.863319 0 0.000000
95 0.871441 1 0.000050
96 0.879564 0 0.000000
97 0.887686 0 0.000000
98 0.895808 2 0.000100
99 0.903930 0 0.000000
