0 0.010452 5 0.000250
1 0.020446 8 0.000400
2 0.030439 3 0.000150
3 0.040432 9 0.000450
4 0.050425 6 0.000300
5 0.060419 3 0.000150
6 0.070412 4 0.000200
7 0.080405 4 0.000200
8 0.090398 2 0.000100
9 0.100392 5 0.000250
10 0.110385 10 0.000500
11 0.120378 2 0.000100
12 0.130372 2 0.000100
13 0.140365 5 0.000250
14 0.150358 2 0.000100
15 0.160351 2 0.000100
16 0.170345 3 0.000150
17 0.180338 2 0.000100
18 0.190331 6 0.000300
19 0.200324 3 0.000150
20 0.210318 2 0.000100
21 0.220311 2 0.000100
22 0.230304 1 0.000050
23 0.240298 2 0.000100
24 0.250291 28 0.001400
25 0.260284 25 0.001250
26 0.270277 28 0.001400
27 0.280271 46 0.002300
28 0.290264 28 0.001400
29 0.300257 28 0.001400
30 0.310251 118 0.005900
31 0.320244 105 0.005250
32 0.330237 167 0.008350
33 0.340230 93 0.004650
34 0.350224 47 0.002350
35 0.360217 16 0.000800
36 0.370210 21 0.001050
37 0.380203 20 0.001000
38 0.390197 14 0.000700
39 0.400190 24 0.001200
40 0.410183 30 0.001500
41 0.420177 38 0.001900
42 0.430170 20 0.001000
43 0.440163 33 0.001650
44 0.450156 66 0.003300
45 0.460150 64 0.003200
46 0.470143 67 0.003350
47 0.480136 97 0.004850
48 0.490130 129 0.006450
49 0.500123 110 0.005500
50 0.510116 146 0.007300
51 0.520109 177 0.008850
52 0.530103 225 0.011250
53 0.540096 283 0.014150
54 0.550089 409 0.020450
55 0.560082 500 0.025000
56 0.570076 886 0.044300
57 0.580069 1914 0.095700
58 0.590062 2571 0.128550
59 0.600056 1435 0.071750
60 0.610049 991 0.049550
61 0.620042 805 0.040250
62 0.630035 522 0.026100
63 0.640029 346 0.017300
64 0.650022 314 0.015700
65 0.660015 264 0.013200
66 0.670009 204 0.010200
67 0.680002 201 0.010050
68 0.689995 170 0.008500
69 0.699988 184 0.009200
70 0.709982 148 0.007400
71 0.719975 143 0.007150
72 0.729968 156 0.007800
73 0.739961 179 0.008950
74 0.749955 184 0.009200
75 0.759948 174 0.008700
76 0.769941 191 0.009550
77 0.779935 187 0.009350
78 0.789928 154 0.007700
79 0.799921 147 0.007350
80 0.809914 188 0.009400
81 0.819908 220 0.011000
82 0.829901 258 0.012900
83 0.839894 272 0.013600
84 0.849887 288 0.014400
85 0.859881 434 0.021700
86 0.869874 396 0.019800
87 0.879867 378 0.018900
88 0.889861 304 0.015200
89 0.899854 257 0.012850
90 0.909847 300 0.015000
91 0.919840 324 0.016200
92 0.929834 250 0.012500
93 0.939827 174 0.008700
94 0.949820 63 0.003150
95 0.959814 44 0.002200
96 0.969807 53 0.002650
97 0.979800 20 0.001000
98 0.989793 11 0.000550
99 0.999787 1 0.000050
