0 0.077201 13 0.000650
1 0.086548 4 0.000200
2 0.095895 7 0.000350
3 0.105242 4 0.000200
4 0.114589 1 0.000050
5 0.123936 4 0.000200
6 0.133283 3 0.000150
7 0.142629 4 0.000200
8 0.151976 3 0.000150
9 0.161323 3 0.000150
10 0.170670 2 0.000100
11 0.180017 5 0.000250
12 0.189364 5 0.000250
13 0.198711 12 0.000600
14 0.208058 17 0.000850
15 0.217405 5 0.000250
16 0.226752 11 0.000550
17 0.236099 9 0.000450
18 0.245446 6 0.000300
19 0.254793 9 0.000450
20 0.264140 17 0.000850
21 0.273486 24 0.001200
22 0.282833 44 0.002200
23 0.292180 41 0.002050
24 0.301527 21 0.001050
25 0.310874 37 0.001850
26 0.320221 94 0.004700
27 0.329568 108 0.005400
28 0.338915 215 0.010750
29 0.348262 58 0.002900
30 0.357609 17 0.000850
31 0.366956 12 0.000600
32 0.376303 15 0.000750
33 0.385650 20 0.001000
34 0.394997 25 0.001250
35 0.404344 20 0.001000
36 0.413690 32 0.001600
37 0.423037 26 0.001300
38 0.432384 30 0.001500
39 0.441731 24 0.001200
40 0.451078 38 0.001900
41 0.460425 45 0.002250
42 0.469772 64 0.003200
43 0.479119 65 0.003250
44 0.488466 71 0.003550
45 0.497813 124 0.006200
46 0.507160 124 0.006200
47 0.516507 92 0.004600
48 0.525854 151 0.007550
49 0.535201 227 0.011350
50 0.544547 266 0.013300
51 0.553894 316 0.015800
52 0.563241 431 0.021550
53 0.572588 585 0.029250
54 0.581935 1296 0.064800
55 0.591282 2053 0.102650
56 0.600629 2159 0.107950
57 0.609976 1262 0.063100
58 0.619323 936 0.046800
59 0.628670 636 0.031800
60 0.638017 487 0.024350
61 0.647364 328 0.016400
62 0.656711 318 0.015900
63 0.666058 255 0.012750
64 0.675405 171 0.008550
65 0.684751 198 0.009900
66 0.694098 194 0.009700
67 0.703445 162 0.008100
68 0.712792 146 0.007300
69 0.722139 133 0.006650
70 0.731486 142 0.007100
71 0.740833 165 0.008250
72 0.750180 163 0.008150
73 0.759527 148 0.007400
74 0.768874 196 0.009800
75 0.778221 194 0.009700
76 0.787568 153 0.007650
77 0.796915 173 0.008650
78 0.806262 140 0.007000
79 0.815609 172 0.008600
80 0.824955 178 0.008900
81 0.834302 242 0.012100
82 0.843649 268 0.013400
83 0.852996 288 0.014400
84 0.862343 395 0.019750
85 0.871690 424 0.021200
86 0.881037 407 0.020350
87 0.890384 280 0.014000
88 0.899731 264 0.013200
89 0.909078 303 0.015150
90 0.918425 273 0.013650
91 0.927772 260 0.013000
92 0.937119 217 0.010850
93 0.946466 67 0.003350
94 0.955813 39 0.001950
95 0.965159 57 0.002850
96 0.974506 24 0.001200
97 0.983853 16 0.000800
98 0.993200 11 0.000550
99 1.002547 1 0.000050
