0 0.011833 3 0.000150
1 0.021602 5 0.000250
2 0.031371 4 0.000200
3 0.041141 6 0.000300
4 0.050910 13 0.000650
5 0.060680 6 0.000300
6 0.070449 10 0.000500
7 0.080218 9 0.000450
8 0.089988 10 0.000500
9 0.099757 13 0.000650
10 0.109527 9 0.000450
11 0.119296 4 0.000200
12 0.129065 15 0.000750
13 0.138835 7 0.000350
14 0.148604 10 0.000500
15 0.158373 20 0.001000
16 0.168143 14 0.000700
17 0.177912 24 0.001200
18 0.187682 29 0.001450
19 0.197451 28 0.001400
20 0.207220 35 0.001750
21 0.216990 44 0.002200
22 0.226759 37 0.001850
23 0.236528 33 0.001650
24 0.246298 28 0.001400
25 0.256067 30 0.001500
26 0.265837 37 0.001850
27 0.275606 49 0.002450
28 0.285375 61 0.003050
29 0.295145 62 0.003100
30 0.304914 80 0.004000
31 0.314683 63 0.003150
32 0.324453 95 0.004750
33 0.334222 79 0.003950
34 0.343992 99 0.004950
35 0.353761 93 0.004650
36 0.363530 149 0.007450
37 0.373300 124 0.006200
38 0.383069 175 0.008750
39 0.392838 190 0.009500
40 0.402608 219 0.010950
41 0.412377 259 0.012950
42 0.422147 289 0.014450
43 0.431916 360 0.018000
44 0.441685 418 0.020900
45 0.451455 537 0.026850
46 0.461224 734 0.036700
47 0.470993 1028 0.051400
48 0.480763 1692 0.084600
49 0.490532 3003 0.150150
50 0.500302 2724 0.136200
51 0.510071 1578 0.078900
52 0.519840 1008 0.050400
53 0.529610 618 0.030900
54 0.539379 466 0.023300
55 0.549148 370 0.018500
56 0.558918 386 0.019300
57 0.568687 360 0.018000
58 0.578457 257 0.012850
59 0.588226 196 0.009800
60 0.597995 155 0.007750
61 0.607765 159 0.007950
62 0.617534 145 0.007250
63 0.627304 115 0.005750
64 0.637073 115 0.005750
65 0.646842 103 0.005150
66 0.656612 95 0.004750
67 0.666381 81 0.004050
68 0.676150 96 0.004800
69 0.685920 57 0.002850
70 0.695689 45 0.002250
71 0.705459 43 0.002150
72 0.715228 39 0.001950
73 0.724997 35 0.001750
74 0.734767 36 0.001800
75 0.744536 22 0.001100
76 0.754305 23 0.001150
77 0.764075 30 0.001500
78 0.773844 26 0.001300
79 0.783614 21 0.001050
80 0.793383 18 0.000900
81 0.803152 18 0.000900
82 0.812922 25 0.001250
83 0.822691 23 0.001150
84 0.832460 19 0.000950
85 0.842230 23 0.001150
86 0.851999 15 0.000750
87 0.861769 9 0.000450
88 0.871538 5 0.000250
89 0.881307 11 0.000550
90 0.891077 11 0.000550
91 0.900846 13 0.000650
92 0.910616 16 0.000800
93 0.920385 9 0.000450
94 0.930154 15 0.000750
95 0.939924 10 0.000500
96 0.949693 2 0.000100
97 0.959462 7 0.000350
98 0.969232 5 0.000250
99 0.979001 1 0.000050
