0 0.036022 2 0.000033
1 0.045785 1 0.000017
2 0.055547 10 0.000167
3 0.065310 8 0.000133
4 0.075073 19 0.000317
5 0.084836 10 0.000167
6 0.094599 11 0.000183
7 0.104362 25 0.000417
8 0.114125 16 0.000267
9 0.123888 18 0.000300
10 0.133650 17 0.000283
11 0.143413 14 0.000233
12 0.153176 13 0.000217
13 0.162939 12 0.000200
14 0.172702 20 0.000333
15 0.182465 22 0.000367
16 0.192228 34 0.000567
17 0.201991 47 0.000783
18 0.211754 49 0.000817
19 0.221516 48 0.000800
20 0.231279 48 0.000800
21 0.241042 37 0.000617
22 0.250805 53 0.000883
23 0.260568 46 0.000767
24 0.270331 62 0.001033
25 0.280094 77 0.001283
26 0.289857 103 0.001717
27 0.299620 77 0.001283
28 0.309382 94 0.001567
29 0.319145 174 0.002900
30 0.328908 192 0.003200
31 0.338671 308 0.005133
32 0.348434 161 0.002683
33 0.358197 115 0.001917
34 0.367960 125 0.002083
35 0.377723 152 0.002533
36 0.387485 188 0.003133
37 0.397248 232 0.003867
38 0.407011 231 0.003850
39 0.416774 277 0.004617
40 0.426537 322 0.005367
41 0.436300 414 0.006900
42 0.446063 487 0.008117
43 0.455826 708 0.011800
44 0.465589 1066 0.017767
45 0.475351 1471 0.024517
46 0.485114 2778 0.046300
47 0.494877 7373 0.122883
48 0.504640 11587 0.193117
49 0.514403 4745 0.079083
50 0.524166 2237 0.037283
51 0.533929 1392 0.023200
52 0.543692 1048 0.017467
53 0.553455 868 0.014467
54 0.563217 888 0.014800
55 0.572980 1038 0.017300
56 0.582743 1670 0.027833
57 0.592506 2401 0.040017
58 0.602269 2328 0.038800
59 0.612032 1336 0.022267
60 0.621795 993 0.016550
61 0.631558 725 0.012083
62 0.641320 554 0.009233
63 0.651083 447 0.007450
64 0.660846 381 0.006350
65 0.670609 336 0.005600
66 0.680372 265 0.004417
67 0.690135 265 0.004417
68 0.699898 222 0.003700
69 0.709661 206 0.003433
70 0.719424 167 0.002783
71 0.729186 182 0.003033
72 0.738949 198 0.003300
73 0.748712 189 0.003150
74 0.758475 187 0.003117
75 0.768238 242 0.004033
76 0.778001 225 0.003750
77 0.787764 183 0.003050
78 0.797527 205 0.003417
79 0.807289 166 0.002767
80 0.817052 232 0.003867
81 0.826815 188 0.003133
82 0.836578 291 0.004850
83 0.846341 298 0.004967
84 0.856104 342 0.005700
85 0.865867 415 0.006917
86 0.875630 481 0.008017
87 0.885393 372 0.006200
88 0.895155 266 0.004433
89 0.904918 328 0.005467
90 0.914681 343 0.005717
91 0.924444 283 0.004717
92 0.934207 254 0.004233
93 0.943970 102 0.001700
94 0.953733 47 0.000783
95 0.963496 55 0.000917
96 0.973259 30 0.000500
97 0.983021 18 0.000300
98 0.992784 12 0.000200
99 1.002547 0 0.000000
