0 0.427260 6 0.000300
1 0.428829 1 0.000050
2 0.430397 0 0.000000
3 0.431966 3 0.000150
4 0.433534 0 0.000000
5 0.435103 0 0.000000
6 0.436671 1 0.000050
7 0.438240 1 0.000050
8 0.439809 6 0.000300
9 0.441377 2 0.000100
10 0.442946 2 0.000100
11 0.444514 4 0.000200
12 0.446083 2 0.000100
13 0.447651 10 0.000500
14 0.449220 10 0.000500
15 0.450788 5 0.000250
16 0.452357 10 0.000500
17 0.453926 18 0.000900
18 0.455494 14 0.000700
19 0.457063 28 0.001400
20 0.458631 23 0.001150
21 0.460200 25 0.001250
22 0.461768 23 0.001150
23 0.463337 14 0.000700
24 0.464906 23 0.001150
25 0.466474 51 0.002550
26 0.468043 39 0.001950
27 0.469611 37 0.001850
28 0.471180 37 0.001850
29 0.472748 62 0.003100
30 0.474317 54 0.002700
31 0.475885 66 0.003300
32 0.477454 63 0.003150
33 0.479023 58 0.002900
34 0.480591 50 0.002500
35 0.482160 64 0.003200
36 0.483728 95 0.004750
37 0.485297 129 0.006450
38 0.486865 123 0.006150
39 0.488434 140 0.007000
40 0.490002 143 0.007150
41 0.491571 205 0.010250
42 0.493140 287 0.014350
43 0.494708 299 0.014950
44 0.496277 408 0.020400
45 0.497845 515 0.025750
46 0.499414 567 0.028350
47 0.500982 762 0.038100
48 0.502551 1167 0.058350
49 0.504119 1767 0.088350
50 0.505688 2090 0.104500
51 0.507257 1515 0.075750
52 0.508825 1172 0.058600
53 0.510394 993 0.049650
54 0.511962 943 0.047150
55 0.513531 882 0.044100
56 0.515099 716 0.035800
57 0.516668 631 0.031550
58 0.518236 550 0.027500
59 0.519805 376 0.018800
60 0.521374 316 0.015800
61 0.522942 268 0.013400
62 0.524511 241 0.012050
63 0.526079 182 0.009100
64 0.527648 201 0.010050
65 0.529216 190 0.009500
66 0.530785 143 0.007150
67 0.532353 133 0.006650
68 0.533922 109 0.005450
69 0.535491 119 0.005950
70 0.537059 88 0.004400
71 0.538628 71 0.003550
72 0.540196 64 0.003200
73 0.541765 55 0.002750
74 0.543333 62 0.003100
75 0.544902 67 0.003350
76 0.546470 61 0.003050
77 0.548039 44 0.002200
78 0.549608 40 0.002000
79 0.551176 41 0.002050
80 0.552745 15 0.000750
81 0.554313 26 0.001300
82 0.555882 21 0.001050
83 0.557450 19 0.000950
84 0.559019 22 0.001100
85 0.560588 16 0.000800
86 0.562156 19 0.000950
87 0.563725 8 0.000400
88 0.565293 8 0.000400
89 0.566862 10 0.000500
90 0.568430 9 0.000450
91 0.569999 3 0.000150
92 0.571567 11 0.000550
93 0.573136 5 0.000250
94 0.574705 7 0.000350
95 0.576273 8 0.000400
96 0.577842 4 0.000200
97 0.579410 4 0.000200
98 0.580979 2 0.000100
99 0.582547 1 0.000050
