initializing
training size    : 359556
testing size     : 20000
epoch count      : 10
sub epoch size   : 5

epoch_learning_rate_decay   : 8
learning_rate_decay         : 0.250000

training



epoch [0 0] from [10 5]
training time per iterations 1.481623[ms]
testing on 20000 items
testing done
average error 0.004548
min error     0.000000
max error     0.169534
saving best net
best net saved to networks/disc8x8x3_window_size_4/net_5_depth/trained/, with error 0.004548



epoch [0 1] from [10 5]
training time per iterations 1.482889[ms]
testing on 20000 items
testing done
average error 0.002882
min error     0.000000
max error     0.148617
saving best net
best net saved to networks/disc8x8x3_window_size_4/net_5_depth/trained/, with error 0.002882



epoch [0 2] from [10 5]
training time per iterations 1.483167[ms]
testing on 20000 items
testing done
average error 0.002655
min error     0.000000
max error     0.149675
saving best net
best net saved to networks/disc8x8x3_window_size_4/net_5_depth/trained/, with error 0.002655



epoch [0 3] from [10 5]
training time per iterations 1.484599[ms]
testing on 20000 items
testing done
average error 0.002450
min error     0.000000
max error     0.143731
saving best net
best net saved to networks/disc8x8x3_window_size_4/net_5_depth/trained/, with error 0.002450



epoch [0 4] from [10 5]
training time per iterations 1.481387[ms]
testing on 20000 items
testing done
average error 0.002424
min error     0.000000
max error     0.151327
saving best net
best net saved to networks/disc8x8x3_window_size_4/net_5_depth/trained/, with error 0.002424



epoch [1 0] from [10 5]
training time per iterations 1.485364[ms]
testing on 20000 items
testing done
average error 0.002319
min error     0.000000
max error     0.152584
saving best net
best net saved to networks/disc8x8x3_window_size_4/net_5_depth/trained/, with error 0.002319



epoch [1 1] from [10 5]
training time per iterations 1.474448[ms]
testing on 20000 items
testing done
average error 0.002182
min error     0.000000
max error     0.151415
saving best net
best net saved to networks/disc8x8x3_window_size_4/net_5_depth/trained/, with error 0.002182



epoch [1 2] from [10 5]
training time per iterations 1.484390[ms]
testing on 20000 items
testing done
average error 0.002075
min error     0.000000
max error     0.148412
saving best net
best net saved to networks/disc8x8x3_window_size_4/net_5_depth/trained/, with error 0.002075



epoch [1 3] from [10 5]
training time per iterations 1.481164[ms]
testing on 20000 items
testing done
average error 0.002024
min error     0.000000
max error     0.151853
saving best net
best net saved to networks/disc8x8x3_window_size_4/net_5_depth/trained/, with error 0.002024



epoch [1 4] from [10 5]
training time per iterations 1.482207[ms]
testing on 20000 items
testing done
average error 0.002044
min error     0.000000
max error     0.154277



epoch [2 0] from [10 5]
training time per iterations 1.480956[ms]
testing on 20000 items
testing done
average error 0.001933
min error     0.000000
max error     0.148867
saving best net
best net saved to networks/disc8x8x3_window_size_4/net_5_depth/trained/, with error 0.001933



epoch [2 1] from [10 5]
training time per iterations 1.472209[ms]
testing on 20000 items
testing done
average error 0.002082
min error     0.000000
max error     0.153240



epoch [2 2] from [10 5]
training time per iterations 1.480288[ms]
testing on 20000 items
testing done
average error 0.001967
min error     0.000000
max error     0.155232



epoch [2 3] from [10 5]
training time per iterations 1.477465[ms]
testing on 20000 items
testing done
average error 0.001883
min error     0.000000
max error     0.152571
saving best net
best net saved to networks/disc8x8x3_window_size_4/net_5_depth/trained/, with error 0.001883



epoch [2 4] from [10 5]
training time per iterations 1.478550[ms]
testing on 20000 items
testing done
average error 0.001940
min error     0.000000
max error     0.159280



epoch [3 0] from [10 5]
training time per iterations 1.490175[ms]
testing on 20000 items
testing done
average error 0.001866
min error     0.000000
max error     0.144061
saving best net
best net saved to networks/disc8x8x3_window_size_4/net_5_depth/trained/, with error 0.001866



epoch [3 1] from [10 5]
training time per iterations 1.480469[ms]
testing on 20000 items
testing done
average error 0.001814
min error     0.000000
max error     0.145141
saving best net
best net saved to networks/disc8x8x3_window_size_4/net_5_depth/trained/, with error 0.001814



epoch [3 2] from [10 5]
training time per iterations 1.485280[ms]
testing on 20000 items
testing done
average error 0.001865
min error     0.000000
max error     0.150021



epoch [3 3] from [10 5]
training time per iterations 1.478174[ms]
testing on 20000 items
testing done
average error 0.001865
min error     0.000000
max error     0.150496



epoch [3 4] from [10 5]
training time per iterations 1.483195[ms]
testing on 20000 items
testing done
average error 0.001848
min error     0.000000
max error     0.151416



epoch [4 0] from [10 5]
training time per iterations 1.482736[ms]
testing on 20000 items
testing done
average error 0.001802
min error     0.000000
max error     0.151508
saving best net
best net saved to networks/disc8x8x3_window_size_4/net_5_depth/trained/, with error 0.001802



epoch [4 1] from [10 5]
training time per iterations 1.480024[ms]
testing on 20000 items
testing done
average error 0.001798
min error     0.000000
max error     0.157247
saving best net
best net saved to networks/disc8x8x3_window_size_4/net_5_depth/trained/, with error 0.001798



epoch [4 2] from [10 5]
training time per iterations 1.480719[ms]
testing on 20000 items
testing done
average error 0.001875
min error     0.000000
max error     0.151408



epoch [4 3] from [10 5]
training time per iterations 1.488493[ms]
testing on 20000 items
testing done
average error 0.001806
min error     0.000000
max error     0.142089



epoch [4 4] from [10 5]
training time per iterations 1.484766[ms]
testing on 20000 items
testing done
average error 0.001836
min error     0.000000
max error     0.139207



epoch [5 0] from [10 5]
training time per iterations 1.481025[ms]
testing on 20000 items
testing done
average error 0.001852
min error     0.000000
max error     0.148325



epoch [5 1] from [10 5]
training time per iterations 1.483055[ms]
testing on 20000 items
testing done
average error 0.001746
min error     0.000000
max error     0.137408
saving best net
best net saved to networks/disc8x8x3_window_size_4/net_5_depth/trained/, with error 0.001746



epoch [5 2] from [10 5]
training time per iterations 1.480274[ms]
testing on 20000 items
testing done
average error 0.001858
min error     0.000000
max error     0.143125



epoch [5 3] from [10 5]
training time per iterations 1.483250[ms]
testing on 20000 items
testing done
average error 0.001786
min error     0.000000
max error     0.148272



epoch [5 4] from [10 5]
training time per iterations 1.481679[ms]
testing on 20000 items
testing done
average error 0.001794
min error     0.000000
max error     0.138758



epoch [6 0] from [10 5]
training time per iterations 1.483695[ms]
testing on 20000 items
testing done
average error 0.001816
min error     0.000000
max error     0.153960



epoch [6 1] from [10 5]
training time per iterations 1.482694[ms]
testing on 20000 items
testing done
average error 0.001765
min error     0.000000
max error     0.144173



epoch [6 2] from [10 5]
training time per iterations 1.480483[ms]
testing on 20000 items
testing done
average error 0.001819
min error     0.000000
max error     0.146002



epoch [6 3] from [10 5]
training time per iterations 1.476547[ms]
testing on 20000 items
testing done
average error 0.001777
min error     0.000000
max error     0.147856



epoch [6 4] from [10 5]
training time per iterations 1.481804[ms]
testing on 20000 items
testing done
average error 0.001782
min error     0.000000
max error     0.157251



epoch [7 0] from [10 5]
training time per iterations 1.480830[ms]
testing on 20000 items
testing done
average error 0.001723
min error     0.000000
max error     0.145120
saving best net
best net saved to networks/disc8x8x3_window_size_4/net_5_depth/trained/, with error 0.001723



epoch [7 1] from [10 5]
training time per iterations 1.479940[ms]
testing on 20000 items
testing done
average error 0.001775
min error     0.000000
max error     0.147739



epoch [7 2] from [10 5]
training time per iterations 1.475783[ms]
testing on 20000 items
testing done
average error 0.001736
min error     0.000000
max error     0.144915



epoch [7 3] from [10 5]
training time per iterations 1.477215[ms]
testing on 20000 items
testing done
average error 0.001758
min error     0.000000
max error     0.151522



epoch [7 4] from [10 5]
training time per iterations 1.485253[ms]
testing on 20000 items
testing done
average error 0.001726
min error     0.000000
max error     0.155320
setting learning rate to 0.000050



epoch [8 0] from [10 5]
training time per iterations 1.477034[ms]
testing on 20000 items
testing done
average error 0.001762
min error     0.000000
max error     0.152510



epoch [8 1] from [10 5]
training time per iterations 1.477743[ms]
testing on 20000 items
testing done
average error 0.001722
min error     0.000000
max error     0.151809
saving best net
best net saved to networks/disc8x8x3_window_size_4/net_5_depth/trained/, with error 0.001722



epoch [8 2] from [10 5]
training time per iterations 1.480928[ms]
testing on 20000 items
testing done
average error 0.001771
min error     0.000000
max error     0.153116



epoch [8 3] from [10 5]
training time per iterations 1.478578[ms]
testing on 20000 items
testing done
average error 0.001736
min error     0.000000
max error     0.150098



epoch [8 4] from [10 5]
training time per iterations 1.476895[ms]
testing on 20000 items
testing done
average error 0.001764
min error     0.000000
max error     0.148398



epoch [9 0] from [10 5]
training time per iterations 1.478550[ms]
testing on 20000 items
testing done
average error 0.001727
min error     0.000000
max error     0.146167



epoch [9 1] from [10 5]
training time per iterations 1.479829[ms]
testing on 20000 items
testing done
average error 0.001753
min error     0.000000
max error     0.148472



epoch [9 2] from [10 5]
training time per iterations 1.480469[ms]
testing on 20000 items
testing done
average error 0.001725
min error     0.000000
max error     0.146221



epoch [9 3] from [10 5]
training time per iterations 1.481164[ms]
testing on 20000 items
testing done
average error 0.001713
min error     0.000000
max error     0.147507
saving best net
best net saved to networks/disc8x8x3_window_size_4/net_5_depth/trained/, with error 0.001713



epoch [9 4] from [10 5]
training time per iterations 1.481234[ms]
testing on 20000 items
testing done
average error 0.001745
min error     0.000000
max error     0.150390
training done
