0.000000 0 0 0.004548 0.000000 0.169534 0.004592 0.000000 0.170842
0.200000 0 1 0.002882 0.000000 0.148617 0.002885 0.000000 0.161669
0.400000 0 2 0.002655 0.000000 0.149675 0.002689 0.000000 0.246643
0.600000 0 3 0.002450 0.000000 0.143731 0.002466 0.000000 0.242849
0.800000 0 4 0.002424 0.000000 0.151327 0.002489 0.000000 0.216781
1.000000 1 0 0.002319 0.000000 0.152584 0.002303 0.000000 0.167286
1.200000 1 1 0.002182 0.000000 0.151415 0.002232 0.000000 0.265841
1.400000 1 2 0.002075 0.000000 0.148412 0.002097 0.000000 0.149448
1.600000 1 3 0.002024 0.000000 0.151853 0.002049 0.000000 0.164208
1.800000 1 4 0.002044 0.000000 0.154277 0.002080 0.000000 0.156649
2.000000 2 0 0.001933 0.000000 0.148867 0.001975 0.000000 0.253474
2.200000 2 1 0.002082 0.000000 0.153240 0.002104 0.000000 0.275637
2.400000 2 2 0.001967 0.000000 0.155232 0.002023 0.000000 0.158053
2.600000 2 3 0.001883 0.000000 0.152571 0.001873 0.000000 0.225269
2.800000 2 4 0.001940 0.000000 0.159280 0.001961 0.000000 0.256566
3.000000 3 0 0.001866 0.000000 0.144061 0.001848 0.000000 0.142269
3.200000 3 1 0.001814 0.000000 0.145141 0.001840 0.000000 0.221935
3.400000 3 2 0.001865 0.000000 0.150021 0.001867 0.000000 0.246372
3.600000 3 3 0.001865 0.000000 0.150496 0.001869 0.000000 0.154268
3.800000 3 4 0.001848 0.000000 0.151416 0.001905 0.000000 0.155753
4.000000 4 0 0.001802 0.000000 0.151508 0.001819 0.000000 0.154256
4.200000 4 1 0.001798 0.000000 0.157247 0.001823 0.000000 0.197516
4.400000 4 2 0.001875 0.000000 0.151408 0.001884 0.000000 0.166101
4.600000 4 3 0.001806 0.000000 0.142089 0.001828 0.000000 0.249116
4.800000 4 4 0.001836 0.000000 0.139207 0.001831 0.000000 0.173549
5.000000 5 0 0.001852 0.000000 0.148325 0.001857 0.000000 0.221327
5.200000 5 1 0.001746 0.000000 0.137408 0.001762 0.000000 0.238442
5.400000 5 2 0.001858 0.000000 0.143125 0.001932 0.000000 0.165189
5.600000 5 3 0.001786 0.000000 0.148272 0.001808 0.000000 0.223136
5.800000 5 4 0.001794 0.000000 0.138758 0.001845 0.000000 0.192827
6.000000 6 0 0.001816 0.000000 0.153960 0.001834 0.000000 0.180460
6.200000 6 1 0.001765 0.000000 0.144173 0.001770 0.000000 0.166027
6.400000 6 2 0.001819 0.000000 0.146002 0.001854 0.000000 0.254190
6.600000 6 3 0.001777 0.000000 0.147856 0.001787 0.000000 0.203662
6.800000 6 4 0.001782 0.000000 0.157251 0.001771 0.000000 0.221036
7.000000 7 0 0.001723 0.000000 0.145120 0.001751 0.000000 0.157135
7.200000 7 1 0.001775 0.000000 0.147739 0.001800 0.000000 0.249009
7.400000 7 2 0.001736 0.000000 0.144915 0.001743 0.000000 0.165903
7.600000 7 3 0.001758 0.000000 0.151522 0.001776 0.000000 0.187381
7.800000 7 4 0.001726 0.000000 0.155320 0.001779 0.000000 0.161588
8.000000 8 0 0.001762 0.000000 0.152510 0.001767 0.000000 0.250282
8.200000 8 1 0.001722 0.000000 0.151809 0.001770 0.000000 0.237330
8.400000 8 2 0.001771 0.000000 0.153116 0.001807 0.000000 0.153061
8.600000 8 3 0.001736 0.000000 0.150098 0.001722 0.000000 0.146647
8.800000 8 4 0.001764 0.000000 0.148398 0.001775 0.000000 0.246162
9.000000 9 0 0.001727 0.000000 0.146167 0.001752 0.000000 0.141149
9.200000 9 1 0.001753 0.000000 0.148472 0.001762 0.000000 0.155970
9.400000 9 2 0.001725 0.000000 0.146221 0.001729 0.000000 0.157350
9.600000 9 3 0.001713 0.000000 0.147507 0.001701 0.000000 0.147295
9.800000 9 4 0.001745 0.000000 0.150390 0.001793 0.000000 0.175378
