0.000000 0 0 0.003543 0.000000 0.184764 0.003567 0.000000 0.184764
0.200000 0 1 0.003128 0.000000 0.189989 0.003077 0.000000 0.235245
0.400000 0 2 0.002799 0.000000 0.248959 0.002763 0.000000 0.269172
0.600000 0 3 0.002749 0.000000 0.256335 0.002741 0.000000 0.254610
0.800000 0 4 0.002687 0.000000 0.271197 0.002664 0.000000 0.265452
1.000000 1 0 0.002587 0.000000 0.238218 0.002554 0.000000 0.241409
1.200000 1 1 0.002638 0.000000 0.268067 0.002652 0.000000 0.264105
1.400000 1 2 0.002599 0.000000 0.247462 0.002576 0.000000 0.243657
1.600000 1 3 0.002728 0.000000 0.236567 0.002712 0.000000 0.233258
1.800000 1 4 0.002484 0.000000 0.246916 0.002456 0.000000 0.244589
2.000000 2 0 0.002669 0.000000 0.267065 0.002621 0.000000 0.260491
2.200000 2 1 0.002522 0.000000 0.273169 0.002505 0.000000 0.259954
2.400000 2 2 0.002628 0.000000 0.233749 0.002545 0.000000 0.244113
2.600000 2 3 0.002492 0.000000 0.283564 0.002489 0.000000 0.282429
2.800000 2 4 0.002454 0.000000 0.269077 0.002467 0.000000 0.270406
3.000000 3 0 0.002424 0.000000 0.292472 0.002445 0.000000 0.287418
3.200000 3 1 0.002566 0.000000 0.229752 0.002586 0.000000 0.235288
3.400000 3 2 0.002517 0.000000 0.234144 0.002487 0.000000 0.230034
3.600000 3 3 0.002480 0.000000 0.268782 0.002399 0.000000 0.266574
3.800000 3 4 0.002400 0.000000 0.298264 0.002303 0.000000 0.275868
4.000000 4 0 0.002467 0.000000 0.262542 0.002449 0.000000 0.259056
4.200000 4 1 0.002458 0.000000 0.274475 0.002354 0.000000 0.274252
4.400000 4 2 0.002471 0.000000 0.286254 0.002397 0.000000 0.287625
4.600000 4 3 0.002404 0.000000 0.248912 0.002362 0.000000 0.248274
4.800000 4 4 0.002499 0.000000 0.300799 0.002440 0.000000 0.302205
5.000000 5 0 0.002506 0.000000 0.255893 0.002465 0.000000 0.261565
5.200000 5 1 0.002406 0.000000 0.262780 0.002365 0.000000 0.257125
5.400000 5 2 0.002409 0.000000 0.251552 0.002424 0.000000 0.250911
5.600000 5 3 0.002454 0.000000 0.233625 0.002422 0.000000 0.225044
5.800000 5 4 0.002457 0.000000 0.235749 0.002451 0.000000 0.249551
6.000000 6 0 0.002375 0.000000 0.261734 0.002350 0.000000 0.262608
6.200000 6 1 0.002471 0.000000 0.310281 0.002424 0.000000 0.309331
6.400000 6 2 0.002542 0.000000 0.237593 0.002512 0.000000 0.232217
6.600000 6 3 0.002381 0.000000 0.268407 0.002458 0.000000 0.268407
6.800000 6 4 0.002526 0.000000 0.223976 0.002486 0.000000 0.224954
7.000000 7 0 0.002469 0.000000 0.309894 0.002434 0.000000 0.305634
7.200000 7 1 0.002747 0.000000 0.255883 0.002678 0.000000 0.257180
7.400000 7 2 0.002426 0.000000 0.224847 0.002376 0.000000 0.232390
7.600000 7 3 0.002489 0.000000 0.258805 0.002474 0.000000 0.255991
7.800000 7 4 0.002560 0.000000 0.217399 0.002451 0.000000 0.214820
8.000000 8 0 0.002389 0.000000 0.257146 0.002301 0.000000 0.258012
8.200000 8 1 0.002441 0.000000 0.271432 0.002356 0.000000 0.261523
8.400000 8 2 0.002448 0.000000 0.262596 0.002383 0.000000 0.262596
8.600000 8 3 0.002381 0.000000 0.244711 0.002348 0.000000 0.239254
8.800000 8 4 0.002415 0.000000 0.252930 0.002383 0.000000 0.249722
9.000000 9 0 0.002435 0.000000 0.278300 0.002471 0.000000 0.268706
9.200000 9 1 0.002349 0.000000 0.276947 0.002308 0.000000 0.269588
9.400000 9 2 0.002358 0.000000 0.256246 0.002324 0.000000 0.255167
9.600000 9 3 0.002431 0.000000 0.274632 0.002398 0.000000 0.271289
9.800000 9 4 0.002381 0.000000 0.283684 0.002309 0.000000 0.279609
