initializing
training size    : 359556
testing size     : 20000
epoch count      : 10
sub epoch size   : 5

epoch_learning_rate_decay   : 8
learning_rate_decay         : 0.250000

training



epoch [0 0] from [10 5]
training time per iterations 0.900252[ms]
testing on 20000 items
testing done
average error 0.002856
min error     0.000000
max error     0.266532
saving best net
best net saved to networks/disc16x16x3_window_size_4/net_4/trained/, with error 0.002856



epoch [0 1] from [10 5]
training time per iterations 0.888849[ms]
testing on 20000 items
testing done
average error 0.002348
min error     0.000000
max error     0.246783
saving best net
best net saved to networks/disc16x16x3_window_size_4/net_4/trained/, with error 0.002348



epoch [0 2] from [10 5]
training time per iterations 0.892325[ms]
testing on 20000 items
testing done
average error 0.002175
min error     0.000000
max error     0.261850
saving best net
best net saved to networks/disc16x16x3_window_size_4/net_4/trained/, with error 0.002175



epoch [0 3] from [10 5]
training time per iterations 0.897415[ms]
testing on 20000 items
testing done
average error 0.001987
min error     0.000000
max error     0.241397
saving best net
best net saved to networks/disc16x16x3_window_size_4/net_4/trained/, with error 0.001987



epoch [0 4] from [10 5]
training time per iterations 0.891102[ms]
testing on 20000 items
testing done
average error 0.001978
min error     0.000000
max error     0.250503
saving best net
best net saved to networks/disc16x16x3_window_size_4/net_4/trained/, with error 0.001978



epoch [1 0] from [10 5]
training time per iterations 0.888181[ms]
testing on 20000 items
testing done
average error 0.001862
min error     0.000000
max error     0.233893
saving best net
best net saved to networks/disc16x16x3_window_size_4/net_4/trained/, with error 0.001862



epoch [1 1] from [10 5]
training time per iterations 0.880658[ms]
testing on 20000 items
testing done
average error 0.001955
min error     0.000000
max error     0.262561



epoch [1 2] from [10 5]
training time per iterations 0.892770[ms]
testing on 20000 items
testing done
average error 0.001957
min error     0.000000
max error     0.250876



epoch [1 3] from [10 5]
training time per iterations 0.897749[ms]
testing on 20000 items
testing done
average error 0.001978
min error     0.000000
max error     0.242150



epoch [1 4] from [10 5]
training time per iterations 0.891546[ms]
testing on 20000 items
testing done
average error 0.001820
min error     0.000000
max error     0.255675
saving best net
best net saved to networks/disc16x16x3_window_size_4/net_4/trained/, with error 0.001820



epoch [2 0] from [10 5]
training time per iterations 0.891366[ms]
testing on 20000 items
testing done
average error 0.001914
min error     0.000000
max error     0.235289



epoch [2 1] from [10 5]
training time per iterations 0.888863[ms]
testing on 20000 items
testing done
average error 0.001857
min error     0.000000
max error     0.246005



epoch [2 2] from [10 5]
training time per iterations 0.881979[ms]
testing on 20000 items
testing done
average error 0.001861
min error     0.000000
max error     0.232599



epoch [2 3] from [10 5]
training time per iterations 0.892617[ms]
testing on 20000 items
testing done
average error 0.001783
min error     0.000000
max error     0.243899
saving best net
best net saved to networks/disc16x16x3_window_size_4/net_4/trained/, with error 0.001783



epoch [2 4] from [10 5]
training time per iterations 0.896900[ms]
testing on 20000 items
testing done
average error 0.001786
min error     0.000000
max error     0.221016



epoch [3 0] from [10 5]
training time per iterations 0.880144[ms]
testing on 20000 items
testing done
average error 0.001731
min error     0.000000
max error     0.240801
saving best net
best net saved to networks/disc16x16x3_window_size_4/net_4/trained/, with error 0.001731



epoch [3 1] from [10 5]
training time per iterations 0.878030[ms]
testing on 20000 items
testing done
average error 0.001851
min error     0.000000
max error     0.236150



epoch [3 2] from [10 5]
training time per iterations 0.880310[ms]
testing on 20000 items
testing done
average error 0.001746
min error     0.000000
max error     0.232616



epoch [3 3] from [10 5]
training time per iterations 0.895287[ms]
testing on 20000 items
testing done
average error 0.001759
min error     0.000000
max error     0.240642



epoch [3 4] from [10 5]
training time per iterations 0.884719[ms]
testing on 20000 items
testing done
average error 0.001741
min error     0.000000
max error     0.235119



epoch [4 0] from [10 5]
training time per iterations 0.890559[ms]
testing on 20000 items
testing done
average error 0.001692
min error     0.000000
max error     0.234766
saving best net
best net saved to networks/disc16x16x3_window_size_4/net_4/trained/, with error 0.001692



epoch [4 1] from [10 5]
training time per iterations 0.896275[ms]
testing on 20000 items
testing done
average error 0.001741
min error     0.000000
max error     0.254320



epoch [4 2] from [10 5]
training time per iterations 0.895830[ms]
testing on 20000 items
testing done
average error 0.001832
min error     0.000000
max error     0.225188



epoch [4 3] from [10 5]
training time per iterations 0.890378[ms]
testing on 20000 items
testing done
average error 0.001711
min error     0.000000
max error     0.221926



epoch [4 4] from [10 5]
training time per iterations 0.897860[ms]
testing on 20000 items
testing done
average error 0.001892
min error     0.000000
max error     0.237982



epoch [5 0] from [10 5]
training time per iterations 0.889002[ms]
testing on 20000 items
testing done
average error 0.001840
min error     0.000000
max error     0.232040



epoch [5 1] from [10 5]
training time per iterations 0.892520[ms]
testing on 20000 items
testing done
average error 0.001816
min error     0.000000
max error     0.234006



epoch [5 2] from [10 5]
training time per iterations 0.874581[ms]
testing on 20000 items
testing done
average error 0.001702
min error     0.000000
max error     0.229088



epoch [5 3] from [10 5]
training time per iterations 0.896803[ms]
testing on 20000 items
testing done
average error 0.001724
min error     0.000000
max error     0.237401



epoch [5 4] from [10 5]
training time per iterations 0.890962[ms]
testing on 20000 items
testing done
average error 0.001787
min error     0.000000
max error     0.225917



epoch [6 0] from [10 5]
training time per iterations 0.898680[ms]
testing on 20000 items
testing done
average error 0.001787
min error     0.000000
max error     0.220021



epoch [6 1] from [10 5]
training time per iterations 0.893132[ms]
testing on 20000 items
testing done
average error 0.001807
min error     0.000000
max error     0.240169



epoch [6 2] from [10 5]
training time per iterations 0.898583[ms]
testing on 20000 items
testing done
average error 0.001729
min error     0.000000
max error     0.235233



epoch [6 3] from [10 5]
training time per iterations 0.895802[ms]
testing on 20000 items
testing done
average error 0.001848
min error     0.000000
max error     0.236881



epoch [6 4] from [10 5]
training time per iterations 0.895496[ms]
testing on 20000 items
testing done
average error 0.001734
min error     0.000000
max error     0.222889



epoch [7 0] from [10 5]
training time per iterations 0.899139[ms]
testing on 20000 items
testing done
average error 0.001722
min error     0.000000
max error     0.235828



epoch [7 1] from [10 5]
training time per iterations 0.891755[ms]
testing on 20000 items
testing done
average error 0.001709
min error     0.000000
max error     0.221994



epoch [7 2] from [10 5]
training time per iterations 0.888696[ms]
testing on 20000 items
testing done
average error 0.001745
min error     0.000000
max error     0.242819



epoch [7 3] from [10 5]
training time per iterations 0.899111[ms]
testing on 20000 items
testing done
average error 0.001676
min error     0.000000
max error     0.243353
saving best net
best net saved to networks/disc16x16x3_window_size_4/net_4/trained/, with error 0.001676



epoch [7 4] from [10 5]
training time per iterations 0.880881[ms]
testing on 20000 items
testing done
average error 0.001772
min error     0.000000
max error     0.241874
setting learning rate to 0.000050



epoch [8 0] from [10 5]
training time per iterations 0.894397[ms]
testing on 20000 items
testing done
average error 0.001685
min error     0.000000
max error     0.236134



epoch [8 1] from [10 5]
training time per iterations 0.889377[ms]
testing on 20000 items
testing done
average error 0.001709
min error     0.000000
max error     0.236068



epoch [8 2] from [10 5]
training time per iterations 0.883398[ms]
testing on 20000 items
testing done
average error 0.001751
min error     0.000000
max error     0.231081



epoch [8 3] from [10 5]
training time per iterations 0.901364[ms]
testing on 20000 items
testing done
average error 0.001667
min error     0.000000
max error     0.230113
saving best net
best net saved to networks/disc16x16x3_window_size_4/net_4/trained/, with error 0.001667



epoch [8 4] from [10 5]
training time per iterations 0.887847[ms]
testing on 20000 items
testing done
average error 0.001727
min error     0.000000
max error     0.225879



epoch [9 0] from [10 5]
training time per iterations 0.898041[ms]
testing on 20000 items
testing done
average error 0.001693
min error     0.000000
max error     0.225043



epoch [9 1] from [10 5]
training time per iterations 0.880839[ms]
testing on 20000 items
testing done
average error 0.001700
min error     0.000000
max error     0.223961



epoch [9 2] from [10 5]
training time per iterations 0.887820[ms]
testing on 20000 items
testing done
average error 0.001730
min error     0.000000
max error     0.231212



epoch [9 3] from [10 5]
training time per iterations 0.873524[ms]
testing on 20000 items
testing done
average error 0.001637
min error     0.000000
max error     0.217319
saving best net
best net saved to networks/disc16x16x3_window_size_4/net_4/trained/, with error 0.001637



epoch [9 4] from [10 5]
training time per iterations 0.886457[ms]
testing on 20000 items
testing done
average error 0.001719
min error     0.000000
max error     0.226297
training done
