0.000000 0 0 0.002856 0.000000 0.266532 0.002776 0.000000 0.184417
0.200000 0 1 0.002348 0.000000 0.246783 0.002337 0.000000 0.227276
0.400000 0 2 0.002175 0.000000 0.261850 0.002190 0.000000 0.213452
0.600000 0 3 0.001987 0.000000 0.241397 0.001965 0.000000 0.238012
0.800000 0 4 0.001978 0.000000 0.250503 0.001937 0.000000 0.247339
1.000000 1 0 0.001862 0.000000 0.233893 0.001853 0.000000 0.153657
1.200000 1 1 0.001955 0.000000 0.262561 0.001960 0.000000 0.171440
1.400000 1 2 0.001957 0.000000 0.250876 0.001913 0.000000 0.247865
1.600000 1 3 0.001978 0.000000 0.242150 0.001973 0.000000 0.179843
1.800000 1 4 0.001820 0.000000 0.255675 0.001803 0.000000 0.232393
2.000000 2 0 0.001914 0.000000 0.235289 0.001942 0.000000 0.237317
2.200000 2 1 0.001857 0.000000 0.246005 0.001862 0.000000 0.156338
2.400000 2 2 0.001861 0.000000 0.232599 0.001840 0.000000 0.238854
2.600000 2 3 0.001783 0.000000 0.243899 0.001756 0.000000 0.233603
2.800000 2 4 0.001786 0.000000 0.221016 0.001756 0.000000 0.156442
3.000000 3 0 0.001731 0.000000 0.240801 0.001737 0.000000 0.164018
3.200000 3 1 0.001851 0.000000 0.236150 0.001840 0.000000 0.185472
3.400000 3 2 0.001746 0.000000 0.232616 0.001740 0.000000 0.180305
3.600000 3 3 0.001759 0.000000 0.240642 0.001754 0.000000 0.219423
3.800000 3 4 0.001741 0.000000 0.235119 0.001717 0.000000 0.210036
4.000000 4 0 0.001692 0.000000 0.234766 0.001676 0.000000 0.187834
4.200000 4 1 0.001741 0.000000 0.254320 0.001720 0.000000 0.212089
4.400000 4 2 0.001832 0.000000 0.225188 0.001812 0.000000 0.217543
4.600000 4 3 0.001711 0.000000 0.221926 0.001696 0.000000 0.225205
4.800000 4 4 0.001892 0.000000 0.237982 0.001872 0.000000 0.241134
5.000000 5 0 0.001840 0.000000 0.232040 0.001850 0.000000 0.162028
5.200000 5 1 0.001816 0.000000 0.234006 0.001830 0.000000 0.226723
5.400000 5 2 0.001702 0.000000 0.229088 0.001686 0.000000 0.238118
5.600000 5 3 0.001724 0.000000 0.237401 0.001698 0.000000 0.223375
5.800000 5 4 0.001787 0.000000 0.225917 0.001741 0.000000 0.225917
6.000000 6 0 0.001787 0.000000 0.220021 0.001745 0.000000 0.162529
6.200000 6 1 0.001807 0.000000 0.240169 0.001787 0.000000 0.173682
6.400000 6 2 0.001729 0.000000 0.235233 0.001729 0.000000 0.235233
6.600000 6 3 0.001848 0.000000 0.236881 0.001825 0.000000 0.236019
6.800000 6 4 0.001734 0.000000 0.222889 0.001765 0.000000 0.239500
7.000000 7 0 0.001722 0.000000 0.235828 0.001719 0.000000 0.242695
7.200000 7 1 0.001709 0.000000 0.221994 0.001703 0.000000 0.213006
7.400000 7 2 0.001745 0.000000 0.242819 0.001687 0.000000 0.242782
7.600000 7 3 0.001676 0.000000 0.243353 0.001682 0.000000 0.157487
7.800000 7 4 0.001772 0.000000 0.241874 0.001748 0.000000 0.232436
8.000000 8 0 0.001685 0.000000 0.236134 0.001632 0.000000 0.215389
8.200000 8 1 0.001709 0.000000 0.236068 0.001662 0.000000 0.151973
8.400000 8 2 0.001751 0.000000 0.231081 0.001731 0.000000 0.183632
8.600000 8 3 0.001667 0.000000 0.230113 0.001666 0.000000 0.151230
8.800000 8 4 0.001727 0.000000 0.225879 0.001726 0.000000 0.240084
9.000000 9 0 0.001693 0.000000 0.225043 0.001662 0.000000 0.181514
9.200000 9 1 0.001700 0.000000 0.223961 0.001716 0.000000 0.141302
9.400000 9 2 0.001730 0.000000 0.231212 0.001686 0.000000 0.148530
9.600000 9 3 0.001637 0.000000 0.217319 0.001609 0.000000 0.173347
9.800000 9 4 0.001719 0.000000 0.226297 0.001720 0.000000 0.237319
