0 0 0.000000 0.132253 0.089564 0.132656 0.089936
0 1 0.114943 0.100016 0.064232 0.099893 0.064194
0 2 0.229885 0.078417 0.053540 0.079998 0.055088
0 3 0.344828 0.076042 0.052190 0.075866 0.052370
0 4 0.459770 0.072015 0.049320 0.071669 0.049302
0 5 0.574713 0.069718 0.047801 0.070672 0.048481
0 6 0.689655 0.066433 0.045534 0.067511 0.046394
0 7 0.804598 0.068266 0.046929 0.068525 0.046890
0 8 0.919540 0.066872 0.045916 0.066986 0.045963
0 9 1.034483 0.064098 0.044670 0.064388 0.045118
0 10 1.149425 0.064955 0.044492 0.064344 0.044167
0 11 1.264368 0.061700 0.043593 0.061572 0.043810
0 12 1.379310 0.061188 0.043205 0.061929 0.043513
0 13 1.494253 0.062146 0.042890 0.062617 0.042852
0 14 1.609195 0.067273 0.045924 0.068365 0.046157
0 15 1.724138 0.063022 0.044469 0.061520 0.043020
0 16 1.839080 0.060714 0.043943 0.059396 0.042476
0 17 1.954023 0.061711 0.043564 0.059871 0.042125
0 18 2.068965 0.060641 0.042627 0.059110 0.041433
0 19 2.183908 0.060877 0.043533 0.060150 0.043176
0 20 2.298851 0.059950 0.042321 0.059784 0.042289
0 21 2.413793 0.057812 0.041834 0.059545 0.042813
0 22 2.528736 0.058320 0.041920 0.058364 0.042348
0 23 2.643678 0.061725 0.041609 0.062599 0.042079
0 24 2.758621 0.058915 0.042613 0.058754 0.042632
0 25 2.873563 0.058117 0.041804 0.059328 0.042954
0 26 2.988506 0.057839 0.041517 0.057878 0.041706
0 27 3.103448 0.060147 0.041809 0.060960 0.042097
0 28 3.218391 0.058192 0.041742 0.057873 0.041368
0 29 3.333333 0.058032 0.040846 0.059551 0.041909
0 30 3.448276 0.059779 0.042756 0.058489 0.041702
0 31 3.563218 0.059207 0.042937 0.058185 0.041696
0 32 3.678161 0.058472 0.041459 0.059368 0.042455
0 33 3.793103 0.057982 0.041860 0.057727 0.041745
0 34 3.908046 0.058762 0.042352 0.058391 0.041739
0 35 4.022988 0.057707 0.041479 0.057629 0.041206
0 36 4.137931 0.056526 0.040805 0.056900 0.041284
0 37 4.252873 0.056927 0.040755 0.057657 0.041487
0 38 4.367816 0.056703 0.039986 0.057566 0.040826
0 39 4.482759 0.057657 0.041585 0.057319 0.040802
0 40 4.597701 0.056426 0.041122 0.056567 0.041383
0 41 4.712644 0.057836 0.041966 0.057493 0.041811
0 42 4.827586 0.057620 0.041337 0.057158 0.040885
0 43 4.942529 0.057334 0.042028 0.056934 0.041172
0 44 5.057471 0.058217 0.042516 0.057505 0.041750
0 45 5.172414 0.055931 0.040227 0.056667 0.040511
0 46 5.287356 0.056606 0.040874 0.058244 0.041942
0 47 5.402299 0.055192 0.040418 0.055114 0.040806
0 48 5.517241 0.056056 0.040138 0.056750 0.040756
0 49 5.632184 0.058294 0.042049 0.056236 0.040954
0 50 5.747127 0.056033 0.040938 0.057060 0.041930
0 51 5.862069 0.057918 0.040826 0.058923 0.041517
0 52 5.977012 0.056980 0.041897 0.056644 0.041224
0 53 6.091954 0.056136 0.041533 0.055631 0.041279
0 54 6.206897 0.056610 0.040528 0.056055 0.040288
0 55 6.321839 0.056544 0.040663 0.055931 0.040001
0 56 6.436781 0.057853 0.040840 0.058746 0.041830
0 57 6.551724 0.059818 0.042366 0.058559 0.041506
0 58 6.666667 0.055495 0.040890 0.055284 0.040627
0 59 6.781609 0.056764 0.040803 0.055200 0.039884
0 60 6.896552 0.054599 0.040464 0.054892 0.040865
0 61 7.011494 0.057613 0.041583 0.057313 0.041096
0 62 7.126437 0.056222 0.041162 0.054648 0.040028
0 63 7.241379 0.057407 0.041663 0.055395 0.040761
0 64 7.356322 0.055616 0.040987 0.055627 0.040922
0 65 7.471264 0.057211 0.040882 0.057345 0.040568
0 66 7.586207 0.055810 0.041007 0.054789 0.040484
0 67 7.701149 0.055132 0.041022 0.055603 0.040885
0 68 7.816092 0.054254 0.039686 0.054884 0.040046
0 69 7.931035 0.053434 0.039708 0.055016 0.040878
0 70 8.045977 0.055293 0.040716 0.055373 0.040963
0 71 8.160919 0.054967 0.039820 0.055864 0.040118
0 72 8.275862 0.057631 0.041682 0.056696 0.040976
0 73 8.390804 0.054599 0.040875 0.054639 0.040532
0 74 8.505747 0.053776 0.039903 0.054785 0.040365
0 75 8.620689 0.055936 0.041076 0.054850 0.040337
0 76 8.735632 0.055256 0.040785 0.055256 0.040299
0 77 8.850574 0.054837 0.040629 0.054427 0.040848
0 78 8.965517 0.055236 0.041222 0.055261 0.040962
0 79 9.080460 0.055828 0.040566 0.055487 0.040031
0 80 9.195402 0.054794 0.040717 0.054699 0.040693
0 81 9.310345 0.054882 0.040769 0.053612 0.039543
0 82 9.425287 0.056425 0.041359 0.056314 0.041334
0 83 9.540230 0.053945 0.040268 0.054853 0.041182
0 84 9.655172 0.054480 0.040006 0.054505 0.040070
0 85 9.770115 0.053838 0.040014 0.053234 0.039400
0 86 9.885057 0.054990 0.040101 0.054760 0.040486
1 0 10.000000 0.053950 0.040153 0.054650 0.040276
1 1 10.114943 0.054092 0.040546 0.054172 0.040408
1 2 10.229885 0.053702 0.040023 0.054474 0.040743
1 3 10.344828 0.053377 0.040193 0.053345 0.039579
1 4 10.459770 0.055614 0.040796 0.055033 0.040211
1 5 10.574713 0.054145 0.040434 0.053664 0.040297
1 6 10.689655 0.055091 0.040165 0.055339 0.040181
1 7 10.804598 0.054297 0.039987 0.054145 0.040117
1 8 10.919540 0.054413 0.040150 0.054592 0.040578
1 9 11.034483 0.054184 0.040547 0.053795 0.040279
1 10 11.149426 0.055888 0.041494 0.053595 0.039628
1 11 11.264368 0.053940 0.040688 0.053744 0.040204
1 12 11.379311 0.052441 0.039307 0.053272 0.040058
1 13 11.494253 0.053322 0.039782 0.053914 0.039990
1 14 11.609196 0.054570 0.040169 0.054857 0.040405
1 15 11.724138 0.053870 0.040503 0.053066 0.039897
1 16 11.839081 0.055066 0.040077 0.054555 0.040090
1 17 11.954023 0.053277 0.040214 0.053108 0.039871
1 18 12.068966 0.053989 0.040149 0.052534 0.039711
1 19 12.183908 0.054802 0.040584 0.054961 0.040800
1 20 12.298851 0.055342 0.040157 0.055236 0.039927
1 21 12.413794 0.053934 0.040446 0.054108 0.040411
1 22 12.528735 0.052782 0.039611 0.053329 0.040239
1 23 12.643678 0.055155 0.039811 0.055053 0.039662
1 24 12.758620 0.053600 0.040407 0.053406 0.039972
1 25 12.873563 0.055307 0.039861 0.055958 0.040449
1 26 12.988505 0.053855 0.039485 0.055196 0.040764
1 27 13.103448 0.053270 0.039969 0.052864 0.039858
1 28 13.218390 0.057054 0.041292 0.056842 0.040970
1 29 13.333333 0.052249 0.039287 0.053705 0.040270
1 30 13.448276 0.053147 0.040095 0.052980 0.039743
1 31 13.563218 0.057551 0.041130 0.057804 0.041348
1 32 13.678161 0.054109 0.040139 0.054187 0.040384
1 33 13.793103 0.053934 0.040302 0.053106 0.039619
1 34 13.908046 0.054845 0.040356 0.055216 0.040343
1 35 14.022988 0.052731 0.039111 0.052659 0.039409
1 36 14.137931 0.054134 0.040291 0.054656 0.040390
1 37 14.252873 0.054204 0.039680 0.056024 0.040974
1 38 14.367816 0.053353 0.040113 0.053430 0.039925
1 39 14.482759 0.051113 0.038693 0.053003 0.040057
1 40 14.597701 0.053931 0.040466 0.052369 0.039330
1 41 14.712644 0.055423 0.040929 0.053898 0.039653
1 42 14.827586 0.053135 0.039733 0.053042 0.039857
1 43 14.942529 0.054791 0.040399 0.055743 0.040975
1 44 15.057471 0.052793 0.039997 0.051921 0.039118
1 45 15.172414 0.053887 0.040693 0.052894 0.039737
1 46 15.287356 0.053508 0.039775 0.054584 0.040726
1 47 15.402299 0.052432 0.039450 0.054238 0.040377
1 48 15.517241 0.053492 0.040224 0.053730 0.040411
1 49 15.632184 0.053232 0.039818 0.053219 0.040005
1 50 15.747127 0.053527 0.040089 0.052457 0.039202
1 51 15.862069 0.053327 0.039776 0.053570 0.039660
1 52 15.977012 0.053489 0.040217 0.052796 0.039575
1 53 16.091953 0.052259 0.038938 0.053811 0.040088
1 54 16.206896 0.054748 0.040831 0.052631 0.039613
1 55 16.321838 0.052400 0.039741 0.053878 0.040722
1 56 16.436781 0.055507 0.040983 0.055608 0.040724
1 57 16.551723 0.052573 0.039171 0.053263 0.039982
1 58 16.666666 0.054043 0.040185 0.053111 0.039318
1 59 16.781609 0.052754 0.040009 0.052620 0.039447
1 60 16.896551 0.054470 0.039411 0.054663 0.039944
1 61 17.011494 0.053064 0.040170 0.052519 0.039545
1 62 17.126436 0.054858 0.040280 0.053964 0.039712
1 63 17.241379 0.050932 0.038500 0.052098 0.039647
1 64 17.356321 0.052403 0.038652 0.054236 0.039982
1 65 17.471264 0.052483 0.039514 0.051979 0.039803
1 66 17.586206 0.053434 0.039902 0.054909 0.040852
1 67 17.701149 0.054570 0.040396 0.057386 0.041887
1 68 17.816092 0.052537 0.039628 0.051804 0.039145
1 69 17.931034 0.051360 0.039106 0.051483 0.039096
1 70 18.045977 0.053235 0.039483 0.053852 0.040174
1 71 18.160919 0.056973 0.040017 0.057929 0.040488
1 72 18.275862 0.053488 0.039580 0.053903 0.040017
1 73 18.390804 0.051280 0.039520 0.051401 0.039454
1 74 18.505747 0.050334 0.038629 0.052620 0.039770
1 75 18.620689 0.052277 0.039077 0.053968 0.040376
1 76 18.735632 0.052659 0.039883 0.052529 0.039614
1 77 18.850574 0.052726 0.040123 0.052203 0.039668
1 78 18.965517 0.052102 0.039459 0.052798 0.039842
1 79 19.080460 0.051479 0.039292 0.052575 0.039555
1 80 19.195402 0.053394 0.039987 0.053891 0.040340
1 81 19.310345 0.051181 0.038657 0.052172 0.039313
1 82 19.425287 0.053048 0.039653 0.054524 0.040734
1 83 19.540230 0.051727 0.039796 0.051923 0.039963
1 84 19.655172 0.052756 0.039322 0.052976 0.039493
1 85 19.770115 0.053476 0.039995 0.052882 0.039587
1 86 19.885057 0.052614 0.039418 0.054085 0.040385
2 0 20.000000 0.053065 0.040106 0.053510 0.040400
2 1 20.114943 0.055217 0.040865 0.053937 0.039986
2 2 20.229885 0.052233 0.039301 0.053797 0.040288
2 3 20.344828 0.052019 0.039344 0.052515 0.039464
2 4 20.459770 0.052472 0.039659 0.051826 0.039303
2 5 20.574713 0.052018 0.039660 0.051608 0.039231
2 6 20.689655 0.051240 0.039188 0.051519 0.039757
2 7 20.804598 0.052668 0.039964 0.052024 0.039536
2 8 20.919540 0.052246 0.039476 0.052821 0.040474
2 9 21.034483 0.053910 0.040204 0.053190 0.039534
2 10 21.149426 0.051509 0.039231 0.052239 0.039354
2 11 21.264368 0.053211 0.040139 0.052877 0.039767
2 12 21.379311 0.053141 0.039588 0.053314 0.040103
2 13 21.494253 0.052929 0.040080 0.052872 0.040173
2 14 21.609196 0.051560 0.039085 0.053243 0.040182
2 15 21.724138 0.052129 0.039643 0.051112 0.038957
2 16 21.839081 0.052505 0.040178 0.052087 0.040069
2 17 21.954023 0.052812 0.039415 0.051497 0.038588
2 18 22.068966 0.051166 0.039344 0.051154 0.039582
2 19 22.183908 0.052412 0.040178 0.052517 0.039956
2 20 22.298851 0.051483 0.039181 0.052285 0.039477
2 21 22.413794 0.051516 0.039181 0.051570 0.039638
2 22 22.528736 0.052341 0.039662 0.052150 0.039434
2 23 22.643679 0.053002 0.040192 0.052123 0.039491
2 24 22.758621 0.052237 0.039856 0.051864 0.039515
2 25 22.873564 0.052675 0.040104 0.051838 0.039162
2 26 22.988506 0.051975 0.039771 0.051571 0.039034
2 27 23.103449 0.052935 0.040096 0.051375 0.038696
2 28 23.218391 0.052947 0.040084 0.053011 0.039823
2 29 23.333334 0.051984 0.039560 0.051790 0.039405
2 30 23.448277 0.053670 0.040113 0.052858 0.039419
2 31 23.563219 0.052658 0.039943 0.053111 0.040411
2 32 23.678162 0.052097 0.039749 0.052264 0.039470
2 33 23.793104 0.053125 0.040220 0.053246 0.040278
2 34 23.908047 0.051836 0.039297 0.051665 0.039428
2 35 24.022989 0.051812 0.039092 0.053115 0.040473
2 36 24.137932 0.052117 0.039629 0.052459 0.039690
2 37 24.252874 0.051625 0.039459 0.051251 0.039599
2 38 24.367817 0.052280 0.040056 0.052007 0.040009
2 39 24.482759 0.051693 0.039717 0.050791 0.039164
2 40 24.597702 0.052486 0.040258 0.052108 0.039803
2 41 24.712645 0.053647 0.040812 0.052734 0.040060
2 42 24.827587 0.052229 0.039736 0.050601 0.038426
2 43 24.942530 0.052640 0.040434 0.052543 0.040310
2 44 25.057470 0.050857 0.038830 0.052123 0.039506
2 45 25.172413 0.051494 0.038820 0.051800 0.038292
2 46 25.287355 0.050495 0.039106 0.050168 0.038765
2 47 25.402298 0.051667 0.039257 0.051453 0.039428
2 48 25.517241 0.052787 0.039788 0.052307 0.039685
2 49 25.632183 0.052032 0.039999 0.050145 0.038667
2 50 25.747126 0.053962 0.041070 0.051352 0.039388
2 51 25.862068 0.050967 0.039307 0.051896 0.039859
2 52 25.977011 0.053172 0.040808 0.052304 0.039855
2 53 26.091953 0.052145 0.039953 0.050668 0.038709
2 54 26.206896 0.051622 0.039203 0.052078 0.039622
2 55 26.321838 0.051164 0.039376 0.051745 0.039757
2 56 26.436781 0.051976 0.040508 0.050998 0.039221
2 57 26.551723 0.052200 0.040032 0.050312 0.038860
2 58 26.666666 0.051658 0.039479 0.050561 0.038513
2 59 26.781609 0.054242 0.040328 0.053148 0.039844
2 60 26.896551 0.052709 0.040246 0.052175 0.039950
2 61 27.011494 0.051791 0.039993 0.051447 0.039482
2 62 27.126436 0.051781 0.039622 0.051834 0.039340
2 63 27.241379 0.051553 0.039889 0.051188 0.039479
2 64 27.356321 0.051071 0.039182 0.051628 0.039642
2 65 27.471264 0.050931 0.038994 0.051988 0.039679
2 66 27.586206 0.054611 0.040420 0.054480 0.040623
2 67 27.701149 0.050948 0.039074 0.052204 0.040247
2 68 27.816092 0.052457 0.039315 0.052981 0.039799
2 69 27.931034 0.051756 0.039683 0.052071 0.040501
2 70 28.045977 0.052369 0.040281 0.053813 0.041095
2 71 28.160919 0.051147 0.039256 0.051363 0.039433
2 72 28.275862 0.052370 0.040235 0.050717 0.038992
2 73 28.390804 0.052366 0.040154 0.052133 0.039559
2 74 28.505747 0.051120 0.039311 0.052763 0.040469
2 75 28.620689 0.051033 0.039531 0.049843 0.038806
2 76 28.735632 0.051798 0.040120 0.051819 0.040134
2 77 28.850574 0.051331 0.039587 0.050747 0.039043
2 78 28.965517 0.051290 0.039212 0.050830 0.038866
2 79 29.080460 0.052097 0.039290 0.052451 0.039620
2 80 29.195402 0.051983 0.039732 0.052474 0.040063
2 81 29.310345 0.051740 0.039335 0.051729 0.039708
2 82 29.425287 0.051980 0.039553 0.051619 0.039314
2 83 29.540230 0.052999 0.039861 0.054444 0.040765
2 84 29.655172 0.052131 0.039645 0.051364 0.039287
2 85 29.770115 0.050569 0.039042 0.050838 0.038889
2 86 29.885057 0.052068 0.039852 0.052923 0.040571
3 0 30.000000 0.051158 0.039678 0.051196 0.039651
3 1 30.114943 0.051697 0.039513 0.051816 0.039264
3 2 30.229885 0.052095 0.040008 0.051140 0.039409
3 3 30.344828 0.051520 0.038870 0.051950 0.039318
3 4 30.459770 0.050880 0.038963 0.051497 0.039387
3 5 30.574713 0.050873 0.039130 0.050938 0.039312
3 6 30.689655 0.051305 0.038746 0.052598 0.039508
3 7 30.804598 0.052465 0.039177 0.051962 0.039033
3 8 30.919540 0.050778 0.039238 0.050690 0.039254
3 9 31.034483 0.051736 0.038817 0.052636 0.039561
3 10 31.149426 0.051833 0.039545 0.051412 0.039463
3 11 31.264368 0.050930 0.039333 0.051317 0.039540
3 12 31.379311 0.050405 0.038873 0.051133 0.039254
3 13 31.494253 0.050676 0.039080 0.051038 0.039585
3 14 31.609196 0.050419 0.038943 0.052086 0.040115
3 15 31.724138 0.051791 0.039596 0.050443 0.039071
3 16 31.839081 0.050828 0.039285 0.051459 0.039598
3 17 31.954023 0.051092 0.039317 0.051698 0.039800
3 18 32.068966 0.050806 0.038584 0.051874 0.040320
3 19 32.183907 0.052335 0.040405 0.051524 0.040032
3 20 32.298851 0.052956 0.040073 0.052876 0.040164
3 21 32.413792 0.052051 0.040043 0.051623 0.039604
3 22 32.528736 0.052923 0.039964 0.053416 0.039950
3 23 32.643677 0.051247 0.039349 0.052707 0.040325
3 24 32.758621 0.051821 0.039444 0.051878 0.039080
3 25 32.873562 0.051420 0.039722 0.051176 0.039400
3 26 32.988506 0.051484 0.039554 0.051042 0.039394
3 27 33.103447 0.049913 0.038698 0.050108 0.038756
3 28 33.218391 0.049988 0.038874 0.051292 0.039615
3 29 33.333332 0.050629 0.039193 0.049987 0.038665
3 30 33.448277 0.051082 0.039322 0.052058 0.039721
3 31 33.563217 0.051573 0.039594 0.051968 0.039440
3 32 33.678162 0.051164 0.039399 0.050059 0.038964
3 33 33.793102 0.049934 0.038578 0.050975 0.039388
3 34 33.908047 0.050034 0.039263 0.051152 0.039417
3 35 34.022987 0.052761 0.039766 0.050659 0.038967
3 36 34.137932 0.050632 0.038726 0.051537 0.039659
3 37 34.252872 0.051453 0.039488 0.050870 0.039240
3 38 34.367817 0.050881 0.039301 0.050693 0.038872
3 39 34.482758 0.051986 0.039466 0.050754 0.039400
3 40 34.597702 0.050395 0.038971 0.051490 0.039578
3 41 34.712643 0.051279 0.039623 0.051592 0.039595
3 42 34.827587 0.049267 0.038202 0.050728 0.039525
3 43 34.942528 0.050532 0.038758 0.051407 0.039492
3 44 35.057472 0.051141 0.039663 0.049937 0.039156
3 45 35.172413 0.050644 0.038736 0.051490 0.039537
3 46 35.287357 0.051591 0.039728 0.051481 0.039774
3 47 35.402298 0.051335 0.039404 0.050178 0.039143
3 48 35.517242 0.052799 0.039868 0.052067 0.039695
3 49 35.632183 0.051446 0.039782 0.051584 0.039878
3 50 35.747128 0.050726 0.039447 0.050103 0.038641
3 51 35.862068 0.050734 0.039044 0.050923 0.039186
3 52 35.977013 0.052341 0.040714 0.052496 0.040793
3 53 36.091953 0.051657 0.039131 0.051209 0.039258
3 54 36.206898 0.051247 0.039533 0.050933 0.039481
3 55 36.321838 0.050905 0.039155 0.049731 0.038299
3 56 36.436783 0.051743 0.039562 0.052480 0.039546
3 57 36.551723 0.052002 0.039665 0.051653 0.039746
3 58 36.666668 0.052649 0.040037 0.051524 0.039240
3 59 36.781609 0.051565 0.039828 0.051370 0.039381
3 60 36.896553 0.050975 0.039397 0.051826 0.040016
3 61 37.011494 0.051308 0.039571 0.051431 0.039332
3 62 37.126438 0.051300 0.039364 0.051568 0.039027
3 63 37.241379 0.050255 0.038740 0.050807 0.039172
3 64 37.356323 0.049646 0.038598 0.050680 0.039323
3 65 37.471264 0.052372 0.040093 0.051860 0.039744
3 66 37.586208 0.049942 0.038413 0.050783 0.039030
3 67 37.701149 0.051319 0.039255 0.050089 0.038960
3 68 37.816093 0.051092 0.039365 0.050193 0.038405
3 69 37.931034 0.049599 0.038486 0.050055 0.038694
3 70 38.045979 0.050180 0.038702 0.050271 0.039154
3 71 38.160919 0.051107 0.039227 0.051376 0.039104
3 72 38.275864 0.051047 0.039639 0.050288 0.038637
3 73 38.390804 0.053357 0.040045 0.052871 0.039660
3 74 38.505749 0.051418 0.039994 0.051550 0.039795
3 75 38.620689 0.051901 0.039708 0.050347 0.038591
3 76 38.735634 0.051127 0.039125 0.051289 0.039848
3 77 38.850574 0.050456 0.038706 0.050725 0.039001
3 78 38.965519 0.051919 0.039932 0.050072 0.038857
3 79 39.080460 0.049842 0.038880 0.050120 0.038787
3 80 39.195404 0.051619 0.039752 0.051068 0.039744
3 81 39.310345 0.050071 0.039181 0.050368 0.039218
3 82 39.425289 0.051946 0.039955 0.051119 0.039506
3 83 39.540230 0.051521 0.039796 0.049773 0.038633
3 84 39.655174 0.050523 0.039100 0.050542 0.039089
3 85 39.770115 0.052195 0.040467 0.051529 0.039637
3 86 39.885059 0.051703 0.040061 0.051513 0.039615
4 0 40.000000 0.050577 0.038962 0.051499 0.039712
4 1 40.114941 0.050882 0.039079 0.051123 0.039115
4 2 40.229885 0.051568 0.039599 0.051490 0.039982
4 3 40.344826 0.050978 0.039433 0.050099 0.039011
4 4 40.459770 0.051304 0.039539 0.049909 0.038711
4 5 40.574711 0.052195 0.040101 0.050762 0.038980
4 6 40.689655 0.052197 0.040148 0.052110 0.039883
4 7 40.804596 0.051244 0.039233 0.051180 0.039294
4 8 40.919540 0.051615 0.039390 0.051594 0.039024
4 9 41.034481 0.050721 0.039141 0.050726 0.039318
4 10 41.149426 0.050435 0.038994 0.051682 0.039577
4 11 41.264366 0.050742 0.039667 0.050706 0.038983
4 12 41.379311 0.050605 0.039226 0.049619 0.038476
4 13 41.494251 0.050519 0.039055 0.051181 0.039358
4 14 41.609196 0.052275 0.040385 0.050696 0.039174
4 15 41.724136 0.051037 0.039448 0.049580 0.038791
4 16 41.839081 0.050461 0.039264 0.049716 0.039001
4 17 41.954021 0.052478 0.040304 0.051924 0.039669
4 18 42.068966 0.052823 0.040015 0.051108 0.039011
4 19 42.183907 0.051631 0.039760 0.050515 0.039191
4 20 42.298851 0.051568 0.040053 0.051110 0.039469
4 21 42.413792 0.052116 0.039800 0.051737 0.039438
4 22 42.528736 0.050497 0.039176 0.050764 0.039336
4 23 42.643677 0.050068 0.038545 0.051759 0.039915
4 24 42.758621 0.050008 0.038616 0.050044 0.038657
4 25 42.873562 0.051526 0.040038 0.051055 0.038937
4 26 42.988506 0.050155 0.038781 0.050653 0.038828
4 27 43.103447 0.050845 0.039347 0.050571 0.039111
4 28 43.218391 0.050120 0.038825 0.050427 0.039042
4 29 43.333332 0.049679 0.038773 0.051475 0.040038
4 30 43.448277 0.050939 0.038834 0.050830 0.038590
4 31 43.563217 0.051644 0.039567 0.050281 0.038841
4 32 43.678162 0.050401 0.039314 0.050227 0.038771
4 33 43.793102 0.052344 0.039697 0.051751 0.039638
4 34 43.908047 0.050912 0.039213 0.051591 0.040083
4 35 44.022987 0.051294 0.039405 0.051101 0.039327
4 36 44.137932 0.051696 0.039921 0.050272 0.038893
4 37 44.252872 0.050530 0.039051 0.051270 0.039668
4 38 44.367817 0.050198 0.038973 0.049802 0.038799
4 39 44.482758 0.049662 0.038560 0.050425 0.038958
4 40 44.597702 0.050707 0.039612 0.050450 0.038984
4 41 44.712643 0.050633 0.039060 0.051490 0.039857
4 42 44.827587 0.050821 0.038849 0.052396 0.040221
4 43 44.942528 0.050534 0.038968 0.050983 0.039808
4 44 45.057472 0.050887 0.039193 0.051251 0.039556
4 45 45.172413 0.050662 0.039032 0.050493 0.039285
4 46 45.287357 0.051529 0.039643 0.050625 0.038787
4 47 45.402298 0.051503 0.039450 0.051811 0.039530
4 48 45.517242 0.050355 0.039376 0.050438 0.039267
4 49 45.632183 0.049965 0.038523 0.051256 0.039639
4 50 45.747128 0.049783 0.038722 0.051227 0.039890
4 51 45.862068 0.050438 0.039422 0.050463 0.039173
4 52 45.977013 0.052065 0.039853 0.052588 0.039930
4 53 46.091953 0.049641 0.038646 0.050221 0.039009
4 54 46.206898 0.050846 0.039354 0.051119 0.039507
4 55 46.321838 0.051631 0.039853 0.051489 0.039806
4 56 46.436783 0.050546 0.039338 0.051033 0.039511
4 57 46.551723 0.050683 0.039474 0.050135 0.038811
4 58 46.666668 0.050522 0.039823 0.049571 0.038866
4 59 46.781609 0.050300 0.038917 0.050686 0.039337
4 60 46.896553 0.050646 0.039148 0.051189 0.039357
4 61 47.011494 0.051859 0.039946 0.051157 0.039346
4 62 47.126438 0.050612 0.039203 0.050740 0.039234
4 63 47.241379 0.050710 0.039370 0.051017 0.039500
4 64 47.356323 0.050119 0.038754 0.050820 0.039048
4 65 47.471264 0.050092 0.038928 0.049146 0.038410
4 66 47.586208 0.052072 0.040138 0.050799 0.039768
4 67 47.701149 0.051518 0.039474 0.050525 0.038856
4 68 47.816093 0.049739 0.038974 0.052046 0.040341
4 69 47.931034 0.050760 0.039170 0.051072 0.039620
4 70 48.045979 0.051787 0.040102 0.050312 0.039025
4 71 48.160919 0.050214 0.039148 0.050203 0.039089
4 72 48.275864 0.049525 0.038740 0.049671 0.038891
4 73 48.390804 0.049708 0.039044 0.051304 0.039899
4 74 48.505749 0.050599 0.038798 0.050097 0.038673
4 75 48.620689 0.049952 0.039085 0.051057 0.039814
4 76 48.735634 0.050629 0.039518 0.050093 0.039454
4 77 48.850574 0.050479 0.039067 0.051687 0.039822
4 78 48.965519 0.051108 0.039642 0.050526 0.039498
4 79 49.080460 0.050788 0.039280 0.050923 0.039214
4 80 49.195404 0.050404 0.039221 0.050479 0.039064
4 81 49.310345 0.050192 0.039212 0.050977 0.039716
4 82 49.425289 0.051076 0.039620 0.050614 0.039521
4 83 49.540230 0.051481 0.039458 0.050617 0.039320
4 84 49.655174 0.053061 0.040751 0.051704 0.039745
4 85 49.770115 0.051366 0.039808 0.049370 0.038535
4 86 49.885059 0.050381 0.039485 0.050444 0.039304
5 0 50.000000 0.050114 0.039238 0.050172 0.039164
5 1 50.114941 0.050128 0.039038 0.049698 0.039025
5 2 50.229885 0.050393 0.039387 0.050074 0.039056
5 3 50.344826 0.050966 0.039293 0.051299 0.040049
5 4 50.459770 0.050247 0.039071 0.050880 0.039528
5 5 50.574711 0.050668 0.039407 0.051487 0.039758
5 6 50.689655 0.050831 0.039699 0.050402 0.039128
5 7 50.804596 0.051789 0.039902 0.050501 0.038980
5 8 50.919540 0.050588 0.039040 0.050252 0.039078
5 9 51.034481 0.050882 0.039474 0.049218 0.038353
5 10 51.149426 0.050229 0.039110 0.049638 0.039287
5 11 51.264366 0.051939 0.040099 0.051731 0.040298
5 12 51.379311 0.051050 0.039873 0.049590 0.038913
5 13 51.494251 0.050608 0.039397 0.050615 0.039462
5 14 51.609196 0.050483 0.039338 0.049144 0.038559
5 15 51.724136 0.049600 0.038926 0.050673 0.039359
5 16 51.839081 0.050899 0.039023 0.050163 0.038792
5 17 51.954021 0.050664 0.039024 0.050852 0.039900
5 18 52.068966 0.050959 0.039154 0.050555 0.039299
5 19 52.183907 0.050877 0.039206 0.051416 0.039674
5 20 52.298851 0.050490 0.039720 0.050239 0.039358
5 21 52.413792 0.050649 0.039105 0.051210 0.039746
5 22 52.528736 0.051443 0.039964 0.050872 0.039928
5 23 52.643677 0.050714 0.039240 0.051105 0.039532
5 24 52.758621 0.050609 0.039349 0.049240 0.038421
5 25 52.873562 0.051108 0.039410 0.051738 0.039794
5 26 52.988506 0.050159 0.039065 0.049305 0.038756
5 27 53.103447 0.050377 0.038826 0.050980 0.039678
5 28 53.218391 0.049612 0.039063 0.049875 0.039053
5 29 53.333332 0.049578 0.038706 0.049772 0.038497
5 30 53.448277 0.051627 0.039733 0.049587 0.038273
5 31 53.563217 0.050684 0.039005 0.050586 0.039356
5 32 53.678162 0.050781 0.039457 0.049805 0.038575
5 33 53.793102 0.051535 0.039515 0.051248 0.039290
5 34 53.908047 0.049967 0.039118 0.049789 0.038695
5 35 54.022987 0.050764 0.039442 0.051454 0.040221
5 36 54.137932 0.051276 0.039612 0.049941 0.038863
5 37 54.252872 0.051075 0.039089 0.051146 0.039561
5 38 54.367817 0.050590 0.039263 0.049886 0.038685
5 39 54.482758 0.050821 0.039770 0.050810 0.039297
5 40 54.597702 0.050442 0.039326 0.050016 0.038975
5 41 54.712643 0.049007 0.038068 0.050591 0.039638
5 42 54.827587 0.051398 0.039621 0.051401 0.039668
5 43 54.942528 0.050134 0.039892 0.050096 0.039006
5 44 55.057472 0.050972 0.038922 0.051150 0.039336
5 45 55.172413 0.050035 0.038543 0.051777 0.039833
5 46 55.287357 0.050805 0.039430 0.048940 0.038206
5 47 55.402298 0.049968 0.039225 0.050927 0.039594
5 48 55.517242 0.050740 0.039307 0.050631 0.039518
5 49 55.632183 0.050043 0.038997 0.049251 0.039065
5 50 55.747128 0.050455 0.039602 0.049838 0.038633
5 51 55.862068 0.049422 0.039005 0.051197 0.040068
5 52 55.977013 0.050541 0.038723 0.050540 0.039207
5 53 56.091953 0.051318 0.039829 0.050336 0.039375
5 54 56.206898 0.050946 0.039408 0.051262 0.039640
5 55 56.321838 0.049106 0.038554 0.049819 0.039145
5 56 56.436783 0.050214 0.039348 0.049294 0.038335
5 57 56.551723 0.049806 0.038808 0.049616 0.038550
5 58 56.666668 0.050435 0.039011 0.051169 0.040066
5 59 56.781609 0.050460 0.038985 0.049838 0.038600
5 60 56.896553 0.049870 0.039379 0.051296 0.039827
5 61 57.011494 0.049500 0.038392 0.050255 0.039203
5 62 57.126438 0.049897 0.039445 0.052001 0.040560
5 63 57.241379 0.050664 0.039431 0.050595 0.039333
5 64 57.356323 0.049908 0.038875 0.049442 0.038703
5 65 57.471264 0.049895 0.038637 0.050200 0.039038
5 66 57.586208 0.050544 0.039392 0.050562 0.039195
5 67 57.701149 0.050767 0.039233 0.048568 0.037823
5 68 57.816093 0.049935 0.038766 0.050748 0.039482
5 69 57.931034 0.050074 0.038628 0.050103 0.038948
5 70 58.045979 0.050180 0.038864 0.050963 0.039340
5 71 58.160919 0.049594 0.038546 0.050602 0.039203
5 72 58.275864 0.049823 0.039049 0.049903 0.039014
5 73 58.390804 0.051967 0.040314 0.049986 0.038704
5 74 58.505749 0.050197 0.039463 0.049340 0.038842
5 75 58.620689 0.050749 0.038995 0.051391 0.039621
5 76 58.735634 0.049611 0.038686 0.049152 0.038869
5 77 58.850574 0.050613 0.039206 0.050272 0.039150
5 78 58.965519 0.051182 0.039248 0.050904 0.039054
5 79 59.080460 0.050712 0.039031 0.049858 0.038735
5 80 59.195404 0.050316 0.038721 0.049775 0.038415
5 81 59.310345 0.050877 0.039388 0.050897 0.039187
5 82 59.425289 0.051884 0.039608 0.051669 0.039489
5 83 59.540230 0.050621 0.040019 0.050160 0.039408
5 84 59.655174 0.050948 0.039700 0.050409 0.039388
5 85 59.770115 0.049712 0.039063 0.050325 0.039264
5 86 59.885059 0.048591 0.037861 0.050178 0.039208
6 0 60.000000 0.051061 0.039834 0.050828 0.039352
6 1 60.114941 0.049972 0.038625 0.049712 0.038462
6 2 60.229885 0.052514 0.039747 0.051697 0.039410
6 3 60.344826 0.050463 0.039023 0.049525 0.038473
6 4 60.459770 0.050803 0.039436 0.049990 0.038482
6 5 60.574711 0.050624 0.039327 0.050297 0.038658
6 6 60.689655 0.049656 0.038916 0.050517 0.039059
6 7 60.804596 0.052264 0.040475 0.051458 0.039644
6 8 60.919540 0.049758 0.038934 0.049655 0.038756
6 9 61.034481 0.049578 0.038744 0.051072 0.039974
6 10 61.149426 0.050491 0.038820 0.050116 0.038864
6 11 61.264366 0.049925 0.038809 0.051088 0.039237
6 12 61.379311 0.048819 0.038445 0.049440 0.038236
6 13 61.494251 0.049225 0.038400 0.049540 0.038866
6 14 61.609196 0.050761 0.039421 0.050152 0.039008
6 15 61.724136 0.051402 0.040207 0.050273 0.039162
6 16 61.839081 0.051130 0.039735 0.049364 0.038715
6 17 61.954021 0.050438 0.039137 0.050070 0.038883
6 18 62.068966 0.049684 0.038693 0.050241 0.039065
6 19 62.183907 0.050389 0.038853 0.050782 0.039235
6 20 62.298851 0.051989 0.039899 0.050929 0.039509
6 21 62.413792 0.050099 0.038858 0.050536 0.038838
6 22 62.528736 0.050988 0.039114 0.050238 0.038831
6 23 62.643677 0.049959 0.038842 0.050373 0.038996
6 24 62.758621 0.050681 0.039451 0.049375 0.038466
6 25 62.873562 0.050152 0.038412 0.049632 0.038904
6 26 62.988506 0.050303 0.039165 0.049334 0.038264
6 27 63.103447 0.049922 0.039033 0.051265 0.039842
6 28 63.218391 0.050213 0.038912 0.050068 0.039244
6 29 63.333332 0.050332 0.039300 0.051080 0.039363
6 30 63.448277 0.050891 0.039411 0.051310 0.040032
6 31 63.563217 0.048635 0.037941 0.050040 0.038891
6 32 63.678162 0.049807 0.038696 0.051342 0.039613
6 33 63.793102 0.051991 0.039698 0.050436 0.038977
6 34 63.908047 0.051291 0.039640 0.051097 0.039945
6 35 64.022987 0.050232 0.039688 0.049633 0.039270
6 36 64.137932 0.050687 0.038894 0.051197 0.039190
6 37 64.252876 0.050498 0.039636 0.050481 0.039035
6 38 64.367813 0.051402 0.039635 0.051727 0.039495
6 39 64.482758 0.050445 0.039439 0.051117 0.040023
6 40 64.597702 0.049578 0.038788 0.050885 0.039553
6 41 64.712646 0.050946 0.039322 0.050425 0.038758
6 42 64.827583 0.051083 0.039352 0.049805 0.038778
6 43 64.942528 0.050414 0.039258 0.049879 0.038911
6 44 65.057472 0.050863 0.039798 0.050987 0.039688
6 45 65.172417 0.049747 0.039107 0.050111 0.039155
6 46 65.287354 0.050911 0.039530 0.049658 0.038624
6 47 65.402298 0.050755 0.039313 0.051129 0.039987
6 48 65.517242 0.049238 0.038675 0.050068 0.039101
6 49 65.632187 0.050712 0.039043 0.051262 0.039604
6 50 65.747124 0.050153 0.039370 0.051284 0.039661
6 51 65.862068 0.051023 0.039582 0.050749 0.039645
6 52 65.977013 0.049056 0.038639 0.051019 0.039545
6 53 66.091957 0.049830 0.039049 0.049927 0.038825
6 54 66.206894 0.050618 0.039004 0.051643 0.040277
6 55 66.321838 0.051233 0.039612 0.050998 0.039121
6 56 66.436783 0.051372 0.039098 0.052099 0.039524
6 57 66.551727 0.049420 0.038880 0.049462 0.038944
6 58 66.666664 0.049967 0.038884 0.050045 0.039478
6 59 66.781609 0.050577 0.039069 0.049665 0.038576
6 60 66.896553 0.049800 0.038986 0.050309 0.039448
6 61 67.011497 0.050171 0.039253 0.049498 0.038824
6 62 67.126434 0.050918 0.039273 0.051650 0.039507
6 63 67.241379 0.050135 0.039197 0.049945 0.039068
6 64 67.356323 0.050379 0.039765 0.050395 0.038996
6 65 67.471268 0.051040 0.039548 0.051821 0.039728
6 66 67.586205 0.049753 0.038884 0.049883 0.038765
6 67 67.701149 0.050662 0.039495 0.050353 0.039074
6 68 67.816093 0.050552 0.039353 0.050473 0.038992
6 69 67.931038 0.048499 0.037896 0.049809 0.038905
6 70 68.045975 0.050548 0.039322 0.050537 0.039437
6 71 68.160919 0.049280 0.038740 0.050584 0.039239
6 72 68.275864 0.050218 0.039092 0.049653 0.039072
6 73 68.390808 0.049368 0.038629 0.050048 0.038936
6 74 68.505745 0.049646 0.038665 0.050301 0.039275
6 75 68.620689 0.049867 0.038352 0.050821 0.039218
6 76 68.735634 0.050935 0.039893 0.050743 0.039406
6 77 68.850578 0.050225 0.038904 0.050861 0.039333
6 78 68.965515 0.050779 0.039437 0.050157 0.039273
6 79 69.080460 0.049810 0.039006 0.050008 0.039185
6 80 69.195404 0.049960 0.038693 0.049959 0.038722
6 81 69.310349 0.049159 0.038192 0.049700 0.038946
6 82 69.425285 0.049410 0.038946 0.048946 0.038794
6 83 69.540230 0.050285 0.038364 0.050235 0.038450
6 84 69.655174 0.050322 0.039519 0.050612 0.039633
6 85 69.770119 0.049413 0.038468 0.050437 0.039355
6 86 69.885056 0.050033 0.039399 0.049555 0.038808
7 0 70.000000 0.049670 0.038800 0.050234 0.039308
7 1 70.114944 0.050346 0.038922 0.050684 0.039559
7 2 70.229881 0.050590 0.039167 0.050740 0.039152
7 3 70.344826 0.050602 0.039039 0.052406 0.040335
7 4 70.459770 0.049630 0.039051 0.050328 0.039498
7 5 70.574715 0.049734 0.038678 0.049869 0.039372
7 6 70.689651 0.050516 0.039783 0.049941 0.039138
7 7 70.804596 0.049832 0.038993 0.050071 0.039069
7 8 70.919540 0.050864 0.039581 0.051211 0.039670
7 9 71.034485 0.051420 0.040066 0.049511 0.038257
7 10 71.149422 0.050159 0.039164 0.049768 0.038933
7 11 71.264366 0.051227 0.039148 0.051466 0.039419
7 12 71.379311 0.050127 0.039395 0.050027 0.039371
7 13 71.494255 0.050200 0.039262 0.050113 0.038563
7 14 71.609192 0.050159 0.038841 0.050253 0.039040
7 15 71.724136 0.050867 0.039625 0.050096 0.039005
7 16 71.839081 0.049862 0.038881 0.049922 0.038736
7 17 71.954025 0.050698 0.039105 0.051202 0.039883
7 18 72.068962 0.049624 0.038684 0.049900 0.039126
7 19 72.183907 0.050750 0.039346 0.050524 0.039528
7 20 72.298851 0.050214 0.038745 0.049940 0.038613
7 21 72.413795 0.048567 0.037957 0.051047 0.039584
7 22 72.528732 0.052116 0.040274 0.050676 0.039015
7 23 72.643677 0.051004 0.039829 0.049711 0.038778
7 24 72.758621 0.049955 0.039276 0.050159 0.039208
7 25 72.873566 0.049563 0.038534 0.049758 0.038994
7 26 72.988503 0.051121 0.039586 0.050453 0.039328
7 27 73.103447 0.049504 0.038702 0.050180 0.039440
7 28 73.218391 0.049907 0.038869 0.050827 0.039525
7 29 73.333336 0.049730 0.039367 0.048664 0.038470
7 30 73.448273 0.050823 0.039214 0.050113 0.039064
7 31 73.563217 0.049570 0.038630 0.051159 0.039679
7 32 73.678162 0.050707 0.039557 0.049529 0.038612
7 33 73.793106 0.050130 0.038880 0.050275 0.039019
7 34 73.908043 0.050618 0.039361 0.050176 0.038962
7 35 74.022987 0.050047 0.039142 0.050170 0.039208
7 36 74.137932 0.049672 0.039066 0.050376 0.039354
7 37 74.252876 0.051919 0.040617 0.050754 0.039492
7 38 74.367813 0.051959 0.039809 0.051252 0.039220
7 39 74.482758 0.050004 0.038972 0.051457 0.040238
7 40 74.597702 0.050237 0.039179 0.051300 0.039486
7 41 74.712646 0.048880 0.038341 0.049221 0.038693
7 42 74.827583 0.049721 0.038787 0.049472 0.038739
7 43 74.942528 0.049356 0.038610 0.049888 0.038836
7 44 75.057472 0.050493 0.039140 0.051336 0.039665
7 45 75.172417 0.050334 0.039280 0.050572 0.039529
7 46 75.287354 0.050588 0.039735 0.051150 0.039526
7 47 75.402298 0.051926 0.039530 0.051400 0.039203
7 48 75.517242 0.050778 0.039350 0.050735 0.039316
7 49 75.632187 0.050142 0.039408 0.050261 0.039601
7 50 75.747124 0.050882 0.039550 0.050001 0.039003
7 51 75.862068 0.050762 0.039308 0.050752 0.039194
7 52 75.977013 0.049627 0.038586 0.051032 0.039795
7 53 76.091957 0.049874 0.038491 0.051303 0.039665
7 54 76.206894 0.049770 0.038957 0.050302 0.038832
7 55 76.321838 0.050539 0.039105 0.049735 0.038862
7 56 76.436783 0.050725 0.039305 0.051643 0.039918
7 57 76.551727 0.051072 0.039232 0.050040 0.038845
7 58 76.666664 0.049114 0.038309 0.049490 0.038315
7 59 76.781609 0.049450 0.038505 0.048984 0.038012
7 60 76.896553 0.049908 0.039035 0.050361 0.039184
7 61 77.011497 0.049589 0.038698 0.050393 0.039142
7 62 77.126434 0.050784 0.039592 0.050446 0.039356
7 63 77.241379 0.049347 0.038591 0.050272 0.039078
7 64 77.356323 0.049409 0.038631 0.050114 0.038847
7 65 77.471268 0.050052 0.038943 0.049351 0.039060
7 66 77.586205 0.049929 0.039165 0.049849 0.039008
7 67 77.701149 0.050157 0.039003 0.049075 0.038356
7 68 77.816093 0.049613 0.038536 0.051660 0.039484
7 69 77.931038 0.051734 0.039394 0.051199 0.039176
7 70 78.045975 0.050285 0.039030 0.051171 0.039486
7 71 78.160919 0.052918 0.039656 0.051762 0.039341
7 72 78.275864 0.048487 0.038057 0.050416 0.039364
7 73 78.390808 0.050442 0.039159 0.049539 0.038470
7 74 78.505745 0.049913 0.038639 0.050069 0.039159
7 75 78.620689 0.050915 0.039335 0.050130 0.038889
7 76 78.735634 0.049698 0.038434 0.050335 0.039296
7 77 78.850578 0.048544 0.037832 0.049659 0.038871
7 78 78.965515 0.050097 0.039030 0.049201 0.038654
7 79 79.080460 0.051520 0.039674 0.051252 0.039725
7 80 79.195404 0.049415 0.038348 0.050474 0.039230
7 81 79.310349 0.050218 0.038713 0.050801 0.039511
7 82 79.425285 0.050846 0.039647 0.049013 0.038806
7 83 79.540230 0.050768 0.039598 0.049571 0.038643
7 84 79.655174 0.051373 0.039450 0.051176 0.039560
7 85 79.770119 0.052778 0.040077 0.051783 0.039614
7 86 79.885056 0.051236 0.039672 0.049331 0.037987
8 0 80.000000 0.049762 0.038698 0.050425 0.039116
8 1 80.114944 0.049861 0.038768 0.050482 0.039666
8 2 80.229881 0.049973 0.039042 0.050395 0.039332
8 3 80.344826 0.050611 0.039110 0.050112 0.039093
8 4 80.459770 0.049590 0.038820 0.050027 0.039399
8 5 80.574715 0.050309 0.039060 0.049514 0.038375
8 6 80.689651 0.050109 0.039374 0.050790 0.039660
8 7 80.804596 0.052249 0.040283 0.050424 0.039124
8 8 80.919540 0.048843 0.038044 0.050068 0.039178
8 9 81.034485 0.049906 0.039224 0.049416 0.039021
8 10 81.149422 0.049545 0.038359 0.049689 0.039071
8 11 81.264366 0.048893 0.038373 0.050678 0.039680
8 12 81.379311 0.049635 0.039365 0.050822 0.039387
8 13 81.494255 0.049465 0.038663 0.050507 0.039541
8 14 81.609192 0.048551 0.038242 0.049591 0.038870
8 15 81.724136 0.049766 0.038956 0.050005 0.038930
8 16 81.839081 0.051290 0.039831 0.050201 0.039258
8 17 81.954025 0.050966 0.039503 0.049433 0.038572
8 18 82.068962 0.050161 0.038977 0.050154 0.039189
8 19 82.183907 0.049870 0.038946 0.049479 0.038456
8 20 82.298851 0.048449 0.037687 0.049992 0.039224
8 21 82.413795 0.048793 0.038432 0.050528 0.039465
8 22 82.528732 0.050016 0.038641 0.050177 0.038883
8 23 82.643677 0.049576 0.038642 0.049392 0.038349
8 24 82.758621 0.051149 0.039244 0.050674 0.039378
8 25 82.873566 0.050419 0.039106 0.049855 0.038890
8 26 82.988503 0.049383 0.038835 0.049992 0.039054
8 27 83.103447 0.048616 0.038236 0.050715 0.039914
8 28 83.218391 0.051274 0.039696 0.050780 0.039292
8 29 83.333336 0.049463 0.038601 0.049492 0.038945
8 30 83.448273 0.050714 0.039675 0.049483 0.038365
8 31 83.563217 0.050370 0.038950 0.051435 0.039768
8 32 83.678162 0.049738 0.038345 0.049145 0.038145
8 33 83.793106 0.049419 0.038361 0.049226 0.038657
8 34 83.908043 0.051685 0.039782 0.050925 0.038924
8 35 84.022987 0.051125 0.039303 0.049928 0.038888
8 36 84.137932 0.050334 0.039302 0.050335 0.039143
8 37 84.252876 0.050116 0.039304 0.049059 0.038503
8 38 84.367813 0.049992 0.038501 0.051596 0.039472
8 39 84.482758 0.050288 0.038979 0.049943 0.039145
8 40 84.597702 0.049311 0.038693 0.049013 0.038370
8 41 84.712646 0.049886 0.038871 0.048713 0.038082
8 42 84.827583 0.049691 0.038968 0.049956 0.039398
8 43 84.942528 0.050771 0.039788 0.051092 0.040084
8 44 85.057472 0.049717 0.038740 0.051112 0.039672
8 45 85.172417 0.050161 0.039316 0.050957 0.039397
8 46 85.287354 0.050990 0.039607 0.049843 0.038540
8 47 85.402298 0.049948 0.039295 0.050549 0.039941
8 48 85.517242 0.051545 0.039884 0.049899 0.038987
8 49 85.632187 0.050947 0.039477 0.051164 0.039630
8 50 85.747124 0.050502 0.039071 0.050579 0.039052
8 51 85.862068 0.050066 0.039464 0.050148 0.039194
8 52 85.977013 0.049629 0.038839 0.049331 0.038586
8 53 86.091957 0.050858 0.039055 0.050442 0.038958
8 54 86.206894 0.050881 0.039090 0.051409 0.039985
8 55 86.321838 0.050218 0.039725 0.050260 0.039126
8 56 86.436783 0.050356 0.039423 0.049493 0.038748
8 57 86.551727 0.051551 0.039822 0.050976 0.039181
8 58 86.666664 0.049978 0.039146 0.049422 0.038678
8 59 86.781609 0.050702 0.039136 0.050019 0.038842
8 60 86.896553 0.051118 0.039739 0.050777 0.039060
8 61 87.011497 0.050447 0.039153 0.051595 0.039776
8 62 87.126434 0.051093 0.039858 0.050624 0.039273
8 63 87.241379 0.050341 0.038917 0.051010 0.039806
8 64 87.356323 0.050085 0.038663 0.051075 0.039638
8 65 87.471268 0.049489 0.038563 0.050875 0.039591
8 66 87.586205 0.050278 0.039574 0.049415 0.038779
8 67 87.701149 0.049980 0.039010 0.049947 0.038965
8 68 87.816093 0.050614 0.039203 0.050348 0.039449
8 69 87.931038 0.051609 0.040070 0.050664 0.039285
8 70 88.045975 0.050077 0.038866 0.049669 0.038865
8 71 88.160919 0.049485 0.038792 0.049908 0.039272
8 72 88.275864 0.051395 0.040316 0.050393 0.039461
8 73 88.390808 0.050156 0.039238 0.050136 0.039105
8 74 88.505745 0.050596 0.039536 0.048860 0.038305
8 75 88.620689 0.051065 0.039691 0.050660 0.039863
8 76 88.735634 0.050889 0.039517 0.050620 0.039509
8 77 88.850578 0.050261 0.039321 0.050691 0.039893
8 78 88.965515 0.049762 0.038900 0.050196 0.039224
8 79 89.080460 0.050721 0.039092 0.049967 0.038817
8 80 89.195404 0.049483 0.038585 0.049259 0.038116
8 81 89.310349 0.049619 0.039105 0.049913 0.038671
8 82 89.425285 0.050266 0.039606 0.050156 0.039384
8 83 89.540230 0.050881 0.039002 0.052791 0.040474
8 84 89.655174 0.049997 0.038846 0.050944 0.039512
8 85 89.770119 0.049895 0.039105 0.050145 0.039410
8 86 89.885056 0.049892 0.038886 0.051307 0.039808
9 0 90.000000 0.049242 0.038558 0.050109 0.039360
9 1 90.114944 0.050198 0.039480 0.050082 0.039190
9 2 90.229881 0.048385 0.038216 0.049805 0.039245
9 3 90.344826 0.049801 0.039053 0.048803 0.038251
9 4 90.459770 0.049776 0.038902 0.050536 0.039658
9 5 90.574715 0.050293 0.039131 0.049409 0.038432
9 6 90.689651 0.050107 0.038986 0.051123 0.040008
9 7 90.804596 0.048834 0.037974 0.049880 0.038782
9 8 90.919540 0.050943 0.039811 0.050521 0.039359
9 9 91.034485 0.048936 0.038621 0.049841 0.039052
9 10 91.149422 0.049917 0.038910 0.050042 0.038746
9 11 91.264366 0.051577 0.040214 0.049797 0.038706
9 12 91.379311 0.049791 0.039113 0.050260 0.039251
9 13 91.494255 0.049269 0.038780 0.050045 0.039075
9 14 91.609192 0.049702 0.038844 0.050587 0.039119
9 15 91.724136 0.049787 0.038806 0.050782 0.039657
9 16 91.839081 0.050752 0.039627 0.050369 0.039409
9 17 91.954025 0.051168 0.039833 0.051319 0.039635
9 18 92.068962 0.050835 0.039642 0.050224 0.039135
9 19 92.183907 0.050496 0.040047 0.049709 0.039037
9 20 92.298851 0.047903 0.037929 0.050101 0.038993
9 21 92.413795 0.050244 0.039576 0.049711 0.039154
9 22 92.528732 0.048970 0.038283 0.050342 0.039200
9 23 92.643677 0.050597 0.039682 0.050294 0.038950
9 24 92.758621 0.049853 0.039192 0.050290 0.039346
9 25 92.873566 0.050671 0.039764 0.050537 0.039451
9 26 92.988503 0.049554 0.039036 0.050118 0.039488
9 27 93.103447 0.049625 0.038738 0.048397 0.037940
9 28 93.218391 0.050485 0.039202 0.048587 0.038038
9 29 93.333336 0.050252 0.039050 0.052042 0.040707
9 30 93.448273 0.049611 0.038948 0.050413 0.039453
9 31 93.563217 0.049961 0.038998 0.049291 0.038794
9 32 93.678162 0.051836 0.039920 0.051403 0.039135
9 33 93.793106 0.049065 0.038752 0.050512 0.039183
9 34 93.908043 0.050974 0.039344 0.052036 0.039872
9 35 94.022987 0.049676 0.038325 0.050595 0.039324
9 36 94.137932 0.050159 0.039157 0.049589 0.038900
9 37 94.252876 0.050712 0.039458 0.049980 0.038771
9 38 94.367813 0.051376 0.039417 0.051766 0.039833
9 39 94.482758 0.050080 0.039011 0.050037 0.038982
9 40 94.597702 0.050306 0.039561 0.050487 0.039583
9 41 94.712646 0.051497 0.039563 0.049919 0.038345
9 42 94.827583 0.048897 0.038208 0.049607 0.039179
9 43 94.942528 0.049865 0.038727 0.050232 0.039215
9 44 95.057472 0.049534 0.038687 0.049732 0.038731
9 45 95.172417 0.050674 0.039029 0.049880 0.038387
9 46 95.287354 0.050570 0.039357 0.050340 0.039354
9 47 95.402298 0.050736 0.039583 0.050892 0.039888
9 48 95.517242 0.050296 0.038748 0.049415 0.038417
9 49 95.632187 0.050563 0.039364 0.049631 0.039124
9 50 95.747124 0.051018 0.039977 0.049883 0.039050
9 51 95.862068 0.049078 0.038603 0.050082 0.038717
9 52 95.977013 0.050101 0.039224 0.049722 0.038738
9 53 96.091957 0.050760 0.039520 0.049206 0.038370
9 54 96.206894 0.049525 0.038802 0.050541 0.039277
9 55 96.321838 0.050930 0.039583 0.050711 0.039338
9 56 96.436783 0.050261 0.039491 0.049931 0.038960
9 57 96.551727 0.052442 0.040215 0.050559 0.038603
9 58 96.666664 0.049838 0.038881 0.049942 0.039347
9 59 96.781609 0.050732 0.039418 0.048942 0.038262
9 60 96.896553 0.049570 0.038593 0.049422 0.038562
9 61 97.011497 0.048679 0.038420 0.050495 0.039396
9 62 97.126434 0.050130 0.039285 0.050174 0.039273
9 63 97.241379 0.050514 0.038637 0.050676 0.039208
9 64 97.356323 0.049629 0.038783 0.049171 0.038504
9 65 97.471268 0.050688 0.039661 0.051244 0.039389
9 66 97.586205 0.050864 0.039749 0.050876 0.039649
9 67 97.701149 0.051090 0.039712 0.049852 0.038645
9 68 97.816093 0.049588 0.038426 0.050637 0.039241
9 69 97.931038 0.051950 0.039842 0.050539 0.039046
9 70 98.045975 0.050344 0.038852 0.051084 0.039370
9 71 98.160919 0.049783 0.039098 0.049116 0.038480
9 72 98.275864 0.050244 0.039308 0.051012 0.039393
9 73 98.390808 0.050955 0.039768 0.049744 0.039040
9 74 98.505745 0.049836 0.038483 0.049409 0.038040
9 75 98.620689 0.050101 0.039248 0.050671 0.039506
9 76 98.735634 0.049761 0.039277 0.050804 0.039826
9 77 98.850578 0.052141 0.040076 0.049194 0.037983
9 78 98.965515 0.051304 0.039777 0.049844 0.039102
9 79 99.080460 0.049245 0.038698 0.050498 0.039590
9 80 99.195404 0.049606 0.038601 0.050171 0.039572
9 81 99.310349 0.049319 0.038419 0.050107 0.039422
9 82 99.425285 0.050124 0.038926 0.050116 0.038967
9 83 99.540230 0.050645 0.039060 0.051684 0.039862
9 84 99.655174 0.051079 0.040118 0.050519 0.039438
9 85 99.770119 0.050452 0.039935 0.049639 0.039091
9 86 99.885056 0.050240 0.038885 0.050133 0.038885
