0 -0.169661 2 0.000100
1 -0.166932 0 0.000000
2 -0.164202 0 0.000000
3 -0.161472 0 0.000000
4 -0.158742 0 0.000000
5 -0.156012 0 0.000000
6 -0.153282 0 0.000000
7 -0.150552 1 0.000050
8 -0.147822 0 0.000000
9 -0.145092 0 0.000000
10 -0.142363 0 0.000000
11 -0.139633 0 0.000000
12 -0.136903 1 0.000050
13 -0.134173 0 0.000000
14 -0.131443 0 0.000000
15 -0.128713 0 0.000000
16 -0.125983 0 0.000000
17 -0.123253 0 0.000000
18 -0.120523 1 0.000050
19 -0.117794 4 0.000200
20 -0.115064 0 0.000000
21 -0.112334 0 0.000000
22 -0.109604 2 0.000100
23 -0.106874 2 0.000100
24 -0.104144 0 0.000000
25 -0.101414 0 0.000000
26 -0.098684 3 0.000150
27 -0.095954 0 0.000000
28 -0.093225 2 0.000100
29 -0.090495 6 0.000300
30 -0.087765 0 0.000000
31 -0.085035 3 0.000150
32 -0.082305 4 0.000200
33 -0.079575 4 0.000200
34 -0.076845 1 0.000050
35 -0.074115 3 0.000150
36 -0.071385 5 0.000250
37 -0.068656 10 0.000500
38 -0.065926 7 0.000350
39 -0.063196 8 0.000400
40 -0.060466 9 0.000450
41 -0.057736 21 0.001050
42 -0.055006 17 0.000850
43 -0.052276 22 0.001100
44 -0.049546 27 0.001350
45 -0.046816 31 0.001550
46 -0.044087 24 0.001200
47 -0.041357 21 0.001050
48 -0.038627 50 0.002500
49 -0.035897 59 0.002950
50 -0.033167 76 0.003800
51 -0.030437 131 0.006550
52 -0.027707 182 0.009100
53 -0.024977 301 0.015050
54 -0.022248 417 0.020850
55 -0.019518 649 0.032450
56 -0.016788 1069 0.053450
57 -0.014058 1940 0.097000
58 -0.011328 3133 0.156650
59 -0.008598 3398 0.169900
60 -0.005868 3049 0.152450
61 -0.003138 2048 0.102400
62 -0.000408 1251 0.062550
63 0.002321 662 0.033100
64 0.005051 394 0.019700
65 0.007781 235 0.011750
66 0.010511 193 0.009650
67 0.013241 113 0.005650
68 0.015971 89 0.004450
69 0.018701 58 0.002900
70 0.021431 47 0.002350
71 0.024161 35 0.001750
72 0.026890 29 0.001450
73 0.029620 28 0.001400
74 0.032350 24 0.001200
75 0.035080 17 0.000850
76 0.037810 18 0.000900
77 0.040540 16 0.000800
78 0.043270 8 0.000400
79 0.046000 14 0.000700
80 0.048730 4 0.000200
81 0.051459 3 0.000150
82 0.054189 0 0.000000
83 0.056919 6 0.000300
84 0.059649 1 0.000050
85 0.062379 2 0.000100
86 0.065109 1 0.000050
87 0.067839 0 0.000000
88 0.070569 0 0.000000
89 0.073299 0 0.000000
90 0.076028 2 0.000100
91 0.078758 1 0.000050
92 0.081488 1 0.000050
93 0.084218 1 0.000050
94 0.086948 0 0.000000
95 0.089678 1 0.000050
96 0.092408 0 0.000000
97 0.095138 0 0.000000
98 0.097868 2 0.000100
99 0.100597 1 0.000050
