0 0.000000 51229 0.853817
1 0.002381 2503 0.041717
2 0.004763 1973 0.032883
3 0.007144 1050 0.017500
4 0.009525 643 0.010717
5 0.011906 623 0.010383
6 0.014288 496 0.008267
7 0.016669 409 0.006817
8 0.019050 277 0.004617
9 0.021431 165 0.002750
10 0.023813 140 0.002333
11 0.026194 124 0.002067
12 0.028575 112 0.001867
13 0.030956 73 0.001217
14 0.033338 52 0.000867
15 0.035719 28 0.000467
16 0.038100 14 0.000233
17 0.040481 15 0.000250
18 0.042863 9 0.000150
19 0.045244 8 0.000133
20 0.047625 3 0.000050
21 0.050006 0 0.000000
22 0.052388 1 0.000017
23 0.054769 3 0.000050
24 0.057150 1 0.000017
25 0.059531 2 0.000033
26 0.061913 1 0.000017
27 0.064294 3 0.000050
28 0.066675 1 0.000017
29 0.069056 0 0.000000
30 0.071438 2 0.000033
31 0.073819 5 0.000083
32 0.076200 8 0.000133
33 0.078581 4 0.000067
34 0.080963 5 0.000083
35 0.083344 3 0.000050
36 0.085725 2 0.000033
37 0.088106 3 0.000050
38 0.090488 1 0.000017
39 0.092869 3 0.000050
40 0.095250 0 0.000000
41 0.097631 1 0.000017
42 0.100013 1 0.000017
43 0.102394 0 0.000000
44 0.104775 0 0.000000
45 0.107157 0 0.000000
46 0.109538 0 0.000000
47 0.111919 0 0.000000
48 0.114300 0 0.000000
49 0.116682 2 0.000033
50 0.119063 0 0.000000
51 0.121444 0 0.000000
52 0.123825 0 0.000000
53 0.126207 0 0.000000
54 0.128588 0 0.000000
55 0.130969 0 0.000000
56 0.133350 1 0.000017
57 0.135732 0 0.000000
58 0.138113 0 0.000000
59 0.140494 0 0.000000
60 0.142875 0 0.000000
61 0.145257 0 0.000000
62 0.147638 0 0.000000
63 0.150019 0 0.000000
64 0.152400 0 0.000000
65 0.154782 0 0.000000
66 0.157163 0 0.000000
67 0.159544 0 0.000000
68 0.161925 0 0.000000
69 0.164307 0 0.000000
70 0.166688 0 0.000000
71 0.169069 0 0.000000
72 0.171450 0 0.000000
73 0.173832 0 0.000000
74 0.176213 0 0.000000
75 0.178594 0 0.000000
76 0.180975 0 0.000000
77 0.183357 0 0.000000
78 0.185738 0 0.000000
79 0.188119 0 0.000000
80 0.190500 0 0.000000
81 0.192882 0 0.000000
82 0.195263 0 0.000000
83 0.197644 0 0.000000
84 0.200025 0 0.000000
85 0.202407 0 0.000000
86 0.204788 0 0.000000
87 0.207169 0 0.000000
88 0.209550 0 0.000000
89 0.211932 0 0.000000
90 0.214313 0 0.000000
91 0.216694 0 0.000000
92 0.219076 0 0.000000
93 0.221457 0 0.000000
94 0.223838 0 0.000000
95 0.226219 0 0.000000
96 0.228601 0 0.000000
97 0.230982 0 0.000000
98 0.233363 0 0.000000
99 0.235744 1 0.000017
