0 -0.485535 1 0.000050
1 -0.477149 0 0.000000
2 -0.468762 0 0.000000
3 -0.460376 0 0.000000
4 -0.451990 0 0.000000
5 -0.443603 0 0.000000
6 -0.435217 0 0.000000
7 -0.426831 0 0.000000
8 -0.418444 0 0.000000
9 -0.410058 0 0.000000
10 -0.401671 0 0.000000
11 -0.393285 0 0.000000
12 -0.384899 0 0.000000
13 -0.376512 0 0.000000
14 -0.368126 1 0.000050
15 -0.359740 0 0.000000
16 -0.351353 1 0.000050
17 -0.342967 0 0.000000
18 -0.334580 0 0.000000
19 -0.326194 1 0.000050
20 -0.317808 0 0.000000
21 -0.309421 3 0.000150
22 -0.301035 1 0.000050
23 -0.292649 7 0.000350
24 -0.284262 9 0.000450
25 -0.275876 5 0.000250
26 -0.267489 1 0.000050
27 -0.259103 3 0.000150
28 -0.250717 0 0.000000
29 -0.242330 3 0.000150
30 -0.233944 1 0.000050
31 -0.225558 3 0.000150
32 -0.217171 5 0.000250
33 -0.208785 12 0.000600
34 -0.200399 18 0.000900
35 -0.192012 41 0.002050
36 -0.183626 80 0.004000
37 -0.175239 60 0.003000
38 -0.166853 68 0.003400
39 -0.158467 73 0.003650
40 -0.150080 158 0.007900
41 -0.141694 239 0.011950
42 -0.133308 271 0.013550
43 -0.124921 172 0.008600
44 -0.116535 171 0.008550
45 -0.108148 257 0.012850
46 -0.099762 292 0.014600
47 -0.091376 566 0.028300
48 -0.082989 787 0.039350
49 -0.074603 506 0.025300
50 -0.066217 414 0.020700
51 -0.057830 429 0.021450
52 -0.049444 521 0.026050
53 -0.041057 798 0.039900
54 -0.032671 704 0.035200
55 -0.024285 829 0.041450
56 -0.015898 1346 0.067300
57 -0.007512 3070 0.153500
58 0.000874 925 0.046250
59 0.009261 945 0.047250
60 0.017647 1056 0.052800
61 0.026033 608 0.030400
62 0.034420 463 0.023150
63 0.042806 418 0.020900
64 0.051193 446 0.022300
65 0.059579 638 0.031900
66 0.067965 518 0.025900
67 0.076352 240 0.012000
68 0.084738 229 0.011450
69 0.093124 195 0.009750
70 0.101511 225 0.011250
71 0.109897 333 0.016650
72 0.118284 271 0.013550
73 0.126670 108 0.005400
74 0.135056 84 0.004200
75 0.143443 76 0.003800
76 0.151829 80 0.004000
77 0.160215 89 0.004450
78 0.168602 54 0.002700
79 0.176988 18 0.000900
80 0.185374 15 0.000750
81 0.193761 8 0.000400
82 0.202147 8 0.000400
83 0.210534 5 0.000250
84 0.218920 1 0.000050
85 0.227306 0 0.000000
86 0.235693 1 0.000050
87 0.244079 2 0.000100
88 0.252465 1 0.000050
89 0.260852 1 0.000050
90 0.269238 1 0.000050
91 0.277625 3 0.000150
92 0.286011 2 0.000100
93 0.294397 4 0.000200
94 0.302784 0 0.000000
95 0.311170 1 0.000050
96 0.319556 0 0.000000
97 0.327943 0 0.000000
98 0.336329 0 0.000000
99 0.344716 1 0.000050
