0 -0.160583 1 0.000050
1 -0.157802 0 0.000000
2 -0.155021 1 0.000050
3 -0.152239 0 0.000000
4 -0.149458 0 0.000000
5 -0.146677 0 0.000000
6 -0.143896 0 0.000000
7 -0.141115 0 0.000000
8 -0.138333 0 0.000000
9 -0.135552 0 0.000000
10 -0.132771 0 0.000000
11 -0.129990 3 0.000150
12 -0.127208 2 0.000100
13 -0.124427 1 0.000050
14 -0.121646 1 0.000050
15 -0.118865 3 0.000150
16 -0.116084 2 0.000100
17 -0.113302 3 0.000150
18 -0.110521 2 0.000100
19 -0.107740 7 0.000350
20 -0.104959 1 0.000050
21 -0.102178 1 0.000050
22 -0.099396 2 0.000100
23 -0.096615 0 0.000000
24 -0.093834 0 0.000000
25 -0.091053 1 0.000050
26 -0.088272 1 0.000050
27 -0.085490 1 0.000050
28 -0.082709 0 0.000000
29 -0.079928 0 0.000000
30 -0.077147 1 0.000050
31 -0.074366 4 0.000200
32 -0.071584 4 0.000200
33 -0.068803 4 0.000200
34 -0.066022 4 0.000200
35 -0.063241 2 0.000100
36 -0.060459 2 0.000100
37 -0.057678 12 0.000600
38 -0.054897 5 0.000250
39 -0.052116 17 0.000850
40 -0.049335 34 0.001700
41 -0.046553 29 0.001450
42 -0.043772 27 0.001350
43 -0.040991 66 0.003300
44 -0.038210 79 0.003950
45 -0.035429 136 0.006800
46 -0.032647 187 0.009350
47 -0.029866 270 0.013500
48 -0.027085 455 0.022750
49 -0.024304 743 0.037150
50 -0.021523 1051 0.052550
51 -0.018741 1707 0.085350
52 -0.015960 2320 0.116000
53 -0.013179 3054 0.152700
54 -0.010398 2760 0.138000
55 -0.007617 2385 0.119250
56 -0.004835 1777 0.088850
57 -0.002054 1099 0.054950
58 0.000727 627 0.031350
59 0.003508 374 0.018700
60 0.006290 226 0.011300
61 0.009071 147 0.007350
62 0.011852 82 0.004100
63 0.014633 72 0.003600
64 0.017414 54 0.002700
65 0.020196 38 0.001900
66 0.022977 28 0.001400
67 0.025758 13 0.000650
68 0.028539 6 0.000300
69 0.031320 6 0.000300
70 0.034102 14 0.000700
71 0.036883 1 0.000050
72 0.039664 7 0.000350
73 0.042445 9 0.000450
74 0.045226 3 0.000150
75 0.048008 3 0.000150
76 0.050789 0 0.000000
77 0.053570 3 0.000150
78 0.056351 3 0.000150
79 0.059132 1 0.000050
80 0.061914 0 0.000000
81 0.064695 0 0.000000
82 0.067476 1 0.000050
83 0.070257 1 0.000050
84 0.073039 1 0.000050
85 0.075820 2 0.000100
86 0.078601 1 0.000050
87 0.081382 0 0.000000
88 0.084163 1 0.000050
89 0.086945 0 0.000000
90 0.089726 0 0.000000
91 0.092507 0 0.000000
92 0.095288 0 0.000000
93 0.098069 0 0.000000
94 0.100851 1 0.000050
95 0.103632 0 0.000000
96 0.106413 1 0.000050
97 0.109194 5 0.000250
98 0.111975 2 0.000100
99 0.114757 0 0.000000
