0 -0.485535 1 0.000017
1 -0.477149 0 0.000000
2 -0.468762 0 0.000000
3 -0.460376 0 0.000000
4 -0.451990 0 0.000000
5 -0.443603 0 0.000000
6 -0.435217 0 0.000000
7 -0.426831 0 0.000000
8 -0.418444 0 0.000000
9 -0.410058 0 0.000000
10 -0.401671 0 0.000000
11 -0.393285 0 0.000000
12 -0.384899 0 0.000000
13 -0.376512 0 0.000000
14 -0.368126 1 0.000017
15 -0.359740 0 0.000000
16 -0.351353 1 0.000017
17 -0.342967 0 0.000000
18 -0.334580 0 0.000000
19 -0.326194 1 0.000017
20 -0.317808 0 0.000000
21 -0.309421 3 0.000050
22 -0.301035 1 0.000017
23 -0.292649 7 0.000117
24 -0.284262 9 0.000150
25 -0.275876 5 0.000083
26 -0.267489 1 0.000017
27 -0.259103 3 0.000050
28 -0.250717 0 0.000000
29 -0.242330 3 0.000050
30 -0.233944 1 0.000017
31 -0.225558 3 0.000050
32 -0.217171 5 0.000083
33 -0.208785 12 0.000200
34 -0.200399 18 0.000300
35 -0.192012 41 0.000683
36 -0.183626 80 0.001333
37 -0.175239 62 0.001033
38 -0.166853 69 0.001150
39 -0.158467 74 0.001233
40 -0.150080 159 0.002650
41 -0.141694 240 0.004000
42 -0.133308 276 0.004600
43 -0.124921 179 0.002983
44 -0.116535 181 0.003017
45 -0.108148 270 0.004500
46 -0.099762 297 0.004950
47 -0.091376 580 0.009667
48 -0.082989 797 0.013283
49 -0.074603 535 0.008917
50 -0.066217 445 0.007417
51 -0.057830 524 0.008733
52 -0.049444 695 0.011583
53 -0.041057 1219 0.020317
54 -0.032671 2070 0.034500
55 -0.024285 5991 0.099850
56 -0.015898 16784 0.279733
57 -0.007512 16039 0.267317
58 0.000874 3870 0.064500
59 0.009261 1682 0.028033
60 0.017647 1348 0.022467
61 0.026033 712 0.011867
62 0.034420 543 0.009050
63 0.042806 459 0.007650
64 0.051193 462 0.007700
65 0.059579 643 0.010717
66 0.067965 521 0.008683
67 0.076352 247 0.004117
68 0.084738 232 0.003867
69 0.093124 198 0.003300
70 0.101511 228 0.003800
71 0.109897 339 0.005650
72 0.118284 271 0.004517
73 0.126670 108 0.001800
74 0.135056 84 0.001400
75 0.143443 76 0.001267
76 0.151829 80 0.001333
77 0.160215 89 0.001483
78 0.168602 54 0.000900
79 0.176988 18 0.000300
80 0.185374 15 0.000250
81 0.193761 8 0.000133
82 0.202147 8 0.000133
83 0.210534 5 0.000083
84 0.218920 1 0.000017
85 0.227306 0 0.000000
86 0.235693 1 0.000017
87 0.244079 2 0.000033
88 0.252465 1 0.000017
89 0.260852 1 0.000017
90 0.269238 1 0.000017
91 0.277625 3 0.000050
92 0.286011 2 0.000033
93 0.294397 4 0.000067
94 0.302784 0 0.000000
95 0.311170 1 0.000017
96 0.319556 0 0.000000
97 0.327943 0 0.000000
98 0.336329 0 0.000000
99 0.344716 1 0.000017
