0 0.095452 7 0.000350
1 0.104619 8 0.000400
2 0.113786 9 0.000450
3 0.122952 7 0.000350
4 0.132119 6 0.000300
5 0.141286 9 0.000450
6 0.150453 3 0.000150
7 0.159619 5 0.000250
8 0.168786 7 0.000350
9 0.177953 3 0.000150
10 0.187120 2 0.000100
11 0.196286 13 0.000650
12 0.205453 12 0.000600
13 0.214620 9 0.000450
14 0.223787 7 0.000350
15 0.232953 7 0.000350
16 0.242120 9 0.000450
17 0.251287 14 0.000700
18 0.260454 15 0.000750
19 0.269620 27 0.001350
20 0.278787 28 0.001400
21 0.287954 29 0.001450
22 0.297121 35 0.001750
23 0.306287 34 0.001700
24 0.315454 35 0.001750
25 0.324621 58 0.002900
26 0.333788 232 0.011600
27 0.342954 136 0.006800
28 0.352121 32 0.001600
29 0.361288 15 0.000750
30 0.370455 18 0.000900
31 0.379621 10 0.000500
32 0.388788 8 0.000400
33 0.397955 12 0.000600
34 0.407122 15 0.000750
35 0.416288 13 0.000650
36 0.425455 30 0.001500
37 0.434622 23 0.001150
38 0.443789 19 0.000950
39 0.452955 31 0.001550
40 0.462122 42 0.002100
41 0.471289 50 0.002500
42 0.480456 73 0.003650
43 0.489622 113 0.005650
44 0.498789 82 0.004100
45 0.507956 110 0.005500
46 0.517123 105 0.005250
47 0.526289 119 0.005950
48 0.535456 144 0.007200
49 0.544623 232 0.011600
50 0.553790 241 0.012050
51 0.562956 426 0.021300
52 0.572123 531 0.026550
53 0.581290 896 0.044800
54 0.590457 2016 0.100800
55 0.599623 2643 0.132150
56 0.608790 1722 0.086100
57 0.617957 1038 0.051900
58 0.627124 614 0.030700
59 0.636290 605 0.030250
60 0.645457 400 0.020000
61 0.654624 265 0.013250
62 0.663791 247 0.012350
63 0.672957 204 0.010200
64 0.682124 184 0.009200
65 0.691291 152 0.007600
66 0.700458 144 0.007200
67 0.709624 174 0.008700
68 0.718791 143 0.007150
69 0.727958 139 0.006950
70 0.737125 131 0.006550
71 0.746291 125 0.006250
72 0.755458 116 0.005800
73 0.764625 147 0.007350
74 0.773792 138 0.006900
75 0.782958 155 0.007750
76 0.792125 152 0.007600
77 0.801292 140 0.007000
78 0.810459 141 0.007050
79 0.819625 156 0.007800
80 0.828792 194 0.009700
81 0.837959 200 0.010000
82 0.847126 214 0.010700
83 0.856292 208 0.010400
84 0.865459 269 0.013450
85 0.874626 355 0.017750
86 0.883793 312 0.015600
87 0.892959 351 0.017550
88 0.902126 287 0.014350
89 0.911293 251 0.012550
90 0.920460 280 0.014000
91 0.929626 266 0.013300
92 0.938793 261 0.013050
93 0.947960 118 0.005900
94 0.957127 86 0.004300
95 0.966293 37 0.001850
96 0.975460 22 0.001100
97 0.984627 21 0.001050
98 0.993794 21 0.001050
99 1.002961 0 0.000000
