0 0.014505 10 0.000500
1 0.024460 5 0.000250
2 0.034414 4 0.000200
3 0.044369 7 0.000350
4 0.054323 3 0.000150
5 0.064278 3 0.000150
6 0.074232 3 0.000150
7 0.084187 4 0.000200
8 0.094141 6 0.000300
9 0.104096 3 0.000150
10 0.114050 2 0.000100
11 0.124005 0 0.000000
12 0.133959 2 0.000100
13 0.143914 0 0.000000
14 0.153868 4 0.000200
15 0.163823 0 0.000000
16 0.173777 3 0.000150
17 0.183732 6 0.000300
18 0.193686 3 0.000150
19 0.203641 10 0.000500
20 0.213595 5 0.000250
21 0.223550 8 0.000400
22 0.233504 7 0.000350
23 0.243458 23 0.001150
24 0.253413 21 0.001050
25 0.263367 19 0.000950
26 0.273322 32 0.001600
27 0.283276 36 0.001800
28 0.293231 29 0.001450
29 0.303185 31 0.001550
30 0.313140 124 0.006200
31 0.323094 121 0.006050
32 0.333049 159 0.007950
33 0.343003 94 0.004700
34 0.352958 24 0.001200
35 0.362912 15 0.000750
36 0.372867 12 0.000600
37 0.382821 16 0.000800
38 0.392776 13 0.000650
39 0.402730 17 0.000850
40 0.412685 27 0.001350
41 0.422639 30 0.001500
42 0.432594 27 0.001350
43 0.442548 36 0.001800
44 0.452503 49 0.002450
45 0.462457 55 0.002750
46 0.472412 79 0.003950
47 0.482366 91 0.004550
48 0.492321 112 0.005600
49 0.502275 116 0.005800
50 0.512230 137 0.006850
51 0.522184 155 0.007750
52 0.532139 184 0.009200
53 0.542093 287 0.014350
54 0.552048 455 0.022750
55 0.562002 552 0.027600
56 0.571957 1163 0.058150
57 0.581911 2342 0.117100
58 0.591866 2774 0.138700
59 0.601820 1481 0.074050
60 0.611775 862 0.043100
61 0.621729 733 0.036650
62 0.631684 462 0.023100
63 0.641638 325 0.016250
64 0.651593 272 0.013600
65 0.661547 209 0.010450
66 0.671502 218 0.010900
67 0.681456 178 0.008900
68 0.691411 166 0.008300
69 0.701365 169 0.008450
70 0.711320 154 0.007700
71 0.721274 153 0.007650
72 0.731229 151 0.007550
73 0.741183 141 0.007050
74 0.751138 154 0.007700
75 0.761092 148 0.007400
76 0.771047 171 0.008550
77 0.781001 145 0.007250
78 0.790956 163 0.008150
79 0.800910 126 0.006300
80 0.810865 170 0.008500
81 0.820819 249 0.012450
82 0.830774 214 0.010700
83 0.840728 226 0.011300
84 0.850683 279 0.013950
85 0.860637 428 0.021400
86 0.870592 370 0.018500
87 0.880546 393 0.019650
88 0.890501 259 0.012950
89 0.900455 237 0.011850
90 0.910410 260 0.013000
91 0.920364 304 0.015200
92 0.930319 202 0.010100
93 0.940273 122 0.006100
94 0.950228 52 0.002600
95 0.960182 32 0.001600
96 0.970137 39 0.001950
97 0.980091 20 0.001000
98 0.990045 7 0.000350
99 1.000000 1 0.000050
