0 0.012610 1 0.000050
1 0.022367 3 0.000150
2 0.032125 2 0.000100
3 0.041882 6 0.000300
4 0.051639 15 0.000750
5 0.061396 12 0.000600
6 0.071153 7 0.000350
7 0.080910 8 0.000400
8 0.090667 4 0.000200
9 0.100424 6 0.000300
10 0.110181 10 0.000500
11 0.119938 6 0.000300
12 0.129695 9 0.000450
13 0.139452 11 0.000550
14 0.149209 12 0.000600
15 0.158966 14 0.000700
16 0.168723 4 0.000200
17 0.178480 25 0.001250
18 0.188237 17 0.000850
19 0.197994 20 0.001000
20 0.207751 25 0.001250
21 0.217508 24 0.001200
22 0.227265 27 0.001350
23 0.237022 16 0.000800
24 0.246779 26 0.001300
25 0.256536 37 0.001850
26 0.266293 40 0.002000
27 0.276050 44 0.002200
28 0.285807 63 0.003150
29 0.295564 70 0.003500
30 0.305321 70 0.003500
31 0.315078 62 0.003100
32 0.324836 77 0.003850
33 0.334593 104 0.005200
34 0.344350 75 0.003750
35 0.354107 96 0.004800
36 0.363864 162 0.008100
37 0.373621 138 0.006900
38 0.383378 151 0.007550
39 0.393135 155 0.007750
40 0.402892 236 0.011800
41 0.412649 226 0.011300
42 0.422406 283 0.014150
43 0.432163 333 0.016650
44 0.441920 396 0.019800
45 0.451677 576 0.028800
46 0.461434 757 0.037850
47 0.471191 1016 0.050800
48 0.480948 1800 0.090000
49 0.490705 3164 0.158200
50 0.500462 2853 0.142650
51 0.510219 1541 0.077050
52 0.519976 981 0.049050
53 0.529733 667 0.033350
54 0.539490 497 0.024850
55 0.549247 358 0.017900
56 0.559004 326 0.016300
57 0.568761 303 0.015150
58 0.578518 268 0.013400
59 0.588275 162 0.008100
60 0.598032 177 0.008850
61 0.607789 158 0.007900
62 0.617546 146 0.007300
63 0.627304 115 0.005750
64 0.637061 106 0.005300
65 0.646818 108 0.005400
66 0.656575 93 0.004650
67 0.666332 75 0.003750
68 0.676089 77 0.003850
69 0.685846 48 0.002400
70 0.695603 53 0.002650
71 0.705360 32 0.001600
72 0.715117 43 0.002150
73 0.724874 28 0.001400
74 0.734631 30 0.001500
75 0.744388 25 0.001250
76 0.754145 20 0.001000
77 0.763902 22 0.001100
78 0.773659 32 0.001600
79 0.783416 19 0.000950
80 0.793173 23 0.001150
81 0.802930 17 0.000850
82 0.812687 16 0.000800
83 0.822444 6 0.000300
84 0.832201 18 0.000900
85 0.841958 9 0.000450
86 0.851715 11 0.000550
87 0.861472 8 0.000400
88 0.871229 6 0.000300
89 0.880986 7 0.000350
90 0.890743 9 0.000450
91 0.900500 12 0.000600
92 0.910258 14 0.000700
93 0.920015 5 0.000250
94 0.929772 8 0.000400
95 0.939529 4 0.000200
96 0.949286 6 0.000300
97 0.959043 9 0.000450
98 0.968800 7 0.000350
99 0.978557 1 0.000050
