0 0.044935 2 0.000033
1 0.054612 5 0.000083
2 0.064289 3 0.000050
3 0.073966 6 0.000100
4 0.083643 3 0.000050
5 0.093320 15 0.000250
6 0.102997 19 0.000317
7 0.112674 24 0.000400
8 0.122351 21 0.000350
9 0.132028 18 0.000300
10 0.141705 16 0.000267
11 0.151382 9 0.000150
12 0.161059 13 0.000217
13 0.170736 19 0.000317
14 0.180413 21 0.000350
15 0.190090 27 0.000450
16 0.199767 34 0.000567
17 0.209444 44 0.000733
18 0.219122 30 0.000500
19 0.228799 32 0.000533
20 0.238476 32 0.000533
21 0.248153 39 0.000650
22 0.257830 63 0.001050
23 0.267507 56 0.000933
24 0.277184 73 0.001217
25 0.286861 86 0.001433
26 0.296538 100 0.001667
27 0.306215 97 0.001617
28 0.315892 95 0.001583
29 0.325569 156 0.002600
30 0.335246 352 0.005867
31 0.344923 179 0.002983
32 0.354600 128 0.002133
33 0.364277 128 0.002133
34 0.373954 146 0.002433
35 0.383631 154 0.002567
36 0.393308 166 0.002767
37 0.402985 171 0.002850
38 0.412662 244 0.004067
39 0.422339 301 0.005017
40 0.432016 325 0.005417
41 0.441693 346 0.005767
42 0.451370 479 0.007983
43 0.461047 662 0.011033
44 0.470724 910 0.015167
45 0.480401 1629 0.027150
46 0.490078 3229 0.053817
47 0.499755 13682 0.228033
48 0.509432 9433 0.157217
49 0.519109 2316 0.038600
50 0.528786 1315 0.021917
51 0.538463 952 0.015867
52 0.548140 749 0.012483
53 0.557817 676 0.011267
54 0.567494 870 0.014500
55 0.577171 922 0.015367
56 0.586848 1955 0.032583
57 0.596525 2964 0.049400
58 0.606202 2264 0.037733
59 0.615879 1305 0.021750
60 0.625557 872 0.014533
61 0.635234 783 0.013050
62 0.644911 564 0.009400
63 0.654588 375 0.006250
64 0.664265 315 0.005250
65 0.673942 292 0.004867
66 0.683619 254 0.004233
67 0.693296 216 0.003600
68 0.702973 214 0.003567
69 0.712650 207 0.003450
70 0.722327 180 0.003000
71 0.732004 166 0.002767
72 0.741681 147 0.002450
73 0.751358 166 0.002767
74 0.761035 182 0.003033
75 0.770712 159 0.002650
76 0.780389 191 0.003183
77 0.790066 185 0.003083
78 0.799743 174 0.002900
79 0.809420 174 0.002900
80 0.819097 182 0.003033
81 0.828774 213 0.003550
82 0.838451 227 0.003783
83 0.848128 233 0.003883
84 0.857805 242 0.004033
85 0.867482 309 0.005150
86 0.877159 393 0.006550
87 0.886836 335 0.005583
88 0.896513 381 0.006350
89 0.906190 283 0.004717
90 0.915867 282 0.004700
91 0.925544 314 0.005233
92 0.935221 291 0.004850
93 0.944898 151 0.002517
94 0.954575 113 0.001883
95 0.964252 52 0.000867
96 0.973929 22 0.000367
97 0.983606 30 0.000500
98 0.993283 21 0.000350
99 1.002961 0 0.000000
