0 0.468696 1 0.000050
1 0.469520 1 0.000050
2 0.470344 1 0.000050
3 0.471169 0 0.000000
4 0.471993 2 0.000100
5 0.472818 3 0.000150
6 0.473642 3 0.000150
7 0.474466 1 0.000050
8 0.475291 5 0.000250
9 0.476115 4 0.000200
10 0.476939 1 0.000050
11 0.477764 8 0.000400
12 0.478588 6 0.000300
13 0.479412 13 0.000650
14 0.480237 11 0.000550
15 0.481061 21 0.001050
16 0.481885 21 0.001050
17 0.482710 23 0.001150
18 0.483534 27 0.001350
19 0.484358 28 0.001400
20 0.485183 26 0.001300
21 0.486007 35 0.001750
22 0.486832 45 0.002250
23 0.487656 28 0.001400
24 0.488480 39 0.001950
25 0.489305 65 0.003250
26 0.490129 40 0.002000
27 0.490953 52 0.002600
28 0.491778 62 0.003100
29 0.492602 72 0.003600
30 0.493426 64 0.003200
31 0.494251 77 0.003850
32 0.495075 110 0.005500
33 0.495899 172 0.008600
34 0.496724 166 0.008300
35 0.497548 145 0.007250
36 0.498372 216 0.010800
37 0.499197 202 0.010100
38 0.500021 252 0.012600
39 0.500846 315 0.015750
40 0.501670 325 0.016250
41 0.502494 458 0.022900
42 0.503319 575 0.028750
43 0.504143 857 0.042850
44 0.504967 971 0.048550
45 0.505792 1211 0.060550
46 0.506616 1469 0.073450
47 0.507440 1497 0.074850
48 0.508265 1619 0.080950
49 0.509089 1541 0.077050
50 0.509913 1162 0.058100
51 0.510738 921 0.046050
52 0.511562 787 0.039350
53 0.512387 732 0.036600
54 0.513211 554 0.027700
55 0.514035 454 0.022700
56 0.514860 290 0.014500
57 0.515684 323 0.016150
58 0.516508 308 0.015400
59 0.517333 202 0.010100
60 0.518157 176 0.008800
61 0.518981 196 0.009800
62 0.519806 145 0.007250
63 0.520630 108 0.005400
64 0.521454 99 0.004950
65 0.522279 72 0.003600
66 0.523103 72 0.003600
67 0.523928 52 0.002600
68 0.524752 34 0.001700
69 0.525576 33 0.001650
70 0.526401 47 0.002350
71 0.527225 24 0.001200
72 0.528049 20 0.001000
73 0.528874 16 0.000800
74 0.529698 15 0.000750
75 0.530522 30 0.001500
76 0.531347 29 0.001450
77 0.532171 45 0.002250
78 0.532995 34 0.001700
79 0.533820 24 0.001200
80 0.534644 20 0.001000
81 0.535468 14 0.000700
82 0.536293 9 0.000450
83 0.537117 2 0.000100
84 0.537942 9 0.000450
85 0.538766 10 0.000500
86 0.539590 7 0.000350
87 0.540415 6 0.000300
88 0.541239 7 0.000350
89 0.542063 6 0.000300
90 0.542888 4 0.000200
91 0.543712 3 0.000150
92 0.544536 3 0.000150
93 0.545361 4 0.000200
94 0.546185 2 0.000100
95 0.547009 2 0.000100
96 0.547834 0 0.000000
97 0.548658 0 0.000000
98 0.549483 1 0.000050
99 0.550307 1 0.000050
