0 0.001706 1 0.000050
1 0.010532 0 0.000000
2 0.019357 0 0.000000
3 0.028183 0 0.000000
4 0.037008 0 0.000000
5 0.045834 0 0.000000
6 0.054660 0 0.000000
7 0.063485 0 0.000000
8 0.072311 0 0.000000
9 0.081136 0 0.000000
10 0.089962 0 0.000000
11 0.098787 0 0.000000
12 0.107613 0 0.000000
13 0.116438 1 0.000050
14 0.125264 0 0.000000
15 0.134089 0 0.000000
16 0.142915 0 0.000000
17 0.151740 1 0.000050
18 0.160566 0 0.000000
19 0.169391 0 0.000000
20 0.178217 0 0.000000
21 0.187042 0 0.000000
22 0.195868 4 0.000200
23 0.204694 4 0.000200
24 0.213519 6 0.000300
25 0.222345 13 0.000650
26 0.231170 1 0.000050
27 0.239996 2 0.000100
28 0.248821 2 0.000100
29 0.257647 1 0.000050
30 0.266472 0 0.000000
31 0.275298 0 0.000000
32 0.284123 2 0.000100
33 0.292949 9 0.000450
34 0.301774 15 0.000750
35 0.310600 48 0.002400
36 0.319425 64 0.003200
37 0.328251 80 0.004000
38 0.337076 57 0.002850
39 0.345902 50 0.002500
40 0.354728 165 0.008250
41 0.363553 172 0.008600
42 0.372379 337 0.016850
43 0.381204 192 0.009600
44 0.390030 170 0.008500
45 0.398855 239 0.011950
46 0.407681 360 0.018000
47 0.416506 443 0.022150
48 0.425332 1008 0.050400
49 0.434157 536 0.026800
50 0.442983 378 0.018900
51 0.451808 461 0.023050
52 0.460634 605 0.030250
53 0.469459 879 0.043950
54 0.478285 551 0.027550
55 0.487110 644 0.032200
56 0.495936 4045 0.202250
57 0.504761 979 0.048950
58 0.513587 710 0.035500
59 0.522413 1029 0.051450
60 0.531238 975 0.048750
61 0.540064 462 0.023100
62 0.548889 461 0.023050
63 0.557715 482 0.024100
64 0.566540 766 0.038300
65 0.575366 437 0.021850
66 0.584191 320 0.016000
67 0.593017 232 0.011600
68 0.601842 260 0.013000
69 0.610668 231 0.011550
70 0.619493 318 0.015900
71 0.628319 282 0.014100
72 0.637144 86 0.004300
73 0.645970 63 0.003150
74 0.654795 110 0.005500
75 0.663621 54 0.002700
76 0.672447 105 0.005250
77 0.681272 21 0.001050
78 0.690098 24 0.001200
79 0.698923 19 0.000950
80 0.707749 8 0.000400
81 0.716574 3 0.000150
82 0.725400 0 0.000000
83 0.734225 0 0.000000
84 0.743051 2 0.000100
85 0.751876 0 0.000000
86 0.760702 0 0.000000
87 0.769527 2 0.000100
88 0.778353 1 0.000050
89 0.787178 4 0.000200
90 0.796004 4 0.000200
91 0.804829 2 0.000100
92 0.813655 1 0.000050
93 0.822480 0 0.000000
94 0.831306 0 0.000000
95 0.840132 0 0.000000
96 0.848957 0 0.000000
97 0.857783 0 0.000000
98 0.866608 0 0.000000
99 0.875434 1 0.000050
