0 0.001706 1 0.000017
1 0.011790 8 0.000133
2 0.021874 11 0.000183
3 0.031958 6 0.000100
4 0.042041 15 0.000250
5 0.052125 16 0.000267
6 0.062209 15 0.000250
7 0.072293 12 0.000200
8 0.082377 10 0.000167
9 0.092460 12 0.000200
10 0.102544 8 0.000133
11 0.112628 12 0.000200
12 0.122712 7 0.000117
13 0.132795 11 0.000183
14 0.142879 15 0.000250
15 0.152963 17 0.000283
16 0.163047 11 0.000183
17 0.173131 14 0.000233
18 0.183214 30 0.000500
19 0.193298 25 0.000417
20 0.203382 41 0.000683
21 0.213466 38 0.000633
22 0.223549 48 0.000800
23 0.233633 24 0.000400
24 0.243717 47 0.000783
25 0.253801 64 0.001067
26 0.263884 56 0.000933
27 0.273968 78 0.001300
28 0.284052 99 0.001650
29 0.294136 111 0.001850
30 0.304220 150 0.002500
31 0.314303 244 0.004067
32 0.324387 304 0.005067
33 0.334471 335 0.005583
34 0.344555 220 0.003667
35 0.354638 305 0.005083
36 0.364722 426 0.007100
37 0.374806 469 0.007817
38 0.384890 399 0.006650
39 0.394974 409 0.006817
40 0.405057 637 0.010617
41 0.415141 775 0.012917
42 0.425225 1456 0.024267
43 0.435309 933 0.015550
44 0.445392 959 0.015983
45 0.455476 1272 0.021200
46 0.465560 1933 0.032217
47 0.475644 2080 0.034667
48 0.485728 3520 0.058667
49 0.495811 7631 0.127183
50 0.505895 3278 0.054633
51 0.515979 2154 0.035900
52 0.526063 2320 0.038667
53 0.536146 1410 0.023500
54 0.546230 1313 0.021883
55 0.556314 1372 0.022867
56 0.566398 1931 0.032183
57 0.576481 2466 0.041100
58 0.586565 3300 0.055000
59 0.596649 2683 0.044717
60 0.606733 1525 0.025417
61 0.616817 1232 0.020533
62 0.626900 1073 0.017883
63 0.636984 575 0.009583
64 0.647068 497 0.008283
65 0.657152 433 0.007217
66 0.667235 394 0.006567
67 0.677319 326 0.005433
68 0.687403 247 0.004117
69 0.697487 241 0.004017
70 0.707571 208 0.003467
71 0.717654 207 0.003450
72 0.727738 178 0.002967
73 0.737822 182 0.003033
74 0.747906 180 0.003000
75 0.757989 151 0.002517
76 0.768073 211 0.003517
77 0.778157 182 0.003033
78 0.788241 192 0.003200
79 0.798325 156 0.002600
80 0.808408 180 0.003000
81 0.818492 241 0.004017
82 0.828576 234 0.003900
83 0.838660 254 0.004233
84 0.848743 271 0.004517
85 0.858827 415 0.006917
86 0.868911 402 0.006700
87 0.878995 424 0.007067
88 0.889078 265 0.004417
89 0.899162 254 0.004233
90 0.909246 284 0.004733
91 0.919330 314 0.005233
92 0.929414 208 0.003467
93 0.939497 135 0.002250
94 0.949581 62 0.001033
95 0.959665 44 0.000733
96 0.969749 49 0.000817
97 0.979832 20 0.000333
98 0.989916 7 0.000117
99 1.000000 1 0.000017
