0 0.044935 2 0.000100
1 0.054479 5 0.000250
2 0.064022 3 0.000150
3 0.073566 6 0.000300
4 0.083110 3 0.000150
5 0.092654 8 0.000400
6 0.102197 12 0.000600
7 0.111741 14 0.000700
8 0.121285 13 0.000650
9 0.130828 10 0.000500
10 0.140372 7 0.000350
11 0.149916 8 0.000400
12 0.159459 6 0.000300
13 0.169003 10 0.000500
14 0.178547 21 0.001050
15 0.188090 20 0.001000
16 0.197634 21 0.001050
17 0.207178 23 0.001150
18 0.216721 26 0.001300
19 0.226265 26 0.001300
20 0.235809 24 0.001200
21 0.245353 32 0.001600
22 0.254896 26 0.001300
23 0.264440 36 0.001800
24 0.273984 38 0.001900
25 0.283527 55 0.002750
26 0.293071 57 0.002850
27 0.302615 61 0.003050
28 0.312158 69 0.003450
29 0.321702 68 0.003400
30 0.331246 89 0.004450
31 0.340789 78 0.003900
32 0.350333 88 0.004400
33 0.359877 99 0.004950
34 0.369421 129 0.006450
35 0.378964 130 0.006500
36 0.388508 151 0.007550
37 0.398052 150 0.007500
38 0.407595 190 0.009500
39 0.417139 246 0.012300
40 0.426683 285 0.014250
41 0.436226 300 0.015000
42 0.445770 367 0.018350
43 0.455314 496 0.024800
44 0.464857 660 0.033000
45 0.474401 946 0.047300
46 0.483945 1355 0.067750
47 0.493488 2171 0.108550
48 0.503032 3494 0.174700
49 0.512576 1833 0.091650
50 0.522120 1160 0.058000
51 0.531663 900 0.045000
52 0.541207 598 0.029900
53 0.550751 461 0.023050
54 0.560294 340 0.017000
55 0.569838 350 0.017500
56 0.579382 278 0.013900
57 0.588925 252 0.012600
58 0.598469 152 0.007600
59 0.608013 133 0.006650
60 0.617556 142 0.007100
61 0.627100 142 0.007100
62 0.636644 146 0.007300
63 0.646187 126 0.006300
64 0.655731 89 0.004450
65 0.665275 66 0.003300
66 0.674819 69 0.003450
67 0.684362 66 0.003300
68 0.693906 67 0.003350
69 0.703450 43 0.002150
70 0.712993 31 0.001550
71 0.722537 32 0.001600
72 0.732081 30 0.001500
73 0.741624 19 0.000950
74 0.751168 24 0.001200
75 0.760712 34 0.001700
76 0.770256 28 0.001400
77 0.779799 24 0.001200
78 0.789343 17 0.000850
79 0.798887 32 0.001600
80 0.808430 20 0.001000
81 0.817974 22 0.001100
82 0.827518 13 0.000650
83 0.837061 8 0.000400
84 0.846605 14 0.000700
85 0.856149 9 0.000450
86 0.865692 16 0.000800
87 0.875236 9 0.000450
88 0.884780 11 0.000550
89 0.894323 11 0.000550
90 0.903867 7 0.000350
91 0.913411 4 0.000200
92 0.922954 6 0.000300
93 0.932498 15 0.000750
94 0.942042 2 0.000100
95 0.951586 5 0.000250
96 0.961129 3 0.000150
97 0.970673 4 0.000200
98 0.980217 2 0.000100
99 0.989760 1 0.000050
