0 0 0.000000 0.150329 0.101086 0.150809 0.101575
0 1 0.114943 0.133727 0.089651 0.133748 0.089874
0 2 0.229885 0.105818 0.071661 0.105871 0.071715
0 3 0.344828 0.090717 0.062495 0.089485 0.061236
0 4 0.459770 0.084394 0.056959 0.084832 0.057511
0 5 0.574713 0.079531 0.054535 0.078744 0.053719
0 6 0.689655 0.080063 0.054633 0.079730 0.053691
0 7 0.804598 0.083521 0.052707 0.082404 0.051799
0 8 0.919540 0.074470 0.051211 0.074770 0.051260
0 9 1.034483 0.076047 0.051627 0.077273 0.052505
0 10 1.149425 0.072391 0.049859 0.072883 0.049713
0 11 1.264368 0.073159 0.050424 0.072565 0.049553
0 12 1.379310 0.071898 0.048616 0.071677 0.048896
0 13 1.494253 0.070579 0.048908 0.070836 0.049505
0 14 1.609195 0.078072 0.048930 0.079804 0.050469
0 15 1.724138 0.071116 0.048523 0.069838 0.048328
0 16 1.839080 0.069185 0.048464 0.068977 0.048101
0 17 1.954023 0.066933 0.046780 0.066991 0.046966
0 18 2.068965 0.069057 0.047858 0.068562 0.047777
0 19 2.183908 0.067125 0.046585 0.068204 0.047219
0 20 2.298851 0.073525 0.047135 0.072770 0.046711
0 21 2.413793 0.067678 0.046662 0.066807 0.046374
0 22 2.528736 0.067853 0.046385 0.068852 0.047245
0 23 2.643678 0.068293 0.046839 0.068450 0.047017
0 24 2.758621 0.065033 0.045256 0.063576 0.045033
0 25 2.873563 0.067329 0.045833 0.067659 0.046092
0 26 2.988506 0.064805 0.045846 0.064301 0.044849
0 27 3.103448 0.066657 0.045601 0.066202 0.045295
0 28 3.218391 0.069354 0.047639 0.068062 0.047045
0 29 3.333333 0.064880 0.045301 0.064095 0.044389
0 30 3.448276 0.064183 0.045048 0.064262 0.045186
0 31 3.563218 0.067855 0.046102 0.067557 0.045221
0 32 3.678161 0.064756 0.044828 0.064318 0.044613
0 33 3.793103 0.063561 0.044614 0.063105 0.044116
0 34 3.908046 0.064168 0.044516 0.063768 0.044384
0 35 4.022988 0.062856 0.044302 0.063495 0.044634
0 36 4.137931 0.065414 0.045710 0.064086 0.044512
0 37 4.252873 0.064036 0.044195 0.064400 0.043923
0 38 4.367816 0.062433 0.043854 0.062616 0.044118
0 39 4.482759 0.062987 0.044542 0.061382 0.043833
0 40 4.597701 0.063610 0.043679 0.063027 0.043363
0 41 4.712644 0.060751 0.043253 0.061478 0.043901
0 42 4.827586 0.061686 0.044004 0.061868 0.044304
0 43 4.942529 0.061496 0.043841 0.060768 0.043107
0 44 5.057471 0.063299 0.044455 0.062119 0.043485
0 45 5.172414 0.060696 0.043154 0.060309 0.043044
0 46 5.287356 0.062426 0.043942 0.062519 0.044255
0 47 5.402299 0.060165 0.042768 0.061682 0.043603
0 48 5.517241 0.061319 0.043813 0.060149 0.042743
0 49 5.632184 0.061356 0.043596 0.060803 0.042894
0 50 5.747127 0.061349 0.043357 0.060851 0.043288
0 51 5.862069 0.059250 0.041780 0.062163 0.044279
0 52 5.977012 0.060313 0.042731 0.059544 0.042365
0 53 6.091954 0.060326 0.043093 0.059721 0.042736
0 54 6.206897 0.059560 0.042863 0.059106 0.042711
0 55 6.321839 0.060664 0.042985 0.061013 0.043205
0 56 6.436781 0.061027 0.043390 0.061069 0.043228
0 57 6.551724 0.061152 0.043520 0.061053 0.043228
0 58 6.666667 0.060379 0.043277 0.060521 0.043127
0 59 6.781609 0.061621 0.043626 0.062129 0.043875
0 60 6.896552 0.060275 0.042917 0.061051 0.043820
0 61 7.011494 0.060762 0.043249 0.057984 0.041463
0 62 7.126437 0.058142 0.042137 0.058791 0.042317
0 63 7.241379 0.062233 0.044009 0.061894 0.043703
0 64 7.356322 0.060791 0.042916 0.060764 0.042886
0 65 7.471264 0.059946 0.042980 0.061020 0.043910
0 66 7.586207 0.060239 0.043498 0.059924 0.043189
0 67 7.701149 0.058913 0.042539 0.057651 0.041765
0 68 7.816092 0.058452 0.042638 0.058092 0.041956
0 69 7.931035 0.059989 0.042687 0.061097 0.043106
0 70 8.045977 0.058467 0.042347 0.059002 0.042834
0 71 8.160919 0.058753 0.042361 0.059521 0.042749
0 72 8.275862 0.061290 0.042595 0.060682 0.042453
0 73 8.390804 0.058430 0.041946 0.058851 0.042330
0 74 8.505747 0.058802 0.042573 0.057896 0.041841
0 75 8.620689 0.060066 0.042479 0.060645 0.043123
0 76 8.735632 0.058889 0.042735 0.058328 0.042239
0 77 8.850574 0.060062 0.042537 0.059203 0.041930
0 78 8.965517 0.059571 0.042793 0.058985 0.041934
0 79 9.080460 0.060884 0.043061 0.061164 0.043164
0 80 9.195402 0.058176 0.042301 0.057939 0.041820
0 81 9.310345 0.058466 0.041856 0.058682 0.041935
0 82 9.425287 0.058500 0.042213 0.058921 0.042620
0 83 9.540230 0.057636 0.041555 0.057675 0.041906
0 84 9.655172 0.058904 0.042607 0.059178 0.042673
0 85 9.770115 0.057932 0.041842 0.057726 0.041567
0 86 9.885057 0.058027 0.041985 0.058535 0.042315
1 0 10.000000 0.058938 0.042424 0.057583 0.041506
1 1 10.114943 0.056934 0.041099 0.059290 0.042855
1 2 10.229885 0.057247 0.041497 0.058440 0.042005
1 3 10.344828 0.057688 0.041457 0.056458 0.040637
1 4 10.459770 0.058465 0.042007 0.058741 0.042383
1 5 10.574713 0.057764 0.041936 0.056710 0.041043
1 6 10.689655 0.057243 0.041954 0.057544 0.041650
1 7 10.804598 0.057396 0.041944 0.057022 0.041432
1 8 10.919540 0.057654 0.041851 0.057976 0.042019
1 9 11.034483 0.058941 0.042680 0.058229 0.042534
1 10 11.149426 0.057546 0.041854 0.057030 0.041300
1 11 11.264368 0.058431 0.041694 0.058625 0.041594
1 12 11.379311 0.057457 0.041468 0.058086 0.041621
1 13 11.494253 0.058252 0.042087 0.057633 0.041864
1 14 11.609196 0.058154 0.042238 0.057022 0.041269
1 15 11.724138 0.057816 0.041979 0.057497 0.041700
1 16 11.839081 0.056877 0.041518 0.055032 0.040258
1 17 11.954023 0.056730 0.041480 0.055798 0.040846
1 18 12.068966 0.057585 0.041941 0.057891 0.042382
1 19 12.183908 0.057666 0.041505 0.056908 0.040863
1 20 12.298851 0.057766 0.041878 0.058023 0.042090
1 21 12.413794 0.057622 0.041874 0.057265 0.041707
1 22 12.528735 0.058453 0.042551 0.058191 0.042381
1 23 12.643678 0.059326 0.042178 0.059708 0.042293
1 24 12.758620 0.057208 0.040817 0.057281 0.041070
1 25 12.873563 0.057786 0.042072 0.056540 0.041470
1 26 12.988505 0.056495 0.041107 0.057865 0.042248
1 27 13.103448 0.057444 0.041772 0.057415 0.041844
1 28 13.218390 0.056822 0.041648 0.056575 0.041586
1 29 13.333333 0.057493 0.041026 0.058784 0.042454
1 30 13.448276 0.057324 0.041435 0.058134 0.041859
1 31 13.563218 0.057651 0.041885 0.056857 0.041300
1 32 13.678161 0.056638 0.041413 0.056098 0.041211
1 33 13.793103 0.056232 0.041237 0.056559 0.041339
1 34 13.908046 0.057639 0.041948 0.058885 0.042446
1 35 14.022988 0.059200 0.042194 0.058567 0.042158
1 36 14.137931 0.057917 0.041277 0.058050 0.041605
1 37 14.252873 0.056831 0.041397 0.057769 0.042132
1 38 14.367816 0.058066 0.041924 0.056851 0.041156
1 39 14.482759 0.059419 0.041420 0.059444 0.041588
1 40 14.597701 0.057688 0.041949 0.057219 0.041413
1 41 14.712644 0.057254 0.041684 0.057216 0.041410
1 42 14.827586 0.057305 0.041771 0.057012 0.041420
1 43 14.942529 0.057626 0.041911 0.056137 0.040669
1 44 15.057471 0.056980 0.041072 0.057719 0.041525
1 45 15.172414 0.056520 0.041160 0.058494 0.042219
1 46 15.287356 0.058156 0.040876 0.059291 0.041914
1 47 15.402299 0.059849 0.042287 0.058629 0.041403
1 48 15.517241 0.057079 0.041960 0.057426 0.041563
1 49 15.632184 0.058164 0.041428 0.058546 0.041888
1 50 15.747127 0.055426 0.040888 0.054615 0.040320
1 51 15.862069 0.060719 0.042999 0.061133 0.043208
1 52 15.977012 0.055220 0.040902 0.056333 0.041248
1 53 16.091953 0.056732 0.041532 0.056551 0.041717
1 54 16.206896 0.058289 0.041319 0.058024 0.041298
1 55 16.321838 0.057204 0.041428 0.057450 0.041556
1 56 16.436781 0.055522 0.040621 0.058440 0.042707
1 57 16.551723 0.058642 0.041691 0.058724 0.042100
1 58 16.666666 0.056544 0.040956 0.057083 0.041651
1 59 16.781609 0.056070 0.040964 0.056272 0.041192
1 60 16.896551 0.056333 0.041381 0.057051 0.041738
1 61 17.011494 0.055690 0.041079 0.056602 0.041764
1 62 17.126436 0.055885 0.040902 0.056100 0.040854
1 63 17.241379 0.056778 0.041872 0.056674 0.041684
1 64 17.356321 0.055774 0.040753 0.056588 0.041849
1 65 17.471264 0.057413 0.042144 0.057382 0.041589
1 66 17.586206 0.056233 0.041254 0.055938 0.041245
1 67 17.701149 0.055452 0.040853 0.055117 0.040556
1 68 17.816092 0.058465 0.042075 0.058076 0.041931
1 69 17.931034 0.055686 0.040801 0.056491 0.041950
1 70 18.045977 0.057424 0.040700 0.058642 0.041189
1 71 18.160919 0.055941 0.040468 0.057296 0.041571
1 72 18.275862 0.056039 0.041250 0.055140 0.040619
1 73 18.390804 0.056441 0.041699 0.056442 0.041475
1 74 18.505747 0.054733 0.040149 0.055279 0.041221
1 75 18.620689 0.054879 0.040767 0.054790 0.040607
1 76 18.735632 0.056892 0.041603 0.056494 0.041418
1 77 18.850574 0.056041 0.041625 0.055278 0.040692
1 78 18.965517 0.059826 0.041399 0.058596 0.040417
1 79 19.080460 0.055619 0.041195 0.056585 0.041388
1 80 19.195402 0.055472 0.040913 0.056663 0.041879
1 81 19.310345 0.056267 0.041069 0.056761 0.041796
1 82 19.425287 0.054894 0.040455 0.054962 0.040697
1 83 19.540230 0.056059 0.041286 0.055508 0.040935
1 84 19.655172 0.056770 0.040818 0.057684 0.041948
1 85 19.770115 0.057647 0.042314 0.057377 0.041974
1 86 19.885057 0.054877 0.040528 0.055725 0.041310
2 0 20.000000 0.054647 0.040036 0.056215 0.041604
2 1 20.114943 0.055402 0.040895 0.054966 0.040735
2 2 20.229885 0.056356 0.042005 0.054582 0.040730
2 3 20.344828 0.055731 0.040858 0.056350 0.041250
2 4 20.459770 0.056707 0.041311 0.056717 0.041684
2 5 20.574713 0.055642 0.040837 0.056243 0.041623
2 6 20.689655 0.054707 0.040443 0.055954 0.041524
2 7 20.804598 0.057145 0.040996 0.057765 0.041500
2 8 20.919540 0.054538 0.040463 0.056569 0.041627
2 9 21.034483 0.055075 0.040884 0.054335 0.040264
2 10 21.149426 0.055184 0.040932 0.055144 0.040629
2 11 21.264368 0.056702 0.041678 0.054822 0.040244
2 12 21.379311 0.055282 0.041303 0.056893 0.041880
2 13 21.494253 0.056983 0.041587 0.057782 0.042077
2 14 21.609196 0.054794 0.040732 0.054355 0.040356
2 15 21.724138 0.054784 0.040767 0.056211 0.041515
2 16 21.839081 0.057280 0.041760 0.057631 0.041268
2 17 21.954023 0.056143 0.041298 0.057253 0.042255
2 18 22.068966 0.055264 0.040400 0.056552 0.041211
2 19 22.183908 0.058099 0.041373 0.057932 0.041442
2 20 22.298851 0.056291 0.040847 0.056179 0.040873
2 21 22.413794 0.055852 0.041640 0.055879 0.041658
2 22 22.528736 0.056351 0.041101 0.056340 0.041020
2 23 22.643679 0.055112 0.040944 0.055628 0.041482
2 24 22.758621 0.055367 0.041040 0.054835 0.040543
2 25 22.873564 0.055311 0.041179 0.055442 0.040946
2 26 22.988506 0.054359 0.040525 0.055206 0.041362
2 27 23.103449 0.056323 0.040702 0.055248 0.040008
2 28 23.218391 0.056458 0.041088 0.056945 0.041608
2 29 23.333334 0.056208 0.040962 0.055925 0.040793
2 30 23.448277 0.056249 0.041532 0.056194 0.041229
2 31 23.563219 0.055894 0.040390 0.056767 0.041180
2 32 23.678162 0.054444 0.040429 0.055109 0.040671
2 33 23.793104 0.056304 0.041726 0.055112 0.041006
2 34 23.908047 0.055361 0.041168 0.055744 0.041075
2 35 24.022989 0.056851 0.041466 0.056239 0.041247
2 36 24.137932 0.055682 0.041400 0.055576 0.041351
2 37 24.252874 0.057415 0.042010 0.055694 0.040838
2 38 24.367817 0.054985 0.040439 0.055005 0.040213
2 39 24.482759 0.055707 0.041354 0.055329 0.040777
2 40 24.597702 0.056667 0.041471 0.056774 0.041627
2 41 24.712645 0.054606 0.040868 0.054354 0.040305
2 42 24.827587 0.055072 0.040749 0.055269 0.040869
2 43 24.942530 0.055889 0.041425 0.056051 0.040790
2 44 25.057470 0.053939 0.039746 0.055443 0.040771
2 45 25.172413 0.056230 0.041156 0.055879 0.040925
2 46 25.287355 0.055638 0.041157 0.055521 0.040857
2 47 25.402298 0.054667 0.040938 0.056076 0.041617
2 48 25.517241 0.054839 0.040554 0.054694 0.040525
2 49 25.632183 0.054847 0.040460 0.054371 0.040005
2 50 25.747126 0.054327 0.040127 0.054751 0.040735
2 51 25.862068 0.054698 0.040560 0.054722 0.040643
2 52 25.977011 0.055139 0.040952 0.055809 0.041388
2 53 26.091953 0.055918 0.041438 0.054802 0.040971
2 54 26.206896 0.054314 0.040506 0.053521 0.040058
2 55 26.321838 0.054449 0.040637 0.054074 0.040581
2 56 26.436781 0.055474 0.041107 0.055391 0.041217
2 57 26.551723 0.054053 0.040287 0.054435 0.040205
2 58 26.666666 0.055556 0.041177 0.055002 0.041020
2 59 26.781609 0.054181 0.040163 0.055345 0.040935
2 60 26.896551 0.057934 0.040304 0.059291 0.041107
2 61 27.011494 0.055298 0.040455 0.055526 0.040748
2 62 27.126436 0.054085 0.040334 0.055959 0.041560
2 63 27.241379 0.056189 0.041504 0.054725 0.040513
2 64 27.356321 0.055625 0.041222 0.054499 0.040532
2 65 27.471264 0.054895 0.040906 0.055239 0.040657
2 66 27.586206 0.054305 0.040181 0.053579 0.039863
2 67 27.701149 0.053524 0.040094 0.054901 0.041341
2 68 27.816092 0.054316 0.040371 0.054022 0.039906
2 69 27.931034 0.054486 0.040277 0.054911 0.040483
2 70 28.045977 0.056586 0.041572 0.055423 0.040860
2 71 28.160919 0.052536 0.038959 0.055172 0.040919
2 72 28.275862 0.055816 0.041422 0.055148 0.040541
2 73 28.390804 0.055057 0.041246 0.052988 0.039598
2 74 28.505747 0.055212 0.041227 0.054766 0.040465
2 75 28.620689 0.054223 0.040708 0.053494 0.040041
2 76 28.735632 0.055188 0.040827 0.053699 0.040129
2 77 28.850574 0.054450 0.040869 0.054702 0.040752
2 78 28.965517 0.054467 0.040873 0.054932 0.041196
2 79 29.080460 0.056358 0.041598 0.057401 0.042166
2 80 29.195402 0.053931 0.039882 0.055055 0.040781
2 81 29.310345 0.054437 0.040616 0.054402 0.040271
2 82 29.425287 0.054407 0.040149 0.053943 0.039629
2 83 29.540230 0.054123 0.040498 0.052887 0.039234
2 84 29.655172 0.054827 0.040425 0.054238 0.040032
2 85 29.770115 0.053535 0.040130 0.054638 0.041148
2 86 29.885057 0.054693 0.040927 0.055686 0.041546
3 0 30.000000 0.054762 0.041165 0.054515 0.041052
3 1 30.114943 0.055183 0.039887 0.057030 0.041395
3 2 30.229885 0.054156 0.040741 0.053984 0.040366
3 3 30.344828 0.052961 0.039690 0.054731 0.041087
3 4 30.459770 0.054021 0.040610 0.054376 0.040865
3 5 30.574713 0.057487 0.041590 0.056266 0.040987
3 6 30.689655 0.055163 0.041252 0.053848 0.040177
3 7 30.804598 0.054232 0.040138 0.054970 0.040503
3 8 30.919540 0.053092 0.039704 0.054935 0.041243
3 9 31.034483 0.054908 0.040687 0.055130 0.040652
3 10 31.149426 0.054648 0.040735 0.053777 0.039932
3 11 31.264368 0.054706 0.040988 0.054757 0.040584
3 12 31.379311 0.053683 0.040306 0.054665 0.040772
3 13 31.494253 0.054072 0.039717 0.055426 0.040649
3 14 31.609196 0.055126 0.041357 0.055384 0.041168
3 15 31.724138 0.054242 0.040615 0.054124 0.040041
3 16 31.839081 0.053780 0.040487 0.054148 0.040239
3 17 31.954023 0.053919 0.040615 0.053043 0.039838
3 18 32.068966 0.055426 0.041465 0.053837 0.040025
3 19 32.183907 0.054319 0.040580 0.053789 0.040199
3 20 32.298851 0.052327 0.038955 0.053447 0.039877
3 21 32.413792 0.055225 0.040913 0.054066 0.040294
3 22 32.528736 0.054111 0.040604 0.055013 0.040943
3 23 32.643677 0.054019 0.040344 0.054834 0.040559
3 24 32.758621 0.053721 0.040283 0.054050 0.040436
3 25 32.873562 0.052862 0.039499 0.054664 0.041292
3 26 32.988506 0.054940 0.041290 0.054706 0.041117
3 27 33.103447 0.055421 0.041100 0.054346 0.039839
3 28 33.218391 0.054349 0.040251 0.054759 0.040596
3 29 33.333332 0.053351 0.040217 0.054420 0.040796
3 30 33.448277 0.053586 0.039983 0.053831 0.040420
3 31 33.563217 0.053946 0.040327 0.054276 0.040648
3 32 33.678162 0.053963 0.040704 0.053401 0.040285
3 33 33.793102 0.053815 0.039951 0.054724 0.040857
3 34 33.908047 0.054978 0.041249 0.054837 0.041067
3 35 34.022987 0.054737 0.040999 0.054483 0.040860
3 36 34.137932 0.054612 0.040997 0.054654 0.040897
3 37 34.252872 0.055899 0.040923 0.055298 0.040700
3 38 34.367817 0.054829 0.040897 0.053939 0.040768
3 39 34.482758 0.056451 0.040847 0.055192 0.040597
3 40 34.597702 0.055050 0.040765 0.056159 0.041226
3 41 34.712643 0.054581 0.040626 0.054993 0.040818
3 42 34.827587 0.054240 0.040502 0.054064 0.039904
3 43 34.942528 0.054716 0.040974 0.054011 0.040319
3 44 35.057472 0.053646 0.040758 0.053189 0.040134
3 45 35.172413 0.055085 0.041522 0.052567 0.039492
3 46 35.287357 0.055030 0.040841 0.053794 0.039924
3 47 35.402298 0.053638 0.040055 0.055498 0.041633
3 48 35.517242 0.056133 0.041031 0.056829 0.041811
3 49 35.632183 0.054338 0.040751 0.054639 0.040402
3 50 35.747128 0.055472 0.040602 0.056984 0.041454
3 51 35.862068 0.054456 0.040591 0.055218 0.041263
3 52 35.977013 0.054957 0.040701 0.054367 0.040144
3 53 36.091953 0.053581 0.040167 0.054580 0.040865
3 54 36.206898 0.054607 0.040891 0.053628 0.039679
3 55 36.321838 0.053965 0.040390 0.053743 0.040555
3 56 36.436783 0.053525 0.040064 0.052971 0.039487
3 57 36.551723 0.053896 0.039808 0.054734 0.040182
3 58 36.666668 0.053928 0.040726 0.052960 0.039934
3 59 36.781609 0.053491 0.040313 0.053545 0.040167
3 60 36.896553 0.054041 0.040480 0.054253 0.040457
3 61 37.011494 0.054251 0.041190 0.054047 0.040408
3 62 37.126438 0.054024 0.040061 0.055069 0.040615
3 63 37.241379 0.051933 0.038908 0.053843 0.040224
3 64 37.356323 0.053957 0.040375 0.053847 0.040670
3 65 37.471264 0.053453 0.040737 0.054068 0.040856
3 66 37.586208 0.053812 0.040278 0.053670 0.040204
3 67 37.701149 0.053784 0.040191 0.053901 0.040886
3 68 37.816093 0.054011 0.040915 0.053440 0.040044
3 69 37.931034 0.053027 0.038806 0.054184 0.039915
3 70 38.045979 0.054353 0.040369 0.052820 0.039347
3 71 38.160919 0.054442 0.040515 0.056059 0.041881
3 72 38.275864 0.054691 0.040800 0.054144 0.040608
3 73 38.390804 0.052653 0.039911 0.051942 0.039233
3 74 38.505749 0.054339 0.040492 0.053549 0.040004
3 75 38.620689 0.054170 0.040838 0.053506 0.040330
3 76 38.735634 0.054120 0.040294 0.054277 0.040385
3 77 38.850574 0.053454 0.039630 0.053849 0.040400
3 78 38.965519 0.052386 0.039037 0.053873 0.040308
3 79 39.080460 0.053445 0.040256 0.052286 0.039545
3 80 39.195404 0.053074 0.039739 0.054153 0.040402
3 81 39.310345 0.054065 0.040780 0.053555 0.040261
3 82 39.425289 0.055469 0.041447 0.054779 0.041059
3 83 39.540230 0.052958 0.039975 0.054540 0.041135
3 84 39.655174 0.052836 0.040068 0.052644 0.039985
3 85 39.770115 0.054727 0.040321 0.054928 0.040292
3 86 39.885059 0.052930 0.039570 0.053822 0.040435
4 0 40.000000 0.053013 0.039899 0.053962 0.040758
4 1 40.114941 0.053934 0.040184 0.053096 0.039760
4 2 40.229885 0.053727 0.040627 0.053488 0.040313
4 3 40.344826 0.053577 0.040186 0.053797 0.040505
4 4 40.459770 0.053504 0.040174 0.053102 0.039699
4 5 40.574711 0.053747 0.040294 0.054256 0.040565
4 6 40.689655 0.053225 0.039607 0.053132 0.039905
4 7 40.804596 0.054024 0.040741 0.053096 0.039819
4 8 40.919540 0.054053 0.040574 0.053147 0.040054
4 9 41.034481 0.053639 0.040665 0.054030 0.040727
4 10 41.149426 0.054818 0.040810 0.054233 0.040331
4 11 41.264366 0.054225 0.040775 0.053337 0.040178
4 12 41.379311 0.052644 0.039362 0.054314 0.040612
4 13 41.494251 0.053953 0.040122 0.053991 0.040065
4 14 41.609196 0.054865 0.040738 0.053488 0.040166
4 15 41.724136 0.054358 0.040667 0.054613 0.041041
4 16 41.839081 0.052922 0.039567 0.053520 0.039841
4 17 41.954021 0.054498 0.040812 0.055466 0.041005
4 18 42.068966 0.055100 0.040747 0.056022 0.041841
4 19 42.183907 0.052342 0.039397 0.053747 0.040560
4 20 42.298851 0.053864 0.040240 0.052627 0.039623
4 21 42.413792 0.052538 0.040234 0.052291 0.039479
4 22 42.528736 0.054295 0.040572 0.055578 0.041360
4 23 42.643677 0.054128 0.040242 0.054494 0.040788
4 24 42.758621 0.053291 0.040341 0.053606 0.040046
4 25 42.873562 0.052508 0.039349 0.053946 0.040688
4 26 42.988506 0.053721 0.040287 0.054101 0.040584
4 27 43.103447 0.052942 0.039955 0.053445 0.040731
4 28 43.218391 0.053227 0.040179 0.054890 0.041176
4 29 43.333332 0.052755 0.039415 0.054266 0.040633
4 30 43.448277 0.054041 0.040038 0.055058 0.040520
4 31 43.563217 0.054255 0.040607 0.053372 0.040195
4 32 43.678162 0.052894 0.039910 0.052542 0.039623
4 33 43.793102 0.053359 0.040028 0.052707 0.039691
4 34 43.908047 0.055271 0.041279 0.053515 0.040030
4 35 44.022987 0.052632 0.039662 0.053613 0.040351
4 36 44.137932 0.053559 0.040195 0.052720 0.040109
4 37 44.252872 0.054280 0.040636 0.051763 0.039139
4 38 44.367817 0.053766 0.040666 0.053665 0.040489
4 39 44.482758 0.053079 0.039882 0.053323 0.039801
4 40 44.597702 0.053402 0.040354 0.052720 0.039653
4 41 44.712643 0.051714 0.039212 0.053349 0.040310
4 42 44.827587 0.054056 0.040574 0.053890 0.040348
4 43 44.942528 0.053633 0.040509 0.053504 0.040451
4 44 45.057472 0.053093 0.040221 0.052698 0.039232
4 45 45.172413 0.054492 0.041112 0.052244 0.039373
4 46 45.287357 0.053692 0.040243 0.053520 0.039974
4 47 45.402298 0.053385 0.040236 0.053281 0.040461
4 48 45.517242 0.053383 0.040256 0.052725 0.039748
4 49 45.632183 0.053646 0.040078 0.053963 0.040580
4 50 45.747128 0.054267 0.041063 0.053855 0.040346
4 51 45.862068 0.053646 0.040336 0.053106 0.040304
4 52 45.977013 0.055093 0.040969 0.054052 0.040184
4 53 46.091953 0.051850 0.039546 0.053045 0.039998
4 54 46.206898 0.054064 0.040452 0.055074 0.041315
4 55 46.321838 0.053313 0.040090 0.054533 0.040737
4 56 46.436783 0.054517 0.040490 0.053997 0.040749
4 57 46.551723 0.054488 0.040264 0.053243 0.039541
4 58 46.666668 0.054508 0.041161 0.053867 0.040497
4 59 46.781609 0.052750 0.040073 0.052338 0.039617
4 60 46.896553 0.053389 0.040584 0.053384 0.040088
4 61 47.011494 0.053221 0.039941 0.054261 0.041135
4 62 47.126438 0.053734 0.040406 0.054185 0.040845
4 63 47.241379 0.052745 0.040112 0.052937 0.040005
4 64 47.356323 0.053587 0.040695 0.052275 0.039629
4 65 47.471264 0.052954 0.039605 0.054271 0.040778
4 66 47.586208 0.052732 0.039721 0.053066 0.039954
4 67 47.701149 0.053017 0.040110 0.054683 0.041300
4 68 47.816093 0.052969 0.039626 0.052754 0.039902
4 69 47.931034 0.052693 0.039929 0.053385 0.040991
4 70 48.045979 0.051648 0.038897 0.052223 0.039530
4 71 48.160919 0.052623 0.039952 0.052157 0.039197
4 72 48.275864 0.053799 0.040390 0.054028 0.040540
4 73 48.390804 0.052751 0.039996 0.051998 0.039312
4 74 48.505749 0.053099 0.039826 0.053024 0.039782
4 75 48.620689 0.052815 0.040355 0.053474 0.040550
4 76 48.735634 0.054061 0.040529 0.053560 0.040484
4 77 48.850574 0.052472 0.039721 0.052919 0.040121
4 78 48.965519 0.054065 0.040338 0.054341 0.040743
4 79 49.080460 0.054262 0.041161 0.054977 0.040593
4 80 49.195404 0.052911 0.040189 0.053671 0.040959
4 81 49.310345 0.053426 0.039764 0.053148 0.039871
4 82 49.425289 0.053087 0.040156 0.054051 0.040549
4 83 49.540230 0.053709 0.040507 0.053162 0.040013
4 84 49.655174 0.053392 0.040014 0.054263 0.040663
4 85 49.770115 0.052994 0.040019 0.052737 0.039639
4 86 49.885059 0.053437 0.040328 0.053728 0.040448
5 0 50.000000 0.053171 0.039986 0.052690 0.039752
5 1 50.114941 0.053249 0.040020 0.053970 0.040732
5 2 50.229885 0.052930 0.040449 0.054121 0.040990
5 3 50.344826 0.052262 0.039771 0.052996 0.040313
5 4 50.459770 0.055040 0.041136 0.053893 0.040081
5 5 50.574711 0.052574 0.040233 0.053376 0.040242
5 6 50.689655 0.054058 0.040329 0.053443 0.039947
5 7 50.804596 0.053073 0.040120 0.053531 0.040410
5 8 50.919540 0.053534 0.040104 0.052386 0.039758
5 9 51.034481 0.053274 0.039699 0.053604 0.040202
5 10 51.149426 0.053633 0.040540 0.052684 0.039985
5 11 51.264366 0.054004 0.040632 0.054030 0.040579
5 12 51.379311 0.053735 0.040590 0.052596 0.039698
5 13 51.494251 0.052153 0.039778 0.053140 0.040608
5 14 51.609196 0.053533 0.040605 0.052652 0.039787
5 15 51.724136 0.055201 0.040436 0.056650 0.041266
5 16 51.839081 0.052176 0.039429 0.052899 0.040175
5 17 51.954021 0.053176 0.039597 0.053558 0.040249
5 18 52.068966 0.053383 0.040113 0.053494 0.039951
5 19 52.183907 0.052766 0.039770 0.053087 0.040188
5 20 52.298851 0.053129 0.040200 0.052630 0.039730
5 21 52.413792 0.052996 0.039705 0.052513 0.039393
5 22 52.528736 0.053868 0.040105 0.054231 0.040462
5 23 52.643677 0.052605 0.039871 0.052676 0.040190
5 24 52.758621 0.052902 0.039624 0.052670 0.039897
5 25 52.873562 0.052564 0.040200 0.053064 0.039951
5 26 52.988506 0.053075 0.040238 0.053220 0.039995
5 27 53.103447 0.053607 0.040444 0.052088 0.039244
5 28 53.218391 0.053448 0.040655 0.053212 0.040266
5 29 53.333332 0.051745 0.039692 0.051758 0.039296
5 30 53.448277 0.052298 0.039707 0.052470 0.040143
5 31 53.563217 0.051959 0.039671 0.053031 0.040399
5 32 53.678162 0.052811 0.040087 0.051677 0.039348
5 33 53.793102 0.051894 0.039167 0.052431 0.039892
5 34 53.908047 0.053448 0.040462 0.052141 0.039279
5 35 54.022987 0.053069 0.040078 0.051852 0.039119
5 36 54.137932 0.054196 0.039864 0.054586 0.040249
5 37 54.252872 0.052745 0.039883 0.053416 0.039964
5 38 54.367817 0.053368 0.040121 0.053257 0.039946
5 39 54.482758 0.053755 0.039949 0.052527 0.039418
5 40 54.597702 0.052324 0.039675 0.053128 0.040453
5 41 54.712643 0.053090 0.039709 0.053783 0.040289
5 42 54.827587 0.051648 0.039158 0.052868 0.040258
5 43 54.942528 0.052774 0.039816 0.053526 0.040633
5 44 55.057472 0.052684 0.039753 0.052284 0.039519
5 45 55.172413 0.051535 0.039313 0.050887 0.038949
5 46 55.287357 0.053643 0.040470 0.054108 0.040354
5 47 55.402298 0.052546 0.039635 0.052341 0.039939
5 48 55.517242 0.051999 0.039819 0.051556 0.039197
5 49 55.632183 0.052998 0.039815 0.052506 0.039312
5 50 55.747128 0.053076 0.040177 0.053697 0.040684
5 51 55.862068 0.053635 0.040061 0.053261 0.040202
5 52 55.977013 0.051765 0.039056 0.052965 0.040372
5 53 56.091953 0.053849 0.040626 0.053354 0.040054
5 54 56.206898 0.052144 0.039550 0.052353 0.039725
5 55 56.321838 0.053064 0.040221 0.053288 0.040299
5 56 56.436783 0.052275 0.039660 0.052250 0.039842
5 57 56.551723 0.053213 0.040122 0.053056 0.039970
5 58 56.666668 0.053761 0.040577 0.054163 0.040551
5 59 56.781609 0.052626 0.039288 0.052726 0.039622
5 60 56.896553 0.054173 0.040937 0.052897 0.039907
5 61 57.011494 0.052388 0.040161 0.053267 0.040545
5 62 57.126438 0.052105 0.039497 0.052570 0.039728
5 63 57.241379 0.053110 0.040227 0.051586 0.039397
5 64 57.356323 0.053483 0.040295 0.052018 0.039605
5 65 57.471264 0.053527 0.040289 0.054527 0.040576
5 66 57.586208 0.052344 0.039247 0.054868 0.041245
5 67 57.701149 0.052876 0.039980 0.052715 0.039932
5 68 57.816093 0.053075 0.040309 0.052282 0.040180
5 69 57.931034 0.051938 0.039619 0.052674 0.040002
5 70 58.045979 0.053475 0.040380 0.053929 0.040517
5 71 58.160919 0.053143 0.040159 0.052547 0.039616
5 72 58.275864 0.053673 0.040653 0.052849 0.039841
5 73 58.390804 0.053710 0.040965 0.052997 0.039855
5 74 58.505749 0.053457 0.040476 0.053085 0.040180
5 75 58.620689 0.051941 0.039140 0.052536 0.039720
5 76 58.735634 0.052523 0.040068 0.053427 0.040558
5 77 58.850574 0.052021 0.039680 0.052105 0.039579
5 78 58.965519 0.052852 0.039702 0.053784 0.040291
5 79 59.080460 0.052352 0.039943 0.052893 0.040580
5 80 59.195404 0.052390 0.039560 0.051820 0.039251
5 81 59.310345 0.053445 0.040329 0.052033 0.039170
5 82 59.425289 0.051349 0.039509 0.053398 0.040603
5 83 59.540230 0.052272 0.039559 0.052268 0.039806
5 84 59.655174 0.053044 0.040319 0.051803 0.039723
5 85 59.770115 0.052027 0.039957 0.051572 0.039510
5 86 59.885059 0.052732 0.039781 0.052291 0.039708
6 0 60.000000 0.052925 0.040592 0.051604 0.039590
6 1 60.114941 0.052138 0.039428 0.053360 0.040315
6 2 60.229885 0.052801 0.040077 0.050751 0.038423
6 3 60.344826 0.053194 0.039963 0.053532 0.040435
6 4 60.459770 0.054579 0.041213 0.053733 0.040299
6 5 60.574711 0.051920 0.039769 0.053366 0.040494
6 6 60.689655 0.051397 0.039480 0.051996 0.039770
6 7 60.804596 0.053497 0.040222 0.053229 0.040034
6 8 60.919540 0.052774 0.039946 0.052553 0.039917
6 9 61.034481 0.052951 0.040137 0.051928 0.039528
6 10 61.149426 0.052004 0.039762 0.052272 0.039831
6 11 61.264366 0.050896 0.038710 0.052762 0.040206
6 12 61.379311 0.053834 0.040616 0.053584 0.040554
6 13 61.494251 0.052522 0.040083 0.052378 0.039530
6 14 61.609196 0.052850 0.039645 0.052490 0.039515
6 15 61.724136 0.051390 0.039247 0.052389 0.039511
6 16 61.839081 0.052792 0.040263 0.051617 0.039260
6 17 61.954021 0.052638 0.039990 0.052525 0.039494
6 18 62.068966 0.053631 0.040283 0.051811 0.039210
6 19 62.183907 0.052072 0.039698 0.051918 0.039235
6 20 62.298851 0.052167 0.039805 0.053158 0.040038
6 21 62.413792 0.053482 0.040146 0.053015 0.039766
6 22 62.528736 0.053160 0.040318 0.052502 0.039628
6 23 62.643677 0.052743 0.039721 0.053605 0.040333
6 24 62.758621 0.054340 0.040452 0.054317 0.040605
6 25 62.873562 0.052938 0.039731 0.053507 0.039955
6 26 62.988506 0.051435 0.038994 0.052534 0.039558
6 27 63.103447 0.052780 0.039843 0.052645 0.039951
6 28 63.218391 0.052768 0.040072 0.053326 0.040607
6 29 63.333332 0.052919 0.039986 0.052572 0.039778
6 30 63.448277 0.052511 0.040276 0.052293 0.039972
6 31 63.563217 0.052548 0.039798 0.053407 0.040106
6 32 63.678162 0.052124 0.040143 0.053074 0.040378
6 33 63.793102 0.053347 0.039986 0.052709 0.039807
6 34 63.908047 0.051992 0.039706 0.053075 0.040022
6 35 64.022987 0.051960 0.039939 0.051523 0.039550
6 36 64.137932 0.052140 0.039195 0.051570 0.038874
6 37 64.252876 0.053297 0.040563 0.051613 0.039311
6 38 64.367813 0.053225 0.040348 0.053574 0.040339
6 39 64.482758 0.051345 0.039486 0.052575 0.040007
6 40 64.597702 0.053309 0.040989 0.051787 0.039427
6 41 64.712646 0.053492 0.040326 0.052838 0.039451
6 42 64.827583 0.052011 0.039557 0.052156 0.039545
6 43 64.942528 0.053496 0.040317 0.052461 0.040102
6 44 65.057472 0.052467 0.039483 0.053119 0.040115
6 45 65.172417 0.053377 0.040472 0.052948 0.040355
6 46 65.287354 0.052518 0.039625 0.051596 0.038998
6 47 65.402298 0.052880 0.040278 0.052096 0.040217
6 48 65.517242 0.053164 0.039376 0.053680 0.039804
6 49 65.632187 0.052670 0.039538 0.052033 0.039710
6 50 65.747124 0.053048 0.039893 0.053075 0.040052
6 51 65.862068 0.052229 0.039878 0.052456 0.039935
6 52 65.977013 0.052294 0.039738 0.051708 0.038951
6 53 66.091957 0.052531 0.040053 0.051732 0.039497
6 54 66.206894 0.052774 0.039610 0.053955 0.040445
6 55 66.321838 0.052331 0.039990 0.051404 0.039486
6 56 66.436783 0.053664 0.040048 0.054141 0.040445
6 57 66.551727 0.052279 0.039263 0.052821 0.039870
6 58 66.666664 0.052141 0.039858 0.052601 0.040070
6 59 66.781609 0.052767 0.039940 0.052815 0.040142
6 60 66.896553 0.052541 0.039688 0.053189 0.040218
6 61 67.011497 0.052769 0.040080 0.052985 0.040253
6 62 67.126434 0.052929 0.040098 0.052677 0.039820
6 63 67.241379 0.050109 0.037998 0.052589 0.040355
6 64 67.356323 0.051522 0.039064 0.051285 0.039103
6 65 67.471268 0.052865 0.040741 0.051888 0.039693
6 66 67.586205 0.053115 0.040532 0.052923 0.040204
6 67 67.701149 0.052416 0.040034 0.052201 0.039971
6 68 67.816093 0.052021 0.039541 0.053103 0.040501
6 69 67.931038 0.051935 0.039611 0.051759 0.039912
6 70 68.045975 0.055106 0.041355 0.053234 0.039684
6 71 68.160919 0.052176 0.039932 0.053372 0.040606
6 72 68.275864 0.052037 0.039513 0.052236 0.039535
6 73 68.390808 0.051961 0.039854 0.051195 0.039022
6 74 68.505745 0.052754 0.040107 0.052168 0.040000
6 75 68.620689 0.054523 0.040913 0.052925 0.040532
6 76 68.735634 0.052866 0.039555 0.053908 0.040528
6 77 68.850578 0.052015 0.039902 0.053023 0.040443
6 78 68.965515 0.052814 0.040131 0.053022 0.040246
6 79 69.080460 0.052445 0.039553 0.053135 0.040109
6 80 69.195404 0.052682 0.040309 0.050934 0.038627
6 81 69.310349 0.051591 0.039414 0.053161 0.040144
6 82 69.425285 0.052374 0.039494 0.052605 0.039544
6 83 69.540230 0.052660 0.039646 0.053467 0.040264
6 84 69.655174 0.053195 0.040427 0.052157 0.039703
6 85 69.770119 0.053583 0.040442 0.052340 0.039855
6 86 69.885056 0.052518 0.039392 0.054030 0.040416
7 0 70.000000 0.052617 0.040072 0.053225 0.040531
7 1 70.114944 0.052558 0.040342 0.052569 0.040123
7 2 70.229881 0.053347 0.040217 0.054043 0.040782
7 3 70.344826 0.051103 0.039025 0.052015 0.039591
7 4 70.459770 0.052546 0.040084 0.051177 0.038959
7 5 70.574715 0.053050 0.040510 0.053501 0.040466
7 6 70.689651 0.051879 0.039050 0.051833 0.039672
7 7 70.804596 0.052103 0.039544 0.054423 0.041224
7 8 70.919540 0.052062 0.039406 0.052734 0.039852
7 9 71.034485 0.052984 0.040135 0.052885 0.040295
7 10 71.149422 0.051587 0.039335 0.051999 0.039826
7 11 71.264366 0.053883 0.040089 0.053136 0.039658
7 12 71.379311 0.053046 0.040642 0.051673 0.039449
7 13 71.494255 0.052730 0.040368 0.052006 0.039362
7 14 71.609192 0.053789 0.040510 0.052830 0.039693
7 15 71.724136 0.052232 0.039864 0.051637 0.038938
7 16 71.839081 0.052308 0.040045 0.051977 0.039647
7 17 71.954025 0.052190 0.039823 0.052117 0.040016
7 18 72.068962 0.052531 0.040100 0.051978 0.039784
7 19 72.183907 0.053349 0.039711 0.053893 0.040180
7 20 72.298851 0.052234 0.039644 0.052248 0.039624
7 21 72.413795 0.053980 0.040911 0.052290 0.039707
7 22 72.528732 0.053361 0.040593 0.052867 0.040399
7 23 72.643677 0.052071 0.039966 0.053001 0.040584
7 24 72.758621 0.051942 0.039407 0.052665 0.040400
7 25 72.873566 0.052484 0.040018 0.052809 0.040111
7 26 72.988503 0.052089 0.039428 0.051687 0.039389
7 27 73.103447 0.052549 0.039223 0.053837 0.040594
7 28 73.218391 0.053052 0.040296 0.053385 0.040833
7 29 73.333336 0.052173 0.039596 0.052191 0.039583
7 30 73.448273 0.053410 0.040371 0.052657 0.040005
7 31 73.563217 0.052633 0.040400 0.053235 0.040468
7 32 73.678162 0.053316 0.040456 0.053112 0.040105
7 33 73.793106 0.051662 0.039187 0.050777 0.038835
7 34 73.908043 0.053285 0.040536 0.053103 0.040288
7 35 74.022987 0.053757 0.040784 0.052434 0.039638
7 36 74.137932 0.051766 0.039607 0.052294 0.039683
7 37 74.252876 0.053112 0.040020 0.052879 0.039861
7 38 74.367813 0.053005 0.040463 0.051174 0.039062
7 39 74.482758 0.051868 0.039295 0.053135 0.040674
7 40 74.597702 0.051932 0.039515 0.053734 0.040944
7 41 74.712646 0.051777 0.039838 0.052591 0.040064
7 42 74.827583 0.052493 0.040121 0.051710 0.039393
7 43 74.942528 0.053302 0.040369 0.052940 0.040088
7 44 75.057472 0.052456 0.039625 0.053768 0.040465
7 45 75.172417 0.052783 0.039594 0.052757 0.039578
7 46 75.287354 0.051584 0.039662 0.052499 0.040364
7 47 75.402298 0.051355 0.039688 0.052373 0.040215
7 48 75.517242 0.053189 0.040515 0.053463 0.040443
7 49 75.632187 0.052651 0.039871 0.051844 0.039557
7 50 75.747124 0.051394 0.039677 0.051849 0.039933
7 51 75.862068 0.053109 0.040556 0.051867 0.039403
7 52 75.977013 0.052377 0.039937 0.052508 0.039978
7 53 76.091957 0.053720 0.040587 0.052477 0.039171
7 54 76.206894 0.051101 0.039436 0.051556 0.039278
7 55 76.321838 0.052314 0.039976 0.052648 0.040223
7 56 76.436783 0.053072 0.040329 0.051827 0.039761
7 57 76.551727 0.052272 0.039755 0.052562 0.040514
7 58 76.666664 0.051827 0.039587 0.052006 0.039793
7 59 76.781609 0.052141 0.039787 0.052921 0.040580
7 60 76.896553 0.052726 0.040235 0.052208 0.039954
7 61 77.011497 0.052071 0.039575 0.052114 0.039945
7 62 77.126434 0.052041 0.039649 0.051685 0.039494
7 63 77.241379 0.053154 0.040055 0.052858 0.039844
7 64 77.356323 0.052077 0.039421 0.051940 0.039351
7 65 77.471268 0.051839 0.039092 0.052611 0.039529
7 66 77.586205 0.051936 0.039888 0.051603 0.039663
7 67 77.701149 0.053080 0.040312 0.053339 0.040788
7 68 77.816093 0.052565 0.039768 0.053285 0.040473
7 69 77.931038 0.051466 0.039274 0.052975 0.040155
7 70 78.045975 0.052133 0.039774 0.052441 0.040125
7 71 78.160919 0.052054 0.039360 0.053429 0.040489
7 72 78.275864 0.052055 0.039541 0.052438 0.039904
7 73 78.390808 0.053152 0.040505 0.052741 0.040195
7 74 78.505745 0.052415 0.039929 0.052196 0.040026
7 75 78.620689 0.051202 0.038699 0.051726 0.039068
7 76 78.735634 0.052996 0.039895 0.053288 0.040166
7 77 78.850578 0.051886 0.039617 0.051313 0.039286
7 78 78.965515 0.053309 0.040659 0.053252 0.040257
7 79 79.080460 0.052800 0.040150 0.052737 0.039929
7 80 79.195404 0.053672 0.040208 0.052642 0.040133
7 81 79.310349 0.052720 0.040009 0.052905 0.040257
7 82 79.425285 0.054065 0.040343 0.053969 0.040420
7 83 79.540230 0.050913 0.039163 0.051685 0.039078
7 84 79.655174 0.052490 0.039718 0.054256 0.040720
7 85 79.770119 0.051463 0.039599 0.051519 0.039470
7 86 79.885056 0.052100 0.040025 0.051781 0.039420
8 0 80.000000 0.051307 0.039321 0.053030 0.040351
8 1 80.114944 0.052025 0.039779 0.054230 0.041602
8 2 80.229881 0.051913 0.039653 0.052035 0.039448
8 3 80.344826 0.053481 0.040635 0.053188 0.040496
8 4 80.459770 0.053574 0.040819 0.051771 0.039253
8 5 80.574715 0.052438 0.039826 0.052029 0.039575
8 6 80.689651 0.052799 0.040120 0.052772 0.040209
8 7 80.804596 0.053528 0.040314 0.053026 0.040681
8 8 80.919540 0.051041 0.039035 0.052624 0.040489
8 9 81.034485 0.053311 0.040473 0.052755 0.040067
8 10 81.149422 0.053691 0.040513 0.054597 0.041419
8 11 81.264366 0.053075 0.040266 0.052349 0.040298
8 12 81.379311 0.051878 0.039633 0.052529 0.040313
8 13 81.494255 0.053472 0.040465 0.052380 0.039623
8 14 81.609192 0.052123 0.039843 0.052756 0.040207
8 15 81.724136 0.051223 0.039174 0.052099 0.040056
8 16 81.839081 0.052612 0.040229 0.052160 0.040106
8 17 81.954025 0.051824 0.039366 0.052269 0.040040
8 18 82.068962 0.052554 0.040254 0.052445 0.040144
8 19 82.183907 0.052349 0.040230 0.051967 0.039910
8 20 82.298851 0.052566 0.040032 0.053348 0.040561
8 21 82.413795 0.051403 0.039037 0.052266 0.039721
8 22 82.528732 0.052366 0.039781 0.051214 0.039127
8 23 82.643677 0.052298 0.039885 0.052139 0.039789
8 24 82.758621 0.051275 0.039127 0.052128 0.039931
8 25 82.873566 0.052085 0.039487 0.052841 0.039953
8 26 82.988503 0.050622 0.038962 0.052629 0.039819
8 27 83.103447 0.052541 0.039791 0.052055 0.039648
8 28 83.218391 0.053564 0.040558 0.053489 0.040632
8 29 83.333336 0.052237 0.040052 0.052659 0.040283
8 30 83.448273 0.050859 0.039189 0.051818 0.039647
8 31 83.563217 0.051251 0.039381 0.051444 0.039518
8 32 83.678162 0.052656 0.040486 0.052520 0.039733
8 33 83.793106 0.051948 0.039841 0.051950 0.039792
8 34 83.908043 0.052317 0.039812 0.054358 0.040865
8 35 84.022987 0.051600 0.039602 0.052664 0.040299
8 36 84.137932 0.052038 0.039716 0.052712 0.040226
8 37 84.252876 0.052738 0.040013 0.052659 0.039919
8 38 84.367813 0.051492 0.039668 0.052278 0.040290
8 39 84.482758 0.052053 0.039794 0.052310 0.040120
8 40 84.597702 0.052029 0.039894 0.052094 0.039816
8 41 84.712646 0.051931 0.039809 0.052229 0.039781
8 42 84.827583 0.052931 0.040632 0.053152 0.040165
8 43 84.942528 0.051906 0.039256 0.051409 0.039314
8 44 85.057472 0.050891 0.039040 0.051845 0.039854
8 45 85.172417 0.052406 0.040160 0.052080 0.039674
8 46 85.287354 0.052749 0.040473 0.051364 0.039226
8 47 85.402298 0.051184 0.039326 0.051945 0.039835
8 48 85.517242 0.052207 0.040080 0.051872 0.039429
8 49 85.632187 0.052040 0.039511 0.052937 0.040628
8 50 85.747124 0.051593 0.039283 0.052312 0.040025
8 51 85.862068 0.052112 0.039012 0.052968 0.039254
8 52 85.977013 0.052957 0.040237 0.053356 0.040056
8 53 86.091957 0.053357 0.040656 0.052155 0.040046
8 54 86.206894 0.052091 0.040011 0.052536 0.040200
8 55 86.321838 0.052017 0.039979 0.052045 0.040154
8 56 86.436783 0.052670 0.040044 0.052586 0.040150
8 57 86.551727 0.052042 0.039958 0.052801 0.040233
8 58 86.666664 0.051258 0.039546 0.051484 0.039813
8 59 86.781609 0.052659 0.040159 0.052045 0.039573
8 60 86.896553 0.052501 0.040107 0.052226 0.039621
8 61 87.011497 0.053087 0.040599 0.051156 0.039194
8 62 87.126434 0.052375 0.040266 0.051771 0.039364
8 63 87.241379 0.052285 0.039836 0.052457 0.040170
8 64 87.356323 0.052660 0.040037 0.051848 0.039706
8 65 87.471268 0.051363 0.039099 0.051479 0.039631
8 66 87.586205 0.053536 0.040673 0.052702 0.039874
8 67 87.701149 0.053264 0.040093 0.053923 0.040612
8 68 87.816093 0.052593 0.040169 0.052850 0.039977
8 69 87.931038 0.052754 0.040023 0.052765 0.039825
8 70 88.045975 0.051511 0.039478 0.052624 0.040541
8 71 88.160919 0.051665 0.039606 0.051579 0.039576
8 72 88.275864 0.052636 0.039763 0.052135 0.039728
8 73 88.390808 0.051137 0.039582 0.051209 0.039463
8 74 88.505745 0.052571 0.039812 0.051667 0.039547
8 75 88.620689 0.053041 0.039738 0.052970 0.040301
8 76 88.735634 0.052740 0.040148 0.051886 0.039643
8 77 88.850578 0.051590 0.039384 0.052478 0.040073
8 78 88.965515 0.051292 0.039407 0.052395 0.039794
8 79 89.080460 0.052090 0.040400 0.051726 0.039820
8 80 89.195404 0.050477 0.038849 0.051143 0.039489
8 81 89.310349 0.051809 0.040427 0.051565 0.039640
8 82 89.425285 0.051191 0.039466 0.050790 0.038566
8 83 89.540230 0.051109 0.039142 0.053266 0.040425
8 84 89.655174 0.051442 0.039055 0.052327 0.039619
8 85 89.770119 0.052113 0.040001 0.050636 0.038810
8 86 89.885056 0.052312 0.040029 0.051596 0.039710
9 0 90.000000 0.053230 0.040254 0.052502 0.039879
9 1 90.114944 0.051669 0.039834 0.050873 0.039135
9 2 90.229881 0.051594 0.039975 0.051006 0.038911
9 3 90.344826 0.052795 0.040452 0.051794 0.039747
9 4 90.459770 0.051565 0.039324 0.051805 0.039050
9 5 90.574715 0.052661 0.040408 0.051446 0.039320
9 6 90.689651 0.052795 0.039845 0.053765 0.040105
9 7 90.804596 0.051812 0.039609 0.053011 0.040382
9 8 90.919540 0.052386 0.040244 0.050962 0.039007
9 9 91.034485 0.050679 0.039101 0.052202 0.039730
9 10 91.149422 0.051736 0.039469 0.052630 0.039830
9 11 91.264366 0.052505 0.040643 0.052999 0.040583
9 12 91.379311 0.051586 0.039909 0.051926 0.040273
9 13 91.494255 0.052497 0.039633 0.052303 0.039400
9 14 91.609192 0.053324 0.040366 0.052118 0.039807
9 15 91.724136 0.052106 0.039805 0.052376 0.039654
9 16 91.839081 0.051413 0.039109 0.051911 0.040008
9 17 91.954025 0.052988 0.040244 0.051971 0.039535
9 18 92.068962 0.052746 0.040206 0.051471 0.039724
9 19 92.183907 0.051580 0.039954 0.052196 0.039822
9 20 92.298851 0.052238 0.039624 0.051956 0.039245
9 21 92.413795 0.052348 0.039698 0.052912 0.040368
9 22 92.528732 0.052165 0.039879 0.051545 0.039640
9 23 92.643677 0.052496 0.039736 0.053062 0.040189
9 24 92.758621 0.052224 0.039648 0.052537 0.040035
9 25 92.873566 0.052253 0.040224 0.051943 0.039585
9 26 92.988503 0.052222 0.039751 0.052162 0.039176
9 27 93.103447 0.052127 0.039739 0.053067 0.040344
9 28 93.218391 0.051923 0.039746 0.052322 0.039951
9 29 93.333336 0.051040 0.039271 0.051610 0.039423
9 30 93.448273 0.051689 0.039333 0.051573 0.039766
9 31 93.563217 0.051901 0.039622 0.051272 0.039293
9 32 93.678162 0.052443 0.039747 0.051450 0.039340
9 33 93.793106 0.052989 0.040596 0.052426 0.040065
9 34 93.908043 0.052015 0.039487 0.052953 0.039736
9 35 94.022987 0.051364 0.039136 0.051132 0.039044
9 36 94.137932 0.051427 0.039248 0.052447 0.040219
9 37 94.252876 0.052196 0.039614 0.051894 0.039546
9 38 94.367813 0.050640 0.038892 0.051814 0.039739
9 39 94.482758 0.051035 0.039242 0.050913 0.039421
9 40 94.597702 0.050594 0.038748 0.051552 0.039668
9 41 94.712646 0.051765 0.039271 0.053100 0.040281
9 42 94.827583 0.052175 0.040135 0.053742 0.040836
9 43 94.942528 0.051349 0.038926 0.051827 0.039687
9 44 95.057472 0.050462 0.038910 0.052209 0.039703
9 45 95.172417 0.052831 0.040474 0.051420 0.039469
9 46 95.287354 0.050898 0.039073 0.052227 0.040026
9 47 95.402298 0.052319 0.039857 0.052527 0.040100
9 48 95.517242 0.051346 0.039088 0.052611 0.040848
9 49 95.632187 0.052499 0.040131 0.052168 0.039728
9 50 95.747124 0.052525 0.040293 0.050447 0.039364
9 51 95.862068 0.051346 0.039344 0.052104 0.040340
9 52 95.977013 0.052092 0.039378 0.051892 0.038878
9 53 96.091957 0.051529 0.039258 0.050930 0.039684
9 54 96.206894 0.051733 0.040405 0.051757 0.039649
9 55 96.321838 0.051638 0.039610 0.052186 0.039897
9 56 96.436783 0.052389 0.039983 0.050889 0.038891
9 57 96.551727 0.051000 0.039044 0.052530 0.040013
9 58 96.666664 0.052143 0.039721 0.052898 0.040233
9 59 96.781609 0.051140 0.039560 0.051587 0.040293
9 60 96.896553 0.050221 0.039150 0.051580 0.039819
9 61 97.011497 0.050927 0.039374 0.051981 0.039736
9 62 97.126434 0.052162 0.039690 0.052731 0.039917
9 63 97.241379 0.052968 0.040470 0.052746 0.040039
9 64 97.356323 0.053329 0.040342 0.053035 0.040547
9 65 97.471268 0.051566 0.039825 0.050516 0.039215
9 66 97.586205 0.052306 0.040002 0.052159 0.039954
9 67 97.701149 0.052526 0.039794 0.052033 0.039995
9 68 97.816093 0.051126 0.039089 0.052159 0.039550
9 69 97.931038 0.053314 0.039998 0.053438 0.040259
9 70 98.045975 0.051616 0.039277 0.051401 0.039383
9 71 98.160919 0.051462 0.039547 0.051797 0.040007
9 72 98.275864 0.050781 0.039014 0.051520 0.039619
9 73 98.390808 0.051743 0.039726 0.051723 0.040129
9 74 98.505745 0.050551 0.038979 0.051596 0.039528
9 75 98.620689 0.052311 0.039761 0.051991 0.039585
9 76 98.735634 0.052656 0.039999 0.053780 0.041064
9 77 98.850578 0.052095 0.039880 0.052643 0.039797
9 78 98.965515 0.052977 0.039867 0.052316 0.039869
9 79 99.080460 0.052259 0.039831 0.052748 0.039984
9 80 99.195404 0.051251 0.039494 0.050790 0.039075
9 81 99.310349 0.052858 0.040198 0.051772 0.039408
9 82 99.425285 0.051172 0.039149 0.051624 0.038992
9 83 99.540230 0.052478 0.039851 0.052275 0.039334
9 84 99.655174 0.052201 0.039595 0.051876 0.039765
9 85 99.770119 0.052340 0.039980 0.053041 0.040283
9 86 99.885056 0.051215 0.039438 0.051979 0.039610
