0 -0.140824 1 0.000050
1 -0.138037 4 0.000200
2 -0.135251 0 0.000000
3 -0.132464 1 0.000050
4 -0.129677 0 0.000000
5 -0.126890 3 0.000150
6 -0.124103 2 0.000100
7 -0.121316 4 0.000200
8 -0.118529 1 0.000050
9 -0.115742 0 0.000000
10 -0.112955 1 0.000050
11 -0.110169 1 0.000050
12 -0.107382 2 0.000100
13 -0.104595 0 0.000000
14 -0.101808 0 0.000000
15 -0.099021 1 0.000050
16 -0.096234 0 0.000000
17 -0.093447 1 0.000050
18 -0.090660 0 0.000000
19 -0.087873 0 0.000000
20 -0.085086 1 0.000050
21 -0.082300 0 0.000000
22 -0.079513 1 0.000050
23 -0.076726 1 0.000050
24 -0.073939 0 0.000000
25 -0.071152 2 0.000100
26 -0.068365 2 0.000100
27 -0.065578 1 0.000050
28 -0.062791 4 0.000200
29 -0.060004 5 0.000250
30 -0.057218 3 0.000150
31 -0.054431 11 0.000550
32 -0.051644 12 0.000600
33 -0.048857 22 0.001100
34 -0.046070 33 0.001650
35 -0.043283 51 0.002550
36 -0.040496 72 0.003600
37 -0.037709 75 0.003750
38 -0.034922 121 0.006050
39 -0.032136 187 0.009350
40 -0.029349 255 0.012750
41 -0.026562 451 0.022550
42 -0.023775 685 0.034250
43 -0.020988 1021 0.051050
44 -0.018201 1633 0.081650
45 -0.015414 2605 0.130250
46 -0.012627 3623 0.181150
47 -0.009840 3342 0.167100
48 -0.007053 2194 0.109700
49 -0.004267 1327 0.066350
50 -0.001480 874 0.043700
51 0.001307 474 0.023700
52 0.004094 261 0.013050
53 0.006881 205 0.010250
54 0.009668 153 0.007650
55 0.012455 60 0.003000
56 0.015242 30 0.001500
57 0.018029 42 0.002100
58 0.020815 20 0.001000
59 0.023602 21 0.001050
60 0.026389 15 0.000750
61 0.029176 19 0.000950
62 0.031963 8 0.000400
63 0.034750 3 0.000150
64 0.037537 9 0.000450
65 0.040324 2 0.000100
66 0.043111 3 0.000150
67 0.045897 2 0.000100
68 0.048684 4 0.000200
69 0.051471 1 0.000050
70 0.054258 2 0.000100
71 0.057045 3 0.000150
72 0.059832 2 0.000100
73 0.062619 0 0.000000
74 0.065406 0 0.000000
75 0.068193 1 0.000050
76 0.070980 0 0.000000
77 0.073766 1 0.000050
78 0.076553 1 0.000050
79 0.079340 2 0.000100
80 0.082127 0 0.000000
81 0.084914 0 0.000000
82 0.087701 1 0.000050
83 0.090488 1 0.000050
84 0.093275 0 0.000000
85 0.096062 0 0.000000
86 0.098848 1 0.000050
87 0.101635 1 0.000050
88 0.104422 3 0.000150
89 0.107209 0 0.000000
90 0.109996 1 0.000050
91 0.112783 0 0.000000
92 0.115570 0 0.000000
93 0.118357 2 0.000100
94 0.121144 1 0.000050
95 0.123930 1 0.000050
96 0.126717 2 0.000100
97 0.129504 3 0.000150
98 0.132291 2 0.000100
99 0.135078 1 0.000050
