0 -0.474723 1 0.000050
1 -0.465835 0 0.000000
2 -0.456947 0 0.000000
3 -0.448058 0 0.000000
4 -0.439170 0 0.000000
5 -0.430282 1 0.000050
6 -0.421394 0 0.000000
7 -0.412505 0 0.000000
8 -0.403617 0 0.000000
9 -0.394729 0 0.000000
10 -0.385840 0 0.000000
11 -0.376952 0 0.000000
12 -0.368064 2 0.000100
13 -0.359176 0 0.000000
14 -0.350287 2 0.000100
15 -0.341399 0 0.000000
16 -0.332511 0 0.000000
17 -0.323623 1 0.000050
18 -0.314734 1 0.000050
19 -0.305846 1 0.000050
20 -0.296958 2 0.000100
21 -0.288070 3 0.000150
22 -0.279181 1 0.000050
23 -0.270293 11 0.000550
24 -0.261405 1 0.000050
25 -0.252517 1 0.000050
26 -0.243628 1 0.000050
27 -0.234740 5 0.000250
28 -0.225852 2 0.000100
29 -0.216964 8 0.000400
30 -0.208075 5 0.000250
31 -0.199187 9 0.000450
32 -0.190299 17 0.000850
33 -0.181411 41 0.002050
34 -0.172522 68 0.003400
35 -0.163634 77 0.003850
36 -0.154746 70 0.003500
37 -0.145858 149 0.007450
38 -0.136969 196 0.009800
39 -0.128081 266 0.013300
40 -0.119193 154 0.007700
41 -0.110305 163 0.008150
42 -0.101416 210 0.010500
43 -0.092528 256 0.012800
44 -0.083640 421 0.021050
45 -0.074751 698 0.034900
46 -0.065863 801 0.040050
47 -0.056975 435 0.021750
48 -0.048087 503 0.025150
49 -0.039198 649 0.032450
50 -0.030310 868 0.043400
51 -0.021422 814 0.040700
52 -0.012534 1199 0.059950
53 -0.003645 3586 0.179300
54 0.005243 1094 0.054700
55 0.014131 683 0.034150
56 0.023019 812 0.040600
57 0.031908 1126 0.056300
58 0.040796 609 0.030450
59 0.049684 439 0.021950
60 0.058572 463 0.023150
61 0.067461 603 0.030150
62 0.076349 439 0.021950
63 0.085237 264 0.013200
64 0.094125 220 0.011000
65 0.103014 163 0.008150
66 0.111902 192 0.009600
67 0.120790 259 0.012950
68 0.129678 309 0.015450
69 0.138567 165 0.008250
70 0.147455 101 0.005050
71 0.156343 92 0.004600
72 0.165231 89 0.004450
73 0.174120 78 0.003900
74 0.183008 36 0.001800
75 0.191896 16 0.000800
76 0.200785 13 0.000650
77 0.209673 9 0.000450
78 0.218561 9 0.000450
79 0.227449 1 0.000050
80 0.236338 0 0.000000
81 0.245226 0 0.000000
82 0.254114 0 0.000000
83 0.263002 0 0.000000
84 0.271891 0 0.000000
85 0.280779 0 0.000000
86 0.289667 1 0.000050
87 0.298555 6 0.000300
88 0.307444 3 0.000150
89 0.316332 0 0.000000
90 0.325220 3 0.000150
91 0.334108 0 0.000000
92 0.342997 0 0.000000
93 0.351885 0 0.000000
94 0.360773 0 0.000000
95 0.369661 1 0.000050
96 0.378550 1 0.000050
97 0.387438 0 0.000000
98 0.396326 2 0.000100
99 0.405214 0 0.000000
