0 -0.099150 1 0.000050
1 -0.097224 1 0.000050
2 -0.095298 0 0.000000
3 -0.093372 0 0.000000
4 -0.091446 0 0.000000
5 -0.089520 0 0.000000
6 -0.087594 0 0.000000
7 -0.085668 0 0.000000
8 -0.083742 2 0.000100
9 -0.081816 1 0.000050
10 -0.079890 0 0.000000
11 -0.077964 0 0.000000
12 -0.076038 2 0.000100
13 -0.074112 0 0.000000
14 -0.072186 0 0.000000
15 -0.070260 0 0.000000
16 -0.068334 1 0.000050
17 -0.066408 0 0.000000
18 -0.064482 1 0.000050
19 -0.062556 2 0.000100
20 -0.060630 3 0.000150
21 -0.058704 4 0.000200
22 -0.056778 4 0.000200
23 -0.054852 9 0.000450
24 -0.052926 5 0.000250
25 -0.051000 11 0.000550
26 -0.049074 11 0.000550
27 -0.047149 19 0.000950
28 -0.045223 21 0.001050
29 -0.043297 18 0.000900
30 -0.041371 31 0.001550
31 -0.039445 35 0.001750
32 -0.037519 31 0.001550
33 -0.035593 24 0.001200
34 -0.033667 40 0.002000
35 -0.031741 61 0.003050
36 -0.029815 108 0.005400
37 -0.027889 109 0.005450
38 -0.025963 114 0.005700
39 -0.024037 168 0.008400
40 -0.022111 226 0.011300
41 -0.020185 292 0.014600
42 -0.018259 421 0.021050
43 -0.016333 601 0.030050
44 -0.014407 851 0.042550
45 -0.012481 1642 0.082100
46 -0.010555 2546 0.127300
47 -0.008629 3490 0.174500
48 -0.006703 3158 0.157900
49 -0.004777 2028 0.101400
50 -0.002851 1290 0.064500
51 -0.000925 694 0.034700
52 0.001001 474 0.023700
53 0.002927 347 0.017350
54 0.004853 254 0.012700
55 0.006778 205 0.010250
56 0.008704 114 0.005700
57 0.010630 83 0.004150
58 0.012556 63 0.003150
59 0.014482 52 0.002600
60 0.016408 30 0.001500
61 0.018334 59 0.002950
62 0.020260 25 0.001250
63 0.022186 28 0.001400
64 0.024112 13 0.000650
65 0.026038 18 0.000900
66 0.027964 16 0.000800
67 0.029890 17 0.000850
68 0.031816 14 0.000700
69 0.033742 12 0.000600
70 0.035668 17 0.000850
71 0.037594 6 0.000300
72 0.039520 7 0.000350
73 0.041446 10 0.000500
74 0.043372 13 0.000650
75 0.045298 6 0.000300
76 0.047224 7 0.000350
77 0.049150 7 0.000350
78 0.051076 1 0.000050
79 0.053002 7 0.000350
80 0.054928 4 0.000200
81 0.056854 0 0.000000
82 0.058780 0 0.000000
83 0.060705 1 0.000050
84 0.062631 2 0.000100
85 0.064557 0 0.000000
86 0.066483 0 0.000000
87 0.068409 6 0.000300
88 0.070335 0 0.000000
89 0.072261 1 0.000050
90 0.074187 2 0.000100
91 0.076113 2 0.000100
92 0.078039 0 0.000000
93 0.079965 0 0.000000
94 0.081891 0 0.000000
95 0.083817 0 0.000000
96 0.085743 0 0.000000
97 0.087669 0 0.000000
98 0.089595 0 0.000000
99 0.091521 1 0.000050
