0 -0.474723 1 0.000017
1 -0.465835 0 0.000000
2 -0.456947 0 0.000000
3 -0.448058 0 0.000000
4 -0.439170 0 0.000000
5 -0.430282 1 0.000017
6 -0.421394 0 0.000000
7 -0.412505 0 0.000000
8 -0.403617 0 0.000000
9 -0.394729 0 0.000000
10 -0.385840 0 0.000000
11 -0.376952 0 0.000000
12 -0.368064 2 0.000033
13 -0.359176 0 0.000000
14 -0.350287 2 0.000033
15 -0.341399 0 0.000000
16 -0.332511 0 0.000000
17 -0.323623 1 0.000017
18 -0.314734 1 0.000017
19 -0.305846 1 0.000017
20 -0.296958 2 0.000033
21 -0.288070 3 0.000050
22 -0.279181 1 0.000017
23 -0.270293 11 0.000183
24 -0.261405 1 0.000017
25 -0.252517 1 0.000017
26 -0.243628 1 0.000017
27 -0.234740 5 0.000083
28 -0.225852 2 0.000033
29 -0.216964 8 0.000133
30 -0.208075 5 0.000083
31 -0.199187 9 0.000150
32 -0.190299 17 0.000283
33 -0.181411 41 0.000683
34 -0.172522 68 0.001133
35 -0.163634 77 0.001283
36 -0.154746 70 0.001167
37 -0.145858 150 0.002500
38 -0.136969 201 0.003350
39 -0.128081 274 0.004567
40 -0.119193 157 0.002617
41 -0.110305 166 0.002767
42 -0.101416 213 0.003550
43 -0.092528 257 0.004283
44 -0.083640 428 0.007133
45 -0.074751 704 0.011733
46 -0.065863 819 0.013650
47 -0.056975 501 0.008350
48 -0.048087 743 0.012383
49 -0.039198 1154 0.019233
50 -0.030310 2806 0.046767
51 -0.021422 8586 0.143100
52 -0.012534 22736 0.378933
53 -0.003645 9650 0.160833
54 0.005243 2298 0.038300
55 0.014131 970 0.016167
56 0.023019 955 0.015917
57 0.031908 1200 0.020000
58 0.040796 658 0.010967
59 0.049684 461 0.007683
60 0.058572 470 0.007833
61 0.067461 615 0.010250
62 0.076349 443 0.007383
63 0.085237 267 0.004450
64 0.094125 222 0.003700
65 0.103014 167 0.002783
66 0.111902 194 0.003233
67 0.120790 264 0.004400
68 0.129678 314 0.005233
69 0.138567 165 0.002750
70 0.147455 101 0.001683
71 0.156343 92 0.001533
72 0.165231 89 0.001483
73 0.174120 78 0.001300
74 0.183008 36 0.000600
75 0.191896 16 0.000267
76 0.200785 13 0.000217
77 0.209673 9 0.000150
78 0.218561 9 0.000150
79 0.227449 1 0.000017
80 0.236338 0 0.000000
81 0.245226 0 0.000000
82 0.254114 0 0.000000
83 0.263002 0 0.000000
84 0.271891 0 0.000000
85 0.280779 0 0.000000
86 0.289667 1 0.000017
87 0.298555 6 0.000100
88 0.307444 3 0.000050
89 0.316332 0 0.000000
90 0.325220 3 0.000050
91 0.334108 0 0.000000
92 0.342997 0 0.000000
93 0.351885 0 0.000000
94 0.360773 0 0.000000
95 0.369661 1 0.000017
96 0.378550 1 0.000017
97 0.387438 0 0.000000
98 0.396326 2 0.000033
99 0.405214 0 0.000000
