0 0.000000 51622 0.860367
1 0.002276 2536 0.042267
2 0.004553 1918 0.031967
3 0.006829 739 0.012317
4 0.009106 527 0.008783
5 0.011382 339 0.005650
6 0.013658 540 0.009000
7 0.015935 503 0.008383
8 0.018211 374 0.006233
9 0.020487 202 0.003367
10 0.022764 128 0.002133
11 0.025040 136 0.002267
12 0.027317 123 0.002050
13 0.029593 96 0.001600
14 0.031869 61 0.001017
15 0.034146 31 0.000517
16 0.036422 21 0.000350
17 0.038699 9 0.000150
18 0.040975 13 0.000217
19 0.043251 8 0.000133
20 0.045528 12 0.000200
21 0.047804 10 0.000167
22 0.050080 0 0.000000
23 0.052357 5 0.000083
24 0.054633 1 0.000017
25 0.056910 1 0.000017
26 0.059186 0 0.000000
27 0.061462 1 0.000017
28 0.063739 1 0.000017
29 0.066015 0 0.000000
30 0.068292 4 0.000067
31 0.070568 7 0.000117
32 0.072844 0 0.000000
33 0.075121 1 0.000017
34 0.077397 0 0.000000
35 0.079673 2 0.000033
36 0.081950 1 0.000017
37 0.084226 3 0.000050
38 0.086503 0 0.000000
39 0.088779 0 0.000000
40 0.091055 6 0.000100
41 0.093332 2 0.000033
42 0.095608 1 0.000017
43 0.097885 2 0.000033
44 0.100161 1 0.000017
45 0.102437 0 0.000000
46 0.104714 0 0.000000
47 0.106990 2 0.000033
48 0.109266 1 0.000017
49 0.111543 0 0.000000
50 0.113819 0 0.000000
51 0.116096 0 0.000000
52 0.118372 2 0.000033
53 0.120648 0 0.000000
54 0.122925 0 0.000000
55 0.125201 0 0.000000
56 0.127477 1 0.000017
57 0.129754 0 0.000000
58 0.132030 1 0.000017
59 0.134307 0 0.000000
60 0.136583 1 0.000017
61 0.138859 0 0.000000
62 0.141136 0 0.000000
63 0.143412 1 0.000017
64 0.145689 0 0.000000
65 0.147965 0 0.000000
66 0.150241 0 0.000000
67 0.152518 0 0.000000
68 0.154794 0 0.000000
69 0.157070 0 0.000000
70 0.159347 1 0.000017
71 0.161623 0 0.000000
72 0.163900 1 0.000017
73 0.166176 0 0.000000
74 0.168452 0 0.000000
75 0.170729 0 0.000000
76 0.173005 0 0.000000
77 0.175282 0 0.000000
78 0.177558 0 0.000000
79 0.179834 0 0.000000
80 0.182111 1 0.000017
81 0.184387 0 0.000000
82 0.186663 0 0.000000
83 0.188940 0 0.000000
84 0.191216 0 0.000000
85 0.193493 0 0.000000
86 0.195769 0 0.000000
87 0.198045 0 0.000000
88 0.200322 0 0.000000
89 0.202598 0 0.000000
90 0.204875 0 0.000000
91 0.207151 0 0.000000
92 0.209427 0 0.000000
93 0.211704 0 0.000000
94 0.213980 0 0.000000
95 0.216256 0 0.000000
96 0.218533 0 0.000000
97 0.220809 0 0.000000
98 0.223086 1 0.000017
99 0.225362 0 0.000000
