0 0.001706 1 0.000050
1 0.010787 0 0.000000
2 0.019868 0 0.000000
3 0.028948 0 0.000000
4 0.038029 0 0.000000
5 0.047109 0 0.000000
6 0.056190 0 0.000000
7 0.065271 0 0.000000
8 0.074351 0 0.000000
9 0.083432 0 0.000000
10 0.092513 1 0.000050
11 0.101593 0 0.000000
12 0.110674 0 0.000000
13 0.119754 1 0.000050
14 0.128835 1 0.000050
15 0.137916 0 0.000000
16 0.146996 0 0.000000
17 0.156077 0 0.000000
18 0.165158 0 0.000000
19 0.174238 0 0.000000
20 0.183319 0 0.000000
21 0.192399 1 0.000050
22 0.201480 4 0.000200
23 0.210561 4 0.000200
24 0.219641 13 0.000650
25 0.228722 0 0.000000
26 0.237803 4 0.000200
27 0.246883 3 0.000150
28 0.255964 0 0.000000
29 0.265044 2 0.000100
30 0.274125 1 0.000050
31 0.283206 3 0.000150
32 0.292286 6 0.000300
33 0.301367 31 0.001550
34 0.310448 32 0.001600
35 0.319528 59 0.002950
36 0.328609 70 0.003500
37 0.337689 56 0.002800
38 0.346770 86 0.004300
39 0.355851 158 0.007900
40 0.364931 206 0.010300
41 0.374012 258 0.012900
42 0.383093 197 0.009850
43 0.392173 176 0.008800
44 0.401254 252 0.012600
45 0.410334 377 0.018850
46 0.419415 660 0.033000
47 0.428496 904 0.045200
48 0.437576 410 0.020500
49 0.446657 419 0.020950
50 0.455738 582 0.029100
51 0.464818 817 0.040850
52 0.473899 671 0.033550
53 0.482980 625 0.031250
54 0.492060 850 0.042500
55 0.501141 4478 0.223900
56 0.510221 753 0.037650
57 0.519302 811 0.040550
58 0.528383 1133 0.056650
59 0.537463 537 0.026850
60 0.546544 467 0.023350
61 0.555624 523 0.026150
62 0.564705 635 0.031750
63 0.573786 489 0.024450
64 0.582866 346 0.017300
65 0.591947 207 0.010350
66 0.601028 273 0.013650
67 0.610108 209 0.010450
68 0.619189 307 0.015350
69 0.628269 322 0.016100
70 0.637350 100 0.005000
71 0.646431 68 0.003400
72 0.655511 113 0.005650
73 0.664592 70 0.003500
74 0.673673 117 0.005850
75 0.682753 33 0.001650
76 0.691834 19 0.000950
77 0.700915 20 0.001000
78 0.709995 11 0.000550
79 0.719076 0 0.000000
80 0.728156 1 0.000050
81 0.737237 0 0.000000
82 0.746318 0 0.000000
83 0.755398 0 0.000000
84 0.764479 0 0.000000
85 0.773560 0 0.000000
86 0.782640 1 0.000050
87 0.791721 4 0.000200
88 0.800801 5 0.000250
89 0.809882 0 0.000000
90 0.818963 0 0.000000
91 0.828043 0 0.000000
92 0.837124 0 0.000000
93 0.846205 0 0.000000
94 0.855285 0 0.000000
95 0.864366 1 0.000050
96 0.873446 2 0.000100
97 0.882527 1 0.000050
98 0.891608 2 0.000100
99 0.900688 1 0.000050
