0 0.016638 4 0.000200
1 0.026569 12 0.000600
2 0.036500 7 0.000350
3 0.046431 4 0.000200
4 0.056361 2 0.000100
5 0.066292 3 0.000150
6 0.076223 4 0.000200
7 0.086154 6 0.000300
8 0.096085 4 0.000200
9 0.106015 6 0.000300
10 0.115946 4 0.000200
11 0.125877 2 0.000100
12 0.135808 3 0.000150
13 0.145739 4 0.000200
14 0.155669 2 0.000100
15 0.165600 7 0.000350
16 0.175531 1 0.000050
17 0.185462 3 0.000150
18 0.195393 2 0.000100
19 0.205323 7 0.000350
20 0.215254 0 0.000000
21 0.225185 1 0.000050
22 0.235116 9 0.000450
23 0.245046 28 0.001400
24 0.254977 24 0.001200
25 0.264908 31 0.001550
26 0.274839 41 0.002050
27 0.284770 23 0.001150
28 0.294700 26 0.001300
29 0.304631 60 0.003000
30 0.314562 108 0.005400
31 0.324493 137 0.006850
32 0.334424 155 0.007750
33 0.344354 89 0.004450
34 0.354285 18 0.000900
35 0.364216 18 0.000900
36 0.374147 28 0.001400
37 0.384078 17 0.000850
38 0.394008 18 0.000900
39 0.403939 19 0.000950
40 0.413870 29 0.001450
41 0.423801 33 0.001650
42 0.433732 22 0.001100
43 0.443662 59 0.002950
44 0.453593 53 0.002650
45 0.463524 57 0.002850
46 0.473455 64 0.003200
47 0.483385 110 0.005500
48 0.493316 132 0.006600
49 0.503247 128 0.006400
50 0.513178 125 0.006250
51 0.523109 159 0.007950
52 0.533039 196 0.009800
53 0.542970 304 0.015200
54 0.552901 409 0.020450
55 0.562832 541 0.027050
56 0.572763 1145 0.057250
57 0.582693 2249 0.112450
58 0.592624 2577 0.128850
59 0.602555 1307 0.065350
60 0.612486 908 0.045400
61 0.622417 706 0.035300
62 0.632347 454 0.022700
63 0.642278 312 0.015600
64 0.652209 307 0.015350
65 0.662140 245 0.012250
66 0.672071 232 0.011600
67 0.682001 172 0.008600
68 0.691932 183 0.009150
69 0.701863 151 0.007550
70 0.711794 173 0.008650
71 0.721725 148 0.007400
72 0.731655 170 0.008500
73 0.741586 170 0.008500
74 0.751517 152 0.007600
75 0.761448 177 0.008850
76 0.771379 182 0.009100
77 0.781309 156 0.007800
78 0.791240 161 0.008050
79 0.801171 171 0.008550
80 0.811102 162 0.008100
81 0.821032 205 0.010250
82 0.830963 227 0.011350
83 0.840894 215 0.010750
84 0.850825 330 0.016500
85 0.860756 440 0.022000
86 0.870686 374 0.018700
87 0.880617 376 0.018800
88 0.890548 276 0.013800
89 0.900479 227 0.011350
90 0.910410 296 0.014800
91 0.920340 326 0.016300
92 0.930271 242 0.012100
93 0.940202 144 0.007200
94 0.950133 64 0.003200
95 0.960064 47 0.002350
96 0.969994 54 0.002700
97 0.979925 23 0.001150
98 0.989856 6 0.000300
99 0.999787 0 0.000000
