0 0.057966 12 0.000600
1 0.067691 7 0.000350
2 0.077415 9 0.000450
3 0.087140 2 0.000100
4 0.096865 4 0.000200
5 0.106590 4 0.000200
6 0.116314 4 0.000200
7 0.126039 3 0.000150
8 0.135764 2 0.000100
9 0.145489 3 0.000150
10 0.155213 8 0.000400
11 0.164938 11 0.000550
12 0.174663 4 0.000200
13 0.184388 3 0.000150
14 0.194113 5 0.000250
15 0.203837 8 0.000400
16 0.213562 5 0.000250
17 0.223287 6 0.000300
18 0.233012 15 0.000750
19 0.242736 20 0.001000
20 0.252461 24 0.001200
21 0.262186 24 0.001200
22 0.271911 32 0.001600
23 0.281635 44 0.002200
24 0.291360 28 0.001400
25 0.301085 34 0.001700
26 0.310810 23 0.001150
27 0.320535 72 0.003600
28 0.330259 284 0.014200
29 0.339984 60 0.003000
30 0.349709 50 0.002500
31 0.359434 13 0.000650
32 0.369158 20 0.001000
33 0.378883 21 0.001050
34 0.388608 31 0.001550
35 0.398333 9 0.000450
36 0.408057 21 0.001050
37 0.417782 34 0.001700
38 0.427507 19 0.000950
39 0.437232 22 0.001100
40 0.446957 31 0.001550
41 0.456681 35 0.001750
42 0.466406 51 0.002550
43 0.476131 73 0.003650
44 0.485856 89 0.004450
45 0.495580 97 0.004850
46 0.505305 129 0.006450
47 0.515030 131 0.006550
48 0.524755 154 0.007700
49 0.534479 163 0.008150
50 0.544204 208 0.010400
51 0.553929 307 0.015350
52 0.563654 423 0.021150
53 0.573379 649 0.032450
54 0.583103 1254 0.062700
55 0.592828 2225 0.111250
56 0.602553 2179 0.108950
57 0.612278 1404 0.070200
58 0.622002 867 0.043350
59 0.631727 601 0.030050
60 0.641452 542 0.027100
61 0.651177 341 0.017050
62 0.660901 277 0.013850
63 0.670626 238 0.011900
64 0.680351 236 0.011800
65 0.690076 193 0.009650
66 0.699800 165 0.008250
67 0.709525 153 0.007650
68 0.719250 159 0.007950
69 0.728975 173 0.008650
70 0.738700 158 0.007900
71 0.748424 174 0.008700
72 0.758149 161 0.008050
73 0.767874 132 0.006600
74 0.777599 160 0.008000
75 0.787323 197 0.009850
76 0.797048 180 0.009000
77 0.806773 162 0.008100
78 0.816498 148 0.007400
79 0.826222 147 0.007350
80 0.835947 214 0.010700
81 0.845672 211 0.010550
82 0.855397 224 0.011200
83 0.865122 228 0.011400
84 0.874846 399 0.019950
85 0.884571 359 0.017950
86 0.894296 473 0.023650
87 0.904021 229 0.011450
88 0.913745 216 0.010800
89 0.923470 294 0.014700
90 0.933195 373 0.018650
91 0.942920 307 0.015350
92 0.952644 107 0.005350
93 0.962369 82 0.004100
94 0.972094 35 0.001750
95 0.981819 34 0.001700
96 0.991544 28 0.001400
97 1.001268 18 0.000900
98 1.010993 2 0.000100
99 1.020718 1 0.000050
