0 0.045285 3 0.000150
1 0.054745 6 0.000300
2 0.064205 6 0.000300
3 0.073665 15 0.000750
4 0.083125 7 0.000350
5 0.092585 10 0.000500
6 0.102045 7 0.000350
7 0.111505 14 0.000700
8 0.120965 19 0.000950
9 0.130425 14 0.000700
10 0.139885 12 0.000600
11 0.149345 13 0.000650
12 0.158805 12 0.000600
13 0.168265 11 0.000550
14 0.177726 17 0.000850
15 0.187186 20 0.001000
16 0.196646 31 0.001550
17 0.206106 14 0.000700
18 0.215566 39 0.001950
19 0.225026 26 0.001300
20 0.234486 27 0.001350
21 0.243946 36 0.001800
22 0.253406 28 0.001400
23 0.262866 33 0.001650
24 0.272326 50 0.002500
25 0.281786 38 0.001900
26 0.291246 51 0.002550
27 0.300706 75 0.003750
28 0.310166 66 0.003300
29 0.319626 74 0.003700
30 0.329086 89 0.004450
31 0.338546 96 0.004800
32 0.348006 107 0.005350
33 0.357466 95 0.004750
34 0.366926 136 0.006800
35 0.376386 127 0.006350
36 0.385846 166 0.008300
37 0.395307 175 0.008750
38 0.404767 187 0.009350
39 0.414227 239 0.011950
40 0.423687 263 0.013150
41 0.433147 329 0.016450
42 0.442607 377 0.018850
43 0.452067 372 0.018600
44 0.461527 571 0.028550
45 0.470987 812 0.040600
46 0.480447 1139 0.056950
47 0.489907 1785 0.089250
48 0.499367 3076 0.153800
49 0.508827 2407 0.120350
50 0.518287 1442 0.072100
51 0.527747 977 0.048850
52 0.537207 660 0.033000
53 0.546667 502 0.025100
54 0.556127 368 0.018400
55 0.565587 363 0.018150
56 0.575047 281 0.014050
57 0.584507 260 0.013000
58 0.593967 195 0.009750
59 0.603427 160 0.008000
60 0.612888 144 0.007200
61 0.622348 117 0.005850
62 0.631808 125 0.006250
63 0.641268 106 0.005300
64 0.650728 96 0.004800
65 0.660188 81 0.004050
66 0.669648 93 0.004650
67 0.679108 86 0.004300
68 0.688568 56 0.002800
69 0.698028 38 0.001900
70 0.707488 52 0.002600
71 0.716948 37 0.001850
72 0.726408 46 0.002300
73 0.735868 25 0.001250
74 0.745328 26 0.001300
75 0.754788 31 0.001550
76 0.764248 31 0.001550
77 0.773708 22 0.001100
78 0.783168 31 0.001550
79 0.792628 26 0.001300
80 0.802088 18 0.000900
81 0.811548 23 0.001150
82 0.821008 16 0.000800
83 0.830469 10 0.000500
84 0.839929 10 0.000500
85 0.849389 18 0.000900
86 0.858849 20 0.001000
87 0.868309 10 0.000500
88 0.877769 6 0.000300
89 0.887229 6 0.000300
90 0.896689 14 0.000700
91 0.906149 2 0.000100
92 0.915609 10 0.000500
93 0.925069 11 0.000550
94 0.934529 12 0.000600
95 0.943989 6 0.000300
96 0.953449 7 0.000350
97 0.962909 0 0.000000
98 0.972369 2 0.000100
99 0.981829 0 0.000000
