0 0.017721 1 0.000050
1 0.027403 3 0.000150
2 0.037085 5 0.000250
3 0.046767 8 0.000400
4 0.056449 11 0.000550
5 0.066130 9 0.000450
6 0.075812 15 0.000750
7 0.085494 10 0.000500
8 0.095176 14 0.000700
9 0.104858 9 0.000450
10 0.114540 9 0.000450
11 0.124222 6 0.000300
12 0.133903 9 0.000450
13 0.143585 9 0.000450
14 0.153267 16 0.000800
15 0.162949 14 0.000700
16 0.172631 19 0.000950
17 0.182313 21 0.001050
18 0.191994 19 0.000950
19 0.201676 32 0.001600
20 0.211358 35 0.001750
21 0.221040 29 0.001450
22 0.230722 27 0.001350
23 0.240404 29 0.001450
24 0.250085 34 0.001700
25 0.259767 36 0.001800
26 0.269449 43 0.002150
27 0.279131 50 0.002500
28 0.288813 70 0.003500
29 0.298495 59 0.002950
30 0.308177 64 0.003200
31 0.317858 80 0.004000
32 0.327540 77 0.003850
33 0.337222 101 0.005050
34 0.346904 111 0.005550
35 0.356586 134 0.006700
36 0.366268 140 0.007000
37 0.375949 153 0.007650
38 0.385631 163 0.008150
39 0.395313 179 0.008950
40 0.404995 230 0.011500
41 0.414677 272 0.013600
42 0.424359 276 0.013800
43 0.434040 374 0.018700
44 0.443722 427 0.021350
45 0.453404 570 0.028500
46 0.463086 788 0.039400
47 0.472768 1127 0.056350
48 0.482450 1840 0.092000
49 0.492132 3261 0.163050
50 0.501813 2559 0.127950
51 0.511495 1427 0.071350
52 0.521177 864 0.043200
53 0.530859 668 0.033400
54 0.540541 478 0.023900
55 0.550223 369 0.018450
56 0.559904 358 0.017900
57 0.569586 264 0.013200
58 0.579268 266 0.013300
59 0.588950 156 0.007800
60 0.598632 159 0.007950
61 0.608314 160 0.008000
62 0.617995 125 0.006250
63 0.627677 107 0.005350
64 0.637359 116 0.005800
65 0.647041 114 0.005700
66 0.656723 78 0.003900
67 0.666405 70 0.003500
68 0.676086 79 0.003950
69 0.685768 51 0.002550
70 0.695450 49 0.002450
71 0.705132 34 0.001700
72 0.714814 39 0.001950
73 0.724496 32 0.001600
74 0.734177 28 0.001400
75 0.743859 17 0.000850
76 0.753541 30 0.001500
77 0.763223 34 0.001700
78 0.772905 19 0.000950
79 0.782587 24 0.001200
80 0.792269 21 0.001050
81 0.801950 13 0.000650
82 0.811632 26 0.001300
83 0.821314 21 0.001050
84 0.830996 13 0.000650
85 0.840678 18 0.000900
86 0.850360 13 0.000650
87 0.860041 6 0.000300
88 0.869723 5 0.000250
89 0.879405 4 0.000200
90 0.889087 9 0.000450
91 0.898769 8 0.000400
92 0.908451 8 0.000400
93 0.918133 12 0.000600
94 0.927814 12 0.000600
95 0.937496 7 0.000350
96 0.947178 3 0.000150
97 0.956860 5 0.000250
98 0.966542 4 0.000200
99 0.976224 0 0.000000
