0 0.045285 6 0.000100
1 0.055138 13 0.000217
2 0.064991 17 0.000283
3 0.074844 20 0.000333
4 0.084696 12 0.000200
5 0.094549 13 0.000217
6 0.104402 13 0.000217
7 0.114255 25 0.000417
8 0.124108 22 0.000367
9 0.133961 9 0.000150
10 0.143814 19 0.000317
11 0.153666 23 0.000383
12 0.163519 19 0.000317
13 0.173372 23 0.000383
14 0.183225 21 0.000350
15 0.193078 32 0.000533
16 0.202931 24 0.000400
17 0.212784 41 0.000683
18 0.222636 38 0.000633
19 0.232489 39 0.000650
20 0.242342 58 0.000967
21 0.252195 57 0.000950
22 0.262048 55 0.000917
23 0.271901 87 0.001450
24 0.281754 85 0.001417
25 0.291606 84 0.001400
26 0.301459 109 0.001817
27 0.311312 92 0.001533
28 0.321165 175 0.002917
29 0.331018 364 0.006067
30 0.340871 163 0.002717
31 0.350724 156 0.002600
32 0.360576 125 0.002083
33 0.370429 156 0.002600
34 0.380282 167 0.002783
35 0.390135 225 0.003750
36 0.399988 173 0.002883
37 0.409841 255 0.004250
38 0.419694 308 0.005133
39 0.429546 351 0.005850
40 0.439399 407 0.006783
41 0.449252 524 0.008733
42 0.459105 812 0.013533
43 0.468958 1319 0.021983
44 0.478811 2984 0.049733
45 0.488664 7782 0.129700
46 0.498516 11272 0.187867
47 0.508369 4914 0.081900
48 0.518222 2286 0.038100
49 0.528075 1398 0.023300
50 0.537928 959 0.015983
51 0.547781 826 0.013767
52 0.557634 777 0.012950
53 0.567486 861 0.014350
54 0.577339 1135 0.018917
55 0.587192 2037 0.033950
56 0.597045 2525 0.042083
57 0.606898 2063 0.034383
58 0.616751 1250 0.020833
59 0.626604 820 0.013667
60 0.636456 724 0.012067
61 0.646309 558 0.009300
62 0.656162 357 0.005950
63 0.666015 357 0.005950
64 0.675868 325 0.005417
65 0.685721 288 0.004800
66 0.695574 227 0.003783
67 0.705426 205 0.003417
68 0.715279 195 0.003250
69 0.725132 213 0.003550
70 0.734985 196 0.003267
71 0.744838 200 0.003333
72 0.754691 208 0.003467
73 0.764544 177 0.002950
74 0.774396 177 0.002950
75 0.784249 237 0.003950
76 0.794102 200 0.003333
77 0.803955 181 0.003017
78 0.813808 178 0.002967
79 0.823661 154 0.002567
80 0.833514 210 0.003500
81 0.843366 212 0.003533
82 0.853219 268 0.004467
83 0.863072 230 0.003833
84 0.872925 376 0.006267
85 0.882778 398 0.006633
86 0.892631 484 0.008067
87 0.902484 269 0.004483
88 0.912336 214 0.003567
89 0.922189 303 0.005050
90 0.932042 401 0.006683
91 0.941895 317 0.005283
92 0.951748 123 0.002050
93 0.961601 90 0.001500
94 0.971454 37 0.000617
95 0.981306 36 0.000600
96 0.991159 28 0.000467
97 1.001012 19 0.000317
98 1.010865 3 0.000050
99 1.020718 0 0.000000
