0 0.001706 1 0.000017
1 0.011788 3 0.000050
2 0.021870 10 0.000167
3 0.031951 12 0.000200
4 0.042033 13 0.000217
5 0.052114 15 0.000250
6 0.062196 11 0.000183
7 0.072278 15 0.000250
8 0.082359 21 0.000350
9 0.092441 17 0.000283
10 0.102523 20 0.000333
11 0.112604 11 0.000183
12 0.122686 13 0.000217
13 0.132767 11 0.000183
14 0.142849 14 0.000233
15 0.152931 18 0.000300
16 0.163012 19 0.000317
17 0.173094 24 0.000400
18 0.183176 22 0.000367
19 0.193257 27 0.000450
20 0.203339 46 0.000767
21 0.213420 47 0.000783
22 0.223502 34 0.000567
23 0.233584 43 0.000717
24 0.243665 63 0.001050
25 0.253747 64 0.001067
26 0.263828 68 0.001133
27 0.273910 86 0.001433
28 0.283992 93 0.001550
29 0.294073 102 0.001700
30 0.304155 151 0.002517
31 0.314237 251 0.004183
32 0.324318 304 0.005067
33 0.334400 310 0.005167
34 0.344481 285 0.004750
35 0.354563 309 0.005150
36 0.364645 421 0.007017
37 0.374726 445 0.007417
38 0.384808 406 0.006767
39 0.394890 414 0.006900
40 0.404971 624 0.010400
41 0.415053 783 0.013050
42 0.425134 1444 0.024067
43 0.435216 931 0.015517
44 0.445298 999 0.016650
45 0.455379 1298 0.021633
46 0.465461 1925 0.032083
47 0.475542 2083 0.034717
48 0.485624 3374 0.056233
49 0.495706 8009 0.133483
50 0.505787 3116 0.051933
51 0.515869 2096 0.034933
52 0.525951 2302 0.038367
53 0.536032 1409 0.023483
54 0.546114 1292 0.021533
55 0.556195 1417 0.023617
56 0.566277 1704 0.028400
57 0.576359 2260 0.037667
58 0.586440 3212 0.053533
59 0.596522 2495 0.041583
60 0.606604 1521 0.025350
61 0.616685 1230 0.020500
62 0.626767 1099 0.018317
63 0.636848 626 0.010433
64 0.646930 520 0.008667
65 0.657012 456 0.007600
66 0.667093 436 0.007267
67 0.677175 346 0.005767
68 0.687256 264 0.004400
69 0.697338 238 0.003967
70 0.707420 212 0.003533
71 0.717501 195 0.003250
72 0.727583 186 0.003100
73 0.737665 235 0.003917
74 0.747746 175 0.002917
75 0.757828 193 0.003217
76 0.767909 224 0.003733
77 0.777991 187 0.003117
78 0.788073 196 0.003267
79 0.798154 193 0.003217
80 0.808236 175 0.002917
81 0.818318 213 0.003550
82 0.828399 252 0.004200
83 0.838481 224 0.003733
84 0.848562 341 0.005683
85 0.858644 424 0.007067
86 0.868726 407 0.006783
87 0.878807 410 0.006833
88 0.888889 279 0.004650
89 0.898970 248 0.004133
90 0.909052 295 0.004917
91 0.919134 345 0.005750
92 0.929215 272 0.004533
93 0.939297 160 0.002667
94 0.949379 71 0.001183
95 0.959460 53 0.000883
96 0.969542 58 0.000967
97 0.979623 23 0.000383
98 0.989705 5 0.000083
99 0.999787 1 0.000017
