initializing
training size    : 359556
testing size     : 20000
epoch count      : 10
sub epoch size   : 5

epoch_learning_rate_decay   : 8
learning_rate_decay         : 0.250000

training



epoch [0 0] from [10 5]
training time per iterations 0.895913[ms]
testing on 20000 items
testing done
average error 0.003121
min error     0.000000
max error     0.233635
saving best net
best net saved to networks/disc16x16x3_no_gaussian_window_size_4/net_4/trained/, with error 0.003121



epoch [0 1] from [10 5]
training time per iterations 0.890114[ms]
testing on 20000 items
testing done
average error 0.002977
min error     0.000000
max error     0.221959
saving best net
best net saved to networks/disc16x16x3_no_gaussian_window_size_4/net_4/trained/, with error 0.002977



epoch [0 2] from [10 5]
training time per iterations 0.882216[ms]
testing on 20000 items
testing done
average error 0.002703
min error     0.000000
max error     0.246156
saving best net
best net saved to networks/disc16x16x3_no_gaussian_window_size_4/net_4/trained/, with error 0.002703



epoch [0 3] from [10 5]
training time per iterations 0.888598[ms]
testing on 20000 items
testing done
average error 0.002676
min error     0.000000
max error     0.231342
saving best net
best net saved to networks/disc16x16x3_no_gaussian_window_size_4/net_4/trained/, with error 0.002676



epoch [0 4] from [10 5]
training time per iterations 0.890949[ms]
testing on 20000 items
testing done
average error 0.002645
min error     0.000000
max error     0.252420
saving best net
best net saved to networks/disc16x16x3_no_gaussian_window_size_4/net_4/trained/, with error 0.002645



epoch [1 0] from [10 5]
training time per iterations 0.896608[ms]
testing on 20000 items
testing done
average error 0.002619
min error     0.000000
max error     0.224799
saving best net
best net saved to networks/disc16x16x3_no_gaussian_window_size_4/net_4/trained/, with error 0.002619



epoch [1 1] from [10 5]
training time per iterations 0.877585[ms]
testing on 20000 items
testing done
average error 0.002554
min error     0.000000
max error     0.254103
saving best net
best net saved to networks/disc16x16x3_no_gaussian_window_size_4/net_4/trained/, with error 0.002554



epoch [1 2] from [10 5]
training time per iterations 0.893883[ms]
testing on 20000 items
testing done
average error 0.002527
min error     0.000000
max error     0.261490
saving best net
best net saved to networks/disc16x16x3_no_gaussian_window_size_4/net_4/trained/, with error 0.002527



epoch [1 3] from [10 5]
training time per iterations 0.880589[ms]
testing on 20000 items
testing done
average error 0.002611
min error     0.000000
max error     0.234178



epoch [1 4] from [10 5]
training time per iterations 0.879406[ms]
testing on 20000 items
testing done
average error 0.002577
min error     0.000000
max error     0.238866



epoch [2 0] from [10 5]
training time per iterations 0.887333[ms]
testing on 20000 items
testing done
average error 0.002431
min error     0.000000
max error     0.240093
saving best net
best net saved to networks/disc16x16x3_no_gaussian_window_size_4/net_4/trained/, with error 0.002431



epoch [2 1] from [10 5]
training time per iterations 0.890949[ms]
testing on 20000 items
testing done
average error 0.002418
min error     0.000000
max error     0.247853
saving best net
best net saved to networks/disc16x16x3_no_gaussian_window_size_4/net_4/trained/, with error 0.002418



epoch [2 2] from [10 5]
training time per iterations 0.885595[ms]
testing on 20000 items
testing done
average error 0.002408
min error     0.000000
max error     0.259742
saving best net
best net saved to networks/disc16x16x3_no_gaussian_window_size_4/net_4/trained/, with error 0.002408



epoch [2 3] from [10 5]
training time per iterations 0.885998[ms]
testing on 20000 items
testing done
average error 0.002500
min error     0.000000
max error     0.236058



epoch [2 4] from [10 5]
training time per iterations 0.891894[ms]
testing on 20000 items
testing done
average error 0.002527
min error     0.000000
max error     0.253231



epoch [3 0] from [10 5]
training time per iterations 0.890698[ms]
testing on 20000 items
testing done
average error 0.002452
min error     0.000000
max error     0.274862



epoch [3 1] from [10 5]
training time per iterations 0.900766[ms]
testing on 20000 items
testing done
average error 0.002485
min error     0.000000
max error     0.228182



epoch [3 2] from [10 5]
training time per iterations 0.897915[ms]
testing on 20000 items
testing done
average error 0.002477
min error     0.000000
max error     0.267593



epoch [3 3] from [10 5]
training time per iterations 0.896219[ms]
testing on 20000 items
testing done
average error 0.002434
min error     0.000000
max error     0.249529



epoch [3 4] from [10 5]
training time per iterations 0.896650[ms]
testing on 20000 items
testing done
average error 0.002469
min error     0.000000
max error     0.290509



epoch [4 0] from [10 5]
training time per iterations 0.894940[ms]
testing on 20000 items
testing done
average error 0.002370
min error     0.000000
max error     0.300500
saving best net
best net saved to networks/disc16x16x3_no_gaussian_window_size_4/net_4/trained/, with error 0.002370



epoch [4 1] from [10 5]
training time per iterations 0.901545[ms]
testing on 20000 items
testing done
average error 0.002349
min error     0.000000
max error     0.286726
saving best net
best net saved to networks/disc16x16x3_no_gaussian_window_size_4/net_4/trained/, with error 0.002349



epoch [4 2] from [10 5]
training time per iterations 0.877682[ms]
testing on 20000 items
testing done
average error 0.002459
min error     0.000000
max error     0.293049



epoch [4 3] from [10 5]
training time per iterations 0.894856[ms]
testing on 20000 items
testing done
average error 0.002362
min error     0.000000
max error     0.254779



epoch [4 4] from [10 5]
training time per iterations 0.885358[ms]
testing on 20000 items
testing done
average error 0.002434
min error     0.000000
max error     0.265630



epoch [5 0] from [10 5]
training time per iterations 0.883634[ms]
testing on 20000 items
testing done
average error 0.002360
min error     0.000000
max error     0.246061



epoch [5 1] from [10 5]
training time per iterations 0.893382[ms]
testing on 20000 items
testing done
average error 0.002419
min error     0.000000
max error     0.271712



epoch [5 2] from [10 5]
training time per iterations 0.894564[ms]
testing on 20000 items
testing done
average error 0.002412
min error     0.000000
max error     0.280398



epoch [5 3] from [10 5]
training time per iterations 0.888918[ms]
testing on 20000 items
testing done
average error 0.002463
min error     0.000000
max error     0.259510



epoch [5 4] from [10 5]
training time per iterations 0.877585[ms]
testing on 20000 items
testing done
average error 0.002356
min error     0.000000
max error     0.265593



epoch [6 0] from [10 5]
training time per iterations 0.889447[ms]
testing on 20000 items
testing done
average error 0.002335
min error     0.000000
max error     0.295916
saving best net
best net saved to networks/disc16x16x3_no_gaussian_window_size_4/net_4/trained/, with error 0.002335



epoch [6 1] from [10 5]
training time per iterations 0.897276[ms]
testing on 20000 items
testing done
average error 0.002419
min error     0.000000
max error     0.275312



epoch [6 2] from [10 5]
training time per iterations 0.881006[ms]
testing on 20000 items
testing done
average error 0.002476
min error     0.000000
max error     0.260140



epoch [6 3] from [10 5]
training time per iterations 0.886332[ms]
testing on 20000 items
testing done
average error 0.002439
min error     0.000000
max error     0.285909



epoch [6 4] from [10 5]
training time per iterations 0.860286[ms]
testing on 20000 items
testing done
average error 0.002322
min error     0.000000
max error     0.249214
saving best net
best net saved to networks/disc16x16x3_no_gaussian_window_size_4/net_4/trained/, with error 0.002322



epoch [7 0] from [10 5]
training time per iterations 0.893257[ms]
testing on 20000 items
testing done
average error 0.002390
min error     0.000000
max error     0.260647



epoch [7 1] from [10 5]
training time per iterations 0.893716[ms]
testing on 20000 items
testing done
average error 0.002567
min error     0.000000
max error     0.300745



epoch [7 2] from [10 5]
training time per iterations 0.892075[ms]
testing on 20000 items
testing done
average error 0.002487
min error     0.000000
max error     0.281562



epoch [7 3] from [10 5]
training time per iterations 0.897318[ms]
testing on 20000 items
testing done
average error 0.002595
min error     0.000000
max error     0.255573



epoch [7 4] from [10 5]
training time per iterations 0.887945[ms]
testing on 20000 items
testing done
average error 0.002361
min error     0.000000
max error     0.270373
setting learning rate to 0.000050



epoch [8 0] from [10 5]
training time per iterations 0.886874[ms]
testing on 20000 items
testing done
average error 0.002343
min error     0.000000
max error     0.271484



epoch [8 1] from [10 5]
training time per iterations 0.883843[ms]
testing on 20000 items
testing done
average error 0.002422
min error     0.000000
max error     0.252079



epoch [8 2] from [10 5]
training time per iterations 0.888849[ms]
testing on 20000 items
testing done
average error 0.002445
min error     0.000000
max error     0.269026



epoch [8 3] from [10 5]
training time per iterations 0.895329[ms]
testing on 20000 items
testing done
average error 0.002421
min error     0.000000
max error     0.266476



epoch [8 4] from [10 5]
training time per iterations 0.895607[ms]
testing on 20000 items
testing done
average error 0.002431
min error     0.000000
max error     0.275858



epoch [9 0] from [10 5]
training time per iterations 0.898402[ms]
testing on 20000 items
testing done
average error 0.002438
min error     0.000000
max error     0.260035



epoch [9 1] from [10 5]
training time per iterations 0.879365[ms]
testing on 20000 items
testing done
average error 0.002384
min error     0.000000
max error     0.273455



epoch [9 2] from [10 5]
training time per iterations 0.876778[ms]
testing on 20000 items
testing done
average error 0.002316
min error     0.000000
max error     0.277476
saving best net
best net saved to networks/disc16x16x3_no_gaussian_window_size_4/net_4/trained/, with error 0.002316



epoch [9 3] from [10 5]
training time per iterations 0.881145[ms]
testing on 20000 items
testing done
average error 0.002408
min error     0.000000
max error     0.276679



epoch [9 4] from [10 5]
training time per iterations 0.896441[ms]
testing on 20000 items
testing done
average error 0.002360
min error     0.000000
max error     0.268720
training done
