0.000000 0 0 0.003121 0.000000 0.233635 0.003131 0.000000 0.229529
0.200000 0 1 0.002977 0.000000 0.221959 0.002972 0.000000 0.203812
0.400000 0 2 0.002703 0.000000 0.246156 0.002691 0.000000 0.245310
0.600000 0 3 0.002676 0.000000 0.231342 0.002652 0.000000 0.253913
0.800000 0 4 0.002645 0.000000 0.252420 0.002616 0.000000 0.251564
1.000000 1 0 0.002619 0.000000 0.224799 0.002609 0.000000 0.220371
1.200000 1 1 0.002554 0.000000 0.254103 0.002561 0.000000 0.252814
1.400000 1 2 0.002527 0.000000 0.261490 0.002514 0.000000 0.258011
1.600000 1 3 0.002611 0.000000 0.234178 0.002603 0.000000 0.227619
1.800000 1 4 0.002577 0.000000 0.238866 0.002619 0.000000 0.259260
2.000000 2 0 0.002431 0.000000 0.240093 0.002455 0.000000 0.238841
2.200000 2 1 0.002418 0.000000 0.247853 0.002432 0.000000 0.225648
2.400000 2 2 0.002408 0.000000 0.259742 0.002378 0.000000 0.249198
2.600000 2 3 0.002500 0.000000 0.236058 0.002510 0.000000 0.240893
2.800000 2 4 0.002527 0.000000 0.253231 0.002550 0.000000 0.256226
3.000000 3 0 0.002452 0.000000 0.274862 0.002529 0.000000 0.271296
3.200000 3 1 0.002485 0.000000 0.228182 0.002452 0.000000 0.238559
3.400000 3 2 0.002477 0.000000 0.267593 0.002462 0.000000 0.265391
3.600000 3 3 0.002434 0.000000 0.249529 0.002429 0.000000 0.241916
3.800000 3 4 0.002469 0.000000 0.290509 0.002472 0.000000 0.287299
4.000000 4 0 0.002370 0.000000 0.300500 0.002372 0.000000 0.293756
4.200000 4 1 0.002349 0.000000 0.286726 0.002357 0.000000 0.286726
4.400000 4 2 0.002459 0.000000 0.293049 0.002452 0.000000 0.285021
4.600000 4 3 0.002362 0.000000 0.254779 0.002341 0.000000 0.254422
4.800000 4 4 0.002434 0.000000 0.265630 0.002390 0.000000 0.257990
5.000000 5 0 0.002360 0.000000 0.246061 0.002382 0.000000 0.245216
5.200000 5 1 0.002419 0.000000 0.271712 0.002489 0.000000 0.270380
5.400000 5 2 0.002412 0.000000 0.280398 0.002452 0.000000 0.280398
5.600000 5 3 0.002463 0.000000 0.259510 0.002478 0.000000 0.253246
5.800000 5 4 0.002356 0.000000 0.265593 0.002378 0.000000 0.262524
6.000000 6 0 0.002335 0.000000 0.295916 0.002357 0.000000 0.287620
6.200000 6 1 0.002419 0.000000 0.275312 0.002432 0.000000 0.272855
6.400000 6 2 0.002476 0.000000 0.260140 0.002491 0.000000 0.254083
6.600000 6 3 0.002439 0.000000 0.285909 0.002532 0.000000 0.285909
6.800000 6 4 0.002322 0.000000 0.249214 0.002315 0.000000 0.247725
7.000000 7 0 0.002390 0.000000 0.260647 0.002326 0.000000 0.240784
7.200000 7 1 0.002567 0.000000 0.300745 0.002592 0.000000 0.300745
7.400000 7 2 0.002487 0.000000 0.281562 0.002487 0.000000 0.278852
7.600000 7 3 0.002595 0.000000 0.255573 0.002591 0.000000 0.250637
7.800000 7 4 0.002361 0.000000 0.270373 0.002308 0.000000 0.259612
8.000000 8 0 0.002343 0.000000 0.271484 0.002421 0.000000 0.270152
8.200000 8 1 0.002422 0.000000 0.252079 0.002448 0.000000 0.251223
8.400000 8 2 0.002445 0.000000 0.269026 0.002492 0.000000 0.264838
8.600000 8 3 0.002421 0.000000 0.266476 0.002484 0.000000 0.264498
8.800000 8 4 0.002431 0.000000 0.275858 0.002492 0.000000 0.274292
9.000000 9 0 0.002438 0.000000 0.260035 0.002388 0.000000 0.256998
9.200000 9 1 0.002384 0.000000 0.273455 0.002431 0.000000 0.273009
9.400000 9 2 0.002316 0.000000 0.277476 0.002395 0.000000 0.266573
9.600000 9 3 0.002408 0.000000 0.276679 0.002434 0.000000 0.273546
9.800000 9 4 0.002360 0.000000 0.268720 0.002367 0.000000 0.268720
