0.000000 0 0 0.001962 0.000000 0.164224 0.002033 0.000000 0.190254
0.200000 0 1 0.001850 0.000000 0.164778 0.001870 0.000000 0.217480
0.400000 0 2 0.001702 0.000000 0.169227 0.001742 0.000000 0.171278
0.600000 0 3 0.001826 0.000000 0.180176 0.001885 0.000000 0.206004
0.800000 0 4 0.001692 0.000000 0.181462 0.001711 0.000000 0.240654
1.000000 1 0 0.001806 0.000000 0.189020 0.001791 0.000000 0.234312
1.200000 1 1 0.001579 0.000000 0.191993 0.001573 0.000000 0.164937
1.400000 1 2 0.001585 0.000000 0.179570 0.001585 0.000000 0.166319
1.600000 1 3 0.001667 0.000000 0.174318 0.001704 0.000000 0.154732
1.800000 1 4 0.001569 0.000000 0.196586 0.001611 0.000000 0.159852
2.000000 2 0 0.001630 0.000000 0.167759 0.001657 0.000000 0.218562
2.200000 2 1 0.001688 0.000000 0.174453 0.001685 0.000000 0.202620
2.400000 2 2 0.001920 0.000000 0.180934 0.001958 0.000000 0.231583
2.600000 2 3 0.001787 0.000000 0.173235 0.001808 0.000000 0.246236
2.800000 2 4 0.001555 0.000000 0.194728 0.001577 0.000000 0.207782
3.000000 3 0 0.001609 0.000000 0.173294 0.001618 0.000000 0.180148
3.200000 3 1 0.001599 0.000000 0.174458 0.001641 0.000000 0.210065
3.400000 3 2 0.001611 0.000000 0.178931 0.001639 0.000000 0.232269
3.600000 3 3 0.001578 0.000000 0.195230 0.001541 0.000000 0.210072
3.800000 3 4 0.001547 0.000000 0.176768 0.001546 0.000000 0.176768
4.000000 4 0 0.001580 0.000000 0.176827 0.001622 0.000000 0.183150
4.200000 4 1 0.001749 0.000000 0.204169 0.001744 0.000000 0.183581
4.400000 4 2 0.001534 0.000000 0.179946 0.001555 0.000000 0.174840
4.600000 4 3 0.001654 0.000000 0.180674 0.001621 0.000000 0.163219
4.800000 4 4 0.001671 0.000000 0.174771 0.001684 0.000000 0.206937
5.000000 5 0 0.001703 0.000000 0.180980 0.001701 0.000000 0.156449
5.200000 5 1 0.001636 0.000000 0.186398 0.001675 0.000000 0.222669
5.400000 5 2 0.001634 0.000000 0.183905 0.001658 0.000000 0.213152
5.600000 5 3 0.001556 0.000000 0.206348 0.001599 0.000000 0.185437
5.800000 5 4 0.001543 0.000000 0.184237 0.001569 0.000000 0.234030
6.000000 6 0 0.001721 0.000000 0.176822 0.001730 0.000000 0.175384
6.200000 6 1 0.001609 0.000000 0.184962 0.001604 0.000000 0.216810
6.400000 6 2 0.001748 0.000000 0.193590 0.001760 0.000000 0.220077
6.600000 6 3 0.001837 0.000000 0.188342 0.001863 0.000000 0.198786
6.800000 6 4 0.001654 0.000000 0.185088 0.001661 0.000000 0.243823
7.000000 7 0 0.001630 0.000000 0.175709 0.001668 0.000000 0.215104
7.200000 7 1 0.001707 0.000000 0.187940 0.001735 0.000000 0.185722
7.400000 7 2 0.001612 0.000000 0.174527 0.001648 0.000000 0.252065
7.600000 7 3 0.001709 0.000000 0.180945 0.001771 0.000000 0.264765
7.800000 7 4 0.001580 0.000000 0.176217 0.001603 0.000000 0.255535
8.000000 8 0 0.001571 0.000000 0.171352 0.001598 0.000000 0.182042
8.200000 8 1 0.001642 0.000000 0.173328 0.001643 0.000000 0.173566
8.400000 8 2 0.001615 0.000000 0.176495 0.001639 0.000000 0.238754
8.600000 8 3 0.001591 0.000000 0.174799 0.001610 0.000000 0.135393
8.800000 8 4 0.001604 0.000000 0.176728 0.001619 0.000000 0.163914
9.000000 9 0 0.001561 0.000000 0.178655 0.001558 0.000000 0.193524
9.200000 9 1 0.001585 0.000000 0.175764 0.001631 0.000000 0.214416
9.400000 9 2 0.001605 0.000000 0.179165 0.001605 0.000000 0.238359
9.600000 9 3 0.001649 0.000000 0.186962 0.001688 0.000000 0.241606
9.800000 9 4 0.001595 0.000000 0.185913 0.001644 0.000000 0.215667
