0 0 0.000000 0.154424 0.101938 0.155264 0.102426
0 1 0.114943 0.098240 0.068781 0.097972 0.068407
0 2 0.229885 0.084361 0.057270 0.085338 0.057616
0 3 0.344828 0.076098 0.051702 0.077520 0.052831
0 4 0.459770 0.076707 0.051500 0.077722 0.052431
0 5 0.574713 0.076138 0.051949 0.076540 0.052351
0 6 0.689655 0.069801 0.047511 0.069706 0.047465
0 7 0.804598 0.068614 0.046797 0.069140 0.047173
0 8 0.919540 0.066014 0.046368 0.065587 0.045989
0 9 1.034483 0.065200 0.045632 0.066352 0.045807
0 10 1.149425 0.067019 0.046240 0.065835 0.045340
0 11 1.264368 0.066044 0.045910 0.065355 0.044995
0 12 1.379310 0.063571 0.044671 0.064012 0.044672
0 13 1.494253 0.064530 0.044957 0.063031 0.044295
0 14 1.609195 0.062774 0.043868 0.064052 0.044906
0 15 1.724138 0.063156 0.044294 0.062992 0.044416
0 16 1.839080 0.066343 0.043972 0.066982 0.044405
0 17 1.954023 0.061269 0.043293 0.061888 0.043805
0 18 2.068965 0.061760 0.043624 0.061961 0.044333
0 19 2.183908 0.061468 0.043172 0.061495 0.043487
0 20 2.298851 0.063542 0.044154 0.062916 0.043918
0 21 2.413793 0.061985 0.042548 0.063412 0.043972
0 22 2.528736 0.060637 0.043112 0.061038 0.043298
0 23 2.643678 0.063119 0.041824 0.064657 0.043301
0 24 2.758621 0.060951 0.043212 0.060770 0.043227
0 25 2.873563 0.060644 0.043192 0.060664 0.042519
0 26 2.988506 0.060643 0.043328 0.058886 0.041783
0 27 3.103448 0.060718 0.042754 0.061076 0.043257
0 28 3.218391 0.061778 0.043256 0.061640 0.043009
0 29 3.333333 0.058902 0.042379 0.058469 0.041892
0 30 3.448276 0.060092 0.042178 0.062477 0.044277
0 31 3.563218 0.059213 0.042502 0.059357 0.042389
0 32 3.678161 0.062466 0.043662 0.063056 0.043859
0 33 3.793103 0.058739 0.042041 0.059085 0.042032
0 34 3.908046 0.061589 0.043270 0.061711 0.043366
0 35 4.022988 0.059094 0.042640 0.058017 0.041889
0 36 4.137931 0.059367 0.041894 0.060469 0.042660
0 37 4.252873 0.060108 0.042568 0.060465 0.042890
0 38 4.367816 0.059507 0.042702 0.058495 0.042242
0 39 4.482759 0.059037 0.041806 0.059228 0.041878
0 40 4.597701 0.058295 0.042146 0.058281 0.041926
0 41 4.712644 0.058694 0.042289 0.057561 0.041857
0 42 4.827586 0.058310 0.042149 0.058337 0.042176
0 43 4.942529 0.058836 0.042278 0.059303 0.042388
0 44 5.057471 0.057607 0.042440 0.056613 0.041391
0 45 5.172414 0.057605 0.041943 0.057729 0.041821
0 46 5.287356 0.060038 0.042823 0.058562 0.041673
0 47 5.402299 0.057087 0.041717 0.056870 0.041647
0 48 5.517241 0.058328 0.041967 0.058195 0.041680
0 49 5.632184 0.056854 0.041966 0.056128 0.040930
0 50 5.747127 0.058743 0.042574 0.057772 0.041967
0 51 5.862069 0.058006 0.041681 0.057312 0.041426
0 52 5.977012 0.059534 0.042020 0.059591 0.041849
0 53 6.091954 0.057682 0.041505 0.056828 0.041059
0 54 6.206897 0.056792 0.041261 0.057196 0.041527
0 55 6.321839 0.057766 0.041556 0.056569 0.040860
0 56 6.436781 0.056558 0.040826 0.056753 0.040990
0 57 6.551724 0.058819 0.042175 0.059982 0.042700
0 58 6.666667 0.056576 0.040932 0.057685 0.042278
0 59 6.781609 0.056936 0.041353 0.055429 0.040354
0 60 6.896552 0.057611 0.041875 0.057579 0.041738
0 61 7.011494 0.056668 0.041587 0.054929 0.040373
0 62 7.126437 0.055895 0.041196 0.057108 0.041684
0 63 7.241379 0.057553 0.041515 0.059022 0.042194
0 64 7.356322 0.057006 0.040767 0.056633 0.040769
0 65 7.471264 0.055778 0.040869 0.055372 0.041277
0 66 7.586207 0.055338 0.040870 0.056023 0.041839
0 67 7.701149 0.056648 0.041318 0.055711 0.040587
0 68 7.816092 0.057392 0.040632 0.056800 0.040312
0 69 7.931035 0.057397 0.042316 0.056719 0.041377
0 70 8.045977 0.055514 0.040989 0.055911 0.041406
0 71 8.160919 0.055401 0.040679 0.056567 0.041515
0 72 8.275862 0.056850 0.041724 0.056866 0.041819
0 73 8.390804 0.055804 0.040703 0.056933 0.041373
0 74 8.505747 0.058082 0.042497 0.057708 0.042203
0 75 8.620689 0.055720 0.040936 0.055724 0.040960
0 76 8.735632 0.056884 0.040871 0.058380 0.042219
0 77 8.850574 0.056218 0.041048 0.056253 0.041210
0 78 8.965517 0.056694 0.040800 0.057548 0.041365
0 79 9.080460 0.057018 0.041366 0.056059 0.040737
0 80 9.195402 0.056113 0.041031 0.057040 0.042172
0 81 9.310345 0.055417 0.040528 0.055316 0.040570
0 82 9.425287 0.055620 0.040687 0.054600 0.040077
0 83 9.540230 0.054308 0.040090 0.054689 0.040421
0 84 9.655172 0.056254 0.040797 0.056406 0.041279
0 85 9.770115 0.054702 0.040859 0.055043 0.041006
0 86 9.885057 0.055946 0.040543 0.056054 0.040913
1 0 10.000000 0.059616 0.040875 0.058639 0.040554
1 1 10.114943 0.055189 0.040492 0.054955 0.039982
1 2 10.229885 0.057264 0.042171 0.054607 0.040227
1 3 10.344828 0.056680 0.041396 0.055182 0.040459
1 4 10.459770 0.056054 0.040369 0.056393 0.040690
1 5 10.574713 0.057002 0.041138 0.056593 0.041271
1 6 10.689655 0.053930 0.039830 0.056352 0.041583
1 7 10.804598 0.054633 0.040777 0.054237 0.040195
1 8 10.919540 0.055917 0.041221 0.054657 0.040280
1 9 11.034483 0.056390 0.041383 0.055171 0.040654
1 10 11.149426 0.056390 0.040425 0.057231 0.041398
1 11 11.264368 0.055223 0.040471 0.056926 0.041805
1 12 11.379311 0.057675 0.041454 0.056833 0.041156
1 13 11.494253 0.056281 0.040665 0.056289 0.040903
1 14 11.609196 0.055283 0.040673 0.054875 0.040507
1 15 11.724138 0.055075 0.040950 0.054972 0.040853
1 16 11.839081 0.054718 0.040782 0.055760 0.041242
1 17 11.954023 0.055284 0.040779 0.055750 0.041315
1 18 12.068966 0.053088 0.039850 0.055152 0.041043
1 19 12.183908 0.055472 0.040842 0.055791 0.041178
1 20 12.298851 0.054289 0.039700 0.054990 0.040632
1 21 12.413794 0.055554 0.040870 0.056072 0.041052
1 22 12.528735 0.055200 0.040512 0.055324 0.040653
1 23 12.643678 0.053753 0.040026 0.054708 0.041009
1 24 12.758620 0.055562 0.041163 0.055357 0.040675
1 25 12.873563 0.054461 0.040645 0.054220 0.040241
1 26 12.988505 0.053696 0.039980 0.055121 0.040693
1 27 13.103448 0.053967 0.040133 0.054148 0.040474
1 28 13.218390 0.054515 0.040662 0.054131 0.040221
1 29 13.333333 0.055293 0.040786 0.053964 0.040253
1 30 13.448276 0.054954 0.040720 0.054385 0.040345
1 31 13.563218 0.055803 0.040505 0.056050 0.040819
1 32 13.678161 0.057077 0.041719 0.057051 0.041500
1 33 13.793103 0.056961 0.041006 0.056515 0.040607
1 34 13.908046 0.055632 0.040775 0.055590 0.040788
1 35 14.022988 0.055097 0.040953 0.054810 0.040748
1 36 14.137931 0.055874 0.040795 0.056790 0.041112
1 37 14.252873 0.055494 0.040535 0.055398 0.040288
1 38 14.367816 0.054429 0.040342 0.053703 0.039932
1 39 14.482759 0.054673 0.040202 0.053632 0.039659
1 40 14.597701 0.057693 0.040770 0.057246 0.040222
1 41 14.712644 0.054740 0.040387 0.054700 0.040470
1 42 14.827586 0.055600 0.041450 0.055817 0.041075
1 43 14.942529 0.054588 0.040289 0.054208 0.040224
1 44 15.057471 0.055443 0.041359 0.053812 0.039977
1 45 15.172414 0.055563 0.040822 0.055549 0.041021
1 46 15.287356 0.054148 0.040159 0.054300 0.040233
1 47 15.402299 0.054054 0.040242 0.054806 0.040693
1 48 15.517241 0.053327 0.039435 0.053965 0.039985
1 49 15.632184 0.054939 0.041024 0.054152 0.040112
1 50 15.747127 0.053901 0.040016 0.053951 0.040472
1 51 15.862069 0.055103 0.040914 0.054283 0.040154
1 52 15.977012 0.053960 0.040573 0.052948 0.039827
1 53 16.091953 0.054315 0.040770 0.052932 0.039858
1 54 16.206896 0.054030 0.040220 0.053823 0.040283
1 55 16.321838 0.053699 0.039868 0.054345 0.040838
1 56 16.436781 0.053566 0.040285 0.053421 0.040185
1 57 16.551723 0.054090 0.039924 0.055171 0.040623
1 58 16.666666 0.053612 0.040342 0.053224 0.039598
1 59 16.781609 0.053673 0.040185 0.053639 0.039702
1 60 16.896551 0.054097 0.040443 0.053796 0.039966
1 61 17.011494 0.054622 0.040424 0.054279 0.040449
1 62 17.126436 0.054285 0.040437 0.055272 0.040923
1 63 17.241379 0.056267 0.041453 0.056705 0.041064
1 64 17.356321 0.053048 0.039791 0.054563 0.040819
1 65 17.471264 0.053690 0.039775 0.054146 0.040282
1 66 17.586206 0.054683 0.040634 0.054986 0.040521
1 67 17.701149 0.053589 0.040221 0.053482 0.039918
1 68 17.816092 0.053215 0.040126 0.053285 0.039952
1 69 17.931034 0.053970 0.039817 0.056081 0.041406
1 70 18.045977 0.053085 0.040079 0.053265 0.039964
1 71 18.160919 0.052863 0.040093 0.053178 0.039716
1 72 18.275862 0.054617 0.040415 0.054112 0.040404
1 73 18.390804 0.056375 0.041681 0.055087 0.040687
1 74 18.505747 0.054588 0.040552 0.054110 0.040368
1 75 18.620689 0.052805 0.039240 0.053613 0.039601
1 76 18.735632 0.053826 0.040156 0.054370 0.040115
1 77 18.850574 0.053465 0.040416 0.054222 0.040475
1 78 18.965517 0.053286 0.040395 0.052585 0.039314
1 79 19.080460 0.053523 0.040050 0.054070 0.040433
1 80 19.195402 0.054823 0.040216 0.054074 0.039808
1 81 19.310345 0.054339 0.040209 0.053043 0.039490
1 82 19.425287 0.054039 0.040226 0.054220 0.040266
1 83 19.540230 0.055600 0.041038 0.054665 0.040415
1 84 19.655172 0.054661 0.041052 0.054325 0.040453
1 85 19.770115 0.053586 0.039909 0.054097 0.040397
1 86 19.885057 0.054171 0.040555 0.053919 0.040222
2 0 20.000000 0.052853 0.039915 0.051898 0.039263
2 1 20.114943 0.052960 0.039027 0.053591 0.040579
2 2 20.229885 0.054699 0.040502 0.053738 0.039684
2 3 20.344828 0.053404 0.040072 0.054998 0.041456
2 4 20.459770 0.054590 0.040547 0.054874 0.040742
2 5 20.574713 0.054261 0.040252 0.054292 0.040341
2 6 20.689655 0.052506 0.039633 0.053543 0.040175
2 7 20.804598 0.053161 0.039708 0.053708 0.040298
2 8 20.919540 0.055838 0.040240 0.056300 0.040703
2 9 21.034483 0.053580 0.040088 0.051953 0.039604
2 10 21.149426 0.052458 0.039361 0.053500 0.039697
2 11 21.264368 0.053487 0.040504 0.052599 0.039807
2 12 21.379311 0.053452 0.040374 0.053384 0.040420
2 13 21.494253 0.054987 0.040768 0.054609 0.040555
2 14 21.609196 0.053520 0.040153 0.053959 0.040491
2 15 21.724138 0.053622 0.040008 0.054400 0.040272
2 16 21.839081 0.052886 0.039340 0.053711 0.040058
2 17 21.954023 0.052997 0.040304 0.054653 0.040874
2 18 22.068966 0.053229 0.040467 0.052134 0.039417
2 19 22.183908 0.053307 0.040437 0.053231 0.040063
2 20 22.298851 0.052358 0.039633 0.054273 0.040796
2 21 22.413794 0.052705 0.039769 0.052355 0.039722
2 22 22.528736 0.054190 0.040468 0.053745 0.040001
2 23 22.643679 0.053594 0.039167 0.052631 0.038432
2 24 22.758621 0.054547 0.040355 0.054292 0.040042
2 25 22.873564 0.054462 0.040707 0.054656 0.040796
2 26 22.988506 0.052614 0.039595 0.052203 0.039549
2 27 23.103449 0.055102 0.040152 0.054344 0.039863
2 28 23.218391 0.053051 0.040304 0.053038 0.040098
2 29 23.333334 0.053142 0.039614 0.053930 0.040664
2 30 23.448277 0.052770 0.039795 0.053802 0.040526
2 31 23.563219 0.052637 0.039629 0.054293 0.040241
2 32 23.678162 0.054279 0.041312 0.053372 0.040011
2 33 23.793104 0.052768 0.039215 0.052976 0.039217
2 34 23.908047 0.055638 0.040630 0.055242 0.040265
2 35 24.022989 0.053633 0.040029 0.054328 0.040527
2 36 24.137932 0.054985 0.040744 0.054255 0.039820
2 37 24.252874 0.053491 0.040143 0.053937 0.040188
2 38 24.367817 0.053538 0.040521 0.052157 0.039352
2 39 24.482759 0.053480 0.040209 0.053795 0.040283
2 40 24.597702 0.053004 0.039986 0.052316 0.039952
2 41 24.712645 0.053489 0.040043 0.053968 0.040240
2 42 24.827587 0.052754 0.039658 0.052511 0.039925
2 43 24.942530 0.053497 0.040317 0.053170 0.039903
2 44 25.057470 0.053025 0.039491 0.054400 0.040376
2 45 25.172413 0.053164 0.040575 0.052276 0.039591
2 46 25.287355 0.052849 0.039600 0.053317 0.040153
2 47 25.402298 0.053470 0.040401 0.053015 0.039466
2 48 25.517241 0.053858 0.040549 0.053477 0.040307
2 49 25.632183 0.054624 0.040931 0.055112 0.041122
2 50 25.747126 0.051897 0.039320 0.051842 0.039334
2 51 25.862068 0.053503 0.040273 0.052757 0.039895
2 52 25.977011 0.053225 0.039245 0.053888 0.040172
2 53 26.091953 0.053432 0.040498 0.053220 0.040453
2 54 26.206896 0.053139 0.040079 0.052941 0.039671
2 55 26.321838 0.053724 0.040575 0.053257 0.040016
2 56 26.436781 0.054213 0.040708 0.053429 0.040249
2 57 26.551723 0.054027 0.040473 0.053014 0.039716
2 58 26.666666 0.052657 0.039909 0.053366 0.040685
2 59 26.781609 0.054165 0.040518 0.053697 0.040127
2 60 26.896551 0.053452 0.040418 0.052402 0.040031
2 61 27.011494 0.053391 0.040068 0.054484 0.040612
2 62 27.126436 0.054071 0.040396 0.053336 0.039873
2 63 27.241379 0.053239 0.040023 0.053247 0.039937
2 64 27.356321 0.053566 0.039824 0.054185 0.039837
2 65 27.471264 0.053379 0.040569 0.053099 0.040077
2 66 27.586206 0.053909 0.040801 0.053493 0.040246
2 67 27.701149 0.054213 0.040131 0.054540 0.040637
2 68 27.816092 0.053386 0.040045 0.052849 0.039966
2 69 27.931034 0.054951 0.040817 0.052341 0.038842
2 70 28.045977 0.052310 0.040205 0.052839 0.040514
2 71 28.160919 0.053147 0.040260 0.052131 0.039596
2 72 28.275862 0.054555 0.040311 0.054474 0.040598
2 73 28.390804 0.052497 0.039800 0.052637 0.039669
2 74 28.505747 0.052976 0.040005 0.052423 0.039545
2 75 28.620689 0.053877 0.040432 0.052453 0.039846
2 76 28.735632 0.053186 0.039828 0.053128 0.039786
2 77 28.850574 0.053124 0.039579 0.052993 0.039371
2 78 28.965517 0.051849 0.039965 0.052780 0.040455
2 79 29.080460 0.052478 0.039386 0.052929 0.039908
2 80 29.195402 0.053467 0.040507 0.052976 0.040025
2 81 29.310345 0.052556 0.038913 0.053330 0.039669
2 82 29.425287 0.051009 0.038732 0.052543 0.040194
2 83 29.540230 0.051519 0.039112 0.052475 0.039970
2 84 29.655172 0.052249 0.039308 0.052596 0.039563
2 85 29.770115 0.051646 0.039568 0.051663 0.039531
2 86 29.885057 0.054042 0.040670 0.053706 0.040299
3 0 30.000000 0.053864 0.039761 0.053571 0.039393
3 1 30.114943 0.053519 0.039967 0.054257 0.040441
3 2 30.229885 0.053098 0.040176 0.052691 0.040443
3 3 30.344828 0.052861 0.040289 0.052466 0.040402
3 4 30.459770 0.053024 0.039468 0.052353 0.039827
3 5 30.574713 0.053167 0.039836 0.052619 0.039640
3 6 30.689655 0.052961 0.040264 0.051384 0.038723
3 7 30.804598 0.052941 0.039900 0.051763 0.039358
3 8 30.919540 0.051138 0.039305 0.053335 0.040291
3 9 31.034483 0.053951 0.040740 0.052501 0.039440
3 10 31.149426 0.053007 0.040357 0.052014 0.039679
3 11 31.264368 0.053546 0.040169 0.053484 0.039953
3 12 31.379311 0.052259 0.039897 0.052223 0.039637
3 13 31.494253 0.051970 0.039807 0.051976 0.039874
3 14 31.609196 0.052936 0.039657 0.053813 0.040747
3 15 31.724138 0.052036 0.039629 0.050970 0.038730
3 16 31.839081 0.053198 0.039969 0.053285 0.040088
3 17 31.954023 0.052774 0.039707 0.053574 0.040490
3 18 32.068966 0.052997 0.039459 0.051040 0.038478
3 19 32.183907 0.053045 0.040134 0.052541 0.039520
3 20 32.298851 0.052566 0.039393 0.051859 0.039182
3 21 32.413792 0.051491 0.039110 0.053120 0.040515
3 22 32.528736 0.052247 0.039570 0.053585 0.040166
3 23 32.643677 0.054217 0.040776 0.052699 0.039672
3 24 32.758621 0.052701 0.039710 0.051406 0.038780
3 25 32.873562 0.052889 0.039817 0.053400 0.040521
3 26 32.988506 0.052926 0.039813 0.053530 0.040099
3 27 33.103447 0.053247 0.040504 0.052282 0.039561
3 28 33.218391 0.051862 0.039399 0.053902 0.040817
3 29 33.333332 0.052003 0.039469 0.052299 0.039622
3 30 33.448277 0.052494 0.039594 0.052337 0.039754
3 31 33.563217 0.051819 0.039211 0.053017 0.040176
3 32 33.678162 0.054407 0.041007 0.053618 0.040826
3 33 33.793102 0.051739 0.039667 0.052510 0.040074
3 34 33.908047 0.054835 0.040941 0.053801 0.040533
3 35 34.022987 0.052688 0.040162 0.051305 0.039139
3 36 34.137932 0.051267 0.039136 0.051556 0.039106
3 37 34.252872 0.051965 0.039902 0.051963 0.039421
3 38 34.367817 0.052656 0.039616 0.051538 0.039454
3 39 34.482758 0.050766 0.039362 0.052180 0.039888
3 40 34.597702 0.052262 0.040128 0.051383 0.039409
3 41 34.712643 0.052890 0.040534 0.051564 0.039369
3 42 34.827587 0.052092 0.039711 0.052061 0.039588
3 43 34.942528 0.053046 0.040482 0.052775 0.040286
3 44 35.057472 0.053584 0.040471 0.053228 0.040221
3 45 35.172413 0.051746 0.039440 0.052156 0.039728
3 46 35.287357 0.053022 0.040497 0.053333 0.040175
3 47 35.402298 0.052146 0.039871 0.051532 0.039221
3 48 35.517242 0.052613 0.039775 0.052622 0.039876
3 49 35.632183 0.051973 0.039266 0.051252 0.039326
3 50 35.747128 0.052054 0.039782 0.050716 0.038496
3 51 35.862068 0.050996 0.039246 0.052334 0.039623
3 52 35.977013 0.052219 0.039692 0.052943 0.039982
3 53 36.091953 0.050674 0.038518 0.051947 0.039567
3 54 36.206898 0.052211 0.039941 0.052604 0.039671
3 55 36.321838 0.051667 0.039216 0.052248 0.039910
3 56 36.436783 0.053350 0.040337 0.052428 0.039696
3 57 36.551723 0.052101 0.039432 0.051836 0.039462
3 58 36.666668 0.052173 0.040234 0.051510 0.039723
3 59 36.781609 0.051517 0.039761 0.051243 0.039195
3 60 36.896553 0.053120 0.040197 0.052375 0.039860
3 61 37.011494 0.053905 0.040192 0.053947 0.040695
3 62 37.126438 0.052966 0.040091 0.051556 0.039009
3 63 37.241379 0.052181 0.039614 0.051340 0.038983
3 64 37.356323 0.051643 0.039696 0.051935 0.040107
3 65 37.471264 0.052592 0.039506 0.051643 0.038962
3 66 37.586208 0.053725 0.040404 0.053914 0.040654
3 67 37.701149 0.051728 0.039362 0.051792 0.039674
3 68 37.816093 0.052393 0.039392 0.053819 0.039969
3 69 37.931034 0.052142 0.039754 0.052437 0.039718
3 70 38.045979 0.051569 0.039534 0.053185 0.040201
3 71 38.160919 0.051663 0.039200 0.051975 0.039744
3 72 38.275864 0.051661 0.039666 0.051855 0.039872
3 73 38.390804 0.052891 0.040215 0.051388 0.039436
3 74 38.505749 0.051581 0.039295 0.052665 0.040498
3 75 38.620689 0.052014 0.039825 0.051707 0.039321
3 76 38.735634 0.052630 0.039793 0.052452 0.039881
3 77 38.850574 0.052630 0.039862 0.051632 0.039536
3 78 38.965519 0.051779 0.039467 0.051166 0.039366
3 79 39.080460 0.053192 0.040119 0.051652 0.039110
3 80 39.195404 0.053571 0.040751 0.052230 0.039539
3 81 39.310345 0.052800 0.039315 0.053927 0.040106
3 82 39.425289 0.054527 0.040545 0.053755 0.040249
3 83 39.540230 0.052320 0.039888 0.051717 0.039359
3 84 39.655174 0.051543 0.039376 0.051938 0.040001
3 85 39.770115 0.052272 0.039920 0.051560 0.039594
3 86 39.885059 0.052150 0.039487 0.051099 0.038841
4 0 40.000000 0.052219 0.039931 0.051811 0.039600
4 1 40.114941 0.051500 0.039546 0.051147 0.039701
4 2 40.229885 0.051114 0.039185 0.051444 0.039410
4 3 40.344826 0.050692 0.039019 0.051584 0.039479
4 4 40.459770 0.052110 0.039840 0.051608 0.039685
4 5 40.574711 0.052182 0.039487 0.051868 0.039270
4 6 40.689655 0.052232 0.039796 0.051598 0.039310
4 7 40.804596 0.052654 0.040248 0.052509 0.040083
4 8 40.919540 0.051090 0.039252 0.051542 0.039488
4 9 41.034481 0.053072 0.040106 0.050777 0.038715
4 10 41.149426 0.051661 0.039289 0.051263 0.038855
4 11 41.264366 0.053632 0.040472 0.052049 0.039266
4 12 41.379311 0.051045 0.039086 0.050785 0.039141
4 13 41.494251 0.053497 0.040556 0.052537 0.039557
4 14 41.609196 0.052322 0.040084 0.052101 0.039786
4 15 41.724136 0.051078 0.039100 0.051197 0.039160
4 16 41.839081 0.053775 0.040557 0.052851 0.040171
4 17 41.954021 0.052914 0.039914 0.050435 0.038393
4 18 42.068966 0.051476 0.039375 0.050600 0.038755
4 19 42.183907 0.050693 0.039020 0.051569 0.039259
4 20 42.298851 0.051757 0.039455 0.051691 0.039678
4 21 42.413792 0.051175 0.039235 0.051329 0.039285
4 22 42.528736 0.051117 0.039039 0.051826 0.039560
4 23 42.643677 0.052095 0.040111 0.051328 0.039355
4 24 42.758621 0.051357 0.039155 0.051730 0.039419
4 25 42.873562 0.051996 0.039271 0.053409 0.041144
4 26 42.988506 0.051245 0.039422 0.052408 0.039930
4 27 43.103447 0.051824 0.039209 0.053425 0.040462
4 28 43.218391 0.053405 0.040104 0.051561 0.038977
4 29 43.333332 0.052295 0.039862 0.051603 0.039342
4 30 43.448277 0.050394 0.039030 0.052285 0.040314
4 31 43.563217 0.052005 0.040200 0.052333 0.040114
4 32 43.678162 0.050893 0.038886 0.052310 0.039668
4 33 43.793102 0.052692 0.040230 0.052426 0.039900
4 34 43.908047 0.052271 0.040040 0.051230 0.039017
4 35 44.022987 0.051825 0.039356 0.051957 0.039235
4 36 44.137932 0.052020 0.039576 0.052832 0.040125
4 37 44.252872 0.053486 0.040239 0.051766 0.038991
4 38 44.367817 0.052118 0.039410 0.051508 0.039003
4 39 44.482758 0.051232 0.039213 0.051417 0.039339
4 40 44.597702 0.052175 0.039198 0.054131 0.040264
4 41 44.712643 0.051164 0.039291 0.052492 0.040027
4 42 44.827587 0.051526 0.039544 0.051127 0.039095
4 43 44.942528 0.051476 0.039504 0.050690 0.038692
4 44 45.057472 0.051232 0.039086 0.051098 0.039352
4 45 45.172413 0.050874 0.039391 0.050925 0.039257
4 46 45.287357 0.050558 0.038990 0.051475 0.039337
4 47 45.402298 0.052096 0.039623 0.051558 0.039579
4 48 45.517242 0.051879 0.039346 0.052159 0.039684
4 49 45.632183 0.052727 0.040383 0.051958 0.039573
4 50 45.747128 0.051859 0.039783 0.051813 0.039462
4 51 45.862068 0.051934 0.039873 0.052262 0.039987
4 52 45.977013 0.052517 0.040035 0.051746 0.039646
4 53 46.091953 0.051257 0.039527 0.051300 0.039424
4 54 46.206898 0.051072 0.038992 0.052231 0.039789
4 55 46.321838 0.051103 0.039215 0.051189 0.039193
4 56 46.436783 0.052256 0.039820 0.052577 0.040009
4 57 46.551723 0.051684 0.039462 0.051188 0.039047
4 58 46.666668 0.051539 0.039514 0.051285 0.039123
4 59 46.781609 0.051087 0.039140 0.050165 0.038406
4 60 46.896553 0.052300 0.039665 0.051959 0.039543
4 61 47.011494 0.053568 0.040786 0.052703 0.039828
4 62 47.126438 0.051914 0.039617 0.052352 0.039869
4 63 47.241379 0.051822 0.039379 0.050813 0.038851
4 64 47.356323 0.052662 0.039896 0.053805 0.040647
4 65 47.471264 0.051727 0.039473 0.050874 0.038933
4 66 47.586208 0.051188 0.039235 0.051796 0.039748
4 67 47.701149 0.051096 0.039249 0.051625 0.039602
4 68 47.816093 0.051333 0.039104 0.051974 0.039724
4 69 47.931034 0.051402 0.039317 0.053518 0.040942
4 70 48.045979 0.051468 0.039331 0.051963 0.039432
4 71 48.160919 0.052809 0.040267 0.052086 0.039535
4 72 48.275864 0.052110 0.039687 0.052398 0.040293
4 73 48.390804 0.050895 0.039006 0.052062 0.040072
4 74 48.505749 0.052467 0.039724 0.052488 0.039986
4 75 48.620689 0.051036 0.038841 0.052655 0.040219
4 76 48.735634 0.051567 0.039373 0.051159 0.039371
4 77 48.850574 0.053225 0.040396 0.052798 0.040104
4 78 48.965519 0.051420 0.039393 0.052664 0.039923
4 79 49.080460 0.053190 0.040692 0.052211 0.039883
4 80 49.195404 0.052853 0.040203 0.052178 0.039988
4 81 49.310345 0.051916 0.039862 0.051475 0.039183
4 82 49.425289 0.051332 0.039310 0.050797 0.038937
4 83 49.540230 0.051978 0.039611 0.050847 0.039168
4 84 49.655174 0.053156 0.040528 0.052411 0.039965
4 85 49.770115 0.052638 0.040091 0.052754 0.040174
4 86 49.885059 0.053286 0.040478 0.051788 0.039627
5 0 50.000000 0.052068 0.039536 0.053042 0.040339
5 1 50.114941 0.051435 0.039397 0.052380 0.039889
5 2 50.229885 0.052131 0.040022 0.051964 0.039697
5 3 50.344826 0.052691 0.039485 0.052254 0.039350
5 4 50.459770 0.051437 0.039462 0.050344 0.038655
5 5 50.574711 0.052677 0.040063 0.051106 0.039129
5 6 50.689655 0.051235 0.039017 0.051668 0.039434
5 7 50.804596 0.051274 0.039234 0.052006 0.040654
5 8 50.919540 0.052441 0.040358 0.051438 0.039548
5 9 51.034481 0.051815 0.038970 0.052468 0.040108
5 10 51.149426 0.051463 0.039678 0.050168 0.038689
5 11 51.264366 0.053629 0.040308 0.052484 0.039459
5 12 51.379311 0.050578 0.038655 0.051224 0.039228
5 13 51.494251 0.050120 0.038890 0.051200 0.039631
5 14 51.609196 0.052112 0.039614 0.051146 0.038922
5 15 51.724136 0.050706 0.038751 0.051706 0.039316
5 16 51.839081 0.052889 0.039941 0.052478 0.039408
5 17 51.954021 0.051130 0.039626 0.052995 0.040682
5 18 52.068966 0.051655 0.039500 0.051209 0.039319
5 19 52.183907 0.051358 0.039214 0.050836 0.039249
5 20 52.298851 0.051234 0.039640 0.052157 0.040204
5 21 52.413792 0.051831 0.039306 0.051716 0.039114
5 22 52.528736 0.052178 0.040024 0.051011 0.039219
5 23 52.643677 0.051908 0.039971 0.050794 0.039454
5 24 52.758621 0.051292 0.039387 0.050418 0.038716
5 25 52.873562 0.052320 0.039650 0.051560 0.039074
5 26 52.988506 0.050974 0.039061 0.052706 0.040093
5 27 53.103447 0.050867 0.039368 0.051158 0.039108
5 28 53.218391 0.051793 0.039735 0.051241 0.039341
5 29 53.333332 0.051981 0.039997 0.051558 0.039535
5 30 53.448277 0.052496 0.040299 0.051247 0.039066
5 31 53.563217 0.053123 0.039827 0.051988 0.039577
5 32 53.678162 0.051884 0.039810 0.049569 0.038262
5 33 53.793102 0.051652 0.039800 0.052854 0.040086
5 34 53.908047 0.051588 0.039368 0.051886 0.039761
5 35 54.022987 0.052670 0.040029 0.052076 0.039494
5 36 54.137932 0.051770 0.040089 0.052036 0.039740
5 37 54.252872 0.051999 0.039939 0.051424 0.039384
5 38 54.367817 0.052687 0.039606 0.051709 0.039026
5 39 54.482758 0.052561 0.039439 0.051633 0.039362
5 40 54.597702 0.051968 0.039422 0.052023 0.039647
5 41 54.712643 0.051633 0.039654 0.051126 0.039305
5 42 54.827587 0.051396 0.039389 0.052682 0.039910
5 43 54.942528 0.052283 0.039731 0.050976 0.038914
5 44 55.057472 0.050655 0.038976 0.052461 0.040301
5 45 55.172413 0.051905 0.039237 0.051498 0.039885
5 46 55.287357 0.051075 0.039336 0.051446 0.039641
5 47 55.402298 0.051257 0.039261 0.051767 0.039681
5 48 55.517242 0.052173 0.040174 0.052522 0.040539
5 49 55.632183 0.051027 0.039119 0.050767 0.039250
5 50 55.747128 0.050827 0.039073 0.051545 0.039604
5 51 55.862068 0.052087 0.039781 0.052072 0.040001
5 52 55.977013 0.052154 0.040367 0.052366 0.039868
5 53 56.091953 0.050759 0.038799 0.051125 0.039362
5 54 56.206898 0.052564 0.039979 0.051598 0.039823
5 55 56.321838 0.052105 0.039519 0.050809 0.038792
5 56 56.436783 0.051699 0.039190 0.050294 0.038672
5 57 56.551723 0.052094 0.039853 0.052826 0.040316
5 58 56.666668 0.052542 0.040080 0.051968 0.040169
5 59 56.781609 0.050712 0.039079 0.050316 0.038662
5 60 56.896553 0.051220 0.039143 0.051800 0.039551
5 61 57.011494 0.051492 0.039883 0.050856 0.038965
5 62 57.126438 0.051904 0.039723 0.051262 0.039227
5 63 57.241379 0.051287 0.039984 0.050923 0.039707
5 64 57.356323 0.051141 0.039292 0.050726 0.038885
5 65 57.471264 0.050411 0.038906 0.050974 0.039303
5 66 57.586208 0.049445 0.038114 0.051525 0.039729
5 67 57.701149 0.051498 0.039295 0.051787 0.039723
5 68 57.816093 0.051784 0.039346 0.053392 0.040192
5 69 57.931034 0.052027 0.040118 0.051079 0.039573
5 70 58.045979 0.052628 0.039919 0.052215 0.039411
5 71 58.160919 0.050339 0.039053 0.050128 0.038982
5 72 58.275864 0.051995 0.039457 0.052197 0.039629
5 73 58.390804 0.051492 0.039754 0.052387 0.040157
5 74 58.505749 0.052219 0.039870 0.051887 0.040181
5 75 58.620689 0.051885 0.039518 0.051061 0.039230
5 76 58.735634 0.051449 0.039253 0.051588 0.039330
5 77 58.850574 0.052204 0.039719 0.050154 0.038597
5 78 58.965519 0.051539 0.039848 0.051281 0.039760
5 79 59.080460 0.051448 0.039750 0.052100 0.040058
5 80 59.195404 0.050293 0.038529 0.051877 0.039284
5 81 59.310345 0.051365 0.039374 0.051002 0.039313
5 82 59.425289 0.052018 0.039872 0.052305 0.039764
5 83 59.540230 0.050687 0.038457 0.051573 0.039431
5 84 59.655174 0.051761 0.039856 0.051192 0.039525
5 85 59.770115 0.049731 0.038434 0.050167 0.038945
5 86 59.885059 0.050867 0.039186 0.052353 0.039769
6 0 60.000000 0.053019 0.040275 0.052528 0.039837
6 1 60.114941 0.051033 0.039217 0.052199 0.040072
6 2 60.229885 0.051973 0.039258 0.050883 0.038930
6 3 60.344826 0.050687 0.039303 0.049897 0.038885
6 4 60.459770 0.050752 0.038549 0.051862 0.039399
6 5 60.574711 0.052081 0.039336 0.051502 0.039594
6 6 60.689655 0.050818 0.038767 0.051252 0.039017
6 7 60.804596 0.050793 0.039242 0.050701 0.039071
6 8 60.919540 0.051915 0.040010 0.051011 0.039190
6 9 61.034481 0.051187 0.039496 0.051096 0.039590
6 10 61.149426 0.052222 0.039534 0.051771 0.039263
6 11 61.264366 0.051852 0.039555 0.051863 0.039668
6 12 61.379311 0.052308 0.039650 0.052539 0.039802
6 13 61.494251 0.051435 0.039328 0.050251 0.038861
6 14 61.609196 0.051010 0.039487 0.051599 0.039567
6 15 61.724136 0.051962 0.039623 0.051322 0.039429
6 16 61.839081 0.052013 0.039976 0.051309 0.039112
6 17 61.954021 0.052647 0.039925 0.051702 0.039603
6 18 62.068966 0.050386 0.038502 0.051249 0.039374
6 19 62.183907 0.049765 0.038759 0.051124 0.039371
6 20 62.298851 0.050582 0.038931 0.051690 0.039919
6 21 62.413792 0.052870 0.040531 0.052460 0.039986
6 22 62.528736 0.051445 0.039552 0.051619 0.039804
6 23 62.643677 0.051003 0.039336 0.052374 0.040005
6 24 62.758621 0.052125 0.039685 0.050715 0.038903
6 25 62.873562 0.052263 0.040976 0.051582 0.039782
6 26 62.988506 0.051963 0.039777 0.050983 0.039315
6 27 63.103447 0.050927 0.039118 0.050937 0.039056
6 28 63.218391 0.050657 0.038651 0.051339 0.039832
6 29 63.333332 0.050679 0.039179 0.050754 0.039314
6 30 63.448277 0.050799 0.039589 0.050938 0.039599
6 31 63.563217 0.051349 0.039156 0.049894 0.038736
6 32 63.678162 0.050633 0.039109 0.050846 0.039309
6 33 63.793102 0.051538 0.039408 0.052262 0.039937
6 34 63.908047 0.051827 0.039899 0.050520 0.039365
6 35 64.022987 0.052473 0.040454 0.050152 0.038653
6 36 64.137932 0.052605 0.039565 0.053479 0.040326
6 37 64.252876 0.051216 0.039419 0.052201 0.039585
6 38 64.367813 0.050802 0.039601 0.051405 0.039590
6 39 64.482758 0.051698 0.039601 0.051166 0.038981
6 40 64.597702 0.051288 0.039488 0.052041 0.040169
6 41 64.712646 0.050525 0.039372 0.050908 0.039194
6 42 64.827583 0.050070 0.038902 0.051702 0.040224
6 43 64.942528 0.051821 0.040303 0.050940 0.039458
6 44 65.057472 0.051508 0.040024 0.050451 0.039275
6 45 65.172417 0.051055 0.038841 0.051139 0.039043
6 46 65.287354 0.051273 0.039286 0.052500 0.040358
6 47 65.402298 0.052268 0.040102 0.051288 0.039510
6 48 65.517242 0.050407 0.038690 0.051724 0.039948
6 49 65.632187 0.051697 0.039624 0.050280 0.038904
6 50 65.747124 0.051723 0.039604 0.050634 0.039255
6 51 65.862068 0.052718 0.040695 0.051325 0.039048
6 52 65.977013 0.051713 0.039817 0.052303 0.040318
6 53 66.091957 0.051652 0.039700 0.051224 0.040195
6 54 66.206894 0.051374 0.039550 0.051374 0.039258
6 55 66.321838 0.051511 0.039650 0.051736 0.039728
6 56 66.436783 0.052226 0.039989 0.051456 0.039815
6 57 66.551727 0.050383 0.038861 0.051313 0.040002
6 58 66.666664 0.051805 0.039868 0.052250 0.040116
6 59 66.781609 0.050677 0.039315 0.050173 0.039054
6 60 66.896553 0.051821 0.039970 0.051566 0.039932
6 61 67.011497 0.052728 0.040559 0.052258 0.040320
6 62 67.126434 0.051549 0.039461 0.051978 0.039653
6 63 67.241379 0.051762 0.039500 0.053002 0.040178
6 64 67.356323 0.051528 0.039524 0.051488 0.039099
6 65 67.471268 0.050337 0.038707 0.051059 0.039708
6 66 67.586205 0.050863 0.039307 0.049754 0.038456
6 67 67.701149 0.051965 0.039722 0.051697 0.039343
6 68 67.816093 0.051637 0.040229 0.051905 0.040363
6 69 67.931038 0.050804 0.039021 0.051259 0.039344
6 70 68.045975 0.051194 0.039140 0.050793 0.039265
6 71 68.160919 0.052333 0.039601 0.052036 0.039805
6 72 68.275864 0.051327 0.039542 0.050416 0.039056
6 73 68.390808 0.051272 0.039428 0.050931 0.039452
6 74 68.505745 0.051338 0.039280 0.051636 0.039453
6 75 68.620689 0.051577 0.039737 0.051434 0.039321
6 76 68.735634 0.050318 0.038422 0.050793 0.039085
6 77 68.850578 0.050886 0.038988 0.051320 0.039442
6 78 68.965515 0.050897 0.039122 0.050999 0.039379
6 79 69.080460 0.051364 0.040145 0.050971 0.039296
6 80 69.195404 0.049920 0.039068 0.051556 0.039470
6 81 69.310349 0.052802 0.039998 0.051262 0.039214
6 82 69.425285 0.050915 0.039718 0.051316 0.039550
6 83 69.540230 0.050620 0.039250 0.051797 0.039653
6 84 69.655174 0.050915 0.039097 0.052311 0.040126
6 85 69.770119 0.052645 0.040211 0.051161 0.038967
6 86 69.885056 0.050776 0.039219 0.049970 0.038916
7 0 70.000000 0.049960 0.038447 0.051098 0.039425
7 1 70.114944 0.051209 0.039884 0.051292 0.039280
7 2 70.229881 0.049774 0.038644 0.051397 0.039957
7 3 70.344826 0.051299 0.039433 0.051584 0.039345
7 4 70.459770 0.049980 0.038693 0.051799 0.040187
7 5 70.574715 0.050693 0.039021 0.050696 0.039410
7 6 70.689651 0.051134 0.039201 0.051821 0.040067
7 7 70.804596 0.050584 0.039179 0.051494 0.039356
7 8 70.919540 0.052201 0.039927 0.051105 0.039202
7 9 71.034485 0.051812 0.039286 0.052211 0.039829
7 10 71.149422 0.050477 0.038911 0.051066 0.039160
7 11 71.264366 0.050503 0.039317 0.051348 0.039894
7 12 71.379311 0.051351 0.039019 0.051680 0.038981
7 13 71.494255 0.051963 0.039826 0.051264 0.039272
7 14 71.609192 0.052189 0.040004 0.051284 0.039106
7 15 71.724136 0.050721 0.038532 0.052038 0.039549
7 16 71.839081 0.050959 0.039346 0.051324 0.039671
7 17 71.954025 0.050411 0.039227 0.051048 0.039769
7 18 72.068962 0.051086 0.039312 0.050103 0.038658
7 19 72.183907 0.051636 0.039581 0.051971 0.039636
7 20 72.298851 0.051541 0.039674 0.051726 0.039604
7 21 72.413795 0.051913 0.039788 0.051481 0.039210
7 22 72.528732 0.050568 0.039116 0.052389 0.040549
7 23 72.643677 0.051017 0.039490 0.052326 0.040314
7 24 72.758621 0.052254 0.039842 0.052342 0.039733
7 25 72.873566 0.051369 0.039377 0.051041 0.038946
7 26 72.988503 0.052349 0.040057 0.051875 0.039759
7 27 73.103447 0.051062 0.039277 0.050917 0.039798
7 28 73.218391 0.050523 0.039358 0.050612 0.038883
7 29 73.333336 0.050930 0.039202 0.051393 0.039421
7 30 73.448273 0.050640 0.038935 0.051156 0.039315
7 31 73.563217 0.051060 0.039567 0.051030 0.039149
7 32 73.678162 0.051518 0.039549 0.052105 0.040369
7 33 73.793106 0.052562 0.040369 0.050443 0.038853
7 34 73.908043 0.051545 0.039586 0.052212 0.039875
7 35 74.022987 0.051656 0.039679 0.051755 0.039830
7 36 74.137932 0.051199 0.039470 0.050978 0.039449
7 37 74.252876 0.050667 0.039632 0.050979 0.039385
7 38 74.367813 0.051438 0.039578 0.051426 0.039498
7 39 74.482758 0.051748 0.039571 0.051088 0.039314
7 40 74.597702 0.052321 0.040598 0.049614 0.038664
7 41 74.712646 0.051241 0.039275 0.051358 0.039442
7 42 74.827583 0.051311 0.039782 0.050232 0.039009
7 43 74.942528 0.053010 0.040499 0.051674 0.039082
7 44 75.057472 0.050843 0.039277 0.050245 0.038620
7 45 75.172417 0.050929 0.039565 0.050931 0.039446
7 46 75.287354 0.051325 0.039550 0.051794 0.039713
7 47 75.402298 0.050385 0.039207 0.049037 0.037853
7 48 75.517242 0.051220 0.039516 0.050964 0.039278
7 49 75.632187 0.051027 0.039037 0.050717 0.039011
7 50 75.747124 0.051919 0.039852 0.050512 0.038588
7 51 75.862068 0.051808 0.040154 0.051622 0.039402
7 52 75.977013 0.050769 0.039435 0.051143 0.039570
7 53 76.091957 0.052271 0.039730 0.051742 0.039666
7 54 76.206894 0.051417 0.039726 0.051051 0.039364
7 55 76.321838 0.050374 0.039200 0.051415 0.039916
7 56 76.436783 0.050898 0.039326 0.052136 0.040435
7 57 76.551727 0.050467 0.038999 0.050651 0.039761
7 58 76.666664 0.052943 0.039862 0.052970 0.039984
7 59 76.781609 0.052702 0.039926 0.053085 0.040302
7 60 76.896553 0.051347 0.039496 0.050296 0.039040
7 61 77.011497 0.050313 0.038699 0.051583 0.040148
7 62 77.126434 0.053354 0.040536 0.052139 0.039537
7 63 77.241379 0.051759 0.040115 0.052097 0.040357
7 64 77.356323 0.050012 0.039139 0.051499 0.039806
7 65 77.471268 0.051307 0.039829 0.052093 0.040266
7 66 77.586205 0.050859 0.039455 0.051123 0.039365
7 67 77.701149 0.051411 0.039965 0.051874 0.040429
7 68 77.816093 0.051133 0.039594 0.052087 0.039927
7 69 77.931038 0.052126 0.039887 0.050799 0.039710
7 70 78.045975 0.051618 0.039568 0.050744 0.039513
7 71 78.160919 0.052438 0.040348 0.051668 0.039610
7 72 78.275864 0.050709 0.039284 0.050749 0.039446
7 73 78.390808 0.052128 0.039856 0.051965 0.040263
7 74 78.505745 0.051705 0.039782 0.050373 0.039078
7 75 78.620689 0.050339 0.039098 0.050481 0.039177
7 76 78.735634 0.051156 0.039178 0.051595 0.039880
7 77 78.850578 0.050200 0.039035 0.052476 0.040307
7 78 78.965515 0.052985 0.040358 0.052787 0.039867
7 79 79.080460 0.050873 0.039537 0.050552 0.038900
7 80 79.195404 0.050797 0.038746 0.051091 0.039862
7 81 79.310349 0.052191 0.039887 0.052151 0.039882
7 82 79.425285 0.049906 0.038613 0.051017 0.039289
7 83 79.540230 0.051413 0.039192 0.050657 0.038892
7 84 79.655174 0.050052 0.038642 0.051472 0.039934
7 85 79.770119 0.051366 0.039451 0.051167 0.039131
7 86 79.885056 0.052039 0.040035 0.049471 0.038780
8 0 80.000000 0.051690 0.039854 0.051607 0.039843
8 1 80.114944 0.052650 0.039592 0.052995 0.039997
8 2 80.229881 0.050821 0.039038 0.050555 0.039151
8 3 80.344826 0.052052 0.039864 0.051063 0.039234
8 4 80.459770 0.050994 0.039438 0.051188 0.039934
8 5 80.574715 0.051085 0.039284 0.052162 0.040162
8 6 80.689651 0.049154 0.037922 0.050521 0.038815
8 7 80.804596 0.051864 0.039922 0.049817 0.038523
8 8 80.919540 0.050618 0.039019 0.050947 0.039181
8 9 81.034485 0.050962 0.039545 0.050820 0.039164
8 10 81.149422 0.049685 0.038847 0.052029 0.039985
8 11 81.264366 0.050982 0.038990 0.050071 0.038648
8 12 81.379311 0.051435 0.040120 0.050077 0.039078
8 13 81.494255 0.050425 0.038696 0.052192 0.039762
8 14 81.609192 0.051394 0.039689 0.051919 0.039589
8 15 81.724136 0.052430 0.040433 0.051086 0.039503
8 16 81.839081 0.050956 0.039471 0.050069 0.039081
8 17 81.954025 0.051615 0.039759 0.052360 0.040290
8 18 82.068962 0.051858 0.040507 0.050437 0.038856
8 19 82.183907 0.050648 0.039154 0.050132 0.038130
8 20 82.298851 0.051142 0.039468 0.052028 0.040143
8 21 82.413795 0.050130 0.038480 0.051617 0.039964
8 22 82.528732 0.052744 0.040314 0.050541 0.039094
8 23 82.643677 0.050491 0.039018 0.051471 0.039106
8 24 82.758621 0.052374 0.039908 0.052253 0.040329
8 25 82.873566 0.049919 0.038438 0.050527 0.038915
8 26 82.988503 0.050135 0.038928 0.050416 0.038993
8 27 83.103447 0.051176 0.039473 0.050301 0.038764
8 28 83.218391 0.051292 0.039330 0.051460 0.039390
8 29 83.333336 0.051556 0.039666 0.050784 0.039475
8 30 83.448273 0.051567 0.039528 0.050492 0.038520
8 31 83.563217 0.050710 0.039405 0.051515 0.040191
8 32 83.678162 0.051890 0.040021 0.050233 0.038945
8 33 83.793106 0.050850 0.039368 0.053174 0.040468
8 34 83.908043 0.051578 0.039911 0.051731 0.039977
8 35 84.022987 0.049929 0.038326 0.051201 0.039332
8 36 84.137932 0.052815 0.040519 0.050666 0.039085
8 37 84.252876 0.051012 0.039177 0.051967 0.040183
8 38 84.367813 0.050672 0.039249 0.050703 0.039078
8 39 84.482758 0.051379 0.039722 0.050366 0.039313
8 40 84.597702 0.050781 0.039720 0.051345 0.039726
8 41 84.712646 0.050454 0.039041 0.051514 0.039811
8 42 84.827583 0.051343 0.039785 0.051608 0.040274
8 43 84.942528 0.049983 0.038495 0.050590 0.039302
8 44 85.057472 0.051063 0.039730 0.050410 0.039200
8 45 85.172417 0.050092 0.039022 0.050427 0.039100
8 46 85.287354 0.050557 0.038960 0.051919 0.039669
8 47 85.402298 0.050358 0.038938 0.051610 0.040121
8 48 85.517242 0.051160 0.039575 0.050089 0.038674
8 49 85.632187 0.050936 0.039358 0.051036 0.040077
8 50 85.747124 0.050889 0.039375 0.049982 0.038689
8 51 85.862068 0.051618 0.039437 0.050704 0.038950
8 52 85.977013 0.051146 0.039471 0.051497 0.039904
8 53 86.091957 0.050739 0.039516 0.049824 0.038436
8 54 86.206894 0.049932 0.038708 0.051641 0.040000
8 55 86.321838 0.050545 0.039112 0.050381 0.039003
8 56 86.436783 0.050387 0.038570 0.051338 0.039401
8 57 86.551727 0.049926 0.038627 0.049862 0.038523
8 58 86.666664 0.050799 0.038872 0.050985 0.039173
8 59 86.781609 0.050922 0.039038 0.051119 0.039244
8 60 86.896553 0.051693 0.040242 0.051173 0.039439
8 61 87.011497 0.050515 0.039347 0.050941 0.039420
8 62 87.126434 0.050888 0.039289 0.050151 0.038850
8 63 87.241379 0.051090 0.039307 0.051211 0.039484
8 64 87.356323 0.051680 0.040045 0.051036 0.039424
8 65 87.471268 0.050210 0.039126 0.049759 0.038627
8 66 87.586205 0.050226 0.038509 0.051552 0.039446
8 67 87.701149 0.051224 0.039439 0.048853 0.038020
8 68 87.816093 0.050438 0.038982 0.051392 0.039770
8 69 87.931038 0.053075 0.040474 0.053547 0.040657
8 70 88.045975 0.050947 0.039279 0.049675 0.038801
8 71 88.160919 0.051077 0.039158 0.052724 0.040520
8 72 88.275864 0.051438 0.040148 0.050848 0.039238
8 73 88.390808 0.050721 0.039541 0.050221 0.038955
8 74 88.505745 0.051397 0.039893 0.050308 0.039272
8 75 88.620689 0.049975 0.038533 0.050592 0.039176
8 76 88.735634 0.051435 0.039112 0.051893 0.039505
8 77 88.850578 0.051749 0.040066 0.050809 0.039126
8 78 88.965515 0.052254 0.039964 0.051320 0.039396
8 79 89.080460 0.048964 0.038938 0.050439 0.039292
8 80 89.195404 0.051257 0.039609 0.050406 0.039670
8 81 89.310349 0.051720 0.039947 0.052501 0.040429
8 82 89.425285 0.051430 0.039696 0.050548 0.038795
8 83 89.540230 0.050894 0.039098 0.050791 0.039501
8 84 89.655174 0.051093 0.039465 0.050063 0.038772
8 85 89.770119 0.050952 0.039439 0.050850 0.039622
8 86 89.885056 0.052154 0.039924 0.051002 0.039024
9 0 90.000000 0.052259 0.039997 0.051396 0.039492
9 1 90.114944 0.051567 0.039436 0.051550 0.039041
9 2 90.229881 0.050519 0.038754 0.051033 0.039752
9 3 90.344826 0.051701 0.039608 0.051742 0.039808
9 4 90.459770 0.050467 0.038878 0.051887 0.040004
9 5 90.574715 0.051066 0.039667 0.050628 0.039195
9 6 90.689651 0.050838 0.039315 0.051394 0.039725
9 7 90.804596 0.051522 0.039968 0.050919 0.039365
9 8 90.919540 0.049833 0.038588 0.051118 0.039312
9 9 91.034485 0.052184 0.040216 0.050260 0.039186
9 10 91.149422 0.049846 0.038858 0.050179 0.039330
9 11 91.264366 0.051729 0.039929 0.051860 0.040270
9 12 91.379311 0.051974 0.039999 0.050085 0.038918
9 13 91.494255 0.052229 0.039509 0.051636 0.039213
9 14 91.609192 0.050344 0.038912 0.050514 0.039197
9 15 91.724136 0.050396 0.038980 0.049116 0.038403
9 16 91.839081 0.052158 0.040038 0.051525 0.039154
9 17 91.954025 0.050749 0.039466 0.050425 0.039258
9 18 92.068962 0.050330 0.039055 0.050722 0.039166
9 19 92.183907 0.050433 0.039360 0.051111 0.039495
9 20 92.298851 0.051587 0.039665 0.051620 0.039877
9 21 92.413795 0.050340 0.038623 0.050550 0.039229
9 22 92.528732 0.050296 0.039077 0.051048 0.039234
9 23 92.643677 0.051766 0.039187 0.052180 0.039802
9 24 92.758621 0.051038 0.039281 0.049251 0.038326
9 25 92.873566 0.050624 0.039231 0.050421 0.038923
9 26 92.988503 0.050994 0.039625 0.050184 0.038978
9 27 93.103447 0.050369 0.039056 0.050384 0.038997
9 28 93.218391 0.050114 0.038591 0.051484 0.039813
9 29 93.333336 0.050996 0.039519 0.051680 0.039611
9 30 93.448273 0.051190 0.039192 0.050624 0.039250
9 31 93.563217 0.050822 0.039180 0.050945 0.039227
9 32 93.678162 0.050625 0.039006 0.050173 0.038489
9 33 93.793106 0.052726 0.040363 0.049644 0.038354
9 34 93.908043 0.051309 0.039777 0.051305 0.039973
9 35 94.022987 0.050140 0.038811 0.050312 0.039346
9 36 94.137932 0.049014 0.038352 0.050302 0.039202
9 37 94.252876 0.051889 0.039652 0.050440 0.038580
9 38 94.367813 0.048893 0.038058 0.051429 0.040097
9 39 94.482758 0.052890 0.040206 0.051377 0.039329
9 40 94.597702 0.051084 0.038905 0.051753 0.039640
9 41 94.712646 0.049884 0.038671 0.050653 0.038916
9 42 94.827583 0.051630 0.039966 0.051347 0.039591
9 43 94.942528 0.050909 0.039455 0.052086 0.039886
9 44 95.057472 0.051978 0.039802 0.051682 0.039655
9 45 95.172417 0.053290 0.039851 0.053520 0.040216
9 46 95.287354 0.050898 0.039106 0.050380 0.039420
9 47 95.402298 0.050644 0.039371 0.051145 0.039852
9 48 95.517242 0.050424 0.039556 0.051697 0.040156
9 49 95.632187 0.050997 0.040032 0.050642 0.039514
9 50 95.747124 0.050701 0.039109 0.050803 0.039698
9 51 95.862068 0.050314 0.039188 0.050385 0.039300
9 52 95.977013 0.050599 0.039514 0.052270 0.040761
9 53 96.091957 0.049968 0.039302 0.050763 0.039511
9 54 96.206894 0.051167 0.039509 0.051417 0.039192
9 55 96.321838 0.049594 0.038548 0.050514 0.038869
9 56 96.436783 0.050197 0.038584 0.051167 0.039815
9 57 96.551727 0.051278 0.039634 0.049932 0.039049
9 58 96.666664 0.052079 0.040094 0.051851 0.040089
9 59 96.781609 0.051481 0.039680 0.051257 0.039973
9 60 96.896553 0.050354 0.039299 0.051394 0.039668
9 61 97.011497 0.051339 0.040002 0.051409 0.040078
9 62 97.126434 0.050943 0.039522 0.050856 0.038912
9 63 97.241379 0.051932 0.039010 0.052184 0.039438
9 64 97.356323 0.050885 0.039355 0.050728 0.039599
9 65 97.471268 0.050078 0.038670 0.050281 0.039145
9 66 97.586205 0.052061 0.039647 0.051016 0.038904
9 67 97.701149 0.051847 0.039417 0.052274 0.039668
9 68 97.816093 0.050921 0.039812 0.050920 0.039470
9 69 97.931038 0.050869 0.039760 0.050983 0.039551
9 70 98.045975 0.049698 0.038745 0.051067 0.039227
9 71 98.160919 0.051043 0.039511 0.049557 0.038529
9 72 98.275864 0.052267 0.039519 0.051634 0.039322
9 73 98.390808 0.050960 0.039796 0.050136 0.039049
9 74 98.505745 0.050283 0.038946 0.051483 0.039657
9 75 98.620689 0.051397 0.039739 0.050601 0.038829
9 76 98.735634 0.050803 0.039213 0.049931 0.038658
9 77 98.850578 0.050974 0.038842 0.051873 0.039544
9 78 98.965515 0.051964 0.039755 0.051598 0.039633
9 79 99.080460 0.051069 0.039484 0.050800 0.039555
9 80 99.195404 0.050803 0.039176 0.050743 0.039376
9 81 99.310349 0.051032 0.039767 0.050261 0.038781
9 82 99.425285 0.049223 0.038206 0.051116 0.039670
9 83 99.540230 0.052536 0.040192 0.052451 0.040182
9 84 99.655174 0.050810 0.039315 0.050327 0.039117
9 85 99.770119 0.050478 0.039004 0.051253 0.039660
9 86 99.885056 0.051995 0.039896 0.051602 0.039678
