0 -0.417119 2 0.000100
1 -0.408626 0 0.000000
2 -0.400134 0 0.000000
3 -0.391642 0 0.000000
4 -0.383150 0 0.000000
5 -0.374657 1 0.000050
6 -0.366165 1 0.000050
7 -0.357673 0 0.000000
8 -0.349181 0 0.000000
9 -0.340689 2 0.000100
10 -0.332196 1 0.000050
11 -0.323704 1 0.000050
12 -0.315212 0 0.000000
13 -0.306720 1 0.000050
14 -0.298227 2 0.000100
15 -0.289735 4 0.000200
16 -0.281243 1 0.000050
17 -0.272751 1 0.000050
18 -0.264259 1 0.000050
19 -0.255766 0 0.000000
20 -0.247274 2 0.000100
21 -0.238782 1 0.000050
22 -0.230290 2 0.000100
23 -0.221798 8 0.000400
24 -0.213305 11 0.000550
25 -0.204813 19 0.000950
26 -0.196321 30 0.001500
27 -0.187829 67 0.003350
28 -0.179336 55 0.002750
29 -0.170844 79 0.003950
30 -0.162352 104 0.005200
31 -0.153860 186 0.009300
32 -0.145368 222 0.011100
33 -0.136875 218 0.010900
34 -0.128383 171 0.008550
35 -0.119891 171 0.008550
36 -0.111399 244 0.012200
37 -0.102906 264 0.013200
38 -0.094414 506 0.025300
39 -0.085922 691 0.034550
40 -0.077430 498 0.024900
41 -0.068938 381 0.019050
42 -0.060445 431 0.021550
43 -0.051953 607 0.030350
44 -0.043461 635 0.031750
45 -0.034969 631 0.031550
46 -0.026476 1004 0.050200
47 -0.017984 4179 0.208950
48 -0.009492 1620 0.081000
49 -0.001000 703 0.035150
50 0.007492 731 0.036550
51 0.015985 899 0.044950
52 0.024477 560 0.028000
53 0.032969 382 0.019100
54 0.041461 398 0.019900
55 0.049954 503 0.025150
56 0.058446 471 0.023550
57 0.066938 333 0.016650
58 0.075430 265 0.013250
59 0.083922 214 0.010700
60 0.092415 181 0.009050
61 0.100907 196 0.009800
62 0.109399 301 0.015050
63 0.117891 228 0.011400
64 0.126384 108 0.005400
65 0.134876 104 0.005200
66 0.143368 104 0.005200
67 0.151860 112 0.005600
68 0.160352 66 0.003300
69 0.168845 32 0.001600
70 0.177337 18 0.000900
71 0.185829 9 0.000450
72 0.194321 4 0.000200
73 0.202813 4 0.000200
74 0.211306 4 0.000200
75 0.219798 3 0.000150
76 0.228290 0 0.000000
77 0.236782 0 0.000000
78 0.245275 0 0.000000
79 0.253767 1 0.000050
80 0.262259 0 0.000000
81 0.270751 1 0.000050
82 0.279243 1 0.000050
83 0.287736 4 0.000200
84 0.296228 0 0.000000
85 0.304720 0 0.000000
86 0.313212 0 0.000000
87 0.321705 0 0.000000
88 0.330197 0 0.000000
89 0.338689 2 0.000100
90 0.347181 0 0.000000
91 0.355673 0 0.000000
92 0.364166 0 0.000000
93 0.372658 0 0.000000
94 0.381150 1 0.000050
95 0.389642 1 0.000050
96 0.398135 0 0.000000
97 0.406627 0 0.000000
98 0.415119 0 0.000000
99 0.423611 1 0.000050
