0 0.000000 51051 0.850850
1 0.001813 2251 0.037517
2 0.003625 1305 0.021750
3 0.005438 1281 0.021350
4 0.007250 846 0.014100
5 0.009063 464 0.007733
6 0.010876 479 0.007983
7 0.012688 419 0.006983
8 0.014501 307 0.005117
9 0.016313 250 0.004167
10 0.018126 262 0.004367
11 0.019938 244 0.004067
12 0.021751 198 0.003300
13 0.023564 161 0.002683
14 0.025376 98 0.001633
15 0.027189 91 0.001517
16 0.029001 53 0.000883
17 0.030814 49 0.000817
18 0.032627 52 0.000867
19 0.034439 29 0.000483
20 0.036252 22 0.000367
21 0.038064 14 0.000233
22 0.039877 9 0.000150
23 0.041690 8 0.000133
24 0.043502 6 0.000100
25 0.045315 5 0.000083
26 0.047127 8 0.000133
27 0.048940 3 0.000050
28 0.050753 1 0.000017
29 0.052565 1 0.000017
30 0.054378 0 0.000000
31 0.056190 2 0.000033
32 0.058003 1 0.000017
33 0.059815 0 0.000000
34 0.061628 0 0.000000
35 0.063441 0 0.000000
36 0.065253 0 0.000000
37 0.067066 2 0.000033
38 0.068878 0 0.000000
39 0.070691 0 0.000000
40 0.072504 1 0.000017
41 0.074316 2 0.000033
42 0.076129 0 0.000000
43 0.077941 0 0.000000
44 0.079754 2 0.000033
45 0.081567 3 0.000050
46 0.083379 3 0.000050
47 0.085192 3 0.000050
48 0.087004 0 0.000000
49 0.088817 0 0.000000
50 0.090630 1 0.000017
51 0.092442 0 0.000000
52 0.094255 0 0.000000
53 0.096067 0 0.000000
54 0.097880 1 0.000017
55 0.099692 0 0.000000
56 0.101505 0 0.000000
57 0.103318 0 0.000000
58 0.105130 0 0.000000
59 0.106943 0 0.000000
60 0.108755 1 0.000017
61 0.110568 1 0.000017
62 0.112381 1 0.000017
63 0.114193 0 0.000000
64 0.116006 2 0.000033
65 0.117818 0 0.000000
66 0.119631 0 0.000000
67 0.121444 0 0.000000
68 0.123256 0 0.000000
69 0.125069 0 0.000000
70 0.126881 0 0.000000
71 0.128694 1 0.000017
72 0.130507 0 0.000000
73 0.132319 0 0.000000
74 0.134132 1 0.000017
75 0.135944 0 0.000000
76 0.137757 0 0.000000
77 0.139569 0 0.000000
78 0.141382 0 0.000000
79 0.143195 0 0.000000
80 0.145007 0 0.000000
81 0.146820 1 0.000017
82 0.148632 0 0.000000
83 0.150445 0 0.000000
84 0.152258 0 0.000000
85 0.154070 0 0.000000
86 0.155883 1 0.000017
87 0.157695 0 0.000000
88 0.159508 0 0.000000
89 0.161321 0 0.000000
90 0.163133 0 0.000000
91 0.164946 0 0.000000
92 0.166758 1 0.000017
93 0.168571 0 0.000000
94 0.170384 0 0.000000
95 0.172196 1 0.000017
96 0.174009 0 0.000000
97 0.175821 0 0.000000
98 0.177634 0 0.000000
99 0.179446 1 0.000017
