0 -0.133349 1 0.000050
1 -0.130885 0 0.000000
2 -0.128422 0 0.000000
3 -0.125958 0 0.000000
4 -0.123494 0 0.000000
5 -0.121030 0 0.000000
6 -0.118566 0 0.000000
7 -0.116103 1 0.000050
8 -0.113639 1 0.000050
9 -0.111175 0 0.000000
10 -0.108711 1 0.000050
11 -0.106248 0 0.000000
12 -0.103784 1 0.000050
13 -0.101320 0 0.000000
14 -0.098856 0 0.000000
15 -0.096392 0 0.000000
16 -0.093929 0 0.000000
17 -0.091465 2 0.000100
18 -0.089001 0 0.000000
19 -0.086537 1 0.000050
20 -0.084073 1 0.000050
21 -0.081610 3 0.000150
22 -0.079146 1 0.000050
23 -0.076682 2 0.000100
24 -0.074218 3 0.000150
25 -0.071755 4 0.000200
26 -0.069291 2 0.000100
27 -0.066827 1 0.000050
28 -0.064363 5 0.000250
29 -0.061899 9 0.000450
30 -0.059436 5 0.000250
31 -0.056972 9 0.000450
32 -0.054508 10 0.000500
33 -0.052044 7 0.000350
34 -0.049580 8 0.000400
35 -0.047117 10 0.000500
36 -0.044653 9 0.000450
37 -0.042189 12 0.000600
38 -0.039725 19 0.000950
39 -0.037261 12 0.000600
40 -0.034798 28 0.001400
41 -0.032334 34 0.001700
42 -0.029870 41 0.002050
43 -0.027406 49 0.002450
44 -0.024943 66 0.003300
45 -0.022479 109 0.005450
46 -0.020015 141 0.007050
47 -0.017551 214 0.010700
48 -0.015087 323 0.016150
49 -0.012624 516 0.025800
50 -0.010160 816 0.040800
51 -0.007696 1684 0.084200
52 -0.005232 3966 0.198300
53 -0.002768 5575 0.278750
54 -0.000305 2937 0.146850
55 0.002159 1150 0.057500
56 0.004623 706 0.035300
57 0.007087 466 0.023300
58 0.009551 305 0.015250
59 0.012014 188 0.009400
60 0.014478 128 0.006400
61 0.016942 95 0.004750
62 0.019406 63 0.003150
63 0.021869 50 0.002500
64 0.024333 33 0.001650
65 0.026797 28 0.001400
66 0.029261 26 0.001300
67 0.031725 16 0.000800
68 0.034188 19 0.000950
69 0.036652 12 0.000600
70 0.039116 7 0.000350
71 0.041580 5 0.000250
72 0.044044 11 0.000550
73 0.046507 10 0.000500
74 0.048971 7 0.000350
75 0.051435 2 0.000100
76 0.053899 3 0.000150
77 0.056363 5 0.000250
78 0.058826 4 0.000200
79 0.061290 3 0.000150
80 0.063754 2 0.000100
81 0.066218 4 0.000200
82 0.068681 0 0.000000
83 0.071145 2 0.000100
84 0.073609 0 0.000000
85 0.076073 1 0.000050
86 0.078537 4 0.000200
87 0.081000 0 0.000000
88 0.083464 1 0.000050
89 0.085928 0 0.000000
90 0.088392 1 0.000050
91 0.090856 0 0.000000
92 0.093319 2 0.000100
93 0.095783 0 0.000000
94 0.098247 0 0.000000
95 0.100711 0 0.000000
96 0.103175 0 0.000000
97 0.105638 0 0.000000
98 0.108102 1 0.000050
99 0.110566 1 0.000050
