0 -0.417119 2 0.000033
1 -0.408626 0 0.000000
2 -0.400134 0 0.000000
3 -0.391642 0 0.000000
4 -0.383150 0 0.000000
5 -0.374657 1 0.000017
6 -0.366165 1 0.000017
7 -0.357673 0 0.000000
8 -0.349181 0 0.000000
9 -0.340689 2 0.000033
10 -0.332196 1 0.000017
11 -0.323704 1 0.000017
12 -0.315212 0 0.000000
13 -0.306720 1 0.000017
14 -0.298227 2 0.000033
15 -0.289735 4 0.000067
16 -0.281243 1 0.000017
17 -0.272751 1 0.000017
18 -0.264259 1 0.000017
19 -0.255766 0 0.000000
20 -0.247274 2 0.000033
21 -0.238782 1 0.000017
22 -0.230290 2 0.000033
23 -0.221798 8 0.000133
24 -0.213305 11 0.000183
25 -0.204813 19 0.000317
26 -0.196321 30 0.000500
27 -0.187829 67 0.001117
28 -0.179336 55 0.000917
29 -0.170844 79 0.001317
30 -0.162352 104 0.001733
31 -0.153860 186 0.003100
32 -0.145368 222 0.003700
33 -0.136875 219 0.003650
34 -0.128383 171 0.002850
35 -0.119891 173 0.002883
36 -0.111399 246 0.004100
37 -0.102906 265 0.004417
38 -0.094414 510 0.008500
39 -0.085922 698 0.011633
40 -0.077430 509 0.008483
41 -0.068938 398 0.006633
42 -0.060445 473 0.007883
43 -0.051953 661 0.011017
44 -0.043461 733 0.012217
45 -0.034969 840 0.014000
46 -0.026476 1613 0.026883
47 -0.017984 6976 0.116267
48 -0.009492 21431 0.357183
49 -0.001000 14051 0.234183
50 0.007492 2807 0.046783
51 0.015985 1420 0.023667
52 0.024477 740 0.012333
53 0.032969 465 0.007750
54 0.041461 456 0.007600
55 0.049954 534 0.008900
56 0.058446 483 0.008050
57 0.066938 345 0.005750
58 0.075430 273 0.004550
59 0.083922 216 0.003600
60 0.092415 183 0.003050
61 0.100907 196 0.003267
62 0.109399 303 0.005050
63 0.117891 228 0.003800
64 0.126384 108 0.001800
65 0.134876 104 0.001733
66 0.143368 104 0.001733
67 0.151860 112 0.001867
68 0.160352 66 0.001100
69 0.168845 32 0.000533
70 0.177337 18 0.000300
71 0.185829 9 0.000150
72 0.194321 4 0.000067
73 0.202813 4 0.000067
74 0.211306 4 0.000067
75 0.219798 3 0.000050
76 0.228290 0 0.000000
77 0.236782 0 0.000000
78 0.245275 0 0.000000
79 0.253767 1 0.000017
80 0.262259 0 0.000000
81 0.270751 1 0.000017
82 0.279243 1 0.000017
83 0.287736 4 0.000067
84 0.296228 0 0.000000
85 0.304720 0 0.000000
86 0.313212 0 0.000000
87 0.321705 0 0.000000
88 0.330197 0 0.000000
89 0.338689 2 0.000033
90 0.347181 0 0.000000
91 0.355673 0 0.000000
92 0.364166 0 0.000000
93 0.372658 0 0.000000
94 0.381150 1 0.000017
95 0.389642 1 0.000017
96 0.398135 0 0.000000
97 0.406627 0 0.000000
98 0.415119 0 0.000000
99 0.423611 1 0.000017
