0 -0.094433 1 0.000050
1 -0.092681 1 0.000050
2 -0.090929 0 0.000000
3 -0.089177 0 0.000000
4 -0.087424 0 0.000000
5 -0.085672 1 0.000050
6 -0.083920 1 0.000050
7 -0.082168 0 0.000000
8 -0.080416 0 0.000000
9 -0.078664 0 0.000000
10 -0.076911 0 0.000000
11 -0.075159 1 0.000050
12 -0.073407 0 0.000000
13 -0.071655 1 0.000050
14 -0.069903 1 0.000050
15 -0.068150 1 0.000050
16 -0.066398 1 0.000050
17 -0.064646 0 0.000000
18 -0.062894 0 0.000000
19 -0.061142 0 0.000000
20 -0.059389 0 0.000000
21 -0.057637 4 0.000200
22 -0.055885 5 0.000250
23 -0.054133 5 0.000250
24 -0.052381 1 0.000050
25 -0.050629 3 0.000150
26 -0.048876 5 0.000250
27 -0.047124 7 0.000350
28 -0.045372 9 0.000450
29 -0.043620 15 0.000750
30 -0.041868 8 0.000400
31 -0.040115 9 0.000450
32 -0.038363 8 0.000400
33 -0.036611 13 0.000650
34 -0.034859 11 0.000550
35 -0.033107 17 0.000850
36 -0.031355 22 0.001100
37 -0.029602 22 0.001100
38 -0.027850 22 0.001100
39 -0.026098 37 0.001850
40 -0.024346 46 0.002300
41 -0.022594 58 0.002900
42 -0.020841 83 0.004150
43 -0.019089 95 0.004750
44 -0.017337 151 0.007550
45 -0.015585 213 0.010650
46 -0.013833 331 0.016550
47 -0.012080 505 0.025250
48 -0.010328 684 0.034200
49 -0.008576 950 0.047500
50 -0.006824 1452 0.072600
51 -0.005072 2313 0.115650
52 -0.003320 3158 0.157900
53 -0.001567 3285 0.164250
54 0.000185 2161 0.108050
55 0.001937 1267 0.063350
56 0.003689 869 0.043450
57 0.005441 499 0.024950
58 0.007194 384 0.019200
59 0.008946 305 0.015250
60 0.010698 225 0.011250
61 0.012450 171 0.008550
62 0.014202 110 0.005500
63 0.015955 76 0.003800
64 0.017707 62 0.003100
65 0.019459 56 0.002800
66 0.021211 44 0.002200
67 0.022963 36 0.001800
68 0.024715 28 0.001400
69 0.026468 20 0.001000
70 0.028220 18 0.000900
71 0.029972 10 0.000500
72 0.031724 11 0.000550
73 0.033476 8 0.000400
74 0.035229 7 0.000350
75 0.036981 7 0.000350
76 0.038733 9 0.000450
77 0.040485 5 0.000250
78 0.042237 11 0.000550
79 0.043989 5 0.000250
80 0.045742 3 0.000150
81 0.047494 4 0.000200
82 0.049246 9 0.000450
83 0.050998 7 0.000350
84 0.052750 2 0.000100
85 0.054503 1 0.000050
86 0.056255 2 0.000100
87 0.058007 2 0.000100
88 0.059759 1 0.000050
89 0.061511 0 0.000000
90 0.063264 0 0.000000
91 0.065016 0 0.000000
92 0.066768 2 0.000100
93 0.068520 3 0.000150
94 0.070272 1 0.000050
95 0.072024 0 0.000000
96 0.073777 0 0.000000
97 0.075529 0 0.000000
98 0.077281 2 0.000100
99 0.079033 1 0.000050
