0 0.008600 11 0.000183
1 0.018618 4 0.000067
2 0.028635 3 0.000050
3 0.038653 0 0.000000
4 0.048671 20 0.000333
5 0.058689 20 0.000333
6 0.068706 2 0.000033
7 0.078724 17 0.000283
8 0.088742 22 0.000367
9 0.098760 8 0.000133
10 0.108778 29 0.000483
11 0.118795 2 0.000033
12 0.128813 24 0.000400
13 0.138831 8 0.000133
14 0.148849 31 0.000517
15 0.158866 15 0.000250
16 0.168884 23 0.000383
17 0.178902 48 0.000800
18 0.188920 34 0.000567
19 0.198938 24 0.000400
20 0.208955 20 0.000333
21 0.218973 20 0.000333
22 0.228991 31 0.000517
23 0.239009 49 0.000817
24 0.249026 52 0.000867
25 0.259044 74 0.001233
26 0.269062 44 0.000733
27 0.279080 98 0.001633
28 0.289098 109 0.001817
29 0.299115 88 0.001467
30 0.309133 171 0.002850
31 0.319151 182 0.003033
32 0.329169 241 0.004017
33 0.339186 138 0.002300
34 0.349204 192 0.003200
35 0.359222 156 0.002600
36 0.369240 148 0.002467
37 0.379258 156 0.002600
38 0.389275 198 0.003300
39 0.399293 205 0.003417
40 0.409311 308 0.005133
41 0.419329 293 0.004883
42 0.429346 378 0.006300
43 0.439364 484 0.008067
44 0.449382 712 0.011867
45 0.459400 954 0.015900
46 0.469418 1192 0.019867
47 0.479435 1844 0.030733
48 0.489453 3968 0.066133
49 0.499471 7584 0.126400
50 0.509489 11228 0.187133
51 0.519506 3788 0.063133
52 0.529524 1728 0.028800
53 0.539542 1135 0.018917
54 0.549560 935 0.015583
55 0.559577 908 0.015133
56 0.569595 1278 0.021300
57 0.579613 2086 0.034767
58 0.589631 2886 0.048100
59 0.599649 1818 0.030300
60 0.609666 1183 0.019717
61 0.619684 950 0.015833
62 0.629702 791 0.013183
63 0.639720 559 0.009317
64 0.649737 401 0.006683
65 0.659755 375 0.006250
66 0.669773 313 0.005217
67 0.679791 293 0.004883
68 0.689809 271 0.004517
69 0.699826 256 0.004267
70 0.709844 195 0.003250
71 0.719862 184 0.003067
72 0.729880 222 0.003700
73 0.739897 180 0.003000
74 0.749915 202 0.003367
75 0.759933 174 0.002900
76 0.769951 208 0.003467
77 0.779969 232 0.003867
78 0.789986 138 0.002300
79 0.800004 147 0.002450
80 0.810022 209 0.003483
81 0.820040 199 0.003317
82 0.830058 307 0.005117
83 0.840075 296 0.004933
84 0.850093 335 0.005583
85 0.860111 439 0.007317
86 0.870129 476 0.007933
87 0.880146 388 0.006467
88 0.890164 336 0.005600
89 0.900182 254 0.004233
90 0.910200 287 0.004783
91 0.920218 296 0.004933
92 0.930235 315 0.005250
93 0.940253 168 0.002800
94 0.950271 82 0.001367
95 0.960289 38 0.000633
96 0.970306 46 0.000767
97 0.980324 26 0.000433
98 0.990342 4 0.000067
99 1.000360 1 0.000017
