0 0.011944 4 0.000200
1 0.021683 3 0.000150
2 0.031422 5 0.000250
3 0.041161 5 0.000250
4 0.050900 13 0.000650
5 0.060639 8 0.000400
6 0.070378 5 0.000250
7 0.080117 13 0.000650
8 0.089856 8 0.000400
9 0.099596 11 0.000550
10 0.109335 15 0.000750
11 0.119074 8 0.000400
12 0.128813 11 0.000550
13 0.138552 16 0.000800
14 0.148291 8 0.000400
15 0.158030 23 0.001150
16 0.167769 14 0.000700
17 0.177508 26 0.001300
18 0.187247 23 0.001150
19 0.196986 14 0.000700
20 0.206725 33 0.001650
21 0.216464 30 0.001500
22 0.226204 23 0.001150
23 0.235943 17 0.000850
24 0.245682 24 0.001200
25 0.255421 41 0.002050
26 0.265160 36 0.001800
27 0.274899 65 0.003250
28 0.284638 53 0.002650
29 0.294377 64 0.003200
30 0.304116 60 0.003000
31 0.313855 49 0.002450
32 0.323594 83 0.004150
33 0.333333 78 0.003900
34 0.343072 71 0.003550
35 0.352812 92 0.004600
36 0.362551 140 0.007000
37 0.372290 112 0.005600
38 0.382029 194 0.009700
39 0.391768 174 0.008700
40 0.401507 219 0.010950
41 0.411246 248 0.012400
42 0.420985 249 0.012450
43 0.430724 370 0.018500
44 0.440463 397 0.019850
45 0.450202 571 0.028550
46 0.459941 713 0.035650
47 0.469680 929 0.046450
48 0.479419 1564 0.078200
49 0.489159 2822 0.141100
50 0.498898 3028 0.151400
51 0.508637 1655 0.082750
52 0.518376 1044 0.052200
53 0.528115 685 0.034250
54 0.537854 515 0.025750
55 0.547593 341 0.017050
56 0.557332 387 0.019350
57 0.567071 349 0.017450
58 0.576810 288 0.014400
59 0.586549 203 0.010150
60 0.596288 182 0.009100
61 0.606027 150 0.007500
62 0.615767 137 0.006850
63 0.625506 131 0.006550
64 0.635245 108 0.005400
65 0.644984 112 0.005600
66 0.654723 110 0.005500
67 0.664462 90 0.004500
68 0.674201 82 0.004100
69 0.683940 71 0.003550
70 0.693679 60 0.003000
71 0.703418 50 0.002500
72 0.713157 60 0.003000
73 0.722896 42 0.002100
74 0.732635 24 0.001200
75 0.742375 37 0.001850
76 0.752114 26 0.001300
77 0.761853 26 0.001300
78 0.771592 33 0.001650
79 0.781331 21 0.001050
80 0.791070 20 0.001000
81 0.800809 18 0.000900
82 0.810548 21 0.001050
83 0.820287 14 0.000700
84 0.830026 10 0.000500
85 0.839765 10 0.000500
86 0.849504 12 0.000600
87 0.859244 7 0.000350
88 0.868983 10 0.000500
89 0.878722 11 0.000550
90 0.888461 6 0.000300
91 0.898200 15 0.000750
92 0.907939 13 0.000650
93 0.917678 11 0.000550
94 0.927417 8 0.000400
95 0.937156 5 0.000250
96 0.946895 1 0.000050
97 0.956634 2 0.000100
98 0.966373 4 0.000200
99 0.976112 1 0.000050
