0 0.008600 5 0.000250
1 0.018372 0 0.000000
2 0.028145 3 0.000150
3 0.037917 0 0.000000
4 0.047689 10 0.000500
5 0.057462 7 0.000350
6 0.067234 4 0.000200
7 0.077006 10 0.000500
8 0.086779 14 0.000700
9 0.096551 1 0.000050
10 0.106324 19 0.000950
11 0.116096 6 0.000300
12 0.125868 13 0.000650
13 0.135641 12 0.000600
14 0.145413 24 0.001200
15 0.155186 6 0.000300
16 0.164958 24 0.001200
17 0.174730 31 0.001550
18 0.184503 45 0.002250
19 0.194275 14 0.000700
20 0.204048 25 0.001250
21 0.213820 12 0.000600
22 0.223592 21 0.001050
23 0.233365 33 0.001650
24 0.243137 38 0.001900
25 0.252910 21 0.001050
26 0.262682 47 0.002350
27 0.272454 20 0.001000
28 0.282227 75 0.003750
29 0.291999 75 0.003750
30 0.301772 61 0.003050
31 0.311544 45 0.002250
32 0.321316 55 0.002750
33 0.331089 85 0.004250
34 0.340861 45 0.002250
35 0.350634 140 0.007000
36 0.360406 137 0.006850
37 0.370178 111 0.005550
38 0.379951 150 0.007500
39 0.389723 174 0.008700
40 0.399496 199 0.009950
41 0.409268 245 0.012250
42 0.419040 251 0.012550
43 0.428813 315 0.015750
44 0.438585 380 0.019000
45 0.448357 514 0.025700
46 0.458130 698 0.034900
47 0.467902 804 0.040200
48 0.477675 1189 0.059450
49 0.487447 2282 0.114100
50 0.497219 3466 0.173300
51 0.506992 1957 0.097850
52 0.516764 1216 0.060800
53 0.526537 762 0.038100
54 0.536309 581 0.029050
55 0.546081 392 0.019600
56 0.555854 386 0.019300
57 0.565626 370 0.018500
58 0.575399 300 0.015000
59 0.585171 239 0.011950
60 0.594943 158 0.007900
61 0.604716 194 0.009700
62 0.614488 127 0.006350
63 0.624261 115 0.005750
64 0.634033 138 0.006900
65 0.643805 135 0.006750
66 0.653578 89 0.004450
67 0.663350 93 0.004650
68 0.673123 110 0.005500
69 0.682895 70 0.003500
70 0.692667 51 0.002550
71 0.702440 54 0.002700
72 0.712212 47 0.002350
73 0.721985 55 0.002750
74 0.731757 52 0.002600
75 0.741529 22 0.001100
76 0.751302 39 0.001950
77 0.761074 27 0.001350
78 0.770846 35 0.001750
79 0.780619 14 0.000700
80 0.790391 16 0.000800
81 0.800164 16 0.000800
82 0.809936 31 0.001550
83 0.819708 10 0.000500
84 0.829481 11 0.000550
85 0.839253 23 0.001150
86 0.849026 9 0.000450
87 0.858798 6 0.000300
88 0.868570 13 0.000650
89 0.878343 13 0.000650
90 0.888115 4 0.000200
91 0.897888 14 0.000700
92 0.907660 6 0.000300
93 0.917432 12 0.000600
94 0.927205 7 0.000350
95 0.936977 11 0.000550
96 0.946750 3 0.000150
97 0.956522 5 0.000250
98 0.966294 1 0.000050
99 0.976067 0 0.000000
