0 0.106308 1 0.000050
1 0.114401 1 0.000050
2 0.122495 1 0.000050
3 0.130589 1 0.000050
4 0.138682 0 0.000000
5 0.146776 0 0.000000
6 0.154869 0 0.000000
7 0.162963 0 0.000000
8 0.171056 0 0.000000
9 0.179150 0 0.000000
10 0.187244 0 0.000000
11 0.195337 0 0.000000
12 0.203431 0 0.000000
13 0.211524 5 0.000250
14 0.219618 6 0.000300
15 0.227711 2 0.000100
16 0.235805 3 0.000150
17 0.243898 1 0.000050
18 0.251992 0 0.000000
19 0.260086 0 0.000000
20 0.268179 1 0.000050
21 0.276273 0 0.000000
22 0.284366 2 0.000100
23 0.292460 5 0.000250
24 0.300553 18 0.000900
25 0.308647 23 0.001150
26 0.316741 43 0.002150
27 0.324834 89 0.004450
28 0.332928 56 0.002800
29 0.341021 58 0.002900
30 0.349115 73 0.003650
31 0.357208 152 0.007600
32 0.365302 178 0.008900
33 0.373396 270 0.013500
34 0.381489 186 0.009300
35 0.389583 178 0.008900
36 0.397676 175 0.008750
37 0.405770 265 0.013250
38 0.413863 359 0.017950
39 0.421957 702 0.035100
40 0.430050 696 0.034800
41 0.438144 324 0.016200
42 0.446238 340 0.017000
43 0.454331 513 0.025650
44 0.462425 551 0.027550
45 0.470518 796 0.039800
46 0.478612 532 0.026600
47 0.486705 644 0.032200
48 0.494799 4139 0.206950
49 0.502892 1249 0.062450
50 0.510986 661 0.033050
51 0.519080 668 0.033400
52 0.527173 1039 0.051950
53 0.535267 503 0.025150
54 0.543360 402 0.020100
55 0.551454 424 0.021200
56 0.559547 411 0.020550
57 0.567641 649 0.032450
58 0.575735 362 0.018100
59 0.583828 326 0.016300
60 0.591922 201 0.010050
61 0.600015 241 0.012050
62 0.608109 214 0.010700
63 0.616202 194 0.009700
64 0.624296 415 0.020750
65 0.632389 123 0.006150
66 0.640483 78 0.003900
67 0.648577 64 0.003200
68 0.656670 118 0.005900
69 0.664764 65 0.003250
70 0.672857 92 0.004600
71 0.680951 38 0.001900
72 0.689044 12 0.000600
73 0.697138 18 0.000900
74 0.705232 22 0.001100
75 0.713325 5 0.000250
76 0.721419 1 0.000050
77 0.729512 0 0.000000
78 0.737606 0 0.000000
79 0.745699 1 0.000050
80 0.753793 0 0.000000
81 0.761887 0 0.000000
82 0.769980 1 0.000050
83 0.778074 1 0.000050
84 0.786167 1 0.000050
85 0.794261 5 0.000250
86 0.802354 2 0.000100
87 0.810448 0 0.000000
88 0.818541 0 0.000000
89 0.826635 0 0.000000
90 0.834729 0 0.000000
91 0.842822 0 0.000000
92 0.850916 0 0.000000
93 0.859009 0 0.000000
94 0.867103 0 0.000000
95 0.875196 0 0.000000
96 0.883290 1 0.000050
97 0.891384 0 0.000000
98 0.899477 3 0.000150
99 0.907571 1 0.000050
