0 0.012267 6 0.000300
1 0.022247 4 0.000200
2 0.032228 0 0.000000
3 0.042209 0 0.000000
4 0.052190 9 0.000450
5 0.062170 12 0.000600
6 0.072151 3 0.000150
7 0.082132 10 0.000500
8 0.092113 2 0.000100
9 0.102093 4 0.000200
10 0.112074 9 0.000450
11 0.122055 2 0.000100
12 0.132036 0 0.000000
13 0.142016 3 0.000150
14 0.151997 8 0.000400
15 0.161978 0 0.000000
16 0.171959 1 0.000050
17 0.181939 6 0.000300
18 0.191920 0 0.000000
19 0.201901 9 0.000450
20 0.211881 0 0.000000
21 0.221862 0 0.000000
22 0.231843 19 0.000950
23 0.241824 1 0.000050
24 0.251804 24 0.001200
25 0.261785 18 0.000900
26 0.271766 38 0.001900
27 0.281747 43 0.002150
28 0.291727 19 0.000950
29 0.301708 56 0.002800
30 0.311689 118 0.005900
31 0.321670 178 0.008900
32 0.331650 112 0.005600
33 0.341631 67 0.003350
34 0.351612 47 0.002350
35 0.361593 10 0.000500
36 0.371573 26 0.001300
37 0.381554 18 0.000900
38 0.391535 12 0.000600
39 0.401515 12 0.000600
40 0.411496 45 0.002250
41 0.421477 22 0.001100
42 0.431458 32 0.001600
43 0.441438 43 0.002150
44 0.451419 49 0.002450
45 0.461400 59 0.002950
46 0.471381 82 0.004100
47 0.481361 87 0.004350
48 0.491342 117 0.005850
49 0.501323 115 0.005750
50 0.511304 101 0.005050
51 0.521284 187 0.009350
52 0.531265 197 0.009850
53 0.541246 245 0.012250
54 0.551227 342 0.017100
55 0.561207 446 0.022300
56 0.571188 854 0.042700
57 0.581169 1880 0.094000
58 0.591150 2722 0.136100
59 0.601130 1435 0.071750
60 0.611111 975 0.048750
61 0.621092 782 0.039100
62 0.631072 650 0.032500
63 0.641053 387 0.019350
64 0.651034 293 0.014650
65 0.661015 255 0.012750
66 0.670995 207 0.010350
67 0.680976 226 0.011300
68 0.690957 210 0.010500
69 0.700938 194 0.009700
70 0.710918 150 0.007500
71 0.720899 126 0.006300
72 0.730880 171 0.008550
73 0.740861 139 0.006950
74 0.750841 165 0.008250
75 0.760822 163 0.008150
76 0.770803 158 0.007900
77 0.780784 212 0.010600
78 0.790764 128 0.006400
79 0.800745 134 0.006700
80 0.810726 168 0.008400
81 0.820706 198 0.009900
82 0.830687 289 0.014450
83 0.840668 281 0.014050
84 0.850649 332 0.016600
85 0.860629 435 0.021750
86 0.870610 463 0.023150
87 0.880591 367 0.018350
88 0.890572 320 0.016000
89 0.900552 248 0.012400
90 0.910533 277 0.013850
91 0.920514 283 0.014150
92 0.930495 308 0.015400
93 0.940475 152 0.007600
94 0.950456 77 0.003850
95 0.960437 39 0.001950
96 0.970418 41 0.002050
97 0.980398 26 0.001300
98 0.990379 4 0.000200
99 1.000360 1 0.000050
