0 0.415910 8 0.000400
1 0.417946 2 0.000100
2 0.419982 9 0.000450
3 0.422018 4 0.000200
4 0.424053 4 0.000200
5 0.426089 3 0.000150
6 0.428125 3 0.000150
7 0.430161 0 0.000000
8 0.432197 5 0.000250
9 0.434233 0 0.000000
10 0.436269 2 0.000100
11 0.438304 4 0.000200
12 0.440340 2 0.000100
13 0.442376 10 0.000500
14 0.444412 4 0.000200
15 0.446448 13 0.000650
16 0.448484 23 0.001150
17 0.450520 12 0.000600
18 0.452555 27 0.001350
19 0.454591 27 0.001350
20 0.456627 36 0.001800
21 0.458663 25 0.001250
22 0.460699 42 0.002100
23 0.462735 22 0.001100
24 0.464771 32 0.001600
25 0.466806 53 0.002650
26 0.468842 42 0.002100
27 0.470878 24 0.001200
28 0.472914 47 0.002350
29 0.474950 44 0.002200
30 0.476986 50 0.002500
31 0.479022 47 0.002350
32 0.481057 92 0.004600
33 0.483093 91 0.004550
34 0.485129 84 0.004200
35 0.487165 142 0.007100
36 0.489201 121 0.006050
37 0.491237 174 0.008700
38 0.493273 204 0.010200
39 0.495309 251 0.012550
40 0.497344 311 0.015550
41 0.499380 404 0.020200
42 0.501416 552 0.027600
43 0.503452 889 0.044450
44 0.505488 1078 0.053900
45 0.507524 1319 0.065950
46 0.509560 1760 0.088000
47 0.511595 2042 0.102100
48 0.513631 2379 0.118950
49 0.515667 1975 0.098750
50 0.517703 1385 0.069250
51 0.519739 851 0.042550
52 0.521775 609 0.030450
53 0.523811 442 0.022100
54 0.525846 270 0.013500
55 0.527882 247 0.012350
56 0.529918 213 0.010650
57 0.531954 195 0.009750
58 0.533990 137 0.006850
59 0.536026 140 0.007000
60 0.538062 93 0.004650
61 0.540097 87 0.004350
62 0.542133 77 0.003850
63 0.544169 79 0.003950
64 0.546205 69 0.003450
65 0.548241 80 0.004000
66 0.550277 25 0.001250
67 0.552313 34 0.001700
68 0.554348 43 0.002150
69 0.556384 29 0.001450
70 0.558420 38 0.001900
71 0.560456 23 0.001150
72 0.562492 43 0.002150
73 0.564528 24 0.001200
74 0.566564 35 0.001750
75 0.568599 27 0.001350
76 0.570635 22 0.001100
77 0.572671 18 0.000900
78 0.574707 22 0.001100
79 0.576743 27 0.001350
80 0.578779 19 0.000950
81 0.580815 7 0.000350
82 0.582851 22 0.001100
83 0.584886 14 0.000700
84 0.586922 19 0.000950
85 0.588958 11 0.000550
86 0.590994 9 0.000450
87 0.593030 4 0.000200
88 0.595066 3 0.000150
89 0.597102 0 0.000000
90 0.599137 1 0.000050
91 0.601173 1 0.000050
92 0.603209 2 0.000100
93 0.605245 4 0.000200
94 0.607281 1 0.000050
95 0.609317 2 0.000100
96 0.611353 0 0.000000
97 0.613388 2 0.000100
98 0.615424 0 0.000000
99 0.617460 1 0.000050
