0 0.015465 7 0.000350
1 0.025407 4 0.000200
2 0.035348 10 0.000500
3 0.045290 6 0.000300
4 0.055231 4 0.000200
5 0.065173 3 0.000150
6 0.075114 6 0.000300
7 0.085056 5 0.000250
8 0.094998 5 0.000250
9 0.104939 4 0.000200
10 0.114881 3 0.000150
11 0.124822 2 0.000100
12 0.134764 1 0.000050
13 0.144705 5 0.000250
14 0.154647 4 0.000200
15 0.164589 3 0.000150
16 0.174530 6 0.000300
17 0.184472 2 0.000100
18 0.194413 2 0.000100
19 0.204355 4 0.000200
20 0.214296 1 0.000050
21 0.224238 4 0.000200
22 0.234179 2 0.000100
23 0.244121 19 0.000950
24 0.254063 22 0.001100
25 0.264004 25 0.001250
26 0.273946 49 0.002450
27 0.283887 24 0.001200
28 0.293829 30 0.001500
29 0.303770 40 0.002000
30 0.313712 130 0.006500
31 0.323654 153 0.007650
32 0.333595 146 0.007300
33 0.343537 80 0.004000
34 0.353478 26 0.001300
35 0.363420 17 0.000850
36 0.373361 11 0.000550
37 0.383303 15 0.000750
38 0.393245 13 0.000650
39 0.403186 30 0.001500
40 0.413128 29 0.001450
41 0.423069 37 0.001850
42 0.433011 31 0.001550
43 0.442952 34 0.001700
44 0.452894 58 0.002900
45 0.462836 58 0.002900
46 0.472777 74 0.003700
47 0.482719 89 0.004450
48 0.492660 118 0.005900
49 0.502602 114 0.005700
50 0.512543 145 0.007250
51 0.522485 154 0.007700
52 0.532426 205 0.010250
53 0.542368 280 0.014000
54 0.552310 411 0.020550
55 0.562251 538 0.026900
56 0.572193 1048 0.052400
57 0.582134 2051 0.102550
58 0.592076 2575 0.128750
59 0.602017 1223 0.061150
60 0.611959 959 0.047950
61 0.621901 813 0.040650
62 0.631842 511 0.025550
63 0.641784 365 0.018250
64 0.651725 260 0.013000
65 0.661667 248 0.012400
66 0.671608 217 0.010850
67 0.681550 227 0.011350
68 0.691491 184 0.009200
69 0.701433 173 0.008650
70 0.711375 170 0.008500
71 0.721316 146 0.007300
72 0.731258 143 0.007150
73 0.741199 155 0.007750
74 0.751141 157 0.007850
75 0.761082 180 0.009000
76 0.771024 191 0.009550
77 0.780966 163 0.008150
78 0.790907 154 0.007700
79 0.800849 153 0.007650
80 0.810790 169 0.008450
81 0.820732 284 0.014200
82 0.830673 236 0.011800
83 0.840615 278 0.013900
84 0.850557 326 0.016300
85 0.860498 466 0.023300
86 0.870440 350 0.017500
87 0.880381 427 0.021350
88 0.890323 295 0.014750
89 0.900264 251 0.012550
90 0.910206 266 0.013300
91 0.920148 332 0.016600
92 0.930089 218 0.010900
93 0.940031 160 0.008000
94 0.949972 60 0.003000
95 0.959914 44 0.002200
96 0.969855 36 0.001800
97 0.979797 29 0.001450
98 0.989738 8 0.000400
99 0.999680 1 0.000050
