0.000000 0 0 0.002205 0.000000 0.252516 0.002181 0.000000 0.248241
0.200000 0 1 0.002112 0.000000 0.235024 0.002101 0.000000 0.158935
0.400000 0 2 0.002052 0.000000 0.242736 0.002075 0.000000 0.232277
0.600000 0 3 0.001858 0.000000 0.236147 0.001847 0.000000 0.233915
0.800000 0 4 0.001995 0.000000 0.208959 0.001962 0.000000 0.222955
1.000000 1 0 0.001818 0.000000 0.230970 0.001810 0.000000 0.175600
1.200000 1 1 0.001840 0.000000 0.240913 0.001826 0.000000 0.227629
1.400000 1 2 0.001953 0.000000 0.211895 0.001964 0.000000 0.241204
1.600000 1 3 0.001777 0.000000 0.245560 0.001776 0.000000 0.225052
1.800000 1 4 0.001927 0.000000 0.222158 0.001892 0.000000 0.160267
2.000000 2 0 0.001969 0.000000 0.219956 0.001953 0.000000 0.252522
2.200000 2 1 0.001961 0.000000 0.247287 0.001942 0.000000 0.200961
2.400000 2 2 0.001878 0.000000 0.224813 0.001875 0.000000 0.229755
2.600000 2 3 0.001831 0.000000 0.218527 0.001830 0.000000 0.241663
2.800000 2 4 0.001734 0.000000 0.244634 0.001723 0.000000 0.231596
3.000000 3 0 0.001956 0.000000 0.224954 0.001947 0.000000 0.246133
3.200000 3 1 0.001779 0.000000 0.228054 0.001726 0.000000 0.189421
3.400000 3 2 0.001845 0.000000 0.253550 0.001828 0.000000 0.158593
3.600000 3 3 0.001711 0.000000 0.224532 0.001695 0.000000 0.229646
3.800000 3 4 0.001884 0.000000 0.208003 0.001888 0.000000 0.222862
4.000000 4 0 0.001945 0.000000 0.246134 0.001964 0.000000 0.246134
4.200000 4 1 0.002017 0.000000 0.231557 0.001986 0.000000 0.233932
4.400000 4 2 0.001842 0.000000 0.236362 0.001805 0.000000 0.236362
4.600000 4 3 0.001860 0.000000 0.218788 0.001851 0.000000 0.244333
4.800000 4 4 0.001762 0.000000 0.242318 0.001762 0.000000 0.248969
5.000000 5 0 0.001952 0.000000 0.232830 0.001943 0.000000 0.160404
5.200000 5 1 0.001858 0.000000 0.215055 0.001879 0.000000 0.212642
5.400000 5 2 0.001818 0.000000 0.235668 0.001808 0.000000 0.194388
5.600000 5 3 0.001751 0.000000 0.231766 0.001727 0.000000 0.155010
5.800000 5 4 0.001857 0.000000 0.218115 0.001855 0.000000 0.225733
6.000000 6 0 0.001807 0.000000 0.238182 0.001815 0.000000 0.189186
6.200000 6 1 0.001773 0.000000 0.216621 0.001740 0.000000 0.233146
6.400000 6 2 0.001809 0.000000 0.234594 0.001804 0.000000 0.148487
6.600000 6 3 0.001767 0.000000 0.246177 0.001759 0.000000 0.218167
6.800000 6 4 0.001852 0.000000 0.220317 0.001844 0.000000 0.166770
7.000000 7 0 0.001832 0.000000 0.242048 0.001798 0.000000 0.163899
7.200000 7 1 0.001823 0.000000 0.243095 0.001802 0.000000 0.227562
7.400000 7 2 0.001781 0.000000 0.231765 0.001758 0.000000 0.221348
7.600000 7 3 0.001766 0.000000 0.225125 0.001724 0.000000 0.160873
7.800000 7 4 0.001802 0.000000 0.253104 0.001781 0.000000 0.169875
8.000000 8 0 0.001761 0.000000 0.234673 0.001772 0.000000 0.224261
8.200000 8 1 0.001779 0.000000 0.234132 0.001800 0.000000 0.209911
8.400000 8 2 0.001847 0.000000 0.229951 0.001829 0.000000 0.168339
8.600000 8 3 0.001753 0.000000 0.233868 0.001729 0.000000 0.206283
8.800000 8 4 0.001714 0.000000 0.236336 0.001712 0.000000 0.199575
9.000000 9 0 0.001752 0.000000 0.237521 0.001740 0.000000 0.177448
9.200000 9 1 0.001766 0.000000 0.229677 0.001776 0.000000 0.171055
9.400000 9 2 0.001752 0.000000 0.231389 0.001709 0.000000 0.227827
9.600000 9 3 0.001766 0.000000 0.233363 0.001709 0.000000 0.203411
9.800000 9 4 0.001751 0.000000 0.232495 0.001715 0.000000 0.224878
