0 -0.479214 1 0.000050
1 -0.469621 0 0.000000
2 -0.460028 0 0.000000
3 -0.450435 0 0.000000
4 -0.440841 0 0.000000
5 -0.431248 0 0.000000
6 -0.421655 1 0.000050
7 -0.412062 0 0.000000
8 -0.402469 1 0.000050
9 -0.392876 0 0.000000
10 -0.383283 0 0.000000
11 -0.373690 1 0.000050
12 -0.364096 0 0.000000
13 -0.354503 1 0.000050
14 -0.344910 0 0.000000
15 -0.335317 0 0.000000
16 -0.325724 1 0.000050
17 -0.316131 2 0.000100
18 -0.306538 0 0.000000
19 -0.296944 2 0.000100
20 -0.287351 3 0.000150
21 -0.277758 2 0.000100
22 -0.268165 0 0.000000
23 -0.258572 3 0.000150
24 -0.248979 2 0.000100
25 -0.239386 6 0.000300
26 -0.229793 4 0.000200
27 -0.220199 3 0.000150
28 -0.210606 2 0.000100
29 -0.201013 14 0.000700
30 -0.191420 35 0.001750
31 -0.181827 41 0.002050
32 -0.172234 59 0.002950
33 -0.162641 96 0.004800
34 -0.153048 144 0.007200
35 -0.143454 178 0.008900
36 -0.133861 181 0.009050
37 -0.124268 204 0.010200
38 -0.114675 210 0.010500
39 -0.105082 268 0.013400
40 -0.095489 281 0.014050
41 -0.085896 610 0.030500
42 -0.076302 663 0.033150
43 -0.066709 558 0.027900
44 -0.057116 484 0.024200
45 -0.047523 566 0.028300
46 -0.037930 589 0.029450
47 -0.028337 940 0.047000
48 -0.018744 1053 0.052650
49 -0.009151 3075 0.153750
50 0.000443 2384 0.119200
51 0.010036 894 0.044700
52 0.019629 1070 0.053500
53 0.029222 696 0.034800
54 0.038815 769 0.038450
55 0.048408 509 0.025450
56 0.058001 501 0.025050
57 0.067595 486 0.024300
58 0.077188 393 0.019650
59 0.086781 301 0.015050
60 0.096374 296 0.014800
61 0.105967 236 0.011800
62 0.115560 316 0.015800
63 0.125153 263 0.013150
64 0.134746 180 0.009000
65 0.144340 111 0.005550
66 0.153933 100 0.005000
67 0.163526 45 0.002250
68 0.173119 63 0.003150
69 0.182712 39 0.001950
70 0.192305 20 0.001000
71 0.201898 8 0.000400
72 0.211491 5 0.000250
73 0.221085 5 0.000250
74 0.230678 5 0.000250
75 0.240271 3 0.000150
76 0.249864 1 0.000050
77 0.259457 1 0.000050
78 0.269050 1 0.000050
79 0.278643 1 0.000050
80 0.288237 3 0.000150
81 0.297830 4 0.000200
82 0.307423 0 0.000000
83 0.317016 1 0.000050
84 0.326609 1 0.000050
85 0.336202 0 0.000000
86 0.345795 0 0.000000
87 0.355388 0 0.000000
88 0.364982 0 0.000000
89 0.374575 2 0.000100
90 0.384168 1 0.000050
91 0.393761 1 0.000050
92 0.403354 0 0.000000
93 0.412947 0 0.000000
94 0.422540 0 0.000000
95 0.432133 0 0.000000
96 0.441727 0 0.000000
97 0.451320 0 0.000000
98 0.460913 1 0.000050
99 0.470506 0 0.000000
