0 0.000000 50996 0.849933
1 0.002320 2647 0.044117
2 0.004639 2030 0.033833
3 0.006959 955 0.015917
4 0.009279 721 0.012017
5 0.011598 532 0.008867
6 0.013918 571 0.009517
7 0.016238 395 0.006583
8 0.018557 305 0.005083
9 0.020877 209 0.003483
10 0.023197 157 0.002617
11 0.025516 115 0.001917
12 0.027836 80 0.001333
13 0.030156 75 0.001250
14 0.032475 63 0.001050
15 0.034795 35 0.000583
16 0.037115 20 0.000333
17 0.039434 17 0.000283
18 0.041754 4 0.000067
19 0.044073 7 0.000117
20 0.046393 4 0.000067
21 0.048713 6 0.000100
22 0.051032 3 0.000050
23 0.053352 5 0.000083
24 0.055672 7 0.000117
25 0.057991 4 0.000067
26 0.060311 1 0.000017
27 0.062631 4 0.000067
28 0.064950 0 0.000000
29 0.067270 0 0.000000
30 0.069590 0 0.000000
31 0.071909 2 0.000033
32 0.074229 1 0.000017
33 0.076549 3 0.000050
34 0.078868 0 0.000000
35 0.081188 2 0.000033
36 0.083508 2 0.000033
37 0.085827 2 0.000033
38 0.088147 1 0.000017
39 0.090467 3 0.000050
40 0.092786 1 0.000017
41 0.095106 2 0.000033
42 0.097426 0 0.000000
43 0.099745 0 0.000000
44 0.102065 0 0.000000
45 0.104385 2 0.000033
46 0.106704 1 0.000017
47 0.109024 0 0.000000
48 0.111344 0 0.000000
49 0.113663 0 0.000000
50 0.115983 0 0.000000
51 0.118303 0 0.000000
52 0.120622 0 0.000000
53 0.122942 1 0.000017
54 0.125261 0 0.000000
55 0.127581 0 0.000000
56 0.129901 0 0.000000
57 0.132220 0 0.000000
58 0.134540 0 0.000000
59 0.136860 0 0.000000
60 0.139179 1 0.000017
61 0.141499 1 0.000017
62 0.143819 0 0.000000
63 0.146138 1 0.000017
64 0.148458 0 0.000000
65 0.150778 0 0.000000
66 0.153097 2 0.000033
67 0.155417 1 0.000017
68 0.157737 0 0.000000
69 0.160056 0 0.000000
70 0.162376 0 0.000000
71 0.164696 0 0.000000
72 0.167015 0 0.000000
73 0.169335 0 0.000000
74 0.171655 1 0.000017
75 0.173974 0 0.000000
76 0.176294 0 0.000000
77 0.178614 0 0.000000
78 0.180933 0 0.000000
79 0.183253 0 0.000000
80 0.185573 0 0.000000
81 0.187892 0 0.000000
82 0.190212 0 0.000000
83 0.192532 0 0.000000
84 0.194851 0 0.000000
85 0.197171 0 0.000000
86 0.199491 0 0.000000
87 0.201810 0 0.000000
88 0.204130 0 0.000000
89 0.206449 0 0.000000
90 0.208769 0 0.000000
91 0.211089 0 0.000000
92 0.213408 0 0.000000
93 0.215728 0 0.000000
94 0.218048 0 0.000000
95 0.220367 1 0.000017
96 0.222687 0 0.000000
97 0.225007 0 0.000000
98 0.227326 0 0.000000
99 0.229646 1 0.000017
