0 -0.238863 2 0.000100
1 -0.234630 0 0.000000
2 -0.230397 0 0.000000
3 -0.226163 0 0.000000
4 -0.221930 0 0.000000
5 -0.217697 0 0.000000
6 -0.213464 0 0.000000
7 -0.209230 0 0.000000
8 -0.204997 0 0.000000
9 -0.200764 0 0.000000
10 -0.196531 0 0.000000
11 -0.192297 0 0.000000
12 -0.188064 0 0.000000
13 -0.183831 0 0.000000
14 -0.179598 0 0.000000
15 -0.175364 0 0.000000
16 -0.171131 2 0.000100
17 -0.166898 1 0.000050
18 -0.162665 2 0.000100
19 -0.158431 1 0.000050
20 -0.154198 0 0.000000
21 -0.149965 4 0.000200
22 -0.145732 0 0.000000
23 -0.141498 2 0.000100
24 -0.137265 0 0.000000
25 -0.133032 3 0.000150
26 -0.128799 1 0.000050
27 -0.124565 4 0.000200
28 -0.120332 4 0.000200
29 -0.116099 4 0.000200
30 -0.111866 8 0.000400
31 -0.107632 14 0.000700
32 -0.103399 5 0.000250
33 -0.099166 7 0.000350
34 -0.094933 14 0.000700
35 -0.090699 13 0.000650
36 -0.086466 13 0.000650
37 -0.082233 12 0.000600
38 -0.078000 13 0.000650
39 -0.073766 14 0.000700
40 -0.069533 15 0.000750
41 -0.065300 34 0.001700
42 -0.061067 22 0.001100
43 -0.056833 42 0.002100
44 -0.052600 49 0.002450
45 -0.048367 46 0.002300
46 -0.044134 79 0.003950
47 -0.039900 97 0.004850
48 -0.035667 126 0.006300
49 -0.031434 184 0.009200
50 -0.027201 226 0.011300
51 -0.022967 400 0.020000
52 -0.018734 621 0.031050
53 -0.014501 1115 0.055750
54 -0.010268 2014 0.100700
55 -0.006034 4101 0.205050
56 -0.001801 5100 0.255000
57 0.002432 2625 0.131250
58 0.006665 1043 0.052150
59 0.010899 636 0.031800
60 0.015132 359 0.017950
61 0.019365 225 0.011250
62 0.023598 159 0.007950
63 0.027832 103 0.005150
64 0.032065 49 0.002450
65 0.036298 61 0.003050
66 0.040531 56 0.002800
67 0.044765 32 0.001600
68 0.048998 21 0.001050
69 0.053231 28 0.001400
70 0.057464 15 0.000750
71 0.061698 18 0.000900
72 0.065931 7 0.000350
73 0.070164 12 0.000600
74 0.074398 29 0.001450
75 0.078631 7 0.000350
76 0.082864 14 0.000700
77 0.087097 9 0.000450
78 0.091331 5 0.000250
79 0.095564 9 0.000450
80 0.099797 9 0.000450
81 0.104030 15 0.000750
82 0.108264 9 0.000450
83 0.112497 4 0.000200
84 0.116730 5 0.000250
85 0.120963 0 0.000000
86 0.125197 1 0.000050
87 0.129430 3 0.000150
88 0.133663 5 0.000250
89 0.137896 2 0.000100
90 0.142130 0 0.000000
91 0.146363 0 0.000000
92 0.150596 1 0.000050
93 0.154829 1 0.000050
94 0.159063 0 0.000000
95 0.163296 0 0.000000
96 0.167529 1 0.000050
97 0.171762 1 0.000050
98 0.175996 6 0.000300
99 0.180229 1 0.000050
