0 0.008426 2 0.000100
1 0.018440 6 0.000300
2 0.028453 5 0.000250
3 0.038467 6 0.000300
4 0.048481 8 0.000400
5 0.058495 5 0.000250
6 0.068508 1 0.000050
7 0.078522 6 0.000300
8 0.088536 3 0.000150
9 0.098550 5 0.000250
10 0.108563 5 0.000250
11 0.118577 1 0.000050
12 0.128591 5 0.000250
13 0.138604 0 0.000000
14 0.148618 5 0.000250
15 0.158632 4 0.000200
16 0.168646 0 0.000000
17 0.178659 0 0.000000
18 0.188673 2 0.000100
19 0.198687 3 0.000150
20 0.208701 4 0.000200
21 0.218714 5 0.000250
22 0.228728 5 0.000250
23 0.238742 9 0.000450
24 0.248756 29 0.001450
25 0.258769 24 0.001200
26 0.268783 20 0.001000
27 0.278797 43 0.002150
28 0.288811 32 0.001600
29 0.298824 24 0.001200
30 0.308838 102 0.005100
31 0.318852 79 0.003950
32 0.328866 190 0.009500
33 0.338879 112 0.005600
34 0.348893 68 0.003400
35 0.358907 8 0.000400
36 0.368921 21 0.001050
37 0.378934 14 0.000700
38 0.388948 11 0.000550
39 0.398962 22 0.001100
40 0.408976 28 0.001400
41 0.418989 51 0.002550
42 0.429003 27 0.001350
43 0.439017 36 0.001800
44 0.449031 40 0.002000
45 0.459044 51 0.002550
46 0.469058 67 0.003350
47 0.479072 83 0.004150
48 0.489086 120 0.006000
49 0.499099 105 0.005250
50 0.509113 146 0.007300
51 0.519127 180 0.009000
52 0.529141 211 0.010550
53 0.539154 245 0.012250
54 0.549168 379 0.018950
55 0.559182 491 0.024550
56 0.569196 748 0.037400
57 0.579209 1935 0.096750
58 0.589223 2538 0.126900
59 0.599237 1622 0.081100
60 0.609251 972 0.048600
61 0.619264 857 0.042850
62 0.629278 541 0.027050
63 0.639292 346 0.017300
64 0.649306 354 0.017700
65 0.659319 281 0.014050
66 0.669333 207 0.010350
67 0.679347 214 0.010700
68 0.689360 178 0.008900
69 0.699374 156 0.007800
70 0.709388 165 0.008250
71 0.719402 140 0.007000
72 0.729415 154 0.007700
73 0.739429 176 0.008800
74 0.749443 173 0.008650
75 0.759457 164 0.008200
76 0.769470 197 0.009850
77 0.779484 160 0.008000
78 0.789498 204 0.010200
79 0.799512 150 0.007500
80 0.809525 150 0.007500
81 0.819539 246 0.012300
82 0.829553 228 0.011400
83 0.839567 262 0.013100
84 0.849580 303 0.015150
85 0.859594 439 0.021950
86 0.869608 420 0.021000
87 0.879622 400 0.020000
88 0.889635 296 0.014800
89 0.899649 265 0.013250
90 0.909663 305 0.015250
91 0.919677 327 0.016350
92 0.929690 221 0.011050
93 0.939704 158 0.007900
94 0.949718 66 0.003300
95 0.959732 43 0.002150
96 0.969745 55 0.002750
97 0.979759 19 0.000950
98 0.989773 10 0.000500
99 0.999787 1 0.000050
