0 0.417485 2 0.000100
1 0.419160 6 0.000300
2 0.420834 0 0.000000
3 0.422509 0 0.000000
4 0.424183 0 0.000000
5 0.425858 0 0.000000
6 0.427532 2 0.000100
7 0.429207 0 0.000000
8 0.430882 23 0.001150
9 0.432556 5 0.000250
10 0.434231 2 0.000100
11 0.435905 6 0.000300
12 0.437580 0 0.000000
13 0.439254 6 0.000300
14 0.440929 13 0.000650
15 0.442604 3 0.000150
16 0.444278 17 0.000850
17 0.445953 10 0.000500
18 0.447627 12 0.000600
19 0.449302 18 0.000900
20 0.450976 11 0.000550
21 0.452651 0 0.000000
22 0.454326 37 0.001850
23 0.456000 23 0.001150
24 0.457675 7 0.000350
25 0.459349 32 0.001600
26 0.461024 20 0.001000
27 0.462698 33 0.001650
28 0.464373 45 0.002250
29 0.466048 37 0.001850
30 0.467722 51 0.002550
31 0.469397 68 0.003400
32 0.471071 130 0.006500
33 0.472746 55 0.002750
34 0.474420 88 0.004400
35 0.476095 73 0.003650
36 0.477770 171 0.008550
37 0.479444 183 0.009150
38 0.481119 195 0.009750
39 0.482793 284 0.014200
40 0.484468 291 0.014550
41 0.486142 323 0.016150
42 0.487817 365 0.018250
43 0.489492 545 0.027250
44 0.491166 594 0.029700
45 0.492841 604 0.030200
46 0.494515 604 0.030200
47 0.496190 876 0.043800
48 0.497864 1255 0.062750
49 0.499539 1410 0.070500
50 0.501214 1617 0.080850
51 0.502888 1511 0.075550
52 0.504563 1414 0.070700
53 0.506237 928 0.046400
54 0.507912 754 0.037700
55 0.509586 896 0.044800
56 0.511261 691 0.034550
57 0.512936 541 0.027050
58 0.514610 562 0.028100
59 0.516285 360 0.018000
60 0.517959 317 0.015850
61 0.519634 290 0.014500
62 0.521308 272 0.013600
63 0.522983 139 0.006950
64 0.524658 114 0.005700
65 0.526332 121 0.006050
66 0.528007 163 0.008150
67 0.529681 96 0.004800
68 0.531356 88 0.004400
69 0.533030 68 0.003400
70 0.534705 67 0.003350
71 0.536380 38 0.001900
72 0.538054 44 0.002200
73 0.539729 26 0.001300
74 0.541403 16 0.000800
75 0.543078 28 0.001400
76 0.544752 56 0.002800
77 0.546427 51 0.002550
78 0.548101 23 0.001150
79 0.549776 16 0.000800
80 0.551451 44 0.002200
81 0.553125 30 0.001500
82 0.554800 10 0.000500
83 0.556474 18 0.000900
84 0.558149 7 0.000350
85 0.559824 0 0.000000
86 0.561498 7 0.000350
87 0.563173 2 0.000100
88 0.564847 15 0.000750
89 0.566522 9 0.000450
90 0.568196 15 0.000750
91 0.569871 0 0.000000
92 0.571545 0 0.000000
93 0.573220 0 0.000000
94 0.574895 0 0.000000
95 0.576569 0 0.000000
96 0.578244 0 0.000000
97 0.579918 0 0.000000
98 0.581593 0 0.000000
99 0.583267 1 0.000050
