0 0.055035 4 0.000200
1 0.064298 0 0.000000
2 0.073560 25 0.001250
3 0.082823 2 0.000100
4 0.092086 0 0.000000
5 0.101348 0 0.000000
6 0.110611 9 0.000450
7 0.119874 45 0.002250
8 0.129136 0 0.000000
9 0.138399 8 0.000400
10 0.147662 21 0.001050
11 0.156924 24 0.001200
12 0.166187 25 0.001250
13 0.175450 9 0.000450
14 0.184712 11 0.000550
15 0.193975 46 0.002300
16 0.203238 3 0.000150
17 0.212500 23 0.001150
18 0.221763 21 0.001050
19 0.231026 10 0.000500
20 0.240289 53 0.002650
21 0.249551 53 0.002650
22 0.258814 29 0.001450
23 0.268077 57 0.002850
24 0.277339 37 0.001850
25 0.286602 68 0.003400
26 0.295865 26 0.001300
27 0.305127 59 0.002950
28 0.314390 34 0.001700
29 0.323653 83 0.004150
30 0.332915 93 0.004650
31 0.342178 117 0.005850
32 0.351441 99 0.004950
33 0.360703 92 0.004600
34 0.369966 128 0.006400
35 0.379229 92 0.004600
36 0.388492 122 0.006100
37 0.397754 204 0.010200
38 0.407017 256 0.012800
39 0.416280 186 0.009300
40 0.425542 230 0.011500
41 0.434805 271 0.013550
42 0.444068 447 0.022350
43 0.453330 544 0.027200
44 0.462593 627 0.031350
45 0.471856 784 0.039200
46 0.481118 1036 0.051800
47 0.490381 1956 0.097800
48 0.499644 3106 0.155300
49 0.508906 2516 0.125800
50 0.518169 1251 0.062550
51 0.527432 856 0.042800
52 0.536695 562 0.028100
53 0.545957 432 0.021600
54 0.555220 312 0.015600
55 0.564483 311 0.015550
56 0.573745 284 0.014200
57 0.583008 241 0.012050
58 0.592271 262 0.013100
59 0.601533 172 0.008600
60 0.610796 159 0.007950
61 0.620059 117 0.005850
62 0.629321 160 0.008000
63 0.638584 125 0.006250
64 0.647847 82 0.004100
65 0.657109 91 0.004550
66 0.666372 117 0.005850
67 0.675635 83 0.004150
68 0.684897 54 0.002700
69 0.694160 22 0.001100
70 0.703423 7 0.000350
71 0.712686 73 0.003650
72 0.721948 3 0.000150
73 0.731211 36 0.001800
74 0.740474 53 0.002650
75 0.749736 67 0.003350
76 0.758999 56 0.002800
77 0.768262 23 0.001150
78 0.777524 1 0.000050
79 0.786787 27 0.001350
80 0.796050 1 0.000050
81 0.805312 54 0.002700
82 0.814575 23 0.001150
83 0.823838 13 0.000650
84 0.833100 13 0.000650
85 0.842363 12 0.000600
86 0.851626 22 0.001100
87 0.860889 20 0.001000
88 0.870151 13 0.000650
89 0.879414 14 0.000700
90 0.888677 43 0.002150
91 0.897939 0 0.000000
92 0.907202 6 0.000300
93 0.916465 16 0.000800
94 0.925727 1 0.000050
95 0.934990 0 0.000000
96 0.944253 7 0.000350
97 0.953515 0 0.000000
98 0.962778 10 0.000500
99 0.972041 2 0.000100
