0 0.055035 4 0.000067
1 0.064770 0 0.000000
2 0.074504 35 0.000583
3 0.084239 2 0.000033
4 0.093974 9 0.000150
5 0.103709 0 0.000000
6 0.113444 49 0.000817
7 0.123178 10 0.000167
8 0.132913 0 0.000000
9 0.142648 52 0.000867
10 0.152383 26 0.000433
11 0.162118 25 0.000417
12 0.171852 50 0.000833
13 0.181587 11 0.000183
14 0.191322 51 0.000850
15 0.201057 18 0.000300
16 0.210792 23 0.000383
17 0.220526 25 0.000417
18 0.230261 10 0.000167
19 0.239996 63 0.001050
20 0.249731 75 0.001250
21 0.259466 56 0.000933
22 0.269201 121 0.002017
23 0.278935 58 0.000967
24 0.288670 122 0.002033
25 0.298405 53 0.000883
26 0.308140 169 0.002817
27 0.317875 267 0.004450
28 0.327609 194 0.003233
29 0.337344 137 0.002283
30 0.347079 131 0.002183
31 0.356814 157 0.002617
32 0.366549 111 0.001850
33 0.376283 122 0.002033
34 0.386018 129 0.002150
35 0.395753 212 0.003533
36 0.405488 274 0.004567
37 0.415223 231 0.003850
38 0.424957 291 0.004850
39 0.434692 392 0.006533
40 0.444427 514 0.008567
41 0.454162 808 0.013467
42 0.463897 1064 0.017733
43 0.473631 1800 0.030000
44 0.483366 3758 0.062633
45 0.493101 8886 0.148100
46 0.502836 9421 0.157017
47 0.512571 4507 0.075117
48 0.522305 2067 0.034450
49 0.532040 1246 0.020767
50 0.541775 1020 0.017000
51 0.551510 700 0.011667
52 0.561245 983 0.016383
53 0.570979 1248 0.020800
54 0.580714 2287 0.038117
55 0.590449 2429 0.040483
56 0.600184 1754 0.029233
57 0.609919 1198 0.019967
58 0.619653 879 0.014650
59 0.629388 780 0.013000
60 0.639123 527 0.008783
61 0.648858 384 0.006400
62 0.658593 396 0.006600
63 0.668327 261 0.004350
64 0.678062 368 0.006133
65 0.687797 138 0.002300
66 0.697532 156 0.002600
67 0.707267 268 0.004467
68 0.717001 200 0.003333
69 0.726736 169 0.002817
70 0.736471 175 0.002917
71 0.746206 186 0.003100
72 0.755941 200 0.003333
73 0.765675 145 0.002417
74 0.775410 276 0.004600
75 0.785145 309 0.005150
76 0.794880 81 0.001350
77 0.804615 221 0.003683
78 0.814350 189 0.003150
79 0.824084 220 0.003667
80 0.833819 256 0.004267
81 0.843554 238 0.003967
82 0.853289 355 0.005917
83 0.863024 345 0.005750
84 0.872758 491 0.008183
85 0.882493 402 0.006700
86 0.892228 327 0.005450
87 0.901963 308 0.005133
88 0.911698 250 0.004167
89 0.921432 326 0.005433
90 0.931167 203 0.003383
91 0.940902 287 0.004783
92 0.950637 78 0.001300
93 0.960372 68 0.001133
94 0.970106 38 0.000633
95 0.979841 43 0.000717
96 0.989576 0 0.000000
97 0.999311 0 0.000000
98 1.009046 2 0.000033
99 1.018780 0 0.000000
