0 0.005290 1 0.000050
1 0.015337 0 0.000000
2 0.025385 0 0.000000
3 0.035432 0 0.000000
4 0.045480 0 0.000000
5 0.055528 0 0.000000
6 0.065575 0 0.000000
7 0.075623 0 0.000000
8 0.085670 0 0.000000
9 0.095718 0 0.000000
10 0.105766 0 0.000000
11 0.115813 2 0.000100
12 0.125861 1 0.000050
13 0.135908 0 0.000000
14 0.145956 0 0.000000
15 0.156003 0 0.000000
16 0.166051 0 0.000000
17 0.176099 0 0.000000
18 0.186146 1 0.000050
19 0.196194 2 0.000100
20 0.206241 2 0.000100
21 0.216289 7 0.000350
22 0.226336 1 0.000050
23 0.236384 0 0.000000
24 0.246432 0 0.000000
25 0.256479 1 0.000050
26 0.266527 0 0.000000
27 0.276574 2 0.000100
28 0.286622 3 0.000150
29 0.296670 14 0.000700
30 0.306717 23 0.001150
31 0.316765 62 0.003100
32 0.326812 110 0.005500
33 0.336860 43 0.002150
34 0.346907 74 0.003700
35 0.356955 158 0.007900
36 0.367003 334 0.016700
37 0.377050 212 0.010600
38 0.387098 239 0.011950
39 0.397145 235 0.011750
40 0.407193 336 0.016800
41 0.417240 538 0.026900
42 0.427288 977 0.048850
43 0.437336 426 0.021300
44 0.447383 400 0.020000
45 0.457431 650 0.032500
46 0.467478 958 0.047900
47 0.477526 671 0.033550
48 0.487574 794 0.039700
49 0.497621 4873 0.243650
50 0.507669 890 0.044500
51 0.517716 904 0.045200
52 0.527764 1172 0.058600
53 0.537811 573 0.028650
54 0.547859 529 0.026450
55 0.557907 577 0.028850
56 0.567954 764 0.038200
57 0.578002 418 0.020900
58 0.588049 307 0.015350
59 0.598097 254 0.012700
60 0.608144 269 0.013450
61 0.618192 356 0.017800
62 0.628240 324 0.016200
63 0.638287 86 0.004300
64 0.648335 84 0.004200
65 0.658382 105 0.005250
66 0.668430 96 0.004800
67 0.678478 46 0.002300
68 0.688525 24 0.001200
69 0.698573 25 0.001250
70 0.708620 17 0.000850
71 0.718668 2 0.000100
72 0.728715 0 0.000000
73 0.738763 1 0.000050
74 0.748811 0 0.000000
75 0.758858 0 0.000000
76 0.768906 6 0.000300
77 0.778953 3 0.000150
78 0.789001 6 0.000300
79 0.799048 3 0.000150
80 0.809096 2 0.000100
81 0.819144 0 0.000000
82 0.829191 0 0.000000
83 0.839239 0 0.000000
84 0.849286 0 0.000000
85 0.859334 0 0.000000
86 0.869382 2 0.000100
87 0.879429 1 0.000050
88 0.889477 1 0.000050
89 0.899524 2 0.000100
90 0.909572 0 0.000000
91 0.919619 0 0.000000
92 0.929667 0 0.000000
93 0.939715 0 0.000000
94 0.949762 0 0.000000
95 0.959810 0 0.000000
96 0.969857 0 0.000000
97 0.979905 0 0.000000
98 0.989952 0 0.000000
99 1.000000 1 0.000050
