0 0.076499 10 0.000500
1 0.086017 9 0.000450
2 0.095535 0 0.000000
3 0.105053 0 0.000000
4 0.114571 5 0.000250
5 0.124089 0 0.000000
6 0.133607 0 0.000000
7 0.143125 39 0.001950
8 0.152643 0 0.000000
9 0.162161 8 0.000400
10 0.171679 21 0.001050
11 0.181197 0 0.000000
12 0.190715 4 0.000200
13 0.200233 0 0.000000
14 0.209751 14 0.000700
15 0.219269 4 0.000200
16 0.228787 0 0.000000
17 0.238305 0 0.000000
18 0.247823 20 0.001000
19 0.257341 26 0.001300
20 0.266859 38 0.001900
21 0.276377 31 0.001550
22 0.285895 68 0.003400
23 0.295413 30 0.001500
24 0.304931 36 0.001800
25 0.314449 206 0.010300
26 0.323967 151 0.007550
27 0.333485 47 0.002350
28 0.343002 18 0.000900
29 0.352520 28 0.001400
30 0.362038 22 0.001100
31 0.371556 18 0.000900
32 0.381074 6 0.000300
33 0.390592 23 0.001150
34 0.400110 14 0.000700
35 0.409628 7 0.000350
36 0.419146 12 0.000600
37 0.428664 29 0.001450
38 0.438182 45 0.002250
39 0.447700 34 0.001700
40 0.457218 39 0.001950
41 0.466736 52 0.002600
42 0.476254 95 0.004750
43 0.485772 99 0.004950
44 0.495290 99 0.004950
45 0.504808 123 0.006150
46 0.514326 184 0.009200
47 0.523844 154 0.007700
48 0.533362 232 0.011600
49 0.542880 338 0.016900
50 0.552398 242 0.012100
51 0.561916 572 0.028600
52 0.571434 889 0.044450
53 0.580952 2020 0.101000
54 0.590470 2154 0.107700
55 0.599988 1574 0.078700
56 0.609506 984 0.049200
57 0.619024 775 0.038750
58 0.628542 571 0.028550
59 0.638060 418 0.020900
60 0.647578 267 0.013350
61 0.657096 301 0.015050
62 0.666614 221 0.011050
63 0.676132 237 0.011850
64 0.685650 152 0.007600
65 0.695168 112 0.005600
66 0.704686 199 0.009950
67 0.714204 167 0.008350
68 0.723722 185 0.009250
69 0.733240 90 0.004500
70 0.742758 120 0.006000
71 0.752276 121 0.006050
72 0.761794 123 0.006150
73 0.771312 234 0.011700
74 0.780830 261 0.013050
75 0.790348 174 0.008700
76 0.799866 111 0.005550
77 0.809384 151 0.007550
78 0.818902 176 0.008800
79 0.828420 256 0.012800
80 0.837938 208 0.010400
81 0.847456 248 0.012400
82 0.856974 394 0.019700
83 0.866492 337 0.016850
84 0.876010 430 0.021500
85 0.885528 349 0.017450
86 0.895046 271 0.013550
87 0.904564 263 0.013150
88 0.914082 249 0.012450
89 0.923600 326 0.016300
90 0.933118 166 0.008300
91 0.942636 256 0.012800
92 0.952154 86 0.004300
93 0.961672 43 0.002150
94 0.971190 44 0.002200
95 0.980708 33 0.001650
96 0.990226 0 0.000000
97 0.999744 0 0.000000
98 1.009262 1 0.000050
99 1.018780 1 0.000050
