0 0.005290 3 0.000050
1 0.015337 9 0.000150
2 0.025385 13 0.000217
3 0.035432 9 0.000150
4 0.045480 20 0.000333
5 0.055528 21 0.000350
6 0.065575 11 0.000183
7 0.075623 19 0.000317
8 0.085670 12 0.000200
9 0.095718 19 0.000317
10 0.105766 16 0.000267
11 0.115813 7 0.000117
12 0.125861 18 0.000300
13 0.135908 10 0.000167
14 0.145956 11 0.000183
15 0.156003 33 0.000550
16 0.166051 19 0.000317
17 0.176099 11 0.000183
18 0.186146 24 0.000400
19 0.196194 35 0.000583
20 0.206241 40 0.000667
21 0.216289 37 0.000617
22 0.226336 34 0.000567
23 0.236384 32 0.000533
24 0.246432 62 0.001033
25 0.256479 58 0.000967
26 0.266527 62 0.001033
27 0.276574 102 0.001700
28 0.286622 107 0.001783
29 0.296670 99 0.001650
30 0.306717 169 0.002817
31 0.316765 224 0.003733
32 0.326812 392 0.006533
33 0.336860 231 0.003850
34 0.346907 243 0.004050
35 0.356955 304 0.005067
36 0.367003 485 0.008083
37 0.377050 378 0.006300
38 0.387098 426 0.007100
39 0.397145 456 0.007600
40 0.407193 620 0.010333
41 0.417240 864 0.014400
42 0.427288 1344 0.022400
43 0.437336 851 0.014183
44 0.447383 929 0.015483
45 0.457431 1405 0.023417
46 0.467478 1981 0.033017
47 0.477526 2124 0.035400
48 0.487574 3608 0.060133
49 0.497621 8225 0.137083
50 0.507669 2920 0.048667
51 0.517716 2137 0.035617
52 0.527764 2080 0.034667
53 0.537811 1314 0.021900
54 0.547859 1292 0.021533
55 0.557907 1411 0.023517
56 0.567954 1793 0.029883
57 0.578002 2431 0.040517
58 0.588049 2984 0.049733
59 0.598097 2207 0.036783
60 0.608144 1501 0.025017
61 0.618192 1349 0.022483
62 0.628240 1039 0.017317
63 0.638287 558 0.009300
64 0.648335 560 0.009333
65 0.658382 488 0.008133
66 0.668430 396 0.006600
67 0.678478 347 0.005783
68 0.688525 262 0.004367
69 0.698573 244 0.004067
70 0.708620 232 0.003867
71 0.718668 188 0.003133
72 0.728715 172 0.002867
73 0.738763 214 0.003567
74 0.748811 191 0.003183
75 0.758858 205 0.003417
76 0.768906 231 0.003850
77 0.778953 197 0.003283
78 0.789001 225 0.003750
79 0.799048 178 0.002967
80 0.809096 178 0.002967
81 0.819144 238 0.003967
82 0.829191 271 0.004517
83 0.839239 268 0.004467
84 0.849286 331 0.005517
85 0.859334 423 0.007050
86 0.869382 452 0.007533
87 0.879429 410 0.006833
88 0.889477 311 0.005183
89 0.899524 279 0.004650
90 0.909572 322 0.005367
91 0.919619 342 0.005700
92 0.929667 240 0.004000
93 0.939715 169 0.002817
94 0.949762 68 0.001133
95 0.959810 50 0.000833
96 0.969857 59 0.000983
97 0.979905 19 0.000317
98 0.989952 11 0.000183
99 1.000000 1 0.000017
