0 0.013277 2 0.000100
1 0.023015 8 0.000400
2 0.032753 2 0.000100
3 0.042491 11 0.000550
4 0.052229 15 0.000750
5 0.061967 13 0.000650
6 0.071705 4 0.000200
7 0.081443 17 0.000850
8 0.091181 9 0.000450
9 0.100919 16 0.000800
10 0.110657 3 0.000150
11 0.120395 10 0.000500
12 0.130133 8 0.000400
13 0.139870 10 0.000500
14 0.149608 17 0.000850
15 0.159346 23 0.001150
16 0.169084 14 0.000700
17 0.178822 17 0.000850
18 0.188560 24 0.001200
19 0.198298 21 0.001050
20 0.208036 36 0.001800
21 0.217774 21 0.001050
22 0.227512 31 0.001550
23 0.237250 26 0.001300
24 0.246988 34 0.001700
25 0.256726 33 0.001650
26 0.266464 42 0.002100
27 0.276202 55 0.002750
28 0.285940 63 0.003150
29 0.295678 66 0.003300
30 0.305416 56 0.002800
31 0.315154 72 0.003600
32 0.324892 83 0.004150
33 0.334630 75 0.003750
34 0.344368 85 0.004250
35 0.354106 99 0.004950
36 0.363843 160 0.008000
37 0.373581 120 0.006000
38 0.383319 172 0.008600
39 0.393057 171 0.008550
40 0.402795 227 0.011350
41 0.412533 265 0.013250
42 0.422271 262 0.013100
43 0.432009 384 0.019200
44 0.441747 404 0.020200
45 0.451485 550 0.027500
46 0.461223 775 0.038750
47 0.470961 996 0.049800
48 0.480699 1640 0.082000
49 0.490437 3032 0.151600
50 0.500175 2827 0.141350
51 0.509913 1590 0.079500
52 0.519651 960 0.048000
53 0.529389 625 0.031250
54 0.539127 484 0.024200
55 0.548865 391 0.019550
56 0.558603 358 0.017900
57 0.568341 316 0.015800
58 0.578078 266 0.013300
59 0.587816 170 0.008500
60 0.597554 151 0.007550
61 0.607292 169 0.008450
62 0.617030 132 0.006600
63 0.626768 119 0.005950
64 0.636506 110 0.005500
65 0.646244 119 0.005950
66 0.655982 99 0.004950
67 0.665720 72 0.003600
68 0.675458 96 0.004800
69 0.685196 66 0.003300
70 0.694934 54 0.002700
71 0.704672 53 0.002650
72 0.714410 48 0.002400
73 0.724148 33 0.001650
74 0.733886 26 0.001300
75 0.743624 30 0.001500
76 0.753362 24 0.001200
77 0.763100 34 0.001700
78 0.772838 29 0.001450
79 0.782576 25 0.001250
80 0.792313 19 0.000950
81 0.802051 19 0.000950
82 0.811789 23 0.001150
83 0.821527 14 0.000700
84 0.831265 16 0.000800
85 0.841003 19 0.000950
86 0.850741 15 0.000750
87 0.860479 8 0.000400
88 0.870217 8 0.000400
89 0.879955 11 0.000550
90 0.889693 9 0.000450
91 0.899431 9 0.000450
92 0.909169 16 0.000800
93 0.918907 14 0.000700
94 0.928645 19 0.000950
95 0.938383 11 0.000550
96 0.948121 3 0.000150
97 0.957859 5 0.000250
98 0.967597 6 0.000300
99 0.977335 1 0.000050
