initializing
training size    : 359556
testing size     : 20000
epoch count      : 10
sub epoch size   : 5

epoch_learning_rate_decay   : 8
learning_rate_decay         : 0.250000

training



epoch [0 0] from [10 5]
training time per iterations 2.281654[ms]
testing on 20000 items
testing done
average error 0.002709
min error     0.000000
max error     0.249049
saving best net
best net saved to networks/disc16x16x3_window_size_4/net_6/trained/, with error 0.002709



epoch [0 1] from [10 5]
training time per iterations 2.286576[ms]
testing on 20000 items
testing done
average error 0.002230
min error     0.000000
max error     0.264037
saving best net
best net saved to networks/disc16x16x3_window_size_4/net_6/trained/, with error 0.002230



epoch [0 2] from [10 5]
training time per iterations 2.280958[ms]
testing on 20000 items
testing done
average error 0.002166
min error     0.000000
max error     0.279292
saving best net
best net saved to networks/disc16x16x3_window_size_4/net_6/trained/, with error 0.002166



epoch [0 3] from [10 5]
training time per iterations 2.273449[ms]
testing on 20000 items
testing done
average error 0.001992
min error     0.000000
max error     0.262354
saving best net
best net saved to networks/disc16x16x3_window_size_4/net_6/trained/, with error 0.001992



epoch [0 4] from [10 5]
training time per iterations 2.279415[ms]
testing on 20000 items
testing done
average error 0.001929
min error     0.000000
max error     0.253734
saving best net
best net saved to networks/disc16x16x3_window_size_4/net_6/trained/, with error 0.001929



epoch [1 0] from [10 5]
training time per iterations 2.309577[ms]
testing on 20000 items
testing done
average error 0.001906
min error     0.000000
max error     0.260157
saving best net
best net saved to networks/disc16x16x3_window_size_4/net_6/trained/, with error 0.001906



epoch [1 1] from [10 5]
training time per iterations 2.288148[ms]
testing on 20000 items
testing done
average error 0.001878
min error     0.000000
max error     0.229490
saving best net
best net saved to networks/disc16x16x3_window_size_4/net_6/trained/, with error 0.001878



epoch [1 2] from [10 5]
training time per iterations 2.282766[ms]
testing on 20000 items
testing done
average error 0.001917
min error     0.000000
max error     0.253148



epoch [1 3] from [10 5]
training time per iterations 2.294712[ms]
testing on 20000 items
testing done
average error 0.001916
min error     0.000000
max error     0.248816



epoch [1 4] from [10 5]
training time per iterations 2.292208[ms]
testing on 20000 items
testing done
average error 0.001811
min error     0.000000
max error     0.241633
saving best net
best net saved to networks/disc16x16x3_window_size_4/net_6/trained/, with error 0.001811



epoch [2 0] from [10 5]
training time per iterations 2.293738[ms]
testing on 20000 items
testing done
average error 0.001771
min error     0.000000
max error     0.256179
saving best net
best net saved to networks/disc16x16x3_window_size_4/net_6/trained/, with error 0.001771



epoch [2 1] from [10 5]
training time per iterations 2.278622[ms]
testing on 20000 items
testing done
average error 0.001772
min error     0.000000
max error     0.246480



epoch [2 2] from [10 5]
training time per iterations 2.294920[ms]
testing on 20000 items
testing done
average error 0.001743
min error     0.000000
max error     0.245521
saving best net
best net saved to networks/disc16x16x3_window_size_4/net_6/trained/, with error 0.001743



epoch [2 3] from [10 5]
training time per iterations 2.312595[ms]
testing on 20000 items
testing done
average error 0.001709
min error     0.000000
max error     0.243504
saving best net
best net saved to networks/disc16x16x3_window_size_4/net_6/trained/, with error 0.001709



epoch [2 4] from [10 5]
training time per iterations 2.282975[ms]
testing on 20000 items
testing done
average error 0.001733
min error     0.000000
max error     0.237185



epoch [3 0] from [10 5]
training time per iterations 2.298021[ms]
testing on 20000 items
testing done
average error 0.001769
min error     0.000000
max error     0.226638



epoch [3 1] from [10 5]
training time per iterations 2.298327[ms]
testing on 20000 items
testing done
average error 0.001823
min error     0.000000
max error     0.262192



epoch [3 2] from [10 5]
training time per iterations 2.301831[ms]
testing on 20000 items
testing done
average error 0.001808
min error     0.000000
max error     0.234976



epoch [3 3] from [10 5]
training time per iterations 2.296881[ms]
testing on 20000 items
testing done
average error 0.001672
min error     0.000000
max error     0.225384
saving best net
best net saved to networks/disc16x16x3_window_size_4/net_6/trained/, with error 0.001672



epoch [3 4] from [10 5]
training time per iterations 2.281376[ms]
testing on 20000 items
testing done
average error 0.001677
min error     0.000000
max error     0.226956



epoch [4 0] from [10 5]
training time per iterations 2.296603[ms]
testing on 20000 items
testing done
average error 0.001779
min error     0.000000
max error     0.216680



epoch [4 1] from [10 5]
training time per iterations 2.313221[ms]
testing on 20000 items
testing done
average error 0.001726
min error     0.000000
max error     0.253870



epoch [4 2] from [10 5]
training time per iterations 2.305127[ms]
testing on 20000 items
testing done
average error 0.001718
min error     0.000000
max error     0.210568



epoch [4 3] from [10 5]
training time per iterations 2.285381[ms]
testing on 20000 items
testing done
average error 0.001885
min error     0.000000
max error     0.248895



epoch [4 4] from [10 5]
training time per iterations 2.303445[ms]
testing on 20000 items
testing done
average error 0.001872
min error     0.000000
max error     0.241674



epoch [5 0] from [10 5]
training time per iterations 2.274937[ms]
testing on 20000 items
testing done
average error 0.001709
min error     0.000000
max error     0.231156



epoch [5 1] from [10 5]
training time per iterations 2.281417[ms]
testing on 20000 items
testing done
average error 0.001783
min error     0.000000
max error     0.229288



epoch [5 2] from [10 5]
training time per iterations 2.289260[ms]
testing on 20000 items
testing done
average error 0.001762
min error     0.000000
max error     0.233894



epoch [5 3] from [10 5]
training time per iterations 2.293794[ms]
testing on 20000 items
testing done
average error 0.001750
min error     0.000000
max error     0.225180



epoch [5 4] from [10 5]
training time per iterations 2.303959[ms]
testing on 20000 items
testing done
average error 0.001670
min error     0.000000
max error     0.238321
saving best net
best net saved to networks/disc16x16x3_window_size_4/net_6/trained/, with error 0.001670



epoch [6 0] from [10 5]
training time per iterations 2.302930[ms]
testing on 20000 items
testing done
average error 0.001834
min error     0.000000
max error     0.227659



epoch [6 1] from [10 5]
training time per iterations 2.305433[ms]
testing on 20000 items
testing done
average error 0.001788
min error     0.000000
max error     0.237672



epoch [6 2] from [10 5]
training time per iterations 2.286159[ms]
testing on 20000 items
testing done
average error 0.001747
min error     0.000000
max error     0.229401



epoch [6 3] from [10 5]
training time per iterations 2.299203[ms]
testing on 20000 items
testing done
average error 0.001694
min error     0.000000
max error     0.228920



epoch [6 4] from [10 5]
training time per iterations 2.285478[ms]
testing on 20000 items
testing done
average error 0.001797
min error     0.000000
max error     0.231600



epoch [7 0] from [10 5]
training time per iterations 2.274089[ms]
testing on 20000 items
testing done
average error 0.001663
min error     0.000000
max error     0.232612
saving best net
best net saved to networks/disc16x16x3_window_size_4/net_6/trained/, with error 0.001663



epoch [7 1] from [10 5]
training time per iterations 2.287286[ms]
testing on 20000 items
testing done
average error 0.001668
min error     0.000000
max error     0.213384



epoch [7 2] from [10 5]
training time per iterations 2.290818[ms]
testing on 20000 items
testing done
average error 0.001700
min error     0.000000
max error     0.234939



epoch [7 3] from [10 5]
training time per iterations 2.278956[ms]
testing on 20000 items
testing done
average error 0.001728
min error     0.000000
max error     0.209807



epoch [7 4] from [10 5]
training time per iterations 2.306782[ms]
testing on 20000 items
testing done
average error 0.001767
min error     0.000000
max error     0.234159
setting learning rate to 0.000050



epoch [8 0] from [10 5]
training time per iterations 2.309883[ms]
testing on 20000 items
testing done
average error 0.001721
min error     0.000000
max error     0.229825



epoch [8 1] from [10 5]
training time per iterations 2.303820[ms]
testing on 20000 items
testing done
average error 0.001686
min error     0.000000
max error     0.224880



epoch [8 2] from [10 5]
training time per iterations 2.304738[ms]
testing on 20000 items
testing done
average error 0.001685
min error     0.000000
max error     0.219252



epoch [8 3] from [10 5]
training time per iterations 2.311649[ms]
testing on 20000 items
testing done
average error 0.001666
min error     0.000000
max error     0.215944



epoch [8 4] from [10 5]
training time per iterations 2.298689[ms]
testing on 20000 items
testing done
average error 0.001712
min error     0.000000
max error     0.220872



epoch [9 0] from [10 5]
training time per iterations 2.288203[ms]
testing on 20000 items
testing done
average error 0.001690
min error     0.000000
max error     0.221092



epoch [9 1] from [10 5]
training time per iterations 2.283183[ms]
testing on 20000 items
testing done
average error 0.001678
min error     0.000000
max error     0.218243



epoch [9 2] from [10 5]
training time per iterations 2.274548[ms]
testing on 20000 items
testing done
average error 0.001697
min error     0.000000
max error     0.221987



epoch [9 3] from [10 5]
training time per iterations 2.296770[ms]
testing on 20000 items
testing done
average error 0.001632
min error     0.000000
max error     0.221598
saving best net
best net saved to networks/disc16x16x3_window_size_4/net_6/trained/, with error 0.001632



epoch [9 4] from [10 5]
training time per iterations 2.309953[ms]
testing on 20000 items
testing done
average error 0.001629
min error     0.000000
max error     0.224235
saving best net
best net saved to networks/disc16x16x3_window_size_4/net_6/trained/, with error 0.001629
training done
