0.000000 0 0 0.002709 0.000000 0.249049 0.002753 0.000000 0.207639
0.200000 0 1 0.002230 0.000000 0.264037 0.002239 0.000000 0.225254
0.400000 0 2 0.002166 0.000000 0.279292 0.002186 0.000000 0.205217
0.600000 0 3 0.001992 0.000000 0.262354 0.002007 0.000000 0.178615
0.800000 0 4 0.001929 0.000000 0.253734 0.001975 0.000000 0.145252
1.000000 1 0 0.001906 0.000000 0.260157 0.001919 0.000000 0.257052
1.200000 1 1 0.001878 0.000000 0.229490 0.001855 0.000000 0.170605
1.400000 1 2 0.001917 0.000000 0.253148 0.001954 0.000000 0.160617
1.600000 1 3 0.001916 0.000000 0.248816 0.001910 0.000000 0.246604
1.800000 1 4 0.001811 0.000000 0.241633 0.001775 0.000000 0.160214
2.000000 2 0 0.001771 0.000000 0.256179 0.001749 0.000000 0.236615
2.200000 2 1 0.001772 0.000000 0.246480 0.001768 0.000000 0.249817
2.400000 2 2 0.001743 0.000000 0.245521 0.001739 0.000000 0.162329
2.600000 2 3 0.001709 0.000000 0.243504 0.001730 0.000000 0.243504
2.800000 2 4 0.001733 0.000000 0.237185 0.001716 0.000000 0.162289
3.000000 3 0 0.001769 0.000000 0.226638 0.001747 0.000000 0.154588
3.200000 3 1 0.001823 0.000000 0.262192 0.001843 0.000000 0.216822
3.400000 3 2 0.001808 0.000000 0.234976 0.001782 0.000000 0.234976
3.600000 3 3 0.001672 0.000000 0.225384 0.001664 0.000000 0.224762
3.800000 3 4 0.001677 0.000000 0.226956 0.001675 0.000000 0.251508
4.000000 4 0 0.001779 0.000000 0.216680 0.001821 0.000000 0.159936
4.200000 4 1 0.001726 0.000000 0.253870 0.001718 0.000000 0.243787
4.400000 4 2 0.001718 0.000000 0.210568 0.001724 0.000000 0.155730
4.600000 4 3 0.001885 0.000000 0.248895 0.001906 0.000000 0.173854
4.800000 4 4 0.001872 0.000000 0.241674 0.001875 0.000000 0.171633
5.000000 5 0 0.001709 0.000000 0.231156 0.001747 0.000000 0.228592
5.200000 5 1 0.001783 0.000000 0.229288 0.001782 0.000000 0.190782
5.400000 5 2 0.001762 0.000000 0.233894 0.001743 0.000000 0.226524
5.600000 5 3 0.001750 0.000000 0.225180 0.001772 0.000000 0.244281
5.800000 5 4 0.001670 0.000000 0.238321 0.001677 0.000000 0.194802
6.000000 6 0 0.001834 0.000000 0.227659 0.001820 0.000000 0.153690
6.200000 6 1 0.001788 0.000000 0.237672 0.001777 0.000000 0.151243
6.400000 6 2 0.001747 0.000000 0.229401 0.001751 0.000000 0.219638
6.600000 6 3 0.001694 0.000000 0.228920 0.001700 0.000000 0.216409
6.800000 6 4 0.001797 0.000000 0.231600 0.001812 0.000000 0.153738
7.000000 7 0 0.001663 0.000000 0.232612 0.001672 0.000000 0.238481
7.200000 7 1 0.001668 0.000000 0.213384 0.001653 0.000000 0.158898
7.400000 7 2 0.001700 0.000000 0.234939 0.001690 0.000000 0.149130
7.600000 7 3 0.001728 0.000000 0.209807 0.001732 0.000000 0.161982
7.800000 7 4 0.001767 0.000000 0.234159 0.001768 0.000000 0.160285
8.000000 8 0 0.001721 0.000000 0.229825 0.001723 0.000000 0.242334
8.200000 8 1 0.001686 0.000000 0.224880 0.001693 0.000000 0.200682
8.400000 8 2 0.001685 0.000000 0.219252 0.001692 0.000000 0.229162
8.600000 8 3 0.001666 0.000000 0.215944 0.001675 0.000000 0.204294
8.800000 8 4 0.001712 0.000000 0.220872 0.001699 0.000000 0.218461
9.000000 9 0 0.001690 0.000000 0.221092 0.001682 0.000000 0.233653
9.200000 9 1 0.001678 0.000000 0.218243 0.001684 0.000000 0.229207
9.400000 9 2 0.001697 0.000000 0.221987 0.001688 0.000000 0.157273
9.600000 9 3 0.001632 0.000000 0.221598 0.001619 0.000000 0.173086
9.800000 9 4 0.001629 0.000000 0.224235 0.001614 0.000000 0.219529
