0 0 0.000000 0.140890 0.099318 0.139211 0.098216
0 1 0.114943 0.109617 0.075659 0.109275 0.075363
0 2 0.229885 0.090815 0.063201 0.090548 0.062551
0 3 0.344828 0.077303 0.053172 0.076157 0.052151
0 4 0.459770 0.071298 0.048936 0.072601 0.050054
0 5 0.574713 0.067764 0.047197 0.066361 0.046669
0 6 0.689655 0.064896 0.045330 0.064387 0.045003
0 7 0.804598 0.063566 0.044644 0.062205 0.043821
0 8 0.919540 0.063415 0.044680 0.062707 0.043976
0 9 1.034483 0.061778 0.043144 0.062591 0.043625
0 10 1.149425 0.062135 0.044116 0.060694 0.043140
0 11 1.264368 0.061297 0.043194 0.062053 0.043535
0 12 1.379310 0.059627 0.042544 0.059868 0.042791
0 13 1.494253 0.063734 0.042498 0.063608 0.042336
0 14 1.609195 0.058940 0.041881 0.059816 0.042412
0 15 1.724138 0.059834 0.042705 0.060401 0.042470
0 16 1.839080 0.058414 0.042132 0.058818 0.042550
0 17 1.954023 0.059749 0.042835 0.059076 0.042125
0 18 2.068965 0.057695 0.041713 0.058180 0.042179
0 19 2.183908 0.059591 0.042195 0.059311 0.041992
0 20 2.298851 0.058386 0.042206 0.057513 0.041864
0 21 2.413793 0.064070 0.041212 0.065128 0.041919
0 22 2.528736 0.056192 0.040936 0.056547 0.040764
0 23 2.643678 0.057009 0.041157 0.057178 0.041595
0 24 2.758621 0.061956 0.041059 0.061481 0.040959
0 25 2.873563 0.056918 0.040629 0.056479 0.040796
0 26 2.988506 0.056815 0.040814 0.057046 0.041430
0 27 3.103448 0.057657 0.040998 0.057532 0.041207
0 28 3.218391 0.056639 0.041143 0.055969 0.041080
0 29 3.333333 0.057820 0.041720 0.057615 0.041528
0 30 3.448276 0.055653 0.040519 0.055913 0.041027
0 31 3.563218 0.057543 0.041264 0.057411 0.041077
0 32 3.678161 0.056430 0.041034 0.057231 0.042057
0 33 3.793103 0.056951 0.040754 0.057330 0.041303
0 34 3.908046 0.059671 0.041970 0.058610 0.041213
0 35 4.022988 0.056030 0.040825 0.056617 0.040707
0 36 4.137931 0.055293 0.040420 0.055783 0.040670
0 37 4.252873 0.062598 0.041634 0.062251 0.041612
0 38 4.367816 0.055916 0.040928 0.057153 0.041780
0 39 4.482759 0.057338 0.041134 0.057040 0.041004
0 40 4.597701 0.057921 0.040052 0.058172 0.039999
0 41 4.712644 0.054932 0.040557 0.055929 0.041346
0 42 4.827586 0.057709 0.041170 0.058938 0.042008
0 43 4.942529 0.056368 0.041368 0.056068 0.041346
0 44 5.057471 0.053867 0.039796 0.055386 0.041104
0 45 5.172414 0.056035 0.041178 0.053429 0.039607
0 46 5.287356 0.054661 0.040456 0.054545 0.040263
0 47 5.402299 0.054133 0.040010 0.054913 0.040658
0 48 5.517241 0.054475 0.040308 0.054754 0.040752
0 49 5.632184 0.058589 0.041949 0.056810 0.040682
0 50 5.747127 0.053514 0.040172 0.053782 0.040155
0 51 5.862069 0.052969 0.039026 0.054734 0.040558
0 52 5.977012 0.054624 0.040574 0.053785 0.040396
0 53 6.091954 0.061985 0.040806 0.062282 0.041048
0 54 6.206897 0.056521 0.040407 0.056247 0.040119
0 55 6.321839 0.056900 0.040992 0.057754 0.041827
0 56 6.436781 0.053773 0.040464 0.052975 0.039981
0 57 6.551724 0.054277 0.040311 0.054315 0.040020
0 58 6.666667 0.054381 0.039815 0.054613 0.040433
0 59 6.781609 0.054604 0.040597 0.053162 0.039362
0 60 6.896552 0.055025 0.040717 0.053495 0.039470
0 61 7.011494 0.055368 0.040667 0.055546 0.040832
0 62 7.126437 0.054656 0.039988 0.055399 0.041061
0 63 7.241379 0.054438 0.039808 0.054580 0.040412
0 64 7.356322 0.052974 0.039785 0.052902 0.039402
0 65 7.471264 0.054246 0.040404 0.054691 0.040272
0 66 7.586207 0.052194 0.039027 0.052941 0.039573
0 67 7.701149 0.055236 0.040524 0.053625 0.039313
0 68 7.816092 0.053586 0.039666 0.054563 0.040349
0 69 7.931035 0.054548 0.041195 0.054035 0.040567
0 70 8.045977 0.053330 0.040093 0.053169 0.039949
0 71 8.160919 0.052985 0.040005 0.053372 0.040200
0 72 8.275862 0.052404 0.039863 0.051752 0.039124
0 73 8.390804 0.053720 0.040224 0.052801 0.039951
0 74 8.505747 0.053463 0.040175 0.053688 0.040644
0 75 8.620689 0.053690 0.039990 0.054380 0.040913
0 76 8.735632 0.054651 0.040871 0.054660 0.040647
0 77 8.850574 0.053081 0.039868 0.053021 0.039751
0 78 8.965517 0.056305 0.040417 0.056655 0.040769
0 79 9.080460 0.052583 0.039536 0.051729 0.039038
0 80 9.195402 0.053998 0.040410 0.053382 0.039711
0 81 9.310345 0.054228 0.040389 0.053032 0.039923
0 82 9.425287 0.052610 0.039718 0.053245 0.040346
0 83 9.540230 0.053341 0.039915 0.053348 0.039933
0 84 9.655172 0.054317 0.040662 0.055131 0.040922
0 85 9.770115 0.053759 0.039101 0.054312 0.039314
0 86 9.885057 0.053481 0.040106 0.053793 0.039957
1 0 10.000000 0.053667 0.039317 0.054088 0.039579
1 1 10.114943 0.054201 0.040067 0.054143 0.039794
1 2 10.229885 0.052905 0.039442 0.053233 0.039617
1 3 10.344828 0.053906 0.040418 0.052660 0.039400
1 4 10.459770 0.052682 0.039849 0.051976 0.039523
1 5 10.574713 0.053942 0.040202 0.052940 0.039401
1 6 10.689655 0.055961 0.040743 0.055569 0.040595
1 7 10.804598 0.053210 0.039812 0.053146 0.039564
1 8 10.919540 0.054033 0.040274 0.053610 0.039731
1 9 11.034483 0.052669 0.039345 0.053260 0.039614
1 10 11.149426 0.052746 0.039375 0.052993 0.039565
1 11 11.264368 0.055337 0.039870 0.054768 0.039760
1 12 11.379311 0.054879 0.039360 0.055846 0.040010
1 13 11.494253 0.050912 0.038639 0.052842 0.040316
1 14 11.609196 0.053566 0.039948 0.052899 0.039426
1 15 11.724138 0.053058 0.040171 0.053637 0.040323
1 16 11.839081 0.052025 0.039361 0.052550 0.039493
1 17 11.954023 0.053094 0.040587 0.051931 0.039465
1 18 12.068966 0.053493 0.040110 0.052688 0.040004
1 19 12.183908 0.051515 0.039241 0.052564 0.040282
1 20 12.298851 0.052653 0.039561 0.052911 0.039698
1 21 12.413794 0.053176 0.039254 0.053078 0.039651
1 22 12.528735 0.052746 0.039298 0.054588 0.040677
1 23 12.643678 0.052713 0.039925 0.053189 0.040125
1 24 12.758620 0.055188 0.039558 0.055612 0.039977
1 25 12.873563 0.051720 0.039644 0.051393 0.039164
1 26 12.988505 0.053024 0.039638 0.052685 0.039247
1 27 13.103448 0.052195 0.039600 0.051689 0.039375
1 28 13.218390 0.052238 0.039649 0.051261 0.038824
1 29 13.333333 0.056089 0.040692 0.057370 0.041744
1 30 13.448276 0.053163 0.040139 0.053184 0.040243
1 31 13.563218 0.054600 0.040201 0.055185 0.040283
1 32 13.678161 0.053699 0.040553 0.052518 0.040101
1 33 13.793103 0.051977 0.038663 0.052734 0.039266
1 34 13.908046 0.051884 0.040074 0.051372 0.039504
1 35 14.022988 0.051635 0.039548 0.052231 0.039399
1 36 14.137931 0.052572 0.039012 0.052935 0.039420
1 37 14.252873 0.052563 0.039336 0.053673 0.040071
1 38 14.367816 0.052718 0.039613 0.052074 0.039446
1 39 14.482759 0.051617 0.039228 0.052418 0.039861
1 40 14.597701 0.054001 0.039624 0.055072 0.040170
1 41 14.712644 0.051325 0.039460 0.051897 0.039882
1 42 14.827586 0.051924 0.038480 0.052000 0.038904
1 43 14.942529 0.051540 0.039018 0.051953 0.039476
1 44 15.057471 0.052910 0.039498 0.054499 0.040678
1 45 15.172414 0.054548 0.040667 0.053861 0.039771
1 46 15.287356 0.052622 0.039976 0.052187 0.039370
1 47 15.402299 0.051456 0.039162 0.051330 0.039416
1 48 15.517241 0.051740 0.039402 0.051525 0.039277
1 49 15.632184 0.050782 0.038959 0.052035 0.039755
1 50 15.747127 0.052957 0.040092 0.054062 0.041040
1 51 15.862069 0.051993 0.039783 0.051707 0.039537
1 52 15.977012 0.053483 0.040004 0.054621 0.040794
1 53 16.091953 0.052760 0.040290 0.051322 0.039131
1 54 16.206896 0.052236 0.039941 0.051353 0.039308
1 55 16.321838 0.052196 0.039895 0.051901 0.039206
1 56 16.436781 0.051739 0.039221 0.052498 0.039440
1 57 16.551723 0.052594 0.039682 0.053031 0.040390
1 58 16.666666 0.051410 0.038649 0.053181 0.039853
1 59 16.781609 0.052717 0.040408 0.052650 0.040045
1 60 16.896551 0.053348 0.040367 0.052570 0.039782
1 61 17.011494 0.051484 0.039533 0.052708 0.040300
1 62 17.126436 0.053173 0.040185 0.052166 0.039563
1 63 17.241379 0.053793 0.039789 0.054702 0.040317
1 64 17.356321 0.052241 0.039522 0.052286 0.039265
1 65 17.471264 0.054042 0.040565 0.052846 0.039618
1 66 17.586206 0.051607 0.039097 0.050883 0.038945
1 67 17.701149 0.053138 0.039815 0.051596 0.038686
1 68 17.816092 0.051725 0.039347 0.052552 0.039584
1 69 17.931034 0.052544 0.039640 0.053224 0.040173
1 70 18.045977 0.051308 0.038878 0.052144 0.039583
1 71 18.160919 0.052072 0.039542 0.050645 0.038497
1 72 18.275862 0.050097 0.038667 0.052403 0.040400
1 73 18.390804 0.051787 0.039382 0.051394 0.039123
1 74 18.505747 0.051729 0.039417 0.052270 0.039569
1 75 18.620689 0.052057 0.039665 0.051446 0.039283
1 76 18.735632 0.050568 0.038721 0.050579 0.038659
1 77 18.850574 0.052880 0.040172 0.052634 0.039970
1 78 18.965517 0.051493 0.039124 0.051369 0.039038
1 79 19.080460 0.051016 0.039019 0.052041 0.039591
1 80 19.195402 0.051935 0.039824 0.051733 0.039541
1 81 19.310345 0.053658 0.040536 0.052255 0.038926
1 82 19.425287 0.053134 0.038626 0.052786 0.038496
1 83 19.540230 0.052859 0.040018 0.052871 0.040061
1 84 19.655172 0.054000 0.039900 0.052682 0.039078
1 85 19.770115 0.052242 0.039124 0.051560 0.039056
1 86 19.885057 0.054720 0.040755 0.053394 0.039855
2 0 20.000000 0.052103 0.039406 0.050907 0.038958
2 1 20.114943 0.051066 0.039774 0.051571 0.040036
2 2 20.229885 0.052395 0.040114 0.051126 0.038912
2 3 20.344828 0.051180 0.039373 0.050934 0.039156
2 4 20.459770 0.052618 0.039919 0.051648 0.039688
2 5 20.574713 0.050318 0.039278 0.050136 0.038920
2 6 20.689655 0.049719 0.038685 0.050956 0.039375
2 7 20.804598 0.052583 0.039464 0.052616 0.039542
2 8 20.919540 0.050504 0.038686 0.051007 0.038826
2 9 21.034483 0.053220 0.038465 0.053406 0.039308
2 10 21.149426 0.053085 0.039902 0.053299 0.040051
2 11 21.264368 0.051667 0.038834 0.051599 0.038771
2 12 21.379311 0.050695 0.039226 0.050459 0.039065
2 13 21.494253 0.052545 0.040223 0.051975 0.039340
2 14 21.609196 0.050986 0.038834 0.051123 0.039312
2 15 21.724138 0.053000 0.039367 0.052820 0.039773
2 16 21.839081 0.050212 0.038567 0.050997 0.039608
2 17 21.954023 0.051350 0.038852 0.051012 0.039103
2 18 22.068966 0.050940 0.039536 0.051517 0.039722
2 19 22.183908 0.053376 0.040450 0.054358 0.040899
2 20 22.298851 0.051795 0.039579 0.052332 0.040341
2 21 22.413794 0.050944 0.039024 0.051965 0.039863
2 22 22.528736 0.050818 0.039269 0.051691 0.040085
2 23 22.643679 0.051317 0.038753 0.051920 0.039626
2 24 22.758621 0.051714 0.039385 0.052091 0.040028
2 25 22.873564 0.051934 0.039479 0.052250 0.039602
2 26 22.988506 0.052066 0.040237 0.049934 0.038702
2 27 23.103449 0.050791 0.039122 0.051673 0.039863
2 28 23.218391 0.052199 0.039797 0.052963 0.039810
2 29 23.333334 0.051284 0.039436 0.050893 0.039111
2 30 23.448277 0.053332 0.040116 0.052422 0.039413
2 31 23.563219 0.051478 0.039790 0.051477 0.039637
2 32 23.678162 0.051076 0.038892 0.051698 0.039399
2 33 23.793104 0.051768 0.039623 0.051966 0.039606
2 34 23.908047 0.052827 0.039936 0.051405 0.039345
2 35 24.022989 0.052013 0.039979 0.052023 0.039898
2 36 24.137932 0.052741 0.040489 0.052976 0.040225
2 37 24.252874 0.049867 0.038975 0.050677 0.039212
2 38 24.367817 0.051533 0.039499 0.049803 0.038479
2 39 24.482759 0.050792 0.039494 0.050485 0.039026
2 40 24.597702 0.051518 0.039741 0.051708 0.039479
2 41 24.712645 0.052015 0.039083 0.053041 0.040456
2 42 24.827587 0.051081 0.039372 0.051219 0.039280
2 43 24.942530 0.049674 0.038950 0.050233 0.039081
2 44 25.057470 0.050954 0.039130 0.050270 0.039136
2 45 25.172413 0.052881 0.039572 0.052438 0.039728
2 46 25.287355 0.049724 0.038779 0.050587 0.039327
2 47 25.402298 0.049676 0.038211 0.051025 0.039002
2 48 25.517241 0.050931 0.039458 0.052045 0.040008
2 49 25.632183 0.052696 0.039696 0.052880 0.039552
2 50 25.747126 0.050298 0.038110 0.051687 0.039420
2 51 25.862068 0.051194 0.039178 0.050786 0.038908
2 52 25.977011 0.051973 0.039343 0.052806 0.039813
2 53 26.091953 0.051256 0.039275 0.052270 0.039835
2 54 26.206896 0.051399 0.039208 0.052494 0.039776
2 55 26.321838 0.050696 0.038804 0.051722 0.039536
2 56 26.436781 0.049556 0.037735 0.052425 0.039621
2 57 26.551723 0.050549 0.039509 0.050606 0.038976
2 58 26.666666 0.052061 0.039903 0.052505 0.040808
2 59 26.781609 0.050617 0.039262 0.051157 0.039661
2 60 26.896551 0.050538 0.039092 0.051353 0.039929
2 61 27.011494 0.050522 0.039280 0.050080 0.039201
2 62 27.126436 0.053243 0.039652 0.053441 0.040477
2 63 27.241379 0.053095 0.040241 0.050501 0.038187
2 64 27.356321 0.050405 0.039167 0.051101 0.039711
2 65 27.471264 0.051251 0.038439 0.052939 0.039543
2 66 27.586206 0.049662 0.038468 0.050216 0.038982
2 67 27.701149 0.051721 0.038829 0.053006 0.040153
2 68 27.816092 0.050361 0.039002 0.050471 0.039071
2 69 27.931034 0.051258 0.039049 0.049978 0.038342
2 70 28.045977 0.051197 0.039480 0.050102 0.039144
2 71 28.160919 0.052385 0.040151 0.052304 0.040186
2 72 28.275862 0.049992 0.039006 0.050617 0.039659
2 73 28.390804 0.048901 0.038547 0.050106 0.039462
2 74 28.505747 0.050440 0.039337 0.050050 0.039286
2 75 28.620689 0.051257 0.039914 0.050524 0.039068
2 76 28.735632 0.051780 0.039300 0.053388 0.040128
2 77 28.850574 0.050520 0.038696 0.050412 0.039035
2 78 28.965517 0.051835 0.039270 0.053141 0.040166
2 79 29.080460 0.049010 0.038254 0.050673 0.039581
2 80 29.195402 0.052320 0.039076 0.051075 0.038417
2 81 29.310345 0.051493 0.039897 0.050590 0.038989
2 82 29.425287 0.050663 0.039413 0.050989 0.039501
2 83 29.540230 0.050098 0.038747 0.050769 0.039286
2 84 29.655172 0.052419 0.040172 0.050311 0.039005
2 85 29.770115 0.049565 0.038737 0.049751 0.038974
2 86 29.885057 0.052215 0.039625 0.051480 0.039031
3 0 30.000000 0.050612 0.038733 0.050035 0.038560
3 1 30.114943 0.051079 0.039582 0.049899 0.038616
3 2 30.229885 0.049811 0.038500 0.051512 0.039268
3 3 30.344828 0.050873 0.039404 0.051325 0.039467
3 4 30.459770 0.049795 0.038571 0.049325 0.038609
3 5 30.574713 0.050295 0.038803 0.051165 0.039711
3 6 30.689655 0.050862 0.039746 0.049879 0.038427
3 7 30.804598 0.050864 0.039214 0.051316 0.039826
3 8 30.919540 0.049973 0.038847 0.050494 0.039327
3 9 31.034483 0.049829 0.038776 0.050240 0.039267
3 10 31.149426 0.051482 0.039818 0.051921 0.040181
3 11 31.264368 0.050795 0.039189 0.050172 0.038728
3 12 31.379311 0.050855 0.038722 0.050533 0.038935
3 13 31.494253 0.052338 0.039965 0.052321 0.040145
3 14 31.609196 0.049821 0.038919 0.049645 0.038636
3 15 31.724138 0.051843 0.039586 0.050909 0.038799
3 16 31.839081 0.051217 0.039749 0.049536 0.039134
3 17 31.954023 0.050751 0.038744 0.051709 0.039748
3 18 32.068966 0.051477 0.039976 0.049992 0.039324
3 19 32.183907 0.053180 0.039747 0.052858 0.039878
3 20 32.298851 0.052070 0.039320 0.050712 0.038496
3 21 32.413792 0.050638 0.038976 0.050094 0.039028
3 22 32.528736 0.049274 0.038232 0.050544 0.039440
3 23 32.643677 0.050535 0.039276 0.048888 0.038461
3 24 32.758621 0.050009 0.039043 0.051290 0.039768
3 25 32.873562 0.049373 0.038573 0.049946 0.038846
3 26 32.988506 0.050257 0.038946 0.051657 0.039851
3 27 33.103447 0.050999 0.039109 0.050511 0.038828
3 28 33.218391 0.051199 0.039982 0.048748 0.038429
3 29 33.333332 0.049976 0.038784 0.049573 0.038697
3 30 33.448277 0.051256 0.039774 0.049403 0.038496
3 31 33.563217 0.050568 0.039328 0.049256 0.038450
3 32 33.678162 0.050258 0.038891 0.050650 0.039696
3 33 33.793102 0.050709 0.039301 0.050863 0.039266
3 34 33.908047 0.050451 0.039194 0.049992 0.039093
3 35 34.022987 0.050659 0.038658 0.050940 0.039408
3 36 34.137932 0.050213 0.038729 0.051684 0.039842
3 37 34.252872 0.049195 0.038441 0.049159 0.038507
3 38 34.367817 0.051560 0.039335 0.049999 0.038647
3 39 34.482758 0.052227 0.039524 0.050602 0.038477
3 40 34.597702 0.049759 0.038872 0.050229 0.038963
3 41 34.712643 0.049799 0.038533 0.050221 0.038636
3 42 34.827587 0.049874 0.038673 0.049818 0.038415
3 43 34.942528 0.050003 0.039541 0.050684 0.039605
3 44 35.057472 0.049649 0.038913 0.049969 0.038856
3 45 35.172413 0.049901 0.038962 0.050444 0.039527
3 46 35.287357 0.050169 0.038913 0.049205 0.038692
3 47 35.402298 0.050853 0.040058 0.049955 0.038949
3 48 35.517242 0.050634 0.039131 0.051121 0.039268
3 49 35.632183 0.050053 0.039113 0.049258 0.038558
3 50 35.747128 0.049319 0.038397 0.049857 0.038774
3 51 35.862068 0.049989 0.038495 0.050617 0.039195
3 52 35.977013 0.050582 0.039615 0.048261 0.037914
3 53 36.091953 0.049857 0.038650 0.050127 0.038554
3 54 36.206898 0.050984 0.039527 0.049558 0.038656
3 55 36.321838 0.051278 0.039538 0.051212 0.039768
3 56 36.436783 0.051349 0.039782 0.051595 0.040226
3 57 36.551723 0.050207 0.039366 0.049020 0.038627
3 58 36.666668 0.049634 0.039227 0.048322 0.038118
3 59 36.781609 0.050246 0.038817 0.051077 0.039672
3 60 36.896553 0.049926 0.039125 0.048909 0.038420
3 61 37.011494 0.050797 0.038890 0.049942 0.038782
3 62 37.126438 0.050238 0.038779 0.050971 0.039124
3 63 37.241379 0.050997 0.039482 0.051710 0.039771
3 64 37.356323 0.049756 0.038591 0.048908 0.038586
3 65 37.471264 0.049815 0.039278 0.050620 0.039467
3 66 37.586208 0.049636 0.038291 0.049463 0.038596
3 67 37.701149 0.048420 0.038059 0.050327 0.039649
3 68 37.816093 0.048937 0.038405 0.050490 0.039888
3 69 37.931034 0.050509 0.039220 0.050652 0.039324
3 70 38.045979 0.049387 0.038904 0.050161 0.039560
3 71 38.160919 0.051185 0.039581 0.049933 0.038215
3 72 38.275864 0.049726 0.038941 0.049386 0.038671
3 73 38.390804 0.050345 0.039230 0.051923 0.040266
3 74 38.505749 0.050537 0.039575 0.048497 0.037794
3 75 38.620689 0.051329 0.039866 0.049980 0.038970
3 76 38.735634 0.051881 0.040507 0.050924 0.039615
3 77 38.850574 0.049948 0.039201 0.049943 0.039535
3 78 38.965519 0.050527 0.039532 0.051206 0.039821
3 79 39.080460 0.050800 0.039618 0.048843 0.038036
3 80 39.195404 0.049961 0.039341 0.049471 0.039295
3 81 39.310345 0.049944 0.038755 0.050598 0.039147
3 82 39.425289 0.049063 0.038555 0.051055 0.039839
3 83 39.540230 0.051233 0.039885 0.051103 0.039351
3 84 39.655174 0.050161 0.038974 0.050122 0.039323
3 85 39.770115 0.050684 0.038883 0.051636 0.039836
3 86 39.885059 0.050547 0.039388 0.050452 0.039549
4 0 40.000000 0.049040 0.038373 0.049354 0.038829
4 1 40.114941 0.049977 0.038895 0.049159 0.038863
4 2 40.229885 0.051654 0.039702 0.049696 0.038626
4 3 40.344826 0.051641 0.039400 0.051219 0.039309
4 4 40.459770 0.051200 0.039815 0.050062 0.039436
4 5 40.574711 0.049757 0.038850 0.049410 0.038852
4 6 40.689655 0.049385 0.039123 0.050069 0.039260
4 7 40.804596 0.050403 0.039412 0.050352 0.039387
4 8 40.919540 0.049139 0.038348 0.049469 0.038910
4 9 41.034481 0.049732 0.038537 0.050191 0.039023
4 10 41.149426 0.050625 0.039163 0.051224 0.039723
4 11 41.264366 0.052505 0.040263 0.050455 0.038483
4 12 41.379311 0.049796 0.038967 0.050413 0.039046
4 13 41.494251 0.049744 0.038878 0.051823 0.040183
4 14 41.609196 0.050236 0.039464 0.049258 0.038439
4 15 41.724136 0.051074 0.039703 0.049865 0.038783
4 16 41.839081 0.049547 0.038723 0.049446 0.038736
4 17 41.954021 0.051381 0.039669 0.051018 0.038979
4 18 42.068966 0.049082 0.038282 0.050742 0.039279
4 19 42.183907 0.050941 0.039422 0.050754 0.039367
4 20 42.298851 0.049140 0.038713 0.048141 0.037970
4 21 42.413792 0.050410 0.038739 0.049380 0.038320
4 22 42.528736 0.051018 0.039068 0.051267 0.039543
4 23 42.643677 0.050118 0.039131 0.049700 0.038538
4 24 42.758621 0.051413 0.039796 0.050791 0.039368
4 25 42.873562 0.050356 0.038962 0.050111 0.038567
4 26 42.988506 0.049924 0.039517 0.049756 0.039078
4 27 43.103447 0.051058 0.039275 0.049392 0.038810
4 28 43.218391 0.049830 0.038686 0.051277 0.039464
4 29 43.333332 0.050114 0.039187 0.049988 0.038869
4 30 43.448277 0.051214 0.039596 0.051209 0.039854
4 31 43.563217 0.049497 0.038699 0.050622 0.039612
4 32 43.678162 0.049775 0.039044 0.050045 0.039365
4 33 43.793102 0.050673 0.038956 0.051231 0.039151
4 34 43.908047 0.050089 0.039066 0.049324 0.038523
4 35 44.022987 0.050735 0.039283 0.049661 0.038528
4 36 44.137932 0.051407 0.039855 0.050369 0.039248
4 37 44.252872 0.049593 0.038781 0.050769 0.039690
4 38 44.367817 0.050115 0.039151 0.049731 0.039511
4 39 44.482758 0.050140 0.039309 0.049645 0.038819
4 40 44.597702 0.051905 0.039417 0.051311 0.039043
4 41 44.712643 0.050778 0.039494 0.050267 0.038916
4 42 44.827587 0.049811 0.038990 0.050111 0.039469
4 43 44.942528 0.050460 0.039221 0.050457 0.039170
4 44 45.057472 0.048795 0.038388 0.049589 0.038873
4 45 45.172413 0.049721 0.038607 0.050325 0.038968
4 46 45.287357 0.051663 0.039833 0.050235 0.038771
4 47 45.402298 0.050192 0.038626 0.051018 0.039242
4 48 45.517242 0.050198 0.038979 0.050769 0.039441
4 49 45.632183 0.051006 0.039515 0.050473 0.038740
4 50 45.747128 0.050845 0.039209 0.051415 0.039476
4 51 45.862068 0.048318 0.038358 0.049189 0.038919
4 52 45.977013 0.050642 0.039743 0.050164 0.039094
4 53 46.091953 0.050537 0.038674 0.049810 0.038326
4 54 46.206898 0.050854 0.039436 0.050495 0.039255
4 55 46.321838 0.048954 0.038636 0.050717 0.039615
4 56 46.436783 0.050925 0.039687 0.049520 0.038520
4 57 46.551723 0.050961 0.039427 0.050350 0.038729
4 58 46.666668 0.049757 0.038600 0.049977 0.038846
4 59 46.781609 0.049929 0.039203 0.050482 0.039045
4 60 46.896553 0.050153 0.039272 0.050751 0.039548
4 61 47.011494 0.049703 0.039020 0.050486 0.039662
4 62 47.126438 0.051152 0.039872 0.049714 0.038819
4 63 47.241379 0.049891 0.039151 0.050745 0.039507
4 64 47.356323 0.050990 0.039020 0.051428 0.039526
4 65 47.471264 0.048628 0.038366 0.049473 0.038496
4 66 47.586208 0.049267 0.038422 0.050031 0.038868
4 67 47.701149 0.050324 0.038977 0.050314 0.039406
4 68 47.816093 0.049459 0.039010 0.051051 0.039844
4 69 47.931034 0.050220 0.039710 0.050244 0.039282
4 70 48.045979 0.048883 0.038629 0.050447 0.039263
4 71 48.160919 0.050174 0.039886 0.049532 0.038947
4 72 48.275864 0.048873 0.038460 0.050262 0.039578
4 73 48.390804 0.050553 0.039324 0.049693 0.038571
4 74 48.505749 0.049496 0.038938 0.050420 0.039744
4 75 48.620689 0.049290 0.038816 0.049140 0.038638
4 76 48.735634 0.049635 0.038975 0.049514 0.038965
4 77 48.850574 0.049956 0.038603 0.048645 0.038284
4 78 48.965519 0.048360 0.038408 0.049893 0.039004
4 79 49.080460 0.050975 0.039661 0.050672 0.039470
4 80 49.195404 0.050122 0.039143 0.049517 0.039075
4 81 49.310345 0.049653 0.038861 0.048479 0.038009
4 82 49.425289 0.049061 0.038435 0.049656 0.038775
4 83 49.540230 0.049673 0.038507 0.049788 0.038485
4 84 49.655174 0.049864 0.039090 0.050278 0.039213
4 85 49.770115 0.051426 0.040166 0.050849 0.039753
4 86 49.885059 0.049102 0.038339 0.049989 0.039402
5 0 50.000000 0.049904 0.038505 0.050708 0.039299
5 1 50.114941 0.049045 0.038519 0.048785 0.038253
5 2 50.229885 0.049730 0.039155 0.050597 0.039609
5 3 50.344826 0.049779 0.038675 0.050482 0.039493
5 4 50.459770 0.050718 0.038862 0.050968 0.039461
5 5 50.574711 0.049661 0.038614 0.050756 0.039329
5 6 50.689655 0.049311 0.038473 0.049843 0.038943
5 7 50.804596 0.051092 0.040131 0.049706 0.038965
5 8 50.919540 0.050461 0.039330 0.050206 0.039148
5 9 51.034481 0.048991 0.038732 0.048513 0.038080
5 10 51.149426 0.048306 0.037940 0.050417 0.039710
5 11 51.264366 0.049204 0.038823 0.049160 0.038416
5 12 51.379311 0.048961 0.038114 0.049521 0.038720
5 13 51.494251 0.051980 0.040155 0.051226 0.039710
5 14 51.609196 0.047830 0.038408 0.048777 0.038849
5 15 51.724136 0.048841 0.038686 0.048552 0.037960
5 16 51.839081 0.049565 0.038889 0.049526 0.038650
5 17 51.954021 0.050160 0.039404 0.049755 0.039187
5 18 52.068966 0.049401 0.038900 0.050398 0.039654
5 19 52.183907 0.050076 0.039483 0.049664 0.038865
5 20 52.298851 0.049416 0.039018 0.049439 0.039370
5 21 52.413792 0.048868 0.038987 0.049888 0.039086
5 22 52.528736 0.048669 0.037931 0.049422 0.038973
5 23 52.643677 0.048757 0.038381 0.049111 0.038585
5 24 52.758621 0.049471 0.038579 0.050755 0.039160
5 25 52.873562 0.049630 0.038770 0.049990 0.038710
5 26 52.988506 0.050447 0.039505 0.049154 0.038686
5 27 53.103447 0.050700 0.039033 0.050050 0.038625
5 28 53.218391 0.049317 0.039058 0.050134 0.039562
5 29 53.333332 0.049429 0.038884 0.049384 0.038751
5 30 53.448277 0.049528 0.039032 0.050471 0.039796
5 31 53.563217 0.050634 0.039641 0.050054 0.039195
5 32 53.678162 0.049284 0.038987 0.049927 0.039308
5 33 53.793102 0.051202 0.039324 0.050047 0.038774
5 34 53.908047 0.051253 0.040117 0.051111 0.040187
5 35 54.022987 0.049511 0.038803 0.051103 0.039682
5 36 54.137932 0.050029 0.039028 0.049528 0.038981
5 37 54.252872 0.050240 0.039114 0.050319 0.039337
5 38 54.367817 0.049368 0.038347 0.049919 0.039193
5 39 54.482758 0.049010 0.038932 0.050251 0.039382
5 40 54.597702 0.048840 0.038383 0.051115 0.039926
5 41 54.712643 0.054007 0.039969 0.052766 0.039460
5 42 54.827587 0.050312 0.039300 0.050150 0.039008
5 43 54.942528 0.048748 0.038318 0.051123 0.040151
5 44 55.057472 0.050618 0.039575 0.050388 0.039277
5 45 55.172413 0.050991 0.040152 0.049744 0.039045
5 46 55.287357 0.051639 0.039807 0.051259 0.039493
5 47 55.402298 0.048362 0.038097 0.051214 0.039927
5 48 55.517242 0.049486 0.038948 0.050377 0.039440
5 49 55.632183 0.049960 0.038696 0.051676 0.039935
5 50 55.747128 0.049002 0.038809 0.049438 0.039283
5 51 55.862068 0.050192 0.039118 0.049606 0.039176
5 52 55.977013 0.050894 0.039757 0.050172 0.039171
5 53 56.091953 0.051947 0.039903 0.051141 0.039358
5 54 56.206898 0.050415 0.039551 0.050640 0.039164
5 55 56.321838 0.049969 0.038743 0.050512 0.039623
5 56 56.436783 0.050069 0.039160 0.050286 0.038969
5 57 56.551723 0.049341 0.039195 0.050271 0.039570
5 58 56.666668 0.049872 0.039308 0.048989 0.038495
5 59 56.781609 0.049447 0.038965 0.050325 0.039639
5 60 56.896553 0.050263 0.039244 0.050364 0.038522
5 61 57.011494 0.048759 0.038377 0.048727 0.038434
5 62 57.126438 0.049570 0.038763 0.048793 0.038302
5 63 57.241379 0.049598 0.039104 0.050374 0.039481
5 64 57.356323 0.049820 0.038795 0.048724 0.038048
5 65 57.471264 0.049398 0.038345 0.050980 0.039726
5 66 57.586208 0.049919 0.039065 0.049973 0.038922
5 67 57.701149 0.049065 0.038826 0.049818 0.038844
5 68 57.816093 0.050066 0.039358 0.049389 0.037986
5 69 57.931034 0.048917 0.038537 0.049016 0.038597
5 70 58.045979 0.049799 0.038818 0.049373 0.038038
5 71 58.160919 0.051589 0.039584 0.051301 0.039539
5 72 58.275864 0.049115 0.039375 0.049931 0.039506
5 73 58.390804 0.049592 0.038808 0.052052 0.040223
5 74 58.505749 0.049370 0.038980 0.049122 0.038508
5 75 58.620689 0.049408 0.038853 0.050871 0.040402
5 76 58.735634 0.052495 0.039876 0.051528 0.039367
5 77 58.850574 0.049693 0.038728 0.049826 0.039145
5 78 58.965519 0.048443 0.038487 0.050646 0.039663
5 79 59.080460 0.048985 0.038596 0.050994 0.040099
5 80 59.195404 0.050103 0.039165 0.049650 0.039358
5 81 59.310345 0.051770 0.039893 0.049445 0.038434
5 82 59.425289 0.050442 0.039387 0.049267 0.038981
5 83 59.540230 0.048817 0.038061 0.050492 0.039203
5 84 59.655174 0.049870 0.038984 0.049662 0.038610
5 85 59.770115 0.049914 0.039278 0.049737 0.038937
5 86 59.885059 0.050118 0.039257 0.048856 0.038347
6 0 60.000000 0.049124 0.038079 0.049997 0.038842
6 1 60.114941 0.048597 0.038420 0.049656 0.038918
6 2 60.229885 0.049055 0.038801 0.049363 0.038844
6 3 60.344826 0.048472 0.038455 0.048809 0.038359
6 4 60.459770 0.049921 0.039328 0.049954 0.039275
6 5 60.574711 0.049031 0.038398 0.050471 0.039820
6 6 60.689655 0.050644 0.039241 0.050026 0.038774
6 7 60.804596 0.049746 0.038889 0.049076 0.038703
6 8 60.919540 0.050328 0.038764 0.052825 0.040556
6 9 61.034481 0.049253 0.038741 0.048408 0.038198
6 10 61.149426 0.052068 0.040061 0.050538 0.039136
6 11 61.264366 0.049977 0.039229 0.049182 0.038738
6 12 61.379311 0.049227 0.038536 0.048531 0.038436
6 13 61.494251 0.049198 0.038788 0.049047 0.039105
6 14 61.609196 0.048623 0.038459 0.050782 0.039839
6 15 61.724136 0.049839 0.039232 0.048831 0.038356
6 16 61.839081 0.050267 0.038785 0.049959 0.038618
6 17 61.954021 0.050096 0.039228 0.050308 0.040047
6 18 62.068966 0.049376 0.038974 0.048796 0.038517
6 19 62.183907 0.049808 0.038586 0.050950 0.039391
6 20 62.298851 0.048751 0.038381 0.049554 0.039021
6 21 62.413792 0.049318 0.038193 0.050546 0.039831
6 22 62.528736 0.050177 0.039934 0.049093 0.039140
6 23 62.643677 0.050677 0.039359 0.049603 0.039154
6 24 62.758621 0.050287 0.039296 0.049669 0.038820
6 25 62.873562 0.049182 0.038578 0.049554 0.038479
6 26 62.988506 0.049364 0.038864 0.048821 0.038818
6 27 63.103447 0.050284 0.039413 0.050620 0.039598
6 28 63.218391 0.049375 0.039027 0.048596 0.038311
6 29 63.333332 0.051144 0.039255 0.052175 0.039895
6 30 63.448277 0.052000 0.040269 0.049810 0.038608
6 31 63.563217 0.048895 0.038858 0.049989 0.039702
6 32 63.678162 0.049666 0.038770 0.049708 0.038693
6 33 63.793102 0.049410 0.038778 0.047871 0.037530
6 34 63.908047 0.048534 0.038298 0.049561 0.038760
6 35 64.022987 0.050023 0.039295 0.049841 0.038808
6 36 64.137932 0.050880 0.039644 0.050217 0.038888
6 37 64.252876 0.050433 0.039112 0.051447 0.039527
6 38 64.367813 0.049517 0.038687 0.050975 0.040186
6 39 64.482758 0.049452 0.039245 0.049160 0.039012
6 40 64.597702 0.049976 0.039083 0.050801 0.039555
6 41 64.712646 0.049960 0.039112 0.050409 0.039518
6 42 64.827583 0.049091 0.039100 0.049850 0.039212
6 43 64.942528 0.049103 0.038571 0.049533 0.038686
6 44 65.057472 0.049040 0.038711 0.049448 0.039231
6 45 65.172417 0.050894 0.039883 0.049528 0.039070
6 46 65.287354 0.049033 0.038758 0.048039 0.038067
6 47 65.402298 0.049791 0.039399 0.051939 0.040655
6 48 65.517242 0.049272 0.038607 0.049944 0.039330
6 49 65.632187 0.049742 0.038546 0.050154 0.039053
6 50 65.747124 0.049746 0.039140 0.049509 0.039195
6 51 65.862068 0.049890 0.039187 0.049189 0.038138
6 52 65.977013 0.049379 0.038939 0.050039 0.039633
6 53 66.091957 0.049254 0.038954 0.050336 0.039562
6 54 66.206894 0.047581 0.038266 0.049044 0.038958
6 55 66.321838 0.050004 0.038666 0.049553 0.039001
6 56 66.436783 0.049857 0.038690 0.048787 0.038556
6 57 66.551727 0.049164 0.038518 0.049564 0.038582
6 58 66.666664 0.049922 0.039083 0.050091 0.039135
6 59 66.781609 0.050573 0.039621 0.050091 0.039510
6 60 66.896553 0.047397 0.037655 0.049224 0.039318
6 61 67.011497 0.049269 0.038671 0.050642 0.039396
6 62 67.126434 0.048999 0.038496 0.049456 0.038955
6 63 67.241379 0.048987 0.038375 0.049166 0.038473
6 64 67.356323 0.049349 0.038863 0.050046 0.039169
6 65 67.471268 0.048756 0.038657 0.048338 0.038033
6 66 67.586205 0.050545 0.039721 0.050908 0.039886
6 67 67.701149 0.049830 0.039232 0.049028 0.038611
6 68 67.816093 0.048901 0.038386 0.049782 0.039199
6 69 67.931038 0.050174 0.039123 0.050076 0.039472
6 70 68.045975 0.050026 0.039237 0.049527 0.038547
6 71 68.160919 0.049169 0.038678 0.050456 0.039756
6 72 68.275864 0.051282 0.039595 0.051315 0.039312
6 73 68.390808 0.048463 0.038200 0.048833 0.038668
6 74 68.505745 0.050443 0.039237 0.049737 0.039040
6 75 68.620689 0.049146 0.038902 0.048266 0.038298
6 76 68.735634 0.050021 0.038775 0.049768 0.039123
6 77 68.850578 0.049251 0.038616 0.049094 0.038631
6 78 68.965515 0.049308 0.038981 0.048938 0.038425
6 79 69.080460 0.048569 0.038672 0.049477 0.039251
6 80 69.195404 0.049909 0.039762 0.049383 0.039212
6 81 69.310349 0.051242 0.039643 0.050601 0.039048
6 82 69.425285 0.050106 0.039254 0.049348 0.038327
6 83 69.540230 0.051672 0.039571 0.051150 0.039267
6 84 69.655174 0.049974 0.039296 0.049146 0.038497
6 85 69.770119 0.048734 0.038408 0.050777 0.039914
6 86 69.885056 0.050093 0.039184 0.049640 0.038642
7 0 70.000000 0.048701 0.038766 0.049278 0.038750
7 1 70.114944 0.049412 0.038833 0.049420 0.038992
7 2 70.229881 0.048378 0.038319 0.049767 0.039268
7 3 70.344826 0.050080 0.039295 0.048303 0.038100
7 4 70.459770 0.049414 0.038721 0.049685 0.039188
7 5 70.574715 0.049862 0.039045 0.049537 0.039513
7 6 70.689651 0.050257 0.039385 0.050412 0.039150
7 7 70.804596 0.049254 0.038489 0.050099 0.039610
7 8 70.919540 0.049038 0.038690 0.052025 0.040913
7 9 71.034485 0.049498 0.038644 0.049355 0.038536
7 10 71.149422 0.049973 0.038929 0.049797 0.038938
7 11 71.264366 0.049921 0.039241 0.049969 0.038931
7 12 71.379311 0.049967 0.038782 0.051115 0.040034
7 13 71.494255 0.049503 0.038573 0.050032 0.039289
7 14 71.609192 0.049326 0.038840 0.049731 0.038990
7 15 71.724136 0.049670 0.038744 0.049111 0.038632
7 16 71.839081 0.050220 0.039049 0.049907 0.038607
7 17 71.954025 0.050368 0.039255 0.050642 0.039682
7 18 72.068962 0.051242 0.040052 0.050622 0.039189
7 19 72.183907 0.048741 0.038106 0.049512 0.038787
7 20 72.298851 0.049172 0.038677 0.049243 0.038797
7 21 72.413795 0.050346 0.038874 0.050456 0.038833
7 22 72.528732 0.050327 0.039809 0.048337 0.038320
7 23 72.643677 0.050381 0.039526 0.048655 0.038358
7 24 72.758621 0.051705 0.040486 0.049692 0.039030
7 25 72.873566 0.049529 0.039183 0.048972 0.038708
7 26 72.988503 0.050932 0.039791 0.049704 0.038993
7 27 73.103447 0.049521 0.038921 0.049491 0.039173
7 28 73.218391 0.049370 0.039165 0.049205 0.038628
7 29 73.333336 0.050826 0.039053 0.050885 0.039186
7 30 73.448273 0.051224 0.039405 0.051456 0.039967
7 31 73.563217 0.049394 0.038906 0.049258 0.038952
7 32 73.678162 0.049990 0.039996 0.048960 0.038821
7 33 73.793106 0.048721 0.038446 0.049202 0.038752
7 34 73.908043 0.049867 0.039507 0.049984 0.039131
7 35 74.022987 0.048413 0.038299 0.049177 0.039104
7 36 74.137932 0.050114 0.038727 0.051953 0.040227
7 37 74.252876 0.049552 0.039057 0.048898 0.038761
7 38 74.367813 0.049338 0.038775 0.050087 0.038819
7 39 74.482758 0.049908 0.039591 0.048981 0.038680
7 40 74.597702 0.048859 0.038456 0.048026 0.038097
7 41 74.712646 0.050011 0.039081 0.050121 0.039389
7 42 74.827583 0.050312 0.039350 0.049871 0.038909
7 43 74.942528 0.049501 0.038757 0.049351 0.039195
7 44 75.057472 0.049765 0.038878 0.051142 0.040285
7 45 75.172417 0.049765 0.039093 0.050403 0.039722
7 46 75.287354 0.049045 0.038369 0.049237 0.038584
7 47 75.402298 0.049130 0.038571 0.049400 0.038816
7 48 75.517242 0.049151 0.038740 0.048448 0.038427
7 49 75.632187 0.049344 0.038540 0.050552 0.039477
7 50 75.747124 0.049389 0.038541 0.049392 0.038916
7 51 75.862068 0.050482 0.039479 0.049857 0.038935
7 52 75.977013 0.050533 0.039192 0.049741 0.038974
7 53 76.091957 0.048529 0.038434 0.049242 0.039232
7 54 76.206894 0.050385 0.039295 0.048836 0.038282
7 55 76.321838 0.049079 0.038681 0.048694 0.038878
7 56 76.436783 0.048566 0.038125 0.048027 0.038434
7 57 76.551727 0.050893 0.039643 0.050963 0.039646
7 58 76.666664 0.048640 0.038639 0.049731 0.039258
7 59 76.781609 0.049007 0.038935 0.049836 0.039151
7 60 76.896553 0.050214 0.039385 0.049018 0.038546
7 61 77.011497 0.049623 0.039191 0.049658 0.039197
7 62 77.126434 0.048392 0.038564 0.048547 0.038421
7 63 77.241379 0.048790 0.038433 0.048456 0.038267
7 64 77.356323 0.048999 0.038444 0.049933 0.038866
7 65 77.471268 0.050248 0.038855 0.049990 0.039003
7 66 77.586205 0.049546 0.039306 0.049710 0.039454
7 67 77.701149 0.049782 0.039309 0.048123 0.038209
7 68 77.816093 0.048672 0.038195 0.049626 0.039233
7 69 77.931038 0.049566 0.039254 0.048089 0.038116
7 70 78.045975 0.049277 0.038721 0.049469 0.038638
7 71 78.160919 0.049590 0.038678 0.048486 0.038557
7 72 78.275864 0.049106 0.038536 0.049598 0.039218
7 73 78.390808 0.048774 0.038949 0.047961 0.038408
7 74 78.505745 0.047875 0.038037 0.049970 0.039307
7 75 78.620689 0.049903 0.038949 0.048501 0.038163
7 76 78.735634 0.050257 0.039228 0.049566 0.038901
7 77 78.850578 0.049562 0.039504 0.049750 0.039343
7 78 78.965515 0.049829 0.039568 0.048769 0.038358
7 79 79.080460 0.048662 0.038913 0.050091 0.039454
7 80 79.195404 0.048749 0.039125 0.049032 0.038848
7 81 79.310349 0.048972 0.038670 0.049552 0.039261
7 82 79.425285 0.049369 0.038635 0.050170 0.039369
7 83 79.540230 0.048644 0.038681 0.050543 0.040001
7 84 79.655174 0.048950 0.038479 0.049888 0.039819
7 85 79.770119 0.050769 0.039458 0.050506 0.039199
7 86 79.885056 0.049916 0.038881 0.049687 0.038831
8 0 80.000000 0.049747 0.039072 0.049603 0.038899
8 1 80.114944 0.051067 0.039441 0.049741 0.038753
8 2 80.229881 0.048767 0.038528 0.049293 0.039280
8 3 80.344826 0.049215 0.038716 0.050199 0.039665
8 4 80.459770 0.049731 0.038871 0.047638 0.037836
8 5 80.574715 0.050110 0.038805 0.050949 0.039657
8 6 80.689651 0.048813 0.038493 0.050084 0.039785
8 7 80.804596 0.048994 0.038689 0.049508 0.039244
8 8 80.919540 0.048808 0.038232 0.050225 0.039471
8 9 81.034485 0.050216 0.038911 0.050513 0.039691
8 10 81.149422 0.050148 0.039655 0.050053 0.039559
8 11 81.264366 0.048868 0.038462 0.049018 0.038662
8 12 81.379311 0.049959 0.039446 0.049270 0.038908
8 13 81.494255 0.049491 0.039523 0.049087 0.038725
8 14 81.609192 0.049629 0.038630 0.049159 0.038644
8 15 81.724136 0.049935 0.039329 0.048734 0.038578
8 16 81.839081 0.049574 0.038891 0.049325 0.039168
8 17 81.954025 0.048178 0.038397 0.050060 0.039447
8 18 82.068962 0.050023 0.039272 0.050746 0.039585
8 19 82.183907 0.050043 0.039608 0.049336 0.039044
8 20 82.298851 0.048695 0.038115 0.049138 0.038612
8 21 82.413795 0.050249 0.039256 0.049271 0.038493
8 22 82.528732 0.049642 0.039081 0.048916 0.038546
8 23 82.643677 0.050156 0.039031 0.050513 0.039169
8 24 82.758621 0.049240 0.038811 0.049180 0.039258
8 25 82.873566 0.050634 0.039701 0.050245 0.039654
8 26 82.988503 0.050681 0.039662 0.050199 0.039205
8 27 83.103447 0.050162 0.039412 0.049579 0.038978
8 28 83.218391 0.050489 0.039841 0.050068 0.039007
8 29 83.333336 0.047956 0.037822 0.049306 0.038746
8 30 83.448273 0.049415 0.038984 0.049433 0.039120
8 31 83.563217 0.050190 0.039015 0.050109 0.039087
8 32 83.678162 0.050529 0.039622 0.049481 0.038515
8 33 83.793106 0.050078 0.039255 0.050418 0.039230
8 34 83.908043 0.048653 0.038431 0.049132 0.038531
8 35 84.022987 0.048872 0.038985 0.049097 0.038991
8 36 84.137932 0.048898 0.038583 0.049368 0.038871
8 37 84.252876 0.048363 0.038594 0.049268 0.038962
8 38 84.367813 0.048710 0.038474 0.049169 0.038898
8 39 84.482758 0.049278 0.038692 0.050638 0.039687
8 40 84.597702 0.049102 0.038383 0.049935 0.039155
8 41 84.712646 0.049689 0.038860 0.049785 0.039229
8 42 84.827583 0.049876 0.039487 0.049067 0.038497
8 43 84.942528 0.049925 0.038825 0.049646 0.038399
8 44 85.057472 0.049934 0.038683 0.049148 0.038161
8 45 85.172417 0.049834 0.039160 0.048335 0.038400
8 46 85.287354 0.049213 0.038768 0.048591 0.038038
8 47 85.402298 0.049588 0.039497 0.049036 0.038850
8 48 85.517242 0.049365 0.039404 0.049040 0.038807
8 49 85.632187 0.049048 0.038975 0.049026 0.038525
8 50 85.747124 0.050872 0.039448 0.050065 0.038984
8 51 85.862068 0.050421 0.039537 0.051027 0.039840
8 52 85.977013 0.049602 0.038634 0.049734 0.038439
8 53 86.091957 0.049508 0.038964 0.049388 0.038740
8 54 86.206894 0.050045 0.038912 0.050557 0.039188
8 55 86.321838 0.047778 0.037748 0.049612 0.039595
8 56 86.436783 0.048399 0.037942 0.049537 0.038737
8 57 86.551727 0.049372 0.038874 0.048722 0.038949
8 58 86.666664 0.049330 0.038500 0.048985 0.038658
8 59 86.781609 0.050456 0.039969 0.049827 0.038919
8 60 86.896553 0.049316 0.038498 0.049752 0.039344
8 61 87.011497 0.050192 0.039159 0.050006 0.039022
8 62 87.126434 0.048489 0.038261 0.049537 0.038934
8 63 87.241379 0.049277 0.038916 0.049528 0.038625
8 64 87.356323 0.050128 0.039117 0.050095 0.039501
8 65 87.471268 0.049298 0.038866 0.047997 0.038199
8 66 87.586205 0.047466 0.037609 0.048251 0.038334
8 67 87.701149 0.048829 0.038735 0.049721 0.039258
8 68 87.816093 0.050053 0.039267 0.048598 0.038400
8 69 87.931038 0.049253 0.038658 0.047534 0.037848
8 70 88.045975 0.049660 0.039152 0.049260 0.038544
8 71 88.160919 0.050015 0.038602 0.050408 0.038848
8 72 88.275864 0.049469 0.038550 0.049670 0.039290
8 73 88.390808 0.048914 0.038659 0.049361 0.038973
8 74 88.505745 0.049129 0.038785 0.050021 0.039303
8 75 88.620689 0.050031 0.039051 0.050227 0.039266
8 76 88.735634 0.050358 0.039299 0.051158 0.039740
8 77 88.850578 0.049610 0.039148 0.049008 0.038639
8 78 88.965515 0.049990 0.039124 0.048824 0.038829
8 79 89.080460 0.049651 0.039120 0.048153 0.037901
8 80 89.195404 0.051586 0.039983 0.050433 0.039039
8 81 89.310349 0.049865 0.039233 0.048585 0.038456
8 82 89.425285 0.048609 0.038356 0.049768 0.039327
8 83 89.540230 0.049542 0.038524 0.049465 0.039332
8 84 89.655174 0.049076 0.038941 0.049509 0.039109
8 85 89.770119 0.050906 0.039776 0.048733 0.038244
8 86 89.885056 0.050060 0.039465 0.049670 0.039305
9 0 90.000000 0.048926 0.038693 0.048725 0.038362
9 1 90.114944 0.051044 0.039606 0.049863 0.038767
9 2 90.229881 0.049381 0.039024 0.049456 0.038978
9 3 90.344826 0.049848 0.038941 0.049038 0.038382
9 4 90.459770 0.050199 0.039444 0.049282 0.039242
9 5 90.574715 0.048874 0.038884 0.049157 0.039125
9 6 90.689651 0.048554 0.038146 0.049510 0.038687
9 7 90.804596 0.049507 0.038881 0.049870 0.039246
9 8 90.919540 0.049420 0.039108 0.048483 0.038377
9 9 91.034485 0.049132 0.039058 0.049769 0.039272
9 10 91.149422 0.048806 0.038764 0.048937 0.038766
9 11 91.264366 0.050451 0.039797 0.049437 0.039025
9 12 91.379311 0.049269 0.038349 0.048617 0.038299
9 13 91.494255 0.050098 0.039492 0.049907 0.039428
9 14 91.609192 0.050428 0.039951 0.050836 0.039960
9 15 91.724136 0.049317 0.038662 0.048770 0.038395
9 16 91.839081 0.050817 0.039663 0.049534 0.038942
9 17 91.954025 0.050662 0.039626 0.050104 0.039167
9 18 92.068962 0.050216 0.039268 0.050315 0.039342
9 19 92.183907 0.050015 0.039470 0.049282 0.039256
9 20 92.298851 0.048821 0.038666 0.050028 0.040109
9 21 92.413795 0.048943 0.038528 0.048991 0.038599
9 22 92.528732 0.050783 0.039261 0.052214 0.040172
9 23 92.643677 0.049099 0.038508 0.051016 0.039573
9 24 92.758621 0.049242 0.038934 0.049439 0.038523
9 25 92.873566 0.048848 0.038506 0.049734 0.039034
9 26 92.988503 0.048931 0.038358 0.049583 0.039201
9 27 93.103447 0.049430 0.038911 0.050078 0.039402
9 28 93.218391 0.049609 0.038852 0.048738 0.038467
9 29 93.333336 0.049166 0.038584 0.049337 0.038527
9 30 93.448273 0.049482 0.039268 0.049975 0.039547
9 31 93.563217 0.048067 0.038182 0.049334 0.038896
9 32 93.678162 0.049832 0.039246 0.049236 0.038653
9 33 93.793106 0.050433 0.038794 0.050371 0.038895
9 34 93.908043 0.048246 0.038425 0.048746 0.038619
9 35 94.022987 0.050240 0.039962 0.050040 0.039695
9 36 94.137932 0.048130 0.038424 0.049924 0.039472
9 37 94.252876 0.049384 0.038784 0.049378 0.038552
9 38 94.367813 0.049064 0.038620 0.048420 0.038038
9 39 94.482758 0.048365 0.038231 0.049618 0.039193
9 40 94.597702 0.052010 0.040228 0.051118 0.039346
9 41 94.712646 0.048697 0.038832 0.048363 0.038835
9 42 94.827583 0.049316 0.038697 0.049744 0.039258
9 43 94.942528 0.050063 0.039442 0.048614 0.038393
9 44 95.057472 0.049745 0.039477 0.048303 0.038032
9 45 95.172417 0.050543 0.039544 0.049528 0.038580
9 46 95.287354 0.050211 0.039472 0.050279 0.039019
9 47 95.402298 0.050186 0.039642 0.049318 0.038740
9 48 95.517242 0.048671 0.038272 0.049096 0.038611
9 49 95.632187 0.048348 0.037582 0.049778 0.038693
9 50 95.747124 0.049544 0.039106 0.049500 0.038820
9 51 95.862068 0.049451 0.039122 0.048874 0.038519
9 52 95.977013 0.049212 0.038635 0.048861 0.038132
9 53 96.091957 0.049108 0.038243 0.049822 0.039245
9 54 96.206894 0.048811 0.039312 0.048470 0.038628
9 55 96.321838 0.049308 0.039042 0.049032 0.038498
9 56 96.436783 0.050016 0.039509 0.049518 0.039216
9 57 96.551727 0.050351 0.039583 0.049658 0.039307
9 58 96.666664 0.048696 0.038486 0.049558 0.038951
9 59 96.781609 0.050202 0.039586 0.049919 0.038850
9 60 96.896553 0.048959 0.038395 0.049602 0.039411
9 61 97.011497 0.049276 0.038516 0.050412 0.039330
9 62 97.126434 0.050010 0.038894 0.050598 0.039116
9 63 97.241379 0.049590 0.038943 0.048633 0.038387
9 64 97.356323 0.049527 0.039050 0.049191 0.038688
9 65 97.471268 0.049672 0.039117 0.050453 0.040044
9 66 97.586205 0.048774 0.038468 0.048874 0.038646
9 67 97.701149 0.050020 0.039147 0.049210 0.038506
9 68 97.816093 0.048394 0.038309 0.048844 0.038535
9 69 97.931038 0.048299 0.038427 0.049515 0.039058
9 70 98.045975 0.050038 0.039117 0.048764 0.038904
9 71 98.160919 0.049272 0.039146 0.048780 0.038665
9 72 98.275864 0.049351 0.038808 0.049614 0.039000
9 73 98.390808 0.049230 0.039167 0.049853 0.039630
9 74 98.505745 0.048969 0.038728 0.051439 0.040351
9 75 98.620689 0.049234 0.038726 0.050857 0.039920
9 76 98.735634 0.048938 0.038699 0.048580 0.038313
9 77 98.850578 0.049612 0.039070 0.048910 0.038787
9 78 98.965515 0.049249 0.038361 0.048829 0.038300
9 79 99.080460 0.050008 0.039012 0.049788 0.039275
9 80 99.195404 0.048253 0.038304 0.049037 0.038745
9 81 99.310349 0.049721 0.039045 0.050812 0.040112
9 82 99.425285 0.048806 0.038553 0.048623 0.038501
9 83 99.540230 0.049639 0.039124 0.048817 0.038933
9 84 99.655174 0.048796 0.038765 0.049126 0.038907
9 85 99.770119 0.048329 0.038131 0.049750 0.039134
9 86 99.885056 0.049051 0.039115 0.048648 0.038761
