0 -0.494485 1 0.000050
1 -0.485709 0 0.000000
2 -0.476934 0 0.000000
3 -0.468158 0 0.000000
4 -0.459382 0 0.000000
5 -0.450607 0 0.000000
6 -0.441831 0 0.000000
7 -0.433056 0 0.000000
8 -0.424280 0 0.000000
9 -0.415504 0 0.000000
10 -0.406729 0 0.000000
11 -0.397953 0 0.000000
12 -0.389178 0 0.000000
13 -0.380402 0 0.000000
14 -0.371626 0 0.000000
15 -0.362851 1 0.000050
16 -0.354075 2 0.000100
17 -0.345300 1 0.000050
18 -0.336524 0 0.000000
19 -0.327748 8 0.000400
20 -0.318973 2 0.000100
21 -0.310197 6 0.000300
22 -0.301422 2 0.000100
23 -0.292646 10 0.000500
24 -0.283871 5 0.000250
25 -0.275095 10 0.000500
26 -0.266319 12 0.000600
27 -0.257544 11 0.000550
28 -0.248768 20 0.001000
29 -0.239993 35 0.001750
30 -0.231217 34 0.001700
31 -0.222441 36 0.001800
32 -0.213666 40 0.002000
33 -0.204890 24 0.001200
34 -0.196115 20 0.001000
35 -0.187339 20 0.001000
36 -0.178563 53 0.002650
37 -0.169788 104 0.005200
38 -0.161012 101 0.005050
39 -0.152237 163 0.008150
40 -0.143461 214 0.010700
41 -0.134685 232 0.011600
42 -0.125910 252 0.012600
43 -0.117134 241 0.012050
44 -0.108359 198 0.009900
45 -0.099583 285 0.014250
46 -0.090807 268 0.013400
47 -0.082032 403 0.020150
48 -0.073256 439 0.021950
49 -0.064481 411 0.020550
50 -0.055705 378 0.018900
51 -0.046929 320 0.016000
52 -0.038154 489 0.024450
53 -0.029378 592 0.029600
54 -0.020603 1413 0.070650
55 -0.011827 3483 0.174150
56 -0.003051 3428 0.171400
57 0.005724 1754 0.087700
58 0.014500 715 0.035750
59 0.023275 335 0.016750
60 0.032051 233 0.011650
61 0.040826 214 0.010700
62 0.049602 192 0.009600
63 0.058378 178 0.008900
64 0.067153 124 0.006200
65 0.075929 156 0.007800
66 0.084704 209 0.010450
67 0.093480 209 0.010450
68 0.102256 286 0.014300
69 0.111031 192 0.009600
70 0.119807 169 0.008450
71 0.128582 205 0.010250
72 0.137358 174 0.008700
73 0.146134 120 0.006000
74 0.154909 108 0.005400
75 0.163685 46 0.002300
76 0.172460 60 0.003000
77 0.181236 37 0.001850
78 0.190012 26 0.001300
79 0.198787 46 0.002300
80 0.207563 40 0.002000
81 0.216338 45 0.002250
82 0.225114 54 0.002700
83 0.233890 26 0.001300
84 0.242665 35 0.001750
85 0.251441 32 0.001600
86 0.260216 26 0.001300
87 0.268992 43 0.002150
88 0.277768 32 0.001600
89 0.286543 19 0.000950
90 0.295319 27 0.001350
91 0.304094 30 0.001500
92 0.312870 28 0.001400
93 0.321645 4 0.000200
94 0.330421 1 0.000050
95 0.339197 0 0.000000
96 0.347972 1 0.000050
97 0.356748 1 0.000050
98 0.365523 0 0.000000
99 0.374299 1 0.000050
