0 0.000000 40866 0.681100
1 0.002470 5205 0.086750
2 0.004940 3633 0.060550
3 0.007410 1920 0.032000
4 0.009879 1490 0.024833
5 0.012349 1369 0.022817
6 0.014819 1291 0.021517
7 0.017289 910 0.015167
8 0.019759 596 0.009933
9 0.022229 450 0.007500
10 0.024699 352 0.005867
11 0.027168 296 0.004933
12 0.029638 238 0.003967
13 0.032108 142 0.002367
14 0.034578 93 0.001550
15 0.037048 80 0.001333
16 0.039518 72 0.001200
17 0.041987 79 0.001317
18 0.044457 77 0.001283
19 0.046927 75 0.001250
20 0.049397 75 0.001250
21 0.051867 64 0.001067
22 0.054337 66 0.001100
23 0.056807 47 0.000783
24 0.059276 38 0.000633
25 0.061746 31 0.000517
26 0.064216 26 0.000433
27 0.066686 31 0.000517
28 0.069156 30 0.000500
29 0.071626 23 0.000383
30 0.074096 47 0.000783
31 0.076565 27 0.000450
32 0.079035 33 0.000550
33 0.081505 26 0.000433
34 0.083975 18 0.000300
35 0.086445 28 0.000467
36 0.088915 22 0.000367
37 0.091384 22 0.000367
38 0.093854 20 0.000333
39 0.096324 21 0.000350
40 0.098794 16 0.000267
41 0.101264 12 0.000200
42 0.103734 7 0.000117
43 0.106204 4 0.000067
44 0.108673 1 0.000017
45 0.111143 2 0.000033
46 0.113613 1 0.000017
47 0.116083 1 0.000017
48 0.118553 4 0.000067
49 0.121023 6 0.000100
50 0.123493 1 0.000017
51 0.125962 5 0.000083
52 0.128432 3 0.000050
53 0.130902 0 0.000000
54 0.133372 0 0.000000
55 0.135842 0 0.000000
56 0.138312 2 0.000033
57 0.140781 0 0.000000
58 0.143251 0 0.000000
59 0.145721 0 0.000000
60 0.148191 1 0.000017
61 0.150661 0 0.000000
62 0.153131 1 0.000017
63 0.155601 1 0.000017
64 0.158070 0 0.000000
65 0.160540 1 0.000017
66 0.163010 0 0.000000
67 0.165480 0 0.000000
68 0.167950 0 0.000000
69 0.170420 0 0.000000
70 0.172890 0 0.000000
71 0.175359 0 0.000000
72 0.177829 0 0.000000
73 0.180299 0 0.000000
74 0.182769 0 0.000000
75 0.185239 0 0.000000
76 0.187709 0 0.000000
77 0.190178 0 0.000000
78 0.192648 0 0.000000
79 0.195118 0 0.000000
80 0.197588 0 0.000000
81 0.200058 0 0.000000
82 0.202528 0 0.000000
83 0.204998 0 0.000000
84 0.207467 0 0.000000
85 0.209937 0 0.000000
86 0.212407 0 0.000000
87 0.214877 0 0.000000
88 0.217347 0 0.000000
89 0.219817 0 0.000000
90 0.222287 0 0.000000
91 0.224756 0 0.000000
92 0.227226 0 0.000000
93 0.229696 1 0.000017
94 0.232166 0 0.000000
95 0.234636 0 0.000000
96 0.237106 0 0.000000
97 0.239575 0 0.000000
98 0.242045 1 0.000017
99 0.244515 0 0.000000
