0 -0.494485 1 0.000017
1 -0.485495 1 0.000017
2 -0.476506 0 0.000000
3 -0.467516 0 0.000000
4 -0.458526 0 0.000000
5 -0.449537 0 0.000000
6 -0.440547 0 0.000000
7 -0.431558 0 0.000000
8 -0.422568 0 0.000000
9 -0.413578 0 0.000000
10 -0.404589 1 0.000017
11 -0.395599 1 0.000017
12 -0.386610 0 0.000000
13 -0.377620 0 0.000000
14 -0.368631 0 0.000000
15 -0.359641 4 0.000067
16 -0.350651 9 0.000150
17 -0.341662 3 0.000050
18 -0.332672 6 0.000100
19 -0.323683 6 0.000100
20 -0.314693 9 0.000150
21 -0.305703 10 0.000167
22 -0.296714 14 0.000233
23 -0.287724 19 0.000317
24 -0.278735 11 0.000183
25 -0.269745 26 0.000433
26 -0.260756 23 0.000383
27 -0.251766 26 0.000433
28 -0.242776 46 0.000767
29 -0.233787 48 0.000800
30 -0.224797 60 0.001000
31 -0.215808 62 0.001033
32 -0.206818 57 0.000950
33 -0.197828 54 0.000900
34 -0.188839 90 0.001500
35 -0.179849 133 0.002217
36 -0.170860 211 0.003517
37 -0.161870 191 0.003183
38 -0.152880 309 0.005150
39 -0.143891 450 0.007500
40 -0.134901 680 0.011333
41 -0.125912 575 0.009583
42 -0.116922 545 0.009083
43 -0.107933 567 0.009450
44 -0.098943 716 0.011933
45 -0.089953 963 0.016050
46 -0.080964 1348 0.022467
47 -0.071974 1381 0.023017
48 -0.062985 1089 0.018150
49 -0.053995 1323 0.022050
50 -0.045005 1585 0.026417
51 -0.036016 2116 0.035267
52 -0.027026 2939 0.048983
53 -0.018037 5991 0.099850
54 -0.009047 12211 0.203517
55 -0.000058 6620 0.110333
56 0.008932 3226 0.053767
57 0.017922 2016 0.033600
58 0.026911 1790 0.029833
59 0.035901 1162 0.019367
60 0.044890 991 0.016517
61 0.053880 961 0.016017
62 0.062870 1118 0.018633
63 0.071859 838 0.013967
64 0.080849 593 0.009883
65 0.089838 579 0.009650
66 0.098828 627 0.010450
67 0.107818 540 0.009000
68 0.116807 602 0.010033
69 0.125797 468 0.007800
70 0.134786 341 0.005683
71 0.143776 236 0.003933
72 0.152765 254 0.004233
73 0.161755 187 0.003117
74 0.170745 156 0.002600
75 0.179734 83 0.001383
76 0.188724 56 0.000933
77 0.197713 67 0.001117
78 0.206703 52 0.000867
79 0.215692 61 0.001017
80 0.224682 71 0.001183
81 0.233672 41 0.000683
82 0.242661 40 0.000667
83 0.251651 37 0.000617
84 0.260640 30 0.000500
85 0.269630 57 0.000950
86 0.278620 40 0.000667
87 0.287609 29 0.000483
88 0.296599 45 0.000750
89 0.305588 38 0.000633
90 0.314578 23 0.000383
91 0.323568 4 0.000067
92 0.332557 0 0.000000
93 0.341547 0 0.000000
94 0.350536 7 0.000117
95 0.359526 0 0.000000
96 0.368515 2 0.000033
97 0.377505 0 0.000000
98 0.386495 2 0.000033
99 0.395484 0 0.000000
