0 -0.358992 1 0.000050
1 -0.351736 7 0.000350
2 -0.344480 1 0.000050
3 -0.337224 2 0.000100
4 -0.329968 1 0.000050
5 -0.322712 0 0.000000
6 -0.315456 4 0.000200
7 -0.308200 3 0.000150
8 -0.300944 2 0.000100
9 -0.293688 5 0.000250
10 -0.286432 4 0.000200
11 -0.279176 3 0.000150
12 -0.271920 11 0.000550
13 -0.264664 6 0.000300
14 -0.257408 11 0.000550
15 -0.250152 6 0.000300
16 -0.242896 8 0.000400
17 -0.235640 12 0.000600
18 -0.228383 14 0.000700
19 -0.221127 6 0.000300
20 -0.213871 9 0.000450
21 -0.206615 6 0.000300
22 -0.199359 10 0.000500
23 -0.192103 14 0.000700
24 -0.184847 29 0.001450
25 -0.177591 22 0.001100
26 -0.170335 28 0.001400
27 -0.163079 34 0.001700
28 -0.155823 36 0.001800
29 -0.148567 48 0.002400
30 -0.141311 57 0.002850
31 -0.134055 59 0.002950
32 -0.126799 61 0.003050
33 -0.119543 105 0.005250
34 -0.112287 106 0.005300
35 -0.105031 128 0.006400
36 -0.097775 130 0.006500
37 -0.090519 157 0.007850
38 -0.083263 144 0.007200
39 -0.076007 140 0.007000
40 -0.068751 191 0.009550
41 -0.061495 215 0.010750
42 -0.054239 381 0.019050
43 -0.046983 428 0.021400
44 -0.039727 494 0.024700
45 -0.032471 692 0.034600
46 -0.025215 1249 0.062450
47 -0.017959 2319 0.115950
48 -0.010703 3815 0.190750
49 -0.003446 3033 0.151650
50 0.003810 1581 0.079050
51 0.011066 831 0.041550
52 0.018322 485 0.024250
53 0.025578 420 0.021000
54 0.032834 380 0.019000
55 0.040090 255 0.012750
56 0.047346 208 0.010400
57 0.054602 231 0.011550
58 0.061858 183 0.009150
59 0.069114 196 0.009800
60 0.076370 155 0.007750
61 0.083626 93 0.004650
62 0.090882 115 0.005750
63 0.098138 86 0.004300
64 0.105394 68 0.003400
65 0.112650 68 0.003400
66 0.119906 51 0.002550
67 0.127162 60 0.003000
68 0.134418 33 0.001650
69 0.141674 24 0.001200
70 0.148930 26 0.001300
71 0.156186 18 0.000900
72 0.163442 16 0.000800
73 0.170698 13 0.000650
74 0.177954 14 0.000700
75 0.185210 17 0.000850
76 0.192466 10 0.000500
77 0.199722 8 0.000400
78 0.206978 8 0.000400
79 0.214234 12 0.000600
80 0.221491 11 0.000550
81 0.228747 11 0.000550
82 0.236003 6 0.000300
83 0.243259 3 0.000150
84 0.250515 2 0.000100
85 0.257771 4 0.000200
86 0.265027 2 0.000100
87 0.272283 10 0.000500
88 0.279539 5 0.000250
89 0.286795 7 0.000350
90 0.294051 13 0.000650
91 0.301307 7 0.000350
92 0.308563 2 0.000100
93 0.315819 1 0.000050
94 0.323075 0 0.000000
95 0.330331 0 0.000000
96 0.337587 0 0.000000
97 0.344843 0 0.000000
98 0.352099 3 0.000150
99 0.359355 1 0.000050
