0 -0.479893 1 0.000050
1 -0.471050 0 0.000000
2 -0.462208 0 0.000000
3 -0.453366 0 0.000000
4 -0.444524 0 0.000000
5 -0.435682 0 0.000000
6 -0.426839 0 0.000000
7 -0.417997 0 0.000000
8 -0.409155 1 0.000050
9 -0.400313 0 0.000000
10 -0.391471 1 0.000050
11 -0.382629 0 0.000000
12 -0.373786 0 0.000000
13 -0.364944 0 0.000000
14 -0.356102 1 0.000050
15 -0.347260 0 0.000000
16 -0.338418 0 0.000000
17 -0.329575 2 0.000100
18 -0.320733 1 0.000050
19 -0.311891 1 0.000050
20 -0.303049 2 0.000100
21 -0.294207 3 0.000150
22 -0.285364 4 0.000200
23 -0.276522 2 0.000100
24 -0.267680 1 0.000050
25 -0.258838 0 0.000000
26 -0.249996 0 0.000000
27 -0.241153 3 0.000150
28 -0.232311 3 0.000150
29 -0.223469 6 0.000300
30 -0.214627 15 0.000750
31 -0.205785 14 0.000700
32 -0.196943 25 0.001250
33 -0.188100 41 0.002050
34 -0.179258 64 0.003200
35 -0.170416 61 0.003050
36 -0.161574 52 0.002600
37 -0.152732 86 0.004300
38 -0.143889 162 0.008100
39 -0.135047 362 0.018100
40 -0.126205 223 0.011150
41 -0.117363 190 0.009500
42 -0.108521 188 0.009400
43 -0.099678 255 0.012750
44 -0.090836 416 0.020800
45 -0.081994 760 0.038000
46 -0.073152 700 0.035000
47 -0.064310 462 0.023100
48 -0.055467 427 0.021350
49 -0.046625 601 0.030050
50 -0.037783 849 0.042450
51 -0.028941 702 0.035100
52 -0.020099 757 0.037850
53 -0.011257 2802 0.140100
54 -0.002414 1920 0.096000
55 0.006428 783 0.039150
56 0.015270 923 0.046150
57 0.024112 976 0.048800
58 0.032954 694 0.034700
59 0.041797 471 0.023550
60 0.050639 489 0.024450
61 0.059481 651 0.032550
62 0.068323 609 0.030450
63 0.077165 332 0.016600
64 0.086008 218 0.010900
65 0.094850 242 0.012100
66 0.103692 201 0.010050
67 0.112534 331 0.016550
68 0.121376 274 0.013700
69 0.130219 152 0.007600
70 0.139061 81 0.004050
71 0.147903 90 0.004500
72 0.156745 86 0.004300
73 0.165587 127 0.006350
74 0.174429 42 0.002100
75 0.183272 16 0.000800
76 0.192114 18 0.000900
77 0.200956 8 0.000400
78 0.209798 2 0.000100
79 0.218640 0 0.000000
80 0.227483 1 0.000050
81 0.236325 4 0.000200
82 0.245167 1 0.000050
83 0.254009 0 0.000000
84 0.262851 1 0.000050
85 0.271694 2 0.000100
86 0.280536 2 0.000100
87 0.289378 2 0.000100
88 0.298220 1 0.000050
89 0.307062 0 0.000000
90 0.315905 0 0.000000
91 0.324747 0 0.000000
92 0.333589 0 0.000000
93 0.342431 0 0.000000
94 0.351273 1 0.000050
95 0.360115 0 0.000000
96 0.368958 1 0.000050
97 0.377800 0 0.000000
98 0.386642 1 0.000050
99 0.395484 1 0.000050
