0 0.072589 3 0.000050
1 0.081539 11 0.000183
2 0.090489 1 0.000017
3 0.099439 11 0.000183
4 0.108389 0 0.000000
5 0.117339 0 0.000000
6 0.126290 0 0.000000
7 0.135240 0 0.000000
8 0.144190 0 0.000000
9 0.153140 12 0.000200
10 0.162090 0 0.000000
11 0.171040 0 0.000000
12 0.179990 0 0.000000
13 0.188940 0 0.000000
14 0.197890 0 0.000000
15 0.206841 0 0.000000
16 0.215791 0 0.000000
17 0.224741 0 0.000000
18 0.233691 8 0.000133
19 0.242641 0 0.000000
20 0.251591 0 0.000000
21 0.260541 0 0.000000
22 0.269491 3 0.000050
23 0.278441 7 0.000117
24 0.287392 21 0.000350
25 0.296342 7 0.000117
26 0.305292 0 0.000000
27 0.314242 337 0.005617
28 0.323192 376 0.006267
29 0.332142 515 0.008583
30 0.341092 80 0.001333
31 0.350042 42 0.000700
32 0.358992 24 0.000400
33 0.367943 46 0.000767
34 0.376893 6 0.000100
35 0.385843 610 0.010167
36 0.394793 228 0.003800
37 0.403743 220 0.003667
38 0.412693 773 0.012883
39 0.421643 544 0.009067
40 0.430593 461 0.007683
41 0.439543 357 0.005950
42 0.448494 750 0.012500
43 0.457444 402 0.006700
44 0.466394 402 0.006700
45 0.475344 707 0.011783
46 0.484294 1423 0.023717
47 0.493244 7332 0.122200
48 0.502194 16107 0.268450
49 0.511144 2186 0.036433
50 0.520095 1073 0.017883
51 0.529045 1517 0.025283
52 0.537995 929 0.015483
53 0.546945 698 0.011633
54 0.555895 476 0.007933
55 0.564845 656 0.010933
56 0.573795 893 0.014883
57 0.582745 1822 0.030367
58 0.591695 3188 0.053133
59 0.600645 2349 0.039150
60 0.609596 1105 0.018417
61 0.618546 1260 0.021000
62 0.627496 280 0.004667
63 0.636446 571 0.009517
64 0.645396 199 0.003317
65 0.654346 298 0.004967
66 0.663296 1032 0.017200
67 0.672246 793 0.013217
68 0.681197 593 0.009883
69 0.690147 200 0.003333
70 0.699097 249 0.004150
71 0.708047 35 0.000583
72 0.716997 335 0.005583
73 0.725947 3 0.000050
74 0.734897 302 0.005033
75 0.743847 312 0.005200
76 0.752797 625 0.010417
77 0.761747 1634 0.027233
78 0.770698 149 0.002483
79 0.779648 365 0.006083
80 0.788598 74 0.001233
81 0.797548 28 0.000467
82 0.806498 94 0.001567
83 0.815448 271 0.004517
84 0.824398 80 0.001333
85 0.833348 90 0.001500
86 0.842299 95 0.001583
87 0.851249 153 0.002550
88 0.860199 183 0.003050
89 0.869149 83 0.001383
90 0.878099 116 0.001933
91 0.887049 123 0.002050
92 0.895999 87 0.001450
93 0.904949 247 0.004117
94 0.913899 121 0.002017
95 0.922850 80 0.001333
96 0.931800 46 0.000767
97 0.940750 72 0.001200
98 0.949700 1 0.000017
99 0.958650 3 0.000050
