0 0.290238 5 0.000250
1 0.295903 7 0.000350
2 0.301568 0 0.000000
3 0.307234 0 0.000000
4 0.312899 10 0.000500
5 0.318564 309 0.015450
6 0.324229 7 0.000350
7 0.329895 228 0.011400
8 0.335560 213 0.010650
9 0.341225 6 0.000300
10 0.346890 0 0.000000
11 0.352556 0 0.000000
12 0.358221 2 0.000100
13 0.363886 22 0.001100
14 0.369552 46 0.002300
15 0.375217 0 0.000000
16 0.380882 238 0.011900
17 0.386547 369 0.018450
18 0.392213 37 0.001850
19 0.397878 168 0.008400
20 0.403543 205 0.010250
21 0.409209 9 0.000450
22 0.414874 257 0.012850
23 0.420539 605 0.030250
24 0.426204 33 0.001650
25 0.431870 22 0.001100
26 0.437535 485 0.024250
27 0.443200 289 0.014450
28 0.448865 100 0.005000
29 0.454531 920 0.046000
30 0.460196 129 0.006450
31 0.465861 72 0.003600
32 0.471527 329 0.016450
33 0.477192 363 0.018150
34 0.482857 589 0.029450
35 0.488522 412 0.020600
36 0.494188 771 0.038550
37 0.499853 3060 0.153000
38 0.505518 2230 0.111500
39 0.511184 653 0.032650
40 0.516849 402 0.020100
41 0.522514 379 0.018950
42 0.528179 719 0.035950
43 0.533845 917 0.045850
44 0.539510 206 0.010300
45 0.545175 748 0.037400
46 0.550840 116 0.005800
47 0.556506 122 0.006100
48 0.562171 107 0.005350
49 0.567836 163 0.008150
50 0.573502 60 0.003000
51 0.579167 361 0.018050
52 0.584832 57 0.002850
53 0.590497 56 0.002800
54 0.596163 245 0.012250
55 0.601828 498 0.024900
56 0.607493 86 0.004300
57 0.613158 8 0.000400
58 0.618824 384 0.019200
59 0.624489 211 0.010550
60 0.630154 62 0.003100
61 0.635820 323 0.016150
62 0.641485 0 0.000000
63 0.647150 21 0.001050
64 0.652815 155 0.007750
65 0.658481 11 0.000550
66 0.664146 0 0.000000
67 0.669811 133 0.006650
68 0.675477 194 0.009700
69 0.681142 3 0.000150
70 0.686807 38 0.001900
71 0.692472 0 0.000000
72 0.698138 0 0.000000
73 0.703803 0 0.000000
74 0.709468 0 0.000000
75 0.715133 0 0.000000
76 0.720799 0 0.000000
77 0.726464 0 0.000000
78 0.732129 3 0.000150
79 0.737795 0 0.000000
80 0.743460 0 0.000000
81 0.749125 0 0.000000
82 0.754790 0 0.000000
83 0.760456 0 0.000000
84 0.766121 0 0.000000
85 0.771786 0 0.000000
86 0.777452 0 0.000000
87 0.783117 7 0.000350
88 0.788782 0 0.000000
89 0.794447 0 0.000000
90 0.800113 0 0.000000
91 0.805778 0 0.000000
92 0.811443 0 0.000000
93 0.817109 0 0.000000
94 0.822774 0 0.000000
95 0.828439 0 0.000000
96 0.834104 0 0.000000
97 0.839770 0 0.000000
98 0.845435 3 0.000150
99 0.851100 2 0.000100
