0 0.012499 2 0.000100
1 0.022262 3 0.000150
2 0.032025 5 0.000250
3 0.041787 10 0.000500
4 0.051550 9 0.000450
5 0.061313 9 0.000450
6 0.071075 8 0.000400
7 0.080838 5 0.000250
8 0.090600 8 0.000400
9 0.100363 13 0.000650
10 0.110126 8 0.000400
11 0.119888 11 0.000550
12 0.129651 18 0.000900
13 0.139414 8 0.000400
14 0.149176 17 0.000850
15 0.158939 21 0.001050
16 0.168702 14 0.000700
17 0.178464 19 0.000950
18 0.188227 21 0.001050
19 0.197990 21 0.001050
20 0.207752 33 0.001650
21 0.217515 25 0.001250
22 0.227278 21 0.001050
23 0.237040 29 0.001450
24 0.246803 29 0.001450
25 0.256565 29 0.001450
26 0.266328 36 0.001800
27 0.276091 54 0.002700
28 0.285853 58 0.002900
29 0.295616 56 0.002800
30 0.305379 46 0.002300
31 0.315141 65 0.003250
32 0.324904 78 0.003900
33 0.334667 92 0.004600
34 0.344429 84 0.004200
35 0.354192 77 0.003850
36 0.363955 144 0.007200
37 0.373717 130 0.006500
38 0.383480 158 0.007900
39 0.393242 167 0.008350
40 0.403005 228 0.011400
41 0.412768 256 0.012800
42 0.422530 276 0.013800
43 0.432293 343 0.017150
44 0.442056 392 0.019600
45 0.451818 565 0.028250
46 0.461581 730 0.036500
47 0.471344 1025 0.051250
48 0.481106 1825 0.091250
49 0.490869 3222 0.161100
50 0.500632 2843 0.142150
51 0.510394 1519 0.075950
52 0.520157 924 0.046200
53 0.529920 668 0.033400
54 0.539682 456 0.022800
55 0.549445 377 0.018850
56 0.559207 338 0.016900
57 0.568970 329 0.016450
58 0.578733 277 0.013850
59 0.588495 181 0.009050
60 0.598258 179 0.008950
61 0.608021 150 0.007500
62 0.617783 135 0.006750
63 0.627546 119 0.005950
64 0.637309 98 0.004900
65 0.647071 95 0.004750
66 0.656834 75 0.003750
67 0.666597 70 0.003500
68 0.676359 90 0.004500
69 0.686122 51 0.002550
70 0.695884 47 0.002350
71 0.705647 47 0.002350
72 0.715410 35 0.001750
73 0.725172 30 0.001500
74 0.734935 19 0.000950
75 0.744698 24 0.001200
76 0.754460 20 0.001000
77 0.764223 22 0.001100
78 0.773986 31 0.001550
79 0.783748 26 0.001300
80 0.793511 24 0.001200
81 0.803274 18 0.000900
82 0.813036 12 0.000600
83 0.822799 18 0.000900
84 0.832561 19 0.000950
85 0.842324 14 0.000700
86 0.852087 7 0.000350
87 0.861849 10 0.000500
88 0.871612 7 0.000350
89 0.881375 11 0.000550
90 0.891137 11 0.000550
91 0.900900 13 0.000650
92 0.910663 11 0.000550
93 0.920425 9 0.000450
94 0.930188 19 0.000950
95 0.939951 5 0.000250
96 0.949713 1 0.000050
97 0.959476 3 0.000150
98 0.969239 9 0.000450
99 0.979001 1 0.000050
