0 0.028895 1 0.000050
1 0.037737 0 0.000000
2 0.046579 0 0.000000
3 0.055421 0 0.000000
4 0.064264 0 0.000000
5 0.073106 0 0.000000
6 0.081948 0 0.000000
7 0.090790 0 0.000000
8 0.099632 0 0.000000
9 0.108475 0 0.000000
10 0.117317 1 0.000050
11 0.126159 1 0.000050
12 0.135001 0 0.000000
13 0.143843 0 0.000000
14 0.152685 1 0.000050
15 0.161528 0 0.000000
16 0.170370 0 0.000000
17 0.179212 0 0.000000
18 0.188054 0 0.000000
19 0.196896 0 0.000000
20 0.205739 6 0.000300
21 0.214581 5 0.000250
22 0.223423 4 0.000200
23 0.232265 2 0.000100
24 0.241107 0 0.000000
25 0.249950 1 0.000050
26 0.258792 0 0.000000
27 0.267634 2 0.000100
28 0.276476 1 0.000050
29 0.285318 2 0.000100
30 0.294161 8 0.000400
31 0.303003 27 0.001350
32 0.311845 39 0.001950
33 0.320687 62 0.003100
34 0.329529 79 0.003950
35 0.338371 43 0.002150
36 0.347214 67 0.003350
37 0.356056 155 0.007750
38 0.364898 173 0.008650
39 0.373740 354 0.017700
40 0.382582 174 0.008700
41 0.391425 180 0.009000
42 0.400267 223 0.011150
43 0.409109 357 0.017850
44 0.417951 527 0.026350
45 0.426793 992 0.049600
46 0.435636 494 0.024700
47 0.444478 400 0.020000
48 0.453320 530 0.026500
49 0.462162 666 0.033300
50 0.471004 814 0.040700
51 0.479846 554 0.027700
52 0.488689 627 0.031350
53 0.497531 4162 0.208100
54 0.506373 799 0.039950
55 0.515215 753 0.037650
56 0.524057 1147 0.057350
57 0.532900 873 0.043650
58 0.541742 463 0.023150
59 0.550584 483 0.024150
60 0.559426 505 0.025250
61 0.568268 766 0.038300
62 0.577111 370 0.018500
63 0.585953 278 0.013900
64 0.594795 224 0.011200
65 0.603637 279 0.013950
66 0.612479 212 0.010600
67 0.621322 397 0.019850
68 0.630164 207 0.010350
69 0.639006 81 0.004050
70 0.647848 77 0.003850
71 0.656690 101 0.005050
72 0.665532 64 0.003200
73 0.674375 102 0.005100
74 0.683217 23 0.001150
75 0.692059 12 0.000600
76 0.700901 20 0.001000
77 0.709743 10 0.000500
78 0.718586 1 0.000050
79 0.727428 1 0.000050
80 0.736270 2 0.000100
81 0.745112 0 0.000000
82 0.753954 1 0.000050
83 0.762797 1 0.000050
84 0.771639 2 0.000100
85 0.780481 0 0.000000
86 0.789323 4 0.000200
87 0.798165 4 0.000200
88 0.807008 0 0.000000
89 0.815850 0 0.000000
90 0.824692 0 0.000000
91 0.833534 0 0.000000
92 0.842376 0 0.000000
93 0.851218 0 0.000000
94 0.860061 0 0.000000
95 0.868903 0 0.000000
96 0.877745 0 0.000000
97 0.886587 2 0.000100
98 0.895429 1 0.000050
99 0.904272 1 0.000050
