0 0.463219 3 0.000150
1 0.464018 0 0.000000
2 0.464816 0 0.000000
3 0.465615 0 0.000000
4 0.466414 0 0.000000
5 0.467212 0 0.000000
6 0.468011 0 0.000000
7 0.468810 0 0.000000
8 0.469608 0 0.000000
9 0.470407 0 0.000000
10 0.471206 16 0.000800
11 0.472004 0 0.000000
12 0.472803 0 0.000000
13 0.473602 43 0.002150
14 0.474400 9 0.000450
15 0.475199 11 0.000550
16 0.475998 0 0.000000
17 0.476797 0 0.000000
18 0.477595 0 0.000000
19 0.478394 0 0.000000
20 0.479193 0 0.000000
21 0.479991 5 0.000250
22 0.480790 12 0.000600
23 0.481589 0 0.000000
24 0.482387 32 0.001600
25 0.483186 12 0.000600
26 0.483985 10 0.000500
27 0.484783 0 0.000000
28 0.485582 0 0.000000
29 0.486381 5 0.000250
30 0.487179 49 0.002450
31 0.487978 0 0.000000
32 0.488777 27 0.001350
33 0.489575 4 0.000200
34 0.490374 64 0.003200
35 0.491173 51 0.002550
36 0.491971 395 0.019750
37 0.492770 9 0.000450
38 0.493569 119 0.005950
39 0.494367 135 0.006750
40 0.495166 265 0.013250
41 0.495965 153 0.007650
42 0.496763 374 0.018700
43 0.497562 420 0.021000
44 0.498361 793 0.039650
45 0.499159 771 0.038550
46 0.499958 547 0.027350
47 0.500757 1467 0.073350
48 0.501555 877 0.043850
49 0.502354 1167 0.058350
50 0.503153 1357 0.067850
51 0.503951 1563 0.078150
52 0.504750 1226 0.061300
53 0.505549 1784 0.089200
54 0.506348 385 0.019250
55 0.507146 1001 0.050050
56 0.507945 935 0.046750
57 0.508744 1032 0.051600
58 0.509542 494 0.024700
59 0.510341 445 0.022250
60 0.511140 322 0.016100
61 0.511938 63 0.003150
62 0.512737 87 0.004350
63 0.513536 385 0.019250
64 0.514334 81 0.004050
65 0.515133 155 0.007750
66 0.515932 26 0.001300
67 0.516730 49 0.002450
68 0.517529 4 0.000200
69 0.518328 24 0.001200
70 0.519126 17 0.000850
71 0.519925 34 0.001700
72 0.520724 74 0.003700
73 0.521522 59 0.002950
74 0.522321 27 0.001350
75 0.523120 8 0.000400
76 0.523918 41 0.002050
77 0.524717 208 0.010400
78 0.525516 8 0.000400
79 0.526314 0 0.000000
80 0.527113 9 0.000450
81 0.527912 0 0.000000
82 0.528710 0 0.000000
83 0.529509 0 0.000000
84 0.530308 199 0.009950
85 0.531106 16 0.000800
86 0.531905 0 0.000000
87 0.532704 0 0.000000
88 0.533502 0 0.000000
89 0.534301 0 0.000000
90 0.535100 0 0.000000
91 0.535899 0 0.000000
92 0.536697 0 0.000000
93 0.537496 0 0.000000
94 0.538294 0 0.000000
95 0.539093 0 0.000000
96 0.539892 22 0.001100
97 0.540691 0 0.000000
98 0.541489 0 0.000000
99 0.542288 15 0.000750
