0 0.012905 7 0.000350
1 0.022870 6 0.000300
2 0.032834 5 0.000250
3 0.042798 4 0.000200
4 0.052762 3 0.000150
5 0.062726 2 0.000100
6 0.072690 5 0.000250
7 0.082655 3 0.000150
8 0.092619 4 0.000200
9 0.102583 4 0.000200
10 0.112547 5 0.000250
11 0.122511 6 0.000300
12 0.132476 4 0.000200
13 0.142440 2 0.000100
14 0.152404 3 0.000150
15 0.162368 2 0.000100
16 0.172332 3 0.000150
17 0.182297 5 0.000250
18 0.192261 10 0.000500
19 0.202225 3 0.000150
20 0.212189 6 0.000300
21 0.222153 9 0.000450
22 0.232117 9 0.000450
23 0.242082 13 0.000650
24 0.252046 23 0.001150
25 0.262010 21 0.001050
26 0.271974 33 0.001650
27 0.281938 44 0.002200
28 0.291903 26 0.001300
29 0.301867 38 0.001900
30 0.311831 132 0.006600
31 0.321795 97 0.004850
32 0.331759 187 0.009350
33 0.341724 89 0.004450
34 0.351688 36 0.001800
35 0.361652 9 0.000450
36 0.371616 18 0.000900
37 0.381580 15 0.000750
38 0.391545 24 0.001200
39 0.401509 20 0.001000
40 0.411473 30 0.001500
41 0.421437 32 0.001600
42 0.431401 23 0.001150
43 0.441365 37 0.001850
44 0.451330 53 0.002650
45 0.461294 49 0.002450
46 0.471258 72 0.003600
47 0.481222 80 0.004000
48 0.491186 108 0.005400
49 0.501151 102 0.005100
50 0.511115 131 0.006550
51 0.521079 170 0.008500
52 0.531043 226 0.011300
53 0.541007 249 0.012450
54 0.550972 423 0.021150
55 0.560936 518 0.025900
56 0.570900 1049 0.052450
57 0.580864 2083 0.104150
58 0.590828 2954 0.147700
59 0.600792 1602 0.080100
60 0.610757 877 0.043850
61 0.620721 783 0.039150
62 0.630685 496 0.024800
63 0.640649 373 0.018650
64 0.650613 283 0.014150
65 0.660578 230 0.011500
66 0.670542 222 0.011100
67 0.680506 187 0.009350
68 0.690470 157 0.007850
69 0.700434 171 0.008550
70 0.710399 147 0.007350
71 0.720363 154 0.007700
72 0.730327 145 0.007250
73 0.740291 166 0.008300
74 0.750255 159 0.007950
75 0.760220 146 0.007300
76 0.770184 190 0.009500
77 0.780148 165 0.008250
78 0.790112 133 0.006650
79 0.800076 158 0.007900
80 0.810040 164 0.008200
81 0.820005 224 0.011200
82 0.829969 205 0.010250
83 0.839933 212 0.010600
84 0.849897 279 0.013950
85 0.859861 415 0.020750
86 0.869826 351 0.017550
87 0.879790 399 0.019950
88 0.889754 258 0.012900
89 0.899718 197 0.009850
90 0.909682 227 0.011350
91 0.919647 309 0.015450
92 0.929611 206 0.010300
93 0.939575 130 0.006500
94 0.949539 55 0.002750
95 0.959503 35 0.001750
96 0.969467 41 0.002050
97 0.979432 20 0.001000
98 0.989396 4 0.000200
99 0.999360 1 0.000050
