0 0.072589 3 0.000150
1 0.081539 11 0.000550
2 0.090489 1 0.000050
3 0.099439 11 0.000550
4 0.108389 0 0.000000
5 0.117339 0 0.000000
6 0.126290 0 0.000000
7 0.135240 0 0.000000
8 0.144190 0 0.000000
9 0.153140 12 0.000600
10 0.162090 0 0.000000
11 0.171040 0 0.000000
12 0.179990 0 0.000000
13 0.188940 0 0.000000
14 0.197890 0 0.000000
15 0.206841 0 0.000000
16 0.215791 0 0.000000
17 0.224741 0 0.000000
18 0.233691 8 0.000400
19 0.242641 0 0.000000
20 0.251591 0 0.000000
21 0.260541 0 0.000000
22 0.269491 3 0.000150
23 0.278441 7 0.000350
24 0.287392 16 0.000800
25 0.296342 0 0.000000
26 0.305292 0 0.000000
27 0.314242 18 0.000900
28 0.323192 205 0.010250
29 0.332142 238 0.011900
30 0.341092 74 0.003700
31 0.350042 42 0.002100
32 0.358992 0 0.000000
33 0.367943 0 0.000000
34 0.376893 5 0.000250
35 0.385843 4 0.000200
36 0.394793 23 0.001150
37 0.403743 9 0.000450
38 0.412693 440 0.022000
39 0.421643 0 0.000000
40 0.430593 1 0.000050
41 0.439543 0 0.000000
42 0.448494 0 0.000000
43 0.457444 0 0.000000
44 0.466394 0 0.000000
45 0.475344 21 0.001050
46 0.484294 1 0.000050
47 0.493244 20 0.001000
48 0.502194 39 0.001950
49 0.511144 33 0.001650
50 0.520095 59 0.002950
51 0.529045 65 0.003250
52 0.537995 41 0.002050
53 0.546945 157 0.007850
54 0.555895 276 0.013800
55 0.564845 439 0.021950
56 0.573795 486 0.024300
57 0.582745 1751 0.087550
58 0.591695 2889 0.144450
59 0.600645 1849 0.092450
60 0.609596 1011 0.050550
61 0.618546 665 0.033250
62 0.627496 218 0.010900
63 0.636446 248 0.012400
64 0.645396 178 0.008900
65 0.654346 132 0.006600
66 0.663296 1032 0.051600
67 0.672246 466 0.023300
68 0.681197 556 0.027800
69 0.690147 196 0.009800
70 0.699097 249 0.012450
71 0.708047 35 0.001750
72 0.716997 335 0.016750
73 0.725947 0 0.000000
74 0.734897 302 0.015100
75 0.743847 312 0.015600
76 0.752797 625 0.031250
77 0.761747 1634 0.081700
78 0.770698 149 0.007450
79 0.779648 358 0.017900
80 0.788598 74 0.003700
81 0.797548 28 0.001400
82 0.806498 94 0.004700
83 0.815448 271 0.013550
84 0.824398 80 0.004000
85 0.833348 90 0.004500
86 0.842299 90 0.004500
87 0.851249 153 0.007650
88 0.860199 183 0.009150
89 0.869149 83 0.004150
90 0.878099 116 0.005800
91 0.887049 123 0.006150
92 0.895999 87 0.004350
93 0.904949 247 0.012350
94 0.913899 121 0.006050
95 0.922850 80 0.004000
96 0.931800 46 0.002300
97 0.940750 72 0.003600
98 0.949700 1 0.000050
99 0.958650 3 0.000150
