0 0.012499 9 0.000150
1 0.022468 9 0.000150
2 0.032436 11 0.000183
3 0.042404 17 0.000283
4 0.052372 10 0.000167
5 0.062341 9 0.000150
6 0.072309 13 0.000217
7 0.082277 9 0.000150
8 0.092246 16 0.000267
9 0.102214 15 0.000250
10 0.112182 12 0.000200
11 0.122151 21 0.000350
12 0.132119 25 0.000417
13 0.142087 7 0.000117
14 0.152055 24 0.000400
15 0.162024 23 0.000383
16 0.171992 17 0.000283
17 0.181960 27 0.000450
18 0.191929 26 0.000433
19 0.201897 37 0.000617
20 0.211865 47 0.000783
21 0.221833 36 0.000600
22 0.231802 35 0.000583
23 0.241770 40 0.000667
24 0.251738 54 0.000900
25 0.261707 57 0.000950
26 0.271675 74 0.001233
27 0.281643 103 0.001717
28 0.291611 101 0.001683
29 0.301580 115 0.001917
30 0.311548 235 0.003917
31 0.321516 257 0.004283
32 0.331485 329 0.005483
33 0.341453 242 0.004033
34 0.351421 244 0.004067
35 0.361389 314 0.005233
36 0.371358 539 0.008983
37 0.381326 387 0.006450
38 0.391294 369 0.006150
39 0.401263 541 0.009017
40 0.411231 717 0.011950
41 0.421199 1255 0.020917
42 0.431168 1122 0.018700
43 0.441136 886 0.014767
44 0.451104 1180 0.019667
45 0.461072 1537 0.025617
46 0.471041 1981 0.033017
47 0.481009 2568 0.042800
48 0.490977 4283 0.071383
49 0.500946 7158 0.119300
50 0.510914 2479 0.041317
51 0.520882 2229 0.037150
52 0.530850 1971 0.032850
53 0.540819 1213 0.020217
54 0.550787 1367 0.022783
55 0.560755 1440 0.024000
56 0.570724 2129 0.035483
57 0.580692 2739 0.045650
58 0.590660 3311 0.055183
59 0.600628 2130 0.035500
60 0.610597 1293 0.021550
61 0.620565 1343 0.022383
62 0.630533 828 0.013800
63 0.640502 541 0.009017
64 0.650470 488 0.008133
65 0.660438 388 0.006467
66 0.670406 426 0.007100
67 0.680375 305 0.005083
68 0.690343 224 0.003733
69 0.700311 231 0.003850
70 0.710280 201 0.003350
71 0.720248 191 0.003183
72 0.730216 163 0.002717
73 0.740184 199 0.003317
74 0.750153 177 0.002950
75 0.760121 170 0.002833
76 0.770089 225 0.003750
77 0.780058 186 0.003100
78 0.790026 171 0.002850
79 0.799994 173 0.002883
80 0.809963 180 0.003000
81 0.819931 246 0.004100
82 0.829899 218 0.003633
83 0.839867 230 0.003833
84 0.849836 287 0.004783
85 0.859804 427 0.007117
86 0.869772 357 0.005950
87 0.879741 413 0.006883
88 0.889709 270 0.004500
89 0.899677 210 0.003500
90 0.909645 240 0.004000
91 0.919614 306 0.005100
92 0.929582 236 0.003933
93 0.939550 136 0.002267
94 0.949519 56 0.000933
95 0.959487 38 0.000633
96 0.969455 51 0.000850
97 0.979423 20 0.000333
98 0.989392 4 0.000067
99 0.999360 1 0.000017
