initializing
training size    : 359556
testing size     : 20000
epoch count      : 10
sub epoch size   : 5

epoch_learning_rate_decay   : 8
learning_rate_decay         : 0.250000

training



epoch [0 0] from [10 5]
training time per iterations 2.322704[ms]
testing on 20000 items
testing done
average error 0.002968
min error     0.000000
max error     0.246025
saving best net
best net saved to networks/disc16x16x3_window_size_4/net_6_depth/trained/, with error 0.002968



epoch [0 1] from [10 5]
training time per iterations 2.311621[ms]
testing on 20000 items
testing done
average error 0.002305
min error     0.000000
max error     0.248137
saving best net
best net saved to networks/disc16x16x3_window_size_4/net_6_depth/trained/, with error 0.002305



epoch [0 2] from [10 5]
training time per iterations 2.313443[ms]
testing on 20000 items
testing done
average error 0.002127
min error     0.000000
max error     0.245018
saving best net
best net saved to networks/disc16x16x3_window_size_4/net_6_depth/trained/, with error 0.002127



epoch [0 3] from [10 5]
training time per iterations 2.313791[ms]
testing on 20000 items
testing done
average error 0.002052
min error     0.000000
max error     0.262729
saving best net
best net saved to networks/disc16x16x3_window_size_4/net_6_depth/trained/, with error 0.002052



epoch [0 4] from [10 5]
training time per iterations 2.319200[ms]
testing on 20000 items
testing done
average error 0.002017
min error     0.000000
max error     0.233391
saving best net
best net saved to networks/disc16x16x3_window_size_4/net_6_depth/trained/, with error 0.002017



epoch [1 0] from [10 5]
training time per iterations 2.321314[ms]
testing on 20000 items
testing done
average error 0.001888
min error     0.000000
max error     0.254073
saving best net
best net saved to networks/disc16x16x3_window_size_4/net_6_depth/trained/, with error 0.001888



epoch [1 1] from [10 5]
training time per iterations 2.311774[ms]
testing on 20000 items
testing done
average error 0.001982
min error     0.000000
max error     0.240800



epoch [1 2] from [10 5]
training time per iterations 2.306295[ms]
testing on 20000 items
testing done
average error 0.001886
min error     0.000000
max error     0.247005
saving best net
best net saved to networks/disc16x16x3_window_size_4/net_6_depth/trained/, with error 0.001886



epoch [1 3] from [10 5]
training time per iterations 2.322093[ms]
testing on 20000 items
testing done
average error 0.001874
min error     0.000000
max error     0.247087
saving best net
best net saved to networks/disc16x16x3_window_size_4/net_6_depth/trained/, with error 0.001874



epoch [1 4] from [10 5]
training time per iterations 2.318922[ms]
testing on 20000 items
testing done
average error 0.001834
min error     0.000000
max error     0.238363
saving best net
best net saved to networks/disc16x16x3_window_size_4/net_6_depth/trained/, with error 0.001834



epoch [2 0] from [10 5]
training time per iterations 2.316780[ms]
testing on 20000 items
testing done
average error 0.001845
min error     0.000000
max error     0.243941



epoch [2 1] from [10 5]
training time per iterations 2.316822[ms]
testing on 20000 items
testing done
average error 0.001924
min error     0.000000
max error     0.229629



epoch [2 2] from [10 5]
training time per iterations 2.308381[ms]
testing on 20000 items
testing done
average error 0.001705
min error     0.000000
max error     0.240235
saving best net
best net saved to networks/disc16x16x3_window_size_4/net_6_depth/trained/, with error 0.001705



epoch [2 3] from [10 5]
training time per iterations 2.313902[ms]
testing on 20000 items
testing done
average error 0.001875
min error     0.000000
max error     0.245312



epoch [2 4] from [10 5]
training time per iterations 2.316794[ms]
testing on 20000 items
testing done
average error 0.001753
min error     0.000000
max error     0.233842



epoch [3 0] from [10 5]
training time per iterations 2.317434[ms]
testing on 20000 items
testing done
average error 0.001766
min error     0.000000
max error     0.220611



epoch [3 1] from [10 5]
training time per iterations 2.315557[ms]
testing on 20000 items
testing done
average error 0.001750
min error     0.000000
max error     0.211146



epoch [3 2] from [10 5]
training time per iterations 2.320827[ms]
testing on 20000 items
testing done
average error 0.001721
min error     0.000000
max error     0.221240



epoch [3 3] from [10 5]
training time per iterations 2.311691[ms]
testing on 20000 items
testing done
average error 0.001727
min error     0.000000
max error     0.227652



epoch [3 4] from [10 5]
training time per iterations 2.311997[ms]
testing on 20000 items
testing done
average error 0.001796
min error     0.000000
max error     0.232713



epoch [4 0] from [10 5]
training time per iterations 2.317045[ms]
testing on 20000 items
testing done
average error 0.001808
min error     0.000000
max error     0.228686



epoch [4 1] from [10 5]
training time per iterations 2.305085[ms]
testing on 20000 items
testing done
average error 0.001708
min error     0.000000
max error     0.203691



epoch [4 2] from [10 5]
training time per iterations 2.318185[ms]
testing on 20000 items
testing done
average error 0.001717
min error     0.000000
max error     0.217884



epoch [4 3] from [10 5]
training time per iterations 2.312386[ms]
testing on 20000 items
testing done
average error 0.001726
min error     0.000000
max error     0.209578



epoch [4 4] from [10 5]
training time per iterations 2.315626[ms]
testing on 20000 items
testing done
average error 0.001753
min error     0.000000
max error     0.213245



epoch [5 0] from [10 5]
training time per iterations 2.314291[ms]
testing on 20000 items
testing done
average error 0.001881
min error     0.000000
max error     0.229712



epoch [5 1] from [10 5]
training time per iterations 2.314194[ms]
testing on 20000 items
testing done
average error 0.001830
min error     0.000000
max error     0.221536



epoch [5 2] from [10 5]
training time per iterations 2.313777[ms]
testing on 20000 items
testing done
average error 0.001703
min error     0.000000
max error     0.220116
saving best net
best net saved to networks/disc16x16x3_window_size_4/net_6_depth/trained/, with error 0.001703



epoch [5 3] from [10 5]
training time per iterations 2.314500[ms]
testing on 20000 items
testing done
average error 0.001719
min error     0.000000
max error     0.233557



epoch [5 4] from [10 5]
training time per iterations 2.319617[ms]
testing on 20000 items
testing done
average error 0.001719
min error     0.000000
max error     0.220717



epoch [6 0] from [10 5]
training time per iterations 2.313012[ms]
testing on 20000 items
testing done
average error 0.001784
min error     0.000000
max error     0.221841



epoch [6 1] from [10 5]
training time per iterations 2.315251[ms]
testing on 20000 items
testing done
average error 0.001789
min error     0.000000
max error     0.227588



epoch [6 2] from [10 5]
training time per iterations 2.318421[ms]
testing on 20000 items
testing done
average error 0.001685
min error     0.000000
max error     0.219350
saving best net
best net saved to networks/disc16x16x3_window_size_4/net_6_depth/trained/, with error 0.001685



epoch [6 3] from [10 5]
training time per iterations 2.316627[ms]
testing on 20000 items
testing done
average error 0.001699
min error     0.000000
max error     0.204681



epoch [6 4] from [10 5]
training time per iterations 2.315334[ms]
testing on 20000 items
testing done
average error 0.001791
min error     0.000000
max error     0.220913



epoch [7 0] from [10 5]
training time per iterations 2.310286[ms]
testing on 20000 items
testing done
average error 0.001655
min error     0.000000
max error     0.211324
saving best net
best net saved to networks/disc16x16x3_window_size_4/net_6_depth/trained/, with error 0.001655



epoch [7 1] from [10 5]
training time per iterations 2.319158[ms]
testing on 20000 items
testing done
average error 0.001624
min error     0.000000
max error     0.204418
saving best net
best net saved to networks/disc16x16x3_window_size_4/net_6_depth/trained/, with error 0.001624



epoch [7 2] from [10 5]
training time per iterations 2.315515[ms]
testing on 20000 items
testing done
average error 0.001800
min error     0.000000
max error     0.222176



epoch [7 3] from [10 5]
training time per iterations 2.316377[ms]
testing on 20000 items
testing done
average error 0.001810
min error     0.000000
max error     0.220281



epoch [7 4] from [10 5]
training time per iterations 2.312539[ms]
testing on 20000 items
testing done
average error 0.001695
min error     0.000000
max error     0.209811
setting learning rate to 0.000050



epoch [8 0] from [10 5]
training time per iterations 2.317031[ms]
testing on 20000 items
testing done
average error 0.001682
min error     0.000000
max error     0.212821



epoch [8 1] from [10 5]
training time per iterations 2.315668[ms]
testing on 20000 items
testing done
average error 0.001716
min error     0.000000
max error     0.214776



epoch [8 2] from [10 5]
training time per iterations 2.313179[ms]
testing on 20000 items
testing done
average error 0.001679
min error     0.000000
max error     0.218366



epoch [8 3] from [10 5]
training time per iterations 2.311983[ms]
testing on 20000 items
testing done
average error 0.001673
min error     0.000000
max error     0.212577



epoch [8 4] from [10 5]
training time per iterations 2.317573[ms]
testing on 20000 items
testing done
average error 0.001726
min error     0.000000
max error     0.209985



epoch [9 0] from [10 5]
training time per iterations 2.320980[ms]
testing on 20000 items
testing done
average error 0.001680
min error     0.000000
max error     0.210466



epoch [9 1] from [10 5]
training time per iterations 2.328114[ms]
testing on 20000 items
testing done
average error 0.001691
min error     0.000000
max error     0.219341



epoch [9 2] from [10 5]
training time per iterations 2.317142[ms]
testing on 20000 items
testing done
average error 0.001662
min error     0.000000
max error     0.217944



epoch [9 3] from [10 5]
training time per iterations 2.318630[ms]
testing on 20000 items
testing done
average error 0.001682
min error     0.000000
max error     0.218959



epoch [9 4] from [10 5]
training time per iterations 2.321397[ms]
testing on 20000 items
testing done
average error 0.001630
min error     0.000000
max error     0.202741
training done
