0.000000 0 0 0.002968 0.000000 0.246025 0.002945 0.000000 0.228943
0.200000 0 1 0.002305 0.000000 0.248137 0.002288 0.000000 0.178198
0.400000 0 2 0.002127 0.000000 0.245018 0.002118 0.000000 0.228727
0.600000 0 3 0.002052 0.000000 0.262729 0.002042 0.000000 0.159088
0.800000 0 4 0.002017 0.000000 0.233391 0.002025 0.000000 0.243786
1.000000 1 0 0.001888 0.000000 0.254073 0.001858 0.000000 0.265376
1.200000 1 1 0.001982 0.000000 0.240800 0.001976 0.000000 0.163997
1.400000 1 2 0.001886 0.000000 0.247005 0.001926 0.000000 0.236997
1.600000 1 3 0.001874 0.000000 0.247087 0.001837 0.000000 0.266419
1.800000 1 4 0.001834 0.000000 0.238363 0.001822 0.000000 0.244379
2.000000 2 0 0.001845 0.000000 0.243941 0.001816 0.000000 0.211003
2.200000 2 1 0.001924 0.000000 0.229629 0.001925 0.000000 0.235131
2.400000 2 2 0.001705 0.000000 0.240235 0.001711 0.000000 0.250057
2.600000 2 3 0.001875 0.000000 0.245312 0.001888 0.000000 0.216688
2.800000 2 4 0.001753 0.000000 0.233842 0.001759 0.000000 0.214182
3.000000 3 0 0.001766 0.000000 0.220611 0.001783 0.000000 0.249222
3.200000 3 1 0.001750 0.000000 0.211146 0.001786 0.000000 0.182498
3.400000 3 2 0.001721 0.000000 0.221240 0.001732 0.000000 0.183518
3.600000 3 3 0.001727 0.000000 0.227652 0.001734 0.000000 0.242346
3.800000 3 4 0.001796 0.000000 0.232713 0.001780 0.000000 0.158010
4.000000 4 0 0.001808 0.000000 0.228686 0.001765 0.000000 0.201370
4.200000 4 1 0.001708 0.000000 0.203691 0.001719 0.000000 0.245292
4.400000 4 2 0.001717 0.000000 0.217884 0.001667 0.000000 0.144315
4.600000 4 3 0.001726 0.000000 0.209578 0.001708 0.000000 0.251638
4.800000 4 4 0.001753 0.000000 0.213245 0.001764 0.000000 0.174630
5.000000 5 0 0.001881 0.000000 0.229712 0.001891 0.000000 0.247242
5.200000 5 1 0.001830 0.000000 0.221536 0.001801 0.000000 0.228324
5.400000 5 2 0.001703 0.000000 0.220116 0.001736 0.000000 0.228378
5.600000 5 3 0.001719 0.000000 0.233557 0.001740 0.000000 0.204508
5.800000 5 4 0.001719 0.000000 0.220717 0.001721 0.000000 0.146811
6.000000 6 0 0.001784 0.000000 0.221841 0.001787 0.000000 0.150813
6.200000 6 1 0.001789 0.000000 0.227588 0.001805 0.000000 0.237039
6.400000 6 2 0.001685 0.000000 0.219350 0.001688 0.000000 0.175866
6.600000 6 3 0.001699 0.000000 0.204681 0.001681 0.000000 0.204681
6.800000 6 4 0.001791 0.000000 0.220913 0.001744 0.000000 0.182258
7.000000 7 0 0.001655 0.000000 0.211324 0.001694 0.000000 0.183186
7.200000 7 1 0.001624 0.000000 0.204418 0.001654 0.000000 0.237497
7.400000 7 2 0.001800 0.000000 0.222176 0.001800 0.000000 0.221839
7.600000 7 3 0.001810 0.000000 0.220281 0.001811 0.000000 0.220281
7.800000 7 4 0.001695 0.000000 0.209811 0.001708 0.000000 0.246742
8.000000 8 0 0.001682 0.000000 0.212821 0.001720 0.000000 0.223704
8.200000 8 1 0.001716 0.000000 0.214776 0.001709 0.000000 0.224327
8.400000 8 2 0.001679 0.000000 0.218366 0.001670 0.000000 0.157111
8.600000 8 3 0.001673 0.000000 0.212577 0.001680 0.000000 0.158353
8.800000 8 4 0.001726 0.000000 0.209985 0.001754 0.000000 0.244763
9.000000 9 0 0.001680 0.000000 0.210466 0.001688 0.000000 0.161028
9.200000 9 1 0.001691 0.000000 0.219341 0.001713 0.000000 0.161934
9.400000 9 2 0.001662 0.000000 0.217944 0.001663 0.000000 0.156948
9.600000 9 3 0.001682 0.000000 0.218959 0.001706 0.000000 0.230014
9.800000 9 4 0.001630 0.000000 0.202741 0.001637 0.000000 0.242668
