0 0 0.000000 0.969794 0.126973 0.971210 0.127058
0 1 0.114943 0.972056 0.127623 0.972341 0.126200
0 2 0.229885 0.971430 0.124209 0.970793 0.127551
0 3 0.344828 0.971243 0.124918 0.971685 0.126401
0 4 0.459770 0.973441 0.127222 0.974955 0.127439
0 5 0.574713 0.972278 0.125270 0.971037 0.126762
0 6 0.689655 0.971194 0.125915 0.973096 0.124723
0 7 0.804598 0.973416 0.127206 0.972351 0.125813
0 8 0.919540 0.971445 0.128115 0.972206 0.126472
0 9 1.034483 0.973263 0.127251 0.972517 0.128705
0 10 1.149425 0.969233 0.124447 0.972629 0.125680
0 11 1.264368 0.967539 0.126303 0.969843 0.126263
0 12 1.379310 0.972355 0.125892 0.972132 0.127560
0 13 1.494253 0.969580 0.125533 0.972529 0.125943
0 14 1.609195 0.969933 0.124574 0.971262 0.126322
0 15 1.724138 0.971665 0.125095 0.971807 0.124436
0 16 1.839080 0.972873 0.127498 0.974025 0.125737
0 17 1.954023 0.969250 0.125431 0.970626 0.126090
0 18 2.068965 0.972786 0.125784 0.971116 0.126204
0 19 2.183908 0.973267 0.128236 0.972082 0.125233
0 20 2.298851 0.974421 0.126621 0.973030 0.125773
0 21 2.413793 0.971283 0.126239 0.971195 0.125900
0 22 2.528736 0.970050 0.125250 0.970785 0.126324
0 23 2.643678 0.972134 0.126985 0.971096 0.125497
0 24 2.758621 0.972865 0.126833 0.973592 0.126862
0 25 2.873563 0.969690 0.126092 0.972711 0.126069
0 26 2.988506 0.972292 0.128675 0.972208 0.126027
0 27 3.103448 0.971490 0.127717 0.973186 0.126416
0 28 3.218391 0.970853 0.126120 0.973435 0.125502
0 29 3.333333 0.971331 0.126424 0.968732 0.127504
0 30 3.448276 0.973507 0.126320 0.972617 0.126712
0 31 3.563218 0.972372 0.127374 0.968382 0.123862
0 32 3.678161 0.972770 0.126991 0.970310 0.125358
0 33 3.793103 0.970958 0.126025 0.971166 0.127889
0 34 3.908046 0.972235 0.127380 0.969814 0.125613
0 35 4.022988 0.970995 0.125445 0.971771 0.127195
0 36 4.137931 0.970989 0.125850 0.973272 0.127076
0 37 4.252873 0.971848 0.125662 0.970020 0.124974
0 38 4.367816 0.971398 0.125396 0.972118 0.127897
0 39 4.482759 0.968776 0.124939 0.969595 0.126710
0 40 4.597701 0.973336 0.127764 0.971608 0.127776
0 41 4.712644 0.971145 0.125585 0.971178 0.126060
0 42 4.827586 0.972079 0.125702 0.974653 0.126934
0 43 4.942529 0.973675 0.126739 0.972597 0.127579
0 44 5.057471 0.971395 0.126080 0.967818 0.125578
0 45 5.172414 0.970840 0.124301 0.970744 0.126542
0 46 5.287356 0.970365 0.126645 0.968555 0.127037
0 47 5.402299 0.972377 0.126365 0.970427 0.125890
0 48 5.517241 0.973591 0.128564 0.967327 0.125868
0 49 5.632184 0.975323 0.127585 0.972556 0.125935
0 50 5.747127 0.972148 0.126921 0.971731 0.126918
0 51 5.862069 0.971355 0.126752 0.973204 0.125832
0 52 5.977012 0.971959 0.125384 0.971194 0.124018
0 53 6.091954 0.972013 0.127197 0.972767 0.126850
0 54 6.206897 0.972979 0.125462 0.969824 0.125563
0 55 6.321839 0.968705 0.125018 0.974759 0.128061
0 56 6.436781 0.971669 0.126752 0.970792 0.126260
0 57 6.551724 0.968139 0.124583 0.975241 0.127872
0 58 6.666667 0.972165 0.128449 0.967626 0.126218
0 59 6.781609 0.972451 0.127411 0.970106 0.126742
0 60 6.896552 0.970155 0.126538 0.972420 0.128555
0 61 7.011494 0.970166 0.125281 0.972956 0.126342
0 62 7.126437 0.975115 0.126868 0.972533 0.125393
0 63 7.241379 0.971422 0.127654 0.971475 0.125921
0 64 7.356322 0.967732 0.125408 0.974876 0.126189
0 65 7.471264 0.970986 0.126474 0.970996 0.126404
0 66 7.586207 0.970680 0.126924 0.973381 0.129092
0 67 7.701149 0.973405 0.125946 0.972111 0.128136
0 68 7.816092 0.970000 0.125293 0.972889 0.125761
0 69 7.931035 0.971142 0.126424 0.969101 0.125827
0 70 8.045977 0.970437 0.125764 0.970818 0.127166
0 71 8.160919 0.968664 0.126974 0.969580 0.126662
0 72 8.275862 0.971519 0.126144 0.971096 0.126170
0 73 8.390804 0.972107 0.126755 0.969529 0.125282
0 74 8.505747 0.971268 0.125915 0.971114 0.127681
0 75 8.620689 0.970337 0.125283 0.969831 0.126386
0 76 8.735632 0.972297 0.128539 0.967632 0.125118
0 77 8.850574 0.970994 0.126119 0.973828 0.126148
0 78 8.965517 0.970650 0.126445 0.971559 0.125656
0 79 9.080460 0.970201 0.124674 0.970601 0.126834
0 80 9.195402 0.969719 0.126388 0.968650 0.126436
0 81 9.310345 0.968616 0.123869 0.971470 0.126028
0 82 9.425287 0.971592 0.126146 0.974893 0.128276
0 83 9.540230 0.972888 0.127230 0.971190 0.127550
0 84 9.655172 0.973644 0.127788 0.972293 0.126706
0 85 9.770115 0.972191 0.126667 0.973086 0.125261
0 86 9.885057 0.972794 0.127473 0.970993 0.126279
1 0 10.000000 0.971003 0.125745 0.969577 0.125580
1 1 10.114943 0.974404 0.126903 0.973572 0.127107
1 2 10.229885 0.972005 0.126541 0.972541 0.128043
1 3 10.344828 0.973963 0.127183 0.968959 0.125312
1 4 10.459770 0.972041 0.128224 0.973627 0.125873
1 5 10.574713 0.970900 0.126155 0.970517 0.125176
1 6 10.689655 0.972768 0.126437 0.971744 0.126791
1 7 10.804598 0.971658 0.125230 0.973376 0.127196
1 8 10.919540 0.970869 0.126608 0.970764 0.126969
1 9 11.034483 0.971652 0.125881 0.971719 0.126194
1 10 11.149426 0.971260 0.126564 0.970813 0.126143
1 11 11.264368 0.972185 0.126400 0.972420 0.124798
1 12 11.379311 0.973274 0.126730 0.970628 0.124641
1 13 11.494253 0.974521 0.127111 0.971966 0.128080
1 14 11.609196 0.969702 0.125461 0.969936 0.126084
1 15 11.724138 0.972215 0.126191 0.971856 0.125576
1 16 11.839081 0.971596 0.125191 0.970466 0.127269
1 17 11.954023 0.971732 0.126896 0.971489 0.125992
1 18 12.068966 0.971898 0.127508 0.975672 0.125545
1 19 12.183908 0.971301 0.126479 0.971723 0.125727
1 20 12.298851 0.970460 0.126197 0.969025 0.126859
1 21 12.413794 0.974655 0.128241 0.970865 0.125824
1 22 12.528735 0.973720 0.126454 0.971860 0.126878
1 23 12.643678 0.972459 0.126137 0.969298 0.125107
1 24 12.758620 0.973862 0.127648 0.969316 0.125116
1 25 12.873563 0.968108 0.125997 0.972212 0.126471
1 26 12.988505 0.968665 0.125434 0.969380 0.124307
1 27 13.103448 0.972835 0.127594 0.972486 0.127269
1 28 13.218390 0.972747 0.125637 0.972527 0.126439
1 29 13.333333 0.969762 0.125640 0.972303 0.126464
1 30 13.448276 0.971724 0.125683 0.969009 0.126102
1 31 13.563218 0.974580 0.128448 0.972102 0.125554
1 32 13.678161 0.971978 0.126258 0.972408 0.125187
1 33 13.793103 0.972047 0.126366 0.971906 0.125106
1 34 13.908046 0.972749 0.126276 0.973377 0.127775
1 35 14.022988 0.969911 0.126393 0.975156 0.127349
1 36 14.137931 0.971520 0.126922 0.973691 0.127089
1 37 14.252873 0.971828 0.125564 0.969906 0.127050
1 38 14.367816 0.971805 0.127289 0.971600 0.125742
1 39 14.482759 0.970934 0.126755 0.971808 0.125809
1 40 14.597701 0.972471 0.127877 0.974273 0.127705
1 41 14.712644 0.972371 0.125223 0.973130 0.127495
1 42 14.827586 0.972901 0.126913 0.973261 0.125899
1 43 14.942529 0.971243 0.126228 0.972296 0.126367
1 44 15.057471 0.973343 0.126989 0.972161 0.127314
1 45 15.172414 0.971277 0.127098 0.973358 0.126601
1 46 15.287356 0.972968 0.126931 0.972609 0.126141
1 47 15.402299 0.972939 0.128134 0.969650 0.126799
1 48 15.517241 0.971141 0.125330 0.970842 0.127488
1 49 15.632184 0.972789 0.127842 0.968327 0.125234
1 50 15.747127 0.971687 0.128027 0.971887 0.124809
1 51 15.862069 0.971288 0.125024 0.972355 0.127268
1 52 15.977012 0.970796 0.125688 0.970708 0.125758
1 53 16.091953 0.969338 0.126135 0.973234 0.126432
1 54 16.206896 0.973857 0.127459 0.971138 0.126304
1 55 16.321838 0.971716 0.125167 0.969733 0.125948
1 56 16.436781 0.973315 0.126804 0.968865 0.124000
1 57 16.551723 0.971208 0.127133 0.969886 0.127274
1 58 16.666666 0.969297 0.125719 0.970596 0.127150
1 59 16.781609 0.968987 0.124355 0.969822 0.125298
1 60 16.896551 0.968981 0.125090 0.972247 0.126825
1 61 17.011494 0.970614 0.126296 0.968241 0.124587
1 62 17.126436 0.970218 0.125315 0.972144 0.126636
1 63 17.241379 0.969563 0.125136 0.972478 0.124688
1 64 17.356321 0.969127 0.124494 0.973223 0.125815
1 65 17.471264 0.971950 0.126741 0.969280 0.124787
1 66 17.586206 0.970580 0.126265 0.970061 0.126006
1 67 17.701149 0.972464 0.126484 0.970625 0.126936
1 68 17.816092 0.972186 0.127521 0.973014 0.127801
1 69 17.931034 0.969867 0.126162 0.969379 0.125426
1 70 18.045977 0.969039 0.124609 0.972331 0.126040
1 71 18.160919 0.973379 0.126222 0.969859 0.124384
1 72 18.275862 0.972541 0.126902 0.971704 0.126242
1 73 18.390804 0.970654 0.125611 0.970615 0.126796
1 74 18.505747 0.967493 0.127813 0.971748 0.125489
1 75 18.620689 0.970376 0.126475 0.970284 0.125766
1 76 18.735632 0.974781 0.126430 0.969651 0.126880
1 77 18.850574 0.971257 0.125873 0.970200 0.125822
1 78 18.965517 0.972339 0.127169 0.970472 0.125772
1 79 19.080460 0.970800 0.124812 0.973735 0.126567
1 80 19.195402 0.975949 0.127822 0.970599 0.128461
1 81 19.310345 0.972026 0.125409 0.970161 0.125462
1 82 19.425287 0.969176 0.126418 0.971843 0.124805
1 83 19.540230 0.972277 0.127684 0.971088 0.127159
1 84 19.655172 0.969622 0.125057 0.971668 0.125576
1 85 19.770115 0.971467 0.125667 0.972417 0.127074
1 86 19.885057 0.973642 0.127371 0.973039 0.125947
2 0 20.000000 0.970361 0.126927 0.971741 0.127416
2 1 20.114943 0.969846 0.125910 0.969950 0.128148
2 2 20.229885 0.970661 0.127381 0.973590 0.128130
2 3 20.344828 0.972051 0.126289 0.974685 0.127473
2 4 20.459770 0.970680 0.124588 0.973214 0.126079
2 5 20.574713 0.970047 0.127747 0.972975 0.126726
2 6 20.689655 0.971785 0.127541 0.972307 0.127900
2 7 20.804598 0.971875 0.128188 0.974459 0.127824
2 8 20.919540 0.972088 0.126771 0.968793 0.127395
2 9 21.034483 0.972386 0.125876 0.970608 0.125461
2 10 21.149426 0.972990 0.127871 0.974226 0.127102
2 11 21.264368 0.972199 0.126041 0.973162 0.128392
2 12 21.379311 0.972876 0.125716 0.973957 0.126722
2 13 21.494253 0.971949 0.127035 0.970680 0.126931
2 14 21.609196 0.969197 0.125026 0.970232 0.126821
2 15 21.724138 0.972395 0.125783 0.973534 0.127196
2 16 21.839081 0.972641 0.128485 0.970730 0.126552
2 17 21.954023 0.970753 0.125698 0.971991 0.126332
2 18 22.068966 0.972163 0.126125 0.971304 0.125322
2 19 22.183908 0.973249 0.126637 0.972831 0.126714
2 20 22.298851 0.972581 0.127719 0.970544 0.126077
2 21 22.413794 0.970929 0.126355 0.970422 0.126465
2 22 22.528736 0.970680 0.124262 0.971793 0.126726
2 23 22.643679 0.969506 0.125945 0.969993 0.125634
2 24 22.758621 0.971861 0.127220 0.972960 0.125975
2 25 22.873564 0.973356 0.126885 0.969573 0.125657
2 26 22.988506 0.971639 0.127321 0.973102 0.127299
2 27 23.103449 0.975570 0.127513 0.974190 0.127722
2 28 23.218391 0.969433 0.125676 0.976276 0.127420
2 29 23.333334 0.971312 0.127830 0.969993 0.124660
2 30 23.448277 0.970228 0.126322 0.971772 0.126195
2 31 23.563219 0.968782 0.126340 0.969741 0.126531
2 32 23.678162 0.972094 0.125505 0.971297 0.124353
2 33 23.793104 0.972966 0.126384 0.971994 0.127545
2 34 23.908047 0.970810 0.126644 0.970478 0.125975
2 35 24.022989 0.969049 0.126160 0.972948 0.127463
2 36 24.137932 0.971023 0.126908 0.969506 0.125795
2 37 24.252874 0.972905 0.126802 0.972910 0.126441
2 38 24.367817 0.970796 0.126576 0.973677 0.126275
2 39 24.482759 0.974386 0.126383 0.972479 0.126107
2 40 24.597702 0.975246 0.127798 0.971604 0.126316
2 41 24.712645 0.970763 0.125142 0.972632 0.126114
2 42 24.827587 0.971865 0.125603 0.973527 0.127901
2 43 24.942530 0.973889 0.128052 0.970394 0.125239
2 44 25.057470 0.971349 0.125487 0.973616 0.128449
2 45 25.172413 0.972598 0.126487 0.972155 0.125667
2 46 25.287355 0.972301 0.126202 0.974454 0.127690
2 47 25.402298 0.972219 0.127007 0.971007 0.126860
2 48 25.517241 0.972087 0.127064 0.970557 0.126919
2 49 25.632183 0.974243 0.126243 0.969904 0.127416
2 50 25.747126 0.973114 0.127749 0.967921 0.125339
2 51 25.862068 0.973115 0.127826 0.970674 0.127149
2 52 25.977011 0.972467 0.125645 0.973100 0.126943
2 53 26.091953 0.970038 0.126785 0.971139 0.125531
2 54 26.206896 0.970546 0.124456 0.969913 0.125775
2 55 26.321838 0.971330 0.126268 0.974553 0.127870
2 56 26.436781 0.972314 0.127981 0.969487 0.128546
2 57 26.551723 0.970015 0.125173 0.967646 0.126563
2 58 26.666666 0.974118 0.127733 0.969593 0.126553
2 59 26.781609 0.972398 0.127100 0.971992 0.127477
2 60 26.896551 0.968774 0.126610 0.972930 0.126642
2 61 27.011494 0.970135 0.127505 0.974430 0.128864
2 62 27.126436 0.970960 0.126420 0.971471 0.127290
2 63 27.241379 0.971335 0.125173 0.971554 0.125925
2 64 27.356321 0.968596 0.126269 0.972326 0.128362
2 65 27.471264 0.969707 0.125938 0.971739 0.126278
2 66 27.586206 0.974464 0.127111 0.972659 0.126121
2 67 27.701149 0.969343 0.125276 0.973649 0.128927
2 68 27.816092 0.971484 0.126439 0.970903 0.125219
2 69 27.931034 0.970498 0.126878 0.972098 0.125340
2 70 28.045977 0.970048 0.125278 0.970040 0.126691
2 71 28.160919 0.972920 0.127360 0.972423 0.127695
2 72 28.275862 0.974458 0.127728 0.970887 0.126633
2 73 28.390804 0.973316 0.124924 0.968838 0.126386
2 74 28.505747 0.971151 0.125375 0.973115 0.126197
2 75 28.620689 0.973182 0.126521 0.973661 0.127886
2 76 28.735632 0.970848 0.124677 0.972006 0.125100
2 77 28.850574 0.972347 0.128206 0.973019 0.127045
2 78 28.965517 0.972666 0.128178 0.971725 0.125942
2 79 29.080460 0.970170 0.126493 0.970260 0.126190
2 80 29.195402 0.972685 0.125486 0.972970 0.125772
2 81 29.310345 0.972164 0.128225 0.972534 0.125329
2 82 29.425287 0.972310 0.127064 0.972028 0.125048
2 83 29.540230 0.968021 0.125921 0.975736 0.129276
2 84 29.655172 0.970246 0.125828 0.972601 0.125653
2 85 29.770115 0.970090 0.127476 0.970906 0.127407
2 86 29.885057 0.973317 0.125854 0.969973 0.126098
3 0 30.000000 0.970567 0.125722 0.970671 0.127524
3 1 30.114943 0.971719 0.126262 0.970503 0.125010
3 2 30.229885 0.968081 0.124570 0.971929 0.126430
3 3 30.344828 0.970863 0.125711 0.970589 0.126411
3 4 30.459770 0.970292 0.125527 0.968505 0.125053
3 5 30.574713 0.972585 0.126988 0.971096 0.126300
3 6 30.689655 0.970152 0.125865 0.967658 0.125274
3 7 30.804598 0.973208 0.126703 0.969667 0.124464
3 8 30.919540 0.970528 0.124891 0.971385 0.127064
3 9 31.034483 0.971517 0.127694 0.972797 0.126091
3 10 31.149426 0.970082 0.126477 0.969669 0.125938
3 11 31.264368 0.970753 0.126963 0.972736 0.127436
3 12 31.379311 0.971677 0.126752 0.970630 0.127007
3 13 31.494253 0.971941 0.126019 0.970057 0.125304
3 14 31.609196 0.971162 0.125547 0.970597 0.126773
3 15 31.724138 0.971488 0.125319 0.970388 0.125973
3 16 31.839081 0.970612 0.125176 0.970990 0.125413
3 17 31.954023 0.972952 0.127937 0.973565 0.125484
3 18 32.068966 0.967947 0.124443 0.971458 0.126796
3 19 32.183907 0.970153 0.128302 0.973289 0.128268
3 20 32.298851 0.973371 0.125657 0.972210 0.126660
3 21 32.413792 0.972406 0.126770 0.970147 0.126927
3 22 32.528736 0.968887 0.123093 0.973161 0.127007
3 23 32.643677 0.967191 0.125764 0.971402 0.126051
3 24 32.758621 0.972790 0.125396 0.969832 0.126210
3 25 32.873562 0.972958 0.126572 0.974001 0.127600
3 26 32.988506 0.970677 0.127589 0.970889 0.127025
3 27 33.103447 0.971310 0.125564 0.970438 0.126326
3 28 33.218391 0.969760 0.125881 0.971860 0.125658
3 29 33.333332 0.971708 0.125925 0.971317 0.127633
3 30 33.448277 0.973245 0.127331 0.973252 0.126290
3 31 33.563217 0.975154 0.127109 0.970675 0.125446
3 32 33.678162 0.970956 0.125434 0.970794 0.125851
3 33 33.793102 0.968639 0.126727 0.971263 0.127091
3 34 33.908047 0.973993 0.127729 0.970488 0.125945
3 35 34.022987 0.973259 0.128019 0.969919 0.125880
3 36 34.137932 0.973533 0.127324 0.971424 0.127150
3 37 34.252872 0.973394 0.127922 0.971208 0.125005
3 38 34.367817 0.973249 0.126337 0.972687 0.125228
3 39 34.482758 0.973789 0.127238 0.970875 0.126758
3 40 34.597702 0.973887 0.127079 0.971611 0.125822
3 41 34.712643 0.972320 0.128156 0.971780 0.126561
3 42 34.827587 0.970978 0.126212 0.972236 0.127021
3 43 34.942528 0.974208 0.127881 0.970058 0.126640
3 44 35.057472 0.970192 0.126120 0.971706 0.126109
3 45 35.172413 0.971939 0.127660 0.973980 0.126460
3 46 35.287357 0.970870 0.126322 0.970127 0.125283
3 47 35.402298 0.970895 0.124710 0.970322 0.127296
3 48 35.517242 0.974354 0.126911 0.969498 0.126374
3 49 35.632183 0.968324 0.125002 0.972663 0.125239
3 50 35.747128 0.972566 0.126522 0.970688 0.126790
3 51 35.862068 0.973722 0.127443 0.973032 0.124878
3 52 35.977013 0.971314 0.127587 0.973808 0.127176
3 53 36.091953 0.970902 0.126118 0.969317 0.126435
3 54 36.206898 0.969169 0.126393 0.972545 0.125409
3 55 36.321838 0.968880 0.125267 0.969896 0.127313
3 56 36.436783 0.972311 0.126048 0.971791 0.127332
3 57 36.551723 0.971406 0.126494 0.971744 0.127793
3 58 36.666668 0.973333 0.125690 0.973264 0.126762
3 59 36.781609 0.972713 0.127696 0.973082 0.127630
3 60 36.896553 0.971804 0.125549 0.973251 0.127089
3 61 37.011494 0.972569 0.125016 0.971002 0.125487
3 62 37.126438 0.971954 0.125578 0.970668 0.125026
3 63 37.241379 0.971243 0.126404 0.971432 0.126574
3 64 37.356323 0.971283 0.124814 0.970489 0.125722
3 65 37.471264 0.970853 0.125934 0.970578 0.126056
3 66 37.586208 0.973958 0.126479 0.971057 0.125734
3 67 37.701149 0.973149 0.128161 0.969532 0.125027
3 68 37.816093 0.970486 0.126871 0.973604 0.127534
3 69 37.931034 0.971585 0.126729 0.971580 0.127266
3 70 38.045979 0.971662 0.126554 0.973051 0.127070
3 71 38.160919 0.972180 0.125143 0.971539 0.125290
3 72 38.275864 0.969424 0.125353 0.970921 0.126612
3 73 38.390804 0.974373 0.125684 0.971127 0.126080
3 74 38.505749 0.973274 0.124917 0.972338 0.126430
3 75 38.620689 0.971729 0.127616 0.971065 0.126918
3 76 38.735634 0.972959 0.126327 0.967922 0.124603
3 77 38.850574 0.975980 0.127061 0.972173 0.126529
3 78 38.965519 0.971318 0.126504 0.969667 0.125887
3 79 39.080460 0.972038 0.127334 0.970788 0.124655
3 80 39.195404 0.971631 0.126572 0.967955 0.125623
3 81 39.310345 0.967941 0.126787 0.973303 0.127241
3 82 39.425289 0.972538 0.126259 0.971153 0.125615
3 83 39.540230 0.973504 0.128772 0.969455 0.126502
3 84 39.655174 0.971611 0.127270 0.973133 0.126304
3 85 39.770115 0.972008 0.126048 0.973083 0.126125
3 86 39.885059 0.972944 0.126723 0.973211 0.128518
4 0 40.000000 0.970797 0.126393 0.971959 0.126466
4 1 40.114941 0.971182 0.127389 0.971921 0.126165
4 2 40.229885 0.973163 0.126570 0.976609 0.128652
4 3 40.344826 0.969922 0.126519 0.970202 0.126004
4 4 40.459770 0.971222 0.126370 0.971558 0.128087
4 5 40.574711 0.972229 0.125714 0.973630 0.128016
4 6 40.689655 0.970292 0.126489 0.972402 0.127747
4 7 40.804596 0.971042 0.125558 0.972618 0.126993
4 8 40.919540 0.972689 0.126647 0.969772 0.126036
4 9 41.034481 0.971674 0.125630 0.972165 0.128382
4 10 41.149426 0.972035 0.125377 0.970485 0.125543
4 11 41.264366 0.973415 0.126743 0.968983 0.126201
4 12 41.379311 0.973859 0.127495 0.976102 0.127518
4 13 41.494251 0.971072 0.125925 0.970374 0.125457
4 14 41.609196 0.971191 0.126611 0.973429 0.126545
4 15 41.724136 0.971282 0.127043 0.970603 0.125118
4 16 41.839081 0.971766 0.127942 0.972525 0.125537
4 17 41.954021 0.971229 0.127572 0.968767 0.125702
4 18 42.068966 0.971388 0.126177 0.971720 0.125858
4 19 42.183907 0.971342 0.125602 0.973554 0.126216
4 20 42.298851 0.972846 0.127778 0.973104 0.127577
4 21 42.413792 0.971106 0.125889 0.972349 0.127289
4 22 42.528736 0.971854 0.127229 0.968544 0.124097
4 23 42.643677 0.970378 0.126688 0.969245 0.125751
4 24 42.758621 0.970738 0.127626 0.972941 0.126706
4 25 42.873562 0.970053 0.125605 0.971008 0.124871
4 26 42.988506 0.971907 0.127605 0.973110 0.125660
4 27 43.103447 0.970892 0.127154 0.973292 0.127675
4 28 43.218391 0.968949 0.125359 0.970179 0.126249
4 29 43.333332 0.971977 0.125924 0.970106 0.127222
4 30 43.448277 0.968736 0.125891 0.973430 0.128838
4 31 43.563217 0.969186 0.125744 0.971674 0.125056
4 32 43.678162 0.973351 0.125366 0.974687 0.126454
4 33 43.793102 0.966658 0.125436 0.969526 0.124176
4 34 43.908047 0.974139 0.126941 0.970447 0.127295
4 35 44.022987 0.973810 0.126011 0.972256 0.127179
4 36 44.137932 0.971887 0.127191 0.969264 0.125334
4 37 44.252872 0.968654 0.127243 0.970731 0.127931
4 38 44.367817 0.971319 0.125460 0.972249 0.128251
4 39 44.482758 0.972121 0.125599 0.972674 0.127674
4 40 44.597702 0.972774 0.127303 0.972615 0.126302
4 41 44.712643 0.972921 0.127291 0.972960 0.127084
4 42 44.827587 0.971989 0.126548 0.970383 0.127032
4 43 44.942528 0.970715 0.125437 0.970462 0.125063
4 44 45.057472 0.970892 0.127438 0.971958 0.128046
4 45 45.172413 0.971768 0.125655 0.972997 0.128518
4 46 45.287357 0.970164 0.126133 0.969736 0.127405
4 47 45.402298 0.969082 0.125404 0.970425 0.125952
4 48 45.517242 0.971030 0.126688 0.972199 0.126926
4 49 45.632183 0.971365 0.126340 0.971113 0.128403
4 50 45.747128 0.973332 0.126781 0.975599 0.127303
4 51 45.862068 0.968655 0.126044 0.972527 0.126273
4 52 45.977013 0.969949 0.125983 0.975080 0.125442
4 53 46.091953 0.973516 0.127200 0.971436 0.124802
4 54 46.206898 0.972653 0.127537 0.974306 0.127044
4 55 46.321838 0.971957 0.125353 0.972862 0.125737
4 56 46.436783 0.972129 0.127465 0.972945 0.127621
4 57 46.551723 0.972893 0.128180 0.970829 0.125515
4 58 46.666668 0.973658 0.126428 0.969005 0.125623
4 59 46.781609 0.969587 0.126113 0.973453 0.127063
4 60 46.896553 0.969654 0.125094 0.972660 0.126716
4 61 47.011494 0.972949 0.127227 0.972140 0.126345
4 62 47.126438 0.973697 0.125145 0.970058 0.125753
4 63 47.241379 0.972167 0.125793 0.971777 0.125881
4 64 47.356323 0.972378 0.126753 0.971423 0.125416
4 65 47.471264 0.972270 0.128035 0.972315 0.125783
4 66 47.586208 0.972037 0.126226 0.973909 0.127989
4 67 47.701149 0.971325 0.126014 0.969577 0.125248
4 68 47.816093 0.970023 0.125354 0.971628 0.127106
4 69 47.931034 0.972004 0.127317 0.971274 0.127014
4 70 48.045979 0.972287 0.126230 0.972146 0.125385
4 71 48.160919 0.970368 0.127764 0.968850 0.124727
4 72 48.275864 0.970235 0.126110 0.970129 0.126605
4 73 48.390804 0.971505 0.125940 0.972714 0.126723
4 74 48.505749 0.970504 0.125806 0.972091 0.126917
4 75 48.620689 0.972529 0.126318 0.972131 0.126578
4 76 48.735634 0.972946 0.126136 0.971202 0.125644
4 77 48.850574 0.970942 0.125891 0.972059 0.125648
4 78 48.965519 0.970037 0.125196 0.971579 0.127508
4 79 49.080460 0.971706 0.124070 0.970792 0.126171
4 80 49.195404 0.969864 0.125434 0.972461 0.126678
4 81 49.310345 0.969190 0.126444 0.968863 0.125499
4 82 49.425289 0.972022 0.127287 0.972483 0.127495
4 83 49.540230 0.972897 0.125982 0.968670 0.124718
4 84 49.655174 0.973961 0.124637 0.972837 0.125594
4 85 49.770115 0.973897 0.127087 0.971879 0.127099
4 86 49.885059 0.972675 0.127410 0.971440 0.125922
5 0 50.000000 0.971877 0.126671 0.973650 0.127389
5 1 50.114941 0.975490 0.128740 0.974021 0.127185
5 2 50.229885 0.972199 0.126188 0.971277 0.126147
5 3 50.344826 0.968225 0.126396 0.972717 0.127382
5 4 50.459770 0.972512 0.125570 0.970096 0.125429
5 5 50.574711 0.970184 0.125605 0.972323 0.127020
5 6 50.689655 0.973461 0.126226 0.971808 0.125640
5 7 50.804596 0.972402 0.125841 0.970459 0.126250
5 8 50.919540 0.972251 0.125552 0.972511 0.126881
5 9 51.034481 0.969638 0.125299 0.972561 0.125903
5 10 51.149426 0.972419 0.124435 0.972467 0.127029
5 11 51.264366 0.972614 0.125395 0.969704 0.125265
5 12 51.379311 0.969241 0.125183 0.975873 0.127754
5 13 51.494251 0.970727 0.127347 0.973149 0.126553
5 14 51.609196 0.970758 0.126360 0.974262 0.127087
5 15 51.724136 0.972524 0.126664 0.971003 0.125428
5 16 51.839081 0.970858 0.126816 0.973481 0.125881
5 17 51.954021 0.972368 0.126554 0.971705 0.127140
5 18 52.068966 0.974076 0.126780 0.972651 0.128752
5 19 52.183907 0.967285 0.126191 0.971300 0.125804
5 20 52.298851 0.969040 0.126254 0.970306 0.124604
5 21 52.413792 0.972760 0.125243 0.971156 0.126522
5 22 52.528736 0.972153 0.126556 0.971392 0.125183
5 23 52.643677 0.973094 0.127852 0.968225 0.126216
5 24 52.758621 0.973953 0.126742 0.976631 0.128624
5 25 52.873562 0.971255 0.125537 0.970195 0.127859
5 26 52.988506 0.973622 0.126537 0.969074 0.127170
5 27 53.103447 0.971891 0.127197 0.971280 0.127051
5 28 53.218391 0.968622 0.127360 0.975105 0.127034
5 29 53.333332 0.969860 0.125233 0.970719 0.125033
5 30 53.448277 0.973127 0.125921 0.971783 0.125251
5 31 53.563217 0.968235 0.127386 0.972306 0.126565
5 32 53.678162 0.971269 0.127049 0.969453 0.125078
5 33 53.793102 0.971859 0.126661 0.972507 0.126628
5 34 53.908047 0.968820 0.126296 0.971056 0.125742
5 35 54.022987 0.969130 0.125231 0.971538 0.126242
5 36 54.137932 0.973267 0.127905 0.973740 0.127923
5 37 54.252872 0.968425 0.123993 0.969711 0.126519
5 38 54.367817 0.971048 0.126378 0.972825 0.125402
5 39 54.482758 0.970696 0.127216 0.972851 0.126423
5 40 54.597702 0.971237 0.124347 0.971407 0.127327
5 41 54.712643 0.970028 0.126998 0.969901 0.125695
5 42 54.827587 0.973916 0.127406 0.975028 0.127222
5 43 54.942528 0.970899 0.125122 0.972935 0.126508
5 44 55.057472 0.971631 0.128967 0.971449 0.125592
5 45 55.172413 0.971142 0.128237 0.970773 0.125170
5 46 55.287357 0.970973 0.124619 0.969844 0.126982
5 47 55.402298 0.970448 0.126532 0.970764 0.127168
5 48 55.517242 0.968478 0.125786 0.973534 0.126631
5 49 55.632183 0.973563 0.128109 0.971111 0.128229
5 50 55.747128 0.971308 0.126149 0.969790 0.127662
5 51 55.862068 0.971627 0.128178 0.972634 0.124893
5 52 55.977013 0.973418 0.126286 0.976738 0.128237
5 53 56.091953 0.972136 0.125183 0.971800 0.126688
5 54 56.206898 0.970869 0.126293 0.971130 0.126407
5 55 56.321838 0.971779 0.125651 0.971192 0.126014
5 56 56.436783 0.973932 0.127144 0.971340 0.126240
5 57 56.551723 0.970266 0.127211 0.974589 0.127051
5 58 56.666668 0.970875 0.127317 0.970258 0.125547
5 59 56.781609 0.974578 0.127028 0.972320 0.127055
5 60 56.896553 0.972821 0.127564 0.971337 0.126134
5 61 57.011494 0.971704 0.127943 0.970753 0.126118
5 62 57.126438 0.971988 0.126330 0.971749 0.125979
5 63 57.241379 0.972103 0.125961 0.969718 0.126405
5 64 57.356323 0.971673 0.126259 0.971006 0.127772
5 65 57.471264 0.971330 0.127667 0.972171 0.127635
5 66 57.586208 0.972127 0.127324 0.972303 0.126334
5 67 57.701149 0.970293 0.127159 0.972289 0.127036
5 68 57.816093 0.970397 0.124723 0.970567 0.126352
5 69 57.931034 0.968806 0.125626 0.970250 0.126131
5 70 58.045979 0.971016 0.127588 0.972732 0.126972
5 71 58.160919 0.969489 0.125745 0.973514 0.128818
5 72 58.275864 0.970108 0.125423 0.971766 0.126594
5 73 58.390804 0.974599 0.127768 0.970326 0.124875
5 74 58.505749 0.969477 0.126081 0.971603 0.127275
5 75 58.620689 0.973538 0.127560 0.974595 0.127258
5 76 58.735634 0.969546 0.125997 0.970230 0.125850
5 77 58.850574 0.974142 0.127862 0.971853 0.125457
5 78 58.965519 0.972595 0.127138 0.970209 0.124542
5 79 59.080460 0.970056 0.127144 0.969797 0.125941
5 80 59.195404 0.970130 0.125688 0.970351 0.125149
5 81 59.310345 0.970849 0.126480 0.971938 0.125027
5 82 59.425289 0.972015 0.125895 0.968849 0.125466
5 83 59.540230 0.974853 0.127206 0.967866 0.123529
5 84 59.655174 0.971288 0.126589 0.968646 0.126974
5 85 59.770115 0.970232 0.125797 0.970060 0.124983
5 86 59.885059 0.973228 0.126063 0.969737 0.125714
6 0 60.000000 0.973565 0.126625 0.971442 0.124521
6 1 60.114941 0.971560 0.127680 0.972765 0.128207
6 2 60.229885 0.972774 0.126103 0.969460 0.126686
6 3 60.344826 0.969777 0.125956 0.970189 0.126188
6 4 60.459770 0.971176 0.125804 0.974481 0.127205
6 5 60.574711 0.970240 0.127974 0.971770 0.124743
6 6 60.689655 0.971853 0.127828 0.972082 0.127462
6 7 60.804596 0.972472 0.126884 0.972599 0.126543
6 8 60.919540 0.969219 0.125277 0.972729 0.126162
6 9 61.034481 0.973263 0.128432 0.973714 0.128207
6 10 61.149426 0.973805 0.126288 0.971200 0.125890
6 11 61.264366 0.972996 0.127629 0.972273 0.126891
6 12 61.379311 0.968789 0.125431 0.972089 0.127475
6 13 61.494251 0.972875 0.126711 0.971701 0.126934
6 14 61.609196 0.970457 0.123955 0.974126 0.126307
6 15 61.724136 0.970822 0.125647 0.970587 0.125730
6 16 61.839081 0.972565 0.127143 0.971775 0.125701
6 17 61.954021 0.970693 0.125904 0.972359 0.127584
6 18 62.068966 0.970909 0.125609 0.970700 0.125804
6 19 62.183907 0.971871 0.127163 0.970367 0.125645
6 20 62.298851 0.973257 0.128105 0.971323 0.125511
6 21 62.413792 0.972428 0.126969 0.972480 0.127301
6 22 62.528736 0.969568 0.125232 0.971676 0.126551
6 23 62.643677 0.971601 0.127390 0.972087 0.126889
6 24 62.758621 0.970484 0.126136 0.970746 0.126113
6 25 62.873562 0.972908 0.125619 0.967114 0.125069
6 26 62.988506 0.972204 0.127109 0.971397 0.125353
6 27 63.103447 0.967917 0.124749 0.973678 0.126650
6 28 63.218391 0.973548 0.127540 0.975077 0.127353
6 29 63.333332 0.976328 0.127600 0.971433 0.127740
6 30 63.448277 0.972229 0.125312 0.969211 0.126533
6 31 63.563217 0.973175 0.125667 0.971966 0.125333
6 32 63.678162 0.973853 0.128063 0.969990 0.125500
6 33 63.793102 0.971490 0.126396 0.973505 0.127372
6 34 63.908047 0.971292 0.127033 0.972546 0.126300
6 35 64.022987 0.971809 0.127079 0.973182 0.126864
6 36 64.137932 0.977211 0.127404 0.972454 0.127171
6 37 64.252876 0.972766 0.127307 0.970451 0.126110
6 38 64.367813 0.973964 0.128039 0.972557 0.125339
6 39 64.482758 0.971984 0.126943 0.971281 0.126123
6 40 64.597702 0.973003 0.127382 0.973058 0.125784
6 41 64.712646 0.970284 0.125829 0.972988 0.127842
6 42 64.827583 0.970899 0.124481 0.971303 0.125599
6 43 64.942528 0.972219 0.126673 0.972803 0.127555
6 44 65.057472 0.971011 0.127021 0.971778 0.125572
6 45 65.172417 0.971007 0.127082 0.973054 0.127886
6 46 65.287354 0.972510 0.125846 0.970616 0.125184
6 47 65.402298 0.970462 0.126187 0.970231 0.125960
6 48 65.517242 0.972696 0.127949 0.969480 0.125034
6 49 65.632187 0.971621 0.126173 0.971794 0.126615
6 50 65.747124 0.971437 0.126459 0.972188 0.126589
6 51 65.862068 0.969554 0.125624 0.973287 0.128903
6 52 65.977013 0.969922 0.127590 0.973557 0.126457
6 53 66.091957 0.971942 0.125886 0.972518 0.127058
6 54 66.206894 0.972305 0.125920 0.969656 0.127304
6 55 66.321838 0.972659 0.125996 0.969705 0.127013
6 56 66.436783 0.969002 0.126974 0.973165 0.127502
6 57 66.551727 0.971119 0.125572 0.971778 0.126952
6 58 66.666664 0.972591 0.126620 0.971099 0.126457
6 59 66.781609 0.970782 0.126827 0.971283 0.126752
6 60 66.896553 0.972313 0.126258 0.969545 0.125214
6 61 67.011497 0.970740 0.126903 0.972353 0.127863
6 62 67.126434 0.970366 0.126333 0.971111 0.125761
6 63 67.241379 0.971196 0.126130 0.969818 0.125912
6 64 67.356323 0.972699 0.125834 0.969693 0.125398
6 65 67.471268 0.969074 0.124742 0.970910 0.126090
6 66 67.586205 0.973520 0.126350 0.970754 0.125031
6 67 67.701149 0.974952 0.127817 0.974400 0.125943
6 68 67.816093 0.971222 0.127866 0.972430 0.125844
6 69 67.931038 0.973585 0.128308 0.973284 0.126443
6 70 68.045975 0.971782 0.126425 0.972549 0.126856
6 71 68.160919 0.972928 0.125717 0.970977 0.126372
6 72 68.275864 0.971980 0.126449 0.972420 0.126404
6 73 68.390808 0.969988 0.125394 0.974991 0.127625
6 74 68.505745 0.971521 0.127529 0.973864 0.126571
6 75 68.620689 0.971166 0.127217 0.972314 0.124502
6 76 68.735634 0.971171 0.126977 0.971982 0.126382
6 77 68.850578 0.973945 0.126362 0.971550 0.127593
6 78 68.965515 0.971409 0.127481 0.971209 0.126490
6 79 69.080460 0.970724 0.125768 0.973150 0.127046
6 80 69.195404 0.971428 0.126067 0.968862 0.124972
6 81 69.310349 0.973059 0.125851 0.970219 0.124025
6 82 69.425285 0.970729 0.126166 0.967953 0.124817
6 83 69.540230 0.974272 0.127372 0.971836 0.125422
6 84 69.655174 0.973861 0.127842 0.972002 0.125792
6 85 69.770119 0.974083 0.127354 0.972721 0.127813
6 86 69.885056 0.972105 0.126774 0.970107 0.126422
7 0 70.000000 0.972698 0.128144 0.969149 0.126415
7 1 70.114944 0.973564 0.126788 0.972507 0.128312
7 2 70.229881 0.972471 0.127630 0.973701 0.126872
7 3 70.344826 0.971413 0.126566 0.972269 0.127401
7 4 70.459770 0.971142 0.127357 0.975035 0.126161
7 5 70.574715 0.972085 0.127100 0.972760 0.128231
7 6 70.689651 0.972286 0.126392 0.971228 0.127554
7 7 70.804596 0.968700 0.125045 0.972155 0.127363
7 8 70.919540 0.967816 0.125474 0.972719 0.127372
7 9 71.034485 0.969347 0.125857 0.973020 0.125823
7 10 71.149422 0.972240 0.126108 0.971106 0.126058
7 11 71.264366 0.971588 0.125258 0.971319 0.126366
7 12 71.379311 0.973132 0.127049 0.971366 0.124283
7 13 71.494255 0.973075 0.126579 0.973820 0.127123
7 14 71.609192 0.973120 0.126696 0.972106 0.126285
7 15 71.724136 0.969812 0.126033 0.970419 0.125635
7 16 71.839081 0.971960 0.126971 0.972176 0.127881
7 17 71.954025 0.972323 0.125807 0.971679 0.127950
7 18 72.068962 0.968569 0.126005 0.972965 0.127276
7 19 72.183907 0.970874 0.124882 0.968569 0.125379
7 20 72.298851 0.971065 0.125907 0.969662 0.125505
7 21 72.413795 0.968965 0.126578 0.970928 0.126468
7 22 72.528732 0.971513 0.126154 0.972416 0.127256
7 23 72.643677 0.971113 0.126725 0.973470 0.127017
7 24 72.758621 0.974604 0.127521 0.972814 0.126501
7 25 72.873566 0.971750 0.126498 0.972717 0.125530
7 26 72.988503 0.971107 0.126767 0.971940 0.127102
7 27 73.103447 0.975537 0.126621 0.972024 0.125975
7 28 73.218391 0.971302 0.128244 0.970645 0.126050
7 29 73.333336 0.969849 0.126503 0.971126 0.125684
7 30 73.448273 0.974987 0.127230 0.972744 0.127177
7 31 73.563217 0.971111 0.125163 0.972030 0.125774
7 32 73.678162 0.970066 0.126423 0.970996 0.125987
7 33 73.793106 0.973919 0.126958 0.973413 0.127541
7 34 73.908043 0.970853 0.125727 0.973034 0.126704
7 35 74.022987 0.973866 0.126972 0.971552 0.126328
7 36 74.137932 0.973508 0.128014 0.971637 0.126344
7 37 74.252876 0.972140 0.126701 0.974426 0.128797
7 38 74.367813 0.971959 0.125294 0.973543 0.127521
7 39 74.482758 0.972423 0.125530 0.970172 0.124735
7 40 74.597702 0.972572 0.126812 0.971422 0.125839
7 41 74.712646 0.971083 0.124624 0.972913 0.127470
7 42 74.827583 0.974907 0.128285 0.971717 0.127083
7 43 74.942528 0.969985 0.126186 0.970477 0.125505
7 44 75.057472 0.971886 0.126646 0.971670 0.125492
7 45 75.172417 0.970418 0.126105 0.968013 0.125961
7 46 75.287354 0.970888 0.125062 0.971551 0.127154
7 47 75.402298 0.973920 0.127541 0.969853 0.125796
7 48 75.517242 0.974783 0.126584 0.971523 0.126497
7 49 75.632187 0.973867 0.126220 0.969793 0.126731
7 50 75.747124 0.971036 0.126070 0.972062 0.126724
7 51 75.862068 0.972896 0.127092 0.970498 0.127264
7 52 75.977013 0.970589 0.126385 0.968904 0.127635
7 53 76.091957 0.968891 0.125968 0.973484 0.126257
7 54 76.206894 0.971981 0.128023 0.968911 0.127234
7 55 76.321838 0.973513 0.127477 0.971855 0.125437
7 56 76.436783 0.971087 0.126688 0.973163 0.126574
7 57 76.551727 0.972274 0.127674 0.970595 0.125265
7 58 76.666664 0.970416 0.126828 0.972680 0.126652
7 59 76.781609 0.968950 0.125366 0.970307 0.126599
7 60 76.896553 0.972776 0.124924 0.971032 0.126029
7 61 77.011497 0.970205 0.127301 0.971544 0.127343
7 62 77.126434 0.972777 0.126555 0.970357 0.125633
7 63 77.241379 0.971851 0.126950 0.974171 0.127887
7 64 77.356323 0.971513 0.125493 0.973161 0.129085
7 65 77.471268 0.974664 0.126365 0.970034 0.126555
7 66 77.586205 0.970878 0.126654 0.971078 0.125699
7 67 77.701149 0.969882 0.125966 0.974405 0.128299
7 68 77.816093 0.971084 0.126948 0.970844 0.127761
7 69 77.931038 0.969611 0.126726 0.969043 0.126076
7 70 78.045975 0.973061 0.126859 0.968777 0.123564
7 71 78.160919 0.969361 0.126801 0.970307 0.125344
7 72 78.275864 0.971955 0.126570 0.974071 0.128945
7 73 78.390808 0.970332 0.126547 0.971592 0.127717
7 74 78.505745 0.971004 0.125490 0.972457 0.126844
7 75 78.620689 0.973651 0.127579 0.972706 0.127183
7 76 78.735634 0.970037 0.124653 0.971117 0.125734
7 77 78.850578 0.971562 0.125641 0.970512 0.126498
7 78 78.965515 0.972392 0.126986 0.968770 0.126041
7 79 79.080460 0.972599 0.125899 0.972596 0.126457
7 80 79.195404 0.970229 0.125004 0.972723 0.126169
7 81 79.310349 0.971049 0.126050 0.971374 0.124780
7 82 79.425285 0.969232 0.125631 0.976326 0.127481
7 83 79.540230 0.975072 0.127639 0.970192 0.126096
7 84 79.655174 0.971708 0.125835 0.973575 0.127694
7 85 79.770119 0.972396 0.126066 0.971438 0.125493
7 86 79.885056 0.970380 0.124611 0.973033 0.128156
8 0 80.000000 0.974129 0.126905 0.971740 0.127556
8 1 80.114944 0.968817 0.125814 0.969403 0.126422
8 2 80.229881 0.971759 0.127039 0.972674 0.125622
8 3 80.344826 0.971172 0.125658 0.973728 0.125216
8 4 80.459770 0.969483 0.125786 0.972941 0.127917
8 5 80.574715 0.971240 0.126503 0.970192 0.125646
8 6 80.689651 0.968681 0.125626 0.969197 0.124939
8 7 80.804596 0.973107 0.127221 0.969442 0.126126
8 8 80.919540 0.971956 0.126706 0.970695 0.125689
8 9 81.034485 0.971187 0.127762 0.972206 0.127088
8 10 81.149422 0.975378 0.128130 0.972842 0.127014
8 11 81.264366 0.971930 0.126112 0.972240 0.126666
8 12 81.379311 0.970419 0.128125 0.970660 0.127112
8 13 81.494255 0.970754 0.126184 0.970268 0.126150
8 14 81.609192 0.970009 0.125061 0.970542 0.125933
8 15 81.724136 0.970939 0.126534 0.971244 0.126416
8 16 81.839081 0.975778 0.127739 0.970447 0.127328
8 17 81.954025 0.970469 0.125249 0.969071 0.125031
8 18 82.068962 0.973723 0.125426 0.971263 0.127264
8 19 82.183907 0.971931 0.126582 0.971608 0.125950
8 20 82.298851 0.973205 0.126785 0.973219 0.124526
8 21 82.413795 0.972976 0.126619 0.975275 0.127532
8 22 82.528732 0.975026 0.126854 0.971049 0.124227
8 23 82.643677 0.971123 0.125317 0.972444 0.126124
8 24 82.758621 0.972412 0.127231 0.972179 0.127400
8 25 82.873566 0.969584 0.125882 0.973608 0.127615
8 26 82.988503 0.972165 0.127375 0.972795 0.125963
8 27 83.103447 0.973354 0.126061 0.975107 0.125960
8 28 83.218391 0.970866 0.126145 0.971395 0.125833
8 29 83.333336 0.971251 0.126471 0.970835 0.126089
8 30 83.448273 0.971729 0.127014 0.971196 0.126416
8 31 83.563217 0.974648 0.128845 0.970269 0.125942
8 32 83.678162 0.973744 0.127319 0.971228 0.126800
8 33 83.793106 0.973439 0.126943 0.970966 0.126340
8 34 83.908043 0.971495 0.126330 0.972833 0.125760
8 35 84.022987 0.971482 0.127141 0.971641 0.126298
8 36 84.137932 0.974096 0.128593 0.972606 0.126020
8 37 84.252876 0.970586 0.125551 0.971978 0.126506
8 38 84.367813 0.969375 0.125361 0.970250 0.126582
8 39 84.482758 0.969783 0.126228 0.966559 0.123259
8 40 84.597702 0.970790 0.126009 0.970978 0.127080
8 41 84.712646 0.970723 0.125233 0.972369 0.125922
8 42 84.827583 0.972970 0.126489 0.970797 0.126036
8 43 84.942528 0.972270 0.127280 0.972940 0.128515
8 44 85.057472 0.969943 0.125934 0.972009 0.125695
8 45 85.172417 0.971589 0.125939 0.973744 0.126903
8 46 85.287354 0.971379 0.126218 0.971460 0.126264
8 47 85.402298 0.972426 0.124947 0.973446 0.125644
8 48 85.517242 0.970761 0.125709 0.970076 0.125755
8 49 85.632187 0.972216 0.128619 0.972321 0.127017
8 50 85.747124 0.971792 0.125753 0.968572 0.125330
8 51 85.862068 0.971936 0.127281 0.971640 0.126664
8 52 85.977013 0.969131 0.126306 0.971519 0.127753
8 53 86.091957 0.974409 0.126810 0.972736 0.124898
8 54 86.206894 0.974116 0.126378 0.970930 0.126454
8 55 86.321838 0.973479 0.125872 0.971415 0.126658
8 56 86.436783 0.972238 0.126845 0.974507 0.128145
8 57 86.551727 0.969003 0.125806 0.971865 0.126594
8 58 86.666664 0.971627 0.127410 0.971071 0.125339
8 59 86.781609 0.971380 0.124326 0.973428 0.127198
8 60 86.896553 0.971351 0.126020 0.969289 0.124900
8 61 87.011497 0.973991 0.126435 0.971863 0.125993
8 62 87.126434 0.970058 0.127845 0.970565 0.125627
8 63 87.241379 0.970834 0.127161 0.969807 0.127136
8 64 87.356323 0.969479 0.127776 0.969849 0.124961
8 65 87.471268 0.970317 0.126099 0.972986 0.126128
8 66 87.586205 0.969035 0.124884 0.971237 0.127307
8 67 87.701149 0.973335 0.126012 0.970037 0.125204
8 68 87.816093 0.972164 0.126099 0.969983 0.124677
8 69 87.931038 0.973420 0.127917 0.968501 0.125210
8 70 88.045975 0.972392 0.127696 0.968985 0.126378
8 71 88.160919 0.971527 0.126111 0.972606 0.125788
8 72 88.275864 0.973745 0.126241 0.972589 0.124478
8 73 88.390808 0.970353 0.126132 0.973218 0.127249
8 74 88.505745 0.972566 0.126039 0.972638 0.126968
8 75 88.620689 0.970501 0.125841 0.972187 0.125321
8 76 88.735634 0.971162 0.125345 0.971978 0.126308
8 77 88.850578 0.972238 0.126761 0.971996 0.126939
8 78 88.965515 0.970623 0.125779 0.974129 0.125527
8 79 89.080460 0.970991 0.125570 0.974300 0.126422
8 80 89.195404 0.973621 0.127085 0.971010 0.126720
8 81 89.310349 0.970585 0.125579 0.971356 0.125581
8 82 89.425285 0.970467 0.125354 0.972148 0.126041
8 83 89.540230 0.970493 0.125570 0.970388 0.125648
8 84 89.655174 0.973533 0.126808 0.971282 0.125304
8 85 89.770119 0.971484 0.125528 0.972585 0.126526
8 86 89.885056 0.973156 0.127922 0.976200 0.127706
9 0 90.000000 0.972936 0.126942 0.969807 0.125788
9 1 90.114944 0.971397 0.126881 0.969974 0.125677
9 2 90.229881 0.973166 0.128026 0.967717 0.124745
9 3 90.344826 0.969999 0.127564 0.972392 0.126341
9 4 90.459770 0.970846 0.127895 0.972342 0.126848
9 5 90.574715 0.973336 0.126788 0.972625 0.126226
9 6 90.689651 0.972080 0.126835 0.970320 0.126688
9 7 90.804596 0.970313 0.126225 0.970373 0.125828
9 8 90.919540 0.969905 0.125705 0.970767 0.126438
9 9 91.034485 0.972221 0.125432 0.971552 0.125842
9 10 91.149422 0.972332 0.126970 0.971469 0.125406
9 11 91.264366 0.971688 0.127028 0.971293 0.126204
9 12 91.379311 0.971540 0.126670 0.972283 0.126712
9 13 91.494255 0.973683 0.126090 0.973350 0.125885
9 14 91.609192 0.973884 0.126949 0.971124 0.125741
9 15 91.724136 0.971723 0.125061 0.973518 0.125639
9 16 91.839081 0.971742 0.126708 0.972434 0.126455
9 17 91.954025 0.973121 0.126968 0.970315 0.126476
9 18 92.068962 0.969537 0.127396 0.970580 0.126880
9 19 92.183907 0.972838 0.127753 0.969742 0.125521
9 20 92.298851 0.973313 0.126869 0.970947 0.126672
9 21 92.413795 0.972921 0.129382 0.973744 0.126403
9 22 92.528732 0.972601 0.126006 0.971905 0.126786
9 23 92.643677 0.970723 0.126105 0.972682 0.128454
9 24 92.758621 0.973345 0.127381 0.969539 0.126886
9 25 92.873566 0.971476 0.125004 0.972590 0.126902
9 26 92.988503 0.969714 0.125352 0.973412 0.127036
9 27 93.103447 0.971891 0.126946 0.972928 0.127113
9 28 93.218391 0.970463 0.126537 0.969990 0.125795
9 29 93.333336 0.972001 0.126935 0.971700 0.125737
9 30 93.448273 0.970953 0.125810 0.972121 0.127529
9 31 93.563217 0.970773 0.125621 0.974364 0.127900
9 32 93.678162 0.968623 0.125172 0.973982 0.128524
9 33 93.793106 0.975423 0.127885 0.971527 0.125295
9 34 93.908043 0.969487 0.126644 0.971003 0.124950
9 35 94.022987 0.973269 0.128093 0.972503 0.126152
9 36 94.137932 0.970883 0.127514 0.973745 0.127664
9 37 94.252876 0.971011 0.126127 0.969543 0.124988
9 38 94.367813 0.973111 0.125415 0.972390 0.126857
9 39 94.482758 0.973007 0.127037 0.971525 0.126967
9 40 94.597702 0.972657 0.128002 0.969534 0.126695
9 41 94.712646 0.971247 0.124794 0.971496 0.126838
9 42 94.827583 0.972335 0.126484 0.968469 0.125612
9 43 94.942528 0.971973 0.128174 0.969078 0.124942
9 44 95.057472 0.973594 0.127222 0.972562 0.125856
9 45 95.172417 0.973203 0.126619 0.971681 0.126579
9 46 95.287354 0.971808 0.126357 0.970715 0.126077
9 47 95.402298 0.971616 0.126604 0.971549 0.126121
9 48 95.517242 0.971711 0.125945 0.970419 0.125683
9 49 95.632187 0.973805 0.126731 0.971328 0.126654
9 50 95.747124 0.975535 0.128712 0.972341 0.126442
9 51 95.862068 0.969076 0.125379 0.971782 0.127875
9 52 95.977013 0.973963 0.126699 0.973003 0.126111
9 53 96.091957 0.971922 0.126238 0.974626 0.126541
9 54 96.206894 0.970290 0.127099 0.970182 0.125384
9 55 96.321838 0.971599 0.124326 0.967716 0.125421
9 56 96.436783 0.971528 0.126369 0.972965 0.125240
9 57 96.551727 0.971593 0.127777 0.971745 0.126879
9 58 96.666664 0.970952 0.127382 0.972218 0.125930
9 59 96.781609 0.970900 0.127049 0.973088 0.127375
9 60 96.896553 0.971594 0.126671 0.974936 0.126964
9 61 97.011497 0.971331 0.126897 0.970137 0.126701
9 62 97.126434 0.972568 0.126474 0.970458 0.126063
9 63 97.241379 0.972695 0.125898 0.970237 0.125999
9 64 97.356323 0.972017 0.126125 0.971219 0.126910
9 65 97.471268 0.971867 0.127281 0.970804 0.124854
9 66 97.586205 0.970898 0.125677 0.969464 0.126011
9 67 97.701149 0.973686 0.126995 0.972845 0.126498
9 68 97.816093 0.973077 0.127085 0.971205 0.125572
9 69 97.931038 0.971222 0.125774 0.969126 0.125960
9 70 98.045975 0.971257 0.127547 0.973418 0.126233
9 71 98.160919 0.972095 0.127292 0.971065 0.126533
9 72 98.275864 0.974578 0.127141 0.970029 0.125238
9 73 98.390808 0.972783 0.125123 0.975176 0.127777
9 74 98.505745 0.969426 0.126029 0.970923 0.125940
9 75 98.620689 0.970400 0.124744 0.972967 0.125303
9 76 98.735634 0.970291 0.125866 0.968862 0.125708
9 77 98.850578 0.968930 0.125606 0.973542 0.127091
9 78 98.965515 0.972141 0.126437 0.973395 0.127491
9 79 99.080460 0.969588 0.125305 0.971760 0.128031
9 80 99.195404 0.970156 0.125382 0.968319 0.124523
9 81 99.310349 0.972635 0.125206 0.972000 0.126492
9 82 99.425285 0.970875 0.125483 0.971953 0.125859
9 83 99.540230 0.972666 0.125004 0.972653 0.127157
9 84 99.655174 0.976082 0.127407 0.968860 0.125543
9 85 99.770119 0.969130 0.126267 0.974905 0.128609
9 86 99.885056 0.972397 0.127699 0.972156 0.126950
