initializing
training size    : 359556
testing size     : 20000
epoch count      : 10
sub epoch size   : 5

epoch_learning_rate_decay   : 8
learning_rate_decay         : 0.250000

training



epoch [0 0] from [10 5]
training time per iterations 6.335317[ms]
testing on 20000 items
testing done
average error 0.002490
min error     0.000000
max error     0.166683
saving best net
best net saved to networks/disc40x20x3_no_gaussian/net_6_depth/trained/, with error 0.002490



epoch [0 1] from [10 5]
training time per iterations 6.338363[ms]
testing on 20000 items
testing done
average error 0.002007
min error     0.000000
max error     0.177217
saving best net
best net saved to networks/disc40x20x3_no_gaussian/net_6_depth/trained/, with error 0.002007



epoch [0 2] from [10 5]
training time per iterations 6.339280[ms]
testing on 20000 items
testing done
average error 0.001843
min error     0.000000
max error     0.176128
saving best net
best net saved to networks/disc40x20x3_no_gaussian/net_6_depth/trained/, with error 0.001843



epoch [0 3] from [10 5]
training time per iterations 6.334219[ms]
testing on 20000 items
testing done
average error 0.001779
min error     0.000000
max error     0.170301
saving best net
best net saved to networks/disc40x20x3_no_gaussian/net_6_depth/trained/, with error 0.001779



epoch [0 4] from [10 5]
training time per iterations 6.336138[ms]
testing on 20000 items
testing done
average error 0.001744
min error     0.000000
max error     0.170594
saving best net
best net saved to networks/disc40x20x3_no_gaussian/net_6_depth/trained/, with error 0.001744



epoch [1 0] from [10 5]
training time per iterations 6.344968[ms]
testing on 20000 items
testing done
average error 0.001977
min error     0.000000
max error     0.164702



epoch [1 1] from [10 5]
training time per iterations 6.336416[ms]
testing on 20000 items
testing done
average error 0.001861
min error     0.000000
max error     0.164478



epoch [1 2] from [10 5]
training time per iterations 6.324693[ms]
testing on 20000 items
testing done
average error 0.001619
min error     0.000000
max error     0.174018
saving best net
best net saved to networks/disc40x20x3_no_gaussian/net_6_depth/trained/, with error 0.001619



epoch [1 3] from [10 5]
training time per iterations 6.324053[ms]
testing on 20000 items
testing done
average error 0.001760
min error     0.000000
max error     0.163160



epoch [1 4] from [10 5]
training time per iterations 6.324109[ms]
testing on 20000 items
testing done
average error 0.001701
min error     0.000000
max error     0.168717



epoch [2 0] from [10 5]
training time per iterations 6.335387[ms]
testing on 20000 items
testing done
average error 0.001791
min error     0.000000
max error     0.155325



epoch [2 1] from [10 5]
training time per iterations 6.343758[ms]
testing on 20000 items
testing done
average error 0.001685
min error     0.000000
max error     0.156593



epoch [2 2] from [10 5]
training time per iterations 6.327738[ms]
testing on 20000 items
testing done
average error 0.001622
min error     0.000000
max error     0.159788



epoch [2 3] from [10 5]
training time per iterations 6.334094[ms]
testing on 20000 items
testing done
average error 0.001850
min error     0.000000
max error     0.170447



epoch [2 4] from [10 5]
training time per iterations 6.325180[ms]
testing on 20000 items
testing done
average error 0.001648
min error     0.000000
max error     0.179797



epoch [3 0] from [10 5]
training time per iterations 6.328420[ms]
testing on 20000 items
testing done
average error 0.001657
min error     0.000000
max error     0.168443



epoch [3 1] from [10 5]
training time per iterations 6.333815[ms]
testing on 20000 items
testing done
average error 0.001655
min error     0.000000
max error     0.167919



epoch [3 2] from [10 5]
training time per iterations 6.328768[ms]
testing on 20000 items
testing done
average error 0.001626
min error     0.000000
max error     0.156108



epoch [3 3] from [10 5]
training time per iterations 6.334052[ms]
testing on 20000 items
testing done
average error 0.001674
min error     0.000000
max error     0.162913



epoch [3 4] from [10 5]
training time per iterations 6.324943[ms]
testing on 20000 items
testing done
average error 0.001719
min error     0.000000
max error     0.153406



epoch [4 0] from [10 5]
training time per iterations 6.327029[ms]
testing on 20000 items
testing done
average error 0.001726
min error     0.000000
max error     0.161288



epoch [4 1] from [10 5]
training time per iterations 6.331563[ms]
testing on 20000 items
testing done
average error 0.001621
min error     0.000000
max error     0.168887



epoch [4 2] from [10 5]
training time per iterations 6.328865[ms]
testing on 20000 items
testing done
average error 0.001714
min error     0.000000
max error     0.167598



epoch [4 3] from [10 5]
training time per iterations 6.329560[ms]
testing on 20000 items
testing done
average error 0.001683
min error     0.000000
max error     0.172419



epoch [4 4] from [10 5]
training time per iterations 6.329310[ms]
testing on 20000 items
testing done
average error 0.001536
min error     0.000000
max error     0.178934
saving best net
best net saved to networks/disc40x20x3_no_gaussian/net_6_depth/trained/, with error 0.001536



epoch [5 0] from [10 5]
training time per iterations 6.329296[ms]
testing on 20000 items
testing done
average error 0.001660
min error     0.000000
max error     0.177274



epoch [5 1] from [10 5]
training time per iterations 6.329602[ms]
testing on 20000 items
testing done
average error 0.001673
min error     0.000000
max error     0.175450



epoch [5 2] from [10 5]
training time per iterations 6.334622[ms]
testing on 20000 items
testing done
average error 0.001952
min error     0.000000
max error     0.162879



epoch [5 3] from [10 5]
training time per iterations 6.323316[ms]
testing on 20000 items
testing done
average error 0.001642
min error     0.000000
max error     0.169113



epoch [5 4] from [10 5]
training time per iterations 6.327989[ms]
testing on 20000 items
testing done
average error 0.001658
min error     0.000000
max error     0.157373



epoch [6 0] from [10 5]
training time per iterations 6.325180[ms]
testing on 20000 items
testing done
average error 0.001621
min error     0.000000
max error     0.162704



epoch [6 1] from [10 5]
training time per iterations 6.331173[ms]
testing on 20000 items
testing done
average error 0.001598
min error     0.000000
max error     0.174157



epoch [6 2] from [10 5]
training time per iterations 6.331271[ms]
testing on 20000 items
testing done
average error 0.001595
min error     0.000000
max error     0.172921



epoch [6 3] from [10 5]
training time per iterations 6.324971[ms]
testing on 20000 items
testing done
average error 0.001676
min error     0.000000
max error     0.171899



epoch [6 4] from [10 5]
training time per iterations 6.327488[ms]
testing on 20000 items
testing done
average error 0.001653
min error     0.000000
max error     0.166149



epoch [7 0] from [10 5]
training time per iterations 6.321467[ms]
testing on 20000 items
testing done
average error 0.001760
min error     0.000000
max error     0.164410



epoch [7 1] from [10 5]
training time per iterations 6.334219[ms]
testing on 20000 items
testing done
average error 0.001778
min error     0.000000
max error     0.186634



epoch [7 2] from [10 5]
training time per iterations 6.330255[ms]
testing on 20000 items
testing done
average error 0.001535
min error     0.000000
max error     0.158935
saving best net
best net saved to networks/disc40x20x3_no_gaussian/net_6_depth/trained/, with error 0.001535



epoch [7 3] from [10 5]
training time per iterations 6.336458[ms]
testing on 20000 items
testing done
average error 0.001605
min error     0.000000
max error     0.168127



epoch [7 4] from [10 5]
training time per iterations 6.326848[ms]
testing on 20000 items
testing done
average error 0.001672
min error     0.000000
max error     0.171713
setting learning rate to 0.000050



epoch [8 0] from [10 5]
training time per iterations 6.329560[ms]
testing on 20000 items
testing done
average error 0.001631
min error     0.000000
max error     0.167993



epoch [8 1] from [10 5]
training time per iterations 6.323441[ms]
testing on 20000 items
testing done
average error 0.001609
min error     0.000000
max error     0.171294



epoch [8 2] from [10 5]
training time per iterations 6.323428[ms]
testing on 20000 items
testing done
average error 0.001544
min error     0.000000
max error     0.173849



epoch [8 3] from [10 5]
training time per iterations 6.319228[ms]
testing on 20000 items
testing done
average error 0.001556
min error     0.000000
max error     0.169475



epoch [8 4] from [10 5]
training time per iterations 6.326376[ms]
testing on 20000 items
testing done
average error 0.001628
min error     0.000000
max error     0.173823



epoch [9 0] from [10 5]
training time per iterations 6.329199[ms]
testing on 20000 items
testing done
average error 0.001571
min error     0.000000
max error     0.170901



epoch [9 1] from [10 5]
training time per iterations 6.325486[ms]
testing on 20000 items
testing done
average error 0.001619
min error     0.000000
max error     0.160995



epoch [9 2] from [10 5]
training time per iterations 6.325666[ms]
testing on 20000 items
testing done
average error 0.001596
min error     0.000000
max error     0.166527



epoch [9 3] from [10 5]
training time per iterations 6.320730[ms]
testing on 20000 items
testing done
average error 0.001572
min error     0.000000
max error     0.167923



epoch [9 4] from [10 5]
training time per iterations 6.327419[ms]
testing on 20000 items
testing done
average error 0.001616
min error     0.000000
max error     0.163866
training done
