0.000000 0 0 0.002490 0.000000 0.166683 0.002539 0.000000 0.254768
0.200000 0 1 0.002007 0.000000 0.177217 0.002057 0.000000 0.268841
0.400000 0 2 0.001843 0.000000 0.176128 0.001865 0.000000 0.152928
0.600000 0 3 0.001779 0.000000 0.170301 0.001793 0.000000 0.255921
0.800000 0 4 0.001744 0.000000 0.170594 0.001757 0.000000 0.184115
1.000000 1 0 0.001977 0.000000 0.164702 0.002009 0.000000 0.168191
1.200000 1 1 0.001861 0.000000 0.164478 0.001867 0.000000 0.160568
1.400000 1 2 0.001619 0.000000 0.174018 0.001631 0.000000 0.140874
1.600000 1 3 0.001760 0.000000 0.163160 0.001775 0.000000 0.177821
1.800000 1 4 0.001701 0.000000 0.168717 0.001725 0.000000 0.228094
2.000000 2 0 0.001791 0.000000 0.155325 0.001846 0.000000 0.151101
2.200000 2 1 0.001685 0.000000 0.156593 0.001699 0.000000 0.230207
2.400000 2 2 0.001622 0.000000 0.159788 0.001687 0.000000 0.245581
2.600000 2 3 0.001850 0.000000 0.170447 0.001867 0.000000 0.155212
2.800000 2 4 0.001648 0.000000 0.179797 0.001664 0.000000 0.261289
3.000000 3 0 0.001657 0.000000 0.168443 0.001678 0.000000 0.167037
3.200000 3 1 0.001655 0.000000 0.167919 0.001677 0.000000 0.191346
3.400000 3 2 0.001626 0.000000 0.156108 0.001700 0.000000 0.200555
3.600000 3 3 0.001674 0.000000 0.162913 0.001703 0.000000 0.209555
3.800000 3 4 0.001719 0.000000 0.153406 0.001727 0.000000 0.156069
4.000000 4 0 0.001726 0.000000 0.161288 0.001734 0.000000 0.214423
4.200000 4 1 0.001621 0.000000 0.168887 0.001668 0.000000 0.226815
4.400000 4 2 0.001714 0.000000 0.167598 0.001743 0.000000 0.181230
4.600000 4 3 0.001683 0.000000 0.172419 0.001716 0.000000 0.203490
4.800000 4 4 0.001536 0.000000 0.178934 0.001578 0.000000 0.171871
5.000000 5 0 0.001660 0.000000 0.177274 0.001697 0.000000 0.177274
5.200000 5 1 0.001673 0.000000 0.175450 0.001672 0.000000 0.171415
5.400000 5 2 0.001952 0.000000 0.162879 0.001998 0.000000 0.180066
5.600000 5 3 0.001642 0.000000 0.169113 0.001671 0.000000 0.224587
5.800000 5 4 0.001658 0.000000 0.157373 0.001661 0.000000 0.205849
6.000000 6 0 0.001621 0.000000 0.162704 0.001621 0.000000 0.176778
6.200000 6 1 0.001598 0.000000 0.174157 0.001582 0.000000 0.174157
6.400000 6 2 0.001595 0.000000 0.172921 0.001648 0.000000 0.250386
6.600000 6 3 0.001676 0.000000 0.171899 0.001720 0.000000 0.218224
6.800000 6 4 0.001653 0.000000 0.166149 0.001693 0.000000 0.211917
7.000000 7 0 0.001760 0.000000 0.164410 0.001774 0.000000 0.185511
7.200000 7 1 0.001778 0.000000 0.186634 0.001781 0.000000 0.177225
7.400000 7 2 0.001535 0.000000 0.158935 0.001570 0.000000 0.179446
7.600000 7 3 0.001605 0.000000 0.168127 0.001639 0.000000 0.241360
7.800000 7 4 0.001672 0.000000 0.171713 0.001731 0.000000 0.171713
8.000000 8 0 0.001631 0.000000 0.167993 0.001638 0.000000 0.165313
8.200000 8 1 0.001609 0.000000 0.171294 0.001659 0.000000 0.180933
8.400000 8 2 0.001544 0.000000 0.173849 0.001583 0.000000 0.211900
8.600000 8 3 0.001556 0.000000 0.169475 0.001572 0.000000 0.153084
8.800000 8 4 0.001628 0.000000 0.173823 0.001660 0.000000 0.181444
9.000000 9 0 0.001571 0.000000 0.170901 0.001620 0.000000 0.178492
9.200000 9 1 0.001619 0.000000 0.160995 0.001633 0.000000 0.227382
9.400000 9 2 0.001596 0.000000 0.166527 0.001605 0.000000 0.171721
9.600000 9 3 0.001572 0.000000 0.167923 0.001582 0.000000 0.216119
9.800000 9 4 0.001616 0.000000 0.163866 0.001688 0.000000 0.243455
