0.000000 0 0 0.002569 0.000000 0.198099 0.002625 0.000000 0.220069
0.200000 0 1 0.002007 0.000000 0.205587 0.002045 0.000000 0.229272
0.400000 0 2 0.001981 0.000000 0.221618 0.002009 0.000000 0.177641
0.600000 0 3 0.001905 0.000000 0.206484 0.001927 0.000000 0.146356
0.800000 0 4 0.002127 0.000000 0.210522 0.002160 0.000000 0.201352
1.000000 1 0 0.001724 0.000000 0.215295 0.001744 0.000000 0.168624
1.200000 1 1 0.002130 0.000000 0.217108 0.002154 0.000000 0.168033
1.400000 1 2 0.001797 0.000000 0.229231 0.001825 0.000000 0.196138
1.600000 1 3 0.001828 0.000000 0.216522 0.001825 0.000000 0.164759
1.800000 1 4 0.001989 0.000000 0.216571 0.001995 0.000000 0.176695
2.000000 2 0 0.001703 0.000000 0.197418 0.001666 0.000000 0.143763
2.200000 2 1 0.001803 0.000000 0.237999 0.001823 0.000000 0.213047
2.400000 2 2 0.001626 0.000000 0.218795 0.001611 0.000000 0.154713
2.600000 2 3 0.001848 0.000000 0.253479 0.001823 0.000000 0.238451
2.800000 2 4 0.001694 0.000000 0.205863 0.001691 0.000000 0.191684
3.000000 3 0 0.001663 0.000000 0.211000 0.001702 0.000000 0.223279
3.200000 3 1 0.001672 0.000000 0.210491 0.001711 0.000000 0.222754
3.400000 3 2 0.001763 0.000000 0.233329 0.001749 0.000000 0.203882
3.600000 3 3 0.001827 0.000000 0.226941 0.001855 0.000000 0.207638
3.800000 3 4 0.001685 0.000000 0.214980 0.001681 0.000000 0.244166
4.000000 4 0 0.001650 0.000000 0.220666 0.001652 0.000000 0.150508
4.200000 4 1 0.001669 0.000000 0.212304 0.001670 0.000000 0.254192
4.400000 4 2 0.001591 0.000000 0.216614 0.001601 0.000000 0.233983
4.600000 4 3 0.001864 0.000000 0.236942 0.001874 0.000000 0.253669
4.800000 4 4 0.001624 0.000000 0.216190 0.001646 0.000000 0.201411
5.000000 5 0 0.001766 0.000000 0.209594 0.001789 0.000000 0.163502
5.200000 5 1 0.001674 0.000000 0.201924 0.001737 0.000000 0.193233
5.400000 5 2 0.001678 0.000000 0.194523 0.001669 0.000000 0.185629
5.600000 5 3 0.001627 0.000000 0.211328 0.001649 0.000000 0.204494
5.800000 5 4 0.001569 0.000000 0.207564 0.001558 0.000000 0.228538
6.000000 6 0 0.001660 0.000000 0.226650 0.001657 0.000000 0.241564
6.200000 6 1 0.001676 0.000000 0.231787 0.001662 0.000000 0.211662
6.400000 6 2 0.001595 0.000000 0.211718 0.001597 0.000000 0.154840
6.600000 6 3 0.001544 0.000000 0.206084 0.001573 0.000000 0.225861
6.800000 6 4 0.001720 0.000000 0.225389 0.001744 0.000000 0.168435
7.000000 7 0 0.001564 0.000000 0.205694 0.001585 0.000000 0.192261
7.200000 7 1 0.001639 0.000000 0.224571 0.001633 0.000000 0.176165
7.400000 7 2 0.001714 0.000000 0.199057 0.001718 0.000000 0.126298
7.600000 7 3 0.001570 0.000000 0.218151 0.001561 0.000000 0.235936
7.800000 7 4 0.001578 0.000000 0.195223 0.001588 0.000000 0.217792
8.000000 8 0 0.001593 0.000000 0.218470 0.001578 0.000000 0.198043
8.200000 8 1 0.001633 0.000000 0.204563 0.001636 0.000000 0.175681
8.400000 8 2 0.001547 0.000000 0.217004 0.001601 0.000000 0.187769
8.600000 8 3 0.001567 0.000000 0.211588 0.001545 0.000000 0.194871
8.800000 8 4 0.001596 0.000000 0.212433 0.001641 0.000000 0.241003
9.000000 9 0 0.001607 0.000000 0.216987 0.001629 0.000000 0.216987
9.200000 9 1 0.001602 0.000000 0.216016 0.001619 0.000000 0.140635
9.400000 9 2 0.001611 0.000000 0.216305 0.001659 0.000000 0.224042
9.600000 9 3 0.001554 0.000000 0.217475 0.001576 0.000000 0.209225
9.800000 9 4 0.001586 0.000000 0.206657 0.001607 0.000000 0.258573
