0.000000 0 0 0.005601 0.000000 0.264800 0.005579 0.000000 0.260372
0.200000 0 1 0.005242 0.000000 0.251314 0.005179 0.000000 0.249926
0.400000 0 2 0.005105 0.000000 0.242140 0.005050 0.000000 0.231000
0.600000 0 3 0.004963 0.000000 0.245678 0.004920 0.000000 0.244305
0.800000 0 4 0.004976 0.000000 0.260432 0.004982 0.000000 0.263817
1.000000 1 0 0.004858 0.000000 0.243268 0.004824 0.000000 0.233335
1.200000 1 1 0.004790 0.000000 0.244118 0.004709 0.000000 0.258336
1.400000 1 2 0.004924 0.000000 0.255713 0.004876 0.000000 0.254098
1.600000 1 3 0.004833 0.000000 0.240026 0.004790 0.000000 0.160414
1.800000 1 4 0.004723 0.000000 0.232102 0.004683 0.000000 0.243544
2.000000 2 0 0.004849 0.000000 0.217834 0.004847 0.000000 0.240797
2.200000 2 1 0.004748 0.000000 0.229127 0.004826 0.000000 0.232303
2.400000 2 2 0.004690 0.000000 0.194659 0.004706 0.000000 0.207766
2.600000 2 3 0.004744 0.000000 0.225704 0.004617 0.000000 0.234710
2.800000 2 4 0.004627 0.000000 0.224567 0.004539 0.000000 0.162207
3.000000 3 0 0.004647 0.000000 0.208135 0.004651 0.000000 0.157031
3.200000 3 1 0.004613 0.000000 0.221036 0.004573 0.000000 0.223450
3.400000 3 2 0.004622 0.000000 0.200292 0.004624 0.000000 0.232942
3.600000 3 3 0.004654 0.000000 0.199355 0.004600 0.000000 0.228667
3.800000 3 4 0.004681 0.000000 0.205861 0.004672 0.000000 0.228709
4.000000 4 0 0.004566 0.000000 0.198373 0.004607 0.000000 0.159418
4.200000 4 1 0.004610 0.000000 0.201879 0.004654 0.000000 0.224096
4.400000 4 2 0.004660 0.000000 0.255580 0.004689 0.000000 0.256552
4.600000 4 3 0.004615 0.000000 0.222620 0.004649 0.000000 0.233829
4.800000 4 4 0.004611 0.000000 0.200064 0.004554 0.000000 0.228185
5.000000 5 0 0.004732 0.000000 0.242190 0.004773 0.000000 0.244716
5.200000 5 1 0.004586 0.000000 0.207853 0.004547 0.000000 0.247593
5.400000 5 2 0.004611 0.000000 0.244165 0.004514 0.000000 0.250637
5.600000 5 3 0.004570 0.000000 0.219348 0.004543 0.000000 0.214619
5.800000 5 4 0.004703 0.000000 0.220190 0.004741 0.000000 0.221091
6.000000 6 0 0.004631 0.000000 0.198583 0.004637 0.000000 0.147709
6.200000 6 1 0.004636 0.000000 0.219482 0.004601 0.000000 0.232974
6.400000 6 2 0.004560 0.000000 0.239303 0.004546 0.000000 0.246981
6.600000 6 3 0.004599 0.000000 0.244297 0.004656 0.000000 0.256032
6.800000 6 4 0.004675 0.000000 0.233372 0.004673 0.000000 0.232024
7.000000 7 0 0.004507 0.000000 0.239399 0.004517 0.000000 0.247609
7.200000 7 1 0.004659 0.000000 0.217612 0.004651 0.000000 0.226456
7.400000 7 2 0.004620 0.000000 0.192702 0.004538 0.000000 0.201031
7.600000 7 3 0.004524 0.000000 0.229016 0.004481 0.000000 0.218983
7.800000 7 4 0.004616 0.000000 0.183684 0.004613 0.000000 0.193878
8.000000 8 0 0.004571 0.000000 0.193713 0.004536 0.000000 0.191654
8.200000 8 1 0.004535 0.000000 0.208308 0.004664 0.000000 0.241266
8.400000 8 2 0.004542 0.000000 0.203187 0.004504 0.000000 0.148636
8.600000 8 3 0.004565 0.000000 0.198377 0.004561 0.000000 0.205373
8.800000 8 4 0.004611 0.000000 0.206824 0.004598 0.000000 0.205565
9.000000 9 0 0.004616 0.000000 0.215525 0.004609 0.000000 0.248242
9.200000 9 1 0.004664 0.000000 0.218503 0.004621 0.000000 0.214434
9.400000 9 2 0.004522 0.000000 0.199282 0.004514 0.000000 0.201574
9.600000 9 3 0.004591 0.000000 0.205892 0.004539 0.000000 0.230762
9.800000 9 4 0.004540 0.000000 0.199280 0.004520 0.000000 0.219250
