initializing
training size    : 359556
testing size     : 20000
epoch count      : 10
sub epoch size   : 5

epoch_learning_rate_decay   : 8
learning_rate_decay         : 0.250000

training



epoch [0 0] from [10 5]
training time per iterations 3.276286[ms]
testing on 20000 items
testing done
average error 0.002297
min error     0.000000
max error     0.252557
saving best net
best net saved to networks/disc40x20x3_window_size_4/net_6/trained/, with error 0.002297



epoch [0 1] from [10 5]
training time per iterations 3.284059[ms]
testing on 20000 items
testing done
average error 0.002106
min error     0.000000
max error     0.255163
saving best net
best net saved to networks/disc40x20x3_window_size_4/net_6/trained/, with error 0.002106



epoch [0 2] from [10 5]
training time per iterations 3.281389[ms]
testing on 20000 items
testing done
average error 0.001983
min error     0.000000
max error     0.242561
saving best net
best net saved to networks/disc40x20x3_window_size_4/net_6/trained/, with error 0.001983



epoch [0 3] from [10 5]
training time per iterations 3.281362[ms]
testing on 20000 items
testing done
average error 0.001833
min error     0.000000
max error     0.237340
saving best net
best net saved to networks/disc40x20x3_window_size_4/net_6/trained/, with error 0.001833



epoch [0 4] from [10 5]
training time per iterations 3.281612[ms]
testing on 20000 items
testing done
average error 0.001964
min error     0.000000
max error     0.235169



epoch [1 0] from [10 5]
training time per iterations 3.282071[ms]
testing on 20000 items
testing done
average error 0.001748
min error     0.000000
max error     0.229859
saving best net
best net saved to networks/disc40x20x3_window_size_4/net_6/trained/, with error 0.001748



epoch [1 1] from [10 5]
training time per iterations 3.285686[ms]
testing on 20000 items
testing done
average error 0.001903
min error     0.000000
max error     0.225948



epoch [1 2] from [10 5]
training time per iterations 3.286340[ms]
testing on 20000 items
testing done
average error 0.001746
min error     0.000000
max error     0.241010
saving best net
best net saved to networks/disc40x20x3_window_size_4/net_6/trained/, with error 0.001746



epoch [1 3] from [10 5]
training time per iterations 3.279025[ms]
testing on 20000 items
testing done
average error 0.001717
min error     0.000000
max error     0.229882
saving best net
best net saved to networks/disc40x20x3_window_size_4/net_6/trained/, with error 0.001717



epoch [1 4] from [10 5]
training time per iterations 3.283434[ms]
testing on 20000 items
testing done
average error 0.001848
min error     0.000000
max error     0.251694



epoch [2 0] from [10 5]
training time per iterations 3.280889[ms]
testing on 20000 items
testing done
average error 0.001699
min error     0.000000
max error     0.227462
saving best net
best net saved to networks/disc40x20x3_window_size_4/net_6/trained/, with error 0.001699



epoch [2 1] from [10 5]
training time per iterations 3.269263[ms]
testing on 20000 items
testing done
average error 0.001826
min error     0.000000
max error     0.225082



epoch [2 2] from [10 5]
training time per iterations 3.280430[ms]
testing on 20000 items
testing done
average error 0.001905
min error     0.000000
max error     0.233103



epoch [2 3] from [10 5]
training time per iterations 3.279178[ms]
testing on 20000 items
testing done
average error 0.001725
min error     0.000000
max error     0.223308



epoch [2 4] from [10 5]
training time per iterations 3.276634[ms]
testing on 20000 items
testing done
average error 0.001755
min error     0.000000
max error     0.236265



epoch [3 0] from [10 5]
training time per iterations 3.281570[ms]
testing on 20000 items
testing done
average error 0.001909
min error     0.000000
max error     0.229167



epoch [3 1] from [10 5]
training time per iterations 3.282015[ms]
testing on 20000 items
testing done
average error 0.001797
min error     0.000000
max error     0.242372



epoch [3 2] from [10 5]
training time per iterations 3.269361[ms]
testing on 20000 items
testing done
average error 0.001642
min error     0.000000
max error     0.230215
saving best net
best net saved to networks/disc40x20x3_window_size_4/net_6/trained/, with error 0.001642



epoch [3 3] from [10 5]
training time per iterations 3.286785[ms]
testing on 20000 items
testing done
average error 0.001703
min error     0.000000
max error     0.234311



epoch [3 4] from [10 5]
training time per iterations 3.275730[ms]
testing on 20000 items
testing done
average error 0.001607
min error     0.000000
max error     0.227349
saving best net
best net saved to networks/disc40x20x3_window_size_4/net_6/trained/, with error 0.001607



epoch [4 0] from [10 5]
training time per iterations 3.283239[ms]
testing on 20000 items
testing done
average error 0.001679
min error     0.000000
max error     0.235297



epoch [4 1] from [10 5]
training time per iterations 3.278872[ms]
testing on 20000 items
testing done
average error 0.001604
min error     0.000000
max error     0.226415
saving best net
best net saved to networks/disc40x20x3_window_size_4/net_6/trained/, with error 0.001604



epoch [4 2] from [10 5]
training time per iterations 3.279512[ms]
testing on 20000 items
testing done
average error 0.001787
min error     0.000000
max error     0.224103



epoch [4 3] from [10 5]
training time per iterations 3.283239[ms]
testing on 20000 items
testing done
average error 0.001614
min error     0.000000
max error     0.232137



epoch [4 4] from [10 5]
training time per iterations 3.270946[ms]
testing on 20000 items
testing done
average error 0.001633
min error     0.000000
max error     0.230940



epoch [5 0] from [10 5]
training time per iterations 3.280583[ms]
testing on 20000 items
testing done
average error 0.001643
min error     0.000000
max error     0.227248



epoch [5 1] from [10 5]
training time per iterations 3.279151[ms]
testing on 20000 items
testing done
average error 0.001796
min error     0.000000
max error     0.255660



epoch [5 2] from [10 5]
training time per iterations 3.278664[ms]
testing on 20000 items
testing done
average error 0.001700
min error     0.000000
max error     0.225360



epoch [5 3] from [10 5]
training time per iterations 3.277218[ms]
testing on 20000 items
testing done
average error 0.001694
min error     0.000000
max error     0.223488



epoch [5 4] from [10 5]
training time per iterations 3.284616[ms]
testing on 20000 items
testing done
average error 0.001663
min error     0.000000
max error     0.228950



epoch [6 0] from [10 5]
training time per iterations 3.281250[ms]
testing on 20000 items
testing done
average error 0.001571
min error     0.000000
max error     0.232557
saving best net
best net saved to networks/disc40x20x3_window_size_4/net_6/trained/, with error 0.001571



epoch [6 1] from [10 5]
training time per iterations 3.282349[ms]
testing on 20000 items
testing done
average error 0.001736
min error     0.000000
max error     0.229909



epoch [6 2] from [10 5]
training time per iterations 3.280541[ms]
testing on 20000 items
testing done
average error 0.001655
min error     0.000000
max error     0.228495



epoch [6 3] from [10 5]
training time per iterations 3.286145[ms]
testing on 20000 items
testing done
average error 0.001697
min error     0.000000
max error     0.234693



epoch [6 4] from [10 5]
training time per iterations 3.281612[ms]
testing on 20000 items
testing done
average error 0.001697
min error     0.000000
max error     0.221895



epoch [7 0] from [10 5]
training time per iterations 3.279707[ms]
testing on 20000 items
testing done
average error 0.001644
min error     0.000000
max error     0.241818



epoch [7 1] from [10 5]
training time per iterations 3.278747[ms]
testing on 20000 items
testing done
average error 0.001598
min error     0.000000
max error     0.240566



epoch [7 2] from [10 5]
training time per iterations 3.280500[ms]
testing on 20000 items
testing done
average error 0.001749
min error     0.000000
max error     0.233194



epoch [7 3] from [10 5]
training time per iterations 3.272253[ms]
testing on 20000 items
testing done
average error 0.001769
min error     0.000000
max error     0.238585



epoch [7 4] from [10 5]
training time per iterations 3.277941[ms]
testing on 20000 items
testing done
average error 0.001654
min error     0.000000
max error     0.230739
setting learning rate to 0.000050



epoch [8 0] from [10 5]
training time per iterations 3.284282[ms]
testing on 20000 items
testing done
average error 0.001602
min error     0.000000
max error     0.228380



epoch [8 1] from [10 5]
training time per iterations 3.280138[ms]
testing on 20000 items
testing done
average error 0.001667
min error     0.000000
max error     0.224382



epoch [8 2] from [10 5]
training time per iterations 3.278149[ms]
testing on 20000 items
testing done
average error 0.001631
min error     0.000000
max error     0.223524



epoch [8 3] from [10 5]
training time per iterations 3.281195[ms]
testing on 20000 items
testing done
average error 0.001630
min error     0.000000
max error     0.228566



epoch [8 4] from [10 5]
training time per iterations 3.272448[ms]
testing on 20000 items
testing done
average error 0.001647
min error     0.000000
max error     0.229314



epoch [9 0] from [10 5]
training time per iterations 3.278163[ms]
testing on 20000 items
testing done
average error 0.001603
min error     0.000000
max error     0.225503



epoch [9 1] from [10 5]
training time per iterations 3.280333[ms]
testing on 20000 items
testing done
average error 0.001638
min error     0.000000
max error     0.228324



epoch [9 2] from [10 5]
training time per iterations 3.258987[ms]
testing on 20000 items
testing done
average error 0.001678
min error     0.000000
max error     0.223412



epoch [9 3] from [10 5]
training time per iterations 3.280360[ms]
testing on 20000 items
testing done
average error 0.001612
min error     0.000000
max error     0.227373



epoch [9 4] from [10 5]
training time per iterations 3.281362[ms]
testing on 20000 items
testing done
average error 0.001702
min error     0.000000
max error     0.237323
training done
