0.000000 0 0 0.002297 0.000000 0.252557 0.002330 0.000000 0.226255
0.200000 0 1 0.002106 0.000000 0.255163 0.002092 0.000000 0.255163
0.400000 0 2 0.001983 0.000000 0.242561 0.001961 0.000000 0.249114
0.600000 0 3 0.001833 0.000000 0.237340 0.001853 0.000000 0.152842
0.800000 0 4 0.001964 0.000000 0.235169 0.001935 0.000000 0.218342
1.000000 1 0 0.001748 0.000000 0.229859 0.001725 0.000000 0.229859
1.200000 1 1 0.001903 0.000000 0.225948 0.001891 0.000000 0.242354
1.400000 1 2 0.001746 0.000000 0.241010 0.001754 0.000000 0.218170
1.600000 1 3 0.001717 0.000000 0.229882 0.001703 0.000000 0.230382
1.800000 1 4 0.001848 0.000000 0.251694 0.001852 0.000000 0.245296
2.000000 2 0 0.001699 0.000000 0.227462 0.001696 0.000000 0.187817
2.200000 2 1 0.001826 0.000000 0.225082 0.001852 0.000000 0.158833
2.400000 2 2 0.001905 0.000000 0.233103 0.001880 0.000000 0.199040
2.600000 2 3 0.001725 0.000000 0.223308 0.001721 0.000000 0.221051
2.800000 2 4 0.001755 0.000000 0.236265 0.001776 0.000000 0.169011
3.000000 3 0 0.001909 0.000000 0.229167 0.001903 0.000000 0.184035
3.200000 3 1 0.001797 0.000000 0.242372 0.001809 0.000000 0.257397
3.400000 3 2 0.001642 0.000000 0.230215 0.001617 0.000000 0.219136
3.600000 3 3 0.001703 0.000000 0.234311 0.001673 0.000000 0.229168
3.800000 3 4 0.001607 0.000000 0.227349 0.001607 0.000000 0.165087
4.000000 4 0 0.001679 0.000000 0.235297 0.001674 0.000000 0.230206
4.200000 4 1 0.001604 0.000000 0.226415 0.001630 0.000000 0.211549
4.400000 4 2 0.001787 0.000000 0.224103 0.001791 0.000000 0.212706
4.600000 4 3 0.001614 0.000000 0.232137 0.001582 0.000000 0.185478
4.800000 4 4 0.001633 0.000000 0.230940 0.001648 0.000000 0.150078
5.000000 5 0 0.001643 0.000000 0.227248 0.001635 0.000000 0.217407
5.200000 5 1 0.001796 0.000000 0.255660 0.001821 0.000000 0.165788
5.400000 5 2 0.001700 0.000000 0.225360 0.001695 0.000000 0.185741
5.600000 5 3 0.001694 0.000000 0.223488 0.001714 0.000000 0.232658
5.800000 5 4 0.001663 0.000000 0.228950 0.001669 0.000000 0.228950
6.000000 6 0 0.001571 0.000000 0.232557 0.001596 0.000000 0.193585
6.200000 6 1 0.001736 0.000000 0.229909 0.001721 0.000000 0.231933
6.400000 6 2 0.001655 0.000000 0.228495 0.001648 0.000000 0.176154
6.600000 6 3 0.001697 0.000000 0.234693 0.001686 0.000000 0.162808
6.800000 6 4 0.001697 0.000000 0.221895 0.001715 0.000000 0.234477
7.000000 7 0 0.001644 0.000000 0.241818 0.001659 0.000000 0.249175
7.200000 7 1 0.001598 0.000000 0.240566 0.001589 0.000000 0.207770
7.400000 7 2 0.001749 0.000000 0.233194 0.001720 0.000000 0.178584
7.600000 7 3 0.001769 0.000000 0.238585 0.001800 0.000000 0.223054
7.800000 7 4 0.001654 0.000000 0.230739 0.001663 0.000000 0.237134
8.000000 8 0 0.001602 0.000000 0.228380 0.001609 0.000000 0.202849
8.200000 8 1 0.001667 0.000000 0.224382 0.001685 0.000000 0.217603
8.400000 8 2 0.001631 0.000000 0.223524 0.001658 0.000000 0.233024
8.600000 8 3 0.001630 0.000000 0.228566 0.001626 0.000000 0.176079
8.800000 8 4 0.001647 0.000000 0.229314 0.001654 0.000000 0.170138
9.000000 9 0 0.001603 0.000000 0.225503 0.001633 0.000000 0.238677
9.200000 9 1 0.001638 0.000000 0.228324 0.001635 0.000000 0.170925
9.400000 9 2 0.001678 0.000000 0.223412 0.001670 0.000000 0.227106
9.600000 9 3 0.001612 0.000000 0.227373 0.001636 0.000000 0.192092
9.800000 9 4 0.001702 0.000000 0.237323 0.001685 0.000000 0.176271
