0.000000 0 0 0.004186 0.000000 0.167228 0.004203 0.000000 0.242673
0.200000 0 1 0.003191 0.000000 0.167788 0.003142 0.000000 0.224912
0.400000 0 2 0.002994 0.000000 0.172460 0.002944 0.000000 0.234859
0.600000 0 3 0.002584 0.000000 0.178184 0.002554 0.000000 0.257830
0.800000 0 4 0.002421 0.000000 0.176494 0.002375 0.000000 0.251710
1.000000 1 0 0.002265 0.000000 0.177740 0.002206 0.000000 0.158339
1.200000 1 1 0.002327 0.000000 0.161051 0.002308 0.000000 0.236879
1.400000 1 2 0.002217 0.000000 0.174660 0.002171 0.000000 0.154903
1.600000 1 3 0.002271 0.000000 0.171096 0.002187 0.000000 0.231378
1.800000 1 4 0.002108 0.000000 0.176822 0.002099 0.000000 0.225511
2.000000 2 0 0.002113 0.000000 0.186563 0.002101 0.000000 0.210386
2.200000 2 1 0.002129 0.000000 0.176778 0.002081 0.000000 0.255157
2.400000 2 2 0.002239 0.000000 0.167386 0.002192 0.000000 0.149544
2.600000 2 3 0.002374 0.000000 0.184391 0.002283 0.000000 0.189468
2.800000 2 4 0.002008 0.000000 0.176558 0.001968 0.000000 0.217743
3.000000 3 0 0.002006 0.000000 0.171118 0.001998 0.000000 0.213235
3.200000 3 1 0.002230 0.000000 0.180729 0.002162 0.000000 0.155557
3.400000 3 2 0.001973 0.000000 0.176124 0.001934 0.000000 0.247506
3.600000 3 3 0.001935 0.000000 0.178008 0.001935 0.000000 0.243385
3.800000 3 4 0.002277 0.000000 0.219931 0.002239 0.000000 0.211007
4.000000 4 0 0.001946 0.000000 0.176098 0.001888 0.000000 0.162932
4.200000 4 1 0.001986 0.000000 0.170209 0.001917 0.000000 0.164919
4.400000 4 2 0.002054 0.000000 0.183152 0.002036 0.000000 0.183153
4.600000 4 3 0.001972 0.000000 0.182215 0.001971 0.000000 0.221671
4.800000 4 4 0.001914 0.000000 0.169509 0.001869 0.000000 0.157316
5.000000 5 0 0.001896 0.000000 0.171052 0.001841 0.000000 0.160203
5.200000 5 1 0.001870 0.000000 0.161061 0.001866 0.000000 0.219782
5.400000 5 2 0.001949 0.000000 0.182861 0.001931 0.000000 0.239247
5.600000 5 3 0.001869 0.000000 0.166023 0.001815 0.000000 0.159192
5.800000 5 4 0.001861 0.000000 0.172766 0.001806 0.000000 0.223713
6.000000 6 0 0.001914 0.000000 0.169450 0.001940 0.000000 0.237147
6.200000 6 1 0.001828 0.000000 0.163774 0.001795 0.000000 0.180083
6.400000 6 2 0.002054 0.000000 0.172199 0.002042 0.000000 0.248983
6.600000 6 3 0.001811 0.000000 0.174410 0.001784 0.000000 0.249333
6.800000 6 4 0.001882 0.000000 0.167851 0.001857 0.000000 0.153865
7.000000 7 0 0.001897 0.000000 0.181460 0.001852 0.000000 0.158352
7.200000 7 1 0.001848 0.000000 0.172244 0.001825 0.000000 0.237842
7.400000 7 2 0.001905 0.000000 0.176129 0.001856 0.000000 0.245838
7.600000 7 3 0.001895 0.000000 0.177609 0.001866 0.000000 0.161479
7.800000 7 4 0.001805 0.000000 0.168983 0.001763 0.000000 0.153039
8.000000 8 0 0.001793 0.000000 0.174685 0.001785 0.000000 0.235377
8.200000 8 1 0.001775 0.000000 0.177774 0.001729 0.000000 0.145215
8.400000 8 2 0.001817 0.000000 0.174301 0.001766 0.000000 0.232077
8.600000 8 3 0.001781 0.000000 0.174493 0.001716 0.000000 0.156574
8.800000 8 4 0.001801 0.000000 0.179612 0.001741 0.000000 0.151290
9.000000 9 0 0.001824 0.000000 0.184115 0.001787 0.000000 0.226906
9.200000 9 1 0.001822 0.000000 0.182459 0.001783 0.000000 0.225460
9.400000 9 2 0.001842 0.000000 0.185665 0.001826 0.000000 0.185665
9.600000 9 3 0.001780 0.000000 0.176168 0.001757 0.000000 0.184526
9.800000 9 4 0.001821 0.000000 0.180035 0.001820 0.000000 0.244973
