0 0 0.000000 0.143260 0.097666 0.143463 0.097682
0 1 0.114943 0.096669 0.065369 0.096659 0.065402
0 2 0.229885 0.085716 0.057190 0.085787 0.057391
0 3 0.344828 0.080940 0.053151 0.081989 0.053497
0 4 0.459770 0.075636 0.050807 0.077367 0.051937
0 5 0.574713 0.075261 0.051228 0.075055 0.050768
0 6 0.689655 0.071824 0.049975 0.071429 0.049561
0 7 0.804598 0.073325 0.049269 0.072928 0.049517
0 8 0.919540 0.071487 0.048541 0.071473 0.048918
0 9 1.034483 0.068833 0.048079 0.067993 0.047057
0 10 1.149425 0.066756 0.046097 0.067253 0.046920
0 11 1.264368 0.067022 0.046484 0.068301 0.047118
0 12 1.379310 0.067503 0.047327 0.066902 0.047123
0 13 1.494253 0.066494 0.046469 0.066203 0.045794
0 14 1.609195 0.068688 0.046766 0.067891 0.046094
0 15 1.724138 0.065470 0.045811 0.066911 0.046579
0 16 1.839080 0.064496 0.045143 0.065368 0.045443
0 17 1.954023 0.064891 0.045468 0.064685 0.045365
0 18 2.068965 0.064645 0.044536 0.065657 0.045101
0 19 2.183908 0.062292 0.044195 0.063657 0.045420
0 20 2.298851 0.063170 0.044500 0.061867 0.043728
0 21 2.413793 0.064443 0.044739 0.063379 0.044349
0 22 2.528736 0.063320 0.044643 0.063483 0.044576
0 23 2.643678 0.064281 0.044553 0.065170 0.045280
0 24 2.758621 0.062295 0.043962 0.061911 0.043363
0 25 2.873563 0.061751 0.043669 0.062700 0.044487
0 26 2.988506 0.061328 0.043071 0.062016 0.043893
0 27 3.103448 0.063704 0.044540 0.062187 0.043426
0 28 3.218391 0.061406 0.043189 0.061100 0.043549
0 29 3.333333 0.061439 0.043449 0.061875 0.043224
0 30 3.448276 0.060903 0.043303 0.061365 0.043571
0 31 3.563218 0.062880 0.044822 0.061855 0.043914
0 32 3.678161 0.061738 0.043720 0.060262 0.042844
0 33 3.793103 0.060827 0.043091 0.060837 0.043209
0 34 3.908046 0.060448 0.042868 0.062571 0.044321
0 35 4.022988 0.060960 0.043115 0.061385 0.043585
0 36 4.137931 0.063403 0.045020 0.062072 0.043881
0 37 4.252873 0.060129 0.043091 0.060352 0.043508
0 38 4.367816 0.061976 0.044130 0.061545 0.043731
0 39 4.482759 0.061602 0.043432 0.061083 0.043679
0 40 4.597701 0.060455 0.042700 0.060994 0.043189
0 41 4.712644 0.057942 0.042098 0.059310 0.042821
0 42 4.827586 0.059360 0.042487 0.060676 0.043643
0 43 4.942529 0.063713 0.043005 0.064513 0.044056
0 44 5.057471 0.059211 0.041863 0.060191 0.042833
0 45 5.172414 0.060123 0.042818 0.059581 0.042855
0 46 5.287356 0.059715 0.042706 0.059945 0.042453
0 47 5.402299 0.060475 0.042914 0.061878 0.043926
0 48 5.517241 0.058138 0.042166 0.060002 0.043411
0 49 5.632184 0.060272 0.042897 0.059839 0.042311
0 50 5.747127 0.060373 0.042045 0.061406 0.042972
0 51 5.862069 0.060088 0.041788 0.062219 0.043744
0 52 5.977012 0.058927 0.042784 0.058945 0.042298
0 53 6.091954 0.063067 0.044651 0.060731 0.042722
0 54 6.206897 0.058239 0.041751 0.058617 0.042194
0 55 6.321839 0.062194 0.043395 0.063379 0.044360
0 56 6.436781 0.058651 0.042147 0.057827 0.041848
0 57 6.551724 0.058847 0.042031 0.058414 0.041680
0 58 6.666667 0.062076 0.043386 0.062116 0.043038
0 59 6.781609 0.060359 0.042955 0.059613 0.042569
0 60 6.896552 0.059528 0.042186 0.057949 0.041451
0 61 7.011494 0.059421 0.042374 0.058796 0.041743
0 62 7.126437 0.058691 0.042450 0.058854 0.042924
0 63 7.241379 0.059042 0.041037 0.060889 0.042424
0 64 7.356322 0.059154 0.043050 0.057386 0.041715
0 65 7.471264 0.059973 0.043009 0.059887 0.043106
0 66 7.586207 0.058481 0.041875 0.058938 0.042339
0 67 7.701149 0.059334 0.042627 0.059475 0.042773
0 68 7.816092 0.058532 0.042686 0.057285 0.041710
0 69 7.931035 0.058077 0.041964 0.059713 0.043192
0 70 8.045977 0.058562 0.041982 0.058151 0.041915
0 71 8.160919 0.058258 0.041781 0.058354 0.042129
0 72 8.275862 0.059108 0.041690 0.059920 0.042450
0 73 8.390804 0.059928 0.042674 0.060216 0.042778
0 74 8.505747 0.058118 0.042413 0.056551 0.041387
0 75 8.620689 0.058551 0.042345 0.057744 0.041372
0 76 8.735632 0.059810 0.041842 0.060703 0.042675
0 77 8.850574 0.056718 0.041483 0.056584 0.041547
0 78 8.965517 0.062014 0.040667 0.063592 0.042621
0 79 9.080460 0.059699 0.042301 0.060416 0.042973
0 80 9.195402 0.056669 0.040950 0.057639 0.041696
0 81 9.310345 0.057021 0.041332 0.057149 0.041513
0 82 9.425287 0.059290 0.042756 0.058974 0.042328
0 83 9.540230 0.057978 0.042040 0.056923 0.041518
0 84 9.655172 0.057685 0.041973 0.056758 0.041203
0 85 9.770115 0.059192 0.042591 0.058276 0.042701
0 86 9.885057 0.058529 0.041900 0.058129 0.041497
1 0 10.000000 0.058292 0.042280 0.057053 0.041664
1 1 10.114943 0.059799 0.043096 0.058644 0.042106
1 2 10.229885 0.057601 0.040951 0.057574 0.040814
1 3 10.344828 0.058672 0.041913 0.058571 0.041791
1 4 10.459770 0.057532 0.041350 0.058797 0.042145
1 5 10.574713 0.057467 0.041891 0.056897 0.041162
1 6 10.689655 0.058888 0.041968 0.059530 0.042733
1 7 10.804598 0.059426 0.041449 0.059518 0.041952
1 8 10.919540 0.058161 0.041768 0.059055 0.042493
1 9 11.034483 0.056808 0.041184 0.056973 0.041514
1 10 11.149426 0.058270 0.041504 0.058904 0.041413
1 11 11.264368 0.057068 0.041532 0.057695 0.042154
1 12 11.379311 0.057585 0.041694 0.057872 0.041913
1 13 11.494253 0.056136 0.040962 0.057878 0.042847
1 14 11.609196 0.057648 0.041863 0.058085 0.042323
1 15 11.724138 0.056007 0.041417 0.056020 0.041070
1 16 11.839081 0.056263 0.041179 0.056101 0.041038
1 17 11.954023 0.056575 0.041072 0.057798 0.041725
1 18 12.068966 0.058608 0.041436 0.057976 0.041348
1 19 12.183908 0.057041 0.041580 0.057708 0.041673
1 20 12.298851 0.059643 0.042918 0.058369 0.041960
1 21 12.413794 0.056685 0.041123 0.057117 0.041659
1 22 12.528735 0.059110 0.042413 0.059016 0.042383
1 23 12.643678 0.058442 0.042355 0.056657 0.041457
1 24 12.758620 0.056045 0.041011 0.056415 0.041487
1 25 12.873563 0.058198 0.042479 0.055766 0.040471
1 26 12.988505 0.059446 0.041522 0.059526 0.041994
1 27 13.103448 0.055740 0.040732 0.056847 0.041706
1 28 13.218390 0.055960 0.040913 0.055563 0.041072
1 29 13.333333 0.058352 0.041752 0.057729 0.041187
1 30 13.448276 0.056287 0.041180 0.056797 0.041464
1 31 13.563218 0.056719 0.041028 0.059100 0.042765
1 32 13.678161 0.057446 0.041942 0.056698 0.041471
1 33 13.793103 0.056700 0.041277 0.055925 0.040698
1 34 13.908046 0.059561 0.042128 0.058634 0.041868
1 35 14.022988 0.057141 0.042005 0.057463 0.042037
1 36 14.137931 0.055491 0.041101 0.056583 0.041486
1 37 14.252873 0.056969 0.041802 0.057127 0.042066
1 38 14.367816 0.057350 0.041917 0.057315 0.041694
1 39 14.482759 0.056368 0.041131 0.057424 0.041931
1 40 14.597701 0.056188 0.041322 0.055496 0.041132
1 41 14.712644 0.056104 0.040841 0.057389 0.042015
1 42 14.827586 0.055366 0.040691 0.056733 0.041445
1 43 14.942529 0.058580 0.042326 0.057502 0.041565
1 44 15.057471 0.055889 0.040464 0.056246 0.041113
1 45 15.172414 0.057658 0.041026 0.057756 0.041192
1 46 15.287356 0.058201 0.041455 0.057275 0.040923
1 47 15.402299 0.056993 0.041247 0.056438 0.041390
1 48 15.517241 0.057087 0.041503 0.058967 0.042792
1 49 15.632184 0.057005 0.041503 0.056410 0.041090
1 50 15.747127 0.056538 0.041649 0.056017 0.041153
1 51 15.862069 0.057478 0.041599 0.056828 0.041398
1 52 15.977012 0.055691 0.041101 0.056398 0.041702
1 53 16.091953 0.057210 0.041485 0.056788 0.040905
1 54 16.206896 0.054564 0.040218 0.054879 0.040252
1 55 16.321838 0.054667 0.040360 0.055161 0.041312
1 56 16.436781 0.056679 0.041312 0.056081 0.040850
1 57 16.551723 0.057721 0.041921 0.056228 0.041168
1 58 16.666666 0.055282 0.040647 0.056258 0.041949
1 59 16.781609 0.054662 0.040191 0.055124 0.040324
1 60 16.896551 0.057059 0.041301 0.056621 0.040988
1 61 17.011494 0.055444 0.040702 0.056282 0.041688
1 62 17.126436 0.057998 0.041528 0.057937 0.041887
1 63 17.241379 0.056945 0.041634 0.055892 0.040920
1 64 17.356321 0.056017 0.041468 0.054481 0.040041
1 65 17.471264 0.055270 0.040843 0.055760 0.040715
1 66 17.586206 0.057038 0.041828 0.056659 0.041490
1 67 17.701149 0.058065 0.041295 0.057286 0.040801
1 68 17.816092 0.055421 0.040763 0.054493 0.040381
1 69 17.931034 0.055386 0.041271 0.054956 0.040863
1 70 18.045977 0.055218 0.040769 0.055310 0.040739
1 71 18.160919 0.054780 0.040549 0.054923 0.040800
1 72 18.275862 0.056233 0.041588 0.055268 0.040586
1 73 18.390804 0.055767 0.040747 0.056500 0.041217
1 74 18.505747 0.056452 0.041590 0.054531 0.040036
1 75 18.620689 0.055653 0.041582 0.056933 0.042514
1 76 18.735632 0.055433 0.041285 0.055579 0.040877
1 77 18.850574 0.055127 0.040734 0.055218 0.041073
1 78 18.965517 0.054681 0.040012 0.055622 0.040988
1 79 19.080460 0.056369 0.041023 0.057010 0.041283
1 80 19.195402 0.054971 0.040746 0.054637 0.040514
1 81 19.310345 0.054346 0.040152 0.054639 0.040793
1 82 19.425287 0.056912 0.041508 0.055860 0.040667
1 83 19.540230 0.055306 0.041267 0.054254 0.040553
1 84 19.655172 0.054449 0.040131 0.055541 0.040811
1 85 19.770115 0.057055 0.041351 0.056813 0.041309
1 86 19.885057 0.056006 0.041035 0.056131 0.041013
2 0 20.000000 0.056107 0.040729 0.056457 0.040883
2 1 20.114943 0.054149 0.039966 0.054456 0.040820
2 2 20.229885 0.053634 0.039842 0.055881 0.041213
2 3 20.344828 0.054898 0.040603 0.054341 0.040476
2 4 20.459770 0.054886 0.040395 0.055259 0.040665
2 5 20.574713 0.053963 0.039900 0.054765 0.040375
2 6 20.689655 0.056234 0.041683 0.055058 0.041096
2 7 20.804598 0.055762 0.041271 0.056401 0.041447
2 8 20.919540 0.055355 0.041052 0.055656 0.040912
2 9 21.034483 0.053825 0.040207 0.055465 0.040988
2 10 21.149426 0.056057 0.040596 0.054969 0.039563
2 11 21.264368 0.055649 0.041124 0.055162 0.040346
2 12 21.379311 0.055998 0.041048 0.055744 0.040615
2 13 21.494253 0.055492 0.040907 0.054962 0.040651
2 14 21.609196 0.054803 0.040467 0.054389 0.039776
2 15 21.724138 0.055707 0.041220 0.055378 0.040673
2 16 21.839081 0.055002 0.040548 0.053266 0.039908
2 17 21.954023 0.053512 0.039525 0.054525 0.040429
2 18 22.068966 0.054527 0.040473 0.055107 0.040895
2 19 22.183908 0.054219 0.040316 0.054113 0.040602
2 20 22.298851 0.055784 0.041156 0.055179 0.040784
2 21 22.413794 0.054735 0.040596 0.053684 0.039659
2 22 22.528736 0.054445 0.040512 0.053791 0.039887
2 23 22.643679 0.055096 0.040826 0.055725 0.041525
2 24 22.758621 0.054369 0.040270 0.055738 0.041648
2 25 22.873564 0.055044 0.040897 0.054009 0.039951
2 26 22.988506 0.055767 0.040788 0.056077 0.040969
2 27 23.103449 0.055343 0.041506 0.055505 0.041137
2 28 23.218391 0.056309 0.041719 0.054846 0.040489
2 29 23.333334 0.055793 0.040707 0.055211 0.040428
2 30 23.448277 0.055450 0.040614 0.055122 0.040789
2 31 23.563219 0.057007 0.041533 0.055509 0.040588
2 32 23.678162 0.056266 0.041148 0.056164 0.040912
2 33 23.793104 0.053954 0.040510 0.053177 0.039911
2 34 23.908047 0.054397 0.040494 0.054014 0.040061
2 35 24.022989 0.054371 0.040160 0.054496 0.040522
2 36 24.137932 0.056650 0.040845 0.055721 0.040590
2 37 24.252874 0.055102 0.040873 0.054831 0.040544
2 38 24.367817 0.057819 0.042339 0.058091 0.042491
2 39 24.482759 0.053560 0.040024 0.055309 0.040774
2 40 24.597702 0.054161 0.040122 0.055030 0.040937
2 41 24.712645 0.053615 0.039856 0.053702 0.040085
2 42 24.827587 0.054701 0.040530 0.054650 0.040614
2 43 24.942530 0.054494 0.040558 0.054557 0.040692
2 44 25.057470 0.055577 0.041269 0.054198 0.040373
2 45 25.172413 0.055383 0.041032 0.054711 0.040703
2 46 25.287355 0.054816 0.040585 0.055204 0.040445
2 47 25.402298 0.054619 0.041347 0.055203 0.041058
2 48 25.517241 0.054961 0.041212 0.054208 0.040625
2 49 25.632183 0.054258 0.040556 0.055002 0.040501
2 50 25.747126 0.054908 0.041063 0.054156 0.040499
2 51 25.862068 0.056426 0.040813 0.056698 0.040862
2 52 25.977011 0.053567 0.039987 0.053646 0.040432
2 53 26.091953 0.055059 0.040577 0.055885 0.041201
2 54 26.206896 0.053936 0.039667 0.054103 0.040070
2 55 26.321838 0.054194 0.040306 0.055023 0.040978
2 56 26.436781 0.053947 0.040107 0.054593 0.040667
2 57 26.551723 0.054042 0.040457 0.054048 0.040158
2 58 26.666666 0.054134 0.040406 0.053605 0.039949
2 59 26.781609 0.054438 0.040158 0.055079 0.040785
2 60 26.896551 0.054254 0.041464 0.054107 0.040405
2 61 27.011494 0.054741 0.040438 0.054708 0.041125
2 62 27.126436 0.055760 0.041579 0.054373 0.040533
2 63 27.241379 0.054386 0.040408 0.054655 0.041090
2 64 27.356321 0.055114 0.041061 0.054265 0.040245
2 65 27.471264 0.054648 0.040835 0.054577 0.040602
2 66 27.586206 0.053912 0.040298 0.052650 0.039425
2 67 27.701149 0.055381 0.041564 0.054477 0.040564
2 68 27.816092 0.053709 0.040287 0.054084 0.040674
2 69 27.931034 0.053831 0.040356 0.054321 0.040657
2 70 28.045977 0.053935 0.040150 0.054625 0.040930
2 71 28.160919 0.056804 0.042296 0.053767 0.039772
2 72 28.275862 0.054017 0.039939 0.054067 0.040287
2 73 28.390804 0.055843 0.040098 0.056504 0.040512
2 74 28.505747 0.054375 0.040438 0.054726 0.040428
2 75 28.620689 0.053668 0.039883 0.055230 0.041017
2 76 28.735632 0.052993 0.039938 0.052990 0.039958
2 77 28.850574 0.053129 0.039997 0.053560 0.040202
2 78 28.965517 0.053703 0.040133 0.054631 0.040350
2 79 29.080460 0.055694 0.041005 0.053745 0.039668
2 80 29.195402 0.053168 0.039561 0.054773 0.040923
2 81 29.310345 0.054516 0.040435 0.054607 0.040504
2 82 29.425287 0.054623 0.040743 0.054434 0.040810
2 83 29.540230 0.055248 0.040684 0.054482 0.040470
2 84 29.655172 0.054603 0.040693 0.053963 0.039709
2 85 29.770115 0.054018 0.039850 0.055506 0.041163
2 86 29.885057 0.054463 0.041156 0.054332 0.040451
3 0 30.000000 0.053880 0.040804 0.053573 0.040098
3 1 30.114943 0.054093 0.040018 0.054383 0.040477
3 2 30.229885 0.054284 0.040115 0.054813 0.040494
3 3 30.344828 0.054493 0.040828 0.054012 0.040383
3 4 30.459770 0.055274 0.041125 0.055004 0.040829
3 5 30.574713 0.054036 0.040577 0.054130 0.040822
3 6 30.689655 0.054995 0.040347 0.056212 0.041641
3 7 30.804598 0.054076 0.040327 0.054511 0.040783
3 8 30.919540 0.054040 0.040495 0.053464 0.040475
3 9 31.034483 0.054339 0.040386 0.055499 0.041070
3 10 31.149426 0.053553 0.040182 0.053500 0.040365
3 11 31.264368 0.054111 0.040207 0.054186 0.040383
3 12 31.379311 0.053101 0.039946 0.054017 0.040351
3 13 31.494253 0.054021 0.040603 0.052807 0.040032
3 14 31.609196 0.053568 0.040208 0.053813 0.040363
3 15 31.724138 0.053595 0.040123 0.054109 0.040313
3 16 31.839081 0.054200 0.041011 0.052813 0.039878
3 17 31.954023 0.054130 0.040584 0.054384 0.040879
3 18 32.068966 0.053845 0.040663 0.053761 0.040160
3 19 32.183907 0.055770 0.041628 0.053868 0.040200
3 20 32.298851 0.053289 0.040412 0.053870 0.040982
3 21 32.413792 0.054123 0.040750 0.054079 0.040855
3 22 32.528736 0.053939 0.040457 0.053089 0.040074
3 23 32.643677 0.053628 0.040615 0.053803 0.040503
3 24 32.758621 0.054270 0.040413 0.055411 0.041291
3 25 32.873562 0.054439 0.040267 0.055185 0.040842
3 26 32.988506 0.054489 0.041220 0.052557 0.039469
3 27 33.103447 0.055057 0.040160 0.055321 0.040699
3 28 33.218391 0.054165 0.041368 0.053931 0.040466
3 29 33.333332 0.052400 0.039070 0.054104 0.040711
3 30 33.448277 0.055036 0.040913 0.054545 0.040737
3 31 33.563217 0.054568 0.040790 0.053308 0.039721
3 32 33.678162 0.053509 0.039743 0.054123 0.040341
3 33 33.793102 0.052983 0.039563 0.053195 0.039828
3 34 33.908047 0.054460 0.040488 0.053374 0.039708
3 35 34.022987 0.053253 0.040438 0.053710 0.040478
3 36 34.137932 0.056015 0.041463 0.054014 0.040147
3 37 34.252872 0.054251 0.040430 0.054667 0.041066
3 38 34.367817 0.053068 0.040076 0.053462 0.040440
3 39 34.482758 0.053824 0.040292 0.053667 0.040812
3 40 34.597702 0.053874 0.040510 0.053096 0.040128
3 41 34.712643 0.053498 0.040782 0.053157 0.040370
3 42 34.827587 0.054301 0.040895 0.052880 0.039819
3 43 34.942528 0.053082 0.040267 0.054821 0.041496
3 44 35.057472 0.053818 0.040220 0.054190 0.040429
3 45 35.172413 0.053710 0.040776 0.052811 0.039940
3 46 35.287357 0.053926 0.040104 0.054363 0.041064
3 47 35.402298 0.053111 0.039625 0.054801 0.041352
3 48 35.517242 0.054298 0.040576 0.054141 0.040731
3 49 35.632183 0.053982 0.040176 0.054618 0.041167
3 50 35.747128 0.052729 0.039429 0.053931 0.040476
3 51 35.862068 0.053098 0.040608 0.052873 0.040128
3 52 35.977013 0.054227 0.040536 0.053744 0.040153
3 53 36.091953 0.053475 0.040432 0.053870 0.040613
3 54 36.206898 0.054756 0.040487 0.054301 0.040288
3 55 36.321838 0.053754 0.040265 0.053874 0.040265
3 56 36.436783 0.052983 0.040435 0.052888 0.040120
3 57 36.551723 0.052646 0.039505 0.053766 0.040329
3 58 36.666668 0.054229 0.040314 0.053843 0.040608
3 59 36.781609 0.053241 0.040128 0.053814 0.040390
3 60 36.896553 0.052499 0.039467 0.054118 0.040725
3 61 37.011494 0.053831 0.040736 0.054353 0.040743
3 62 37.126438 0.053703 0.040564 0.053621 0.040795
3 63 37.241379 0.053661 0.040678 0.051890 0.039403
3 64 37.356323 0.053706 0.040515 0.052871 0.039992
3 65 37.471264 0.053325 0.040052 0.052556 0.039333
3 66 37.586208 0.053020 0.040064 0.051723 0.039414
3 67 37.701149 0.053747 0.040596 0.053300 0.039997
3 68 37.816093 0.053496 0.040462 0.053610 0.040111
3 69 37.931034 0.053232 0.040191 0.053583 0.040277
3 70 38.045979 0.053776 0.040777 0.052757 0.040062
3 71 38.160919 0.054177 0.040341 0.053999 0.040298
3 72 38.275864 0.053990 0.040465 0.052813 0.039710
3 73 38.390804 0.054277 0.040718 0.054096 0.040250
3 74 38.505749 0.053965 0.040391 0.053231 0.040101
3 75 38.620689 0.054099 0.040366 0.052668 0.039677
3 76 38.735634 0.053782 0.040455 0.052875 0.039860
3 77 38.850574 0.054218 0.040689 0.054335 0.040921
3 78 38.965519 0.052941 0.039791 0.054113 0.040567
3 79 39.080460 0.054633 0.040852 0.053517 0.039910
3 80 39.195404 0.053355 0.040316 0.053383 0.040595
3 81 39.310345 0.053246 0.039982 0.053476 0.040404
3 82 39.425289 0.052957 0.039923 0.053513 0.039964
3 83 39.540230 0.053492 0.040181 0.053358 0.039809
3 84 39.655174 0.052918 0.040372 0.054097 0.040744
3 85 39.770115 0.053297 0.039473 0.054216 0.040217
3 86 39.885059 0.054207 0.040992 0.053551 0.040777
4 0 40.000000 0.053322 0.040122 0.053378 0.040026
4 1 40.114941 0.053314 0.040175 0.053241 0.040079
4 2 40.229885 0.054240 0.041096 0.052218 0.039580
4 3 40.344826 0.052505 0.039815 0.053576 0.040210
4 4 40.459770 0.053516 0.040855 0.053303 0.040203
4 5 40.574711 0.052860 0.039321 0.055066 0.040763
4 6 40.689655 0.052479 0.039945 0.053134 0.040555
4 7 40.804596 0.052537 0.039210 0.052735 0.039661
4 8 40.919540 0.053116 0.039735 0.052793 0.039848
4 9 41.034481 0.053422 0.040094 0.054137 0.040830
4 10 41.149426 0.053142 0.039711 0.053615 0.040284
4 11 41.264366 0.052049 0.039902 0.053063 0.040082
4 12 41.379311 0.053399 0.040046 0.053972 0.040112
4 13 41.494251 0.053421 0.040602 0.053251 0.040180
4 14 41.609196 0.052973 0.039990 0.053290 0.040151
4 15 41.724136 0.053497 0.040114 0.052659 0.040417
4 16 41.839081 0.053912 0.040384 0.053855 0.040586
4 17 41.954021 0.052262 0.039912 0.052880 0.040374
4 18 42.068966 0.052831 0.039949 0.052386 0.039937
4 19 42.183907 0.052450 0.039623 0.053929 0.040203
4 20 42.298851 0.051752 0.039251 0.053233 0.040388
4 21 42.413792 0.052078 0.039401 0.052626 0.039968
4 22 42.528736 0.052722 0.039968 0.053815 0.040545
4 23 42.643677 0.053865 0.040222 0.053832 0.040705
4 24 42.758621 0.052893 0.040055 0.053049 0.040371
4 25 42.873562 0.053970 0.040644 0.053586 0.040807
4 26 42.988506 0.052039 0.039398 0.053717 0.040943
4 27 43.103447 0.051552 0.039344 0.052783 0.040093
4 28 43.218391 0.053264 0.040293 0.053999 0.040992
4 29 43.333332 0.052437 0.039607 0.053975 0.040698
4 30 43.448277 0.053075 0.040207 0.053538 0.040056
4 31 43.563217 0.052316 0.040046 0.052794 0.039994
4 32 43.678162 0.053467 0.040393 0.053187 0.040353
4 33 43.793102 0.052610 0.039634 0.051936 0.039317
4 34 43.908047 0.052682 0.039768 0.052632 0.039845
4 35 44.022987 0.052224 0.040017 0.052649 0.040433
4 36 44.137932 0.052709 0.040082 0.052529 0.039804
4 37 44.252872 0.052398 0.039418 0.052396 0.039220
4 38 44.367817 0.053976 0.040576 0.053526 0.040604
4 39 44.482758 0.052136 0.039778 0.051894 0.039781
4 40 44.597702 0.053133 0.040287 0.052451 0.039759
4 41 44.712643 0.053483 0.040322 0.051638 0.039531
4 42 44.827587 0.053376 0.040237 0.052611 0.039899
4 43 44.942528 0.052069 0.039270 0.053153 0.040240
4 44 45.057472 0.053859 0.040585 0.053569 0.040358
4 45 45.172413 0.052777 0.039849 0.052374 0.039155
4 46 45.287357 0.052823 0.040412 0.051461 0.039075
4 47 45.402298 0.054612 0.041081 0.053048 0.039743
4 48 45.517242 0.052983 0.040446 0.052861 0.040413
4 49 45.632183 0.053163 0.039871 0.052221 0.039578
4 50 45.747128 0.052991 0.040386 0.053535 0.040615
4 51 45.862068 0.054227 0.041014 0.052708 0.039734
4 52 45.977013 0.052648 0.040031 0.052794 0.040423
4 53 46.091953 0.052807 0.040366 0.052661 0.040005
4 54 46.206898 0.053353 0.040487 0.053722 0.040430
4 55 46.321838 0.053212 0.040232 0.053961 0.040763
4 56 46.436783 0.053878 0.040449 0.052245 0.039809
4 57 46.551723 0.053411 0.039941 0.053333 0.039986
4 58 46.666668 0.052737 0.040073 0.053292 0.040462
4 59 46.781609 0.052721 0.039790 0.051889 0.039160
4 60 46.896553 0.053288 0.040426 0.052091 0.039172
4 61 47.011494 0.053338 0.040431 0.052895 0.039832
4 62 47.126438 0.052290 0.039454 0.053417 0.040533
4 63 47.241379 0.053658 0.040408 0.052967 0.040243
4 64 47.356323 0.051811 0.038979 0.053314 0.040043
4 65 47.471264 0.052700 0.039480 0.052611 0.039768
4 66 47.586208 0.053562 0.040365 0.052531 0.039510
4 67 47.701149 0.053623 0.040235 0.052948 0.039679
4 68 47.816093 0.052421 0.039798 0.053250 0.040363
4 69 47.931034 0.052942 0.040024 0.052494 0.039584
4 70 48.045979 0.053217 0.040139 0.053779 0.040723
4 71 48.160919 0.053181 0.039915 0.053812 0.039992
4 72 48.275864 0.052855 0.040575 0.051621 0.039583
4 73 48.390804 0.052057 0.039581 0.052179 0.039538
4 74 48.505749 0.051849 0.039179 0.051991 0.039640
4 75 48.620689 0.052216 0.039595 0.051950 0.039292
4 76 48.735634 0.051715 0.039504 0.051841 0.039686
4 77 48.850574 0.051399 0.038979 0.052647 0.039503
4 78 48.965519 0.053545 0.040226 0.053310 0.040381
4 79 49.080460 0.052571 0.039772 0.053756 0.040408
4 80 49.195404 0.053782 0.040955 0.052389 0.040272
4 81 49.310345 0.052883 0.039443 0.054575 0.040526
4 82 49.425289 0.052238 0.039566 0.052977 0.040293
4 83 49.540230 0.053324 0.040233 0.052556 0.040021
4 84 49.655174 0.052275 0.039672 0.052297 0.039701
4 85 49.770115 0.052222 0.039423 0.052400 0.039629
4 86 49.885059 0.054551 0.040310 0.053578 0.039977
5 0 50.000000 0.052961 0.040254 0.053924 0.041159
5 1 50.114941 0.052551 0.039633 0.052709 0.040086
5 2 50.229885 0.052825 0.040206 0.053835 0.040426
5 3 50.344826 0.053152 0.040136 0.052495 0.039885
5 4 50.459770 0.052975 0.040318 0.053051 0.040244
5 5 50.574711 0.053556 0.040128 0.053016 0.040595
5 6 50.689655 0.052258 0.039799 0.053378 0.040358
5 7 50.804596 0.051157 0.039326 0.052554 0.040181
5 8 50.919540 0.053466 0.040549 0.052628 0.039827
5 9 51.034481 0.053829 0.040911 0.053126 0.039956
5 10 51.149426 0.053569 0.040078 0.053068 0.039707
5 11 51.264366 0.051487 0.039019 0.051183 0.038941
5 12 51.379311 0.052297 0.039641 0.052836 0.039598
5 13 51.494251 0.052595 0.039765 0.053863 0.040819
5 14 51.609196 0.052729 0.040097 0.052259 0.040038
5 15 51.724136 0.053506 0.040507 0.051904 0.039659
5 16 51.839081 0.053272 0.040631 0.052308 0.039645
5 17 51.954021 0.052540 0.039799 0.052932 0.039966
5 18 52.068966 0.054792 0.040099 0.054621 0.040233
5 19 52.183907 0.053425 0.040705 0.052961 0.040194
5 20 52.298851 0.051901 0.039289 0.052658 0.039928
5 21 52.413792 0.054422 0.041092 0.052242 0.039795
5 22 52.528736 0.051935 0.039355 0.052312 0.040017
5 23 52.643677 0.051788 0.039477 0.051913 0.039304
5 24 52.758621 0.053644 0.041047 0.052549 0.040338
5 25 52.873562 0.053137 0.040090 0.052772 0.039873
5 26 52.988506 0.053764 0.039854 0.053430 0.040351
5 27 53.103447 0.051984 0.039318 0.052700 0.040006
5 28 53.218391 0.053116 0.039799 0.052190 0.039784
5 29 53.333332 0.053751 0.040161 0.053469 0.040762
5 30 53.448277 0.053131 0.040140 0.052440 0.039704
5 31 53.563217 0.052703 0.039963 0.051387 0.039436
5 32 53.678162 0.053534 0.040621 0.054552 0.041333
5 33 53.793102 0.052646 0.040330 0.051523 0.039303
5 34 53.908047 0.052894 0.040160 0.052095 0.040116
5 35 54.022987 0.051663 0.039477 0.052493 0.039945
5 36 54.137932 0.053570 0.040027 0.053653 0.040621
5 37 54.252872 0.052640 0.039960 0.052050 0.039321
5 38 54.367817 0.052528 0.039512 0.052922 0.040006
5 39 54.482758 0.051507 0.039440 0.051891 0.039610
5 40 54.597702 0.053695 0.040312 0.053924 0.040806
5 41 54.712643 0.053517 0.040489 0.052492 0.039698
5 42 54.827587 0.053957 0.040145 0.054928 0.040974
5 43 54.942528 0.051608 0.039475 0.054805 0.041623
5 44 55.057472 0.052480 0.039782 0.053683 0.040840
5 45 55.172413 0.052866 0.039979 0.051790 0.039457
5 46 55.287357 0.052452 0.039886 0.052807 0.039975
5 47 55.402298 0.052681 0.040185 0.053190 0.040421
5 48 55.517242 0.052468 0.040360 0.051344 0.039392
5 49 55.632183 0.053175 0.040278 0.052267 0.039631
5 50 55.747128 0.052239 0.039266 0.052431 0.039605
5 51 55.862068 0.053126 0.040217 0.053290 0.040209
5 52 55.977013 0.053026 0.040271 0.052863 0.039840
5 53 56.091953 0.051981 0.039494 0.052800 0.040034
5 54 56.206898 0.053405 0.039865 0.052735 0.039482
5 55 56.321838 0.052769 0.039564 0.054112 0.040027
5 56 56.436783 0.053363 0.040056 0.053731 0.040112
5 57 56.551723 0.052403 0.039817 0.052678 0.039874
5 58 56.666668 0.053699 0.041260 0.052897 0.040145
5 59 56.781609 0.052238 0.039574 0.053535 0.040754
5 60 56.896553 0.052102 0.039865 0.053166 0.040003
5 61 57.011494 0.053745 0.041018 0.051972 0.040114
5 62 57.126438 0.052244 0.039502 0.052816 0.039697
5 63 57.241379 0.052379 0.039949 0.052621 0.039988
5 64 57.356323 0.053264 0.040100 0.054196 0.040962
5 65 57.471264 0.052964 0.040193 0.051951 0.039678
5 66 57.586208 0.051965 0.039916 0.052232 0.039772
5 67 57.701149 0.051176 0.039190 0.051429 0.039419
5 68 57.816093 0.052925 0.039981 0.051903 0.038857
5 69 57.931034 0.051942 0.039981 0.053214 0.040137
5 70 58.045979 0.053913 0.040668 0.052223 0.039437
5 71 58.160919 0.052665 0.039779 0.052488 0.039671
5 72 58.275864 0.052712 0.040010 0.052945 0.039734
5 73 58.390804 0.054189 0.040900 0.053726 0.040769
5 74 58.505749 0.052750 0.040984 0.052440 0.040015
5 75 58.620689 0.051865 0.039762 0.053038 0.040191
5 76 58.735634 0.052355 0.039701 0.052028 0.039863
5 77 58.850574 0.053212 0.041159 0.054152 0.040895
5 78 58.965519 0.052526 0.040263 0.052434 0.039910
5 79 59.080460 0.052439 0.040160 0.051925 0.039872
5 80 59.195404 0.054150 0.041012 0.053577 0.040489
5 81 59.310345 0.051929 0.039063 0.053505 0.040879
5 82 59.425289 0.050854 0.039069 0.050666 0.038833
5 83 59.540230 0.053704 0.040611 0.051726 0.039063
5 84 59.655174 0.052131 0.039686 0.053737 0.040804
5 85 59.770115 0.052503 0.039847 0.053395 0.040465
5 86 59.885059 0.053787 0.040279 0.053050 0.040038
6 0 60.000000 0.051825 0.039742 0.051711 0.039523
6 1 60.114941 0.053561 0.040153 0.052820 0.039590
6 2 60.229885 0.052347 0.039416 0.053359 0.039882
6 3 60.344826 0.051911 0.039345 0.051676 0.039317
6 4 60.459770 0.052841 0.039976 0.052243 0.040288
6 5 60.574711 0.051730 0.039732 0.053303 0.040588
6 6 60.689655 0.051982 0.039805 0.052630 0.040078
6 7 60.804596 0.052261 0.040200 0.052149 0.039748
6 8 60.919540 0.053441 0.040698 0.052244 0.039502
6 9 61.034481 0.053760 0.040611 0.053644 0.040465
6 10 61.149426 0.054406 0.041260 0.053538 0.040749
6 11 61.264366 0.052590 0.039437 0.052870 0.040224
6 12 61.379311 0.052957 0.040399 0.051616 0.039518
6 13 61.494251 0.052383 0.040072 0.052067 0.040048
6 14 61.609196 0.052566 0.040386 0.052303 0.040419
6 15 61.724136 0.052710 0.040411 0.051740 0.039674
6 16 61.839081 0.052664 0.040125 0.051906 0.039718
6 17 61.954021 0.051533 0.039828 0.052161 0.040314
6 18 62.068966 0.053403 0.040785 0.051632 0.039281
6 19 62.183907 0.053344 0.040510 0.051677 0.039929
6 20 62.298851 0.053092 0.040058 0.052318 0.039720
6 21 62.413792 0.053148 0.040838 0.051541 0.039328
6 22 62.528736 0.051926 0.039657 0.051913 0.039432
6 23 62.643677 0.052618 0.040167 0.052550 0.040352
6 24 62.758621 0.052884 0.039945 0.053008 0.039993
6 25 62.873562 0.053207 0.040264 0.054494 0.040944
6 26 62.988506 0.052855 0.040022 0.051770 0.039473
6 27 63.103447 0.054260 0.041541 0.052525 0.039814
6 28 63.218391 0.052007 0.039745 0.052710 0.040065
6 29 63.333332 0.052036 0.039627 0.052087 0.039371
6 30 63.448277 0.052286 0.039699 0.050948 0.039446
6 31 63.563217 0.052668 0.039929 0.052745 0.040523
6 32 63.678162 0.053714 0.040967 0.052858 0.039460
6 33 63.793102 0.053392 0.040516 0.052089 0.039798
6 34 63.908047 0.053238 0.040343 0.052553 0.039775
6 35 64.022987 0.053441 0.040817 0.051992 0.039283
6 36 64.137932 0.051774 0.039625 0.052708 0.040064
6 37 64.252876 0.051913 0.039366 0.051890 0.039736
6 38 64.367813 0.053471 0.040217 0.053680 0.040585
6 39 64.482758 0.051701 0.039522 0.052166 0.039624
6 40 64.597702 0.052462 0.039652 0.051791 0.038971
6 41 64.712646 0.052353 0.040186 0.051680 0.039510
6 42 64.827583 0.053151 0.040144 0.052991 0.040438
6 43 64.942528 0.052144 0.039857 0.052243 0.039606
6 44 65.057472 0.051310 0.039536 0.051684 0.039899
6 45 65.172417 0.052894 0.040499 0.051785 0.039807
6 46 65.287354 0.052038 0.039320 0.051637 0.039050
6 47 65.402298 0.051053 0.039180 0.050848 0.039464
6 48 65.517242 0.052274 0.039643 0.052391 0.040235
6 49 65.632187 0.052627 0.040030 0.053100 0.040270
6 50 65.747124 0.052980 0.040068 0.053505 0.040391
6 51 65.862068 0.054563 0.041078 0.053720 0.040291
6 52 65.977013 0.052546 0.040058 0.051711 0.039209
6 53 66.091957 0.051670 0.039335 0.051269 0.039052
6 54 66.206894 0.052041 0.039438 0.051504 0.039117
6 55 66.321838 0.052802 0.040059 0.053474 0.040748
6 56 66.436783 0.052851 0.040181 0.051441 0.039536
6 57 66.551727 0.051466 0.039548 0.051903 0.039811
6 58 66.666664 0.052405 0.040198 0.052141 0.039876
6 59 66.781609 0.051897 0.040183 0.052268 0.039718
6 60 66.896553 0.051991 0.039391 0.053840 0.040632
6 61 67.011497 0.051579 0.039155 0.050864 0.039236
6 62 67.126434 0.052174 0.040038 0.051904 0.039985
6 63 67.241379 0.053837 0.041157 0.051133 0.039058
6 64 67.356323 0.052782 0.040037 0.052537 0.040233
6 65 67.471268 0.052264 0.039932 0.051695 0.039530
6 66 67.586205 0.051847 0.039755 0.052852 0.040223
6 67 67.701149 0.052491 0.040008 0.052666 0.039778
6 68 67.816093 0.052721 0.040148 0.052507 0.039996
6 69 67.931038 0.053206 0.040854 0.051553 0.039364
6 70 68.045975 0.052234 0.040134 0.052630 0.040087
6 71 68.160919 0.052126 0.039613 0.052762 0.040695
6 72 68.275864 0.052928 0.040679 0.052884 0.040027
6 73 68.390808 0.051986 0.039589 0.053874 0.041022
6 74 68.505745 0.052819 0.040112 0.052748 0.040344
6 75 68.620689 0.053315 0.040395 0.052512 0.039761
6 76 68.735634 0.052441 0.039869 0.052194 0.040041
6 77 68.850578 0.051188 0.039162 0.052873 0.040541
6 78 68.965515 0.052281 0.039538 0.054235 0.040896
6 79 69.080460 0.051409 0.039522 0.052645 0.039899
6 80 69.195404 0.053719 0.040729 0.052417 0.040013
6 81 69.310349 0.052370 0.039707 0.051713 0.039592
6 82 69.425285 0.052813 0.040239 0.050611 0.038851
6 83 69.540230 0.051581 0.039775 0.052108 0.039546
6 84 69.655174 0.052262 0.040092 0.051561 0.039222
6 85 69.770119 0.053301 0.040479 0.051629 0.039334
6 86 69.885056 0.051705 0.039127 0.052835 0.039963
7 0 70.000000 0.053229 0.039916 0.053369 0.040240
7 1 70.114944 0.052014 0.040151 0.051284 0.039388
7 2 70.229881 0.052376 0.040070 0.052242 0.039796
7 3 70.344826 0.052049 0.039415 0.052531 0.040096
7 4 70.459770 0.052139 0.039831 0.052569 0.040019
7 5 70.574715 0.052596 0.039643 0.053201 0.040297
7 6 70.689651 0.050943 0.039138 0.052157 0.040156
7 7 70.804596 0.051283 0.039464 0.051993 0.039296
7 8 70.919540 0.051614 0.039652 0.053087 0.040357
7 9 71.034485 0.051905 0.039586 0.052188 0.040033
7 10 71.149422 0.051384 0.039887 0.052387 0.040230
7 11 71.264366 0.052241 0.039630 0.053764 0.041485
7 12 71.379311 0.052977 0.040171 0.052095 0.039693
7 13 71.494255 0.052294 0.040213 0.051953 0.039613
7 14 71.609192 0.051752 0.039850 0.052469 0.040304
7 15 71.724136 0.051837 0.039399 0.051822 0.039269
7 16 71.839081 0.053119 0.040162 0.053232 0.040566
7 17 71.954025 0.052730 0.040807 0.053138 0.040536
7 18 72.068962 0.052229 0.039689 0.052556 0.040219
7 19 72.183907 0.052197 0.039632 0.053099 0.039925
7 20 72.298851 0.053281 0.040702 0.052836 0.040214
7 21 72.413795 0.052356 0.039500 0.053120 0.040222
7 22 72.528732 0.052677 0.039819 0.053008 0.039654
7 23 72.643677 0.051699 0.040117 0.053506 0.040658
7 24 72.758621 0.051798 0.039572 0.052321 0.040017
7 25 72.873566 0.051117 0.039019 0.050679 0.038894
7 26 72.988503 0.052235 0.039997 0.053102 0.040193
7 27 73.103447 0.053274 0.039462 0.054020 0.039772
7 28 73.218391 0.051294 0.039184 0.051299 0.039299
7 29 73.333336 0.050774 0.039414 0.052440 0.040408
7 30 73.448273 0.052451 0.040127 0.052142 0.039723
7 31 73.563217 0.053619 0.040864 0.052507 0.039996
7 32 73.678162 0.052925 0.039974 0.052089 0.039719
7 33 73.793106 0.052582 0.040345 0.051959 0.039793
7 34 73.908043 0.052434 0.039918 0.052557 0.040155
7 35 74.022987 0.053187 0.040876 0.052433 0.039843
7 36 74.137932 0.053852 0.040967 0.052701 0.040257
7 37 74.252876 0.051528 0.039295 0.053366 0.040476
7 38 74.367813 0.052858 0.040935 0.051964 0.039901
7 39 74.482758 0.053320 0.040878 0.053406 0.040661
7 40 74.597702 0.051842 0.039826 0.052995 0.040319
7 41 74.712646 0.052963 0.040393 0.052832 0.040072
7 42 74.827583 0.053464 0.040688 0.051811 0.039921
7 43 74.942528 0.053511 0.040458 0.055570 0.041479
7 44 75.057472 0.051627 0.039215 0.053194 0.040502
7 45 75.172417 0.053039 0.040450 0.051583 0.039571
7 46 75.287354 0.050672 0.039183 0.051725 0.039599
7 47 75.402298 0.052092 0.039542 0.052442 0.040364
7 48 75.517242 0.052095 0.039765 0.051840 0.039356
7 49 75.632187 0.052548 0.040066 0.052148 0.039814
7 50 75.747124 0.053330 0.041017 0.051878 0.039504
7 51 75.862068 0.052491 0.039828 0.052018 0.039476
7 52 75.977013 0.051565 0.039718 0.051930 0.039744
7 53 76.091957 0.051758 0.039674 0.052246 0.039725
7 54 76.206894 0.052164 0.039583 0.052768 0.040266
7 55 76.321838 0.053561 0.040842 0.054455 0.041453
7 56 76.436783 0.052015 0.039799 0.052870 0.040360
7 57 76.551727 0.051076 0.038873 0.052888 0.039955
7 58 76.666664 0.051696 0.039311 0.052319 0.039891
7 59 76.781609 0.052057 0.039648 0.052188 0.040190
7 60 76.896553 0.052229 0.039793 0.053911 0.040789
7 61 77.011497 0.051117 0.039565 0.051535 0.039591
7 62 77.126434 0.052627 0.039881 0.052811 0.040211
7 63 77.241379 0.050681 0.039119 0.052007 0.039941
7 64 77.356323 0.053049 0.040187 0.052391 0.040464
7 65 77.471268 0.050660 0.038408 0.051656 0.039817
7 66 77.586205 0.053389 0.040151 0.053232 0.040160
7 67 77.701149 0.052513 0.040535 0.051883 0.039756
7 68 77.816093 0.052706 0.040493 0.052617 0.040222
7 69 77.931038 0.052440 0.040228 0.051056 0.038824
7 70 78.045975 0.052660 0.039821 0.051626 0.039130
7 71 78.160919 0.052579 0.040621 0.051709 0.039437
7 72 78.275864 0.054166 0.040700 0.053356 0.040122
7 73 78.390808 0.050709 0.039236 0.051636 0.039788
7 74 78.505745 0.050723 0.038690 0.052542 0.040269
7 75 78.620689 0.052403 0.040177 0.053143 0.040783
7 76 78.735634 0.051044 0.039039 0.051700 0.039616
7 77 78.850578 0.051580 0.039346 0.051294 0.039330
7 78 78.965515 0.052578 0.039616 0.053383 0.040073
7 79 79.080460 0.053262 0.040445 0.052475 0.039897
7 80 79.195404 0.051846 0.040351 0.051625 0.039549
7 81 79.310349 0.051968 0.040258 0.052689 0.040883
7 82 79.425285 0.051723 0.039572 0.051770 0.039840
7 83 79.540230 0.052197 0.039865 0.051756 0.039235
7 84 79.655174 0.051577 0.039214 0.051703 0.039859
7 85 79.770119 0.052100 0.039956 0.052970 0.040801
7 86 79.885056 0.052606 0.040012 0.052118 0.039737
8 0 80.000000 0.051455 0.039447 0.051154 0.039457
8 1 80.114944 0.052394 0.039651 0.052639 0.040135
8 2 80.229881 0.053080 0.040419 0.051178 0.038946
8 3 80.344826 0.051456 0.039114 0.052588 0.039792
8 4 80.459770 0.051444 0.039421 0.053205 0.040235
8 5 80.574715 0.053559 0.040638 0.051909 0.039814
8 6 80.689651 0.052687 0.040709 0.051948 0.039793
8 7 80.804596 0.052553 0.039817 0.051962 0.039119
8 8 80.919540 0.051714 0.039596 0.053229 0.040821
8 9 81.034485 0.051942 0.039356 0.052041 0.039590
8 10 81.149422 0.051246 0.039279 0.052778 0.040529
8 11 81.264366 0.051435 0.039651 0.052518 0.039885
8 12 81.379311 0.052459 0.039867 0.053554 0.040487
8 13 81.494255 0.052977 0.040428 0.052309 0.040114
8 14 81.609192 0.052277 0.039829 0.052511 0.040035
8 15 81.724136 0.050637 0.038941 0.051966 0.039896
8 16 81.839081 0.051270 0.039056 0.052078 0.039437
8 17 81.954025 0.052712 0.040519 0.052536 0.040118
8 18 82.068962 0.053679 0.040545 0.053484 0.040009
8 19 82.183907 0.052194 0.039490 0.051604 0.039576
8 20 82.298851 0.052975 0.040000 0.052559 0.040025
8 21 82.413795 0.052769 0.040766 0.051571 0.039165
8 22 82.528732 0.053006 0.040664 0.052138 0.039891
8 23 82.643677 0.052091 0.039626 0.052070 0.039271
8 24 82.758621 0.053644 0.040716 0.053128 0.040211
8 25 82.873566 0.051635 0.039878 0.052948 0.039930
8 26 82.988503 0.051936 0.039888 0.050971 0.039048
8 27 83.103447 0.051522 0.039375 0.052174 0.040015
8 28 83.218391 0.052327 0.039790 0.052869 0.039941
8 29 83.333336 0.051517 0.039829 0.052749 0.040447
8 30 83.448273 0.052070 0.039725 0.051647 0.039388
8 31 83.563217 0.053025 0.040487 0.052059 0.039846
8 32 83.678162 0.053200 0.039981 0.050964 0.038848
8 33 83.793106 0.051324 0.039021 0.052962 0.040172
8 34 83.908043 0.051556 0.039419 0.053223 0.040888
8 35 84.022987 0.053165 0.040358 0.052182 0.040036
8 36 84.137932 0.051799 0.039528 0.051602 0.039298
8 37 84.252876 0.052855 0.040023 0.052268 0.040249
8 38 84.367813 0.051756 0.039444 0.051796 0.039566
8 39 84.482758 0.051680 0.039717 0.053262 0.040679
8 40 84.597702 0.053529 0.040384 0.052164 0.039399
8 41 84.712646 0.052156 0.039676 0.052575 0.040433
8 42 84.827583 0.051472 0.038918 0.052426 0.040032
8 43 84.942528 0.051825 0.039627 0.051358 0.039528
8 44 85.057472 0.053272 0.040703 0.052668 0.040311
8 45 85.172417 0.052668 0.040378 0.051978 0.039683
8 46 85.287354 0.050956 0.039108 0.052543 0.040161
8 47 85.402298 0.052368 0.039527 0.051990 0.039263
8 48 85.517242 0.051720 0.039272 0.053499 0.040594
8 49 85.632187 0.052545 0.040296 0.051904 0.039958
8 50 85.747124 0.052378 0.039450 0.052588 0.039837
8 51 85.862068 0.052066 0.040087 0.051704 0.039874
8 52 85.977013 0.051523 0.039453 0.052386 0.039933
8 53 86.091957 0.052847 0.040174 0.052580 0.039806
8 54 86.206894 0.052661 0.040213 0.052869 0.040199
8 55 86.321838 0.051722 0.039498 0.051505 0.039676
8 56 86.436783 0.051048 0.039508 0.052161 0.040245
8 57 86.551727 0.051290 0.038991 0.051245 0.039040
8 58 86.666664 0.052065 0.039686 0.052819 0.039975
8 59 86.781609 0.052117 0.040123 0.051417 0.039109
8 60 86.896553 0.052559 0.039953 0.051521 0.039118
8 61 87.011497 0.051948 0.040006 0.052518 0.039933
8 62 87.126434 0.052889 0.040629 0.050156 0.038693
8 63 87.241379 0.052184 0.039731 0.051694 0.039614
8 64 87.356323 0.052661 0.039955 0.052083 0.039693
8 65 87.471268 0.052974 0.040433 0.053703 0.040910
8 66 87.586205 0.053152 0.040255 0.052629 0.040080
8 67 87.701149 0.051769 0.039444 0.053138 0.040700
8 68 87.816093 0.052340 0.040030 0.051697 0.039684
8 69 87.931038 0.054298 0.040162 0.054976 0.040496
8 70 88.045975 0.052172 0.039910 0.051773 0.039561
8 71 88.160919 0.051209 0.039351 0.051523 0.039326
8 72 88.275864 0.052017 0.039821 0.052390 0.040012
8 73 88.390808 0.052592 0.039715 0.052559 0.039926
8 74 88.505745 0.051464 0.039561 0.052763 0.040234
8 75 88.620689 0.052454 0.040521 0.051017 0.039425
8 76 88.735634 0.053590 0.040694 0.051737 0.039567
8 77 88.850578 0.051209 0.038793 0.052528 0.039426
8 78 88.965515 0.051413 0.039337 0.052694 0.040224
8 79 89.080460 0.050688 0.038623 0.052025 0.039442
8 80 89.195404 0.051705 0.039725 0.051428 0.039254
8 81 89.310349 0.052734 0.039610 0.053025 0.040322
8 82 89.425285 0.052246 0.039499 0.052366 0.039597
8 83 89.540230 0.051504 0.039448 0.051723 0.039500
8 84 89.655174 0.052035 0.039789 0.052709 0.040124
8 85 89.770119 0.053399 0.040406 0.052644 0.039891
8 86 89.885056 0.052649 0.039984 0.052042 0.039689
9 0 90.000000 0.050584 0.038574 0.052111 0.039568
9 1 90.114944 0.052481 0.039475 0.054131 0.040650
9 2 90.229881 0.052562 0.040156 0.051725 0.039426
9 3 90.344826 0.052014 0.039716 0.052123 0.039675
9 4 90.459770 0.051788 0.039882 0.053207 0.040499
9 5 90.574715 0.051950 0.039719 0.051975 0.039509
9 6 90.689651 0.054039 0.040693 0.051259 0.038889
9 7 90.804596 0.051101 0.039561 0.052047 0.040051
9 8 90.919540 0.052427 0.040205 0.051988 0.039714
9 9 91.034485 0.052350 0.040219 0.052475 0.039847
9 10 91.149422 0.051733 0.040154 0.052360 0.040012
9 11 91.264366 0.052998 0.040530 0.051471 0.039285
9 12 91.379311 0.052099 0.040091 0.051301 0.039419
9 13 91.494255 0.051661 0.039360 0.053667 0.040662
9 14 91.609192 0.051982 0.039373 0.052597 0.039808
9 15 91.724136 0.051726 0.039956 0.052415 0.039760
9 16 91.839081 0.052330 0.039787 0.051364 0.039586
9 17 91.954025 0.052208 0.040032 0.052658 0.040403
9 18 92.068962 0.053408 0.040799 0.053317 0.040588
9 19 92.183907 0.051542 0.039177 0.052620 0.040563
9 20 92.298851 0.050901 0.038970 0.051936 0.039827
9 21 92.413795 0.052856 0.040014 0.052049 0.039473
9 22 92.528732 0.052190 0.040059 0.051249 0.038945
9 23 92.643677 0.051962 0.039510 0.051530 0.039142
9 24 92.758621 0.051920 0.039576 0.051183 0.039520
9 25 92.873566 0.051452 0.039566 0.051429 0.039348
9 26 92.988503 0.051112 0.039219 0.052030 0.039918
9 27 93.103447 0.052271 0.039870 0.052324 0.040108
9 28 93.218391 0.051100 0.039347 0.051815 0.040222
9 29 93.333336 0.051703 0.039542 0.051668 0.039612
9 30 93.448273 0.052656 0.040513 0.052193 0.039669
9 31 93.563217 0.051808 0.039820 0.051788 0.040045
9 32 93.678162 0.053186 0.040443 0.052819 0.040225
9 33 93.793106 0.053218 0.039991 0.053685 0.040875
9 34 93.908043 0.050270 0.038865 0.051804 0.039643
9 35 94.022987 0.051990 0.039980 0.051629 0.039866
9 36 94.137932 0.051797 0.039639 0.051908 0.039872
9 37 94.252876 0.051898 0.039503 0.052760 0.040287
9 38 94.367813 0.052684 0.039764 0.053528 0.040117
9 39 94.482758 0.052656 0.039813 0.053475 0.040676
9 40 94.597702 0.052423 0.040642 0.051777 0.039602
9 41 94.712646 0.052384 0.039548 0.052610 0.039959
9 42 94.827583 0.052094 0.039851 0.051746 0.039762
9 43 94.942528 0.051910 0.039767 0.049964 0.038619
9 44 95.057472 0.052450 0.040162 0.052927 0.040506
9 45 95.172417 0.051602 0.039897 0.051845 0.039973
9 46 95.287354 0.050917 0.038704 0.050811 0.039615
9 47 95.402298 0.052191 0.039507 0.051044 0.038704
9 48 95.517242 0.052183 0.039999 0.051711 0.039318
9 49 95.632187 0.052323 0.040067 0.052025 0.040007
9 50 95.747124 0.052584 0.040378 0.051632 0.039491
9 51 95.862068 0.052507 0.039893 0.052469 0.040202
9 52 95.977013 0.051165 0.038892 0.052199 0.039501
9 53 96.091957 0.051105 0.039560 0.052727 0.040069
9 54 96.206894 0.051165 0.039242 0.051967 0.039964
9 55 96.321838 0.052393 0.039686 0.052191 0.039506
9 56 96.436783 0.052384 0.040012 0.051778 0.039813
9 57 96.551727 0.051390 0.039277 0.052430 0.039944
9 58 96.666664 0.051268 0.039340 0.052027 0.039596
9 59 96.781609 0.052571 0.040139 0.051665 0.039633
9 60 96.896553 0.051733 0.040055 0.052590 0.040230
9 61 97.011497 0.051761 0.040022 0.051934 0.040151
9 62 97.126434 0.051362 0.039468 0.052052 0.039894
9 63 97.241379 0.052937 0.040000 0.052318 0.039780
9 64 97.356323 0.052770 0.040352 0.051718 0.039781
9 65 97.471268 0.051930 0.040094 0.052425 0.039803
9 66 97.586205 0.052029 0.039443 0.052384 0.040127
9 67 97.701149 0.051478 0.039451 0.051457 0.039440
9 68 97.816093 0.051625 0.039568 0.051864 0.039807
9 69 97.931038 0.052315 0.040060 0.052119 0.039748
9 70 98.045975 0.052103 0.039731 0.052579 0.039812
9 71 98.160919 0.051532 0.040065 0.052057 0.039971
9 72 98.275864 0.052399 0.039673 0.052065 0.039797
9 73 98.390808 0.051929 0.039771 0.050806 0.039323
9 74 98.505745 0.053024 0.039776 0.052517 0.039656
9 75 98.620689 0.051804 0.039231 0.051356 0.039356
9 76 98.735634 0.052275 0.040282 0.050904 0.039024
9 77 98.850578 0.051879 0.039548 0.052181 0.040142
9 78 98.965515 0.051191 0.039296 0.052420 0.040399
9 79 99.080460 0.051602 0.039889 0.050969 0.038895
9 80 99.195404 0.052105 0.039642 0.051415 0.039044
9 81 99.310349 0.050922 0.038745 0.050226 0.039030
9 82 99.425285 0.051603 0.039158 0.053250 0.040326
9 83 99.540230 0.051057 0.039166 0.050625 0.039153
9 84 99.655174 0.052188 0.039779 0.051842 0.039549
9 85 99.770119 0.053302 0.040563 0.051834 0.039902
9 86 99.885056 0.052753 0.040338 0.051923 0.039631
