0.000000 0 0 0.006954 0.000000 0.290195 0.006998 0.000000 0.309546
0.200000 0 1 0.005477 0.000000 0.301012 0.005394 0.000000 0.304298
0.400000 0 2 0.005377 0.000000 0.304515 0.005385 0.000000 0.319768
0.600000 0 3 0.005137 0.000000 0.317062 0.005144 0.000000 0.326865
0.800000 0 4 0.005056 0.000000 0.309795 0.005018 0.000000 0.325179
1.000000 1 0 0.005080 0.000000 0.263217 0.005017 0.000000 0.267281
1.200000 1 1 0.004963 0.000000 0.283796 0.004881 0.000000 0.246703
1.400000 1 2 0.004866 0.000000 0.281106 0.004836 0.000000 0.287818
1.600000 1 3 0.004912 0.000000 0.270131 0.004996 0.000000 0.275479
1.800000 1 4 0.005038 0.000000 0.259909 0.004981 0.000000 0.163257
2.000000 2 0 0.004754 0.000000 0.240662 0.004629 0.000000 0.246876
2.200000 2 1 0.004808 0.000000 0.269726 0.004792 0.000000 0.231559
2.400000 2 2 0.004925 0.000000 0.280151 0.004889 0.000000 0.292824
2.600000 2 3 0.004675 0.000000 0.188967 0.004614 0.000000 0.230220
2.800000 2 4 0.004721 0.000000 0.246486 0.004727 0.000000 0.266688
3.000000 3 0 0.004794 0.000000 0.235735 0.004890 0.000000 0.241885
3.200000 3 1 0.004742 0.000000 0.238774 0.004657 0.000000 0.229792
3.400000 3 2 0.005033 0.000000 0.263865 0.005037 0.000000 0.284297
3.600000 3 3 0.004721 0.000000 0.254710 0.004634 0.000000 0.268787
3.800000 3 4 0.004801 0.000000 0.226357 0.004700 0.000000 0.237762
4.000000 4 0 0.004827 0.000000 0.257708 0.004756 0.000000 0.271756
4.200000 4 1 0.004669 0.000000 0.232729 0.004646 0.000000 0.268623
4.400000 4 2 0.004785 0.000000 0.275917 0.004687 0.000000 0.233993
4.600000 4 3 0.004759 0.000000 0.207942 0.004822 0.000000 0.215896
4.800000 4 4 0.004656 0.000000 0.206842 0.004648 0.000000 0.236771
5.000000 5 0 0.004727 0.000000 0.199553 0.004693 0.000000 0.241226
5.200000 5 1 0.004645 0.000000 0.160677 0.004526 0.000000 0.152600
5.400000 5 2 0.004698 0.000000 0.234203 0.004606 0.000000 0.247603
5.600000 5 3 0.004670 0.000000 0.207121 0.004663 0.000000 0.245495
5.800000 5 4 0.004669 0.000000 0.184665 0.004611 0.000000 0.176776
6.000000 6 0 0.004650 0.000000 0.211790 0.004556 0.000000 0.212871
6.200000 6 1 0.004715 0.000000 0.222232 0.004737 0.000000 0.158330
6.400000 6 2 0.004685 0.000000 0.262779 0.004615 0.000000 0.176027
6.600000 6 3 0.004734 0.000000 0.217740 0.004590 0.000000 0.236336
6.800000 6 4 0.004686 0.000000 0.183000 0.004684 0.000000 0.238653
7.000000 7 0 0.004619 0.000000 0.219841 0.004525 0.000000 0.233860
7.200000 7 1 0.004636 0.000000 0.231059 0.004600 0.000000 0.176014
7.400000 7 2 0.004618 0.000000 0.198271 0.004477 0.000000 0.203048
7.600000 7 3 0.004669 0.000000 0.170646 0.004590 0.000000 0.246277
7.800000 7 4 0.004815 0.000000 0.210130 0.004686 0.000000 0.233793
8.000000 8 0 0.004648 0.000000 0.216351 0.004610 0.000000 0.235302
8.200000 8 1 0.004679 0.000000 0.186453 0.004538 0.000000 0.199380
8.400000 8 2 0.004595 0.000000 0.175231 0.004575 0.000000 0.193545
8.600000 8 3 0.004631 0.000000 0.205550 0.004618 0.000000 0.231091
8.800000 8 4 0.004669 0.000000 0.205058 0.004606 0.000000 0.235332
9.000000 9 0 0.004645 0.000000 0.182644 0.004675 0.000000 0.200090
9.200000 9 1 0.004662 0.000000 0.203123 0.004537 0.000000 0.232659
9.400000 9 2 0.004708 0.000000 0.214197 0.004743 0.000000 0.254501
9.600000 9 3 0.004597 0.000000 0.231867 0.004535 0.000000 0.243408
9.800000 9 4 0.004580 0.000000 0.184825 0.004483 0.000000 0.244540
