0 -0.429950 1 0.000017
1 -0.422293 0 0.000000
2 -0.414636 0 0.000000
3 -0.406980 0 0.000000
4 -0.399323 1 0.000017
5 -0.391666 2 0.000033
6 -0.384009 0 0.000000
7 -0.376352 0 0.000000
8 -0.368695 0 0.000000
9 -0.361039 1 0.000017
10 -0.353382 1 0.000017
11 -0.345725 0 0.000000
12 -0.338068 1 0.000017
13 -0.330411 0 0.000000
14 -0.322754 1 0.000017
15 -0.315097 0 0.000000
16 -0.307441 0 0.000000
17 -0.299784 0 0.000000
18 -0.292127 7 0.000117
19 -0.284470 3 0.000050
20 -0.276813 3 0.000050
21 -0.269156 1 0.000017
22 -0.261499 1 0.000017
23 -0.253843 0 0.000000
24 -0.246186 3 0.000050
25 -0.238529 4 0.000067
26 -0.230872 3 0.000050
27 -0.223215 4 0.000067
28 -0.215558 6 0.000100
29 -0.207902 11 0.000183
30 -0.200245 13 0.000217
31 -0.192588 24 0.000400
32 -0.184931 56 0.000933
33 -0.177274 91 0.001517
34 -0.169617 69 0.001150
35 -0.161960 44 0.000733
36 -0.154304 117 0.001950
37 -0.146647 165 0.002750
38 -0.138990 175 0.002917
39 -0.131333 197 0.003283
40 -0.123676 181 0.003017
41 -0.116019 151 0.002517
42 -0.108363 180 0.003000
43 -0.100706 243 0.004050
44 -0.093049 378 0.006300
45 -0.085392 635 0.010583
46 -0.077735 603 0.010050
47 -0.070078 429 0.007150
48 -0.062421 338 0.005633
49 -0.054765 506 0.008433
50 -0.047108 646 0.010767
51 -0.039451 987 0.016450
52 -0.031794 1483 0.024717
53 -0.024137 4293 0.071550
54 -0.016480 17707 0.295117
55 -0.008824 19069 0.317817
56 -0.001167 2951 0.049183
57 0.006490 1320 0.022000
58 0.014147 1022 0.017033
59 0.021804 1040 0.017333
60 0.029461 590 0.009833
61 0.037118 375 0.006250
62 0.044774 407 0.006783
63 0.052431 502 0.008367
64 0.060088 541 0.009017
65 0.067745 354 0.005900
66 0.075402 249 0.004150
67 0.083059 180 0.003000
68 0.090716 188 0.003133
69 0.098372 179 0.002983
70 0.106029 186 0.003100
71 0.113686 285 0.004750
72 0.121343 221 0.003683
73 0.129000 114 0.001900
74 0.136657 55 0.000917
75 0.144313 92 0.001533
76 0.151970 100 0.001667
77 0.159627 66 0.001100
78 0.167284 61 0.001017
79 0.174941 18 0.000300
80 0.182598 14 0.000233
81 0.190255 11 0.000183
82 0.197911 11 0.000183
83 0.205568 9 0.000150
84 0.213225 1 0.000017
85 0.220882 2 0.000033
86 0.228539 2 0.000033
87 0.236196 2 0.000033
88 0.243852 3 0.000050
89 0.251509 2 0.000033
90 0.259166 1 0.000017
91 0.266823 1 0.000017
92 0.274480 1 0.000017
93 0.282137 3 0.000050
94 0.289794 3 0.000050
95 0.297450 2 0.000033
96 0.305107 1 0.000017
97 0.312764 0 0.000000
98 0.320421 0 0.000000
99 0.328078 1 0.000017
