0 -0.429950 1 0.000050
1 -0.422293 0 0.000000
2 -0.414636 0 0.000000
3 -0.406980 0 0.000000
4 -0.399323 1 0.000050
5 -0.391666 2 0.000100
6 -0.384009 0 0.000000
7 -0.376352 0 0.000000
8 -0.368695 0 0.000000
9 -0.361039 1 0.000050
10 -0.353382 1 0.000050
11 -0.345725 0 0.000000
12 -0.338068 1 0.000050
13 -0.330411 0 0.000000
14 -0.322754 1 0.000050
15 -0.315097 0 0.000000
16 -0.307441 0 0.000000
17 -0.299784 0 0.000000
18 -0.292127 7 0.000350
19 -0.284470 3 0.000150
20 -0.276813 3 0.000150
21 -0.269156 1 0.000050
22 -0.261499 1 0.000050
23 -0.253843 0 0.000000
24 -0.246186 3 0.000150
25 -0.238529 4 0.000200
26 -0.230872 3 0.000150
27 -0.223215 4 0.000200
28 -0.215558 6 0.000300
29 -0.207902 11 0.000550
30 -0.200245 13 0.000650
31 -0.192588 24 0.001200
32 -0.184931 56 0.002800
33 -0.177274 91 0.004550
34 -0.169617 69 0.003450
35 -0.161960 44 0.002200
36 -0.154304 117 0.005850
37 -0.146647 165 0.008250
38 -0.138990 175 0.008750
39 -0.131333 193 0.009650
40 -0.123676 174 0.008700
41 -0.116019 150 0.007500
42 -0.108363 178 0.008900
43 -0.100706 240 0.012000
44 -0.093049 376 0.018800
45 -0.085392 630 0.031500
46 -0.077735 593 0.029650
47 -0.070078 424 0.021200
48 -0.062421 321 0.016050
49 -0.054765 469 0.023450
50 -0.047108 540 0.027000
51 -0.039451 720 0.036000
52 -0.031794 624 0.031200
53 -0.024137 721 0.036050
54 -0.016480 1200 0.060000
55 -0.008824 3602 0.180100
56 -0.001167 807 0.040350
57 0.006490 680 0.034000
58 0.014147 828 0.041400
59 0.021804 974 0.048700
60 0.029461 555 0.027750
61 0.037118 354 0.017700
62 0.044774 397 0.019850
63 0.052431 497 0.024850
64 0.060088 538 0.026900
65 0.067745 354 0.017700
66 0.075402 248 0.012400
67 0.083059 180 0.009000
68 0.090716 188 0.009400
69 0.098372 177 0.008850
70 0.106029 184 0.009200
71 0.113686 279 0.013950
72 0.121343 221 0.011050
73 0.129000 114 0.005700
74 0.136657 55 0.002750
75 0.144313 92 0.004600
76 0.151970 100 0.005000
77 0.159627 66 0.003300
78 0.167284 61 0.003050
79 0.174941 18 0.000900
80 0.182598 14 0.000700
81 0.190255 11 0.000550
82 0.197911 11 0.000550
83 0.205568 9 0.000450
84 0.213225 1 0.000050
85 0.220882 2 0.000100
86 0.228539 2 0.000100
87 0.236196 2 0.000100
88 0.243852 3 0.000150
89 0.251509 2 0.000100
90 0.259166 1 0.000050
91 0.266823 1 0.000050
92 0.274480 1 0.000050
93 0.282137 3 0.000150
94 0.289794 3 0.000150
95 0.297450 2 0.000100
96 0.305107 1 0.000050
97 0.312764 0 0.000000
98 0.320421 0 0.000000
99 0.328078 1 0.000050
