0 0.000000 51125 0.852083
1 0.001867 2129 0.035483
2 0.003734 1643 0.027383
3 0.005602 1280 0.021333
4 0.007469 704 0.011733
5 0.009336 456 0.007600
6 0.011203 380 0.006333
7 0.013071 496 0.008267
8 0.014938 368 0.006133
9 0.016805 268 0.004467
10 0.018672 204 0.003400
11 0.020540 189 0.003150
12 0.022407 153 0.002550
13 0.024274 104 0.001733
14 0.026141 92 0.001533
15 0.028009 99 0.001650
16 0.029876 87 0.001450
17 0.031743 53 0.000883
18 0.033610 35 0.000583
19 0.035478 16 0.000267
20 0.037345 19 0.000317
21 0.039212 9 0.000150
22 0.041079 19 0.000317
23 0.042947 7 0.000117
24 0.044814 4 0.000067
25 0.046681 3 0.000050
26 0.048548 5 0.000083
27 0.050416 1 0.000017
28 0.052283 1 0.000017
29 0.054150 4 0.000067
30 0.056017 2 0.000033
31 0.057885 3 0.000050
32 0.059752 2 0.000033
33 0.061619 3 0.000050
34 0.063486 2 0.000033
35 0.065354 0 0.000000
36 0.067221 0 0.000000
37 0.069088 1 0.000017
38 0.070955 1 0.000017
39 0.072822 3 0.000050
40 0.074690 2 0.000033
41 0.076557 1 0.000017
42 0.078424 2 0.000033
43 0.080291 2 0.000033
44 0.082159 6 0.000100
45 0.084026 3 0.000050
46 0.085893 1 0.000017
47 0.087760 1 0.000017
48 0.089628 1 0.000017
49 0.091495 1 0.000017
50 0.093362 1 0.000017
51 0.095229 0 0.000000
52 0.097097 0 0.000000
53 0.098964 0 0.000000
54 0.100831 1 0.000017
55 0.102698 0 0.000000
56 0.104566 0 0.000000
57 0.106433 1 0.000017
58 0.108300 1 0.000017
59 0.110167 0 0.000000
60 0.112035 0 0.000000
61 0.113902 0 0.000000
62 0.115769 0 0.000000
63 0.117636 0 0.000000
64 0.119504 1 0.000017
65 0.121371 0 0.000000
66 0.123238 0 0.000000
67 0.125105 0 0.000000
68 0.126973 1 0.000017
69 0.128840 0 0.000000
70 0.130707 0 0.000000
71 0.132574 0 0.000000
72 0.134442 0 0.000000
73 0.136309 0 0.000000
74 0.138176 0 0.000000
75 0.140043 0 0.000000
76 0.141911 0 0.000000
77 0.143778 0 0.000000
78 0.145645 0 0.000000
79 0.147512 1 0.000017
80 0.149379 0 0.000000
81 0.151247 1 0.000017
82 0.153114 0 0.000000
83 0.154981 0 0.000000
84 0.156848 1 0.000017
85 0.158716 0 0.000000
86 0.160583 0 0.000000
87 0.162450 0 0.000000
88 0.164317 0 0.000000
89 0.166185 0 0.000000
90 0.168052 0 0.000000
91 0.169919 0 0.000000
92 0.171786 0 0.000000
93 0.173654 0 0.000000
94 0.175521 0 0.000000
95 0.177388 0 0.000000
96 0.179255 0 0.000000
97 0.181123 0 0.000000
98 0.182990 0 0.000000
99 0.184857 1 0.000017
