0 -0.129886 1 0.000050
1 -0.127381 0 0.000000
2 -0.124875 3 0.000150
3 -0.122370 5 0.000250
4 -0.119864 0 0.000000
5 -0.117359 0 0.000000
6 -0.114854 1 0.000050
7 -0.112348 0 0.000000
8 -0.109843 0 0.000000
9 -0.107338 0 0.000000
10 -0.104832 1 0.000050
11 -0.102327 1 0.000050
12 -0.099821 2 0.000100
13 -0.097316 0 0.000000
14 -0.094811 0 0.000000
15 -0.092305 0 0.000000
16 -0.089800 0 0.000000
17 -0.087294 2 0.000100
18 -0.084789 1 0.000050
19 -0.082284 0 0.000000
20 -0.079778 3 0.000150
21 -0.077273 1 0.000050
22 -0.074767 1 0.000050
23 -0.072262 5 0.000250
24 -0.069757 0 0.000000
25 -0.067251 1 0.000050
26 -0.064746 0 0.000000
27 -0.062240 1 0.000050
28 -0.059735 9 0.000450
29 -0.057230 2 0.000100
30 -0.054724 4 0.000200
31 -0.052219 6 0.000300
32 -0.049713 14 0.000700
33 -0.047208 16 0.000800
34 -0.044703 17 0.000850
35 -0.042197 32 0.001600
36 -0.039692 30 0.001500
37 -0.037187 49 0.002450
38 -0.034681 79 0.003950
39 -0.032176 67 0.003350
40 -0.029670 163 0.008150
41 -0.027165 234 0.011700
42 -0.024660 467 0.023350
43 -0.022154 677 0.033850
44 -0.019649 1060 0.053000
45 -0.017143 1276 0.063800
46 -0.014638 2216 0.110800
47 -0.012133 3913 0.195650
48 -0.009627 4849 0.242450
49 -0.007122 2216 0.110800
50 -0.004616 927 0.046350
51 -0.002111 609 0.030450
52 0.000394 409 0.020450
53 0.002900 218 0.010900
54 0.005405 120 0.006000
55 0.007911 95 0.004750
56 0.010416 70 0.003500
57 0.012921 53 0.002650
58 0.015427 22 0.001100
59 0.017932 25 0.001250
60 0.020437 1 0.000050
61 0.022943 1 0.000050
62 0.025448 4 0.000200
63 0.027954 1 0.000050
64 0.030459 1 0.000050
65 0.032964 1 0.000050
66 0.035470 0 0.000000
67 0.037975 1 0.000050
68 0.040481 0 0.000000
69 0.042986 0 0.000000
70 0.045491 1 0.000050
71 0.047997 0 0.000000
72 0.050502 2 0.000100
73 0.053008 0 0.000000
74 0.055513 0 0.000000
75 0.058018 0 0.000000
76 0.060524 1 0.000050
77 0.063029 0 0.000000
78 0.065535 2 0.000100
79 0.068040 0 0.000000
80 0.070545 0 0.000000
81 0.073051 0 0.000000
82 0.075556 0 0.000000
83 0.078061 0 0.000000
84 0.080567 1 0.000050
85 0.083072 0 0.000000
86 0.085578 0 0.000000
87 0.088083 0 0.000000
88 0.090588 0 0.000000
89 0.093094 0 0.000000
90 0.095599 0 0.000000
91 0.098105 0 0.000000
92 0.100610 1 0.000050
93 0.103115 1 0.000050
94 0.105621 1 0.000050
95 0.108126 1 0.000050
96 0.110632 0 0.000000
97 0.113137 2 0.000100
98 0.115642 3 0.000150
99 0.118148 1 0.000050
