0 -0.123049 2 0.000100
1 -0.121267 0 0.000000
2 -0.119485 0 0.000000
3 -0.117702 0 0.000000
4 -0.115920 0 0.000000
5 -0.114138 0 0.000000
6 -0.112355 0 0.000000
7 -0.110573 0 0.000000
8 -0.108791 0 0.000000
9 -0.107008 0 0.000000
10 -0.105226 1 0.000050
11 -0.103444 0 0.000000
12 -0.101661 0 0.000000
13 -0.099879 0 0.000000
14 -0.098097 0 0.000000
15 -0.096314 0 0.000000
16 -0.094532 0 0.000000
17 -0.092750 0 0.000000
18 -0.090967 0 0.000000
19 -0.089185 0 0.000000
20 -0.087403 2 0.000100
21 -0.085620 0 0.000000
22 -0.083838 0 0.000000
23 -0.082056 0 0.000000
24 -0.080273 0 0.000000
25 -0.078491 1 0.000050
26 -0.076709 0 0.000000
27 -0.074926 0 0.000000
28 -0.073144 1 0.000050
29 -0.071362 0 0.000000
30 -0.069579 3 0.000150
31 -0.067797 1 0.000050
32 -0.066015 0 0.000000
33 -0.064232 0 0.000000
34 -0.062450 2 0.000100
35 -0.060668 0 0.000000
36 -0.058885 1 0.000050
37 -0.057103 2 0.000100
38 -0.055321 0 0.000000
39 -0.053539 2 0.000100
40 -0.051756 3 0.000150
41 -0.049974 7 0.000350
42 -0.048192 3 0.000150
43 -0.046409 5 0.000250
44 -0.044627 8 0.000400
45 -0.042845 8 0.000400
46 -0.041062 16 0.000800
47 -0.039280 18 0.000900
48 -0.037498 20 0.001000
49 -0.035715 24 0.001200
50 -0.033933 30 0.001500
51 -0.032151 50 0.002500
52 -0.030368 64 0.003200
53 -0.028586 70 0.003500
54 -0.026804 102 0.005100
55 -0.025021 138 0.006900
56 -0.023239 189 0.009450
57 -0.021457 227 0.011350
58 -0.019674 291 0.014550
59 -0.017892 403 0.020150
60 -0.016110 505 0.025250
61 -0.014327 940 0.047000
62 -0.012545 1821 0.091050
63 -0.010763 3989 0.199450
64 -0.008980 4617 0.230850
65 -0.007198 2626 0.131300
66 -0.005416 1169 0.058450
67 -0.003633 713 0.035650
68 -0.001851 488 0.024400
69 -0.000069 307 0.015350
70 0.001714 229 0.011450
71 0.003496 190 0.009500
72 0.005278 142 0.007100
73 0.007061 142 0.007100
74 0.008843 83 0.004150
75 0.010625 66 0.003300
76 0.012408 34 0.001700
77 0.014190 34 0.001700
78 0.015972 31 0.001550
79 0.017755 24 0.001200
80 0.019537 28 0.001400
81 0.021319 23 0.001150
82 0.023101 10 0.000500
83 0.024884 13 0.000650
84 0.026666 10 0.000500
85 0.028448 10 0.000500
86 0.030231 8 0.000400
87 0.032013 6 0.000300
88 0.033795 9 0.000450
89 0.035578 8 0.000400
90 0.037360 8 0.000400
91 0.039142 2 0.000100
92 0.040925 8 0.000400
93 0.042707 1 0.000050
94 0.044489 2 0.000100
95 0.046272 3 0.000150
96 0.048054 1 0.000050
97 0.049836 2 0.000100
98 0.051619 3 0.000150
99 0.053401 1 0.000050
