0 0.012668 5 0.000250
1 0.022578 5 0.000250
2 0.032488 10 0.000500
3 0.042399 5 0.000250
4 0.052309 7 0.000350
5 0.062219 10 0.000500
6 0.072130 5 0.000250
7 0.082040 10 0.000500
8 0.091950 14 0.000700
9 0.101861 16 0.000800
10 0.111771 16 0.000800
11 0.121681 14 0.000700
12 0.131591 8 0.000400
13 0.141502 9 0.000450
14 0.151412 16 0.000800
15 0.161322 18 0.000900
16 0.171233 19 0.000950
17 0.181143 16 0.000800
18 0.191053 25 0.001250
19 0.200963 24 0.001200
20 0.210874 36 0.001800
21 0.220784 30 0.001500
22 0.230694 28 0.001400
23 0.240605 26 0.001300
24 0.250515 36 0.001800
25 0.260425 39 0.001950
26 0.270336 53 0.002650
27 0.280246 40 0.002000
28 0.290156 63 0.003150
29 0.300066 54 0.002700
30 0.309977 70 0.003500
31 0.319887 83 0.004150
32 0.329797 79 0.003950
33 0.339708 77 0.003850
34 0.349618 87 0.004350
35 0.359528 109 0.005450
36 0.369438 108 0.005400
37 0.379349 128 0.006400
38 0.389259 190 0.009500
39 0.399169 173 0.008650
40 0.409080 217 0.010850
41 0.418990 241 0.012050
42 0.428900 337 0.016850
43 0.438811 368 0.018400
44 0.448721 377 0.018850
45 0.458631 458 0.022900
46 0.468541 723 0.036150
47 0.478452 1085 0.054250
48 0.488362 1542 0.077100
49 0.498272 2983 0.149150
50 0.508183 2958 0.147900
51 0.518093 1561 0.078050
52 0.528003 983 0.049150
53 0.537914 655 0.032750
54 0.547824 511 0.025550
55 0.557734 391 0.019550
56 0.567644 407 0.020350
57 0.577555 373 0.018650
58 0.587465 258 0.012900
59 0.597375 208 0.010400
60 0.607286 144 0.007200
61 0.617196 165 0.008250
62 0.627106 139 0.006950
63 0.637016 105 0.005250
64 0.646927 110 0.005500
65 0.656837 84 0.004200
66 0.666747 76 0.003800
67 0.676658 89 0.004450
68 0.686568 97 0.004850
69 0.696478 43 0.002150
70 0.706389 52 0.002600
71 0.716299 48 0.002400
72 0.726209 46 0.002300
73 0.736119 34 0.001700
74 0.746030 27 0.001350
75 0.755940 27 0.001350
76 0.765850 28 0.001400
77 0.775761 33 0.001650
78 0.785671 17 0.000850
79 0.795581 30 0.001500
80 0.805492 18 0.000900
81 0.815402 20 0.001000
82 0.825312 18 0.000900
83 0.835222 17 0.000850
84 0.845133 18 0.000900
85 0.855043 13 0.000650
86 0.864953 11 0.000550
87 0.874864 5 0.000250
88 0.884774 13 0.000650
89 0.894684 4 0.000200
90 0.904594 10 0.000500
91 0.914505 10 0.000500
92 0.924415 14 0.000700
93 0.934325 8 0.000400
94 0.944236 15 0.000750
95 0.954146 10 0.000500
96 0.964056 0 0.000000
97 0.973967 0 0.000000
98 0.983877 4 0.000200
99 0.993787 1 0.000050
