0 0.009706 2 0.000100
1 0.019702 2 0.000100
2 0.029699 3 0.000150
3 0.039695 5 0.000250
4 0.049692 8 0.000400
5 0.059688 2 0.000100
6 0.069685 3 0.000150
7 0.079681 4 0.000200
8 0.089678 5 0.000250
9 0.099674 4 0.000200
10 0.109671 6 0.000300
11 0.119667 3 0.000150
12 0.129664 2 0.000100
13 0.139660 4 0.000200
14 0.149657 5 0.000250
15 0.159653 3 0.000150
16 0.169650 1 0.000050
17 0.179646 2 0.000100
18 0.189643 1 0.000050
19 0.199639 3 0.000150
20 0.209636 6 0.000300
21 0.219632 1 0.000050
22 0.229629 4 0.000200
23 0.239625 10 0.000500
24 0.249622 26 0.001300
25 0.259618 30 0.001500
26 0.269615 30 0.001500
27 0.279611 41 0.002050
28 0.289608 37 0.001850
29 0.299604 25 0.001250
30 0.309601 117 0.005850
31 0.319597 72 0.003600
32 0.329594 198 0.009900
33 0.339590 91 0.004550
34 0.349587 60 0.003000
35 0.359583 15 0.000750
36 0.369580 21 0.001050
37 0.379577 21 0.001050
38 0.389573 27 0.001350
39 0.399570 30 0.001500
40 0.409566 28 0.001400
41 0.419563 32 0.001600
42 0.429559 32 0.001600
43 0.439556 36 0.001800
44 0.449552 62 0.003100
45 0.459549 60 0.003000
46 0.469545 78 0.003900
47 0.479542 78 0.003900
48 0.489538 131 0.006550
49 0.499535 106 0.005300
50 0.509531 131 0.006550
51 0.519528 192 0.009600
52 0.529524 197 0.009850
53 0.539521 245 0.012250
54 0.549517 387 0.019350
55 0.559514 464 0.023200
56 0.569510 809 0.040450
57 0.579507 1955 0.097750
58 0.589503 2673 0.133650
59 0.599500 1672 0.083600
60 0.609496 952 0.047600
61 0.619493 827 0.041350
62 0.629489 552 0.027600
63 0.639486 335 0.016750
64 0.649482 271 0.013550
65 0.659479 284 0.014200
66 0.669475 227 0.011350
67 0.679472 206 0.010300
68 0.689468 190 0.009500
69 0.699465 169 0.008450
70 0.709461 153 0.007650
71 0.719458 149 0.007450
72 0.729454 161 0.008050
73 0.739451 170 0.008500
74 0.749447 171 0.008550
75 0.759444 168 0.008400
76 0.769440 202 0.010100
77 0.779437 169 0.008450
78 0.789433 190 0.009500
79 0.799430 146 0.007300
80 0.809426 141 0.007050
81 0.819423 229 0.011450
82 0.829419 257 0.012850
83 0.839416 225 0.011250
84 0.849412 247 0.012350
85 0.859409 437 0.021850
86 0.869405 394 0.019700
87 0.879402 377 0.018850
88 0.889398 258 0.012900
89 0.899395 251 0.012550
90 0.909391 270 0.013500
91 0.919388 342 0.017100
92 0.929385 244 0.012200
93 0.939381 163 0.008150
94 0.949378 62 0.003100
95 0.959374 45 0.002250
96 0.969371 42 0.002100
97 0.979367 19 0.000950
98 0.989364 6 0.000300
99 0.999360 1 0.000050
