0 0.060955 9 0.000450
1 0.070722 4 0.000200
2 0.080490 4 0.000200
3 0.090258 4 0.000200
4 0.100025 5 0.000250
5 0.109793 5 0.000250
6 0.119561 3 0.000150
7 0.129328 5 0.000250
8 0.139096 0 0.000000
9 0.148863 4 0.000200
10 0.158631 3 0.000150
11 0.168399 7 0.000350
12 0.178166 7 0.000350
13 0.187934 5 0.000250
14 0.197702 3 0.000150
15 0.207469 4 0.000200
16 0.217237 2 0.000100
17 0.227004 5 0.000250
18 0.236772 1 0.000050
19 0.246540 16 0.000800
20 0.256307 26 0.001300
21 0.266075 38 0.001900
22 0.275842 45 0.002250
23 0.285610 34 0.001700
24 0.295378 34 0.001700
25 0.305145 35 0.001750
26 0.314913 51 0.002550
27 0.324681 158 0.007900
28 0.334448 164 0.008200
29 0.344216 70 0.003500
30 0.353983 57 0.002850
31 0.363751 21 0.001050
32 0.373519 21 0.001050
33 0.383286 19 0.000950
34 0.393054 19 0.000950
35 0.402822 26 0.001300
36 0.412589 33 0.001650
37 0.422357 28 0.001400
38 0.432124 42 0.002100
39 0.441892 26 0.001300
40 0.451660 55 0.002750
41 0.461427 48 0.002400
42 0.471195 61 0.003050
43 0.480963 91 0.004550
44 0.490730 110 0.005500
45 0.500498 111 0.005550
46 0.510265 111 0.005550
47 0.520033 111 0.005550
48 0.529801 197 0.009850
49 0.539568 217 0.010850
50 0.549336 275 0.013750
51 0.559104 347 0.017350
52 0.568871 462 0.023100
53 0.578639 773 0.038650
54 0.588406 2002 0.100100
55 0.598174 2356 0.117800
56 0.607942 1795 0.089750
57 0.617709 1043 0.052150
58 0.627477 721 0.036050
59 0.637245 560 0.028000
60 0.647012 380 0.019000
61 0.656780 279 0.013950
62 0.666547 270 0.013500
63 0.676315 222 0.011100
64 0.686083 200 0.010000
65 0.695850 197 0.009850
66 0.705618 176 0.008800
67 0.715386 147 0.007350
68 0.725153 154 0.007700
69 0.734921 143 0.007150
70 0.744688 145 0.007250
71 0.754456 162 0.008100
72 0.764224 192 0.009600
73 0.773991 151 0.007550
74 0.783759 177 0.008850
75 0.793527 199 0.009950
76 0.803294 157 0.007850
77 0.813062 116 0.005800
78 0.822829 157 0.007850
79 0.832597 193 0.009650
80 0.842365 257 0.012850
81 0.852132 214 0.010700
82 0.861900 250 0.012500
83 0.871668 308 0.015400
84 0.881435 367 0.018350
85 0.891203 435 0.021750
86 0.900970 277 0.013850
87 0.910738 223 0.011150
88 0.920506 232 0.011600
89 0.930273 298 0.014900
90 0.940041 334 0.016700
91 0.949808 253 0.012650
92 0.959576 94 0.004700
93 0.969344 58 0.002900
94 0.979111 40 0.002000
95 0.988879 21 0.001050
96 0.998647 21 0.001050
97 1.008414 4 0.000200
98 1.018182 7 0.000350
99 1.027949 1 0.000050
