0 0.012166 8 0.000400
1 0.021934 6 0.000300
2 0.031703 4 0.000200
3 0.041471 5 0.000250
4 0.051239 14 0.000700
5 0.061007 9 0.000450
6 0.070776 9 0.000450
7 0.080544 8 0.000400
8 0.090312 14 0.000700
9 0.100080 12 0.000600
10 0.109849 5 0.000250
11 0.119617 18 0.000900
12 0.129385 12 0.000600
13 0.139153 7 0.000350
14 0.148922 11 0.000550
15 0.158690 12 0.000600
16 0.168458 23 0.001150
17 0.178226 17 0.000850
18 0.187995 21 0.001050
19 0.197763 23 0.001150
20 0.207531 35 0.001750
21 0.217299 32 0.001600
22 0.227068 29 0.001450
23 0.236836 25 0.001250
24 0.246604 41 0.002050
25 0.256372 41 0.002050
26 0.266141 39 0.001950
27 0.275909 64 0.003200
28 0.285677 55 0.002750
29 0.295445 62 0.003100
30 0.305214 56 0.002800
31 0.314982 82 0.004100
32 0.324750 95 0.004750
33 0.334518 71 0.003550
34 0.344287 72 0.003600
35 0.354055 89 0.004450
36 0.363823 131 0.006550
37 0.373591 131 0.006550
38 0.383360 186 0.009300
39 0.393128 185 0.009250
40 0.402896 215 0.010750
41 0.412665 241 0.012050
42 0.422433 317 0.015850
43 0.432201 378 0.018900
44 0.441969 410 0.020500
45 0.451738 542 0.027100
46 0.461506 755 0.037750
47 0.471274 1053 0.052650
48 0.481042 1676 0.083800
49 0.490811 3120 0.156000
50 0.500579 2738 0.136900
51 0.510347 1496 0.074800
52 0.520115 998 0.049900
53 0.529884 651 0.032550
54 0.539652 482 0.024100
55 0.549420 368 0.018400
56 0.559188 405 0.020250
57 0.568957 324 0.016200
58 0.578725 331 0.016550
59 0.588493 144 0.007200
60 0.598261 183 0.009150
61 0.608030 147 0.007350
62 0.617798 137 0.006850
63 0.627566 115 0.005750
64 0.637334 87 0.004350
65 0.647103 91 0.004550
66 0.656871 84 0.004200
67 0.666639 95 0.004750
68 0.676407 79 0.003950
69 0.686176 56 0.002800
70 0.695944 47 0.002350
71 0.705712 29 0.001450
72 0.715480 49 0.002450
73 0.725249 39 0.001950
74 0.735017 31 0.001550
75 0.744785 29 0.001450
76 0.754553 24 0.001200
77 0.764322 30 0.001500
78 0.774090 22 0.001100
79 0.783858 28 0.001400
80 0.793626 21 0.001050
81 0.803395 14 0.000700
82 0.813163 16 0.000800
83 0.822931 21 0.001050
84 0.832700 17 0.000850
85 0.842468 12 0.000600
86 0.852236 5 0.000250
87 0.862004 9 0.000450
88 0.871773 5 0.000250
89 0.881541 8 0.000400
90 0.891309 9 0.000450
91 0.901077 9 0.000450
92 0.910846 10 0.000500
93 0.920614 11 0.000550
94 0.930382 15 0.000750
95 0.940150 5 0.000250
96 0.949919 0 0.000000
97 0.959687 3 0.000150
98 0.969455 4 0.000200
99 0.979223 1 0.000050
