0 0.012668 5 0.000083
1 0.022923 6 0.000100
2 0.033179 10 0.000167
3 0.043434 6 0.000100
4 0.053689 14 0.000233
5 0.063945 10 0.000167
6 0.074200 16 0.000267
7 0.084455 14 0.000233
8 0.094711 18 0.000300
9 0.104966 19 0.000317
10 0.115222 22 0.000367
11 0.125477 15 0.000250
12 0.135732 14 0.000233
13 0.145988 14 0.000233
14 0.156243 20 0.000333
15 0.166498 31 0.000517
16 0.176754 22 0.000367
17 0.187009 27 0.000450
18 0.197265 25 0.000417
19 0.207520 41 0.000683
20 0.217775 30 0.000500
21 0.228031 38 0.000633
22 0.238286 27 0.000450
23 0.248541 66 0.001100
24 0.258797 63 0.001050
25 0.269052 99 0.001650
26 0.279307 85 0.001417
27 0.289563 102 0.001700
28 0.299818 87 0.001450
29 0.310074 124 0.002067
30 0.320329 138 0.002300
31 0.330584 352 0.005867
32 0.340840 157 0.002617
33 0.351095 141 0.002350
34 0.361350 158 0.002633
35 0.371606 135 0.002250
36 0.381861 174 0.002900
37 0.392117 206 0.003433
38 0.402372 232 0.003867
39 0.412627 266 0.004433
40 0.422883 297 0.004950
41 0.433138 428 0.007133
42 0.443393 489 0.008150
43 0.453649 590 0.009833
44 0.463904 829 0.013817
45 0.474159 1422 0.023700
46 0.484415 2255 0.037583
47 0.494670 6281 0.104683
48 0.504926 14095 0.234917
49 0.515181 4807 0.080117
50 0.525436 2062 0.034367
51 0.535692 1269 0.021150
52 0.545947 1026 0.017100
53 0.556202 830 0.013833
54 0.566458 930 0.015500
55 0.576713 1095 0.018250
56 0.586969 2213 0.036883
57 0.597224 2682 0.044700
58 0.607479 2089 0.034817
59 0.617735 1248 0.020800
60 0.627990 889 0.014817
61 0.638245 692 0.011533
62 0.648501 457 0.007617
63 0.658756 385 0.006417
64 0.669011 356 0.005933
65 0.679267 309 0.005150
66 0.689522 288 0.004800
67 0.699778 227 0.003783
68 0.710033 239 0.003983
69 0.720288 206 0.003433
70 0.730544 203 0.003383
71 0.740799 178 0.002967
72 0.751054 183 0.003050
73 0.761310 233 0.003883
74 0.771565 197 0.003283
75 0.781821 201 0.003350
76 0.792076 234 0.003900
77 0.802331 194 0.003233
78 0.812587 142 0.002367
79 0.822842 186 0.003100
80 0.833097 244 0.004067
81 0.843353 267 0.004450
82 0.853608 232 0.003867
83 0.863863 284 0.004733
84 0.874119 391 0.006517
85 0.884374 404 0.006733
86 0.894630 412 0.006867
87 0.904885 258 0.004300
88 0.915140 241 0.004017
89 0.925396 298 0.004967
90 0.935651 352 0.005867
91 0.945906 321 0.005350
92 0.956162 167 0.002783
93 0.966417 51 0.000850
94 0.976673 48 0.000800
95 0.986928 27 0.000450
96 0.997183 24 0.000400
97 1.007439 6 0.000100
98 1.017694 7 0.000117
99 1.027949 1 0.000017
