0 0.094818 1 0.000050
1 0.102770 0 0.000000
2 0.110723 0 0.000000
3 0.118675 1 0.000050
4 0.126627 2 0.000100
5 0.134579 0 0.000000
6 0.142532 0 0.000000
7 0.150484 0 0.000000
8 0.158436 0 0.000000
9 0.166388 0 0.000000
10 0.174341 0 0.000000
11 0.182293 0 0.000000
12 0.190245 2 0.000100
13 0.198197 2 0.000100
14 0.206149 4 0.000200
15 0.214102 8 0.000400
16 0.222054 2 0.000100
17 0.230006 0 0.000000
18 0.237958 1 0.000050
19 0.245911 1 0.000050
20 0.253863 0 0.000000
21 0.261815 1 0.000050
22 0.269767 3 0.000150
23 0.277719 3 0.000150
24 0.285672 2 0.000100
25 0.293624 7 0.000350
26 0.301576 22 0.001100
27 0.309528 28 0.001400
28 0.317481 55 0.002750
29 0.325433 81 0.004050
30 0.333385 66 0.003300
31 0.341337 40 0.002000
32 0.349289 82 0.004100
33 0.357242 106 0.005300
34 0.365194 163 0.008150
35 0.373146 290 0.014500
36 0.381098 163 0.008150
37 0.389051 174 0.008700
38 0.397003 166 0.008300
39 0.404955 240 0.012000
40 0.412907 320 0.016000
41 0.420860 583 0.029150
42 0.428812 819 0.040950
43 0.436764 380 0.019000
44 0.444716 317 0.015850
45 0.452668 475 0.023750
46 0.460621 518 0.025900
47 0.468573 814 0.040700
48 0.476525 501 0.025050
49 0.484477 580 0.029000
50 0.492430 770 0.038500
51 0.500382 4263 0.213150
52 0.508334 689 0.034450
53 0.516286 608 0.030400
54 0.524238 1007 0.050350
55 0.532191 878 0.043900
56 0.540143 402 0.020100
57 0.548095 412 0.020600
58 0.556047 531 0.026550
59 0.564000 510 0.025500
60 0.571952 571 0.028550
61 0.579904 292 0.014600
62 0.587856 264 0.013200
63 0.595809 181 0.009050
64 0.603761 232 0.011600
65 0.611713 191 0.009550
66 0.619665 263 0.013150
67 0.627617 324 0.016200
68 0.635570 88 0.004400
69 0.643522 56 0.002800
70 0.651474 85 0.004250
71 0.659426 75 0.003750
72 0.667379 95 0.004750
73 0.675331 79 0.003950
74 0.683283 30 0.001500
75 0.691235 12 0.000600
76 0.699187 20 0.001000
77 0.707140 21 0.001050
78 0.715092 4 0.000200
79 0.723044 0 0.000000
80 0.730996 0 0.000000
81 0.738949 1 0.000050
82 0.746901 0 0.000000
83 0.754853 1 0.000050
84 0.762805 0 0.000000
85 0.770757 2 0.000100
86 0.778710 0 0.000000
87 0.786662 4 0.000200
88 0.794614 6 0.000300
89 0.802566 8 0.000400
90 0.810519 1 0.000050
91 0.818471 0 0.000000
92 0.826423 0 0.000000
93 0.834375 0 0.000000
94 0.842328 0 0.000000
95 0.850280 0 0.000000
96 0.858232 0 0.000000
97 0.866184 0 0.000000
98 0.874136 1 0.000050
99 0.882089 0 0.000000
