0 0.009706 7 0.000117
1 0.019702 8 0.000133
2 0.029699 10 0.000167
3 0.039695 9 0.000150
4 0.049692 18 0.000300
5 0.059688 16 0.000267
6 0.069685 10 0.000167
7 0.079681 13 0.000217
8 0.089678 21 0.000350
9 0.099674 16 0.000267
10 0.109671 11 0.000183
11 0.119667 24 0.000400
12 0.129664 14 0.000233
13 0.139660 12 0.000200
14 0.149657 15 0.000250
15 0.159653 21 0.000350
16 0.169650 23 0.000383
17 0.179646 18 0.000300
18 0.189643 24 0.000400
19 0.199639 33 0.000550
20 0.209636 48 0.000800
21 0.219632 36 0.000600
22 0.229629 37 0.000617
23 0.239625 41 0.000683
24 0.249622 65 0.001083
25 0.259618 70 0.001167
26 0.269615 89 0.001483
27 0.279611 112 0.001867
28 0.289608 88 0.001467
29 0.299604 116 0.001933
30 0.309601 225 0.003750
31 0.319597 242 0.004033
32 0.329594 381 0.006350
33 0.339590 216 0.003600
34 0.349587 252 0.004200
35 0.359583 290 0.004833
36 0.369580 496 0.008267
37 0.379577 406 0.006767
38 0.389573 420 0.007000
39 0.399570 461 0.007683
40 0.409566 658 0.010967
41 0.419563 1093 0.018217
42 0.429559 1301 0.021683
43 0.439556 811 0.013517
44 0.449552 1108 0.018467
45 0.459549 1482 0.024700
46 0.469545 2031 0.033850
47 0.479542 2297 0.038283
48 0.489538 4078 0.067967
49 0.499535 7526 0.125433
50 0.509531 2551 0.042517
51 0.519528 2202 0.036700
52 0.529524 2069 0.034483
53 0.539521 1259 0.020983
54 0.549517 1326 0.022100
55 0.559514 1496 0.024933
56 0.569510 1906 0.031767
57 0.579507 2639 0.043983
58 0.589503 3122 0.052033
59 0.599500 2101 0.035017
60 0.609496 1358 0.022633
61 0.619493 1361 0.022683
62 0.629489 904 0.015067
63 0.639486 505 0.008417
64 0.649482 464 0.007733
65 0.659479 468 0.007800
66 0.669475 447 0.007450
67 0.679472 336 0.005600
68 0.689468 255 0.004250
69 0.699465 238 0.003967
70 0.709461 213 0.003550
71 0.719458 192 0.003200
72 0.729454 191 0.003183
73 0.739451 207 0.003450
74 0.749447 193 0.003217
75 0.759444 203 0.003383
76 0.769440 230 0.003833
77 0.779437 199 0.003317
78 0.789433 217 0.003617
79 0.799430 171 0.002850
80 0.809426 163 0.002717
81 0.819423 246 0.004100
82 0.829419 271 0.004517
83 0.839416 240 0.004000
84 0.849412 256 0.004267
85 0.859409 444 0.007400
86 0.869405 401 0.006683
87 0.879402 385 0.006417
88 0.889398 266 0.004433
89 0.899395 262 0.004367
90 0.909391 281 0.004683
91 0.919388 353 0.005883
92 0.929385 258 0.004300
93 0.939381 169 0.002817
94 0.949378 62 0.001033
95 0.959374 48 0.000800
96 0.969371 47 0.000783
97 0.979367 19 0.000317
98 0.989364 6 0.000100
99 0.999360 1 0.000017
