0 0.000000 51269 0.854483
1 0.002392 2570 0.042833
2 0.004784 1731 0.028850
3 0.007176 1163 0.019383
4 0.009568 723 0.012050
5 0.011960 578 0.009633
6 0.014352 435 0.007250
7 0.016744 394 0.006567
8 0.019137 298 0.004967
9 0.021529 222 0.003700
10 0.023921 138 0.002300
11 0.026313 133 0.002217
12 0.028705 83 0.001383
13 0.031097 59 0.000983
14 0.033489 56 0.000933
15 0.035881 25 0.000417
16 0.038273 34 0.000567
17 0.040665 17 0.000283
18 0.043057 9 0.000150
19 0.045449 3 0.000050
20 0.047841 2 0.000033
21 0.050233 2 0.000033
22 0.052626 3 0.000050
23 0.055018 1 0.000017
24 0.057410 1 0.000017
25 0.059802 2 0.000033
26 0.062194 3 0.000050
27 0.064586 2 0.000033
28 0.066978 6 0.000100
29 0.069370 5 0.000083
30 0.071762 2 0.000033
31 0.074154 1 0.000017
32 0.076546 2 0.000033
33 0.078938 3 0.000050
34 0.081330 0 0.000000
35 0.083722 1 0.000017
36 0.086114 5 0.000083
37 0.088507 1 0.000017
38 0.090899 2 0.000033
39 0.093291 2 0.000033
40 0.095683 2 0.000033
41 0.098075 0 0.000000
42 0.100467 0 0.000000
43 0.102859 1 0.000017
44 0.105251 0 0.000000
45 0.107643 0 0.000000
46 0.110035 1 0.000017
47 0.112427 0 0.000000
48 0.114819 0 0.000000
49 0.117211 0 0.000000
50 0.119603 0 0.000000
51 0.121996 0 0.000000
52 0.124388 0 0.000000
53 0.126780 0 0.000000
54 0.129172 1 0.000017
55 0.131564 1 0.000017
56 0.133956 0 0.000000
57 0.136348 0 0.000000
58 0.138740 2 0.000033
59 0.141132 1 0.000017
60 0.143524 1 0.000017
61 0.145916 0 0.000000
62 0.148308 0 0.000000
63 0.150700 0 0.000000
64 0.153092 0 0.000000
65 0.155484 0 0.000000
66 0.157877 1 0.000017
67 0.160269 0 0.000000
68 0.162661 0 0.000000
69 0.165053 0 0.000000
70 0.167445 0 0.000000
71 0.169837 0 0.000000
72 0.172229 0 0.000000
73 0.174621 0 0.000000
74 0.177013 0 0.000000
75 0.179405 0 0.000000
76 0.181797 0 0.000000
77 0.184189 0 0.000000
78 0.186581 0 0.000000
79 0.188973 0 0.000000
80 0.191365 0 0.000000
81 0.193758 0 0.000000
82 0.196150 0 0.000000
83 0.198542 0 0.000000
84 0.200934 0 0.000000
85 0.203326 0 0.000000
86 0.205718 0 0.000000
87 0.208110 0 0.000000
88 0.210502 0 0.000000
89 0.212894 0 0.000000
90 0.215286 1 0.000017
91 0.217678 0 0.000000
92 0.220070 0 0.000000
93 0.222462 0 0.000000
94 0.224854 1 0.000017
95 0.227247 0 0.000000
96 0.229639 0 0.000000
97 0.232031 0 0.000000
98 0.234423 0 0.000000
99 0.236815 1 0.000017
