0 -0.475911 2 0.000100
1 -0.466188 0 0.000000
2 -0.456466 0 0.000000
3 -0.446743 0 0.000000
4 -0.437020 0 0.000000
5 -0.427298 0 0.000000
6 -0.417575 0 0.000000
7 -0.407852 0 0.000000
8 -0.398129 0 0.000000
9 -0.388407 1 0.000050
10 -0.378684 2 0.000100
11 -0.368961 2 0.000100
12 -0.359239 0 0.000000
13 -0.349516 0 0.000000
14 -0.339793 1 0.000050
15 -0.330070 1 0.000050
16 -0.320348 0 0.000000
17 -0.310625 3 0.000150
18 -0.300902 1 0.000050
19 -0.291180 3 0.000150
20 -0.281457 3 0.000150
21 -0.271734 5 0.000250
22 -0.262012 3 0.000150
23 -0.252289 0 0.000000
24 -0.242566 1 0.000050
25 -0.232844 4 0.000200
26 -0.223121 2 0.000100
27 -0.213398 13 0.000650
28 -0.203675 39 0.001950
29 -0.193953 46 0.002300
30 -0.184230 71 0.003550
31 -0.174507 72 0.003600
32 -0.164785 67 0.003350
33 -0.155062 173 0.008650
34 -0.145339 253 0.012650
35 -0.135617 256 0.012800
36 -0.125894 202 0.010100
37 -0.116171 246 0.012300
38 -0.106448 367 0.018350
39 -0.096726 542 0.027100
40 -0.087003 811 0.040550
41 -0.077280 692 0.034600
42 -0.067558 413 0.020650
43 -0.057835 588 0.029400
44 -0.048112 815 0.040750
45 -0.038390 798 0.039900
46 -0.028667 828 0.041400
47 -0.018944 1803 0.090150
48 -0.009221 3002 0.150100
49 0.000501 935 0.046750
50 0.010224 1148 0.057400
51 0.019947 1121 0.056050
52 0.029669 545 0.027250
53 0.039392 497 0.024850
54 0.049115 570 0.028500
55 0.058837 688 0.034400
56 0.068560 377 0.018850
57 0.078283 266 0.013300
58 0.088006 279 0.013950
59 0.097728 260 0.013000
60 0.107451 313 0.015650
61 0.117174 238 0.011900
62 0.126896 180 0.009000
63 0.136619 96 0.004800
64 0.146342 113 0.005650
65 0.156064 105 0.005250
66 0.165787 69 0.003450
67 0.175510 15 0.000750
68 0.185232 13 0.000650
69 0.194955 10 0.000500
70 0.204678 4 0.000200
71 0.214401 2 0.000100
72 0.224123 1 0.000050
73 0.233846 2 0.000100
74 0.243569 3 0.000150
75 0.253291 6 0.000300
76 0.263014 2 0.000100
77 0.272737 0 0.000000
78 0.282459 0 0.000000
79 0.292182 6 0.000300
80 0.301905 2 0.000100
81 0.311628 0 0.000000
82 0.321350 0 0.000000
83 0.331073 0 0.000000
84 0.340796 0 0.000000
85 0.350518 0 0.000000
86 0.360241 0 0.000000
87 0.369964 1 0.000050
88 0.379687 0 0.000000
89 0.389409 1 0.000050
90 0.399132 0 0.000000
91 0.408855 0 0.000000
92 0.418577 0 0.000000
93 0.428300 0 0.000000
94 0.438023 0 0.000000
95 0.447745 0 0.000000
96 0.457468 0 0.000000
97 0.467191 0 0.000000
98 0.476913 0 0.000000
99 0.486636 1 0.000050
