0 -0.475911 2 0.000033
1 -0.466188 0 0.000000
2 -0.456466 0 0.000000
3 -0.446743 0 0.000000
4 -0.437020 0 0.000000
5 -0.427298 0 0.000000
6 -0.417575 0 0.000000
7 -0.407852 0 0.000000
8 -0.398129 0 0.000000
9 -0.388407 1 0.000017
10 -0.378684 2 0.000033
11 -0.368961 2 0.000033
12 -0.359239 0 0.000000
13 -0.349516 0 0.000000
14 -0.339793 1 0.000017
15 -0.330070 1 0.000017
16 -0.320348 0 0.000000
17 -0.310625 3 0.000050
18 -0.300902 1 0.000017
19 -0.291180 3 0.000050
20 -0.281457 3 0.000050
21 -0.271734 5 0.000083
22 -0.262012 3 0.000050
23 -0.252289 0 0.000000
24 -0.242566 1 0.000017
25 -0.232844 4 0.000067
26 -0.223121 2 0.000033
27 -0.213398 13 0.000217
28 -0.203675 39 0.000650
29 -0.193953 46 0.000767
30 -0.184230 71 0.001183
31 -0.174507 72 0.001200
32 -0.164785 68 0.001133
33 -0.155062 174 0.002900
34 -0.145339 255 0.004250
35 -0.135617 257 0.004283
36 -0.125894 204 0.003400
37 -0.116171 254 0.004233
38 -0.106448 374 0.006233
39 -0.096726 548 0.009133
40 -0.087003 818 0.013633
41 -0.077280 712 0.011867
42 -0.067558 459 0.007650
43 -0.057835 666 0.011100
44 -0.048112 1033 0.017217
45 -0.038390 1405 0.023417
46 -0.028667 3094 0.051567
47 -0.018944 13053 0.217550
48 -0.009221 21534 0.358900
49 0.000501 6209 0.103483
50 0.010224 2209 0.036817
51 0.019947 1443 0.024050
52 0.029669 681 0.011350
53 0.039392 559 0.009317
54 0.049115 616 0.010267
55 0.058837 703 0.011717
56 0.068560 386 0.006433
57 0.078283 268 0.004467
58 0.088006 282 0.004700
59 0.097728 266 0.004433
60 0.107451 315 0.005250
61 0.117174 238 0.003967
62 0.126896 184 0.003067
63 0.136619 99 0.001650
64 0.146342 113 0.001883
65 0.156064 105 0.001750
66 0.165787 69 0.001150
67 0.175510 15 0.000250
68 0.185232 14 0.000233
69 0.194955 10 0.000167
70 0.204678 4 0.000067
71 0.214401 2 0.000033
72 0.224123 1 0.000017
73 0.233846 2 0.000033
74 0.243569 4 0.000067
75 0.253291 6 0.000100
76 0.263014 2 0.000033
77 0.272737 0 0.000000
78 0.282459 1 0.000017
79 0.292182 6 0.000100
80 0.301905 2 0.000033
81 0.311628 0 0.000000
82 0.321350 0 0.000000
83 0.331073 0 0.000000
84 0.340796 0 0.000000
85 0.350518 0 0.000000
86 0.360241 0 0.000000
87 0.369964 1 0.000017
88 0.379687 0 0.000000
89 0.389409 1 0.000017
90 0.399132 0 0.000000
91 0.408855 0 0.000000
92 0.418577 0 0.000000
93 0.428300 0 0.000000
94 0.438023 0 0.000000
95 0.447745 0 0.000000
96 0.457468 0 0.000000
97 0.467191 0 0.000000
98 0.476913 0 0.000000
99 0.486636 1 0.000017
