0 -0.115581 3 0.000150
1 -0.111544 3 0.000150
2 -0.107508 2 0.000100
3 -0.103471 1 0.000050
4 -0.099435 3 0.000150
5 -0.095398 2 0.000100
6 -0.091361 4 0.000200
7 -0.087325 3 0.000150
8 -0.083288 0 0.000000
9 -0.079252 0 0.000000
10 -0.075215 1 0.000050
11 -0.071179 0 0.000000
12 -0.067142 2 0.000100
13 -0.063106 1 0.000050
14 -0.059069 4 0.000200
15 -0.055033 3 0.000150
16 -0.050996 42 0.002100
17 -0.046959 32 0.001600
18 -0.042923 65 0.003250
19 -0.038886 77 0.003850
20 -0.034850 167 0.008350
21 -0.030813 253 0.012650
22 -0.026777 428 0.021400
23 -0.022740 1002 0.050100
24 -0.018704 1550 0.077500
25 -0.014667 3229 0.161450
26 -0.010631 4479 0.223950
27 -0.006594 3466 0.173300
28 -0.002557 2235 0.111750
29 0.001479 1250 0.062500
30 0.005516 705 0.035250
31 0.009552 403 0.020150
32 0.013589 173 0.008650
33 0.017625 120 0.006000
34 0.021662 75 0.003750
35 0.025698 58 0.002900
36 0.029735 35 0.001750
37 0.033771 24 0.001200
38 0.037808 12 0.000600
39 0.041845 19 0.000950
40 0.045881 11 0.000550
41 0.049918 9 0.000450
42 0.053954 10 0.000500
43 0.057991 10 0.000500
44 0.062027 2 0.000100
45 0.066064 2 0.000100
46 0.070100 1 0.000050
47 0.074137 1 0.000050
48 0.078173 0 0.000000
49 0.082210 1 0.000050
50 0.086247 1 0.000050
51 0.090283 1 0.000050
52 0.094320 2 0.000100
53 0.098356 4 0.000200
54 0.102393 2 0.000100
55 0.106429 1 0.000050
56 0.110466 0 0.000000
57 0.114502 1 0.000050
58 0.118539 0 0.000000
59 0.122575 0 0.000000
60 0.126612 1 0.000050
61 0.130648 3 0.000150
62 0.134685 1 0.000050
63 0.138722 1 0.000050
64 0.142758 1 0.000050
65 0.146795 0 0.000000
66 0.150831 0 0.000000
67 0.154868 0 0.000000
68 0.158904 0 0.000000
69 0.162941 0 0.000000
70 0.166977 0 0.000000
71 0.171014 0 0.000000
72 0.175050 0 0.000000
73 0.179087 0 0.000000
74 0.183124 1 0.000050
75 0.187160 0 0.000000
76 0.191197 0 0.000000
77 0.195233 0 0.000000
78 0.199270 0 0.000000
79 0.203306 0 0.000000
80 0.207343 0 0.000000
81 0.211379 0 0.000000
82 0.215416 0 0.000000
83 0.219452 0 0.000000
84 0.223489 0 0.000000
85 0.227526 0 0.000000
86 0.231562 0 0.000000
87 0.235599 0 0.000000
88 0.239635 0 0.000000
89 0.243672 0 0.000000
90 0.247708 0 0.000000
91 0.251745 1 0.000050
92 0.255781 0 0.000000
93 0.259818 0 0.000000
94 0.263854 0 0.000000
95 0.267891 0 0.000000
96 0.271928 0 0.000000
97 0.275964 0 0.000000
98 0.280001 0 0.000000
99 0.284037 1 0.000050
