0 0.092037 16 0.000800
1 0.101289 10 0.000500
2 0.110540 6 0.000300
3 0.119792 4 0.000200
4 0.129043 3 0.000150
5 0.138294 3 0.000150
6 0.147546 13 0.000650
7 0.156797 6 0.000300
8 0.166049 2 0.000100
9 0.175300 2 0.000100
10 0.184551 2 0.000100
11 0.193803 6 0.000300
12 0.203054 16 0.000800
13 0.212306 11 0.000550
14 0.221557 11 0.000550
15 0.230809 12 0.000600
16 0.240060 9 0.000450
17 0.249311 23 0.001150
18 0.258563 18 0.000900
19 0.267814 34 0.001700
20 0.277066 37 0.001850
21 0.286317 57 0.002850
22 0.295568 51 0.002550
23 0.304820 55 0.002750
24 0.314071 55 0.002750
25 0.323323 163 0.008150
26 0.332574 204 0.010200
27 0.341825 23 0.001150
28 0.351077 22 0.001100
29 0.360328 19 0.000950
30 0.369580 16 0.000800
31 0.378831 19 0.000950
32 0.388082 18 0.000900
33 0.397334 22 0.001100
34 0.406585 29 0.001450
35 0.415837 15 0.000750
36 0.425088 24 0.001200
37 0.434340 27 0.001350
38 0.443591 30 0.001500
39 0.452842 28 0.001400
40 0.462094 46 0.002300
41 0.471345 56 0.002800
42 0.480597 68 0.003400
43 0.489848 70 0.003500
44 0.499099 102 0.005100
45 0.508351 123 0.006150
46 0.517602 122 0.006100
47 0.526854 135 0.006750
48 0.536105 184 0.009200
49 0.545356 200 0.010000
50 0.554608 295 0.014750
51 0.563859 508 0.025400
52 0.573111 597 0.029850
53 0.582362 1273 0.063650
54 0.591613 2141 0.107050
55 0.600865 2818 0.140900
56 0.610116 1353 0.067650
57 0.619368 803 0.040150
58 0.628619 612 0.030600
59 0.637871 417 0.020850
60 0.647122 341 0.017050
61 0.656373 258 0.012900
62 0.665625 218 0.010900
63 0.674876 202 0.010100
64 0.684128 175 0.008750
65 0.693379 164 0.008200
66 0.702630 132 0.006600
67 0.711882 175 0.008750
68 0.721133 152 0.007600
69 0.730385 107 0.005350
70 0.739636 111 0.005550
71 0.748887 110 0.005500
72 0.758139 141 0.007050
73 0.767390 138 0.006900
74 0.776642 139 0.006950
75 0.785893 159 0.007950
76 0.795144 133 0.006650
77 0.804396 165 0.008250
78 0.813647 197 0.009850
79 0.822899 150 0.007500
80 0.832150 203 0.010150
81 0.841401 229 0.011450
82 0.850653 276 0.013800
83 0.859904 228 0.011400
84 0.869156 287 0.014350
85 0.878407 344 0.017200
86 0.887658 346 0.017300
87 0.896910 291 0.014550
88 0.906161 218 0.010900
89 0.915413 227 0.011350
90 0.924664 260 0.013000
91 0.933916 239 0.011950
92 0.943167 173 0.008650
93 0.952418 101 0.005050
94 0.961670 75 0.003750
95 0.970921 40 0.002000
96 0.980173 33 0.001650
97 0.989424 13 0.000650
98 0.998675 5 0.000250
99 1.007927 1 0.000050
