0 0.465056 3 0.000150
1 0.465966 0 0.000000
2 0.466875 1 0.000050
3 0.467785 1 0.000050
4 0.468694 3 0.000150
5 0.469604 2 0.000100
6 0.470513 1 0.000050
7 0.471423 0 0.000000
8 0.472332 2 0.000100
9 0.473242 4 0.000200
10 0.474151 2 0.000100
11 0.475061 10 0.000500
12 0.475970 7 0.000350
13 0.476880 3 0.000150
14 0.477789 13 0.000650
15 0.478699 11 0.000550
16 0.479608 14 0.000700
17 0.480518 17 0.000850
18 0.481427 19 0.000950
19 0.482337 23 0.001150
20 0.483246 27 0.001350
21 0.484156 23 0.001150
22 0.485065 25 0.001250
23 0.485975 19 0.000950
24 0.486884 23 0.001150
25 0.487794 26 0.001300
26 0.488703 34 0.001700
27 0.489613 28 0.001400
28 0.490522 36 0.001800
29 0.491432 40 0.002000
30 0.492341 53 0.002650
31 0.493251 76 0.003800
32 0.494160 55 0.002750
33 0.495070 128 0.006400
34 0.495979 100 0.005000
35 0.496889 123 0.006150
36 0.497798 212 0.010600
37 0.498708 195 0.009750
38 0.499617 169 0.008450
39 0.500527 262 0.013100
40 0.501436 302 0.015100
41 0.502346 374 0.018700
42 0.503255 464 0.023200
43 0.504165 606 0.030300
44 0.505074 723 0.036150
45 0.505984 933 0.046650
46 0.506893 949 0.047450
47 0.507803 1303 0.065150
48 0.508712 1266 0.063300
49 0.509622 1255 0.062750
50 0.510531 1209 0.060450
51 0.511441 1298 0.064900
52 0.512350 1220 0.061000
53 0.513260 1036 0.051800
54 0.514169 739 0.036950
55 0.515079 673 0.033650
56 0.515988 557 0.027850
57 0.516898 508 0.025400
58 0.517807 479 0.023950
59 0.518717 345 0.017250
60 0.519626 263 0.013150
61 0.520536 225 0.011250
62 0.521445 170 0.008500
63 0.522355 140 0.007000
64 0.523264 142 0.007100
65 0.524174 116 0.005800
66 0.525083 116 0.005800
67 0.525993 89 0.004450
68 0.526902 80 0.004000
69 0.527812 74 0.003700
70 0.528721 76 0.003800
71 0.529631 67 0.003350
72 0.530540 49 0.002450
73 0.531450 23 0.001150
74 0.532359 29 0.001450
75 0.533269 41 0.002050
76 0.534178 32 0.001600
77 0.535088 29 0.001450
78 0.535997 25 0.001250
79 0.536907 14 0.000700
80 0.537816 22 0.001100
81 0.538725 25 0.001250
82 0.539635 23 0.001150
83 0.540545 24 0.001200
84 0.541454 10 0.000500
85 0.542364 10 0.000500
86 0.543273 6 0.000300
87 0.544182 11 0.000550
88 0.545092 6 0.000300
89 0.546001 10 0.000500
90 0.546911 12 0.000600
91 0.547820 1 0.000050
92 0.548730 3 0.000150
93 0.549639 6 0.000300
94 0.550549 0 0.000000
95 0.551458 0 0.000000
96 0.552368 0 0.000000
97 0.553277 0 0.000000
98 0.554187 1 0.000050
99 0.555096 1 0.000050
