0 0.033237 3 0.000050
1 0.043144 1 0.000017
2 0.053051 1 0.000017
3 0.062958 4 0.000067
4 0.072865 5 0.000083
5 0.082772 3 0.000050
6 0.092679 25 0.000417
7 0.102586 16 0.000267
8 0.112493 14 0.000233
9 0.122400 15 0.000250
10 0.132307 10 0.000167
11 0.142215 24 0.000400
12 0.152122 20 0.000333
13 0.162029 24 0.000400
14 0.171936 26 0.000433
15 0.181843 22 0.000367
16 0.191750 20 0.000333
17 0.201657 42 0.000700
18 0.211564 40 0.000667
19 0.221471 38 0.000633
20 0.231378 42 0.000700
21 0.241285 49 0.000817
22 0.251192 51 0.000850
23 0.261100 61 0.001017
24 0.271007 74 0.001233
25 0.280914 96 0.001600
26 0.290821 117 0.001950
27 0.300728 102 0.001700
28 0.310635 135 0.002250
29 0.320542 201 0.003350
30 0.330449 326 0.005433
31 0.340356 129 0.002150
32 0.350263 102 0.001700
33 0.360170 124 0.002067
34 0.370077 122 0.002033
35 0.379984 206 0.003433
36 0.389892 165 0.002750
37 0.399799 223 0.003717
38 0.409706 249 0.004150
39 0.419613 265 0.004417
40 0.429520 335 0.005583
41 0.439427 363 0.006050
42 0.449334 472 0.007867
43 0.459241 581 0.009683
44 0.469148 960 0.016000
45 0.479055 1453 0.024217
46 0.488962 3099 0.051650
47 0.498869 9701 0.161683
48 0.508777 12649 0.210817
49 0.518684 3470 0.057833
50 0.528591 1478 0.024633
51 0.538498 934 0.015567
52 0.548405 663 0.011050
53 0.558312 791 0.013183
54 0.568219 929 0.015483
55 0.578126 1263 0.021050
56 0.588033 2297 0.038283
57 0.597940 3154 0.052567
58 0.607847 1845 0.030750
59 0.617755 1082 0.018033
60 0.627662 791 0.013183
61 0.637569 555 0.009250
62 0.647476 490 0.008167
63 0.657383 361 0.006017
64 0.667290 333 0.005550
65 0.677197 285 0.004750
66 0.687104 247 0.004117
67 0.697011 214 0.003567
68 0.706918 207 0.003450
69 0.716825 205 0.003417
70 0.726732 169 0.002817
71 0.736639 155 0.002583
72 0.746547 128 0.002133
73 0.756454 174 0.002900
74 0.766361 175 0.002917
75 0.776268 170 0.002833
76 0.786175 183 0.003050
77 0.796082 186 0.003100
78 0.805989 187 0.003117
79 0.815896 207 0.003450
80 0.825803 192 0.003200
81 0.835710 247 0.004117
82 0.845617 311 0.005183
83 0.855524 268 0.004467
84 0.865432 293 0.004883
85 0.875339 345 0.005750
86 0.885246 419 0.006983
87 0.895153 320 0.005333
88 0.905060 253 0.004217
89 0.914967 255 0.004250
90 0.924874 282 0.004700
91 0.934781 270 0.004500
92 0.944688 165 0.002750
93 0.954595 91 0.001517
94 0.964502 69 0.001150
95 0.974410 43 0.000717
96 0.984317 31 0.000517
97 0.994224 7 0.000117
98 1.004131 5 0.000083
99 1.014038 1 0.000017
