0 0.013277 4 0.000067
1 0.023242 10 0.000167
2 0.033207 9 0.000150
3 0.043171 5 0.000083
4 0.053136 11 0.000183
5 0.063101 8 0.000133
6 0.073066 7 0.000117
7 0.083030 11 0.000183
8 0.092995 11 0.000183
9 0.102960 10 0.000167
10 0.112924 16 0.000267
11 0.122889 18 0.000300
12 0.132854 15 0.000250
13 0.142819 19 0.000317
14 0.152783 16 0.000267
15 0.162748 16 0.000267
16 0.172713 17 0.000283
17 0.182678 28 0.000467
18 0.192642 22 0.000367
19 0.202607 38 0.000633
20 0.212572 42 0.000700
21 0.222537 37 0.000617
22 0.232501 40 0.000667
23 0.242466 45 0.000750
24 0.252431 66 0.001100
25 0.262396 71 0.001183
26 0.272360 81 0.001350
27 0.282325 110 0.001833
28 0.292290 116 0.001933
29 0.302255 128 0.002133
30 0.312219 226 0.003767
31 0.322184 303 0.005050
32 0.332149 327 0.005450
33 0.342114 243 0.004050
34 0.352078 245 0.004083
35 0.362043 324 0.005400
36 0.372008 498 0.008300
37 0.381973 430 0.007167
38 0.391937 407 0.006783
39 0.401902 569 0.009483
40 0.411867 710 0.011833
41 0.421832 1248 0.020800
42 0.431796 1055 0.017583
43 0.441761 889 0.014817
44 0.451726 1158 0.019300
45 0.461691 1679 0.027983
46 0.471655 1961 0.032683
47 0.481620 2639 0.043983
48 0.491585 4471 0.074517
49 0.501549 7012 0.116867
50 0.511514 2404 0.040067
51 0.521479 2266 0.037767
52 0.531444 1840 0.030667
53 0.541408 1239 0.020650
54 0.551373 1322 0.022033
55 0.561338 1500 0.025000
56 0.571303 2164 0.036067
57 0.581267 2783 0.046383
58 0.591232 3312 0.055200
59 0.601197 1972 0.032867
60 0.611162 1246 0.020767
61 0.621126 1298 0.021633
62 0.631091 799 0.013317
63 0.641056 524 0.008733
64 0.651021 522 0.008700
65 0.660985 382 0.006367
66 0.670950 448 0.007467
67 0.680915 274 0.004567
68 0.690880 253 0.004217
69 0.700844 227 0.003783
70 0.710809 185 0.003083
71 0.720774 200 0.003333
72 0.730739 145 0.002417
73 0.740703 185 0.003083
74 0.750668 163 0.002717
75 0.760633 207 0.003450
76 0.770598 221 0.003683
77 0.780562 160 0.002667
78 0.790527 201 0.003350
79 0.800492 168 0.002800
80 0.810457 167 0.002783
81 0.820421 206 0.003433
82 0.830386 235 0.003917
83 0.840351 258 0.004300
84 0.850316 326 0.005433
85 0.860280 449 0.007483
86 0.870245 400 0.006667
87 0.880210 360 0.006000
88 0.890175 236 0.003933
89 0.900139 215 0.003583
90 0.910104 270 0.004500
91 0.920069 276 0.004600
92 0.930033 227 0.003783
93 0.939998 151 0.002517
94 0.949963 67 0.001117
95 0.959928 61 0.001017
96 0.969892 38 0.000633
97 0.979857 18 0.000300
98 0.989822 8 0.000133
99 0.999787 1 0.000017
