0 0.028895 2 0.000100
1 0.038562 0 0.000000
2 0.048229 0 0.000000
3 0.057897 0 0.000000
4 0.067564 0 0.000000
5 0.077231 0 0.000000
6 0.086898 0 0.000000
7 0.096565 0 0.000000
8 0.106233 0 0.000000
9 0.115900 0 0.000000
10 0.125567 4 0.000200
11 0.135234 1 0.000050
12 0.144902 0 0.000000
13 0.154569 0 0.000000
14 0.164236 0 0.000000
15 0.173903 0 0.000000
16 0.183571 0 0.000000
17 0.193238 2 0.000100
18 0.202905 4 0.000200
19 0.212572 3 0.000150
20 0.222239 8 0.000400
21 0.231907 2 0.000100
22 0.241574 1 0.000050
23 0.251241 0 0.000000
24 0.260908 0 0.000000
25 0.270576 1 0.000050
26 0.280243 0 0.000000
27 0.289910 5 0.000250
28 0.299577 22 0.001100
29 0.309245 43 0.002150
30 0.318912 67 0.003350
31 0.328579 86 0.004300
32 0.338246 49 0.002450
33 0.347913 72 0.003600
34 0.357581 164 0.008200
35 0.367248 316 0.015800
36 0.376915 234 0.011700
37 0.386582 238 0.011900
38 0.396250 236 0.011800
39 0.405917 375 0.018750
40 0.415584 480 0.024000
41 0.425251 1041 0.052050
42 0.434919 506 0.025300
43 0.444586 432 0.021600
44 0.454253 581 0.029050
45 0.463920 927 0.046350
46 0.473587 683 0.034150
47 0.483255 673 0.033650
48 0.492922 3503 0.175150
49 0.502589 1594 0.079700
50 0.512256 761 0.038050
51 0.521924 1155 0.057750
52 0.531591 1003 0.050150
53 0.541258 522 0.026100
54 0.550925 551 0.027550
55 0.560593 521 0.026050
56 0.570260 791 0.039550
57 0.579927 383 0.019150
58 0.589594 268 0.013400
59 0.599262 278 0.013900
60 0.608929 236 0.011800
61 0.618596 292 0.014600
62 0.628263 320 0.016000
63 0.637930 112 0.005600
64 0.647598 96 0.004800
65 0.657265 97 0.004850
66 0.666932 109 0.005450
67 0.676599 67 0.003350
68 0.686267 21 0.001050
69 0.695934 16 0.000800
70 0.705601 19 0.000950
71 0.715268 1 0.000050
72 0.724936 1 0.000050
73 0.734603 2 0.000100
74 0.744270 1 0.000050
75 0.753937 1 0.000050
76 0.763604 2 0.000100
77 0.773272 2 0.000100
78 0.782939 2 0.000100
79 0.792606 9 0.000450
80 0.802273 2 0.000100
81 0.811941 1 0.000050
82 0.821608 0 0.000000
83 0.831275 0 0.000000
84 0.840942 0 0.000000
85 0.850610 1 0.000050
86 0.860277 0 0.000000
87 0.869944 0 0.000000
88 0.879611 0 0.000000
89 0.889278 1 0.000050
90 0.898946 0 0.000000
91 0.908613 0 0.000000
92 0.918280 0 0.000000
93 0.927947 0 0.000000
94 0.937615 0 0.000000
95 0.947282 0 0.000000
96 0.956949 0 0.000000
97 0.966616 0 0.000000
98 0.976284 0 0.000000
99 0.985951 1 0.000050
