0 0.013277 2 0.000100
1 0.022990 4 0.000200
2 0.032704 4 0.000200
3 0.042417 1 0.000050
4 0.052130 7 0.000350
5 0.061843 6 0.000300
6 0.071557 2 0.000100
7 0.081270 6 0.000300
8 0.090983 8 0.000400
9 0.100696 5 0.000250
10 0.110410 8 0.000400
11 0.120123 10 0.000500
12 0.129836 13 0.000650
13 0.139549 9 0.000450
14 0.149263 17 0.000850
15 0.158976 15 0.000750
16 0.168689 13 0.000650
17 0.178403 17 0.000850
18 0.188116 17 0.000850
19 0.197829 20 0.001000
20 0.207542 36 0.001800
21 0.217256 28 0.001400
22 0.226969 24 0.001200
23 0.236682 26 0.001300
24 0.246395 26 0.001300
25 0.256109 28 0.001400
26 0.265822 41 0.002050
27 0.275535 45 0.002250
28 0.285248 72 0.003600
29 0.294962 70 0.003500
30 0.304675 76 0.003800
31 0.314388 61 0.003050
32 0.324102 78 0.003900
33 0.333815 80 0.004000
34 0.343528 77 0.003850
35 0.353241 79 0.003950
36 0.362955 133 0.006650
37 0.372668 115 0.005750
38 0.382381 166 0.008300
39 0.392094 180 0.009000
40 0.401808 202 0.010100
41 0.411521 253 0.012650
42 0.421234 253 0.012650
43 0.430947 324 0.016200
44 0.440661 396 0.019800
45 0.450374 535 0.026750
46 0.460087 703 0.035150
47 0.469801 956 0.047800
48 0.479514 1612 0.080600
49 0.489227 3027 0.151350
50 0.498940 3037 0.151850
51 0.508654 1700 0.085000
52 0.518367 1033 0.051650
53 0.528080 664 0.033200
54 0.537793 508 0.025400
55 0.547507 365 0.018250
56 0.557220 350 0.017500
57 0.566933 362 0.018100
58 0.576646 276 0.013800
59 0.586360 173 0.008650
60 0.596073 173 0.008650
61 0.605786 170 0.008500
62 0.615499 127 0.006350
63 0.625213 122 0.006100
64 0.634926 112 0.005600
65 0.644639 112 0.005600
66 0.654353 101 0.005050
67 0.664066 62 0.003100
68 0.673779 104 0.005200
69 0.683492 68 0.003400
70 0.693206 53 0.002650
71 0.702919 36 0.001800
72 0.712632 26 0.001300
73 0.722345 34 0.001700
74 0.732059 21 0.001050
75 0.741772 24 0.001200
76 0.751485 24 0.001200
77 0.761198 29 0.001450
78 0.770912 20 0.001000
79 0.780625 18 0.000900
80 0.790338 21 0.001050
81 0.800052 6 0.000300
82 0.809765 14 0.000700
83 0.819478 13 0.000650
84 0.829191 15 0.000750
85 0.838905 23 0.001150
86 0.848618 21 0.001050
87 0.858331 7 0.000350
88 0.868044 6 0.000300
89 0.877758 6 0.000300
90 0.887471 7 0.000350
91 0.897184 6 0.000300
92 0.906897 18 0.000900
93 0.916611 7 0.000350
94 0.926324 14 0.000700
95 0.936037 7 0.000350
96 0.945750 5 0.000250
97 0.955464 5 0.000250
98 0.965177 8 0.000400
99 0.974890 1 0.000050
