0 0.033237 3 0.000150
1 0.043144 1 0.000050
2 0.053051 1 0.000050
3 0.062958 4 0.000200
4 0.072865 5 0.000250
5 0.082772 2 0.000100
6 0.092679 8 0.000400
7 0.102586 7 0.000350
8 0.112493 9 0.000450
9 0.122400 9 0.000450
10 0.132307 8 0.000400
11 0.142215 11 0.000550
12 0.152122 17 0.000850
13 0.162029 18 0.000900
14 0.171936 23 0.001150
15 0.181843 20 0.001000
16 0.191750 19 0.000950
17 0.201657 23 0.001150
18 0.211564 27 0.001350
19 0.221471 27 0.001350
20 0.231378 29 0.001450
21 0.241285 38 0.001900
22 0.251192 27 0.001350
23 0.261100 32 0.001600
24 0.271007 36 0.001800
25 0.280914 48 0.002400
26 0.290821 56 0.002800
27 0.300728 52 0.002600
28 0.310635 80 0.004000
29 0.320542 69 0.003450
30 0.330449 87 0.004350
31 0.340356 91 0.004550
32 0.350263 77 0.003850
33 0.360170 102 0.005100
34 0.370077 108 0.005400
35 0.379984 182 0.009100
36 0.389892 150 0.007500
37 0.399799 193 0.009650
38 0.409706 223 0.011150
39 0.419613 245 0.012250
40 0.429520 308 0.015400
41 0.439427 330 0.016500
42 0.449334 442 0.022100
43 0.459241 533 0.026650
44 0.469148 852 0.042600
45 0.479055 1158 0.057900
46 0.488962 2096 0.104800
47 0.498869 3260 0.163000
48 0.508777 2395 0.119750
49 0.518684 1566 0.078300
50 0.528591 912 0.045600
51 0.538498 579 0.028950
52 0.548405 440 0.022000
53 0.558312 360 0.018000
54 0.568219 342 0.017100
55 0.578126 299 0.014950
56 0.588033 220 0.011000
57 0.597940 205 0.010250
58 0.607847 158 0.007900
59 0.617755 154 0.007700
60 0.627662 124 0.006200
61 0.637569 100 0.005000
62 0.647476 142 0.007100
63 0.657383 87 0.004350
64 0.667290 97 0.004850
65 0.677197 84 0.004200
66 0.687104 66 0.003300
67 0.697011 53 0.002650
68 0.706918 36 0.001800
69 0.716825 30 0.001500
70 0.726732 39 0.001950
71 0.736639 37 0.001850
72 0.746547 20 0.001000
73 0.756454 22 0.001100
74 0.766361 23 0.001150
75 0.776268 26 0.001300
76 0.786175 17 0.000850
77 0.796082 28 0.001400
78 0.805989 7 0.000350
79 0.815896 15 0.000750
80 0.825803 14 0.000700
81 0.835710 19 0.000950
82 0.845617 21 0.001050
83 0.855524 18 0.000900
84 0.865432 16 0.000800
85 0.875339 10 0.000500
86 0.885246 10 0.000500
87 0.895153 9 0.000450
88 0.905060 12 0.000600
89 0.914967 10 0.000500
90 0.924874 11 0.000550
91 0.934781 4 0.000200
92 0.944688 5 0.000250
93 0.954595 4 0.000200
94 0.964502 1 0.000050
95 0.974410 2 0.000100
96 0.984317 1 0.000050
97 0.994224 1 0.000050
98 1.004131 2 0.000100
99 1.014038 1 0.000050
