0 0.017811 5 0.000250
1 0.027730 3 0.000150
2 0.037649 3 0.000150
3 0.047568 5 0.000250
4 0.057487 5 0.000250
5 0.067406 0 0.000000
6 0.077325 4 0.000200
7 0.087244 4 0.000200
8 0.097163 3 0.000150
9 0.107082 8 0.000400
10 0.117001 3 0.000150
11 0.126920 3 0.000150
12 0.136839 6 0.000300
13 0.146758 2 0.000100
14 0.156677 2 0.000100
15 0.166596 1 0.000050
16 0.176515 5 0.000250
17 0.186433 5 0.000250
18 0.196352 6 0.000300
19 0.206271 6 0.000300
20 0.216190 5 0.000250
21 0.226109 3 0.000150
22 0.236028 16 0.000800
23 0.245947 25 0.001250
24 0.255866 40 0.002000
25 0.265785 27 0.001350
26 0.275704 48 0.002400
27 0.285623 30 0.001500
28 0.295542 27 0.001350
29 0.305461 69 0.003450
30 0.315380 85 0.004250
31 0.325299 180 0.009000
32 0.335218 153 0.007650
33 0.345136 93 0.004650
34 0.355055 20 0.001000
35 0.364974 20 0.001000
36 0.374893 12 0.000600
37 0.384812 21 0.001050
38 0.394731 14 0.000700
39 0.404650 26 0.001300
40 0.414569 24 0.001200
41 0.424488 28 0.001400
42 0.434407 30 0.001500
43 0.444326 40 0.002000
44 0.454245 51 0.002550
45 0.464164 65 0.003250
46 0.474083 57 0.002850
47 0.484002 88 0.004400
48 0.493921 127 0.006350
49 0.503840 107 0.005350
50 0.513759 139 0.006950
51 0.523677 180 0.009000
52 0.533596 208 0.010400
53 0.543515 291 0.014550
54 0.553434 439 0.021950
55 0.563353 579 0.028950
56 0.573272 1383 0.069150
57 0.583191 2335 0.116750
58 0.593110 2668 0.133400
59 0.603029 1291 0.064550
60 0.612948 877 0.043850
61 0.622867 688 0.034400
62 0.632786 440 0.022000
63 0.642705 315 0.015750
64 0.652624 262 0.013100
65 0.662543 238 0.011900
66 0.672462 216 0.010800
67 0.682381 162 0.008100
68 0.692299 175 0.008750
69 0.702218 171 0.008550
70 0.712137 150 0.007500
71 0.722056 158 0.007900
72 0.731975 118 0.005900
73 0.741894 165 0.008250
74 0.751813 135 0.006750
75 0.761732 180 0.009000
76 0.771651 185 0.009250
77 0.781570 156 0.007800
78 0.791489 161 0.008050
79 0.801408 152 0.007600
80 0.811327 153 0.007650
81 0.821246 197 0.009850
82 0.831165 229 0.011450
83 0.841084 227 0.011350
84 0.851003 306 0.015300
85 0.860922 454 0.022700
86 0.870840 379 0.018950
87 0.880759 346 0.017300
88 0.890678 232 0.011600
89 0.900597 211 0.010550
90 0.910516 242 0.012100
91 0.920435 270 0.013500
92 0.930354 208 0.010400
93 0.940273 147 0.007350
94 0.950192 59 0.002950
95 0.960111 56 0.002800
96 0.970030 31 0.001550
97 0.979949 17 0.000850
98 0.989868 8 0.000400
99 0.999787 1 0.000050
