0 0 0.000000 0.972248 0.126861 0.971206 0.126445
0 1 0.114943 0.969863 0.125190 0.970456 0.126329
0 2 0.229885 0.971208 0.126833 0.970175 0.126279
0 3 0.344828 0.968594 0.125804 0.969503 0.126371
0 4 0.459770 0.969169 0.124954 0.972152 0.127693
0 5 0.574713 0.972600 0.126769 0.969408 0.125975
0 6 0.689655 0.972358 0.127165 0.972487 0.127220
0 7 0.804598 0.970329 0.126005 0.970731 0.126830
0 8 0.919540 0.973030 0.126926 0.972407 0.127567
0 9 1.034483 0.973329 0.125743 0.971862 0.125538
0 10 1.149425 0.970819 0.125493 0.973118 0.126950
0 11 1.264368 0.971346 0.125541 0.973747 0.125559
0 12 1.379310 0.973219 0.127921 0.972553 0.125603
0 13 1.494253 0.972561 0.126885 0.970792 0.126607
0 14 1.609195 0.971913 0.127299 0.973476 0.126401
0 15 1.724138 0.971425 0.127532 0.969498 0.127097
0 16 1.839080 0.969825 0.125939 0.970457 0.125324
0 17 1.954023 0.970697 0.126208 0.974103 0.127707
0 18 2.068965 0.969884 0.127157 0.971361 0.125719
0 19 2.183908 0.972342 0.127238 0.973843 0.126723
0 20 2.298851 0.969160 0.125638 0.972044 0.126727
0 21 2.413793 0.972684 0.126406 0.969257 0.126008
0 22 2.528736 0.970650 0.126928 0.970860 0.127723
0 23 2.643678 0.969676 0.125478 0.970648 0.125581
0 24 2.758621 0.972291 0.128348 0.971039 0.127995
0 25 2.873563 0.971711 0.125298 0.971387 0.127755
0 26 2.988506 0.974486 0.126920 0.971833 0.127200
0 27 3.103448 0.974269 0.125766 0.973336 0.127127
0 28 3.218391 0.969853 0.124665 0.970847 0.126238
0 29 3.333333 0.972089 0.127283 0.968693 0.125746
0 30 3.448276 0.972682 0.127114 0.971715 0.126019
0 31 3.563218 0.969945 0.126182 0.971646 0.126598
0 32 3.678161 0.970946 0.125845 0.971808 0.126750
0 33 3.793103 0.970531 0.125714 0.972363 0.126834
0 34 3.908046 0.971325 0.127070 0.972071 0.126479
0 35 4.022988 0.971164 0.126231 0.970582 0.126446
0 36 4.137931 0.969307 0.124884 0.973514 0.127310
0 37 4.252873 0.969615 0.126283 0.973001 0.127301
0 38 4.367816 0.971361 0.126767 0.971934 0.126851
0 39 4.482759 0.970767 0.127013 0.969268 0.125986
0 40 4.597701 0.972004 0.125436 0.973754 0.128303
0 41 4.712644 0.972237 0.127427 0.971679 0.126709
0 42 4.827586 0.969207 0.126879 0.972456 0.127729
0 43 4.942529 0.973475 0.125101 0.969797 0.124717
0 44 5.057471 0.969701 0.127135 0.969422 0.124997
0 45 5.172414 0.969600 0.125270 0.974779 0.127245
0 46 5.287356 0.970284 0.127746 0.968569 0.125786
0 47 5.402299 0.969304 0.126614 0.970673 0.127817
0 48 5.517241 0.969585 0.125139 0.970043 0.124610
0 49 5.632184 0.968716 0.124737 0.972149 0.125429
0 50 5.747127 0.974859 0.127642 0.971972 0.126713
0 51 5.862069 0.972635 0.127046 0.971073 0.125674
0 52 5.977012 0.970073 0.124486 0.973391 0.127293
0 53 6.091954 0.971201 0.126305 0.974274 0.127247
0 54 6.206897 0.966218 0.123052 0.973162 0.126915
0 55 6.321839 0.972741 0.126685 0.971279 0.125312
0 56 6.436781 0.971316 0.125030 0.971879 0.126367
0 57 6.551724 0.969088 0.125414 0.969406 0.124911
0 58 6.666667 0.971365 0.125401 0.968223 0.125850
0 59 6.781609 0.973005 0.125887 0.969738 0.127177
0 60 6.896552 0.967814 0.125600 0.973019 0.127798
0 61 7.011494 0.972552 0.126830 0.971730 0.125758
0 62 7.126437 0.971232 0.125760 0.971091 0.128384
0 63 7.241379 0.974009 0.126487 0.971284 0.127560
0 64 7.356322 0.972304 0.126562 0.967995 0.126481
0 65 7.471264 0.970595 0.127207 0.971304 0.127246
0 66 7.586207 0.969546 0.125914 0.970351 0.125579
0 67 7.701149 0.969987 0.125743 0.972947 0.126038
0 68 7.816092 0.972520 0.128675 0.968548 0.126266
0 69 7.931035 0.969816 0.126310 0.971895 0.126405
0 70 8.045977 0.971918 0.126728 0.972542 0.125968
0 71 8.160919 0.972490 0.126264 0.969845 0.125891
0 72 8.275862 0.971043 0.127359 0.971771 0.126143
0 73 8.390804 0.975215 0.128018 0.971556 0.127106
0 74 8.505747 0.970579 0.127030 0.970671 0.126841
0 75 8.620689 0.970228 0.126559 0.972075 0.126257
0 76 8.735632 0.969940 0.125430 0.970195 0.125487
0 77 8.850574 0.972605 0.126738 0.970522 0.126327
0 78 8.965517 0.972750 0.125724 0.975241 0.126345
0 79 9.080460 0.968833 0.126635 0.970879 0.126395
0 80 9.195402 0.970762 0.125825 0.970914 0.125937
0 81 9.310345 0.971424 0.126369 0.970092 0.124569
0 82 9.425287 0.972299 0.125952 0.971557 0.126619
0 83 9.540230 0.971093 0.126704 0.969949 0.126653
0 84 9.655172 0.971931 0.127520 0.971852 0.126906
0 85 9.770115 0.969417 0.125068 0.972887 0.128656
0 86 9.885057 0.971623 0.125005 0.971197 0.126688
1 0 10.000000 0.966887 0.124639 0.973109 0.126255
1 1 10.114943 0.968008 0.124774 0.970764 0.126932
1 2 10.229885 0.973855 0.126014 0.971833 0.125994
1 3 10.344828 0.969613 0.125793 0.975331 0.128866
1 4 10.459770 0.972993 0.126551 0.971070 0.125924
1 5 10.574713 0.971144 0.127192 0.970312 0.126751
1 6 10.689655 0.971752 0.128676 0.969513 0.126043
1 7 10.804598 0.973422 0.126359 0.972031 0.125349
1 8 10.919540 0.972802 0.125873 0.971868 0.127044
1 9 11.034483 0.969295 0.124464 0.968712 0.123406
1 10 11.149426 0.971599 0.126896 0.972049 0.127789
1 11 11.264368 0.970955 0.124380 0.972440 0.128993
1 12 11.379311 0.971108 0.125880 0.972066 0.127717
1 13 11.494253 0.974162 0.127746 0.970639 0.126229
1 14 11.609196 0.971897 0.127857 0.970116 0.126109
1 15 11.724138 0.972986 0.126928 0.972712 0.125815
1 16 11.839081 0.972621 0.124933 0.973442 0.125962
1 17 11.954023 0.968483 0.125387 0.972585 0.125719
1 18 12.068966 0.970509 0.125455 0.970773 0.126086
1 19 12.183908 0.971805 0.127842 0.972454 0.126926
1 20 12.298851 0.971442 0.125870 0.971950 0.127078
1 21 12.413794 0.971332 0.127950 0.970813 0.126409
1 22 12.528735 0.973846 0.127568 0.969933 0.125749
1 23 12.643678 0.968950 0.125084 0.971885 0.126498
1 24 12.758620 0.973958 0.126583 0.972998 0.127743
1 25 12.873563 0.970581 0.127200 0.971745 0.126721
1 26 12.988505 0.971664 0.126505 0.974426 0.127524
1 27 13.103448 0.971794 0.126627 0.970021 0.125884
1 28 13.218390 0.973423 0.127987 0.975007 0.126477
1 29 13.333333 0.973763 0.128144 0.970193 0.125875
1 30 13.448276 0.969813 0.126975 0.971604 0.126823
1 31 13.563218 0.970572 0.125141 0.972948 0.126268
1 32 13.678161 0.971655 0.127700 0.969175 0.126813
1 33 13.793103 0.970322 0.127940 0.971398 0.125938
1 34 13.908046 0.970348 0.126460 0.973421 0.127156
1 35 14.022988 0.973001 0.128520 0.969747 0.124388
1 36 14.137931 0.972015 0.126733 0.971436 0.125616
1 37 14.252873 0.971741 0.127348 0.971387 0.126606
1 38 14.367816 0.971138 0.127133 0.970654 0.124644
1 39 14.482759 0.972187 0.126496 0.973153 0.125844
1 40 14.597701 0.973096 0.128003 0.970852 0.126097
1 41 14.712644 0.971398 0.126944 0.969142 0.125910
1 42 14.827586 0.970866 0.126915 0.972141 0.126523
1 43 14.942529 0.971434 0.126692 0.970879 0.125079
1 44 15.057471 0.973864 0.126917 0.971856 0.125714
1 45 15.172414 0.969914 0.125462 0.970325 0.125828
1 46 15.287356 0.968888 0.126190 0.969250 0.126320
1 47 15.402299 0.971202 0.126407 0.974237 0.127287
1 48 15.517241 0.970062 0.124836 0.969920 0.125216
1 49 15.632184 0.970985 0.126116 0.972449 0.127506
1 50 15.747127 0.970514 0.125477 0.969051 0.126154
1 51 15.862069 0.969362 0.126084 0.970009 0.126919
1 52 15.977012 0.970780 0.126425 0.970330 0.127804
1 53 16.091953 0.969198 0.125676 0.971965 0.126485
1 54 16.206896 0.970172 0.126176 0.969149 0.125390
1 55 16.321838 0.971382 0.127529 0.971260 0.125510
1 56 16.436781 0.971763 0.126826 0.969160 0.126228
1 57 16.551723 0.972727 0.126902 0.974164 0.127501
1 58 16.666666 0.971345 0.127801 0.971058 0.125517
1 59 16.781609 0.973054 0.125940 0.971660 0.126882
1 60 16.896551 0.972386 0.125748 0.970502 0.127166
1 61 17.011494 0.971783 0.123842 0.969120 0.126219
1 62 17.126436 0.971070 0.126485 0.969733 0.124313
1 63 17.241379 0.972433 0.126822 0.976289 0.127433
1 64 17.356321 0.970980 0.126149 0.971234 0.125635
1 65 17.471264 0.971245 0.125151 0.973722 0.127118
1 66 17.586206 0.973401 0.127386 0.970832 0.125963
1 67 17.701149 0.971467 0.126989 0.972151 0.125961
1 68 17.816092 0.976319 0.126675 0.971799 0.124907
1 69 17.931034 0.970539 0.125785 0.972660 0.126603
1 70 18.045977 0.970943 0.125376 0.970918 0.125033
1 71 18.160919 0.969841 0.126011 0.969495 0.125480
1 72 18.275862 0.972360 0.126113 0.970195 0.126985
1 73 18.390804 0.970767 0.125062 0.969537 0.125970
1 74 18.505747 0.973283 0.127588 0.973808 0.128545
1 75 18.620689 0.970628 0.125937 0.971519 0.126762
1 76 18.735632 0.969412 0.125202 0.974095 0.127155
1 77 18.850574 0.971412 0.127055 0.969201 0.126723
1 78 18.965517 0.969981 0.126936 0.971935 0.126403
1 79 19.080460 0.973247 0.126888 0.975061 0.127015
1 80 19.195402 0.973209 0.126962 0.974384 0.127451
1 81 19.310345 0.969767 0.125201 0.970757 0.126606
1 82 19.425287 0.970053 0.125963 0.970726 0.126968
1 83 19.540230 0.968194 0.124729 0.970800 0.125444
1 84 19.655172 0.971696 0.126160 0.971571 0.125545
1 85 19.770115 0.972392 0.126070 0.973453 0.128207
1 86 19.885057 0.974450 0.128007 0.971695 0.127029
2 0 20.000000 0.968465 0.125110 0.971179 0.126821
2 1 20.114943 0.973601 0.127044 0.971849 0.128295
2 2 20.229885 0.969840 0.124860 0.971000 0.126271
2 3 20.344828 0.970406 0.127531 0.969285 0.127040
2 4 20.459770 0.973257 0.125468 0.969296 0.126947
2 5 20.574713 0.972410 0.126122 0.970678 0.125996
2 6 20.689655 0.974595 0.127671 0.969435 0.125400
2 7 20.804598 0.975893 0.127703 0.969084 0.125208
2 8 20.919540 0.970408 0.125558 0.972442 0.125720
2 9 21.034483 0.970011 0.125362 0.973984 0.127926
2 10 21.149426 0.969033 0.125176 0.970146 0.124915
2 11 21.264368 0.970770 0.126773 0.970931 0.126659
2 12 21.379311 0.970091 0.126199 0.972491 0.126770
2 13 21.494253 0.969274 0.126535 0.971784 0.126284
2 14 21.609196 0.971023 0.127121 0.967257 0.126099
2 15 21.724138 0.973208 0.126383 0.972622 0.126457
2 16 21.839081 0.972267 0.125970 0.971293 0.126503
2 17 21.954023 0.970070 0.124779 0.970232 0.127150
2 18 22.068966 0.972548 0.126711 0.969834 0.127326
2 19 22.183908 0.971005 0.126291 0.970852 0.125804
2 20 22.298851 0.967482 0.124639 0.970674 0.126159
2 21 22.413794 0.972833 0.126462 0.973019 0.126777
2 22 22.528736 0.972024 0.126753 0.971173 0.125165
2 23 22.643679 0.973173 0.126291 0.972983 0.126968
2 24 22.758621 0.973212 0.127092 0.970064 0.126993
2 25 22.873564 0.969795 0.124589 0.973097 0.126784
2 26 22.988506 0.970690 0.124291 0.971389 0.125098
2 27 23.103449 0.972306 0.127617 0.970382 0.127534
2 28 23.218391 0.971068 0.125189 0.975787 0.128326
2 29 23.333334 0.966799 0.123760 0.973302 0.127177
2 30 23.448277 0.972572 0.128044 0.968505 0.125658
2 31 23.563219 0.972070 0.126184 0.973459 0.126065
2 32 23.678162 0.970182 0.126760 0.971708 0.125874
2 33 23.793104 0.970285 0.124483 0.971174 0.126086
2 34 23.908047 0.971640 0.127090 0.972065 0.125549
2 35 24.022989 0.971901 0.126423 0.969102 0.125919
2 36 24.137932 0.968281 0.126625 0.972250 0.126375
2 37 24.252874 0.971607 0.126068 0.969561 0.126656
2 38 24.367817 0.973262 0.127580 0.969652 0.126926
2 39 24.482759 0.972434 0.127287 0.970093 0.126780
2 40 24.597702 0.972632 0.127070 0.973848 0.128295
2 41 24.712645 0.975223 0.126835 0.969115 0.125852
2 42 24.827587 0.969747 0.125295 0.969903 0.126232
2 43 24.942530 0.972412 0.126443 0.972623 0.126476
2 44 25.057470 0.972229 0.126849 0.971537 0.126986
2 45 25.172413 0.971502 0.126127 0.971203 0.125499
2 46 25.287355 0.972530 0.125124 0.971310 0.126103
2 47 25.402298 0.971863 0.127378 0.971713 0.125823
2 48 25.517241 0.975888 0.126338 0.969693 0.126631
2 49 25.632183 0.972371 0.128459 0.970631 0.126656
2 50 25.747126 0.972228 0.127843 0.973022 0.128197
2 51 25.862068 0.969868 0.127417 0.971756 0.125011
2 52 25.977011 0.968867 0.125113 0.973860 0.126871
2 53 26.091953 0.970622 0.124917 0.973186 0.128005
2 54 26.206896 0.971004 0.126692 0.971237 0.126164
2 55 26.321838 0.972283 0.124523 0.971291 0.126046
2 56 26.436781 0.972774 0.125774 0.970874 0.127809
2 57 26.551723 0.971237 0.125089 0.971183 0.126349
2 58 26.666666 0.973283 0.128218 0.971915 0.126364
2 59 26.781609 0.969828 0.124236 0.971237 0.124574
2 60 26.896551 0.969713 0.127725 0.973212 0.128146
2 61 27.011494 0.971254 0.127780 0.972563 0.127323
2 62 27.126436 0.971234 0.125748 0.968640 0.126523
2 63 27.241379 0.974266 0.125916 0.971117 0.126131
2 64 27.356321 0.970783 0.126277 0.969173 0.126223
2 65 27.471264 0.971511 0.127533 0.974755 0.127380
2 66 27.586206 0.971778 0.126364 0.973637 0.124868
2 67 27.701149 0.972630 0.126425 0.970521 0.126527
2 68 27.816092 0.973238 0.127054 0.972382 0.126663
2 69 27.931034 0.972597 0.126185 0.970852 0.127932
2 70 28.045977 0.970776 0.124598 0.973257 0.126469
2 71 28.160919 0.969753 0.123727 0.970782 0.127509
2 72 28.275862 0.971923 0.125866 0.972299 0.127308
2 73 28.390804 0.971257 0.125124 0.973511 0.126327
2 74 28.505747 0.971293 0.127538 0.970829 0.124717
2 75 28.620689 0.970085 0.124818 0.971759 0.126297
2 76 28.735632 0.972052 0.125580 0.972168 0.126642
2 77 28.850574 0.975099 0.126216 0.972353 0.126456
2 78 28.965517 0.973528 0.126500 0.972720 0.125972
2 79 29.080460 0.970834 0.125679 0.972172 0.127126
2 80 29.195402 0.970699 0.126643 0.971455 0.126009
2 81 29.310345 0.970283 0.126907 0.972288 0.126753
2 82 29.425287 0.968304 0.127334 0.971667 0.125132
2 83 29.540230 0.971639 0.128281 0.971258 0.125891
2 84 29.655172 0.969516 0.124826 0.969494 0.125328
2 85 29.770115 0.971486 0.126628 0.971042 0.126868
2 86 29.885057 0.967006 0.124865 0.972485 0.125548
3 0 30.000000 0.970251 0.126289 0.970625 0.127270
3 1 30.114943 0.971172 0.126356 0.969565 0.126275
3 2 30.229885 0.971049 0.126249 0.972196 0.128617
3 3 30.344828 0.971004 0.127980 0.972955 0.127587
3 4 30.459770 0.972190 0.126491 0.969897 0.125573
3 5 30.574713 0.973119 0.128140 0.970083 0.126075
3 6 30.689655 0.970848 0.126633 0.968952 0.126469
3 7 30.804598 0.970460 0.124943 0.970565 0.125894
3 8 30.919540 0.973780 0.127954 0.971955 0.126052
3 9 31.034483 0.972009 0.127683 0.974485 0.128006
3 10 31.149426 0.972935 0.127528 0.973456 0.127651
3 11 31.264368 0.972832 0.126663 0.972102 0.127220
3 12 31.379311 0.970442 0.126132 0.971253 0.126908
3 13 31.494253 0.971240 0.124966 0.971597 0.126899
3 14 31.609196 0.972706 0.127046 0.975313 0.127573
3 15 31.724138 0.969904 0.125824 0.972570 0.127014
3 16 31.839081 0.973177 0.126221 0.970674 0.126196
3 17 31.954023 0.971318 0.126073 0.972781 0.128988
3 18 32.068966 0.968936 0.125417 0.971278 0.126308
3 19 32.183907 0.971482 0.124690 0.971643 0.127777
3 20 32.298851 0.972510 0.127987 0.971125 0.125250
3 21 32.413792 0.969614 0.126421 0.974179 0.125798
3 22 32.528736 0.971952 0.128149 0.973451 0.126416
3 23 32.643677 0.972704 0.126901 0.969959 0.125713
3 24 32.758621 0.969282 0.125490 0.971268 0.124388
3 25 32.873562 0.972616 0.126065 0.971851 0.125243
3 26 32.988506 0.973129 0.126711 0.971938 0.126934
3 27 33.103447 0.973261 0.126594 0.973850 0.127324
3 28 33.218391 0.970014 0.124809 0.970478 0.127039
3 29 33.333332 0.972890 0.126132 0.969720 0.124529
3 30 33.448277 0.972584 0.126663 0.972378 0.127305
3 31 33.563217 0.972599 0.127815 0.970901 0.127129
3 32 33.678162 0.972408 0.126593 0.972410 0.126839
3 33 33.793102 0.973931 0.126974 0.970105 0.126231
3 34 33.908047 0.973480 0.127480 0.974101 0.127663
3 35 34.022987 0.974418 0.127846 0.968867 0.126897
3 36 34.137932 0.972952 0.127600 0.972801 0.125822
3 37 34.252872 0.972268 0.125797 0.968841 0.125566
3 38 34.367817 0.970561 0.125732 0.972588 0.128254
3 39 34.482758 0.970924 0.126464 0.974093 0.125936
3 40 34.597702 0.970981 0.127238 0.972733 0.126948
3 41 34.712643 0.973416 0.127325 0.971532 0.126602
3 42 34.827587 0.968753 0.125314 0.967794 0.124919
3 43 34.942528 0.972492 0.126551 0.971453 0.125964
3 44 35.057472 0.971756 0.126269 0.971415 0.127715
3 45 35.172413 0.968464 0.124979 0.974348 0.126807
3 46 35.287357 0.973527 0.126598 0.974313 0.128988
3 47 35.402298 0.972529 0.125316 0.974550 0.127616
3 48 35.517242 0.974092 0.129685 0.971437 0.127211
3 49 35.632183 0.972975 0.125348 0.972059 0.127360
3 50 35.747128 0.970257 0.126577 0.970556 0.126855
3 51 35.862068 0.971838 0.125460 0.970978 0.125665
3 52 35.977013 0.971420 0.128270 0.970763 0.125575
3 53 36.091953 0.971176 0.125902 0.973809 0.128590
3 54 36.206898 0.972292 0.126898 0.971814 0.124170
3 55 36.321838 0.968840 0.126744 0.972350 0.127624
3 56 36.436783 0.970834 0.126137 0.972749 0.126759
3 57 36.551723 0.970195 0.125276 0.969705 0.126098
3 58 36.666668 0.969437 0.127038 0.971406 0.127393
3 59 36.781609 0.970827 0.127084 0.971946 0.125956
3 60 36.896553 0.972298 0.126916 0.972692 0.127720
3 61 37.011494 0.973729 0.126156 0.972820 0.126194
3 62 37.126438 0.968911 0.126418 0.971815 0.126385
3 63 37.241379 0.973366 0.127971 0.971128 0.125425
3 64 37.356323 0.971485 0.126189 0.972508 0.126923
3 65 37.471264 0.973085 0.127582 0.973267 0.127645
3 66 37.586208 0.972543 0.125340 0.970673 0.126265
3 67 37.701149 0.972455 0.124571 0.971610 0.127458
3 68 37.816093 0.972879 0.127004 0.970503 0.125496
3 69 37.931034 0.969411 0.126186 0.973774 0.126308
3 70 38.045979 0.972895 0.127126 0.972662 0.126930
3 71 38.160919 0.970231 0.126778 0.972509 0.125299
3 72 38.275864 0.973121 0.127017 0.974909 0.126018
3 73 38.390804 0.973063 0.127303 0.970432 0.126742
3 74 38.505749 0.970883 0.127072 0.972281 0.126433
3 75 38.620689 0.971219 0.124777 0.971571 0.127423
3 76 38.735634 0.969985 0.126291 0.973647 0.127041
3 77 38.850574 0.968992 0.125643 0.971823 0.126137
3 78 38.965519 0.970531 0.125170 0.975235 0.127936
3 79 39.080460 0.972227 0.126499 0.971068 0.127527
3 80 39.195404 0.972007 0.126631 0.973371 0.127136
3 81 39.310345 0.972042 0.125656 0.973408 0.126600
3 82 39.425289 0.971453 0.125196 0.968937 0.126292
3 83 39.540230 0.970441 0.126193 0.971452 0.125224
3 84 39.655174 0.971143 0.126072 0.972389 0.126383
3 85 39.770115 0.971084 0.126101 0.973492 0.126457
3 86 39.885059 0.971764 0.126395 0.973580 0.129304
4 0 40.000000 0.970844 0.126530 0.971950 0.126296
4 1 40.114941 0.974387 0.127890 0.973581 0.125037
4 2 40.229885 0.973679 0.127367 0.973751 0.126441
4 3 40.344826 0.971919 0.128438 0.971138 0.125954
4 4 40.459770 0.973562 0.126978 0.971727 0.127687
4 5 40.574711 0.970890 0.125449 0.970341 0.126781
4 6 40.689655 0.973071 0.127013 0.971738 0.127073
4 7 40.804596 0.972670 0.126631 0.974367 0.125387
4 8 40.919540 0.971062 0.125371 0.971052 0.125877
4 9 41.034481 0.971880 0.128130 0.970787 0.125778
4 10 41.149426 0.968127 0.123882 0.973748 0.126948
4 11 41.264366 0.968783 0.125645 0.969182 0.125510
4 12 41.379311 0.969756 0.125178 0.971580 0.125082
4 13 41.494251 0.974341 0.127077 0.971468 0.125287
4 14 41.609196 0.975233 0.127366 0.969562 0.126701
4 15 41.724136 0.970912 0.126638 0.968392 0.125181
4 16 41.839081 0.971541 0.126262 0.967422 0.126185
4 17 41.954021 0.972313 0.125716 0.973241 0.126107
4 18 42.068966 0.973191 0.127535 0.971423 0.124996
4 19 42.183907 0.971986 0.126618 0.973604 0.128274
4 20 42.298851 0.969213 0.126488 0.976488 0.130791
4 21 42.413792 0.970941 0.126200 0.970705 0.125721
4 22 42.528736 0.973753 0.126678 0.969448 0.126860
4 23 42.643677 0.971547 0.127720 0.969309 0.126653
4 24 42.758621 0.966426 0.125895 0.974160 0.126186
4 25 42.873562 0.973099 0.125216 0.972508 0.127989
4 26 42.988506 0.970290 0.127095 0.971852 0.126754
4 27 43.103447 0.971330 0.125281 0.971828 0.127514
4 28 43.218391 0.971109 0.126425 0.970284 0.126531
4 29 43.333332 0.971938 0.126639 0.970318 0.125123
4 30 43.448277 0.970570 0.125112 0.971224 0.124842
4 31 43.563217 0.974084 0.126123 0.969370 0.124751
4 32 43.678162 0.972165 0.125991 0.970161 0.124825
4 33 43.793102 0.970742 0.125374 0.972251 0.128209
4 34 43.908047 0.969044 0.125025 0.973903 0.125452
4 35 44.022987 0.969813 0.125525 0.972181 0.127392
4 36 44.137932 0.971011 0.127564 0.971011 0.126611
4 37 44.252872 0.972964 0.126329 0.971575 0.126084
4 38 44.367817 0.970701 0.124833 0.969073 0.124746
4 39 44.482758 0.973664 0.127626 0.971797 0.126850
4 40 44.597702 0.971289 0.126679 0.974774 0.125902
4 41 44.712643 0.969051 0.127007 0.971785 0.127553
4 42 44.827587 0.971929 0.126025 0.971870 0.127622
4 43 44.942528 0.971380 0.125987 0.973199 0.127380
4 44 45.057472 0.974030 0.128494 0.970673 0.127054
4 45 45.172413 0.971357 0.126334 0.972619 0.127068
4 46 45.287357 0.971788 0.125870 0.973195 0.126313
4 47 45.402298 0.973410 0.127449 0.973467 0.127301
4 48 45.517242 0.971670 0.125973 0.970339 0.126227
4 49 45.632183 0.973024 0.126274 0.972524 0.126961
4 50 45.747128 0.973922 0.126721 0.973141 0.127057
4 51 45.862068 0.974384 0.129236 0.974612 0.127230
4 52 45.977013 0.973870 0.128170 0.970427 0.125854
4 53 46.091953 0.973713 0.127383 0.971873 0.126052
4 54 46.206898 0.969942 0.126739 0.969127 0.127933
4 55 46.321838 0.970489 0.125221 0.972234 0.125420
4 56 46.436783 0.972407 0.126400 0.970431 0.126832
4 57 46.551723 0.970230 0.126067 0.968450 0.124230
4 58 46.666668 0.971192 0.127843 0.975632 0.128679
4 59 46.781609 0.971122 0.126003 0.970139 0.127654
4 60 46.896553 0.967000 0.125373 0.971063 0.126587
4 61 47.011494 0.973201 0.125440 0.968464 0.126186
4 62 47.126438 0.970589 0.126384 0.970427 0.124943
4 63 47.241379 0.971800 0.125908 0.972413 0.126703
4 64 47.356323 0.970274 0.127796 0.971061 0.126121
4 65 47.471264 0.971142 0.125657 0.970142 0.126175
4 66 47.586208 0.972960 0.127684 0.971139 0.125851
4 67 47.701149 0.973588 0.127911 0.971209 0.127481
4 68 47.816093 0.973488 0.128156 0.968897 0.125349
4 69 47.931034 0.972951 0.125278 0.970436 0.125268
4 70 48.045979 0.969899 0.126032 0.975242 0.128232
4 71 48.160919 0.971688 0.124872 0.972218 0.127406
4 72 48.275864 0.971358 0.124956 0.970408 0.126490
4 73 48.390804 0.971896 0.126374 0.970876 0.126060
4 74 48.505749 0.972165 0.127623 0.972391 0.124935
4 75 48.620689 0.971749 0.126205 0.970867 0.125242
4 76 48.735634 0.970582 0.126058 0.969542 0.125638
4 77 48.850574 0.974359 0.127623 0.972647 0.127268
4 78 48.965519 0.968238 0.125151 0.972618 0.128208
4 79 49.080460 0.971911 0.126471 0.972315 0.126128
4 80 49.195404 0.969783 0.125261 0.970720 0.126033
4 81 49.310345 0.973006 0.127684 0.971927 0.126325
4 82 49.425289 0.973562 0.127072 0.970018 0.125566
4 83 49.540230 0.970201 0.125216 0.971987 0.125916
4 84 49.655174 0.973282 0.128240 0.973382 0.126814
4 85 49.770115 0.972961 0.126203 0.973236 0.126508
4 86 49.885059 0.970970 0.125436 0.969970 0.126896
5 0 50.000000 0.970780 0.126196 0.971943 0.126521
5 1 50.114941 0.970637 0.126824 0.971807 0.124673
5 2 50.229885 0.972666 0.125809 0.969806 0.124879
5 3 50.344826 0.971537 0.126223 0.970621 0.125917
5 4 50.459770 0.972179 0.125396 0.971201 0.125568
5 5 50.574711 0.971972 0.124935 0.973498 0.127106
5 6 50.689655 0.970954 0.126688 0.975022 0.127746
5 7 50.804596 0.970964 0.126272 0.971539 0.127516
5 8 50.919540 0.972549 0.127357 0.970315 0.126434
5 9 51.034481 0.971831 0.126780 0.973618 0.126482
5 10 51.149426 0.970058 0.126307 0.973381 0.125660
5 11 51.264366 0.975224 0.127485 0.971442 0.125211
5 12 51.379311 0.974259 0.128457 0.970564 0.125071
5 13 51.494251 0.973774 0.127308 0.967716 0.126015
5 14 51.609196 0.970759 0.125886 0.969533 0.127219
5 15 51.724136 0.974213 0.126978 0.971434 0.127115
5 16 51.839081 0.969246 0.126893 0.971160 0.126154
5 17 51.954021 0.972487 0.126487 0.971698 0.127138
5 18 52.068966 0.970212 0.126035 0.972235 0.126771
5 19 52.183907 0.973114 0.126871 0.972968 0.126934
5 20 52.298851 0.970932 0.126090 0.974300 0.127555
5 21 52.413792 0.970683 0.125434 0.971411 0.125866
5 22 52.528736 0.971036 0.127941 0.969525 0.125832
5 23 52.643677 0.971151 0.125978 0.969461 0.125040
5 24 52.758621 0.970591 0.125503 0.971242 0.126499
5 25 52.873562 0.970851 0.126317 0.971397 0.126834
5 26 52.988506 0.972716 0.127011 0.970014 0.126354
5 27 53.103447 0.971211 0.125322 0.970100 0.127639
5 28 53.218391 0.970879 0.125952 0.974598 0.128244
5 29 53.333332 0.973467 0.125935 0.971637 0.126234
5 30 53.448277 0.970505 0.125568 0.975083 0.125618
5 31 53.563217 0.971783 0.128049 0.970566 0.125450
5 32 53.678162 0.972099 0.127430 0.972722 0.126360
5 33 53.793102 0.970681 0.126078 0.973815 0.126534
5 34 53.908047 0.972216 0.127355 0.971395 0.126311
5 35 54.022987 0.968832 0.126352 0.970979 0.126588
5 36 54.137932 0.975081 0.127441 0.972991 0.126950
5 37 54.252872 0.969713 0.125902 0.970492 0.127597
5 38 54.367817 0.973137 0.127397 0.971239 0.127080
5 39 54.482758 0.970760 0.125368 0.971573 0.127180
5 40 54.597702 0.973042 0.126067 0.969539 0.127317
5 41 54.712643 0.971595 0.126614 0.975300 0.125965
5 42 54.827587 0.972440 0.126172 0.970228 0.124979
5 43 54.942528 0.971143 0.124903 0.972148 0.125634
5 44 55.057472 0.973245 0.126022 0.973619 0.126595
5 45 55.172413 0.971981 0.127315 0.972878 0.126034
5 46 55.287357 0.968981 0.125242 0.970929 0.126144
5 47 55.402298 0.970639 0.125205 0.971700 0.125478
5 48 55.517242 0.972276 0.127094 0.972577 0.124924
5 49 55.632183 0.972717 0.127080 0.973165 0.127373
5 50 55.747128 0.973055 0.127672 0.969033 0.127162
5 51 55.862068 0.972574 0.126230 0.972104 0.125646
5 52 55.977013 0.971741 0.126192 0.973169 0.127012
5 53 56.091953 0.970042 0.125670 0.973028 0.126729
5 54 56.206898 0.970192 0.126496 0.972435 0.127880
5 55 56.321838 0.969861 0.126079 0.972922 0.126283
5 56 56.436783 0.970235 0.125771 0.973064 0.126349
5 57 56.551723 0.971408 0.125324 0.968739 0.125074
5 58 56.666668 0.972535 0.125200 0.972010 0.126188
5 59 56.781609 0.970557 0.127564 0.972577 0.126331
5 60 56.896553 0.970793 0.125624 0.972458 0.127958
5 61 57.011494 0.970456 0.125364 0.971609 0.126077
5 62 57.126438 0.971557 0.126169 0.971489 0.126717
5 63 57.241379 0.968302 0.125224 0.972705 0.127179
5 64 57.356323 0.969123 0.125475 0.971896 0.125982
5 65 57.471264 0.970496 0.125618 0.971667 0.127175
5 66 57.586208 0.971496 0.126263 0.973356 0.126139
5 67 57.701149 0.973702 0.126333 0.973512 0.126858
5 68 57.816093 0.971167 0.125695 0.970887 0.126649
5 69 57.931034 0.971332 0.125527 0.969141 0.126081
5 70 58.045979 0.972732 0.126447 0.971722 0.126475
5 71 58.160919 0.970176 0.126446 0.971505 0.125320
5 72 58.275864 0.970517 0.124652 0.972155 0.125939
5 73 58.390804 0.971412 0.126296 0.972691 0.126081
5 74 58.505749 0.972904 0.127414 0.971165 0.126461
5 75 58.620689 0.971950 0.126862 0.971307 0.124779
5 76 58.735634 0.974189 0.125515 0.969569 0.124913
5 77 58.850574 0.972206 0.128136 0.973855 0.127432
5 78 58.965519 0.972170 0.126425 0.971473 0.126381
5 79 59.080460 0.972232 0.126520 0.972797 0.126748
5 80 59.195404 0.970187 0.126976 0.975436 0.127152
5 81 59.310345 0.973371 0.127798 0.970099 0.125858
5 82 59.425289 0.973153 0.128037 0.973080 0.127309
5 83 59.540230 0.971190 0.126058 0.971717 0.125931
5 84 59.655174 0.970046 0.125325 0.971684 0.126604
5 85 59.770115 0.972752 0.127447 0.974904 0.127456
5 86 59.885059 0.972246 0.127252 0.970072 0.126173
6 0 60.000000 0.971490 0.126744 0.972397 0.125838
6 1 60.114941 0.969208 0.125782 0.970848 0.126418
6 2 60.229885 0.969143 0.125380 0.972685 0.127592
6 3 60.344826 0.967122 0.123746 0.971426 0.126814
6 4 60.459770 0.970645 0.127240 0.969804 0.124684
6 5 60.574711 0.974120 0.128169 0.972952 0.126747
6 6 60.689655 0.971014 0.125346 0.971934 0.126211
6 7 60.804596 0.968598 0.126422 0.974160 0.127743
6 8 60.919540 0.970632 0.126339 0.971409 0.125897
6 9 61.034481 0.971280 0.125553 0.970002 0.126463
6 10 61.149426 0.970717 0.126241 0.970138 0.125703
6 11 61.264366 0.970328 0.125647 0.974549 0.126417
6 12 61.379311 0.968614 0.125676 0.970470 0.124761
6 13 61.494251 0.970767 0.125241 0.970566 0.125581
6 14 61.609196 0.971693 0.126000 0.970918 0.126726
6 15 61.724136 0.970749 0.126486 0.969392 0.126219
6 16 61.839081 0.973316 0.127293 0.973675 0.126139
6 17 61.954021 0.973565 0.126915 0.970884 0.126131
6 18 62.068966 0.969879 0.125745 0.970911 0.126418
6 19 62.183907 0.968657 0.125129 0.969487 0.126722
6 20 62.298851 0.973602 0.125807 0.974113 0.126836
6 21 62.413792 0.972391 0.126290 0.974406 0.124952
6 22 62.528736 0.969017 0.125940 0.972012 0.126245
6 23 62.643677 0.972107 0.126733 0.970499 0.125744
6 24 62.758621 0.970790 0.126281 0.972315 0.127128
6 25 62.873562 0.971888 0.125971 0.971126 0.125512
6 26 62.988506 0.971202 0.124915 0.972473 0.126104
6 27 63.103447 0.971361 0.126928 0.970013 0.127451
6 28 63.218391 0.968802 0.124353 0.969617 0.125620
6 29 63.333332 0.972780 0.126742 0.971065 0.126494
6 30 63.448277 0.973572 0.127416 0.971056 0.125489
6 31 63.563217 0.968894 0.126105 0.969661 0.126188
6 32 63.678162 0.972712 0.127363 0.969587 0.126470
6 33 63.793102 0.971955 0.127383 0.968975 0.127006
6 34 63.908047 0.971563 0.126273 0.973346 0.127265
6 35 64.022987 0.970232 0.125305 0.970807 0.125849
6 36 64.137932 0.971396 0.125134 0.973815 0.126474
6 37 64.252876 0.972235 0.126767 0.969407 0.124820
6 38 64.367813 0.972478 0.126926 0.972094 0.125816
6 39 64.482758 0.970832 0.124214 0.970612 0.126147
6 40 64.597702 0.972837 0.127462 0.972335 0.126180
6 41 64.712646 0.971627 0.125692 0.970442 0.125999
6 42 64.827583 0.971410 0.126316 0.971292 0.126988
6 43 64.942528 0.971789 0.127726 0.971117 0.126959
6 44 65.057472 0.972428 0.126365 0.971953 0.126541
6 45 65.172417 0.969974 0.125969 0.974617 0.127365
6 46 65.287354 0.969875 0.125935 0.973913 0.128979
6 47 65.402298 0.971430 0.125985 0.972366 0.126976
6 48 65.517242 0.971627 0.127106 0.972647 0.127013
6 49 65.632187 0.967196 0.125410 0.970260 0.126128
6 50 65.747124 0.968716 0.126037 0.971188 0.126829
6 51 65.862068 0.971864 0.127424 0.971892 0.126147
6 52 65.977013 0.970391 0.126107 0.972167 0.127544
6 53 66.091957 0.972720 0.127437 0.971666 0.125730
6 54 66.206894 0.968543 0.126244 0.976565 0.127561
6 55 66.321838 0.969979 0.125755 0.971004 0.127163
6 56 66.436783 0.972244 0.126318 0.973370 0.127360
6 57 66.551727 0.971869 0.127087 0.971092 0.125554
6 58 66.666664 0.973696 0.128291 0.970398 0.126065
6 59 66.781609 0.970430 0.126000 0.972424 0.127640
6 60 66.896553 0.973706 0.127714 0.971263 0.125672
6 61 67.011497 0.970808 0.127723 0.972099 0.125131
6 62 67.126434 0.971710 0.126771 0.969817 0.125489
6 63 67.241379 0.973422 0.126965 0.971935 0.126293
6 64 67.356323 0.971892 0.125257 0.968623 0.125881
6 65 67.471268 0.971069 0.128115 0.971723 0.127380
6 66 67.586205 0.972297 0.127149 0.972782 0.125416
6 67 67.701149 0.970322 0.126684 0.972067 0.125966
6 68 67.816093 0.973102 0.126856 0.971352 0.127103
6 69 67.931038 0.971998 0.126921 0.970651 0.124341
6 70 68.045975 0.972438 0.126036 0.973082 0.127521
6 71 68.160919 0.970695 0.126392 0.970864 0.125539
6 72 68.275864 0.969880 0.125878 0.970803 0.126596
6 73 68.390808 0.972070 0.126880 0.969382 0.125757
6 74 68.505745 0.971346 0.125387 0.972938 0.126171
6 75 68.620689 0.970472 0.126327 0.975178 0.128517
6 76 68.735634 0.972634 0.124992 0.971630 0.126896
6 77 68.850578 0.971632 0.124427 0.971113 0.125635
6 78 68.965515 0.969377 0.124605 0.971430 0.125809
6 79 69.080460 0.971771 0.125723 0.970912 0.126852
6 80 69.195404 0.968705 0.125429 0.973007 0.127219
6 81 69.310349 0.970863 0.126158 0.971168 0.126051
6 82 69.425285 0.972082 0.126824 0.971055 0.127002
6 83 69.540230 0.971809 0.125818 0.970473 0.125923
6 84 69.655174 0.969359 0.126797 0.970812 0.125954
6 85 69.770119 0.970389 0.125479 0.971168 0.126399
6 86 69.885056 0.969019 0.124804 0.969874 0.126697
7 0 70.000000 0.968846 0.125602 0.970782 0.126342
7 1 70.114944 0.973385 0.127328 0.971412 0.127085
7 2 70.229881 0.970560 0.125165 0.971336 0.126660
7 3 70.344826 0.968325 0.125706 0.970680 0.127117
7 4 70.459770 0.971829 0.128312 0.972866 0.126677
7 5 70.574715 0.970721 0.126411 0.968351 0.125696
7 6 70.689651 0.969048 0.124442 0.974206 0.128779
7 7 70.804596 0.971715 0.125941 0.972297 0.126339
7 8 70.919540 0.969374 0.124043 0.969815 0.126764
7 9 71.034485 0.973150 0.126448 0.971256 0.124763
7 10 71.149422 0.971738 0.126295 0.972255 0.126112
7 11 71.264366 0.970023 0.125260 0.972951 0.125271
7 12 71.379311 0.970391 0.127760 0.971380 0.126491
7 13 71.494255 0.971472 0.125715 0.973127 0.128003
7 14 71.609192 0.970839 0.127528 0.971178 0.124667
7 15 71.724136 0.970721 0.126280 0.969934 0.127184
7 16 71.839081 0.971937 0.126994 0.973575 0.126429
7 17 71.954025 0.972111 0.127356 0.967791 0.126599
7 18 72.068962 0.971707 0.126047 0.973350 0.127089
7 19 72.183907 0.972473 0.125180 0.972342 0.126502
7 20 72.298851 0.973268 0.126296 0.970051 0.125298
7 21 72.413795 0.973985 0.127625 0.973124 0.125448
7 22 72.528732 0.971808 0.125947 0.969518 0.125083
7 23 72.643677 0.970711 0.124720 0.970073 0.125792
7 24 72.758621 0.973548 0.127725 0.971254 0.126867
7 25 72.873566 0.973635 0.126316 0.970206 0.125200
7 26 72.988503 0.970948 0.125922 0.972944 0.127177
7 27 73.103447 0.969490 0.124017 0.972092 0.127907
7 28 73.218391 0.971380 0.125417 0.968421 0.126457
7 29 73.333336 0.972041 0.128949 0.971369 0.125959
7 30 73.448273 0.970255 0.127469 0.970319 0.126501
7 31 73.563217 0.972653 0.125719 0.972417 0.125697
7 32 73.678162 0.975286 0.128248 0.970796 0.126741
7 33 73.793106 0.971623 0.125760 0.973801 0.126751
7 34 73.908043 0.970461 0.126825 0.969820 0.125749
7 35 74.022987 0.973604 0.126491 0.973098 0.127686
7 36 74.137932 0.972978 0.127571 0.971358 0.127425
7 37 74.252876 0.970333 0.126031 0.971209 0.125732
7 38 74.367813 0.968129 0.126099 0.972175 0.126121
7 39 74.482758 0.973732 0.127066 0.974534 0.127221
7 40 74.597702 0.972141 0.126724 0.972532 0.127461
7 41 74.712646 0.971105 0.126423 0.969146 0.126253
7 42 74.827583 0.971081 0.126734 0.969305 0.124912
7 43 74.942528 0.970948 0.125748 0.971654 0.126549
7 44 75.057472 0.971133 0.127906 0.970141 0.125857
7 45 75.172417 0.970966 0.127640 0.973515 0.126401
7 46 75.287354 0.972736 0.125887 0.974016 0.125605
7 47 75.402298 0.971538 0.125746 0.973780 0.128007
7 48 75.517242 0.970242 0.125836 0.968547 0.125372
7 49 75.632187 0.971352 0.124232 0.969195 0.126282
7 50 75.747124 0.970159 0.124344 0.973963 0.127429
7 51 75.862068 0.970283 0.126563 0.971790 0.126607
7 52 75.977013 0.971796 0.125259 0.966923 0.124141
7 53 76.091957 0.970978 0.124968 0.971445 0.128029
7 54 76.206894 0.973191 0.126249 0.972633 0.128310
7 55 76.321838 0.972051 0.125306 0.971289 0.125463
7 56 76.436783 0.970322 0.126303 0.969974 0.124845
7 57 76.551727 0.969258 0.125760 0.969105 0.124788
7 58 76.666664 0.974282 0.127331 0.967938 0.125468
7 59 76.781609 0.971199 0.126233 0.971115 0.127489
7 60 76.896553 0.973424 0.127364 0.972226 0.126165
7 61 77.011497 0.974183 0.126685 0.972750 0.125238
7 62 77.126434 0.969632 0.124201 0.969135 0.124634
7 63 77.241379 0.971500 0.126346 0.968247 0.125310
7 64 77.356323 0.969872 0.126976 0.970528 0.127740
7 65 77.471268 0.969255 0.125907 0.970461 0.125572
7 66 77.586205 0.970871 0.125179 0.972098 0.126183
7 67 77.701149 0.970066 0.128127 0.968041 0.125044
7 68 77.816093 0.970186 0.125284 0.973039 0.124986
7 69 77.931038 0.968970 0.126480 0.966582 0.126129
7 70 78.045975 0.970863 0.126293 0.974105 0.127841
7 71 78.160919 0.971602 0.127010 0.971132 0.123684
7 72 78.275864 0.970099 0.125065 0.971158 0.127057
7 73 78.390808 0.968205 0.125599 0.972530 0.126674
7 74 78.505745 0.970102 0.124998 0.975716 0.126592
7 75 78.620689 0.972728 0.126435 0.971610 0.127198
7 76 78.735634 0.970600 0.126612 0.971639 0.126248
7 77 78.850578 0.969950 0.125658 0.973077 0.125148
7 78 78.965515 0.970444 0.126654 0.971084 0.125846
7 79 79.080460 0.969854 0.123752 0.974238 0.127332
7 80 79.195404 0.972530 0.127131 0.972067 0.125518
7 81 79.310349 0.970260 0.125614 0.970616 0.124958
7 82 79.425285 0.972400 0.126731 0.971721 0.125922
7 83 79.540230 0.973503 0.127050 0.971286 0.126807
7 84 79.655174 0.973219 0.126508 0.974738 0.127444
7 85 79.770119 0.970984 0.124977 0.971411 0.125255
7 86 79.885056 0.974614 0.126415 0.972263 0.127433
8 0 80.000000 0.972565 0.127235 0.973631 0.127152
8 1 80.114944 0.970724 0.126801 0.972017 0.126392
8 2 80.229881 0.969665 0.126326 0.972036 0.125708
8 3 80.344826 0.972925 0.128262 0.971296 0.126956
8 4 80.459770 0.973570 0.127488 0.971812 0.127826
8 5 80.574715 0.972476 0.126157 0.973837 0.127039
8 6 80.689651 0.972755 0.125339 0.972061 0.125319
8 7 80.804596 0.974630 0.127534 0.971302 0.126568
8 8 80.919540 0.971091 0.125314 0.970696 0.127016
8 9 81.034485 0.971615 0.127156 0.972383 0.128046
8 10 81.149422 0.970423 0.126878 0.970896 0.124955
8 11 81.264366 0.970989 0.126396 0.970356 0.126163
8 12 81.379311 0.972497 0.125957 0.971194 0.125743
8 13 81.494255 0.973948 0.127707 0.972756 0.126718
8 14 81.609192 0.969957 0.125746 0.970675 0.128039
8 15 81.724136 0.970597 0.124794 0.970628 0.125111
8 16 81.839081 0.970815 0.126560 0.970537 0.126522
8 17 81.954025 0.971726 0.126248 0.972311 0.126633
8 18 82.068962 0.972771 0.126302 0.972338 0.127553
8 19 82.183907 0.970001 0.125980 0.970126 0.125571
8 20 82.298851 0.971482 0.126292 0.971519 0.126453
8 21 82.413795 0.972559 0.127133 0.971737 0.125925
8 22 82.528732 0.971459 0.127435 0.969181 0.124924
8 23 82.643677 0.971905 0.127075 0.971297 0.126704
8 24 82.758621 0.972055 0.126060 0.972688 0.126319
8 25 82.873566 0.967791 0.124893 0.971456 0.127156
8 26 82.988503 0.968325 0.126134 0.971214 0.126852
8 27 83.103447 0.970197 0.126215 0.970756 0.126504
8 28 83.218391 0.968642 0.125895 0.970820 0.125618
8 29 83.333336 0.969973 0.125560 0.975406 0.127622
8 30 83.448273 0.968916 0.125579 0.971271 0.127119
8 31 83.563217 0.975994 0.126810 0.971880 0.126119
8 32 83.678162 0.971250 0.127747 0.971155 0.127045
8 33 83.793106 0.974305 0.126607 0.971654 0.126205
8 34 83.908043 0.968918 0.126619 0.972784 0.126470
8 35 84.022987 0.974258 0.127338 0.970790 0.124951
8 36 84.137932 0.969959 0.128359 0.972860 0.127437
8 37 84.252876 0.971736 0.126720 0.970972 0.126159
8 38 84.367813 0.973141 0.126978 0.971418 0.123644
8 39 84.482758 0.972459 0.125488 0.968608 0.125553
8 40 84.597702 0.974104 0.128112 0.971338 0.125057
8 41 84.712646 0.973177 0.125841 0.973534 0.126971
8 42 84.827583 0.973275 0.128122 0.968891 0.125526
8 43 84.942528 0.972969 0.128659 0.972802 0.126801
8 44 85.057472 0.970336 0.126464 0.971921 0.127637
8 45 85.172417 0.974992 0.129065 0.970463 0.124653
8 46 85.287354 0.968534 0.125777 0.969310 0.125051
8 47 85.402298 0.972582 0.125134 0.968194 0.125517
8 48 85.517242 0.970794 0.127196 0.972043 0.126178
8 49 85.632187 0.970324 0.125259 0.971835 0.126197
8 50 85.747124 0.969497 0.125389 0.973691 0.127861
8 51 85.862068 0.970777 0.127022 0.969341 0.125916
8 52 85.977013 0.971695 0.126347 0.974223 0.127900
8 53 86.091957 0.970101 0.125486 0.973305 0.127019
8 54 86.206894 0.971090 0.126742 0.972816 0.127477
8 55 86.321838 0.971727 0.128438 0.972258 0.127996
8 56 86.436783 0.970357 0.124114 0.970671 0.126388
8 57 86.551727 0.971743 0.125789 0.972574 0.126023
8 58 86.666664 0.969618 0.125265 0.972010 0.127776
8 59 86.781609 0.972257 0.126585 0.972457 0.127659
8 60 86.896553 0.971727 0.126920 0.971016 0.125771
8 61 87.011497 0.970072 0.126505 0.970621 0.125956
8 62 87.126434 0.970891 0.126416 0.974918 0.127624
8 63 87.241379 0.973646 0.128019 0.972851 0.125950
8 64 87.356323 0.968300 0.126175 0.971338 0.126822
8 65 87.471268 0.974843 0.128828 0.970320 0.126745
8 66 87.586205 0.971597 0.126842 0.972697 0.127454
8 67 87.701149 0.972511 0.126071 0.971743 0.126447
8 68 87.816093 0.973447 0.127115 0.971447 0.123972
8 69 87.931038 0.971600 0.126278 0.972869 0.127253
8 70 88.045975 0.970913 0.126316 0.972068 0.125991
8 71 88.160919 0.970266 0.126064 0.969905 0.125628
8 72 88.275864 0.970564 0.125496 0.971976 0.128298
8 73 88.390808 0.972372 0.126073 0.970147 0.127599
8 74 88.505745 0.971707 0.128155 0.971864 0.126393
8 75 88.620689 0.970793 0.126646 0.968328 0.125294
8 76 88.735634 0.973170 0.127901 0.971924 0.126193
8 77 88.850578 0.971618 0.125520 0.970699 0.126482
8 78 88.965515 0.970688 0.127451 0.968605 0.124701
8 79 89.080460 0.972439 0.127869 0.973231 0.127206
8 80 89.195404 0.972072 0.125918 0.974313 0.127337
8 81 89.310349 0.972864 0.127050 0.969771 0.126073
8 82 89.425285 0.973803 0.127117 0.973888 0.127212
8 83 89.540230 0.972492 0.126012 0.970550 0.126846
8 84 89.655174 0.972149 0.126167 0.971743 0.126292
8 85 89.770119 0.971081 0.126539 0.971175 0.125837
8 86 89.885056 0.969139 0.125506 0.972793 0.127670
9 0 90.000000 0.969420 0.124485 0.972071 0.126758
9 1 90.114944 0.972507 0.125100 0.971957 0.126065
9 2 90.229881 0.969878 0.125969 0.972825 0.126931
9 3 90.344826 0.974224 0.127596 0.972092 0.125159
9 4 90.459770 0.972272 0.126301 0.972707 0.126138
9 5 90.574715 0.972875 0.127294 0.970226 0.127635
9 6 90.689651 0.970348 0.125012 0.973142 0.125755
9 7 90.804596 0.972729 0.125123 0.971574 0.127086
9 8 90.919540 0.973981 0.127255 0.969590 0.127303
9 9 91.034485 0.971283 0.125490 0.972132 0.125816
9 10 91.149422 0.973236 0.127980 0.969553 0.125472
9 11 91.264366 0.969090 0.125245 0.972136 0.127351
9 12 91.379311 0.972887 0.126460 0.969483 0.126554
9 13 91.494255 0.972292 0.126698 0.968839 0.125329
9 14 91.609192 0.970488 0.125561 0.972599 0.127230
9 15 91.724136 0.968958 0.125767 0.971400 0.125342
9 16 91.839081 0.971539 0.126435 0.969720 0.126808
9 17 91.954025 0.972363 0.127945 0.968752 0.125077
9 18 92.068962 0.970816 0.124621 0.970607 0.126932
9 19 92.183907 0.973356 0.127262 0.973985 0.128431
9 20 92.298851 0.971521 0.124845 0.971489 0.124846
9 21 92.413795 0.971652 0.127565 0.969979 0.124163
9 22 92.528732 0.972020 0.126507 0.971584 0.127119
9 23 92.643677 0.971646 0.126303 0.971468 0.127025
9 24 92.758621 0.972223 0.126912 0.972941 0.128094
9 25 92.873566 0.972964 0.127010 0.973082 0.126386
9 26 92.988503 0.971535 0.126921 0.972295 0.125128
9 27 93.103447 0.972216 0.126458 0.970990 0.127631
9 28 93.218391 0.969552 0.125187 0.970993 0.126929
9 29 93.333336 0.970273 0.125875 0.973458 0.125071
9 30 93.448273 0.969207 0.126204 0.972820 0.127202
9 31 93.563217 0.969433 0.125473 0.974083 0.125604
9 32 93.678162 0.973318 0.127512 0.969823 0.124426
9 33 93.793106 0.969516 0.126247 0.968640 0.123758
9 34 93.908043 0.970920 0.125117 0.972972 0.127858
9 35 94.022987 0.975576 0.128291 0.970861 0.125835
9 36 94.137932 0.971411 0.126502 0.969734 0.125189
9 37 94.252876 0.976088 0.127730 0.973357 0.126775
9 38 94.367813 0.973086 0.126645 0.971198 0.126186
9 39 94.482758 0.971988 0.128212 0.973019 0.125993
9 40 94.597702 0.971883 0.125736 0.970669 0.125751
9 41 94.712646 0.972231 0.126484 0.972443 0.126712
9 42 94.827583 0.973769 0.127535 0.972193 0.127692
9 43 94.942528 0.973316 0.127358 0.973221 0.126504
9 44 95.057472 0.971323 0.125626 0.970834 0.125651
9 45 95.172417 0.971229 0.126814 0.973655 0.128070
9 46 95.287354 0.967462 0.124567 0.971872 0.125912
9 47 95.402298 0.974183 0.125739 0.971218 0.124991
9 48 95.517242 0.969048 0.125659 0.973144 0.128389
9 49 95.632187 0.970906 0.126569 0.969505 0.126331
9 50 95.747124 0.971219 0.125823 0.968804 0.125634
9 51 95.862068 0.971526 0.127213 0.970300 0.125193
9 52 95.977013 0.971875 0.127337 0.970889 0.127182
9 53 96.091957 0.971345 0.124950 0.970290 0.125069
9 54 96.206894 0.972194 0.126780 0.972634 0.126514
9 55 96.321838 0.970879 0.126150 0.970770 0.125788
9 56 96.436783 0.967981 0.125834 0.970913 0.125681
9 57 96.551727 0.972200 0.127287 0.971340 0.126731
9 58 96.666664 0.973003 0.126479 0.971248 0.126019
9 59 96.781609 0.971792 0.125842 0.971206 0.127747
9 60 96.896553 0.971501 0.126196 0.970567 0.125919
9 61 97.011497 0.972446 0.124995 0.970908 0.125158
9 62 97.126434 0.972187 0.126403 0.972900 0.125285
9 63 97.241379 0.968980 0.124437 0.970890 0.124097
9 64 97.356323 0.969783 0.125325 0.971607 0.125494
9 65 97.471268 0.971675 0.125252 0.972561 0.128318
9 66 97.586205 0.973485 0.126930 0.968953 0.124417
9 67 97.701149 0.969604 0.126097 0.972961 0.127524
9 68 97.816093 0.972542 0.127039 0.971503 0.125524
9 69 97.931038 0.972561 0.125799 0.971690 0.126540
9 70 98.045975 0.970071 0.126723 0.973823 0.127757
9 71 98.160919 0.972289 0.126742 0.970421 0.125298
9 72 98.275864 0.971937 0.126839 0.968380 0.125270
9 73 98.390808 0.970601 0.124818 0.971605 0.128729
9 74 98.505745 0.971048 0.126348 0.971004 0.125177
9 75 98.620689 0.970012 0.126810 0.971188 0.125523
9 76 98.735634 0.975448 0.125309 0.971189 0.125903
9 77 98.850578 0.971272 0.126470 0.971832 0.125542
9 78 98.965515 0.973159 0.126608 0.971169 0.125455
9 79 99.080460 0.974212 0.126288 0.969796 0.125729
9 80 99.195404 0.971931 0.125748 0.972902 0.126310
9 81 99.310349 0.972299 0.125582 0.971618 0.124944
9 82 99.425285 0.970699 0.124743 0.971280 0.126579
9 83 99.540230 0.969712 0.125649 0.971742 0.126943
9 84 99.655174 0.971157 0.126333 0.969981 0.124563
9 85 99.770119 0.973313 0.127981 0.973792 0.126937
9 86 99.885056 0.970050 0.125665 0.974693 0.127719
