0 -0.340591 3 0.000150
1 -0.333454 4 0.000200
2 -0.326318 1 0.000050
3 -0.319181 1 0.000050
4 -0.312044 1 0.000050
5 -0.304907 2 0.000100
6 -0.297770 3 0.000150
7 -0.290633 10 0.000500
8 -0.283497 6 0.000300
9 -0.276360 6 0.000300
10 -0.269223 2 0.000100
11 -0.262086 2 0.000100
12 -0.254949 8 0.000400
13 -0.247813 4 0.000200
14 -0.240676 7 0.000350
15 -0.233539 6 0.000300
16 -0.226402 7 0.000350
17 -0.219265 5 0.000250
18 -0.212129 5 0.000250
19 -0.204992 7 0.000350
20 -0.197855 7 0.000350
21 -0.190718 10 0.000500
22 -0.183581 13 0.000650
23 -0.176445 32 0.001600
24 -0.169308 25 0.001250
25 -0.162171 33 0.001650
26 -0.155034 51 0.002550
27 -0.147897 63 0.003150
28 -0.140760 51 0.002550
29 -0.133624 63 0.003150
30 -0.126487 54 0.002700
31 -0.119350 67 0.003350
32 -0.112213 95 0.004750
33 -0.105076 108 0.005400
34 -0.097940 130 0.006500
35 -0.090803 157 0.007850
36 -0.083666 147 0.007350
37 -0.076529 148 0.007400
38 -0.069392 153 0.007650
39 -0.062256 170 0.008500
40 -0.055119 251 0.012550
41 -0.047982 326 0.016300
42 -0.040845 425 0.021250
43 -0.033708 507 0.025350
44 -0.026572 780 0.039000
45 -0.019435 1550 0.077500
46 -0.012298 2834 0.141700
47 -0.005161 4107 0.205350
48 0.001976 2635 0.131750
49 0.009113 1153 0.057650
50 0.016249 635 0.031750
51 0.023386 440 0.022000
52 0.030523 373 0.018650
53 0.037660 350 0.017500
54 0.044797 257 0.012850
55 0.051933 203 0.010150
56 0.059070 190 0.009500
57 0.066207 194 0.009700
58 0.073344 172 0.008600
59 0.080481 159 0.007950
60 0.087617 98 0.004900
61 0.094754 91 0.004550
62 0.101891 92 0.004600
63 0.109028 85 0.004250
64 0.116165 72 0.003600
65 0.123301 69 0.003450
66 0.130438 38 0.001900
67 0.137575 22 0.001100
68 0.144712 33 0.001650
69 0.151849 12 0.000600
70 0.158985 19 0.000950
71 0.166122 13 0.000650
72 0.173259 14 0.000700
73 0.180396 5 0.000250
74 0.187533 6 0.000300
75 0.194670 5 0.000250
76 0.201806 10 0.000500
77 0.208943 8 0.000400
78 0.216080 5 0.000250
79 0.223217 12 0.000600
80 0.230354 12 0.000600
81 0.237490 8 0.000400
82 0.244627 5 0.000250
83 0.251764 2 0.000100
84 0.258901 15 0.000750
85 0.266038 6 0.000300
86 0.273174 9 0.000450
87 0.280311 7 0.000350
88 0.287448 4 0.000200
89 0.294585 1 0.000050
90 0.301722 0 0.000000
91 0.308858 2 0.000100
92 0.315995 3 0.000150
93 0.323132 0 0.000000
94 0.330269 0 0.000000
95 0.337406 1 0.000050
96 0.344543 3 0.000150
97 0.351679 1 0.000050
98 0.358816 3 0.000150
99 0.365953 1 0.000050
