0 -0.497603 1 0.000050
1 -0.488794 1 0.000050
2 -0.479986 0 0.000000
3 -0.471177 0 0.000000
4 -0.462368 0 0.000000
5 -0.453559 0 0.000000
6 -0.444751 0 0.000000
7 -0.435942 0 0.000000
8 -0.427133 0 0.000000
9 -0.418324 0 0.000000
10 -0.409516 0 0.000000
11 -0.400707 0 0.000000
12 -0.391898 0 0.000000
13 -0.383090 0 0.000000
14 -0.374281 0 0.000000
15 -0.365472 0 0.000000
16 -0.356663 2 0.000100
17 -0.347855 2 0.000100
18 -0.339046 0 0.000000
19 -0.330237 0 0.000000
20 -0.321428 6 0.000300
21 -0.312620 4 0.000200
22 -0.303811 3 0.000150
23 -0.295002 2 0.000100
24 -0.286194 17 0.000850
25 -0.277385 4 0.000200
26 -0.268576 4 0.000200
27 -0.259767 25 0.001250
28 -0.250959 6 0.000300
29 -0.242150 21 0.001050
30 -0.233341 33 0.001650
31 -0.224532 30 0.001500
32 -0.215724 24 0.001200
33 -0.206915 34 0.001700
34 -0.198106 24 0.001200
35 -0.189297 24 0.001200
36 -0.180489 44 0.002200
37 -0.171680 64 0.003200
38 -0.162871 137 0.006850
39 -0.154063 167 0.008350
40 -0.145254 198 0.009900
41 -0.136445 237 0.011850
42 -0.127636 262 0.013100
43 -0.118828 232 0.011600
44 -0.110019 219 0.010950
45 -0.101210 237 0.011850
46 -0.092401 266 0.013300
47 -0.083593 299 0.014950
48 -0.074784 404 0.020200
49 -0.065975 422 0.021100
50 -0.057167 396 0.019800
51 -0.048358 406 0.020300
52 -0.039549 392 0.019600
53 -0.030740 530 0.026500
54 -0.021932 964 0.048200
55 -0.013123 2852 0.142600
56 -0.004314 4445 0.222250
57 0.004495 1978 0.098900
58 0.013303 901 0.045050
59 0.022112 323 0.016150
60 0.030921 255 0.012750
61 0.039729 204 0.010200
62 0.048538 163 0.008150
63 0.057347 159 0.007950
64 0.066156 132 0.006600
65 0.074964 172 0.008600
66 0.083773 252 0.012600
67 0.092582 265 0.013250
68 0.101391 144 0.007200
69 0.110199 190 0.009500
70 0.119008 168 0.008400
71 0.127817 161 0.008050
72 0.136625 187 0.009350
73 0.145434 109 0.005450
74 0.154243 95 0.004750
75 0.163052 57 0.002850
76 0.171860 46 0.002300
77 0.180669 31 0.001550
78 0.189478 61 0.003050
79 0.198287 39 0.001950
80 0.207095 35 0.001750
81 0.215904 40 0.002000
82 0.224713 33 0.001650
83 0.233521 35 0.001750
84 0.242330 31 0.001550
85 0.251139 34 0.001700
86 0.259948 37 0.001850
87 0.268756 35 0.001750
88 0.277565 43 0.002150
89 0.286374 40 0.002000
90 0.295183 30 0.001500
91 0.303991 37 0.001850
92 0.312800 20 0.001000
93 0.321609 16 0.000800
94 0.330418 0 0.000000
95 0.339226 0 0.000000
96 0.348035 0 0.000000
97 0.356844 0 0.000000
98 0.365652 1 0.000050
99 0.374461 1 0.000050
