0 -0.393556 2 0.000100
1 -0.385834 2 0.000100
2 -0.378112 0 0.000000
3 -0.370390 0 0.000000
4 -0.362668 0 0.000000
5 -0.354946 0 0.000000
6 -0.347224 0 0.000000
7 -0.339502 1 0.000050
8 -0.331780 2 0.000100
9 -0.324058 0 0.000000
10 -0.316336 4 0.000200
11 -0.308614 2 0.000100
12 -0.300892 1 0.000050
13 -0.293170 4 0.000200
14 -0.285448 2 0.000100
15 -0.277726 2 0.000100
16 -0.270004 3 0.000150
17 -0.262282 2 0.000100
18 -0.254560 0 0.000000
19 -0.246838 1 0.000050
20 -0.239116 2 0.000100
21 -0.231394 6 0.000300
22 -0.223672 11 0.000550
23 -0.215950 11 0.000550
24 -0.208228 10 0.000500
25 -0.200506 15 0.000750
26 -0.192784 38 0.001900
27 -0.185062 83 0.004150
28 -0.177340 61 0.003050
29 -0.169618 79 0.003950
30 -0.161896 76 0.003800
31 -0.154174 144 0.007200
32 -0.146452 188 0.009400
33 -0.138730 201 0.010050
34 -0.131008 228 0.011400
35 -0.123286 150 0.007500
36 -0.115564 156 0.007800
37 -0.107842 215 0.010750
38 -0.100120 257 0.012850
39 -0.092398 511 0.025550
40 -0.084676 842 0.042100
41 -0.076954 552 0.027600
42 -0.069232 336 0.016800
43 -0.061510 402 0.020100
44 -0.053788 536 0.026800
45 -0.046066 612 0.030600
46 -0.038344 730 0.036500
47 -0.030622 559 0.027950
48 -0.022900 745 0.037250
49 -0.015178 3170 0.158500
50 -0.007456 1205 0.060250
51 0.000266 680 0.034000
52 0.007988 712 0.035600
53 0.015710 1079 0.053950
54 0.023432 740 0.037000
55 0.031154 445 0.022250
56 0.038876 403 0.020150
57 0.046598 463 0.023150
58 0.054320 578 0.028900
59 0.062042 468 0.023400
60 0.069764 368 0.018400
61 0.077486 206 0.010300
62 0.085208 174 0.008700
63 0.092930 172 0.008600
64 0.100652 162 0.008100
65 0.108374 321 0.016050
66 0.116096 304 0.015200
67 0.123818 140 0.007000
68 0.131540 52 0.002600
69 0.139262 66 0.003300
70 0.146984 80 0.004000
71 0.154706 85 0.004250
72 0.162428 46 0.002300
73 0.170150 33 0.001650
74 0.177872 18 0.000900
75 0.185594 13 0.000650
76 0.193316 6 0.000300
77 0.201038 5 0.000250
78 0.208760 0 0.000000
79 0.216482 3 0.000150
80 0.224204 3 0.000150
81 0.231926 0 0.000000
82 0.239648 0 0.000000
83 0.247370 0 0.000000
84 0.255092 0 0.000000
85 0.262814 3 0.000150
86 0.270536 4 0.000200
87 0.278258 1 0.000050
88 0.285980 3 0.000150
89 0.293702 0 0.000000
90 0.301424 1 0.000050
91 0.309146 0 0.000000
92 0.316868 1 0.000050
93 0.324590 1 0.000050
94 0.332312 0 0.000000
95 0.340034 1 0.000050
96 0.347756 0 0.000000
97 0.355478 0 0.000000
98 0.363200 0 0.000000
99 0.370922 1 0.000050
