0 -0.497603 1 0.000017
1 -0.488794 1 0.000017
2 -0.479986 0 0.000000
3 -0.471177 0 0.000000
4 -0.462368 0 0.000000
5 -0.453559 0 0.000000
6 -0.444751 0 0.000000
7 -0.435942 0 0.000000
8 -0.427133 0 0.000000
9 -0.418324 0 0.000000
10 -0.409516 0 0.000000
11 -0.400707 1 0.000017
12 -0.391898 2 0.000033
13 -0.383090 1 0.000017
14 -0.374281 0 0.000000
15 -0.365472 0 0.000000
16 -0.356663 2 0.000033
17 -0.347855 3 0.000050
18 -0.339046 5 0.000083
19 -0.330237 5 0.000083
20 -0.321428 9 0.000150
21 -0.312620 9 0.000150
22 -0.303811 7 0.000117
23 -0.295002 16 0.000267
24 -0.286194 27 0.000450
25 -0.277385 12 0.000200
26 -0.268576 10 0.000167
27 -0.259767 33 0.000550
28 -0.250959 12 0.000200
29 -0.242150 33 0.000550
30 -0.233341 46 0.000767
31 -0.224532 48 0.000800
32 -0.215724 43 0.000717
33 -0.206915 58 0.000967
34 -0.198106 54 0.000900
35 -0.189297 111 0.001850
36 -0.180489 156 0.002600
37 -0.171680 176 0.002933
38 -0.162871 266 0.004433
39 -0.154063 399 0.006650
40 -0.145254 490 0.008167
41 -0.136445 571 0.009517
42 -0.127636 526 0.008767
43 -0.118828 506 0.008433
44 -0.110019 572 0.009533
45 -0.101210 672 0.011200
46 -0.092401 1087 0.018117
47 -0.083593 1350 0.022500
48 -0.074784 1108 0.018467
49 -0.065975 1057 0.017617
50 -0.057167 1246 0.020767
51 -0.048358 1513 0.025217
52 -0.039549 1715 0.028583
53 -0.030740 1970 0.032833
54 -0.021932 3516 0.058600
55 -0.013123 9963 0.166050
56 -0.004314 10143 0.169050
57 0.004495 5000 0.083333
58 0.013303 3023 0.050383
59 0.022112 1761 0.029350
60 0.030921 1223 0.020383
61 0.039729 1065 0.017750
62 0.048538 985 0.016417
63 0.057347 1002 0.016700
64 0.066156 869 0.014483
65 0.074964 633 0.010550
66 0.083773 608 0.010133
67 0.092582 580 0.009667
68 0.101391 456 0.007600
69 0.110199 693 0.011550
70 0.119008 509 0.008483
71 0.127817 304 0.005067
72 0.136625 292 0.004867
73 0.145434 233 0.003883
74 0.154243 205 0.003417
75 0.163052 119 0.001983
76 0.171860 101 0.001683
77 0.180669 54 0.000900
78 0.189478 79 0.001317
79 0.198287 56 0.000933
80 0.207095 44 0.000733
81 0.215904 50 0.000833
82 0.224713 53 0.000883
83 0.233521 44 0.000733
84 0.242330 38 0.000633
85 0.251139 41 0.000683
86 0.259948 54 0.000900
87 0.268756 49 0.000817
88 0.277565 51 0.000850
89 0.286374 50 0.000833
90 0.295183 31 0.000517
91 0.303991 40 0.000667
92 0.312800 23 0.000383
93 0.321609 18 0.000300
94 0.330418 1 0.000017
95 0.339226 3 0.000050
96 0.348035 2 0.000033
97 0.356844 3 0.000050
98 0.365652 3 0.000050
99 0.374461 1 0.000017
