0 0.000000 41283 0.688050
1 0.002501 4849 0.080817
2 0.005002 3671 0.061183
3 0.007503 2125 0.035417
4 0.010004 1411 0.023517
5 0.012505 1442 0.024033
6 0.015007 1055 0.017583
7 0.017508 867 0.014450
8 0.020009 670 0.011167
9 0.022510 478 0.007967
10 0.025011 380 0.006333
11 0.027512 227 0.003783
12 0.030013 201 0.003350
13 0.032514 134 0.002233
14 0.035015 95 0.001583
15 0.037516 100 0.001667
16 0.040018 75 0.001250
17 0.042519 65 0.001083
18 0.045020 67 0.001117
19 0.047521 54 0.000900
20 0.050022 63 0.001050
21 0.052523 59 0.000983
22 0.055024 46 0.000767
23 0.057525 33 0.000550
24 0.060026 27 0.000450
25 0.062527 37 0.000617
26 0.065029 46 0.000767
27 0.067530 36 0.000600
28 0.070031 32 0.000533
29 0.072532 28 0.000467
30 0.075033 34 0.000567
31 0.077534 40 0.000667
32 0.080035 43 0.000717
33 0.082536 39 0.000650
34 0.085037 22 0.000367
35 0.087538 17 0.000283
36 0.090040 17 0.000283
37 0.092541 25 0.000417
38 0.095042 20 0.000333
39 0.097543 25 0.000417
40 0.100044 9 0.000150
41 0.102545 13 0.000217
42 0.105046 9 0.000150
43 0.107547 3 0.000050
44 0.110048 3 0.000050
45 0.112549 2 0.000033
46 0.115051 2 0.000033
47 0.117552 4 0.000067
48 0.120053 1 0.000017
49 0.122554 2 0.000033
50 0.125055 1 0.000017
51 0.127556 0 0.000000
52 0.130057 3 0.000050
53 0.132558 1 0.000017
54 0.135059 0 0.000000
55 0.137560 2 0.000033
56 0.140062 1 0.000017
57 0.142563 1 0.000017
58 0.145064 0 0.000000
59 0.147565 1 0.000017
60 0.150066 1 0.000017
61 0.152567 1 0.000017
62 0.155068 0 0.000000
63 0.157569 0 0.000000
64 0.160070 0 0.000000
65 0.162571 0 0.000000
66 0.165073 0 0.000000
67 0.167574 0 0.000000
68 0.170075 0 0.000000
69 0.172576 0 0.000000
70 0.175077 0 0.000000
71 0.177578 0 0.000000
72 0.180079 0 0.000000
73 0.182580 0 0.000000
74 0.185081 0 0.000000
75 0.187582 0 0.000000
76 0.190084 0 0.000000
77 0.192585 0 0.000000
78 0.195086 0 0.000000
79 0.197587 0 0.000000
80 0.200088 0 0.000000
81 0.202589 0 0.000000
82 0.205090 0 0.000000
83 0.207591 0 0.000000
84 0.210092 0 0.000000
85 0.212593 0 0.000000
86 0.215095 0 0.000000
87 0.217596 0 0.000000
88 0.220097 0 0.000000
89 0.222598 0 0.000000
90 0.225099 0 0.000000
91 0.227600 0 0.000000
92 0.230101 0 0.000000
93 0.232602 0 0.000000
94 0.235103 1 0.000017
95 0.237604 0 0.000000
96 0.240105 0 0.000000
97 0.242607 0 0.000000
98 0.245108 1 0.000017
99 0.247609 0 0.000000
