0 0.116262 2 0.000100
1 0.124207 2 0.000100
2 0.132151 0 0.000000
3 0.140096 0 0.000000
4 0.148041 0 0.000000
5 0.155986 0 0.000000
6 0.163930 0 0.000000
7 0.171875 0 0.000000
8 0.179820 0 0.000000
9 0.187765 1 0.000050
10 0.195709 2 0.000100
11 0.203654 4 0.000200
12 0.211599 6 0.000300
13 0.219544 6 0.000300
14 0.227488 3 0.000150
15 0.235433 1 0.000050
16 0.243378 0 0.000000
17 0.251323 0 0.000000
18 0.259267 2 0.000100
19 0.267212 0 0.000000
20 0.275157 3 0.000150
21 0.283102 3 0.000150
22 0.291047 3 0.000150
23 0.298991 12 0.000600
24 0.306936 24 0.001200
25 0.314881 37 0.001850
26 0.322826 83 0.004150
27 0.330770 75 0.003750
28 0.338715 57 0.002850
29 0.346660 63 0.003150
30 0.354605 116 0.005800
31 0.362549 125 0.006250
32 0.370494 330 0.016500
33 0.378439 148 0.007400
34 0.386384 167 0.008350
35 0.394328 161 0.008050
36 0.402273 256 0.012800
37 0.410218 322 0.016100
38 0.418163 440 0.022000
39 0.426107 963 0.048150
40 0.434052 485 0.024250
41 0.441997 345 0.017250
42 0.449942 387 0.019350
43 0.457886 509 0.025450
44 0.465831 760 0.038000
45 0.473776 625 0.031250
46 0.481721 533 0.026650
47 0.489665 561 0.028050
48 0.497610 3997 0.199850
49 0.505555 765 0.038250
50 0.513500 671 0.033550
51 0.521444 880 0.044000
52 0.529389 961 0.048050
53 0.537334 511 0.025550
54 0.545279 450 0.022500
55 0.553223 440 0.022000
56 0.561168 451 0.022550
57 0.569113 753 0.037650
58 0.577058 343 0.017150
59 0.585003 293 0.014650
60 0.592947 212 0.010600
61 0.600892 222 0.011100
62 0.608837 228 0.011400
63 0.616782 198 0.009900
64 0.624726 408 0.020400
65 0.632671 126 0.006300
66 0.640616 71 0.003550
67 0.648561 62 0.003100
68 0.656505 97 0.004850
69 0.664450 56 0.002800
70 0.672395 81 0.004050
71 0.680340 23 0.001150
72 0.688284 18 0.000900
73 0.696229 20 0.001000
74 0.704174 19 0.000950
75 0.712119 3 0.000150
76 0.720063 0 0.000000
77 0.728008 0 0.000000
78 0.735953 2 0.000100
79 0.743898 1 0.000050
80 0.751842 0 0.000000
81 0.759787 0 0.000000
82 0.767732 0 0.000000
83 0.775677 0 0.000000
84 0.783621 3 0.000150
85 0.791566 5 0.000250
86 0.799511 6 0.000300
87 0.807456 0 0.000000
88 0.815400 0 0.000000
89 0.823345 0 0.000000
90 0.831290 0 0.000000
91 0.839235 0 0.000000
92 0.847179 0 0.000000
93 0.855124 0 0.000000
94 0.863069 0 0.000000
95 0.871014 1 0.000050
96 0.878959 0 0.000000
97 0.886903 0 0.000000
98 0.894848 0 0.000000
99 0.902793 1 0.000050
