0 0.010452 3 0.000050
1 0.020444 8 0.000133
2 0.030437 10 0.000167
3 0.040429 13 0.000217
4 0.050421 17 0.000283
5 0.060413 8 0.000133
6 0.070405 10 0.000167
7 0.080398 10 0.000167
8 0.090390 10 0.000167
9 0.100382 13 0.000217
10 0.110374 14 0.000233
11 0.120366 13 0.000217
12 0.130359 18 0.000300
13 0.140351 20 0.000333
14 0.150343 20 0.000333
15 0.160335 17 0.000283
16 0.170327 15 0.000250
17 0.180320 22 0.000367
18 0.190312 32 0.000533
19 0.200304 37 0.000617
20 0.210296 42 0.000700
21 0.220288 51 0.000850
22 0.230281 40 0.000667
23 0.240273 27 0.000450
24 0.250265 70 0.001167
25 0.260257 44 0.000733
26 0.270249 86 0.001433
27 0.280242 99 0.001650
28 0.290234 94 0.001567
29 0.300226 115 0.001917
30 0.310218 220 0.003667
31 0.320210 246 0.004100
32 0.330203 365 0.006083
33 0.340195 258 0.004300
34 0.350187 258 0.004300
35 0.360179 295 0.004917
36 0.370171 521 0.008683
37 0.380164 351 0.005850
38 0.390156 412 0.006867
39 0.400148 535 0.008917
40 0.410140 712 0.011867
41 0.420132 1157 0.019283
42 0.430125 1193 0.019883
43 0.440117 861 0.014350
44 0.450109 1108 0.018467
45 0.460101 1476 0.024600
46 0.470093 2038 0.033967
47 0.480086 2396 0.039933
48 0.490078 4192 0.069867
49 0.500070 7166 0.119433
50 0.510062 2666 0.044433
51 0.520054 2318 0.038633
52 0.530047 1934 0.032233
53 0.540039 1314 0.021900
54 0.550031 1250 0.020833
55 0.560023 1455 0.024250
56 0.570015 2129 0.035483
57 0.580008 2825 0.047083
58 0.590000 3365 0.056083
59 0.599992 2081 0.034683
60 0.609984 1357 0.022617
61 0.619976 1383 0.023050
62 0.629969 792 0.013200
63 0.639961 547 0.009117
64 0.649953 465 0.007750
65 0.659945 364 0.006067
66 0.669937 389 0.006483
67 0.679930 303 0.005050
68 0.689922 219 0.003650
69 0.699914 250 0.004167
70 0.709906 191 0.003183
71 0.719898 170 0.002833
72 0.729891 180 0.003000
73 0.739883 175 0.002917
74 0.749875 217 0.003617
75 0.759867 160 0.002667
76 0.769859 208 0.003467
77 0.779852 193 0.003217
78 0.789844 192 0.003200
79 0.799836 172 0.002867
80 0.809828 194 0.003233
81 0.819820 244 0.004067
82 0.829813 220 0.003667
83 0.839805 224 0.003733
84 0.849797 334 0.005567
85 0.859789 434 0.007233
86 0.869781 366 0.006100
87 0.879774 383 0.006383
88 0.889766 223 0.003717
89 0.899758 236 0.003933
90 0.909750 260 0.004333
91 0.919742 315 0.005250
92 0.929735 233 0.003883
93 0.939727 146 0.002433
94 0.949719 63 0.001050
95 0.959711 49 0.000817
96 0.969703 51 0.000850
97 0.979696 17 0.000283
98 0.989688 5 0.000083
99 0.999680 1 0.000017
