0 0.011833 1 0.000050
1 0.021604 3 0.000150
2 0.031376 4 0.000200
3 0.041148 6 0.000300
4 0.050919 16 0.000800
5 0.060691 5 0.000250
6 0.070462 6 0.000300
7 0.080234 7 0.000350
8 0.090006 4 0.000200
9 0.099777 10 0.000500
10 0.109549 7 0.000350
11 0.119321 5 0.000250
12 0.129092 12 0.000600
13 0.138864 12 0.000600
14 0.148635 21 0.001050
15 0.158407 13 0.000650
16 0.168179 12 0.000600
17 0.177950 16 0.000800
18 0.187722 18 0.000900
19 0.197494 22 0.001100
20 0.207265 34 0.001700
21 0.217037 35 0.001750
22 0.226808 33 0.001650
23 0.236580 18 0.000900
24 0.246352 19 0.000950
25 0.256123 29 0.001450
26 0.265895 31 0.001550
27 0.275667 49 0.002450
28 0.285438 62 0.003100
29 0.295210 77 0.003850
30 0.304981 68 0.003400
31 0.314753 69 0.003450
32 0.324525 83 0.004150
33 0.334296 86 0.004300
34 0.344068 78 0.003900
35 0.353840 93 0.004650
36 0.363611 133 0.006650
37 0.373383 114 0.005700
38 0.383154 171 0.008550
39 0.392926 196 0.009800
40 0.402698 225 0.011250
41 0.412469 230 0.011500
42 0.422241 272 0.013600
43 0.432012 328 0.016400
44 0.441784 408 0.020400
45 0.451556 540 0.027000
46 0.461327 735 0.036750
47 0.471099 1062 0.053100
48 0.480871 1672 0.083600
49 0.490642 3211 0.160550
50 0.500414 2806 0.140300
51 0.510185 1634 0.081700
52 0.519957 1020 0.051000
53 0.529729 662 0.033100
54 0.539500 462 0.023100
55 0.549272 358 0.017900
56 0.559044 362 0.018100
57 0.568815 324 0.016200
58 0.578587 301 0.015050
59 0.588358 179 0.008950
60 0.598130 145 0.007250
61 0.607902 141 0.007050
62 0.617673 143 0.007150
63 0.627445 115 0.005750
64 0.637217 99 0.004950
65 0.646988 101 0.005050
66 0.656760 68 0.003400
67 0.666531 71 0.003550
68 0.676303 93 0.004650
69 0.686075 56 0.002800
70 0.695846 48 0.002400
71 0.705618 30 0.001500
72 0.715390 34 0.001700
73 0.725161 31 0.001550
74 0.734933 22 0.001100
75 0.744704 32 0.001600
76 0.754476 29 0.001450
77 0.764248 23 0.001150
78 0.774019 25 0.001250
79 0.783791 29 0.001450
80 0.793563 19 0.000950
81 0.803334 15 0.000750
82 0.813106 12 0.000600
83 0.822877 15 0.000750
84 0.832649 9 0.000450
85 0.842421 14 0.000700
86 0.852192 9 0.000450
87 0.861964 5 0.000250
88 0.871736 3 0.000150
89 0.881507 9 0.000450
90 0.891279 10 0.000500
91 0.901050 10 0.000500
92 0.910822 13 0.000650
93 0.920594 15 0.000750
94 0.930365 13 0.000650
95 0.940137 9 0.000450
96 0.949908 6 0.000300
97 0.959680 3 0.000150
98 0.969452 6 0.000300
99 0.979223 1 0.000050
