0 0.051640 1 0.000050
1 0.060897 16 0.000800
2 0.070153 0 0.000000
3 0.079410 11 0.000550
4 0.088667 0 0.000000
5 0.097923 0 0.000000
6 0.107180 4 0.000200
7 0.116437 0 0.000000
8 0.125693 8 0.000400
9 0.134950 0 0.000000
10 0.144207 0 0.000000
11 0.153463 0 0.000000
12 0.162720 0 0.000000
13 0.171977 0 0.000000
14 0.181233 0 0.000000
15 0.190490 0 0.000000
16 0.199747 2 0.000100
17 0.209003 0 0.000000
18 0.218260 0 0.000000
19 0.227517 0 0.000000
20 0.236773 0 0.000000
21 0.246030 4 0.000200
22 0.255287 4 0.000200
23 0.264543 7 0.000350
24 0.273800 0 0.000000
25 0.283057 0 0.000000
26 0.292313 0 0.000000
27 0.301570 21 0.001050
28 0.310827 16 0.000800
29 0.320083 196 0.009800
30 0.329340 218 0.010900
31 0.338597 69 0.003450
32 0.347853 48 0.002400
33 0.357110 2 0.000100
34 0.366367 2 0.000100
35 0.375623 0 0.000000
36 0.384880 0 0.000000
37 0.394136 238 0.011900
38 0.403393 200 0.010000
39 0.412650 0 0.000000
40 0.421906 0 0.000000
41 0.431163 0 0.000000
42 0.440420 1 0.000050
43 0.449676 0 0.000000
44 0.458933 3 0.000150
45 0.468190 21 0.001050
46 0.477446 17 0.000850
47 0.486703 48 0.002400
48 0.495960 12 0.000600
49 0.505216 12 0.000600
50 0.514473 45 0.002250
51 0.523730 45 0.002250
52 0.532986 62 0.003100
53 0.542243 154 0.007700
54 0.551500 119 0.005950
55 0.560756 354 0.017700
56 0.570013 653 0.032650
57 0.579270 1102 0.055100
58 0.588526 3551 0.177550
59 0.597783 2160 0.108000
60 0.607040 928 0.046400
61 0.616296 631 0.031550
62 0.625553 321 0.016050
63 0.634810 200 0.010000
64 0.644066 151 0.007550
65 0.653323 435 0.021750
66 0.662580 46 0.002300
67 0.671836 1390 0.069500
68 0.681093 397 0.019850
69 0.690350 266 0.013300
70 0.699606 12 0.000600
71 0.708863 4 0.000200
72 0.718120 65 0.003250
73 0.727376 466 0.023300
74 0.736633 51 0.002550
75 0.745890 816 0.040800
76 0.755146 444 0.022200
77 0.764403 1213 0.060650
78 0.773660 606 0.030300
79 0.782916 58 0.002900
80 0.792173 22 0.001100
81 0.801430 34 0.001700
82 0.810686 216 0.010800
83 0.819943 126 0.006300
84 0.829200 42 0.002100
85 0.838456 145 0.007250
86 0.847713 102 0.005100
87 0.856970 185 0.009250
88 0.866226 159 0.007950
89 0.875483 198 0.009900
90 0.884740 104 0.005200
91 0.893996 93 0.004650
92 0.903253 163 0.008150
93 0.912510 157 0.007850
94 0.921766 78 0.003900
95 0.931023 140 0.007000
96 0.940280 44 0.002200
97 0.949536 39 0.001950
98 0.958793 27 0.001350
99 0.968050 0 0.000000
