0 0.051640 1 0.000017
1 0.060897 16 0.000267
2 0.070153 0 0.000000
3 0.079410 11 0.000183
4 0.088667 0 0.000000
5 0.097923 0 0.000000
6 0.107180 4 0.000067
7 0.116437 0 0.000000
8 0.125693 8 0.000133
9 0.134950 0 0.000000
10 0.144207 0 0.000000
11 0.153463 0 0.000000
12 0.162720 0 0.000000
13 0.171977 0 0.000000
14 0.181233 0 0.000000
15 0.190490 0 0.000000
16 0.199747 7 0.000117
17 0.209003 7 0.000117
18 0.218260 0 0.000000
19 0.227517 0 0.000000
20 0.236773 0 0.000000
21 0.246030 4 0.000067
22 0.255287 6 0.000100
23 0.264543 7 0.000117
24 0.273800 0 0.000000
25 0.283057 0 0.000000
26 0.292313 0 0.000000
27 0.301570 336 0.005600
28 0.310827 56 0.000933
29 0.320083 196 0.003267
30 0.329340 226 0.003767
31 0.338597 427 0.007117
32 0.347853 75 0.001250
33 0.357110 14 0.000233
34 0.366367 580 0.009667
35 0.375623 97 0.001617
36 0.384880 178 0.002967
37 0.394136 294 0.004900
38 0.403393 712 0.011867
39 0.412650 495 0.008250
40 0.421906 465 0.007750
41 0.431163 161 0.002683
42 0.440420 622 0.010367
43 0.449676 632 0.010533
44 0.458933 237 0.003950
45 0.468190 555 0.009250
46 0.477446 869 0.014483
47 0.486703 1502 0.025033
48 0.495960 6653 0.110883
49 0.505216 13956 0.232600
50 0.514473 4700 0.078333
51 0.523730 2045 0.034083
52 0.532986 1232 0.020533
53 0.542243 744 0.012400
54 0.551500 380 0.006333
55 0.560756 506 0.008433
56 0.570013 1131 0.018850
57 0.579270 1193 0.019883
58 0.588526 3639 0.060650
59 0.597783 2625 0.043750
60 0.607040 1572 0.026200
61 0.616296 674 0.011233
62 0.625553 497 0.008283
63 0.634810 264 0.004400
64 0.644066 179 0.002983
65 0.653323 901 0.015017
66 0.662580 46 0.000767
67 0.671836 1463 0.024383
68 0.681093 678 0.011300
69 0.690350 292 0.004867
70 0.699606 12 0.000200
71 0.708863 4 0.000067
72 0.718120 65 0.001083
73 0.727376 466 0.007767
74 0.736633 51 0.000850
75 0.745890 816 0.013600
76 0.755146 452 0.007533
77 0.764403 1213 0.020217
78 0.773660 606 0.010100
79 0.782916 58 0.000967
80 0.792173 22 0.000367
81 0.801430 42 0.000700
82 0.810686 216 0.003600
83 0.819943 131 0.002183
84 0.829200 42 0.000700
85 0.838456 145 0.002417
86 0.847713 102 0.001700
87 0.856970 185 0.003083
88 0.866226 159 0.002650
89 0.875483 198 0.003300
90 0.884740 104 0.001733
91 0.893996 93 0.001550
92 0.903253 163 0.002717
93 0.912510 157 0.002617
94 0.921766 78 0.001300
95 0.931023 140 0.002333
96 0.940280 44 0.000733
97 0.949536 39 0.000650
98 0.958793 27 0.000450
99 0.968050 0 0.000000
