0 0.455960 4 0.000200
1 0.457030 0 0.000000
2 0.458100 0 0.000000
3 0.459171 0 0.000000
4 0.460241 0 0.000000
5 0.461311 0 0.000000
6 0.462381 0 0.000000
7 0.463452 0 0.000000
8 0.464522 0 0.000000
9 0.465592 4 0.000200
10 0.466662 0 0.000000
11 0.467733 1 0.000050
12 0.468803 8 0.000400
13 0.469873 0 0.000000
14 0.470943 11 0.000550
15 0.472014 3 0.000150
16 0.473084 22 0.001100
17 0.474154 30 0.001500
18 0.475224 0 0.000000
19 0.476295 0 0.000000
20 0.477365 0 0.000000
21 0.478435 38 0.001900
22 0.479505 1 0.000050
23 0.480576 31 0.001550
24 0.481646 8 0.000400
25 0.482716 8 0.000400
26 0.483786 35 0.001750
27 0.484857 7 0.000350
28 0.485927 3 0.000150
29 0.486997 15 0.000750
30 0.488067 8 0.000400
31 0.489138 36 0.001800
32 0.490208 58 0.002900
33 0.491278 35 0.001750
34 0.492348 74 0.003700
35 0.493419 43 0.002150
36 0.494489 14 0.000700
37 0.495559 228 0.011400
38 0.496629 108 0.005400
39 0.497700 81 0.004050
40 0.498770 50 0.002500
41 0.499840 42 0.002100
42 0.500910 401 0.020050
43 0.501981 135 0.006750
44 0.503051 259 0.012950
45 0.504121 1181 0.059050
46 0.505191 284 0.014200
47 0.506262 451 0.022550
48 0.507332 1079 0.053950
49 0.508402 1265 0.063250
50 0.509472 2062 0.103100
51 0.510543 3529 0.176450
52 0.511613 1157 0.057850
53 0.512683 1348 0.067400
54 0.513753 898 0.044900
55 0.514823 1133 0.056650
56 0.515894 777 0.038850
57 0.516964 253 0.012650
58 0.518034 535 0.026750
59 0.519104 230 0.011500
60 0.520175 765 0.038250
61 0.521245 144 0.007200
62 0.522315 124 0.006200
63 0.523385 45 0.002250
64 0.524456 53 0.002650
65 0.525526 62 0.003100
66 0.526596 136 0.006800
67 0.527666 58 0.002900
68 0.528737 25 0.001250
69 0.529807 28 0.001400
70 0.530877 217 0.010850
71 0.531947 23 0.001150
72 0.533018 5 0.000250
73 0.534088 203 0.010150
74 0.535158 1 0.000050
75 0.536228 5 0.000250
76 0.537299 0 0.000000
77 0.538369 0 0.000000
78 0.539439 2 0.000100
79 0.540509 2 0.000100
80 0.541580 0 0.000000
81 0.542650 8 0.000400
82 0.543720 5 0.000250
83 0.544790 0 0.000000
84 0.545861 0 0.000000
85 0.546931 15 0.000750
86 0.548001 6 0.000300
87 0.549071 4 0.000200
88 0.550142 7 0.000350
89 0.551212 23 0.001150
90 0.552282 0 0.000000
91 0.553352 10 0.000500
92 0.554423 5 0.000250
93 0.555493 0 0.000000
94 0.556563 0 0.000000
95 0.557633 0 0.000000
96 0.558704 0 0.000000
97 0.559774 18 0.000900
98 0.560844 13 0.000650
99 0.561914 5 0.000250
