0 0.205202 12 0.000600
1 0.211427 0 0.000000
2 0.217652 0 0.000000
3 0.223877 0 0.000000
4 0.230102 0 0.000000
5 0.236326 0 0.000000
6 0.242551 0 0.000000
7 0.248776 0 0.000000
8 0.255001 2 0.000100
9 0.261226 0 0.000000
10 0.267450 0 0.000000
11 0.273675 0 0.000000
12 0.279900 0 0.000000
13 0.286125 0 0.000000
14 0.292350 0 0.000000
15 0.298575 0 0.000000
16 0.304799 315 0.015750
17 0.311024 0 0.000000
18 0.317249 40 0.002000
19 0.323474 0 0.000000
20 0.329699 8 0.000400
21 0.335923 162 0.008100
22 0.342148 196 0.009800
23 0.348373 0 0.000000
24 0.354598 38 0.001900
25 0.360823 1 0.000050
26 0.367047 266 0.013300
27 0.373272 406 0.020300
28 0.379497 3 0.000150
29 0.385722 174 0.008700
30 0.391947 56 0.002800
31 0.398172 227 0.011350
32 0.404396 224 0.011200
33 0.410621 71 0.003550
34 0.416846 490 0.024500
35 0.423071 34 0.001700
36 0.429296 500 0.025000
37 0.435520 95 0.004750
38 0.441745 291 0.014550
39 0.447970 622 0.031100
40 0.454195 384 0.019200
41 0.460420 152 0.007600
42 0.466645 219 0.010950
43 0.472869 428 0.021400
44 0.479094 545 0.027250
45 0.485319 587 0.029350
46 0.491544 891 0.044550
47 0.497769 3585 0.179250
48 0.503994 1914 0.095700
49 0.510218 539 0.026950
50 0.516443 343 0.017150
51 0.522668 968 0.048400
52 0.528893 781 0.039050
53 0.535118 294 0.014700
54 0.541342 801 0.040050
55 0.547567 73 0.003650
56 0.553792 181 0.009050
57 0.560017 98 0.004900
58 0.566242 120 0.006000
59 0.572466 398 0.019900
60 0.578691 22 0.001100
61 0.584916 78 0.003900
62 0.591141 79 0.003950
63 0.597366 461 0.023050
64 0.603591 226 0.011300
65 0.609815 422 0.021100
66 0.616040 31 0.001550
67 0.622265 144 0.007200
68 0.628490 44 0.002200
69 0.634715 34 0.001700
70 0.640939 44 0.002200
71 0.647164 14 0.000700
72 0.653389 466 0.023300
73 0.659614 0 0.000000
74 0.665839 0 0.000000
75 0.672064 73 0.003650
76 0.678288 84 0.004200
77 0.684513 197 0.009850
78 0.690738 2 0.000100
79 0.696963 24 0.001200
80 0.703188 0 0.000000
81 0.709412 0 0.000000
82 0.715637 0 0.000000
83 0.721862 0 0.000000
84 0.728087 0 0.000000
85 0.734312 0 0.000000
86 0.740537 0 0.000000
87 0.746761 0 0.000000
88 0.752986 0 0.000000
89 0.759211 8 0.000400
90 0.765436 0 0.000000
91 0.771661 0 0.000000
92 0.777885 0 0.000000
93 0.784110 0 0.000000
94 0.790335 0 0.000000
95 0.796560 0 0.000000
96 0.802785 8 0.000400
97 0.809010 0 0.000000
98 0.815234 1 0.000050
99 0.821459 4 0.000200
