initializing
training size    : 359556
testing size     : 20000
epoch count      : 10
sub epoch size   : 5

epoch_learning_rate_decay   : 8
learning_rate_decay         : 0.250000

training



epoch [0 0] from [10 5]
training time per iterations 2.200122[ms]
testing on 20000 items
testing done
average error 0.005496
min error     0.000000
max error     0.247812
saving best net
best net saved to networks/disc8x8x3_no_gaussian_window_size_4/net_7/trained/, with error 0.005496



epoch [0 1] from [10 5]
training time per iterations 2.205879[ms]
testing on 20000 items
testing done
average error 0.005031
min error     0.000000
max error     0.230882
saving best net
best net saved to networks/disc8x8x3_no_gaussian_window_size_4/net_7/trained/, with error 0.005031



epoch [0 2] from [10 5]
training time per iterations 2.208925[ms]
testing on 20000 items
testing done
average error 0.004848
min error     0.000000
max error     0.229015
saving best net
best net saved to networks/disc8x8x3_no_gaussian_window_size_4/net_7/trained/, with error 0.004848



epoch [0 3] from [10 5]
training time per iterations 2.204002[ms]
testing on 20000 items
testing done
average error 0.004790
min error     0.000000
max error     0.254409
saving best net
best net saved to networks/disc8x8x3_no_gaussian_window_size_4/net_7/trained/, with error 0.004790



epoch [0 4] from [10 5]
training time per iterations 2.199497[ms]
testing on 20000 items
testing done
average error 0.004761
min error     0.000000
max error     0.239389
saving best net
best net saved to networks/disc8x8x3_no_gaussian_window_size_4/net_7/trained/, with error 0.004761



epoch [1 0] from [10 5]
training time per iterations 2.210218[ms]
testing on 20000 items
testing done
average error 0.004804
min error     0.000000
max error     0.250742



epoch [1 1] from [10 5]
training time per iterations 2.204211[ms]
testing on 20000 items
testing done
average error 0.004719
min error     0.000000
max error     0.235319
saving best net
best net saved to networks/disc8x8x3_no_gaussian_window_size_4/net_7/trained/, with error 0.004719



epoch [1 2] from [10 5]
training time per iterations 2.207340[ms]
testing on 20000 items
testing done
average error 0.004760
min error     0.000000
max error     0.221648



epoch [1 3] from [10 5]
training time per iterations 2.214181[ms]
testing on 20000 items
testing done
average error 0.004633
min error     0.000000
max error     0.246383
saving best net
best net saved to networks/disc8x8x3_no_gaussian_window_size_4/net_7/trained/, with error 0.004633



epoch [1 4] from [10 5]
training time per iterations 2.211553[ms]
testing on 20000 items
testing done
average error 0.004758
min error     0.000000
max error     0.231001



epoch [2 0] from [10 5]
training time per iterations 2.208049[ms]
testing on 20000 items
testing done
average error 0.004633
min error     0.000000
max error     0.232660



epoch [2 1] from [10 5]
training time per iterations 2.206269[ms]
testing on 20000 items
testing done
average error 0.004557
min error     0.000000
max error     0.225223
saving best net
best net saved to networks/disc8x8x3_no_gaussian_window_size_4/net_7/trained/, with error 0.004557



epoch [2 2] from [10 5]
training time per iterations 2.207771[ms]
testing on 20000 items
testing done
average error 0.004592
min error     0.000000
max error     0.237424



epoch [2 3] from [10 5]
training time per iterations 2.202097[ms]
testing on 20000 items
testing done
average error 0.004659
min error     0.000000
max error     0.227997



epoch [2 4] from [10 5]
training time per iterations 2.211025[ms]
testing on 20000 items
testing done
average error 0.004594
min error     0.000000
max error     0.335536



epoch [3 0] from [10 5]
training time per iterations 2.204100[ms]
testing on 20000 items
testing done
average error 0.004601
min error     0.000000
max error     0.230351



epoch [3 1] from [10 5]
training time per iterations 2.209579[ms]
testing on 20000 items
testing done
average error 0.004648
min error     0.000000
max error     0.242117



epoch [3 2] from [10 5]
training time per iterations 2.210816[ms]
testing on 20000 items
testing done
average error 0.004639
min error     0.000000
max error     0.240583



epoch [3 3] from [10 5]
training time per iterations 2.207006[ms]
testing on 20000 items
testing done
average error 0.004567
min error     0.000000
max error     0.230022



epoch [3 4] from [10 5]
training time per iterations 2.210037[ms]
testing on 20000 items
testing done
average error 0.004686
min error     0.000000
max error     0.322308



epoch [4 0] from [10 5]
training time per iterations 2.203210[ms]
testing on 20000 items
testing done
average error 0.004699
min error     0.000000
max error     0.251260



epoch [4 1] from [10 5]
training time per iterations 2.205490[ms]
testing on 20000 items
testing done
average error 0.004536
min error     0.000000
max error     0.227946
saving best net
best net saved to networks/disc8x8x3_no_gaussian_window_size_4/net_7/trained/, with error 0.004536



epoch [4 2] from [10 5]
training time per iterations 2.204405[ms]
testing on 20000 items
testing done
average error 0.004585
min error     0.000000
max error     0.222208



epoch [4 3] from [10 5]
training time per iterations 2.207062[ms]
testing on 20000 items
testing done
average error 0.004560
min error     0.000000
max error     0.210163



epoch [4 4] from [10 5]
training time per iterations 2.208132[ms]
testing on 20000 items
testing done
average error 0.004586
min error     0.000000
max error     0.208371



epoch [5 0] from [10 5]
training time per iterations 2.207465[ms]
testing on 20000 items
testing done
average error 0.004515
min error     0.000000
max error     0.232072
saving best net
best net saved to networks/disc8x8x3_no_gaussian_window_size_4/net_7/trained/, with error 0.004515



epoch [5 1] from [10 5]
training time per iterations 2.208396[ms]
testing on 20000 items
testing done
average error 0.004482
min error     0.000000
max error     0.211363
saving best net
best net saved to networks/disc8x8x3_no_gaussian_window_size_4/net_7/trained/, with error 0.004482



epoch [5 2] from [10 5]
training time per iterations 2.212457[ms]
testing on 20000 items
testing done
average error 0.004523
min error     0.000000
max error     0.215008



epoch [5 3] from [10 5]
training time per iterations 2.200512[ms]
testing on 20000 items
testing done
average error 0.004565
min error     0.000000
max error     0.220187



epoch [5 4] from [10 5]
training time per iterations 2.208619[ms]
testing on 20000 items
testing done
average error 0.004582
min error     0.000000
max error     0.253149



epoch [6 0] from [10 5]
training time per iterations 2.202695[ms]
testing on 20000 items
testing done
average error 0.004472
min error     0.000000
max error     0.252437
saving best net
best net saved to networks/disc8x8x3_no_gaussian_window_size_4/net_7/trained/, with error 0.004472



epoch [6 1] from [10 5]
training time per iterations 2.208869[ms]
testing on 20000 items
testing done
average error 0.004581
min error     0.000000
max error     0.233488



epoch [6 2] from [10 5]
training time per iterations 2.207993[ms]
testing on 20000 items
testing done
average error 0.004527
min error     0.000000
max error     0.251850



epoch [6 3] from [10 5]
training time per iterations 2.204239[ms]
testing on 20000 items
testing done
average error 0.004541
min error     0.000000
max error     0.233584



epoch [6 4] from [10 5]
training time per iterations 2.200289[ms]
testing on 20000 items
testing done
average error 0.004459
min error     0.000000
max error     0.231991
saving best net
best net saved to networks/disc8x8x3_no_gaussian_window_size_4/net_7/trained/, with error 0.004459



epoch [7 0] from [10 5]
training time per iterations 2.208814[ms]
testing on 20000 items
testing done
average error 0.004451
min error     0.000000
max error     0.227823
saving best net
best net saved to networks/disc8x8x3_no_gaussian_window_size_4/net_7/trained/, with error 0.004451



epoch [7 1] from [10 5]
training time per iterations 2.205963[ms]
testing on 20000 items
testing done
average error 0.004572
min error     0.000000
max error     0.233503



epoch [7 2] from [10 5]
training time per iterations 2.208730[ms]
testing on 20000 items
testing done
average error 0.004477
min error     0.000000
max error     0.208583



epoch [7 3] from [10 5]
training time per iterations 2.206644[ms]
testing on 20000 items
testing done
average error 0.004467
min error     0.000000
max error     0.205409



epoch [7 4] from [10 5]
training time per iterations 2.212012[ms]
testing on 20000 items
testing done
average error 0.004481
min error     0.000000
max error     0.214427
setting learning rate to 0.000050



epoch [8 0] from [10 5]
training time per iterations 2.194045[ms]
testing on 20000 items
testing done
average error 0.004489
min error     0.000000
max error     0.248635



epoch [8 1] from [10 5]
training time per iterations 2.202584[ms]
testing on 20000 items
testing done
average error 0.004461
min error     0.000000
max error     0.217291



epoch [8 2] from [10 5]
training time per iterations 2.195547[ms]
testing on 20000 items
testing done
average error 0.004537
min error     0.000000
max error     0.223155



epoch [8 3] from [10 5]
training time per iterations 2.206060[ms]
testing on 20000 items
testing done
average error 0.004487
min error     0.000000
max error     0.218132



epoch [8 4] from [10 5]
training time per iterations 2.206130[ms]
testing on 20000 items
testing done
average error 0.004513
min error     0.000000
max error     0.220782



epoch [9 0] from [10 5]
training time per iterations 2.204684[ms]
testing on 20000 items
testing done
average error 0.004516
min error     0.000000
max error     0.218963



epoch [9 1] from [10 5]
training time per iterations 2.201499[ms]
testing on 20000 items
testing done
average error 0.004495
min error     0.000000
max error     0.215071



epoch [9 2] from [10 5]
training time per iterations 2.206366[ms]
testing on 20000 items
testing done
average error 0.004483
min error     0.000000
max error     0.217456



epoch [9 3] from [10 5]
training time per iterations 2.204517[ms]
testing on 20000 items
testing done
average error 0.004536
min error     0.000000
max error     0.217531



epoch [9 4] from [10 5]
training time per iterations 2.207701[ms]
testing on 20000 items
testing done
average error 0.004552
min error     0.000000
max error     0.240006
training done
