0.000000 0 0 0.005496 0.000000 0.247812 0.005671 0.000000 0.260044
0.200000 0 1 0.005031 0.000000 0.230882 0.005122 0.000000 0.230882
0.400000 0 2 0.004848 0.000000 0.229015 0.004946 0.000000 0.240144
0.600000 0 3 0.004790 0.000000 0.254409 0.004868 0.000000 0.267815
0.800000 0 4 0.004761 0.000000 0.239389 0.004797 0.000000 0.256135
1.000000 1 0 0.004804 0.000000 0.250742 0.004862 0.000000 0.187118
1.200000 1 1 0.004719 0.000000 0.235319 0.004718 0.000000 0.240146
1.400000 1 2 0.004760 0.000000 0.221648 0.004757 0.000000 0.223306
1.600000 1 3 0.004633 0.000000 0.246383 0.004679 0.000000 0.262084
1.800000 1 4 0.004758 0.000000 0.231001 0.004826 0.000000 0.237941
2.000000 2 0 0.004633 0.000000 0.232660 0.004689 0.000000 0.230469
2.200000 2 1 0.004557 0.000000 0.225223 0.004667 0.000000 0.236995
2.400000 2 2 0.004592 0.000000 0.237424 0.004623 0.000000 0.236323
2.600000 2 3 0.004659 0.000000 0.227997 0.004630 0.000000 0.148496
2.800000 2 4 0.004594 0.000000 0.335536 0.004549 0.000000 0.183605
3.000000 3 0 0.004601 0.000000 0.230351 0.004729 0.000000 0.211233
3.200000 3 1 0.004648 0.000000 0.242117 0.004701 0.000000 0.249947
3.400000 3 2 0.004639 0.000000 0.240583 0.004694 0.000000 0.260504
3.600000 3 3 0.004567 0.000000 0.230022 0.004658 0.000000 0.184223
3.800000 3 4 0.004686 0.000000 0.322308 0.004742 0.000000 0.322308
4.000000 4 0 0.004699 0.000000 0.251260 0.004725 0.000000 0.262175
4.200000 4 1 0.004536 0.000000 0.227946 0.004668 0.000000 0.226751
4.400000 4 2 0.004585 0.000000 0.222208 0.004542 0.000000 0.226531
4.600000 4 3 0.004560 0.000000 0.210163 0.004600 0.000000 0.195764
4.800000 4 4 0.004586 0.000000 0.208371 0.004724 0.000000 0.186775
5.000000 5 0 0.004515 0.000000 0.232072 0.004502 0.000000 0.232935
5.200000 5 1 0.004482 0.000000 0.211363 0.004542 0.000000 0.205926
5.400000 5 2 0.004523 0.000000 0.215008 0.004586 0.000000 0.222593
5.600000 5 3 0.004565 0.000000 0.220187 0.004596 0.000000 0.215884
5.800000 5 4 0.004582 0.000000 0.253149 0.004544 0.000000 0.253149
6.000000 6 0 0.004472 0.000000 0.252437 0.004520 0.000000 0.262393
6.200000 6 1 0.004581 0.000000 0.233488 0.004636 0.000000 0.202739
6.400000 6 2 0.004527 0.000000 0.251850 0.004580 0.000000 0.248861
6.600000 6 3 0.004541 0.000000 0.233584 0.004616 0.000000 0.237537
6.800000 6 4 0.004459 0.000000 0.231991 0.004477 0.000000 0.241435
7.000000 7 0 0.004451 0.000000 0.227823 0.004521 0.000000 0.184136
7.200000 7 1 0.004572 0.000000 0.233503 0.004662 0.000000 0.203912
7.400000 7 2 0.004477 0.000000 0.208583 0.004509 0.000000 0.153983
7.600000 7 3 0.004467 0.000000 0.205409 0.004544 0.000000 0.189082
7.800000 7 4 0.004481 0.000000 0.214427 0.004521 0.000000 0.221965
8.000000 8 0 0.004489 0.000000 0.248635 0.004581 0.000000 0.258408
8.200000 8 1 0.004461 0.000000 0.217291 0.004486 0.000000 0.213011
8.400000 8 2 0.004537 0.000000 0.223155 0.004609 0.000000 0.223155
8.600000 8 3 0.004487 0.000000 0.218132 0.004568 0.000000 0.227743
8.800000 8 4 0.004513 0.000000 0.220782 0.004533 0.000000 0.226996
9.000000 9 0 0.004516 0.000000 0.218963 0.004494 0.000000 0.218963
9.200000 9 1 0.004495 0.000000 0.215071 0.004590 0.000000 0.229135
9.400000 9 2 0.004483 0.000000 0.217456 0.004552 0.000000 0.154580
9.600000 9 3 0.004536 0.000000 0.217531 0.004613 0.000000 0.214833
9.800000 9 4 0.004552 0.000000 0.240006 0.004605 0.000000 0.255505
