initializing
training size    : 359556
testing size     : 20000
epoch count      : 10
sub epoch size   : 5

epoch_learning_rate_decay   : 8
learning_rate_decay         : 0.250000

training



epoch [0 0] from [10 5]
training time per iterations 0.902129[ms]
testing on 20000 items
testing done
average error 0.003206
min error     0.000000
max error     0.180567
saving best net
best net saved to networks/disc16x16x3_no_gaussian_window_size_4/net_4_depth/trained/, with error 0.003206



epoch [0 1] from [10 5]
training time per iterations 0.900877[ms]
testing on 20000 items
testing done
average error 0.002956
min error     0.000000
max error     0.222048
saving best net
best net saved to networks/disc16x16x3_no_gaussian_window_size_4/net_4_depth/trained/, with error 0.002956



epoch [0 2] from [10 5]
training time per iterations 0.903673[ms]
testing on 20000 items
testing done
average error 0.002656
min error     0.000000
max error     0.224224
saving best net
best net saved to networks/disc16x16x3_no_gaussian_window_size_4/net_4_depth/trained/, with error 0.002656



epoch [0 3] from [10 5]
training time per iterations 0.900864[ms]
testing on 20000 items
testing done
average error 0.002570
min error     0.000000
max error     0.243147
saving best net
best net saved to networks/disc16x16x3_no_gaussian_window_size_4/net_4_depth/trained/, with error 0.002570



epoch [0 4] from [10 5]
training time per iterations 0.903909[ms]
testing on 20000 items
testing done
average error 0.002637
min error     0.000000
max error     0.215028



epoch [1 0] from [10 5]
training time per iterations 0.900307[ms]
testing on 20000 items
testing done
average error 0.002561
min error     0.000000
max error     0.244966
saving best net
best net saved to networks/disc16x16x3_no_gaussian_window_size_4/net_4_depth/trained/, with error 0.002561



epoch [1 1] from [10 5]
training time per iterations 0.901295[ms]
testing on 20000 items
testing done
average error 0.002542
min error     0.000000
max error     0.269930
saving best net
best net saved to networks/disc16x16x3_no_gaussian_window_size_4/net_4_depth/trained/, with error 0.002542



epoch [1 2] from [10 5]
training time per iterations 0.901462[ms]
testing on 20000 items
testing done
average error 0.002418
min error     0.000000
max error     0.243191
saving best net
best net saved to networks/disc16x16x3_no_gaussian_window_size_4/net_4_depth/trained/, with error 0.002418



epoch [1 3] from [10 5]
training time per iterations 0.901781[ms]
testing on 20000 items
testing done
average error 0.002514
min error     0.000000
max error     0.241069



epoch [1 4] from [10 5]
training time per iterations 0.901170[ms]
testing on 20000 items
testing done
average error 0.002571
min error     0.000000
max error     0.277434



epoch [2 0] from [10 5]
training time per iterations 0.901156[ms]
testing on 20000 items
testing done
average error 0.002531
min error     0.000000
max error     0.235646



epoch [2 1] from [10 5]
training time per iterations 0.896372[ms]
testing on 20000 items
testing done
average error 0.002527
min error     0.000000
max error     0.227752



epoch [2 2] from [10 5]
training time per iterations 0.904757[ms]
testing on 20000 items
testing done
average error 0.002457
min error     0.000000
max error     0.229511



epoch [2 3] from [10 5]
training time per iterations 0.902713[ms]
testing on 20000 items
testing done
average error 0.002738
min error     0.000000
max error     0.231279



epoch [2 4] from [10 5]
training time per iterations 0.904076[ms]
testing on 20000 items
testing done
average error 0.002450
min error     0.000000
max error     0.264387



epoch [3 0] from [10 5]
training time per iterations 0.895120[ms]
testing on 20000 items
testing done
average error 0.002467
min error     0.000000
max error     0.253882



epoch [3 1] from [10 5]
training time per iterations 0.902073[ms]
testing on 20000 items
testing done
average error 0.002346
min error     0.000000
max error     0.265459
saving best net
best net saved to networks/disc16x16x3_no_gaussian_window_size_4/net_4_depth/trained/, with error 0.002346



epoch [3 2] from [10 5]
training time per iterations 0.901837[ms]
testing on 20000 items
testing done
average error 0.002378
min error     0.000000
max error     0.285310



epoch [3 3] from [10 5]
training time per iterations 0.900029[ms]
testing on 20000 items
testing done
average error 0.002385
min error     0.000000
max error     0.263885



epoch [3 4] from [10 5]
training time per iterations 0.901100[ms]
testing on 20000 items
testing done
average error 0.002350
min error     0.000000
max error     0.278861



epoch [4 0] from [10 5]
training time per iterations 0.902463[ms]
testing on 20000 items
testing done
average error 0.002283
min error     0.000000
max error     0.280279
saving best net
best net saved to networks/disc16x16x3_no_gaussian_window_size_4/net_4_depth/trained/, with error 0.002283



epoch [4 1] from [10 5]
training time per iterations 0.903075[ms]
testing on 20000 items
testing done
average error 0.002349
min error     0.000000
max error     0.257673



epoch [4 2] from [10 5]
training time per iterations 0.900502[ms]
testing on 20000 items
testing done
average error 0.002311
min error     0.000000
max error     0.275360



epoch [4 3] from [10 5]
training time per iterations 0.900113[ms]
testing on 20000 items
testing done
average error 0.002471
min error     0.000000
max error     0.285758



epoch [4 4] from [10 5]
training time per iterations 0.898416[ms]
testing on 20000 items
testing done
average error 0.002335
min error     0.000000
max error     0.292851



epoch [5 0] from [10 5]
training time per iterations 0.889224[ms]
testing on 20000 items
testing done
average error 0.002339
min error     0.000000
max error     0.254267



epoch [5 1] from [10 5]
training time per iterations 0.898110[ms]
testing on 20000 items
testing done
average error 0.002347
min error     0.000000
max error     0.291088



epoch [5 2] from [10 5]
training time per iterations 0.900850[ms]
testing on 20000 items
testing done
average error 0.002380
min error     0.000000
max error     0.285431



epoch [5 3] from [10 5]
training time per iterations 0.900293[ms]
testing on 20000 items
testing done
average error 0.002337
min error     0.000000
max error     0.279548



epoch [5 4] from [10 5]
training time per iterations 0.902032[ms]
testing on 20000 items
testing done
average error 0.002326
min error     0.000000
max error     0.248387



epoch [6 0] from [10 5]
training time per iterations 0.900057[ms]
testing on 20000 items
testing done
average error 0.002552
min error     0.000000
max error     0.292928



epoch [6 1] from [10 5]
training time per iterations 0.902032[ms]
testing on 20000 items
testing done
average error 0.002456
min error     0.000000
max error     0.241877



epoch [6 2] from [10 5]
training time per iterations 0.901601[ms]
testing on 20000 items
testing done
average error 0.002525
min error     0.000000
max error     0.269163



epoch [6 3] from [10 5]
training time per iterations 0.901322[ms]
testing on 20000 items
testing done
average error 0.002457
min error     0.000000
max error     0.283446



epoch [6 4] from [10 5]
training time per iterations 0.901100[ms]
testing on 20000 items
testing done
average error 0.002340
min error     0.000000
max error     0.237844



epoch [7 0] from [10 5]
training time per iterations 0.905327[ms]
testing on 20000 items
testing done
average error 0.002374
min error     0.000000
max error     0.291013



epoch [7 1] from [10 5]
training time per iterations 0.900933[ms]
testing on 20000 items
testing done
average error 0.002675
min error     0.000000
max error     0.256279



epoch [7 2] from [10 5]
training time per iterations 0.900975[ms]
testing on 20000 items
testing done
average error 0.002330
min error     0.000000
max error     0.253483



epoch [7 3] from [10 5]
training time per iterations 0.899807[ms]
testing on 20000 items
testing done
average error 0.002347
min error     0.000000
max error     0.288744



epoch [7 4] from [10 5]
training time per iterations 0.899848[ms]
testing on 20000 items
testing done
average error 0.002352
min error     0.000000
max error     0.263543
setting learning rate to 0.000050



epoch [8 0] from [10 5]
training time per iterations 0.902310[ms]
testing on 20000 items
testing done
average error 0.002341
min error     0.000000
max error     0.257613



epoch [8 1] from [10 5]
training time per iterations 0.901072[ms]
testing on 20000 items
testing done
average error 0.002400
min error     0.000000
max error     0.262290



epoch [8 2] from [10 5]
training time per iterations 0.903923[ms]
testing on 20000 items
testing done
average error 0.002344
min error     0.000000
max error     0.274799



epoch [8 3] from [10 5]
training time per iterations 0.900752[ms]
testing on 20000 items
testing done
average error 0.002348
min error     0.000000
max error     0.276740



epoch [8 4] from [10 5]
training time per iterations 0.904215[ms]
testing on 20000 items
testing done
average error 0.002338
min error     0.000000
max error     0.271216



epoch [9 0] from [10 5]
training time per iterations 0.902324[ms]
testing on 20000 items
testing done
average error 0.002361
min error     0.000000
max error     0.248790



epoch [9 1] from [10 5]
training time per iterations 0.900850[ms]
testing on 20000 items
testing done
average error 0.002375
min error     0.000000
max error     0.254882



epoch [9 2] from [10 5]
training time per iterations 0.899793[ms]
testing on 20000 items
testing done
average error 0.002369
min error     0.000000
max error     0.257479



epoch [9 3] from [10 5]
training time per iterations 0.894745[ms]
testing on 20000 items
testing done
average error 0.002304
min error     0.000000
max error     0.262641



epoch [9 4] from [10 5]
training time per iterations 0.902004[ms]
testing on 20000 items
testing done
average error 0.002361
min error     0.000000
max error     0.241454
training done
