0.000000 0 0 0.003206 0.000000 0.180567 0.003232 0.000000 0.195236
0.200000 0 1 0.002956 0.000000 0.222048 0.002961 0.000000 0.219842
0.400000 0 2 0.002656 0.000000 0.224224 0.002685 0.000000 0.246480
0.600000 0 3 0.002570 0.000000 0.243147 0.002619 0.000000 0.239793
0.800000 0 4 0.002637 0.000000 0.215028 0.002702 0.000000 0.211089
1.000000 1 0 0.002561 0.000000 0.244966 0.002648 0.000000 0.247703
1.200000 1 1 0.002542 0.000000 0.269930 0.002616 0.000000 0.270374
1.400000 1 2 0.002418 0.000000 0.243191 0.002440 0.000000 0.243612
1.600000 1 3 0.002514 0.000000 0.241069 0.002525 0.000000 0.236276
1.800000 1 4 0.002571 0.000000 0.277434 0.002587 0.000000 0.280137
2.000000 2 0 0.002531 0.000000 0.235646 0.002544 0.000000 0.237098
2.200000 2 1 0.002527 0.000000 0.227752 0.002587 0.000000 0.228160
2.400000 2 2 0.002457 0.000000 0.229511 0.002420 0.000000 0.222816
2.600000 2 3 0.002738 0.000000 0.231279 0.002736 0.000000 0.225773
2.800000 2 4 0.002450 0.000000 0.264387 0.002515 0.000000 0.264387
3.000000 3 0 0.002467 0.000000 0.253882 0.002484 0.000000 0.252379
3.200000 3 1 0.002346 0.000000 0.265459 0.002373 0.000000 0.263703
3.400000 3 2 0.002378 0.000000 0.285310 0.002404 0.000000 0.284399
3.600000 3 3 0.002385 0.000000 0.263885 0.002387 0.000000 0.263666
3.800000 3 4 0.002350 0.000000 0.278861 0.002340 0.000000 0.282024
4.000000 4 0 0.002283 0.000000 0.280279 0.002280 0.000000 0.263158
4.200000 4 1 0.002349 0.000000 0.257673 0.002309 0.000000 0.259625
4.400000 4 2 0.002311 0.000000 0.275360 0.002401 0.000000 0.275808
4.600000 4 3 0.002471 0.000000 0.285758 0.002495 0.000000 0.284164
4.800000 4 4 0.002335 0.000000 0.292851 0.002387 0.000000 0.294469
5.000000 5 0 0.002339 0.000000 0.254267 0.002417 0.000000 0.252121
5.200000 5 1 0.002347 0.000000 0.291088 0.002359 0.000000 0.291088
5.400000 5 2 0.002380 0.000000 0.285431 0.002381 0.000000 0.285887
5.600000 5 3 0.002337 0.000000 0.279548 0.002357 0.000000 0.280451
5.800000 5 4 0.002326 0.000000 0.248387 0.002323 0.000000 0.248387
6.000000 6 0 0.002552 0.000000 0.292928 0.002630 0.000000 0.293852
6.200000 6 1 0.002456 0.000000 0.241877 0.002505 0.000000 0.238532
6.400000 6 2 0.002525 0.000000 0.269163 0.002565 0.000000 0.271826
6.600000 6 3 0.002457 0.000000 0.283446 0.002463 0.000000 0.283446
6.800000 6 4 0.002340 0.000000 0.237844 0.002333 0.000000 0.237220
7.000000 7 0 0.002374 0.000000 0.291013 0.002368 0.000000 0.292165
7.200000 7 1 0.002675 0.000000 0.256279 0.002683 0.000000 0.263218
7.400000 7 2 0.002330 0.000000 0.253483 0.002320 0.000000 0.249419
7.600000 7 3 0.002347 0.000000 0.288744 0.002344 0.000000 0.288744
7.800000 7 4 0.002352 0.000000 0.263543 0.002377 0.000000 0.260922
8.000000 8 0 0.002341 0.000000 0.257613 0.002315 0.000000 0.250730
8.200000 8 1 0.002400 0.000000 0.262290 0.002426 0.000000 0.264918
8.400000 8 2 0.002344 0.000000 0.274799 0.002403 0.000000 0.275247
8.600000 8 3 0.002348 0.000000 0.276740 0.002391 0.000000 0.278764
8.800000 8 4 0.002338 0.000000 0.271216 0.002326 0.000000 0.262621
9.000000 9 0 0.002361 0.000000 0.248790 0.002372 0.000000 0.251350
9.200000 9 1 0.002375 0.000000 0.254882 0.002394 0.000000 0.253806
9.400000 9 2 0.002369 0.000000 0.257479 0.002380 0.000000 0.248679
9.600000 9 3 0.002304 0.000000 0.262641 0.002305 0.000000 0.265711
9.800000 9 4 0.002361 0.000000 0.241454 0.002354 0.000000 0.236864
