0.000000 0 0 0.004301 0.000000 0.165068 0.004396 0.000000 0.225635
0.200000 0 1 0.003142 0.000000 0.157023 0.003246 0.000000 0.169893
0.400000 0 2 0.002708 0.000000 0.150933 0.002775 0.000000 0.179040
0.600000 0 3 0.002598 0.000000 0.151868 0.002617 0.000000 0.172677
0.800000 0 4 0.002394 0.000000 0.159970 0.002398 0.000000 0.166138
1.000000 1 0 0.002336 0.000000 0.149629 0.002357 0.000000 0.257462
1.200000 1 1 0.002283 0.000000 0.153631 0.002321 0.000000 0.256374
1.400000 1 2 0.002166 0.000000 0.151703 0.002230 0.000000 0.263828
1.600000 1 3 0.002097 0.000000 0.152836 0.002088 0.000000 0.151919
1.800000 1 4 0.002175 0.000000 0.158140 0.002197 0.000000 0.262806
2.000000 2 0 0.002088 0.000000 0.156660 0.002112 0.000000 0.172648
2.200000 2 1 0.002022 0.000000 0.154091 0.002047 0.000000 0.139491
2.400000 2 2 0.002090 0.000000 0.151062 0.002102 0.000000 0.152137
2.600000 2 3 0.002085 0.000000 0.150906 0.002106 0.000000 0.271243
2.800000 2 4 0.001970 0.000000 0.149327 0.001950 0.000000 0.233984
3.000000 3 0 0.001950 0.000000 0.152313 0.001977 0.000000 0.177637
3.200000 3 1 0.001960 0.000000 0.148881 0.001996 0.000000 0.261398
3.400000 3 2 0.001961 0.000000 0.159177 0.001975 0.000000 0.260422
3.600000 3 3 0.001986 0.000000 0.149183 0.001985 0.000000 0.156910
3.800000 3 4 0.001869 0.000000 0.152296 0.001939 0.000000 0.209520
4.000000 4 0 0.001906 0.000000 0.152141 0.001923 0.000000 0.157402
4.200000 4 1 0.001866 0.000000 0.151124 0.001904 0.000000 0.140848
4.400000 4 2 0.001881 0.000000 0.152431 0.001916 0.000000 0.250951
4.600000 4 3 0.001831 0.000000 0.158764 0.001814 0.000000 0.149828
4.800000 4 4 0.001910 0.000000 0.148895 0.001919 0.000000 0.235830
5.000000 5 0 0.001818 0.000000 0.157876 0.001821 0.000000 0.211631
5.200000 5 1 0.001879 0.000000 0.147849 0.001902 0.000000 0.206551
5.400000 5 2 0.001803 0.000000 0.147001 0.001828 0.000000 0.216743
5.600000 5 3 0.001838 0.000000 0.155796 0.001892 0.000000 0.242060
5.800000 5 4 0.001814 0.000000 0.156491 0.001839 0.000000 0.190039
6.000000 6 0 0.001783 0.000000 0.149445 0.001810 0.000000 0.171712
6.200000 6 1 0.001809 0.000000 0.152218 0.001853 0.000000 0.160039
6.400000 6 2 0.001760 0.000000 0.158875 0.001781 0.000000 0.147927
6.600000 6 3 0.001866 0.000000 0.153941 0.001881 0.000000 0.184331
6.800000 6 4 0.001786 0.000000 0.159703 0.001826 0.000000 0.243023
7.000000 7 0 0.001869 0.000000 0.151508 0.001891 0.000000 0.249493
7.200000 7 1 0.001812 0.000000 0.155340 0.001851 0.000000 0.170615
7.400000 7 2 0.001804 0.000000 0.158668 0.001826 0.000000 0.242750
7.600000 7 3 0.001886 0.000000 0.148941 0.001909 0.000000 0.259594
7.800000 7 4 0.001833 0.000000 0.150360 0.001848 0.000000 0.231333
8.000000 8 0 0.001780 0.000000 0.149383 0.001807 0.000000 0.261304
8.200000 8 1 0.001796 0.000000 0.150047 0.001833 0.000000 0.233405
8.400000 8 2 0.001765 0.000000 0.151168 0.001775 0.000000 0.172082
8.600000 8 3 0.001766 0.000000 0.147118 0.001792 0.000000 0.258509
8.800000 8 4 0.001788 0.000000 0.145924 0.001820 0.000000 0.162577
9.000000 9 0 0.001770 0.000000 0.149573 0.001785 0.000000 0.162306
9.200000 9 1 0.001812 0.000000 0.146784 0.001832 0.000000 0.168406
9.400000 9 2 0.001795 0.000000 0.145021 0.001772 0.000000 0.156138
9.600000 9 3 0.001768 0.000000 0.150696 0.001770 0.000000 0.171577
9.800000 9 4 0.001768 0.000000 0.151848 0.001781 0.000000 0.226032
