0 0 0.000000 0.145881 0.101236 0.148078 0.102404
0 1 0.114943 0.126353 0.085412 0.127096 0.086218
0 2 0.229885 0.100666 0.067717 0.100822 0.068232
0 3 0.344828 0.092492 0.062370 0.091004 0.061228
0 4 0.459770 0.088327 0.057421 0.087627 0.056599
0 5 0.574713 0.080631 0.055283 0.080815 0.055287
0 6 0.689655 0.078214 0.053154 0.076944 0.052354
0 7 0.804598 0.074588 0.051570 0.073766 0.050738
0 8 0.919540 0.073472 0.050389 0.074249 0.050616
0 9 1.034483 0.074430 0.050706 0.073384 0.049497
0 10 1.149425 0.071347 0.048953 0.070534 0.048660
0 11 1.264368 0.070642 0.048488 0.070531 0.048961
0 12 1.379310 0.069178 0.048127 0.069345 0.047867
0 13 1.494253 0.070769 0.048531 0.069978 0.048095
0 14 1.609195 0.068406 0.047683 0.067821 0.046990
0 15 1.724138 0.068491 0.047384 0.068131 0.047057
0 16 1.839080 0.068295 0.047880 0.067208 0.047088
0 17 1.954023 0.067194 0.046299 0.066001 0.045898
0 18 2.068965 0.067999 0.046939 0.066703 0.046242
0 19 2.183908 0.064571 0.045088 0.066136 0.046501
0 20 2.298851 0.066339 0.046297 0.065157 0.045206
0 21 2.413793 0.066781 0.046029 0.065993 0.045451
0 22 2.528736 0.064373 0.045049 0.065968 0.046115
0 23 2.643678 0.066153 0.045962 0.064361 0.045259
0 24 2.758621 0.064171 0.045144 0.063656 0.044933
0 25 2.873563 0.064606 0.045005 0.063608 0.044540
0 26 2.988506 0.062882 0.044236 0.064539 0.045377
0 27 3.103448 0.063583 0.044947 0.063552 0.044848
0 28 3.218391 0.062502 0.043939 0.063056 0.044071
0 29 3.333333 0.063645 0.044869 0.065062 0.045747
0 30 3.448276 0.063461 0.044362 0.063133 0.044299
0 31 3.563218 0.062991 0.043879 0.063372 0.044757
0 32 3.678161 0.063634 0.045022 0.063165 0.044360
0 33 3.793103 0.062122 0.043813 0.063937 0.045870
0 34 3.908046 0.062328 0.044025 0.062433 0.044184
0 35 4.022988 0.061235 0.042932 0.061485 0.043099
0 36 4.137931 0.064330 0.045131 0.064200 0.045239
0 37 4.252873 0.063908 0.042855 0.064726 0.043385
0 38 4.367816 0.060989 0.043475 0.062869 0.044419
0 39 4.482759 0.061675 0.043963 0.061066 0.043344
0 40 4.597701 0.062427 0.043453 0.061511 0.042538
0 41 4.712644 0.059688 0.042352 0.060993 0.043574
0 42 4.827586 0.061387 0.043306 0.061257 0.042739
0 43 4.942529 0.062611 0.044013 0.060810 0.043016
0 44 5.057471 0.060722 0.043099 0.061343 0.043981
0 45 5.172414 0.060838 0.043244 0.060154 0.043433
0 46 5.287356 0.061099 0.043141 0.061437 0.043604
0 47 5.402299 0.064543 0.044247 0.063752 0.043630
0 48 5.517241 0.059303 0.042144 0.059585 0.042383
0 49 5.632184 0.060408 0.043458 0.059821 0.043098
0 50 5.747127 0.059962 0.043512 0.059756 0.042899
0 51 5.862069 0.062623 0.043625 0.063705 0.044397
0 52 5.977012 0.060074 0.042981 0.059843 0.043307
0 53 6.091954 0.057199 0.041275 0.058902 0.042560
0 54 6.206897 0.059712 0.042108 0.059987 0.042394
0 55 6.321839 0.059254 0.042668 0.059440 0.042622
0 56 6.436781 0.060521 0.042551 0.061531 0.043165
0 57 6.551724 0.060058 0.042671 0.059463 0.041820
0 58 6.666667 0.059395 0.042854 0.058598 0.042345
0 59 6.781609 0.059735 0.042615 0.058727 0.041464
0 60 6.896552 0.058829 0.042079 0.058961 0.042155
0 61 7.011494 0.059428 0.042514 0.059801 0.043019
0 62 7.126437 0.059029 0.042689 0.059280 0.042847
0 63 7.241379 0.060212 0.042756 0.060270 0.043091
0 64 7.356322 0.062224 0.042069 0.062417 0.042333
0 65 7.471264 0.060420 0.042726 0.059745 0.042348
0 66 7.586207 0.058716 0.042372 0.059539 0.042850
0 67 7.701149 0.059837 0.042786 0.059697 0.043072
0 68 7.816092 0.058081 0.042180 0.058311 0.042806
0 69 7.931035 0.061280 0.043802 0.060949 0.043305
0 70 8.045977 0.058751 0.041963 0.058886 0.041917
0 71 8.160919 0.058228 0.041869 0.059164 0.042664
0 72 8.275862 0.058890 0.042812 0.058760 0.042391
0 73 8.390804 0.057742 0.041840 0.057539 0.041877
0 74 8.505747 0.059972 0.042388 0.059753 0.041869
0 75 8.620689 0.058159 0.042237 0.057862 0.041967
0 76 8.735632 0.060111 0.042975 0.059141 0.042222
0 77 8.850574 0.057000 0.041296 0.057518 0.041690
0 78 8.965517 0.058376 0.042473 0.058530 0.042188
0 79 9.080460 0.057920 0.041670 0.058108 0.041779
0 80 9.195402 0.059273 0.042359 0.058069 0.041929
0 81 9.310345 0.059010 0.042111 0.059851 0.042756
0 82 9.425287 0.060206 0.042520 0.060212 0.042483
0 83 9.540230 0.058376 0.042272 0.056937 0.041211
0 84 9.655172 0.059021 0.042300 0.057636 0.041136
0 85 9.770115 0.057499 0.041589 0.057163 0.041801
0 86 9.885057 0.057167 0.041695 0.057152 0.041630
1 0 10.000000 0.061079 0.043147 0.061329 0.043549
1 1 10.114943 0.057326 0.041467 0.056885 0.041274
1 2 10.229885 0.057759 0.042034 0.057965 0.041637
1 3 10.344828 0.057467 0.041725 0.057876 0.041844
1 4 10.459770 0.058238 0.041922 0.057630 0.041590
1 5 10.574713 0.058844 0.041978 0.058658 0.041928
1 6 10.689655 0.057334 0.041852 0.058032 0.042456
1 7 10.804598 0.057570 0.041981 0.056951 0.041464
1 8 10.919540 0.058613 0.042458 0.059621 0.043497
1 9 11.034483 0.059578 0.042361 0.060248 0.042856
1 10 11.149426 0.058403 0.042722 0.056734 0.041339
1 11 11.264368 0.058558 0.042255 0.057106 0.041661
1 12 11.379311 0.057984 0.041744 0.058751 0.041975
1 13 11.494253 0.058687 0.042490 0.057689 0.041604
1 14 11.609196 0.056819 0.041225 0.056583 0.041580
1 15 11.724138 0.057608 0.041394 0.057095 0.041367
1 16 11.839081 0.057381 0.041811 0.057722 0.042000
1 17 11.954023 0.056956 0.041658 0.056541 0.041307
1 18 12.068966 0.057249 0.041868 0.058236 0.042427
1 19 12.183908 0.057250 0.041472 0.057504 0.041820
1 20 12.298851 0.056695 0.041232 0.056097 0.041099
1 21 12.413794 0.057925 0.042482 0.057138 0.041496
1 22 12.528735 0.058830 0.042317 0.056789 0.040975
1 23 12.643678 0.056629 0.041642 0.056617 0.041683
1 24 12.758620 0.058125 0.041904 0.056968 0.041339
1 25 12.873563 0.057748 0.042357 0.055738 0.040797
1 26 12.988505 0.058811 0.041601 0.058071 0.041058
1 27 13.103448 0.057751 0.041969 0.056837 0.041244
1 28 13.218390 0.058147 0.041789 0.057986 0.041682
1 29 13.333333 0.056337 0.041083 0.056331 0.041479
1 30 13.448276 0.059722 0.042475 0.059679 0.042486
1 31 13.563218 0.056264 0.041148 0.056468 0.041465
1 32 13.678161 0.056341 0.041323 0.055578 0.040705
1 33 13.793103 0.055537 0.041296 0.056514 0.041580
1 34 13.908046 0.058442 0.042095 0.058065 0.041926
1 35 14.022988 0.056017 0.041224 0.055768 0.041548
1 36 14.137931 0.056959 0.041522 0.057657 0.041780
1 37 14.252873 0.056212 0.041154 0.056456 0.041168
1 38 14.367816 0.056684 0.041379 0.057169 0.041627
1 39 14.482759 0.056081 0.040729 0.056630 0.041492
1 40 14.597701 0.055832 0.040885 0.056822 0.041574
1 41 14.712644 0.056107 0.041119 0.057010 0.041937
1 42 14.827586 0.056572 0.041497 0.056014 0.041143
1 43 14.942529 0.055483 0.040277 0.055577 0.040730
1 44 15.057471 0.054715 0.040511 0.056217 0.041569
1 45 15.172414 0.056745 0.041031 0.056169 0.041124
1 46 15.287356 0.056861 0.041951 0.055893 0.040932
1 47 15.402299 0.054898 0.040690 0.055502 0.041453
1 48 15.517241 0.056008 0.041194 0.055180 0.040616
1 49 15.632184 0.055381 0.040972 0.055935 0.040980
1 50 15.747127 0.054795 0.040389 0.054899 0.040773
1 51 15.862069 0.056063 0.040837 0.055377 0.040555
1 52 15.977012 0.055993 0.041224 0.055938 0.041245
1 53 16.091953 0.056558 0.041666 0.055770 0.041100
1 54 16.206896 0.054864 0.040130 0.055602 0.040840
1 55 16.321838 0.055748 0.040960 0.055043 0.040749
1 56 16.436781 0.056324 0.041215 0.056356 0.041424
1 57 16.551723 0.056084 0.041276 0.055932 0.041637
1 58 16.666666 0.054993 0.040799 0.055494 0.041069
1 59 16.781609 0.055504 0.040760 0.055722 0.040995
1 60 16.896551 0.054914 0.040738 0.054554 0.040288
1 61 17.011494 0.055181 0.040312 0.055692 0.040901
1 62 17.126436 0.053583 0.040039 0.055767 0.041412
1 63 17.241379 0.054870 0.040746 0.056978 0.041990
1 64 17.356321 0.057798 0.041947 0.057172 0.040944
1 65 17.471264 0.055209 0.041129 0.054525 0.040548
1 66 17.586206 0.055184 0.041059 0.055299 0.040797
1 67 17.701149 0.055567 0.041155 0.055124 0.040645
1 68 17.816092 0.056256 0.041162 0.056187 0.041361
1 69 17.931034 0.055332 0.040986 0.055045 0.040676
1 70 18.045977 0.055957 0.041110 0.055589 0.040518
1 71 18.160919 0.057808 0.040935 0.057294 0.040602
1 72 18.275862 0.056648 0.041466 0.058693 0.042570
1 73 18.390804 0.054927 0.040487 0.056998 0.041801
1 74 18.505747 0.053753 0.040187 0.054970 0.040900
1 75 18.620689 0.054576 0.040688 0.054615 0.040645
1 76 18.735632 0.055036 0.040912 0.054881 0.040479
1 77 18.850574 0.054732 0.040837 0.055123 0.040385
1 78 18.965517 0.055842 0.040819 0.055703 0.041053
1 79 19.080460 0.056530 0.040423 0.057961 0.041351
1 80 19.195402 0.055422 0.040748 0.055327 0.040880
1 81 19.310345 0.055115 0.041099 0.053484 0.039392
1 82 19.425287 0.054481 0.040707 0.054573 0.040945
1 83 19.540230 0.054816 0.040919 0.054540 0.040995
1 84 19.655172 0.055160 0.039979 0.055419 0.040648
1 85 19.770115 0.054586 0.040538 0.055045 0.040666
1 86 19.885057 0.055422 0.040501 0.055531 0.040481
2 0 20.000000 0.054616 0.040403 0.055483 0.040970
2 1 20.114943 0.055722 0.041039 0.055151 0.041318
2 2 20.229885 0.054394 0.040251 0.054759 0.040678
2 3 20.344828 0.055012 0.041026 0.054901 0.040843
2 4 20.459770 0.057288 0.041536 0.056900 0.041283
2 5 20.574713 0.054621 0.040628 0.055349 0.041095
2 6 20.689655 0.054482 0.040240 0.054336 0.040179
2 7 20.804598 0.053245 0.039769 0.053665 0.039875
2 8 20.919540 0.054238 0.040483 0.054582 0.040674
2 9 21.034483 0.057297 0.041441 0.056170 0.040898
2 10 21.149426 0.052579 0.039418 0.053533 0.039838
2 11 21.264368 0.055230 0.040810 0.054060 0.039707
2 12 21.379311 0.055080 0.040713 0.055675 0.040950
2 13 21.494253 0.055215 0.040870 0.054180 0.040102
2 14 21.609196 0.054284 0.040053 0.055421 0.041374
2 15 21.724138 0.057541 0.041329 0.057118 0.041069
2 16 21.839081 0.056573 0.041214 0.055614 0.040851
2 17 21.954023 0.055451 0.040846 0.054539 0.040656
2 18 22.068966 0.054963 0.041235 0.054088 0.040060
2 19 22.183908 0.054409 0.040128 0.055215 0.040706
2 20 22.298851 0.054298 0.040444 0.055244 0.040911
2 21 22.413794 0.054600 0.040424 0.054425 0.040502
2 22 22.528736 0.053567 0.040245 0.054259 0.040429
2 23 22.643679 0.053247 0.039925 0.054536 0.040766
2 24 22.758621 0.055469 0.041103 0.056743 0.041875
2 25 22.873564 0.055628 0.041123 0.055036 0.041151
2 26 22.988506 0.055176 0.041428 0.054037 0.040371
2 27 23.103449 0.053416 0.039865 0.054608 0.040688
2 28 23.218391 0.053850 0.040156 0.053820 0.040284
2 29 23.333334 0.054694 0.040510 0.055317 0.041118
2 30 23.448277 0.055098 0.041342 0.054521 0.040310
2 31 23.563219 0.054522 0.040410 0.054636 0.040510
2 32 23.678162 0.054596 0.040428 0.053906 0.039846
2 33 23.793104 0.053624 0.040051 0.053649 0.040034
2 34 23.908047 0.055867 0.039993 0.056278 0.040340
2 35 24.022989 0.055830 0.040579 0.056896 0.041700
2 36 24.137932 0.053599 0.039910 0.054347 0.040334
2 37 24.252874 0.055022 0.040351 0.054115 0.039758
2 38 24.367817 0.056910 0.041770 0.054838 0.040465
2 39 24.482759 0.054868 0.040781 0.054756 0.040765
2 40 24.597702 0.053658 0.039321 0.054619 0.040268
2 41 24.712645 0.054060 0.040562 0.054062 0.040360
2 42 24.827587 0.053741 0.040547 0.053334 0.039964
2 43 24.942530 0.055995 0.041005 0.055581 0.040856
2 44 25.057470 0.054125 0.039891 0.053646 0.040058
2 45 25.172413 0.055774 0.041289 0.055925 0.041004
2 46 25.287355 0.055064 0.040456 0.055643 0.041274
2 47 25.402298 0.053388 0.039787 0.053093 0.039539
2 48 25.517241 0.053276 0.039830 0.054711 0.040858
2 49 25.632183 0.054220 0.040469 0.053000 0.039988
2 50 25.747126 0.054125 0.040536 0.054374 0.040632
2 51 25.862068 0.053557 0.039816 0.053404 0.040017
2 52 25.977011 0.054103 0.040787 0.054148 0.040410
2 53 26.091953 0.054885 0.040805 0.055115 0.040969
2 54 26.206896 0.053149 0.039777 0.053949 0.040068
2 55 26.321838 0.054791 0.040249 0.055847 0.040891
2 56 26.436781 0.054058 0.040391 0.053621 0.040048
2 57 26.551723 0.052736 0.039268 0.054427 0.040656
2 58 26.666666 0.054465 0.040242 0.054299 0.039926
2 59 26.781609 0.055177 0.040423 0.055597 0.040533
2 60 26.896551 0.055906 0.040113 0.055356 0.039372
2 61 27.011494 0.053198 0.039655 0.053989 0.040326
2 62 27.126436 0.054414 0.040363 0.055574 0.041469
2 63 27.241379 0.053286 0.039473 0.054616 0.040894
2 64 27.356321 0.053359 0.040256 0.052447 0.039610
2 65 27.471264 0.054056 0.040530 0.053211 0.040087
2 66 27.586206 0.054421 0.040500 0.054159 0.040673
2 67 27.701149 0.056480 0.040759 0.056430 0.040482
2 68 27.816092 0.054605 0.040946 0.054616 0.040370
2 69 27.931034 0.055573 0.040984 0.055635 0.041377
2 70 28.045977 0.053584 0.039356 0.055726 0.040959
2 71 28.160919 0.053079 0.039819 0.052777 0.039578
2 72 28.275862 0.053593 0.040264 0.053225 0.039920
2 73 28.390804 0.054169 0.040583 0.053194 0.040243
2 74 28.505747 0.053948 0.040187 0.054155 0.040300
2 75 28.620689 0.054390 0.040560 0.054071 0.040472
2 76 28.735632 0.053490 0.040401 0.053925 0.040406
2 77 28.850574 0.053674 0.039928 0.053345 0.039763
2 78 28.965517 0.053400 0.040069 0.053966 0.040378
2 79 29.080460 0.054992 0.041232 0.053415 0.040140
2 80 29.195402 0.054885 0.040722 0.054755 0.040417
2 81 29.310345 0.054081 0.040433 0.053015 0.040014
2 82 29.425287 0.054938 0.041062 0.054422 0.040851
2 83 29.540230 0.054701 0.041136 0.053486 0.039821
2 84 29.655172 0.055065 0.040433 0.053946 0.039951
2 85 29.770115 0.055262 0.040649 0.055586 0.041218
2 86 29.885057 0.054914 0.040807 0.053908 0.040066
3 0 30.000000 0.054550 0.040252 0.053828 0.039686
3 1 30.114943 0.052893 0.040035 0.054150 0.040552
3 2 30.229885 0.054803 0.040572 0.054210 0.039945
3 3 30.344828 0.054199 0.040359 0.053943 0.040265
3 4 30.459770 0.054337 0.040903 0.053113 0.039862
3 5 30.574713 0.054504 0.040163 0.053953 0.040080
3 6 30.689655 0.054255 0.040516 0.054652 0.040734
3 7 30.804598 0.054313 0.040164 0.054212 0.039874
3 8 30.919540 0.053584 0.039942 0.054113 0.040643
3 9 31.034483 0.053171 0.039745 0.052862 0.039814
3 10 31.149426 0.054494 0.040724 0.053123 0.040298
3 11 31.264368 0.053442 0.039850 0.053962 0.040703
3 12 31.379311 0.054443 0.040362 0.055222 0.040781
3 13 31.494253 0.054581 0.041084 0.052790 0.039681
3 14 31.609196 0.055264 0.041497 0.054537 0.040950
3 15 31.724138 0.053191 0.040365 0.053854 0.040470
3 16 31.839081 0.053976 0.039878 0.054479 0.039930
3 17 31.954023 0.055353 0.041114 0.054652 0.040399
3 18 32.068966 0.052765 0.039606 0.053160 0.040226
3 19 32.183907 0.054251 0.040634 0.054100 0.040251
3 20 32.298851 0.054065 0.040389 0.053948 0.039888
3 21 32.413792 0.052496 0.039886 0.050927 0.038942
3 22 32.528736 0.053087 0.040187 0.053575 0.040392
3 23 32.643677 0.054012 0.040735 0.052644 0.039285
3 24 32.758621 0.053245 0.039553 0.054099 0.040481
3 25 32.873562 0.052382 0.039303 0.053629 0.040556
3 26 32.988506 0.053021 0.040112 0.051870 0.039219
3 27 33.103447 0.052370 0.039680 0.052834 0.039765
3 28 33.218391 0.052223 0.039491 0.053406 0.040647
3 29 33.333332 0.054976 0.041155 0.054178 0.040427
3 30 33.448277 0.054230 0.040826 0.053925 0.040018
3 31 33.563217 0.053864 0.040385 0.052903 0.039589
3 32 33.678162 0.052760 0.040238 0.053148 0.040194
3 33 33.793102 0.054120 0.040878 0.053985 0.040735
3 34 33.908047 0.054808 0.040733 0.054187 0.040089
3 35 34.022987 0.053824 0.039935 0.055161 0.041062
3 36 34.137932 0.055506 0.041682 0.054104 0.040483
3 37 34.252872 0.053106 0.039821 0.053682 0.040174
3 38 34.367817 0.053729 0.040586 0.053598 0.040301
3 39 34.482758 0.053757 0.040806 0.054169 0.041318
3 40 34.597702 0.051833 0.038575 0.053021 0.039617
3 41 34.712643 0.053088 0.039880 0.053053 0.039938
3 42 34.827587 0.054208 0.040700 0.054183 0.040566
3 43 34.942528 0.052859 0.039909 0.053999 0.040709
3 44 35.057472 0.053062 0.039589 0.054376 0.040594
3 45 35.172413 0.052852 0.040174 0.051778 0.039158
3 46 35.287357 0.053648 0.040302 0.053865 0.040268
3 47 35.402298 0.052618 0.039962 0.053641 0.040309
3 48 35.517242 0.052706 0.039286 0.053882 0.040839
3 49 35.632183 0.053537 0.040134 0.051454 0.039368
3 50 35.747128 0.052676 0.039422 0.052969 0.039607
3 51 35.862068 0.052355 0.039760 0.053055 0.040028
3 52 35.977013 0.054785 0.041119 0.053969 0.039971
3 53 36.091953 0.052624 0.039630 0.052936 0.039861
3 54 36.206898 0.052592 0.040261 0.053131 0.039967
3 55 36.321838 0.052280 0.039516 0.053728 0.040853
3 56 36.436783 0.052438 0.040089 0.053852 0.040565
3 57 36.551723 0.053643 0.040344 0.052074 0.039316
3 58 36.666668 0.053514 0.040637 0.053223 0.040255
3 59 36.781609 0.052665 0.039561 0.052349 0.039604
3 60 36.896553 0.054196 0.040677 0.055334 0.040866
3 61 37.011494 0.054559 0.040526 0.053904 0.039860
3 62 37.126438 0.053628 0.040137 0.052291 0.039047
3 63 37.241379 0.053591 0.040302 0.053583 0.040553
3 64 37.356323 0.052718 0.040327 0.051215 0.038748
3 65 37.471264 0.053039 0.040066 0.054141 0.040397
3 66 37.586208 0.053186 0.040002 0.054210 0.041019
3 67 37.701149 0.053277 0.040255 0.052969 0.039954
3 68 37.816093 0.053500 0.040591 0.051289 0.039152
3 69 37.931034 0.053725 0.040679 0.052586 0.039651
3 70 38.045979 0.052751 0.040365 0.052865 0.040203
3 71 38.160919 0.053595 0.040078 0.053915 0.040123
3 72 38.275864 0.052585 0.039618 0.053609 0.040317
3 73 38.390804 0.052460 0.040177 0.053570 0.040531
3 74 38.505749 0.053158 0.040284 0.053191 0.040437
3 75 38.620689 0.052137 0.040040 0.052576 0.040219
3 76 38.735634 0.054053 0.040739 0.052881 0.039324
3 77 38.850574 0.052884 0.040326 0.053670 0.040389
3 78 38.965519 0.052071 0.039584 0.053673 0.040448
3 79 39.080460 0.053061 0.040283 0.052673 0.039834
3 80 39.195404 0.054314 0.040832 0.053379 0.040377
3 81 39.310345 0.053646 0.040612 0.053270 0.039838
3 82 39.425289 0.052641 0.039992 0.053947 0.041166
3 83 39.540230 0.051937 0.039229 0.051946 0.039583
3 84 39.655174 0.052514 0.039990 0.051973 0.039550
3 85 39.770115 0.052895 0.039354 0.054097 0.040500
3 86 39.885059 0.053209 0.040274 0.052601 0.039858
4 0 40.000000 0.053420 0.040328 0.054428 0.040984
4 1 40.114941 0.052281 0.039538 0.052827 0.039465
4 2 40.229885 0.052759 0.039622 0.053796 0.040623
4 3 40.344826 0.053799 0.040404 0.053993 0.040266
4 4 40.459770 0.051473 0.038949 0.051594 0.039426
4 5 40.574711 0.054099 0.041225 0.052796 0.039976
4 6 40.689655 0.052818 0.039715 0.051939 0.039119
4 7 40.804596 0.053959 0.040830 0.053329 0.040583
4 8 40.919540 0.053622 0.040025 0.053746 0.040370
4 9 41.034481 0.052797 0.039761 0.052505 0.040187
4 10 41.149426 0.052666 0.040011 0.053236 0.040279
4 11 41.264366 0.053633 0.040331 0.053150 0.039653
4 12 41.379311 0.053830 0.040515 0.052858 0.040314
4 13 41.494251 0.053480 0.040666 0.051984 0.039704
4 14 41.609196 0.053354 0.040545 0.052655 0.040015
4 15 41.724136 0.053771 0.040858 0.053750 0.040300
4 16 41.839081 0.051405 0.038874 0.052550 0.039966
4 17 41.954021 0.052394 0.039525 0.053419 0.040220
4 18 42.068966 0.052290 0.039668 0.052407 0.039945
4 19 42.183907 0.052903 0.039921 0.053130 0.039527
4 20 42.298851 0.053877 0.040766 0.054190 0.040637
4 21 42.413792 0.053330 0.040182 0.052923 0.039850
4 22 42.528736 0.053989 0.039902 0.054552 0.040161
4 23 42.643677 0.052252 0.040085 0.051155 0.039030
4 24 42.758621 0.052540 0.039764 0.051593 0.039423
4 25 42.873562 0.051948 0.039628 0.053089 0.040048
4 26 42.988506 0.053038 0.040224 0.053458 0.040212
4 27 43.103447 0.052458 0.039541 0.052460 0.039550
4 28 43.218391 0.052621 0.039584 0.052974 0.040332
4 29 43.333332 0.052566 0.039738 0.053212 0.040572
4 30 43.448277 0.051971 0.039784 0.051409 0.039107
4 31 43.563217 0.052194 0.039872 0.052795 0.040095
4 32 43.678162 0.052916 0.040485 0.053289 0.040590
4 33 43.793102 0.052658 0.039778 0.053119 0.040272
4 34 43.908047 0.052612 0.039660 0.053119 0.040072
4 35 44.022987 0.052229 0.039608 0.053569 0.041063
4 36 44.137932 0.053582 0.040138 0.053066 0.040059
4 37 44.252872 0.054000 0.040470 0.054946 0.041118
4 38 44.367817 0.052820 0.039845 0.052656 0.039966
4 39 44.482758 0.051443 0.039356 0.051414 0.040031
4 40 44.597702 0.053360 0.040082 0.052275 0.039612
4 41 44.712643 0.052376 0.039432 0.052225 0.039464
4 42 44.827587 0.052986 0.040026 0.052054 0.039311
4 43 44.942528 0.053057 0.040202 0.053029 0.040362
4 44 45.057472 0.051980 0.039471 0.052618 0.039717
4 45 45.172413 0.051006 0.038716 0.052720 0.039853
4 46 45.287357 0.051985 0.039575 0.051344 0.039116
4 47 45.402298 0.052112 0.039724 0.053035 0.040237
4 48 45.517242 0.051474 0.039147 0.052956 0.040088
4 49 45.632183 0.051572 0.039319 0.052789 0.040104
4 50 45.747128 0.052916 0.040262 0.052957 0.039982
4 51 45.862068 0.051507 0.039045 0.052044 0.039714
4 52 45.977013 0.053158 0.040207 0.053013 0.040051
4 53 46.091953 0.053276 0.040514 0.052837 0.039997
4 54 46.206898 0.053422 0.040492 0.053094 0.040185
4 55 46.321838 0.053260 0.040538 0.053409 0.040538
4 56 46.436783 0.053457 0.040215 0.052867 0.040142
4 57 46.551723 0.052554 0.039580 0.051901 0.039402
4 58 46.666668 0.054160 0.041000 0.052493 0.039917
4 59 46.781609 0.054144 0.040661 0.052872 0.039788
4 60 46.896553 0.052975 0.039987 0.053961 0.040734
4 61 47.011494 0.052806 0.040554 0.052622 0.039881
4 62 47.126438 0.053903 0.040646 0.052682 0.039959
4 63 47.241379 0.053495 0.040887 0.051579 0.038920
4 64 47.356323 0.052917 0.040270 0.053102 0.040503
4 65 47.471264 0.051365 0.039497 0.051240 0.039293
4 66 47.586208 0.051359 0.038532 0.053451 0.040244
4 67 47.701149 0.051951 0.039285 0.052439 0.039821
4 68 47.816093 0.052577 0.039946 0.052529 0.040069
4 69 47.931034 0.053558 0.040249 0.053190 0.040095
4 70 48.045979 0.051840 0.039651 0.052901 0.040389
4 71 48.160919 0.051803 0.039672 0.051609 0.039247
4 72 48.275864 0.053490 0.040238 0.052272 0.039815
4 73 48.390804 0.053362 0.039637 0.053113 0.039993
4 74 48.505749 0.052706 0.039975 0.053366 0.040275
4 75 48.620689 0.052208 0.039694 0.052585 0.039661
4 76 48.735634 0.054868 0.041396 0.051911 0.039031
4 77 48.850574 0.052147 0.039692 0.052662 0.040300
4 78 48.965519 0.053723 0.041013 0.052151 0.040106
4 79 49.080460 0.052155 0.039454 0.052268 0.040070
4 80 49.195404 0.052538 0.039812 0.052500 0.040238
4 81 49.310345 0.052901 0.040227 0.054083 0.040525
4 82 49.425289 0.052781 0.039953 0.052469 0.039989
4 83 49.540230 0.052402 0.039832 0.053565 0.040515
4 84 49.655174 0.051737 0.039870 0.053348 0.040475
4 85 49.770115 0.052552 0.039704 0.052728 0.040074
4 86 49.885059 0.052643 0.039660 0.053244 0.040328
5 0 50.000000 0.052535 0.039643 0.053162 0.040588
5 1 50.114941 0.051373 0.039211 0.053082 0.040455
5 2 50.229885 0.053123 0.040605 0.051833 0.039820
5 3 50.344826 0.052565 0.039848 0.051576 0.039677
5 4 50.459770 0.051569 0.039269 0.051910 0.039527
5 5 50.574711 0.052711 0.040204 0.052616 0.040256
5 6 50.689655 0.053371 0.040713 0.052530 0.039832
5 7 50.804596 0.052893 0.040231 0.053323 0.040369
5 8 50.919540 0.054101 0.040916 0.053374 0.040372
5 9 51.034481 0.051352 0.039461 0.052158 0.039954
5 10 51.149426 0.051728 0.039426 0.051237 0.038970
5 11 51.264366 0.053971 0.040741 0.053203 0.040114
5 12 51.379311 0.050796 0.038774 0.051814 0.039686
5 13 51.494251 0.052500 0.040154 0.053130 0.039745
5 14 51.609196 0.052517 0.039815 0.052562 0.040143
5 15 51.724136 0.051718 0.039637 0.052229 0.039917
5 16 51.839081 0.051820 0.039571 0.051350 0.039329
5 17 51.954021 0.052592 0.039219 0.054572 0.040783
5 18 52.068966 0.051880 0.039543 0.052311 0.039786
5 19 52.183907 0.054058 0.040698 0.052542 0.039646
5 20 52.298851 0.052668 0.040240 0.052896 0.039915
5 21 52.413792 0.052449 0.039620 0.051975 0.039554
5 22 52.528736 0.051838 0.039768 0.051081 0.039023
5 23 52.643677 0.053188 0.039763 0.052836 0.039482
5 24 52.758621 0.051859 0.039575 0.052050 0.039697
5 25 52.873562 0.052118 0.039240 0.052023 0.039149
5 26 52.988506 0.052347 0.039596 0.051762 0.039487
5 27 53.103447 0.053549 0.040643 0.051228 0.039274
5 28 53.218391 0.053343 0.040735 0.052741 0.040220
5 29 53.333332 0.051894 0.039559 0.051566 0.038954
5 30 53.448277 0.052015 0.039641 0.051861 0.039493
5 31 53.563217 0.052474 0.039845 0.054085 0.040545
5 32 53.678162 0.052572 0.039714 0.052411 0.040088
5 33 53.793102 0.052855 0.040275 0.052561 0.040009
5 34 53.908047 0.052686 0.039863 0.053000 0.040105
5 35 54.022987 0.052246 0.039827 0.052290 0.040058
5 36 54.137932 0.052644 0.039929 0.052184 0.039970
5 37 54.252872 0.053879 0.040959 0.051877 0.039810
5 38 54.367817 0.052271 0.040151 0.051113 0.039146
5 39 54.482758 0.052510 0.040211 0.051781 0.039534
5 40 54.597702 0.051843 0.039324 0.052084 0.039472
5 41 54.712643 0.052264 0.039901 0.051740 0.039742
5 42 54.827587 0.052450 0.039382 0.055019 0.041659
5 43 54.942528 0.051786 0.039633 0.051233 0.039122
5 44 55.057472 0.052384 0.040142 0.052844 0.040762
5 45 55.172413 0.053551 0.040322 0.053190 0.040205
5 46 55.287357 0.054019 0.040821 0.052113 0.039552
5 47 55.402298 0.053306 0.040356 0.053070 0.039961
5 48 55.517242 0.051684 0.039223 0.051832 0.039463
5 49 55.632183 0.052051 0.039849 0.051598 0.039600
5 50 55.747128 0.052214 0.039540 0.052783 0.039875
5 51 55.862068 0.051456 0.039357 0.051817 0.039416
5 52 55.977013 0.050746 0.039055 0.051577 0.039568
5 53 56.091953 0.051428 0.039167 0.052628 0.040299
5 54 56.206898 0.052027 0.039443 0.052090 0.039831
5 55 56.321838 0.051961 0.039777 0.052774 0.039668
5 56 56.436783 0.052196 0.039682 0.051634 0.038973
5 57 56.551723 0.052737 0.040283 0.050956 0.039391
5 58 56.666668 0.053394 0.040204 0.052487 0.039745
5 59 56.781609 0.052064 0.039711 0.051673 0.039592
5 60 56.896553 0.052551 0.039982 0.052318 0.039991
5 61 57.011494 0.050997 0.039361 0.052097 0.039681
5 62 57.126438 0.053134 0.040459 0.052913 0.040060
5 63 57.241379 0.052378 0.039844 0.050406 0.038664
5 64 57.356323 0.051319 0.039155 0.052194 0.039878
5 65 57.471264 0.052198 0.039941 0.051045 0.038916
5 66 57.586208 0.052012 0.039818 0.052187 0.039641
5 67 57.701149 0.052550 0.039763 0.051946 0.039486
5 68 57.816093 0.052711 0.039708 0.053153 0.040137
5 69 57.931034 0.052665 0.039769 0.053862 0.040855
5 70 58.045979 0.052350 0.040155 0.051931 0.039659
5 71 58.160919 0.052483 0.039888 0.053342 0.040323
5 72 58.275864 0.051611 0.039269 0.052113 0.040009
5 73 58.390804 0.052302 0.039594 0.050238 0.038324
5 74 58.505749 0.051882 0.039411 0.053672 0.040343
5 75 58.620689 0.051366 0.038824 0.051846 0.039733
5 76 58.735634 0.051649 0.039453 0.052761 0.040333
5 77 58.850574 0.051451 0.039748 0.051319 0.039609
5 78 58.965519 0.053336 0.040867 0.053137 0.040319
5 79 59.080460 0.052743 0.039700 0.052267 0.039597
5 80 59.195404 0.051925 0.039592 0.052040 0.039686
5 81 59.310345 0.051300 0.039316 0.051363 0.039619
5 82 59.425289 0.052099 0.039601 0.051461 0.038857
5 83 59.540230 0.051863 0.039769 0.051695 0.039542
5 84 59.655174 0.052387 0.040036 0.052818 0.040124
5 85 59.770115 0.051895 0.039626 0.052239 0.039758
5 86 59.885059 0.052219 0.039902 0.051578 0.039676
6 0 60.000000 0.052672 0.039876 0.052922 0.039578
6 1 60.114941 0.054110 0.041055 0.053698 0.040416
6 2 60.229885 0.051844 0.040097 0.051990 0.040076
6 3 60.344826 0.050737 0.038407 0.051129 0.038929
6 4 60.459770 0.050967 0.039505 0.052449 0.040364
6 5 60.574711 0.051780 0.039521 0.052228 0.039723
6 6 60.689655 0.051745 0.039440 0.051952 0.039712
6 7 60.804596 0.052954 0.040059 0.053625 0.040090
6 8 60.919540 0.052106 0.039837 0.051074 0.039482
6 9 61.034481 0.051590 0.039856 0.051106 0.039441
6 10 61.149426 0.051408 0.039666 0.050608 0.038708
6 11 61.264366 0.051087 0.039038 0.052040 0.039750
6 12 61.379311 0.051460 0.039178 0.052165 0.039553
6 13 61.494251 0.053204 0.040950 0.050537 0.038840
6 14 61.609196 0.051244 0.039096 0.052760 0.040606
6 15 61.724136 0.051511 0.039169 0.051917 0.039837
6 16 61.839081 0.052294 0.040099 0.051436 0.039474
6 17 61.954021 0.052862 0.039974 0.052614 0.039691
6 18 62.068966 0.052539 0.039932 0.051770 0.039467
6 19 62.183907 0.051233 0.039166 0.052359 0.039688
6 20 62.298851 0.052261 0.039849 0.052722 0.040020
6 21 62.413792 0.050737 0.039252 0.050873 0.039280
6 22 62.528736 0.051000 0.039435 0.051481 0.039740
6 23 62.643677 0.052932 0.040218 0.051944 0.039262
6 24 62.758621 0.053076 0.040326 0.053342 0.040349
6 25 62.873562 0.050730 0.039140 0.050906 0.039299
6 26 62.988506 0.052718 0.040229 0.052796 0.040272
6 27 63.103447 0.051676 0.039517 0.052176 0.039780
6 28 63.218391 0.052776 0.040192 0.051784 0.039279
6 29 63.333332 0.051579 0.039360 0.051146 0.039027
6 30 63.448277 0.052769 0.040715 0.051875 0.039807
6 31 63.563217 0.052626 0.040083 0.053545 0.040822
6 32 63.678162 0.052661 0.039849 0.052394 0.039645
6 33 63.793102 0.051108 0.038820 0.052914 0.040272
6 34 63.908047 0.052421 0.040093 0.052502 0.040106
6 35 64.022987 0.050730 0.038627 0.052034 0.039820
6 36 64.137932 0.051813 0.039847 0.051851 0.039824
6 37 64.252876 0.052508 0.040175 0.050768 0.038971
6 38 64.367813 0.051534 0.039362 0.052374 0.040393
6 39 64.482758 0.051889 0.039646 0.052655 0.040014
6 40 64.597702 0.053180 0.040315 0.052530 0.039964
6 41 64.712646 0.051485 0.039434 0.053154 0.040547
6 42 64.827583 0.052225 0.039898 0.052845 0.040330
6 43 64.942528 0.050728 0.038718 0.052696 0.039858
6 44 65.057472 0.051422 0.039316 0.051785 0.039408
6 45 65.172417 0.051255 0.039009 0.051902 0.039828
6 46 65.287354 0.052822 0.040319 0.052379 0.040306
6 47 65.402298 0.051598 0.039626 0.051478 0.039724
6 48 65.517242 0.051350 0.039736 0.051945 0.039578
6 49 65.632187 0.051443 0.039602 0.053357 0.040572
6 50 65.747124 0.050599 0.038542 0.052180 0.039360
6 51 65.862068 0.051828 0.039983 0.051775 0.039586
6 52 65.977013 0.051615 0.039563 0.052012 0.039655
6 53 66.091957 0.051787 0.040028 0.052083 0.040030
6 54 66.206894 0.051072 0.039352 0.052347 0.039853
6 55 66.321838 0.052294 0.039706 0.052355 0.039890
6 56 66.436783 0.052084 0.039598 0.051521 0.039897
6 57 66.551727 0.051830 0.038975 0.052672 0.039733
6 58 66.666664 0.051688 0.039444 0.051598 0.039369
6 59 66.781609 0.052476 0.040276 0.051096 0.039202
6 60 66.896553 0.051616 0.039956 0.052145 0.039744
6 61 67.011497 0.051624 0.039516 0.051588 0.039433
6 62 67.126434 0.050858 0.038720 0.051639 0.039356
6 63 67.241379 0.051409 0.039392 0.051310 0.039415
6 64 67.356323 0.051671 0.039309 0.052895 0.039893
6 65 67.471268 0.051717 0.039401 0.051819 0.039479
6 66 67.586205 0.053151 0.039622 0.052808 0.039488
6 67 67.701149 0.053168 0.040843 0.051976 0.039801
6 68 67.816093 0.051924 0.040041 0.051989 0.039521
6 69 67.931038 0.052160 0.039554 0.052541 0.039937
6 70 68.045975 0.051825 0.040115 0.050548 0.038802
6 71 68.160919 0.051515 0.039482 0.052269 0.039989
6 72 68.275864 0.051072 0.039062 0.052812 0.040368
6 73 68.390808 0.051538 0.039471 0.051778 0.039593
6 74 68.505745 0.052120 0.039963 0.051467 0.039812
6 75 68.620689 0.051831 0.039500 0.053054 0.040701
6 76 68.735634 0.050783 0.039103 0.051425 0.039408
6 77 68.850578 0.051369 0.039319 0.051033 0.039197
6 78 68.965515 0.051524 0.039473 0.050554 0.038795
6 79 69.080460 0.052388 0.040479 0.051950 0.039987
6 80 69.195404 0.053151 0.040520 0.052626 0.040166
6 81 69.310349 0.052641 0.040274 0.052211 0.039622
6 82 69.425285 0.052995 0.040368 0.051621 0.039158
6 83 69.540230 0.052020 0.039821 0.052062 0.039587
6 84 69.655174 0.052030 0.039928 0.052836 0.040431
6 85 69.770119 0.051502 0.039382 0.051677 0.039737
6 86 69.885056 0.051051 0.038740 0.051606 0.039481
7 0 70.000000 0.052980 0.040086 0.051895 0.039608
7 1 70.114944 0.052205 0.040051 0.052651 0.040044
7 2 70.229881 0.051637 0.039093 0.053406 0.040390
7 3 70.344826 0.052393 0.039794 0.052134 0.039445
7 4 70.459770 0.052307 0.040044 0.052395 0.040055
7 5 70.574715 0.051438 0.039642 0.051312 0.039564
7 6 70.689651 0.051584 0.039702 0.051773 0.039647
7 7 70.804596 0.052550 0.039926 0.052360 0.039594
7 8 70.919540 0.050722 0.038719 0.051579 0.039384
7 9 71.034485 0.052430 0.039899 0.052626 0.040099
7 10 71.149422 0.052473 0.039859 0.051768 0.039354
7 11 71.264366 0.051455 0.039634 0.051085 0.039280
7 12 71.379311 0.052979 0.040289 0.051548 0.039755
7 13 71.494255 0.053145 0.040287 0.052503 0.039655
7 14 71.609192 0.052021 0.039851 0.052584 0.039888
7 15 71.724136 0.052473 0.039477 0.052724 0.039882
7 16 71.839081 0.051920 0.039628 0.051480 0.039213
7 17 71.954025 0.051479 0.038933 0.051845 0.039362
7 18 72.068962 0.052204 0.040092 0.052720 0.040256
7 19 72.183907 0.049642 0.038170 0.051796 0.039750
7 20 72.298851 0.052010 0.039802 0.051896 0.039621
7 21 72.413795 0.052039 0.039827 0.051817 0.039635
7 22 72.528732 0.052029 0.040001 0.051721 0.039702
7 23 72.643677 0.051790 0.039958 0.052326 0.040343
7 24 72.758621 0.052205 0.039930 0.051971 0.039830
7 25 72.873566 0.052639 0.039950 0.050190 0.038199
7 26 72.988503 0.051880 0.039690 0.051957 0.039947
7 27 73.103447 0.050839 0.039357 0.051922 0.039631
7 28 73.218391 0.051714 0.039667 0.050936 0.039043
7 29 73.333336 0.050872 0.039087 0.052130 0.040104
7 30 73.448273 0.052779 0.040014 0.053439 0.040438
7 31 73.563217 0.051286 0.039234 0.051213 0.039020
7 32 73.678162 0.052103 0.039894 0.051711 0.039359
7 33 73.793106 0.052426 0.040262 0.050783 0.038915
7 34 73.908043 0.051624 0.039344 0.050958 0.039060
7 35 74.022987 0.052362 0.039601 0.051001 0.038540
7 36 74.137932 0.052360 0.039951 0.052697 0.040365
7 37 74.252876 0.050170 0.038581 0.052547 0.040235
7 38 74.367813 0.051573 0.039616 0.053124 0.040457
7 39 74.482758 0.051395 0.039355 0.051915 0.039647
7 40 74.597702 0.052022 0.040020 0.052219 0.040034
7 41 74.712646 0.052679 0.040743 0.050773 0.038975
7 42 74.827583 0.051170 0.039602 0.051855 0.040165
7 43 74.942528 0.052435 0.039990 0.051947 0.039378
7 44 75.057472 0.052466 0.040280 0.052041 0.039797
7 45 75.172417 0.051536 0.039504 0.051130 0.039309
7 46 75.287354 0.051744 0.039483 0.050749 0.039195
7 47 75.402298 0.052288 0.040159 0.052333 0.039476
7 48 75.517242 0.053117 0.040122 0.053790 0.040802
7 49 75.632187 0.051433 0.039379 0.052029 0.039823
7 50 75.747124 0.052604 0.039632 0.052352 0.039504
7 51 75.862068 0.051210 0.039135 0.051196 0.039217
7 52 75.977013 0.052144 0.040177 0.050251 0.038731
7 53 76.091957 0.052355 0.039756 0.050774 0.038821
7 54 76.206894 0.052931 0.040305 0.052401 0.039850
7 55 76.321838 0.051881 0.039521 0.051774 0.039386
7 56 76.436783 0.051412 0.039375 0.051541 0.039518
7 57 76.551727 0.051079 0.039104 0.051451 0.039333
7 58 76.666664 0.050999 0.038723 0.051615 0.039966
7 59 76.781609 0.051577 0.039494 0.050680 0.038787
7 60 76.896553 0.051374 0.039553 0.051121 0.039325
7 61 77.011497 0.053237 0.040341 0.052167 0.039431
7 62 77.126434 0.050978 0.039065 0.050930 0.039192
7 63 77.241379 0.050833 0.038796 0.052053 0.040416
7 64 77.356323 0.051557 0.039841 0.051731 0.039977
7 65 77.471268 0.051889 0.039662 0.051311 0.039270
7 66 77.586205 0.052395 0.039996 0.051694 0.039535
7 67 77.701149 0.050704 0.039367 0.051637 0.039949
7 68 77.816093 0.051731 0.040116 0.051106 0.039680
7 69 77.931038 0.052567 0.040571 0.050934 0.039284
7 70 78.045975 0.051663 0.039551 0.051876 0.039476
7 71 78.160919 0.051085 0.039188 0.050523 0.038790
7 72 78.275864 0.052595 0.040092 0.053781 0.040419
7 73 78.390808 0.050909 0.039355 0.050915 0.038881
7 74 78.505745 0.051611 0.039834 0.050591 0.038861
7 75 78.620689 0.052399 0.040260 0.052038 0.039937
7 76 78.735634 0.052947 0.040341 0.050140 0.038548
7 77 78.850578 0.050627 0.039002 0.052023 0.039775
7 78 78.965515 0.051717 0.039656 0.050744 0.038503
7 79 79.080460 0.051550 0.039735 0.051260 0.039155
7 80 79.195404 0.051139 0.039054 0.051156 0.039486
7 81 79.310349 0.051258 0.039333 0.051875 0.039879
7 82 79.425285 0.051175 0.039447 0.050896 0.039104
7 83 79.540230 0.050085 0.038676 0.051118 0.039975
7 84 79.655174 0.050307 0.039166 0.052440 0.040308
7 85 79.770119 0.051257 0.039348 0.052105 0.039812
7 86 79.885056 0.051275 0.039246 0.050740 0.039184
8 0 80.000000 0.051015 0.039690 0.051206 0.039139
8 1 80.114944 0.051217 0.039550 0.051360 0.039556
8 2 80.229881 0.051561 0.039767 0.051938 0.039987
8 3 80.344826 0.052476 0.039966 0.053193 0.040412
8 4 80.459770 0.051199 0.039632 0.052147 0.040035
8 5 80.574715 0.051238 0.039209 0.051472 0.039332
8 6 80.689651 0.050934 0.039564 0.052448 0.040524
8 7 80.804596 0.051118 0.039182 0.052496 0.039803
8 8 80.919540 0.050772 0.038544 0.052076 0.040007
8 9 81.034485 0.051655 0.039721 0.050990 0.039673
8 10 81.149422 0.051619 0.039161 0.051585 0.039543
8 11 81.264366 0.051750 0.039477 0.052442 0.040450
8 12 81.379311 0.051326 0.039445 0.052066 0.039702
8 13 81.494255 0.049799 0.038863 0.051379 0.039360
8 14 81.609192 0.051028 0.039433 0.052774 0.040532
8 15 81.724136 0.051375 0.039754 0.051398 0.039766
8 16 81.839081 0.051849 0.039865 0.051195 0.038954
8 17 81.954025 0.052967 0.040069 0.051314 0.039313
8 18 82.068962 0.052201 0.040125 0.051610 0.039372
8 19 82.183907 0.052482 0.040503 0.051755 0.039945
8 20 82.298851 0.051775 0.039660 0.051225 0.039693
8 21 82.413795 0.051648 0.039449 0.050783 0.039042
8 22 82.528732 0.051462 0.039326 0.051523 0.039437
8 23 82.643677 0.051826 0.039668 0.051869 0.039669
8 24 82.758621 0.050825 0.039118 0.051683 0.039831
8 25 82.873566 0.050288 0.038403 0.051376 0.039280
8 26 82.988503 0.052782 0.040279 0.051605 0.039603
8 27 83.103447 0.052430 0.040025 0.051325 0.039028
8 28 83.218391 0.051243 0.039575 0.050925 0.039334
8 29 83.333336 0.051941 0.040011 0.051909 0.039590
8 30 83.448273 0.051341 0.039336 0.051178 0.039070
8 31 83.563217 0.051568 0.040148 0.052384 0.040611
8 32 83.678162 0.050727 0.038780 0.052576 0.039797
8 33 83.793106 0.052570 0.040351 0.051269 0.039310
8 34 83.908043 0.050605 0.038890 0.051236 0.039419
8 35 84.022987 0.051434 0.039354 0.052711 0.040427
8 36 84.137932 0.051751 0.040030 0.051151 0.039545
8 37 84.252876 0.051070 0.039017 0.050858 0.039032
8 38 84.367813 0.052097 0.039790 0.052157 0.039808
8 39 84.482758 0.052216 0.040034 0.051103 0.039386
8 40 84.597702 0.051211 0.039211 0.051045 0.039525
8 41 84.712646 0.052175 0.040170 0.051079 0.038994
8 42 84.827583 0.051359 0.039294 0.051329 0.039168
8 43 84.942528 0.052557 0.040080 0.051976 0.039471
8 44 85.057472 0.051730 0.039562 0.051451 0.039348
8 45 85.172417 0.051976 0.039934 0.052683 0.040281
8 46 85.287354 0.053369 0.040682 0.052412 0.039874
8 47 85.402298 0.051900 0.039771 0.050314 0.038840
8 48 85.517242 0.051369 0.039614 0.051508 0.039831
8 49 85.632187 0.051364 0.039615 0.051430 0.039550
8 50 85.747124 0.050549 0.039333 0.050915 0.039131
8 51 85.862068 0.050686 0.039194 0.051119 0.039471
8 52 85.977013 0.051625 0.039643 0.051617 0.039217
8 53 86.091957 0.050523 0.039099 0.050474 0.038719
8 54 86.206894 0.050732 0.039410 0.051848 0.039848
8 55 86.321838 0.050864 0.038979 0.052403 0.040587
8 56 86.436783 0.052118 0.040184 0.051572 0.039599
8 57 86.551727 0.052448 0.040248 0.050565 0.038874
8 58 86.666664 0.051568 0.039564 0.051637 0.039678
8 59 86.781609 0.051285 0.039242 0.051546 0.039194
8 60 86.896553 0.050626 0.038594 0.051361 0.039564
8 61 87.011497 0.052265 0.040266 0.051738 0.039493
8 62 87.126434 0.052249 0.040388 0.052392 0.040343
8 63 87.241379 0.050665 0.038983 0.051715 0.039988
8 64 87.356323 0.051522 0.039412 0.050963 0.039132
8 65 87.471268 0.052068 0.040307 0.052131 0.040006
8 66 87.586205 0.050744 0.039451 0.052699 0.040391
8 67 87.701149 0.051106 0.038889 0.051158 0.039349
8 68 87.816093 0.051430 0.039740 0.052157 0.039979
8 69 87.931038 0.050554 0.038973 0.051061 0.039235
8 70 88.045975 0.051130 0.039157 0.050687 0.038980
8 71 88.160919 0.050772 0.039145 0.051774 0.039880
8 72 88.275864 0.051493 0.039083 0.052030 0.039568
8 73 88.390808 0.052240 0.039944 0.051281 0.039548
8 74 88.505745 0.051919 0.039709 0.051281 0.039657
8 75 88.620689 0.051943 0.039884 0.051190 0.039432
8 76 88.735634 0.050666 0.038790 0.051079 0.038898
8 77 88.850578 0.052043 0.039902 0.051494 0.039577
8 78 88.965515 0.051199 0.039373 0.049675 0.038139
8 79 89.080460 0.051125 0.039183 0.052098 0.039999
8 80 89.195404 0.051332 0.039444 0.050127 0.038521
8 81 89.310349 0.050758 0.038998 0.051179 0.039550
8 82 89.425285 0.052252 0.039912 0.052108 0.040003
8 83 89.540230 0.051184 0.039689 0.050621 0.039232
8 84 89.655174 0.051784 0.039650 0.052353 0.039947
8 85 89.770119 0.050422 0.038892 0.050826 0.039879
8 86 89.885056 0.051463 0.039592 0.052162 0.039884
9 0 90.000000 0.052524 0.039860 0.051562 0.039741
9 1 90.114944 0.052478 0.039898 0.050793 0.038903
9 2 90.229881 0.053036 0.040591 0.051754 0.039678
9 3 90.344826 0.052122 0.040169 0.049491 0.038330
9 4 90.459770 0.051419 0.039491 0.051348 0.039617
9 5 90.574715 0.052403 0.040418 0.052783 0.040650
9 6 90.689651 0.050923 0.039578 0.050787 0.039349
9 7 90.804596 0.051562 0.039728 0.053220 0.040493
9 8 90.919540 0.052922 0.040016 0.052231 0.039729
9 9 91.034485 0.051296 0.039528 0.050299 0.038551
9 10 91.149422 0.051184 0.039782 0.051821 0.039883
9 11 91.264366 0.050976 0.039608 0.051163 0.039469
9 12 91.379311 0.051180 0.039416 0.051667 0.040342
9 13 91.494255 0.051651 0.039416 0.051657 0.039626
9 14 91.609192 0.049934 0.038804 0.051831 0.039485
9 15 91.724136 0.051445 0.039917 0.049758 0.038385
9 16 91.839081 0.051703 0.039871 0.052535 0.040395
9 17 91.954025 0.051221 0.039740 0.051179 0.039354
9 18 92.068962 0.052043 0.040227 0.049891 0.038525
9 19 92.183907 0.052822 0.040226 0.051301 0.039420
9 20 92.298851 0.052731 0.040089 0.050900 0.039379
9 21 92.413795 0.050030 0.039190 0.052091 0.039921
9 22 92.528732 0.052023 0.040123 0.051470 0.039765
9 23 92.643677 0.050553 0.038773 0.051955 0.039977
9 24 92.758621 0.052598 0.040465 0.049983 0.038715
9 25 92.873566 0.051741 0.039929 0.050437 0.038928
9 26 92.988503 0.051366 0.039326 0.050570 0.038679
9 27 93.103447 0.051010 0.039110 0.052667 0.040681
9 28 93.218391 0.051362 0.039075 0.051643 0.039678
9 29 93.333336 0.050392 0.038717 0.052186 0.039610
9 30 93.448273 0.051664 0.039705 0.050239 0.038627
9 31 93.563217 0.052143 0.039891 0.051750 0.039764
9 32 93.678162 0.050826 0.038987 0.051521 0.039598
9 33 93.793106 0.051363 0.039786 0.051587 0.039908
9 34 93.908043 0.050118 0.038409 0.051440 0.039790
9 35 94.022987 0.051867 0.039283 0.053104 0.040115
9 36 94.137932 0.052205 0.039793 0.052490 0.040052
9 37 94.252876 0.051396 0.039535 0.051777 0.039787
9 38 94.367813 0.051564 0.039762 0.050961 0.039324
9 39 94.482758 0.050814 0.039298 0.050881 0.038897
9 40 94.597702 0.053424 0.040336 0.053663 0.040488
9 41 94.712646 0.050543 0.038865 0.052064 0.039632
9 42 94.827583 0.051929 0.039696 0.052606 0.040076
9 43 94.942528 0.050825 0.038983 0.051160 0.039320
9 44 95.057472 0.051511 0.039617 0.051773 0.039901
9 45 95.172417 0.051919 0.039823 0.051412 0.039442
9 46 95.287354 0.050942 0.039006 0.051817 0.039685
9 47 95.402298 0.052087 0.040057 0.051268 0.039609
9 48 95.517242 0.052176 0.039473 0.053721 0.040340
9 49 95.632187 0.051039 0.039126 0.051781 0.039972
9 50 95.747124 0.052463 0.039900 0.050497 0.038739
9 51 95.862068 0.051896 0.039660 0.051821 0.039711
9 52 95.977013 0.052505 0.039842 0.052647 0.039771
9 53 96.091957 0.051846 0.039941 0.051080 0.039143
9 54 96.206894 0.051121 0.039310 0.051830 0.039924
9 55 96.321838 0.050950 0.039459 0.051454 0.039520
9 56 96.436783 0.051666 0.039640 0.050907 0.039186
9 57 96.551727 0.050714 0.039053 0.050787 0.039279
9 58 96.666664 0.050284 0.038944 0.051467 0.039658
9 59 96.781609 0.051173 0.039079 0.051729 0.039590
9 60 96.896553 0.050754 0.039020 0.051466 0.039514
9 61 97.011497 0.050974 0.039140 0.050847 0.039242
9 62 97.126434 0.051109 0.039427 0.051184 0.039649
9 63 97.241379 0.051369 0.039043 0.051136 0.038970
9 64 97.356323 0.052206 0.039686 0.051233 0.039120
9 65 97.471268 0.051086 0.039181 0.050878 0.039182
9 66 97.586205 0.050962 0.038638 0.051517 0.039015
9 67 97.701149 0.050903 0.039590 0.052585 0.040189
9 68 97.816093 0.051562 0.039463 0.051095 0.039287
9 69 97.931038 0.051171 0.039477 0.050706 0.039149
9 70 98.045975 0.050446 0.038825 0.051909 0.039705
9 71 98.160919 0.052015 0.039976 0.051830 0.039299
9 72 98.275864 0.050845 0.039214 0.052070 0.039638
9 73 98.390808 0.051991 0.039592 0.052231 0.039989
9 74 98.505745 0.051851 0.039823 0.051454 0.039007
9 75 98.620689 0.051204 0.038889 0.051427 0.039773
9 76 98.735634 0.051834 0.039377 0.051162 0.039009
9 77 98.850578 0.052945 0.041069 0.050632 0.039278
9 78 98.965515 0.051757 0.040204 0.050679 0.038831
9 79 99.080460 0.052371 0.040093 0.051963 0.039743
9 80 99.195404 0.052676 0.040107 0.051049 0.039111
9 81 99.310349 0.050300 0.038836 0.051287 0.039453
9 82 99.425285 0.050561 0.038909 0.050785 0.039162
9 83 99.540230 0.051943 0.039822 0.050551 0.039052
9 84 99.655174 0.050973 0.039459 0.050481 0.038720
9 85 99.770119 0.052225 0.039936 0.051656 0.039297
9 86 99.885056 0.052920 0.040353 0.051208 0.039586
