0 -0.481052 1 0.000017
1 -0.471219 0 0.000000
2 -0.461385 2 0.000033
3 -0.451552 0 0.000000
4 -0.441719 0 0.000000
5 -0.431886 0 0.000000
6 -0.422052 0 0.000000
7 -0.412219 0 0.000000
8 -0.402386 0 0.000000
9 -0.392552 0 0.000000
10 -0.382719 0 0.000000
11 -0.372886 2 0.000033
12 -0.363053 0 0.000000
13 -0.353219 0 0.000000
14 -0.343386 2 0.000033
15 -0.333553 0 0.000000
16 -0.323719 0 0.000000
17 -0.313886 1 0.000017
18 -0.304053 1 0.000017
19 -0.294219 5 0.000083
20 -0.284386 6 0.000100
21 -0.274553 4 0.000067
22 -0.264720 1 0.000017
23 -0.254886 0 0.000000
24 -0.245053 3 0.000050
25 -0.235220 3 0.000050
26 -0.225386 4 0.000067
27 -0.215553 10 0.000167
28 -0.205720 14 0.000233
29 -0.195887 23 0.000383
30 -0.186053 61 0.001017
31 -0.176220 100 0.001667
32 -0.166387 91 0.001517
33 -0.156553 113 0.001883
34 -0.146720 230 0.003833
35 -0.136887 279 0.004650
36 -0.127053 237 0.003950
37 -0.117220 240 0.004000
38 -0.107387 255 0.004250
39 -0.097554 354 0.005900
40 -0.087720 753 0.012550
41 -0.077887 955 0.015917
42 -0.068054 642 0.010700
43 -0.058220 644 0.010733
44 -0.048387 1087 0.018117
45 -0.038554 1652 0.027533
46 -0.028720 3646 0.060767
47 -0.018887 20967 0.349450
48 -0.009054 16789 0.279817
49 0.000779 2885 0.048083
50 0.010613 1415 0.023583
51 0.020446 1361 0.022683
52 0.030279 878 0.014633
53 0.040113 547 0.009117
54 0.049946 623 0.010383
55 0.059779 589 0.009817
56 0.069612 498 0.008300
57 0.079446 326 0.005433
58 0.089279 257 0.004283
59 0.099112 185 0.003083
60 0.108946 313 0.005217
61 0.118779 317 0.005283
62 0.128612 158 0.002633
63 0.138446 86 0.001433
64 0.148279 107 0.001783
65 0.158112 145 0.002417
66 0.167945 71 0.001183
67 0.177779 13 0.000217
68 0.187612 12 0.000200
69 0.197445 6 0.000100
70 0.207279 7 0.000117
71 0.217112 4 0.000067
72 0.226945 1 0.000017
73 0.236778 3 0.000050
74 0.246612 1 0.000017
75 0.256445 1 0.000017
76 0.266278 4 0.000067
77 0.276112 1 0.000017
78 0.285945 2 0.000033
79 0.295778 3 0.000050
80 0.305612 2 0.000033
81 0.315445 0 0.000000
82 0.325278 0 0.000000
83 0.335111 0 0.000000
84 0.344945 0 0.000000
85 0.354778 0 0.000000
86 0.364611 0 0.000000
87 0.374445 0 0.000000
88 0.384278 1 0.000017
89 0.394111 0 0.000000
90 0.403944 0 0.000000
91 0.413778 0 0.000000
92 0.423611 0 0.000000
93 0.433444 0 0.000000
94 0.443278 0 0.000000
95 0.453111 0 0.000000
96 0.462944 0 0.000000
97 0.472778 0 0.000000
98 0.482611 1 0.000017
99 0.492444 0 0.000000
