0 0.000000 51278 0.854633
1 0.002450 2621 0.043683
2 0.004899 2130 0.035500
3 0.007349 863 0.014383
4 0.009798 538 0.008967
5 0.012248 610 0.010167
6 0.014697 517 0.008617
7 0.017147 393 0.006550
8 0.019596 247 0.004117
9 0.022046 177 0.002950
10 0.024495 185 0.003083
11 0.026945 148 0.002467
12 0.029394 109 0.001817
13 0.031844 48 0.000800
14 0.034293 25 0.000417
15 0.036743 20 0.000333
16 0.039192 13 0.000217
17 0.041642 13 0.000217
18 0.044091 5 0.000083
19 0.046541 9 0.000150
20 0.048990 2 0.000033
21 0.051440 2 0.000033
22 0.053889 1 0.000017
23 0.056339 3 0.000050
24 0.058788 2 0.000033
25 0.061238 1 0.000017
26 0.063687 0 0.000000
27 0.066137 1 0.000017
28 0.068586 1 0.000017
29 0.071036 3 0.000050
30 0.073485 5 0.000083
31 0.075935 3 0.000050
32 0.078384 4 0.000067
33 0.080834 4 0.000067
34 0.083283 1 0.000017
35 0.085733 3 0.000050
36 0.088182 2 0.000033
37 0.090632 1 0.000017
38 0.093081 3 0.000050
39 0.095531 0 0.000000
40 0.097980 0 0.000000
41 0.100430 0 0.000000
42 0.102879 0 0.000000
43 0.105329 0 0.000000
44 0.107778 0 0.000000
45 0.110228 0 0.000000
46 0.112677 0 0.000000
47 0.115127 1 0.000017
48 0.117576 1 0.000017
49 0.120026 0 0.000000
50 0.122475 0 0.000000
51 0.124925 0 0.000000
52 0.127374 0 0.000000
53 0.129824 0 0.000000
54 0.132273 0 0.000000
55 0.134723 1 0.000017
56 0.137172 1 0.000017
57 0.139622 0 0.000000
58 0.142071 0 0.000000
59 0.144521 0 0.000000
60 0.146970 0 0.000000
61 0.149420 0 0.000000
62 0.151869 1 0.000017
63 0.154319 0 0.000000
64 0.156768 0 0.000000
65 0.159218 0 0.000000
66 0.161667 0 0.000000
67 0.164117 0 0.000000
68 0.166566 0 0.000000
69 0.169016 0 0.000000
70 0.171465 0 0.000000
71 0.173915 0 0.000000
72 0.176364 0 0.000000
73 0.178814 0 0.000000
74 0.181264 0 0.000000
75 0.183713 0 0.000000
76 0.186163 0 0.000000
77 0.188612 0 0.000000
78 0.191062 0 0.000000
79 0.193511 0 0.000000
80 0.195961 0 0.000000
81 0.198410 0 0.000000
82 0.200860 0 0.000000
83 0.203309 0 0.000000
84 0.205759 1 0.000017
85 0.208208 0 0.000000
86 0.210658 1 0.000017
87 0.213107 0 0.000000
88 0.215557 0 0.000000
89 0.218006 0 0.000000
90 0.220456 0 0.000000
91 0.222905 0 0.000000
92 0.225355 0 0.000000
93 0.227804 0 0.000000
94 0.230254 1 0.000017
95 0.232703 0 0.000000
96 0.235153 0 0.000000
97 0.237602 0 0.000000
98 0.240052 0 0.000000
99 0.242501 1 0.000017
