0 -0.204503 1 0.000050
1 -0.200757 0 0.000000
2 -0.197012 1 0.000050
3 -0.193266 0 0.000000
4 -0.189520 0 0.000000
5 -0.185775 0 0.000000
6 -0.182029 0 0.000000
7 -0.178284 0 0.000000
8 -0.174538 2 0.000100
9 -0.170792 2 0.000100
10 -0.167047 0 0.000000
11 -0.163301 0 0.000000
12 -0.159556 1 0.000050
13 -0.155810 0 0.000000
14 -0.152064 2 0.000100
15 -0.148319 3 0.000150
16 -0.144573 1 0.000050
17 -0.140828 4 0.000200
18 -0.137082 0 0.000000
19 -0.133336 5 0.000250
20 -0.129591 3 0.000150
21 -0.125845 4 0.000200
22 -0.122100 5 0.000250
23 -0.118354 3 0.000150
24 -0.114608 3 0.000150
25 -0.110863 8 0.000400
26 -0.107117 3 0.000150
27 -0.103372 6 0.000300
28 -0.099626 10 0.000500
29 -0.095880 4 0.000200
30 -0.092135 8 0.000400
31 -0.088389 11 0.000550
32 -0.084644 20 0.001000
33 -0.080898 21 0.001050
34 -0.077152 15 0.000750
35 -0.073407 28 0.001400
36 -0.069661 29 0.001450
37 -0.065916 30 0.001500
38 -0.062170 46 0.002300
39 -0.058424 30 0.001500
40 -0.054679 62 0.003100
41 -0.050933 58 0.002900
42 -0.047188 67 0.003350
43 -0.043442 89 0.004450
44 -0.039696 86 0.004300
45 -0.035951 140 0.007000
46 -0.032205 265 0.013250
47 -0.028460 375 0.018750
48 -0.024714 706 0.035300
49 -0.020968 1233 0.061650
50 -0.017223 2274 0.113700
51 -0.013477 5976 0.298800
52 -0.009732 4673 0.233650
53 -0.005986 1490 0.074500
54 -0.002240 762 0.038100
55 0.001505 402 0.020100
56 0.005251 292 0.014600
57 0.008996 158 0.007900
58 0.012742 95 0.004750
59 0.016488 84 0.004200
60 0.020233 71 0.003550
61 0.023979 56 0.002800
62 0.027724 35 0.001750
63 0.031470 43 0.002150
64 0.035216 23 0.001150
65 0.038961 30 0.001500
66 0.042707 18 0.000900
67 0.046452 8 0.000400
68 0.050198 12 0.000600
69 0.053944 9 0.000450
70 0.057689 6 0.000300
71 0.061435 14 0.000700
72 0.065180 5 0.000250
73 0.068926 7 0.000350
74 0.072672 7 0.000350
75 0.076417 8 0.000400
76 0.080163 2 0.000100
77 0.083908 6 0.000300
78 0.087654 8 0.000400
79 0.091399 8 0.000400
80 0.095145 8 0.000400
81 0.098891 4 0.000200
82 0.102636 1 0.000050
83 0.106382 0 0.000000
84 0.110127 2 0.000100
85 0.113873 2 0.000100
86 0.117619 2 0.000100
87 0.121364 1 0.000050
88 0.125110 3 0.000150
89 0.128855 2 0.000100
90 0.132601 2 0.000100
91 0.136347 0 0.000000
92 0.140092 0 0.000000
93 0.143838 0 0.000000
94 0.147583 0 0.000000
95 0.151329 0 0.000000
96 0.155075 0 0.000000
97 0.158820 0 0.000000
98 0.162566 0 0.000000
99 0.166311 1 0.000050
