0 -0.481052 1 0.000050
1 -0.471219 0 0.000000
2 -0.461385 2 0.000100
3 -0.451552 0 0.000000
4 -0.441719 0 0.000000
5 -0.431886 0 0.000000
6 -0.422052 0 0.000000
7 -0.412219 0 0.000000
8 -0.402386 0 0.000000
9 -0.392552 0 0.000000
10 -0.382719 0 0.000000
11 -0.372886 2 0.000100
12 -0.363053 0 0.000000
13 -0.353219 0 0.000000
14 -0.343386 2 0.000100
15 -0.333553 0 0.000000
16 -0.323719 0 0.000000
17 -0.313886 1 0.000050
18 -0.304053 1 0.000050
19 -0.294219 5 0.000250
20 -0.284386 6 0.000300
21 -0.274553 4 0.000200
22 -0.264720 1 0.000050
23 -0.254886 0 0.000000
24 -0.245053 3 0.000150
25 -0.235220 3 0.000150
26 -0.225386 4 0.000200
27 -0.215553 10 0.000500
28 -0.205720 13 0.000650
29 -0.195887 22 0.001100
30 -0.186053 61 0.003050
31 -0.176220 96 0.004800
32 -0.166387 90 0.004500
33 -0.156553 107 0.005350
34 -0.146720 222 0.011100
35 -0.136887 271 0.013550
36 -0.127053 219 0.010950
37 -0.117220 212 0.010600
38 -0.107387 222 0.011100
39 -0.097554 311 0.015550
40 -0.087720 677 0.033850
41 -0.077887 857 0.042850
42 -0.068054 488 0.024400
43 -0.058220 421 0.021050
44 -0.048387 659 0.032950
45 -0.038554 832 0.041600
46 -0.028720 858 0.042900
47 -0.018887 1121 0.056050
48 -0.009054 4703 0.235150
49 0.000779 1005 0.050250
50 0.010613 838 0.041900
51 0.020446 1063 0.053150
52 0.030279 662 0.033100
53 0.040113 438 0.021900
54 0.049946 559 0.027950
55 0.059779 536 0.026800
56 0.069612 452 0.022600
57 0.079446 301 0.015050
58 0.089279 227 0.011350
59 0.099112 174 0.008700
60 0.108946 306 0.015300
61 0.118779 308 0.015400
62 0.128612 154 0.007700
63 0.138446 86 0.004300
64 0.148279 107 0.005350
65 0.158112 144 0.007200
66 0.167945 71 0.003550
67 0.177779 13 0.000650
68 0.187612 12 0.000600
69 0.197445 6 0.000300
70 0.207279 7 0.000350
71 0.217112 4 0.000200
72 0.226945 1 0.000050
73 0.236778 3 0.000150
74 0.246612 1 0.000050
75 0.256445 1 0.000050
76 0.266278 4 0.000200
77 0.276112 1 0.000050
78 0.285945 2 0.000100
79 0.295778 3 0.000150
80 0.305612 2 0.000100
81 0.315445 0 0.000000
82 0.325278 0 0.000000
83 0.335111 0 0.000000
84 0.344945 0 0.000000
85 0.354778 0 0.000000
86 0.364611 0 0.000000
87 0.374445 0 0.000000
88 0.384278 1 0.000050
89 0.394111 0 0.000000
90 0.403944 0 0.000000
91 0.413778 0 0.000000
92 0.423611 0 0.000000
93 0.433444 0 0.000000
94 0.443278 0 0.000000
95 0.453111 0 0.000000
96 0.462944 0 0.000000
97 0.472778 0 0.000000
98 0.482611 1 0.000050
99 0.492444 0 0.000000
