0 0.065652 4 0.000200
1 0.075087 0 0.000000
2 0.084522 13 0.000650
3 0.093957 3 0.000150
4 0.103392 0 0.000000
5 0.112827 10 0.000500
6 0.122262 0 0.000000
7 0.131697 0 0.000000
8 0.141133 0 0.000000
9 0.150568 0 0.000000
10 0.160003 45 0.002250
11 0.169438 6 0.000300
12 0.178873 10 0.000500
13 0.188308 0 0.000000
14 0.197743 0 0.000000
15 0.207178 14 0.000700
16 0.216613 14 0.000700
17 0.226049 0 0.000000
18 0.235484 5 0.000250
19 0.244919 0 0.000000
20 0.254354 10 0.000500
21 0.263789 7 0.000350
22 0.273224 20 0.001000
23 0.282659 71 0.003550
24 0.292094 53 0.002650
25 0.301529 21 0.001050
26 0.310965 32 0.001600
27 0.320400 34 0.001700
28 0.329835 271 0.013550
29 0.339270 119 0.005950
30 0.348705 47 0.002350
31 0.358140 19 0.000950
32 0.367575 2 0.000100
33 0.377010 15 0.000750
34 0.386446 36 0.001800
35 0.395881 30 0.001500
36 0.405316 4 0.000200
37 0.414751 17 0.000850
38 0.424186 11 0.000550
39 0.433621 15 0.000750
40 0.443056 26 0.001300
41 0.452491 35 0.001750
42 0.461926 29 0.001450
43 0.471362 40 0.002000
44 0.480797 56 0.002800
45 0.490232 111 0.005550
46 0.499667 95 0.004750
47 0.509102 92 0.004600
48 0.518537 173 0.008650
49 0.527972 140 0.007000
50 0.537407 228 0.011400
51 0.546843 254 0.012700
52 0.556278 293 0.014650
53 0.565713 374 0.018700
54 0.575148 622 0.031100
55 0.584583 1167 0.058350
56 0.594018 2288 0.114400
57 0.603453 2098 0.104900
58 0.612888 1301 0.065050
59 0.622323 918 0.045900
60 0.631759 722 0.036100
61 0.641194 481 0.024050
62 0.650629 307 0.015350
63 0.660064 351 0.017550
64 0.669499 229 0.011450
65 0.678934 114 0.005700
66 0.688369 215 0.010750
67 0.697804 119 0.005950
68 0.707240 200 0.010000
69 0.716675 198 0.009900
70 0.726110 178 0.008900
71 0.735545 124 0.006200
72 0.744980 115 0.005750
73 0.754415 112 0.005600
74 0.763850 145 0.007250
75 0.773285 119 0.005950
76 0.782720 261 0.013050
77 0.792156 162 0.008100
78 0.801591 193 0.009650
79 0.811026 133 0.006650
80 0.820461 146 0.007300
81 0.829896 133 0.006650
82 0.839331 250 0.012500
83 0.848766 259 0.012950
84 0.858201 267 0.013350
85 0.867637 376 0.018800
86 0.877072 418 0.020900
87 0.886507 384 0.019200
88 0.895942 282 0.014100
89 0.905377 276 0.013800
90 0.914812 260 0.013000
91 0.924247 273 0.013650
92 0.933682 343 0.017150
93 0.943117 257 0.012850
94 0.952553 129 0.006450
95 0.961988 71 0.003550
96 0.971423 41 0.002050
97 0.980858 20 0.001000
98 0.990293 38 0.001900
99 0.999728 1 0.000050
