0 0.010452 7 0.000350
1 0.020436 7 0.000350
2 0.030419 7 0.000350
3 0.040403 5 0.000250
4 0.050387 5 0.000250
5 0.060370 3 0.000150
6 0.070354 5 0.000250
7 0.080337 7 0.000350
8 0.090321 4 0.000200
9 0.100304 4 0.000200
10 0.110288 7 0.000350
11 0.120272 4 0.000200
12 0.130255 5 0.000250
13 0.140239 3 0.000150
14 0.150222 1 0.000050
15 0.160206 1 0.000050
16 0.170190 4 0.000200
17 0.180173 4 0.000200
18 0.190157 5 0.000250
19 0.200140 1 0.000050
20 0.210124 1 0.000050
21 0.220107 0 0.000000
22 0.230091 2 0.000100
23 0.240075 1 0.000050
24 0.250058 32 0.001600
25 0.260042 31 0.001550
26 0.270025 42 0.002100
27 0.280009 42 0.002100
28 0.289993 35 0.001750
29 0.299976 26 0.001300
30 0.309960 112 0.005600
31 0.319943 72 0.003600
32 0.329927 193 0.009650
33 0.339910 110 0.005500
34 0.349894 45 0.002250
35 0.359878 14 0.000700
36 0.369861 20 0.001000
37 0.379845 19 0.000950
38 0.389828 19 0.000950
39 0.399812 24 0.001200
40 0.409795 29 0.001450
41 0.419779 36 0.001800
42 0.429763 24 0.001200
43 0.439746 35 0.001750
44 0.449730 46 0.002300
45 0.459713 37 0.001850
46 0.469697 80 0.004000
47 0.479681 56 0.002800
48 0.489664 115 0.005750
49 0.499648 137 0.006850
50 0.509631 122 0.006100
51 0.519615 189 0.009450
52 0.529599 188 0.009400
53 0.539582 267 0.013350
54 0.549566 399 0.019950
55 0.559549 473 0.023650
56 0.569533 818 0.040900
57 0.579516 1818 0.090900
58 0.589500 2779 0.138950
59 0.599484 1447 0.072350
60 0.609467 1037 0.051850
61 0.619451 904 0.045200
62 0.629434 509 0.025450
63 0.639418 364 0.018200
64 0.649401 306 0.015300
65 0.659385 237 0.011850
66 0.669369 210 0.010500
67 0.679352 204 0.010200
68 0.689336 178 0.008900
69 0.699319 173 0.008650
70 0.709303 170 0.008500
71 0.719287 176 0.008800
72 0.729270 135 0.006750
73 0.739254 160 0.008000
74 0.749237 148 0.007400
75 0.759221 168 0.008400
76 0.769204 170 0.008500
77 0.779188 168 0.008400
78 0.789172 185 0.009250
79 0.799155 145 0.007250
80 0.809139 199 0.009950
81 0.819122 214 0.010700
82 0.829106 226 0.011300
83 0.839090 259 0.012950
84 0.849073 324 0.016200
85 0.859057 423 0.021150
86 0.869040 408 0.020400
87 0.879024 393 0.019650
88 0.889007 263 0.013150
89 0.898991 288 0.014400
90 0.908975 298 0.014900
91 0.918958 317 0.015850
92 0.928942 247 0.012350
93 0.938925 170 0.008500
94 0.948909 73 0.003650
95 0.958893 46 0.002300
96 0.968876 50 0.002500
97 0.978860 21 0.001050
98 0.988843 10 0.000500
99 0.998827 0 0.000000
