0 0.000000 1 0.000050
1 0.010101 1 0.000050
2 0.020202 1 0.000050
3 0.030303 0 0.000000
4 0.040404 0 0.000000
5 0.050505 0 0.000000
6 0.060606 0 0.000000
7 0.070707 0 0.000000
8 0.080808 0 0.000000
9 0.090909 1 0.000050
10 0.101010 1 0.000050
11 0.111111 0 0.000000
12 0.121212 1 0.000050
13 0.131313 0 0.000000
14 0.141414 0 0.000000
15 0.151515 0 0.000000
16 0.161616 0 0.000000
17 0.171717 0 0.000000
18 0.181818 0 0.000000
19 0.191919 2 0.000100
20 0.202020 1 0.000050
21 0.212121 9 0.000450
22 0.222222 6 0.000300
23 0.232323 3 0.000150
24 0.242424 1 0.000050
25 0.252525 0 0.000000
26 0.262626 0 0.000000
27 0.272727 4 0.000200
28 0.282828 2 0.000100
29 0.292929 15 0.000750
30 0.303030 28 0.001400
31 0.313131 59 0.002950
32 0.323232 98 0.004900
33 0.333333 57 0.002850
34 0.343434 68 0.003400
35 0.353535 157 0.007850
36 0.363636 206 0.010300
37 0.373737 327 0.016350
38 0.383838 232 0.011600
39 0.393939 208 0.010400
40 0.404040 319 0.015950
41 0.414141 471 0.023550
42 0.424242 1111 0.055550
43 0.434343 492 0.024600
44 0.444444 413 0.020650
45 0.454545 594 0.029700
46 0.464646 909 0.045450
47 0.474747 668 0.033400
48 0.484848 834 0.041700
49 0.494949 4792 0.239600
50 0.505050 949 0.047450
51 0.515152 802 0.040100
52 0.525253 1270 0.063500
53 0.535354 612 0.030600
54 0.545455 514 0.025700
55 0.555556 588 0.029400
56 0.565657 743 0.037150
57 0.575758 406 0.020300
58 0.585859 326 0.016300
59 0.595960 237 0.011850
60 0.606061 251 0.012550
61 0.616162 260 0.013000
62 0.626263 401 0.020050
63 0.636364 97 0.004850
64 0.646465 74 0.003700
65 0.656566 123 0.006150
66 0.666667 106 0.005300
67 0.676768 68 0.003400
68 0.686869 26 0.001300
69 0.696970 19 0.000950
70 0.707071 17 0.000850
71 0.717172 0 0.000000
72 0.727273 1 0.000050
73 0.737374 0 0.000000
74 0.747475 1 0.000050
75 0.757576 0 0.000000
76 0.767677 1 0.000050
77 0.777778 3 0.000150
78 0.787879 5 0.000250
79 0.797980 5 0.000250
80 0.808081 0 0.000000
81 0.818182 0 0.000000
82 0.828283 0 0.000000
83 0.838384 0 0.000000
84 0.848485 0 0.000000
85 0.858586 0 0.000000
86 0.868687 1 0.000050
87 0.878788 0 0.000000
88 0.888889 0 0.000000
89 0.898990 1 0.000050
90 0.909091 0 0.000000
91 0.919192 0 0.000000
92 0.929293 0 0.000000
93 0.939394 0 0.000000
94 0.949495 0 0.000000
95 0.959596 0 0.000000
96 0.969697 0 0.000000
97 0.979798 0 0.000000
98 0.989899 0 0.000000
99 1.000000 1 0.000050
