0 0.065773 4 0.000200
1 0.074961 17 0.000850
2 0.084149 0 0.000000
3 0.093338 0 0.000000
4 0.102526 14 0.000700
5 0.111714 11 0.000550
6 0.120903 31 0.001550
7 0.130091 0 0.000000
8 0.139279 13 0.000650
9 0.148468 4 0.000200
10 0.157656 29 0.001450
11 0.166844 28 0.001400
12 0.176033 11 0.000550
13 0.185221 41 0.002050
14 0.194409 1 0.000050
15 0.203597 22 0.001100
16 0.212786 0 0.000000
17 0.221974 37 0.001850
18 0.231162 12 0.000600
19 0.240351 43 0.002150
20 0.249539 48 0.002400
21 0.258727 18 0.000900
22 0.267916 41 0.002050
23 0.277104 66 0.003300
24 0.286292 70 0.003500
25 0.295481 46 0.002300
26 0.304669 53 0.002650
27 0.313857 70 0.003500
28 0.323046 8 0.000400
29 0.332234 101 0.005050
30 0.341422 89 0.004450
31 0.350611 129 0.006450
32 0.359799 99 0.004950
33 0.368987 105 0.005250
34 0.378176 88 0.004400
35 0.387364 155 0.007750
36 0.396552 162 0.008100
37 0.405740 189 0.009450
38 0.414929 230 0.011500
39 0.424117 146 0.007300
40 0.433305 271 0.013550
41 0.442494 399 0.019950
42 0.451682 384 0.019200
43 0.460870 582 0.029100
44 0.470059 639 0.031950
45 0.479247 821 0.041050
46 0.488435 1263 0.063150
47 0.497624 2368 0.118400
48 0.506812 3446 0.172300
49 0.516000 1800 0.090000
50 0.525189 1049 0.052450
51 0.534377 784 0.039200
52 0.543565 456 0.022800
53 0.552754 420 0.021000
54 0.561942 305 0.015250
55 0.571130 321 0.016050
56 0.580319 368 0.018400
57 0.589507 207 0.010350
58 0.598695 178 0.008900
59 0.607883 146 0.007300
60 0.617072 158 0.007900
61 0.626260 122 0.006100
62 0.635448 111 0.005550
63 0.644637 116 0.005800
64 0.653825 87 0.004350
65 0.663013 98 0.004900
66 0.672202 93 0.004650
67 0.681390 103 0.005150
68 0.690578 46 0.002300
69 0.699767 5 0.000250
70 0.708955 5 0.000250
71 0.718143 76 0.003800
72 0.727332 3 0.000150
73 0.736520 44 0.002200
74 0.745708 42 0.002100
75 0.754897 82 0.004100
76 0.764085 24 0.001200
77 0.773273 33 0.001650
78 0.782461 1 0.000050
79 0.791650 15 0.000750
80 0.800838 49 0.002450
81 0.810026 41 0.002050
82 0.819215 11 0.000550
83 0.828403 28 0.001400
84 0.837591 0 0.000000
85 0.846780 34 0.001700
86 0.855968 23 0.001150
87 0.865156 6 0.000300
88 0.874345 21 0.001050
89 0.883533 3 0.000150
90 0.892721 24 0.001200
91 0.901910 3 0.000150
92 0.911098 7 0.000350
93 0.920286 18 0.000900
94 0.929475 2 0.000100
95 0.938663 5 0.000250
96 0.947851 0 0.000000
97 0.957040 0 0.000000
98 0.966228 22 0.001100
99 0.975416 1 0.000050
