0 0.012610 3 0.000150
1 0.022372 7 0.000350
2 0.032133 4 0.000200
3 0.041895 8 0.000400
4 0.051657 8 0.000400
5 0.061418 8 0.000400
6 0.071180 6 0.000300
7 0.080941 15 0.000750
8 0.090703 5 0.000250
9 0.100464 14 0.000700
10 0.110226 7 0.000350
11 0.119987 5 0.000250
12 0.129749 14 0.000700
13 0.139510 9 0.000450
14 0.149272 15 0.000750
15 0.159033 17 0.000850
16 0.168795 18 0.000900
17 0.178556 22 0.001100
18 0.188318 27 0.001350
19 0.198079 21 0.001050
20 0.207841 34 0.001700
21 0.217602 38 0.001900
22 0.227364 30 0.001500
23 0.237125 26 0.001300
24 0.246887 28 0.001400
25 0.256648 40 0.002000
26 0.266410 28 0.001400
27 0.276172 58 0.002900
28 0.285933 68 0.003400
29 0.295695 66 0.003300
30 0.305456 57 0.002850
31 0.315218 80 0.004000
32 0.324979 100 0.005000
33 0.334741 79 0.003950
34 0.344502 95 0.004750
35 0.354264 98 0.004900
36 0.364025 130 0.006500
37 0.373787 130 0.006500
38 0.383548 169 0.008450
39 0.393310 191 0.009550
40 0.403071 206 0.010300
41 0.412833 244 0.012200
42 0.422594 291 0.014550
43 0.432356 367 0.018350
44 0.442117 409 0.020450
45 0.451879 563 0.028150
46 0.461640 783 0.039150
47 0.471402 1007 0.050350
48 0.481164 1606 0.080300
49 0.490925 3143 0.157150
50 0.500687 2860 0.143000
51 0.510448 1571 0.078550
52 0.520210 905 0.045250
53 0.529971 633 0.031650
54 0.539733 439 0.021950
55 0.549494 378 0.018900
56 0.559256 379 0.018950
57 0.569017 308 0.015400
58 0.578779 260 0.013000
59 0.588540 188 0.009400
60 0.598302 150 0.007500
61 0.608063 159 0.007950
62 0.617825 122 0.006100
63 0.627586 107 0.005350
64 0.637348 87 0.004350
65 0.647109 114 0.005700
66 0.656871 90 0.004500
67 0.666632 83 0.004150
68 0.676394 94 0.004700
69 0.686155 53 0.002650
70 0.695917 39 0.001950
71 0.705679 45 0.002250
72 0.715440 48 0.002400
73 0.725202 38 0.001900
74 0.734963 36 0.001800
75 0.744725 42 0.002100
76 0.754486 35 0.001750
77 0.764248 33 0.001650
78 0.774009 33 0.001650
79 0.783771 30 0.001500
80 0.793532 18 0.000900
81 0.803294 19 0.000950
82 0.813055 22 0.001100
83 0.822817 11 0.000550
84 0.832578 17 0.000850
85 0.842340 15 0.000750
86 0.852101 13 0.000650
87 0.861863 12 0.000600
88 0.871624 11 0.000550
89 0.881386 9 0.000450
90 0.891147 9 0.000450
91 0.900909 9 0.000450
92 0.910671 11 0.000550
93 0.920432 16 0.000800
94 0.930194 20 0.001000
95 0.939955 8 0.000400
96 0.949717 6 0.000300
97 0.959478 7 0.000350
98 0.969240 10 0.000500
99 0.979001 1 0.000050
