0 0.000000 1 0.000017
1 0.010101 11 0.000183
2 0.020202 12 0.000200
3 0.030303 14 0.000233
4 0.040404 12 0.000200
5 0.050505 13 0.000217
6 0.060606 12 0.000200
7 0.070707 12 0.000200
8 0.080808 21 0.000350
9 0.090909 10 0.000167
10 0.101010 21 0.000350
11 0.111111 13 0.000217
12 0.121212 14 0.000233
13 0.131313 15 0.000250
14 0.141414 13 0.000217
15 0.151515 18 0.000300
16 0.161616 20 0.000333
17 0.171717 27 0.000450
18 0.181818 24 0.000400
19 0.191919 31 0.000517
20 0.202020 34 0.000567
21 0.212121 44 0.000733
22 0.222222 41 0.000683
23 0.232323 35 0.000583
24 0.242424 27 0.000450
25 0.252525 72 0.001200
26 0.262626 69 0.001150
27 0.272727 97 0.001617
28 0.282828 111 0.001850
29 0.292929 121 0.002017
30 0.303030 125 0.002083
31 0.313131 244 0.004067
32 0.323232 337 0.005617
33 0.333333 306 0.005100
34 0.343434 260 0.004333
35 0.353535 264 0.004400
36 0.363636 365 0.006083
37 0.373737 482 0.008033
38 0.383838 433 0.007217
39 0.393939 413 0.006883
40 0.404040 565 0.009417
41 0.414141 770 0.012833
42 0.424242 1466 0.024433
43 0.434343 902 0.015033
44 0.444444 913 0.015217
45 0.454545 1256 0.020933
46 0.464646 1818 0.030300
47 0.474747 1911 0.031850
48 0.484848 3258 0.054300
49 0.494949 8327 0.138783
50 0.505050 3420 0.057000
51 0.515152 2144 0.035733
52 0.525253 2238 0.037300
53 0.535354 1346 0.022433
54 0.545455 1295 0.021583
55 0.555556 1375 0.022917
56 0.565657 1755 0.029250
57 0.575758 2136 0.035600
58 0.585859 2948 0.049133
59 0.595960 2555 0.042583
60 0.606061 1579 0.026317
61 0.616162 1295 0.021583
62 0.626263 1172 0.019533
63 0.636364 595 0.009917
64 0.646465 499 0.008317
65 0.656566 482 0.008033
66 0.666667 403 0.006717
67 0.676768 376 0.006267
68 0.686869 256 0.004267
69 0.696970 251 0.004183
70 0.707071 232 0.003867
71 0.717172 230 0.003833
72 0.727273 164 0.002733
73 0.737374 207 0.003450
74 0.747475 196 0.003267
75 0.757576 196 0.003267
76 0.767677 217 0.003617
77 0.777778 210 0.003500
78 0.787879 210 0.003500
79 0.797980 175 0.002917
80 0.808081 223 0.003717
81 0.818182 218 0.003633
82 0.828283 249 0.004150
83 0.838384 263 0.004383
84 0.848485 355 0.005917
85 0.858586 422 0.007033
86 0.868687 439 0.007317
87 0.878788 407 0.006783
88 0.888889 276 0.004600
89 0.898990 297 0.004950
90 0.909091 312 0.005200
91 0.919192 348 0.005800
92 0.929293 267 0.004450
93 0.939394 170 0.002833
94 0.949495 74 0.001233
95 0.959596 54 0.000900
96 0.969697 60 0.001000
97 0.979798 19 0.000317
98 0.989899 9 0.000150
99 1.000000 1 0.000017
