0 0.065652 8 0.000133
1 0.075087 17 0.000283
2 0.084522 13 0.000217
3 0.093957 4 0.000067
4 0.103392 14 0.000233
5 0.112827 20 0.000333
6 0.122262 31 0.000517
7 0.131697 0 0.000000
8 0.141133 13 0.000217
9 0.150568 15 0.000250
10 0.160003 63 0.001050
11 0.169438 34 0.000567
12 0.178873 24 0.000400
13 0.188308 39 0.000650
14 0.197743 0 0.000000
15 0.207178 36 0.000600
16 0.216613 25 0.000417
17 0.226049 26 0.000433
18 0.235484 26 0.000433
19 0.244919 64 0.001067
20 0.254354 35 0.000583
21 0.263789 26 0.000433
22 0.273224 98 0.001633
23 0.282659 133 0.002217
24 0.292094 110 0.001833
25 0.301529 84 0.001400
26 0.310965 88 0.001467
27 0.320400 64 0.001067
28 0.329835 323 0.005383
29 0.339270 254 0.004233
30 0.348705 172 0.002867
31 0.358140 107 0.001783
32 0.367575 125 0.002083
33 0.377010 92 0.001533
34 0.386446 185 0.003083
35 0.395881 203 0.003383
36 0.405316 199 0.003317
37 0.414751 257 0.004283
38 0.424186 180 0.003000
39 0.433621 353 0.005883
40 0.443056 458 0.007633
41 0.452491 613 0.010217
42 0.461926 784 0.013067
43 0.471362 1087 0.018117
44 0.480797 1504 0.025067
45 0.490232 3668 0.061133
46 0.499667 12746 0.212433
47 0.509102 7795 0.129917
48 0.518537 2893 0.048217
49 0.527972 1666 0.027767
50 0.537407 1186 0.019767
51 0.546843 762 0.012700
52 0.556278 732 0.012200
53 0.565713 749 0.012483
54 0.575148 1036 0.017267
55 0.584583 1461 0.024350
56 0.594018 2478 0.041300
57 0.603453 2274 0.037900
58 0.612888 1476 0.024600
59 0.622323 1063 0.017717
60 0.631759 838 0.013967
61 0.641194 556 0.009267
62 0.650629 429 0.007150
63 0.660064 451 0.007517
64 0.669499 336 0.005600
65 0.678934 190 0.003167
66 0.688369 289 0.004817
67 0.697804 129 0.002150
68 0.707240 209 0.003483
69 0.716675 274 0.004567
70 0.726110 181 0.003017
71 0.735545 168 0.002800
72 0.744980 157 0.002617
73 0.754415 194 0.003233
74 0.763850 169 0.002817
75 0.773285 152 0.002533
76 0.782720 262 0.004367
77 0.792156 177 0.002950
78 0.801591 242 0.004033
79 0.811026 178 0.002967
80 0.820461 161 0.002683
81 0.829896 153 0.002550
82 0.839331 250 0.004167
83 0.848766 293 0.004883
84 0.858201 290 0.004833
85 0.867637 398 0.006633
86 0.877072 423 0.007050
87 0.886507 411 0.006850
88 0.895942 285 0.004750
89 0.905377 276 0.004600
90 0.914812 275 0.004583
91 0.924247 285 0.004750
92 0.933682 343 0.005717
93 0.943117 262 0.004367
94 0.952553 129 0.002150
95 0.961988 86 0.001433
96 0.971423 49 0.000817
97 0.980858 20 0.000333
98 0.990293 38 0.000633
99 0.999728 1 0.000017
