0 0.420894 2 0.000100
1 0.422721 8 0.000400
2 0.424547 3 0.000150
3 0.426374 0 0.000000
4 0.428200 0 0.000000
5 0.430027 3 0.000150
6 0.431853 6 0.000300
7 0.433680 17 0.000850
8 0.435506 1 0.000050
9 0.437333 15 0.000750
10 0.439159 5 0.000250
11 0.440985 12 0.000600
12 0.442812 11 0.000550
13 0.444638 10 0.000500
14 0.446465 10 0.000500
15 0.448291 5 0.000250
16 0.450118 23 0.001150
17 0.451944 7 0.000350
18 0.453771 24 0.001200
19 0.455597 24 0.001200
20 0.457424 12 0.000600
21 0.459250 26 0.001300
22 0.461076 24 0.001200
23 0.462903 26 0.001300
24 0.464729 47 0.002350
25 0.466556 22 0.001100
26 0.468382 60 0.003000
27 0.470209 67 0.003350
28 0.472035 52 0.002600
29 0.473862 15 0.000750
30 0.475688 68 0.003400
31 0.477514 73 0.003650
32 0.479341 93 0.004650
33 0.481167 108 0.005400
34 0.482994 119 0.005950
35 0.484820 90 0.004500
36 0.486647 134 0.006700
37 0.488473 107 0.005350
38 0.490300 183 0.009150
39 0.492126 213 0.010650
40 0.493953 395 0.019750
41 0.495779 510 0.025500
42 0.497605 592 0.029600
43 0.499432 790 0.039500
44 0.501258 1182 0.059100
45 0.503085 1753 0.087650
46 0.504911 3171 0.158550
47 0.506738 2532 0.126600
48 0.508564 1946 0.097300
49 0.510391 1099 0.054950
50 0.512217 792 0.039600
51 0.514044 661 0.033050
52 0.515870 472 0.023600
53 0.517696 322 0.016100
54 0.519523 225 0.011250
55 0.521349 278 0.013900
56 0.523176 164 0.008200
57 0.525002 167 0.008350
58 0.526829 178 0.008900
59 0.528655 102 0.005100
60 0.530482 144 0.007200
61 0.532308 87 0.004350
62 0.534135 129 0.006450
63 0.535961 53 0.002650
64 0.537787 62 0.003100
65 0.539614 63 0.003150
66 0.541440 55 0.002750
67 0.543267 35 0.001750
68 0.545093 71 0.003550
69 0.546920 18 0.000900
70 0.548746 46 0.002300
71 0.550573 12 0.000600
72 0.552399 13 0.000650
73 0.554226 5 0.000250
74 0.556052 22 0.001100
75 0.557878 15 0.000750
76 0.559705 8 0.000400
77 0.561531 10 0.000500
78 0.563358 4 0.000200
79 0.565184 17 0.000850
80 0.567011 12 0.000600
81 0.568837 3 0.000150
82 0.570664 10 0.000500
83 0.572490 17 0.000850
84 0.574317 3 0.000150
85 0.576143 0 0.000000
86 0.577969 0 0.000000
87 0.579796 1 0.000050
88 0.581622 6 0.000300
89 0.583449 11 0.000550
90 0.585275 1 0.000050
91 0.587102 2 0.000100
92 0.588928 5 0.000250
93 0.590755 0 0.000000
94 0.592581 0 0.000000
95 0.594408 0 0.000000
96 0.596234 0 0.000000
97 0.598060 0 0.000000
98 0.599887 2 0.000100
99 0.601713 2 0.000100
