0 0 0.000000 0.135448 0.094359 0.138184 0.095800
0 1 0.114943 0.101200 0.069306 0.101410 0.069394
0 2 0.229885 0.093110 0.060534 0.093189 0.060169
0 3 0.344828 0.079729 0.055509 0.080121 0.055000
0 4 0.459770 0.076415 0.050857 0.078333 0.052670
0 5 0.574713 0.074842 0.050999 0.075868 0.051240
0 6 0.689655 0.073124 0.049836 0.072174 0.048930
0 7 0.804598 0.071462 0.049149 0.071595 0.049333
0 8 0.919540 0.073095 0.048984 0.071941 0.048308
0 9 1.034483 0.068512 0.047478 0.067164 0.046391
0 10 1.149425 0.068990 0.047715 0.068784 0.047732
0 11 1.264368 0.071077 0.046416 0.072078 0.047444
0 12 1.379310 0.065923 0.045515 0.066644 0.046333
0 13 1.494253 0.066830 0.045891 0.067133 0.046026
0 14 1.609195 0.066205 0.045422 0.066872 0.046311
0 15 1.724138 0.066808 0.045600 0.065453 0.044739
0 16 1.839080 0.064831 0.045216 0.065275 0.045294
0 17 1.954023 0.064750 0.045372 0.064285 0.044491
0 18 2.068965 0.063754 0.044436 0.064879 0.045340
0 19 2.183908 0.063138 0.044665 0.062264 0.044318
0 20 2.298851 0.061909 0.043809 0.062538 0.044092
0 21 2.413793 0.061205 0.043481 0.062229 0.043677
0 22 2.528736 0.064672 0.044787 0.063604 0.043937
0 23 2.643678 0.060835 0.042911 0.061914 0.043505
0 24 2.758621 0.060841 0.042827 0.061147 0.043598
0 25 2.873563 0.062022 0.044122 0.061465 0.043618
0 26 2.988506 0.060651 0.043311 0.061437 0.043794
0 27 3.103448 0.060644 0.042615 0.061966 0.043326
0 28 3.218391 0.062419 0.043181 0.061334 0.042377
0 29 3.333333 0.058773 0.042255 0.060459 0.043126
0 30 3.448276 0.059085 0.042487 0.058439 0.042082
0 31 3.563218 0.059497 0.043034 0.060031 0.043119
0 32 3.678161 0.061463 0.043816 0.062010 0.043739
0 33 3.793103 0.060471 0.043222 0.060581 0.043306
0 34 3.908046 0.059804 0.042629 0.059538 0.042090
0 35 4.022988 0.060001 0.042367 0.059646 0.042366
0 36 4.137931 0.059504 0.042687 0.059176 0.042440
0 37 4.252873 0.059266 0.042296 0.058336 0.041698
0 38 4.367816 0.057797 0.041818 0.057625 0.041962
0 39 4.482759 0.059036 0.041921 0.058548 0.042229
0 40 4.597701 0.057916 0.041506 0.059504 0.042983
0 41 4.712644 0.060730 0.042414 0.060673 0.042663
0 42 4.827586 0.058464 0.042238 0.059252 0.042471
0 43 4.942529 0.059228 0.042767 0.057689 0.041696
0 44 5.057471 0.057380 0.041705 0.057919 0.042331
0 45 5.172414 0.060370 0.043066 0.058939 0.042477
0 46 5.287356 0.058276 0.041977 0.059675 0.043175
0 47 5.402299 0.060392 0.042353 0.061205 0.043082
0 48 5.517241 0.058707 0.041816 0.058871 0.041758
0 49 5.632184 0.058114 0.042013 0.057554 0.041744
0 50 5.747127 0.057618 0.042126 0.057106 0.041755
0 51 5.862069 0.057729 0.042093 0.057074 0.041344
0 52 5.977012 0.059783 0.042408 0.059155 0.042253
0 53 6.091954 0.057394 0.041837 0.055820 0.040956
0 54 6.206897 0.058211 0.042329 0.057496 0.041633
0 55 6.321839 0.059432 0.042308 0.059888 0.042445
0 56 6.436781 0.057863 0.041629 0.058333 0.042310
0 57 6.551724 0.057314 0.041462 0.056506 0.040829
0 58 6.666667 0.057105 0.041141 0.058823 0.042150
0 59 6.781609 0.056834 0.041224 0.057454 0.041690
0 60 6.896552 0.058442 0.042497 0.057812 0.041706
0 61 7.011494 0.060731 0.041823 0.060115 0.041386
0 62 7.126437 0.057895 0.041671 0.057440 0.041591
0 63 7.241379 0.056945 0.041408 0.056031 0.040910
0 64 7.356322 0.059807 0.042893 0.059774 0.042863
0 65 7.471264 0.056680 0.040694 0.057867 0.041144
0 66 7.586207 0.061674 0.042672 0.060704 0.042270
0 67 7.701149 0.055372 0.040563 0.055971 0.041078
0 68 7.816092 0.057258 0.040598 0.058480 0.041128
0 69 7.931035 0.058512 0.041690 0.058300 0.041651
0 70 8.045977 0.056494 0.041454 0.057245 0.041449
0 71 8.160919 0.057020 0.041633 0.056252 0.041125
0 72 8.275862 0.057669 0.041230 0.056937 0.040620
0 73 8.390804 0.056344 0.040732 0.056402 0.041105
0 74 8.505747 0.055920 0.041026 0.056020 0.041356
0 75 8.620689 0.056729 0.041633 0.056271 0.041372
0 76 8.735632 0.056095 0.041082 0.056000 0.041291
0 77 8.850574 0.057333 0.041991 0.056459 0.041590
0 78 8.965517 0.057520 0.042388 0.055844 0.040803
0 79 9.080460 0.056452 0.041407 0.056513 0.041577
0 80 9.195402 0.055124 0.040795 0.053752 0.039763
0 81 9.310345 0.058475 0.043018 0.057487 0.041972
0 82 9.425287 0.055591 0.040983 0.056994 0.041390
0 83 9.540230 0.058119 0.041468 0.057149 0.041107
0 84 9.655172 0.054890 0.040568 0.054756 0.041008
0 85 9.770115 0.056995 0.041345 0.056554 0.041348
0 86 9.885057 0.055454 0.040884 0.054888 0.040122
1 0 10.000000 0.056401 0.041688 0.054688 0.040180
1 1 10.114943 0.056533 0.041281 0.055504 0.040673
1 2 10.229885 0.055249 0.041008 0.054231 0.040416
1 3 10.344828 0.054526 0.040309 0.055235 0.040660
1 4 10.459770 0.057540 0.040448 0.057224 0.040102
1 5 10.574713 0.057993 0.041841 0.057630 0.041514
1 6 10.689655 0.057331 0.041346 0.057154 0.040855
1 7 10.804598 0.055978 0.041367 0.055620 0.041067
1 8 10.919540 0.055479 0.041142 0.055270 0.040672
1 9 11.034483 0.056285 0.041345 0.055687 0.040660
1 10 11.149426 0.057339 0.040973 0.057655 0.040797
1 11 11.264368 0.057639 0.040546 0.058207 0.040986
1 12 11.379311 0.055234 0.040471 0.057009 0.041653
1 13 11.494253 0.057609 0.040411 0.057552 0.040437
1 14 11.609196 0.056530 0.040900 0.055463 0.040375
1 15 11.724138 0.056220 0.041299 0.055810 0.041229
1 16 11.839081 0.056211 0.041127 0.056156 0.040995
1 17 11.954023 0.056024 0.039918 0.058226 0.041603
1 18 12.068966 0.055299 0.041202 0.055283 0.040830
1 19 12.183908 0.055019 0.040873 0.055092 0.040962
1 20 12.298851 0.055340 0.040633 0.055365 0.040358
1 21 12.413794 0.057347 0.041931 0.058462 0.042414
1 22 12.528735 0.055291 0.040652 0.055563 0.040761
1 23 12.643678 0.055371 0.040076 0.055569 0.040077
1 24 12.758620 0.057292 0.041502 0.056857 0.041483
1 25 12.873563 0.056142 0.041169 0.055914 0.040831
1 26 12.988505 0.056375 0.041219 0.055281 0.040395
1 27 13.103448 0.053841 0.040204 0.053919 0.040361
1 28 13.218390 0.053946 0.040509 0.053086 0.039915
1 29 13.333333 0.054561 0.040488 0.053924 0.040306
1 30 13.448276 0.057062 0.041718 0.055382 0.040551
1 31 13.563218 0.054499 0.040244 0.054976 0.040720
1 32 13.678161 0.054019 0.040379 0.053221 0.039497
1 33 13.793103 0.056539 0.041023 0.056922 0.040815
1 34 13.908046 0.056951 0.041377 0.055445 0.040081
1 35 14.022988 0.056038 0.041186 0.054951 0.040019
1 36 14.137931 0.054517 0.040235 0.055225 0.040990
1 37 14.252873 0.054196 0.040374 0.053732 0.039978
1 38 14.367816 0.054468 0.040454 0.054714 0.040991
1 39 14.482759 0.055203 0.040387 0.055819 0.040671
1 40 14.597701 0.054341 0.040090 0.055637 0.040855
1 41 14.712644 0.053753 0.040228 0.054263 0.040437
1 42 14.827586 0.053742 0.039697 0.053736 0.039855
1 43 14.942529 0.054941 0.039647 0.056443 0.041186
1 44 15.057471 0.055943 0.041370 0.054221 0.040076
1 45 15.172414 0.054481 0.041010 0.053586 0.040375
1 46 15.287356 0.054163 0.040250 0.055498 0.041028
1 47 15.402299 0.054705 0.040674 0.053724 0.039767
1 48 15.517241 0.055800 0.040813 0.056300 0.041180
1 49 15.632184 0.054222 0.040606 0.053119 0.039786
1 50 15.747127 0.054459 0.040983 0.053090 0.040003
1 51 15.862069 0.053364 0.039993 0.053593 0.040193
1 52 15.977012 0.054420 0.040767 0.054716 0.040730
1 53 16.091953 0.053397 0.039972 0.053816 0.040219
1 54 16.206896 0.056185 0.040863 0.055993 0.040468
1 55 16.321838 0.052927 0.040013 0.053416 0.039957
1 56 16.436781 0.054638 0.040582 0.054574 0.040692
1 57 16.551723 0.056586 0.041260 0.057104 0.041341
1 58 16.666666 0.054735 0.040568 0.054542 0.040538
1 59 16.781609 0.054222 0.040116 0.056142 0.041304
1 60 16.896551 0.053518 0.039933 0.054987 0.041058
1 61 17.011494 0.053960 0.040558 0.053696 0.040224
1 62 17.126436 0.053693 0.040299 0.053313 0.039704
1 63 17.241379 0.054039 0.040387 0.052653 0.039567
1 64 17.356321 0.053585 0.040459 0.053293 0.039808
1 65 17.471264 0.053098 0.039564 0.054124 0.040453
1 66 17.586206 0.053842 0.040190 0.053598 0.040221
1 67 17.701149 0.052906 0.039314 0.053253 0.039491
1 68 17.816092 0.053185 0.039512 0.054364 0.040511
1 69 17.931034 0.055381 0.040990 0.055021 0.040811
1 70 18.045977 0.052524 0.039727 0.053043 0.040124
1 71 18.160919 0.053001 0.039399 0.053925 0.040162
1 72 18.275862 0.053943 0.040879 0.054111 0.040733
1 73 18.390804 0.053904 0.040354 0.054035 0.040327
1 74 18.505747 0.054122 0.040603 0.054615 0.041108
1 75 18.620689 0.054253 0.040523 0.053382 0.039906
1 76 18.735632 0.054395 0.040465 0.054094 0.040234
1 77 18.850574 0.053998 0.039824 0.053623 0.039801
1 78 18.965517 0.054056 0.040808 0.054135 0.040885
1 79 19.080460 0.055204 0.040991 0.053980 0.040164
1 80 19.195402 0.054255 0.039941 0.053101 0.039368
1 81 19.310345 0.055307 0.040109 0.055214 0.040059
1 82 19.425287 0.053116 0.039999 0.053010 0.040031
1 83 19.540230 0.052253 0.039547 0.054011 0.040544
1 84 19.655172 0.055818 0.041190 0.055087 0.041018
1 85 19.770115 0.052877 0.039477 0.053103 0.039841
1 86 19.885057 0.054069 0.040364 0.053416 0.040342
2 0 20.000000 0.055628 0.039920 0.056217 0.040236
2 1 20.114943 0.052841 0.039335 0.053787 0.040414
2 2 20.229885 0.054476 0.040996 0.054476 0.040776
2 3 20.344828 0.059883 0.040720 0.059549 0.040454
2 4 20.459770 0.052698 0.039266 0.052837 0.039260
2 5 20.574713 0.053382 0.039873 0.052162 0.039586
2 6 20.689655 0.054425 0.040300 0.054768 0.040256
2 7 20.804598 0.051820 0.039438 0.052849 0.040166
2 8 20.919540 0.052912 0.039715 0.052717 0.039581
2 9 21.034483 0.054453 0.039526 0.055584 0.040324
2 10 21.149426 0.053550 0.039762 0.055112 0.040773
2 11 21.264368 0.054340 0.041037 0.054792 0.040743
2 12 21.379311 0.052963 0.040367 0.052585 0.039762
2 13 21.494253 0.052441 0.039545 0.053004 0.039874
2 14 21.609196 0.051727 0.038952 0.053555 0.040309
2 15 21.724138 0.053198 0.040110 0.053045 0.039984
2 16 21.839081 0.053276 0.039773 0.053059 0.039708
2 17 21.954023 0.051840 0.039480 0.052871 0.040108
2 18 22.068966 0.052769 0.040246 0.053195 0.040303
2 19 22.183908 0.055643 0.040735 0.054920 0.039980
2 20 22.298851 0.052493 0.039792 0.052964 0.039691
2 21 22.413794 0.054520 0.040307 0.055232 0.040858
2 22 22.528736 0.054152 0.040587 0.054379 0.040472
2 23 22.643679 0.055474 0.040740 0.056821 0.041585
2 24 22.758621 0.053270 0.039727 0.053191 0.039882
2 25 22.873564 0.055012 0.040849 0.053800 0.039800
2 26 22.988506 0.052675 0.040258 0.053338 0.040463
2 27 23.103449 0.052641 0.040344 0.052766 0.040181
2 28 23.218391 0.052438 0.039302 0.054496 0.040518
2 29 23.333334 0.054485 0.040637 0.054050 0.040279
2 30 23.448277 0.053301 0.039302 0.053681 0.039844
2 31 23.563219 0.054536 0.040411 0.053219 0.040000
2 32 23.678162 0.054297 0.040331 0.054727 0.040427
2 33 23.793104 0.053551 0.040073 0.052876 0.039411
2 34 23.908047 0.052962 0.039679 0.052525 0.039941
2 35 24.022989 0.053789 0.039777 0.052551 0.039040
2 36 24.137932 0.052231 0.039449 0.053127 0.039824
2 37 24.252874 0.055945 0.040967 0.054791 0.039948
2 38 24.367817 0.053070 0.039261 0.054245 0.040285
2 39 24.482759 0.051629 0.038872 0.052984 0.040363
2 40 24.597702 0.052891 0.039749 0.052054 0.039077
2 41 24.712645 0.054644 0.040404 0.054028 0.039958
2 42 24.827587 0.054314 0.040191 0.054269 0.039999
2 43 24.942530 0.054303 0.040662 0.053339 0.039913
2 44 25.057470 0.052639 0.039967 0.052504 0.039618
2 45 25.172413 0.053707 0.040192 0.052881 0.040007
2 46 25.287355 0.053184 0.039795 0.052909 0.039286
2 47 25.402298 0.052864 0.039715 0.053786 0.040332
2 48 25.517241 0.053130 0.039837 0.053110 0.040307
2 49 25.632183 0.052939 0.039985 0.053136 0.039850
2 50 25.747126 0.053499 0.040698 0.053948 0.040676
2 51 25.862068 0.053902 0.040329 0.054387 0.040502
2 52 25.977011 0.052512 0.039531 0.053560 0.040418
2 53 26.091953 0.052322 0.039796 0.053386 0.040240
2 54 26.206896 0.053622 0.040204 0.052832 0.039359
2 55 26.321838 0.055778 0.041378 0.054235 0.040657
2 56 26.436781 0.052037 0.039608 0.052489 0.039933
2 57 26.551723 0.054278 0.040705 0.052825 0.039597
2 58 26.666666 0.053275 0.039820 0.052604 0.039652
2 59 26.781609 0.052766 0.039963 0.053763 0.040630
2 60 26.896551 0.054662 0.040221 0.055205 0.040504
2 61 27.011494 0.054311 0.040997 0.052428 0.039448
2 62 27.126436 0.053585 0.040059 0.052437 0.039072
2 63 27.241379 0.054423 0.039882 0.054351 0.040077
2 64 27.356321 0.051977 0.038755 0.052953 0.039963
2 65 27.471264 0.054202 0.040486 0.053467 0.039843
2 66 27.586206 0.052319 0.039687 0.052033 0.039393
2 67 27.701149 0.053654 0.040212 0.052891 0.039651
2 68 27.816092 0.052551 0.040284 0.051790 0.039344
2 69 27.931034 0.052610 0.039681 0.053065 0.040038
2 70 28.045977 0.052134 0.039949 0.052164 0.040115
2 71 28.160919 0.052218 0.039383 0.052132 0.039300
2 72 28.275862 0.051686 0.039502 0.052261 0.039959
2 73 28.390804 0.053134 0.039382 0.053067 0.039810
2 74 28.505747 0.052001 0.039055 0.053448 0.039929
2 75 28.620689 0.053061 0.040484 0.053096 0.040550
2 76 28.735632 0.054414 0.040685 0.053442 0.039974
2 77 28.850574 0.053281 0.040335 0.052872 0.040167
2 78 28.965517 0.053065 0.040282 0.052654 0.039909
2 79 29.080460 0.052870 0.040029 0.052731 0.039948
2 80 29.195402 0.052903 0.040223 0.052789 0.039998
2 81 29.310345 0.052248 0.039295 0.052773 0.039774
2 82 29.425287 0.051131 0.038774 0.053337 0.040554
2 83 29.540230 0.054213 0.040413 0.054337 0.040966
2 84 29.655172 0.052079 0.039370 0.053376 0.040596
2 85 29.770115 0.051246 0.038843 0.052519 0.039860
2 86 29.885057 0.054397 0.040669 0.055519 0.040966
3 0 30.000000 0.051946 0.038860 0.052590 0.039612
3 1 30.114943 0.051443 0.039015 0.053345 0.040191
3 2 30.229885 0.052040 0.039725 0.051189 0.039110
3 3 30.344828 0.052522 0.039914 0.051697 0.039492
3 4 30.459770 0.052066 0.039826 0.053078 0.040314
3 5 30.574713 0.051845 0.039666 0.052213 0.039620
3 6 30.689655 0.054399 0.040111 0.054652 0.041030
3 7 30.804598 0.051489 0.038890 0.052487 0.039713
3 8 30.919540 0.052601 0.040188 0.052008 0.039908
3 9 31.034483 0.054383 0.040232 0.053400 0.039618
3 10 31.149426 0.054175 0.040501 0.054732 0.040602
3 11 31.264368 0.053270 0.040223 0.052967 0.040030
3 12 31.379311 0.053101 0.040147 0.053330 0.040156
3 13 31.494253 0.052504 0.040053 0.051762 0.039782
3 14 31.609196 0.052372 0.040082 0.052521 0.039694
3 15 31.724138 0.052522 0.039611 0.051703 0.039355
3 16 31.839081 0.053860 0.040431 0.053120 0.039874
3 17 31.954023 0.052567 0.040038 0.052738 0.040058
3 18 32.068966 0.052753 0.040034 0.052858 0.039259
3 19 32.183907 0.051478 0.039293 0.052299 0.040066
3 20 32.298851 0.051539 0.039238 0.050856 0.038956
3 21 32.413792 0.053301 0.040264 0.052483 0.039549
3 22 32.528736 0.052353 0.039733 0.051927 0.039133
3 23 32.643677 0.051776 0.039525 0.052984 0.040602
3 24 32.758621 0.052649 0.039973 0.052780 0.040483
3 25 32.873562 0.051228 0.039003 0.053681 0.041054
3 26 32.988506 0.054448 0.039516 0.054143 0.039940
3 27 33.103447 0.053767 0.040484 0.052017 0.039020
3 28 33.218391 0.053410 0.039997 0.052670 0.039594
3 29 33.333332 0.051511 0.039257 0.052652 0.040130
3 30 33.448277 0.054653 0.040759 0.053518 0.039705
3 31 33.563217 0.052529 0.040012 0.051849 0.039371
3 32 33.678162 0.051731 0.039027 0.052974 0.040287
3 33 33.793102 0.053429 0.040193 0.053171 0.040152
3 34 33.908047 0.053751 0.040887 0.052025 0.039697
3 35 34.022987 0.051484 0.039508 0.051449 0.039110
3 36 34.137932 0.051732 0.039264 0.052538 0.040184
3 37 34.252872 0.054168 0.039989 0.053366 0.039287
3 38 34.367817 0.052694 0.039951 0.051830 0.039354
3 39 34.482758 0.054669 0.040164 0.054912 0.040213
3 40 34.597702 0.052422 0.039393 0.052380 0.039727
3 41 34.712643 0.054327 0.040746 0.053009 0.039773
3 42 34.827587 0.053753 0.040134 0.053508 0.040091
3 43 34.942528 0.053435 0.040062 0.053610 0.040286
3 44 35.057472 0.051905 0.039292 0.051051 0.038642
3 45 35.172413 0.051949 0.039679 0.051217 0.038957
3 46 35.287357 0.052861 0.039572 0.051771 0.038896
3 47 35.402298 0.053852 0.040100 0.053299 0.040050
3 48 35.517242 0.052978 0.039686 0.052538 0.039536
3 49 35.632183 0.051982 0.039401 0.050962 0.039113
3 50 35.747128 0.052677 0.039654 0.053285 0.040261
3 51 35.862068 0.051623 0.039259 0.051948 0.039847
3 52 35.977013 0.053440 0.039489 0.054535 0.040102
3 53 36.091953 0.051741 0.039505 0.052078 0.039663
3 54 36.206898 0.051302 0.039345 0.052623 0.040392
3 55 36.321838 0.054146 0.040535 0.052605 0.039291
3 56 36.436783 0.052201 0.039432 0.051843 0.039826
3 57 36.551723 0.052733 0.039455 0.052854 0.039766
3 58 36.666668 0.052359 0.039419 0.052192 0.039449
3 59 36.781609 0.052096 0.039901 0.052230 0.039800
3 60 36.896553 0.053292 0.040320 0.052153 0.039425
3 61 37.011494 0.053567 0.040455 0.052830 0.039820
3 62 37.126438 0.050677 0.038580 0.052930 0.040700
3 63 37.241379 0.052616 0.039711 0.052602 0.039503
3 64 37.356323 0.051144 0.039260 0.050968 0.039232
3 65 37.471264 0.052530 0.039724 0.053181 0.040170
3 66 37.586208 0.053122 0.040719 0.052029 0.039759
3 67 37.701149 0.053386 0.040094 0.054677 0.040471
3 68 37.816093 0.052272 0.039763 0.052893 0.040120
3 69 37.931034 0.051819 0.039303 0.052062 0.039152
3 70 38.045979 0.053398 0.040054 0.051874 0.038933
3 71 38.160919 0.053463 0.040245 0.051590 0.039289
3 72 38.275864 0.052711 0.039815 0.053290 0.040359
3 73 38.390804 0.052020 0.040283 0.051572 0.039635
3 74 38.505749 0.052842 0.039992 0.051318 0.038811
3 75 38.620689 0.052350 0.039665 0.051970 0.039489
3 76 38.735634 0.051532 0.039473 0.050906 0.039226
3 77 38.850574 0.052561 0.039959 0.051323 0.039310
3 78 38.965519 0.052782 0.040091 0.052064 0.039754
3 79 39.080460 0.051604 0.039035 0.052481 0.040216
3 80 39.195404 0.052796 0.040220 0.053186 0.040556
3 81 39.310345 0.051805 0.039780 0.052412 0.039925
3 82 39.425289 0.053050 0.039755 0.053148 0.040342
3 83 39.540230 0.051208 0.038646 0.050784 0.039161
3 84 39.655174 0.052346 0.039651 0.052214 0.039788
3 85 39.770115 0.051641 0.039841 0.052143 0.039908
3 86 39.885059 0.053495 0.039596 0.053468 0.039384
4 0 40.000000 0.051388 0.039536 0.052088 0.039907
4 1 40.114941 0.051914 0.039519 0.051384 0.039246
4 2 40.229885 0.052352 0.039618 0.052260 0.039711
4 3 40.344826 0.052339 0.039804 0.052220 0.039899
4 4 40.459770 0.051277 0.039483 0.050878 0.039180
4 5 40.574711 0.052566 0.039751 0.052279 0.039644
4 6 40.689655 0.051574 0.039275 0.050415 0.038301
4 7 40.804596 0.053314 0.040296 0.051177 0.039407
4 8 40.919540 0.051386 0.039197 0.050972 0.039020
4 9 41.034481 0.050719 0.039026 0.052203 0.040125
4 10 41.149426 0.051845 0.039439 0.051493 0.038990
4 11 41.264366 0.051232 0.039485 0.052194 0.039840
4 12 41.379311 0.053475 0.040081 0.053155 0.039910
4 13 41.494251 0.054019 0.040757 0.052185 0.039585
4 14 41.609196 0.050530 0.038751 0.051734 0.039744
4 15 41.724136 0.052239 0.039895 0.051197 0.039468
4 16 41.839081 0.051603 0.039087 0.052383 0.039774
4 17 41.954021 0.053983 0.040264 0.053648 0.039993
4 18 42.068966 0.050317 0.038261 0.051985 0.039634
4 19 42.183907 0.051629 0.039274 0.051452 0.039134
4 20 42.298851 0.051981 0.039321 0.052176 0.039750
4 21 42.413792 0.053450 0.039968 0.052585 0.039403
4 22 42.528736 0.051227 0.038889 0.052736 0.039875
4 23 42.643677 0.052185 0.040045 0.050899 0.039360
4 24 42.758621 0.051207 0.039084 0.052937 0.040248
4 25 42.873562 0.051554 0.039280 0.051140 0.039482
4 26 42.988506 0.052749 0.039836 0.054013 0.040510
4 27 43.103447 0.052728 0.039463 0.052519 0.039719
4 28 43.218391 0.053080 0.040342 0.052270 0.039491
4 29 43.333332 0.050377 0.038407 0.051330 0.039332
4 30 43.448277 0.051685 0.039746 0.051505 0.039321
4 31 43.563217 0.053401 0.040272 0.053713 0.040222
4 32 43.678162 0.052138 0.039918 0.052361 0.039948
4 33 43.793102 0.052291 0.039442 0.052737 0.039961
4 34 43.908047 0.050918 0.038603 0.051160 0.039280
4 35 44.022987 0.050898 0.038919 0.051481 0.039389
4 36 44.137932 0.052661 0.040217 0.051921 0.039465
4 37 44.252872 0.051249 0.039337 0.051557 0.039320
4 38 44.367817 0.051891 0.039396 0.053190 0.040057
4 39 44.482758 0.051526 0.039623 0.050599 0.038766
4 40 44.597702 0.052125 0.039552 0.051090 0.038876
4 41 44.712643 0.052288 0.040006 0.051614 0.039383
4 42 44.827587 0.050600 0.038911 0.051572 0.039619
4 43 44.942528 0.051663 0.039926 0.051450 0.039711
4 44 45.057472 0.051793 0.039288 0.051540 0.039425
4 45 45.172413 0.052859 0.040319 0.051169 0.039305
4 46 45.287357 0.052851 0.040302 0.051819 0.039672
4 47 45.402298 0.051774 0.039807 0.050975 0.039480
4 48 45.517242 0.052571 0.040230 0.052810 0.040360
4 49 45.632183 0.051806 0.039342 0.051632 0.039222
4 50 45.747128 0.051976 0.039344 0.051730 0.038942
4 51 45.862068 0.053356 0.040411 0.051156 0.038629
4 52 45.977013 0.052978 0.039925 0.052241 0.039286
4 53 46.091953 0.051872 0.039692 0.051263 0.039205
4 54 46.206898 0.051897 0.039767 0.050387 0.039021
4 55 46.321838 0.051303 0.039411 0.052144 0.039830
4 56 46.436783 0.052272 0.040230 0.051719 0.039352
4 57 46.551723 0.051564 0.040024 0.050313 0.038818
4 58 46.666668 0.052239 0.039523 0.051749 0.039175
4 59 46.781609 0.050962 0.039177 0.052493 0.040015
4 60 46.896553 0.050632 0.039040 0.051493 0.039249
4 61 47.011494 0.051696 0.039474 0.052023 0.039703
4 62 47.126438 0.050009 0.038123 0.051632 0.039700
4 63 47.241379 0.052372 0.039984 0.051257 0.039166
4 64 47.356323 0.052592 0.040005 0.051611 0.039336
4 65 47.471264 0.051212 0.039039 0.051954 0.039943
4 66 47.586208 0.051597 0.039502 0.050910 0.038704
4 67 47.701149 0.051375 0.038975 0.050691 0.038781
4 68 47.816093 0.051503 0.039523 0.050928 0.039155
4 69 47.931034 0.051353 0.039391 0.051532 0.039385
4 70 48.045979 0.052491 0.039585 0.052480 0.039509
4 71 48.160919 0.051304 0.038921 0.052404 0.040031
4 72 48.275864 0.051838 0.039286 0.051675 0.039456
4 73 48.390804 0.051147 0.038626 0.050909 0.039103
4 74 48.505749 0.052436 0.039616 0.051919 0.039783
4 75 48.620689 0.052851 0.039825 0.051564 0.039447
4 76 48.735634 0.052498 0.040370 0.050825 0.039324
4 77 48.850574 0.051664 0.039740 0.051635 0.040253
4 78 48.965519 0.050767 0.038851 0.053158 0.040813
4 79 49.080460 0.051293 0.039356 0.050583 0.038722
4 80 49.195404 0.051171 0.039244 0.050929 0.039034
4 81 49.310345 0.052505 0.040257 0.051310 0.039680
4 82 49.425289 0.051361 0.039224 0.050767 0.039064
4 83 49.540230 0.050691 0.039367 0.050750 0.038947
4 84 49.655174 0.053046 0.040630 0.050475 0.038704
4 85 49.770115 0.052591 0.040055 0.053364 0.040334
4 86 49.885059 0.051335 0.039146 0.052070 0.039463
5 0 50.000000 0.052003 0.039728 0.051235 0.039406
5 1 50.114941 0.051035 0.038725 0.052437 0.040097
5 2 50.229885 0.051720 0.039586 0.051084 0.039097
5 3 50.344826 0.052382 0.040108 0.051544 0.039434
5 4 50.459770 0.050071 0.038803 0.050515 0.039120
5 5 50.574711 0.054060 0.039761 0.054295 0.040074
5 6 50.689655 0.051412 0.039638 0.051450 0.039384
5 7 50.804596 0.050962 0.039492 0.052353 0.039991
5 8 50.919540 0.051485 0.039293 0.050616 0.038987
5 9 51.034481 0.051062 0.039170 0.051617 0.039418
5 10 51.149426 0.050705 0.039222 0.051412 0.039408
5 11 51.264366 0.051425 0.039577 0.052594 0.039795
5 12 51.379311 0.052595 0.039715 0.051673 0.039286
5 13 51.494251 0.052241 0.039981 0.051094 0.039468
5 14 51.609196 0.050909 0.039111 0.050660 0.038693
5 15 51.724136 0.050683 0.038947 0.052410 0.040309
5 16 51.839081 0.050266 0.038701 0.051109 0.039329
5 17 51.954021 0.050740 0.038968 0.051724 0.039980
5 18 52.068966 0.050495 0.038867 0.051248 0.039312
5 19 52.183907 0.050939 0.038951 0.051062 0.039165
5 20 52.298851 0.051838 0.039449 0.052504 0.039691
5 21 52.413792 0.051247 0.039197 0.051538 0.039712
5 22 52.528736 0.050402 0.038707 0.050783 0.039162
5 23 52.643677 0.051162 0.039590 0.052076 0.039885
5 24 52.758621 0.052049 0.039786 0.051327 0.038970
5 25 52.873562 0.051414 0.039229 0.050635 0.038905
5 26 52.988506 0.050596 0.039345 0.050742 0.039499
5 27 53.103447 0.051883 0.039752 0.052209 0.040077
5 28 53.218391 0.052123 0.039366 0.052700 0.040399
5 29 53.333332 0.051664 0.039341 0.051496 0.038992
5 30 53.448277 0.050100 0.038378 0.051505 0.039319
5 31 53.563217 0.051174 0.039039 0.051981 0.039581
5 32 53.678162 0.052275 0.039823 0.053001 0.040352
5 33 53.793102 0.050474 0.039312 0.050836 0.039192
5 34 53.908047 0.051459 0.039321 0.051124 0.039227
5 35 54.022987 0.050416 0.038649 0.051623 0.039932
5 36 54.137932 0.052371 0.040273 0.050718 0.039401
5 37 54.252872 0.051707 0.039952 0.050319 0.038768
5 38 54.367817 0.050492 0.039053 0.051625 0.039733
5 39 54.482758 0.051938 0.039824 0.050631 0.039018
5 40 54.597702 0.051192 0.039054 0.051416 0.039363
5 41 54.712643 0.051343 0.039436 0.051490 0.039420
5 42 54.827587 0.050648 0.039375 0.050683 0.039503
5 43 54.942528 0.051810 0.039523 0.051623 0.039107
5 44 55.057472 0.052105 0.039793 0.050572 0.038698
5 45 55.172413 0.051080 0.039273 0.050624 0.038817
5 46 55.287357 0.051551 0.039110 0.053034 0.040673
5 47 55.402298 0.051168 0.039604 0.051110 0.039462
5 48 55.517242 0.052197 0.040377 0.050728 0.039011
5 49 55.632183 0.052244 0.040136 0.052599 0.040365
5 50 55.747128 0.051290 0.039343 0.051782 0.039438
5 51 55.862068 0.053137 0.040375 0.051138 0.039209
5 52 55.977013 0.051715 0.040227 0.052394 0.040475
5 53 56.091953 0.049323 0.037979 0.050757 0.039513
5 54 56.206898 0.050653 0.039208 0.051798 0.039873
5 55 56.321838 0.052091 0.039859 0.050725 0.039093
5 56 56.436783 0.051700 0.040014 0.051307 0.039270
5 57 56.551723 0.050837 0.038669 0.051965 0.039706
5 58 56.666668 0.050880 0.039153 0.049981 0.038618
5 59 56.781609 0.051145 0.039165 0.051643 0.039455
5 60 56.896553 0.050749 0.039021 0.050250 0.038776
5 61 57.011494 0.051445 0.039915 0.051150 0.039604
5 62 57.126438 0.051209 0.039081 0.052362 0.039901
5 63 57.241379 0.051280 0.038986 0.051558 0.039312
5 64 57.356323 0.052947 0.040431 0.051663 0.039363
5 65 57.471264 0.051352 0.039326 0.050950 0.039182
5 66 57.586208 0.051047 0.039580 0.051027 0.039376
5 67 57.701149 0.049904 0.038421 0.051435 0.039228
5 68 57.816093 0.053426 0.040077 0.052150 0.039538
5 69 57.931034 0.050850 0.039412 0.048967 0.038095
5 70 58.045979 0.050921 0.039259 0.050638 0.039349
5 71 58.160919 0.051304 0.039763 0.051797 0.039757
5 72 58.275864 0.051082 0.039646 0.051528 0.040013
5 73 58.390804 0.051348 0.039223 0.050888 0.038622
5 74 58.505749 0.051214 0.039401 0.052019 0.039638
5 75 58.620689 0.050676 0.039272 0.050031 0.038767
5 76 58.735634 0.051713 0.039532 0.052201 0.040410
5 77 58.850574 0.051151 0.039331 0.050055 0.038533
5 78 58.965519 0.051653 0.039722 0.051134 0.039339
5 79 59.080460 0.050741 0.039108 0.050908 0.039266
5 80 59.195404 0.051834 0.040048 0.051133 0.039452
5 81 59.310345 0.051237 0.039201 0.052079 0.040347
5 82 59.425289 0.052112 0.039772 0.050689 0.038876
5 83 59.540230 0.051935 0.040369 0.051343 0.039070
5 84 59.655174 0.051027 0.039369 0.050007 0.038510
5 85 59.770115 0.050737 0.039553 0.051704 0.039880
5 86 59.885059 0.051881 0.039553 0.050483 0.038822
6 0 60.000000 0.051498 0.039805 0.051966 0.039834
6 1 60.114941 0.052320 0.039260 0.052517 0.039596
6 2 60.229885 0.051927 0.040107 0.051455 0.039598
6 3 60.344826 0.050510 0.038731 0.049970 0.038701
6 4 60.459770 0.051046 0.039227 0.051891 0.039997
6 5 60.574711 0.051785 0.039741 0.051474 0.040056
6 6 60.689655 0.050770 0.039001 0.050440 0.039070
6 7 60.804596 0.050940 0.039125 0.052003 0.039934
6 8 60.919540 0.051087 0.039498 0.051744 0.039800
6 9 61.034481 0.050580 0.039064 0.050035 0.038561
6 10 61.149426 0.050856 0.039623 0.050847 0.039280
6 11 61.264366 0.050562 0.038557 0.051351 0.039754
6 12 61.379311 0.051359 0.039247 0.051068 0.039124
6 13 61.494251 0.050119 0.038947 0.051343 0.039649
6 14 61.609196 0.050792 0.039137 0.051907 0.040039
6 15 61.724136 0.051140 0.038889 0.050597 0.039258
6 16 61.839081 0.050028 0.038843 0.050897 0.039475
6 17 61.954021 0.050991 0.039236 0.052146 0.040286
6 18 62.068966 0.051954 0.039942 0.051273 0.039520
6 19 62.183907 0.051783 0.039501 0.050414 0.038941
6 20 62.298851 0.052261 0.040165 0.050843 0.039278
6 21 62.413792 0.050915 0.038983 0.051716 0.039731
6 22 62.528736 0.051111 0.039596 0.051688 0.039779
6 23 62.643677 0.051270 0.039193 0.051614 0.039907
6 24 62.758621 0.052159 0.040430 0.051268 0.039276
6 25 62.873562 0.050643 0.039356 0.050617 0.039063
6 26 62.988506 0.050484 0.039209 0.050802 0.039438
6 27 63.103447 0.051098 0.039637 0.050851 0.039102
6 28 63.218391 0.049332 0.038114 0.051758 0.040059
6 29 63.333332 0.050409 0.039188 0.049993 0.038557
6 30 63.448277 0.051894 0.039945 0.051677 0.040049
6 31 63.563217 0.049808 0.038859 0.051347 0.040100
6 32 63.678162 0.050003 0.038369 0.050453 0.039351
6 33 63.793102 0.050982 0.039160 0.052518 0.040250
6 34 63.908047 0.051737 0.039873 0.050882 0.039017
6 35 64.022987 0.052205 0.039984 0.050705 0.039130
6 36 64.137932 0.050260 0.038572 0.051082 0.039365
6 37 64.252876 0.051436 0.039158 0.051084 0.039236
6 38 64.367813 0.052517 0.039801 0.051915 0.039325
6 39 64.482758 0.052091 0.039816 0.051305 0.039748
6 40 64.597702 0.051895 0.040119 0.051101 0.039269
6 41 64.712646 0.050543 0.039141 0.051656 0.039861
6 42 64.827583 0.050588 0.039402 0.050979 0.039385
6 43 64.942528 0.051708 0.040133 0.050003 0.038756
6 44 65.057472 0.052023 0.040156 0.050344 0.038805
6 45 65.172417 0.052595 0.040455 0.051312 0.039798
6 46 65.287354 0.052522 0.040354 0.050019 0.038648
6 47 65.402298 0.050448 0.038936 0.051615 0.039639
6 48 65.517242 0.051060 0.039321 0.051051 0.039259
6 49 65.632187 0.051385 0.039401 0.051505 0.039624
6 50 65.747124 0.050736 0.039093 0.051184 0.039528
6 51 65.862068 0.051556 0.039962 0.049503 0.038494
6 52 65.977013 0.051376 0.039729 0.051518 0.039735
6 53 66.091957 0.050999 0.039166 0.051268 0.039806
6 54 66.206894 0.051092 0.038868 0.052062 0.039792
6 55 66.321838 0.050988 0.039317 0.051064 0.039830
6 56 66.436783 0.049701 0.038478 0.050446 0.038927
6 57 66.551727 0.051805 0.039415 0.052164 0.039722
6 58 66.666664 0.051601 0.039321 0.051907 0.039656
6 59 66.781609 0.051411 0.039412 0.051262 0.039312
6 60 66.896553 0.052719 0.040422 0.051806 0.039794
6 61 67.011497 0.049538 0.038448 0.050645 0.039003
6 62 67.126434 0.052029 0.040145 0.052184 0.040040
6 63 67.241379 0.050725 0.038882 0.051688 0.039494
6 64 67.356323 0.051133 0.039393 0.052289 0.039680
6 65 67.471268 0.051031 0.038998 0.050708 0.039011
6 66 67.586205 0.051764 0.039754 0.051075 0.039520
6 67 67.701149 0.051773 0.039588 0.049807 0.038490
6 68 67.816093 0.050552 0.039185 0.051113 0.039587
6 69 67.931038 0.049544 0.038482 0.050558 0.039442
6 70 68.045975 0.051062 0.039482 0.051499 0.039858
6 71 68.160919 0.052274 0.039909 0.050916 0.039354
6 72 68.275864 0.050776 0.039304 0.050390 0.039170
6 73 68.390808 0.050682 0.039200 0.050535 0.039228
6 74 68.505745 0.051767 0.039466 0.050498 0.039177
6 75 68.620689 0.050204 0.039093 0.050524 0.038984
6 76 68.735634 0.050739 0.039058 0.051180 0.039946
6 77 68.850578 0.050918 0.039635 0.050531 0.039113
6 78 68.965515 0.051633 0.039794 0.050896 0.039376
6 79 69.080460 0.051335 0.039874 0.050494 0.039250
6 80 69.195404 0.050747 0.039436 0.051375 0.039315
6 81 69.310349 0.049570 0.038215 0.050649 0.039115
6 82 69.425285 0.050411 0.038955 0.051072 0.039151
6 83 69.540230 0.050906 0.039264 0.051182 0.039452
6 84 69.655174 0.051500 0.039695 0.050782 0.038990
6 85 69.770119 0.051047 0.038637 0.051494 0.039612
6 86 69.885056 0.051726 0.039749 0.051370 0.039413
7 0 70.000000 0.050780 0.038885 0.051027 0.039514
7 1 70.114944 0.051707 0.039314 0.051272 0.038838
7 2 70.229881 0.052513 0.039749 0.052559 0.040215
7 3 70.344826 0.051300 0.039752 0.050834 0.039522
7 4 70.459770 0.051176 0.039038 0.052387 0.040072
7 5 70.574715 0.051503 0.039571 0.051374 0.039535
7 6 70.689651 0.052187 0.040211 0.050987 0.039366
7 7 70.804596 0.053648 0.040460 0.051825 0.039372
7 8 70.919540 0.051752 0.040020 0.051697 0.040004
7 9 71.034485 0.051017 0.039763 0.049970 0.038953
7 10 71.149422 0.050387 0.038563 0.050178 0.038686
7 11 71.264366 0.049838 0.038585 0.051794 0.039932
7 12 71.379311 0.051369 0.039659 0.050783 0.039028
7 13 71.494255 0.051199 0.039422 0.051769 0.039737
7 14 71.609192 0.051138 0.039391 0.051971 0.039648
7 15 71.724136 0.050442 0.038657 0.051070 0.039308
7 16 71.839081 0.050630 0.038943 0.050273 0.038778
7 17 71.954025 0.051564 0.039734 0.051125 0.039831
7 18 72.068962 0.052075 0.040254 0.050677 0.039326
7 19 72.183907 0.051342 0.039537 0.051114 0.039456
7 20 72.298851 0.050710 0.039364 0.051046 0.039221
7 21 72.413795 0.051779 0.039861 0.050003 0.038352
7 22 72.528732 0.050697 0.039052 0.050085 0.038578
7 23 72.643677 0.051402 0.040096 0.050415 0.039162
7 24 72.758621 0.050891 0.039556 0.051025 0.039188
7 25 72.873566 0.050577 0.038675 0.050288 0.038812
7 26 72.988503 0.050816 0.039445 0.049653 0.038835
7 27 73.103447 0.050396 0.038728 0.051278 0.039770
7 28 73.218391 0.051100 0.039504 0.051536 0.039381
7 29 73.333336 0.050702 0.038924 0.051647 0.039511
7 30 73.448273 0.051625 0.040218 0.050328 0.039185
7 31 73.563217 0.050925 0.039396 0.051201 0.039698
7 32 73.678162 0.050670 0.038926 0.050799 0.039478
7 33 73.793106 0.049896 0.038737 0.051060 0.039592
7 34 73.908043 0.051096 0.039011 0.051043 0.038941
7 35 74.022987 0.051024 0.039333 0.050912 0.039291
7 36 74.137932 0.049904 0.038327 0.050734 0.038662
7 37 74.252876 0.050622 0.039206 0.050020 0.038903
7 38 74.367813 0.052039 0.040173 0.050364 0.038941
7 39 74.482758 0.051659 0.039624 0.051970 0.039747
7 40 74.597702 0.050331 0.039064 0.050306 0.039005
7 41 74.712646 0.050179 0.039045 0.050018 0.039019
7 42 74.827583 0.050644 0.039091 0.050490 0.039455
7 43 74.942528 0.051756 0.039583 0.052489 0.039863
7 44 75.057472 0.052501 0.040245 0.050472 0.038797
7 45 75.172417 0.051717 0.039734 0.051136 0.039161
7 46 75.287354 0.050154 0.038799 0.051835 0.039943
7 47 75.402298 0.050934 0.039424 0.049896 0.039156
7 48 75.517242 0.051282 0.039818 0.049792 0.038588
7 49 75.632187 0.051738 0.039665 0.051558 0.039385
7 50 75.747124 0.050294 0.039144 0.052534 0.040631
7 51 75.862068 0.053124 0.040699 0.051604 0.039261
7 52 75.977013 0.050667 0.039084 0.049625 0.038601
7 53 76.091957 0.051975 0.039876 0.051405 0.039654
7 54 76.206894 0.050935 0.039349 0.051516 0.039574
7 55 76.321838 0.050057 0.038456 0.050589 0.039036
7 56 76.436783 0.050730 0.039213 0.051637 0.039760
7 57 76.551727 0.050554 0.038983 0.049975 0.038948
7 58 76.666664 0.050818 0.039567 0.050382 0.039451
7 59 76.781609 0.051249 0.039635 0.050208 0.038904
7 60 76.896553 0.051537 0.039930 0.051226 0.039343
7 61 77.011497 0.051480 0.039545 0.050851 0.039580
7 62 77.126434 0.050600 0.039480 0.051113 0.039947
7 63 77.241379 0.051390 0.039539 0.051201 0.039369
7 64 77.356323 0.051031 0.039916 0.050966 0.038999
7 65 77.471268 0.050769 0.039017 0.049770 0.038639
7 66 77.586205 0.050721 0.039385 0.051130 0.039547
7 67 77.701149 0.050505 0.039851 0.049464 0.038622
7 68 77.816093 0.050930 0.039723 0.050445 0.039045
7 69 77.931038 0.050815 0.039404 0.049357 0.038509
7 70 78.045975 0.050315 0.039076 0.050213 0.038682
7 71 78.160919 0.051349 0.039585 0.051107 0.039383
7 72 78.275864 0.050397 0.039221 0.052120 0.039953
7 73 78.390808 0.050399 0.039195 0.049445 0.038762
7 74 78.505745 0.052706 0.039812 0.052882 0.039859
7 75 78.620689 0.049875 0.038648 0.051437 0.040027
7 76 78.735634 0.051772 0.040011 0.051768 0.040035
7 77 78.850578 0.049334 0.038587 0.050152 0.039376
7 78 78.965515 0.050592 0.039429 0.051206 0.039711
7 79 79.080460 0.050870 0.039341 0.050942 0.039034
7 80 79.195404 0.051135 0.039545 0.050994 0.039629
7 81 79.310349 0.050317 0.039142 0.051048 0.039580
7 82 79.425285 0.050335 0.039296 0.049390 0.038584
7 83 79.540230 0.050235 0.039082 0.050587 0.039217
7 84 79.655174 0.050939 0.039267 0.050764 0.039160
7 85 79.770119 0.051222 0.039479 0.050866 0.039540
7 86 79.885056 0.050180 0.039173 0.050705 0.039072
8 0 80.000000 0.050442 0.039035 0.050622 0.039292
8 1 80.114944 0.050196 0.038829 0.051021 0.039576
8 2 80.229881 0.049844 0.038523 0.050604 0.039144
8 3 80.344826 0.050280 0.039097 0.050241 0.038735
8 4 80.459770 0.050115 0.038821 0.051182 0.039474
8 5 80.574715 0.050096 0.038797 0.051055 0.039381
8 6 80.689651 0.051514 0.039892 0.051308 0.039517
8 7 80.804596 0.049769 0.038495 0.050912 0.039038
8 8 80.919540 0.050773 0.039237 0.050282 0.038913
8 9 81.034485 0.050417 0.039164 0.050223 0.039470
8 10 81.149422 0.051123 0.039664 0.049798 0.038980
8 11 81.264366 0.051270 0.039445 0.051432 0.039317
8 12 81.379311 0.051782 0.039595 0.050692 0.039032
8 13 81.494255 0.052666 0.039837 0.051079 0.038697
8 14 81.609192 0.051959 0.039862 0.051124 0.039307
8 15 81.724136 0.051250 0.039405 0.050294 0.038478
8 16 81.839081 0.048879 0.037907 0.050591 0.039778
8 17 81.954025 0.052041 0.040041 0.050947 0.039133
8 18 82.068962 0.050623 0.039247 0.050618 0.039297
8 19 82.183907 0.050692 0.039499 0.049620 0.038809
8 20 82.298851 0.050666 0.039577 0.051734 0.039995
8 21 82.413795 0.051665 0.039344 0.051752 0.039645
8 22 82.528732 0.049601 0.038144 0.051742 0.039855
8 23 82.643677 0.050977 0.039667 0.050766 0.039641
8 24 82.758621 0.051620 0.039304 0.051460 0.039120
8 25 82.873566 0.051667 0.039928 0.050499 0.039161
8 26 82.988503 0.050791 0.039710 0.052867 0.040938
8 27 83.103447 0.050888 0.039455 0.051303 0.039644
8 28 83.218391 0.051384 0.039873 0.051447 0.039399
8 29 83.333336 0.051517 0.039584 0.052044 0.039932
8 30 83.448273 0.049911 0.038807 0.050359 0.039110
8 31 83.563217 0.050994 0.039141 0.051775 0.039362
8 32 83.678162 0.051359 0.039410 0.051103 0.039680
8 33 83.793106 0.051230 0.039419 0.051881 0.039321
8 34 83.908043 0.051419 0.039562 0.051833 0.039896
8 35 84.022987 0.050117 0.039045 0.051122 0.039957
8 36 84.137932 0.051300 0.039387 0.050723 0.039226
8 37 84.252876 0.050320 0.039077 0.051007 0.039928
8 38 84.367813 0.052681 0.040676 0.050003 0.038443
8 39 84.482758 0.050306 0.039126 0.050375 0.038774
8 40 84.597702 0.051616 0.039542 0.050718 0.039214
8 41 84.712646 0.050411 0.038553 0.051633 0.039672
8 42 84.827583 0.051003 0.039554 0.050928 0.039612
8 43 84.942528 0.051111 0.039479 0.050527 0.039215
8 44 85.057472 0.050273 0.038808 0.050367 0.039158
8 45 85.172417 0.050943 0.039311 0.051094 0.039781
8 46 85.287354 0.051308 0.039559 0.050752 0.039488
8 47 85.402298 0.050540 0.039057 0.051182 0.039349
8 48 85.517242 0.050286 0.039330 0.050910 0.039611
8 49 85.632187 0.050795 0.039314 0.050745 0.039122
8 50 85.747124 0.050182 0.039229 0.051058 0.039769
8 51 85.862068 0.050385 0.038975 0.051833 0.039499
8 52 85.977013 0.051926 0.039771 0.051399 0.039672
8 53 86.091957 0.049953 0.038789 0.050372 0.039185
8 54 86.206894 0.049620 0.038818 0.050160 0.039302
8 55 86.321838 0.049967 0.038826 0.051578 0.039715
8 56 86.436783 0.051315 0.039340 0.052349 0.040027
8 57 86.551727 0.050808 0.039258 0.051422 0.040094
8 58 86.666664 0.051340 0.039557 0.050208 0.038788
8 59 86.781609 0.050874 0.039495 0.051666 0.039797
8 60 86.896553 0.051056 0.039328 0.050596 0.039059
8 61 87.011497 0.050027 0.038733 0.050970 0.039354
8 62 87.126434 0.051063 0.039464 0.049846 0.038708
8 63 87.241379 0.050185 0.038757 0.049661 0.038733
8 64 87.356323 0.051026 0.039625 0.050657 0.039347
8 65 87.471268 0.050518 0.039127 0.049848 0.038620
8 66 87.586205 0.051512 0.039879 0.050562 0.039811
8 67 87.701149 0.051094 0.039277 0.052111 0.040296
8 68 87.816093 0.050211 0.038779 0.050381 0.039080
8 69 87.931038 0.052074 0.040021 0.051005 0.039299
8 70 88.045975 0.051529 0.039835 0.050322 0.039275
8 71 88.160919 0.050646 0.039231 0.049611 0.038628
8 72 88.275864 0.050689 0.039383 0.050482 0.039316
8 73 88.390808 0.050154 0.039162 0.049216 0.038442
8 74 88.505745 0.049528 0.038416 0.049896 0.038759
8 75 88.620689 0.051032 0.039810 0.051035 0.039350
8 76 88.735634 0.052250 0.039534 0.050760 0.039018
8 77 88.850578 0.051272 0.039091 0.051752 0.039308
8 78 88.965515 0.051094 0.039074 0.050408 0.038892
8 79 89.080460 0.051568 0.039817 0.050726 0.039595
8 80 89.195404 0.050764 0.039626 0.050533 0.039305
8 81 89.310349 0.051255 0.039845 0.050995 0.039584
8 82 89.425285 0.050692 0.039366 0.050988 0.039285
8 83 89.540230 0.050412 0.039193 0.050988 0.039508
8 84 89.655174 0.051826 0.040099 0.050519 0.038968
8 85 89.770119 0.051066 0.039365 0.050169 0.039013
8 86 89.885056 0.051316 0.039692 0.050482 0.039041
9 0 90.000000 0.051755 0.039427 0.052082 0.039548
9 1 90.114944 0.050750 0.039070 0.050011 0.038846
9 2 90.229881 0.051348 0.039573 0.050947 0.039864
9 3 90.344826 0.050084 0.038790 0.050077 0.039060
9 4 90.459770 0.049461 0.038363 0.050284 0.039299
9 5 90.574715 0.051005 0.039446 0.051362 0.040322
9 6 90.689651 0.050015 0.038993 0.051064 0.039752
9 7 90.804596 0.050957 0.039206 0.051008 0.038848
9 8 90.919540 0.050977 0.039407 0.051405 0.039862
9 9 91.034485 0.050268 0.039125 0.050432 0.039496
9 10 91.149422 0.050826 0.039095 0.052630 0.040031
9 11 91.264366 0.051383 0.039799 0.051671 0.040090
9 12 91.379311 0.049999 0.038915 0.049261 0.038503
9 13 91.494255 0.051598 0.039625 0.052386 0.040332
9 14 91.609192 0.050728 0.039245 0.050290 0.039093
9 15 91.724136 0.050264 0.039265 0.050322 0.038817
9 16 91.839081 0.050517 0.039316 0.050572 0.038991
9 17 91.954025 0.050511 0.039390 0.050243 0.039236
9 18 92.068962 0.050616 0.038999 0.051240 0.039222
9 19 92.183907 0.051024 0.039237 0.050730 0.039031
9 20 92.298851 0.050237 0.039071 0.050646 0.039231
9 21 92.413795 0.052124 0.040439 0.049971 0.038493
9 22 92.528732 0.052193 0.040437 0.052005 0.039986
9 23 92.643677 0.050067 0.038767 0.049929 0.038711
9 24 92.758621 0.050841 0.039238 0.050807 0.039269
9 25 92.873566 0.051398 0.040104 0.049496 0.038574
9 26 92.988503 0.050409 0.039076 0.051326 0.039701
9 27 93.103447 0.049582 0.038568 0.051246 0.039585
9 28 93.218391 0.050289 0.038874 0.050600 0.039117
9 29 93.333336 0.051094 0.039702 0.051104 0.039364
9 30 93.448273 0.050696 0.038945 0.050981 0.039360
9 31 93.563217 0.051334 0.039497 0.049995 0.038791
9 32 93.678162 0.049459 0.038432 0.048603 0.038068
9 33 93.793106 0.049533 0.038644 0.050676 0.039047
9 34 93.908043 0.050253 0.038758 0.049620 0.038264
9 35 94.022987 0.049834 0.039007 0.049537 0.038675
9 36 94.137932 0.050070 0.038938 0.049525 0.038317
9 37 94.252876 0.051105 0.039628 0.050601 0.039537
9 38 94.367813 0.049183 0.038497 0.050839 0.039478
9 39 94.482758 0.050813 0.039099 0.050652 0.039332
9 40 94.597702 0.050871 0.039381 0.050004 0.038618
9 41 94.712646 0.051538 0.039836 0.050811 0.039076
9 42 94.827583 0.050356 0.039478 0.050944 0.039679
9 43 94.942528 0.051577 0.039697 0.050442 0.039225
9 44 95.057472 0.050401 0.039041 0.051673 0.039820
9 45 95.172417 0.050980 0.039338 0.050094 0.038796
9 46 95.287354 0.050081 0.038857 0.050335 0.039176
9 47 95.402298 0.051164 0.039583 0.050404 0.039029
9 48 95.517242 0.050580 0.038827 0.050629 0.039201
9 49 95.632187 0.050037 0.039110 0.049453 0.038733
9 50 95.747124 0.050774 0.039448 0.050923 0.039473
9 51 95.862068 0.052151 0.039910 0.050564 0.039099
9 52 95.977013 0.051738 0.039849 0.050505 0.039205
9 53 96.091957 0.050379 0.038428 0.052204 0.040115
9 54 96.206894 0.051418 0.039872 0.049641 0.038229
9 55 96.321838 0.051555 0.040054 0.050545 0.039354
9 56 96.436783 0.050342 0.038952 0.051730 0.040129
9 57 96.551727 0.050512 0.038598 0.050075 0.038399
9 58 96.666664 0.049745 0.038957 0.049882 0.039035
9 59 96.781609 0.049925 0.038641 0.051443 0.039722
9 60 96.896553 0.052128 0.039953 0.052262 0.039596
9 61 97.011497 0.050943 0.038952 0.050978 0.039412
9 62 97.126434 0.049995 0.039056 0.051095 0.039643
9 63 97.241379 0.051432 0.039826 0.050700 0.039171
9 64 97.356323 0.050223 0.038906 0.050687 0.039293
9 65 97.471268 0.052092 0.040529 0.051008 0.039467
9 66 97.586205 0.052008 0.040268 0.050458 0.039093
9 67 97.701149 0.050814 0.039175 0.051102 0.039388
9 68 97.816093 0.050166 0.038622 0.050604 0.039330
9 69 97.931038 0.050206 0.038724 0.051192 0.039064
9 70 98.045975 0.050646 0.039138 0.050350 0.039399
9 71 98.160919 0.050266 0.039033 0.050441 0.039545
9 72 98.275864 0.050041 0.039030 0.050886 0.039215
9 73 98.390808 0.051041 0.039352 0.049817 0.038731
9 74 98.505745 0.051108 0.039705 0.050554 0.039267
9 75 98.620689 0.050857 0.039672 0.050315 0.039003
9 76 98.735634 0.049400 0.038456 0.049190 0.038504
9 77 98.850578 0.049686 0.038232 0.050410 0.038852
9 78 98.965515 0.049266 0.038325 0.050772 0.039254
9 79 99.080460 0.050249 0.038631 0.052775 0.040304
9 80 99.195404 0.050140 0.038670 0.052041 0.040077
9 81 99.310349 0.049931 0.038488 0.049975 0.038920
9 82 99.425285 0.050403 0.038741 0.050040 0.039278
9 83 99.540230 0.050456 0.039005 0.050478 0.039429
9 84 99.655174 0.049628 0.038595 0.050938 0.039492
9 85 99.770119 0.051111 0.038950 0.050577 0.039231
9 86 99.885056 0.051732 0.039740 0.050551 0.039107
