0 -0.297081 4 0.000200
1 -0.288835 5 0.000250
2 -0.280590 4 0.000200
3 -0.272344 3 0.000150
4 -0.264099 3 0.000150
5 -0.255854 1 0.000050
6 -0.247608 2 0.000100
7 -0.239363 5 0.000250
8 -0.231117 1 0.000050
9 -0.222872 1 0.000050
10 -0.214626 2 0.000100
11 -0.206381 8 0.000400
12 -0.198135 2 0.000100
13 -0.189890 11 0.000550
14 -0.181645 13 0.000650
15 -0.173399 13 0.000650
16 -0.165154 22 0.001100
17 -0.156908 26 0.001300
18 -0.148663 30 0.001500
19 -0.140417 24 0.001200
20 -0.132172 26 0.001300
21 -0.123926 30 0.001500
22 -0.115681 28 0.001400
23 -0.107435 47 0.002350
24 -0.099190 75 0.003750
25 -0.090945 111 0.005550
26 -0.082699 196 0.009800
27 -0.074454 144 0.007200
28 -0.066208 210 0.010500
29 -0.057963 226 0.011300
30 -0.049717 228 0.011400
31 -0.041472 408 0.020400
32 -0.033226 736 0.036800
33 -0.024981 1658 0.082900
34 -0.016736 4711 0.235550
35 -0.008490 6373 0.318650
36 -0.000245 2000 0.100000
37 0.008001 823 0.041150
38 0.016246 454 0.022700
39 0.024492 293 0.014650
40 0.032737 211 0.010550
41 0.040983 154 0.007700
42 0.049228 130 0.006500
43 0.057474 120 0.006000
44 0.065719 83 0.004150
45 0.073964 62 0.003100
46 0.082210 33 0.001650
47 0.090455 39 0.001950
48 0.098701 42 0.002100
49 0.106946 24 0.001200
50 0.115192 9 0.000450
51 0.123437 20 0.001000
52 0.131683 7 0.000350
53 0.139928 12 0.000600
54 0.148173 7 0.000350
55 0.156419 8 0.000400
56 0.164664 9 0.000450
57 0.172910 3 0.000150
58 0.181155 11 0.000550
59 0.189401 4 0.000200
60 0.197646 5 0.000250
61 0.205892 1 0.000050
62 0.214137 2 0.000100
63 0.222383 1 0.000050
64 0.230628 3 0.000150
65 0.238873 0 0.000000
66 0.247119 1 0.000050
67 0.255364 0 0.000000
68 0.263610 0 0.000000
69 0.271855 0 0.000000
70 0.280101 1 0.000050
71 0.288346 4 0.000200
72 0.296592 0 0.000000
73 0.304837 6 0.000300
74 0.313082 7 0.000350
75 0.321328 4 0.000200
76 0.329573 0 0.000000
77 0.337819 0 0.000000
78 0.346064 0 0.000000
79 0.354310 0 0.000000
80 0.362555 0 0.000000
81 0.370801 0 0.000000
82 0.379046 0 0.000000
83 0.387292 0 0.000000
84 0.395537 1 0.000050
85 0.403782 0 0.000000
86 0.412028 0 0.000000
87 0.420273 0 0.000000
88 0.428519 0 0.000000
89 0.436764 0 0.000000
90 0.445010 3 0.000150
91 0.453255 3 0.000150
92 0.461501 1 0.000050
93 0.469746 1 0.000050
94 0.477991 3 0.000150
95 0.486237 1 0.000050
96 0.494482 0 0.000000
97 0.502728 1 0.000050
98 0.510973 6 0.000300
99 0.519219 0 0.000000
