0 -0.228862 6 0.000300
1 -0.224225 1 0.000050
2 -0.219589 1 0.000050
3 -0.214952 1 0.000050
4 -0.210316 2 0.000100
5 -0.205679 2 0.000100
6 -0.201043 3 0.000150
7 -0.196406 3 0.000150
8 -0.191769 11 0.000550
9 -0.187133 10 0.000500
10 -0.182496 4 0.000200
11 -0.177860 5 0.000250
12 -0.173223 5 0.000250
13 -0.168587 10 0.000500
14 -0.163950 9 0.000450
15 -0.159313 6 0.000300
16 -0.154677 7 0.000350
17 -0.150040 7 0.000350
18 -0.145404 7 0.000350
19 -0.140767 11 0.000550
20 -0.136131 12 0.000600
21 -0.131494 11 0.000550
22 -0.126858 17 0.000850
23 -0.122221 24 0.001200
24 -0.117584 19 0.000950
25 -0.112948 24 0.001200
26 -0.108311 27 0.001350
27 -0.103675 30 0.001500
28 -0.099038 30 0.001500
29 -0.094402 30 0.001500
30 -0.089765 54 0.002700
31 -0.085128 35 0.001750
32 -0.080492 45 0.002250
33 -0.075855 33 0.001650
34 -0.071219 51 0.002550
35 -0.066582 43 0.002150
36 -0.061946 67 0.003350
37 -0.057309 70 0.003500
38 -0.052672 72 0.003600
39 -0.048036 108 0.005400
40 -0.043399 141 0.007050
41 -0.038763 183 0.009150
42 -0.034126 272 0.013600
43 -0.029490 413 0.020650
44 -0.024853 624 0.031200
45 -0.020216 1052 0.052600
46 -0.015580 2038 0.101900
47 -0.010943 3975 0.198750
48 -0.006307 4671 0.233550
49 -0.001670 2070 0.103500
50 0.002966 1026 0.051300
51 0.007603 638 0.031900
52 0.012240 384 0.019200
53 0.016876 271 0.013550
54 0.021513 234 0.011700
55 0.026149 166 0.008300
56 0.030786 122 0.006100
57 0.035422 94 0.004700
58 0.040059 77 0.003850
59 0.044696 58 0.002900
60 0.049332 73 0.003650
61 0.053969 67 0.003350
62 0.058605 56 0.002800
63 0.063242 48 0.002400
64 0.067878 46 0.002300
65 0.072515 46 0.002300
66 0.077152 44 0.002200
67 0.081788 27 0.001350
68 0.086425 22 0.001100
69 0.091061 11 0.000550
70 0.095698 22 0.001100
71 0.100334 17 0.000850
72 0.104971 12 0.000600
73 0.109608 8 0.000400
74 0.114244 11 0.000550
75 0.118881 4 0.000200
76 0.123517 10 0.000500
77 0.128154 5 0.000250
78 0.132790 4 0.000200
79 0.137427 5 0.000250
80 0.142064 5 0.000250
81 0.146700 2 0.000100
82 0.151337 3 0.000150
83 0.155973 1 0.000050
84 0.160610 5 0.000250
85 0.165246 1 0.000050
86 0.169883 5 0.000250
87 0.174520 2 0.000100
88 0.179156 2 0.000100
89 0.183793 0 0.000000
90 0.188429 2 0.000100
91 0.193066 1 0.000050
92 0.197702 1 0.000050
93 0.202339 2 0.000100
94 0.206976 1 0.000050
95 0.211612 2 0.000100
96 0.216249 4 0.000200
97 0.220885 0 0.000000
98 0.225522 0 0.000000
99 0.230158 1 0.000050
