0 -0.400218 2 0.000100
1 -0.391324 1 0.000050
2 -0.382429 2 0.000100
3 -0.373535 0 0.000000
4 -0.364640 0 0.000000
5 -0.355746 0 0.000000
6 -0.346851 0 0.000000
7 -0.337957 0 0.000000
8 -0.329062 0 0.000000
9 -0.320168 2 0.000100
10 -0.311273 1 0.000050
11 -0.302379 2 0.000100
12 -0.293484 1 0.000050
13 -0.284590 8 0.000400
14 -0.275695 1 0.000050
15 -0.266801 1 0.000050
16 -0.257906 0 0.000000
17 -0.249012 0 0.000000
18 -0.240117 5 0.000250
19 -0.231222 7 0.000350
20 -0.222328 4 0.000200
21 -0.213433 13 0.000650
22 -0.204539 18 0.000900
23 -0.195644 35 0.001750
24 -0.186750 74 0.003700
25 -0.177855 65 0.003250
26 -0.168961 65 0.003250
27 -0.160066 89 0.004450
28 -0.151172 197 0.009850
29 -0.142277 275 0.013750
30 -0.133383 213 0.010650
31 -0.124488 204 0.010200
32 -0.115594 144 0.007200
33 -0.106699 244 0.012200
34 -0.097805 332 0.016600
35 -0.088910 742 0.037100
36 -0.080016 765 0.038250
37 -0.071121 415 0.020750
38 -0.062227 423 0.021150
39 -0.053332 697 0.034850
40 -0.044437 795 0.039750
41 -0.035543 692 0.034600
42 -0.026648 897 0.044850
43 -0.017754 1700 0.085000
44 -0.008859 3158 0.157900
45 0.000035 828 0.041400
46 0.008930 919 0.045950
47 0.017824 1267 0.063350
48 0.026719 531 0.026550
49 0.035613 402 0.020100
50 0.044508 545 0.027250
51 0.053402 586 0.029300
52 0.062297 516 0.025800
53 0.071191 336 0.016800
54 0.080086 200 0.010000
55 0.088980 179 0.008950
56 0.097875 202 0.010100
57 0.106769 244 0.012200
58 0.115664 366 0.018300
59 0.124559 151 0.007550
60 0.133453 71 0.003550
61 0.142348 77 0.003850
62 0.151242 98 0.004900
63 0.160137 76 0.003800
64 0.169031 45 0.002250
65 0.177926 17 0.000850
66 0.186820 12 0.000600
67 0.195715 9 0.000450
68 0.204609 5 0.000250
69 0.213504 1 0.000050
70 0.222398 1 0.000050
71 0.231293 3 0.000150
72 0.240187 1 0.000050
73 0.249082 1 0.000050
74 0.257976 3 0.000150
75 0.266871 1 0.000050
76 0.275765 0 0.000000
77 0.284660 4 0.000200
78 0.293554 7 0.000350
79 0.302449 0 0.000000
80 0.311344 0 0.000000
81 0.320238 0 0.000000
82 0.329133 0 0.000000
83 0.338027 0 0.000000
84 0.346922 3 0.000150
85 0.355816 0 0.000000
86 0.364711 0 0.000000
87 0.373605 0 0.000000
88 0.382500 2 0.000100
89 0.391394 1 0.000050
90 0.400289 0 0.000000
91 0.409183 0 0.000000
92 0.418078 0 0.000000
93 0.426972 0 0.000000
94 0.435867 0 0.000000
95 0.444761 0 0.000000
96 0.453656 0 0.000000
97 0.462550 0 0.000000
98 0.471445 1 0.000050
99 0.480340 0 0.000000
