0 0.000000 49191 0.819850
1 0.002723 3625 0.060417
2 0.005446 2552 0.042533
3 0.008169 1101 0.018350
4 0.010892 712 0.011867
5 0.013616 797 0.013283
6 0.016339 492 0.008200
7 0.019062 373 0.006217
8 0.021785 296 0.004933
9 0.024508 196 0.003267
10 0.027231 168 0.002800
11 0.029954 97 0.001617
12 0.032677 116 0.001933
13 0.035400 48 0.000800
14 0.038124 32 0.000533
15 0.040847 34 0.000567
16 0.043570 13 0.000217
17 0.046293 13 0.000217
18 0.049016 8 0.000133
19 0.051739 12 0.000200
20 0.054462 12 0.000200
21 0.057185 4 0.000067
22 0.059908 1 0.000017
23 0.062632 2 0.000033
24 0.065355 2 0.000033
25 0.068078 5 0.000083
26 0.070801 5 0.000083
27 0.073524 3 0.000050
28 0.076247 10 0.000167
29 0.078970 4 0.000067
30 0.081693 3 0.000050
31 0.084416 13 0.000217
32 0.087140 7 0.000117
33 0.089863 1 0.000017
34 0.092586 2 0.000033
35 0.095309 6 0.000100
36 0.098032 2 0.000033
37 0.100755 7 0.000117
38 0.103478 3 0.000050
39 0.106201 0 0.000000
40 0.108924 0 0.000000
41 0.111648 0 0.000000
42 0.114371 0 0.000000
43 0.117094 0 0.000000
44 0.119817 1 0.000017
45 0.122540 1 0.000017
46 0.125263 1 0.000017
47 0.127986 0 0.000000
48 0.130709 0 0.000000
49 0.133432 0 0.000000
50 0.136156 0 0.000000
51 0.138879 0 0.000000
52 0.141602 1 0.000017
53 0.144325 1 0.000017
54 0.147048 0 0.000000
55 0.149771 1 0.000017
56 0.152494 4 0.000067
57 0.155217 0 0.000000
58 0.157941 2 0.000033
59 0.160664 0 0.000000
60 0.163387 0 0.000000
61 0.166110 0 0.000000
62 0.168833 0 0.000000
63 0.171556 0 0.000000
64 0.174279 0 0.000000
65 0.177002 0 0.000000
66 0.179725 0 0.000000
67 0.182449 0 0.000000
68 0.185172 0 0.000000
69 0.187895 0 0.000000
70 0.190618 0 0.000000
71 0.193341 0 0.000000
72 0.196064 0 0.000000
73 0.198787 2 0.000033
74 0.201510 0 0.000000
75 0.204233 2 0.000033
76 0.206957 1 0.000017
77 0.209680 1 0.000017
78 0.212403 1 0.000017
79 0.215126 0 0.000000
80 0.217849 0 0.000000
81 0.220572 0 0.000000
82 0.223295 1 0.000017
83 0.226018 0 0.000000
84 0.228741 4 0.000067
85 0.231465 0 0.000000
86 0.234188 0 0.000000
87 0.236911 0 0.000000
88 0.239634 1 0.000017
89 0.242357 0 0.000000
90 0.245080 0 0.000000
91 0.247803 0 0.000000
92 0.250526 0 0.000000
93 0.253249 1 0.000017
94 0.255973 0 0.000000
95 0.258696 0 0.000000
96 0.261419 0 0.000000
97 0.264142 5 0.000083
98 0.266865 0 0.000000
99 0.269588 1 0.000017
