0 0.106308 2 0.000100
1 0.115193 1 0.000050
2 0.124078 2 0.000100
3 0.132964 0 0.000000
4 0.141849 0 0.000000
5 0.150734 0 0.000000
6 0.159620 0 0.000000
7 0.168505 0 0.000000
8 0.177390 0 0.000000
9 0.186275 0 0.000000
10 0.195161 1 0.000050
11 0.204046 3 0.000150
12 0.212931 4 0.000200
13 0.221817 8 0.000400
14 0.230702 1 0.000050
15 0.239587 0 0.000000
16 0.248472 3 0.000150
17 0.257358 2 0.000100
18 0.266243 0 0.000000
19 0.275128 2 0.000100
20 0.284014 3 0.000150
21 0.292899 14 0.000700
22 0.301784 21 0.001050
23 0.310669 31 0.001550
24 0.319555 55 0.002750
25 0.328440 101 0.005050
26 0.337325 39 0.001950
27 0.346210 68 0.003400
28 0.355096 182 0.009100
29 0.363981 182 0.009100
30 0.372866 321 0.016050
31 0.381752 200 0.010000
32 0.390637 168 0.008400
33 0.399522 203 0.010150
34 0.408407 328 0.016400
35 0.417293 478 0.023900
36 0.426178 1002 0.050100
37 0.435063 472 0.023600
38 0.443949 370 0.018500
39 0.452834 545 0.027250
40 0.461719 639 0.031950
41 0.470604 784 0.039200
42 0.479490 592 0.029600
43 0.488375 700 0.035000
44 0.497260 4474 0.223700
45 0.506146 828 0.041400
46 0.515031 668 0.033400
47 0.523916 1063 0.053150
48 0.532801 865 0.043250
49 0.541687 475 0.023750
50 0.550572 426 0.021300
51 0.559457 560 0.028000
52 0.568343 738 0.036900
53 0.577228 363 0.018150
54 0.586113 292 0.014600
55 0.594998 214 0.010700
56 0.603884 233 0.011650
57 0.612769 171 0.008550
58 0.621654 417 0.020850
59 0.630539 203 0.010150
60 0.639425 75 0.003750
61 0.648310 74 0.003700
62 0.657195 85 0.004250
63 0.666081 83 0.004150
64 0.674966 66 0.003300
65 0.683851 30 0.001500
66 0.692736 17 0.000850
67 0.701622 18 0.000900
68 0.710507 5 0.000250
69 0.719392 1 0.000050
70 0.728278 1 0.000050
71 0.737163 2 0.000100
72 0.746048 0 0.000000
73 0.754933 2 0.000100
74 0.763819 0 0.000000
75 0.772704 1 0.000050
76 0.781589 2 0.000100
77 0.790474 6 0.000300
78 0.799360 7 0.000350
79 0.808245 1 0.000050
80 0.817130 0 0.000000
81 0.826016 0 0.000000
82 0.834901 0 0.000000
83 0.843786 0 0.000000
84 0.852671 0 0.000000
85 0.861557 0 0.000000
86 0.870442 1 0.000050
87 0.879327 2 0.000100
88 0.888213 2 0.000100
89 0.897098 1 0.000050
90 0.905983 0 0.000000
91 0.914868 0 0.000000
92 0.923754 0 0.000000
93 0.932639 0 0.000000
94 0.941524 0 0.000000
95 0.950410 0 0.000000
96 0.959295 0 0.000000
97 0.968180 0 0.000000
98 0.977065 0 0.000000
99 0.985951 1 0.000050
