0 0.014612 11 0.000550
1 0.024563 8 0.000400
2 0.034514 4 0.000200
3 0.044466 6 0.000300
4 0.054417 5 0.000250
5 0.064368 4 0.000200
6 0.074319 7 0.000350
7 0.084271 9 0.000450
8 0.094222 2 0.000100
9 0.104173 5 0.000250
10 0.114124 0 0.000000
11 0.124076 2 0.000100
12 0.134027 2 0.000100
13 0.143978 2 0.000100
14 0.153929 6 0.000300
15 0.163881 3 0.000150
16 0.173832 1 0.000050
17 0.183783 1 0.000050
18 0.193735 0 0.000000
19 0.203686 1 0.000050
20 0.213637 2 0.000100
21 0.223588 4 0.000200
22 0.233540 5 0.000250
23 0.243491 16 0.000800
24 0.253442 25 0.001250
25 0.263393 30 0.001500
26 0.273345 30 0.001500
27 0.283296 32 0.001600
28 0.293247 26 0.001300
29 0.303198 35 0.001750
30 0.313150 114 0.005700
31 0.323101 108 0.005400
32 0.333052 154 0.007700
33 0.343003 89 0.004450
34 0.352955 19 0.000950
35 0.362906 20 0.001000
36 0.372857 18 0.000900
37 0.382809 16 0.000800
38 0.392760 16 0.000800
39 0.402711 37 0.001850
40 0.412662 23 0.001150
41 0.422614 31 0.001550
42 0.432565 24 0.001200
43 0.442516 42 0.002100
44 0.452467 70 0.003500
45 0.462419 52 0.002600
46 0.472370 63 0.003150
47 0.482321 97 0.004850
48 0.492272 124 0.006200
49 0.502224 129 0.006450
50 0.512175 113 0.005650
51 0.522126 165 0.008250
52 0.532077 235 0.011750
53 0.542029 258 0.012900
54 0.551980 411 0.020550
55 0.561931 536 0.026800
56 0.571882 1055 0.052750
57 0.581834 2207 0.110350
58 0.591785 2703 0.135150
59 0.601736 1396 0.069800
60 0.611687 941 0.047050
61 0.621639 758 0.037900
62 0.631590 483 0.024150
63 0.641541 367 0.018350
64 0.651493 261 0.013050
65 0.661444 234 0.011700
66 0.671395 224 0.011200
67 0.681346 203 0.010150
68 0.691298 172 0.008600
69 0.701249 179 0.008950
70 0.711200 158 0.007900
71 0.721151 143 0.007150
72 0.731103 145 0.007250
73 0.741054 169 0.008450
74 0.751005 170 0.008500
75 0.760956 165 0.008250
76 0.770908 168 0.008400
77 0.780859 166 0.008300
78 0.790810 177 0.008850
79 0.800761 148 0.007400
80 0.810713 192 0.009600
81 0.820664 216 0.010800
82 0.830615 231 0.011550
83 0.840567 220 0.011000
84 0.850518 291 0.014550
85 0.860469 447 0.022350
86 0.870420 350 0.017500
87 0.880372 374 0.018700
88 0.890323 258 0.012900
89 0.900274 261 0.013050
90 0.910225 263 0.013150
91 0.920177 357 0.017850
92 0.930128 210 0.010500
93 0.940079 137 0.006850
94 0.950030 50 0.002500
95 0.959982 41 0.002050
96 0.969933 40 0.002000
97 0.979884 17 0.000850
98 0.989835 4 0.000200
99 0.999787 1 0.000050
