0 0.064172 1 0.000017
1 0.073688 4 0.000067
2 0.083203 0 0.000000
3 0.092718 12 0.000200
4 0.102234 0 0.000000
5 0.111749 1 0.000017
6 0.121264 0 0.000000
7 0.130780 6 0.000100
8 0.140295 13 0.000217
9 0.149811 48 0.000800
10 0.159326 81 0.001350
11 0.168841 0 0.000000
12 0.178357 0 0.000000
13 0.187872 30 0.000500
14 0.197387 8 0.000133
15 0.206903 80 0.001333
16 0.216418 17 0.000283
17 0.225933 23 0.000383
18 0.235449 61 0.001017
19 0.244964 28 0.000467
20 0.254479 51 0.000850
21 0.263995 11 0.000183
22 0.273510 32 0.000533
23 0.283026 111 0.001850
24 0.292541 32 0.000533
25 0.302056 159 0.002650
26 0.311572 88 0.001467
27 0.321087 285 0.004750
28 0.330602 214 0.003567
29 0.340118 172 0.002867
30 0.349633 25 0.000417
31 0.359148 202 0.003367
32 0.368664 163 0.002717
33 0.378179 235 0.003917
34 0.387694 118 0.001967
35 0.397210 398 0.006633
36 0.406725 206 0.003433
37 0.416241 160 0.002667
38 0.425756 253 0.004217
39 0.435271 412 0.006867
40 0.444787 417 0.006950
41 0.454302 656 0.010933
42 0.463817 558 0.009300
43 0.473333 1368 0.022800
44 0.482848 1817 0.030283
45 0.492363 4214 0.070233
46 0.501879 12170 0.202833
47 0.511394 8052 0.134200
48 0.520909 3174 0.052900
49 0.530425 1666 0.027767
50 0.539940 800 0.013333
51 0.549456 815 0.013583
52 0.558971 647 0.010783
53 0.568486 844 0.014067
54 0.578002 1206 0.020100
55 0.587517 1957 0.032617
56 0.597032 3047 0.050783
57 0.606548 1644 0.027400
58 0.616063 1057 0.017617
59 0.625578 822 0.013700
60 0.635094 513 0.008550
61 0.644609 520 0.008667
62 0.654124 385 0.006417
63 0.663640 724 0.012067
64 0.673155 296 0.004933
65 0.682671 286 0.004767
66 0.692186 146 0.002433
67 0.701701 114 0.001900
68 0.711217 167 0.002783
69 0.720732 211 0.003517
70 0.730247 67 0.001117
71 0.739763 150 0.002500
72 0.749278 237 0.003950
73 0.758793 284 0.004733
74 0.768309 384 0.006400
75 0.777824 307 0.005117
76 0.787340 144 0.002400
77 0.796855 391 0.006517
78 0.806370 232 0.003867
79 0.815886 40 0.000667
80 0.825401 245 0.004083
81 0.834916 195 0.003250
82 0.844432 165 0.002750
83 0.853947 245 0.004083
84 0.863462 254 0.004233
85 0.872978 265 0.004417
86 0.882493 392 0.006533
87 0.892008 392 0.006533
88 0.901524 270 0.004500
89 0.911039 232 0.003867
90 0.920555 198 0.003300
91 0.930070 318 0.005300
92 0.939585 213 0.003550
93 0.949101 150 0.002500
94 0.958616 113 0.001883
95 0.968131 16 0.000267
96 0.977647 45 0.000750
97 0.987162 21 0.000350
98 0.996677 2 0.000033
99 1.006193 0 0.000000
