0 0.433887 2 0.000100
1 0.435604 5 0.000250
2 0.437320 0 0.000000
3 0.439037 4 0.000200
4 0.440754 0 0.000000
5 0.442470 0 0.000000
6 0.444187 6 0.000300
7 0.445904 0 0.000000
8 0.447620 21 0.001050
9 0.449337 5 0.000250
10 0.451054 12 0.000600
11 0.452770 0 0.000000
12 0.454487 0 0.000000
13 0.456204 3 0.000150
14 0.457920 0 0.000000
15 0.459637 16 0.000800
16 0.461354 0 0.000000
17 0.463070 0 0.000000
18 0.464787 27 0.001350
19 0.466504 43 0.002150
20 0.468220 36 0.001800
21 0.469937 11 0.000550
22 0.471654 6 0.000300
23 0.473370 3 0.000150
24 0.475087 32 0.001600
25 0.476804 83 0.004150
26 0.478520 32 0.001600
27 0.480237 44 0.002200
28 0.481954 68 0.003400
29 0.483670 51 0.002550
30 0.485387 50 0.002500
31 0.487104 104 0.005200
32 0.488820 217 0.010850
33 0.490537 127 0.006350
34 0.492254 209 0.010450
35 0.493970 239 0.011950
36 0.495687 280 0.014000
37 0.497404 416 0.020800
38 0.499121 403 0.020150
39 0.500837 434 0.021700
40 0.502554 550 0.027500
41 0.504270 978 0.048900
42 0.505987 1528 0.076400
43 0.507704 1968 0.098400
44 0.509421 2911 0.145550
45 0.511137 3024 0.151200
46 0.512854 1277 0.063850
47 0.514571 742 0.037100
48 0.516287 800 0.040000
49 0.518004 530 0.026500
50 0.519721 332 0.016600
51 0.521437 449 0.022450
52 0.523154 344 0.017200
53 0.524871 245 0.012250
54 0.526587 160 0.008000
55 0.528304 265 0.013250
56 0.530021 137 0.006850
57 0.531737 159 0.007950
58 0.533454 53 0.002650
59 0.535171 150 0.007500
60 0.536887 84 0.004200
61 0.538604 91 0.004550
62 0.540321 37 0.001850
63 0.542037 0 0.000000
64 0.543754 37 0.001850
65 0.545471 22 0.001100
66 0.547187 17 0.000850
67 0.548904 30 0.001500
68 0.550621 8 0.000400
69 0.552337 0 0.000000
70 0.554054 10 0.000500
71 0.555771 9 0.000450
72 0.557487 5 0.000250
73 0.559204 15 0.000750
74 0.560921 9 0.000450
75 0.562637 1 0.000050
76 0.564354 5 0.000250
77 0.566071 9 0.000450
78 0.567787 0 0.000000
79 0.569504 4 0.000200
80 0.571221 0 0.000000
81 0.572937 0 0.000000
82 0.574654 9 0.000450
83 0.576371 0 0.000000
84 0.578087 0 0.000000
85 0.579804 0 0.000000
86 0.581521 0 0.000000
87 0.583237 0 0.000000
88 0.584954 0 0.000000
89 0.586671 5 0.000250
90 0.588387 0 0.000000
91 0.590104 0 0.000000
92 0.591821 0 0.000000
93 0.593537 0 0.000000
94 0.595254 0 0.000000
95 0.596971 0 0.000000
96 0.598687 0 0.000000
97 0.600404 0 0.000000
98 0.602121 1 0.000050
99 0.603837 1 0.000050
