0 0.064172 1 0.000050
1 0.073160 4 0.000200
2 0.082147 0 0.000000
3 0.091135 6 0.000300
4 0.100123 6 0.000300
5 0.109110 0 0.000000
6 0.118098 1 0.000050
7 0.127085 6 0.000300
8 0.136073 3 0.000150
9 0.145060 10 0.000500
10 0.154048 48 0.002400
11 0.163036 19 0.000950
12 0.172023 0 0.000000
13 0.181011 0 0.000000
14 0.189998 30 0.001500
15 0.198986 8 0.000400
16 0.207973 80 0.004000
17 0.216961 17 0.000850
18 0.225949 15 0.000750
19 0.234936 34 0.001700
20 0.243924 13 0.000650
21 0.252911 33 0.001650
22 0.261899 0 0.000000
23 0.270886 0 0.000000
24 0.279874 79 0.003950
25 0.288862 44 0.002200
26 0.297849 47 0.002350
27 0.306837 150 0.007500
28 0.315824 48 0.002400
29 0.324812 41 0.002050
30 0.333799 134 0.006700
31 0.342787 111 0.005550
32 0.351775 19 0.000950
33 0.360762 98 0.004900
34 0.369750 119 0.005950
35 0.378737 220 0.011000
36 0.387725 113 0.005650
37 0.396712 268 0.013400
38 0.405700 184 0.009200
39 0.414688 113 0.005650
40 0.423675 204 0.010200
41 0.432663 344 0.017200
42 0.441650 420 0.021000
43 0.450638 436 0.021800
44 0.459625 405 0.020250
45 0.468613 580 0.029000
46 0.477601 1136 0.056800
47 0.486588 1325 0.066250
48 0.495576 2776 0.138800
49 0.504563 2818 0.140900
50 0.513551 1454 0.072700
51 0.522538 1415 0.070750
52 0.531526 741 0.037050
53 0.540514 435 0.021750
54 0.549501 401 0.020050
55 0.558489 276 0.013800
56 0.567476 328 0.016400
57 0.576464 352 0.017600
58 0.585451 121 0.006050
59 0.594439 179 0.008950
60 0.603426 190 0.009500
61 0.612414 87 0.004350
62 0.621402 158 0.007900
63 0.630389 101 0.005050
64 0.639377 26 0.001300
65 0.648364 36 0.001800
66 0.657352 114 0.005700
67 0.666340 300 0.015000
68 0.675327 66 0.003300
69 0.684315 128 0.006400
70 0.693302 24 0.001200
71 0.702290 9 0.000450
72 0.711277 16 0.000800
73 0.720265 107 0.005350
74 0.729252 0 0.000000
75 0.738240 25 0.001250
76 0.747228 49 0.002450
77 0.756215 21 0.001050
78 0.765203 1 0.000050
79 0.774190 74 0.003700
80 0.783178 2 0.000100
81 0.792166 20 0.001000
82 0.801153 14 0.000700
83 0.810141 10 0.000500
84 0.819128 8 0.000400
85 0.828116 32 0.001600
86 0.837103 34 0.001700
87 0.846091 32 0.001600
88 0.855078 0 0.000000
89 0.864066 0 0.000000
90 0.873054 7 0.000350
91 0.882041 0 0.000000
92 0.891029 11 0.000550
93 0.900016 9 0.000450
94 0.909004 0 0.000000
95 0.917992 0 0.000000
96 0.926979 0 0.000000
97 0.935967 0 0.000000
98 0.944954 12 0.000600
99 0.953942 9 0.000450
