0 0.162386 62 0.003100
1 0.170910 0 0.000000
2 0.179433 0 0.000000
3 0.187956 0 0.000000
4 0.196480 0 0.000000
5 0.205003 0 0.000000
6 0.213526 0 0.000000
7 0.222049 0 0.000000
8 0.230573 26 0.001300
9 0.239096 19 0.000950
10 0.247619 5 0.000250
11 0.256143 18 0.000900
12 0.264666 11 0.000550
13 0.273189 11 0.000550
14 0.281713 24 0.001200
15 0.290236 7 0.000350
16 0.298759 16 0.000800
17 0.307282 11 0.000550
18 0.315806 29 0.001450
19 0.324329 260 0.013000
20 0.332852 33 0.001650
21 0.341376 60 0.003000
22 0.349899 0 0.000000
23 0.358422 130 0.006500
24 0.366945 12 0.000600
25 0.375469 7 0.000350
26 0.383992 8 0.000400
27 0.392515 0 0.000000
28 0.401039 135 0.006750
29 0.409562 15 0.000750
30 0.418085 31 0.001550
31 0.426609 8 0.000400
32 0.435132 0 0.000000
33 0.443655 8 0.000400
34 0.452178 18 0.000900
35 0.460702 45 0.002250
36 0.469225 10 0.000500
37 0.477748 54 0.002700
38 0.486272 8 0.000400
39 0.494795 169 0.008450
40 0.503318 106 0.005300
41 0.511842 169 0.008450
42 0.520365 117 0.005850
43 0.528888 226 0.011300
44 0.537411 184 0.009200
45 0.545935 339 0.016950
46 0.554458 257 0.012850
47 0.562981 183 0.009150
48 0.571505 566 0.028300
49 0.580028 875 0.043750
50 0.588551 1643 0.082150
51 0.597075 2414 0.120700
52 0.605598 1666 0.083300
53 0.614121 981 0.049050
54 0.622644 766 0.038300
55 0.631168 346 0.017300
56 0.639691 544 0.027200
57 0.648214 295 0.014750
58 0.656738 247 0.012350
59 0.665261 388 0.019400
60 0.673784 211 0.010550
61 0.682307 136 0.006800
62 0.690831 93 0.004650
63 0.699354 137 0.006850
64 0.707877 146 0.007300
65 0.716401 25 0.001250
66 0.724924 103 0.005150
67 0.733447 69 0.003450
68 0.741971 163 0.008150
69 0.750494 144 0.007200
70 0.759017 248 0.012400
71 0.767540 377 0.018850
72 0.776064 97 0.004850
73 0.784587 279 0.013950
74 0.793110 304 0.015200
75 0.801634 239 0.011950
76 0.810157 67 0.003350
77 0.818680 36 0.001800
78 0.827204 227 0.011350
79 0.835727 126 0.006300
80 0.844250 123 0.006150
81 0.852773 158 0.007900
82 0.861297 217 0.010850
83 0.869820 331 0.016550
84 0.878343 304 0.015200
85 0.886867 308 0.015400
86 0.895390 248 0.012400
87 0.903913 235 0.011750
88 0.912436 233 0.011650
89 0.920960 194 0.009700
90 0.929483 262 0.013100
91 0.938006 206 0.010300
92 0.946530 178 0.008900
93 0.955053 49 0.002450
94 0.963576 94 0.004700
95 0.972100 34 0.001700
96 0.980623 14 0.000700
97 0.989146 21 0.001050
98 0.997669 1 0.000050
99 1.006193 1 0.000050
