0 0.011944 12 0.000200
1 0.021922 12 0.000200
2 0.031900 12 0.000200
3 0.041878 16 0.000267
4 0.051857 18 0.000300
5 0.061835 10 0.000167
6 0.071813 18 0.000300
7 0.081791 23 0.000383
8 0.091770 21 0.000350
9 0.101748 10 0.000167
10 0.111726 13 0.000217
11 0.121704 16 0.000267
12 0.131682 7 0.000117
13 0.141661 15 0.000250
14 0.151639 19 0.000317
15 0.161617 23 0.000383
16 0.171595 16 0.000267
17 0.181573 19 0.000317
18 0.191552 19 0.000317
19 0.201530 29 0.000483
20 0.211508 33 0.000550
21 0.221486 52 0.000867
22 0.231464 39 0.000650
23 0.241443 43 0.000717
24 0.251421 68 0.001133
25 0.261399 70 0.001167
26 0.271377 71 0.001183
27 0.281356 88 0.001467
28 0.291334 99 0.001650
29 0.301312 102 0.001700
30 0.311290 234 0.003900
31 0.321268 243 0.004050
32 0.331247 335 0.005583
33 0.341225 251 0.004183
34 0.351203 256 0.004267
35 0.361181 359 0.005983
36 0.371159 516 0.008600
37 0.381138 408 0.006800
38 0.391116 349 0.005817
39 0.401094 512 0.008533
40 0.411072 659 0.010983
41 0.421050 1228 0.020467
42 0.431029 1175 0.019583
43 0.441007 821 0.013683
44 0.450985 1185 0.019750
45 0.460963 1543 0.025717
46 0.470942 1889 0.031483
47 0.480920 2652 0.044200
48 0.490898 4255 0.070917
49 0.500876 7501 0.125017
50 0.510854 2467 0.041117
51 0.520833 2195 0.036583
52 0.530811 1894 0.031567
53 0.540789 1245 0.020750
54 0.550767 1271 0.021183
55 0.560745 1497 0.024950
56 0.570724 2044 0.034067
57 0.580702 2645 0.044083
58 0.590680 3156 0.052600
59 0.600658 2024 0.033733
60 0.610636 1279 0.021317
61 0.620615 1386 0.023100
62 0.630593 817 0.013617
63 0.640571 546 0.009100
64 0.650549 478 0.007967
65 0.660528 373 0.006217
66 0.670506 429 0.007150
67 0.680484 292 0.004867
68 0.690462 250 0.004167
69 0.700440 238 0.003967
70 0.710419 203 0.003383
71 0.720397 184 0.003067
72 0.730375 174 0.002900
73 0.740353 202 0.003367
74 0.750331 196 0.003267
75 0.760310 211 0.003517
76 0.770288 194 0.003233
77 0.780266 193 0.003217
78 0.790244 210 0.003500
79 0.800222 167 0.002783
80 0.810201 211 0.003517
81 0.820179 233 0.003883
82 0.830157 244 0.004067
83 0.840135 236 0.003933
84 0.850114 306 0.005100
85 0.860092 440 0.007333
86 0.870070 370 0.006167
87 0.880048 397 0.006617
88 0.890026 268 0.004467
89 0.900005 272 0.004533
90 0.909983 283 0.004717
91 0.919961 372 0.006200
92 0.929939 223 0.003717
93 0.939917 151 0.002517
94 0.949896 50 0.000833
95 0.959874 45 0.000750
96 0.969852 52 0.000867
97 0.979830 18 0.000300
98 0.989808 4 0.000067
99 0.999787 1 0.000017
