0 0.011944 4 0.000200
1 0.021714 5 0.000250
2 0.031485 5 0.000250
3 0.041255 6 0.000300
4 0.051026 15 0.000750
5 0.060796 8 0.000400
6 0.070567 8 0.000400
7 0.080337 17 0.000850
8 0.090108 14 0.000700
9 0.099878 7 0.000350
10 0.109649 10 0.000500
11 0.119419 12 0.000600
12 0.129190 5 0.000250
13 0.138960 14 0.000700
14 0.148731 10 0.000500
15 0.158501 15 0.000750
16 0.168272 20 0.001000
17 0.178042 13 0.000650
18 0.187813 23 0.001150
19 0.197583 18 0.000900
20 0.207354 27 0.001350
21 0.217124 29 0.001450
22 0.226895 42 0.002100
23 0.236665 28 0.001400
24 0.246436 32 0.001600
25 0.256206 39 0.001950
26 0.265977 36 0.001800
27 0.275747 52 0.002600
28 0.285518 54 0.002700
29 0.295288 61 0.003050
30 0.305059 55 0.002750
31 0.314829 79 0.003950
32 0.324600 77 0.003850
33 0.334370 96 0.004800
34 0.344141 83 0.004150
35 0.353911 83 0.004150
36 0.363682 147 0.007350
37 0.373452 136 0.006800
38 0.383223 152 0.007600
39 0.392993 165 0.008250
40 0.402764 216 0.010800
41 0.412534 225 0.011250
42 0.422305 290 0.014500
43 0.432075 391 0.019550
44 0.441846 366 0.018300
45 0.451616 558 0.027900
46 0.461387 751 0.037550
47 0.471157 973 0.048650
48 0.480928 1796 0.089800
49 0.490698 3086 0.154300
50 0.500469 2909 0.145450
51 0.510239 1559 0.077950
52 0.520010 997 0.049850
53 0.529780 660 0.033000
54 0.539551 447 0.022350
55 0.549321 380 0.019000
56 0.559092 342 0.017100
57 0.568862 318 0.015900
58 0.578633 262 0.013100
59 0.588403 185 0.009250
60 0.598174 149 0.007450
61 0.607944 151 0.007550
62 0.617715 139 0.006950
63 0.627485 117 0.005850
64 0.637256 101 0.005050
65 0.647026 100 0.005000
66 0.656797 71 0.003550
67 0.666567 87 0.004350
68 0.676338 75 0.003750
69 0.686108 42 0.002100
70 0.695879 39 0.001950
71 0.705649 43 0.002150
72 0.715420 39 0.001950
73 0.725190 32 0.001600
74 0.734961 28 0.001400
75 0.744731 31 0.001550
76 0.754502 26 0.001300
77 0.764272 39 0.001950
78 0.774043 25 0.001250
79 0.783813 23 0.001150
80 0.793584 18 0.000900
81 0.803354 20 0.001000
82 0.813125 17 0.000850
83 0.822895 16 0.000800
84 0.832666 11 0.000550
85 0.842436 14 0.000700
86 0.852207 11 0.000550
87 0.861977 7 0.000350
88 0.871748 11 0.000550
89 0.881518 12 0.000600
90 0.891289 13 0.000650
91 0.901059 14 0.000700
92 0.910830 12 0.000600
93 0.920600 17 0.000850
94 0.930371 12 0.000600
95 0.940141 9 0.000450
96 0.949912 1 0.000050
97 0.959682 5 0.000250
98 0.969453 9 0.000450
99 0.979223 1 0.000050
