0 -0.418138 1 0.000017
1 -0.409817 2 0.000033
2 -0.401495 0 0.000000
3 -0.393173 0 0.000000
4 -0.384851 0 0.000000
5 -0.376529 1 0.000017
6 -0.368208 2 0.000033
7 -0.359886 1 0.000017
8 -0.351564 1 0.000017
9 -0.343242 3 0.000050
10 -0.334920 0 0.000000
11 -0.326598 0 0.000000
12 -0.318277 2 0.000033
13 -0.309955 0 0.000000
14 -0.301633 1 0.000017
15 -0.293311 2 0.000033
16 -0.284989 2 0.000033
17 -0.276667 6 0.000100
18 -0.268346 3 0.000050
19 -0.260024 1 0.000017
20 -0.251702 0 0.000000
21 -0.243380 1 0.000017
22 -0.235058 3 0.000050
23 -0.226737 2 0.000033
24 -0.218415 3 0.000050
25 -0.210093 9 0.000150
26 -0.201771 11 0.000183
27 -0.193449 23 0.000383
28 -0.185127 60 0.001000
29 -0.176806 68 0.001133
30 -0.168484 71 0.001183
31 -0.160162 82 0.001367
32 -0.151840 134 0.002233
33 -0.143518 227 0.003783
34 -0.135196 205 0.003417
35 -0.126875 152 0.002533
36 -0.118553 157 0.002617
37 -0.110231 192 0.003200
38 -0.101909 227 0.003783
39 -0.093587 351 0.005850
40 -0.085265 596 0.009933
41 -0.076944 603 0.010050
42 -0.068622 545 0.009083
43 -0.060300 519 0.008650
44 -0.051978 523 0.008717
45 -0.043656 857 0.014283
46 -0.035335 1012 0.016867
47 -0.027013 1687 0.028117
48 -0.018691 5403 0.090050
49 -0.010369 25942 0.432367
50 -0.002047 11091 0.184850
51 0.006275 2119 0.035317
52 0.014596 1194 0.019900
53 0.022918 1009 0.016817
54 0.031240 660 0.011000
55 0.039562 481 0.008017
56 0.047884 476 0.007933
57 0.056206 587 0.009783
58 0.064527 444 0.007400
59 0.072849 355 0.005917
60 0.081171 250 0.004167
61 0.089493 199 0.003317
62 0.097815 183 0.003050
63 0.106136 196 0.003267
64 0.114458 259 0.004317
65 0.122780 217 0.003617
66 0.131102 136 0.002267
67 0.139424 106 0.001767
68 0.147746 97 0.001617
69 0.156067 98 0.001633
70 0.164389 59 0.000983
71 0.172711 27 0.000450
72 0.181033 14 0.000233
73 0.189355 10 0.000167
74 0.197677 9 0.000150
75 0.205998 9 0.000150
76 0.214320 6 0.000100
77 0.222642 1 0.000017
78 0.230964 2 0.000033
79 0.239286 0 0.000000
80 0.247607 2 0.000033
81 0.255929 1 0.000017
82 0.264251 2 0.000033
83 0.272573 1 0.000017
84 0.280895 1 0.000017
85 0.289217 2 0.000033
86 0.297538 0 0.000000
87 0.305860 0 0.000000
88 0.314182 1 0.000017
89 0.322504 1 0.000017
90 0.330826 1 0.000017
91 0.339148 0 0.000000
92 0.347469 0 0.000000
93 0.355791 0 0.000000
94 0.364113 0 0.000000
95 0.372435 0 0.000000
96 0.380757 0 0.000000
97 0.389079 0 0.000000
98 0.397400 0 0.000000
99 0.405722 1 0.000017
