0 -0.418138 1 0.000050
1 -0.409817 2 0.000100
2 -0.401495 0 0.000000
3 -0.393173 0 0.000000
4 -0.384851 0 0.000000
5 -0.376529 1 0.000050
6 -0.368208 2 0.000100
7 -0.359886 1 0.000050
8 -0.351564 1 0.000050
9 -0.343242 3 0.000150
10 -0.334920 0 0.000000
11 -0.326598 0 0.000000
12 -0.318277 2 0.000100
13 -0.309955 0 0.000000
14 -0.301633 1 0.000050
15 -0.293311 2 0.000100
16 -0.284989 2 0.000100
17 -0.276667 6 0.000300
18 -0.268346 3 0.000150
19 -0.260024 1 0.000050
20 -0.251702 0 0.000000
21 -0.243380 1 0.000050
22 -0.235058 3 0.000150
23 -0.226737 2 0.000100
24 -0.218415 3 0.000150
25 -0.210093 9 0.000450
26 -0.201771 11 0.000550
27 -0.193449 23 0.001150
28 -0.185127 60 0.003000
29 -0.176806 68 0.003400
30 -0.168484 71 0.003550
31 -0.160162 82 0.004100
32 -0.151840 134 0.006700
33 -0.143518 227 0.011350
34 -0.135196 205 0.010250
35 -0.126875 152 0.007600
36 -0.118553 157 0.007850
37 -0.110231 188 0.009400
38 -0.101909 223 0.011150
39 -0.093587 343 0.017150
40 -0.085265 589 0.029450
41 -0.076944 585 0.029250
42 -0.068622 502 0.025100
43 -0.060300 466 0.023300
44 -0.051978 426 0.021300
45 -0.043656 680 0.034000
46 -0.035335 566 0.028300
47 -0.027013 477 0.023850
48 -0.018691 879 0.043950
49 -0.010369 4341 0.217050
50 -0.002047 1638 0.081900
51 0.006275 670 0.033500
52 0.014596 722 0.036100
53 0.022918 827 0.041350
54 0.031240 554 0.027700
55 0.039562 427 0.021350
56 0.047884 436 0.021800
57 0.056206 565 0.028250
58 0.064527 431 0.021550
59 0.072849 350 0.017500
60 0.081171 246 0.012300
61 0.089493 193 0.009650
62 0.097815 182 0.009100
63 0.106136 195 0.009750
64 0.114458 259 0.012950
65 0.122780 217 0.010850
66 0.131102 136 0.006800
67 0.139424 106 0.005300
68 0.147746 97 0.004850
69 0.156067 98 0.004900
70 0.164389 59 0.002950
71 0.172711 27 0.001350
72 0.181033 14 0.000700
73 0.189355 10 0.000500
74 0.197677 9 0.000450
75 0.205998 9 0.000450
76 0.214320 6 0.000300
77 0.222642 1 0.000050
78 0.230964 2 0.000100
79 0.239286 0 0.000000
80 0.247607 2 0.000100
81 0.255929 1 0.000050
82 0.264251 2 0.000100
83 0.272573 1 0.000050
84 0.280895 1 0.000050
85 0.289217 2 0.000100
86 0.297538 0 0.000000
87 0.305860 0 0.000000
88 0.314182 1 0.000050
89 0.322504 1 0.000050
90 0.330826 1 0.000050
91 0.339148 0 0.000000
92 0.347469 0 0.000000
93 0.355791 0 0.000000
94 0.364113 0 0.000000
95 0.372435 0 0.000000
96 0.380757 0 0.000000
97 0.389079 0 0.000000
98 0.397400 0 0.000000
99 0.405722 1 0.000050
