0 0.000000 50937 0.848950
1 0.001766 2230 0.037167
2 0.003532 1613 0.026883
3 0.005298 1355 0.022583
4 0.007064 683 0.011383
5 0.008830 464 0.007733
6 0.010596 354 0.005900
7 0.012362 364 0.006067
8 0.014128 351 0.005850
9 0.015895 315 0.005250
10 0.017661 269 0.004483
11 0.019427 244 0.004067
12 0.021193 155 0.002583
13 0.022959 131 0.002183
14 0.024725 107 0.001783
15 0.026491 104 0.001733
16 0.028257 72 0.001200
17 0.030023 60 0.001000
18 0.031789 39 0.000650
19 0.033555 28 0.000467
20 0.035321 20 0.000333
21 0.037087 16 0.000267
22 0.038853 6 0.000100
23 0.040619 12 0.000200
24 0.042385 7 0.000117
25 0.044151 7 0.000117
26 0.045918 5 0.000083
27 0.047684 3 0.000050
28 0.049450 2 0.000033
29 0.051216 1 0.000017
30 0.052982 1 0.000017
31 0.054748 3 0.000050
32 0.056514 0 0.000000
33 0.058280 1 0.000017
34 0.060046 0 0.000000
35 0.061812 1 0.000017
36 0.063578 1 0.000017
37 0.065344 0 0.000000
38 0.067110 2 0.000033
39 0.068876 3 0.000050
40 0.070642 1 0.000017
41 0.072408 4 0.000067
42 0.074174 2 0.000033
43 0.075941 2 0.000033
44 0.077707 2 0.000033
45 0.079473 1 0.000017
46 0.081239 0 0.000000
47 0.083005 1 0.000017
48 0.084771 2 0.000033
49 0.086537 1 0.000017
50 0.088303 1 0.000017
51 0.090069 0 0.000000
52 0.091835 0 0.000000
53 0.093601 0 0.000000
54 0.095367 1 0.000017
55 0.097133 1 0.000017
56 0.098899 0 0.000000
57 0.100665 1 0.000017
58 0.102431 0 0.000000
59 0.104197 1 0.000017
60 0.105964 0 0.000000
61 0.107730 0 0.000000
62 0.109496 1 0.000017
63 0.111262 0 0.000000
64 0.113028 3 0.000050
65 0.114794 0 0.000000
66 0.116560 0 0.000000
67 0.118326 0 0.000000
68 0.120092 0 0.000000
69 0.121858 1 0.000017
70 0.123624 0 0.000000
71 0.125390 0 0.000000
72 0.127156 0 0.000000
73 0.128922 2 0.000033
74 0.130688 0 0.000000
75 0.132454 0 0.000000
76 0.134220 1 0.000017
77 0.135986 0 0.000000
78 0.137753 1 0.000017
79 0.139519 0 0.000000
80 0.141285 0 0.000000
81 0.143051 0 0.000000
82 0.144817 0 0.000000
83 0.146583 0 0.000000
84 0.148349 0 0.000000
85 0.150115 0 0.000000
86 0.151881 0 0.000000
87 0.153647 0 0.000000
88 0.155413 0 0.000000
89 0.157179 0 0.000000
90 0.158945 0 0.000000
91 0.160711 0 0.000000
92 0.162477 0 0.000000
93 0.164243 3 0.000050
94 0.166009 0 0.000000
95 0.167776 0 0.000000
96 0.169542 0 0.000000
97 0.171308 0 0.000000
98 0.173074 0 0.000000
99 0.174840 1 0.000017
