0 -0.109732 2 0.000100
1 -0.107498 0 0.000000
2 -0.105264 1 0.000050
3 -0.103030 0 0.000000
4 -0.100795 2 0.000100
5 -0.098561 1 0.000050
6 -0.096327 0 0.000000
7 -0.094093 1 0.000050
8 -0.091859 2 0.000100
9 -0.089625 2 0.000100
10 -0.087390 1 0.000050
11 -0.085156 1 0.000050
12 -0.082922 1 0.000050
13 -0.080688 2 0.000100
14 -0.078454 3 0.000150
15 -0.076220 1 0.000050
16 -0.073985 5 0.000250
17 -0.071751 1 0.000050
18 -0.069517 2 0.000100
19 -0.067283 3 0.000150
20 -0.065049 5 0.000250
21 -0.062815 6 0.000300
22 -0.060581 7 0.000350
23 -0.058346 4 0.000200
24 -0.056112 1 0.000050
25 -0.053878 9 0.000450
26 -0.051644 8 0.000400
27 -0.049410 13 0.000650
28 -0.047176 17 0.000850
29 -0.044941 25 0.001250
30 -0.042707 17 0.000850
31 -0.040473 30 0.001500
32 -0.038239 29 0.001450
33 -0.036005 33 0.001650
34 -0.033771 53 0.002650
35 -0.031536 54 0.002700
36 -0.029302 82 0.004100
37 -0.027068 105 0.005250
38 -0.024834 119 0.005950
39 -0.022600 183 0.009150
40 -0.020366 211 0.010550
41 -0.018131 316 0.015800
42 -0.015897 510 0.025500
43 -0.013663 793 0.039650
44 -0.011429 1415 0.070750
45 -0.009195 2889 0.144450
46 -0.006961 4487 0.224350
47 -0.004726 3973 0.198650
48 -0.002492 1927 0.096350
49 -0.000258 892 0.044600
50 0.001976 493 0.024650
51 0.004210 318 0.015900
52 0.006444 212 0.010600
53 0.008679 145 0.007250
54 0.010913 124 0.006200
55 0.013147 79 0.003950
56 0.015381 66 0.003300
57 0.017615 42 0.002100
58 0.019849 31 0.001550
59 0.022083 31 0.001550
60 0.024318 35 0.001750
61 0.026552 13 0.000650
62 0.028786 27 0.001350
63 0.031020 19 0.000950
64 0.033254 17 0.000850
65 0.035488 6 0.000300
66 0.037723 9 0.000450
67 0.039957 5 0.000250
68 0.042191 14 0.000700
69 0.044425 5 0.000250
70 0.046659 2 0.000100
71 0.048893 10 0.000500
72 0.051128 12 0.000600
73 0.053362 5 0.000250
74 0.055596 4 0.000200
75 0.057830 4 0.000200
76 0.060064 3 0.000150
77 0.062298 2 0.000100
78 0.064533 2 0.000100
79 0.066767 3 0.000150
80 0.069001 4 0.000200
81 0.071235 1 0.000050
82 0.073469 1 0.000050
83 0.075703 0 0.000000
84 0.077938 0 0.000000
85 0.080172 1 0.000050
86 0.082406 0 0.000000
87 0.084640 1 0.000050
88 0.086874 3 0.000150
89 0.089108 4 0.000200
90 0.091342 1 0.000050
91 0.093577 0 0.000000
92 0.095811 0 0.000000
93 0.098045 0 0.000000
94 0.100279 0 0.000000
95 0.102513 0 0.000000
96 0.104747 1 0.000050
97 0.106982 0 0.000000
98 0.109216 0 0.000000
99 0.111450 1 0.000050
