0 -0.103621 1 0.000050
1 -0.101668 0 0.000000
2 -0.099714 0 0.000000
3 -0.097761 0 0.000000
4 -0.095808 1 0.000050
5 -0.093855 0 0.000000
6 -0.091901 1 0.000050
7 -0.089948 0 0.000000
8 -0.087995 0 0.000000
9 -0.086041 1 0.000050
10 -0.084088 0 0.000000
11 -0.082135 1 0.000050
12 -0.080181 1 0.000050
13 -0.078228 0 0.000000
14 -0.076275 2 0.000100
15 -0.074321 2 0.000100
16 -0.072368 0 0.000000
17 -0.070415 4 0.000200
18 -0.068461 5 0.000250
19 -0.066508 3 0.000150
20 -0.064555 9 0.000450
21 -0.062601 8 0.000400
22 -0.060648 7 0.000350
23 -0.058695 6 0.000300
24 -0.056741 11 0.000550
25 -0.054788 6 0.000300
26 -0.052835 10 0.000500
27 -0.050881 13 0.000650
28 -0.048928 7 0.000350
29 -0.046975 11 0.000550
30 -0.045021 10 0.000500
31 -0.043068 16 0.000800
32 -0.041115 22 0.001100
33 -0.039162 23 0.001150
34 -0.037208 19 0.000950
35 -0.035255 28 0.001400
36 -0.033302 38 0.001900
37 -0.031348 71 0.003550
38 -0.029395 72 0.003600
39 -0.027442 101 0.005050
40 -0.025488 101 0.005050
41 -0.023535 134 0.006700
42 -0.021582 216 0.010800
43 -0.019628 284 0.014200
44 -0.017675 382 0.019100
45 -0.015722 492 0.024600
46 -0.013768 690 0.034500
47 -0.011815 825 0.041250
48 -0.009862 1159 0.057950
49 -0.007908 1681 0.084050
50 -0.005955 2490 0.124500
51 -0.004002 3270 0.163500
52 -0.002048 2896 0.144800
53 -0.000095 1883 0.094150
54 0.001858 886 0.044300
55 0.003812 593 0.029650
56 0.005765 344 0.017200
57 0.007718 261 0.013050
58 0.009672 191 0.009550
59 0.011625 144 0.007200
60 0.013578 138 0.006900
61 0.015532 93 0.004650
62 0.017485 71 0.003550
63 0.019438 37 0.001850
64 0.021391 34 0.001700
65 0.023345 30 0.001500
66 0.025298 24 0.001200
67 0.027251 15 0.000750
68 0.029205 13 0.000650
69 0.031158 16 0.000800
70 0.033111 17 0.000850
71 0.035065 11 0.000550
72 0.037018 10 0.000500
73 0.038971 7 0.000350
74 0.040925 7 0.000350
75 0.042878 8 0.000400
76 0.044831 8 0.000400
77 0.046785 1 0.000050
78 0.048738 5 0.000250
79 0.050691 3 0.000150
80 0.052645 2 0.000100
81 0.054598 3 0.000150
82 0.056551 4 0.000200
83 0.058505 0 0.000000
84 0.060458 3 0.000150
85 0.062411 1 0.000050
86 0.064365 1 0.000050
87 0.066318 1 0.000050
88 0.068271 0 0.000000
89 0.070225 1 0.000050
90 0.072178 2 0.000100
91 0.074131 1 0.000050
92 0.076084 0 0.000000
93 0.078038 0 0.000000
94 0.079991 0 0.000000
95 0.081944 0 0.000000
96 0.083898 0 0.000000
97 0.085851 0 0.000000
98 0.087804 1 0.000050
99 0.089758 0 0.000000
