0 0.009151 2 0.000100
1 0.018941 0 0.000000
2 0.028731 0 0.000000
3 0.038522 5 0.000250
4 0.048312 9 0.000450
5 0.058102 3 0.000150
6 0.067892 7 0.000350
7 0.077683 17 0.000850
8 0.087473 6 0.000300
9 0.097263 26 0.001300
10 0.107053 3 0.000150
11 0.116844 28 0.001400
12 0.126634 7 0.000350
13 0.136424 27 0.001350
14 0.146214 20 0.001000
15 0.156005 14 0.000700
16 0.165795 22 0.001100
17 0.175585 24 0.001200
18 0.185376 31 0.001550
19 0.195166 26 0.001300
20 0.204956 23 0.001150
21 0.214746 26 0.001300
22 0.224537 13 0.000650
23 0.234327 27 0.001350
24 0.244117 40 0.002000
25 0.253907 58 0.002900
26 0.263698 39 0.001950
27 0.273488 58 0.002900
28 0.283278 51 0.002550
29 0.293068 67 0.003350
30 0.302859 70 0.003500
31 0.312649 37 0.001850
32 0.322439 86 0.004300
33 0.332230 89 0.004450
34 0.342020 59 0.002950
35 0.351810 115 0.005750
36 0.361600 136 0.006800
37 0.371391 115 0.005750
38 0.381181 156 0.007800
39 0.390971 157 0.007850
40 0.400761 169 0.008450
41 0.410552 291 0.014550
42 0.420342 262 0.013100
43 0.430132 311 0.015550
44 0.439922 359 0.017950
45 0.449713 447 0.022350
46 0.459503 588 0.029400
47 0.469293 878 0.043900
48 0.479084 1060 0.053000
49 0.488874 1887 0.094350
50 0.498664 3508 0.175400
51 0.508454 2176 0.108800
52 0.518245 1345 0.067250
53 0.528035 827 0.041350
54 0.537825 597 0.029850
55 0.547615 461 0.023050
56 0.557406 338 0.016900
57 0.567196 381 0.019050
58 0.576986 350 0.017500
59 0.586776 238 0.011900
60 0.596567 132 0.006600
61 0.606357 170 0.008500
62 0.616147 151 0.007550
63 0.625938 121 0.006050
64 0.635728 144 0.007200
65 0.645518 110 0.005500
66 0.655308 99 0.004950
67 0.665099 84 0.004200
68 0.674889 99 0.004950
69 0.684679 101 0.005050
70 0.694469 34 0.001700
71 0.704260 45 0.002250
72 0.714050 33 0.001650
73 0.723840 59 0.002950
74 0.733630 31 0.001550
75 0.743421 35 0.001750
76 0.753211 31 0.001550
77 0.763001 14 0.000700
78 0.772792 30 0.001500
79 0.782582 37 0.001850
80 0.792372 34 0.001700
81 0.802162 14 0.000700
82 0.811953 21 0.001050
83 0.821743 12 0.000600
84 0.831533 18 0.000900
85 0.841323 14 0.000700
86 0.851114 21 0.001050
87 0.860904 17 0.000850
88 0.870694 6 0.000300
89 0.880485 15 0.000750
90 0.890275 19 0.000950
91 0.900065 11 0.000550
92 0.909855 10 0.000500
93 0.919646 11 0.000550
94 0.929436 8 0.000400
95 0.939226 13 0.000650
96 0.949016 16 0.000800
97 0.958807 3 0.000150
98 0.968597 4 0.000200
99 0.978387 1 0.000050
