0 0.009151 15 0.000250
1 0.019339 0 0.000000
2 0.029527 2 0.000033
3 0.039716 7 0.000117
4 0.049904 19 0.000317
5 0.060092 5 0.000083
6 0.070280 12 0.000200
7 0.080469 18 0.000300
8 0.090657 12 0.000200
9 0.100845 24 0.000400
10 0.111034 12 0.000200
11 0.121222 30 0.000500
12 0.131410 19 0.000317
13 0.141598 30 0.000500
14 0.151787 13 0.000217
15 0.161975 23 0.000383
16 0.172163 36 0.000600
17 0.182352 31 0.000517
18 0.192540 30 0.000500
19 0.202728 32 0.000533
20 0.212916 23 0.000383
21 0.223105 24 0.000400
22 0.233293 41 0.000683
23 0.243481 60 0.001000
24 0.253669 83 0.001383
25 0.263858 72 0.001200
26 0.274046 76 0.001267
27 0.284234 118 0.001967
28 0.294423 94 0.001567
29 0.304611 144 0.002400
30 0.314799 133 0.002217
31 0.324987 312 0.005200
32 0.335176 193 0.003217
33 0.345364 92 0.001533
34 0.355552 172 0.002867
35 0.365741 152 0.002533
36 0.375929 145 0.002417
37 0.386117 189 0.003150
38 0.396305 196 0.003267
39 0.406494 294 0.004900
40 0.416682 344 0.005733
41 0.426870 370 0.006167
42 0.437059 460 0.007667
43 0.447247 614 0.010233
44 0.457435 886 0.014767
45 0.467623 1282 0.021367
46 0.477812 2000 0.033333
47 0.488000 4117 0.068617
48 0.498188 11399 0.189983
49 0.508376 8448 0.140800
50 0.518565 2773 0.046217
51 0.528753 1501 0.025017
52 0.538941 1143 0.019050
53 0.549130 895 0.014917
54 0.559318 915 0.015250
55 0.569506 1165 0.019417
56 0.579694 1998 0.033300
57 0.589883 2724 0.045400
58 0.600071 1960 0.032667
59 0.610259 1268 0.021133
60 0.620448 1001 0.016683
61 0.630636 657 0.010950
62 0.640824 496 0.008267
63 0.651012 447 0.007450
64 0.661201 365 0.006083
65 0.671389 349 0.005817
66 0.681577 275 0.004583
67 0.691766 272 0.004533
68 0.701954 260 0.004333
69 0.712142 134 0.002233
70 0.722330 225 0.003750
71 0.732519 202 0.003367
72 0.742707 204 0.003400
73 0.752895 220 0.003667
74 0.763084 155 0.002583
75 0.773272 194 0.003233
76 0.783460 237 0.003950
77 0.793648 225 0.003750
78 0.803837 175 0.002917
79 0.814025 208 0.003467
80 0.824213 228 0.003800
81 0.834401 252 0.004200
82 0.844590 306 0.005100
83 0.854778 392 0.006533
84 0.864966 353 0.005883
85 0.875155 437 0.007283
86 0.885343 491 0.008183
87 0.895531 319 0.005317
88 0.905719 319 0.005317
89 0.915908 321 0.005350
90 0.926096 347 0.005783
91 0.936284 225 0.003750
92 0.946473 198 0.003300
93 0.956661 122 0.002033
94 0.966849 62 0.001033
95 0.977037 32 0.000533
96 0.987226 40 0.000667
97 0.997414 7 0.000117
98 1.007602 2 0.000033
99 1.017791 1 0.000017
