0 0.012610 2 0.000100
1 0.022365 8 0.000400
2 0.032120 9 0.000450
3 0.041875 7 0.000350
4 0.051630 11 0.000550
5 0.061384 11 0.000550
6 0.071139 11 0.000550
7 0.080894 10 0.000500
8 0.090649 9 0.000450
9 0.100404 24 0.001200
10 0.110158 9 0.000450
11 0.119913 13 0.000650
12 0.129668 11 0.000550
13 0.139423 17 0.000850
14 0.149177 12 0.000600
15 0.158932 19 0.000950
16 0.168687 13 0.000650
17 0.178442 20 0.001000
18 0.188197 16 0.000800
19 0.197951 17 0.000850
20 0.207706 37 0.001850
21 0.217461 39 0.001950
22 0.227216 26 0.001300
23 0.236971 25 0.001250
24 0.246725 47 0.002350
25 0.256480 40 0.002000
26 0.266235 40 0.002000
27 0.275990 57 0.002850
28 0.285745 64 0.003200
29 0.295499 78 0.003900
30 0.305254 53 0.002650
31 0.315009 79 0.003950
32 0.324764 108 0.005400
33 0.334518 86 0.004300
34 0.344273 69 0.003450
35 0.354028 83 0.004150
36 0.363783 140 0.007000
37 0.373538 120 0.006000
38 0.383292 177 0.008850
39 0.393047 184 0.009200
40 0.402802 234 0.011700
41 0.412557 272 0.013600
42 0.422312 280 0.014000
43 0.432066 374 0.018700
44 0.441821 403 0.020150
45 0.451576 543 0.027150
46 0.461331 745 0.037250
47 0.471086 1000 0.050000
48 0.480840 1626 0.081300
49 0.490595 3125 0.156250
50 0.500350 2796 0.139800
51 0.510105 1587 0.079350
52 0.519859 940 0.047000
53 0.529614 641 0.032050
54 0.539369 461 0.023050
55 0.549124 336 0.016800
56 0.558879 406 0.020300
57 0.568633 319 0.015950
58 0.578388 273 0.013650
59 0.588143 148 0.007400
60 0.597898 161 0.008050
61 0.607653 145 0.007250
62 0.617407 172 0.008600
63 0.627162 124 0.006200
64 0.636917 96 0.004800
65 0.646672 110 0.005500
66 0.656426 89 0.004450
67 0.666181 79 0.003950
68 0.675936 87 0.004350
69 0.685691 69 0.003450
70 0.695446 52 0.002600
71 0.705200 40 0.002000
72 0.714955 32 0.001600
73 0.724710 33 0.001650
74 0.734465 27 0.001350
75 0.744220 37 0.001850
76 0.753974 29 0.001450
77 0.763729 35 0.001750
78 0.773484 25 0.001250
79 0.783239 22 0.001100
80 0.792994 18 0.000900
81 0.802748 13 0.000650
82 0.812503 17 0.000850
83 0.822258 20 0.001000
84 0.832013 14 0.000700
85 0.841767 18 0.000900
86 0.851522 7 0.000350
87 0.861277 7 0.000350
88 0.871032 6 0.000300
89 0.880787 9 0.000450
90 0.890541 14 0.000700
91 0.900296 11 0.000550
92 0.910051 21 0.001050
93 0.919806 12 0.000600
94 0.929561 19 0.000950
95 0.939315 9 0.000450
96 0.949070 3 0.000150
97 0.958825 1 0.000050
98 0.968580 6 0.000300
99 0.978335 1 0.000050
