0 0.043513 1 0.000050
1 0.052204 0 0.000000
2 0.060895 0 0.000000
3 0.069586 0 0.000000
4 0.078277 0 0.000000
5 0.086968 0 0.000000
6 0.095659 0 0.000000
7 0.104350 0 0.000000
8 0.113042 3 0.000150
9 0.121733 1 0.000050
10 0.130424 2 0.000100
11 0.139115 0 0.000000
12 0.147806 0 0.000000
13 0.156497 0 0.000000
14 0.165188 0 0.000000
15 0.173879 0 0.000000
16 0.182570 0 0.000000
17 0.191261 1 0.000050
18 0.199952 3 0.000150
19 0.208643 3 0.000150
20 0.217335 9 0.000450
21 0.226026 3 0.000150
22 0.234717 2 0.000100
23 0.243408 1 0.000050
24 0.252099 0 0.000000
25 0.260790 0 0.000000
26 0.269481 2 0.000100
27 0.278172 1 0.000050
28 0.286863 3 0.000150
29 0.295554 12 0.000600
30 0.304245 21 0.001050
31 0.312937 46 0.002300
32 0.321628 72 0.003600
33 0.330319 77 0.003850
34 0.339010 55 0.002750
35 0.347701 51 0.002550
36 0.356392 154 0.007700
37 0.365083 200 0.010000
38 0.373774 271 0.013550
39 0.382465 203 0.010150
40 0.391156 214 0.010700
41 0.399847 214 0.010700
42 0.408538 301 0.015050
43 0.417230 456 0.022800
44 0.425921 954 0.047700
45 0.434612 462 0.023100
46 0.443303 361 0.018050
47 0.451994 481 0.024050
48 0.460685 640 0.032000
49 0.469376 864 0.043200
50 0.478067 528 0.026400
51 0.486758 653 0.032650
52 0.495449 4456 0.222800
53 0.504140 964 0.048200
54 0.512831 716 0.035800
55 0.521523 886 0.044300
56 0.530214 875 0.043750
57 0.538905 446 0.022300
58 0.547596 444 0.022200
59 0.556287 516 0.025800
60 0.564978 657 0.032850
61 0.573669 514 0.025700
62 0.582360 334 0.016700
63 0.591051 247 0.012350
64 0.599742 222 0.011100
65 0.608433 225 0.011250
66 0.617124 202 0.010100
67 0.625816 395 0.019750
68 0.634507 109 0.005450
69 0.643198 80 0.004000
70 0.651889 88 0.004400
71 0.660580 71 0.003550
72 0.669271 94 0.004700
73 0.677962 53 0.002650
74 0.686653 16 0.000800
75 0.695344 21 0.001050
76 0.704035 23 0.001150
77 0.712726 7 0.000350
78 0.721418 0 0.000000
79 0.730109 0 0.000000
80 0.738800 0 0.000000
81 0.747491 1 0.000050
82 0.756182 0 0.000000
83 0.764873 0 0.000000
84 0.773564 0 0.000000
85 0.782255 0 0.000000
86 0.790946 6 0.000300
87 0.799637 6 0.000300
88 0.808328 0 0.000000
89 0.817019 0 0.000000
90 0.825711 0 0.000000
91 0.834402 0 0.000000
92 0.843093 0 0.000000
93 0.851784 0 0.000000
94 0.860475 0 0.000000
95 0.869166 0 0.000000
96 0.877857 0 0.000000
97 0.886548 0 0.000000
98 0.895239 0 0.000000
99 0.903930 1 0.000050
