0 0.016638 6 0.000300
1 0.026569 11 0.000550
2 0.036500 6 0.000300
3 0.046431 4 0.000200
4 0.056361 1 0.000050
5 0.066292 3 0.000150
6 0.076223 5 0.000250
7 0.086154 6 0.000300
8 0.096085 0 0.000000
9 0.106015 4 0.000200
10 0.115946 4 0.000200
11 0.125877 2 0.000100
12 0.135808 4 0.000200
13 0.145739 1 0.000050
14 0.155669 4 0.000200
15 0.165600 0 0.000000
16 0.175531 0 0.000000
17 0.185462 0 0.000000
18 0.195393 3 0.000150
19 0.205323 3 0.000150
20 0.215254 1 0.000050
21 0.225185 2 0.000100
22 0.235116 1 0.000050
23 0.245046 24 0.001200
24 0.254977 26 0.001300
25 0.264908 19 0.000950
26 0.274839 36 0.001800
27 0.284770 34 0.001700
28 0.294700 35 0.001750
29 0.304631 58 0.002900
30 0.314562 117 0.005850
31 0.324493 131 0.006550
32 0.334424 147 0.007350
33 0.344354 86 0.004300
34 0.354285 15 0.000750
35 0.364216 14 0.000700
36 0.374147 22 0.001100
37 0.384078 17 0.000850
38 0.394008 17 0.000850
39 0.403939 36 0.001800
40 0.413870 38 0.001900
41 0.423801 38 0.001900
42 0.433732 33 0.001650
43 0.443662 36 0.001800
44 0.453593 48 0.002400
45 0.463524 66 0.003300
46 0.473455 69 0.003450
47 0.483385 93 0.004650
48 0.493316 116 0.005800
49 0.503247 99 0.004950
50 0.513178 166 0.008300
51 0.523109 171 0.008550
52 0.533039 234 0.011700
53 0.542970 272 0.013600
54 0.552901 406 0.020300
55 0.562832 505 0.025250
56 0.572763 1128 0.056400
57 0.582693 2011 0.100550
58 0.592624 2455 0.122750
59 0.602555 1272 0.063600
60 0.612486 954 0.047700
61 0.622417 724 0.036200
62 0.632347 451 0.022550
63 0.642278 345 0.017250
64 0.652209 304 0.015200
65 0.662140 260 0.013000
66 0.672071 214 0.010700
67 0.682001 201 0.010050
68 0.691932 184 0.009200
69 0.701863 171 0.008550
70 0.711794 138 0.006900
71 0.721725 151 0.007550
72 0.731655 158 0.007900
73 0.741586 197 0.009850
74 0.751517 153 0.007650
75 0.761448 172 0.008600
76 0.771379 187 0.009350
77 0.781309 168 0.008400
78 0.791240 196 0.009800
79 0.801171 190 0.009500
80 0.811102 219 0.010950
81 0.821032 238 0.011900
82 0.830963 244 0.012200
83 0.840894 266 0.013300
84 0.850825 326 0.016300
85 0.860756 448 0.022400
86 0.870686 396 0.019800
87 0.880617 428 0.021400
88 0.890548 278 0.013900
89 0.900479 291 0.014550
90 0.910410 299 0.014950
91 0.920340 354 0.017700
92 0.930271 202 0.010100
93 0.940202 149 0.007450
94 0.950133 61 0.003050
95 0.960064 46 0.002300
96 0.969994 47 0.002350
97 0.979925 20 0.001000
98 0.989856 9 0.000450
99 0.999787 0 0.000000
