0 0.012610 7 0.000117
1 0.022582 14 0.000233
2 0.032553 19 0.000317
3 0.042525 14 0.000233
4 0.052496 13 0.000217
5 0.062468 11 0.000183
6 0.072439 18 0.000300
7 0.082411 18 0.000300
8 0.092382 13 0.000217
9 0.102354 21 0.000350
10 0.112325 20 0.000333
11 0.122297 19 0.000317
12 0.132268 14 0.000233
13 0.142240 19 0.000317
14 0.152211 14 0.000233
15 0.162183 19 0.000317
16 0.172154 15 0.000250
17 0.182126 23 0.000383
18 0.192097 21 0.000350
19 0.202069 30 0.000500
20 0.212040 47 0.000783
21 0.222011 44 0.000733
22 0.231983 30 0.000500
23 0.241954 50 0.000833
24 0.251926 76 0.001267
25 0.261897 59 0.000983
26 0.271869 79 0.001317
27 0.281840 113 0.001883
28 0.291812 114 0.001900
29 0.301783 104 0.001733
30 0.311755 267 0.004450
31 0.321726 272 0.004533
32 0.331698 361 0.006017
33 0.341669 218 0.003633
34 0.351641 236 0.003933
35 0.361612 323 0.005383
36 0.371584 493 0.008217
37 0.381555 412 0.006867
38 0.391527 428 0.007133
39 0.401498 546 0.009100
40 0.411470 709 0.011817
41 0.421441 1209 0.020150
42 0.431412 1136 0.018933
43 0.441384 848 0.014133
44 0.451355 1170 0.019500
45 0.461327 1595 0.026583
46 0.471298 1990 0.033167
47 0.481270 2433 0.040550
48 0.491241 4400 0.073333
49 0.501213 7435 0.123917
50 0.511184 2499 0.041650
51 0.521156 2089 0.034817
52 0.531127 1755 0.029250
53 0.541099 1190 0.019833
54 0.551070 1307 0.021783
55 0.561042 1452 0.024200
56 0.571013 2041 0.034017
57 0.580985 2439 0.040650
58 0.590956 3064 0.051067
59 0.600928 1797 0.029950
60 0.610899 1342 0.022367
61 0.620871 1400 0.023333
62 0.630842 769 0.012817
63 0.640813 559 0.009317
64 0.650785 538 0.008967
65 0.660756 412 0.006867
66 0.670728 424 0.007067
67 0.680699 305 0.005083
68 0.690671 278 0.004633
69 0.700642 238 0.003967
70 0.710614 196 0.003267
71 0.720585 186 0.003100
72 0.730557 187 0.003117
73 0.740528 225 0.003750
74 0.750500 192 0.003200
75 0.760471 205 0.003417
76 0.770443 218 0.003633
77 0.780414 190 0.003167
78 0.790386 232 0.003867
79 0.800357 199 0.003317
80 0.810329 220 0.003667
81 0.820300 267 0.004450
82 0.830272 262 0.004367
83 0.840243 274 0.004567
84 0.850214 344 0.005733
85 0.860186 456 0.007600
86 0.870157 405 0.006750
87 0.880129 436 0.007267
88 0.890100 295 0.004917
89 0.900072 310 0.005167
90 0.910043 313 0.005217
91 0.920015 371 0.006183
92 0.929986 228 0.003800
93 0.939958 156 0.002600
94 0.949929 66 0.001100
95 0.959901 45 0.000750
96 0.969872 56 0.000933
97 0.979844 20 0.000333
98 0.989815 8 0.000133
99 0.999787 1 0.000017
