0 0.409875 12 0.000600
1 0.411954 2 0.000100
2 0.414033 0 0.000000
3 0.416111 0 0.000000
4 0.418190 1 0.000050
5 0.420269 0 0.000000
6 0.422347 5 0.000250
7 0.424426 7 0.000350
8 0.426505 4 0.000200
9 0.428584 7 0.000350
10 0.430662 5 0.000250
11 0.432741 9 0.000450
12 0.434820 9 0.000450
13 0.436898 15 0.000750
14 0.438977 11 0.000550
15 0.441056 21 0.001050
16 0.443135 18 0.000900
17 0.445213 20 0.001000
18 0.447292 26 0.001300
19 0.449371 31 0.001550
20 0.451449 32 0.001600
21 0.453528 24 0.001200
22 0.455607 25 0.001250
23 0.457686 58 0.002900
24 0.459764 19 0.000950
25 0.461843 41 0.002050
26 0.463922 52 0.002600
27 0.466000 75 0.003750
28 0.468079 73 0.003650
29 0.470158 76 0.003800
30 0.472237 71 0.003550
31 0.474315 130 0.006500
32 0.476394 55 0.002750
33 0.478473 131 0.006550
34 0.480551 117 0.005850
35 0.482630 158 0.007900
36 0.484709 183 0.009150
37 0.486788 304 0.015200
38 0.488866 213 0.010650
39 0.490945 367 0.018350
40 0.493024 499 0.024950
41 0.495102 616 0.030800
42 0.497181 820 0.041000
43 0.499260 936 0.046800
44 0.501339 1215 0.060750
45 0.503417 1696 0.084800
46 0.505496 2285 0.114250
47 0.507575 2300 0.115000
48 0.509653 1795 0.089750
49 0.511732 1172 0.058600
50 0.513811 963 0.048150
51 0.515890 749 0.037450
52 0.517968 491 0.024550
53 0.520047 338 0.016900
54 0.522126 237 0.011850
55 0.524204 163 0.008150
56 0.526283 174 0.008700
57 0.528362 110 0.005500
58 0.530441 80 0.004000
59 0.532519 116 0.005800
60 0.534598 77 0.003850
61 0.536677 75 0.003750
62 0.538755 47 0.002350
63 0.540834 59 0.002950
64 0.542913 27 0.001350
65 0.544992 53 0.002650
66 0.547070 31 0.001550
67 0.549149 31 0.001550
68 0.551228 26 0.001300
69 0.553306 36 0.001800
70 0.555385 31 0.001550
71 0.557464 39 0.001950
72 0.559543 11 0.000550
73 0.561621 25 0.001250
74 0.563700 30 0.001500
75 0.565779 24 0.001200
76 0.567857 53 0.002650
77 0.569936 13 0.000650
78 0.572015 12 0.000600
79 0.574094 8 0.000400
80 0.576172 7 0.000350
81 0.578251 11 0.000550
82 0.580330 17 0.000850
83 0.582408 11 0.000550
84 0.584487 4 0.000200
85 0.586566 8 0.000400
86 0.588645 13 0.000650
87 0.590723 12 0.000600
88 0.592802 17 0.000850
89 0.594881 7 0.000350
90 0.596959 6 0.000300
91 0.599038 0 0.000000
92 0.601117 0 0.000000
93 0.603196 6 0.000300
94 0.605274 7 0.000350
95 0.607353 1 0.000050
96 0.609432 0 0.000000
97 0.611510 0 0.000000
98 0.613589 2 0.000100
99 0.615668 1 0.000050
