0 -0.278964 2 0.000100
1 -0.270726 4 0.000200
2 -0.262488 7 0.000350
3 -0.254250 7 0.000350
4 -0.246012 1 0.000050
5 -0.237774 2 0.000100
6 -0.229536 0 0.000000
7 -0.221298 1 0.000050
8 -0.213060 2 0.000100
9 -0.204822 1 0.000050
10 -0.196584 7 0.000350
11 -0.188346 4 0.000200
12 -0.180108 8 0.000400
13 -0.171870 14 0.000700
14 -0.163632 21 0.001050
15 -0.155394 24 0.001200
16 -0.147156 26 0.001300
17 -0.138918 30 0.001500
18 -0.130680 28 0.001400
19 -0.122442 30 0.001500
20 -0.114204 40 0.002000
21 -0.105966 53 0.002650
22 -0.097728 68 0.003400
23 -0.089490 100 0.005000
24 -0.081252 110 0.005500
25 -0.073014 183 0.009150
26 -0.064776 213 0.010650
27 -0.056538 236 0.011800
28 -0.048300 298 0.014900
29 -0.040062 458 0.022900
30 -0.031824 1050 0.052500
31 -0.023586 2545 0.127250
32 -0.015348 6004 0.300200
33 -0.007110 4382 0.219100
34 0.001128 1586 0.079300
35 0.009366 646 0.032300
36 0.017604 435 0.021750
37 0.025842 298 0.014900
38 0.034080 209 0.010450
39 0.042318 162 0.008100
40 0.050556 142 0.007100
41 0.058794 105 0.005250
42 0.067032 99 0.004950
43 0.075270 64 0.003200
44 0.083508 49 0.002450
45 0.091746 22 0.001100
46 0.099984 28 0.001400
47 0.108222 16 0.000800
48 0.116460 13 0.000650
49 0.124698 21 0.001050
50 0.132936 3 0.000150
51 0.141174 12 0.000600
52 0.149412 18 0.000900
53 0.157650 19 0.000950
54 0.165888 2 0.000100
55 0.174126 6 0.000300
56 0.182364 6 0.000300
57 0.190602 7 0.000350
58 0.198840 5 0.000250
59 0.207078 9 0.000450
60 0.215316 3 0.000150
61 0.223554 6 0.000300
62 0.231792 2 0.000100
63 0.240030 4 0.000200
64 0.248268 3 0.000150
65 0.256506 0 0.000000
66 0.264744 0 0.000000
67 0.272982 0 0.000000
68 0.281220 0 0.000000
69 0.289458 0 0.000000
70 0.297696 1 0.000050
71 0.305934 2 0.000100
72 0.314172 3 0.000150
73 0.322410 8 0.000400
74 0.330648 7 0.000350
75 0.338886 4 0.000200
76 0.347124 0 0.000000
77 0.355362 0 0.000000
78 0.363600 0 0.000000
79 0.371838 0 0.000000
80 0.380076 0 0.000000
81 0.388314 0 0.000000
82 0.396552 0 0.000000
83 0.404790 0 0.000000
84 0.413028 0 0.000000
85 0.421266 0 0.000000
86 0.429504 0 0.000000
87 0.437742 2 0.000100
88 0.445980 1 0.000050
89 0.454218 1 0.000050
90 0.462456 3 0.000150
91 0.470694 0 0.000000
92 0.478932 3 0.000150
93 0.487170 0 0.000000
94 0.495408 0 0.000000
95 0.503646 1 0.000050
96 0.511884 1 0.000050
97 0.520122 1 0.000050
98 0.528360 2 0.000100
99 0.536598 1 0.000050
