0 -0.419546 1 0.000017
1 -0.409887 0 0.000000
2 -0.400229 1 0.000017
3 -0.390571 4 0.000067
4 -0.380913 0 0.000000
5 -0.371255 1 0.000017
6 -0.361597 0 0.000000
7 -0.351939 0 0.000000
8 -0.342281 0 0.000000
9 -0.332623 1 0.000017
10 -0.322965 0 0.000000
11 -0.313307 1 0.000017
12 -0.303649 1 0.000017
13 -0.293991 3 0.000050
14 -0.284333 8 0.000133
15 -0.274675 3 0.000050
16 -0.265017 11 0.000183
17 -0.255359 8 0.000133
18 -0.245701 1 0.000017
19 -0.236043 6 0.000100
20 -0.226385 9 0.000150
21 -0.216727 10 0.000167
22 -0.207069 15 0.000250
23 -0.197411 39 0.000650
24 -0.187753 66 0.001100
25 -0.178095 105 0.001750
26 -0.168437 96 0.001600
27 -0.158779 131 0.002183
28 -0.149121 248 0.004133
29 -0.139463 331 0.005517
30 -0.129805 280 0.004667
31 -0.120147 264 0.004400
32 -0.110489 357 0.005950
33 -0.100831 422 0.007033
34 -0.091173 627 0.010450
35 -0.081515 1179 0.019650
36 -0.071857 830 0.013833
37 -0.062199 794 0.013233
38 -0.052541 1051 0.017517
39 -0.042883 1631 0.027183
40 -0.033225 2630 0.043833
41 -0.023567 5662 0.094367
42 -0.013909 15305 0.255083
43 -0.004251 13068 0.217800
44 0.005407 3854 0.064233
45 0.015065 2518 0.041967
46 0.024723 1786 0.029767
47 0.034381 1024 0.017067
48 0.044039 831 0.013850
49 0.053697 904 0.015067
50 0.063356 751 0.012517
51 0.073014 586 0.009767
52 0.082672 402 0.006700
53 0.092330 328 0.005467
54 0.101988 282 0.004700
55 0.111646 333 0.005550
56 0.121304 377 0.006283
57 0.130962 164 0.002733
58 0.140620 91 0.001517
59 0.150278 162 0.002700
60 0.159936 116 0.001933
61 0.169594 82 0.001367
62 0.179252 45 0.000750
63 0.188910 24 0.000400
64 0.198568 31 0.000517
65 0.208226 16 0.000267
66 0.217884 11 0.000183
67 0.227542 14 0.000233
68 0.237200 6 0.000100
69 0.246858 7 0.000117
70 0.256516 2 0.000033
71 0.266174 0 0.000000
72 0.275832 2 0.000033
73 0.285490 6 0.000100
74 0.295148 3 0.000050
75 0.304806 2 0.000033
76 0.314464 6 0.000100
77 0.324122 5 0.000083
78 0.333780 10 0.000167
79 0.343438 2 0.000033
80 0.353096 0 0.000000
81 0.362754 0 0.000000
82 0.372412 0 0.000000
83 0.382070 0 0.000000
84 0.391728 1 0.000017
85 0.401386 0 0.000000
86 0.411044 0 0.000000
87 0.420702 0 0.000000
88 0.430360 0 0.000000
89 0.440018 3 0.000050
90 0.449676 0 0.000000
91 0.459334 4 0.000067
92 0.468992 0 0.000000
93 0.478650 3 0.000050
94 0.488308 0 0.000000
95 0.497966 1 0.000017
96 0.507624 1 0.000017
97 0.517282 1 0.000017
98 0.526940 2 0.000033
99 0.536598 1 0.000017
