0 -0.419546 1 0.000050
1 -0.411304 0 0.000000
2 -0.403062 0 0.000000
3 -0.394820 3 0.000150
4 -0.386578 2 0.000100
5 -0.378336 1 0.000050
6 -0.370094 0 0.000000
7 -0.361852 0 0.000000
8 -0.353611 0 0.000000
9 -0.345369 0 0.000000
10 -0.337127 0 0.000000
11 -0.328885 1 0.000050
12 -0.320643 0 0.000000
13 -0.312401 1 0.000050
14 -0.304159 0 0.000000
15 -0.295918 2 0.000100
16 -0.287676 5 0.000250
17 -0.279434 4 0.000200
18 -0.271192 2 0.000100
19 -0.262950 0 0.000000
20 -0.254708 1 0.000050
21 -0.246466 0 0.000000
22 -0.238225 3 0.000150
23 -0.229983 6 0.000300
24 -0.221741 4 0.000200
25 -0.213499 9 0.000450
26 -0.205257 10 0.000500
27 -0.197015 20 0.001000
28 -0.188773 41 0.002050
29 -0.180532 68 0.003400
30 -0.172290 54 0.002700
31 -0.164048 60 0.003000
32 -0.155806 102 0.005100
33 -0.147564 169 0.008450
34 -0.139322 247 0.012350
35 -0.131080 184 0.009200
36 -0.122839 172 0.008600
37 -0.114597 152 0.007600
38 -0.106355 252 0.012600
39 -0.098113 256 0.012800
40 -0.089871 388 0.019400
41 -0.081629 834 0.041700
42 -0.073387 520 0.026000
43 -0.065146 395 0.019750
44 -0.056904 380 0.019000
45 -0.048662 585 0.029250
46 -0.040420 742 0.037100
47 -0.032178 786 0.039300
48 -0.023936 796 0.039800
49 -0.015694 1109 0.055450
50 -0.007453 3383 0.169150
51 0.000789 923 0.046150
52 0.009031 667 0.033350
53 0.017273 1185 0.059250
54 0.025515 861 0.043050
55 0.033757 484 0.024200
56 0.041999 376 0.018800
57 0.050240 471 0.023550
58 0.058482 588 0.029400
59 0.066724 429 0.021450
60 0.074966 302 0.015100
61 0.083208 229 0.011450
62 0.091450 225 0.011250
63 0.099692 192 0.009600
64 0.107933 195 0.009750
65 0.116175 330 0.016500
66 0.124417 223 0.011150
67 0.132659 113 0.005650
68 0.140901 60 0.003000
69 0.149143 112 0.005600
70 0.157385 95 0.004750
71 0.165626 61 0.003050
72 0.173868 41 0.002050
73 0.182110 30 0.001500
74 0.190352 16 0.000800
75 0.198594 13 0.000650
76 0.206836 9 0.000450
77 0.215078 1 0.000050
78 0.223320 1 0.000050
79 0.231561 0 0.000000
80 0.239803 1 0.000050
81 0.248045 3 0.000150
82 0.256287 2 0.000100
83 0.264529 0 0.000000
84 0.272771 1 0.000050
85 0.281013 2 0.000100
86 0.289254 7 0.000350
87 0.297496 0 0.000000
88 0.305738 0 0.000000
89 0.313980 0 0.000000
90 0.322222 0 0.000000
91 0.330464 0 0.000000
92 0.338706 0 0.000000
93 0.346947 1 0.000050
94 0.355189 0 0.000000
95 0.363431 0 0.000000
96 0.371673 0 0.000000
97 0.379915 0 0.000000
98 0.388157 0 0.000000
99 0.396399 1 0.000050
