0 0.000000 49502 0.825033
1 0.002908 3993 0.066550
2 0.005817 2105 0.035083
3 0.008725 1040 0.017333
4 0.011634 749 0.012483
5 0.014542 785 0.013083
6 0.017451 496 0.008267
7 0.020359 337 0.005617
8 0.023268 254 0.004233
9 0.026176 188 0.003133
10 0.029085 157 0.002617
11 0.031993 96 0.001600
12 0.034902 53 0.000883
13 0.037810 41 0.000683
14 0.040718 33 0.000550
15 0.043627 17 0.000283
16 0.046535 11 0.000183
17 0.049444 14 0.000233
18 0.052352 16 0.000267
19 0.055261 2 0.000033
20 0.058169 6 0.000100
21 0.061078 9 0.000150
22 0.063986 7 0.000117
23 0.066895 11 0.000183
24 0.069803 3 0.000050
25 0.072712 1 0.000017
26 0.075620 7 0.000117
27 0.078529 5 0.000083
28 0.081437 2 0.000033
29 0.084345 6 0.000100
30 0.087254 2 0.000033
31 0.090162 1 0.000017
32 0.093071 3 0.000050
33 0.095979 0 0.000000
34 0.098888 1 0.000017
35 0.101796 2 0.000033
36 0.104705 5 0.000083
37 0.107613 4 0.000067
38 0.110522 4 0.000067
39 0.113430 4 0.000067
40 0.116339 3 0.000050
41 0.119247 0 0.000000
42 0.122155 1 0.000017
43 0.125064 0 0.000000
44 0.127972 0 0.000000
45 0.130881 0 0.000000
46 0.133789 0 0.000000
47 0.136698 1 0.000017
48 0.139606 0 0.000000
49 0.142515 0 0.000000
50 0.145423 1 0.000017
51 0.148332 2 0.000033
52 0.151240 2 0.000033
53 0.154149 0 0.000000
54 0.157057 1 0.000017
55 0.159965 0 0.000000
56 0.162874 0 0.000000
57 0.165782 0 0.000000
58 0.168691 0 0.000000
59 0.171599 0 0.000000
60 0.174508 1 0.000017
61 0.177416 0 0.000000
62 0.180325 0 0.000000
63 0.183233 0 0.000000
64 0.186142 0 0.000000
65 0.189050 0 0.000000
66 0.191959 0 0.000000
67 0.194867 0 0.000000
68 0.197776 3 0.000050
69 0.200684 0 0.000000
70 0.203592 0 0.000000
71 0.206501 0 0.000000
72 0.209409 1 0.000017
73 0.212318 1 0.000017
74 0.215226 1 0.000017
75 0.218135 1 0.000017
76 0.221043 0 0.000000
77 0.223952 0 0.000000
78 0.226860 1 0.000017
79 0.229769 0 0.000000
80 0.232677 1 0.000017
81 0.235586 1 0.000017
82 0.238494 0 0.000000
83 0.241402 0 0.000000
84 0.244311 0 0.000000
85 0.247219 0 0.000000
86 0.250128 0 0.000000
87 0.253036 1 0.000017
88 0.255945 0 0.000000
89 0.258853 0 0.000000
90 0.261762 1 0.000017
91 0.264670 0 0.000000
92 0.267579 0 0.000000
93 0.270487 1 0.000017
94 0.273396 0 0.000000
95 0.276304 0 0.000000
96 0.279212 0 0.000000
97 0.282121 1 0.000017
98 0.285029 1 0.000017
99 0.287938 1 0.000017
