0 -0.208674 2 0.000100
1 -0.203989 1 0.000050
2 -0.199303 3 0.000150
3 -0.194618 5 0.000250
4 -0.189932 0 0.000000
5 -0.185247 3 0.000150
6 -0.180561 4 0.000200
7 -0.175876 5 0.000250
8 -0.171190 10 0.000500
9 -0.166505 3 0.000150
10 -0.161819 4 0.000200
11 -0.157133 8 0.000400
12 -0.152448 6 0.000300
13 -0.147762 7 0.000350
14 -0.143077 12 0.000600
15 -0.138391 11 0.000550
16 -0.133706 16 0.000800
17 -0.129020 11 0.000550
18 -0.124335 21 0.001050
19 -0.119649 12 0.000600
20 -0.114964 20 0.001000
21 -0.110278 21 0.001050
22 -0.105592 26 0.001300
23 -0.100907 23 0.001150
24 -0.096221 36 0.001800
25 -0.091536 26 0.001300
26 -0.086850 35 0.001750
27 -0.082165 43 0.002150
28 -0.077479 34 0.001700
29 -0.072794 47 0.002350
30 -0.068108 47 0.002350
31 -0.063423 46 0.002300
32 -0.058737 53 0.002650
33 -0.054052 61 0.003050
34 -0.049366 75 0.003750
35 -0.044680 104 0.005200
36 -0.039995 126 0.006300
37 -0.035309 207 0.010350
38 -0.030624 271 0.013550
39 -0.025938 446 0.022300
40 -0.021253 643 0.032150
41 -0.016567 1016 0.050800
42 -0.011882 2341 0.117050
43 -0.007196 4519 0.225950
44 -0.002511 4112 0.205600
45 0.002175 1854 0.092700
46 0.006861 1009 0.050450
47 0.011546 641 0.032050
48 0.016232 366 0.018300
49 0.020917 260 0.013000
50 0.025603 216 0.010800
51 0.030288 153 0.007650
52 0.034974 130 0.006500
53 0.039659 112 0.005600
54 0.044345 80 0.004000
55 0.049030 74 0.003700
56 0.053716 60 0.003000
57 0.058402 66 0.003300
58 0.063087 46 0.002300
59 0.067773 40 0.002000
60 0.072458 50 0.002500
61 0.077144 45 0.002250
62 0.081829 37 0.001850
63 0.086515 41 0.002050
64 0.091200 30 0.001500
65 0.095886 23 0.001150
66 0.100571 13 0.000650
67 0.105257 14 0.000700
68 0.109943 16 0.000800
69 0.114628 8 0.000400
70 0.119314 17 0.000850
71 0.123999 8 0.000400
72 0.128685 4 0.000200
73 0.133370 3 0.000150
74 0.138056 3 0.000150
75 0.142741 4 0.000200
76 0.147427 5 0.000250
77 0.152112 4 0.000200
78 0.156798 1 0.000050
79 0.161483 6 0.000300
80 0.166169 3 0.000150
81 0.170855 4 0.000200
82 0.175540 3 0.000150
83 0.180226 3 0.000150
84 0.184911 1 0.000050
85 0.189597 1 0.000050
86 0.194282 1 0.000050
87 0.198968 5 0.000250
88 0.203653 1 0.000050
89 0.208339 2 0.000100
90 0.213024 0 0.000000
91 0.217710 4 0.000200
92 0.222396 3 0.000150
93 0.227081 5 0.000250
94 0.231767 1 0.000050
95 0.236452 1 0.000050
96 0.241138 0 0.000000
97 0.245823 0 0.000000
98 0.250509 0 0.000000
99 0.255194 1 0.000050
