0 0.013499 2 0.000100
1 0.023254 3 0.000150
2 0.033009 10 0.000500
3 0.042764 5 0.000250
4 0.052518 6 0.000300
5 0.062273 12 0.000600
6 0.072028 10 0.000500
7 0.081783 5 0.000250
8 0.091538 4 0.000200
9 0.101292 3 0.000150
10 0.111047 13 0.000650
11 0.120802 10 0.000500
12 0.130557 20 0.001000
13 0.140312 7 0.000350
14 0.150066 7 0.000350
15 0.159821 17 0.000850
16 0.169576 13 0.000650
17 0.179331 17 0.000850
18 0.189085 19 0.000950
19 0.198840 26 0.001300
20 0.208595 38 0.001900
21 0.218350 29 0.001450
22 0.228105 39 0.001950
23 0.237859 28 0.001400
24 0.247614 37 0.001850
25 0.257369 33 0.001650
26 0.267124 38 0.001900
27 0.276879 48 0.002400
28 0.286633 59 0.002950
29 0.296388 60 0.003000
30 0.306143 69 0.003450
31 0.315898 83 0.004150
32 0.325653 76 0.003800
33 0.335407 82 0.004100
34 0.345162 77 0.003850
35 0.354917 109 0.005450
36 0.364672 129 0.006450
37 0.374426 132 0.006600
38 0.384181 159 0.007950
39 0.393936 169 0.008450
40 0.403691 202 0.010100
41 0.413446 286 0.014300
42 0.423200 313 0.015650
43 0.432955 351 0.017550
44 0.442710 421 0.021050
45 0.452465 570 0.028500
46 0.462220 750 0.037500
47 0.471974 1021 0.051050
48 0.481729 1816 0.090800
49 0.491484 3246 0.162300
50 0.501239 2633 0.131650
51 0.510993 1496 0.074800
52 0.520748 956 0.047800
53 0.530503 690 0.034500
54 0.540258 467 0.023350
55 0.550013 363 0.018150
56 0.559767 353 0.017650
57 0.569522 327 0.016350
58 0.579277 272 0.013600
59 0.589032 181 0.009050
60 0.598787 156 0.007800
61 0.608541 161 0.008050
62 0.618296 150 0.007500
63 0.628051 117 0.005850
64 0.637806 91 0.004550
65 0.647561 89 0.004450
66 0.657315 86 0.004300
67 0.667070 77 0.003850
68 0.676825 79 0.003950
69 0.686580 57 0.002850
70 0.696334 51 0.002550
71 0.706089 34 0.001700
72 0.715844 48 0.002400
73 0.725599 31 0.001550
74 0.735354 23 0.001150
75 0.745108 30 0.001500
76 0.754863 29 0.001450
77 0.764618 31 0.001550
78 0.774373 28 0.001400
79 0.784128 20 0.001000
80 0.793882 14 0.000700
81 0.803637 18 0.000900
82 0.813392 12 0.000600
83 0.823147 15 0.000750
84 0.832902 13 0.000650
85 0.842656 19 0.000950
86 0.852411 7 0.000350
87 0.862166 11 0.000550
88 0.871921 13 0.000650
89 0.881675 7 0.000350
90 0.891430 11 0.000550
91 0.901185 14 0.000700
92 0.910940 11 0.000550
93 0.920695 6 0.000300
94 0.930449 10 0.000500
95 0.940204 4 0.000200
96 0.949959 1 0.000050
97 0.959714 3 0.000150
98 0.969469 5 0.000250
99 0.979223 1 0.000050
