0 0.426000 1 0.000050
1 0.427797 0 0.000000
2 0.429595 0 0.000000
3 0.431392 0 0.000000
4 0.433189 0 0.000000
5 0.434987 8 0.000400
6 0.436784 1 0.000050
7 0.438581 0 0.000000
8 0.440378 0 0.000000
9 0.442176 5 0.000250
10 0.443973 2 0.000100
11 0.445770 8 0.000400
12 0.447568 0 0.000000
13 0.449365 16 0.000800
14 0.451162 0 0.000000
15 0.452960 4 0.000200
16 0.454757 24 0.001200
17 0.456554 2 0.000100
18 0.458352 21 0.001050
19 0.460149 6 0.000300
20 0.461946 23 0.001150
21 0.463743 15 0.000750
22 0.465541 25 0.001250
23 0.467338 11 0.000550
24 0.469135 35 0.001750
25 0.470933 64 0.003200
26 0.472730 36 0.001800
27 0.474527 102 0.005100
28 0.476325 44 0.002200
29 0.478122 49 0.002450
30 0.479919 113 0.005650
31 0.481717 192 0.009600
32 0.483514 133 0.006650
33 0.485311 80 0.004000
34 0.487108 112 0.005600
35 0.488906 170 0.008500
36 0.490703 297 0.014850
37 0.492500 668 0.033400
38 0.494298 551 0.027550
39 0.496095 585 0.029250
40 0.497892 763 0.038150
41 0.499690 971 0.048550
42 0.501487 1197 0.059850
43 0.503284 1474 0.073700
44 0.505082 2190 0.109500
45 0.506879 2836 0.141800
46 0.508676 1267 0.063350
47 0.510473 1394 0.069700
48 0.512271 638 0.031900
49 0.514068 680 0.034000
50 0.515865 691 0.034550
51 0.517663 517 0.025850
52 0.519460 304 0.015200
53 0.521257 212 0.010600
54 0.523055 181 0.009050
55 0.524852 115 0.005750
56 0.526649 156 0.007800
57 0.528447 118 0.005900
58 0.530244 149 0.007450
59 0.532041 109 0.005450
60 0.533838 180 0.009000
61 0.535636 77 0.003850
62 0.537433 81 0.004050
63 0.539230 67 0.003350
64 0.541028 25 0.001250
65 0.542825 61 0.003050
66 0.544622 9 0.000450
67 0.546420 17 0.000850
68 0.548217 12 0.000600
69 0.550014 26 0.001300
70 0.551812 14 0.000700
71 0.553609 8 0.000400
72 0.555406 2 0.000100
73 0.557203 11 0.000550
74 0.559001 2 0.000100
75 0.560798 5 0.000250
76 0.562595 9 0.000450
77 0.564393 10 0.000500
78 0.566190 1 0.000050
79 0.567987 0 0.000000
80 0.569785 0 0.000000
81 0.571582 7 0.000350
82 0.573379 0 0.000000
83 0.575177 3 0.000150
84 0.576974 0 0.000000
85 0.578771 0 0.000000
86 0.580568 0 0.000000
87 0.582366 0 0.000000
88 0.584163 0 0.000000
89 0.585960 0 0.000000
90 0.587758 0 0.000000
91 0.589555 0 0.000000
92 0.591352 0 0.000000
93 0.593150 0 0.000000
94 0.594947 0 0.000000
95 0.596744 0 0.000000
96 0.598541 0 0.000000
97 0.600339 0 0.000000
98 0.602136 7 0.000350
99 0.603933 1 0.000050
