0 0.051777 7 0.000117
1 0.061530 1 0.000017
2 0.071283 0 0.000000
3 0.081037 5 0.000083
4 0.090790 3 0.000050
5 0.100544 9 0.000150
6 0.110297 0 0.000000
7 0.120050 4 0.000067
8 0.129804 5 0.000083
9 0.139557 111 0.001850
10 0.149310 36 0.000600
11 0.159064 0 0.000000
12 0.168817 0 0.000000
13 0.178571 7 0.000117
14 0.188324 45 0.000750
15 0.198077 110 0.001833
16 0.207831 0 0.000000
17 0.217584 20 0.000333
18 0.227337 50 0.000833
19 0.237091 24 0.000400
20 0.246844 70 0.001167
21 0.256598 48 0.000800
22 0.266351 47 0.000783
23 0.276104 125 0.002083
24 0.285858 31 0.000517
25 0.295611 165 0.002750
26 0.305364 109 0.001817
27 0.315118 89 0.001483
28 0.324871 454 0.007567
29 0.334625 139 0.002317
30 0.344378 20 0.000333
31 0.354131 119 0.001983
32 0.363885 205 0.003417
33 0.373638 251 0.004183
34 0.383391 155 0.002583
35 0.393145 294 0.004900
36 0.402898 98 0.001633
37 0.412652 249 0.004150
38 0.422405 194 0.003233
39 0.432158 575 0.009583
40 0.441912 393 0.006550
41 0.451665 627 0.010450
42 0.461418 610 0.010167
43 0.471172 1449 0.024150
44 0.480925 2008 0.033467
45 0.490678 5936 0.098933
46 0.500432 13021 0.217017
47 0.510185 5992 0.099867
48 0.519939 2338 0.038967
49 0.529692 1709 0.028483
50 0.539445 1050 0.017500
51 0.549199 593 0.009883
52 0.558952 691 0.011517
53 0.568705 827 0.013783
54 0.578459 1147 0.019117
55 0.588212 1675 0.027917
56 0.597966 2795 0.046583
57 0.607719 1929 0.032150
58 0.617472 1307 0.021783
59 0.627226 586 0.009767
60 0.636979 692 0.011533
61 0.646732 603 0.010050
62 0.656486 298 0.004967
63 0.666239 656 0.010933
64 0.675993 485 0.008083
65 0.685746 216 0.003600
66 0.695499 174 0.002900
67 0.705253 170 0.002833
68 0.715006 92 0.001533
69 0.724759 140 0.002333
70 0.734513 161 0.002683
71 0.744266 147 0.002450
72 0.754019 434 0.007233
73 0.763773 387 0.006450
74 0.773526 64 0.001067
75 0.783280 323 0.005383
76 0.793033 308 0.005133
77 0.802786 239 0.003983
78 0.812540 143 0.002383
79 0.822293 141 0.002350
80 0.832047 134 0.002233
81 0.841800 218 0.003633
82 0.851553 327 0.005450
83 0.861307 228 0.003800
84 0.871060 282 0.004700
85 0.880813 362 0.006033
86 0.890567 351 0.005850
87 0.900320 294 0.004900
88 0.910073 211 0.003517
89 0.919827 317 0.005283
90 0.929580 196 0.003267
91 0.939334 128 0.002133
92 0.949087 204 0.003400
93 0.958840 152 0.002533
94 0.968594 117 0.001950
95 0.978347 34 0.000567
96 0.988100 0 0.000000
97 0.997854 11 0.000183
98 1.007607 3 0.000050
99 1.017361 1 0.000017
