0 0.013499 6 0.000100
1 0.023434 9 0.000150
2 0.033368 14 0.000233
3 0.043303 15 0.000250
4 0.053237 9 0.000150
5 0.063172 17 0.000283
6 0.073106 15 0.000250
7 0.083041 11 0.000183
8 0.092975 5 0.000083
9 0.102910 11 0.000183
10 0.112844 18 0.000300
11 0.122779 20 0.000333
12 0.132713 18 0.000300
13 0.142648 10 0.000167
14 0.152582 13 0.000217
15 0.162517 18 0.000300
16 0.172451 21 0.000350
17 0.182386 22 0.000367
18 0.192320 26 0.000433
19 0.202255 36 0.000600
20 0.212189 36 0.000600
21 0.222124 48 0.000800
22 0.232058 40 0.000667
23 0.241993 42 0.000700
24 0.251927 64 0.001067
25 0.261861 61 0.001017
26 0.271796 75 0.001250
27 0.281730 102 0.001700
28 0.291665 98 0.001633
29 0.301599 111 0.001850
30 0.311534 256 0.004267
31 0.321468 288 0.004800
32 0.331403 313 0.005217
33 0.341337 248 0.004133
34 0.351272 253 0.004217
35 0.361206 311 0.005183
36 0.371141 510 0.008500
37 0.381075 403 0.006717
38 0.391010 382 0.006367
39 0.400944 495 0.008250
40 0.410879 684 0.011400
41 0.420813 1224 0.020400
42 0.430748 1092 0.018200
43 0.440682 881 0.014683
44 0.450617 1181 0.019683
45 0.460551 1480 0.024667
46 0.470486 1910 0.031833
47 0.480420 2468 0.041133
48 0.490355 4151 0.069183
49 0.500289 7469 0.124483
50 0.510224 2547 0.042450
51 0.520158 2218 0.036967
52 0.530093 1958 0.032633
53 0.540027 1275 0.021250
54 0.549962 1314 0.021900
55 0.559896 1440 0.024000
56 0.569831 1875 0.031250
57 0.579765 2678 0.044633
58 0.589700 3142 0.052367
59 0.599634 2017 0.033617
60 0.609569 1357 0.022617
61 0.619503 1377 0.022950
62 0.629438 928 0.015467
63 0.639372 548 0.009133
64 0.649307 504 0.008400
65 0.659241 428 0.007133
66 0.669176 448 0.007467
67 0.679110 328 0.005467
68 0.689044 260 0.004333
69 0.698979 248 0.004133
70 0.708913 215 0.003583
71 0.718848 200 0.003333
72 0.728782 179 0.002983
73 0.738717 177 0.002950
74 0.748651 189 0.003150
75 0.758586 174 0.002900
76 0.768520 220 0.003667
77 0.778455 179 0.002983
78 0.788389 230 0.003833
79 0.798324 170 0.002833
80 0.808258 153 0.002550
81 0.818193 233 0.003883
82 0.828127 285 0.004750
83 0.838062 238 0.003967
84 0.847996 263 0.004383
85 0.857931 398 0.006633
86 0.867865 439 0.007317
87 0.877800 403 0.006717
88 0.887734 283 0.004717
89 0.897669 269 0.004483
90 0.907603 300 0.005000
91 0.917538 298 0.004967
92 0.927472 241 0.004017
93 0.937407 170 0.002833
94 0.947341 83 0.001383
95 0.957276 40 0.000667
96 0.967210 47 0.000783
97 0.977145 33 0.000550
98 0.987079 10 0.000167
99 0.997014 1 0.000017
