0 0.051777 7 0.000350
1 0.060763 1 0.000050
2 0.069749 0 0.000000
3 0.078735 5 0.000250
4 0.087721 0 0.000000
5 0.096707 3 0.000150
6 0.105693 9 0.000450
7 0.114679 4 0.000200
8 0.123665 0 0.000000
9 0.132651 5 0.000250
10 0.141637 40 0.002000
11 0.150623 36 0.001800
12 0.159609 0 0.000000
13 0.168595 0 0.000000
14 0.177581 0 0.000000
15 0.186567 32 0.001600
16 0.195553 0 0.000000
17 0.204539 110 0.005500
18 0.213525 14 0.000700
19 0.222511 4 0.000200
20 0.231497 47 0.002350
21 0.240483 30 0.001500
22 0.249469 48 0.002400
23 0.258455 9 0.000450
24 0.267441 43 0.002150
25 0.276427 97 0.004850
26 0.285413 4 0.000200
27 0.294399 117 0.005850
28 0.303385 73 0.003650
29 0.312371 52 0.002600
30 0.321357 85 0.004250
31 0.330343 118 0.005900
32 0.339329 75 0.003750
33 0.348315 11 0.000550
34 0.357301 112 0.005600
35 0.366287 210 0.010500
36 0.375273 130 0.006500
37 0.384259 123 0.006150
38 0.393245 168 0.008400
39 0.402231 85 0.004250
40 0.411217 205 0.010250
41 0.420203 121 0.006050
42 0.429189 506 0.025300
43 0.438175 254 0.012700
44 0.447161 591 0.029550
45 0.456147 366 0.018300
46 0.465133 491 0.024550
47 0.474119 1058 0.052900
48 0.483105 1247 0.062350
49 0.492091 2732 0.136600
50 0.501077 3163 0.158150
51 0.510063 1466 0.073300
52 0.519049 1361 0.068050
53 0.528035 691 0.034550
54 0.537021 536 0.026800
55 0.546007 359 0.017950
56 0.554993 211 0.010550
57 0.563979 458 0.022900
58 0.572965 201 0.010050
59 0.581951 161 0.008050
60 0.590937 157 0.007850
61 0.599923 123 0.006150
62 0.608909 171 0.008550
63 0.617895 60 0.003000
64 0.626881 66 0.003300
65 0.635867 114 0.005700
66 0.644853 45 0.002250
67 0.653839 74 0.003700
68 0.662825 199 0.009950
69 0.671811 340 0.017000
70 0.680797 81 0.004050
71 0.689783 58 0.002900
72 0.698769 49 0.002450
73 0.707755 0 0.000000
74 0.716741 54 0.002700
75 0.725727 16 0.000800
76 0.734713 21 0.001050
77 0.743699 9 0.000450
78 0.752685 47 0.002350
79 0.761671 1 0.000050
80 0.770657 11 0.000550
81 0.779643 51 0.002550
82 0.788629 1 0.000050
83 0.797615 0 0.000000
84 0.806601 25 0.001250
85 0.815587 16 0.000800
86 0.824573 8 0.000400
87 0.833559 14 0.000700
88 0.842545 43 0.002150
89 0.851531 14 0.000700
90 0.860517 13 0.000650
91 0.869503 0 0.000000
92 0.878489 0 0.000000
93 0.887475 6 0.000300
94 0.896461 0 0.000000
95 0.905447 8 0.000400
96 0.914433 6 0.000300
97 0.923419 0 0.000000
98 0.932405 12 0.000600
99 0.941391 2 0.000100
