0 0.120812 5 0.000250
1 0.128726 1 0.000050
2 0.136640 1 0.000050
3 0.144553 0 0.000000
4 0.152467 0 0.000000
5 0.160381 0 0.000000
6 0.168295 0 0.000000
7 0.176208 0 0.000000
8 0.184122 0 0.000000
9 0.192036 0 0.000000
10 0.199950 0 0.000000
11 0.207863 3 0.000150
12 0.215777 6 0.000300
13 0.223691 5 0.000250
14 0.231604 2 0.000100
15 0.239518 1 0.000050
16 0.247432 0 0.000000
17 0.255346 1 0.000050
18 0.263259 0 0.000000
19 0.271173 3 0.000150
20 0.279087 0 0.000000
21 0.287001 4 0.000200
22 0.294914 10 0.000500
23 0.302828 14 0.000700
24 0.310742 26 0.001300
25 0.318655 54 0.002700
26 0.326569 79 0.003950
27 0.334483 49 0.002450
28 0.342397 56 0.002800
29 0.350310 86 0.004300
30 0.358224 141 0.007050
31 0.366138 189 0.009450
32 0.374052 281 0.014050
33 0.381965 181 0.009050
34 0.389879 160 0.008000
35 0.397793 170 0.008500
36 0.405707 259 0.012950
37 0.413620 307 0.015350
38 0.421534 698 0.034900
39 0.429448 723 0.036150
40 0.437361 357 0.017850
41 0.445275 345 0.017250
42 0.453189 489 0.024450
43 0.461103 554 0.027700
44 0.469016 789 0.039450
45 0.476930 497 0.024850
46 0.484844 559 0.027950
47 0.492758 706 0.035300
48 0.500671 4334 0.216700
49 0.508585 694 0.034700
50 0.516499 598 0.029900
51 0.524413 1006 0.050300
52 0.532326 804 0.040200
53 0.540240 419 0.020950
54 0.548154 394 0.019700
55 0.556067 493 0.024650
56 0.563981 487 0.024350
57 0.571895 592 0.029600
58 0.579809 297 0.014850
59 0.587722 271 0.013550
60 0.595636 162 0.008100
61 0.603550 236 0.011800
62 0.611464 177 0.008850
63 0.619377 254 0.012700
64 0.627291 367 0.018350
65 0.635205 105 0.005250
66 0.643119 72 0.003600
67 0.651032 73 0.003650
68 0.658946 76 0.003800
69 0.666860 95 0.004750
70 0.674773 76 0.003800
71 0.682687 29 0.001450
72 0.690601 17 0.000850
73 0.698515 19 0.000950
74 0.706428 19 0.000950
75 0.714342 3 0.000150
76 0.722256 1 0.000050
77 0.730170 2 0.000100
78 0.738083 0 0.000000
79 0.745997 0 0.000000
80 0.753911 0 0.000000
81 0.761824 0 0.000000
82 0.769738 1 0.000050
83 0.777652 1 0.000050
84 0.785566 1 0.000050
85 0.793479 7 0.000350
86 0.801393 5 0.000250
87 0.809307 0 0.000000
88 0.817221 0 0.000000
89 0.825134 0 0.000000
90 0.833048 0 0.000000
91 0.840962 0 0.000000
92 0.848876 0 0.000000
93 0.856789 0 0.000000
94 0.864703 1 0.000050
95 0.872617 0 0.000000
96 0.880530 0 0.000000
97 0.888444 0 0.000000
98 0.896358 1 0.000050
99 0.904272 0 0.000000
