0 0.013972 4 0.000200
1 0.023902 6 0.000300
2 0.033831 4 0.000200
3 0.043761 9 0.000450
4 0.053691 4 0.000200
5 0.063620 4 0.000200
6 0.073550 6 0.000300
7 0.083480 6 0.000300
8 0.093410 2 0.000100
9 0.103339 3 0.000150
10 0.113269 4 0.000200
11 0.123199 3 0.000150
12 0.133128 3 0.000150
13 0.143058 2 0.000100
14 0.152988 4 0.000200
15 0.162918 3 0.000150
16 0.172847 3 0.000150
17 0.182777 3 0.000150
18 0.192707 4 0.000200
19 0.202636 2 0.000100
20 0.212566 1 0.000050
21 0.222496 2 0.000100
22 0.232426 5 0.000250
23 0.242355 13 0.000650
24 0.252285 25 0.001250
25 0.262215 25 0.001250
26 0.272144 33 0.001650
27 0.282074 40 0.002000
28 0.292004 29 0.001450
29 0.301934 30 0.001500
30 0.311863 148 0.007400
31 0.321793 110 0.005500
32 0.331723 155 0.007750
33 0.341652 93 0.004650
34 0.351582 31 0.001550
35 0.361512 14 0.000700
36 0.371442 18 0.000900
37 0.381371 22 0.001100
38 0.391301 15 0.000750
39 0.401231 27 0.001350
40 0.411160 24 0.001200
41 0.421090 35 0.001750
42 0.431020 24 0.001200
43 0.440950 38 0.001900
44 0.450879 57 0.002850
45 0.460809 57 0.002850
46 0.470739 67 0.003350
47 0.480668 79 0.003950
48 0.490598 122 0.006100
49 0.500528 104 0.005200
50 0.510458 142 0.007100
51 0.520387 179 0.008950
52 0.530317 198 0.009900
53 0.540247 258 0.012900
54 0.550176 418 0.020900
55 0.560106 518 0.025900
56 0.570036 816 0.040800
57 0.579966 2011 0.100550
58 0.589895 2670 0.133500
59 0.599825 1628 0.081400
60 0.609755 933 0.046650
61 0.619684 819 0.040950
62 0.629614 538 0.026900
63 0.639544 355 0.017750
64 0.649474 312 0.015600
65 0.659403 246 0.012300
66 0.669333 254 0.012700
67 0.679263 199 0.009950
68 0.689192 193 0.009650
69 0.699122 166 0.008300
70 0.709052 164 0.008200
71 0.718982 153 0.007650
72 0.728911 144 0.007200
73 0.738841 167 0.008350
74 0.748771 144 0.007200
75 0.758700 148 0.007400
76 0.768630 183 0.009150
77 0.778560 168 0.008400
78 0.788490 191 0.009550
79 0.798419 153 0.007650
80 0.808349 141 0.007050
81 0.818279 215 0.010750
82 0.828208 274 0.013700
83 0.838138 223 0.011150
84 0.848068 256 0.012800
85 0.857998 378 0.018900
86 0.867927 425 0.021250
87 0.877857 394 0.019700
88 0.887787 272 0.013600
89 0.897716 261 0.013050
90 0.907646 281 0.014050
91 0.917576 294 0.014700
92 0.927506 227 0.011350
93 0.937435 166 0.008300
94 0.947365 81 0.004050
95 0.957295 39 0.001950
96 0.967224 42 0.002100
97 0.977154 30 0.001500
98 0.987084 10 0.000500
99 0.997014 1 0.000050
