0 0.139608 71 0.003550
1 0.148474 0 0.000000
2 0.157340 0 0.000000
3 0.166207 0 0.000000
4 0.175073 0 0.000000
5 0.183939 20 0.001000
6 0.192805 0 0.000000
7 0.201671 0 0.000000
8 0.210538 0 0.000000
9 0.219404 6 0.000300
10 0.228270 6 0.000300
11 0.237136 0 0.000000
12 0.246002 9 0.000450
13 0.254869 25 0.001250
14 0.263735 14 0.000700
15 0.272601 18 0.000900
16 0.281467 23 0.001150
17 0.290333 18 0.000900
18 0.299199 15 0.000750
19 0.308066 73 0.003650
20 0.316932 43 0.002150
21 0.325798 255 0.012750
22 0.334664 57 0.002850
23 0.343530 11 0.000550
24 0.352397 7 0.000350
25 0.361263 6 0.000300
26 0.370129 108 0.005400
27 0.378995 7 0.000350
28 0.387861 132 0.006600
29 0.396727 1 0.000050
30 0.405594 7 0.000350
31 0.414460 39 0.001950
32 0.423326 5 0.000250
33 0.432192 12 0.000600
34 0.441058 5 0.000250
35 0.449925 0 0.000000
36 0.458791 31 0.001550
37 0.467657 57 0.002850
38 0.476523 47 0.002350
39 0.485389 92 0.004600
40 0.494256 85 0.004250
41 0.503122 218 0.010900
42 0.511988 73 0.003650
43 0.520854 68 0.003400
44 0.529720 274 0.013700
45 0.538586 325 0.016250
46 0.547453 183 0.009150
47 0.556319 162 0.008100
48 0.565185 427 0.021350
49 0.574051 712 0.035600
50 0.582917 904 0.045200
51 0.591784 1712 0.085600
52 0.600650 2439 0.121950
53 0.609516 1396 0.069800
54 0.618382 1177 0.058850
55 0.627248 393 0.019650
56 0.636115 644 0.032200
57 0.644981 500 0.025000
58 0.653847 233 0.011650
59 0.662713 278 0.013900
60 0.671579 221 0.011050
61 0.680445 198 0.009900
62 0.689312 127 0.006350
63 0.698178 144 0.007200
64 0.707044 116 0.005800
65 0.715910 38 0.001900
66 0.724776 116 0.005800
67 0.733643 148 0.007400
68 0.742509 114 0.005700
69 0.751375 400 0.020000
70 0.760241 241 0.012050
71 0.769107 189 0.009450
72 0.777974 40 0.002000
73 0.786840 325 0.016250
74 0.795706 265 0.013250
75 0.804572 189 0.009450
76 0.813438 121 0.006050
77 0.822304 141 0.007050
78 0.831171 112 0.005600
79 0.840037 112 0.005600
80 0.848903 230 0.011500
81 0.857769 197 0.009850
82 0.866635 310 0.015500
83 0.875502 307 0.015350
84 0.884368 319 0.015950
85 0.893234 346 0.017300
86 0.902100 195 0.009750
87 0.910966 173 0.008650
88 0.919832 175 0.008750
89 0.928699 298 0.014900
90 0.937565 138 0.006900
91 0.946431 140 0.007000
92 0.955297 177 0.008850
93 0.964163 87 0.004350
94 0.973030 87 0.004350
95 0.981896 26 0.001300
96 0.990762 0 0.000000
97 0.999628 11 0.000550
98 1.008494 3 0.000150
99 1.017361 1 0.000050
