0.000000 0 0 0.002189 0.000000 0.260217 0.002237 0.000000 0.166552
0.200000 0 1 0.001976 0.000000 0.242586 0.001999 0.000000 0.244619
0.400000 0 2 0.002166 0.000000 0.283104 0.002154 0.000000 0.178303
0.600000 0 3 0.001772 0.000000 0.248809 0.001746 0.000000 0.149538
0.800000 0 4 0.001806 0.000000 0.232364 0.001813 0.000000 0.182907
1.000000 1 0 0.001765 0.000000 0.241814 0.001794 0.000000 0.204602
1.200000 1 1 0.001989 0.000000 0.244823 0.002012 0.000000 0.237085
1.400000 1 2 0.001739 0.000000 0.232003 0.001763 0.000000 0.256692
1.600000 1 3 0.001946 0.000000 0.255051 0.001958 0.000000 0.240719
1.800000 1 4 0.001636 0.000000 0.222272 0.001611 0.000000 0.222272
2.000000 2 0 0.001656 0.000000 0.216418 0.001656 0.000000 0.231929
2.200000 2 1 0.001631 0.000000 0.215620 0.001618 0.000000 0.193243
2.400000 2 2 0.001648 0.000000 0.239092 0.001662 0.000000 0.253224
2.600000 2 3 0.001629 0.000000 0.222734 0.001633 0.000000 0.237762
2.800000 2 4 0.001712 0.000000 0.198877 0.001695 0.000000 0.130175
3.000000 3 0 0.001624 0.000000 0.224270 0.001643 0.000000 0.225812
3.200000 3 1 0.001734 0.000000 0.238463 0.001780 0.000000 0.161507
3.400000 3 2 0.001858 0.000000 0.231702 0.001855 0.000000 0.231827
3.600000 3 3 0.001790 0.000000 0.230876 0.001822 0.000000 0.173846
3.800000 3 4 0.001674 0.000000 0.243831 0.001715 0.000000 0.204032
4.000000 4 0 0.001635 0.000000 0.211153 0.001670 0.000000 0.191710
4.200000 4 1 0.001684 0.000000 0.208210 0.001698 0.000000 0.263720
4.400000 4 2 0.001679 0.000000 0.221208 0.001723 0.000000 0.218112
4.600000 4 3 0.001646 0.000000 0.197184 0.001652 0.000000 0.199609
4.800000 4 4 0.001656 0.000000 0.233160 0.001647 0.000000 0.233160
5.000000 5 0 0.001572 0.000000 0.215821 0.001577 0.000000 0.192461
5.200000 5 1 0.001568 0.000000 0.208037 0.001583 0.000000 0.208037
5.400000 5 2 0.001706 0.000000 0.213911 0.001716 0.000000 0.185173
5.600000 5 3 0.001696 0.000000 0.197558 0.001694 0.000000 0.197558
5.800000 5 4 0.001650 0.000000 0.218947 0.001640 0.000000 0.230838
6.000000 6 0 0.001577 0.000000 0.217066 0.001582 0.000000 0.226016
6.200000 6 1 0.001673 0.000000 0.219159 0.001692 0.000000 0.205167
6.400000 6 2 0.001689 0.000000 0.232810 0.001696 0.000000 0.248739
6.600000 6 3 0.001659 0.000000 0.223372 0.001691 0.000000 0.147480
6.800000 6 4 0.001724 0.000000 0.227474 0.001725 0.000000 0.163070
7.000000 7 0 0.001624 0.000000 0.225339 0.001646 0.000000 0.234282
7.200000 7 1 0.001588 0.000000 0.206855 0.001594 0.000000 0.177330
7.400000 7 2 0.001642 0.000000 0.202810 0.001656 0.000000 0.192322
7.600000 7 3 0.001573 0.000000 0.238123 0.001605 0.000000 0.205402
7.800000 7 4 0.001593 0.000000 0.237370 0.001621 0.000000 0.235859
8.000000 8 0 0.001600 0.000000 0.222924 0.001601 0.000000 0.175805
8.200000 8 1 0.001641 0.000000 0.222611 0.001656 0.000000 0.223430
8.400000 8 2 0.001584 0.000000 0.218766 0.001577 0.000000 0.159520
8.600000 8 3 0.001571 0.000000 0.215834 0.001586 0.000000 0.258130
8.800000 8 4 0.001591 0.000000 0.224854 0.001590 0.000000 0.148605
9.000000 9 0 0.001580 0.000000 0.215719 0.001623 0.000000 0.223892
9.200000 9 1 0.001578 0.000000 0.219010 0.001586 0.000000 0.150409
9.400000 9 2 0.001626 0.000000 0.219172 0.001650 0.000000 0.197984
9.600000 9 3 0.001595 0.000000 0.212725 0.001621 0.000000 0.228885
9.800000 9 4 0.001700 0.000000 0.218107 0.001716 0.000000 0.176217
