0 -0.144527 1 0.000050
1 -0.141691 4 0.000200
2 -0.138855 1 0.000050
3 -0.136019 1 0.000050
4 -0.133183 1 0.000050
5 -0.130347 0 0.000000
6 -0.127511 1 0.000050
7 -0.124675 1 0.000050
8 -0.121840 1 0.000050
9 -0.119004 1 0.000050
10 -0.116168 0 0.000000
11 -0.113332 2 0.000100
12 -0.110496 0 0.000000
13 -0.107660 0 0.000000
14 -0.104824 4 0.000200
15 -0.101988 0 0.000000
16 -0.099152 0 0.000000
17 -0.096316 0 0.000000
18 -0.093481 1 0.000050
19 -0.090645 0 0.000000
20 -0.087809 0 0.000000
21 -0.084973 2 0.000100
22 -0.082137 1 0.000050
23 -0.079301 0 0.000000
24 -0.076465 0 0.000000
25 -0.073629 0 0.000000
26 -0.070793 1 0.000050
27 -0.067958 1 0.000050
28 -0.065122 1 0.000050
29 -0.062286 2 0.000100
30 -0.059450 1 0.000050
31 -0.056614 2 0.000100
32 -0.053778 7 0.000350
33 -0.050942 10 0.000500
34 -0.048106 6 0.000300
35 -0.045270 19 0.000950
36 -0.042435 15 0.000750
37 -0.039599 36 0.001800
38 -0.036763 27 0.001350
39 -0.033927 36 0.001800
40 -0.031091 73 0.003650
41 -0.028255 108 0.005400
42 -0.025419 227 0.011350
43 -0.022583 328 0.016400
44 -0.019747 656 0.032800
45 -0.016912 1358 0.067900
46 -0.014076 2036 0.101800
47 -0.011240 4410 0.220500
48 -0.008404 5651 0.282550
49 -0.005568 2789 0.139450
50 -0.002732 1071 0.053550
51 0.000104 413 0.020650
52 0.002940 214 0.010700
53 0.005776 143 0.007150
54 0.008611 105 0.005250
55 0.011447 59 0.002950
56 0.014283 40 0.002000
57 0.017119 28 0.001400
58 0.019955 15 0.000750
59 0.022791 12 0.000600
60 0.025627 21 0.001050
61 0.028463 10 0.000500
62 0.031299 6 0.000300
63 0.034135 1 0.000050
64 0.036970 7 0.000350
65 0.039806 1 0.000050
66 0.042642 1 0.000050
67 0.045478 2 0.000100
68 0.048314 1 0.000050
69 0.051150 1 0.000050
70 0.053986 1 0.000050
71 0.056822 0 0.000000
72 0.059658 0 0.000000
73 0.062493 2 0.000100
74 0.065329 0 0.000000
75 0.068165 0 0.000000
76 0.071001 0 0.000000
77 0.073837 0 0.000000
78 0.076673 0 0.000000
79 0.079509 2 0.000100
80 0.082345 0 0.000000
81 0.085181 1 0.000050
82 0.088016 3 0.000150
83 0.090852 0 0.000000
84 0.093688 0 0.000000
85 0.096524 2 0.000100
86 0.099360 2 0.000100
87 0.102196 2 0.000100
88 0.105032 1 0.000050
89 0.107868 1 0.000050
90 0.110704 3 0.000150
91 0.113539 0 0.000000
92 0.116375 0 0.000000
93 0.119211 1 0.000050
94 0.122047 1 0.000050
95 0.124883 1 0.000050
96 0.127719 1 0.000050
97 0.130555 2 0.000100
98 0.133391 0 0.000000
99 0.136227 1 0.000050
