0 -0.424096 1 0.000050
1 -0.415655 0 0.000000
2 -0.407213 0 0.000000
3 -0.398771 0 0.000000
4 -0.390329 0 0.000000
5 -0.381887 2 0.000100
6 -0.373445 0 0.000000
7 -0.365003 1 0.000050
8 -0.356561 1 0.000050
9 -0.348119 0 0.000000
10 -0.339677 0 0.000000
11 -0.331235 0 0.000000
12 -0.322793 1 0.000050
13 -0.314351 1 0.000050
14 -0.305909 3 0.000150
15 -0.297467 1 0.000050
16 -0.289025 3 0.000150
17 -0.280583 5 0.000250
18 -0.272141 1 0.000050
19 -0.263699 3 0.000150
20 -0.255257 4 0.000200
21 -0.246815 2 0.000100
22 -0.238373 3 0.000150
23 -0.229931 3 0.000150
24 -0.221489 5 0.000250
25 -0.213047 5 0.000250
26 -0.204606 8 0.000400
27 -0.196164 13 0.000650
28 -0.187722 40 0.002000
29 -0.179280 54 0.002700
30 -0.170838 86 0.004300
31 -0.162396 113 0.005650
32 -0.153954 160 0.008000
33 -0.145512 122 0.006100
34 -0.137070 143 0.007150
35 -0.128628 189 0.009450
36 -0.120186 164 0.008200
37 -0.111744 170 0.008500
38 -0.103302 175 0.008750
39 -0.094860 235 0.011750
40 -0.086418 531 0.026550
41 -0.077976 735 0.036750
42 -0.069534 591 0.029550
43 -0.061092 416 0.020800
44 -0.052650 458 0.022900
45 -0.044208 575 0.028750
46 -0.035766 752 0.037600
47 -0.027324 702 0.035100
48 -0.018882 1047 0.052350
49 -0.010440 3866 0.193300
50 -0.001998 1325 0.066250
51 0.006443 748 0.037400
52 0.014885 726 0.036300
53 0.023327 875 0.043750
54 0.031769 732 0.036600
55 0.040211 491 0.024550
56 0.048653 481 0.024050
57 0.057095 424 0.021200
58 0.065537 497 0.024850
59 0.073979 328 0.016400
60 0.082421 240 0.012000
61 0.090863 202 0.010100
62 0.099305 174 0.008700
63 0.107747 185 0.009250
64 0.116189 324 0.016200
65 0.124631 295 0.014750
66 0.133073 142 0.007100
67 0.141515 112 0.005600
68 0.149957 89 0.004450
69 0.158399 77 0.003850
70 0.166841 49 0.002450
71 0.175283 33 0.001650
72 0.183725 12 0.000600
73 0.192167 2 0.000100
74 0.200609 10 0.000500
75 0.209050 9 0.000450
76 0.217492 3 0.000150
77 0.225934 5 0.000250
78 0.234376 2 0.000100
79 0.242818 0 0.000000
80 0.251260 2 0.000100
81 0.259702 0 0.000000
82 0.268144 2 0.000100
83 0.276586 0 0.000000
84 0.285028 2 0.000100
85 0.293470 3 0.000150
86 0.301912 2 0.000100
87 0.310354 2 0.000100
88 0.318796 1 0.000050
89 0.327238 0 0.000000
90 0.335680 2 0.000100
91 0.344122 0 0.000000
92 0.352564 0 0.000000
93 0.361006 0 0.000000
94 0.369448 0 0.000000
95 0.377890 0 0.000000
96 0.386332 1 0.000050
97 0.394774 0 0.000000
98 0.403216 0 0.000000
99 0.411658 1 0.000050
