0 -0.104841 2 0.000100
1 -0.103138 0 0.000000
2 -0.101434 1 0.000050
3 -0.099730 0 0.000000
4 -0.098026 0 0.000000
5 -0.096322 1 0.000050
6 -0.094619 0 0.000000
7 -0.092915 0 0.000000
8 -0.091211 0 0.000000
9 -0.089507 0 0.000000
10 -0.087803 1 0.000050
11 -0.086100 1 0.000050
12 -0.084396 0 0.000000
13 -0.082692 0 0.000000
14 -0.080988 1 0.000050
15 -0.079284 0 0.000000
16 -0.077581 0 0.000000
17 -0.075877 0 0.000000
18 -0.074173 0 0.000000
19 -0.072469 0 0.000000
20 -0.070765 1 0.000050
21 -0.069061 0 0.000000
22 -0.067358 1 0.000050
23 -0.065654 0 0.000000
24 -0.063950 3 0.000150
25 -0.062246 1 0.000050
26 -0.060542 1 0.000050
27 -0.058839 2 0.000100
28 -0.057135 0 0.000000
29 -0.055431 6 0.000300
30 -0.053727 6 0.000300
31 -0.052023 3 0.000150
32 -0.050320 7 0.000350
33 -0.048616 7 0.000350
34 -0.046912 7 0.000350
35 -0.045208 8 0.000400
36 -0.043504 6 0.000300
37 -0.041801 9 0.000450
38 -0.040097 13 0.000650
39 -0.038393 13 0.000650
40 -0.036689 11 0.000550
41 -0.034985 19 0.000950
42 -0.033282 24 0.001200
43 -0.031578 25 0.001250
44 -0.029874 23 0.001150
45 -0.028170 47 0.002350
46 -0.026466 65 0.003250
47 -0.024763 68 0.003400
48 -0.023059 75 0.003750
49 -0.021355 128 0.006400
50 -0.019651 177 0.008850
51 -0.017947 257 0.012850
52 -0.016244 311 0.015550
53 -0.014540 482 0.024100
54 -0.012836 943 0.047150
55 -0.011132 1653 0.082650
56 -0.009428 3729 0.186450
57 -0.007725 4985 0.249250
58 -0.006021 3069 0.153450
59 -0.004317 1345 0.067250
60 -0.002613 696 0.034800
61 -0.000909 402 0.020100
62 0.000794 311 0.015550
63 0.002498 232 0.011600
64 0.004202 202 0.010100
65 0.005906 115 0.005750
66 0.007610 95 0.004750
67 0.009314 57 0.002850
68 0.011017 66 0.003300
69 0.012721 28 0.001400
70 0.014425 24 0.001200
71 0.016129 28 0.001400
72 0.017833 28 0.001400
73 0.019536 25 0.001250
74 0.021240 35 0.001750
75 0.022944 17 0.000850
76 0.024648 10 0.000500
77 0.026352 13 0.000650
78 0.028055 7 0.000350
79 0.029759 12 0.000600
80 0.031463 19 0.000950
81 0.033167 9 0.000450
82 0.034871 6 0.000300
83 0.036574 2 0.000100
84 0.038278 2 0.000100
85 0.039982 3 0.000150
86 0.041686 5 0.000250
87 0.043390 2 0.000100
88 0.045093 2 0.000100
89 0.046797 0 0.000000
90 0.048501 0 0.000000
91 0.050205 1 0.000050
92 0.051909 0 0.000000
93 0.053612 0 0.000000
94 0.055316 2 0.000100
95 0.057020 0 0.000000
96 0.058724 4 0.000200
97 0.060428 1 0.000050
98 0.062131 1 0.000050
99 0.063835 1 0.000050
