0 0.000000 51229 0.853817
1 0.001817 2021 0.033683
2 0.003633 1763 0.029383
3 0.005450 1272 0.021200
4 0.007267 577 0.009617
5 0.009084 393 0.006550
6 0.010900 336 0.005600
7 0.012717 370 0.006167
8 0.014534 510 0.008500
9 0.016351 317 0.005283
10 0.018167 200 0.003333
11 0.019984 207 0.003450
12 0.021801 172 0.002867
13 0.023618 150 0.002500
14 0.025434 109 0.001817
15 0.027251 92 0.001533
16 0.029068 65 0.001083
17 0.030885 52 0.000867
18 0.032701 38 0.000633
19 0.034518 12 0.000200
20 0.036335 13 0.000217
21 0.038152 8 0.000133
22 0.039968 6 0.000100
23 0.041785 10 0.000167
24 0.043602 6 0.000100
25 0.045419 5 0.000083
26 0.047235 6 0.000100
27 0.049052 1 0.000017
28 0.050869 7 0.000117
29 0.052686 1 0.000017
30 0.054502 3 0.000050
31 0.056319 3 0.000050
32 0.058136 1 0.000017
33 0.059953 0 0.000000
34 0.061769 2 0.000033
35 0.063586 4 0.000067
36 0.065403 1 0.000017
37 0.067220 2 0.000033
38 0.069036 0 0.000000
39 0.070853 1 0.000017
40 0.072670 2 0.000033
41 0.074487 2 0.000033
42 0.076303 2 0.000033
43 0.078120 3 0.000050
44 0.079937 0 0.000000
45 0.081754 3 0.000050
46 0.083570 1 0.000017
47 0.085387 0 0.000000
48 0.087204 3 0.000050
49 0.089021 1 0.000017
50 0.090837 3 0.000050
51 0.092654 1 0.000017
52 0.094471 1 0.000017
53 0.096288 1 0.000017
54 0.098104 1 0.000017
55 0.099921 0 0.000000
56 0.101738 1 0.000017
57 0.103554 1 0.000017
58 0.105371 0 0.000000
59 0.107188 0 0.000000
60 0.109005 0 0.000000
61 0.110821 0 0.000000
62 0.112638 0 0.000000
63 0.114455 0 0.000000
64 0.116272 2 0.000033
65 0.118088 0 0.000000
66 0.119905 0 0.000000
67 0.121722 0 0.000000
68 0.123539 1 0.000017
69 0.125355 0 0.000000
70 0.127172 0 0.000000
71 0.128989 0 0.000000
72 0.130806 1 0.000017
73 0.132622 0 0.000000
74 0.134439 0 0.000000
75 0.136256 0 0.000000
76 0.138073 0 0.000000
77 0.139889 0 0.000000
78 0.141706 2 0.000033
79 0.143523 0 0.000000
80 0.145340 0 0.000000
81 0.147156 0 0.000000
82 0.148973 0 0.000000
83 0.150790 0 0.000000
84 0.152607 1 0.000017
85 0.154423 0 0.000000
86 0.156240 0 0.000000
87 0.158057 0 0.000000
88 0.159874 0 0.000000
89 0.161690 0 0.000000
90 0.163507 0 0.000000
91 0.165324 0 0.000000
92 0.167141 0 0.000000
93 0.168957 1 0.000017
94 0.170774 0 0.000000
95 0.172591 0 0.000000
96 0.174408 0 0.000000
97 0.176224 0 0.000000
98 0.178041 0 0.000000
99 0.179858 1 0.000017
