0 0.047650 16 0.000800
1 0.057518 6 0.000300
2 0.067386 5 0.000250
3 0.077254 1 0.000050
4 0.087122 1 0.000050
5 0.096990 4 0.000200
6 0.106858 2 0.000100
7 0.116726 3 0.000150
8 0.126594 4 0.000200
9 0.136462 6 0.000300
10 0.146330 4 0.000200
11 0.156198 6 0.000300
12 0.166066 8 0.000400
13 0.175934 3 0.000150
14 0.185802 6 0.000300
15 0.195670 7 0.000350
16 0.205538 4 0.000200
17 0.215406 13 0.000650
18 0.225274 4 0.000200
19 0.235142 5 0.000250
20 0.245010 13 0.000650
21 0.254878 14 0.000700
22 0.264746 30 0.001500
23 0.274614 38 0.001900
24 0.284482 40 0.002000
25 0.294350 44 0.002200
26 0.304218 42 0.002100
27 0.314086 105 0.005250
28 0.323954 191 0.009550
29 0.333822 135 0.006750
30 0.343690 56 0.002800
31 0.353558 17 0.000850
32 0.363426 21 0.001050
33 0.373295 18 0.000900
34 0.383163 19 0.000950
35 0.393031 18 0.000900
36 0.402899 17 0.000850
37 0.412767 32 0.001600
38 0.422635 30 0.001500
39 0.432503 35 0.001750
40 0.442371 37 0.001850
41 0.452239 49 0.002450
42 0.462107 37 0.001850
43 0.471975 44 0.002200
44 0.481843 92 0.004600
45 0.491711 118 0.005900
46 0.501579 114 0.005700
47 0.511447 107 0.005350
48 0.521315 123 0.006150
49 0.531183 187 0.009350
50 0.541051 220 0.011000
51 0.550919 269 0.013450
52 0.560787 425 0.021250
53 0.570655 543 0.027150
54 0.580523 1233 0.061650
55 0.590391 2198 0.109900
56 0.600259 2201 0.110050
57 0.610127 1324 0.066200
58 0.619995 878 0.043900
59 0.629863 705 0.035250
60 0.639731 481 0.024050
61 0.649599 321 0.016050
62 0.659467 304 0.015200
63 0.669335 240 0.012000
64 0.679203 245 0.012250
65 0.689071 212 0.010600
66 0.698940 175 0.008750
67 0.708808 155 0.007750
68 0.718676 183 0.009150
69 0.728544 141 0.007050
70 0.738412 151 0.007550
71 0.748280 168 0.008400
72 0.758148 172 0.008600
73 0.768016 159 0.007950
74 0.777884 203 0.010150
75 0.787752 158 0.007900
76 0.797620 187 0.009350
77 0.807488 173 0.008650
78 0.817356 182 0.009100
79 0.827224 203 0.010150
80 0.837092 216 0.010800
81 0.846960 216 0.010800
82 0.856828 294 0.014700
83 0.866696 311 0.015550
84 0.876564 382 0.019100
85 0.886432 452 0.022600
86 0.896300 370 0.018500
87 0.906168 217 0.010850
88 0.916036 277 0.013850
89 0.925904 322 0.016100
90 0.935772 316 0.015800
91 0.945640 198 0.009900
92 0.955508 109 0.005450
93 0.965376 50 0.002500
94 0.975244 44 0.002200
95 0.985112 39 0.001950
96 0.994980 27 0.001350
97 1.004848 9 0.000450
98 1.014717 9 0.000450
99 1.024585 2 0.000100
