0 0.416329 1 0.000050
1 0.418289 4 0.000200
2 0.420249 2 0.000100
3 0.422209 3 0.000150
4 0.424169 2 0.000100
5 0.426128 3 0.000150
6 0.428088 10 0.000500
7 0.430048 9 0.000450
8 0.432008 3 0.000150
9 0.433967 3 0.000150
10 0.435927 16 0.000800
11 0.437887 6 0.000300
12 0.439847 4 0.000200
13 0.441807 8 0.000400
14 0.443766 22 0.001100
15 0.445726 11 0.000550
16 0.447686 23 0.001150
17 0.449646 18 0.000900
18 0.451605 16 0.000800
19 0.453565 11 0.000550
20 0.455525 23 0.001150
21 0.457485 17 0.000850
22 0.459444 18 0.000900
23 0.461404 14 0.000700
24 0.463364 40 0.002000
25 0.465324 42 0.002100
26 0.467284 64 0.003200
27 0.469243 51 0.002550
28 0.471203 60 0.003000
29 0.473163 87 0.004350
30 0.475123 129 0.006450
31 0.477082 118 0.005900
32 0.479042 132 0.006600
33 0.481002 136 0.006800
34 0.482962 187 0.009350
35 0.484922 256 0.012800
36 0.486881 314 0.015700
37 0.488841 292 0.014600
38 0.490801 378 0.018900
39 0.492761 509 0.025450
40 0.494720 664 0.033200
41 0.496680 991 0.049550
42 0.498640 1227 0.061350
43 0.500600 1429 0.071450
44 0.502559 1520 0.076000
45 0.504519 1839 0.091950
46 0.506479 2024 0.101200
47 0.508439 1780 0.089000
48 0.510399 1296 0.064800
49 0.512358 698 0.034900
50 0.514318 493 0.024650
51 0.516278 495 0.024750
52 0.518238 383 0.019150
53 0.520197 310 0.015500
54 0.522157 245 0.012250
55 0.524117 160 0.008000
56 0.526077 155 0.007750
57 0.528037 128 0.006400
58 0.529996 131 0.006550
59 0.531956 123 0.006150
60 0.533916 114 0.005700
61 0.535876 101 0.005050
62 0.537835 73 0.003650
63 0.539795 63 0.003150
64 0.541755 63 0.003150
65 0.543715 58 0.002900
66 0.545674 44 0.002200
67 0.547634 38 0.001900
68 0.549594 33 0.001650
69 0.551554 36 0.001800
70 0.553514 29 0.001450
71 0.555473 20 0.001000
72 0.557433 30 0.001500
73 0.559393 38 0.001900
74 0.561353 14 0.000700
75 0.563312 11 0.000550
76 0.565272 9 0.000450
77 0.567232 6 0.000300
78 0.569192 5 0.000250
79 0.571151 5 0.000250
80 0.573111 13 0.000650
81 0.575071 10 0.000500
82 0.577031 8 0.000400
83 0.578991 10 0.000500
84 0.580950 3 0.000150
85 0.582910 2 0.000100
86 0.584870 6 0.000300
87 0.586830 8 0.000400
88 0.588789 2 0.000100
89 0.590749 1 0.000050
90 0.592709 1 0.000050
91 0.594669 1 0.000050
92 0.596629 4 0.000200
93 0.598588 0 0.000000
94 0.600548 2 0.000100
95 0.602508 1 0.000050
96 0.604468 2 0.000100
97 0.606427 2 0.000100
98 0.608387 0 0.000000
99 0.610347 1 0.000050
