0 0.013012 6 0.000300
1 0.022979 10 0.000500
2 0.032947 5 0.000250
3 0.042914 4 0.000200
4 0.052882 6 0.000300
5 0.062849 2 0.000100
6 0.072816 1 0.000050
7 0.082784 3 0.000150
8 0.092751 4 0.000200
9 0.102719 5 0.000250
10 0.112686 6 0.000300
11 0.122654 3 0.000150
12 0.132621 4 0.000200
13 0.142588 2 0.000100
14 0.152556 0 0.000000
15 0.162523 4 0.000200
16 0.172491 0 0.000000
17 0.182458 5 0.000250
18 0.192426 8 0.000400
19 0.202393 3 0.000150
20 0.212360 0 0.000000
21 0.222328 3 0.000150
22 0.232295 6 0.000300
23 0.242263 7 0.000350
24 0.252230 29 0.001450
25 0.262197 26 0.001300
26 0.272165 28 0.001400
27 0.282132 49 0.002450
28 0.292100 35 0.001750
29 0.302067 34 0.001700
30 0.312035 129 0.006450
31 0.322002 101 0.005050
32 0.331969 172 0.008600
33 0.341937 104 0.005200
34 0.351904 33 0.001650
35 0.361872 20 0.001000
36 0.371839 20 0.001000
37 0.381807 14 0.000700
38 0.391774 20 0.001000
39 0.401741 22 0.001100
40 0.411709 34 0.001700
41 0.421676 27 0.001350
42 0.431644 32 0.001600
43 0.441611 38 0.001900
44 0.451578 58 0.002900
45 0.461546 39 0.001950
46 0.471513 75 0.003750
47 0.481481 94 0.004700
48 0.491448 130 0.006500
49 0.501416 116 0.005800
50 0.511383 123 0.006150
51 0.521350 175 0.008750
52 0.531318 217 0.010850
53 0.541285 260 0.013000
54 0.551253 399 0.019950
55 0.561220 542 0.027100
56 0.571188 995 0.049750
57 0.581155 1871 0.093550
58 0.591122 2572 0.128600
59 0.601090 1417 0.070850
60 0.611057 929 0.046450
61 0.621025 826 0.041300
62 0.630992 468 0.023400
63 0.640960 340 0.017000
64 0.650927 323 0.016150
65 0.660894 252 0.012600
66 0.670862 240 0.012000
67 0.680829 208 0.010400
68 0.690797 190 0.009500
69 0.700764 155 0.007750
70 0.710731 179 0.008950
71 0.720699 150 0.007500
72 0.730666 171 0.008550
73 0.740634 171 0.008550
74 0.750601 173 0.008650
75 0.760569 158 0.007900
76 0.770536 197 0.009850
77 0.780503 181 0.009050
78 0.790471 201 0.010050
79 0.800438 160 0.008000
80 0.810406 191 0.009550
81 0.820373 262 0.013100
82 0.830341 207 0.010350
83 0.840308 256 0.012800
84 0.850275 335 0.016750
85 0.860243 434 0.021700
86 0.870210 389 0.019450
87 0.880178 388 0.019400
88 0.890145 295 0.014750
89 0.900112 268 0.013400
90 0.910080 257 0.012850
91 0.920047 358 0.017900
92 0.930015 215 0.010750
93 0.939982 145 0.007250
94 0.949950 57 0.002850
95 0.959917 48 0.002400
96 0.969884 49 0.002450
97 0.979852 20 0.001000
98 0.989819 6 0.000300
99 0.999787 1 0.000050
