0 0.015088 3 0.000050
1 0.025285 7 0.000117
2 0.035482 3 0.000050
3 0.045679 19 0.000317
4 0.055876 19 0.000317
5 0.066073 13 0.000217
6 0.076270 11 0.000183
7 0.086467 14 0.000233
8 0.096664 16 0.000267
9 0.106861 21 0.000350
10 0.117057 13 0.000217
11 0.127254 18 0.000300
12 0.137451 18 0.000300
13 0.147648 25 0.000417
14 0.157845 21 0.000350
15 0.168042 22 0.000367
16 0.178239 21 0.000350
17 0.188436 43 0.000717
18 0.198633 36 0.000600
19 0.208830 37 0.000617
20 0.219027 52 0.000867
21 0.229224 35 0.000583
22 0.239421 44 0.000733
23 0.249618 56 0.000933
24 0.259815 66 0.001100
25 0.270011 82 0.001367
26 0.280208 98 0.001633
27 0.290405 104 0.001733
28 0.300602 105 0.001750
29 0.310799 169 0.002817
30 0.320996 246 0.004100
31 0.331193 287 0.004783
32 0.341390 139 0.002317
33 0.351587 116 0.001933
34 0.361784 115 0.001917
35 0.371981 146 0.002433
36 0.382178 168 0.002800
37 0.392375 210 0.003500
38 0.402572 202 0.003367
39 0.412769 288 0.004800
40 0.422965 332 0.005533
41 0.433162 390 0.006500
42 0.443359 539 0.008983
43 0.453556 599 0.009983
44 0.463753 952 0.015867
45 0.473950 1530 0.025500
46 0.484147 3218 0.053633
47 0.494344 8777 0.146283
48 0.504541 11226 0.187100
49 0.514738 3944 0.065733
50 0.524935 1849 0.030817
51 0.535132 1257 0.020950
52 0.545329 918 0.015300
53 0.555526 896 0.014933
54 0.565723 966 0.016100
55 0.575919 1117 0.018617
56 0.586116 2275 0.037917
57 0.596313 2681 0.044683
58 0.606510 1737 0.028950
59 0.616707 1230 0.020500
60 0.626904 979 0.016317
61 0.637101 655 0.010917
62 0.647298 471 0.007850
63 0.657495 425 0.007083
64 0.667692 362 0.006033
65 0.677889 372 0.006200
66 0.688086 299 0.004983
67 0.698283 218 0.003633
68 0.708480 200 0.003333
69 0.718677 257 0.004283
70 0.728873 177 0.002950
71 0.739070 192 0.003200
72 0.749267 196 0.003267
73 0.759464 203 0.003383
74 0.769661 208 0.003467
75 0.779858 228 0.003800
76 0.790055 213 0.003550
77 0.800252 228 0.003800
78 0.810449 206 0.003433
79 0.820646 211 0.003517
80 0.830843 243 0.004050
81 0.841040 225 0.003750
82 0.851237 262 0.004367
83 0.861434 334 0.005567
84 0.871630 352 0.005867
85 0.881827 491 0.008183
86 0.892024 428 0.007133
87 0.902221 275 0.004583
88 0.912418 270 0.004500
89 0.922615 337 0.005617
90 0.932812 362 0.006033
91 0.943009 240 0.004000
92 0.953206 133 0.002217
93 0.963403 58 0.000967
94 0.973600 56 0.000933
95 0.983797 41 0.000683
96 0.993994 30 0.000500
97 1.004191 10 0.000167
98 1.014388 10 0.000167
99 1.024585 2 0.000033
