0 0.011722 4 0.000200
1 0.021475 7 0.000350
2 0.031229 4 0.000200
3 0.040983 3 0.000150
4 0.050736 10 0.000500
5 0.060490 13 0.000650
6 0.070244 4 0.000200
7 0.079997 14 0.000700
8 0.089751 11 0.000550
9 0.099505 14 0.000700
10 0.109258 9 0.000450
11 0.119012 12 0.000600
12 0.128766 10 0.000500
13 0.138519 8 0.000400
14 0.148273 15 0.000750
15 0.158027 12 0.000600
16 0.167780 20 0.001000
17 0.177534 26 0.001300
18 0.187288 17 0.000850
19 0.197041 22 0.001100
20 0.206795 36 0.001800
21 0.216549 38 0.001900
22 0.226302 39 0.001950
23 0.236056 28 0.001400
24 0.245810 33 0.001650
25 0.255563 58 0.002900
26 0.265317 41 0.002050
27 0.275071 62 0.003100
28 0.284824 59 0.002950
29 0.294578 57 0.002850
30 0.304332 56 0.002800
31 0.314085 67 0.003350
32 0.323839 101 0.005050
33 0.333593 100 0.005000
34 0.343346 92 0.004600
35 0.353100 70 0.003500
36 0.362854 130 0.006500
37 0.372607 124 0.006200
38 0.382361 157 0.007850
39 0.392115 178 0.008900
40 0.401868 211 0.010550
41 0.411622 265 0.013250
42 0.421376 269 0.013450
43 0.431129 331 0.016550
44 0.440883 390 0.019500
45 0.450637 517 0.025850
46 0.460390 704 0.035200
47 0.470144 920 0.046000
48 0.479898 1523 0.076150
49 0.489651 3089 0.154450
50 0.499405 2958 0.147900
51 0.509159 1633 0.081650
52 0.518912 963 0.048150
53 0.528666 618 0.030900
54 0.538420 478 0.023900
55 0.548173 394 0.019700
56 0.557927 379 0.018950
57 0.567681 357 0.017850
58 0.577434 303 0.015150
59 0.587188 188 0.009400
60 0.596942 173 0.008650
61 0.606695 148 0.007400
62 0.616449 147 0.007350
63 0.626203 137 0.006850
64 0.635956 104 0.005200
65 0.645710 109 0.005450
66 0.655464 101 0.005050
67 0.665217 92 0.004600
68 0.674971 93 0.004650
69 0.684725 70 0.003500
70 0.694478 45 0.002250
71 0.704232 41 0.002050
72 0.713986 57 0.002850
73 0.723739 33 0.001650
74 0.733493 23 0.001150
75 0.743247 23 0.001150
76 0.753000 27 0.001350
77 0.762754 40 0.002000
78 0.772508 32 0.001600
79 0.782261 30 0.001500
80 0.792015 20 0.001000
81 0.801769 14 0.000700
82 0.811522 19 0.000950
83 0.821276 17 0.000850
84 0.831030 20 0.001000
85 0.840783 16 0.000800
86 0.850537 12 0.000600
87 0.860291 6 0.000300
88 0.870044 8 0.000400
89 0.879798 4 0.000200
90 0.889552 12 0.000600
91 0.899305 7 0.000350
92 0.909059 11 0.000550
93 0.918813 17 0.000850
94 0.928566 17 0.000850
95 0.938320 6 0.000300
96 0.948074 6 0.000300
97 0.957827 4 0.000200
98 0.967581 7 0.000350
99 0.977335 1 0.000050
