0 0.099824 1 0.000050
1 0.107856 0 0.000000
2 0.115889 1 0.000050
3 0.123922 3 0.000150
4 0.131954 1 0.000050
5 0.139987 0 0.000000
6 0.148020 0 0.000000
7 0.156052 0 0.000000
8 0.164085 0 0.000000
9 0.172118 0 0.000000
10 0.180150 0 0.000000
11 0.188183 1 0.000050
12 0.196216 2 0.000100
13 0.204248 3 0.000150
14 0.212281 4 0.000200
15 0.220314 3 0.000150
16 0.228346 6 0.000300
17 0.236379 1 0.000050
18 0.244412 1 0.000050
19 0.252444 2 0.000100
20 0.260477 0 0.000000
21 0.268510 0 0.000000
22 0.276542 2 0.000100
23 0.284575 3 0.000150
24 0.292608 7 0.000350
25 0.300640 18 0.000900
26 0.308673 31 0.001550
27 0.316706 48 0.002400
28 0.324738 75 0.003750
29 0.332771 59 0.002950
30 0.340804 46 0.002300
31 0.348836 65 0.003250
32 0.356869 146 0.007300
33 0.364901 161 0.008050
34 0.372934 260 0.013000
35 0.380967 170 0.008500
36 0.388999 179 0.008950
37 0.397032 159 0.007950
38 0.405065 249 0.012450
39 0.413097 330 0.016500
40 0.421130 643 0.032150
41 0.429163 807 0.040350
42 0.437195 376 0.018800
43 0.445228 325 0.016250
44 0.453261 484 0.024200
45 0.461293 526 0.026300
46 0.469326 783 0.039150
47 0.477359 564 0.028200
48 0.485391 574 0.028700
49 0.493424 860 0.043000
50 0.501457 4401 0.220050
51 0.509489 690 0.034500
52 0.517522 606 0.030300
53 0.525555 1002 0.050100
54 0.533587 689 0.034450
55 0.541620 446 0.022300
56 0.549653 398 0.019900
57 0.557685 465 0.023250
58 0.565718 577 0.028850
59 0.573751 454 0.022700
60 0.581783 310 0.015500
61 0.589816 254 0.012700
62 0.597849 206 0.010300
63 0.605881 221 0.011050
64 0.613914 171 0.008550
65 0.621947 396 0.019800
66 0.629979 204 0.010200
67 0.638012 76 0.003800
68 0.646045 55 0.002750
69 0.654077 104 0.005200
70 0.662110 62 0.003100
71 0.670143 92 0.004600
72 0.678175 50 0.002500
73 0.686208 15 0.000750
74 0.694241 20 0.001000
75 0.702273 23 0.001150
76 0.710306 12 0.000600
77 0.718339 0 0.000000
78 0.726371 0 0.000000
79 0.734404 0 0.000000
80 0.742437 1 0.000050
81 0.750469 1 0.000050
82 0.758502 0 0.000000
83 0.766535 1 0.000050
84 0.774567 0 0.000000
85 0.782600 0 0.000000
86 0.790633 3 0.000150
87 0.798665 9 0.000450
88 0.806698 1 0.000050
89 0.814731 1 0.000050
90 0.822763 0 0.000000
91 0.830796 0 0.000000
92 0.838829 0 0.000000
93 0.846861 0 0.000000
94 0.854894 0 0.000000
95 0.862927 0 0.000000
96 0.870959 3 0.000150
97 0.878992 0 0.000000
98 0.887025 1 0.000050
99 0.895057 1 0.000050
