0 0.015088 3 0.000150
1 0.024935 7 0.000350
2 0.034782 3 0.000150
3 0.044629 7 0.000350
4 0.054476 5 0.000250
5 0.064323 11 0.000550
6 0.074170 10 0.000500
7 0.084016 9 0.000450
8 0.093863 15 0.000750
9 0.103710 13 0.000650
10 0.113557 16 0.000800
11 0.123404 12 0.000600
12 0.133251 9 0.000450
13 0.143098 18 0.000900
14 0.152945 14 0.000700
15 0.162792 15 0.000750
16 0.172638 17 0.000850
17 0.182485 20 0.001000
18 0.192332 38 0.001900
19 0.202179 26 0.001300
20 0.212026 37 0.001850
21 0.221873 33 0.001650
22 0.231720 26 0.001300
23 0.241567 36 0.001800
24 0.251414 44 0.002200
25 0.261261 41 0.002050
26 0.271107 52 0.002600
27 0.280954 56 0.002800
28 0.290801 51 0.002550
29 0.300648 68 0.003400
30 0.310495 67 0.003350
31 0.320342 75 0.003750
32 0.330189 103 0.005150
33 0.340036 85 0.004250
34 0.349883 84 0.004200
35 0.359729 82 0.004100
36 0.369576 123 0.006150
37 0.379423 124 0.006200
38 0.389270 187 0.009350
39 0.399117 182 0.009100
40 0.408964 208 0.010400
41 0.418811 263 0.013150
42 0.428658 265 0.013250
43 0.438505 363 0.018150
44 0.448352 394 0.019700
45 0.458198 505 0.025250
46 0.468045 661 0.033050
47 0.477892 986 0.049300
48 0.487739 1605 0.080250
49 0.497586 3171 0.158550
50 0.507433 2933 0.146650
51 0.517280 1512 0.075600
52 0.527127 898 0.044900
53 0.536974 570 0.028500
54 0.546820 465 0.023250
55 0.556667 426 0.021300
56 0.566514 405 0.020250
57 0.576361 340 0.017000
58 0.586208 279 0.013950
59 0.596055 166 0.008300
60 0.605902 158 0.007900
61 0.615749 150 0.007500
62 0.625596 132 0.006600
63 0.635442 150 0.007500
64 0.645289 136 0.006800
65 0.655136 105 0.005250
66 0.664983 86 0.004300
67 0.674830 110 0.005500
68 0.684677 91 0.004550
69 0.694524 59 0.002950
70 0.704371 26 0.001300
71 0.714218 56 0.002800
72 0.724065 46 0.002300
73 0.733911 43 0.002150
74 0.743758 22 0.001100
75 0.753605 23 0.001150
76 0.763452 29 0.001450
77 0.773299 30 0.001500
78 0.783146 32 0.001600
79 0.792993 37 0.001850
80 0.802840 33 0.001650
81 0.812687 22 0.001100
82 0.822533 15 0.000750
83 0.832380 20 0.001000
84 0.842227 10 0.000500
85 0.852074 12 0.000600
86 0.861921 7 0.000350
87 0.871768 16 0.000800
88 0.881615 14 0.000700
89 0.891462 12 0.000600
90 0.901309 17 0.000850
91 0.911156 14 0.000700
92 0.921002 15 0.000750
93 0.930849 11 0.000550
94 0.940696 5 0.000250
95 0.950543 7 0.000350
96 0.960390 3 0.000150
97 0.970237 4 0.000200
98 0.980084 2 0.000100
99 0.989931 1 0.000050
