0 0.011722 10 0.000167
1 0.021702 14 0.000233
2 0.031682 12 0.000200
3 0.041663 7 0.000117
4 0.051643 18 0.000300
5 0.061624 14 0.000233
6 0.071604 5 0.000083
7 0.081585 18 0.000300
8 0.091565 18 0.000300
9 0.101546 13 0.000217
10 0.111526 19 0.000317
11 0.121507 18 0.000300
12 0.131487 17 0.000283
13 0.141468 9 0.000150
14 0.151448 16 0.000267
15 0.161428 19 0.000317
16 0.171409 25 0.000417
17 0.181389 26 0.000433
18 0.191370 28 0.000467
19 0.201350 38 0.000633
20 0.211331 48 0.000800
21 0.221311 44 0.000733
22 0.231292 41 0.000683
23 0.241272 40 0.000667
24 0.251253 80 0.001333
25 0.261233 78 0.001300
26 0.271213 66 0.001100
27 0.281194 128 0.002133
28 0.291174 101 0.001683
29 0.301155 112 0.001867
30 0.311135 248 0.004133
31 0.321116 254 0.004233
32 0.331096 354 0.005900
33 0.341077 262 0.004367
34 0.351057 247 0.004117
35 0.361038 313 0.005217
36 0.371018 470 0.007833
37 0.380998 377 0.006283
38 0.390979 409 0.006817
39 0.400959 498 0.008300
40 0.410940 704 0.011733
41 0.420920 1181 0.019683
42 0.430901 1138 0.018967
43 0.440881 876 0.014600
44 0.450862 1111 0.018517
45 0.460842 1470 0.024500
46 0.470823 1920 0.032000
47 0.480803 2495 0.041583
48 0.490783 4382 0.073033
49 0.500764 7552 0.125867
50 0.510744 2468 0.041133
51 0.520725 2063 0.034383
52 0.530705 1795 0.029917
53 0.540686 1241 0.020683
54 0.550666 1332 0.022200
55 0.560647 1486 0.024767
56 0.570627 1986 0.033100
57 0.580608 2545 0.042417
58 0.590588 3027 0.050450
59 0.600569 1909 0.031817
60 0.610549 1310 0.021833
61 0.620529 1426 0.023767
62 0.630510 808 0.013467
63 0.640490 556 0.009267
64 0.650471 538 0.008967
65 0.660451 421 0.007017
66 0.670432 466 0.007767
67 0.680412 330 0.005500
68 0.690393 267 0.004450
69 0.700373 213 0.003550
70 0.710353 247 0.004117
71 0.720334 191 0.003183
72 0.730314 194 0.003233
73 0.740295 194 0.003233
74 0.750275 214 0.003567
75 0.760256 189 0.003150
76 0.770236 229 0.003817
77 0.780217 217 0.003617
78 0.790197 229 0.003817
79 0.800178 183 0.003050
80 0.810158 215 0.003583
81 0.820139 269 0.004483
82 0.830119 233 0.003883
83 0.840099 264 0.004400
84 0.850080 355 0.005917
85 0.860060 441 0.007350
86 0.870041 398 0.006633
87 0.880021 401 0.006683
88 0.890002 308 0.005133
89 0.899982 266 0.004433
90 0.909963 274 0.004567
91 0.919943 379 0.006317
92 0.929924 232 0.003867
93 0.939904 152 0.002533
94 0.949884 61 0.001017
95 0.959865 54 0.000900
96 0.969845 54 0.000900
97 0.979826 20 0.000333
98 0.989806 7 0.000117
99 0.999787 0 0.000000
