0 -0.224270 3 0.000150
1 -0.219456 3 0.000150
2 -0.214641 2 0.000100
3 -0.209826 3 0.000150
4 -0.205011 5 0.000250
5 -0.200196 1 0.000050
6 -0.195381 7 0.000350
7 -0.190567 3 0.000150
8 -0.185752 6 0.000300
9 -0.180937 6 0.000300
10 -0.176122 7 0.000350
11 -0.171307 5 0.000250
12 -0.166493 10 0.000500
13 -0.161678 3 0.000150
14 -0.156863 6 0.000300
15 -0.152048 7 0.000350
16 -0.147233 12 0.000600
17 -0.142418 13 0.000650
18 -0.137604 11 0.000550
19 -0.132789 11 0.000550
20 -0.127974 13 0.000650
21 -0.123159 18 0.000900
22 -0.118344 17 0.000850
23 -0.113529 27 0.001350
24 -0.108715 33 0.001650
25 -0.103900 32 0.001600
26 -0.099085 32 0.001600
27 -0.094270 37 0.001850
28 -0.089455 39 0.001950
29 -0.084641 43 0.002150
30 -0.079826 46 0.002300
31 -0.075011 41 0.002050
32 -0.070196 54 0.002700
33 -0.065381 59 0.002950
34 -0.060566 73 0.003650
35 -0.055752 85 0.004250
36 -0.050937 110 0.005500
37 -0.046122 104 0.005200
38 -0.041307 152 0.007600
39 -0.036492 251 0.012550
40 -0.031677 360 0.018000
41 -0.026863 521 0.026050
42 -0.022048 814 0.040700
43 -0.017233 1373 0.068650
44 -0.012418 2958 0.147900
45 -0.007603 4965 0.248250
46 -0.002788 2985 0.149250
47 0.002026 1452 0.072600
48 0.006841 850 0.042500
49 0.011656 514 0.025700
50 0.016471 351 0.017550
51 0.021286 256 0.012800
52 0.026100 187 0.009350
53 0.030915 140 0.007000
54 0.035730 107 0.005350
55 0.040545 91 0.004550
56 0.045360 95 0.004750
57 0.050175 67 0.003350
58 0.054989 58 0.002900
59 0.059804 56 0.002800
60 0.064619 52 0.002600
61 0.069434 35 0.001750
62 0.074249 44 0.002200
63 0.079064 26 0.001300
64 0.083878 29 0.001450
65 0.088693 30 0.001500
66 0.093508 16 0.000800
67 0.098323 23 0.001150
68 0.103138 15 0.000750
69 0.107953 14 0.000700
70 0.112767 16 0.000800
71 0.117582 12 0.000600
72 0.122397 7 0.000350
73 0.127212 4 0.000200
74 0.132027 10 0.000500
75 0.136841 7 0.000350
76 0.141656 8 0.000400
77 0.146471 4 0.000200
78 0.151286 5 0.000250
79 0.156101 4 0.000200
80 0.160916 4 0.000200
81 0.165730 3 0.000150
82 0.170545 1 0.000050
83 0.175360 2 0.000100
84 0.180175 3 0.000150
85 0.184990 1 0.000050
86 0.189805 3 0.000150
87 0.194619 4 0.000200
88 0.199434 4 0.000200
89 0.204249 1 0.000050
90 0.209064 2 0.000100
91 0.213879 2 0.000100
92 0.218693 4 0.000200
93 0.223508 2 0.000100
94 0.228323 2 0.000100
95 0.233138 0 0.000000
96 0.237953 1 0.000050
97 0.242768 5 0.000250
98 0.247582 4 0.000200
99 0.252397 1 0.000050
