0 -0.305046 2 0.000100
1 -0.296783 0 0.000000
2 -0.288520 3 0.000150
3 -0.280257 1 0.000050
4 -0.271994 3 0.000150
5 -0.263731 1 0.000050
6 -0.255468 4 0.000200
7 -0.247205 1 0.000050
8 -0.238942 1 0.000050
9 -0.230679 4 0.000200
10 -0.222416 2 0.000100
11 -0.214153 2 0.000100
12 -0.205890 2 0.000100
13 -0.197627 13 0.000650
14 -0.189364 8 0.000400
15 -0.181101 1 0.000050
16 -0.172838 5 0.000250
17 -0.164575 15 0.000750
18 -0.156312 24 0.001200
19 -0.148049 39 0.001950
20 -0.139786 34 0.001700
21 -0.131523 34 0.001700
22 -0.123260 25 0.001250
23 -0.114997 27 0.001350
24 -0.106734 42 0.002100
25 -0.098471 40 0.002000
26 -0.090208 90 0.004500
27 -0.081945 106 0.005300
28 -0.073682 181 0.009050
29 -0.065419 231 0.011550
30 -0.057156 217 0.010850
31 -0.048893 263 0.013150
32 -0.040630 337 0.016850
33 -0.032367 505 0.025250
34 -0.024104 1097 0.054850
35 -0.015841 2546 0.127300
36 -0.007578 6629 0.331450
37 0.000684 3686 0.184300
38 0.008947 1413 0.070650
39 0.017210 725 0.036250
40 0.025473 371 0.018550
41 0.033736 255 0.012750
42 0.041999 201 0.010050
43 0.050262 162 0.008100
44 0.058525 97 0.004850
45 0.066788 107 0.005350
46 0.075051 81 0.004050
47 0.083314 82 0.004100
48 0.091577 35 0.001750
49 0.099840 62 0.003100
50 0.108103 20 0.001000
51 0.116366 18 0.000900
52 0.124629 33 0.001650
53 0.132892 14 0.000700
54 0.141155 6 0.000300
55 0.149418 4 0.000200
56 0.157681 7 0.000350
57 0.165944 6 0.000300
58 0.174207 5 0.000250
59 0.182470 5 0.000250
60 0.190733 3 0.000150
61 0.198996 6 0.000300
62 0.207259 3 0.000150
63 0.215522 3 0.000150
64 0.223785 2 0.000100
65 0.232048 6 0.000300
66 0.240311 4 0.000200
67 0.248574 2 0.000100
68 0.256837 7 0.000350
69 0.265100 0 0.000000
70 0.273363 2 0.000100
71 0.281626 1 0.000050
72 0.289889 1 0.000050
73 0.298152 4 0.000200
74 0.306415 3 0.000150
75 0.314678 5 0.000250
76 0.322940 3 0.000150
77 0.331203 0 0.000000
78 0.339466 0 0.000000
79 0.347729 0 0.000000
80 0.355992 0 0.000000
81 0.364255 0 0.000000
82 0.372518 0 0.000000
83 0.380781 0 0.000000
84 0.389044 0 0.000000
85 0.397307 2 0.000100
86 0.405570 0 0.000000
87 0.413833 0 0.000000
88 0.422096 0 0.000000
89 0.430359 0 0.000000
90 0.438622 0 0.000000
91 0.446885 1 0.000050
92 0.455148 3 0.000150
93 0.463411 2 0.000100
94 0.471674 3 0.000150
95 0.479937 2 0.000100
96 0.488200 0 0.000000
97 0.496463 1 0.000050
98 0.504726 0 0.000000
99 0.512989 1 0.000050
