0 -0.465582 1 0.000017
1 -0.455697 0 0.000000
2 -0.445813 0 0.000000
3 -0.435928 1 0.000017
4 -0.426044 0 0.000000
5 -0.416159 0 0.000000
6 -0.406275 0 0.000000
7 -0.396390 1 0.000017
8 -0.386505 1 0.000017
9 -0.376621 0 0.000000
10 -0.366736 2 0.000033
11 -0.356852 0 0.000000
12 -0.346967 0 0.000000
13 -0.337083 0 0.000000
14 -0.327198 1 0.000017
15 -0.317314 2 0.000033
16 -0.307429 3 0.000050
17 -0.297544 0 0.000000
18 -0.287660 10 0.000167
19 -0.277775 9 0.000150
20 -0.267891 4 0.000067
21 -0.258006 5 0.000083
22 -0.248122 3 0.000050
23 -0.238237 8 0.000133
24 -0.228353 9 0.000150
25 -0.218468 9 0.000150
26 -0.208583 16 0.000267
27 -0.198699 35 0.000583
28 -0.188814 48 0.000800
29 -0.178930 82 0.001367
30 -0.169045 122 0.002033
31 -0.159161 164 0.002733
32 -0.149276 227 0.003783
33 -0.139392 253 0.004217
34 -0.129507 294 0.004900
35 -0.119622 283 0.004717
36 -0.109738 310 0.005167
37 -0.099853 413 0.006883
38 -0.089969 647 0.010783
39 -0.080084 1008 0.016800
40 -0.070200 1095 0.018250
41 -0.060315 901 0.015017
42 -0.050431 1075 0.017917
43 -0.040546 1777 0.029617
44 -0.030661 2643 0.044050
45 -0.020777 5861 0.097683
46 -0.010892 18858 0.314300
47 -0.001008 9859 0.164317
48 0.008877 3748 0.062467
49 0.018761 2086 0.034767
50 0.028646 1665 0.027750
51 0.038530 1135 0.018917
52 0.048415 793 0.013217
53 0.058300 849 0.014150
54 0.068184 704 0.011733
55 0.078069 532 0.008867
56 0.087953 352 0.005867
57 0.097838 366 0.006100
58 0.107722 299 0.004983
59 0.117607 374 0.006233
60 0.127491 304 0.005067
61 0.137376 201 0.003350
62 0.147260 110 0.001833
63 0.157145 99 0.001650
64 0.167030 91 0.001517
65 0.176914 64 0.001067
66 0.186799 24 0.000400
67 0.196683 25 0.000417
68 0.206568 21 0.000350
69 0.216452 16 0.000267
70 0.226337 11 0.000183
71 0.236221 15 0.000250
72 0.246106 15 0.000250
73 0.255991 13 0.000217
74 0.265875 5 0.000083
75 0.275760 3 0.000050
76 0.285644 2 0.000033
77 0.295529 6 0.000100
78 0.305413 6 0.000100
79 0.315298 7 0.000117
80 0.325182 2 0.000033
81 0.335067 0 0.000000
82 0.344952 1 0.000017
83 0.354836 0 0.000000
84 0.364721 0 0.000000
85 0.374605 0 0.000000
86 0.384490 0 0.000000
87 0.394374 2 0.000033
88 0.404259 1 0.000017
89 0.414143 0 0.000000
90 0.424028 0 0.000000
91 0.433913 0 0.000000
92 0.443797 1 0.000017
93 0.453682 3 0.000050
94 0.463566 3 0.000050
95 0.473451 2 0.000033
96 0.483335 2 0.000033
97 0.493220 1 0.000017
98 0.503104 0 0.000000
99 0.512989 1 0.000017
