0 -0.465582 1 0.000050
1 -0.456743 0 0.000000
2 -0.447904 0 0.000000
3 -0.439066 0 0.000000
4 -0.430227 1 0.000050
5 -0.421388 0 0.000000
6 -0.412549 0 0.000000
7 -0.403711 0 0.000000
8 -0.394872 1 0.000050
9 -0.386033 1 0.000050
10 -0.377194 0 0.000000
11 -0.368356 2 0.000100
12 -0.359517 0 0.000000
13 -0.350678 0 0.000000
14 -0.341839 0 0.000000
15 -0.333001 0 0.000000
16 -0.324162 1 0.000050
17 -0.315323 2 0.000100
18 -0.306484 1 0.000050
19 -0.297646 0 0.000000
20 -0.288807 5 0.000250
21 -0.279968 3 0.000150
22 -0.271130 8 0.000400
23 -0.262291 0 0.000000
24 -0.253452 0 0.000000
25 -0.244613 3 0.000150
26 -0.235775 3 0.000150
27 -0.226936 2 0.000100
28 -0.218097 4 0.000200
29 -0.209258 5 0.000250
30 -0.200420 8 0.000400
31 -0.191581 22 0.001100
32 -0.182742 41 0.002050
33 -0.173903 72 0.003600
34 -0.165065 101 0.005050
35 -0.156226 116 0.005800
36 -0.147387 138 0.006900
37 -0.138548 172 0.008600
38 -0.129710 207 0.010350
39 -0.120871 190 0.009500
40 -0.112032 172 0.008600
41 -0.103193 232 0.011600
42 -0.094355 341 0.017050
43 -0.085516 539 0.026950
44 -0.076677 658 0.032900
45 -0.067838 629 0.031450
46 -0.059000 416 0.020800
47 -0.050161 457 0.022850
48 -0.041322 773 0.038650
49 -0.032483 792 0.039600
50 -0.023645 845 0.042250
51 -0.014806 1472 0.073600
52 -0.005967 3479 0.173950
53 0.002872 1064 0.053200
54 0.011710 716 0.035800
55 0.020549 834 0.041700
56 0.029388 945 0.047250
57 0.038227 590 0.029500
58 0.047065 432 0.021600
59 0.055904 519 0.025950
60 0.064743 524 0.026200
61 0.073581 378 0.018900
62 0.082420 280 0.014000
63 0.091259 206 0.010300
64 0.100098 222 0.011100
65 0.108936 226 0.011300
66 0.117775 289 0.014450
67 0.126614 255 0.012750
68 0.135453 174 0.008700
69 0.144291 102 0.005100
70 0.153130 65 0.003250
71 0.161969 78 0.003900
72 0.170808 70 0.003500
73 0.179646 39 0.001950
74 0.188485 12 0.000600
75 0.197324 12 0.000600
76 0.206163 8 0.000400
77 0.215001 11 0.000550
78 0.223840 4 0.000200
79 0.232679 2 0.000100
80 0.241518 6 0.000300
81 0.250356 3 0.000150
82 0.259195 6 0.000300
83 0.268034 2 0.000100
84 0.276873 3 0.000150
85 0.285711 0 0.000000
86 0.294550 2 0.000100
87 0.303389 1 0.000050
88 0.312228 3 0.000150
89 0.321066 0 0.000000
90 0.329905 0 0.000000
91 0.338744 0 0.000000
92 0.347582 1 0.000050
93 0.356421 0 0.000000
94 0.365260 0 0.000000
95 0.374099 0 0.000000
96 0.382937 0 0.000000
97 0.391776 0 0.000000
98 0.400615 0 0.000000
99 0.409454 1 0.000050
