0 0.171910 72 0.003600
1 0.180730 0 0.000000
2 0.189549 0 0.000000
3 0.198369 0 0.000000
4 0.207189 0 0.000000
5 0.216008 0 0.000000
6 0.224828 11 0.000550
7 0.233648 37 0.001850
8 0.242467 5 0.000250
9 0.251287 4 0.000200
10 0.260107 16 0.000800
11 0.268926 28 0.001400
12 0.277746 0 0.000000
13 0.286566 8 0.000400
14 0.295385 13 0.000650
15 0.304205 14 0.000700
16 0.313025 48 0.002400
17 0.321844 15 0.000750
18 0.330664 285 0.014250
19 0.339484 26 0.001300
20 0.348303 36 0.001800
21 0.357123 13 0.000650
22 0.365943 62 0.003100
23 0.374762 88 0.004400
24 0.383582 7 0.000350
25 0.392402 124 0.006200
26 0.401221 3 0.000150
27 0.410041 5 0.000250
28 0.418860 33 0.001650
29 0.427680 13 0.000650
30 0.436500 10 0.000500
31 0.445319 0 0.000000
32 0.454139 12 0.000600
33 0.462959 1 0.000050
34 0.471778 39 0.001950
35 0.480598 64 0.003200
36 0.489418 119 0.005950
37 0.498237 185 0.009250
38 0.507057 91 0.004550
39 0.515877 117 0.005850
40 0.524696 167 0.008350
41 0.533516 291 0.014550
42 0.542336 238 0.011900
43 0.551155 366 0.018300
44 0.559975 510 0.025500
45 0.568795 582 0.029100
46 0.577614 1095 0.054750
47 0.586434 2049 0.102450
48 0.595254 2228 0.111400
49 0.604073 1214 0.060700
50 0.612893 972 0.048600
51 0.621713 480 0.024000
52 0.630532 526 0.026300
53 0.639352 518 0.025900
54 0.648172 207 0.010350
55 0.656991 228 0.011400
56 0.665811 276 0.013800
57 0.674631 167 0.008350
58 0.683450 147 0.007350
59 0.692270 77 0.003850
60 0.701090 215 0.010750
61 0.709909 38 0.001900
62 0.718729 88 0.004400
63 0.727549 113 0.005650
64 0.736368 202 0.010100
65 0.745188 188 0.009400
66 0.754008 347 0.017350
67 0.762827 334 0.016700
68 0.771647 272 0.013600
69 0.780467 201 0.010050
70 0.789286 217 0.010850
71 0.798106 81 0.004050
72 0.806926 108 0.005400
73 0.815745 190 0.009500
74 0.824565 182 0.009100
75 0.833385 189 0.009450
76 0.842204 157 0.007850
77 0.851024 288 0.014400
78 0.859844 268 0.013400
79 0.868663 258 0.012900
80 0.877483 593 0.029650
81 0.886303 97 0.004850
82 0.895122 188 0.009400
83 0.903942 242 0.012100
84 0.912762 285 0.014250
85 0.921581 147 0.007350
86 0.930401 318 0.015900
87 0.939220 78 0.003900
88 0.948040 48 0.002400
89 0.956860 22 0.001100
90 0.965679 65 0.003250
91 0.974499 21 0.001050
92 0.983319 5 0.000250
93 0.992138 0 0.000000
94 1.000958 9 0.000450
95 1.009778 0 0.000000
96 1.018597 0 0.000000
97 1.027417 0 0.000000
98 1.036237 0 0.000000
99 1.045056 4 0.000200
