0 0.012055 7 0.000117
1 0.022031 13 0.000217
2 0.032007 15 0.000250
3 0.041983 12 0.000200
4 0.051959 9 0.000150
5 0.061935 15 0.000250
6 0.071911 10 0.000167
7 0.081887 27 0.000450
8 0.091863 23 0.000383
9 0.101839 12 0.000200
10 0.111815 14 0.000233
11 0.121791 12 0.000200
12 0.131767 19 0.000317
13 0.141743 7 0.000117
14 0.151719 22 0.000367
15 0.161695 21 0.000350
16 0.171671 25 0.000417
17 0.181647 23 0.000383
18 0.191623 23 0.000383
19 0.201599 32 0.000533
20 0.211575 41 0.000683
21 0.221551 46 0.000767
22 0.231527 29 0.000483
23 0.241503 48 0.000800
24 0.251479 74 0.001233
25 0.261455 78 0.001300
26 0.271431 90 0.001500
27 0.281407 107 0.001783
28 0.291383 102 0.001700
29 0.301359 113 0.001883
30 0.311335 231 0.003850
31 0.321311 274 0.004567
32 0.331287 310 0.005167
33 0.341263 243 0.004050
34 0.351239 262 0.004367
35 0.361215 333 0.005550
36 0.371191 498 0.008300
37 0.381167 370 0.006167
38 0.391143 378 0.006300
39 0.401119 546 0.009100
40 0.411095 659 0.010983
41 0.421071 1219 0.020317
42 0.431047 1161 0.019350
43 0.441023 951 0.015850
44 0.450999 1181 0.019683
45 0.460975 1499 0.024983
46 0.470951 2012 0.033533
47 0.480927 2591 0.043183
48 0.490903 4146 0.069100
49 0.500880 7535 0.125583
50 0.510855 2510 0.041833
51 0.520832 2095 0.034917
52 0.530808 1782 0.029700
53 0.540784 1260 0.021000
54 0.550760 1340 0.022333
55 0.560736 1477 0.024617
56 0.570712 1987 0.033117
57 0.580688 2558 0.042633
58 0.590664 3171 0.052850
59 0.600640 1907 0.031783
60 0.610616 1353 0.022550
61 0.620592 1399 0.023317
62 0.630568 777 0.012950
63 0.640544 557 0.009283
64 0.650520 500 0.008333
65 0.660496 442 0.007367
66 0.670472 457 0.007617
67 0.680448 309 0.005150
68 0.690424 234 0.003900
69 0.700400 234 0.003900
70 0.710376 224 0.003733
71 0.720352 198 0.003300
72 0.730328 188 0.003133
73 0.740304 210 0.003500
74 0.750280 174 0.002900
75 0.760256 195 0.003250
76 0.770232 229 0.003817
77 0.780208 210 0.003500
78 0.790184 190 0.003167
79 0.800160 179 0.002983
80 0.810136 169 0.002817
81 0.820112 273 0.004550
82 0.830088 246 0.004100
83 0.840064 236 0.003933
84 0.850040 323 0.005383
85 0.860016 453 0.007550
86 0.869992 367 0.006117
87 0.879968 384 0.006400
88 0.889944 287 0.004783
89 0.899920 258 0.004300
90 0.909896 278 0.004633
91 0.919872 319 0.005317
92 0.929848 214 0.003567
93 0.939824 168 0.002800
94 0.949800 56 0.000933
95 0.959776 63 0.001050
96 0.969752 49 0.000817
97 0.979728 29 0.000483
98 0.989704 14 0.000233
99 0.999680 0 0.000000
