0 0.063599 1 0.000050
1 0.072312 0 0.000000
2 0.081026 2 0.000100
3 0.089739 0 0.000000
4 0.098453 3 0.000150
5 0.107166 0 0.000000
6 0.115880 7 0.000350
7 0.124593 0 0.000000
8 0.133307 0 0.000000
9 0.142020 5 0.000250
10 0.150734 3 0.000150
11 0.159447 5 0.000250
12 0.168160 56 0.002800
13 0.176874 64 0.003200
14 0.185587 5 0.000250
15 0.194301 0 0.000000
16 0.203014 6 0.000300
17 0.211728 0 0.000000
18 0.220441 119 0.005950
19 0.229155 13 0.000650
20 0.237868 16 0.000800
21 0.246582 68 0.003400
22 0.255295 0 0.000000
23 0.264008 3 0.000150
24 0.272722 33 0.001650
25 0.281435 6 0.000300
26 0.290149 97 0.004850
27 0.298862 71 0.003550
28 0.307576 165 0.008250
29 0.316289 56 0.002800
30 0.325003 0 0.000000
31 0.333716 165 0.008250
32 0.342429 59 0.002950
33 0.351143 110 0.005500
34 0.359856 78 0.003900
35 0.368570 91 0.004550
36 0.377283 226 0.011300
37 0.385997 122 0.006100
38 0.394710 114 0.005700
39 0.403424 293 0.014650
40 0.412137 162 0.008100
41 0.420851 127 0.006350
42 0.429564 263 0.013150
43 0.438277 360 0.018000
44 0.446991 448 0.022400
45 0.455704 587 0.029350
46 0.464418 585 0.029250
47 0.473131 687 0.034350
48 0.481845 1202 0.060100
49 0.490558 1779 0.088950
50 0.499272 3161 0.158050
51 0.507985 2058 0.102900
52 0.516699 1428 0.071400
53 0.525412 923 0.046150
54 0.534125 543 0.027150
55 0.542839 422 0.021100
56 0.551552 294 0.014700
57 0.560266 222 0.011100
58 0.568979 426 0.021300
59 0.577693 210 0.010500
60 0.586406 174 0.008700
61 0.595120 128 0.006400
62 0.603833 137 0.006850
63 0.612547 144 0.007200
64 0.621260 70 0.003500
65 0.629973 46 0.002300
66 0.638687 181 0.009050
67 0.647400 59 0.002950
68 0.656114 344 0.017200
69 0.664827 168 0.008400
70 0.673541 100 0.005000
71 0.682254 45 0.002250
72 0.690968 84 0.004200
73 0.699681 5 0.000250
74 0.708395 52 0.002600
75 0.717108 4 0.000200
76 0.725821 8 0.000400
77 0.734535 6 0.000300
78 0.743248 18 0.000900
79 0.751962 32 0.001600
80 0.760675 39 0.001950
81 0.769389 20 0.001000
82 0.778102 13 0.000650
83 0.786816 14 0.000700
84 0.795529 30 0.001500
85 0.804242 0 0.000000
86 0.812956 46 0.002300
87 0.821669 20 0.001000
88 0.830383 24 0.001200
89 0.839096 5 0.000250
90 0.847810 0 0.000000
91 0.856523 12 0.000600
92 0.865237 6 0.000300
93 0.873950 4 0.000200
94 0.882664 0 0.000000
95 0.891377 0 0.000000
96 0.900090 0 0.000000
97 0.908804 0 0.000000
98 0.917517 9 0.000450
99 0.926231 4 0.000200
