0 0.013439 7 0.000350
1 0.023401 5 0.000250
2 0.033363 8 0.000400
3 0.043325 5 0.000250
4 0.053287 2 0.000100
5 0.063249 2 0.000100
6 0.073211 3 0.000150
7 0.083173 6 0.000300
8 0.093135 10 0.000500
9 0.103097 5 0.000250
10 0.113059 4 0.000200
11 0.123021 5 0.000250
12 0.132983 4 0.000200
13 0.142945 2 0.000100
14 0.152907 2 0.000100
15 0.162869 5 0.000250
16 0.172831 3 0.000150
17 0.182793 1 0.000050
18 0.192755 2 0.000100
19 0.202717 6 0.000300
20 0.212679 8 0.000400
21 0.222641 3 0.000150
22 0.232603 2 0.000100
23 0.242565 17 0.000850
24 0.252527 28 0.001400
25 0.262489 30 0.001500
26 0.272451 33 0.001650
27 0.282414 38 0.001900
28 0.292376 24 0.001200
29 0.302338 34 0.001700
30 0.312300 124 0.006200
31 0.322262 109 0.005450
32 0.332224 140 0.007000
33 0.342186 88 0.004400
34 0.352148 41 0.002050
35 0.362110 19 0.000950
36 0.372072 19 0.000950
37 0.382034 15 0.000750
38 0.391996 16 0.000800
39 0.401958 23 0.001150
40 0.411920 37 0.001850
41 0.421882 33 0.001650
42 0.431844 44 0.002200
43 0.441806 51 0.002550
44 0.451768 56 0.002800
45 0.461730 39 0.001950
46 0.471692 65 0.003250
47 0.481654 116 0.005800
48 0.491616 117 0.005850
49 0.501578 115 0.005750
50 0.511540 142 0.007100
51 0.521502 186 0.009300
52 0.531464 206 0.010300
53 0.541426 280 0.014000
54 0.551389 429 0.021450
55 0.561351 512 0.025600
56 0.571313 994 0.049700
57 0.581275 1964 0.098200
58 0.591237 2827 0.141350
59 0.601199 1344 0.067200
60 0.611161 913 0.045650
61 0.621123 823 0.041150
62 0.631085 449 0.022450
63 0.641047 346 0.017300
64 0.651009 276 0.013800
65 0.660971 268 0.013400
66 0.670933 241 0.012050
67 0.680895 187 0.009350
68 0.690857 175 0.008750
69 0.700819 162 0.008100
70 0.710781 161 0.008050
71 0.720743 180 0.009000
72 0.730705 163 0.008150
73 0.740667 167 0.008350
74 0.750629 156 0.007800
75 0.760591 174 0.008700
76 0.770553 200 0.010000
77 0.780515 185 0.009250
78 0.790477 165 0.008250
79 0.800439 156 0.007800
80 0.810401 146 0.007300
81 0.820363 271 0.013550
82 0.830325 216 0.010800
83 0.840288 217 0.010850
84 0.850250 324 0.016200
85 0.860212 429 0.021450
86 0.870174 372 0.018600
87 0.880136 362 0.018100
88 0.890098 283 0.014150
89 0.900060 249 0.012450
90 0.910022 258 0.012900
91 0.919984 309 0.015450
92 0.929946 210 0.010500
93 0.939908 150 0.007500
94 0.949870 56 0.002800
95 0.959832 56 0.002800
96 0.969794 49 0.002450
97 0.979756 27 0.001350
98 0.989718 14 0.000700
99 0.999680 0 0.000000
