0 0.435624 2 0.000100
1 0.437191 0 0.000000
2 0.438758 0 0.000000
3 0.440326 8 0.000400
4 0.441893 5 0.000250
5 0.443460 15 0.000750
6 0.445028 3 0.000150
7 0.446595 9 0.000450
8 0.448162 12 0.000600
9 0.449730 8 0.000400
10 0.451297 0 0.000000
11 0.452864 32 0.001600
12 0.454432 18 0.000900
13 0.455999 8 0.000400
14 0.457566 2 0.000100
15 0.459133 5 0.000250
16 0.460701 24 0.001200
17 0.462268 26 0.001300
18 0.463835 17 0.000850
19 0.465403 18 0.000900
20 0.466970 32 0.001600
21 0.468537 10 0.000500
22 0.470105 36 0.001800
23 0.471672 37 0.001850
24 0.473239 82 0.004100
25 0.474807 47 0.002350
26 0.476374 28 0.001400
27 0.477941 32 0.001600
28 0.479509 104 0.005200
29 0.481076 104 0.005200
30 0.482643 88 0.004400
31 0.484211 187 0.009350
32 0.485778 318 0.015900
33 0.487345 345 0.017250
34 0.488913 406 0.020300
35 0.490480 525 0.026250
36 0.492047 471 0.023550
37 0.493614 791 0.039550
38 0.495182 783 0.039150
39 0.496749 678 0.033900
40 0.498316 991 0.049550
41 0.499884 1017 0.050850
42 0.501451 878 0.043900
43 0.503018 1578 0.078900
44 0.504586 1666 0.083300
45 0.506153 1756 0.087800
46 0.507720 1174 0.058700
47 0.509288 835 0.041750
48 0.510855 852 0.042600
49 0.512422 693 0.034650
50 0.513990 872 0.043600
51 0.515557 401 0.020050
52 0.517124 202 0.010100
53 0.518692 146 0.007300
54 0.520259 207 0.010350
55 0.521826 128 0.006400
56 0.523394 182 0.009100
57 0.524961 138 0.006900
58 0.526528 195 0.009750
59 0.528096 167 0.008350
60 0.529663 144 0.007200
61 0.531230 30 0.001500
62 0.532798 69 0.003450
63 0.534365 76 0.003800
64 0.535932 65 0.003250
65 0.537499 39 0.001950
66 0.539067 16 0.000800
67 0.540634 15 0.000750
68 0.542201 0 0.000000
69 0.543769 12 0.000600
70 0.545336 8 0.000400
71 0.546903 10 0.000500
72 0.548471 13 0.000650
73 0.550038 11 0.000550
74 0.551605 3 0.000150
75 0.553173 0 0.000000
76 0.554740 3 0.000150
77 0.556307 4 0.000200
78 0.557875 2 0.000100
79 0.559442 21 0.001050
80 0.561009 6 0.000300
81 0.562577 12 0.000600
82 0.564144 10 0.000500
83 0.565711 4 0.000200
84 0.567279 2 0.000100
85 0.568846 0 0.000000
86 0.570413 5 0.000250
87 0.571981 10 0.000500
88 0.573548 0 0.000000
89 0.575115 2 0.000100
90 0.576682 0 0.000000
91 0.578250 0 0.000000
92 0.579817 7 0.000350
93 0.581384 0 0.000000
94 0.582952 0 0.000000
95 0.584519 0 0.000000
96 0.586086 5 0.000250
97 0.587654 0 0.000000
98 0.589221 0 0.000000
99 0.590788 2 0.000100
