0 0.012055 3 0.000150
1 0.021775 4 0.000200
2 0.031495 7 0.000350
3 0.041215 7 0.000350
4 0.050935 7 0.000350
5 0.060655 12 0.000600
6 0.070375 7 0.000350
7 0.080095 22 0.001100
8 0.089815 10 0.000500
9 0.099535 8 0.000400
10 0.109255 6 0.000300
11 0.118975 7 0.000350
12 0.128695 11 0.000550
13 0.138415 9 0.000450
14 0.148135 10 0.000500
15 0.157855 22 0.001100
16 0.167575 18 0.000900
17 0.177295 22 0.001100
18 0.187015 21 0.001050
19 0.196735 17 0.000850
20 0.206455 31 0.001550
21 0.216175 21 0.001050
22 0.225895 37 0.001850
23 0.235615 22 0.001100
24 0.245335 37 0.001850
25 0.255055 49 0.002450
26 0.264775 40 0.002000
27 0.274495 61 0.003050
28 0.284215 65 0.003250
29 0.293935 71 0.003550
30 0.303655 67 0.003350
31 0.313375 69 0.003450
32 0.323095 105 0.005250
33 0.332815 103 0.005150
34 0.342535 90 0.004500
35 0.352255 81 0.004050
36 0.361975 136 0.006800
37 0.371695 123 0.006150
38 0.381415 145 0.007250
39 0.391135 159 0.007950
40 0.400855 231 0.011550
41 0.410575 259 0.012950
42 0.420295 267 0.013350
43 0.430015 366 0.018300
44 0.439735 422 0.021100
45 0.449455 543 0.027150
46 0.459175 693 0.034650
47 0.468895 944 0.047200
48 0.478615 1526 0.076300
49 0.488335 2678 0.133900
50 0.498055 3070 0.153500
51 0.507775 1782 0.089100
52 0.517495 1044 0.052200
53 0.527215 638 0.031900
54 0.536935 535 0.026750
55 0.546655 377 0.018850
56 0.556375 399 0.019950
57 0.566095 322 0.016100
58 0.575815 266 0.013300
59 0.585535 212 0.010600
60 0.595255 170 0.008500
61 0.604975 143 0.007150
62 0.614695 196 0.009800
63 0.624415 118 0.005900
64 0.634135 105 0.005250
65 0.643855 104 0.005200
66 0.653575 105 0.005250
67 0.663295 80 0.004000
68 0.673015 88 0.004400
69 0.682735 62 0.003100
70 0.692455 42 0.002100
71 0.702175 39 0.001950
72 0.711895 49 0.002450
73 0.721615 25 0.001250
74 0.731335 30 0.001500
75 0.741055 28 0.001400
76 0.750775 16 0.000800
77 0.760495 26 0.001300
78 0.770215 25 0.001250
79 0.779935 17 0.000850
80 0.789655 20 0.001000
81 0.799375 17 0.000850
82 0.809095 13 0.000650
83 0.818815 21 0.001050
84 0.828535 13 0.000650
85 0.838255 17 0.000850
86 0.847975 17 0.000850
87 0.857695 9 0.000450
88 0.867415 6 0.000300
89 0.877135 9 0.000450
90 0.886855 7 0.000350
91 0.896575 6 0.000300
92 0.906295 14 0.000700
93 0.916015 10 0.000500
94 0.925735 13 0.000650
95 0.935455 10 0.000500
96 0.945175 5 0.000250
97 0.954895 5 0.000250
98 0.964615 3 0.000150
99 0.974335 1 0.000050
