0 0.063599 1 0.000017
1 0.073513 0 0.000000
2 0.083426 2 0.000033
3 0.093340 3 0.000050
4 0.103254 0 0.000000
5 0.113168 7 0.000117
6 0.123081 0 0.000000
7 0.132995 0 0.000000
8 0.142909 5 0.000083
9 0.152822 8 0.000133
10 0.162736 119 0.001983
11 0.172650 50 0.000833
12 0.182564 28 0.000467
13 0.192477 0 0.000000
14 0.202391 6 0.000100
15 0.212305 6 0.000100
16 0.222218 124 0.002067
17 0.232132 66 0.001100
18 0.242046 36 0.000600
19 0.251960 41 0.000683
20 0.261873 29 0.000483
21 0.271787 51 0.000850
22 0.281701 60 0.001000
23 0.291614 67 0.001117
24 0.301528 99 0.001650
25 0.311442 222 0.003700
26 0.321355 45 0.000750
27 0.331269 378 0.006300
28 0.341183 167 0.002783
29 0.351097 140 0.002333
30 0.361010 111 0.001850
31 0.370924 222 0.003700
32 0.380838 333 0.005550
33 0.390751 238 0.003967
34 0.400665 231 0.003850
35 0.410579 259 0.004317
36 0.420493 183 0.003050
37 0.430406 308 0.005133
38 0.440320 542 0.009033
39 0.450234 738 0.012300
40 0.460147 705 0.011750
41 0.470061 1090 0.018167
42 0.479975 2636 0.043933
43 0.489889 6596 0.109933
44 0.499802 11956 0.199267
45 0.509716 5879 0.097983
46 0.519630 2660 0.044333
47 0.529543 1599 0.026650
48 0.539457 773 0.012883
49 0.549371 819 0.013650
50 0.559285 820 0.013667
51 0.569198 1140 0.019000
52 0.579112 1810 0.030167
53 0.589026 2737 0.045617
54 0.598939 2003 0.033383
55 0.608853 1449 0.024150
56 0.618767 740 0.012333
57 0.628681 612 0.010200
58 0.638594 731 0.012183
59 0.648508 282 0.004700
60 0.658422 644 0.010733
61 0.668335 550 0.009167
62 0.678249 213 0.003550
63 0.688163 147 0.002450
64 0.698077 252 0.004200
65 0.707990 113 0.001883
66 0.717904 92 0.001533
67 0.727818 190 0.003167
68 0.737731 167 0.002783
69 0.747645 465 0.007750
70 0.757559 369 0.006150
71 0.767473 244 0.004067
72 0.777386 358 0.005967
73 0.787300 223 0.003717
74 0.797214 131 0.002183
75 0.807127 167 0.002783
76 0.817041 237 0.003950
77 0.826955 197 0.003283
78 0.836869 258 0.004300
79 0.846782 299 0.004983
80 0.856696 243 0.004050
81 0.866610 316 0.005267
82 0.876523 621 0.010350
83 0.886437 97 0.001617
84 0.896351 294 0.004900
85 0.906264 156 0.002600
86 0.916178 323 0.005383
87 0.926092 312 0.005200
88 0.936006 134 0.002233
89 0.945919 100 0.001667
90 0.955833 22 0.000367
91 0.965747 65 0.001083
92 0.975660 21 0.000350
93 0.985574 5 0.000083
94 0.995488 0 0.000000
95 1.005402 9 0.000150
96 1.015315 0 0.000000
97 1.025229 0 0.000000
98 1.035143 0 0.000000
99 1.045056 4 0.000067
