0 0.028895 1 0.000050
1 0.037734 0 0.000000
2 0.046572 0 0.000000
3 0.055411 0 0.000000
4 0.064250 0 0.000000
5 0.073089 0 0.000000
6 0.081927 0 0.000000
7 0.090766 0 0.000000
8 0.099605 2 0.000100
9 0.108443 1 0.000050
10 0.117282 0 0.000000
11 0.126121 2 0.000100
12 0.134960 0 0.000000
13 0.143798 0 0.000000
14 0.152637 0 0.000000
15 0.161476 0 0.000000
16 0.170315 0 0.000000
17 0.179153 0 0.000000
18 0.187992 0 0.000000
19 0.196831 1 0.000050
20 0.205670 3 0.000150
21 0.214508 5 0.000250
22 0.223347 10 0.000500
23 0.232186 0 0.000000
24 0.241025 3 0.000150
25 0.249863 1 0.000050
26 0.258702 0 0.000000
27 0.267541 0 0.000000
28 0.276380 0 0.000000
29 0.285218 2 0.000100
30 0.294057 4 0.000200
31 0.302896 19 0.000950
32 0.311735 31 0.001550
33 0.320573 62 0.003100
34 0.329412 74 0.003700
35 0.338251 41 0.002050
36 0.347090 61 0.003050
37 0.355928 164 0.008200
38 0.364767 193 0.009650
39 0.373606 288 0.014400
40 0.382445 186 0.009300
41 0.391283 182 0.009100
42 0.400122 213 0.010650
43 0.408961 311 0.015550
44 0.417800 474 0.023700
45 0.426638 1011 0.050550
46 0.435477 447 0.022350
47 0.444316 371 0.018550
48 0.453154 525 0.026250
49 0.461993 622 0.031100
50 0.470832 831 0.041550
51 0.479671 584 0.029200
52 0.488509 675 0.033750
53 0.497348 4624 0.231200
54 0.506187 839 0.041950
55 0.515026 703 0.035150
56 0.523864 995 0.049750
57 0.532703 777 0.038850
58 0.541542 475 0.023750
59 0.550381 478 0.023900
60 0.559219 517 0.025850
61 0.568058 712 0.035600
62 0.576897 333 0.016650
63 0.585736 293 0.014650
64 0.594574 221 0.011050
65 0.603413 260 0.013000
66 0.612252 200 0.010000
67 0.621091 367 0.018350
68 0.629929 238 0.011900
69 0.638768 91 0.004550
70 0.647607 69 0.003450
71 0.656446 125 0.006250
72 0.665284 74 0.003700
73 0.674123 95 0.004750
74 0.682962 30 0.001500
75 0.691800 13 0.000650
76 0.700639 27 0.001350
77 0.709478 14 0.000700
78 0.718317 3 0.000150
79 0.727155 0 0.000000
80 0.735994 0 0.000000
81 0.744833 2 0.000100
82 0.753672 1 0.000050
83 0.762510 0 0.000000
84 0.771349 3 0.000150
85 0.780188 4 0.000200
86 0.789027 6 0.000300
87 0.797865 6 0.000300
88 0.806704 3 0.000150
89 0.815543 0 0.000000
90 0.824382 0 0.000000
91 0.833220 0 0.000000
92 0.842059 0 0.000000
93 0.850898 0 0.000000
94 0.859737 0 0.000000
95 0.868575 0 0.000000
96 0.877414 1 0.000050
97 0.886253 0 0.000000
98 0.895092 0 0.000000
99 0.903930 1 0.000050
