0 -0.147101 2 0.000100
1 -0.144350 0 0.000000
2 -0.141599 0 0.000000
3 -0.138848 0 0.000000
4 -0.136097 1 0.000050
5 -0.133346 0 0.000000
6 -0.130595 2 0.000100
7 -0.127844 2 0.000100
8 -0.125093 1 0.000050
9 -0.122342 0 0.000000
10 -0.119591 0 0.000000
11 -0.116840 0 0.000000
12 -0.114089 0 0.000000
13 -0.111338 2 0.000100
14 -0.108587 2 0.000100
15 -0.105836 0 0.000000
16 -0.103085 1 0.000050
17 -0.100334 0 0.000000
18 -0.097583 1 0.000050
19 -0.094832 0 0.000000
20 -0.092081 0 0.000000
21 -0.089330 0 0.000000
22 -0.086579 1 0.000050
23 -0.083828 0 0.000000
24 -0.081077 0 0.000000
25 -0.078326 1 0.000050
26 -0.075575 1 0.000050
27 -0.072824 0 0.000000
28 -0.070073 4 0.000200
29 -0.067322 2 0.000100
30 -0.064571 1 0.000050
31 -0.061820 1 0.000050
32 -0.059069 2 0.000100
33 -0.056318 2 0.000100
34 -0.053567 1 0.000050
35 -0.050816 1 0.000050
36 -0.048065 1 0.000050
37 -0.045314 6 0.000300
38 -0.042563 2 0.000100
39 -0.039812 7 0.000350
40 -0.037061 28 0.001400
41 -0.034310 24 0.001200
42 -0.031559 73 0.003650
43 -0.028808 97 0.004850
44 -0.026057 125 0.006250
45 -0.023306 220 0.011000
46 -0.020555 397 0.019850
47 -0.017804 795 0.039750
48 -0.015053 1260 0.063000
49 -0.012302 2137 0.106850
50 -0.009551 3514 0.175700
51 -0.006800 4228 0.211400
52 -0.004049 3017 0.150850
53 -0.001298 1699 0.084950
54 0.001453 908 0.045400
55 0.004204 556 0.027800
56 0.006955 330 0.016500
57 0.009706 180 0.009000
58 0.012457 95 0.004750
59 0.015208 66 0.003300
60 0.017959 40 0.002000
61 0.020710 41 0.002050
62 0.023461 25 0.001250
63 0.026212 17 0.000850
64 0.028962 10 0.000500
65 0.031713 7 0.000350
66 0.034464 8 0.000400
67 0.037215 9 0.000450
68 0.039966 5 0.000250
69 0.042717 2 0.000100
70 0.045468 2 0.000100
71 0.048219 5 0.000250
72 0.050970 3 0.000150
73 0.053721 0 0.000000
74 0.056472 1 0.000050
75 0.059223 0 0.000000
76 0.061974 0 0.000000
77 0.064725 1 0.000050
78 0.067476 1 0.000050
79 0.070227 0 0.000000
80 0.072978 0 0.000000
81 0.075729 1 0.000050
82 0.078480 0 0.000000
83 0.081231 1 0.000050
84 0.083982 1 0.000050
85 0.086733 0 0.000000
86 0.089484 3 0.000150
87 0.092235 1 0.000050
88 0.094986 1 0.000050
89 0.097737 2 0.000100
90 0.100488 1 0.000050
91 0.103239 0 0.000000
92 0.105990 2 0.000100
93 0.108741 4 0.000200
94 0.111492 0 0.000000
95 0.114243 3 0.000150
96 0.116994 3 0.000150
97 0.119745 2 0.000100
98 0.122496 1 0.000050
99 0.125247 1 0.000050
