0 -0.361375 1 0.000050
1 -0.353877 0 0.000000
2 -0.346379 1 0.000050
3 -0.338881 0 0.000000
4 -0.331383 1 0.000050
5 -0.323885 1 0.000050
6 -0.316387 1 0.000050
7 -0.308889 2 0.000100
8 -0.301391 0 0.000000
9 -0.293893 1 0.000050
10 -0.286395 4 0.000200
11 -0.278897 0 0.000000
12 -0.271399 5 0.000250
13 -0.263901 1 0.000050
14 -0.256403 0 0.000000
15 -0.248905 3 0.000150
16 -0.241407 0 0.000000
17 -0.233909 1 0.000050
18 -0.226412 1 0.000050
19 -0.218914 2 0.000100
20 -0.211416 2 0.000100
21 -0.203918 5 0.000250
22 -0.196420 22 0.001100
23 -0.188922 52 0.002600
24 -0.181424 53 0.002650
25 -0.173926 68 0.003400
26 -0.166428 71 0.003550
27 -0.158930 97 0.004850
28 -0.151432 139 0.006950
29 -0.143934 188 0.009400
30 -0.136436 156 0.007800
31 -0.128938 168 0.008400
32 -0.121440 157 0.007850
33 -0.113942 169 0.008450
34 -0.106444 180 0.009000
35 -0.098946 345 0.017250
36 -0.091448 479 0.023950
37 -0.083950 539 0.026950
38 -0.076453 484 0.024200
39 -0.068955 407 0.020350
40 -0.061457 367 0.018350
41 -0.053959 508 0.025400
42 -0.046461 565 0.028250
43 -0.038963 520 0.026000
44 -0.031465 591 0.029550
45 -0.023967 655 0.032750
46 -0.016469 1175 0.058750
47 -0.008971 3330 0.166500
48 -0.001473 1052 0.052600
49 0.006025 776 0.038800
50 0.013523 865 0.043250
51 0.021021 715 0.035750
52 0.028519 652 0.032600
53 0.036017 456 0.022800
54 0.043515 424 0.021200
55 0.051013 437 0.021850
56 0.058511 389 0.019450
57 0.066009 364 0.018200
58 0.073506 308 0.015400
59 0.081004 240 0.012000
60 0.088502 204 0.010200
61 0.096000 182 0.009100
62 0.103498 239 0.011950
63 0.110996 237 0.011850
64 0.118494 214 0.010700
65 0.125992 182 0.009100
66 0.133490 132 0.006600
67 0.140988 89 0.004450
68 0.148486 88 0.004400
69 0.155984 79 0.003950
70 0.163482 49 0.002450
71 0.170980 35 0.001750
72 0.178478 18 0.000900
73 0.185976 4 0.000200
74 0.193474 8 0.000400
75 0.200972 8 0.000400
76 0.208470 8 0.000400
77 0.215968 6 0.000300
78 0.223465 5 0.000250
79 0.230963 1 0.000050
80 0.238461 1 0.000050
81 0.245959 0 0.000000
82 0.253457 0 0.000000
83 0.260955 1 0.000050
84 0.268453 1 0.000050
85 0.275951 3 0.000150
86 0.283449 0 0.000000
87 0.290947 2 0.000100
88 0.298445 0 0.000000
89 0.305943 4 0.000200
90 0.313441 1 0.000050
91 0.320939 1 0.000050
92 0.328437 1 0.000050
93 0.335935 0 0.000000
94 0.343433 0 0.000000
95 0.350931 0 0.000000
96 0.358429 1 0.000050
97 0.365926 0 0.000000
98 0.373424 1 0.000050
99 0.380922 0 0.000000
