0 -0.106205 1 0.000050
1 -0.104491 0 0.000000
2 -0.102776 0 0.000000
3 -0.101061 0 0.000000
4 -0.099347 0 0.000000
5 -0.097632 0 0.000000
6 -0.095918 0 0.000000
7 -0.094203 0 0.000000
8 -0.092488 0 0.000000
9 -0.090774 0 0.000000
10 -0.089059 3 0.000150
11 -0.087345 1 0.000050
12 -0.085630 2 0.000100
13 -0.083916 0 0.000000
14 -0.082201 0 0.000000
15 -0.080486 0 0.000000
16 -0.078772 2 0.000100
17 -0.077057 0 0.000000
18 -0.075343 0 0.000000
19 -0.073628 0 0.000000
20 -0.071913 1 0.000050
21 -0.070199 1 0.000050
22 -0.068484 0 0.000000
23 -0.066770 0 0.000000
24 -0.065055 3 0.000150
25 -0.063340 3 0.000150
26 -0.061626 0 0.000000
27 -0.059911 1 0.000050
28 -0.058197 5 0.000250
29 -0.056482 1 0.000050
30 -0.054768 0 0.000000
31 -0.053053 8 0.000400
32 -0.051338 0 0.000000
33 -0.049624 2 0.000100
34 -0.047909 12 0.000600
35 -0.046195 8 0.000400
36 -0.044480 9 0.000450
37 -0.042765 10 0.000500
38 -0.041051 8 0.000400
39 -0.039336 11 0.000550
40 -0.037622 19 0.000950
41 -0.035907 17 0.000850
42 -0.034192 22 0.001100
43 -0.032478 18 0.000900
44 -0.030763 31 0.001550
45 -0.029049 48 0.002400
46 -0.027334 72 0.003600
47 -0.025620 56 0.002800
48 -0.023905 48 0.002400
49 -0.022190 84 0.004200
50 -0.020476 91 0.004550
51 -0.018761 91 0.004550
52 -0.017047 138 0.006900
53 -0.015332 145 0.007250
54 -0.013617 270 0.013500
55 -0.011903 383 0.019150
56 -0.010188 394 0.019700
57 -0.008474 575 0.028750
58 -0.006759 916 0.045800
59 -0.005044 1995 0.099750
60 -0.003330 3121 0.156050
61 -0.001615 3555 0.177750
62 0.000099 2761 0.138050
63 0.001814 1696 0.084800
64 0.003528 993 0.049650
65 0.005243 672 0.033600
66 0.006958 457 0.022850
67 0.008672 291 0.014550
68 0.010387 221 0.011050
69 0.012101 185 0.009250
70 0.013816 113 0.005650
71 0.015531 94 0.004700
72 0.017245 66 0.003300
73 0.018960 35 0.001750
74 0.020674 23 0.001150
75 0.022389 20 0.001000
76 0.024104 24 0.001200
77 0.025818 17 0.000850
78 0.027533 14 0.000700
79 0.029247 16 0.000800
80 0.030962 11 0.000550
81 0.032676 16 0.000800
82 0.034391 11 0.000550
83 0.036106 9 0.000450
84 0.037820 18 0.000900
85 0.039535 14 0.000700
86 0.041249 5 0.000250
87 0.042964 1 0.000050
88 0.044679 7 0.000350
89 0.046393 10 0.000500
90 0.048108 5 0.000250
91 0.049822 2 0.000100
92 0.051537 6 0.000300
93 0.053252 1 0.000050
94 0.054966 1 0.000050
95 0.056681 0 0.000000
96 0.058395 1 0.000050
97 0.060110 1 0.000050
98 0.061825 1 0.000050
99 0.063539 1 0.000050
