0 -0.361375 1 0.000017
1 -0.353877 0 0.000000
2 -0.346379 1 0.000017
3 -0.338881 0 0.000000
4 -0.331383 1 0.000017
5 -0.323885 1 0.000017
6 -0.316387 1 0.000017
7 -0.308889 2 0.000033
8 -0.301391 0 0.000000
9 -0.293893 1 0.000017
10 -0.286395 4 0.000067
11 -0.278897 0 0.000000
12 -0.271399 5 0.000083
13 -0.263901 1 0.000017
14 -0.256403 0 0.000000
15 -0.248905 3 0.000050
16 -0.241407 0 0.000000
17 -0.233909 1 0.000017
18 -0.226412 1 0.000017
19 -0.218914 2 0.000033
20 -0.211416 2 0.000033
21 -0.203918 5 0.000083
22 -0.196420 22 0.000367
23 -0.188922 52 0.000867
24 -0.181424 53 0.000883
25 -0.173926 68 0.001133
26 -0.166428 71 0.001183
27 -0.158930 97 0.001617
28 -0.151432 141 0.002350
29 -0.143934 188 0.003133
30 -0.136436 158 0.002633
31 -0.128938 172 0.002867
32 -0.121440 157 0.002617
33 -0.113942 172 0.002867
34 -0.106444 183 0.003050
35 -0.098946 346 0.005767
36 -0.091448 486 0.008100
37 -0.083950 542 0.009033
38 -0.076453 490 0.008167
39 -0.068955 417 0.006950
40 -0.061457 379 0.006317
41 -0.053959 528 0.008800
42 -0.046461 617 0.010283
43 -0.038963 654 0.010900
44 -0.031465 1059 0.017650
45 -0.023967 1980 0.033000
46 -0.016469 6803 0.113383
47 -0.008971 20433 0.340550
48 -0.001473 13219 0.220317
49 0.006025 2930 0.048833
50 0.013523 1371 0.022850
51 0.021021 880 0.014667
52 0.028519 732 0.012200
53 0.036017 522 0.008700
54 0.043515 458 0.007633
55 0.051013 448 0.007467
56 0.058511 395 0.006583
57 0.066009 365 0.006083
58 0.073506 309 0.005150
59 0.081004 242 0.004033
60 0.088502 208 0.003467
61 0.096000 186 0.003100
62 0.103498 244 0.004067
63 0.110996 244 0.004067
64 0.118494 218 0.003633
65 0.125992 182 0.003033
66 0.133490 132 0.002200
67 0.140988 89 0.001483
68 0.148486 88 0.001467
69 0.155984 79 0.001317
70 0.163482 49 0.000817
71 0.170980 35 0.000583
72 0.178478 18 0.000300
73 0.185976 4 0.000067
74 0.193474 8 0.000133
75 0.200972 8 0.000133
76 0.208470 8 0.000133
77 0.215968 6 0.000100
78 0.223465 5 0.000083
79 0.230963 1 0.000017
80 0.238461 1 0.000017
81 0.245959 0 0.000000
82 0.253457 0 0.000000
83 0.260955 1 0.000017
84 0.268453 1 0.000017
85 0.275951 3 0.000050
86 0.283449 0 0.000000
87 0.290947 2 0.000033
88 0.298445 0 0.000000
89 0.305943 4 0.000067
90 0.313441 1 0.000017
91 0.320939 1 0.000017
92 0.328437 1 0.000017
93 0.335935 0 0.000000
94 0.343433 0 0.000000
95 0.350931 0 0.000000
96 0.358429 1 0.000017
97 0.365926 0 0.000000
98 0.373424 1 0.000017
99 0.380922 0 0.000000
