0 0.000000 50170 0.836167
1 0.001466 2239 0.037317
2 0.002931 1261 0.021017
3 0.004397 1152 0.019200
4 0.005863 984 0.016400
5 0.007328 725 0.012083
6 0.008794 469 0.007817
7 0.010260 350 0.005833
8 0.011725 403 0.006717
9 0.013191 316 0.005267
10 0.014657 304 0.005067
11 0.016122 252 0.004200
12 0.017588 225 0.003750
13 0.019054 214 0.003567
14 0.020519 156 0.002600
15 0.021985 141 0.002350
16 0.023451 112 0.001867
17 0.024916 99 0.001650
18 0.026382 77 0.001283
19 0.027848 63 0.001050
20 0.029313 51 0.000850
21 0.030779 45 0.000750
22 0.032245 44 0.000733
23 0.033711 29 0.000483
24 0.035176 24 0.000400
25 0.036642 9 0.000150
26 0.038108 12 0.000200
27 0.039573 4 0.000067
28 0.041039 6 0.000100
29 0.042505 3 0.000050
30 0.043970 6 0.000100
31 0.045436 2 0.000033
32 0.046902 5 0.000083
33 0.048367 3 0.000050
34 0.049833 3 0.000050
35 0.051299 2 0.000033
36 0.052764 1 0.000017
37 0.054230 1 0.000017
38 0.055696 0 0.000000
39 0.057161 0 0.000000
40 0.058627 2 0.000033
41 0.060093 2 0.000033
42 0.061558 0 0.000000
43 0.063024 0 0.000000
44 0.064490 0 0.000000
45 0.065955 1 0.000017
46 0.067421 0 0.000000
47 0.068887 0 0.000000
48 0.070352 4 0.000067
49 0.071818 3 0.000050
50 0.073284 0 0.000000
51 0.074749 0 0.000000
52 0.076215 2 0.000033
53 0.077681 3 0.000050
54 0.079146 1 0.000017
55 0.080612 1 0.000017
56 0.082078 1 0.000017
57 0.083543 0 0.000000
58 0.085009 1 0.000017
59 0.086475 0 0.000000
60 0.087940 1 0.000017
61 0.089406 0 0.000000
62 0.090872 2 0.000033
63 0.092338 0 0.000000
64 0.093803 0 0.000000
65 0.095269 2 0.000033
66 0.096735 3 0.000050
67 0.098200 0 0.000000
68 0.099666 2 0.000033
69 0.101132 0 0.000000
70 0.102597 0 0.000000
71 0.104063 1 0.000017
72 0.105529 0 0.000000
73 0.106994 1 0.000017
74 0.108460 1 0.000017
75 0.109926 0 0.000000
76 0.111391 0 0.000000
77 0.112857 0 0.000000
78 0.114323 0 0.000000
79 0.115788 0 0.000000
80 0.117254 1 0.000017
81 0.118720 0 0.000000
82 0.120185 0 0.000000
83 0.121651 0 0.000000
84 0.123117 0 0.000000
85 0.124582 0 0.000000
86 0.126048 0 0.000000
87 0.127514 1 0.000017
88 0.128979 0 0.000000
89 0.130445 1 0.000017
90 0.131911 0 0.000000
91 0.133376 0 0.000000
92 0.134842 0 0.000000
93 0.136308 0 0.000000
94 0.137773 0 0.000000
95 0.139239 0 0.000000
96 0.140705 0 0.000000
97 0.142170 0 0.000000
98 0.143636 0 0.000000
99 0.145102 1 0.000017
