0 0.036687 6 0.000100
1 0.046528 7 0.000117
2 0.056370 15 0.000250
3 0.066211 13 0.000217
4 0.076052 13 0.000217
5 0.085894 15 0.000250
6 0.095735 13 0.000217
7 0.105577 11 0.000183
8 0.115418 13 0.000217
9 0.125259 10 0.000167
10 0.135101 16 0.000267
11 0.144942 12 0.000200
12 0.154784 15 0.000250
13 0.164625 28 0.000467
14 0.174466 19 0.000317
15 0.184308 31 0.000517
16 0.194149 23 0.000383
17 0.203991 26 0.000433
18 0.213832 45 0.000750
19 0.223673 34 0.000567
20 0.233515 39 0.000650
21 0.243356 53 0.000883
22 0.253197 61 0.001017
23 0.263039 91 0.001517
24 0.272880 84 0.001400
25 0.282722 104 0.001733
26 0.292563 105 0.001750
27 0.302404 98 0.001633
28 0.312246 125 0.002083
29 0.322087 222 0.003700
30 0.331929 312 0.005200
31 0.341770 151 0.002517
32 0.351611 140 0.002333
33 0.361453 147 0.002450
34 0.371294 146 0.002433
35 0.381136 199 0.003317
36 0.390977 213 0.003550
37 0.400818 237 0.003950
38 0.410660 281 0.004683
39 0.420501 343 0.005717
40 0.430343 412 0.006867
41 0.440184 439 0.007317
42 0.450025 633 0.010550
43 0.459867 883 0.014717
44 0.469708 1306 0.021767
45 0.479550 2296 0.038267
46 0.489391 4675 0.077917
47 0.499232 9134 0.152233
48 0.509074 10027 0.167117
49 0.518915 3058 0.050967
50 0.528756 1453 0.024217
51 0.538598 1026 0.017100
52 0.548439 806 0.013433
53 0.558281 800 0.013333
54 0.568122 844 0.014067
55 0.577963 1258 0.020967
56 0.587805 2591 0.043183
57 0.597646 2643 0.044050
58 0.607488 1560 0.026000
59 0.617329 1041 0.017350
60 0.627170 796 0.013267
61 0.637012 547 0.009117
62 0.646853 456 0.007600
63 0.656695 413 0.006883
64 0.666536 348 0.005800
65 0.676377 297 0.004950
66 0.686219 242 0.004033
67 0.696060 230 0.003833
68 0.705902 209 0.003483
69 0.715743 204 0.003400
70 0.725584 187 0.003117
71 0.735426 202 0.003367
72 0.745267 192 0.003200
73 0.755109 184 0.003067
74 0.764950 202 0.003367
75 0.774791 221 0.003683
76 0.784633 196 0.003267
77 0.794474 193 0.003217
78 0.804316 181 0.003017
79 0.814157 167 0.002783
80 0.823998 202 0.003367
81 0.833840 254 0.004233
82 0.843681 218 0.003633
83 0.853523 274 0.004567
84 0.863364 268 0.004467
85 0.873205 393 0.006550
86 0.883047 410 0.006833
87 0.892888 334 0.005567
88 0.902729 236 0.003933
89 0.912571 250 0.004167
90 0.922412 361 0.006017
91 0.932254 296 0.004933
92 0.942095 225 0.003750
93 0.951936 87 0.001450
94 0.961778 63 0.001050
95 0.971619 30 0.000500
96 0.981461 22 0.000367
97 0.991302 3 0.000050
98 1.001143 6 0.000100
99 1.010985 0 0.000000
