0 0.434425 2 0.000100
1 0.435865 1 0.000050
2 0.437304 3 0.000150
3 0.438744 0 0.000000
4 0.440183 2 0.000100
5 0.441623 2 0.000100
6 0.443062 3 0.000150
7 0.444502 3 0.000150
8 0.445941 5 0.000250
9 0.447381 1 0.000050
10 0.448821 2 0.000100
11 0.450260 1 0.000050
12 0.451700 4 0.000200
13 0.453139 8 0.000400
14 0.454579 6 0.000300
15 0.456018 5 0.000250
16 0.457458 18 0.000900
17 0.458897 24 0.001200
18 0.460337 13 0.000650
19 0.461776 16 0.000800
20 0.463216 23 0.001150
21 0.464655 40 0.002000
22 0.466095 39 0.001950
23 0.467534 28 0.001400
24 0.468974 44 0.002200
25 0.470413 32 0.001600
26 0.471853 54 0.002700
27 0.473292 44 0.002200
28 0.474732 50 0.002500
29 0.476171 58 0.002900
30 0.477611 62 0.003100
31 0.479050 83 0.004150
32 0.480490 91 0.004550
33 0.481929 87 0.004350
34 0.483369 109 0.005450
35 0.484808 133 0.006650
36 0.486248 118 0.005900
37 0.487687 128 0.006400
38 0.489127 150 0.007500
39 0.490566 181 0.009050
40 0.492006 256 0.012800
41 0.493445 294 0.014700
42 0.494885 357 0.017850
43 0.496324 342 0.017100
44 0.497764 403 0.020150
45 0.499203 485 0.024250
46 0.500643 465 0.023250
47 0.502083 523 0.026150
48 0.503522 713 0.035650
49 0.504962 932 0.046600
50 0.506401 1318 0.065900
51 0.507841 1528 0.076400
52 0.509280 1809 0.090450
53 0.510720 1687 0.084350
54 0.512159 1328 0.066400
55 0.513599 931 0.046550
56 0.515038 875 0.043750
57 0.516478 760 0.038000
58 0.517917 652 0.032600
59 0.519357 487 0.024350
60 0.520796 323 0.016150
61 0.522236 256 0.012800
62 0.523675 257 0.012850
63 0.525115 194 0.009700
64 0.526554 121 0.006050
65 0.527994 113 0.005650
66 0.529433 95 0.004750
67 0.530873 79 0.003950
68 0.532312 61 0.003050
69 0.533752 99 0.004950
70 0.535191 90 0.004500
71 0.536631 83 0.004150
72 0.538070 50 0.002500
73 0.539510 61 0.003050
74 0.540949 62 0.003100
75 0.542389 29 0.001450
76 0.543828 29 0.001450
77 0.545268 34 0.001700
78 0.546707 20 0.001000
79 0.548147 12 0.000600
80 0.549586 14 0.000700
81 0.551026 8 0.000400
82 0.552465 11 0.000550
83 0.553905 12 0.000600
84 0.555345 11 0.000550
85 0.556784 9 0.000450
86 0.558224 4 0.000200
87 0.559663 3 0.000150
88 0.561103 7 0.000350
89 0.562542 5 0.000250
90 0.563982 9 0.000450
91 0.565421 3 0.000150
92 0.566861 7 0.000350
93 0.568300 3 0.000150
94 0.569740 1 0.000050
95 0.571179 0 0.000000
96 0.572619 2 0.000100
97 0.574058 0 0.000000
98 0.575498 4 0.000200
99 0.576937 1 0.000050
