0 0.011944 1 0.000050
1 0.021684 2 0.000100
2 0.031424 2 0.000100
3 0.041164 5 0.000250
4 0.050905 17 0.000850
5 0.060645 8 0.000400
6 0.070385 11 0.000550
7 0.080125 7 0.000350
8 0.089865 6 0.000300
9 0.099606 9 0.000450
10 0.109346 5 0.000250
11 0.119086 7 0.000350
12 0.128826 9 0.000450
13 0.138566 8 0.000400
14 0.148307 7 0.000350
15 0.158047 13 0.000650
16 0.167787 18 0.000900
17 0.177527 18 0.000900
18 0.187267 16 0.000800
19 0.197008 20 0.001000
20 0.206748 30 0.001500
21 0.216488 40 0.002000
22 0.226228 20 0.001000
23 0.235968 25 0.001250
24 0.245709 26 0.001300
25 0.255449 44 0.002200
26 0.265189 38 0.001900
27 0.274929 63 0.003150
28 0.284669 68 0.003400
29 0.294410 66 0.003300
30 0.304150 65 0.003250
31 0.313890 68 0.003400
32 0.323630 79 0.003950
33 0.333370 108 0.005400
34 0.343111 83 0.004150
35 0.352851 103 0.005150
36 0.362591 162 0.008100
37 0.372331 109 0.005450
38 0.382071 178 0.008900
39 0.391812 198 0.009900
40 0.401552 228 0.011400
41 0.411292 261 0.013050
42 0.421032 292 0.014600
43 0.430772 357 0.017850
44 0.440513 410 0.020500
45 0.450253 541 0.027050
46 0.459993 705 0.035250
47 0.469733 944 0.047200
48 0.479473 1535 0.076750
49 0.489214 2880 0.144000
50 0.498954 3015 0.150750
51 0.508694 1673 0.083650
52 0.518434 1007 0.050350
53 0.528174 722 0.036100
54 0.537915 490 0.024500
55 0.547655 427 0.021350
56 0.557395 343 0.017150
57 0.567135 321 0.016050
58 0.576875 303 0.015150
59 0.586616 178 0.008900
60 0.596356 139 0.006950
61 0.606096 123 0.006150
62 0.615836 148 0.007400
63 0.625576 143 0.007150
64 0.635317 90 0.004500
65 0.645057 101 0.005050
66 0.654797 100 0.005000
67 0.664537 75 0.003750
68 0.674277 79 0.003950
69 0.684018 79 0.003950
70 0.693758 39 0.001950
71 0.703498 40 0.002000
72 0.713238 36 0.001800
73 0.722978 33 0.001650
74 0.732719 28 0.001400
75 0.742459 45 0.002250
76 0.752199 31 0.001550
77 0.761939 24 0.001200
78 0.771679 23 0.001150
79 0.781420 24 0.001200
80 0.791160 26 0.001300
81 0.800900 16 0.000800
82 0.810640 20 0.001000
83 0.820380 12 0.000600
84 0.830121 14 0.000700
85 0.839861 17 0.000850
86 0.849601 16 0.000800
87 0.859341 7 0.000350
88 0.869081 9 0.000450
89 0.878822 7 0.000350
90 0.888562 3 0.000150
91 0.898302 6 0.000300
92 0.908042 7 0.000350
93 0.917782 11 0.000550
94 0.927523 16 0.000800
95 0.937263 10 0.000500
96 0.947003 0 0.000000
97 0.956743 3 0.000150
98 0.966483 5 0.000250
99 0.976224 1 0.000050
