0 0.056347 8 0.000400
1 0.065990 6 0.000300
2 0.075633 5 0.000250
3 0.085276 6 0.000300
4 0.094918 2 0.000100
5 0.104561 0 0.000000
6 0.114204 2 0.000100
7 0.123847 3 0.000150
8 0.133490 3 0.000150
9 0.143132 4 0.000200
10 0.152775 2 0.000100
11 0.162418 3 0.000150
12 0.172061 8 0.000400
13 0.181704 8 0.000400
14 0.191346 8 0.000400
15 0.200989 6 0.000300
16 0.210632 11 0.000550
17 0.220275 5 0.000250
18 0.229918 12 0.000600
19 0.239560 17 0.000850
20 0.249203 13 0.000650
21 0.258846 36 0.001800
22 0.268489 38 0.001900
23 0.278132 29 0.001450
24 0.287774 45 0.002250
25 0.297417 28 0.001400
26 0.307060 41 0.002050
27 0.316703 52 0.002600
28 0.326346 214 0.010700
29 0.335989 158 0.007900
30 0.345631 42 0.002100
31 0.355274 8 0.000400
32 0.364917 25 0.001250
33 0.374560 22 0.001100
34 0.384203 16 0.000800
35 0.393845 10 0.000500
36 0.403488 27 0.001350
37 0.413131 23 0.001150
38 0.422774 17 0.000850
39 0.432417 34 0.001700
40 0.442059 30 0.001500
41 0.451702 57 0.002850
42 0.461345 41 0.002050
43 0.470988 59 0.002950
44 0.480631 95 0.004750
45 0.490273 106 0.005300
46 0.499916 132 0.006600
47 0.509559 116 0.005800
48 0.519202 148 0.007400
49 0.528845 174 0.008700
50 0.538487 209 0.010450
51 0.548130 316 0.015800
52 0.557773 386 0.019300
53 0.567416 504 0.025200
54 0.577059 823 0.041150
55 0.586701 2279 0.113950
56 0.596344 2507 0.125350
57 0.605987 1526 0.076300
58 0.615630 951 0.047550
59 0.625273 709 0.035450
60 0.634915 477 0.023850
61 0.644558 352 0.017600
62 0.654201 368 0.018400
63 0.663844 235 0.011750
64 0.673487 206 0.010300
65 0.683129 204 0.010200
66 0.692772 180 0.009000
67 0.702415 179 0.008950
68 0.712058 143 0.007150
69 0.721701 152 0.007600
70 0.731343 159 0.007950
71 0.740986 165 0.008250
72 0.750629 153 0.007650
73 0.760272 150 0.007500
74 0.769915 187 0.009350
75 0.779557 176 0.008800
76 0.789200 156 0.007800
77 0.798843 153 0.007650
78 0.808486 144 0.007200
79 0.818129 186 0.009300
80 0.827771 181 0.009050
81 0.837414 236 0.011800
82 0.847057 210 0.010500
83 0.856700 274 0.013700
84 0.866343 282 0.014100
85 0.875986 373 0.018650
86 0.885628 376 0.018800
87 0.895271 311 0.015550
88 0.904914 206 0.010300
89 0.914557 243 0.012150
90 0.924200 358 0.017900
91 0.933842 267 0.013350
92 0.943485 211 0.010550
93 0.953128 67 0.003350
94 0.962771 54 0.002700
95 0.972414 32 0.001600
96 0.982056 20 0.001000
97 0.991699 3 0.000150
98 1.001342 5 0.000250
99 1.010985 1 0.000050
