0 0.009172 4 0.000067
1 0.019166 5 0.000083
2 0.029159 2 0.000033
3 0.039152 12 0.000200
4 0.049145 20 0.000333
5 0.059139 10 0.000167
6 0.069132 13 0.000217
7 0.079125 13 0.000217
8 0.089119 12 0.000200
9 0.099112 12 0.000200
10 0.109105 10 0.000167
11 0.119098 10 0.000167
12 0.129092 13 0.000217
13 0.139085 8 0.000133
14 0.149078 10 0.000167
15 0.159072 17 0.000283
16 0.169065 26 0.000433
17 0.179058 18 0.000300
18 0.189051 26 0.000433
19 0.199045 26 0.000433
20 0.209038 39 0.000650
21 0.219031 47 0.000783
22 0.229024 27 0.000450
23 0.239018 34 0.000567
24 0.249011 62 0.001033
25 0.259004 71 0.001183
26 0.268998 92 0.001533
27 0.278991 111 0.001850
28 0.288984 116 0.001933
29 0.298977 103 0.001717
30 0.308971 210 0.003500
31 0.318964 227 0.003783
32 0.328957 356 0.005933
33 0.338951 256 0.004267
34 0.348944 262 0.004367
35 0.358937 339 0.005650
36 0.368930 504 0.008400
37 0.378924 399 0.006650
38 0.388917 422 0.007033
39 0.398910 477 0.007950
40 0.408903 674 0.011233
41 0.418897 1037 0.017283
42 0.428890 1266 0.021100
43 0.438883 841 0.014017
44 0.448877 1109 0.018483
45 0.458870 1481 0.024683
46 0.468863 1966 0.032767
47 0.478856 2221 0.037017
48 0.488850 3818 0.063633
49 0.498843 7788 0.129800
50 0.508836 2652 0.044200
51 0.518830 2156 0.035933
52 0.528823 2111 0.035183
53 0.538816 1294 0.021567
54 0.548809 1328 0.022133
55 0.558803 1383 0.023050
56 0.568796 1847 0.030783
57 0.578789 2626 0.043767
58 0.588782 3145 0.052417
59 0.598776 2146 0.035767
60 0.608769 1398 0.023300
61 0.618762 1365 0.022750
62 0.628756 1020 0.017000
63 0.638749 562 0.009367
64 0.648742 556 0.009267
65 0.658735 426 0.007100
66 0.668729 410 0.006833
67 0.678722 361 0.006017
68 0.688715 279 0.004650
69 0.698709 223 0.003717
70 0.708702 207 0.003450
71 0.718695 212 0.003533
72 0.728688 175 0.002917
73 0.738682 216 0.003600
74 0.748675 211 0.003517
75 0.758668 198 0.003300
76 0.768661 208 0.003467
77 0.778655 198 0.003300
78 0.788648 211 0.003517
79 0.798641 158 0.002633
80 0.808635 198 0.003300
81 0.818628 230 0.003833
82 0.828621 244 0.004067
83 0.838614 223 0.003717
84 0.848608 294 0.004900
85 0.858601 382 0.006367
86 0.868594 416 0.006933
87 0.878588 370 0.006167
88 0.888581 272 0.004533
89 0.898574 273 0.004550
90 0.908567 293 0.004883
91 0.918561 312 0.005200
92 0.928554 246 0.004100
93 0.938547 177 0.002950
94 0.948540 60 0.001000
95 0.958534 40 0.000667
96 0.968527 43 0.000717
97 0.978520 19 0.000317
98 0.988514 2 0.000033
99 0.998507 2 0.000033
