0 0.009172 3 0.000150
1 0.019166 3 0.000150
2 0.029159 2 0.000100
3 0.039152 5 0.000250
4 0.049145 6 0.000300
5 0.059139 1 0.000050
6 0.069132 2 0.000100
7 0.079125 5 0.000250
8 0.089119 6 0.000300
9 0.099112 4 0.000200
10 0.109105 3 0.000150
11 0.119098 2 0.000100
12 0.129092 4 0.000200
13 0.139085 0 0.000000
14 0.149078 2 0.000100
15 0.159072 2 0.000100
16 0.169065 8 0.000400
17 0.179058 2 0.000100
18 0.189051 5 0.000250
19 0.199045 3 0.000150
20 0.209038 3 0.000150
21 0.219031 1 0.000050
22 0.229024 5 0.000250
23 0.239018 5 0.000250
24 0.249011 26 0.001300
25 0.259004 34 0.001700
26 0.268998 35 0.001750
27 0.278991 49 0.002450
28 0.288984 27 0.001350
29 0.298977 32 0.001600
30 0.308971 105 0.005250
31 0.318964 76 0.003800
32 0.328957 194 0.009700
33 0.338951 98 0.004900
34 0.348944 64 0.003200
35 0.358937 16 0.000800
36 0.368930 19 0.000950
37 0.378924 20 0.001000
38 0.388917 13 0.000650
39 0.398910 21 0.001050
40 0.408903 17 0.000850
41 0.418897 40 0.002000
42 0.428890 34 0.001700
43 0.438883 39 0.001950
44 0.448877 51 0.002550
45 0.458870 55 0.002750
46 0.468863 82 0.004100
47 0.478856 83 0.004150
48 0.488850 123 0.006150
49 0.498843 118 0.005900
50 0.508836 130 0.006500
51 0.518830 181 0.009050
52 0.528823 214 0.010700
53 0.538816 253 0.012650
54 0.548809 388 0.019400
55 0.558803 437 0.021850
56 0.568796 768 0.038400
57 0.578789 1917 0.095850
58 0.588782 2668 0.133400
59 0.598776 1776 0.088800
60 0.608769 1001 0.050050
61 0.618762 812 0.040600
62 0.628756 578 0.028900
63 0.638749 360 0.018000
64 0.648742 337 0.016850
65 0.658735 272 0.013600
66 0.668729 208 0.010400
67 0.678722 217 0.010850
68 0.688715 194 0.009700
69 0.698709 153 0.007650
70 0.708702 159 0.007950
71 0.718695 162 0.008100
72 0.728688 151 0.007550
73 0.738682 177 0.008850
74 0.748675 177 0.008850
75 0.758668 164 0.008200
76 0.768661 180 0.009000
77 0.778655 176 0.008800
78 0.788648 182 0.009100
79 0.798641 132 0.006600
80 0.808635 174 0.008700
81 0.818628 219 0.010950
82 0.828621 228 0.011400
83 0.838614 205 0.010250
84 0.848608 278 0.013900
85 0.858601 375 0.018750
86 0.868594 406 0.020300
87 0.878588 363 0.018150
88 0.888581 269 0.013450
89 0.898574 264 0.013200
90 0.908567 286 0.014300
91 0.918561 301 0.015050
92 0.928554 229 0.011450
93 0.938547 169 0.008450
94 0.948540 60 0.003000
95 0.958534 37 0.001850
96 0.968527 37 0.001850
97 0.978520 19 0.000950
98 0.988514 2 0.000100
99 0.998507 2 0.000100
