0 0.128491 1 0.000050
1 0.136296 0 0.000000
2 0.144101 0 0.000000
3 0.151906 0 0.000000
4 0.159712 0 0.000000
5 0.167517 0 0.000000
6 0.175322 0 0.000000
7 0.183127 0 0.000000
8 0.190932 1 0.000050
9 0.198737 1 0.000050
10 0.206542 2 0.000100
11 0.214348 3 0.000150
12 0.222153 8 0.000400
13 0.229958 1 0.000050
14 0.237763 3 0.000150
15 0.245568 1 0.000050
16 0.253373 1 0.000050
17 0.261178 0 0.000000
18 0.268984 0 0.000000
19 0.276789 1 0.000050
20 0.284594 1 0.000050
21 0.292399 7 0.000350
22 0.300204 10 0.000500
23 0.308009 24 0.001200
24 0.315814 48 0.002400
25 0.323620 58 0.002900
26 0.331425 53 0.002650
27 0.339230 44 0.002200
28 0.347035 43 0.002150
29 0.354840 142 0.007100
30 0.362645 132 0.006600
31 0.370450 308 0.015400
32 0.378256 173 0.008650
33 0.386061 177 0.008850
34 0.393866 146 0.007300
35 0.401671 213 0.010650
36 0.409476 292 0.014600
37 0.417281 373 0.018650
38 0.425086 908 0.045400
39 0.432892 468 0.023400
40 0.440697 291 0.014550
41 0.448502 381 0.019050
42 0.456307 503 0.025150
43 0.464112 670 0.033500
44 0.471917 717 0.035850
45 0.479722 465 0.023250
46 0.487528 563 0.028150
47 0.495333 3954 0.197700
48 0.503138 1086 0.054300
49 0.510943 646 0.032300
50 0.518748 638 0.031900
51 0.526553 1086 0.054300
52 0.534358 617 0.030850
53 0.542164 436 0.021800
54 0.549969 403 0.020150
55 0.557774 460 0.023000
56 0.565579 537 0.026850
57 0.573384 501 0.025050
58 0.581189 331 0.016550
59 0.588994 251 0.012550
60 0.596800 189 0.009450
61 0.604605 214 0.010700
62 0.612410 169 0.008450
63 0.620215 310 0.015500
64 0.628020 333 0.016650
65 0.635825 106 0.005300
66 0.643631 59 0.002950
67 0.651436 94 0.004700
68 0.659241 61 0.003050
69 0.667046 89 0.004450
70 0.674851 80 0.004000
71 0.682656 30 0.001500
72 0.690461 19 0.000950
73 0.698267 23 0.001150
74 0.706072 19 0.000950
75 0.713877 5 0.000250
76 0.721682 2 0.000100
77 0.729487 0 0.000000
78 0.737292 0 0.000000
79 0.745097 0 0.000000
80 0.752903 1 0.000050
81 0.760708 2 0.000100
82 0.768513 1 0.000050
83 0.776318 1 0.000050
84 0.784123 1 0.000050
85 0.791928 1 0.000050
86 0.799733 6 0.000300
87 0.807539 3 0.000150
88 0.815344 0 0.000000
89 0.823149 0 0.000000
90 0.830954 0 0.000000
91 0.838759 0 0.000000
92 0.846564 0 0.000000
93 0.854369 0 0.000000
94 0.862175 0 0.000000
95 0.869980 1 0.000050
96 0.877785 0 0.000000
97 0.885590 0 0.000000
98 0.893395 1 0.000050
99 0.901200 1 0.000050
