0 0.036687 6 0.000300
1 0.046078 6 0.000300
2 0.055469 6 0.000300
3 0.064861 3 0.000150
4 0.074252 12 0.000600
5 0.083643 9 0.000450
6 0.093034 11 0.000550
7 0.102425 9 0.000450
8 0.111817 11 0.000550
9 0.121208 8 0.000400
10 0.130599 7 0.000350
11 0.139990 10 0.000500
12 0.149382 13 0.000650
13 0.158773 11 0.000550
14 0.168164 23 0.001150
15 0.177555 14 0.000700
16 0.186946 19 0.000950
17 0.196338 17 0.000850
18 0.205729 21 0.001050
19 0.215120 31 0.001550
20 0.224511 25 0.001250
21 0.233903 28 0.001400
22 0.243294 34 0.001700
23 0.252685 41 0.002050
24 0.262076 44 0.002200
25 0.271467 36 0.001800
26 0.280859 58 0.002900
27 0.290250 69 0.003450
28 0.299641 69 0.003450
29 0.309032 56 0.002800
30 0.318424 75 0.003750
31 0.327815 80 0.004000
32 0.337206 93 0.004650
33 0.346597 111 0.005550
34 0.355988 115 0.005750
35 0.365380 115 0.005750
36 0.374771 121 0.006050
37 0.384162 195 0.009750
38 0.393553 195 0.009750
39 0.402945 214 0.010700
40 0.412336 253 0.012650
41 0.421727 314 0.015700
42 0.431118 359 0.017950
43 0.440509 366 0.018300
44 0.449901 486 0.024300
45 0.459292 614 0.030700
46 0.468683 814 0.040700
47 0.478074 1231 0.061550
48 0.487466 2165 0.108250
49 0.496857 3400 0.170000
50 0.506248 2083 0.104150
51 0.515639 1108 0.055400
52 0.525030 780 0.039000
53 0.534422 567 0.028350
54 0.543813 453 0.022650
55 0.553204 352 0.017600
56 0.562595 347 0.017350
57 0.571987 301 0.015050
58 0.581378 234 0.011700
59 0.590769 150 0.007500
60 0.600160 132 0.006600
61 0.609551 130 0.006500
62 0.618943 151 0.007550
63 0.628334 98 0.004900
64 0.637725 105 0.005250
65 0.647116 90 0.004500
66 0.656508 82 0.004100
67 0.665899 103 0.005150
68 0.675290 86 0.004300
69 0.684681 52 0.002600
70 0.694072 44 0.002200
71 0.703464 38 0.001900
72 0.712855 39 0.001950
73 0.722246 41 0.002050
74 0.731637 31 0.001550
75 0.741029 38 0.001900
76 0.750420 20 0.001000
77 0.759811 27 0.001350
78 0.769202 37 0.001850
79 0.778593 32 0.001600
80 0.787985 29 0.001450
81 0.797376 27 0.001350
82 0.806767 17 0.000850
83 0.816158 20 0.001000
84 0.825550 8 0.000400
85 0.834941 15 0.000750
86 0.844332 12 0.000600
87 0.853723 10 0.000500
88 0.863114 8 0.000400
89 0.872506 12 0.000600
90 0.881897 9 0.000450
91 0.891288 11 0.000550
92 0.900679 10 0.000500
93 0.910071 17 0.000850
94 0.919462 6 0.000300
95 0.928853 5 0.000250
96 0.938244 4 0.000200
97 0.947635 3 0.000150
98 0.957027 2 0.000100
99 0.966418 1 0.000050
