0.000000 0 0 0.002204 0.000000 0.178743 0.002206 0.000000 0.183273
0.200000 0 1 0.001995 0.000000 0.158752 0.002013 0.000000 0.249139
0.400000 0 2 0.001963 0.000000 0.177865 0.001918 0.000000 0.162619
0.600000 0 3 0.002197 0.000000 0.155196 0.002180 0.000000 0.234007
0.800000 0 4 0.001991 0.000000 0.162022 0.001999 0.000000 0.152412
1.000000 1 0 0.001946 0.000000 0.163656 0.001925 0.000000 0.159438
1.200000 1 1 0.001789 0.000000 0.150870 0.001774 0.000000 0.235831
1.400000 1 2 0.001982 0.000000 0.181805 0.001994 0.000000 0.188383
1.600000 1 3 0.001867 0.000000 0.164332 0.001847 0.000000 0.156282
1.800000 1 4 0.001777 0.000000 0.170050 0.001764 0.000000 0.216893
2.000000 2 0 0.001877 0.000000 0.146095 0.001876 0.000000 0.205126
2.200000 2 1 0.001822 0.000000 0.157968 0.001824 0.000000 0.215915
2.400000 2 2 0.001917 0.000000 0.180786 0.001878 0.000000 0.160194
2.600000 2 3 0.001793 0.000000 0.173808 0.001799 0.000000 0.206615
2.800000 2 4 0.002139 0.000000 0.170321 0.002110 0.000000 0.191114
3.000000 3 0 0.001727 0.000000 0.147086 0.001730 0.000000 0.228612
3.200000 3 1 0.001993 0.000000 0.164730 0.001981 0.000000 0.224088
3.400000 3 2 0.001771 0.000000 0.160560 0.001771 0.000000 0.230596
3.600000 3 3 0.001811 0.000000 0.176975 0.001835 0.000000 0.252711
3.800000 3 4 0.001776 0.000000 0.160717 0.001793 0.000000 0.178619
4.000000 4 0 0.001749 0.000000 0.161833 0.001789 0.000000 0.236386
4.200000 4 1 0.001744 0.000000 0.183643 0.001778 0.000000 0.160792
4.400000 4 2 0.001770 0.000000 0.162468 0.001804 0.000000 0.229063
4.600000 4 3 0.001884 0.000000 0.150727 0.001898 0.000000 0.242420
4.800000 4 4 0.001810 0.000000 0.158239 0.001797 0.000000 0.224353
5.000000 5 0 0.001886 0.000000 0.152813 0.001919 0.000000 0.217945
5.200000 5 1 0.001913 0.000000 0.150372 0.001909 0.000000 0.227848
5.400000 5 2 0.001775 0.000000 0.152532 0.001786 0.000000 0.192093
5.600000 5 3 0.001831 0.000000 0.175161 0.001841 0.000000 0.201436
5.800000 5 4 0.001799 0.000000 0.176433 0.001791 0.000000 0.187294
6.000000 6 0 0.001786 0.000000 0.158723 0.001766 0.000000 0.144874
6.200000 6 1 0.001717 0.000000 0.163680 0.001729 0.000000 0.193220
6.400000 6 2 0.001902 0.000000 0.163268 0.001922 0.000000 0.216515
6.600000 6 3 0.001782 0.000000 0.182083 0.001816 0.000000 0.220373
6.800000 6 4 0.001780 0.000000 0.149975 0.001781 0.000000 0.160568
7.000000 7 0 0.001697 0.000000 0.176488 0.001700 0.000000 0.181924
7.200000 7 1 0.001681 0.000000 0.169306 0.001698 0.000000 0.243531
7.400000 7 2 0.001757 0.000000 0.146338 0.001811 0.000000 0.223874
7.600000 7 3 0.001810 0.000000 0.162900 0.001797 0.000000 0.195293
7.800000 7 4 0.001720 0.000000 0.188577 0.001741 0.000000 0.188891
8.000000 8 0 0.001748 0.000000 0.170265 0.001739 0.000000 0.163021
8.200000 8 1 0.001785 0.000000 0.162218 0.001792 0.000000 0.232032
8.400000 8 2 0.001798 0.000000 0.160437 0.001774 0.000000 0.177447
8.600000 8 3 0.001769 0.000000 0.163991 0.001792 0.000000 0.190623
8.800000 8 4 0.001800 0.000000 0.158837 0.001807 0.000000 0.230941
9.000000 9 0 0.001782 0.000000 0.161348 0.001788 0.000000 0.168690
9.200000 9 1 0.001744 0.000000 0.162950 0.001719 0.000000 0.218820
9.400000 9 2 0.001720 0.000000 0.156794 0.001752 0.000000 0.226081
9.600000 9 3 0.001758 0.000000 0.161065 0.001801 0.000000 0.214373
9.800000 9 4 0.001726 0.000000 0.161105 0.001748 0.000000 0.176775
